[2025-03-31T07:41:37.966+0000] {local_task_job_runner.py:123} INFO - ::group::Pre task execution logs
[2025-03-31T07:41:37.998+0000] {taskinstance.py:2614} INFO - Dependencies all met for dep_context=non-requeueable deps ti=<TaskInstance: ELT_google_playstore_review.datamarts scheduled__2025-03-30T00:00:00+00:00 [queued]>
[2025-03-31T07:41:38.019+0000] {taskinstance.py:2614} INFO - Dependencies all met for dep_context=requeueable deps ti=<TaskInstance: ELT_google_playstore_review.datamarts scheduled__2025-03-30T00:00:00+00:00 [queued]>
[2025-03-31T07:41:38.020+0000] {taskinstance.py:2867} INFO - Starting attempt 2 of 4
[2025-03-31T07:41:38.088+0000] {taskinstance.py:2890} INFO - Executing <Task(BashOperator): datamarts> on 2025-03-30 00:00:00+00:00
[2025-03-31T07:41:38.101+0000] {standard_task_runner.py:104} INFO - Running: ['airflow', 'tasks', 'run', 'ELT_google_playstore_review', 'datamarts', 'scheduled__2025-03-30T00:00:00+00:00', '--job-id', '60', '--raw', '--subdir', 'DAGS_FOLDER/bigquery.py', '--cfg-path', '/tmp/tmp7lfclo2p']
[2025-03-31T07:41:38.114+0000] {standard_task_runner.py:105} INFO - Job 60: Subtask datamarts
[2025-03-31T07:41:38.128+0000] {logging_mixin.py:190} WARNING - /home/airflow/.local/lib/python3.12/site-packages/airflow/task/task_runner/standard_task_runner.py:70 DeprecationWarning: This process (pid=7804) is multi-threaded, use of fork() may lead to deadlocks in the child.
[2025-03-31T07:41:38.130+0000] {standard_task_runner.py:72} INFO - Started process 7811 to run task
[2025-03-31T07:41:38.282+0000] {task_command.py:467} INFO - Running <TaskInstance: ELT_google_playstore_review.datamarts scheduled__2025-03-30T00:00:00+00:00 [running]> on host bcc3d85ef1af
[2025-03-31T07:41:38.476+0000] {taskinstance.py:3134} INFO - Exporting env vars: AIRFLOW_CTX_DAG_OWNER='airflow' AIRFLOW_CTX_DAG_ID='ELT_google_playstore_review' AIRFLOW_CTX_TASK_ID='datamarts' AIRFLOW_CTX_EXECUTION_DATE='2025-03-30T00:00:00+00:00' AIRFLOW_CTX_TRY_NUMBER='2' AIRFLOW_CTX_DAG_RUN_ID='scheduled__2025-03-30T00:00:00+00:00'
[2025-03-31T07:41:38.478+0000] {taskinstance.py:732} INFO - ::endgroup::
[2025-03-31T07:41:38.497+0000] {subprocess.py:78} INFO - Tmp dir root location: /tmp
[2025-03-31T07:41:38.498+0000] {subprocess.py:88} INFO - Running command: ['/usr/bin/bash', '-c', 'dbt run --select datamart --profiles-dir /opt/airflow/dags --project-dir /opt/airflow/dags']
[2025-03-31T07:41:38.511+0000] {subprocess.py:99} INFO - Output:
[2025-03-31T07:41:44.519+0000] {subprocess.py:106} INFO - [0m07:41:44  Running with dbt=1.9.3
[2025-03-31T07:41:44.688+0000] {local_task_job_runner.py:123} INFO - ::group::Pre task execution logs
[2025-03-31T07:41:44.757+0000] {taskinstance.py:2604} INFO - Dependencies not met for <TaskInstance: ELT_google_playstore_review.datamarts scheduled__2025-03-30T00:00:00+00:00 [running]>, dependency 'Task Instance Not Running' FAILED: Task is in the running state
[2025-03-31T07:41:44.760+0000] {taskinstance.py:2604} INFO - Dependencies not met for <TaskInstance: ELT_google_playstore_review.datamarts scheduled__2025-03-30T00:00:00+00:00 [running]>, dependency 'Task Instance State' FAILED: Task is in the 'running' state.
[2025-03-31T07:41:44.762+0000] {local_task_job_runner.py:166} INFO - Task is not able to be run
[2025-03-31T07:41:47.874+0000] {subprocess.py:106} INFO - [0m07:41:47  Registered adapter: bigquery=1.9.1
[2025-03-31T07:41:48.964+0000] {subprocess.py:106} INFO - [0m07:41:48  [[33mWARNING[0m]: Configuration paths exist in your dbt_project.yml file which do not apply to any resources.
[2025-03-31T07:41:48.965+0000] {subprocess.py:106} INFO - There are 2 unused configuration paths:
[2025-03-31T07:41:48.966+0000] {subprocess.py:106} INFO - - models.staging
[2025-03-31T07:41:48.966+0000] {subprocess.py:106} INFO - - models.marts
[2025-03-31T07:41:49.317+0000] {subprocess.py:106} INFO - [0m07:41:49  Found 4 models, 3 data tests, 491 macros
[2025-03-31T07:41:49.321+0000] {subprocess.py:106} INFO - [0m07:41:49
[2025-03-31T07:41:49.322+0000] {subprocess.py:106} INFO - [0m07:41:49  Concurrency: 4 threads (target='dev')
[2025-03-31T07:41:49.324+0000] {subprocess.py:106} INFO - [0m07:41:49
[2025-03-31T07:41:50.876+0000] {subprocess.py:106} INFO - [0m07:41:50  1 of 1 START sql incremental model review_google_playstore.datamart ............ [RUN]
[2025-03-31T07:42:14.344+0000] {subprocess.py:106} INFO - [0m07:42:14  1 of 1 OK created sql incremental model review_google_playstore.datamart ....... [[32mMERGE (50.0 rows, 56.8 KiB processed)[0m in 23.46s]
[2025-03-31T07:42:14.425+0000] {subprocess.py:106} INFO - [0m07:42:14
[2025-03-31T07:42:14.426+0000] {subprocess.py:106} INFO - [0m07:42:14  Finished running 1 incremental model in 0 hours 0 minutes and 25.10 seconds (25.10s).
[2025-03-31T07:42:14.508+0000] {subprocess.py:106} INFO - [0m07:42:14
[2025-03-31T07:42:14.509+0000] {subprocess.py:106} INFO - [0m07:42:14  [32mCompleted successfully[0m
[2025-03-31T07:42:14.511+0000] {subprocess.py:106} INFO - [0m07:42:14
[2025-03-31T07:42:14.512+0000] {subprocess.py:106} INFO - [0m07:42:14  Done. PASS=1 WARN=0 ERROR=0 SKIP=0 TOTAL=1
[2025-03-31T07:42:16.306+0000] {subprocess.py:110} INFO - Command exited with return code 0
[2025-03-31T07:42:16.374+0000] {taskinstance.py:341} INFO - ::group::Post task execution logs
[2025-03-31T07:42:16.375+0000] {taskinstance.py:353} INFO - Marking task as SUCCESS. dag_id=ELT_google_playstore_review, task_id=datamarts, run_id=scheduled__2025-03-30T00:00:00+00:00, execution_date=20250330T000000, start_date=20250331T074137, end_date=20250331T074216
[2025-03-31T07:42:16.484+0000] {local_task_job_runner.py:266} INFO - Task exited with return code 0
[2025-03-31T07:42:16.555+0000] {taskinstance.py:3901} INFO - 3 downstream tasks scheduled from follow-on schedule check
[2025-03-31T07:42:16.569+0000] {local_task_job_runner.py:245} INFO - ::endgroup::
