[2025-03-31T07:27:34.562+0000] {processor.py:186} INFO - Started process (PID=7701) to work on /opt/airflow/dags/env/Scripts/daff.py
[2025-03-31T07:27:34.564+0000] {processor.py:914} INFO - Processing file /opt/airflow/dags/env/Scripts/daff.py for tasks to queue
[2025-03-31T07:27:34.568+0000] {logging_mixin.py:190} INFO - [2025-03-31T07:27:34.567+0000] {dagbag.py:588} INFO - Filling up the DagBag from /opt/airflow/dags/env/Scripts/daff.py
[2025-03-31T07:27:34.634+0000] {processor.py:927} WARNING - No viable dags retrieved from /opt/airflow/dags/env/Scripts/daff.py
[2025-03-31T07:27:34.664+0000] {processor.py:208} INFO - Processing /opt/airflow/dags/env/Scripts/daff.py took 0.111 seconds
[2025-03-31T07:28:06.477+0000] {processor.py:186} INFO - Started process (PID=7725) to work on /opt/airflow/dags/env/Scripts/daff.py
[2025-03-31T07:28:06.478+0000] {processor.py:914} INFO - Processing file /opt/airflow/dags/env/Scripts/daff.py for tasks to queue
[2025-03-31T07:28:06.483+0000] {logging_mixin.py:190} INFO - [2025-03-31T07:28:06.482+0000] {dagbag.py:588} INFO - Filling up the DagBag from /opt/airflow/dags/env/Scripts/daff.py
[2025-03-31T07:28:06.553+0000] {processor.py:927} WARNING - No viable dags retrieved from /opt/airflow/dags/env/Scripts/daff.py
[2025-03-31T07:28:06.579+0000] {processor.py:208} INFO - Processing /opt/airflow/dags/env/Scripts/daff.py took 0.120 seconds
[2025-03-31T08:42:43.121+0000] {processor.py:186} INFO - Started process (PID=8053) to work on /opt/airflow/dags/env/Scripts/daff.py
[2025-03-31T08:42:43.134+0000] {processor.py:914} INFO - Processing file /opt/airflow/dags/env/Scripts/daff.py for tasks to queue
[2025-03-31T08:42:43.139+0000] {logging_mixin.py:190} INFO - [2025-03-31T08:42:43.138+0000] {dagbag.py:588} INFO - Filling up the DagBag from /opt/airflow/dags/env/Scripts/daff.py
[2025-03-31T08:42:43.202+0000] {processor.py:927} WARNING - No viable dags retrieved from /opt/airflow/dags/env/Scripts/daff.py
[2025-03-31T08:42:43.231+0000] {processor.py:208} INFO - Processing /opt/airflow/dags/env/Scripts/daff.py took 0.124 seconds
[2025-03-31T08:43:15.209+0000] {processor.py:186} INFO - Started process (PID=8077) to work on /opt/airflow/dags/env/Scripts/daff.py
[2025-03-31T08:43:15.211+0000] {processor.py:914} INFO - Processing file /opt/airflow/dags/env/Scripts/daff.py for tasks to queue
[2025-03-31T08:43:15.217+0000] {logging_mixin.py:190} INFO - [2025-03-31T08:43:15.216+0000] {dagbag.py:588} INFO - Filling up the DagBag from /opt/airflow/dags/env/Scripts/daff.py
[2025-03-31T08:43:15.280+0000] {processor.py:927} WARNING - No viable dags retrieved from /opt/airflow/dags/env/Scripts/daff.py
[2025-03-31T08:43:15.314+0000] {processor.py:208} INFO - Processing /opt/airflow/dags/env/Scripts/daff.py took 0.113 seconds
[2025-03-31T08:43:50.003+0000] {processor.py:186} INFO - Started process (PID=8093) to work on /opt/airflow/dags/env/Scripts/daff.py
[2025-03-31T08:43:50.005+0000] {processor.py:914} INFO - Processing file /opt/airflow/dags/env/Scripts/daff.py for tasks to queue
[2025-03-31T08:43:50.009+0000] {logging_mixin.py:190} INFO - [2025-03-31T08:43:50.008+0000] {dagbag.py:588} INFO - Filling up the DagBag from /opt/airflow/dags/env/Scripts/daff.py
[2025-03-31T08:43:50.070+0000] {processor.py:927} WARNING - No viable dags retrieved from /opt/airflow/dags/env/Scripts/daff.py
[2025-03-31T08:43:50.116+0000] {processor.py:208} INFO - Processing /opt/airflow/dags/env/Scripts/daff.py took 0.125 seconds
[2025-03-31T08:44:21.665+0000] {processor.py:186} INFO - Started process (PID=8117) to work on /opt/airflow/dags/env/Scripts/daff.py
[2025-03-31T08:44:21.667+0000] {processor.py:914} INFO - Processing file /opt/airflow/dags/env/Scripts/daff.py for tasks to queue
[2025-03-31T08:44:21.673+0000] {logging_mixin.py:190} INFO - [2025-03-31T08:44:21.672+0000] {dagbag.py:588} INFO - Filling up the DagBag from /opt/airflow/dags/env/Scripts/daff.py
[2025-03-31T08:44:21.744+0000] {processor.py:927} WARNING - No viable dags retrieved from /opt/airflow/dags/env/Scripts/daff.py
[2025-03-31T08:44:21.781+0000] {processor.py:208} INFO - Processing /opt/airflow/dags/env/Scripts/daff.py took 0.127 seconds
[2025-03-31T08:47:30.853+0000] {processor.py:186} INFO - Started process (PID=8155) to work on /opt/airflow/dags/env/Scripts/daff.py
[2025-03-31T08:47:30.855+0000] {processor.py:914} INFO - Processing file /opt/airflow/dags/env/Scripts/daff.py for tasks to queue
[2025-03-31T08:47:30.860+0000] {logging_mixin.py:190} INFO - [2025-03-31T08:47:30.859+0000] {dagbag.py:588} INFO - Filling up the DagBag from /opt/airflow/dags/env/Scripts/daff.py
[2025-03-31T08:47:30.918+0000] {processor.py:927} WARNING - No viable dags retrieved from /opt/airflow/dags/env/Scripts/daff.py
[2025-03-31T08:47:30.948+0000] {processor.py:208} INFO - Processing /opt/airflow/dags/env/Scripts/daff.py took 0.108 seconds
[2025-03-31T08:48:03.344+0000] {processor.py:186} INFO - Started process (PID=8179) to work on /opt/airflow/dags/env/Scripts/daff.py
[2025-03-31T08:48:03.346+0000] {processor.py:914} INFO - Processing file /opt/airflow/dags/env/Scripts/daff.py for tasks to queue
[2025-03-31T08:48:03.363+0000] {logging_mixin.py:190} INFO - [2025-03-31T08:48:03.352+0000] {dagbag.py:588} INFO - Filling up the DagBag from /opt/airflow/dags/env/Scripts/daff.py
[2025-03-31T08:48:03.461+0000] {processor.py:927} WARNING - No viable dags retrieved from /opt/airflow/dags/env/Scripts/daff.py
[2025-03-31T08:48:03.491+0000] {processor.py:208} INFO - Processing /opt/airflow/dags/env/Scripts/daff.py took 0.175 seconds
[2025-03-31T08:48:54.748+0000] {processor.py:186} INFO - Started process (PID=8209) to work on /opt/airflow/dags/env/Scripts/daff.py
[2025-03-31T08:48:54.749+0000] {processor.py:914} INFO - Processing file /opt/airflow/dags/env/Scripts/daff.py for tasks to queue
[2025-03-31T08:48:54.755+0000] {logging_mixin.py:190} INFO - [2025-03-31T08:48:54.754+0000] {dagbag.py:588} INFO - Filling up the DagBag from /opt/airflow/dags/env/Scripts/daff.py
[2025-03-31T08:48:54.829+0000] {processor.py:927} WARNING - No viable dags retrieved from /opt/airflow/dags/env/Scripts/daff.py
[2025-03-31T08:48:54.865+0000] {processor.py:208} INFO - Processing /opt/airflow/dags/env/Scripts/daff.py took 0.129 seconds
[2025-03-31T08:49:26.662+0000] {processor.py:186} INFO - Started process (PID=8234) to work on /opt/airflow/dags/env/Scripts/daff.py
[2025-03-31T08:49:26.664+0000] {processor.py:914} INFO - Processing file /opt/airflow/dags/env/Scripts/daff.py for tasks to queue
[2025-03-31T08:49:26.670+0000] {logging_mixin.py:190} INFO - [2025-03-31T08:49:26.669+0000] {dagbag.py:588} INFO - Filling up the DagBag from /opt/airflow/dags/env/Scripts/daff.py
[2025-03-31T08:49:26.737+0000] {processor.py:927} WARNING - No viable dags retrieved from /opt/airflow/dags/env/Scripts/daff.py
[2025-03-31T08:49:26.771+0000] {processor.py:208} INFO - Processing /opt/airflow/dags/env/Scripts/daff.py took 0.124 seconds
[2025-03-31T08:52:30.141+0000] {processor.py:186} INFO - Started process (PID=8267) to work on /opt/airflow/dags/env/Scripts/daff.py
[2025-03-31T08:52:30.143+0000] {processor.py:914} INFO - Processing file /opt/airflow/dags/env/Scripts/daff.py for tasks to queue
[2025-03-31T08:52:30.149+0000] {logging_mixin.py:190} INFO - [2025-03-31T08:52:30.148+0000] {dagbag.py:588} INFO - Filling up the DagBag from /opt/airflow/dags/env/Scripts/daff.py
[2025-03-31T08:52:30.215+0000] {processor.py:927} WARNING - No viable dags retrieved from /opt/airflow/dags/env/Scripts/daff.py
[2025-03-31T08:52:30.244+0000] {processor.py:208} INFO - Processing /opt/airflow/dags/env/Scripts/daff.py took 0.116 seconds
[2025-03-31T08:53:05.758+0000] {processor.py:186} INFO - Started process (PID=8291) to work on /opt/airflow/dags/env/Scripts/daff.py
[2025-03-31T08:53:05.760+0000] {processor.py:914} INFO - Processing file /opt/airflow/dags/env/Scripts/daff.py for tasks to queue
[2025-03-31T08:53:05.765+0000] {logging_mixin.py:190} INFO - [2025-03-31T08:53:05.764+0000] {dagbag.py:588} INFO - Filling up the DagBag from /opt/airflow/dags/env/Scripts/daff.py
[2025-03-31T08:53:05.836+0000] {processor.py:927} WARNING - No viable dags retrieved from /opt/airflow/dags/env/Scripts/daff.py
[2025-03-31T08:53:05.869+0000] {processor.py:208} INFO - Processing /opt/airflow/dags/env/Scripts/daff.py took 0.124 seconds
[2025-03-31T08:53:59.526+0000] {processor.py:186} INFO - Started process (PID=8321) to work on /opt/airflow/dags/env/Scripts/daff.py
[2025-03-31T08:53:59.528+0000] {processor.py:914} INFO - Processing file /opt/airflow/dags/env/Scripts/daff.py for tasks to queue
[2025-03-31T08:53:59.532+0000] {logging_mixin.py:190} INFO - [2025-03-31T08:53:59.531+0000] {dagbag.py:588} INFO - Filling up the DagBag from /opt/airflow/dags/env/Scripts/daff.py
[2025-03-31T08:53:59.588+0000] {processor.py:927} WARNING - No viable dags retrieved from /opt/airflow/dags/env/Scripts/daff.py
[2025-03-31T08:53:59.614+0000] {processor.py:208} INFO - Processing /opt/airflow/dags/env/Scripts/daff.py took 0.100 seconds
[2025-03-31T08:54:32.171+0000] {processor.py:186} INFO - Started process (PID=8345) to work on /opt/airflow/dags/env/Scripts/daff.py
[2025-03-31T08:54:32.173+0000] {processor.py:914} INFO - Processing file /opt/airflow/dags/env/Scripts/daff.py for tasks to queue
[2025-03-31T08:54:32.179+0000] {logging_mixin.py:190} INFO - [2025-03-31T08:54:32.178+0000] {dagbag.py:588} INFO - Filling up the DagBag from /opt/airflow/dags/env/Scripts/daff.py
[2025-03-31T08:54:32.264+0000] {processor.py:927} WARNING - No viable dags retrieved from /opt/airflow/dags/env/Scripts/daff.py
[2025-03-31T08:54:32.297+0000] {processor.py:208} INFO - Processing /opt/airflow/dags/env/Scripts/daff.py took 0.161 seconds
[2025-03-31T08:57:28.498+0000] {processor.py:186} INFO - Started process (PID=8374) to work on /opt/airflow/dags/env/Scripts/daff.py
[2025-03-31T08:57:28.500+0000] {processor.py:914} INFO - Processing file /opt/airflow/dags/env/Scripts/daff.py for tasks to queue
[2025-03-31T08:57:28.506+0000] {logging_mixin.py:190} INFO - [2025-03-31T08:57:28.505+0000] {dagbag.py:588} INFO - Filling up the DagBag from /opt/airflow/dags/env/Scripts/daff.py
[2025-03-31T08:57:28.573+0000] {processor.py:927} WARNING - No viable dags retrieved from /opt/airflow/dags/env/Scripts/daff.py
[2025-03-31T08:57:28.620+0000] {processor.py:208} INFO - Processing /opt/airflow/dags/env/Scripts/daff.py took 0.134 seconds
[2025-03-31T08:57:59.861+0000] {processor.py:186} INFO - Started process (PID=8398) to work on /opt/airflow/dags/env/Scripts/daff.py
[2025-03-31T08:57:59.862+0000] {processor.py:914} INFO - Processing file /opt/airflow/dags/env/Scripts/daff.py for tasks to queue
[2025-03-31T08:57:59.866+0000] {logging_mixin.py:190} INFO - [2025-03-31T08:57:59.866+0000] {dagbag.py:588} INFO - Filling up the DagBag from /opt/airflow/dags/env/Scripts/daff.py
[2025-03-31T08:57:59.936+0000] {processor.py:927} WARNING - No viable dags retrieved from /opt/airflow/dags/env/Scripts/daff.py
[2025-03-31T08:57:59.976+0000] {processor.py:208} INFO - Processing /opt/airflow/dags/env/Scripts/daff.py took 0.127 seconds
[2025-03-31T08:58:56.081+0000] {processor.py:186} INFO - Started process (PID=8433) to work on /opt/airflow/dags/env/Scripts/daff.py
[2025-03-31T08:58:56.083+0000] {processor.py:914} INFO - Processing file /opt/airflow/dags/env/Scripts/daff.py for tasks to queue
[2025-03-31T08:58:56.087+0000] {logging_mixin.py:190} INFO - [2025-03-31T08:58:56.086+0000] {dagbag.py:588} INFO - Filling up the DagBag from /opt/airflow/dags/env/Scripts/daff.py
[2025-03-31T08:58:56.146+0000] {processor.py:927} WARNING - No viable dags retrieved from /opt/airflow/dags/env/Scripts/daff.py
[2025-03-31T08:58:56.175+0000] {processor.py:208} INFO - Processing /opt/airflow/dags/env/Scripts/daff.py took 0.105 seconds
[2025-03-31T08:59:27.264+0000] {processor.py:186} INFO - Started process (PID=8457) to work on /opt/airflow/dags/env/Scripts/daff.py
[2025-03-31T08:59:27.266+0000] {processor.py:914} INFO - Processing file /opt/airflow/dags/env/Scripts/daff.py for tasks to queue
[2025-03-31T08:59:27.272+0000] {logging_mixin.py:190} INFO - [2025-03-31T08:59:27.271+0000] {dagbag.py:588} INFO - Filling up the DagBag from /opt/airflow/dags/env/Scripts/daff.py
[2025-03-31T08:59:27.330+0000] {processor.py:927} WARNING - No viable dags retrieved from /opt/airflow/dags/env/Scripts/daff.py
[2025-03-31T08:59:27.358+0000] {processor.py:208} INFO - Processing /opt/airflow/dags/env/Scripts/daff.py took 0.104 seconds
[2025-03-31T09:02:37.579+0000] {processor.py:186} INFO - Started process (PID=8491) to work on /opt/airflow/dags/env/Scripts/daff.py
[2025-03-31T09:02:37.582+0000] {processor.py:914} INFO - Processing file /opt/airflow/dags/env/Scripts/daff.py for tasks to queue
[2025-03-31T09:02:37.588+0000] {logging_mixin.py:190} INFO - [2025-03-31T09:02:37.587+0000] {dagbag.py:588} INFO - Filling up the DagBag from /opt/airflow/dags/env/Scripts/daff.py
[2025-03-31T09:02:37.650+0000] {processor.py:927} WARNING - No viable dags retrieved from /opt/airflow/dags/env/Scripts/daff.py
[2025-03-31T09:02:37.681+0000] {processor.py:208} INFO - Processing /opt/airflow/dags/env/Scripts/daff.py took 0.114 seconds
[2025-03-31T09:03:09.205+0000] {processor.py:186} INFO - Started process (PID=8515) to work on /opt/airflow/dags/env/Scripts/daff.py
[2025-03-31T09:03:09.207+0000] {processor.py:914} INFO - Processing file /opt/airflow/dags/env/Scripts/daff.py for tasks to queue
[2025-03-31T09:03:09.211+0000] {logging_mixin.py:190} INFO - [2025-03-31T09:03:09.211+0000] {dagbag.py:588} INFO - Filling up the DagBag from /opt/airflow/dags/env/Scripts/daff.py
[2025-03-31T09:03:09.270+0000] {processor.py:927} WARNING - No viable dags retrieved from /opt/airflow/dags/env/Scripts/daff.py
[2025-03-31T09:03:09.302+0000] {processor.py:208} INFO - Processing /opt/airflow/dags/env/Scripts/daff.py took 0.107 seconds
[2025-03-31T09:04:07.456+0000] {processor.py:186} INFO - Started process (PID=8544) to work on /opt/airflow/dags/env/Scripts/daff.py
[2025-03-31T09:04:07.458+0000] {processor.py:914} INFO - Processing file /opt/airflow/dags/env/Scripts/daff.py for tasks to queue
[2025-03-31T09:04:07.464+0000] {logging_mixin.py:190} INFO - [2025-03-31T09:04:07.463+0000] {dagbag.py:588} INFO - Filling up the DagBag from /opt/airflow/dags/env/Scripts/daff.py
[2025-03-31T09:04:07.545+0000] {processor.py:927} WARNING - No viable dags retrieved from /opt/airflow/dags/env/Scripts/daff.py
[2025-03-31T09:04:07.590+0000] {processor.py:208} INFO - Processing /opt/airflow/dags/env/Scripts/daff.py took 0.148 seconds
[2025-03-31T09:04:39.790+0000] {processor.py:186} INFO - Started process (PID=8568) to work on /opt/airflow/dags/env/Scripts/daff.py
[2025-03-31T09:04:39.793+0000] {processor.py:914} INFO - Processing file /opt/airflow/dags/env/Scripts/daff.py for tasks to queue
[2025-03-31T09:04:39.798+0000] {logging_mixin.py:190} INFO - [2025-03-31T09:04:39.797+0000] {dagbag.py:588} INFO - Filling up the DagBag from /opt/airflow/dags/env/Scripts/daff.py
[2025-03-31T09:04:39.864+0000] {processor.py:927} WARNING - No viable dags retrieved from /opt/airflow/dags/env/Scripts/daff.py
[2025-03-31T09:04:39.897+0000] {processor.py:208} INFO - Processing /opt/airflow/dags/env/Scripts/daff.py took 0.122 seconds
[2025-03-31T09:07:35.808+0000] {processor.py:186} INFO - Started process (PID=8593) to work on /opt/airflow/dags/env/Scripts/daff.py
[2025-03-31T09:07:35.809+0000] {processor.py:914} INFO - Processing file /opt/airflow/dags/env/Scripts/daff.py for tasks to queue
[2025-03-31T09:07:35.814+0000] {logging_mixin.py:190} INFO - [2025-03-31T09:07:35.813+0000] {dagbag.py:588} INFO - Filling up the DagBag from /opt/airflow/dags/env/Scripts/daff.py
[2025-03-31T09:07:35.887+0000] {processor.py:927} WARNING - No viable dags retrieved from /opt/airflow/dags/env/Scripts/daff.py
[2025-03-31T09:07:35.925+0000] {processor.py:208} INFO - Processing /opt/airflow/dags/env/Scripts/daff.py took 0.129 seconds
[2025-03-31T09:08:07.956+0000] {processor.py:186} INFO - Started process (PID=8617) to work on /opt/airflow/dags/env/Scripts/daff.py
[2025-03-31T09:08:07.958+0000] {processor.py:914} INFO - Processing file /opt/airflow/dags/env/Scripts/daff.py for tasks to queue
[2025-03-31T09:08:07.963+0000] {logging_mixin.py:190} INFO - [2025-03-31T09:08:07.962+0000] {dagbag.py:588} INFO - Filling up the DagBag from /opt/airflow/dags/env/Scripts/daff.py
[2025-03-31T09:08:08.024+0000] {processor.py:927} WARNING - No viable dags retrieved from /opt/airflow/dags/env/Scripts/daff.py
[2025-03-31T09:08:08.055+0000] {processor.py:208} INFO - Processing /opt/airflow/dags/env/Scripts/daff.py took 0.106 seconds
[2025-03-31T09:09:04.707+0000] {processor.py:186} INFO - Started process (PID=8645) to work on /opt/airflow/dags/env/Scripts/daff.py
[2025-03-31T09:09:04.710+0000] {processor.py:914} INFO - Processing file /opt/airflow/dags/env/Scripts/daff.py for tasks to queue
[2025-03-31T09:09:04.714+0000] {logging_mixin.py:190} INFO - [2025-03-31T09:09:04.713+0000] {dagbag.py:588} INFO - Filling up the DagBag from /opt/airflow/dags/env/Scripts/daff.py
[2025-03-31T09:09:04.773+0000] {processor.py:927} WARNING - No viable dags retrieved from /opt/airflow/dags/env/Scripts/daff.py
[2025-03-31T09:09:04.801+0000] {processor.py:208} INFO - Processing /opt/airflow/dags/env/Scripts/daff.py took 0.104 seconds
[2025-03-31T09:09:35.936+0000] {processor.py:186} INFO - Started process (PID=8669) to work on /opt/airflow/dags/env/Scripts/daff.py
[2025-03-31T09:09:35.937+0000] {processor.py:914} INFO - Processing file /opt/airflow/dags/env/Scripts/daff.py for tasks to queue
[2025-03-31T09:09:35.942+0000] {logging_mixin.py:190} INFO - [2025-03-31T09:09:35.941+0000] {dagbag.py:588} INFO - Filling up the DagBag from /opt/airflow/dags/env/Scripts/daff.py
[2025-03-31T09:09:36.001+0000] {processor.py:927} WARNING - No viable dags retrieved from /opt/airflow/dags/env/Scripts/daff.py
[2025-03-31T09:09:36.032+0000] {processor.py:208} INFO - Processing /opt/airflow/dags/env/Scripts/daff.py took 0.108 seconds
[2025-03-31T09:12:31.068+0000] {processor.py:186} INFO - Started process (PID=8698) to work on /opt/airflow/dags/env/Scripts/daff.py
[2025-03-31T09:12:31.069+0000] {processor.py:914} INFO - Processing file /opt/airflow/dags/env/Scripts/daff.py for tasks to queue
[2025-03-31T09:12:31.074+0000] {logging_mixin.py:190} INFO - [2025-03-31T09:12:31.073+0000] {dagbag.py:588} INFO - Filling up the DagBag from /opt/airflow/dags/env/Scripts/daff.py
[2025-03-31T09:12:31.136+0000] {processor.py:927} WARNING - No viable dags retrieved from /opt/airflow/dags/env/Scripts/daff.py
[2025-03-31T09:12:31.165+0000] {processor.py:208} INFO - Processing /opt/airflow/dags/env/Scripts/daff.py took 0.110 seconds
[2025-03-31T09:13:02.190+0000] {processor.py:186} INFO - Started process (PID=8722) to work on /opt/airflow/dags/env/Scripts/daff.py
[2025-03-31T09:13:02.192+0000] {processor.py:914} INFO - Processing file /opt/airflow/dags/env/Scripts/daff.py for tasks to queue
[2025-03-31T09:13:02.198+0000] {logging_mixin.py:190} INFO - [2025-03-31T09:13:02.197+0000] {dagbag.py:588} INFO - Filling up the DagBag from /opt/airflow/dags/env/Scripts/daff.py
[2025-03-31T09:13:02.265+0000] {processor.py:927} WARNING - No viable dags retrieved from /opt/airflow/dags/env/Scripts/daff.py
[2025-03-31T09:13:02.296+0000] {processor.py:208} INFO - Processing /opt/airflow/dags/env/Scripts/daff.py took 0.118 seconds
[2025-03-31T09:13:57.072+0000] {processor.py:186} INFO - Started process (PID=8756) to work on /opt/airflow/dags/env/Scripts/daff.py
[2025-03-31T09:13:57.074+0000] {processor.py:914} INFO - Processing file /opt/airflow/dags/env/Scripts/daff.py for tasks to queue
[2025-03-31T09:13:57.079+0000] {logging_mixin.py:190} INFO - [2025-03-31T09:13:57.078+0000] {dagbag.py:588} INFO - Filling up the DagBag from /opt/airflow/dags/env/Scripts/daff.py
[2025-03-31T09:13:57.137+0000] {processor.py:927} WARNING - No viable dags retrieved from /opt/airflow/dags/env/Scripts/daff.py
[2025-03-31T09:13:57.165+0000] {processor.py:208} INFO - Processing /opt/airflow/dags/env/Scripts/daff.py took 0.106 seconds
[2025-03-31T09:14:29.209+0000] {processor.py:186} INFO - Started process (PID=8780) to work on /opt/airflow/dags/env/Scripts/daff.py
[2025-03-31T09:14:29.211+0000] {processor.py:914} INFO - Processing file /opt/airflow/dags/env/Scripts/daff.py for tasks to queue
[2025-03-31T09:14:29.218+0000] {logging_mixin.py:190} INFO - [2025-03-31T09:14:29.217+0000] {dagbag.py:588} INFO - Filling up the DagBag from /opt/airflow/dags/env/Scripts/daff.py
[2025-03-31T09:14:29.297+0000] {processor.py:927} WARNING - No viable dags retrieved from /opt/airflow/dags/env/Scripts/daff.py
[2025-03-31T09:14:29.342+0000] {processor.py:208} INFO - Processing /opt/airflow/dags/env/Scripts/daff.py took 0.147 seconds
[2025-03-31T09:17:33.173+0000] {processor.py:186} INFO - Started process (PID=8814) to work on /opt/airflow/dags/env/Scripts/daff.py
[2025-03-31T09:17:33.175+0000] {processor.py:914} INFO - Processing file /opt/airflow/dags/env/Scripts/daff.py for tasks to queue
[2025-03-31T09:17:33.181+0000] {logging_mixin.py:190} INFO - [2025-03-31T09:17:33.180+0000] {dagbag.py:588} INFO - Filling up the DagBag from /opt/airflow/dags/env/Scripts/daff.py
[2025-03-31T09:17:33.250+0000] {processor.py:927} WARNING - No viable dags retrieved from /opt/airflow/dags/env/Scripts/daff.py
[2025-03-31T09:17:33.299+0000] {processor.py:208} INFO - Processing /opt/airflow/dags/env/Scripts/daff.py took 0.140 seconds
[2025-03-31T09:18:05.274+0000] {processor.py:186} INFO - Started process (PID=8838) to work on /opt/airflow/dags/env/Scripts/daff.py
[2025-03-31T09:18:05.276+0000] {processor.py:914} INFO - Processing file /opt/airflow/dags/env/Scripts/daff.py for tasks to queue
[2025-03-31T09:18:05.281+0000] {logging_mixin.py:190} INFO - [2025-03-31T09:18:05.280+0000] {dagbag.py:588} INFO - Filling up the DagBag from /opt/airflow/dags/env/Scripts/daff.py
[2025-03-31T09:18:05.342+0000] {processor.py:927} WARNING - No viable dags retrieved from /opt/airflow/dags/env/Scripts/daff.py
[2025-03-31T09:18:05.371+0000] {processor.py:208} INFO - Processing /opt/airflow/dags/env/Scripts/daff.py took 0.106 seconds
[2025-03-31T09:18:57.368+0000] {processor.py:186} INFO - Started process (PID=8871) to work on /opt/airflow/dags/env/Scripts/daff.py
[2025-03-31T09:18:57.370+0000] {processor.py:914} INFO - Processing file /opt/airflow/dags/env/Scripts/daff.py for tasks to queue
[2025-03-31T09:18:57.375+0000] {logging_mixin.py:190} INFO - [2025-03-31T09:18:57.374+0000] {dagbag.py:588} INFO - Filling up the DagBag from /opt/airflow/dags/env/Scripts/daff.py
[2025-03-31T09:18:57.434+0000] {processor.py:927} WARNING - No viable dags retrieved from /opt/airflow/dags/env/Scripts/daff.py
[2025-03-31T09:18:57.464+0000] {processor.py:208} INFO - Processing /opt/airflow/dags/env/Scripts/daff.py took 0.103 seconds
[2025-03-31T09:19:28.697+0000] {processor.py:186} INFO - Started process (PID=8895) to work on /opt/airflow/dags/env/Scripts/daff.py
[2025-03-31T09:19:28.699+0000] {processor.py:914} INFO - Processing file /opt/airflow/dags/env/Scripts/daff.py for tasks to queue
[2025-03-31T09:19:28.705+0000] {logging_mixin.py:190} INFO - [2025-03-31T09:19:28.704+0000] {dagbag.py:588} INFO - Filling up the DagBag from /opt/airflow/dags/env/Scripts/daff.py
[2025-03-31T09:19:29.197+0000] {processor.py:927} WARNING - No viable dags retrieved from /opt/airflow/dags/env/Scripts/daff.py
[2025-03-31T09:19:29.245+0000] {processor.py:208} INFO - Processing /opt/airflow/dags/env/Scripts/daff.py took 0.561 seconds
[2025-03-31T09:22:37.028+0000] {processor.py:186} INFO - Started process (PID=8929) to work on /opt/airflow/dags/env/Scripts/daff.py
[2025-03-31T09:22:37.030+0000] {processor.py:914} INFO - Processing file /opt/airflow/dags/env/Scripts/daff.py for tasks to queue
[2025-03-31T09:22:37.036+0000] {logging_mixin.py:190} INFO - [2025-03-31T09:22:37.035+0000] {dagbag.py:588} INFO - Filling up the DagBag from /opt/airflow/dags/env/Scripts/daff.py
[2025-03-31T09:22:37.098+0000] {processor.py:927} WARNING - No viable dags retrieved from /opt/airflow/dags/env/Scripts/daff.py
[2025-03-31T09:22:37.129+0000] {processor.py:208} INFO - Processing /opt/airflow/dags/env/Scripts/daff.py took 0.109 seconds
[2025-03-31T09:23:08.280+0000] {processor.py:186} INFO - Started process (PID=8953) to work on /opt/airflow/dags/env/Scripts/daff.py
[2025-03-31T09:23:08.282+0000] {processor.py:914} INFO - Processing file /opt/airflow/dags/env/Scripts/daff.py for tasks to queue
[2025-03-31T09:23:08.288+0000] {logging_mixin.py:190} INFO - [2025-03-31T09:23:08.287+0000] {dagbag.py:588} INFO - Filling up the DagBag from /opt/airflow/dags/env/Scripts/daff.py
[2025-03-31T09:23:08.365+0000] {processor.py:927} WARNING - No viable dags retrieved from /opt/airflow/dags/env/Scripts/daff.py
[2025-03-31T09:23:08.405+0000] {processor.py:208} INFO - Processing /opt/airflow/dags/env/Scripts/daff.py took 0.141 seconds
[2025-03-31T09:24:00.376+0000] {processor.py:186} INFO - Started process (PID=8984) to work on /opt/airflow/dags/env/Scripts/daff.py
[2025-03-31T09:24:00.378+0000] {processor.py:914} INFO - Processing file /opt/airflow/dags/env/Scripts/daff.py for tasks to queue
[2025-03-31T09:24:00.383+0000] {logging_mixin.py:190} INFO - [2025-03-31T09:24:00.382+0000] {dagbag.py:588} INFO - Filling up the DagBag from /opt/airflow/dags/env/Scripts/daff.py
[2025-03-31T09:24:00.469+0000] {processor.py:927} WARNING - No viable dags retrieved from /opt/airflow/dags/env/Scripts/daff.py
[2025-03-31T09:24:00.514+0000] {processor.py:208} INFO - Processing /opt/airflow/dags/env/Scripts/daff.py took 0.150 seconds
[2025-03-31T09:24:32.719+0000] {processor.py:186} INFO - Started process (PID=9008) to work on /opt/airflow/dags/env/Scripts/daff.py
[2025-03-31T09:24:32.722+0000] {processor.py:914} INFO - Processing file /opt/airflow/dags/env/Scripts/daff.py for tasks to queue
[2025-03-31T09:24:32.731+0000] {logging_mixin.py:190} INFO - [2025-03-31T09:24:32.730+0000] {dagbag.py:588} INFO - Filling up the DagBag from /opt/airflow/dags/env/Scripts/daff.py
[2025-03-31T09:24:32.828+0000] {processor.py:927} WARNING - No viable dags retrieved from /opt/airflow/dags/env/Scripts/daff.py
[2025-03-31T09:24:32.873+0000] {processor.py:208} INFO - Processing /opt/airflow/dags/env/Scripts/daff.py took 0.177 seconds
[2025-03-31T09:27:35.614+0000] {processor.py:186} INFO - Started process (PID=9040) to work on /opt/airflow/dags/env/Scripts/daff.py
[2025-03-31T09:27:35.616+0000] {processor.py:914} INFO - Processing file /opt/airflow/dags/env/Scripts/daff.py for tasks to queue
[2025-03-31T09:27:35.620+0000] {logging_mixin.py:190} INFO - [2025-03-31T09:27:35.619+0000] {dagbag.py:588} INFO - Filling up the DagBag from /opt/airflow/dags/env/Scripts/daff.py
[2025-03-31T09:27:35.706+0000] {processor.py:927} WARNING - No viable dags retrieved from /opt/airflow/dags/env/Scripts/daff.py
[2025-03-31T09:27:35.745+0000] {processor.py:208} INFO - Processing /opt/airflow/dags/env/Scripts/daff.py took 0.141 seconds
[2025-03-31T09:28:08.222+0000] {processor.py:186} INFO - Started process (PID=9064) to work on /opt/airflow/dags/env/Scripts/daff.py
[2025-03-31T09:28:08.224+0000] {processor.py:914} INFO - Processing file /opt/airflow/dags/env/Scripts/daff.py for tasks to queue
[2025-03-31T09:28:08.228+0000] {logging_mixin.py:190} INFO - [2025-03-31T09:28:08.227+0000] {dagbag.py:588} INFO - Filling up the DagBag from /opt/airflow/dags/env/Scripts/daff.py
[2025-03-31T09:28:08.288+0000] {processor.py:927} WARNING - No viable dags retrieved from /opt/airflow/dags/env/Scripts/daff.py
[2025-03-31T09:28:08.317+0000] {processor.py:208} INFO - Processing /opt/airflow/dags/env/Scripts/daff.py took 0.107 seconds
[2025-03-31T09:29:01.069+0000] {processor.py:186} INFO - Started process (PID=9095) to work on /opt/airflow/dags/env/Scripts/daff.py
[2025-03-31T09:29:01.071+0000] {processor.py:914} INFO - Processing file /opt/airflow/dags/env/Scripts/daff.py for tasks to queue
[2025-03-31T09:29:01.076+0000] {logging_mixin.py:190} INFO - [2025-03-31T09:29:01.075+0000] {dagbag.py:588} INFO - Filling up the DagBag from /opt/airflow/dags/env/Scripts/daff.py
[2025-03-31T09:29:01.154+0000] {processor.py:927} WARNING - No viable dags retrieved from /opt/airflow/dags/env/Scripts/daff.py
[2025-03-31T09:29:01.189+0000] {processor.py:208} INFO - Processing /opt/airflow/dags/env/Scripts/daff.py took 0.130 seconds
[2025-03-31T09:29:32.318+0000] {processor.py:186} INFO - Started process (PID=9119) to work on /opt/airflow/dags/env/Scripts/daff.py
[2025-03-31T09:29:32.330+0000] {processor.py:914} INFO - Processing file /opt/airflow/dags/env/Scripts/daff.py for tasks to queue
[2025-03-31T09:29:32.335+0000] {logging_mixin.py:190} INFO - [2025-03-31T09:29:32.334+0000] {dagbag.py:588} INFO - Filling up the DagBag from /opt/airflow/dags/env/Scripts/daff.py
[2025-03-31T09:29:32.442+0000] {processor.py:927} WARNING - No viable dags retrieved from /opt/airflow/dags/env/Scripts/daff.py
[2025-03-31T09:29:32.503+0000] {processor.py:208} INFO - Processing /opt/airflow/dags/env/Scripts/daff.py took 0.218 seconds
[2025-03-31T09:32:35.246+0000] {processor.py:186} INFO - Started process (PID=9151) to work on /opt/airflow/dags/env/Scripts/daff.py
[2025-03-31T09:32:35.248+0000] {processor.py:914} INFO - Processing file /opt/airflow/dags/env/Scripts/daff.py for tasks to queue
[2025-03-31T09:32:35.254+0000] {logging_mixin.py:190} INFO - [2025-03-31T09:32:35.253+0000] {dagbag.py:588} INFO - Filling up the DagBag from /opt/airflow/dags/env/Scripts/daff.py
[2025-03-31T09:32:35.328+0000] {processor.py:927} WARNING - No viable dags retrieved from /opt/airflow/dags/env/Scripts/daff.py
[2025-03-31T09:32:35.366+0000] {processor.py:208} INFO - Processing /opt/airflow/dags/env/Scripts/daff.py took 0.131 seconds
[2025-03-31T09:33:09.017+0000] {processor.py:186} INFO - Started process (PID=9175) to work on /opt/airflow/dags/env/Scripts/daff.py
[2025-03-31T09:33:09.019+0000] {processor.py:914} INFO - Processing file /opt/airflow/dags/env/Scripts/daff.py for tasks to queue
[2025-03-31T09:33:09.026+0000] {logging_mixin.py:190} INFO - [2025-03-31T09:33:09.025+0000] {dagbag.py:588} INFO - Filling up the DagBag from /opt/airflow/dags/env/Scripts/daff.py
[2025-03-31T09:33:09.099+0000] {processor.py:927} WARNING - No viable dags retrieved from /opt/airflow/dags/env/Scripts/daff.py
[2025-03-31T09:33:09.138+0000] {processor.py:208} INFO - Processing /opt/airflow/dags/env/Scripts/daff.py took 0.136 seconds
[2025-03-31T09:34:01.983+0000] {processor.py:186} INFO - Started process (PID=9207) to work on /opt/airflow/dags/env/Scripts/daff.py
[2025-03-31T09:34:01.986+0000] {processor.py:914} INFO - Processing file /opt/airflow/dags/env/Scripts/daff.py for tasks to queue
[2025-03-31T09:34:01.991+0000] {logging_mixin.py:190} INFO - [2025-03-31T09:34:01.990+0000] {dagbag.py:588} INFO - Filling up the DagBag from /opt/airflow/dags/env/Scripts/daff.py
[2025-03-31T09:34:02.051+0000] {processor.py:927} WARNING - No viable dags retrieved from /opt/airflow/dags/env/Scripts/daff.py
[2025-03-31T09:34:02.081+0000] {processor.py:208} INFO - Processing /opt/airflow/dags/env/Scripts/daff.py took 0.111 seconds
[2025-03-31T09:34:33.398+0000] {processor.py:186} INFO - Started process (PID=9231) to work on /opt/airflow/dags/env/Scripts/daff.py
[2025-03-31T09:34:33.400+0000] {processor.py:914} INFO - Processing file /opt/airflow/dags/env/Scripts/daff.py for tasks to queue
[2025-03-31T09:34:33.408+0000] {logging_mixin.py:190} INFO - [2025-03-31T09:34:33.407+0000] {dagbag.py:588} INFO - Filling up the DagBag from /opt/airflow/dags/env/Scripts/daff.py
[2025-03-31T09:34:33.494+0000] {processor.py:927} WARNING - No viable dags retrieved from /opt/airflow/dags/env/Scripts/daff.py
[2025-03-31T09:34:33.534+0000] {processor.py:208} INFO - Processing /opt/airflow/dags/env/Scripts/daff.py took 0.151 seconds
[2025-03-31T09:37:43.620+0000] {processor.py:186} INFO - Started process (PID=9264) to work on /opt/airflow/dags/env/Scripts/daff.py
[2025-03-31T09:37:43.623+0000] {processor.py:914} INFO - Processing file /opt/airflow/dags/env/Scripts/daff.py for tasks to queue
[2025-03-31T09:37:43.628+0000] {logging_mixin.py:190} INFO - [2025-03-31T09:37:43.627+0000] {dagbag.py:588} INFO - Filling up the DagBag from /opt/airflow/dags/env/Scripts/daff.py
[2025-03-31T09:37:43.691+0000] {processor.py:927} WARNING - No viable dags retrieved from /opt/airflow/dags/env/Scripts/daff.py
[2025-03-31T09:37:43.721+0000] {processor.py:208} INFO - Processing /opt/airflow/dags/env/Scripts/daff.py took 0.114 seconds
[2025-03-31T09:38:16.223+0000] {processor.py:186} INFO - Started process (PID=9288) to work on /opt/airflow/dags/env/Scripts/daff.py
[2025-03-31T09:38:16.225+0000] {processor.py:914} INFO - Processing file /opt/airflow/dags/env/Scripts/daff.py for tasks to queue
[2025-03-31T09:38:16.230+0000] {logging_mixin.py:190} INFO - [2025-03-31T09:38:16.229+0000] {dagbag.py:588} INFO - Filling up the DagBag from /opt/airflow/dags/env/Scripts/daff.py
[2025-03-31T09:38:16.291+0000] {processor.py:927} WARNING - No viable dags retrieved from /opt/airflow/dags/env/Scripts/daff.py
[2025-03-31T09:38:16.321+0000] {processor.py:208} INFO - Processing /opt/airflow/dags/env/Scripts/daff.py took 0.110 seconds
[2025-03-31T09:39:10.096+0000] {processor.py:186} INFO - Started process (PID=9314) to work on /opt/airflow/dags/env/Scripts/daff.py
[2025-03-31T09:39:10.098+0000] {processor.py:914} INFO - Processing file /opt/airflow/dags/env/Scripts/daff.py for tasks to queue
[2025-03-31T09:39:10.104+0000] {logging_mixin.py:190} INFO - [2025-03-31T09:39:10.103+0000] {dagbag.py:588} INFO - Filling up the DagBag from /opt/airflow/dags/env/Scripts/daff.py
[2025-03-31T09:39:10.168+0000] {processor.py:927} WARNING - No viable dags retrieved from /opt/airflow/dags/env/Scripts/daff.py
[2025-03-31T09:39:10.197+0000] {processor.py:208} INFO - Processing /opt/airflow/dags/env/Scripts/daff.py took 0.115 seconds
[2025-03-31T09:39:41.007+0000] {processor.py:186} INFO - Started process (PID=9338) to work on /opt/airflow/dags/env/Scripts/daff.py
[2025-03-31T09:39:41.009+0000] {processor.py:914} INFO - Processing file /opt/airflow/dags/env/Scripts/daff.py for tasks to queue
[2025-03-31T09:39:41.014+0000] {logging_mixin.py:190} INFO - [2025-03-31T09:39:41.013+0000] {dagbag.py:588} INFO - Filling up the DagBag from /opt/airflow/dags/env/Scripts/daff.py
[2025-03-31T09:39:41.077+0000] {processor.py:927} WARNING - No viable dags retrieved from /opt/airflow/dags/env/Scripts/daff.py
[2025-03-31T09:39:41.107+0000] {processor.py:208} INFO - Processing /opt/airflow/dags/env/Scripts/daff.py took 0.110 seconds
[2025-03-31T09:42:46.753+0000] {processor.py:186} INFO - Started process (PID=9365) to work on /opt/airflow/dags/env/Scripts/daff.py
[2025-03-31T09:42:46.755+0000] {processor.py:914} INFO - Processing file /opt/airflow/dags/env/Scripts/daff.py for tasks to queue
[2025-03-31T09:42:46.760+0000] {logging_mixin.py:190} INFO - [2025-03-31T09:42:46.759+0000] {dagbag.py:588} INFO - Filling up the DagBag from /opt/airflow/dags/env/Scripts/daff.py
[2025-03-31T09:42:47.105+0000] {processor.py:927} WARNING - No viable dags retrieved from /opt/airflow/dags/env/Scripts/daff.py
[2025-03-31T09:42:47.130+0000] {processor.py:208} INFO - Processing /opt/airflow/dags/env/Scripts/daff.py took 0.387 seconds
[2025-03-31T09:43:18.666+0000] {processor.py:186} INFO - Started process (PID=9389) to work on /opt/airflow/dags/env/Scripts/daff.py
[2025-03-31T09:43:18.667+0000] {processor.py:914} INFO - Processing file /opt/airflow/dags/env/Scripts/daff.py for tasks to queue
[2025-03-31T09:43:18.673+0000] {logging_mixin.py:190} INFO - [2025-03-31T09:43:18.672+0000] {dagbag.py:588} INFO - Filling up the DagBag from /opt/airflow/dags/env/Scripts/daff.py
[2025-03-31T09:43:19.037+0000] {processor.py:927} WARNING - No viable dags retrieved from /opt/airflow/dags/env/Scripts/daff.py
[2025-03-31T09:43:19.062+0000] {processor.py:208} INFO - Processing /opt/airflow/dags/env/Scripts/daff.py took 0.407 seconds
[2025-03-31T09:44:10.669+0000] {processor.py:186} INFO - Started process (PID=9415) to work on /opt/airflow/dags/env/Scripts/daff.py
[2025-03-31T09:44:10.670+0000] {processor.py:914} INFO - Processing file /opt/airflow/dags/env/Scripts/daff.py for tasks to queue
[2025-03-31T09:44:10.675+0000] {logging_mixin.py:190} INFO - [2025-03-31T09:44:10.674+0000] {dagbag.py:588} INFO - Filling up the DagBag from /opt/airflow/dags/env/Scripts/daff.py
[2025-03-31T09:44:10.749+0000] {processor.py:927} WARNING - No viable dags retrieved from /opt/airflow/dags/env/Scripts/daff.py
[2025-03-31T09:44:10.784+0000] {processor.py:208} INFO - Processing /opt/airflow/dags/env/Scripts/daff.py took 0.129 seconds
[2025-03-31T09:44:41.965+0000] {processor.py:186} INFO - Started process (PID=9439) to work on /opt/airflow/dags/env/Scripts/daff.py
[2025-03-31T09:44:41.967+0000] {processor.py:914} INFO - Processing file /opt/airflow/dags/env/Scripts/daff.py for tasks to queue
[2025-03-31T09:44:41.972+0000] {logging_mixin.py:190} INFO - [2025-03-31T09:44:41.971+0000] {dagbag.py:588} INFO - Filling up the DagBag from /opt/airflow/dags/env/Scripts/daff.py
[2025-03-31T09:44:42.032+0000] {processor.py:927} WARNING - No viable dags retrieved from /opt/airflow/dags/env/Scripts/daff.py
[2025-03-31T09:44:42.061+0000] {processor.py:208} INFO - Processing /opt/airflow/dags/env/Scripts/daff.py took 0.103 seconds
[2025-03-31T09:47:43.372+0000] {processor.py:186} INFO - Started process (PID=9465) to work on /opt/airflow/dags/env/Scripts/daff.py
[2025-03-31T09:47:43.375+0000] {processor.py:914} INFO - Processing file /opt/airflow/dags/env/Scripts/daff.py for tasks to queue
[2025-03-31T09:47:43.382+0000] {logging_mixin.py:190} INFO - [2025-03-31T09:47:43.381+0000] {dagbag.py:588} INFO - Filling up the DagBag from /opt/airflow/dags/env/Scripts/daff.py
[2025-03-31T09:47:43.447+0000] {processor.py:927} WARNING - No viable dags retrieved from /opt/airflow/dags/env/Scripts/daff.py
[2025-03-31T09:47:43.477+0000] {processor.py:208} INFO - Processing /opt/airflow/dags/env/Scripts/daff.py took 0.122 seconds
[2025-03-31T09:48:15.549+0000] {processor.py:186} INFO - Started process (PID=9489) to work on /opt/airflow/dags/env/Scripts/daff.py
[2025-03-31T09:48:15.551+0000] {processor.py:914} INFO - Processing file /opt/airflow/dags/env/Scripts/daff.py for tasks to queue
[2025-03-31T09:48:15.556+0000] {logging_mixin.py:190} INFO - [2025-03-31T09:48:15.555+0000] {dagbag.py:588} INFO - Filling up the DagBag from /opt/airflow/dags/env/Scripts/daff.py
[2025-03-31T09:48:15.632+0000] {processor.py:927} WARNING - No viable dags retrieved from /opt/airflow/dags/env/Scripts/daff.py
[2025-03-31T09:48:15.666+0000] {processor.py:208} INFO - Processing /opt/airflow/dags/env/Scripts/daff.py took 0.132 seconds
[2025-03-31T09:49:02.549+0000] {processor.py:186} INFO - Started process (PID=9517) to work on /opt/airflow/dags/env/Scripts/daff.py
[2025-03-31T09:49:02.551+0000] {processor.py:914} INFO - Processing file /opt/airflow/dags/env/Scripts/daff.py for tasks to queue
[2025-03-31T09:49:02.556+0000] {logging_mixin.py:190} INFO - [2025-03-31T09:49:02.555+0000] {dagbag.py:588} INFO - Filling up the DagBag from /opt/airflow/dags/env/Scripts/daff.py
[2025-03-31T09:49:02.626+0000] {processor.py:927} WARNING - No viable dags retrieved from /opt/airflow/dags/env/Scripts/daff.py
[2025-03-31T09:49:02.655+0000] {processor.py:208} INFO - Processing /opt/airflow/dags/env/Scripts/daff.py took 0.118 seconds
[2025-03-31T09:49:33.501+0000] {processor.py:186} INFO - Started process (PID=9541) to work on /opt/airflow/dags/env/Scripts/daff.py
[2025-03-31T09:49:33.502+0000] {processor.py:914} INFO - Processing file /opt/airflow/dags/env/Scripts/daff.py for tasks to queue
[2025-03-31T09:49:33.507+0000] {logging_mixin.py:190} INFO - [2025-03-31T09:49:33.506+0000] {dagbag.py:588} INFO - Filling up the DagBag from /opt/airflow/dags/env/Scripts/daff.py
[2025-03-31T09:49:33.599+0000] {processor.py:927} WARNING - No viable dags retrieved from /opt/airflow/dags/env/Scripts/daff.py
[2025-03-31T09:49:33.652+0000] {processor.py:208} INFO - Processing /opt/airflow/dags/env/Scripts/daff.py took 0.161 seconds
[2025-03-31T09:52:36.615+0000] {processor.py:186} INFO - Started process (PID=9573) to work on /opt/airflow/dags/env/Scripts/daff.py
[2025-03-31T09:52:36.617+0000] {processor.py:914} INFO - Processing file /opt/airflow/dags/env/Scripts/daff.py for tasks to queue
[2025-03-31T09:52:36.621+0000] {logging_mixin.py:190} INFO - [2025-03-31T09:52:36.620+0000] {dagbag.py:588} INFO - Filling up the DagBag from /opt/airflow/dags/env/Scripts/daff.py
[2025-03-31T09:52:36.678+0000] {processor.py:927} WARNING - No viable dags retrieved from /opt/airflow/dags/env/Scripts/daff.py
[2025-03-31T09:52:36.706+0000] {processor.py:208} INFO - Processing /opt/airflow/dags/env/Scripts/daff.py took 0.103 seconds
[2025-03-31T09:53:08.516+0000] {processor.py:186} INFO - Started process (PID=9597) to work on /opt/airflow/dags/env/Scripts/daff.py
[2025-03-31T09:53:08.519+0000] {processor.py:914} INFO - Processing file /opt/airflow/dags/env/Scripts/daff.py for tasks to queue
[2025-03-31T09:53:08.524+0000] {logging_mixin.py:190} INFO - [2025-03-31T09:53:08.524+0000] {dagbag.py:588} INFO - Filling up the DagBag from /opt/airflow/dags/env/Scripts/daff.py
[2025-03-31T09:53:08.586+0000] {processor.py:927} WARNING - No viable dags retrieved from /opt/airflow/dags/env/Scripts/daff.py
[2025-03-31T09:53:08.616+0000] {processor.py:208} INFO - Processing /opt/airflow/dags/env/Scripts/daff.py took 0.111 seconds
[2025-03-31T09:54:00.951+0000] {processor.py:186} INFO - Started process (PID=9632) to work on /opt/airflow/dags/env/Scripts/daff.py
[2025-03-31T09:54:00.953+0000] {processor.py:914} INFO - Processing file /opt/airflow/dags/env/Scripts/daff.py for tasks to queue
[2025-03-31T09:54:00.959+0000] {logging_mixin.py:190} INFO - [2025-03-31T09:54:00.958+0000] {dagbag.py:588} INFO - Filling up the DagBag from /opt/airflow/dags/env/Scripts/daff.py
[2025-03-31T09:54:01.020+0000] {processor.py:927} WARNING - No viable dags retrieved from /opt/airflow/dags/env/Scripts/daff.py
[2025-03-31T09:54:01.054+0000] {processor.py:208} INFO - Processing /opt/airflow/dags/env/Scripts/daff.py took 0.111 seconds
[2025-03-31T09:54:31.895+0000] {processor.py:186} INFO - Started process (PID=9656) to work on /opt/airflow/dags/env/Scripts/daff.py
[2025-03-31T09:54:31.897+0000] {processor.py:914} INFO - Processing file /opt/airflow/dags/env/Scripts/daff.py for tasks to queue
[2025-03-31T09:54:31.901+0000] {logging_mixin.py:190} INFO - [2025-03-31T09:54:31.900+0000] {dagbag.py:588} INFO - Filling up the DagBag from /opt/airflow/dags/env/Scripts/daff.py
[2025-03-31T09:54:31.962+0000] {processor.py:927} WARNING - No viable dags retrieved from /opt/airflow/dags/env/Scripts/daff.py
[2025-03-31T09:54:31.989+0000] {processor.py:208} INFO - Processing /opt/airflow/dags/env/Scripts/daff.py took 0.106 seconds
[2025-03-31T09:57:39.763+0000] {processor.py:186} INFO - Started process (PID=9691) to work on /opt/airflow/dags/env/Scripts/daff.py
[2025-03-31T09:57:39.765+0000] {processor.py:914} INFO - Processing file /opt/airflow/dags/env/Scripts/daff.py for tasks to queue
[2025-03-31T09:57:39.769+0000] {logging_mixin.py:190} INFO - [2025-03-31T09:57:39.768+0000] {dagbag.py:588} INFO - Filling up the DagBag from /opt/airflow/dags/env/Scripts/daff.py
[2025-03-31T09:57:39.830+0000] {processor.py:927} WARNING - No viable dags retrieved from /opt/airflow/dags/env/Scripts/daff.py
[2025-03-31T09:57:39.868+0000] {processor.py:208} INFO - Processing /opt/airflow/dags/env/Scripts/daff.py took 0.115 seconds
[2025-03-31T09:58:11.582+0000] {processor.py:186} INFO - Started process (PID=9715) to work on /opt/airflow/dags/env/Scripts/daff.py
[2025-03-31T09:58:11.585+0000] {processor.py:914} INFO - Processing file /opt/airflow/dags/env/Scripts/daff.py for tasks to queue
[2025-03-31T09:58:11.591+0000] {logging_mixin.py:190} INFO - [2025-03-31T09:58:11.590+0000] {dagbag.py:588} INFO - Filling up the DagBag from /opt/airflow/dags/env/Scripts/daff.py
[2025-03-31T09:58:11.701+0000] {processor.py:927} WARNING - No viable dags retrieved from /opt/airflow/dags/env/Scripts/daff.py
[2025-03-31T09:58:11.743+0000] {processor.py:208} INFO - Processing /opt/airflow/dags/env/Scripts/daff.py took 0.195 seconds
[2025-03-31T09:59:00.960+0000] {processor.py:186} INFO - Started process (PID=9748) to work on /opt/airflow/dags/env/Scripts/daff.py
[2025-03-31T09:59:00.961+0000] {processor.py:914} INFO - Processing file /opt/airflow/dags/env/Scripts/daff.py for tasks to queue
[2025-03-31T09:59:00.966+0000] {logging_mixin.py:190} INFO - [2025-03-31T09:59:00.966+0000] {dagbag.py:588} INFO - Filling up the DagBag from /opt/airflow/dags/env/Scripts/daff.py
[2025-03-31T09:59:01.028+0000] {processor.py:927} WARNING - No viable dags retrieved from /opt/airflow/dags/env/Scripts/daff.py
[2025-03-31T09:59:01.057+0000] {processor.py:208} INFO - Processing /opt/airflow/dags/env/Scripts/daff.py took 0.110 seconds
[2025-03-31T09:59:33.948+0000] {processor.py:186} INFO - Started process (PID=9772) to work on /opt/airflow/dags/env/Scripts/daff.py
[2025-03-31T09:59:33.950+0000] {processor.py:914} INFO - Processing file /opt/airflow/dags/env/Scripts/daff.py for tasks to queue
[2025-03-31T09:59:33.954+0000] {logging_mixin.py:190} INFO - [2025-03-31T09:59:33.953+0000] {dagbag.py:588} INFO - Filling up the DagBag from /opt/airflow/dags/env/Scripts/daff.py
[2025-03-31T09:59:34.022+0000] {processor.py:927} WARNING - No viable dags retrieved from /opt/airflow/dags/env/Scripts/daff.py
[2025-03-31T09:59:34.060+0000] {processor.py:208} INFO - Processing /opt/airflow/dags/env/Scripts/daff.py took 0.122 seconds
[2025-03-31T10:02:40.779+0000] {processor.py:186} INFO - Started process (PID=9807) to work on /opt/airflow/dags/env/Scripts/daff.py
[2025-03-31T10:02:40.786+0000] {processor.py:914} INFO - Processing file /opt/airflow/dags/env/Scripts/daff.py for tasks to queue
[2025-03-31T10:02:40.790+0000] {logging_mixin.py:190} INFO - [2025-03-31T10:02:40.789+0000] {dagbag.py:588} INFO - Filling up the DagBag from /opt/airflow/dags/env/Scripts/daff.py
[2025-03-31T10:02:40.847+0000] {processor.py:927} WARNING - No viable dags retrieved from /opt/airflow/dags/env/Scripts/daff.py
[2025-03-31T10:02:40.880+0000] {processor.py:208} INFO - Processing /opt/airflow/dags/env/Scripts/daff.py took 0.112 seconds
[2025-03-31T10:03:12.808+0000] {processor.py:186} INFO - Started process (PID=9831) to work on /opt/airflow/dags/env/Scripts/daff.py
[2025-03-31T10:03:12.810+0000] {processor.py:914} INFO - Processing file /opt/airflow/dags/env/Scripts/daff.py for tasks to queue
[2025-03-31T10:03:12.818+0000] {logging_mixin.py:190} INFO - [2025-03-31T10:03:12.816+0000] {dagbag.py:588} INFO - Filling up the DagBag from /opt/airflow/dags/env/Scripts/daff.py
[2025-03-31T10:03:12.888+0000] {processor.py:927} WARNING - No viable dags retrieved from /opt/airflow/dags/env/Scripts/daff.py
[2025-03-31T10:03:12.922+0000] {processor.py:208} INFO - Processing /opt/airflow/dags/env/Scripts/daff.py took 0.130 seconds
[2025-03-31T10:04:01.778+0000] {processor.py:186} INFO - Started process (PID=9864) to work on /opt/airflow/dags/env/Scripts/daff.py
[2025-03-31T10:04:01.779+0000] {processor.py:914} INFO - Processing file /opt/airflow/dags/env/Scripts/daff.py for tasks to queue
[2025-03-31T10:04:01.784+0000] {logging_mixin.py:190} INFO - [2025-03-31T10:04:01.783+0000] {dagbag.py:588} INFO - Filling up the DagBag from /opt/airflow/dags/env/Scripts/daff.py
[2025-03-31T10:04:01.844+0000] {processor.py:927} WARNING - No viable dags retrieved from /opt/airflow/dags/env/Scripts/daff.py
[2025-03-31T10:04:01.873+0000] {processor.py:208} INFO - Processing /opt/airflow/dags/env/Scripts/daff.py took 0.106 seconds
[2025-03-31T10:04:36.223+0000] {processor.py:186} INFO - Started process (PID=9888) to work on /opt/airflow/dags/env/Scripts/daff.py
[2025-03-31T10:04:36.225+0000] {processor.py:914} INFO - Processing file /opt/airflow/dags/env/Scripts/daff.py for tasks to queue
[2025-03-31T10:04:36.234+0000] {logging_mixin.py:190} INFO - [2025-03-31T10:04:36.231+0000] {dagbag.py:588} INFO - Filling up the DagBag from /opt/airflow/dags/env/Scripts/daff.py
[2025-03-31T10:04:36.327+0000] {processor.py:927} WARNING - No viable dags retrieved from /opt/airflow/dags/env/Scripts/daff.py
[2025-03-31T10:04:36.378+0000] {processor.py:208} INFO - Processing /opt/airflow/dags/env/Scripts/daff.py took 0.174 seconds
[2025-03-31T10:07:45.942+0000] {processor.py:186} INFO - Started process (PID=9922) to work on /opt/airflow/dags/env/Scripts/daff.py
[2025-03-31T10:07:45.944+0000] {processor.py:914} INFO - Processing file /opt/airflow/dags/env/Scripts/daff.py for tasks to queue
[2025-03-31T10:07:45.952+0000] {logging_mixin.py:190} INFO - [2025-03-31T10:07:45.950+0000] {dagbag.py:588} INFO - Filling up the DagBag from /opt/airflow/dags/env/Scripts/daff.py
[2025-03-31T10:07:46.042+0000] {processor.py:927} WARNING - No viable dags retrieved from /opt/airflow/dags/env/Scripts/daff.py
[2025-03-31T10:07:46.086+0000] {processor.py:208} INFO - Processing /opt/airflow/dags/env/Scripts/daff.py took 0.166 seconds
[2025-03-31T10:08:16.698+0000] {processor.py:186} INFO - Started process (PID=9946) to work on /opt/airflow/dags/env/Scripts/daff.py
[2025-03-31T10:08:16.700+0000] {processor.py:914} INFO - Processing file /opt/airflow/dags/env/Scripts/daff.py for tasks to queue
[2025-03-31T10:08:16.708+0000] {logging_mixin.py:190} INFO - [2025-03-31T10:08:16.707+0000] {dagbag.py:588} INFO - Filling up the DagBag from /opt/airflow/dags/env/Scripts/daff.py
[2025-03-31T10:08:16.768+0000] {processor.py:927} WARNING - No viable dags retrieved from /opt/airflow/dags/env/Scripts/daff.py
[2025-03-31T10:08:16.798+0000] {processor.py:208} INFO - Processing /opt/airflow/dags/env/Scripts/daff.py took 0.108 seconds
[2025-03-31T10:09:03.710+0000] {processor.py:186} INFO - Started process (PID=9975) to work on /opt/airflow/dags/env/Scripts/daff.py
[2025-03-31T10:09:03.712+0000] {processor.py:914} INFO - Processing file /opt/airflow/dags/env/Scripts/daff.py for tasks to queue
[2025-03-31T10:09:03.716+0000] {logging_mixin.py:190} INFO - [2025-03-31T10:09:03.715+0000] {dagbag.py:588} INFO - Filling up the DagBag from /opt/airflow/dags/env/Scripts/daff.py
[2025-03-31T10:09:03.774+0000] {processor.py:927} WARNING - No viable dags retrieved from /opt/airflow/dags/env/Scripts/daff.py
[2025-03-31T10:09:03.820+0000] {processor.py:208} INFO - Processing /opt/airflow/dags/env/Scripts/daff.py took 0.120 seconds
[2025-03-31T10:09:36.362+0000] {processor.py:186} INFO - Started process (PID=9999) to work on /opt/airflow/dags/env/Scripts/daff.py
[2025-03-31T10:09:36.363+0000] {processor.py:914} INFO - Processing file /opt/airflow/dags/env/Scripts/daff.py for tasks to queue
[2025-03-31T10:09:36.368+0000] {logging_mixin.py:190} INFO - [2025-03-31T10:09:36.367+0000] {dagbag.py:588} INFO - Filling up the DagBag from /opt/airflow/dags/env/Scripts/daff.py
[2025-03-31T10:09:36.432+0000] {processor.py:927} WARNING - No viable dags retrieved from /opt/airflow/dags/env/Scripts/daff.py
[2025-03-31T10:09:36.467+0000] {processor.py:208} INFO - Processing /opt/airflow/dags/env/Scripts/daff.py took 0.116 seconds
[2025-03-31T10:12:39.566+0000] {processor.py:186} INFO - Started process (PID=10033) to work on /opt/airflow/dags/env/Scripts/daff.py
[2025-03-31T10:12:39.568+0000] {processor.py:914} INFO - Processing file /opt/airflow/dags/env/Scripts/daff.py for tasks to queue
[2025-03-31T10:12:39.573+0000] {logging_mixin.py:190} INFO - [2025-03-31T10:12:39.572+0000] {dagbag.py:588} INFO - Filling up the DagBag from /opt/airflow/dags/env/Scripts/daff.py
[2025-03-31T10:12:39.634+0000] {processor.py:927} WARNING - No viable dags retrieved from /opt/airflow/dags/env/Scripts/daff.py
[2025-03-31T10:12:39.663+0000] {processor.py:208} INFO - Processing /opt/airflow/dags/env/Scripts/daff.py took 0.109 seconds
[2025-03-31T10:13:11.593+0000] {processor.py:186} INFO - Started process (PID=10057) to work on /opt/airflow/dags/env/Scripts/daff.py
[2025-03-31T10:13:11.598+0000] {processor.py:914} INFO - Processing file /opt/airflow/dags/env/Scripts/daff.py for tasks to queue
[2025-03-31T10:13:11.612+0000] {logging_mixin.py:190} INFO - [2025-03-31T10:13:11.611+0000] {dagbag.py:588} INFO - Filling up the DagBag from /opt/airflow/dags/env/Scripts/daff.py
[2025-03-31T10:13:11.716+0000] {processor.py:927} WARNING - No viable dags retrieved from /opt/airflow/dags/env/Scripts/daff.py
[2025-03-31T10:13:11.748+0000] {processor.py:208} INFO - Processing /opt/airflow/dags/env/Scripts/daff.py took 0.179 seconds
[2025-03-31T10:14:04.967+0000] {processor.py:186} INFO - Started process (PID=10092) to work on /opt/airflow/dags/env/Scripts/daff.py
[2025-03-31T10:14:04.969+0000] {processor.py:914} INFO - Processing file /opt/airflow/dags/env/Scripts/daff.py for tasks to queue
[2025-03-31T10:14:04.974+0000] {logging_mixin.py:190} INFO - [2025-03-31T10:14:04.973+0000] {dagbag.py:588} INFO - Filling up the DagBag from /opt/airflow/dags/env/Scripts/daff.py
[2025-03-31T10:14:05.042+0000] {processor.py:927} WARNING - No viable dags retrieved from /opt/airflow/dags/env/Scripts/daff.py
[2025-03-31T10:14:05.079+0000] {processor.py:208} INFO - Processing /opt/airflow/dags/env/Scripts/daff.py took 0.126 seconds
[2025-03-31T10:14:36.739+0000] {processor.py:186} INFO - Started process (PID=10116) to work on /opt/airflow/dags/env/Scripts/daff.py
[2025-03-31T10:14:36.746+0000] {processor.py:914} INFO - Processing file /opt/airflow/dags/env/Scripts/daff.py for tasks to queue
[2025-03-31T10:14:36.753+0000] {logging_mixin.py:190} INFO - [2025-03-31T10:14:36.752+0000] {dagbag.py:588} INFO - Filling up the DagBag from /opt/airflow/dags/env/Scripts/daff.py
[2025-03-31T10:14:36.875+0000] {processor.py:927} WARNING - No viable dags retrieved from /opt/airflow/dags/env/Scripts/daff.py
[2025-03-31T10:14:36.917+0000] {processor.py:208} INFO - Processing /opt/airflow/dags/env/Scripts/daff.py took 0.205 seconds
[2025-03-31T10:17:45.753+0000] {processor.py:186} INFO - Started process (PID=10150) to work on /opt/airflow/dags/env/Scripts/daff.py
[2025-03-31T10:17:45.754+0000] {processor.py:914} INFO - Processing file /opt/airflow/dags/env/Scripts/daff.py for tasks to queue
[2025-03-31T10:17:45.759+0000] {logging_mixin.py:190} INFO - [2025-03-31T10:17:45.758+0000] {dagbag.py:588} INFO - Filling up the DagBag from /opt/airflow/dags/env/Scripts/daff.py
[2025-03-31T10:17:45.819+0000] {processor.py:927} WARNING - No viable dags retrieved from /opt/airflow/dags/env/Scripts/daff.py
[2025-03-31T10:17:45.861+0000] {processor.py:208} INFO - Processing /opt/airflow/dags/env/Scripts/daff.py took 0.118 seconds
[2025-03-31T10:18:19.440+0000] {processor.py:186} INFO - Started process (PID=10174) to work on /opt/airflow/dags/env/Scripts/daff.py
[2025-03-31T10:18:19.442+0000] {processor.py:914} INFO - Processing file /opt/airflow/dags/env/Scripts/daff.py for tasks to queue
[2025-03-31T10:18:19.447+0000] {logging_mixin.py:190} INFO - [2025-03-31T10:18:19.446+0000] {dagbag.py:588} INFO - Filling up the DagBag from /opt/airflow/dags/env/Scripts/daff.py
[2025-03-31T10:18:19.525+0000] {processor.py:927} WARNING - No viable dags retrieved from /opt/airflow/dags/env/Scripts/daff.py
[2025-03-31T10:18:19.560+0000] {processor.py:208} INFO - Processing /opt/airflow/dags/env/Scripts/daff.py took 0.132 seconds
[2025-03-31T10:19:07.119+0000] {processor.py:186} INFO - Started process (PID=10203) to work on /opt/airflow/dags/env/Scripts/daff.py
[2025-03-31T10:19:07.122+0000] {processor.py:914} INFO - Processing file /opt/airflow/dags/env/Scripts/daff.py for tasks to queue
[2025-03-31T10:19:07.131+0000] {logging_mixin.py:190} INFO - [2025-03-31T10:19:07.131+0000] {dagbag.py:588} INFO - Filling up the DagBag from /opt/airflow/dags/env/Scripts/daff.py
[2025-03-31T10:19:07.205+0000] {processor.py:927} WARNING - No viable dags retrieved from /opt/airflow/dags/env/Scripts/daff.py
[2025-03-31T10:19:07.260+0000] {processor.py:208} INFO - Processing /opt/airflow/dags/env/Scripts/daff.py took 0.158 seconds
[2025-03-31T10:19:38.357+0000] {processor.py:186} INFO - Started process (PID=10227) to work on /opt/airflow/dags/env/Scripts/daff.py
[2025-03-31T10:19:38.359+0000] {processor.py:914} INFO - Processing file /opt/airflow/dags/env/Scripts/daff.py for tasks to queue
[2025-03-31T10:19:38.363+0000] {logging_mixin.py:190} INFO - [2025-03-31T10:19:38.362+0000] {dagbag.py:588} INFO - Filling up the DagBag from /opt/airflow/dags/env/Scripts/daff.py
[2025-03-31T10:19:38.428+0000] {processor.py:927} WARNING - No viable dags retrieved from /opt/airflow/dags/env/Scripts/daff.py
[2025-03-31T10:19:38.461+0000] {processor.py:208} INFO - Processing /opt/airflow/dags/env/Scripts/daff.py took 0.116 seconds
[2025-03-31T10:43:37.101+0000] {processor.py:186} INFO - Started process (PID=10262) to work on /opt/airflow/dags/env/Scripts/daff.py
[2025-03-31T10:43:37.105+0000] {processor.py:914} INFO - Processing file /opt/airflow/dags/env/Scripts/daff.py for tasks to queue
[2025-03-31T10:43:37.109+0000] {logging_mixin.py:190} INFO - [2025-03-31T10:43:37.108+0000] {dagbag.py:588} INFO - Filling up the DagBag from /opt/airflow/dags/env/Scripts/daff.py
[2025-03-31T10:43:37.194+0000] {processor.py:927} WARNING - No viable dags retrieved from /opt/airflow/dags/env/Scripts/daff.py
[2025-03-31T10:43:37.238+0000] {processor.py:208} INFO - Processing /opt/airflow/dags/env/Scripts/daff.py took 0.148 seconds
[2025-03-31T10:44:07.862+0000] {processor.py:186} INFO - Started process (PID=10286) to work on /opt/airflow/dags/env/Scripts/daff.py
[2025-03-31T10:44:07.864+0000] {processor.py:914} INFO - Processing file /opt/airflow/dags/env/Scripts/daff.py for tasks to queue
[2025-03-31T10:44:07.869+0000] {logging_mixin.py:190} INFO - [2025-03-31T10:44:07.869+0000] {dagbag.py:588} INFO - Filling up the DagBag from /opt/airflow/dags/env/Scripts/daff.py
[2025-03-31T10:44:07.932+0000] {processor.py:927} WARNING - No viable dags retrieved from /opt/airflow/dags/env/Scripts/daff.py
[2025-03-31T10:44:07.964+0000] {processor.py:208} INFO - Processing /opt/airflow/dags/env/Scripts/daff.py took 0.111 seconds
[2025-03-31T10:45:06.248+0000] {processor.py:186} INFO - Started process (PID=10314) to work on /opt/airflow/dags/env/Scripts/daff.py
[2025-03-31T10:45:06.251+0000] {processor.py:914} INFO - Processing file /opt/airflow/dags/env/Scripts/daff.py for tasks to queue
[2025-03-31T10:45:06.258+0000] {logging_mixin.py:190} INFO - [2025-03-31T10:45:06.257+0000] {dagbag.py:588} INFO - Filling up the DagBag from /opt/airflow/dags/env/Scripts/daff.py
[2025-03-31T10:45:06.346+0000] {processor.py:927} WARNING - No viable dags retrieved from /opt/airflow/dags/env/Scripts/daff.py
[2025-03-31T10:45:06.409+0000] {processor.py:208} INFO - Processing /opt/airflow/dags/env/Scripts/daff.py took 0.180 seconds
[2025-03-31T11:08:34.516+0000] {processor.py:186} INFO - Started process (PID=10369) to work on /opt/airflow/dags/env/Scripts/daff.py
[2025-03-31T11:08:34.520+0000] {processor.py:914} INFO - Processing file /opt/airflow/dags/env/Scripts/daff.py for tasks to queue
[2025-03-31T11:08:34.528+0000] {logging_mixin.py:190} INFO - [2025-03-31T11:08:34.526+0000] {dagbag.py:588} INFO - Filling up the DagBag from /opt/airflow/dags/env/Scripts/daff.py
[2025-03-31T11:08:34.635+0000] {processor.py:927} WARNING - No viable dags retrieved from /opt/airflow/dags/env/Scripts/daff.py
[2025-03-31T11:08:34.691+0000] {processor.py:208} INFO - Processing /opt/airflow/dags/env/Scripts/daff.py took 0.190 seconds
[2025-03-31T11:17:16.468+0000] {processor.py:186} INFO - Started process (PID=10384) to work on /opt/airflow/dags/env/Scripts/daff.py
[2025-03-31T11:17:16.470+0000] {processor.py:914} INFO - Processing file /opt/airflow/dags/env/Scripts/daff.py for tasks to queue
[2025-03-31T11:17:16.474+0000] {logging_mixin.py:190} INFO - [2025-03-31T11:17:16.473+0000] {dagbag.py:588} INFO - Filling up the DagBag from /opt/airflow/dags/env/Scripts/daff.py
[2025-03-31T11:17:16.541+0000] {processor.py:927} WARNING - No viable dags retrieved from /opt/airflow/dags/env/Scripts/daff.py
[2025-03-31T11:17:16.572+0000] {processor.py:208} INFO - Processing /opt/airflow/dags/env/Scripts/daff.py took 0.115 seconds
[2025-03-31T11:34:52.957+0000] {processor.py:186} INFO - Started process (PID=10423) to work on /opt/airflow/dags/env/Scripts/daff.py
[2025-03-31T11:34:52.959+0000] {processor.py:914} INFO - Processing file /opt/airflow/dags/env/Scripts/daff.py for tasks to queue
[2025-03-31T11:34:52.965+0000] {logging_mixin.py:190} INFO - [2025-03-31T11:34:52.964+0000] {dagbag.py:588} INFO - Filling up the DagBag from /opt/airflow/dags/env/Scripts/daff.py
[2025-03-31T11:34:53.153+0000] {processor.py:927} WARNING - No viable dags retrieved from /opt/airflow/dags/env/Scripts/daff.py
[2025-03-31T11:34:53.228+0000] {processor.py:208} INFO - Processing /opt/airflow/dags/env/Scripts/daff.py took 0.289 seconds
