[2025-03-31T07:27:32.798+0000] {processor.py:186} INFO - Started process (PID=7700) to work on /opt/airflow/dags/env/Scripts/daff.exe
[2025-03-31T07:27:32.800+0000] {processor.py:914} INFO - Processing file /opt/airflow/dags/env/Scripts/daff.exe for tasks to queue
[2025-03-31T07:27:32.804+0000] {logging_mixin.py:190} INFO - [2025-03-31T07:27:32.803+0000] {dagbag.py:588} INFO - Filling up the DagBag from /opt/airflow/dags/env/Scripts/daff.exe
[2025-03-31T07:27:32.820+0000] {logging_mixin.py:190} INFO - [2025-03-31T07:27:32.820+0000] {dagbag.py:435} INFO - File /opt/airflow/dags/env/Scripts/daff.exe:__main__.py assumed to contain no DAGs. Skipping.
[2025-03-31T07:27:32.822+0000] {processor.py:927} WARNING - No viable dags retrieved from /opt/airflow/dags/env/Scripts/daff.exe
[2025-03-31T07:27:32.852+0000] {processor.py:208} INFO - Processing /opt/airflow/dags/env/Scripts/daff.exe took 0.065 seconds
[2025-03-31T07:28:04.766+0000] {processor.py:186} INFO - Started process (PID=7724) to work on /opt/airflow/dags/env/Scripts/daff.exe
[2025-03-31T07:28:04.768+0000] {processor.py:914} INFO - Processing file /opt/airflow/dags/env/Scripts/daff.exe for tasks to queue
[2025-03-31T07:28:04.773+0000] {logging_mixin.py:190} INFO - [2025-03-31T07:28:04.772+0000] {dagbag.py:588} INFO - Filling up the DagBag from /opt/airflow/dags/env/Scripts/daff.exe
[2025-03-31T07:28:04.793+0000] {logging_mixin.py:190} INFO - [2025-03-31T07:28:04.792+0000] {dagbag.py:435} INFO - File /opt/airflow/dags/env/Scripts/daff.exe:__main__.py assumed to contain no DAGs. Skipping.
[2025-03-31T07:28:04.794+0000] {processor.py:927} WARNING - No viable dags retrieved from /opt/airflow/dags/env/Scripts/daff.exe
[2025-03-31T07:28:04.828+0000] {processor.py:208} INFO - Processing /opt/airflow/dags/env/Scripts/daff.exe took 0.075 seconds
[2025-03-31T08:42:42.289+0000] {processor.py:186} INFO - Started process (PID=8052) to work on /opt/airflow/dags/env/Scripts/daff.exe
[2025-03-31T08:42:42.291+0000] {processor.py:914} INFO - Processing file /opt/airflow/dags/env/Scripts/daff.exe for tasks to queue
[2025-03-31T08:42:42.297+0000] {logging_mixin.py:190} INFO - [2025-03-31T08:42:42.296+0000] {dagbag.py:588} INFO - Filling up the DagBag from /opt/airflow/dags/env/Scripts/daff.exe
[2025-03-31T08:42:42.317+0000] {logging_mixin.py:190} INFO - [2025-03-31T08:42:42.316+0000] {dagbag.py:435} INFO - File /opt/airflow/dags/env/Scripts/daff.exe:__main__.py assumed to contain no DAGs. Skipping.
[2025-03-31T08:42:42.318+0000] {processor.py:927} WARNING - No viable dags retrieved from /opt/airflow/dags/env/Scripts/daff.exe
[2025-03-31T08:42:42.352+0000] {processor.py:208} INFO - Processing /opt/airflow/dags/env/Scripts/daff.exe took 0.074 seconds
[2025-03-31T08:43:13.567+0000] {processor.py:186} INFO - Started process (PID=8076) to work on /opt/airflow/dags/env/Scripts/daff.exe
[2025-03-31T08:43:13.571+0000] {processor.py:914} INFO - Processing file /opt/airflow/dags/env/Scripts/daff.exe for tasks to queue
[2025-03-31T08:43:13.580+0000] {logging_mixin.py:190} INFO - [2025-03-31T08:43:13.579+0000] {dagbag.py:588} INFO - Filling up the DagBag from /opt/airflow/dags/env/Scripts/daff.exe
[2025-03-31T08:43:13.601+0000] {logging_mixin.py:190} INFO - [2025-03-31T08:43:13.600+0000] {dagbag.py:435} INFO - File /opt/airflow/dags/env/Scripts/daff.exe:__main__.py assumed to contain no DAGs. Skipping.
[2025-03-31T08:43:13.603+0000] {processor.py:927} WARNING - No viable dags retrieved from /opt/airflow/dags/env/Scripts/daff.exe
[2025-03-31T08:43:13.646+0000] {processor.py:208} INFO - Processing /opt/airflow/dags/env/Scripts/daff.exe took 0.099 seconds
[2025-03-31T08:43:48.429+0000] {processor.py:186} INFO - Started process (PID=8092) to work on /opt/airflow/dags/env/Scripts/daff.exe
[2025-03-31T08:43:48.431+0000] {processor.py:914} INFO - Processing file /opt/airflow/dags/env/Scripts/daff.exe for tasks to queue
[2025-03-31T08:43:48.435+0000] {logging_mixin.py:190} INFO - [2025-03-31T08:43:48.434+0000] {dagbag.py:588} INFO - Filling up the DagBag from /opt/airflow/dags/env/Scripts/daff.exe
[2025-03-31T08:43:48.450+0000] {logging_mixin.py:190} INFO - [2025-03-31T08:43:48.449+0000] {dagbag.py:435} INFO - File /opt/airflow/dags/env/Scripts/daff.exe:__main__.py assumed to contain no DAGs. Skipping.
[2025-03-31T08:43:48.451+0000] {processor.py:927} WARNING - No viable dags retrieved from /opt/airflow/dags/env/Scripts/daff.exe
[2025-03-31T08:43:48.481+0000] {processor.py:208} INFO - Processing /opt/airflow/dags/env/Scripts/daff.exe took 0.063 seconds
[2025-03-31T08:44:20.031+0000] {processor.py:186} INFO - Started process (PID=8116) to work on /opt/airflow/dags/env/Scripts/daff.exe
[2025-03-31T08:44:20.034+0000] {processor.py:914} INFO - Processing file /opt/airflow/dags/env/Scripts/daff.exe for tasks to queue
[2025-03-31T08:44:20.039+0000] {logging_mixin.py:190} INFO - [2025-03-31T08:44:20.038+0000] {dagbag.py:588} INFO - Filling up the DagBag from /opt/airflow/dags/env/Scripts/daff.exe
[2025-03-31T08:44:20.055+0000] {logging_mixin.py:190} INFO - [2025-03-31T08:44:20.055+0000] {dagbag.py:435} INFO - File /opt/airflow/dags/env/Scripts/daff.exe:__main__.py assumed to contain no DAGs. Skipping.
[2025-03-31T08:44:20.056+0000] {processor.py:927} WARNING - No viable dags retrieved from /opt/airflow/dags/env/Scripts/daff.exe
[2025-03-31T08:44:20.090+0000] {processor.py:208} INFO - Processing /opt/airflow/dags/env/Scripts/daff.exe took 0.073 seconds
[2025-03-31T08:47:29.130+0000] {processor.py:186} INFO - Started process (PID=8154) to work on /opt/airflow/dags/env/Scripts/daff.exe
[2025-03-31T08:47:29.132+0000] {processor.py:914} INFO - Processing file /opt/airflow/dags/env/Scripts/daff.exe for tasks to queue
[2025-03-31T08:47:29.139+0000] {logging_mixin.py:190} INFO - [2025-03-31T08:47:29.138+0000] {dagbag.py:588} INFO - Filling up the DagBag from /opt/airflow/dags/env/Scripts/daff.exe
[2025-03-31T08:47:29.164+0000] {logging_mixin.py:190} INFO - [2025-03-31T08:47:29.163+0000] {dagbag.py:435} INFO - File /opt/airflow/dags/env/Scripts/daff.exe:__main__.py assumed to contain no DAGs. Skipping.
[2025-03-31T08:47:29.166+0000] {processor.py:927} WARNING - No viable dags retrieved from /opt/airflow/dags/env/Scripts/daff.exe
[2025-03-31T08:47:29.211+0000] {processor.py:208} INFO - Processing /opt/airflow/dags/env/Scripts/daff.exe took 0.097 seconds
[2025-03-31T08:48:01.441+0000] {processor.py:186} INFO - Started process (PID=8178) to work on /opt/airflow/dags/env/Scripts/daff.exe
[2025-03-31T08:48:01.442+0000] {processor.py:914} INFO - Processing file /opt/airflow/dags/env/Scripts/daff.exe for tasks to queue
[2025-03-31T08:48:01.447+0000] {logging_mixin.py:190} INFO - [2025-03-31T08:48:01.446+0000] {dagbag.py:588} INFO - Filling up the DagBag from /opt/airflow/dags/env/Scripts/daff.exe
[2025-03-31T08:48:01.461+0000] {logging_mixin.py:190} INFO - [2025-03-31T08:48:01.460+0000] {dagbag.py:435} INFO - File /opt/airflow/dags/env/Scripts/daff.exe:__main__.py assumed to contain no DAGs. Skipping.
[2025-03-31T08:48:01.462+0000] {processor.py:927} WARNING - No viable dags retrieved from /opt/airflow/dags/env/Scripts/daff.exe
[2025-03-31T08:48:01.491+0000] {processor.py:208} INFO - Processing /opt/airflow/dags/env/Scripts/daff.exe took 0.062 seconds
[2025-03-31T08:48:53.007+0000] {processor.py:186} INFO - Started process (PID=8208) to work on /opt/airflow/dags/env/Scripts/daff.exe
[2025-03-31T08:48:53.009+0000] {processor.py:914} INFO - Processing file /opt/airflow/dags/env/Scripts/daff.exe for tasks to queue
[2025-03-31T08:48:53.024+0000] {logging_mixin.py:190} INFO - [2025-03-31T08:48:53.023+0000] {dagbag.py:588} INFO - Filling up the DagBag from /opt/airflow/dags/env/Scripts/daff.exe
[2025-03-31T08:48:53.043+0000] {logging_mixin.py:190} INFO - [2025-03-31T08:48:53.042+0000] {dagbag.py:435} INFO - File /opt/airflow/dags/env/Scripts/daff.exe:__main__.py assumed to contain no DAGs. Skipping.
[2025-03-31T08:48:53.044+0000] {processor.py:927} WARNING - No viable dags retrieved from /opt/airflow/dags/env/Scripts/daff.exe
[2025-03-31T08:48:53.131+0000] {processor.py:208} INFO - Processing /opt/airflow/dags/env/Scripts/daff.exe took 0.144 seconds
[2025-03-31T08:49:24.991+0000] {processor.py:186} INFO - Started process (PID=8232) to work on /opt/airflow/dags/env/Scripts/daff.exe
[2025-03-31T08:49:24.993+0000] {processor.py:914} INFO - Processing file /opt/airflow/dags/env/Scripts/daff.exe for tasks to queue
[2025-03-31T08:49:24.997+0000] {logging_mixin.py:190} INFO - [2025-03-31T08:49:24.996+0000] {dagbag.py:588} INFO - Filling up the DagBag from /opt/airflow/dags/env/Scripts/daff.exe
[2025-03-31T08:49:25.011+0000] {logging_mixin.py:190} INFO - [2025-03-31T08:49:25.010+0000] {dagbag.py:435} INFO - File /opt/airflow/dags/env/Scripts/daff.exe:__main__.py assumed to contain no DAGs. Skipping.
[2025-03-31T08:49:25.012+0000] {processor.py:927} WARNING - No viable dags retrieved from /opt/airflow/dags/env/Scripts/daff.exe
[2025-03-31T08:49:25.041+0000] {processor.py:208} INFO - Processing /opt/airflow/dags/env/Scripts/daff.exe took 0.063 seconds
[2025-03-31T08:52:28.451+0000] {processor.py:186} INFO - Started process (PID=8266) to work on /opt/airflow/dags/env/Scripts/daff.exe
[2025-03-31T08:52:28.454+0000] {processor.py:914} INFO - Processing file /opt/airflow/dags/env/Scripts/daff.exe for tasks to queue
[2025-03-31T08:52:28.464+0000] {logging_mixin.py:190} INFO - [2025-03-31T08:52:28.463+0000] {dagbag.py:588} INFO - Filling up the DagBag from /opt/airflow/dags/env/Scripts/daff.exe
[2025-03-31T08:52:28.481+0000] {logging_mixin.py:190} INFO - [2025-03-31T08:52:28.481+0000] {dagbag.py:435} INFO - File /opt/airflow/dags/env/Scripts/daff.exe:__main__.py assumed to contain no DAGs. Skipping.
[2025-03-31T08:52:28.483+0000] {processor.py:927} WARNING - No viable dags retrieved from /opt/airflow/dags/env/Scripts/daff.exe
[2025-03-31T08:52:28.518+0000] {processor.py:208} INFO - Processing /opt/airflow/dags/env/Scripts/daff.exe took 0.085 seconds
[2025-03-31T08:53:04.034+0000] {processor.py:186} INFO - Started process (PID=8290) to work on /opt/airflow/dags/env/Scripts/daff.exe
[2025-03-31T08:53:04.047+0000] {processor.py:914} INFO - Processing file /opt/airflow/dags/env/Scripts/daff.exe for tasks to queue
[2025-03-31T08:53:04.063+0000] {logging_mixin.py:190} INFO - [2025-03-31T08:53:04.062+0000] {dagbag.py:588} INFO - Filling up the DagBag from /opt/airflow/dags/env/Scripts/daff.exe
[2025-03-31T08:53:04.087+0000] {logging_mixin.py:190} INFO - [2025-03-31T08:53:04.087+0000] {dagbag.py:435} INFO - File /opt/airflow/dags/env/Scripts/daff.exe:__main__.py assumed to contain no DAGs. Skipping.
[2025-03-31T08:53:04.090+0000] {processor.py:927} WARNING - No viable dags retrieved from /opt/airflow/dags/env/Scripts/daff.exe
[2025-03-31T08:53:04.148+0000] {processor.py:208} INFO - Processing /opt/airflow/dags/env/Scripts/daff.exe took 0.161 seconds
[2025-03-31T08:53:57.827+0000] {processor.py:186} INFO - Started process (PID=8320) to work on /opt/airflow/dags/env/Scripts/daff.exe
[2025-03-31T08:53:57.829+0000] {processor.py:914} INFO - Processing file /opt/airflow/dags/env/Scripts/daff.exe for tasks to queue
[2025-03-31T08:53:57.835+0000] {logging_mixin.py:190} INFO - [2025-03-31T08:53:57.834+0000] {dagbag.py:588} INFO - Filling up the DagBag from /opt/airflow/dags/env/Scripts/daff.exe
[2025-03-31T08:53:57.852+0000] {logging_mixin.py:190} INFO - [2025-03-31T08:53:57.852+0000] {dagbag.py:435} INFO - File /opt/airflow/dags/env/Scripts/daff.exe:__main__.py assumed to contain no DAGs. Skipping.
[2025-03-31T08:53:57.854+0000] {processor.py:927} WARNING - No viable dags retrieved from /opt/airflow/dags/env/Scripts/daff.exe
[2025-03-31T08:53:57.900+0000] {processor.py:208} INFO - Processing /opt/airflow/dags/env/Scripts/daff.exe took 0.087 seconds
[2025-03-31T08:54:30.310+0000] {processor.py:186} INFO - Started process (PID=8344) to work on /opt/airflow/dags/env/Scripts/daff.exe
[2025-03-31T08:54:30.312+0000] {processor.py:914} INFO - Processing file /opt/airflow/dags/env/Scripts/daff.exe for tasks to queue
[2025-03-31T08:54:30.317+0000] {logging_mixin.py:190} INFO - [2025-03-31T08:54:30.316+0000] {dagbag.py:588} INFO - Filling up the DagBag from /opt/airflow/dags/env/Scripts/daff.exe
[2025-03-31T08:54:30.334+0000] {logging_mixin.py:190} INFO - [2025-03-31T08:54:30.334+0000] {dagbag.py:435} INFO - File /opt/airflow/dags/env/Scripts/daff.exe:__main__.py assumed to contain no DAGs. Skipping.
[2025-03-31T08:54:30.337+0000] {processor.py:927} WARNING - No viable dags retrieved from /opt/airflow/dags/env/Scripts/daff.exe
[2025-03-31T08:54:30.369+0000] {processor.py:208} INFO - Processing /opt/airflow/dags/env/Scripts/daff.exe took 0.071 seconds
[2025-03-31T08:57:26.975+0000] {processor.py:186} INFO - Started process (PID=8373) to work on /opt/airflow/dags/env/Scripts/daff.exe
[2025-03-31T08:57:26.977+0000] {processor.py:914} INFO - Processing file /opt/airflow/dags/env/Scripts/daff.exe for tasks to queue
[2025-03-31T08:57:26.982+0000] {logging_mixin.py:190} INFO - [2025-03-31T08:57:26.982+0000] {dagbag.py:588} INFO - Filling up the DagBag from /opt/airflow/dags/env/Scripts/daff.exe
[2025-03-31T08:57:26.996+0000] {logging_mixin.py:190} INFO - [2025-03-31T08:57:26.996+0000] {dagbag.py:435} INFO - File /opt/airflow/dags/env/Scripts/daff.exe:__main__.py assumed to contain no DAGs. Skipping.
[2025-03-31T08:57:26.998+0000] {processor.py:927} WARNING - No viable dags retrieved from /opt/airflow/dags/env/Scripts/daff.exe
[2025-03-31T08:57:27.026+0000] {processor.py:208} INFO - Processing /opt/airflow/dags/env/Scripts/daff.exe took 0.061 seconds
[2025-03-31T08:57:58.104+0000] {processor.py:186} INFO - Started process (PID=8397) to work on /opt/airflow/dags/env/Scripts/daff.exe
[2025-03-31T08:57:58.106+0000] {processor.py:914} INFO - Processing file /opt/airflow/dags/env/Scripts/daff.exe for tasks to queue
[2025-03-31T08:57:58.116+0000] {logging_mixin.py:190} INFO - [2025-03-31T08:57:58.115+0000] {dagbag.py:588} INFO - Filling up the DagBag from /opt/airflow/dags/env/Scripts/daff.exe
[2025-03-31T08:57:58.139+0000] {logging_mixin.py:190} INFO - [2025-03-31T08:57:58.138+0000] {dagbag.py:435} INFO - File /opt/airflow/dags/env/Scripts/daff.exe:__main__.py assumed to contain no DAGs. Skipping.
[2025-03-31T08:57:58.141+0000] {processor.py:927} WARNING - No viable dags retrieved from /opt/airflow/dags/env/Scripts/daff.exe
[2025-03-31T08:57:58.184+0000] {processor.py:208} INFO - Processing /opt/airflow/dags/env/Scripts/daff.exe took 0.095 seconds
[2025-03-31T08:58:54.591+0000] {processor.py:186} INFO - Started process (PID=8432) to work on /opt/airflow/dags/env/Scripts/daff.exe
[2025-03-31T08:58:54.593+0000] {processor.py:914} INFO - Processing file /opt/airflow/dags/env/Scripts/daff.exe for tasks to queue
[2025-03-31T08:58:54.599+0000] {logging_mixin.py:190} INFO - [2025-03-31T08:58:54.598+0000] {dagbag.py:588} INFO - Filling up the DagBag from /opt/airflow/dags/env/Scripts/daff.exe
[2025-03-31T08:58:54.614+0000] {logging_mixin.py:190} INFO - [2025-03-31T08:58:54.614+0000] {dagbag.py:435} INFO - File /opt/airflow/dags/env/Scripts/daff.exe:__main__.py assumed to contain no DAGs. Skipping.
[2025-03-31T08:58:54.615+0000] {processor.py:927} WARNING - No viable dags retrieved from /opt/airflow/dags/env/Scripts/daff.exe
[2025-03-31T08:58:54.643+0000] {processor.py:208} INFO - Processing /opt/airflow/dags/env/Scripts/daff.exe took 0.067 seconds
[2025-03-31T08:59:25.605+0000] {processor.py:186} INFO - Started process (PID=8456) to work on /opt/airflow/dags/env/Scripts/daff.exe
[2025-03-31T08:59:25.607+0000] {processor.py:914} INFO - Processing file /opt/airflow/dags/env/Scripts/daff.exe for tasks to queue
[2025-03-31T08:59:25.611+0000] {logging_mixin.py:190} INFO - [2025-03-31T08:59:25.610+0000] {dagbag.py:588} INFO - Filling up the DagBag from /opt/airflow/dags/env/Scripts/daff.exe
[2025-03-31T08:59:25.625+0000] {logging_mixin.py:190} INFO - [2025-03-31T08:59:25.624+0000] {dagbag.py:435} INFO - File /opt/airflow/dags/env/Scripts/daff.exe:__main__.py assumed to contain no DAGs. Skipping.
[2025-03-31T08:59:25.626+0000] {processor.py:927} WARNING - No viable dags retrieved from /opt/airflow/dags/env/Scripts/daff.exe
[2025-03-31T08:59:25.654+0000] {processor.py:208} INFO - Processing /opt/airflow/dags/env/Scripts/daff.exe took 0.062 seconds
[2025-03-31T09:02:35.929+0000] {processor.py:186} INFO - Started process (PID=8490) to work on /opt/airflow/dags/env/Scripts/daff.exe
[2025-03-31T09:02:35.931+0000] {processor.py:914} INFO - Processing file /opt/airflow/dags/env/Scripts/daff.exe for tasks to queue
[2025-03-31T09:02:35.938+0000] {logging_mixin.py:190} INFO - [2025-03-31T09:02:35.937+0000] {dagbag.py:588} INFO - Filling up the DagBag from /opt/airflow/dags/env/Scripts/daff.exe
[2025-03-31T09:02:35.952+0000] {logging_mixin.py:190} INFO - [2025-03-31T09:02:35.951+0000] {dagbag.py:435} INFO - File /opt/airflow/dags/env/Scripts/daff.exe:__main__.py assumed to contain no DAGs. Skipping.
[2025-03-31T09:02:35.953+0000] {processor.py:927} WARNING - No viable dags retrieved from /opt/airflow/dags/env/Scripts/daff.exe
[2025-03-31T09:02:35.986+0000] {processor.py:208} INFO - Processing /opt/airflow/dags/env/Scripts/daff.exe took 0.064 seconds
[2025-03-31T09:03:07.506+0000] {processor.py:186} INFO - Started process (PID=8514) to work on /opt/airflow/dags/env/Scripts/daff.exe
[2025-03-31T09:03:07.509+0000] {processor.py:914} INFO - Processing file /opt/airflow/dags/env/Scripts/daff.exe for tasks to queue
[2025-03-31T09:03:07.516+0000] {logging_mixin.py:190} INFO - [2025-03-31T09:03:07.515+0000] {dagbag.py:588} INFO - Filling up the DagBag from /opt/airflow/dags/env/Scripts/daff.exe
[2025-03-31T09:03:07.536+0000] {logging_mixin.py:190} INFO - [2025-03-31T09:03:07.535+0000] {dagbag.py:435} INFO - File /opt/airflow/dags/env/Scripts/daff.exe:__main__.py assumed to contain no DAGs. Skipping.
[2025-03-31T09:03:07.538+0000] {processor.py:927} WARNING - No viable dags retrieved from /opt/airflow/dags/env/Scripts/daff.exe
[2025-03-31T09:03:07.576+0000] {processor.py:208} INFO - Processing /opt/airflow/dags/env/Scripts/daff.exe took 0.081 seconds
[2025-03-31T09:04:05.868+0000] {processor.py:186} INFO - Started process (PID=8543) to work on /opt/airflow/dags/env/Scripts/daff.exe
[2025-03-31T09:04:05.869+0000] {processor.py:914} INFO - Processing file /opt/airflow/dags/env/Scripts/daff.exe for tasks to queue
[2025-03-31T09:04:05.874+0000] {logging_mixin.py:190} INFO - [2025-03-31T09:04:05.873+0000] {dagbag.py:588} INFO - Filling up the DagBag from /opt/airflow/dags/env/Scripts/daff.exe
[2025-03-31T09:04:05.888+0000] {logging_mixin.py:190} INFO - [2025-03-31T09:04:05.888+0000] {dagbag.py:435} INFO - File /opt/airflow/dags/env/Scripts/daff.exe:__main__.py assumed to contain no DAGs. Skipping.
[2025-03-31T09:04:05.890+0000] {processor.py:927} WARNING - No viable dags retrieved from /opt/airflow/dags/env/Scripts/daff.exe
[2025-03-31T09:04:05.919+0000] {processor.py:208} INFO - Processing /opt/airflow/dags/env/Scripts/daff.exe took 0.064 seconds
[2025-03-31T09:04:37.971+0000] {processor.py:186} INFO - Started process (PID=8567) to work on /opt/airflow/dags/env/Scripts/daff.exe
[2025-03-31T09:04:37.973+0000] {processor.py:914} INFO - Processing file /opt/airflow/dags/env/Scripts/daff.exe for tasks to queue
[2025-03-31T09:04:37.981+0000] {logging_mixin.py:190} INFO - [2025-03-31T09:04:37.979+0000] {dagbag.py:588} INFO - Filling up the DagBag from /opt/airflow/dags/env/Scripts/daff.exe
[2025-03-31T09:04:38.002+0000] {logging_mixin.py:190} INFO - [2025-03-31T09:04:38.001+0000] {dagbag.py:435} INFO - File /opt/airflow/dags/env/Scripts/daff.exe:__main__.py assumed to contain no DAGs. Skipping.
[2025-03-31T09:04:38.004+0000] {processor.py:927} WARNING - No viable dags retrieved from /opt/airflow/dags/env/Scripts/daff.exe
[2025-03-31T09:04:38.043+0000] {processor.py:208} INFO - Processing /opt/airflow/dags/env/Scripts/daff.exe took 0.090 seconds
[2025-03-31T09:07:33.933+0000] {processor.py:186} INFO - Started process (PID=8592) to work on /opt/airflow/dags/env/Scripts/daff.exe
[2025-03-31T09:07:33.936+0000] {processor.py:914} INFO - Processing file /opt/airflow/dags/env/Scripts/daff.exe for tasks to queue
[2025-03-31T09:07:33.945+0000] {logging_mixin.py:190} INFO - [2025-03-31T09:07:33.944+0000] {dagbag.py:588} INFO - Filling up the DagBag from /opt/airflow/dags/env/Scripts/daff.exe
[2025-03-31T09:07:33.966+0000] {logging_mixin.py:190} INFO - [2025-03-31T09:07:33.966+0000] {dagbag.py:435} INFO - File /opt/airflow/dags/env/Scripts/daff.exe:__main__.py assumed to contain no DAGs. Skipping.
[2025-03-31T09:07:33.968+0000] {processor.py:927} WARNING - No viable dags retrieved from /opt/airflow/dags/env/Scripts/daff.exe
[2025-03-31T09:07:34.019+0000] {processor.py:208} INFO - Processing /opt/airflow/dags/env/Scripts/daff.exe took 0.119 seconds
[2025-03-31T09:08:06.263+0000] {processor.py:186} INFO - Started process (PID=8616) to work on /opt/airflow/dags/env/Scripts/daff.exe
[2025-03-31T09:08:06.265+0000] {processor.py:914} INFO - Processing file /opt/airflow/dags/env/Scripts/daff.exe for tasks to queue
[2025-03-31T09:08:06.272+0000] {logging_mixin.py:190} INFO - [2025-03-31T09:08:06.271+0000] {dagbag.py:588} INFO - Filling up the DagBag from /opt/airflow/dags/env/Scripts/daff.exe
[2025-03-31T09:08:06.290+0000] {logging_mixin.py:190} INFO - [2025-03-31T09:08:06.289+0000] {dagbag.py:435} INFO - File /opt/airflow/dags/env/Scripts/daff.exe:__main__.py assumed to contain no DAGs. Skipping.
[2025-03-31T09:08:06.292+0000] {processor.py:927} WARNING - No viable dags retrieved from /opt/airflow/dags/env/Scripts/daff.exe
[2025-03-31T09:08:06.329+0000] {processor.py:208} INFO - Processing /opt/airflow/dags/env/Scripts/daff.exe took 0.082 seconds
[2025-03-31T09:09:03.148+0000] {processor.py:186} INFO - Started process (PID=8644) to work on /opt/airflow/dags/env/Scripts/daff.exe
[2025-03-31T09:09:03.150+0000] {processor.py:914} INFO - Processing file /opt/airflow/dags/env/Scripts/daff.exe for tasks to queue
[2025-03-31T09:09:03.154+0000] {logging_mixin.py:190} INFO - [2025-03-31T09:09:03.153+0000] {dagbag.py:588} INFO - Filling up the DagBag from /opt/airflow/dags/env/Scripts/daff.exe
[2025-03-31T09:09:03.169+0000] {logging_mixin.py:190} INFO - [2025-03-31T09:09:03.169+0000] {dagbag.py:435} INFO - File /opt/airflow/dags/env/Scripts/daff.exe:__main__.py assumed to contain no DAGs. Skipping.
[2025-03-31T09:09:03.171+0000] {processor.py:927} WARNING - No viable dags retrieved from /opt/airflow/dags/env/Scripts/daff.exe
[2025-03-31T09:09:03.201+0000] {processor.py:208} INFO - Processing /opt/airflow/dags/env/Scripts/daff.exe took 0.065 seconds
[2025-03-31T09:09:34.205+0000] {processor.py:186} INFO - Started process (PID=8668) to work on /opt/airflow/dags/env/Scripts/daff.exe
[2025-03-31T09:09:34.207+0000] {processor.py:914} INFO - Processing file /opt/airflow/dags/env/Scripts/daff.exe for tasks to queue
[2025-03-31T09:09:34.218+0000] {logging_mixin.py:190} INFO - [2025-03-31T09:09:34.216+0000] {dagbag.py:588} INFO - Filling up the DagBag from /opt/airflow/dags/env/Scripts/daff.exe
[2025-03-31T09:09:34.238+0000] {logging_mixin.py:190} INFO - [2025-03-31T09:09:34.237+0000] {dagbag.py:435} INFO - File /opt/airflow/dags/env/Scripts/daff.exe:__main__.py assumed to contain no DAGs. Skipping.
[2025-03-31T09:09:34.240+0000] {processor.py:927} WARNING - No viable dags retrieved from /opt/airflow/dags/env/Scripts/daff.exe
[2025-03-31T09:09:34.288+0000] {processor.py:208} INFO - Processing /opt/airflow/dags/env/Scripts/daff.exe took 0.110 seconds
[2025-03-31T09:12:29.428+0000] {processor.py:186} INFO - Started process (PID=8697) to work on /opt/airflow/dags/env/Scripts/daff.exe
[2025-03-31T09:12:29.429+0000] {processor.py:914} INFO - Processing file /opt/airflow/dags/env/Scripts/daff.exe for tasks to queue
[2025-03-31T09:12:29.434+0000] {logging_mixin.py:190} INFO - [2025-03-31T09:12:29.433+0000] {dagbag.py:588} INFO - Filling up the DagBag from /opt/airflow/dags/env/Scripts/daff.exe
[2025-03-31T09:12:29.448+0000] {logging_mixin.py:190} INFO - [2025-03-31T09:12:29.447+0000] {dagbag.py:435} INFO - File /opt/airflow/dags/env/Scripts/daff.exe:__main__.py assumed to contain no DAGs. Skipping.
[2025-03-31T09:12:29.450+0000] {processor.py:927} WARNING - No viable dags retrieved from /opt/airflow/dags/env/Scripts/daff.exe
[2025-03-31T09:12:29.479+0000] {processor.py:208} INFO - Processing /opt/airflow/dags/env/Scripts/daff.exe took 0.063 seconds
[2025-03-31T09:13:00.488+0000] {processor.py:186} INFO - Started process (PID=8721) to work on /opt/airflow/dags/env/Scripts/daff.exe
[2025-03-31T09:13:00.491+0000] {processor.py:914} INFO - Processing file /opt/airflow/dags/env/Scripts/daff.exe for tasks to queue
[2025-03-31T09:13:00.504+0000] {logging_mixin.py:190} INFO - [2025-03-31T09:13:00.503+0000] {dagbag.py:588} INFO - Filling up the DagBag from /opt/airflow/dags/env/Scripts/daff.exe
[2025-03-31T09:13:00.527+0000] {logging_mixin.py:190} INFO - [2025-03-31T09:13:00.527+0000] {dagbag.py:435} INFO - File /opt/airflow/dags/env/Scripts/daff.exe:__main__.py assumed to contain no DAGs. Skipping.
[2025-03-31T09:13:00.529+0000] {processor.py:927} WARNING - No viable dags retrieved from /opt/airflow/dags/env/Scripts/daff.exe
[2025-03-31T09:13:00.590+0000] {processor.py:208} INFO - Processing /opt/airflow/dags/env/Scripts/daff.exe took 0.123 seconds
[2025-03-31T09:13:55.409+0000] {processor.py:186} INFO - Started process (PID=8755) to work on /opt/airflow/dags/env/Scripts/daff.exe
[2025-03-31T09:13:55.412+0000] {processor.py:914} INFO - Processing file /opt/airflow/dags/env/Scripts/daff.exe for tasks to queue
[2025-03-31T09:13:55.417+0000] {logging_mixin.py:190} INFO - [2025-03-31T09:13:55.416+0000] {dagbag.py:588} INFO - Filling up the DagBag from /opt/airflow/dags/env/Scripts/daff.exe
[2025-03-31T09:13:55.436+0000] {logging_mixin.py:190} INFO - [2025-03-31T09:13:55.436+0000] {dagbag.py:435} INFO - File /opt/airflow/dags/env/Scripts/daff.exe:__main__.py assumed to contain no DAGs. Skipping.
[2025-03-31T09:13:55.438+0000] {processor.py:927} WARNING - No viable dags retrieved from /opt/airflow/dags/env/Scripts/daff.exe
[2025-03-31T09:13:55.480+0000] {processor.py:208} INFO - Processing /opt/airflow/dags/env/Scripts/daff.exe took 0.086 seconds
[2025-03-31T09:14:27.455+0000] {processor.py:186} INFO - Started process (PID=8779) to work on /opt/airflow/dags/env/Scripts/daff.exe
[2025-03-31T09:14:27.457+0000] {processor.py:914} INFO - Processing file /opt/airflow/dags/env/Scripts/daff.exe for tasks to queue
[2025-03-31T09:14:27.461+0000] {logging_mixin.py:190} INFO - [2025-03-31T09:14:27.460+0000] {dagbag.py:588} INFO - Filling up the DagBag from /opt/airflow/dags/env/Scripts/daff.exe
[2025-03-31T09:14:27.476+0000] {logging_mixin.py:190} INFO - [2025-03-31T09:14:27.475+0000] {dagbag.py:435} INFO - File /opt/airflow/dags/env/Scripts/daff.exe:__main__.py assumed to contain no DAGs. Skipping.
[2025-03-31T09:14:27.477+0000] {processor.py:927} WARNING - No viable dags retrieved from /opt/airflow/dags/env/Scripts/daff.exe
[2025-03-31T09:14:27.515+0000] {processor.py:208} INFO - Processing /opt/airflow/dags/env/Scripts/daff.exe took 0.068 seconds
[2025-03-31T09:17:31.510+0000] {processor.py:186} INFO - Started process (PID=8813) to work on /opt/airflow/dags/env/Scripts/daff.exe
[2025-03-31T09:17:31.512+0000] {processor.py:914} INFO - Processing file /opt/airflow/dags/env/Scripts/daff.exe for tasks to queue
[2025-03-31T09:17:31.515+0000] {logging_mixin.py:190} INFO - [2025-03-31T09:17:31.515+0000] {dagbag.py:588} INFO - Filling up the DagBag from /opt/airflow/dags/env/Scripts/daff.exe
[2025-03-31T09:17:31.529+0000] {logging_mixin.py:190} INFO - [2025-03-31T09:17:31.529+0000] {dagbag.py:435} INFO - File /opt/airflow/dags/env/Scripts/daff.exe:__main__.py assumed to contain no DAGs. Skipping.
[2025-03-31T09:17:31.531+0000] {processor.py:927} WARNING - No viable dags retrieved from /opt/airflow/dags/env/Scripts/daff.exe
[2025-03-31T09:17:31.562+0000] {processor.py:208} INFO - Processing /opt/airflow/dags/env/Scripts/daff.exe took 0.064 seconds
[2025-03-31T09:18:03.528+0000] {processor.py:186} INFO - Started process (PID=8837) to work on /opt/airflow/dags/env/Scripts/daff.exe
[2025-03-31T09:18:03.530+0000] {processor.py:914} INFO - Processing file /opt/airflow/dags/env/Scripts/daff.exe for tasks to queue
[2025-03-31T09:18:03.537+0000] {logging_mixin.py:190} INFO - [2025-03-31T09:18:03.536+0000] {dagbag.py:588} INFO - Filling up the DagBag from /opt/airflow/dags/env/Scripts/daff.exe
[2025-03-31T09:18:03.558+0000] {logging_mixin.py:190} INFO - [2025-03-31T09:18:03.557+0000] {dagbag.py:435} INFO - File /opt/airflow/dags/env/Scripts/daff.exe:__main__.py assumed to contain no DAGs. Skipping.
[2025-03-31T09:18:03.559+0000] {processor.py:927} WARNING - No viable dags retrieved from /opt/airflow/dags/env/Scripts/daff.exe
[2025-03-31T09:18:03.595+0000] {processor.py:208} INFO - Processing /opt/airflow/dags/env/Scripts/daff.exe took 0.080 seconds
[2025-03-31T09:18:55.731+0000] {processor.py:186} INFO - Started process (PID=8870) to work on /opt/airflow/dags/env/Scripts/daff.exe
[2025-03-31T09:18:55.733+0000] {processor.py:914} INFO - Processing file /opt/airflow/dags/env/Scripts/daff.exe for tasks to queue
[2025-03-31T09:18:55.737+0000] {logging_mixin.py:190} INFO - [2025-03-31T09:18:55.737+0000] {dagbag.py:588} INFO - Filling up the DagBag from /opt/airflow/dags/env/Scripts/daff.exe
[2025-03-31T09:18:55.754+0000] {logging_mixin.py:190} INFO - [2025-03-31T09:18:55.753+0000] {dagbag.py:435} INFO - File /opt/airflow/dags/env/Scripts/daff.exe:__main__.py assumed to contain no DAGs. Skipping.
[2025-03-31T09:18:55.755+0000] {processor.py:927} WARNING - No viable dags retrieved from /opt/airflow/dags/env/Scripts/daff.exe
[2025-03-31T09:18:55.785+0000] {processor.py:208} INFO - Processing /opt/airflow/dags/env/Scripts/daff.exe took 0.066 seconds
[2025-03-31T09:19:26.889+0000] {processor.py:186} INFO - Started process (PID=8894) to work on /opt/airflow/dags/env/Scripts/daff.exe
[2025-03-31T09:19:26.892+0000] {processor.py:914} INFO - Processing file /opt/airflow/dags/env/Scripts/daff.exe for tasks to queue
[2025-03-31T09:19:26.899+0000] {logging_mixin.py:190} INFO - [2025-03-31T09:19:26.898+0000] {dagbag.py:588} INFO - Filling up the DagBag from /opt/airflow/dags/env/Scripts/daff.exe
[2025-03-31T09:19:26.915+0000] {logging_mixin.py:190} INFO - [2025-03-31T09:19:26.915+0000] {dagbag.py:435} INFO - File /opt/airflow/dags/env/Scripts/daff.exe:__main__.py assumed to contain no DAGs. Skipping.
[2025-03-31T09:19:26.917+0000] {processor.py:927} WARNING - No viable dags retrieved from /opt/airflow/dags/env/Scripts/daff.exe
[2025-03-31T09:19:26.951+0000] {processor.py:208} INFO - Processing /opt/airflow/dags/env/Scripts/daff.exe took 0.082 seconds
[2025-03-31T09:22:34.993+0000] {processor.py:186} INFO - Started process (PID=8928) to work on /opt/airflow/dags/env/Scripts/daff.exe
[2025-03-31T09:22:34.995+0000] {processor.py:914} INFO - Processing file /opt/airflow/dags/env/Scripts/daff.exe for tasks to queue
[2025-03-31T09:22:35.011+0000] {logging_mixin.py:190} INFO - [2025-03-31T09:22:35.010+0000] {dagbag.py:588} INFO - Filling up the DagBag from /opt/airflow/dags/env/Scripts/daff.exe
[2025-03-31T09:22:35.043+0000] {logging_mixin.py:190} INFO - [2025-03-31T09:22:35.043+0000] {dagbag.py:435} INFO - File /opt/airflow/dags/env/Scripts/daff.exe:__main__.py assumed to contain no DAGs. Skipping.
[2025-03-31T09:22:35.046+0000] {processor.py:927} WARNING - No viable dags retrieved from /opt/airflow/dags/env/Scripts/daff.exe
[2025-03-31T09:22:35.124+0000] {processor.py:208} INFO - Processing /opt/airflow/dags/env/Scripts/daff.exe took 0.176 seconds
[2025-03-31T09:23:06.664+0000] {processor.py:186} INFO - Started process (PID=8952) to work on /opt/airflow/dags/env/Scripts/daff.exe
[2025-03-31T09:23:06.665+0000] {processor.py:914} INFO - Processing file /opt/airflow/dags/env/Scripts/daff.exe for tasks to queue
[2025-03-31T09:23:06.670+0000] {logging_mixin.py:190} INFO - [2025-03-31T09:23:06.669+0000] {dagbag.py:588} INFO - Filling up the DagBag from /opt/airflow/dags/env/Scripts/daff.exe
[2025-03-31T09:23:06.685+0000] {logging_mixin.py:190} INFO - [2025-03-31T09:23:06.684+0000] {dagbag.py:435} INFO - File /opt/airflow/dags/env/Scripts/daff.exe:__main__.py assumed to contain no DAGs. Skipping.
[2025-03-31T09:23:06.686+0000] {processor.py:927} WARNING - No viable dags retrieved from /opt/airflow/dags/env/Scripts/daff.exe
[2025-03-31T09:23:06.717+0000] {processor.py:208} INFO - Processing /opt/airflow/dags/env/Scripts/daff.exe took 0.064 seconds
[2025-03-31T09:23:58.688+0000] {processor.py:186} INFO - Started process (PID=8983) to work on /opt/airflow/dags/env/Scripts/daff.exe
[2025-03-31T09:23:58.690+0000] {processor.py:914} INFO - Processing file /opt/airflow/dags/env/Scripts/daff.exe for tasks to queue
[2025-03-31T09:23:58.702+0000] {logging_mixin.py:190} INFO - [2025-03-31T09:23:58.701+0000] {dagbag.py:588} INFO - Filling up the DagBag from /opt/airflow/dags/env/Scripts/daff.exe
[2025-03-31T09:23:58.721+0000] {logging_mixin.py:190} INFO - [2025-03-31T09:23:58.721+0000] {dagbag.py:435} INFO - File /opt/airflow/dags/env/Scripts/daff.exe:__main__.py assumed to contain no DAGs. Skipping.
[2025-03-31T09:23:58.723+0000] {processor.py:927} WARNING - No viable dags retrieved from /opt/airflow/dags/env/Scripts/daff.exe
[2025-03-31T09:23:58.772+0000] {processor.py:208} INFO - Processing /opt/airflow/dags/env/Scripts/daff.exe took 0.102 seconds
[2025-03-31T09:24:31.099+0000] {processor.py:186} INFO - Started process (PID=9007) to work on /opt/airflow/dags/env/Scripts/daff.exe
[2025-03-31T09:24:31.101+0000] {processor.py:914} INFO - Processing file /opt/airflow/dags/env/Scripts/daff.exe for tasks to queue
[2025-03-31T09:24:31.107+0000] {logging_mixin.py:190} INFO - [2025-03-31T09:24:31.106+0000] {dagbag.py:588} INFO - Filling up the DagBag from /opt/airflow/dags/env/Scripts/daff.exe
[2025-03-31T09:24:31.124+0000] {logging_mixin.py:190} INFO - [2025-03-31T09:24:31.123+0000] {dagbag.py:435} INFO - File /opt/airflow/dags/env/Scripts/daff.exe:__main__.py assumed to contain no DAGs. Skipping.
[2025-03-31T09:24:31.125+0000] {processor.py:927} WARNING - No viable dags retrieved from /opt/airflow/dags/env/Scripts/daff.exe
[2025-03-31T09:24:31.163+0000] {processor.py:208} INFO - Processing /opt/airflow/dags/env/Scripts/daff.exe took 0.074 seconds
[2025-03-31T09:27:33.988+0000] {processor.py:186} INFO - Started process (PID=9039) to work on /opt/airflow/dags/env/Scripts/daff.exe
[2025-03-31T09:27:33.990+0000] {processor.py:914} INFO - Processing file /opt/airflow/dags/env/Scripts/daff.exe for tasks to queue
[2025-03-31T09:27:33.995+0000] {logging_mixin.py:190} INFO - [2025-03-31T09:27:33.995+0000] {dagbag.py:588} INFO - Filling up the DagBag from /opt/airflow/dags/env/Scripts/daff.exe
[2025-03-31T09:27:34.015+0000] {logging_mixin.py:190} INFO - [2025-03-31T09:27:34.014+0000] {dagbag.py:435} INFO - File /opt/airflow/dags/env/Scripts/daff.exe:__main__.py assumed to contain no DAGs. Skipping.
[2025-03-31T09:27:34.016+0000] {processor.py:927} WARNING - No viable dags retrieved from /opt/airflow/dags/env/Scripts/daff.exe
[2025-03-31T09:27:34.052+0000] {processor.py:208} INFO - Processing /opt/airflow/dags/env/Scripts/daff.exe took 0.076 seconds
[2025-03-31T09:28:06.535+0000] {processor.py:186} INFO - Started process (PID=9063) to work on /opt/airflow/dags/env/Scripts/daff.exe
[2025-03-31T09:28:06.537+0000] {processor.py:914} INFO - Processing file /opt/airflow/dags/env/Scripts/daff.exe for tasks to queue
[2025-03-31T09:28:06.541+0000] {logging_mixin.py:190} INFO - [2025-03-31T09:28:06.540+0000] {dagbag.py:588} INFO - Filling up the DagBag from /opt/airflow/dags/env/Scripts/daff.exe
[2025-03-31T09:28:06.557+0000] {logging_mixin.py:190} INFO - [2025-03-31T09:28:06.556+0000] {dagbag.py:435} INFO - File /opt/airflow/dags/env/Scripts/daff.exe:__main__.py assumed to contain no DAGs. Skipping.
[2025-03-31T09:28:06.558+0000] {processor.py:927} WARNING - No viable dags retrieved from /opt/airflow/dags/env/Scripts/daff.exe
[2025-03-31T09:28:06.603+0000] {processor.py:208} INFO - Processing /opt/airflow/dags/env/Scripts/daff.exe took 0.079 seconds
[2025-03-31T09:28:59.450+0000] {processor.py:186} INFO - Started process (PID=9094) to work on /opt/airflow/dags/env/Scripts/daff.exe
[2025-03-31T09:28:59.452+0000] {processor.py:914} INFO - Processing file /opt/airflow/dags/env/Scripts/daff.exe for tasks to queue
[2025-03-31T09:28:59.457+0000] {logging_mixin.py:190} INFO - [2025-03-31T09:28:59.456+0000] {dagbag.py:588} INFO - Filling up the DagBag from /opt/airflow/dags/env/Scripts/daff.exe
[2025-03-31T09:28:59.481+0000] {logging_mixin.py:190} INFO - [2025-03-31T09:28:59.480+0000] {dagbag.py:435} INFO - File /opt/airflow/dags/env/Scripts/daff.exe:__main__.py assumed to contain no DAGs. Skipping.
[2025-03-31T09:28:59.482+0000] {processor.py:927} WARNING - No viable dags retrieved from /opt/airflow/dags/env/Scripts/daff.exe
[2025-03-31T09:28:59.519+0000] {processor.py:208} INFO - Processing /opt/airflow/dags/env/Scripts/daff.exe took 0.090 seconds
[2025-03-31T09:29:30.518+0000] {processor.py:186} INFO - Started process (PID=9118) to work on /opt/airflow/dags/env/Scripts/daff.exe
[2025-03-31T09:29:30.520+0000] {processor.py:914} INFO - Processing file /opt/airflow/dags/env/Scripts/daff.exe for tasks to queue
[2025-03-31T09:29:30.524+0000] {logging_mixin.py:190} INFO - [2025-03-31T09:29:30.523+0000] {dagbag.py:588} INFO - Filling up the DagBag from /opt/airflow/dags/env/Scripts/daff.exe
[2025-03-31T09:29:30.538+0000] {logging_mixin.py:190} INFO - [2025-03-31T09:29:30.538+0000] {dagbag.py:435} INFO - File /opt/airflow/dags/env/Scripts/daff.exe:__main__.py assumed to contain no DAGs. Skipping.
[2025-03-31T09:29:30.539+0000] {processor.py:927} WARNING - No viable dags retrieved from /opt/airflow/dags/env/Scripts/daff.exe
[2025-03-31T09:29:30.568+0000] {processor.py:208} INFO - Processing /opt/airflow/dags/env/Scripts/daff.exe took 0.062 seconds
[2025-03-31T09:32:33.463+0000] {processor.py:186} INFO - Started process (PID=9150) to work on /opt/airflow/dags/env/Scripts/daff.exe
[2025-03-31T09:32:33.465+0000] {processor.py:914} INFO - Processing file /opt/airflow/dags/env/Scripts/daff.exe for tasks to queue
[2025-03-31T09:32:33.470+0000] {logging_mixin.py:190} INFO - [2025-03-31T09:32:33.469+0000] {dagbag.py:588} INFO - Filling up the DagBag from /opt/airflow/dags/env/Scripts/daff.exe
[2025-03-31T09:32:33.487+0000] {logging_mixin.py:190} INFO - [2025-03-31T09:32:33.486+0000] {dagbag.py:435} INFO - File /opt/airflow/dags/env/Scripts/daff.exe:__main__.py assumed to contain no DAGs. Skipping.
[2025-03-31T09:32:33.489+0000] {processor.py:927} WARNING - No viable dags retrieved from /opt/airflow/dags/env/Scripts/daff.exe
[2025-03-31T09:32:33.548+0000] {processor.py:208} INFO - Processing /opt/airflow/dags/env/Scripts/daff.exe took 0.097 seconds
[2025-03-31T09:33:07.411+0000] {processor.py:186} INFO - Started process (PID=9174) to work on /opt/airflow/dags/env/Scripts/daff.exe
[2025-03-31T09:33:07.413+0000] {processor.py:914} INFO - Processing file /opt/airflow/dags/env/Scripts/daff.exe for tasks to queue
[2025-03-31T09:33:07.417+0000] {logging_mixin.py:190} INFO - [2025-03-31T09:33:07.416+0000] {dagbag.py:588} INFO - Filling up the DagBag from /opt/airflow/dags/env/Scripts/daff.exe
[2025-03-31T09:33:07.431+0000] {logging_mixin.py:190} INFO - [2025-03-31T09:33:07.430+0000] {dagbag.py:435} INFO - File /opt/airflow/dags/env/Scripts/daff.exe:__main__.py assumed to contain no DAGs. Skipping.
[2025-03-31T09:33:07.432+0000] {processor.py:927} WARNING - No viable dags retrieved from /opt/airflow/dags/env/Scripts/daff.exe
[2025-03-31T09:33:07.462+0000] {processor.py:208} INFO - Processing /opt/airflow/dags/env/Scripts/daff.exe took 0.062 seconds
[2025-03-31T09:34:00.341+0000] {processor.py:186} INFO - Started process (PID=9206) to work on /opt/airflow/dags/env/Scripts/daff.exe
[2025-03-31T09:34:00.343+0000] {processor.py:914} INFO - Processing file /opt/airflow/dags/env/Scripts/daff.exe for tasks to queue
[2025-03-31T09:34:00.348+0000] {logging_mixin.py:190} INFO - [2025-03-31T09:34:00.347+0000] {dagbag.py:588} INFO - Filling up the DagBag from /opt/airflow/dags/env/Scripts/daff.exe
[2025-03-31T09:34:00.365+0000] {logging_mixin.py:190} INFO - [2025-03-31T09:34:00.365+0000] {dagbag.py:435} INFO - File /opt/airflow/dags/env/Scripts/daff.exe:__main__.py assumed to contain no DAGs. Skipping.
[2025-03-31T09:34:00.367+0000] {processor.py:927} WARNING - No viable dags retrieved from /opt/airflow/dags/env/Scripts/daff.exe
[2025-03-31T09:34:00.413+0000] {processor.py:208} INFO - Processing /opt/airflow/dags/env/Scripts/daff.exe took 0.087 seconds
[2025-03-31T09:34:31.747+0000] {processor.py:186} INFO - Started process (PID=9230) to work on /opt/airflow/dags/env/Scripts/daff.exe
[2025-03-31T09:34:31.748+0000] {processor.py:914} INFO - Processing file /opt/airflow/dags/env/Scripts/daff.exe for tasks to queue
[2025-03-31T09:34:31.752+0000] {logging_mixin.py:190} INFO - [2025-03-31T09:34:31.752+0000] {dagbag.py:588} INFO - Filling up the DagBag from /opt/airflow/dags/env/Scripts/daff.exe
[2025-03-31T09:34:31.768+0000] {logging_mixin.py:190} INFO - [2025-03-31T09:34:31.767+0000] {dagbag.py:435} INFO - File /opt/airflow/dags/env/Scripts/daff.exe:__main__.py assumed to contain no DAGs. Skipping.
[2025-03-31T09:34:31.769+0000] {processor.py:927} WARNING - No viable dags retrieved from /opt/airflow/dags/env/Scripts/daff.exe
[2025-03-31T09:34:31.799+0000] {processor.py:208} INFO - Processing /opt/airflow/dags/env/Scripts/daff.exe took 0.063 seconds
[2025-03-31T09:37:41.837+0000] {processor.py:186} INFO - Started process (PID=9263) to work on /opt/airflow/dags/env/Scripts/daff.exe
[2025-03-31T09:37:41.839+0000] {processor.py:914} INFO - Processing file /opt/airflow/dags/env/Scripts/daff.exe for tasks to queue
[2025-03-31T09:37:41.847+0000] {logging_mixin.py:190} INFO - [2025-03-31T09:37:41.846+0000] {dagbag.py:588} INFO - Filling up the DagBag from /opt/airflow/dags/env/Scripts/daff.exe
[2025-03-31T09:37:41.870+0000] {logging_mixin.py:190} INFO - [2025-03-31T09:37:41.869+0000] {dagbag.py:435} INFO - File /opt/airflow/dags/env/Scripts/daff.exe:__main__.py assumed to contain no DAGs. Skipping.
[2025-03-31T09:37:41.872+0000] {processor.py:927} WARNING - No viable dags retrieved from /opt/airflow/dags/env/Scripts/daff.exe
[2025-03-31T09:37:41.919+0000] {processor.py:208} INFO - Processing /opt/airflow/dags/env/Scripts/daff.exe took 0.102 seconds
[2025-03-31T09:38:14.437+0000] {processor.py:186} INFO - Started process (PID=9287) to work on /opt/airflow/dags/env/Scripts/daff.exe
[2025-03-31T09:38:14.439+0000] {processor.py:914} INFO - Processing file /opt/airflow/dags/env/Scripts/daff.exe for tasks to queue
[2025-03-31T09:38:14.449+0000] {logging_mixin.py:190} INFO - [2025-03-31T09:38:14.448+0000] {dagbag.py:588} INFO - Filling up the DagBag from /opt/airflow/dags/env/Scripts/daff.exe
[2025-03-31T09:38:14.475+0000] {logging_mixin.py:190} INFO - [2025-03-31T09:38:14.474+0000] {dagbag.py:435} INFO - File /opt/airflow/dags/env/Scripts/daff.exe:__main__.py assumed to contain no DAGs. Skipping.
[2025-03-31T09:38:14.476+0000] {processor.py:927} WARNING - No viable dags retrieved from /opt/airflow/dags/env/Scripts/daff.exe
[2025-03-31T09:38:14.543+0000] {processor.py:208} INFO - Processing /opt/airflow/dags/env/Scripts/daff.exe took 0.129 seconds
[2025-03-31T09:39:08.326+0000] {processor.py:186} INFO - Started process (PID=9313) to work on /opt/airflow/dags/env/Scripts/daff.exe
[2025-03-31T09:39:08.328+0000] {processor.py:914} INFO - Processing file /opt/airflow/dags/env/Scripts/daff.exe for tasks to queue
[2025-03-31T09:39:08.332+0000] {logging_mixin.py:190} INFO - [2025-03-31T09:39:08.331+0000] {dagbag.py:588} INFO - Filling up the DagBag from /opt/airflow/dags/env/Scripts/daff.exe
[2025-03-31T09:39:08.354+0000] {logging_mixin.py:190} INFO - [2025-03-31T09:39:08.353+0000] {dagbag.py:435} INFO - File /opt/airflow/dags/env/Scripts/daff.exe:__main__.py assumed to contain no DAGs. Skipping.
[2025-03-31T09:39:08.355+0000] {processor.py:927} WARNING - No viable dags retrieved from /opt/airflow/dags/env/Scripts/daff.exe
[2025-03-31T09:39:08.396+0000] {processor.py:208} INFO - Processing /opt/airflow/dags/env/Scripts/daff.exe took 0.087 seconds
[2025-03-31T09:39:39.403+0000] {processor.py:186} INFO - Started process (PID=9337) to work on /opt/airflow/dags/env/Scripts/daff.exe
[2025-03-31T09:39:39.405+0000] {processor.py:914} INFO - Processing file /opt/airflow/dags/env/Scripts/daff.exe for tasks to queue
[2025-03-31T09:39:39.409+0000] {logging_mixin.py:190} INFO - [2025-03-31T09:39:39.408+0000] {dagbag.py:588} INFO - Filling up the DagBag from /opt/airflow/dags/env/Scripts/daff.exe
[2025-03-31T09:39:39.423+0000] {logging_mixin.py:190} INFO - [2025-03-31T09:39:39.422+0000] {dagbag.py:435} INFO - File /opt/airflow/dags/env/Scripts/daff.exe:__main__.py assumed to contain no DAGs. Skipping.
[2025-03-31T09:39:39.424+0000] {processor.py:927} WARNING - No viable dags retrieved from /opt/airflow/dags/env/Scripts/daff.exe
[2025-03-31T09:39:39.458+0000] {processor.py:208} INFO - Processing /opt/airflow/dags/env/Scripts/daff.exe took 0.064 seconds
[2025-03-31T09:42:45.080+0000] {processor.py:186} INFO - Started process (PID=9364) to work on /opt/airflow/dags/env/Scripts/daff.exe
[2025-03-31T09:42:45.082+0000] {processor.py:914} INFO - Processing file /opt/airflow/dags/env/Scripts/daff.exe for tasks to queue
[2025-03-31T09:42:45.088+0000] {logging_mixin.py:190} INFO - [2025-03-31T09:42:45.087+0000] {dagbag.py:588} INFO - Filling up the DagBag from /opt/airflow/dags/env/Scripts/daff.exe
[2025-03-31T09:42:45.117+0000] {logging_mixin.py:190} INFO - [2025-03-31T09:42:45.117+0000] {dagbag.py:435} INFO - File /opt/airflow/dags/env/Scripts/daff.exe:__main__.py assumed to contain no DAGs. Skipping.
[2025-03-31T09:42:45.120+0000] {processor.py:927} WARNING - No viable dags retrieved from /opt/airflow/dags/env/Scripts/daff.exe
[2025-03-31T09:42:45.196+0000] {processor.py:208} INFO - Processing /opt/airflow/dags/env/Scripts/daff.exe took 0.150 seconds
[2025-03-31T09:43:15.769+0000] {processor.py:186} INFO - Started process (PID=9388) to work on /opt/airflow/dags/env/Scripts/daff.exe
[2025-03-31T09:43:15.782+0000] {processor.py:914} INFO - Processing file /opt/airflow/dags/env/Scripts/daff.exe for tasks to queue
[2025-03-31T09:43:15.788+0000] {logging_mixin.py:190} INFO - [2025-03-31T09:43:15.787+0000] {dagbag.py:588} INFO - Filling up the DagBag from /opt/airflow/dags/env/Scripts/daff.exe
[2025-03-31T09:43:15.811+0000] {logging_mixin.py:190} INFO - [2025-03-31T09:43:15.810+0000] {dagbag.py:435} INFO - File /opt/airflow/dags/env/Scripts/daff.exe:__main__.py assumed to contain no DAGs. Skipping.
[2025-03-31T09:43:15.813+0000] {processor.py:927} WARNING - No viable dags retrieved from /opt/airflow/dags/env/Scripts/daff.exe
[2025-03-31T09:43:15.878+0000] {processor.py:208} INFO - Processing /opt/airflow/dags/env/Scripts/daff.exe took 0.135 seconds
[2025-03-31T09:44:09.128+0000] {processor.py:186} INFO - Started process (PID=9414) to work on /opt/airflow/dags/env/Scripts/daff.exe
[2025-03-31T09:44:09.130+0000] {processor.py:914} INFO - Processing file /opt/airflow/dags/env/Scripts/daff.exe for tasks to queue
[2025-03-31T09:44:09.135+0000] {logging_mixin.py:190} INFO - [2025-03-31T09:44:09.134+0000] {dagbag.py:588} INFO - Filling up the DagBag from /opt/airflow/dags/env/Scripts/daff.exe
[2025-03-31T09:44:09.149+0000] {logging_mixin.py:190} INFO - [2025-03-31T09:44:09.149+0000] {dagbag.py:435} INFO - File /opt/airflow/dags/env/Scripts/daff.exe:__main__.py assumed to contain no DAGs. Skipping.
[2025-03-31T09:44:09.151+0000] {processor.py:927} WARNING - No viable dags retrieved from /opt/airflow/dags/env/Scripts/daff.exe
[2025-03-31T09:44:09.179+0000] {processor.py:208} INFO - Processing /opt/airflow/dags/env/Scripts/daff.exe took 0.059 seconds
[2025-03-31T09:44:40.273+0000] {processor.py:186} INFO - Started process (PID=9438) to work on /opt/airflow/dags/env/Scripts/daff.exe
[2025-03-31T09:44:40.275+0000] {processor.py:914} INFO - Processing file /opt/airflow/dags/env/Scripts/daff.exe for tasks to queue
[2025-03-31T09:44:40.280+0000] {logging_mixin.py:190} INFO - [2025-03-31T09:44:40.279+0000] {dagbag.py:588} INFO - Filling up the DagBag from /opt/airflow/dags/env/Scripts/daff.exe
[2025-03-31T09:44:40.298+0000] {logging_mixin.py:190} INFO - [2025-03-31T09:44:40.298+0000] {dagbag.py:435} INFO - File /opt/airflow/dags/env/Scripts/daff.exe:__main__.py assumed to contain no DAGs. Skipping.
[2025-03-31T09:44:40.300+0000] {processor.py:927} WARNING - No viable dags retrieved from /opt/airflow/dags/env/Scripts/daff.exe
[2025-03-31T09:44:40.336+0000] {processor.py:208} INFO - Processing /opt/airflow/dags/env/Scripts/daff.exe took 0.076 seconds
[2025-03-31T09:47:41.490+0000] {processor.py:186} INFO - Started process (PID=9464) to work on /opt/airflow/dags/env/Scripts/daff.exe
[2025-03-31T09:47:41.492+0000] {processor.py:914} INFO - Processing file /opt/airflow/dags/env/Scripts/daff.exe for tasks to queue
[2025-03-31T09:47:41.497+0000] {logging_mixin.py:190} INFO - [2025-03-31T09:47:41.497+0000] {dagbag.py:588} INFO - Filling up the DagBag from /opt/airflow/dags/env/Scripts/daff.exe
[2025-03-31T09:47:41.513+0000] {logging_mixin.py:190} INFO - [2025-03-31T09:47:41.513+0000] {dagbag.py:435} INFO - File /opt/airflow/dags/env/Scripts/daff.exe:__main__.py assumed to contain no DAGs. Skipping.
[2025-03-31T09:47:41.515+0000] {processor.py:927} WARNING - No viable dags retrieved from /opt/airflow/dags/env/Scripts/daff.exe
[2025-03-31T09:47:41.546+0000] {processor.py:208} INFO - Processing /opt/airflow/dags/env/Scripts/daff.exe took 0.069 seconds
[2025-03-31T09:48:13.804+0000] {processor.py:186} INFO - Started process (PID=9488) to work on /opt/airflow/dags/env/Scripts/daff.exe
[2025-03-31T09:48:13.806+0000] {processor.py:914} INFO - Processing file /opt/airflow/dags/env/Scripts/daff.exe for tasks to queue
[2025-03-31T09:48:13.811+0000] {logging_mixin.py:190} INFO - [2025-03-31T09:48:13.810+0000] {dagbag.py:588} INFO - Filling up the DagBag from /opt/airflow/dags/env/Scripts/daff.exe
[2025-03-31T09:48:13.825+0000] {logging_mixin.py:190} INFO - [2025-03-31T09:48:13.825+0000] {dagbag.py:435} INFO - File /opt/airflow/dags/env/Scripts/daff.exe:__main__.py assumed to contain no DAGs. Skipping.
[2025-03-31T09:48:13.826+0000] {processor.py:927} WARNING - No viable dags retrieved from /opt/airflow/dags/env/Scripts/daff.exe
[2025-03-31T09:48:13.856+0000] {processor.py:208} INFO - Processing /opt/airflow/dags/env/Scripts/daff.exe took 0.066 seconds
[2025-03-31T09:49:00.861+0000] {processor.py:186} INFO - Started process (PID=9516) to work on /opt/airflow/dags/env/Scripts/daff.exe
[2025-03-31T09:49:00.863+0000] {processor.py:914} INFO - Processing file /opt/airflow/dags/env/Scripts/daff.exe for tasks to queue
[2025-03-31T09:49:00.867+0000] {logging_mixin.py:190} INFO - [2025-03-31T09:49:00.867+0000] {dagbag.py:588} INFO - Filling up the DagBag from /opt/airflow/dags/env/Scripts/daff.exe
[2025-03-31T09:49:00.888+0000] {logging_mixin.py:190} INFO - [2025-03-31T09:49:00.887+0000] {dagbag.py:435} INFO - File /opt/airflow/dags/env/Scripts/daff.exe:__main__.py assumed to contain no DAGs. Skipping.
[2025-03-31T09:49:00.890+0000] {processor.py:927} WARNING - No viable dags retrieved from /opt/airflow/dags/env/Scripts/daff.exe
[2025-03-31T09:49:00.941+0000] {processor.py:208} INFO - Processing /opt/airflow/dags/env/Scripts/daff.exe took 0.094 seconds
[2025-03-31T09:49:32.252+0000] {processor.py:186} INFO - Started process (PID=9540) to work on /opt/airflow/dags/env/Scripts/daff.exe
[2025-03-31T09:49:32.254+0000] {processor.py:914} INFO - Processing file /opt/airflow/dags/env/Scripts/daff.exe for tasks to queue
[2025-03-31T09:49:32.259+0000] {logging_mixin.py:190} INFO - [2025-03-31T09:49:32.258+0000] {dagbag.py:588} INFO - Filling up the DagBag from /opt/airflow/dags/env/Scripts/daff.exe
[2025-03-31T09:49:32.275+0000] {logging_mixin.py:190} INFO - [2025-03-31T09:49:32.274+0000] {dagbag.py:435} INFO - File /opt/airflow/dags/env/Scripts/daff.exe:__main__.py assumed to contain no DAGs. Skipping.
[2025-03-31T09:49:32.276+0000] {processor.py:927} WARNING - No viable dags retrieved from /opt/airflow/dags/env/Scripts/daff.exe
[2025-03-31T09:49:32.320+0000] {processor.py:208} INFO - Processing /opt/airflow/dags/env/Scripts/daff.exe took 0.081 seconds
[2025-03-31T09:52:34.859+0000] {processor.py:186} INFO - Started process (PID=9572) to work on /opt/airflow/dags/env/Scripts/daff.exe
[2025-03-31T09:52:34.860+0000] {processor.py:914} INFO - Processing file /opt/airflow/dags/env/Scripts/daff.exe for tasks to queue
[2025-03-31T09:52:34.865+0000] {logging_mixin.py:190} INFO - [2025-03-31T09:52:34.864+0000] {dagbag.py:588} INFO - Filling up the DagBag from /opt/airflow/dags/env/Scripts/daff.exe
[2025-03-31T09:52:34.879+0000] {logging_mixin.py:190} INFO - [2025-03-31T09:52:34.879+0000] {dagbag.py:435} INFO - File /opt/airflow/dags/env/Scripts/daff.exe:__main__.py assumed to contain no DAGs. Skipping.
[2025-03-31T09:52:34.881+0000] {processor.py:927} WARNING - No viable dags retrieved from /opt/airflow/dags/env/Scripts/daff.exe
[2025-03-31T09:52:34.912+0000] {processor.py:208} INFO - Processing /opt/airflow/dags/env/Scripts/daff.exe took 0.061 seconds
[2025-03-31T09:53:06.851+0000] {processor.py:186} INFO - Started process (PID=9596) to work on /opt/airflow/dags/env/Scripts/daff.exe
[2025-03-31T09:53:06.853+0000] {processor.py:914} INFO - Processing file /opt/airflow/dags/env/Scripts/daff.exe for tasks to queue
[2025-03-31T09:53:06.857+0000] {logging_mixin.py:190} INFO - [2025-03-31T09:53:06.857+0000] {dagbag.py:588} INFO - Filling up the DagBag from /opt/airflow/dags/env/Scripts/daff.exe
[2025-03-31T09:53:06.871+0000] {logging_mixin.py:190} INFO - [2025-03-31T09:53:06.870+0000] {dagbag.py:435} INFO - File /opt/airflow/dags/env/Scripts/daff.exe:__main__.py assumed to contain no DAGs. Skipping.
[2025-03-31T09:53:06.872+0000] {processor.py:927} WARNING - No viable dags retrieved from /opt/airflow/dags/env/Scripts/daff.exe
[2025-03-31T09:53:06.902+0000] {processor.py:208} INFO - Processing /opt/airflow/dags/env/Scripts/daff.exe took 0.062 seconds
[2025-03-31T09:53:59.302+0000] {processor.py:186} INFO - Started process (PID=9631) to work on /opt/airflow/dags/env/Scripts/daff.exe
[2025-03-31T09:53:59.304+0000] {processor.py:914} INFO - Processing file /opt/airflow/dags/env/Scripts/daff.exe for tasks to queue
[2025-03-31T09:53:59.312+0000] {logging_mixin.py:190} INFO - [2025-03-31T09:53:59.310+0000] {dagbag.py:588} INFO - Filling up the DagBag from /opt/airflow/dags/env/Scripts/daff.exe
[2025-03-31T09:53:59.334+0000] {logging_mixin.py:190} INFO - [2025-03-31T09:53:59.334+0000] {dagbag.py:435} INFO - File /opt/airflow/dags/env/Scripts/daff.exe:__main__.py assumed to contain no DAGs. Skipping.
[2025-03-31T09:53:59.336+0000] {processor.py:927} WARNING - No viable dags retrieved from /opt/airflow/dags/env/Scripts/daff.exe
[2025-03-31T09:53:59.382+0000] {processor.py:208} INFO - Processing /opt/airflow/dags/env/Scripts/daff.exe took 0.099 seconds
[2025-03-31T09:54:30.107+0000] {processor.py:186} INFO - Started process (PID=9655) to work on /opt/airflow/dags/env/Scripts/daff.exe
[2025-03-31T09:54:30.110+0000] {processor.py:914} INFO - Processing file /opt/airflow/dags/env/Scripts/daff.exe for tasks to queue
[2025-03-31T09:54:30.115+0000] {logging_mixin.py:190} INFO - [2025-03-31T09:54:30.114+0000] {dagbag.py:588} INFO - Filling up the DagBag from /opt/airflow/dags/env/Scripts/daff.exe
[2025-03-31T09:54:30.138+0000] {logging_mixin.py:190} INFO - [2025-03-31T09:54:30.138+0000] {dagbag.py:435} INFO - File /opt/airflow/dags/env/Scripts/daff.exe:__main__.py assumed to contain no DAGs. Skipping.
[2025-03-31T09:54:30.140+0000] {processor.py:927} WARNING - No viable dags retrieved from /opt/airflow/dags/env/Scripts/daff.exe
[2025-03-31T09:54:30.179+0000] {processor.py:208} INFO - Processing /opt/airflow/dags/env/Scripts/daff.exe took 0.089 seconds
[2025-03-31T09:57:38.034+0000] {processor.py:186} INFO - Started process (PID=9690) to work on /opt/airflow/dags/env/Scripts/daff.exe
[2025-03-31T09:57:38.036+0000] {processor.py:914} INFO - Processing file /opt/airflow/dags/env/Scripts/daff.exe for tasks to queue
[2025-03-31T09:57:38.042+0000] {logging_mixin.py:190} INFO - [2025-03-31T09:57:38.041+0000] {dagbag.py:588} INFO - Filling up the DagBag from /opt/airflow/dags/env/Scripts/daff.exe
[2025-03-31T09:57:38.063+0000] {logging_mixin.py:190} INFO - [2025-03-31T09:57:38.063+0000] {dagbag.py:435} INFO - File /opt/airflow/dags/env/Scripts/daff.exe:__main__.py assumed to contain no DAGs. Skipping.
[2025-03-31T09:57:38.065+0000] {processor.py:927} WARNING - No viable dags retrieved from /opt/airflow/dags/env/Scripts/daff.exe
[2025-03-31T09:57:38.102+0000] {processor.py:208} INFO - Processing /opt/airflow/dags/env/Scripts/daff.exe took 0.078 seconds
[2025-03-31T09:58:08.587+0000] {processor.py:186} INFO - Started process (PID=9714) to work on /opt/airflow/dags/env/Scripts/daff.exe
[2025-03-31T09:58:08.588+0000] {processor.py:914} INFO - Processing file /opt/airflow/dags/env/Scripts/daff.exe for tasks to queue
[2025-03-31T09:58:08.593+0000] {logging_mixin.py:190} INFO - [2025-03-31T09:58:08.593+0000] {dagbag.py:588} INFO - Filling up the DagBag from /opt/airflow/dags/env/Scripts/daff.exe
[2025-03-31T09:58:08.608+0000] {logging_mixin.py:190} INFO - [2025-03-31T09:58:08.608+0000] {dagbag.py:435} INFO - File /opt/airflow/dags/env/Scripts/daff.exe:__main__.py assumed to contain no DAGs. Skipping.
[2025-03-31T09:58:08.610+0000] {processor.py:927} WARNING - No viable dags retrieved from /opt/airflow/dags/env/Scripts/daff.exe
[2025-03-31T09:58:08.650+0000] {processor.py:208} INFO - Processing /opt/airflow/dags/env/Scripts/daff.exe took 0.072 seconds
[2025-03-31T09:58:59.356+0000] {processor.py:186} INFO - Started process (PID=9747) to work on /opt/airflow/dags/env/Scripts/daff.exe
[2025-03-31T09:58:59.358+0000] {processor.py:914} INFO - Processing file /opt/airflow/dags/env/Scripts/daff.exe for tasks to queue
[2025-03-31T09:58:59.362+0000] {logging_mixin.py:190} INFO - [2025-03-31T09:58:59.361+0000] {dagbag.py:588} INFO - Filling up the DagBag from /opt/airflow/dags/env/Scripts/daff.exe
[2025-03-31T09:58:59.376+0000] {logging_mixin.py:190} INFO - [2025-03-31T09:58:59.376+0000] {dagbag.py:435} INFO - File /opt/airflow/dags/env/Scripts/daff.exe:__main__.py assumed to contain no DAGs. Skipping.
[2025-03-31T09:58:59.378+0000] {processor.py:927} WARNING - No viable dags retrieved from /opt/airflow/dags/env/Scripts/daff.exe
[2025-03-31T09:58:59.408+0000] {processor.py:208} INFO - Processing /opt/airflow/dags/env/Scripts/daff.exe took 0.072 seconds
[2025-03-31T09:59:32.309+0000] {processor.py:186} INFO - Started process (PID=9771) to work on /opt/airflow/dags/env/Scripts/daff.exe
[2025-03-31T09:59:32.313+0000] {processor.py:914} INFO - Processing file /opt/airflow/dags/env/Scripts/daff.exe for tasks to queue
[2025-03-31T09:59:32.320+0000] {logging_mixin.py:190} INFO - [2025-03-31T09:59:32.319+0000] {dagbag.py:588} INFO - Filling up the DagBag from /opt/airflow/dags/env/Scripts/daff.exe
[2025-03-31T09:59:32.337+0000] {logging_mixin.py:190} INFO - [2025-03-31T09:59:32.336+0000] {dagbag.py:435} INFO - File /opt/airflow/dags/env/Scripts/daff.exe:__main__.py assumed to contain no DAGs. Skipping.
[2025-03-31T09:59:32.338+0000] {processor.py:927} WARNING - No viable dags retrieved from /opt/airflow/dags/env/Scripts/daff.exe
[2025-03-31T09:59:32.376+0000] {processor.py:208} INFO - Processing /opt/airflow/dags/env/Scripts/daff.exe took 0.079 seconds
[2025-03-31T10:02:39.170+0000] {processor.py:186} INFO - Started process (PID=9806) to work on /opt/airflow/dags/env/Scripts/daff.exe
[2025-03-31T10:02:39.172+0000] {processor.py:914} INFO - Processing file /opt/airflow/dags/env/Scripts/daff.exe for tasks to queue
[2025-03-31T10:02:39.178+0000] {logging_mixin.py:190} INFO - [2025-03-31T10:02:39.177+0000] {dagbag.py:588} INFO - Filling up the DagBag from /opt/airflow/dags/env/Scripts/daff.exe
[2025-03-31T10:02:39.195+0000] {logging_mixin.py:190} INFO - [2025-03-31T10:02:39.194+0000] {dagbag.py:435} INFO - File /opt/airflow/dags/env/Scripts/daff.exe:__main__.py assumed to contain no DAGs. Skipping.
[2025-03-31T10:02:39.196+0000] {processor.py:927} WARNING - No viable dags retrieved from /opt/airflow/dags/env/Scripts/daff.exe
[2025-03-31T10:02:39.231+0000] {processor.py:208} INFO - Processing /opt/airflow/dags/env/Scripts/daff.exe took 0.076 seconds
[2025-03-31T10:03:11.122+0000] {processor.py:186} INFO - Started process (PID=9830) to work on /opt/airflow/dags/env/Scripts/daff.exe
[2025-03-31T10:03:11.124+0000] {processor.py:914} INFO - Processing file /opt/airflow/dags/env/Scripts/daff.exe for tasks to queue
[2025-03-31T10:03:11.128+0000] {logging_mixin.py:190} INFO - [2025-03-31T10:03:11.127+0000] {dagbag.py:588} INFO - Filling up the DagBag from /opt/airflow/dags/env/Scripts/daff.exe
[2025-03-31T10:03:11.142+0000] {logging_mixin.py:190} INFO - [2025-03-31T10:03:11.141+0000] {dagbag.py:435} INFO - File /opt/airflow/dags/env/Scripts/daff.exe:__main__.py assumed to contain no DAGs. Skipping.
[2025-03-31T10:03:11.143+0000] {processor.py:927} WARNING - No viable dags retrieved from /opt/airflow/dags/env/Scripts/daff.exe
[2025-03-31T10:03:11.174+0000] {processor.py:208} INFO - Processing /opt/airflow/dags/env/Scripts/daff.exe took 0.065 seconds
[2025-03-31T10:04:00.177+0000] {processor.py:186} INFO - Started process (PID=9863) to work on /opt/airflow/dags/env/Scripts/daff.exe
[2025-03-31T10:04:00.179+0000] {processor.py:914} INFO - Processing file /opt/airflow/dags/env/Scripts/daff.exe for tasks to queue
[2025-03-31T10:04:00.184+0000] {logging_mixin.py:190} INFO - [2025-03-31T10:04:00.183+0000] {dagbag.py:588} INFO - Filling up the DagBag from /opt/airflow/dags/env/Scripts/daff.exe
[2025-03-31T10:04:00.197+0000] {logging_mixin.py:190} INFO - [2025-03-31T10:04:00.196+0000] {dagbag.py:435} INFO - File /opt/airflow/dags/env/Scripts/daff.exe:__main__.py assumed to contain no DAGs. Skipping.
[2025-03-31T10:04:00.198+0000] {processor.py:927} WARNING - No viable dags retrieved from /opt/airflow/dags/env/Scripts/daff.exe
[2025-03-31T10:04:00.230+0000] {processor.py:208} INFO - Processing /opt/airflow/dags/env/Scripts/daff.exe took 0.062 seconds
[2025-03-31T10:04:34.364+0000] {processor.py:186} INFO - Started process (PID=9887) to work on /opt/airflow/dags/env/Scripts/daff.exe
[2025-03-31T10:04:34.367+0000] {processor.py:914} INFO - Processing file /opt/airflow/dags/env/Scripts/daff.exe for tasks to queue
[2025-03-31T10:04:34.378+0000] {logging_mixin.py:190} INFO - [2025-03-31T10:04:34.376+0000] {dagbag.py:588} INFO - Filling up the DagBag from /opt/airflow/dags/env/Scripts/daff.exe
[2025-03-31T10:04:34.399+0000] {logging_mixin.py:190} INFO - [2025-03-31T10:04:34.399+0000] {dagbag.py:435} INFO - File /opt/airflow/dags/env/Scripts/daff.exe:__main__.py assumed to contain no DAGs. Skipping.
[2025-03-31T10:04:34.402+0000] {processor.py:927} WARNING - No viable dags retrieved from /opt/airflow/dags/env/Scripts/daff.exe
[2025-03-31T10:04:34.468+0000] {processor.py:208} INFO - Processing /opt/airflow/dags/env/Scripts/daff.exe took 0.134 seconds
[2025-03-31T10:07:44.063+0000] {processor.py:186} INFO - Started process (PID=9921) to work on /opt/airflow/dags/env/Scripts/daff.exe
[2025-03-31T10:07:44.065+0000] {processor.py:914} INFO - Processing file /opt/airflow/dags/env/Scripts/daff.exe for tasks to queue
[2025-03-31T10:07:44.082+0000] {logging_mixin.py:190} INFO - [2025-03-31T10:07:44.071+0000] {dagbag.py:588} INFO - Filling up the DagBag from /opt/airflow/dags/env/Scripts/daff.exe
[2025-03-31T10:07:44.107+0000] {logging_mixin.py:190} INFO - [2025-03-31T10:07:44.106+0000] {dagbag.py:435} INFO - File /opt/airflow/dags/env/Scripts/daff.exe:__main__.py assumed to contain no DAGs. Skipping.
[2025-03-31T10:07:44.109+0000] {processor.py:927} WARNING - No viable dags retrieved from /opt/airflow/dags/env/Scripts/daff.exe
[2025-03-31T10:07:44.185+0000] {processor.py:208} INFO - Processing /opt/airflow/dags/env/Scripts/daff.exe took 0.152 seconds
[2025-03-31T10:08:14.956+0000] {processor.py:186} INFO - Started process (PID=9945) to work on /opt/airflow/dags/env/Scripts/daff.exe
[2025-03-31T10:08:14.958+0000] {processor.py:914} INFO - Processing file /opt/airflow/dags/env/Scripts/daff.exe for tasks to queue
[2025-03-31T10:08:14.963+0000] {logging_mixin.py:190} INFO - [2025-03-31T10:08:14.962+0000] {dagbag.py:588} INFO - Filling up the DagBag from /opt/airflow/dags/env/Scripts/daff.exe
[2025-03-31T10:08:14.981+0000] {logging_mixin.py:190} INFO - [2025-03-31T10:08:14.980+0000] {dagbag.py:435} INFO - File /opt/airflow/dags/env/Scripts/daff.exe:__main__.py assumed to contain no DAGs. Skipping.
[2025-03-31T10:08:14.982+0000] {processor.py:927} WARNING - No viable dags retrieved from /opt/airflow/dags/env/Scripts/daff.exe
[2025-03-31T10:08:15.017+0000] {processor.py:208} INFO - Processing /opt/airflow/dags/env/Scripts/daff.exe took 0.075 seconds
[2025-03-31T10:09:02.193+0000] {processor.py:186} INFO - Started process (PID=9974) to work on /opt/airflow/dags/env/Scripts/daff.exe
[2025-03-31T10:09:02.195+0000] {processor.py:914} INFO - Processing file /opt/airflow/dags/env/Scripts/daff.exe for tasks to queue
[2025-03-31T10:09:02.199+0000] {logging_mixin.py:190} INFO - [2025-03-31T10:09:02.198+0000] {dagbag.py:588} INFO - Filling up the DagBag from /opt/airflow/dags/env/Scripts/daff.exe
[2025-03-31T10:09:02.215+0000] {logging_mixin.py:190} INFO - [2025-03-31T10:09:02.215+0000] {dagbag.py:435} INFO - File /opt/airflow/dags/env/Scripts/daff.exe:__main__.py assumed to contain no DAGs. Skipping.
[2025-03-31T10:09:02.217+0000] {processor.py:927} WARNING - No viable dags retrieved from /opt/airflow/dags/env/Scripts/daff.exe
[2025-03-31T10:09:02.247+0000] {processor.py:208} INFO - Processing /opt/airflow/dags/env/Scripts/daff.exe took 0.069 seconds
[2025-03-31T10:09:34.708+0000] {processor.py:186} INFO - Started process (PID=9998) to work on /opt/airflow/dags/env/Scripts/daff.exe
[2025-03-31T10:09:34.710+0000] {processor.py:914} INFO - Processing file /opt/airflow/dags/env/Scripts/daff.exe for tasks to queue
[2025-03-31T10:09:34.715+0000] {logging_mixin.py:190} INFO - [2025-03-31T10:09:34.714+0000] {dagbag.py:588} INFO - Filling up the DagBag from /opt/airflow/dags/env/Scripts/daff.exe
[2025-03-31T10:09:34.732+0000] {logging_mixin.py:190} INFO - [2025-03-31T10:09:34.732+0000] {dagbag.py:435} INFO - File /opt/airflow/dags/env/Scripts/daff.exe:__main__.py assumed to contain no DAGs. Skipping.
[2025-03-31T10:09:34.734+0000] {processor.py:927} WARNING - No viable dags retrieved from /opt/airflow/dags/env/Scripts/daff.exe
[2025-03-31T10:09:34.769+0000] {processor.py:208} INFO - Processing /opt/airflow/dags/env/Scripts/daff.exe took 0.075 seconds
[2025-03-31T10:12:37.677+0000] {processor.py:186} INFO - Started process (PID=10032) to work on /opt/airflow/dags/env/Scripts/daff.exe
[2025-03-31T10:12:37.679+0000] {processor.py:914} INFO - Processing file /opt/airflow/dags/env/Scripts/daff.exe for tasks to queue
[2025-03-31T10:12:37.693+0000] {logging_mixin.py:190} INFO - [2025-03-31T10:12:37.692+0000] {dagbag.py:588} INFO - Filling up the DagBag from /opt/airflow/dags/env/Scripts/daff.exe
[2025-03-31T10:12:37.711+0000] {logging_mixin.py:190} INFO - [2025-03-31T10:12:37.711+0000] {dagbag.py:435} INFO - File /opt/airflow/dags/env/Scripts/daff.exe:__main__.py assumed to contain no DAGs. Skipping.
[2025-03-31T10:12:37.713+0000] {processor.py:927} WARNING - No viable dags retrieved from /opt/airflow/dags/env/Scripts/daff.exe
[2025-03-31T10:12:37.762+0000] {processor.py:208} INFO - Processing /opt/airflow/dags/env/Scripts/daff.exe took 0.111 seconds
[2025-03-31T10:13:09.941+0000] {processor.py:186} INFO - Started process (PID=10056) to work on /opt/airflow/dags/env/Scripts/daff.exe
[2025-03-31T10:13:09.943+0000] {processor.py:914} INFO - Processing file /opt/airflow/dags/env/Scripts/daff.exe for tasks to queue
[2025-03-31T10:13:09.949+0000] {logging_mixin.py:190} INFO - [2025-03-31T10:13:09.948+0000] {dagbag.py:588} INFO - Filling up the DagBag from /opt/airflow/dags/env/Scripts/daff.exe
[2025-03-31T10:13:09.966+0000] {logging_mixin.py:190} INFO - [2025-03-31T10:13:09.965+0000] {dagbag.py:435} INFO - File /opt/airflow/dags/env/Scripts/daff.exe:__main__.py assumed to contain no DAGs. Skipping.
[2025-03-31T10:13:09.967+0000] {processor.py:927} WARNING - No viable dags retrieved from /opt/airflow/dags/env/Scripts/daff.exe
[2025-03-31T10:13:10.012+0000] {processor.py:208} INFO - Processing /opt/airflow/dags/env/Scripts/daff.exe took 0.084 seconds
[2025-03-31T10:14:03.350+0000] {processor.py:186} INFO - Started process (PID=10091) to work on /opt/airflow/dags/env/Scripts/daff.exe
[2025-03-31T10:14:03.352+0000] {processor.py:914} INFO - Processing file /opt/airflow/dags/env/Scripts/daff.exe for tasks to queue
[2025-03-31T10:14:03.356+0000] {logging_mixin.py:190} INFO - [2025-03-31T10:14:03.355+0000] {dagbag.py:588} INFO - Filling up the DagBag from /opt/airflow/dags/env/Scripts/daff.exe
[2025-03-31T10:14:03.372+0000] {logging_mixin.py:190} INFO - [2025-03-31T10:14:03.371+0000] {dagbag.py:435} INFO - File /opt/airflow/dags/env/Scripts/daff.exe:__main__.py assumed to contain no DAGs. Skipping.
[2025-03-31T10:14:03.373+0000] {processor.py:927} WARNING - No viable dags retrieved from /opt/airflow/dags/env/Scripts/daff.exe
[2025-03-31T10:14:03.404+0000] {processor.py:208} INFO - Processing /opt/airflow/dags/env/Scripts/daff.exe took 0.066 seconds
[2025-03-31T10:14:33.802+0000] {processor.py:186} INFO - Started process (PID=10115) to work on /opt/airflow/dags/env/Scripts/daff.exe
[2025-03-31T10:14:33.804+0000] {processor.py:914} INFO - Processing file /opt/airflow/dags/env/Scripts/daff.exe for tasks to queue
[2025-03-31T10:14:33.809+0000] {logging_mixin.py:190} INFO - [2025-03-31T10:14:33.808+0000] {dagbag.py:588} INFO - Filling up the DagBag from /opt/airflow/dags/env/Scripts/daff.exe
[2025-03-31T10:14:33.826+0000] {logging_mixin.py:190} INFO - [2025-03-31T10:14:33.825+0000] {dagbag.py:435} INFO - File /opt/airflow/dags/env/Scripts/daff.exe:__main__.py assumed to contain no DAGs. Skipping.
[2025-03-31T10:14:33.827+0000] {processor.py:927} WARNING - No viable dags retrieved from /opt/airflow/dags/env/Scripts/daff.exe
[2025-03-31T10:14:33.860+0000] {processor.py:208} INFO - Processing /opt/airflow/dags/env/Scripts/daff.exe took 0.071 seconds
[2025-03-31T10:17:43.956+0000] {processor.py:186} INFO - Started process (PID=10149) to work on /opt/airflow/dags/env/Scripts/daff.exe
[2025-03-31T10:17:43.959+0000] {processor.py:914} INFO - Processing file /opt/airflow/dags/env/Scripts/daff.exe for tasks to queue
[2025-03-31T10:17:43.971+0000] {logging_mixin.py:190} INFO - [2025-03-31T10:17:43.970+0000] {dagbag.py:588} INFO - Filling up the DagBag from /opt/airflow/dags/env/Scripts/daff.exe
[2025-03-31T10:17:43.991+0000] {logging_mixin.py:190} INFO - [2025-03-31T10:17:43.990+0000] {dagbag.py:435} INFO - File /opt/airflow/dags/env/Scripts/daff.exe:__main__.py assumed to contain no DAGs. Skipping.
[2025-03-31T10:17:43.992+0000] {processor.py:927} WARNING - No viable dags retrieved from /opt/airflow/dags/env/Scripts/daff.exe
[2025-03-31T10:17:44.035+0000] {processor.py:208} INFO - Processing /opt/airflow/dags/env/Scripts/daff.exe took 0.098 seconds
[2025-03-31T10:18:17.658+0000] {processor.py:186} INFO - Started process (PID=10173) to work on /opt/airflow/dags/env/Scripts/daff.exe
[2025-03-31T10:18:17.660+0000] {processor.py:914} INFO - Processing file /opt/airflow/dags/env/Scripts/daff.exe for tasks to queue
[2025-03-31T10:18:17.664+0000] {logging_mixin.py:190} INFO - [2025-03-31T10:18:17.664+0000] {dagbag.py:588} INFO - Filling up the DagBag from /opt/airflow/dags/env/Scripts/daff.exe
[2025-03-31T10:18:17.686+0000] {logging_mixin.py:190} INFO - [2025-03-31T10:18:17.686+0000] {dagbag.py:435} INFO - File /opt/airflow/dags/env/Scripts/daff.exe:__main__.py assumed to contain no DAGs. Skipping.
[2025-03-31T10:18:17.688+0000] {processor.py:927} WARNING - No viable dags retrieved from /opt/airflow/dags/env/Scripts/daff.exe
[2025-03-31T10:18:17.738+0000] {processor.py:208} INFO - Processing /opt/airflow/dags/env/Scripts/daff.exe took 0.095 seconds
[2025-03-31T10:19:05.493+0000] {processor.py:186} INFO - Started process (PID=10202) to work on /opt/airflow/dags/env/Scripts/daff.exe
[2025-03-31T10:19:05.495+0000] {processor.py:914} INFO - Processing file /opt/airflow/dags/env/Scripts/daff.exe for tasks to queue
[2025-03-31T10:19:05.500+0000] {logging_mixin.py:190} INFO - [2025-03-31T10:19:05.500+0000] {dagbag.py:588} INFO - Filling up the DagBag from /opt/airflow/dags/env/Scripts/daff.exe
[2025-03-31T10:19:05.515+0000] {logging_mixin.py:190} INFO - [2025-03-31T10:19:05.515+0000] {dagbag.py:435} INFO - File /opt/airflow/dags/env/Scripts/daff.exe:__main__.py assumed to contain no DAGs. Skipping.
[2025-03-31T10:19:05.517+0000] {processor.py:927} WARNING - No viable dags retrieved from /opt/airflow/dags/env/Scripts/daff.exe
[2025-03-31T10:19:05.551+0000] {processor.py:208} INFO - Processing /opt/airflow/dags/env/Scripts/daff.exe took 0.073 seconds
[2025-03-31T10:19:36.428+0000] {processor.py:186} INFO - Started process (PID=10226) to work on /opt/airflow/dags/env/Scripts/daff.exe
[2025-03-31T10:19:36.430+0000] {processor.py:914} INFO - Processing file /opt/airflow/dags/env/Scripts/daff.exe for tasks to queue
[2025-03-31T10:19:36.434+0000] {logging_mixin.py:190} INFO - [2025-03-31T10:19:36.433+0000] {dagbag.py:588} INFO - Filling up the DagBag from /opt/airflow/dags/env/Scripts/daff.exe
[2025-03-31T10:19:36.448+0000] {logging_mixin.py:190} INFO - [2025-03-31T10:19:36.448+0000] {dagbag.py:435} INFO - File /opt/airflow/dags/env/Scripts/daff.exe:__main__.py assumed to contain no DAGs. Skipping.
[2025-03-31T10:19:36.450+0000] {processor.py:927} WARNING - No viable dags retrieved from /opt/airflow/dags/env/Scripts/daff.exe
[2025-03-31T10:19:36.478+0000] {processor.py:208} INFO - Processing /opt/airflow/dags/env/Scripts/daff.exe took 0.062 seconds
[2025-03-31T10:43:35.495+0000] {processor.py:186} INFO - Started process (PID=10261) to work on /opt/airflow/dags/env/Scripts/daff.exe
[2025-03-31T10:43:35.497+0000] {processor.py:914} INFO - Processing file /opt/airflow/dags/env/Scripts/daff.exe for tasks to queue
[2025-03-31T10:43:35.502+0000] {logging_mixin.py:190} INFO - [2025-03-31T10:43:35.501+0000] {dagbag.py:588} INFO - Filling up the DagBag from /opt/airflow/dags/env/Scripts/daff.exe
[2025-03-31T10:43:35.516+0000] {logging_mixin.py:190} INFO - [2025-03-31T10:43:35.515+0000] {dagbag.py:435} INFO - File /opt/airflow/dags/env/Scripts/daff.exe:__main__.py assumed to contain no DAGs. Skipping.
[2025-03-31T10:43:35.517+0000] {processor.py:927} WARNING - No viable dags retrieved from /opt/airflow/dags/env/Scripts/daff.exe
[2025-03-31T10:43:35.549+0000] {processor.py:208} INFO - Processing /opt/airflow/dags/env/Scripts/daff.exe took 0.062 seconds
[2025-03-31T10:44:06.154+0000] {processor.py:186} INFO - Started process (PID=10285) to work on /opt/airflow/dags/env/Scripts/daff.exe
[2025-03-31T10:44:06.156+0000] {processor.py:914} INFO - Processing file /opt/airflow/dags/env/Scripts/daff.exe for tasks to queue
[2025-03-31T10:44:06.161+0000] {logging_mixin.py:190} INFO - [2025-03-31T10:44:06.160+0000] {dagbag.py:588} INFO - Filling up the DagBag from /opt/airflow/dags/env/Scripts/daff.exe
[2025-03-31T10:44:06.178+0000] {logging_mixin.py:190} INFO - [2025-03-31T10:44:06.178+0000] {dagbag.py:435} INFO - File /opt/airflow/dags/env/Scripts/daff.exe:__main__.py assumed to contain no DAGs. Skipping.
[2025-03-31T10:44:06.180+0000] {processor.py:927} WARNING - No viable dags retrieved from /opt/airflow/dags/env/Scripts/daff.exe
[2025-03-31T10:44:06.211+0000] {processor.py:208} INFO - Processing /opt/airflow/dags/env/Scripts/daff.exe took 0.071 seconds
[2025-03-31T10:45:04.315+0000] {processor.py:186} INFO - Started process (PID=10313) to work on /opt/airflow/dags/env/Scripts/daff.exe
[2025-03-31T10:45:04.317+0000] {processor.py:914} INFO - Processing file /opt/airflow/dags/env/Scripts/daff.exe for tasks to queue
[2025-03-31T10:45:04.324+0000] {logging_mixin.py:190} INFO - [2025-03-31T10:45:04.323+0000] {dagbag.py:588} INFO - Filling up the DagBag from /opt/airflow/dags/env/Scripts/daff.exe
[2025-03-31T10:45:04.350+0000] {logging_mixin.py:190} INFO - [2025-03-31T10:45:04.350+0000] {dagbag.py:435} INFO - File /opt/airflow/dags/env/Scripts/daff.exe:__main__.py assumed to contain no DAGs. Skipping.
[2025-03-31T10:45:04.352+0000] {processor.py:927} WARNING - No viable dags retrieved from /opt/airflow/dags/env/Scripts/daff.exe
[2025-03-31T10:45:04.401+0000] {processor.py:208} INFO - Processing /opt/airflow/dags/env/Scripts/daff.exe took 0.103 seconds
[2025-03-31T11:03:44.274+0000] {processor.py:186} INFO - Started process (PID=10367) to work on /opt/airflow/dags/env/Scripts/daff.exe
[2025-03-31T11:03:44.280+0000] {processor.py:914} INFO - Processing file /opt/airflow/dags/env/Scripts/daff.exe for tasks to queue
[2025-03-31T11:03:44.286+0000] {logging_mixin.py:190} INFO - [2025-03-31T11:03:44.285+0000] {dagbag.py:588} INFO - Filling up the DagBag from /opt/airflow/dags/env/Scripts/daff.exe
[2025-03-31T11:03:44.328+0000] {logging_mixin.py:190} INFO - [2025-03-31T11:03:44.328+0000] {dagbag.py:435} INFO - File /opt/airflow/dags/env/Scripts/daff.exe:__main__.py assumed to contain no DAGs. Skipping.
[2025-03-31T11:03:44.330+0000] {processor.py:927} WARNING - No viable dags retrieved from /opt/airflow/dags/env/Scripts/daff.exe
[2025-03-31T11:03:44.398+0000] {processor.py:208} INFO - Processing /opt/airflow/dags/env/Scripts/daff.exe took 0.141 seconds
[2025-03-31T11:17:14.812+0000] {processor.py:186} INFO - Started process (PID=10383) to work on /opt/airflow/dags/env/Scripts/daff.exe
[2025-03-31T11:17:14.814+0000] {processor.py:914} INFO - Processing file /opt/airflow/dags/env/Scripts/daff.exe for tasks to queue
[2025-03-31T11:17:14.822+0000] {logging_mixin.py:190} INFO - [2025-03-31T11:17:14.821+0000] {dagbag.py:588} INFO - Filling up the DagBag from /opt/airflow/dags/env/Scripts/daff.exe
[2025-03-31T11:17:14.843+0000] {logging_mixin.py:190} INFO - [2025-03-31T11:17:14.842+0000] {dagbag.py:435} INFO - File /opt/airflow/dags/env/Scripts/daff.exe:__main__.py assumed to contain no DAGs. Skipping.
[2025-03-31T11:17:14.844+0000] {processor.py:927} WARNING - No viable dags retrieved from /opt/airflow/dags/env/Scripts/daff.exe
[2025-03-31T11:17:14.877+0000] {processor.py:208} INFO - Processing /opt/airflow/dags/env/Scripts/daff.exe took 0.080 seconds
[2025-03-31T11:18:54.586+0000] {processor.py:186} INFO - Started process (PID=10413) to work on /opt/airflow/dags/env/Scripts/daff.exe
[2025-03-31T11:18:54.588+0000] {processor.py:914} INFO - Processing file /opt/airflow/dags/env/Scripts/daff.exe for tasks to queue
[2025-03-31T11:18:54.597+0000] {logging_mixin.py:190} INFO - [2025-03-31T11:18:54.596+0000] {dagbag.py:588} INFO - Filling up the DagBag from /opt/airflow/dags/env/Scripts/daff.exe
[2025-03-31T11:18:54.627+0000] {logging_mixin.py:190} INFO - [2025-03-31T11:18:54.626+0000] {dagbag.py:435} INFO - File /opt/airflow/dags/env/Scripts/daff.exe:__main__.py assumed to contain no DAGs. Skipping.
[2025-03-31T11:18:54.635+0000] {processor.py:927} WARNING - No viable dags retrieved from /opt/airflow/dags/env/Scripts/daff.exe
[2025-03-31T11:18:54.743+0000] {processor.py:208} INFO - Processing /opt/airflow/dags/env/Scripts/daff.exe took 0.178 seconds
