[2025-03-31T07:27:26.434+0000] {processor.py:186} INFO - Started process (PID=7695) to work on /opt/airflow/dags/env/Scripts/f2py.exe
[2025-03-31T07:27:26.436+0000] {processor.py:914} INFO - Processing file /opt/airflow/dags/env/Scripts/f2py.exe for tasks to queue
[2025-03-31T07:27:26.443+0000] {logging_mixin.py:190} INFO - [2025-03-31T07:27:26.442+0000] {dagbag.py:588} INFO - Filling up the DagBag from /opt/airflow/dags/env/Scripts/f2py.exe
[2025-03-31T07:27:26.465+0000] {logging_mixin.py:190} INFO - [2025-03-31T07:27:26.465+0000] {dagbag.py:435} INFO - File /opt/airflow/dags/env/Scripts/f2py.exe:__main__.py assumed to contain no DAGs. Skipping.
[2025-03-31T07:27:26.467+0000] {processor.py:927} WARNING - No viable dags retrieved from /opt/airflow/dags/env/Scripts/f2py.exe
[2025-03-31T07:27:26.503+0000] {processor.py:208} INFO - Processing /opt/airflow/dags/env/Scripts/f2py.exe took 0.083 seconds
[2025-03-31T07:27:57.650+0000] {processor.py:186} INFO - Started process (PID=7719) to work on /opt/airflow/dags/env/Scripts/f2py.exe
[2025-03-31T07:27:57.651+0000] {processor.py:914} INFO - Processing file /opt/airflow/dags/env/Scripts/f2py.exe for tasks to queue
[2025-03-31T07:27:57.655+0000] {logging_mixin.py:190} INFO - [2025-03-31T07:27:57.655+0000] {dagbag.py:588} INFO - Filling up the DagBag from /opt/airflow/dags/env/Scripts/f2py.exe
[2025-03-31T07:27:57.671+0000] {logging_mixin.py:190} INFO - [2025-03-31T07:27:57.670+0000] {dagbag.py:435} INFO - File /opt/airflow/dags/env/Scripts/f2py.exe:__main__.py assumed to contain no DAGs. Skipping.
[2025-03-31T07:27:57.673+0000] {processor.py:927} WARNING - No viable dags retrieved from /opt/airflow/dags/env/Scripts/f2py.exe
[2025-03-31T07:27:57.700+0000] {processor.py:208} INFO - Processing /opt/airflow/dags/env/Scripts/f2py.exe took 0.059 seconds
[2025-03-31T08:42:36.673+0000] {processor.py:186} INFO - Started process (PID=8047) to work on /opt/airflow/dags/env/Scripts/f2py.exe
[2025-03-31T08:42:36.676+0000] {processor.py:914} INFO - Processing file /opt/airflow/dags/env/Scripts/f2py.exe for tasks to queue
[2025-03-31T08:42:36.681+0000] {logging_mixin.py:190} INFO - [2025-03-31T08:42:36.680+0000] {dagbag.py:588} INFO - Filling up the DagBag from /opt/airflow/dags/env/Scripts/f2py.exe
[2025-03-31T08:42:36.695+0000] {logging_mixin.py:190} INFO - [2025-03-31T08:42:36.695+0000] {dagbag.py:435} INFO - File /opt/airflow/dags/env/Scripts/f2py.exe:__main__.py assumed to contain no DAGs. Skipping.
[2025-03-31T08:42:36.697+0000] {processor.py:927} WARNING - No viable dags retrieved from /opt/airflow/dags/env/Scripts/f2py.exe
[2025-03-31T08:42:36.728+0000] {processor.py:208} INFO - Processing /opt/airflow/dags/env/Scripts/f2py.exe took 0.063 seconds
[2025-03-31T08:43:08.104+0000] {processor.py:186} INFO - Started process (PID=8071) to work on /opt/airflow/dags/env/Scripts/f2py.exe
[2025-03-31T08:43:08.107+0000] {processor.py:914} INFO - Processing file /opt/airflow/dags/env/Scripts/f2py.exe for tasks to queue
[2025-03-31T08:43:08.111+0000] {logging_mixin.py:190} INFO - [2025-03-31T08:43:08.110+0000] {dagbag.py:588} INFO - Filling up the DagBag from /opt/airflow/dags/env/Scripts/f2py.exe
[2025-03-31T08:43:08.125+0000] {logging_mixin.py:190} INFO - [2025-03-31T08:43:08.125+0000] {dagbag.py:435} INFO - File /opt/airflow/dags/env/Scripts/f2py.exe:__main__.py assumed to contain no DAGs. Skipping.
[2025-03-31T08:43:08.126+0000] {processor.py:927} WARNING - No viable dags retrieved from /opt/airflow/dags/env/Scripts/f2py.exe
[2025-03-31T08:43:08.156+0000] {processor.py:208} INFO - Processing /opt/airflow/dags/env/Scripts/f2py.exe took 0.063 seconds
[2025-03-31T08:43:43.014+0000] {processor.py:186} INFO - Started process (PID=8087) to work on /opt/airflow/dags/env/Scripts/f2py.exe
[2025-03-31T08:43:43.016+0000] {processor.py:914} INFO - Processing file /opt/airflow/dags/env/Scripts/f2py.exe for tasks to queue
[2025-03-31T08:43:43.023+0000] {logging_mixin.py:190} INFO - [2025-03-31T08:43:43.022+0000] {dagbag.py:588} INFO - Filling up the DagBag from /opt/airflow/dags/env/Scripts/f2py.exe
[2025-03-31T08:43:43.042+0000] {logging_mixin.py:190} INFO - [2025-03-31T08:43:43.042+0000] {dagbag.py:435} INFO - File /opt/airflow/dags/env/Scripts/f2py.exe:__main__.py assumed to contain no DAGs. Skipping.
[2025-03-31T08:43:43.044+0000] {processor.py:927} WARNING - No viable dags retrieved from /opt/airflow/dags/env/Scripts/f2py.exe
[2025-03-31T08:43:43.076+0000] {processor.py:208} INFO - Processing /opt/airflow/dags/env/Scripts/f2py.exe took 0.089 seconds
[2025-03-31T08:44:14.040+0000] {processor.py:186} INFO - Started process (PID=8111) to work on /opt/airflow/dags/env/Scripts/f2py.exe
[2025-03-31T08:44:14.042+0000] {processor.py:914} INFO - Processing file /opt/airflow/dags/env/Scripts/f2py.exe for tasks to queue
[2025-03-31T08:44:14.048+0000] {logging_mixin.py:190} INFO - [2025-03-31T08:44:14.047+0000] {dagbag.py:588} INFO - Filling up the DagBag from /opt/airflow/dags/env/Scripts/f2py.exe
[2025-03-31T08:44:14.069+0000] {logging_mixin.py:190} INFO - [2025-03-31T08:44:14.068+0000] {dagbag.py:435} INFO - File /opt/airflow/dags/env/Scripts/f2py.exe:__main__.py assumed to contain no DAGs. Skipping.
[2025-03-31T08:44:14.071+0000] {processor.py:927} WARNING - No viable dags retrieved from /opt/airflow/dags/env/Scripts/f2py.exe
[2025-03-31T08:44:14.117+0000] {processor.py:208} INFO - Processing /opt/airflow/dags/env/Scripts/f2py.exe took 0.090 seconds
[2025-03-31T08:47:23.704+0000] {processor.py:186} INFO - Started process (PID=8149) to work on /opt/airflow/dags/env/Scripts/f2py.exe
[2025-03-31T08:47:23.705+0000] {processor.py:914} INFO - Processing file /opt/airflow/dags/env/Scripts/f2py.exe for tasks to queue
[2025-03-31T08:47:23.710+0000] {logging_mixin.py:190} INFO - [2025-03-31T08:47:23.710+0000] {dagbag.py:588} INFO - Filling up the DagBag from /opt/airflow/dags/env/Scripts/f2py.exe
[2025-03-31T08:47:23.724+0000] {logging_mixin.py:190} INFO - [2025-03-31T08:47:23.724+0000] {dagbag.py:435} INFO - File /opt/airflow/dags/env/Scripts/f2py.exe:__main__.py assumed to contain no DAGs. Skipping.
[2025-03-31T08:47:23.726+0000] {processor.py:927} WARNING - No viable dags retrieved from /opt/airflow/dags/env/Scripts/f2py.exe
[2025-03-31T08:47:23.755+0000] {processor.py:208} INFO - Processing /opt/airflow/dags/env/Scripts/f2py.exe took 0.062 seconds
[2025-03-31T08:47:55.988+0000] {processor.py:186} INFO - Started process (PID=8173) to work on /opt/airflow/dags/env/Scripts/f2py.exe
[2025-03-31T08:47:55.990+0000] {processor.py:914} INFO - Processing file /opt/airflow/dags/env/Scripts/f2py.exe for tasks to queue
[2025-03-31T08:47:55.996+0000] {logging_mixin.py:190} INFO - [2025-03-31T08:47:55.996+0000] {dagbag.py:588} INFO - Filling up the DagBag from /opt/airflow/dags/env/Scripts/f2py.exe
[2025-03-31T08:47:56.014+0000] {logging_mixin.py:190} INFO - [2025-03-31T08:47:56.013+0000] {dagbag.py:435} INFO - File /opt/airflow/dags/env/Scripts/f2py.exe:__main__.py assumed to contain no DAGs. Skipping.
[2025-03-31T08:47:56.015+0000] {processor.py:927} WARNING - No viable dags retrieved from /opt/airflow/dags/env/Scripts/f2py.exe
[2025-03-31T08:47:56.050+0000] {processor.py:208} INFO - Processing /opt/airflow/dags/env/Scripts/f2py.exe took 0.071 seconds
[2025-03-31T08:48:47.630+0000] {processor.py:186} INFO - Started process (PID=8203) to work on /opt/airflow/dags/env/Scripts/f2py.exe
[2025-03-31T08:48:47.632+0000] {processor.py:914} INFO - Processing file /opt/airflow/dags/env/Scripts/f2py.exe for tasks to queue
[2025-03-31T08:48:47.637+0000] {logging_mixin.py:190} INFO - [2025-03-31T08:48:47.636+0000] {dagbag.py:588} INFO - Filling up the DagBag from /opt/airflow/dags/env/Scripts/f2py.exe
[2025-03-31T08:48:47.654+0000] {logging_mixin.py:190} INFO - [2025-03-31T08:48:47.653+0000] {dagbag.py:435} INFO - File /opt/airflow/dags/env/Scripts/f2py.exe:__main__.py assumed to contain no DAGs. Skipping.
[2025-03-31T08:48:47.655+0000] {processor.py:927} WARNING - No viable dags retrieved from /opt/airflow/dags/env/Scripts/f2py.exe
[2025-03-31T08:48:47.690+0000] {processor.py:208} INFO - Processing /opt/airflow/dags/env/Scripts/f2py.exe took 0.070 seconds
[2025-03-31T08:49:19.607+0000] {processor.py:186} INFO - Started process (PID=8227) to work on /opt/airflow/dags/env/Scripts/f2py.exe
[2025-03-31T08:49:19.609+0000] {processor.py:914} INFO - Processing file /opt/airflow/dags/env/Scripts/f2py.exe for tasks to queue
[2025-03-31T08:49:19.615+0000] {logging_mixin.py:190} INFO - [2025-03-31T08:49:19.614+0000] {dagbag.py:588} INFO - Filling up the DagBag from /opt/airflow/dags/env/Scripts/f2py.exe
[2025-03-31T08:49:19.632+0000] {logging_mixin.py:190} INFO - [2025-03-31T08:49:19.631+0000] {dagbag.py:435} INFO - File /opt/airflow/dags/env/Scripts/f2py.exe:__main__.py assumed to contain no DAGs. Skipping.
[2025-03-31T08:49:19.633+0000] {processor.py:927} WARNING - No viable dags retrieved from /opt/airflow/dags/env/Scripts/f2py.exe
[2025-03-31T08:49:19.667+0000] {processor.py:208} INFO - Processing /opt/airflow/dags/env/Scripts/f2py.exe took 0.071 seconds
[2025-03-31T08:52:23.073+0000] {processor.py:186} INFO - Started process (PID=8261) to work on /opt/airflow/dags/env/Scripts/f2py.exe
[2025-03-31T08:52:23.075+0000] {processor.py:914} INFO - Processing file /opt/airflow/dags/env/Scripts/f2py.exe for tasks to queue
[2025-03-31T08:52:23.083+0000] {logging_mixin.py:190} INFO - [2025-03-31T08:52:23.082+0000] {dagbag.py:588} INFO - Filling up the DagBag from /opt/airflow/dags/env/Scripts/f2py.exe
[2025-03-31T08:52:23.096+0000] {logging_mixin.py:190} INFO - [2025-03-31T08:52:23.096+0000] {dagbag.py:435} INFO - File /opt/airflow/dags/env/Scripts/f2py.exe:__main__.py assumed to contain no DAGs. Skipping.
[2025-03-31T08:52:23.097+0000] {processor.py:927} WARNING - No viable dags retrieved from /opt/airflow/dags/env/Scripts/f2py.exe
[2025-03-31T08:52:23.121+0000] {processor.py:208} INFO - Processing /opt/airflow/dags/env/Scripts/f2py.exe took 0.059 seconds
[2025-03-31T08:52:57.136+0000] {processor.py:186} INFO - Started process (PID=8285) to work on /opt/airflow/dags/env/Scripts/f2py.exe
[2025-03-31T08:52:57.138+0000] {processor.py:914} INFO - Processing file /opt/airflow/dags/env/Scripts/f2py.exe for tasks to queue
[2025-03-31T08:52:57.144+0000] {logging_mixin.py:190} INFO - [2025-03-31T08:52:57.143+0000] {dagbag.py:588} INFO - Filling up the DagBag from /opt/airflow/dags/env/Scripts/f2py.exe
[2025-03-31T08:52:57.158+0000] {logging_mixin.py:190} INFO - [2025-03-31T08:52:57.158+0000] {dagbag.py:435} INFO - File /opt/airflow/dags/env/Scripts/f2py.exe:__main__.py assumed to contain no DAGs. Skipping.
[2025-03-31T08:52:57.160+0000] {processor.py:927} WARNING - No viable dags retrieved from /opt/airflow/dags/env/Scripts/f2py.exe
[2025-03-31T08:52:57.188+0000] {processor.py:208} INFO - Processing /opt/airflow/dags/env/Scripts/f2py.exe took 0.067 seconds
[2025-03-31T08:53:52.417+0000] {processor.py:186} INFO - Started process (PID=8315) to work on /opt/airflow/dags/env/Scripts/f2py.exe
[2025-03-31T08:53:52.420+0000] {processor.py:914} INFO - Processing file /opt/airflow/dags/env/Scripts/f2py.exe for tasks to queue
[2025-03-31T08:53:52.432+0000] {logging_mixin.py:190} INFO - [2025-03-31T08:53:52.431+0000] {dagbag.py:588} INFO - Filling up the DagBag from /opt/airflow/dags/env/Scripts/f2py.exe
[2025-03-31T08:53:52.455+0000] {logging_mixin.py:190} INFO - [2025-03-31T08:53:52.455+0000] {dagbag.py:435} INFO - File /opt/airflow/dags/env/Scripts/f2py.exe:__main__.py assumed to contain no DAGs. Skipping.
[2025-03-31T08:53:52.457+0000] {processor.py:927} WARNING - No viable dags retrieved from /opt/airflow/dags/env/Scripts/f2py.exe
[2025-03-31T08:53:52.502+0000] {processor.py:208} INFO - Processing /opt/airflow/dags/env/Scripts/f2py.exe took 0.098 seconds
[2025-03-31T08:54:24.119+0000] {processor.py:186} INFO - Started process (PID=8339) to work on /opt/airflow/dags/env/Scripts/f2py.exe
[2025-03-31T08:54:24.121+0000] {processor.py:914} INFO - Processing file /opt/airflow/dags/env/Scripts/f2py.exe for tasks to queue
[2025-03-31T08:54:24.128+0000] {logging_mixin.py:190} INFO - [2025-03-31T08:54:24.127+0000] {dagbag.py:588} INFO - Filling up the DagBag from /opt/airflow/dags/env/Scripts/f2py.exe
[2025-03-31T08:54:24.143+0000] {logging_mixin.py:190} INFO - [2025-03-31T08:54:24.142+0000] {dagbag.py:435} INFO - File /opt/airflow/dags/env/Scripts/f2py.exe:__main__.py assumed to contain no DAGs. Skipping.
[2025-03-31T08:54:24.144+0000] {processor.py:927} WARNING - No viable dags retrieved from /opt/airflow/dags/env/Scripts/f2py.exe
[2025-03-31T08:54:24.177+0000] {processor.py:208} INFO - Processing /opt/airflow/dags/env/Scripts/f2py.exe took 0.072 seconds
[2025-03-31T08:57:20.310+0000] {processor.py:186} INFO - Started process (PID=8368) to work on /opt/airflow/dags/env/Scripts/f2py.exe
[2025-03-31T08:57:20.312+0000] {processor.py:914} INFO - Processing file /opt/airflow/dags/env/Scripts/f2py.exe for tasks to queue
[2025-03-31T08:57:20.317+0000] {logging_mixin.py:190} INFO - [2025-03-31T08:57:20.316+0000] {dagbag.py:588} INFO - Filling up the DagBag from /opt/airflow/dags/env/Scripts/f2py.exe
[2025-03-31T08:57:20.330+0000] {logging_mixin.py:190} INFO - [2025-03-31T08:57:20.329+0000] {dagbag.py:435} INFO - File /opt/airflow/dags/env/Scripts/f2py.exe:__main__.py assumed to contain no DAGs. Skipping.
[2025-03-31T08:57:20.331+0000] {processor.py:927} WARNING - No viable dags retrieved from /opt/airflow/dags/env/Scripts/f2py.exe
[2025-03-31T08:57:20.362+0000] {processor.py:208} INFO - Processing /opt/airflow/dags/env/Scripts/f2py.exe took 0.059 seconds
[2025-03-31T08:57:51.750+0000] {processor.py:186} INFO - Started process (PID=8392) to work on /opt/airflow/dags/env/Scripts/f2py.exe
[2025-03-31T08:57:51.752+0000] {processor.py:914} INFO - Processing file /opt/airflow/dags/env/Scripts/f2py.exe for tasks to queue
[2025-03-31T08:57:51.759+0000] {logging_mixin.py:190} INFO - [2025-03-31T08:57:51.758+0000] {dagbag.py:588} INFO - Filling up the DagBag from /opt/airflow/dags/env/Scripts/f2py.exe
[2025-03-31T08:57:51.780+0000] {logging_mixin.py:190} INFO - [2025-03-31T08:57:51.780+0000] {dagbag.py:435} INFO - File /opt/airflow/dags/env/Scripts/f2py.exe:__main__.py assumed to contain no DAGs. Skipping.
[2025-03-31T08:57:51.783+0000] {processor.py:927} WARNING - No viable dags retrieved from /opt/airflow/dags/env/Scripts/f2py.exe
[2025-03-31T08:57:51.823+0000] {processor.py:208} INFO - Processing /opt/airflow/dags/env/Scripts/f2py.exe took 0.090 seconds
[2025-03-31T08:58:47.852+0000] {processor.py:186} INFO - Started process (PID=8427) to work on /opt/airflow/dags/env/Scripts/f2py.exe
[2025-03-31T08:58:47.854+0000] {processor.py:914} INFO - Processing file /opt/airflow/dags/env/Scripts/f2py.exe for tasks to queue
[2025-03-31T08:58:47.858+0000] {logging_mixin.py:190} INFO - [2025-03-31T08:58:47.858+0000] {dagbag.py:588} INFO - Filling up the DagBag from /opt/airflow/dags/env/Scripts/f2py.exe
[2025-03-31T08:58:47.872+0000] {logging_mixin.py:190} INFO - [2025-03-31T08:58:47.872+0000] {dagbag.py:435} INFO - File /opt/airflow/dags/env/Scripts/f2py.exe:__main__.py assumed to contain no DAGs. Skipping.
[2025-03-31T08:58:47.874+0000] {processor.py:927} WARNING - No viable dags retrieved from /opt/airflow/dags/env/Scripts/f2py.exe
[2025-03-31T08:58:47.902+0000] {processor.py:208} INFO - Processing /opt/airflow/dags/env/Scripts/f2py.exe took 0.061 seconds
[2025-03-31T08:59:18.819+0000] {processor.py:186} INFO - Started process (PID=8451) to work on /opt/airflow/dags/env/Scripts/f2py.exe
[2025-03-31T08:59:18.822+0000] {processor.py:914} INFO - Processing file /opt/airflow/dags/env/Scripts/f2py.exe for tasks to queue
[2025-03-31T08:59:18.843+0000] {logging_mixin.py:190} INFO - [2025-03-31T08:59:18.838+0000] {dagbag.py:588} INFO - Filling up the DagBag from /opt/airflow/dags/env/Scripts/f2py.exe
[2025-03-31T08:59:18.865+0000] {logging_mixin.py:190} INFO - [2025-03-31T08:59:18.864+0000] {dagbag.py:435} INFO - File /opt/airflow/dags/env/Scripts/f2py.exe:__main__.py assumed to contain no DAGs. Skipping.
[2025-03-31T08:59:18.867+0000] {processor.py:927} WARNING - No viable dags retrieved from /opt/airflow/dags/env/Scripts/f2py.exe
[2025-03-31T08:59:18.922+0000] {processor.py:208} INFO - Processing /opt/airflow/dags/env/Scripts/f2py.exe took 0.123 seconds
[2025-03-31T09:02:29.420+0000] {processor.py:186} INFO - Started process (PID=8485) to work on /opt/airflow/dags/env/Scripts/f2py.exe
[2025-03-31T09:02:29.423+0000] {processor.py:914} INFO - Processing file /opt/airflow/dags/env/Scripts/f2py.exe for tasks to queue
[2025-03-31T09:02:29.429+0000] {logging_mixin.py:190} INFO - [2025-03-31T09:02:29.428+0000] {dagbag.py:588} INFO - Filling up the DagBag from /opt/airflow/dags/env/Scripts/f2py.exe
[2025-03-31T09:02:29.465+0000] {logging_mixin.py:190} INFO - [2025-03-31T09:02:29.465+0000] {dagbag.py:435} INFO - File /opt/airflow/dags/env/Scripts/f2py.exe:__main__.py assumed to contain no DAGs. Skipping.
[2025-03-31T09:02:29.467+0000] {processor.py:927} WARNING - No viable dags retrieved from /opt/airflow/dags/env/Scripts/f2py.exe
[2025-03-31T09:02:29.515+0000] {processor.py:208} INFO - Processing /opt/airflow/dags/env/Scripts/f2py.exe took 0.130 seconds
[2025-03-31T09:03:00.880+0000] {processor.py:186} INFO - Started process (PID=8509) to work on /opt/airflow/dags/env/Scripts/f2py.exe
[2025-03-31T09:03:00.882+0000] {processor.py:914} INFO - Processing file /opt/airflow/dags/env/Scripts/f2py.exe for tasks to queue
[2025-03-31T09:03:00.893+0000] {logging_mixin.py:190} INFO - [2025-03-31T09:03:00.892+0000] {dagbag.py:588} INFO - Filling up the DagBag from /opt/airflow/dags/env/Scripts/f2py.exe
[2025-03-31T09:03:00.911+0000] {logging_mixin.py:190} INFO - [2025-03-31T09:03:00.911+0000] {dagbag.py:435} INFO - File /opt/airflow/dags/env/Scripts/f2py.exe:__main__.py assumed to contain no DAGs. Skipping.
[2025-03-31T09:03:00.913+0000] {processor.py:927} WARNING - No viable dags retrieved from /opt/airflow/dags/env/Scripts/f2py.exe
[2025-03-31T09:03:00.945+0000] {processor.py:208} INFO - Processing /opt/airflow/dags/env/Scripts/f2py.exe took 0.073 seconds
[2025-03-31T09:04:00.589+0000] {processor.py:186} INFO - Started process (PID=8538) to work on /opt/airflow/dags/env/Scripts/f2py.exe
[2025-03-31T09:04:00.593+0000] {processor.py:914} INFO - Processing file /opt/airflow/dags/env/Scripts/f2py.exe for tasks to queue
[2025-03-31T09:04:00.600+0000] {logging_mixin.py:190} INFO - [2025-03-31T09:04:00.599+0000] {dagbag.py:588} INFO - Filling up the DagBag from /opt/airflow/dags/env/Scripts/f2py.exe
[2025-03-31T09:04:00.618+0000] {logging_mixin.py:190} INFO - [2025-03-31T09:04:00.618+0000] {dagbag.py:435} INFO - File /opt/airflow/dags/env/Scripts/f2py.exe:__main__.py assumed to contain no DAGs. Skipping.
[2025-03-31T09:04:00.620+0000] {processor.py:927} WARNING - No viable dags retrieved from /opt/airflow/dags/env/Scripts/f2py.exe
[2025-03-31T09:04:00.659+0000] {processor.py:208} INFO - Processing /opt/airflow/dags/env/Scripts/f2py.exe took 0.086 seconds
[2025-03-31T09:04:32.682+0000] {processor.py:186} INFO - Started process (PID=8562) to work on /opt/airflow/dags/env/Scripts/f2py.exe
[2025-03-31T09:04:32.684+0000] {processor.py:914} INFO - Processing file /opt/airflow/dags/env/Scripts/f2py.exe for tasks to queue
[2025-03-31T09:04:32.690+0000] {logging_mixin.py:190} INFO - [2025-03-31T09:04:32.689+0000] {dagbag.py:588} INFO - Filling up the DagBag from /opt/airflow/dags/env/Scripts/f2py.exe
[2025-03-31T09:04:32.704+0000] {logging_mixin.py:190} INFO - [2025-03-31T09:04:32.704+0000] {dagbag.py:435} INFO - File /opt/airflow/dags/env/Scripts/f2py.exe:__main__.py assumed to contain no DAGs. Skipping.
[2025-03-31T09:04:32.706+0000] {processor.py:927} WARNING - No viable dags retrieved from /opt/airflow/dags/env/Scripts/f2py.exe
[2025-03-31T09:04:32.734+0000] {processor.py:208} INFO - Processing /opt/airflow/dags/env/Scripts/f2py.exe took 0.060 seconds
[2025-03-31T09:07:28.245+0000] {processor.py:186} INFO - Started process (PID=8587) to work on /opt/airflow/dags/env/Scripts/f2py.exe
[2025-03-31T09:07:28.247+0000] {processor.py:914} INFO - Processing file /opt/airflow/dags/env/Scripts/f2py.exe for tasks to queue
[2025-03-31T09:07:28.253+0000] {logging_mixin.py:190} INFO - [2025-03-31T09:07:28.252+0000] {dagbag.py:588} INFO - Filling up the DagBag from /opt/airflow/dags/env/Scripts/f2py.exe
[2025-03-31T09:07:28.272+0000] {logging_mixin.py:190} INFO - [2025-03-31T09:07:28.272+0000] {dagbag.py:435} INFO - File /opt/airflow/dags/env/Scripts/f2py.exe:__main__.py assumed to contain no DAGs. Skipping.
[2025-03-31T09:07:28.274+0000] {processor.py:927} WARNING - No viable dags retrieved from /opt/airflow/dags/env/Scripts/f2py.exe
[2025-03-31T09:07:28.311+0000] {processor.py:208} INFO - Processing /opt/airflow/dags/env/Scripts/f2py.exe took 0.077 seconds
[2025-03-31T09:08:00.838+0000] {processor.py:186} INFO - Started process (PID=8611) to work on /opt/airflow/dags/env/Scripts/f2py.exe
[2025-03-31T09:08:00.840+0000] {processor.py:914} INFO - Processing file /opt/airflow/dags/env/Scripts/f2py.exe for tasks to queue
[2025-03-31T09:08:00.847+0000] {logging_mixin.py:190} INFO - [2025-03-31T09:08:00.846+0000] {dagbag.py:588} INFO - Filling up the DagBag from /opt/airflow/dags/env/Scripts/f2py.exe
[2025-03-31T09:08:00.859+0000] {logging_mixin.py:190} INFO - [2025-03-31T09:08:00.858+0000] {dagbag.py:435} INFO - File /opt/airflow/dags/env/Scripts/f2py.exe:__main__.py assumed to contain no DAGs. Skipping.
[2025-03-31T09:08:00.860+0000] {processor.py:927} WARNING - No viable dags retrieved from /opt/airflow/dags/env/Scripts/f2py.exe
[2025-03-31T09:08:00.900+0000] {processor.py:208} INFO - Processing /opt/airflow/dags/env/Scripts/f2py.exe took 0.069 seconds
[2025-03-31T09:08:56.581+0000] {processor.py:186} INFO - Started process (PID=8639) to work on /opt/airflow/dags/env/Scripts/f2py.exe
[2025-03-31T09:08:56.582+0000] {processor.py:914} INFO - Processing file /opt/airflow/dags/env/Scripts/f2py.exe for tasks to queue
[2025-03-31T09:08:56.588+0000] {logging_mixin.py:190} INFO - [2025-03-31T09:08:56.587+0000] {dagbag.py:588} INFO - Filling up the DagBag from /opt/airflow/dags/env/Scripts/f2py.exe
[2025-03-31T09:08:56.604+0000] {logging_mixin.py:190} INFO - [2025-03-31T09:08:56.604+0000] {dagbag.py:435} INFO - File /opt/airflow/dags/env/Scripts/f2py.exe:__main__.py assumed to contain no DAGs. Skipping.
[2025-03-31T09:08:56.606+0000] {processor.py:927} WARNING - No viable dags retrieved from /opt/airflow/dags/env/Scripts/f2py.exe
[2025-03-31T09:08:56.639+0000] {processor.py:208} INFO - Processing /opt/airflow/dags/env/Scripts/f2py.exe took 0.072 seconds
[2025-03-31T09:09:27.656+0000] {processor.py:186} INFO - Started process (PID=8663) to work on /opt/airflow/dags/env/Scripts/f2py.exe
[2025-03-31T09:09:27.660+0000] {processor.py:914} INFO - Processing file /opt/airflow/dags/env/Scripts/f2py.exe for tasks to queue
[2025-03-31T09:09:27.677+0000] {logging_mixin.py:190} INFO - [2025-03-31T09:09:27.676+0000] {dagbag.py:588} INFO - Filling up the DagBag from /opt/airflow/dags/env/Scripts/f2py.exe
[2025-03-31T09:09:27.698+0000] {logging_mixin.py:190} INFO - [2025-03-31T09:09:27.697+0000] {dagbag.py:435} INFO - File /opt/airflow/dags/env/Scripts/f2py.exe:__main__.py assumed to contain no DAGs. Skipping.
[2025-03-31T09:09:27.699+0000] {processor.py:927} WARNING - No viable dags retrieved from /opt/airflow/dags/env/Scripts/f2py.exe
[2025-03-31T09:09:27.736+0000] {processor.py:208} INFO - Processing /opt/airflow/dags/env/Scripts/f2py.exe took 0.097 seconds
[2025-03-31T09:12:22.708+0000] {processor.py:186} INFO - Started process (PID=8692) to work on /opt/airflow/dags/env/Scripts/f2py.exe
[2025-03-31T09:12:22.709+0000] {processor.py:914} INFO - Processing file /opt/airflow/dags/env/Scripts/f2py.exe for tasks to queue
[2025-03-31T09:12:22.714+0000] {logging_mixin.py:190} INFO - [2025-03-31T09:12:22.714+0000] {dagbag.py:588} INFO - Filling up the DagBag from /opt/airflow/dags/env/Scripts/f2py.exe
[2025-03-31T09:12:22.727+0000] {logging_mixin.py:190} INFO - [2025-03-31T09:12:22.727+0000] {dagbag.py:435} INFO - File /opt/airflow/dags/env/Scripts/f2py.exe:__main__.py assumed to contain no DAGs. Skipping.
[2025-03-31T09:12:22.729+0000] {processor.py:927} WARNING - No viable dags retrieved from /opt/airflow/dags/env/Scripts/f2py.exe
[2025-03-31T09:12:22.766+0000] {processor.py:208} INFO - Processing /opt/airflow/dags/env/Scripts/f2py.exe took 0.070 seconds
[2025-03-31T09:12:54.266+0000] {processor.py:186} INFO - Started process (PID=8716) to work on /opt/airflow/dags/env/Scripts/f2py.exe
[2025-03-31T09:12:54.268+0000] {processor.py:914} INFO - Processing file /opt/airflow/dags/env/Scripts/f2py.exe for tasks to queue
[2025-03-31T09:12:54.274+0000] {logging_mixin.py:190} INFO - [2025-03-31T09:12:54.273+0000] {dagbag.py:588} INFO - Filling up the DagBag from /opt/airflow/dags/env/Scripts/f2py.exe
[2025-03-31T09:12:54.296+0000] {logging_mixin.py:190} INFO - [2025-03-31T09:12:54.295+0000] {dagbag.py:435} INFO - File /opt/airflow/dags/env/Scripts/f2py.exe:__main__.py assumed to contain no DAGs. Skipping.
[2025-03-31T09:12:54.297+0000] {processor.py:927} WARNING - No viable dags retrieved from /opt/airflow/dags/env/Scripts/f2py.exe
[2025-03-31T09:12:54.337+0000] {processor.py:208} INFO - Processing /opt/airflow/dags/env/Scripts/f2py.exe took 0.084 seconds
[2025-03-31T09:13:49.998+0000] {processor.py:186} INFO - Started process (PID=8750) to work on /opt/airflow/dags/env/Scripts/f2py.exe
[2025-03-31T09:13:50.000+0000] {processor.py:914} INFO - Processing file /opt/airflow/dags/env/Scripts/f2py.exe for tasks to queue
[2025-03-31T09:13:50.006+0000] {logging_mixin.py:190} INFO - [2025-03-31T09:13:50.005+0000] {dagbag.py:588} INFO - Filling up the DagBag from /opt/airflow/dags/env/Scripts/f2py.exe
[2025-03-31T09:13:50.020+0000] {logging_mixin.py:190} INFO - [2025-03-31T09:13:50.020+0000] {dagbag.py:435} INFO - File /opt/airflow/dags/env/Scripts/f2py.exe:__main__.py assumed to contain no DAGs. Skipping.
[2025-03-31T09:13:50.021+0000] {processor.py:927} WARNING - No viable dags retrieved from /opt/airflow/dags/env/Scripts/f2py.exe
[2025-03-31T09:13:50.048+0000] {processor.py:208} INFO - Processing /opt/airflow/dags/env/Scripts/f2py.exe took 0.062 seconds
[2025-03-31T09:14:20.773+0000] {processor.py:186} INFO - Started process (PID=8774) to work on /opt/airflow/dags/env/Scripts/f2py.exe
[2025-03-31T09:14:20.775+0000] {processor.py:914} INFO - Processing file /opt/airflow/dags/env/Scripts/f2py.exe for tasks to queue
[2025-03-31T09:14:20.781+0000] {logging_mixin.py:190} INFO - [2025-03-31T09:14:20.780+0000] {dagbag.py:588} INFO - Filling up the DagBag from /opt/airflow/dags/env/Scripts/f2py.exe
[2025-03-31T09:14:20.797+0000] {logging_mixin.py:190} INFO - [2025-03-31T09:14:20.797+0000] {dagbag.py:435} INFO - File /opt/airflow/dags/env/Scripts/f2py.exe:__main__.py assumed to contain no DAGs. Skipping.
[2025-03-31T09:14:20.799+0000] {processor.py:927} WARNING - No viable dags retrieved from /opt/airflow/dags/env/Scripts/f2py.exe
[2025-03-31T09:14:20.833+0000] {processor.py:208} INFO - Processing /opt/airflow/dags/env/Scripts/f2py.exe took 0.073 seconds
[2025-03-31T09:17:24.809+0000] {processor.py:186} INFO - Started process (PID=8808) to work on /opt/airflow/dags/env/Scripts/f2py.exe
[2025-03-31T09:17:24.821+0000] {processor.py:914} INFO - Processing file /opt/airflow/dags/env/Scripts/f2py.exe for tasks to queue
[2025-03-31T09:17:24.833+0000] {logging_mixin.py:190} INFO - [2025-03-31T09:17:24.832+0000] {dagbag.py:588} INFO - Filling up the DagBag from /opt/airflow/dags/env/Scripts/f2py.exe
[2025-03-31T09:17:24.851+0000] {logging_mixin.py:190} INFO - [2025-03-31T09:17:24.851+0000] {dagbag.py:435} INFO - File /opt/airflow/dags/env/Scripts/f2py.exe:__main__.py assumed to contain no DAGs. Skipping.
[2025-03-31T09:17:24.853+0000] {processor.py:927} WARNING - No viable dags retrieved from /opt/airflow/dags/env/Scripts/f2py.exe
[2025-03-31T09:17:24.888+0000] {processor.py:208} INFO - Processing /opt/airflow/dags/env/Scripts/f2py.exe took 0.103 seconds
[2025-03-31T09:17:56.867+0000] {processor.py:186} INFO - Started process (PID=8832) to work on /opt/airflow/dags/env/Scripts/f2py.exe
[2025-03-31T09:17:56.869+0000] {processor.py:914} INFO - Processing file /opt/airflow/dags/env/Scripts/f2py.exe for tasks to queue
[2025-03-31T09:17:56.876+0000] {logging_mixin.py:190} INFO - [2025-03-31T09:17:56.875+0000] {dagbag.py:588} INFO - Filling up the DagBag from /opt/airflow/dags/env/Scripts/f2py.exe
[2025-03-31T09:17:56.889+0000] {logging_mixin.py:190} INFO - [2025-03-31T09:17:56.889+0000] {dagbag.py:435} INFO - File /opt/airflow/dags/env/Scripts/f2py.exe:__main__.py assumed to contain no DAGs. Skipping.
[2025-03-31T09:17:56.891+0000] {processor.py:927} WARNING - No viable dags retrieved from /opt/airflow/dags/env/Scripts/f2py.exe
[2025-03-31T09:17:56.939+0000] {processor.py:208} INFO - Processing /opt/airflow/dags/env/Scripts/f2py.exe took 0.080 seconds
[2025-03-31T09:18:49.462+0000] {processor.py:186} INFO - Started process (PID=8865) to work on /opt/airflow/dags/env/Scripts/f2py.exe
[2025-03-31T09:18:49.466+0000] {processor.py:914} INFO - Processing file /opt/airflow/dags/env/Scripts/f2py.exe for tasks to queue
[2025-03-31T09:18:49.476+0000] {logging_mixin.py:190} INFO - [2025-03-31T09:18:49.475+0000] {dagbag.py:588} INFO - Filling up the DagBag from /opt/airflow/dags/env/Scripts/f2py.exe
[2025-03-31T09:18:49.498+0000] {logging_mixin.py:190} INFO - [2025-03-31T09:18:49.497+0000] {dagbag.py:435} INFO - File /opt/airflow/dags/env/Scripts/f2py.exe:__main__.py assumed to contain no DAGs. Skipping.
[2025-03-31T09:18:49.500+0000] {processor.py:927} WARNING - No viable dags retrieved from /opt/airflow/dags/env/Scripts/f2py.exe
[2025-03-31T09:18:49.557+0000] {processor.py:208} INFO - Processing /opt/airflow/dags/env/Scripts/f2py.exe took 0.111 seconds
[2025-03-31T09:19:20.206+0000] {processor.py:186} INFO - Started process (PID=8889) to work on /opt/airflow/dags/env/Scripts/f2py.exe
[2025-03-31T09:19:20.208+0000] {processor.py:914} INFO - Processing file /opt/airflow/dags/env/Scripts/f2py.exe for tasks to queue
[2025-03-31T09:19:20.215+0000] {logging_mixin.py:190} INFO - [2025-03-31T09:19:20.214+0000] {dagbag.py:588} INFO - Filling up the DagBag from /opt/airflow/dags/env/Scripts/f2py.exe
[2025-03-31T09:19:20.230+0000] {logging_mixin.py:190} INFO - [2025-03-31T09:19:20.229+0000] {dagbag.py:435} INFO - File /opt/airflow/dags/env/Scripts/f2py.exe:__main__.py assumed to contain no DAGs. Skipping.
[2025-03-31T09:19:20.231+0000] {processor.py:927} WARNING - No viable dags retrieved from /opt/airflow/dags/env/Scripts/f2py.exe
[2025-03-31T09:19:20.267+0000] {processor.py:208} INFO - Processing /opt/airflow/dags/env/Scripts/f2py.exe took 0.071 seconds
[2025-03-31T09:22:28.194+0000] {processor.py:186} INFO - Started process (PID=8923) to work on /opt/airflow/dags/env/Scripts/f2py.exe
[2025-03-31T09:22:28.196+0000] {processor.py:914} INFO - Processing file /opt/airflow/dags/env/Scripts/f2py.exe for tasks to queue
[2025-03-31T09:22:28.215+0000] {logging_mixin.py:190} INFO - [2025-03-31T09:22:28.215+0000] {dagbag.py:588} INFO - Filling up the DagBag from /opt/airflow/dags/env/Scripts/f2py.exe
[2025-03-31T09:22:28.232+0000] {logging_mixin.py:190} INFO - [2025-03-31T09:22:28.232+0000] {dagbag.py:435} INFO - File /opt/airflow/dags/env/Scripts/f2py.exe:__main__.py assumed to contain no DAGs. Skipping.
[2025-03-31T09:22:28.234+0000] {processor.py:927} WARNING - No viable dags retrieved from /opt/airflow/dags/env/Scripts/f2py.exe
[2025-03-31T09:22:28.269+0000] {processor.py:208} INFO - Processing /opt/airflow/dags/env/Scripts/f2py.exe took 0.094 seconds
[2025-03-31T09:22:59.859+0000] {processor.py:186} INFO - Started process (PID=8947) to work on /opt/airflow/dags/env/Scripts/f2py.exe
[2025-03-31T09:22:59.861+0000] {processor.py:914} INFO - Processing file /opt/airflow/dags/env/Scripts/f2py.exe for tasks to queue
[2025-03-31T09:22:59.868+0000] {logging_mixin.py:190} INFO - [2025-03-31T09:22:59.867+0000] {dagbag.py:588} INFO - Filling up the DagBag from /opt/airflow/dags/env/Scripts/f2py.exe
[2025-03-31T09:22:59.886+0000] {logging_mixin.py:190} INFO - [2025-03-31T09:22:59.885+0000] {dagbag.py:435} INFO - File /opt/airflow/dags/env/Scripts/f2py.exe:__main__.py assumed to contain no DAGs. Skipping.
[2025-03-31T09:22:59.887+0000] {processor.py:927} WARNING - No viable dags retrieved from /opt/airflow/dags/env/Scripts/f2py.exe
[2025-03-31T09:22:59.931+0000] {processor.py:208} INFO - Processing /opt/airflow/dags/env/Scripts/f2py.exe took 0.086 seconds
[2025-03-31T09:23:53.285+0000] {processor.py:186} INFO - Started process (PID=8978) to work on /opt/airflow/dags/env/Scripts/f2py.exe
[2025-03-31T09:23:53.288+0000] {processor.py:914} INFO - Processing file /opt/airflow/dags/env/Scripts/f2py.exe for tasks to queue
[2025-03-31T09:23:53.299+0000] {logging_mixin.py:190} INFO - [2025-03-31T09:23:53.299+0000] {dagbag.py:588} INFO - Filling up the DagBag from /opt/airflow/dags/env/Scripts/f2py.exe
[2025-03-31T09:23:53.326+0000] {logging_mixin.py:190} INFO - [2025-03-31T09:23:53.326+0000] {dagbag.py:435} INFO - File /opt/airflow/dags/env/Scripts/f2py.exe:__main__.py assumed to contain no DAGs. Skipping.
[2025-03-31T09:23:53.328+0000] {processor.py:927} WARNING - No viable dags retrieved from /opt/airflow/dags/env/Scripts/f2py.exe
[2025-03-31T09:23:53.357+0000] {processor.py:208} INFO - Processing /opt/airflow/dags/env/Scripts/f2py.exe took 0.099 seconds
[2025-03-31T09:24:25.780+0000] {processor.py:186} INFO - Started process (PID=9002) to work on /opt/airflow/dags/env/Scripts/f2py.exe
[2025-03-31T09:24:25.781+0000] {processor.py:914} INFO - Processing file /opt/airflow/dags/env/Scripts/f2py.exe for tasks to queue
[2025-03-31T09:24:25.787+0000] {logging_mixin.py:190} INFO - [2025-03-31T09:24:25.787+0000] {dagbag.py:588} INFO - Filling up the DagBag from /opt/airflow/dags/env/Scripts/f2py.exe
[2025-03-31T09:24:25.802+0000] {logging_mixin.py:190} INFO - [2025-03-31T09:24:25.802+0000] {dagbag.py:435} INFO - File /opt/airflow/dags/env/Scripts/f2py.exe:__main__.py assumed to contain no DAGs. Skipping.
[2025-03-31T09:24:25.803+0000] {processor.py:927} WARNING - No viable dags retrieved from /opt/airflow/dags/env/Scripts/f2py.exe
[2025-03-31T09:24:25.833+0000] {processor.py:208} INFO - Processing /opt/airflow/dags/env/Scripts/f2py.exe took 0.063 seconds
[2025-03-31T09:27:28.638+0000] {processor.py:186} INFO - Started process (PID=9034) to work on /opt/airflow/dags/env/Scripts/f2py.exe
[2025-03-31T09:27:28.640+0000] {processor.py:914} INFO - Processing file /opt/airflow/dags/env/Scripts/f2py.exe for tasks to queue
[2025-03-31T09:27:28.647+0000] {logging_mixin.py:190} INFO - [2025-03-31T09:27:28.646+0000] {dagbag.py:588} INFO - Filling up the DagBag from /opt/airflow/dags/env/Scripts/f2py.exe
[2025-03-31T09:27:28.664+0000] {logging_mixin.py:190} INFO - [2025-03-31T09:27:28.663+0000] {dagbag.py:435} INFO - File /opt/airflow/dags/env/Scripts/f2py.exe:__main__.py assumed to contain no DAGs. Skipping.
[2025-03-31T09:27:28.665+0000] {processor.py:927} WARNING - No viable dags retrieved from /opt/airflow/dags/env/Scripts/f2py.exe
[2025-03-31T09:27:28.704+0000] {processor.py:208} INFO - Processing /opt/airflow/dags/env/Scripts/f2py.exe took 0.077 seconds
[2025-03-31T09:28:01.166+0000] {processor.py:186} INFO - Started process (PID=9058) to work on /opt/airflow/dags/env/Scripts/f2py.exe
[2025-03-31T09:28:01.168+0000] {processor.py:914} INFO - Processing file /opt/airflow/dags/env/Scripts/f2py.exe for tasks to queue
[2025-03-31T09:28:01.176+0000] {logging_mixin.py:190} INFO - [2025-03-31T09:28:01.174+0000] {dagbag.py:588} INFO - Filling up the DagBag from /opt/airflow/dags/env/Scripts/f2py.exe
[2025-03-31T09:28:01.191+0000] {logging_mixin.py:190} INFO - [2025-03-31T09:28:01.191+0000] {dagbag.py:435} INFO - File /opt/airflow/dags/env/Scripts/f2py.exe:__main__.py assumed to contain no DAGs. Skipping.
[2025-03-31T09:28:01.193+0000] {processor.py:927} WARNING - No viable dags retrieved from /opt/airflow/dags/env/Scripts/f2py.exe
[2025-03-31T09:28:01.222+0000] {processor.py:208} INFO - Processing /opt/airflow/dags/env/Scripts/f2py.exe took 0.068 seconds
[2025-03-31T09:28:53.043+0000] {processor.py:186} INFO - Started process (PID=9089) to work on /opt/airflow/dags/env/Scripts/f2py.exe
[2025-03-31T09:28:53.045+0000] {processor.py:914} INFO - Processing file /opt/airflow/dags/env/Scripts/f2py.exe for tasks to queue
[2025-03-31T09:28:53.050+0000] {logging_mixin.py:190} INFO - [2025-03-31T09:28:53.049+0000] {dagbag.py:588} INFO - Filling up the DagBag from /opt/airflow/dags/env/Scripts/f2py.exe
[2025-03-31T09:28:53.066+0000] {logging_mixin.py:190} INFO - [2025-03-31T09:28:53.066+0000] {dagbag.py:435} INFO - File /opt/airflow/dags/env/Scripts/f2py.exe:__main__.py assumed to contain no DAGs. Skipping.
[2025-03-31T09:28:53.068+0000] {processor.py:927} WARNING - No viable dags retrieved from /opt/airflow/dags/env/Scripts/f2py.exe
[2025-03-31T09:28:53.100+0000] {processor.py:208} INFO - Processing /opt/airflow/dags/env/Scripts/f2py.exe took 0.067 seconds
[2025-03-31T09:29:23.873+0000] {processor.py:186} INFO - Started process (PID=9113) to work on /opt/airflow/dags/env/Scripts/f2py.exe
[2025-03-31T09:29:23.879+0000] {processor.py:914} INFO - Processing file /opt/airflow/dags/env/Scripts/f2py.exe for tasks to queue
[2025-03-31T09:29:23.891+0000] {logging_mixin.py:190} INFO - [2025-03-31T09:29:23.889+0000] {dagbag.py:588} INFO - Filling up the DagBag from /opt/airflow/dags/env/Scripts/f2py.exe
[2025-03-31T09:29:23.915+0000] {logging_mixin.py:190} INFO - [2025-03-31T09:29:23.915+0000] {dagbag.py:435} INFO - File /opt/airflow/dags/env/Scripts/f2py.exe:__main__.py assumed to contain no DAGs. Skipping.
[2025-03-31T09:29:23.917+0000] {processor.py:927} WARNING - No viable dags retrieved from /opt/airflow/dags/env/Scripts/f2py.exe
[2025-03-31T09:29:23.958+0000] {processor.py:208} INFO - Processing /opt/airflow/dags/env/Scripts/f2py.exe took 0.103 seconds
[2025-03-31T09:32:28.125+0000] {processor.py:186} INFO - Started process (PID=9145) to work on /opt/airflow/dags/env/Scripts/f2py.exe
[2025-03-31T09:32:28.127+0000] {processor.py:914} INFO - Processing file /opt/airflow/dags/env/Scripts/f2py.exe for tasks to queue
[2025-03-31T09:32:28.132+0000] {logging_mixin.py:190} INFO - [2025-03-31T09:32:28.131+0000] {dagbag.py:588} INFO - Filling up the DagBag from /opt/airflow/dags/env/Scripts/f2py.exe
[2025-03-31T09:32:28.146+0000] {logging_mixin.py:190} INFO - [2025-03-31T09:32:28.146+0000] {dagbag.py:435} INFO - File /opt/airflow/dags/env/Scripts/f2py.exe:__main__.py assumed to contain no DAGs. Skipping.
[2025-03-31T09:32:28.148+0000] {processor.py:927} WARNING - No viable dags retrieved from /opt/airflow/dags/env/Scripts/f2py.exe
[2025-03-31T09:32:28.176+0000] {processor.py:208} INFO - Processing /opt/airflow/dags/env/Scripts/f2py.exe took 0.062 seconds
[2025-03-31T09:33:00.684+0000] {processor.py:186} INFO - Started process (PID=9169) to work on /opt/airflow/dags/env/Scripts/f2py.exe
[2025-03-31T09:33:00.685+0000] {processor.py:914} INFO - Processing file /opt/airflow/dags/env/Scripts/f2py.exe for tasks to queue
[2025-03-31T09:33:00.691+0000] {logging_mixin.py:190} INFO - [2025-03-31T09:33:00.690+0000] {dagbag.py:588} INFO - Filling up the DagBag from /opt/airflow/dags/env/Scripts/f2py.exe
[2025-03-31T09:33:00.706+0000] {logging_mixin.py:190} INFO - [2025-03-31T09:33:00.705+0000] {dagbag.py:435} INFO - File /opt/airflow/dags/env/Scripts/f2py.exe:__main__.py assumed to contain no DAGs. Skipping.
[2025-03-31T09:33:00.707+0000] {processor.py:927} WARNING - No viable dags retrieved from /opt/airflow/dags/env/Scripts/f2py.exe
[2025-03-31T09:33:00.743+0000] {processor.py:208} INFO - Processing /opt/airflow/dags/env/Scripts/f2py.exe took 0.071 seconds
[2025-03-31T09:33:53.945+0000] {processor.py:186} INFO - Started process (PID=9201) to work on /opt/airflow/dags/env/Scripts/f2py.exe
[2025-03-31T09:33:53.947+0000] {processor.py:914} INFO - Processing file /opt/airflow/dags/env/Scripts/f2py.exe for tasks to queue
[2025-03-31T09:33:53.953+0000] {logging_mixin.py:190} INFO - [2025-03-31T09:33:53.952+0000] {dagbag.py:588} INFO - Filling up the DagBag from /opt/airflow/dags/env/Scripts/f2py.exe
[2025-03-31T09:33:53.972+0000] {logging_mixin.py:190} INFO - [2025-03-31T09:33:53.971+0000] {dagbag.py:435} INFO - File /opt/airflow/dags/env/Scripts/f2py.exe:__main__.py assumed to contain no DAGs. Skipping.
[2025-03-31T09:33:53.973+0000] {processor.py:927} WARNING - No viable dags retrieved from /opt/airflow/dags/env/Scripts/f2py.exe
[2025-03-31T09:33:54.003+0000] {processor.py:208} INFO - Processing /opt/airflow/dags/env/Scripts/f2py.exe took 0.072 seconds
[2025-03-31T09:34:25.179+0000] {processor.py:186} INFO - Started process (PID=9225) to work on /opt/airflow/dags/env/Scripts/f2py.exe
[2025-03-31T09:34:25.181+0000] {processor.py:914} INFO - Processing file /opt/airflow/dags/env/Scripts/f2py.exe for tasks to queue
[2025-03-31T09:34:25.187+0000] {logging_mixin.py:190} INFO - [2025-03-31T09:34:25.186+0000] {dagbag.py:588} INFO - Filling up the DagBag from /opt/airflow/dags/env/Scripts/f2py.exe
[2025-03-31T09:34:25.206+0000] {logging_mixin.py:190} INFO - [2025-03-31T09:34:25.206+0000] {dagbag.py:435} INFO - File /opt/airflow/dags/env/Scripts/f2py.exe:__main__.py assumed to contain no DAGs. Skipping.
[2025-03-31T09:34:25.208+0000] {processor.py:927} WARNING - No viable dags retrieved from /opt/airflow/dags/env/Scripts/f2py.exe
[2025-03-31T09:34:25.243+0000] {processor.py:208} INFO - Processing /opt/airflow/dags/env/Scripts/f2py.exe took 0.079 seconds
[2025-03-31T09:37:36.508+0000] {processor.py:186} INFO - Started process (PID=9258) to work on /opt/airflow/dags/env/Scripts/f2py.exe
[2025-03-31T09:37:36.510+0000] {processor.py:914} INFO - Processing file /opt/airflow/dags/env/Scripts/f2py.exe for tasks to queue
[2025-03-31T09:37:36.515+0000] {logging_mixin.py:190} INFO - [2025-03-31T09:37:36.514+0000] {dagbag.py:588} INFO - Filling up the DagBag from /opt/airflow/dags/env/Scripts/f2py.exe
[2025-03-31T09:37:36.530+0000] {logging_mixin.py:190} INFO - [2025-03-31T09:37:36.529+0000] {dagbag.py:435} INFO - File /opt/airflow/dags/env/Scripts/f2py.exe:__main__.py assumed to contain no DAGs. Skipping.
[2025-03-31T09:37:36.531+0000] {processor.py:927} WARNING - No viable dags retrieved from /opt/airflow/dags/env/Scripts/f2py.exe
[2025-03-31T09:37:36.560+0000] {processor.py:208} INFO - Processing /opt/airflow/dags/env/Scripts/f2py.exe took 0.063 seconds
[2025-03-31T09:38:08.060+0000] {processor.py:186} INFO - Started process (PID=9282) to work on /opt/airflow/dags/env/Scripts/f2py.exe
[2025-03-31T09:38:08.062+0000] {processor.py:914} INFO - Processing file /opt/airflow/dags/env/Scripts/f2py.exe for tasks to queue
[2025-03-31T09:38:08.068+0000] {logging_mixin.py:190} INFO - [2025-03-31T09:38:08.067+0000] {dagbag.py:588} INFO - Filling up the DagBag from /opt/airflow/dags/env/Scripts/f2py.exe
[2025-03-31T09:38:08.082+0000] {logging_mixin.py:190} INFO - [2025-03-31T09:38:08.081+0000] {dagbag.py:435} INFO - File /opt/airflow/dags/env/Scripts/f2py.exe:__main__.py assumed to contain no DAGs. Skipping.
[2025-03-31T09:38:08.083+0000] {processor.py:927} WARNING - No viable dags retrieved from /opt/airflow/dags/env/Scripts/f2py.exe
[2025-03-31T09:38:08.112+0000] {processor.py:208} INFO - Processing /opt/airflow/dags/env/Scripts/f2py.exe took 0.064 seconds
[2025-03-31T09:39:01.845+0000] {processor.py:186} INFO - Started process (PID=9308) to work on /opt/airflow/dags/env/Scripts/f2py.exe
[2025-03-31T09:39:01.847+0000] {processor.py:914} INFO - Processing file /opt/airflow/dags/env/Scripts/f2py.exe for tasks to queue
[2025-03-31T09:39:01.856+0000] {logging_mixin.py:190} INFO - [2025-03-31T09:39:01.854+0000] {dagbag.py:588} INFO - Filling up the DagBag from /opt/airflow/dags/env/Scripts/f2py.exe
[2025-03-31T09:39:01.884+0000] {logging_mixin.py:190} INFO - [2025-03-31T09:39:01.883+0000] {dagbag.py:435} INFO - File /opt/airflow/dags/env/Scripts/f2py.exe:__main__.py assumed to contain no DAGs. Skipping.
[2025-03-31T09:39:01.886+0000] {processor.py:927} WARNING - No viable dags retrieved from /opt/airflow/dags/env/Scripts/f2py.exe
[2025-03-31T09:39:01.933+0000] {processor.py:208} INFO - Processing /opt/airflow/dags/env/Scripts/f2py.exe took 0.109 seconds
[2025-03-31T09:39:32.651+0000] {processor.py:186} INFO - Started process (PID=9332) to work on /opt/airflow/dags/env/Scripts/f2py.exe
[2025-03-31T09:39:32.653+0000] {processor.py:914} INFO - Processing file /opt/airflow/dags/env/Scripts/f2py.exe for tasks to queue
[2025-03-31T09:39:32.665+0000] {logging_mixin.py:190} INFO - [2025-03-31T09:39:32.659+0000] {dagbag.py:588} INFO - Filling up the DagBag from /opt/airflow/dags/env/Scripts/f2py.exe
[2025-03-31T09:39:32.684+0000] {logging_mixin.py:190} INFO - [2025-03-31T09:39:32.683+0000] {dagbag.py:435} INFO - File /opt/airflow/dags/env/Scripts/f2py.exe:__main__.py assumed to contain no DAGs. Skipping.
[2025-03-31T09:39:32.686+0000] {processor.py:927} WARNING - No viable dags retrieved from /opt/airflow/dags/env/Scripts/f2py.exe
[2025-03-31T09:39:32.716+0000] {processor.py:208} INFO - Processing /opt/airflow/dags/env/Scripts/f2py.exe took 0.074 seconds
[2025-03-31T09:42:38.525+0000] {processor.py:186} INFO - Started process (PID=9359) to work on /opt/airflow/dags/env/Scripts/f2py.exe
[2025-03-31T09:42:38.527+0000] {processor.py:914} INFO - Processing file /opt/airflow/dags/env/Scripts/f2py.exe for tasks to queue
[2025-03-31T09:42:38.534+0000] {logging_mixin.py:190} INFO - [2025-03-31T09:42:38.533+0000] {dagbag.py:588} INFO - Filling up the DagBag from /opt/airflow/dags/env/Scripts/f2py.exe
[2025-03-31T09:42:38.548+0000] {logging_mixin.py:190} INFO - [2025-03-31T09:42:38.547+0000] {dagbag.py:435} INFO - File /opt/airflow/dags/env/Scripts/f2py.exe:__main__.py assumed to contain no DAGs. Skipping.
[2025-03-31T09:42:38.549+0000] {processor.py:927} WARNING - No viable dags retrieved from /opt/airflow/dags/env/Scripts/f2py.exe
[2025-03-31T09:42:38.581+0000] {processor.py:208} INFO - Processing /opt/airflow/dags/env/Scripts/f2py.exe took 0.064 seconds
[2025-03-31T09:43:08.864+0000] {processor.py:186} INFO - Started process (PID=9383) to work on /opt/airflow/dags/env/Scripts/f2py.exe
[2025-03-31T09:43:08.866+0000] {processor.py:914} INFO - Processing file /opt/airflow/dags/env/Scripts/f2py.exe for tasks to queue
[2025-03-31T09:43:08.873+0000] {logging_mixin.py:190} INFO - [2025-03-31T09:43:08.872+0000] {dagbag.py:588} INFO - Filling up the DagBag from /opt/airflow/dags/env/Scripts/f2py.exe
[2025-03-31T09:43:08.891+0000] {logging_mixin.py:190} INFO - [2025-03-31T09:43:08.890+0000] {dagbag.py:435} INFO - File /opt/airflow/dags/env/Scripts/f2py.exe:__main__.py assumed to contain no DAGs. Skipping.
[2025-03-31T09:43:08.892+0000] {processor.py:927} WARNING - No viable dags retrieved from /opt/airflow/dags/env/Scripts/f2py.exe
[2025-03-31T09:43:08.927+0000] {processor.py:208} INFO - Processing /opt/airflow/dags/env/Scripts/f2py.exe took 0.076 seconds
[2025-03-31T09:44:03.819+0000] {processor.py:186} INFO - Started process (PID=9409) to work on /opt/airflow/dags/env/Scripts/f2py.exe
[2025-03-31T09:44:03.821+0000] {processor.py:914} INFO - Processing file /opt/airflow/dags/env/Scripts/f2py.exe for tasks to queue
[2025-03-31T09:44:03.828+0000] {logging_mixin.py:190} INFO - [2025-03-31T09:44:03.828+0000] {dagbag.py:588} INFO - Filling up the DagBag from /opt/airflow/dags/env/Scripts/f2py.exe
[2025-03-31T09:44:03.846+0000] {logging_mixin.py:190} INFO - [2025-03-31T09:44:03.845+0000] {dagbag.py:435} INFO - File /opt/airflow/dags/env/Scripts/f2py.exe:__main__.py assumed to contain no DAGs. Skipping.
[2025-03-31T09:44:03.847+0000] {processor.py:927} WARNING - No viable dags retrieved from /opt/airflow/dags/env/Scripts/f2py.exe
[2025-03-31T09:44:03.883+0000] {processor.py:208} INFO - Processing /opt/airflow/dags/env/Scripts/f2py.exe took 0.077 seconds
[2025-03-31T09:44:34.870+0000] {processor.py:186} INFO - Started process (PID=9433) to work on /opt/airflow/dags/env/Scripts/f2py.exe
[2025-03-31T09:44:34.871+0000] {processor.py:914} INFO - Processing file /opt/airflow/dags/env/Scripts/f2py.exe for tasks to queue
[2025-03-31T09:44:34.877+0000] {logging_mixin.py:190} INFO - [2025-03-31T09:44:34.876+0000] {dagbag.py:588} INFO - Filling up the DagBag from /opt/airflow/dags/env/Scripts/f2py.exe
[2025-03-31T09:44:34.891+0000] {logging_mixin.py:190} INFO - [2025-03-31T09:44:34.891+0000] {dagbag.py:435} INFO - File /opt/airflow/dags/env/Scripts/f2py.exe:__main__.py assumed to contain no DAGs. Skipping.
[2025-03-31T09:44:34.892+0000] {processor.py:927} WARNING - No viable dags retrieved from /opt/airflow/dags/env/Scripts/f2py.exe
[2025-03-31T09:44:34.924+0000] {processor.py:208} INFO - Processing /opt/airflow/dags/env/Scripts/f2py.exe took 0.067 seconds
[2025-03-31T09:47:36.168+0000] {processor.py:186} INFO - Started process (PID=9459) to work on /opt/airflow/dags/env/Scripts/f2py.exe
[2025-03-31T09:47:36.170+0000] {processor.py:914} INFO - Processing file /opt/airflow/dags/env/Scripts/f2py.exe for tasks to queue
[2025-03-31T09:47:36.175+0000] {logging_mixin.py:190} INFO - [2025-03-31T09:47:36.174+0000] {dagbag.py:588} INFO - Filling up the DagBag from /opt/airflow/dags/env/Scripts/f2py.exe
[2025-03-31T09:47:36.188+0000] {logging_mixin.py:190} INFO - [2025-03-31T09:47:36.188+0000] {dagbag.py:435} INFO - File /opt/airflow/dags/env/Scripts/f2py.exe:__main__.py assumed to contain no DAGs. Skipping.
[2025-03-31T09:47:36.190+0000] {processor.py:927} WARNING - No viable dags retrieved from /opt/airflow/dags/env/Scripts/f2py.exe
[2025-03-31T09:47:36.222+0000] {processor.py:208} INFO - Processing /opt/airflow/dags/env/Scripts/f2py.exe took 0.066 seconds
[2025-03-31T09:48:08.452+0000] {processor.py:186} INFO - Started process (PID=9483) to work on /opt/airflow/dags/env/Scripts/f2py.exe
[2025-03-31T09:48:08.453+0000] {processor.py:914} INFO - Processing file /opt/airflow/dags/env/Scripts/f2py.exe for tasks to queue
[2025-03-31T09:48:08.458+0000] {logging_mixin.py:190} INFO - [2025-03-31T09:48:08.457+0000] {dagbag.py:588} INFO - Filling up the DagBag from /opt/airflow/dags/env/Scripts/f2py.exe
[2025-03-31T09:48:08.472+0000] {logging_mixin.py:190} INFO - [2025-03-31T09:48:08.472+0000] {dagbag.py:435} INFO - File /opt/airflow/dags/env/Scripts/f2py.exe:__main__.py assumed to contain no DAGs. Skipping.
[2025-03-31T09:48:08.474+0000] {processor.py:927} WARNING - No viable dags retrieved from /opt/airflow/dags/env/Scripts/f2py.exe
[2025-03-31T09:48:08.502+0000] {processor.py:208} INFO - Processing /opt/airflow/dags/env/Scripts/f2py.exe took 0.063 seconds
[2025-03-31T09:48:55.542+0000] {processor.py:186} INFO - Started process (PID=9511) to work on /opt/airflow/dags/env/Scripts/f2py.exe
[2025-03-31T09:48:55.544+0000] {processor.py:914} INFO - Processing file /opt/airflow/dags/env/Scripts/f2py.exe for tasks to queue
[2025-03-31T09:48:55.551+0000] {logging_mixin.py:190} INFO - [2025-03-31T09:48:55.550+0000] {dagbag.py:588} INFO - Filling up the DagBag from /opt/airflow/dags/env/Scripts/f2py.exe
[2025-03-31T09:48:55.567+0000] {logging_mixin.py:190} INFO - [2025-03-31T09:48:55.566+0000] {dagbag.py:435} INFO - File /opt/airflow/dags/env/Scripts/f2py.exe:__main__.py assumed to contain no DAGs. Skipping.
[2025-03-31T09:48:55.568+0000] {processor.py:927} WARNING - No viable dags retrieved from /opt/airflow/dags/env/Scripts/f2py.exe
[2025-03-31T09:48:55.597+0000] {processor.py:208} INFO - Processing /opt/airflow/dags/env/Scripts/f2py.exe took 0.069 seconds
[2025-03-31T09:49:26.970+0000] {processor.py:186} INFO - Started process (PID=9535) to work on /opt/airflow/dags/env/Scripts/f2py.exe
[2025-03-31T09:49:26.972+0000] {processor.py:914} INFO - Processing file /opt/airflow/dags/env/Scripts/f2py.exe for tasks to queue
[2025-03-31T09:49:26.979+0000] {logging_mixin.py:190} INFO - [2025-03-31T09:49:26.978+0000] {dagbag.py:588} INFO - Filling up the DagBag from /opt/airflow/dags/env/Scripts/f2py.exe
[2025-03-31T09:49:26.996+0000] {logging_mixin.py:190} INFO - [2025-03-31T09:49:26.995+0000] {dagbag.py:435} INFO - File /opt/airflow/dags/env/Scripts/f2py.exe:__main__.py assumed to contain no DAGs. Skipping.
[2025-03-31T09:49:26.997+0000] {processor.py:927} WARNING - No viable dags retrieved from /opt/airflow/dags/env/Scripts/f2py.exe
[2025-03-31T09:49:27.026+0000] {processor.py:208} INFO - Processing /opt/airflow/dags/env/Scripts/f2py.exe took 0.068 seconds
[2025-03-31T09:52:28.557+0000] {processor.py:186} INFO - Started process (PID=9567) to work on /opt/airflow/dags/env/Scripts/f2py.exe
[2025-03-31T09:52:28.560+0000] {processor.py:914} INFO - Processing file /opt/airflow/dags/env/Scripts/f2py.exe for tasks to queue
[2025-03-31T09:52:28.568+0000] {logging_mixin.py:190} INFO - [2025-03-31T09:52:28.567+0000] {dagbag.py:588} INFO - Filling up the DagBag from /opt/airflow/dags/env/Scripts/f2py.exe
[2025-03-31T09:52:28.586+0000] {logging_mixin.py:190} INFO - [2025-03-31T09:52:28.585+0000] {dagbag.py:435} INFO - File /opt/airflow/dags/env/Scripts/f2py.exe:__main__.py assumed to contain no DAGs. Skipping.
[2025-03-31T09:52:28.588+0000] {processor.py:927} WARNING - No viable dags retrieved from /opt/airflow/dags/env/Scripts/f2py.exe
[2025-03-31T09:52:28.624+0000] {processor.py:208} INFO - Processing /opt/airflow/dags/env/Scripts/f2py.exe took 0.082 seconds
[2025-03-31T09:53:00.158+0000] {processor.py:186} INFO - Started process (PID=9591) to work on /opt/airflow/dags/env/Scripts/f2py.exe
[2025-03-31T09:53:00.159+0000] {processor.py:914} INFO - Processing file /opt/airflow/dags/env/Scripts/f2py.exe for tasks to queue
[2025-03-31T09:53:00.165+0000] {logging_mixin.py:190} INFO - [2025-03-31T09:53:00.164+0000] {dagbag.py:588} INFO - Filling up the DagBag from /opt/airflow/dags/env/Scripts/f2py.exe
[2025-03-31T09:53:00.180+0000] {logging_mixin.py:190} INFO - [2025-03-31T09:53:00.180+0000] {dagbag.py:435} INFO - File /opt/airflow/dags/env/Scripts/f2py.exe:__main__.py assumed to contain no DAGs. Skipping.
[2025-03-31T09:53:00.182+0000] {processor.py:927} WARNING - No viable dags retrieved from /opt/airflow/dags/env/Scripts/f2py.exe
[2025-03-31T09:53:00.219+0000] {processor.py:208} INFO - Processing /opt/airflow/dags/env/Scripts/f2py.exe took 0.071 seconds
[2025-03-31T09:53:53.934+0000] {processor.py:186} INFO - Started process (PID=9626) to work on /opt/airflow/dags/env/Scripts/f2py.exe
[2025-03-31T09:53:53.936+0000] {processor.py:914} INFO - Processing file /opt/airflow/dags/env/Scripts/f2py.exe for tasks to queue
[2025-03-31T09:53:53.941+0000] {logging_mixin.py:190} INFO - [2025-03-31T09:53:53.940+0000] {dagbag.py:588} INFO - Filling up the DagBag from /opt/airflow/dags/env/Scripts/f2py.exe
[2025-03-31T09:53:53.955+0000] {logging_mixin.py:190} INFO - [2025-03-31T09:53:53.954+0000] {dagbag.py:435} INFO - File /opt/airflow/dags/env/Scripts/f2py.exe:__main__.py assumed to contain no DAGs. Skipping.
[2025-03-31T09:53:53.956+0000] {processor.py:927} WARNING - No viable dags retrieved from /opt/airflow/dags/env/Scripts/f2py.exe
[2025-03-31T09:53:53.985+0000] {processor.py:208} INFO - Processing /opt/airflow/dags/env/Scripts/f2py.exe took 0.061 seconds
[2025-03-31T09:54:24.597+0000] {processor.py:186} INFO - Started process (PID=9650) to work on /opt/airflow/dags/env/Scripts/f2py.exe
[2025-03-31T09:54:24.600+0000] {processor.py:914} INFO - Processing file /opt/airflow/dags/env/Scripts/f2py.exe for tasks to queue
[2025-03-31T09:54:24.614+0000] {logging_mixin.py:190} INFO - [2025-03-31T09:54:24.612+0000] {dagbag.py:588} INFO - Filling up the DagBag from /opt/airflow/dags/env/Scripts/f2py.exe
[2025-03-31T09:54:24.637+0000] {logging_mixin.py:190} INFO - [2025-03-31T09:54:24.636+0000] {dagbag.py:435} INFO - File /opt/airflow/dags/env/Scripts/f2py.exe:__main__.py assumed to contain no DAGs. Skipping.
[2025-03-31T09:54:24.639+0000] {processor.py:927} WARNING - No viable dags retrieved from /opt/airflow/dags/env/Scripts/f2py.exe
[2025-03-31T09:54:24.691+0000] {processor.py:208} INFO - Processing /opt/airflow/dags/env/Scripts/f2py.exe took 0.104 seconds
[2025-03-31T09:57:31.258+0000] {processor.py:186} INFO - Started process (PID=9685) to work on /opt/airflow/dags/env/Scripts/f2py.exe
[2025-03-31T09:57:31.259+0000] {processor.py:914} INFO - Processing file /opt/airflow/dags/env/Scripts/f2py.exe for tasks to queue
[2025-03-31T09:57:31.265+0000] {logging_mixin.py:190} INFO - [2025-03-31T09:57:31.265+0000] {dagbag.py:588} INFO - Filling up the DagBag from /opt/airflow/dags/env/Scripts/f2py.exe
[2025-03-31T09:57:31.282+0000] {logging_mixin.py:190} INFO - [2025-03-31T09:57:31.282+0000] {dagbag.py:435} INFO - File /opt/airflow/dags/env/Scripts/f2py.exe:__main__.py assumed to contain no DAGs. Skipping.
[2025-03-31T09:57:31.284+0000] {processor.py:927} WARNING - No viable dags retrieved from /opt/airflow/dags/env/Scripts/f2py.exe
[2025-03-31T09:57:31.320+0000] {processor.py:208} INFO - Processing /opt/airflow/dags/env/Scripts/f2py.exe took 0.075 seconds
[2025-03-31T09:58:03.130+0000] {processor.py:186} INFO - Started process (PID=9709) to work on /opt/airflow/dags/env/Scripts/f2py.exe
[2025-03-31T09:58:03.132+0000] {processor.py:914} INFO - Processing file /opt/airflow/dags/env/Scripts/f2py.exe for tasks to queue
[2025-03-31T09:58:03.140+0000] {logging_mixin.py:190} INFO - [2025-03-31T09:58:03.139+0000] {dagbag.py:588} INFO - Filling up the DagBag from /opt/airflow/dags/env/Scripts/f2py.exe
[2025-03-31T09:58:03.158+0000] {logging_mixin.py:190} INFO - [2025-03-31T09:58:03.158+0000] {dagbag.py:435} INFO - File /opt/airflow/dags/env/Scripts/f2py.exe:__main__.py assumed to contain no DAGs. Skipping.
[2025-03-31T09:58:03.160+0000] {processor.py:927} WARNING - No viable dags retrieved from /opt/airflow/dags/env/Scripts/f2py.exe
[2025-03-31T09:58:03.196+0000] {processor.py:208} INFO - Processing /opt/airflow/dags/env/Scripts/f2py.exe took 0.080 seconds
[2025-03-31T09:58:53.870+0000] {processor.py:186} INFO - Started process (PID=9742) to work on /opt/airflow/dags/env/Scripts/f2py.exe
[2025-03-31T09:58:53.872+0000] {processor.py:914} INFO - Processing file /opt/airflow/dags/env/Scripts/f2py.exe for tasks to queue
[2025-03-31T09:58:53.878+0000] {logging_mixin.py:190} INFO - [2025-03-31T09:58:53.877+0000] {dagbag.py:588} INFO - Filling up the DagBag from /opt/airflow/dags/env/Scripts/f2py.exe
[2025-03-31T09:58:53.894+0000] {logging_mixin.py:190} INFO - [2025-03-31T09:58:53.893+0000] {dagbag.py:435} INFO - File /opt/airflow/dags/env/Scripts/f2py.exe:__main__.py assumed to contain no DAGs. Skipping.
[2025-03-31T09:58:53.895+0000] {processor.py:927} WARNING - No viable dags retrieved from /opt/airflow/dags/env/Scripts/f2py.exe
[2025-03-31T09:58:53.924+0000] {processor.py:208} INFO - Processing /opt/airflow/dags/env/Scripts/f2py.exe took 0.067 seconds
[2025-03-31T09:59:25.642+0000] {processor.py:186} INFO - Started process (PID=9766) to work on /opt/airflow/dags/env/Scripts/f2py.exe
[2025-03-31T09:59:25.644+0000] {processor.py:914} INFO - Processing file /opt/airflow/dags/env/Scripts/f2py.exe for tasks to queue
[2025-03-31T09:59:25.650+0000] {logging_mixin.py:190} INFO - [2025-03-31T09:59:25.649+0000] {dagbag.py:588} INFO - Filling up the DagBag from /opt/airflow/dags/env/Scripts/f2py.exe
[2025-03-31T09:59:25.667+0000] {logging_mixin.py:190} INFO - [2025-03-31T09:59:25.667+0000] {dagbag.py:435} INFO - File /opt/airflow/dags/env/Scripts/f2py.exe:__main__.py assumed to contain no DAGs. Skipping.
[2025-03-31T09:59:25.668+0000] {processor.py:927} WARNING - No viable dags retrieved from /opt/airflow/dags/env/Scripts/f2py.exe
[2025-03-31T09:59:25.708+0000] {processor.py:208} INFO - Processing /opt/airflow/dags/env/Scripts/f2py.exe took 0.079 seconds
[2025-03-31T10:02:32.720+0000] {processor.py:186} INFO - Started process (PID=9801) to work on /opt/airflow/dags/env/Scripts/f2py.exe
[2025-03-31T10:02:32.722+0000] {processor.py:914} INFO - Processing file /opt/airflow/dags/env/Scripts/f2py.exe for tasks to queue
[2025-03-31T10:02:32.727+0000] {logging_mixin.py:190} INFO - [2025-03-31T10:02:32.726+0000] {dagbag.py:588} INFO - Filling up the DagBag from /opt/airflow/dags/env/Scripts/f2py.exe
[2025-03-31T10:02:32.741+0000] {logging_mixin.py:190} INFO - [2025-03-31T10:02:32.741+0000] {dagbag.py:435} INFO - File /opt/airflow/dags/env/Scripts/f2py.exe:__main__.py assumed to contain no DAGs. Skipping.
[2025-03-31T10:02:32.743+0000] {processor.py:927} WARNING - No viable dags retrieved from /opt/airflow/dags/env/Scripts/f2py.exe
[2025-03-31T10:02:32.773+0000] {processor.py:208} INFO - Processing /opt/airflow/dags/env/Scripts/f2py.exe took 0.063 seconds
[2025-03-31T10:03:04.423+0000] {processor.py:186} INFO - Started process (PID=9825) to work on /opt/airflow/dags/env/Scripts/f2py.exe
[2025-03-31T10:03:04.425+0000] {processor.py:914} INFO - Processing file /opt/airflow/dags/env/Scripts/f2py.exe for tasks to queue
[2025-03-31T10:03:04.430+0000] {logging_mixin.py:190} INFO - [2025-03-31T10:03:04.429+0000] {dagbag.py:588} INFO - Filling up the DagBag from /opt/airflow/dags/env/Scripts/f2py.exe
[2025-03-31T10:03:04.444+0000] {logging_mixin.py:190} INFO - [2025-03-31T10:03:04.444+0000] {dagbag.py:435} INFO - File /opt/airflow/dags/env/Scripts/f2py.exe:__main__.py assumed to contain no DAGs. Skipping.
[2025-03-31T10:03:04.445+0000] {processor.py:927} WARNING - No viable dags retrieved from /opt/airflow/dags/env/Scripts/f2py.exe
[2025-03-31T10:03:04.475+0000] {processor.py:208} INFO - Processing /opt/airflow/dags/env/Scripts/f2py.exe took 0.063 seconds
[2025-03-31T10:03:54.839+0000] {processor.py:186} INFO - Started process (PID=9858) to work on /opt/airflow/dags/env/Scripts/f2py.exe
[2025-03-31T10:03:54.841+0000] {processor.py:914} INFO - Processing file /opt/airflow/dags/env/Scripts/f2py.exe for tasks to queue
[2025-03-31T10:03:54.846+0000] {logging_mixin.py:190} INFO - [2025-03-31T10:03:54.846+0000] {dagbag.py:588} INFO - Filling up the DagBag from /opt/airflow/dags/env/Scripts/f2py.exe
[2025-03-31T10:03:54.861+0000] {logging_mixin.py:190} INFO - [2025-03-31T10:03:54.860+0000] {dagbag.py:435} INFO - File /opt/airflow/dags/env/Scripts/f2py.exe:__main__.py assumed to contain no DAGs. Skipping.
[2025-03-31T10:03:54.862+0000] {processor.py:927} WARNING - No viable dags retrieved from /opt/airflow/dags/env/Scripts/f2py.exe
[2025-03-31T10:03:54.892+0000] {processor.py:208} INFO - Processing /opt/airflow/dags/env/Scripts/f2py.exe took 0.062 seconds
[2025-03-31T10:04:27.193+0000] {processor.py:186} INFO - Started process (PID=9882) to work on /opt/airflow/dags/env/Scripts/f2py.exe
[2025-03-31T10:04:27.202+0000] {processor.py:914} INFO - Processing file /opt/airflow/dags/env/Scripts/f2py.exe for tasks to queue
[2025-03-31T10:04:27.210+0000] {logging_mixin.py:190} INFO - [2025-03-31T10:04:27.209+0000] {dagbag.py:588} INFO - Filling up the DagBag from /opt/airflow/dags/env/Scripts/f2py.exe
[2025-03-31T10:04:27.245+0000] {logging_mixin.py:190} INFO - [2025-03-31T10:04:27.244+0000] {dagbag.py:435} INFO - File /opt/airflow/dags/env/Scripts/f2py.exe:__main__.py assumed to contain no DAGs. Skipping.
[2025-03-31T10:04:27.247+0000] {processor.py:927} WARNING - No viable dags retrieved from /opt/airflow/dags/env/Scripts/f2py.exe
[2025-03-31T10:04:27.333+0000] {processor.py:208} INFO - Processing /opt/airflow/dags/env/Scripts/f2py.exe took 0.175 seconds
[2025-03-31T10:07:38.553+0000] {processor.py:186} INFO - Started process (PID=9916) to work on /opt/airflow/dags/env/Scripts/f2py.exe
[2025-03-31T10:07:38.555+0000] {processor.py:914} INFO - Processing file /opt/airflow/dags/env/Scripts/f2py.exe for tasks to queue
[2025-03-31T10:07:38.564+0000] {logging_mixin.py:190} INFO - [2025-03-31T10:07:38.563+0000] {dagbag.py:588} INFO - Filling up the DagBag from /opt/airflow/dags/env/Scripts/f2py.exe
[2025-03-31T10:07:38.580+0000] {logging_mixin.py:190} INFO - [2025-03-31T10:07:38.579+0000] {dagbag.py:435} INFO - File /opt/airflow/dags/env/Scripts/f2py.exe:__main__.py assumed to contain no DAGs. Skipping.
[2025-03-31T10:07:38.581+0000] {processor.py:927} WARNING - No viable dags retrieved from /opt/airflow/dags/env/Scripts/f2py.exe
[2025-03-31T10:07:38.613+0000] {processor.py:208} INFO - Processing /opt/airflow/dags/env/Scripts/f2py.exe took 0.070 seconds
[2025-03-31T10:08:09.451+0000] {processor.py:186} INFO - Started process (PID=9940) to work on /opt/airflow/dags/env/Scripts/f2py.exe
[2025-03-31T10:08:09.453+0000] {processor.py:914} INFO - Processing file /opt/airflow/dags/env/Scripts/f2py.exe for tasks to queue
[2025-03-31T10:08:09.462+0000] {logging_mixin.py:190} INFO - [2025-03-31T10:08:09.461+0000] {dagbag.py:588} INFO - Filling up the DagBag from /opt/airflow/dags/env/Scripts/f2py.exe
[2025-03-31T10:08:09.508+0000] {logging_mixin.py:190} INFO - [2025-03-31T10:08:09.507+0000] {dagbag.py:435} INFO - File /opt/airflow/dags/env/Scripts/f2py.exe:__main__.py assumed to contain no DAGs. Skipping.
[2025-03-31T10:08:09.510+0000] {processor.py:927} WARNING - No viable dags retrieved from /opt/airflow/dags/env/Scripts/f2py.exe
[2025-03-31T10:08:09.589+0000] {processor.py:208} INFO - Processing /opt/airflow/dags/env/Scripts/f2py.exe took 0.149 seconds
[2025-03-31T10:08:56.844+0000] {processor.py:186} INFO - Started process (PID=9969) to work on /opt/airflow/dags/env/Scripts/f2py.exe
[2025-03-31T10:08:56.846+0000] {processor.py:914} INFO - Processing file /opt/airflow/dags/env/Scripts/f2py.exe for tasks to queue
[2025-03-31T10:08:56.851+0000] {logging_mixin.py:190} INFO - [2025-03-31T10:08:56.850+0000] {dagbag.py:588} INFO - Filling up the DagBag from /opt/airflow/dags/env/Scripts/f2py.exe
[2025-03-31T10:08:56.865+0000] {logging_mixin.py:190} INFO - [2025-03-31T10:08:56.864+0000] {dagbag.py:435} INFO - File /opt/airflow/dags/env/Scripts/f2py.exe:__main__.py assumed to contain no DAGs. Skipping.
[2025-03-31T10:08:56.866+0000] {processor.py:927} WARNING - No viable dags retrieved from /opt/airflow/dags/env/Scripts/f2py.exe
[2025-03-31T10:08:56.894+0000] {processor.py:208} INFO - Processing /opt/airflow/dags/env/Scripts/f2py.exe took 0.060 seconds
[2025-03-31T10:09:29.297+0000] {processor.py:186} INFO - Started process (PID=9993) to work on /opt/airflow/dags/env/Scripts/f2py.exe
[2025-03-31T10:09:29.299+0000] {processor.py:914} INFO - Processing file /opt/airflow/dags/env/Scripts/f2py.exe for tasks to queue
[2025-03-31T10:09:29.305+0000] {logging_mixin.py:190} INFO - [2025-03-31T10:09:29.304+0000] {dagbag.py:588} INFO - Filling up the DagBag from /opt/airflow/dags/env/Scripts/f2py.exe
[2025-03-31T10:09:29.319+0000] {logging_mixin.py:190} INFO - [2025-03-31T10:09:29.318+0000] {dagbag.py:435} INFO - File /opt/airflow/dags/env/Scripts/f2py.exe:__main__.py assumed to contain no DAGs. Skipping.
[2025-03-31T10:09:29.320+0000] {processor.py:927} WARNING - No viable dags retrieved from /opt/airflow/dags/env/Scripts/f2py.exe
[2025-03-31T10:09:29.348+0000] {processor.py:208} INFO - Processing /opt/airflow/dags/env/Scripts/f2py.exe took 0.061 seconds
[2025-03-31T10:12:32.353+0000] {processor.py:186} INFO - Started process (PID=10027) to work on /opt/airflow/dags/env/Scripts/f2py.exe
[2025-03-31T10:12:32.355+0000] {processor.py:914} INFO - Processing file /opt/airflow/dags/env/Scripts/f2py.exe for tasks to queue
[2025-03-31T10:12:32.361+0000] {logging_mixin.py:190} INFO - [2025-03-31T10:12:32.360+0000] {dagbag.py:588} INFO - Filling up the DagBag from /opt/airflow/dags/env/Scripts/f2py.exe
[2025-03-31T10:12:32.380+0000] {logging_mixin.py:190} INFO - [2025-03-31T10:12:32.379+0000] {dagbag.py:435} INFO - File /opt/airflow/dags/env/Scripts/f2py.exe:__main__.py assumed to contain no DAGs. Skipping.
[2025-03-31T10:12:32.381+0000] {processor.py:927} WARNING - No viable dags retrieved from /opt/airflow/dags/env/Scripts/f2py.exe
[2025-03-31T10:12:32.418+0000] {processor.py:208} INFO - Processing /opt/airflow/dags/env/Scripts/f2py.exe took 0.082 seconds
[2025-03-31T10:13:03.170+0000] {processor.py:186} INFO - Started process (PID=10051) to work on /opt/airflow/dags/env/Scripts/f2py.exe
[2025-03-31T10:13:03.172+0000] {processor.py:914} INFO - Processing file /opt/airflow/dags/env/Scripts/f2py.exe for tasks to queue
[2025-03-31T10:13:03.187+0000] {logging_mixin.py:190} INFO - [2025-03-31T10:13:03.186+0000] {dagbag.py:588} INFO - Filling up the DagBag from /opt/airflow/dags/env/Scripts/f2py.exe
[2025-03-31T10:13:03.209+0000] {logging_mixin.py:190} INFO - [2025-03-31T10:13:03.208+0000] {dagbag.py:435} INFO - File /opt/airflow/dags/env/Scripts/f2py.exe:__main__.py assumed to contain no DAGs. Skipping.
[2025-03-31T10:13:03.212+0000] {processor.py:927} WARNING - No viable dags retrieved from /opt/airflow/dags/env/Scripts/f2py.exe
[2025-03-31T10:13:03.266+0000] {processor.py:208} INFO - Processing /opt/airflow/dags/env/Scripts/f2py.exe took 0.106 seconds
[2025-03-31T10:13:56.615+0000] {processor.py:186} INFO - Started process (PID=10086) to work on /opt/airflow/dags/env/Scripts/f2py.exe
[2025-03-31T10:13:56.618+0000] {processor.py:914} INFO - Processing file /opt/airflow/dags/env/Scripts/f2py.exe for tasks to queue
[2025-03-31T10:13:56.625+0000] {logging_mixin.py:190} INFO - [2025-03-31T10:13:56.624+0000] {dagbag.py:588} INFO - Filling up the DagBag from /opt/airflow/dags/env/Scripts/f2py.exe
[2025-03-31T10:13:56.644+0000] {logging_mixin.py:190} INFO - [2025-03-31T10:13:56.644+0000] {dagbag.py:435} INFO - File /opt/airflow/dags/env/Scripts/f2py.exe:__main__.py assumed to contain no DAGs. Skipping.
[2025-03-31T10:13:56.646+0000] {processor.py:927} WARNING - No viable dags retrieved from /opt/airflow/dags/env/Scripts/f2py.exe
[2025-03-31T10:13:56.693+0000] {processor.py:208} INFO - Processing /opt/airflow/dags/env/Scripts/f2py.exe took 0.090 seconds
[2025-03-31T10:14:28.374+0000] {processor.py:186} INFO - Started process (PID=10110) to work on /opt/airflow/dags/env/Scripts/f2py.exe
[2025-03-31T10:14:28.375+0000] {processor.py:914} INFO - Processing file /opt/airflow/dags/env/Scripts/f2py.exe for tasks to queue
[2025-03-31T10:14:28.380+0000] {logging_mixin.py:190} INFO - [2025-03-31T10:14:28.380+0000] {dagbag.py:588} INFO - Filling up the DagBag from /opt/airflow/dags/env/Scripts/f2py.exe
[2025-03-31T10:14:28.395+0000] {logging_mixin.py:190} INFO - [2025-03-31T10:14:28.395+0000] {dagbag.py:435} INFO - File /opt/airflow/dags/env/Scripts/f2py.exe:__main__.py assumed to contain no DAGs. Skipping.
[2025-03-31T10:14:28.397+0000] {processor.py:927} WARNING - No viable dags retrieved from /opt/airflow/dags/env/Scripts/f2py.exe
[2025-03-31T10:14:28.426+0000] {processor.py:208} INFO - Processing /opt/airflow/dags/env/Scripts/f2py.exe took 0.063 seconds
[2025-03-31T10:17:38.643+0000] {processor.py:186} INFO - Started process (PID=10144) to work on /opt/airflow/dags/env/Scripts/f2py.exe
[2025-03-31T10:17:38.645+0000] {processor.py:914} INFO - Processing file /opt/airflow/dags/env/Scripts/f2py.exe for tasks to queue
[2025-03-31T10:17:38.650+0000] {logging_mixin.py:190} INFO - [2025-03-31T10:17:38.649+0000] {dagbag.py:588} INFO - Filling up the DagBag from /opt/airflow/dags/env/Scripts/f2py.exe
[2025-03-31T10:17:38.665+0000] {logging_mixin.py:190} INFO - [2025-03-31T10:17:38.665+0000] {dagbag.py:435} INFO - File /opt/airflow/dags/env/Scripts/f2py.exe:__main__.py assumed to contain no DAGs. Skipping.
[2025-03-31T10:17:38.667+0000] {processor.py:927} WARNING - No viable dags retrieved from /opt/airflow/dags/env/Scripts/f2py.exe
[2025-03-31T10:17:38.696+0000] {processor.py:208} INFO - Processing /opt/airflow/dags/env/Scripts/f2py.exe took 0.064 seconds
[2025-03-31T10:18:10.992+0000] {processor.py:186} INFO - Started process (PID=10168) to work on /opt/airflow/dags/env/Scripts/f2py.exe
[2025-03-31T10:18:10.993+0000] {processor.py:914} INFO - Processing file /opt/airflow/dags/env/Scripts/f2py.exe for tasks to queue
[2025-03-31T10:18:10.998+0000] {logging_mixin.py:190} INFO - [2025-03-31T10:18:10.998+0000] {dagbag.py:588} INFO - Filling up the DagBag from /opt/airflow/dags/env/Scripts/f2py.exe
[2025-03-31T10:18:11.012+0000] {logging_mixin.py:190} INFO - [2025-03-31T10:18:11.012+0000] {dagbag.py:435} INFO - File /opt/airflow/dags/env/Scripts/f2py.exe:__main__.py assumed to contain no DAGs. Skipping.
[2025-03-31T10:18:11.014+0000] {processor.py:927} WARNING - No viable dags retrieved from /opt/airflow/dags/env/Scripts/f2py.exe
[2025-03-31T10:18:11.043+0000] {processor.py:208} INFO - Processing /opt/airflow/dags/env/Scripts/f2py.exe took 0.062 seconds
[2025-03-31T10:18:58.861+0000] {processor.py:186} INFO - Started process (PID=10197) to work on /opt/airflow/dags/env/Scripts/f2py.exe
[2025-03-31T10:18:58.863+0000] {processor.py:914} INFO - Processing file /opt/airflow/dags/env/Scripts/f2py.exe for tasks to queue
[2025-03-31T10:18:58.869+0000] {logging_mixin.py:190} INFO - [2025-03-31T10:18:58.868+0000] {dagbag.py:588} INFO - Filling up the DagBag from /opt/airflow/dags/env/Scripts/f2py.exe
[2025-03-31T10:18:58.882+0000] {logging_mixin.py:190} INFO - [2025-03-31T10:18:58.882+0000] {dagbag.py:435} INFO - File /opt/airflow/dags/env/Scripts/f2py.exe:__main__.py assumed to contain no DAGs. Skipping.
[2025-03-31T10:18:58.884+0000] {processor.py:927} WARNING - No viable dags retrieved from /opt/airflow/dags/env/Scripts/f2py.exe
[2025-03-31T10:18:58.917+0000] {processor.py:208} INFO - Processing /opt/airflow/dags/env/Scripts/f2py.exe took 0.064 seconds
[2025-03-31T10:19:30.180+0000] {processor.py:186} INFO - Started process (PID=10221) to work on /opt/airflow/dags/env/Scripts/f2py.exe
[2025-03-31T10:19:30.182+0000] {processor.py:914} INFO - Processing file /opt/airflow/dags/env/Scripts/f2py.exe for tasks to queue
[2025-03-31T10:19:30.187+0000] {logging_mixin.py:190} INFO - [2025-03-31T10:19:30.186+0000] {dagbag.py:588} INFO - Filling up the DagBag from /opt/airflow/dags/env/Scripts/f2py.exe
[2025-03-31T10:19:30.201+0000] {logging_mixin.py:190} INFO - [2025-03-31T10:19:30.200+0000] {dagbag.py:435} INFO - File /opt/airflow/dags/env/Scripts/f2py.exe:__main__.py assumed to contain no DAGs. Skipping.
[2025-03-31T10:19:30.202+0000] {processor.py:927} WARNING - No viable dags retrieved from /opt/airflow/dags/env/Scripts/f2py.exe
[2025-03-31T10:19:30.230+0000] {processor.py:208} INFO - Processing /opt/airflow/dags/env/Scripts/f2py.exe took 0.061 seconds
[2025-03-31T10:43:28.600+0000] {processor.py:186} INFO - Started process (PID=10256) to work on /opt/airflow/dags/env/Scripts/f2py.exe
[2025-03-31T10:43:28.603+0000] {processor.py:914} INFO - Processing file /opt/airflow/dags/env/Scripts/f2py.exe for tasks to queue
[2025-03-31T10:43:28.609+0000] {logging_mixin.py:190} INFO - [2025-03-31T10:43:28.608+0000] {dagbag.py:588} INFO - Filling up the DagBag from /opt/airflow/dags/env/Scripts/f2py.exe
[2025-03-31T10:43:28.628+0000] {logging_mixin.py:190} INFO - [2025-03-31T10:43:28.628+0000] {dagbag.py:435} INFO - File /opt/airflow/dags/env/Scripts/f2py.exe:__main__.py assumed to contain no DAGs. Skipping.
[2025-03-31T10:43:28.630+0000] {processor.py:927} WARNING - No viable dags retrieved from /opt/airflow/dags/env/Scripts/f2py.exe
[2025-03-31T10:43:28.662+0000] {processor.py:208} INFO - Processing /opt/airflow/dags/env/Scripts/f2py.exe took 0.080 seconds
[2025-03-31T10:43:59.388+0000] {processor.py:186} INFO - Started process (PID=10280) to work on /opt/airflow/dags/env/Scripts/f2py.exe
[2025-03-31T10:43:59.390+0000] {processor.py:914} INFO - Processing file /opt/airflow/dags/env/Scripts/f2py.exe for tasks to queue
[2025-03-31T10:43:59.396+0000] {logging_mixin.py:190} INFO - [2025-03-31T10:43:59.395+0000] {dagbag.py:588} INFO - Filling up the DagBag from /opt/airflow/dags/env/Scripts/f2py.exe
[2025-03-31T10:43:59.410+0000] {logging_mixin.py:190} INFO - [2025-03-31T10:43:59.409+0000] {dagbag.py:435} INFO - File /opt/airflow/dags/env/Scripts/f2py.exe:__main__.py assumed to contain no DAGs. Skipping.
[2025-03-31T10:43:59.411+0000] {processor.py:927} WARNING - No viable dags retrieved from /opt/airflow/dags/env/Scripts/f2py.exe
[2025-03-31T10:43:59.441+0000] {processor.py:208} INFO - Processing /opt/airflow/dags/env/Scripts/f2py.exe took 0.063 seconds
[2025-03-31T10:44:57.177+0000] {processor.py:186} INFO - Started process (PID=10308) to work on /opt/airflow/dags/env/Scripts/f2py.exe
[2025-03-31T10:44:57.179+0000] {processor.py:914} INFO - Processing file /opt/airflow/dags/env/Scripts/f2py.exe for tasks to queue
[2025-03-31T10:44:57.184+0000] {logging_mixin.py:190} INFO - [2025-03-31T10:44:57.183+0000] {dagbag.py:588} INFO - Filling up the DagBag from /opt/airflow/dags/env/Scripts/f2py.exe
[2025-03-31T10:44:57.223+0000] {logging_mixin.py:190} INFO - [2025-03-31T10:44:57.222+0000] {dagbag.py:435} INFO - File /opt/airflow/dags/env/Scripts/f2py.exe:__main__.py assumed to contain no DAGs. Skipping.
[2025-03-31T10:44:57.227+0000] {processor.py:927} WARNING - No viable dags retrieved from /opt/airflow/dags/env/Scripts/f2py.exe
[2025-03-31T10:44:57.291+0000] {processor.py:208} INFO - Processing /opt/airflow/dags/env/Scripts/f2py.exe took 0.130 seconds
[2025-03-31T10:45:29.037+0000] {processor.py:186} INFO - Started process (PID=10332) to work on /opt/airflow/dags/env/Scripts/f2py.exe
[2025-03-31T10:45:29.040+0000] {processor.py:914} INFO - Processing file /opt/airflow/dags/env/Scripts/f2py.exe for tasks to queue
[2025-03-31T10:45:29.047+0000] {logging_mixin.py:190} INFO - [2025-03-31T10:45:29.046+0000] {dagbag.py:588} INFO - Filling up the DagBag from /opt/airflow/dags/env/Scripts/f2py.exe
[2025-03-31T10:45:29.072+0000] {logging_mixin.py:190} INFO - [2025-03-31T10:45:29.072+0000] {dagbag.py:435} INFO - File /opt/airflow/dags/env/Scripts/f2py.exe:__main__.py assumed to contain no DAGs. Skipping.
[2025-03-31T10:45:29.076+0000] {processor.py:927} WARNING - No viable dags retrieved from /opt/airflow/dags/env/Scripts/f2py.exe
[2025-03-31T10:45:29.134+0000] {processor.py:208} INFO - Processing /opt/airflow/dags/env/Scripts/f2py.exe took 0.125 seconds
[2025-03-31T11:03:38.557+0000] {processor.py:186} INFO - Started process (PID=10362) to work on /opt/airflow/dags/env/Scripts/f2py.exe
[2025-03-31T11:03:38.559+0000] {processor.py:914} INFO - Processing file /opt/airflow/dags/env/Scripts/f2py.exe for tasks to queue
[2025-03-31T11:03:38.575+0000] {logging_mixin.py:190} INFO - [2025-03-31T11:03:38.574+0000] {dagbag.py:588} INFO - Filling up the DagBag from /opt/airflow/dags/env/Scripts/f2py.exe
[2025-03-31T11:03:38.622+0000] {logging_mixin.py:190} INFO - [2025-03-31T11:03:38.622+0000] {dagbag.py:435} INFO - File /opt/airflow/dags/env/Scripts/f2py.exe:__main__.py assumed to contain no DAGs. Skipping.
[2025-03-31T11:03:38.625+0000] {processor.py:927} WARNING - No viable dags retrieved from /opt/airflow/dags/env/Scripts/f2py.exe
[2025-03-31T11:03:38.691+0000] {processor.py:208} INFO - Processing /opt/airflow/dags/env/Scripts/f2py.exe took 0.175 seconds
[2025-03-31T11:07:31.993+0000] {processor.py:186} INFO - Started process (PID=10368) to work on /opt/airflow/dags/env/Scripts/f2py.exe
[2025-03-31T11:07:31.995+0000] {processor.py:914} INFO - Processing file /opt/airflow/dags/env/Scripts/f2py.exe for tasks to queue
[2025-03-31T11:07:32.001+0000] {logging_mixin.py:190} INFO - [2025-03-31T11:07:32.000+0000] {dagbag.py:588} INFO - Filling up the DagBag from /opt/airflow/dags/env/Scripts/f2py.exe
[2025-03-31T11:07:32.027+0000] {logging_mixin.py:190} INFO - [2025-03-31T11:07:32.026+0000] {dagbag.py:435} INFO - File /opt/airflow/dags/env/Scripts/f2py.exe:__main__.py assumed to contain no DAGs. Skipping.
[2025-03-31T11:07:32.029+0000] {processor.py:927} WARNING - No viable dags retrieved from /opt/airflow/dags/env/Scripts/f2py.exe
[2025-03-31T11:07:32.098+0000] {processor.py:208} INFO - Processing /opt/airflow/dags/env/Scripts/f2py.exe took 0.134 seconds
[2025-03-31T11:18:47.522+0000] {processor.py:186} INFO - Started process (PID=10408) to work on /opt/airflow/dags/env/Scripts/f2py.exe
[2025-03-31T11:18:47.525+0000] {processor.py:914} INFO - Processing file /opt/airflow/dags/env/Scripts/f2py.exe for tasks to queue
[2025-03-31T11:18:47.534+0000] {logging_mixin.py:190} INFO - [2025-03-31T11:18:47.533+0000] {dagbag.py:588} INFO - Filling up the DagBag from /opt/airflow/dags/env/Scripts/f2py.exe
[2025-03-31T11:18:47.563+0000] {logging_mixin.py:190} INFO - [2025-03-31T11:18:47.562+0000] {dagbag.py:435} INFO - File /opt/airflow/dags/env/Scripts/f2py.exe:__main__.py assumed to contain no DAGs. Skipping.
[2025-03-31T11:18:47.565+0000] {processor.py:927} WARNING - No viable dags retrieved from /opt/airflow/dags/env/Scripts/f2py.exe
[2025-03-31T11:18:47.629+0000] {processor.py:208} INFO - Processing /opt/airflow/dags/env/Scripts/f2py.exe took 0.122 seconds
[2025-03-31T11:33:32.617+0000] {processor.py:186} INFO - Started process (PID=10422) to work on /opt/airflow/dags/env/Scripts/f2py.exe
[2025-03-31T11:33:32.620+0000] {processor.py:914} INFO - Processing file /opt/airflow/dags/env/Scripts/f2py.exe for tasks to queue
[2025-03-31T11:33:32.625+0000] {logging_mixin.py:190} INFO - [2025-03-31T11:33:32.624+0000] {dagbag.py:588} INFO - Filling up the DagBag from /opt/airflow/dags/env/Scripts/f2py.exe
[2025-03-31T11:33:32.643+0000] {logging_mixin.py:190} INFO - [2025-03-31T11:33:32.643+0000] {dagbag.py:435} INFO - File /opt/airflow/dags/env/Scripts/f2py.exe:__main__.py assumed to contain no DAGs. Skipping.
[2025-03-31T11:33:32.645+0000] {processor.py:927} WARNING - No viable dags retrieved from /opt/airflow/dags/env/Scripts/f2py.exe
[2025-03-31T11:33:32.688+0000] {processor.py:208} INFO - Processing /opt/airflow/dags/env/Scripts/f2py.exe took 0.085 seconds
