[2025-03-31T07:27:24.492+0000] {processor.py:186} INFO - Started process (PID=7693) to work on /opt/airflow/dags/env/Scripts/normalizer.exe
[2025-03-31T07:27:24.494+0000] {processor.py:914} INFO - Processing file /opt/airflow/dags/env/Scripts/normalizer.exe for tasks to queue
[2025-03-31T07:27:24.498+0000] {logging_mixin.py:190} INFO - [2025-03-31T07:27:24.498+0000] {dagbag.py:588} INFO - Filling up the DagBag from /opt/airflow/dags/env/Scripts/normalizer.exe
[2025-03-31T07:27:24.515+0000] {logging_mixin.py:190} INFO - [2025-03-31T07:27:24.515+0000] {dagbag.py:435} INFO - File /opt/airflow/dags/env/Scripts/normalizer.exe:__main__.py assumed to contain no DAGs. Skipping.
[2025-03-31T07:27:24.517+0000] {processor.py:927} WARNING - No viable dags retrieved from /opt/airflow/dags/env/Scripts/normalizer.exe
[2025-03-31T07:27:24.544+0000] {processor.py:208} INFO - Processing /opt/airflow/dags/env/Scripts/normalizer.exe took 0.061 seconds
[2025-03-31T07:27:55.576+0000] {processor.py:186} INFO - Started process (PID=7717) to work on /opt/airflow/dags/env/Scripts/normalizer.exe
[2025-03-31T07:27:55.577+0000] {processor.py:914} INFO - Processing file /opt/airflow/dags/env/Scripts/normalizer.exe for tasks to queue
[2025-03-31T07:27:55.581+0000] {logging_mixin.py:190} INFO - [2025-03-31T07:27:55.581+0000] {dagbag.py:588} INFO - Filling up the DagBag from /opt/airflow/dags/env/Scripts/normalizer.exe
[2025-03-31T07:27:55.596+0000] {logging_mixin.py:190} INFO - [2025-03-31T07:27:55.596+0000] {dagbag.py:435} INFO - File /opt/airflow/dags/env/Scripts/normalizer.exe:__main__.py assumed to contain no DAGs. Skipping.
[2025-03-31T07:27:55.597+0000] {processor.py:927} WARNING - No viable dags retrieved from /opt/airflow/dags/env/Scripts/normalizer.exe
[2025-03-31T07:27:55.624+0000] {processor.py:208} INFO - Processing /opt/airflow/dags/env/Scripts/normalizer.exe took 0.056 seconds
[2025-03-31T08:42:34.174+0000] {processor.py:186} INFO - Started process (PID=8045) to work on /opt/airflow/dags/env/Scripts/normalizer.exe
[2025-03-31T08:42:34.176+0000] {processor.py:914} INFO - Processing file /opt/airflow/dags/env/Scripts/normalizer.exe for tasks to queue
[2025-03-31T08:42:34.182+0000] {logging_mixin.py:190} INFO - [2025-03-31T08:42:34.182+0000] {dagbag.py:588} INFO - Filling up the DagBag from /opt/airflow/dags/env/Scripts/normalizer.exe
[2025-03-31T08:42:34.201+0000] {logging_mixin.py:190} INFO - [2025-03-31T08:42:34.201+0000] {dagbag.py:435} INFO - File /opt/airflow/dags/env/Scripts/normalizer.exe:__main__.py assumed to contain no DAGs. Skipping.
[2025-03-31T08:42:34.203+0000] {processor.py:927} WARNING - No viable dags retrieved from /opt/airflow/dags/env/Scripts/normalizer.exe
[2025-03-31T08:42:34.239+0000] {processor.py:208} INFO - Processing /opt/airflow/dags/env/Scripts/normalizer.exe took 0.078 seconds
[2025-03-31T08:43:05.254+0000] {processor.py:186} INFO - Started process (PID=8069) to work on /opt/airflow/dags/env/Scripts/normalizer.exe
[2025-03-31T08:43:05.256+0000] {processor.py:914} INFO - Processing file /opt/airflow/dags/env/Scripts/normalizer.exe for tasks to queue
[2025-03-31T08:43:05.260+0000] {logging_mixin.py:190} INFO - [2025-03-31T08:43:05.259+0000] {dagbag.py:588} INFO - Filling up the DagBag from /opt/airflow/dags/env/Scripts/normalizer.exe
[2025-03-31T08:43:05.280+0000] {logging_mixin.py:190} INFO - [2025-03-31T08:43:05.279+0000] {dagbag.py:435} INFO - File /opt/airflow/dags/env/Scripts/normalizer.exe:__main__.py assumed to contain no DAGs. Skipping.
[2025-03-31T08:43:05.281+0000] {processor.py:927} WARNING - No viable dags retrieved from /opt/airflow/dags/env/Scripts/normalizer.exe
[2025-03-31T08:43:05.318+0000] {processor.py:208} INFO - Processing /opt/airflow/dags/env/Scripts/normalizer.exe took 0.079 seconds
[2025-03-31T08:43:40.499+0000] {processor.py:186} INFO - Started process (PID=8085) to work on /opt/airflow/dags/env/Scripts/normalizer.exe
[2025-03-31T08:43:40.500+0000] {processor.py:914} INFO - Processing file /opt/airflow/dags/env/Scripts/normalizer.exe for tasks to queue
[2025-03-31T08:43:40.505+0000] {logging_mixin.py:190} INFO - [2025-03-31T08:43:40.504+0000] {dagbag.py:588} INFO - Filling up the DagBag from /opt/airflow/dags/env/Scripts/normalizer.exe
[2025-03-31T08:43:40.520+0000] {logging_mixin.py:190} INFO - [2025-03-31T08:43:40.520+0000] {dagbag.py:435} INFO - File /opt/airflow/dags/env/Scripts/normalizer.exe:__main__.py assumed to contain no DAGs. Skipping.
[2025-03-31T08:43:40.522+0000] {processor.py:927} WARNING - No viable dags retrieved from /opt/airflow/dags/env/Scripts/normalizer.exe
[2025-03-31T08:43:40.552+0000] {processor.py:208} INFO - Processing /opt/airflow/dags/env/Scripts/normalizer.exe took 0.065 seconds
[2025-03-31T08:44:12.080+0000] {processor.py:186} INFO - Started process (PID=8109) to work on /opt/airflow/dags/env/Scripts/normalizer.exe
[2025-03-31T08:44:12.082+0000] {processor.py:914} INFO - Processing file /opt/airflow/dags/env/Scripts/normalizer.exe for tasks to queue
[2025-03-31T08:44:12.087+0000] {logging_mixin.py:190} INFO - [2025-03-31T08:44:12.086+0000] {dagbag.py:588} INFO - Filling up the DagBag from /opt/airflow/dags/env/Scripts/normalizer.exe
[2025-03-31T08:44:12.106+0000] {logging_mixin.py:190} INFO - [2025-03-31T08:44:12.105+0000] {dagbag.py:435} INFO - File /opt/airflow/dags/env/Scripts/normalizer.exe:__main__.py assumed to contain no DAGs. Skipping.
[2025-03-31T08:44:12.107+0000] {processor.py:927} WARNING - No viable dags retrieved from /opt/airflow/dags/env/Scripts/normalizer.exe
[2025-03-31T08:44:12.144+0000] {processor.py:208} INFO - Processing /opt/airflow/dags/env/Scripts/normalizer.exe took 0.076 seconds
[2025-03-31T08:44:43.158+0000] {processor.py:186} INFO - Started process (PID=8133) to work on /opt/airflow/dags/env/Scripts/normalizer.exe
[2025-03-31T08:44:43.160+0000] {processor.py:914} INFO - Processing file /opt/airflow/dags/env/Scripts/normalizer.exe for tasks to queue
[2025-03-31T08:44:43.165+0000] {logging_mixin.py:190} INFO - [2025-03-31T08:44:43.165+0000] {dagbag.py:588} INFO - Filling up the DagBag from /opt/airflow/dags/env/Scripts/normalizer.exe
[2025-03-31T08:44:43.180+0000] {logging_mixin.py:190} INFO - [2025-03-31T08:44:43.180+0000] {dagbag.py:435} INFO - File /opt/airflow/dags/env/Scripts/normalizer.exe:__main__.py assumed to contain no DAGs. Skipping.
[2025-03-31T08:44:43.182+0000] {processor.py:927} WARNING - No viable dags retrieved from /opt/airflow/dags/env/Scripts/normalizer.exe
[2025-03-31T08:44:43.211+0000] {processor.py:208} INFO - Processing /opt/airflow/dags/env/Scripts/normalizer.exe took 0.064 seconds
[2025-03-31T08:47:21.584+0000] {processor.py:186} INFO - Started process (PID=8147) to work on /opt/airflow/dags/env/Scripts/normalizer.exe
[2025-03-31T08:47:21.586+0000] {processor.py:914} INFO - Processing file /opt/airflow/dags/env/Scripts/normalizer.exe for tasks to queue
[2025-03-31T08:47:21.597+0000] {logging_mixin.py:190} INFO - [2025-03-31T08:47:21.596+0000] {dagbag.py:588} INFO - Filling up the DagBag from /opt/airflow/dags/env/Scripts/normalizer.exe
[2025-03-31T08:47:21.616+0000] {logging_mixin.py:190} INFO - [2025-03-31T08:47:21.615+0000] {dagbag.py:435} INFO - File /opt/airflow/dags/env/Scripts/normalizer.exe:__main__.py assumed to contain no DAGs. Skipping.
[2025-03-31T08:47:21.617+0000] {processor.py:927} WARNING - No viable dags retrieved from /opt/airflow/dags/env/Scripts/normalizer.exe
[2025-03-31T08:47:21.653+0000] {processor.py:208} INFO - Processing /opt/airflow/dags/env/Scripts/normalizer.exe took 0.085 seconds
[2025-03-31T08:47:53.524+0000] {processor.py:186} INFO - Started process (PID=8171) to work on /opt/airflow/dags/env/Scripts/normalizer.exe
[2025-03-31T08:47:53.526+0000] {processor.py:914} INFO - Processing file /opt/airflow/dags/env/Scripts/normalizer.exe for tasks to queue
[2025-03-31T08:47:53.532+0000] {logging_mixin.py:190} INFO - [2025-03-31T08:47:53.531+0000] {dagbag.py:588} INFO - Filling up the DagBag from /opt/airflow/dags/env/Scripts/normalizer.exe
[2025-03-31T08:47:53.545+0000] {logging_mixin.py:190} INFO - [2025-03-31T08:47:53.544+0000] {dagbag.py:435} INFO - File /opt/airflow/dags/env/Scripts/normalizer.exe:__main__.py assumed to contain no DAGs. Skipping.
[2025-03-31T08:47:53.546+0000] {processor.py:927} WARNING - No viable dags retrieved from /opt/airflow/dags/env/Scripts/normalizer.exe
[2025-03-31T08:47:53.584+0000] {processor.py:208} INFO - Processing /opt/airflow/dags/env/Scripts/normalizer.exe took 0.067 seconds
[2025-03-31T08:48:46.147+0000] {processor.py:186} INFO - Started process (PID=8201) to work on /opt/airflow/dags/env/Scripts/normalizer.exe
[2025-03-31T08:48:46.149+0000] {processor.py:914} INFO - Processing file /opt/airflow/dags/env/Scripts/normalizer.exe for tasks to queue
[2025-03-31T08:48:46.156+0000] {logging_mixin.py:190} INFO - [2025-03-31T08:48:46.155+0000] {dagbag.py:588} INFO - Filling up the DagBag from /opt/airflow/dags/env/Scripts/normalizer.exe
[2025-03-31T08:48:46.171+0000] {logging_mixin.py:190} INFO - [2025-03-31T08:48:46.171+0000] {dagbag.py:435} INFO - File /opt/airflow/dags/env/Scripts/normalizer.exe:__main__.py assumed to contain no DAGs. Skipping.
[2025-03-31T08:48:46.173+0000] {processor.py:927} WARNING - No viable dags retrieved from /opt/airflow/dags/env/Scripts/normalizer.exe
[2025-03-31T08:48:46.201+0000] {processor.py:208} INFO - Processing /opt/airflow/dags/env/Scripts/normalizer.exe took 0.068 seconds
[2025-03-31T08:49:17.792+0000] {processor.py:186} INFO - Started process (PID=8225) to work on /opt/airflow/dags/env/Scripts/normalizer.exe
[2025-03-31T08:49:17.794+0000] {processor.py:914} INFO - Processing file /opt/airflow/dags/env/Scripts/normalizer.exe for tasks to queue
[2025-03-31T08:49:17.801+0000] {logging_mixin.py:190} INFO - [2025-03-31T08:49:17.800+0000] {dagbag.py:588} INFO - Filling up the DagBag from /opt/airflow/dags/env/Scripts/normalizer.exe
[2025-03-31T08:49:17.817+0000] {logging_mixin.py:190} INFO - [2025-03-31T08:49:17.816+0000] {dagbag.py:435} INFO - File /opt/airflow/dags/env/Scripts/normalizer.exe:__main__.py assumed to contain no DAGs. Skipping.
[2025-03-31T08:49:17.818+0000] {processor.py:927} WARNING - No viable dags retrieved from /opt/airflow/dags/env/Scripts/normalizer.exe
[2025-03-31T08:49:17.854+0000] {processor.py:208} INFO - Processing /opt/airflow/dags/env/Scripts/normalizer.exe took 0.075 seconds
[2025-03-31T08:52:21.763+0000] {processor.py:186} INFO - Started process (PID=8259) to work on /opt/airflow/dags/env/Scripts/normalizer.exe
[2025-03-31T08:52:21.765+0000] {processor.py:914} INFO - Processing file /opt/airflow/dags/env/Scripts/normalizer.exe for tasks to queue
[2025-03-31T08:52:21.771+0000] {logging_mixin.py:190} INFO - [2025-03-31T08:52:21.770+0000] {dagbag.py:588} INFO - Filling up the DagBag from /opt/airflow/dags/env/Scripts/normalizer.exe
[2025-03-31T08:52:21.790+0000] {logging_mixin.py:190} INFO - [2025-03-31T08:52:21.789+0000] {dagbag.py:435} INFO - File /opt/airflow/dags/env/Scripts/normalizer.exe:__main__.py assumed to contain no DAGs. Skipping.
[2025-03-31T08:52:21.791+0000] {processor.py:927} WARNING - No viable dags retrieved from /opt/airflow/dags/env/Scripts/normalizer.exe
[2025-03-31T08:52:21.827+0000] {processor.py:208} INFO - Processing /opt/airflow/dags/env/Scripts/normalizer.exe took 0.079 seconds
[2025-03-31T08:52:54.606+0000] {processor.py:186} INFO - Started process (PID=8283) to work on /opt/airflow/dags/env/Scripts/normalizer.exe
[2025-03-31T08:52:54.608+0000] {processor.py:914} INFO - Processing file /opt/airflow/dags/env/Scripts/normalizer.exe for tasks to queue
[2025-03-31T08:52:54.619+0000] {logging_mixin.py:190} INFO - [2025-03-31T08:52:54.614+0000] {dagbag.py:588} INFO - Filling up the DagBag from /opt/airflow/dags/env/Scripts/normalizer.exe
[2025-03-31T08:52:54.645+0000] {logging_mixin.py:190} INFO - [2025-03-31T08:52:54.644+0000] {dagbag.py:435} INFO - File /opt/airflow/dags/env/Scripts/normalizer.exe:__main__.py assumed to contain no DAGs. Skipping.
[2025-03-31T08:52:54.647+0000] {processor.py:927} WARNING - No viable dags retrieved from /opt/airflow/dags/env/Scripts/normalizer.exe
[2025-03-31T08:52:54.689+0000] {processor.py:208} INFO - Processing /opt/airflow/dags/env/Scripts/normalizer.exe took 0.097 seconds
[2025-03-31T08:53:50.923+0000] {processor.py:186} INFO - Started process (PID=8313) to work on /opt/airflow/dags/env/Scripts/normalizer.exe
[2025-03-31T08:53:50.925+0000] {processor.py:914} INFO - Processing file /opt/airflow/dags/env/Scripts/normalizer.exe for tasks to queue
[2025-03-31T08:53:50.936+0000] {logging_mixin.py:190} INFO - [2025-03-31T08:53:50.935+0000] {dagbag.py:588} INFO - Filling up the DagBag from /opt/airflow/dags/env/Scripts/normalizer.exe
[2025-03-31T08:53:50.953+0000] {logging_mixin.py:190} INFO - [2025-03-31T08:53:50.953+0000] {dagbag.py:435} INFO - File /opt/airflow/dags/env/Scripts/normalizer.exe:__main__.py assumed to contain no DAGs. Skipping.
[2025-03-31T08:53:50.955+0000] {processor.py:927} WARNING - No viable dags retrieved from /opt/airflow/dags/env/Scripts/normalizer.exe
[2025-03-31T08:53:50.999+0000] {processor.py:208} INFO - Processing /opt/airflow/dags/env/Scripts/normalizer.exe took 0.092 seconds
[2025-03-31T08:54:22.177+0000] {processor.py:186} INFO - Started process (PID=8337) to work on /opt/airflow/dags/env/Scripts/normalizer.exe
[2025-03-31T08:54:22.179+0000] {processor.py:914} INFO - Processing file /opt/airflow/dags/env/Scripts/normalizer.exe for tasks to queue
[2025-03-31T08:54:22.184+0000] {logging_mixin.py:190} INFO - [2025-03-31T08:54:22.183+0000] {dagbag.py:588} INFO - Filling up the DagBag from /opt/airflow/dags/env/Scripts/normalizer.exe
[2025-03-31T08:54:22.198+0000] {logging_mixin.py:190} INFO - [2025-03-31T08:54:22.198+0000] {dagbag.py:435} INFO - File /opt/airflow/dags/env/Scripts/normalizer.exe:__main__.py assumed to contain no DAGs. Skipping.
[2025-03-31T08:54:22.200+0000] {processor.py:927} WARNING - No viable dags retrieved from /opt/airflow/dags/env/Scripts/normalizer.exe
[2025-03-31T08:54:22.230+0000] {processor.py:208} INFO - Processing /opt/airflow/dags/env/Scripts/normalizer.exe took 0.064 seconds
[2025-03-31T08:57:18.986+0000] {processor.py:186} INFO - Started process (PID=8366) to work on /opt/airflow/dags/env/Scripts/normalizer.exe
[2025-03-31T08:57:18.988+0000] {processor.py:914} INFO - Processing file /opt/airflow/dags/env/Scripts/normalizer.exe for tasks to queue
[2025-03-31T08:57:18.994+0000] {logging_mixin.py:190} INFO - [2025-03-31T08:57:18.993+0000] {dagbag.py:588} INFO - Filling up the DagBag from /opt/airflow/dags/env/Scripts/normalizer.exe
[2025-03-31T08:57:19.013+0000] {logging_mixin.py:190} INFO - [2025-03-31T08:57:19.013+0000] {dagbag.py:435} INFO - File /opt/airflow/dags/env/Scripts/normalizer.exe:__main__.py assumed to contain no DAGs. Skipping.
[2025-03-31T08:57:19.015+0000] {processor.py:927} WARNING - No viable dags retrieved from /opt/airflow/dags/env/Scripts/normalizer.exe
[2025-03-31T08:57:19.046+0000] {processor.py:208} INFO - Processing /opt/airflow/dags/env/Scripts/normalizer.exe took 0.068 seconds
[2025-03-31T08:57:49.840+0000] {processor.py:186} INFO - Started process (PID=8390) to work on /opt/airflow/dags/env/Scripts/normalizer.exe
[2025-03-31T08:57:49.842+0000] {processor.py:914} INFO - Processing file /opt/airflow/dags/env/Scripts/normalizer.exe for tasks to queue
[2025-03-31T08:57:49.849+0000] {logging_mixin.py:190} INFO - [2025-03-31T08:57:49.848+0000] {dagbag.py:588} INFO - Filling up the DagBag from /opt/airflow/dags/env/Scripts/normalizer.exe
[2025-03-31T08:57:49.864+0000] {logging_mixin.py:190} INFO - [2025-03-31T08:57:49.864+0000] {dagbag.py:435} INFO - File /opt/airflow/dags/env/Scripts/normalizer.exe:__main__.py assumed to contain no DAGs. Skipping.
[2025-03-31T08:57:49.866+0000] {processor.py:927} WARNING - No viable dags retrieved from /opt/airflow/dags/env/Scripts/normalizer.exe
[2025-03-31T08:57:49.900+0000] {processor.py:208} INFO - Processing /opt/airflow/dags/env/Scripts/normalizer.exe took 0.070 seconds
[2025-03-31T08:58:45.149+0000] {processor.py:186} INFO - Started process (PID=8425) to work on /opt/airflow/dags/env/Scripts/normalizer.exe
[2025-03-31T08:58:45.151+0000] {processor.py:914} INFO - Processing file /opt/airflow/dags/env/Scripts/normalizer.exe for tasks to queue
[2025-03-31T08:58:45.159+0000] {logging_mixin.py:190} INFO - [2025-03-31T08:58:45.158+0000] {dagbag.py:588} INFO - Filling up the DagBag from /opt/airflow/dags/env/Scripts/normalizer.exe
[2025-03-31T08:58:45.178+0000] {logging_mixin.py:190} INFO - [2025-03-31T08:58:45.178+0000] {dagbag.py:435} INFO - File /opt/airflow/dags/env/Scripts/normalizer.exe:__main__.py assumed to contain no DAGs. Skipping.
[2025-03-31T08:58:45.180+0000] {processor.py:927} WARNING - No viable dags retrieved from /opt/airflow/dags/env/Scripts/normalizer.exe
[2025-03-31T08:58:45.213+0000] {processor.py:208} INFO - Processing /opt/airflow/dags/env/Scripts/normalizer.exe took 0.081 seconds
[2025-03-31T08:59:16.126+0000] {processor.py:186} INFO - Started process (PID=8449) to work on /opt/airflow/dags/env/Scripts/normalizer.exe
[2025-03-31T08:59:16.128+0000] {processor.py:914} INFO - Processing file /opt/airflow/dags/env/Scripts/normalizer.exe for tasks to queue
[2025-03-31T08:59:16.133+0000] {logging_mixin.py:190} INFO - [2025-03-31T08:59:16.133+0000] {dagbag.py:588} INFO - Filling up the DagBag from /opt/airflow/dags/env/Scripts/normalizer.exe
[2025-03-31T08:59:16.147+0000] {logging_mixin.py:190} INFO - [2025-03-31T08:59:16.147+0000] {dagbag.py:435} INFO - File /opt/airflow/dags/env/Scripts/normalizer.exe:__main__.py assumed to contain no DAGs. Skipping.
[2025-03-31T08:59:16.149+0000] {processor.py:927} WARNING - No viable dags retrieved from /opt/airflow/dags/env/Scripts/normalizer.exe
[2025-03-31T08:59:16.177+0000] {processor.py:208} INFO - Processing /opt/airflow/dags/env/Scripts/normalizer.exe took 0.062 seconds
[2025-03-31T09:02:26.326+0000] {processor.py:186} INFO - Started process (PID=8483) to work on /opt/airflow/dags/env/Scripts/normalizer.exe
[2025-03-31T09:02:26.328+0000] {processor.py:914} INFO - Processing file /opt/airflow/dags/env/Scripts/normalizer.exe for tasks to queue
[2025-03-31T09:02:26.334+0000] {logging_mixin.py:190} INFO - [2025-03-31T09:02:26.333+0000] {dagbag.py:588} INFO - Filling up the DagBag from /opt/airflow/dags/env/Scripts/normalizer.exe
[2025-03-31T09:02:26.348+0000] {logging_mixin.py:190} INFO - [2025-03-31T09:02:26.347+0000] {dagbag.py:435} INFO - File /opt/airflow/dags/env/Scripts/normalizer.exe:__main__.py assumed to contain no DAGs. Skipping.
[2025-03-31T09:02:26.349+0000] {processor.py:927} WARNING - No viable dags retrieved from /opt/airflow/dags/env/Scripts/normalizer.exe
[2025-03-31T09:02:26.379+0000] {processor.py:208} INFO - Processing /opt/airflow/dags/env/Scripts/normalizer.exe took 0.064 seconds
[2025-03-31T09:02:57.713+0000] {processor.py:186} INFO - Started process (PID=8507) to work on /opt/airflow/dags/env/Scripts/normalizer.exe
[2025-03-31T09:02:57.715+0000] {processor.py:914} INFO - Processing file /opt/airflow/dags/env/Scripts/normalizer.exe for tasks to queue
[2025-03-31T09:02:57.723+0000] {logging_mixin.py:190} INFO - [2025-03-31T09:02:57.722+0000] {dagbag.py:588} INFO - Filling up the DagBag from /opt/airflow/dags/env/Scripts/normalizer.exe
[2025-03-31T09:02:57.754+0000] {logging_mixin.py:190} INFO - [2025-03-31T09:02:57.753+0000] {dagbag.py:435} INFO - File /opt/airflow/dags/env/Scripts/normalizer.exe:__main__.py assumed to contain no DAGs. Skipping.
[2025-03-31T09:02:57.756+0000] {processor.py:927} WARNING - No viable dags retrieved from /opt/airflow/dags/env/Scripts/normalizer.exe
[2025-03-31T09:02:57.792+0000] {processor.py:208} INFO - Processing /opt/airflow/dags/env/Scripts/normalizer.exe took 0.089 seconds
[2025-03-31T09:03:58.691+0000] {processor.py:186} INFO - Started process (PID=8536) to work on /opt/airflow/dags/env/Scripts/normalizer.exe
[2025-03-31T09:03:58.693+0000] {processor.py:914} INFO - Processing file /opt/airflow/dags/env/Scripts/normalizer.exe for tasks to queue
[2025-03-31T09:03:58.699+0000] {logging_mixin.py:190} INFO - [2025-03-31T09:03:58.698+0000] {dagbag.py:588} INFO - Filling up the DagBag from /opt/airflow/dags/env/Scripts/normalizer.exe
[2025-03-31T09:03:58.718+0000] {logging_mixin.py:190} INFO - [2025-03-31T09:03:58.717+0000] {dagbag.py:435} INFO - File /opt/airflow/dags/env/Scripts/normalizer.exe:__main__.py assumed to contain no DAGs. Skipping.
[2025-03-31T09:03:58.719+0000] {processor.py:927} WARNING - No viable dags retrieved from /opt/airflow/dags/env/Scripts/normalizer.exe
[2025-03-31T09:03:58.756+0000] {processor.py:208} INFO - Processing /opt/airflow/dags/env/Scripts/normalizer.exe took 0.079 seconds
[2025-03-31T09:04:30.699+0000] {processor.py:186} INFO - Started process (PID=8560) to work on /opt/airflow/dags/env/Scripts/normalizer.exe
[2025-03-31T09:04:30.700+0000] {processor.py:914} INFO - Processing file /opt/airflow/dags/env/Scripts/normalizer.exe for tasks to queue
[2025-03-31T09:04:30.705+0000] {logging_mixin.py:190} INFO - [2025-03-31T09:04:30.704+0000] {dagbag.py:588} INFO - Filling up the DagBag from /opt/airflow/dags/env/Scripts/normalizer.exe
[2025-03-31T09:04:30.718+0000] {logging_mixin.py:190} INFO - [2025-03-31T09:04:30.717+0000] {dagbag.py:435} INFO - File /opt/airflow/dags/env/Scripts/normalizer.exe:__main__.py assumed to contain no DAGs. Skipping.
[2025-03-31T09:04:30.719+0000] {processor.py:927} WARNING - No viable dags retrieved from /opt/airflow/dags/env/Scripts/normalizer.exe
[2025-03-31T09:04:30.748+0000] {processor.py:208} INFO - Processing /opt/airflow/dags/env/Scripts/normalizer.exe took 0.057 seconds
[2025-03-31T09:07:26.455+0000] {processor.py:186} INFO - Started process (PID=8585) to work on /opt/airflow/dags/env/Scripts/normalizer.exe
[2025-03-31T09:07:26.457+0000] {processor.py:914} INFO - Processing file /opt/airflow/dags/env/Scripts/normalizer.exe for tasks to queue
[2025-03-31T09:07:26.463+0000] {logging_mixin.py:190} INFO - [2025-03-31T09:07:26.462+0000] {dagbag.py:588} INFO - Filling up the DagBag from /opt/airflow/dags/env/Scripts/normalizer.exe
[2025-03-31T09:07:26.476+0000] {logging_mixin.py:190} INFO - [2025-03-31T09:07:26.476+0000] {dagbag.py:435} INFO - File /opt/airflow/dags/env/Scripts/normalizer.exe:__main__.py assumed to contain no DAGs. Skipping.
[2025-03-31T09:07:26.478+0000] {processor.py:927} WARNING - No viable dags retrieved from /opt/airflow/dags/env/Scripts/normalizer.exe
[2025-03-31T09:07:26.506+0000] {processor.py:208} INFO - Processing /opt/airflow/dags/env/Scripts/normalizer.exe took 0.061 seconds
[2025-03-31T09:07:58.704+0000] {processor.py:186} INFO - Started process (PID=8609) to work on /opt/airflow/dags/env/Scripts/normalizer.exe
[2025-03-31T09:07:58.706+0000] {processor.py:914} INFO - Processing file /opt/airflow/dags/env/Scripts/normalizer.exe for tasks to queue
[2025-03-31T09:07:58.712+0000] {logging_mixin.py:190} INFO - [2025-03-31T09:07:58.711+0000] {dagbag.py:588} INFO - Filling up the DagBag from /opt/airflow/dags/env/Scripts/normalizer.exe
[2025-03-31T09:07:58.728+0000] {logging_mixin.py:190} INFO - [2025-03-31T09:07:58.728+0000] {dagbag.py:435} INFO - File /opt/airflow/dags/env/Scripts/normalizer.exe:__main__.py assumed to contain no DAGs. Skipping.
[2025-03-31T09:07:58.730+0000] {processor.py:927} WARNING - No viable dags retrieved from /opt/airflow/dags/env/Scripts/normalizer.exe
[2025-03-31T09:07:58.764+0000] {processor.py:208} INFO - Processing /opt/airflow/dags/env/Scripts/normalizer.exe took 0.075 seconds
[2025-03-31T09:08:53.825+0000] {processor.py:186} INFO - Started process (PID=8637) to work on /opt/airflow/dags/env/Scripts/normalizer.exe
[2025-03-31T09:08:53.827+0000] {processor.py:914} INFO - Processing file /opt/airflow/dags/env/Scripts/normalizer.exe for tasks to queue
[2025-03-31T09:08:53.833+0000] {logging_mixin.py:190} INFO - [2025-03-31T09:08:53.832+0000] {dagbag.py:588} INFO - Filling up the DagBag from /opt/airflow/dags/env/Scripts/normalizer.exe
[2025-03-31T09:08:53.850+0000] {logging_mixin.py:190} INFO - [2025-03-31T09:08:53.849+0000] {dagbag.py:435} INFO - File /opt/airflow/dags/env/Scripts/normalizer.exe:__main__.py assumed to contain no DAGs. Skipping.
[2025-03-31T09:08:53.851+0000] {processor.py:927} WARNING - No viable dags retrieved from /opt/airflow/dags/env/Scripts/normalizer.exe
[2025-03-31T09:08:53.890+0000] {processor.py:208} INFO - Processing /opt/airflow/dags/env/Scripts/normalizer.exe took 0.078 seconds
[2025-03-31T09:09:24.923+0000] {processor.py:186} INFO - Started process (PID=8661) to work on /opt/airflow/dags/env/Scripts/normalizer.exe
[2025-03-31T09:09:24.925+0000] {processor.py:914} INFO - Processing file /opt/airflow/dags/env/Scripts/normalizer.exe for tasks to queue
[2025-03-31T09:09:24.929+0000] {logging_mixin.py:190} INFO - [2025-03-31T09:09:24.929+0000] {dagbag.py:588} INFO - Filling up the DagBag from /opt/airflow/dags/env/Scripts/normalizer.exe
[2025-03-31T09:09:24.945+0000] {logging_mixin.py:190} INFO - [2025-03-31T09:09:24.944+0000] {dagbag.py:435} INFO - File /opt/airflow/dags/env/Scripts/normalizer.exe:__main__.py assumed to contain no DAGs. Skipping.
[2025-03-31T09:09:24.947+0000] {processor.py:927} WARNING - No viable dags retrieved from /opt/airflow/dags/env/Scripts/normalizer.exe
[2025-03-31T09:09:24.982+0000] {processor.py:208} INFO - Processing /opt/airflow/dags/env/Scripts/normalizer.exe took 0.070 seconds
[2025-03-31T09:12:21.173+0000] {processor.py:186} INFO - Started process (PID=8690) to work on /opt/airflow/dags/env/Scripts/normalizer.exe
[2025-03-31T09:12:21.175+0000] {processor.py:914} INFO - Processing file /opt/airflow/dags/env/Scripts/normalizer.exe for tasks to queue
[2025-03-31T09:12:21.180+0000] {logging_mixin.py:190} INFO - [2025-03-31T09:12:21.180+0000] {dagbag.py:588} INFO - Filling up the DagBag from /opt/airflow/dags/env/Scripts/normalizer.exe
[2025-03-31T09:12:21.197+0000] {logging_mixin.py:190} INFO - [2025-03-31T09:12:21.197+0000] {dagbag.py:435} INFO - File /opt/airflow/dags/env/Scripts/normalizer.exe:__main__.py assumed to contain no DAGs. Skipping.
[2025-03-31T09:12:21.199+0000] {processor.py:927} WARNING - No viable dags retrieved from /opt/airflow/dags/env/Scripts/normalizer.exe
[2025-03-31T09:12:21.232+0000] {processor.py:208} INFO - Processing /opt/airflow/dags/env/Scripts/normalizer.exe took 0.069 seconds
[2025-03-31T09:12:52.240+0000] {processor.py:186} INFO - Started process (PID=8714) to work on /opt/airflow/dags/env/Scripts/normalizer.exe
[2025-03-31T09:12:52.242+0000] {processor.py:914} INFO - Processing file /opt/airflow/dags/env/Scripts/normalizer.exe for tasks to queue
[2025-03-31T09:12:52.247+0000] {logging_mixin.py:190} INFO - [2025-03-31T09:12:52.247+0000] {dagbag.py:588} INFO - Filling up the DagBag from /opt/airflow/dags/env/Scripts/normalizer.exe
[2025-03-31T09:12:52.264+0000] {logging_mixin.py:190} INFO - [2025-03-31T09:12:52.264+0000] {dagbag.py:435} INFO - File /opt/airflow/dags/env/Scripts/normalizer.exe:__main__.py assumed to contain no DAGs. Skipping.
[2025-03-31T09:12:52.266+0000] {processor.py:927} WARNING - No viable dags retrieved from /opt/airflow/dags/env/Scripts/normalizer.exe
[2025-03-31T09:12:52.298+0000] {processor.py:208} INFO - Processing /opt/airflow/dags/env/Scripts/normalizer.exe took 0.068 seconds
[2025-03-31T09:13:48.207+0000] {processor.py:186} INFO - Started process (PID=8748) to work on /opt/airflow/dags/env/Scripts/normalizer.exe
[2025-03-31T09:13:48.209+0000] {processor.py:914} INFO - Processing file /opt/airflow/dags/env/Scripts/normalizer.exe for tasks to queue
[2025-03-31T09:13:48.215+0000] {logging_mixin.py:190} INFO - [2025-03-31T09:13:48.215+0000] {dagbag.py:588} INFO - Filling up the DagBag from /opt/airflow/dags/env/Scripts/normalizer.exe
[2025-03-31T09:13:48.230+0000] {logging_mixin.py:190} INFO - [2025-03-31T09:13:48.229+0000] {dagbag.py:435} INFO - File /opt/airflow/dags/env/Scripts/normalizer.exe:__main__.py assumed to contain no DAGs. Skipping.
[2025-03-31T09:13:48.231+0000] {processor.py:927} WARNING - No viable dags retrieved from /opt/airflow/dags/env/Scripts/normalizer.exe
[2025-03-31T09:13:48.260+0000] {processor.py:208} INFO - Processing /opt/airflow/dags/env/Scripts/normalizer.exe took 0.066 seconds
[2025-03-31T09:14:18.787+0000] {processor.py:186} INFO - Started process (PID=8772) to work on /opt/airflow/dags/env/Scripts/normalizer.exe
[2025-03-31T09:14:18.789+0000] {processor.py:914} INFO - Processing file /opt/airflow/dags/env/Scripts/normalizer.exe for tasks to queue
[2025-03-31T09:14:18.795+0000] {logging_mixin.py:190} INFO - [2025-03-31T09:14:18.794+0000] {dagbag.py:588} INFO - Filling up the DagBag from /opt/airflow/dags/env/Scripts/normalizer.exe
[2025-03-31T09:14:18.809+0000] {logging_mixin.py:190} INFO - [2025-03-31T09:14:18.808+0000] {dagbag.py:435} INFO - File /opt/airflow/dags/env/Scripts/normalizer.exe:__main__.py assumed to contain no DAGs. Skipping.
[2025-03-31T09:14:18.810+0000] {processor.py:927} WARNING - No viable dags retrieved from /opt/airflow/dags/env/Scripts/normalizer.exe
[2025-03-31T09:14:18.840+0000] {processor.py:208} INFO - Processing /opt/airflow/dags/env/Scripts/normalizer.exe took 0.064 seconds
[2025-03-31T09:17:23.336+0000] {processor.py:186} INFO - Started process (PID=8806) to work on /opt/airflow/dags/env/Scripts/normalizer.exe
[2025-03-31T09:17:23.337+0000] {processor.py:914} INFO - Processing file /opt/airflow/dags/env/Scripts/normalizer.exe for tasks to queue
[2025-03-31T09:17:23.343+0000] {logging_mixin.py:190} INFO - [2025-03-31T09:17:23.342+0000] {dagbag.py:588} INFO - Filling up the DagBag from /opt/airflow/dags/env/Scripts/normalizer.exe
[2025-03-31T09:17:23.357+0000] {logging_mixin.py:190} INFO - [2025-03-31T09:17:23.357+0000] {dagbag.py:435} INFO - File /opt/airflow/dags/env/Scripts/normalizer.exe:__main__.py assumed to contain no DAGs. Skipping.
[2025-03-31T09:17:23.359+0000] {processor.py:927} WARNING - No viable dags retrieved from /opt/airflow/dags/env/Scripts/normalizer.exe
[2025-03-31T09:17:23.397+0000] {processor.py:208} INFO - Processing /opt/airflow/dags/env/Scripts/normalizer.exe took 0.070 seconds
[2025-03-31T09:17:54.320+0000] {processor.py:186} INFO - Started process (PID=8830) to work on /opt/airflow/dags/env/Scripts/normalizer.exe
[2025-03-31T09:17:54.322+0000] {processor.py:914} INFO - Processing file /opt/airflow/dags/env/Scripts/normalizer.exe for tasks to queue
[2025-03-31T09:17:54.327+0000] {logging_mixin.py:190} INFO - [2025-03-31T09:17:54.327+0000] {dagbag.py:588} INFO - Filling up the DagBag from /opt/airflow/dags/env/Scripts/normalizer.exe
[2025-03-31T09:17:54.342+0000] {logging_mixin.py:190} INFO - [2025-03-31T09:17:54.342+0000] {dagbag.py:435} INFO - File /opt/airflow/dags/env/Scripts/normalizer.exe:__main__.py assumed to contain no DAGs. Skipping.
[2025-03-31T09:17:54.344+0000] {processor.py:927} WARNING - No viable dags retrieved from /opt/airflow/dags/env/Scripts/normalizer.exe
[2025-03-31T09:17:54.372+0000] {processor.py:208} INFO - Processing /opt/airflow/dags/env/Scripts/normalizer.exe took 0.064 seconds
[2025-03-31T09:18:47.495+0000] {processor.py:186} INFO - Started process (PID=8863) to work on /opt/airflow/dags/env/Scripts/normalizer.exe
[2025-03-31T09:18:47.496+0000] {processor.py:914} INFO - Processing file /opt/airflow/dags/env/Scripts/normalizer.exe for tasks to queue
[2025-03-31T09:18:47.502+0000] {logging_mixin.py:190} INFO - [2025-03-31T09:18:47.501+0000] {dagbag.py:588} INFO - Filling up the DagBag from /opt/airflow/dags/env/Scripts/normalizer.exe
[2025-03-31T09:18:47.515+0000] {logging_mixin.py:190} INFO - [2025-03-31T09:18:47.515+0000] {dagbag.py:435} INFO - File /opt/airflow/dags/env/Scripts/normalizer.exe:__main__.py assumed to contain no DAGs. Skipping.
[2025-03-31T09:18:47.517+0000] {processor.py:927} WARNING - No viable dags retrieved from /opt/airflow/dags/env/Scripts/normalizer.exe
[2025-03-31T09:18:47.549+0000] {processor.py:208} INFO - Processing /opt/airflow/dags/env/Scripts/normalizer.exe took 0.062 seconds
[2025-03-31T09:19:18.083+0000] {processor.py:186} INFO - Started process (PID=8887) to work on /opt/airflow/dags/env/Scripts/normalizer.exe
[2025-03-31T09:19:18.084+0000] {processor.py:914} INFO - Processing file /opt/airflow/dags/env/Scripts/normalizer.exe for tasks to queue
[2025-03-31T09:19:18.091+0000] {logging_mixin.py:190} INFO - [2025-03-31T09:19:18.090+0000] {dagbag.py:588} INFO - Filling up the DagBag from /opt/airflow/dags/env/Scripts/normalizer.exe
[2025-03-31T09:19:18.109+0000] {logging_mixin.py:190} INFO - [2025-03-31T09:19:18.109+0000] {dagbag.py:435} INFO - File /opt/airflow/dags/env/Scripts/normalizer.exe:__main__.py assumed to contain no DAGs. Skipping.
[2025-03-31T09:19:18.111+0000] {processor.py:927} WARNING - No viable dags retrieved from /opt/airflow/dags/env/Scripts/normalizer.exe
[2025-03-31T09:19:18.146+0000] {processor.py:208} INFO - Processing /opt/airflow/dags/env/Scripts/normalizer.exe took 0.075 seconds
[2025-03-31T09:22:26.302+0000] {processor.py:186} INFO - Started process (PID=8921) to work on /opt/airflow/dags/env/Scripts/normalizer.exe
[2025-03-31T09:22:26.304+0000] {processor.py:914} INFO - Processing file /opt/airflow/dags/env/Scripts/normalizer.exe for tasks to queue
[2025-03-31T09:22:26.310+0000] {logging_mixin.py:190} INFO - [2025-03-31T09:22:26.310+0000] {dagbag.py:588} INFO - Filling up the DagBag from /opt/airflow/dags/env/Scripts/normalizer.exe
[2025-03-31T09:22:26.326+0000] {logging_mixin.py:190} INFO - [2025-03-31T09:22:26.326+0000] {dagbag.py:435} INFO - File /opt/airflow/dags/env/Scripts/normalizer.exe:__main__.py assumed to contain no DAGs. Skipping.
[2025-03-31T09:22:26.328+0000] {processor.py:927} WARNING - No viable dags retrieved from /opt/airflow/dags/env/Scripts/normalizer.exe
[2025-03-31T09:22:26.378+0000] {processor.py:208} INFO - Processing /opt/airflow/dags/env/Scripts/normalizer.exe took 0.090 seconds
[2025-03-31T09:22:57.265+0000] {processor.py:186} INFO - Started process (PID=8945) to work on /opt/airflow/dags/env/Scripts/normalizer.exe
[2025-03-31T09:22:57.267+0000] {processor.py:914} INFO - Processing file /opt/airflow/dags/env/Scripts/normalizer.exe for tasks to queue
[2025-03-31T09:22:57.273+0000] {logging_mixin.py:190} INFO - [2025-03-31T09:22:57.273+0000] {dagbag.py:588} INFO - Filling up the DagBag from /opt/airflow/dags/env/Scripts/normalizer.exe
[2025-03-31T09:22:57.289+0000] {logging_mixin.py:190} INFO - [2025-03-31T09:22:57.288+0000] {dagbag.py:435} INFO - File /opt/airflow/dags/env/Scripts/normalizer.exe:__main__.py assumed to contain no DAGs. Skipping.
[2025-03-31T09:22:57.290+0000] {processor.py:927} WARNING - No viable dags retrieved from /opt/airflow/dags/env/Scripts/normalizer.exe
[2025-03-31T09:22:57.322+0000] {processor.py:208} INFO - Processing /opt/airflow/dags/env/Scripts/normalizer.exe took 0.073 seconds
[2025-03-31T09:23:51.286+0000] {processor.py:186} INFO - Started process (PID=8976) to work on /opt/airflow/dags/env/Scripts/normalizer.exe
[2025-03-31T09:23:51.288+0000] {processor.py:914} INFO - Processing file /opt/airflow/dags/env/Scripts/normalizer.exe for tasks to queue
[2025-03-31T09:23:51.293+0000] {logging_mixin.py:190} INFO - [2025-03-31T09:23:51.293+0000] {dagbag.py:588} INFO - Filling up the DagBag from /opt/airflow/dags/env/Scripts/normalizer.exe
[2025-03-31T09:23:51.309+0000] {logging_mixin.py:190} INFO - [2025-03-31T09:23:51.308+0000] {dagbag.py:435} INFO - File /opt/airflow/dags/env/Scripts/normalizer.exe:__main__.py assumed to contain no DAGs. Skipping.
[2025-03-31T09:23:51.310+0000] {processor.py:927} WARNING - No viable dags retrieved from /opt/airflow/dags/env/Scripts/normalizer.exe
[2025-03-31T09:23:51.339+0000] {processor.py:208} INFO - Processing /opt/airflow/dags/env/Scripts/normalizer.exe took 0.063 seconds
[2025-03-31T09:24:23.216+0000] {processor.py:186} INFO - Started process (PID=9000) to work on /opt/airflow/dags/env/Scripts/normalizer.exe
[2025-03-31T09:24:23.219+0000] {processor.py:914} INFO - Processing file /opt/airflow/dags/env/Scripts/normalizer.exe for tasks to queue
[2025-03-31T09:24:23.237+0000] {logging_mixin.py:190} INFO - [2025-03-31T09:24:23.236+0000] {dagbag.py:588} INFO - Filling up the DagBag from /opt/airflow/dags/env/Scripts/normalizer.exe
[2025-03-31T09:24:23.257+0000] {logging_mixin.py:190} INFO - [2025-03-31T09:24:23.256+0000] {dagbag.py:435} INFO - File /opt/airflow/dags/env/Scripts/normalizer.exe:__main__.py assumed to contain no DAGs. Skipping.
[2025-03-31T09:24:23.258+0000] {processor.py:927} WARNING - No viable dags retrieved from /opt/airflow/dags/env/Scripts/normalizer.exe
[2025-03-31T09:24:23.324+0000] {processor.py:208} INFO - Processing /opt/airflow/dags/env/Scripts/normalizer.exe took 0.133 seconds
[2025-03-31T09:27:27.149+0000] {processor.py:186} INFO - Started process (PID=9032) to work on /opt/airflow/dags/env/Scripts/normalizer.exe
[2025-03-31T09:27:27.150+0000] {processor.py:914} INFO - Processing file /opt/airflow/dags/env/Scripts/normalizer.exe for tasks to queue
[2025-03-31T09:27:27.155+0000] {logging_mixin.py:190} INFO - [2025-03-31T09:27:27.155+0000] {dagbag.py:588} INFO - Filling up the DagBag from /opt/airflow/dags/env/Scripts/normalizer.exe
[2025-03-31T09:27:27.169+0000] {logging_mixin.py:190} INFO - [2025-03-31T09:27:27.168+0000] {dagbag.py:435} INFO - File /opt/airflow/dags/env/Scripts/normalizer.exe:__main__.py assumed to contain no DAGs. Skipping.
[2025-03-31T09:27:27.170+0000] {processor.py:927} WARNING - No viable dags retrieved from /opt/airflow/dags/env/Scripts/normalizer.exe
[2025-03-31T09:27:27.202+0000] {processor.py:208} INFO - Processing /opt/airflow/dags/env/Scripts/normalizer.exe took 0.060 seconds
[2025-03-31T09:27:58.527+0000] {processor.py:186} INFO - Started process (PID=9056) to work on /opt/airflow/dags/env/Scripts/normalizer.exe
[2025-03-31T09:27:58.529+0000] {processor.py:914} INFO - Processing file /opt/airflow/dags/env/Scripts/normalizer.exe for tasks to queue
[2025-03-31T09:27:58.535+0000] {logging_mixin.py:190} INFO - [2025-03-31T09:27:58.534+0000] {dagbag.py:588} INFO - Filling up the DagBag from /opt/airflow/dags/env/Scripts/normalizer.exe
[2025-03-31T09:27:58.560+0000] {logging_mixin.py:190} INFO - [2025-03-31T09:27:58.560+0000] {dagbag.py:435} INFO - File /opt/airflow/dags/env/Scripts/normalizer.exe:__main__.py assumed to contain no DAGs. Skipping.
[2025-03-31T09:27:58.563+0000] {processor.py:927} WARNING - No viable dags retrieved from /opt/airflow/dags/env/Scripts/normalizer.exe
[2025-03-31T09:27:58.601+0000] {processor.py:208} INFO - Processing /opt/airflow/dags/env/Scripts/normalizer.exe took 0.089 seconds
[2025-03-31T09:28:51.393+0000] {processor.py:186} INFO - Started process (PID=9087) to work on /opt/airflow/dags/env/Scripts/normalizer.exe
[2025-03-31T09:28:51.394+0000] {processor.py:914} INFO - Processing file /opt/airflow/dags/env/Scripts/normalizer.exe for tasks to queue
[2025-03-31T09:28:51.400+0000] {logging_mixin.py:190} INFO - [2025-03-31T09:28:51.399+0000] {dagbag.py:588} INFO - Filling up the DagBag from /opt/airflow/dags/env/Scripts/normalizer.exe
[2025-03-31T09:28:51.415+0000] {logging_mixin.py:190} INFO - [2025-03-31T09:28:51.414+0000] {dagbag.py:435} INFO - File /opt/airflow/dags/env/Scripts/normalizer.exe:__main__.py assumed to contain no DAGs. Skipping.
[2025-03-31T09:28:51.416+0000] {processor.py:927} WARNING - No viable dags retrieved from /opt/airflow/dags/env/Scripts/normalizer.exe
[2025-03-31T09:28:51.445+0000] {processor.py:208} INFO - Processing /opt/airflow/dags/env/Scripts/normalizer.exe took 0.064 seconds
[2025-03-31T09:29:21.948+0000] {processor.py:186} INFO - Started process (PID=9111) to work on /opt/airflow/dags/env/Scripts/normalizer.exe
[2025-03-31T09:29:21.950+0000] {processor.py:914} INFO - Processing file /opt/airflow/dags/env/Scripts/normalizer.exe for tasks to queue
[2025-03-31T09:29:21.956+0000] {logging_mixin.py:190} INFO - [2025-03-31T09:29:21.955+0000] {dagbag.py:588} INFO - Filling up the DagBag from /opt/airflow/dags/env/Scripts/normalizer.exe
[2025-03-31T09:29:21.973+0000] {logging_mixin.py:190} INFO - [2025-03-31T09:29:21.972+0000] {dagbag.py:435} INFO - File /opt/airflow/dags/env/Scripts/normalizer.exe:__main__.py assumed to contain no DAGs. Skipping.
[2025-03-31T09:29:21.974+0000] {processor.py:927} WARNING - No viable dags retrieved from /opt/airflow/dags/env/Scripts/normalizer.exe
[2025-03-31T09:29:22.007+0000] {processor.py:208} INFO - Processing /opt/airflow/dags/env/Scripts/normalizer.exe took 0.076 seconds
[2025-03-31T09:32:26.885+0000] {processor.py:186} INFO - Started process (PID=9143) to work on /opt/airflow/dags/env/Scripts/normalizer.exe
[2025-03-31T09:32:26.886+0000] {processor.py:914} INFO - Processing file /opt/airflow/dags/env/Scripts/normalizer.exe for tasks to queue
[2025-03-31T09:32:26.891+0000] {logging_mixin.py:190} INFO - [2025-03-31T09:32:26.891+0000] {dagbag.py:588} INFO - Filling up the DagBag from /opt/airflow/dags/env/Scripts/normalizer.exe
[2025-03-31T09:32:26.904+0000] {logging_mixin.py:190} INFO - [2025-03-31T09:32:26.903+0000] {dagbag.py:435} INFO - File /opt/airflow/dags/env/Scripts/normalizer.exe:__main__.py assumed to contain no DAGs. Skipping.
[2025-03-31T09:32:26.905+0000] {processor.py:927} WARNING - No viable dags retrieved from /opt/airflow/dags/env/Scripts/normalizer.exe
[2025-03-31T09:32:26.935+0000] {processor.py:208} INFO - Processing /opt/airflow/dags/env/Scripts/normalizer.exe took 0.061 seconds
[2025-03-31T09:32:57.992+0000] {processor.py:186} INFO - Started process (PID=9167) to work on /opt/airflow/dags/env/Scripts/normalizer.exe
[2025-03-31T09:32:57.994+0000] {processor.py:914} INFO - Processing file /opt/airflow/dags/env/Scripts/normalizer.exe for tasks to queue
[2025-03-31T09:32:58.000+0000] {logging_mixin.py:190} INFO - [2025-03-31T09:32:57.999+0000] {dagbag.py:588} INFO - Filling up the DagBag from /opt/airflow/dags/env/Scripts/normalizer.exe
[2025-03-31T09:32:58.017+0000] {logging_mixin.py:190} INFO - [2025-03-31T09:32:58.017+0000] {dagbag.py:435} INFO - File /opt/airflow/dags/env/Scripts/normalizer.exe:__main__.py assumed to contain no DAGs. Skipping.
[2025-03-31T09:32:58.019+0000] {processor.py:927} WARNING - No viable dags retrieved from /opt/airflow/dags/env/Scripts/normalizer.exe
[2025-03-31T09:32:58.057+0000] {processor.py:208} INFO - Processing /opt/airflow/dags/env/Scripts/normalizer.exe took 0.079 seconds
[2025-03-31T09:33:51.047+0000] {processor.py:186} INFO - Started process (PID=9199) to work on /opt/airflow/dags/env/Scripts/normalizer.exe
[2025-03-31T09:33:51.049+0000] {processor.py:914} INFO - Processing file /opt/airflow/dags/env/Scripts/normalizer.exe for tasks to queue
[2025-03-31T09:33:51.055+0000] {logging_mixin.py:190} INFO - [2025-03-31T09:33:51.054+0000] {dagbag.py:588} INFO - Filling up the DagBag from /opt/airflow/dags/env/Scripts/normalizer.exe
[2025-03-31T09:33:51.073+0000] {logging_mixin.py:190} INFO - [2025-03-31T09:33:51.073+0000] {dagbag.py:435} INFO - File /opt/airflow/dags/env/Scripts/normalizer.exe:__main__.py assumed to contain no DAGs. Skipping.
[2025-03-31T09:33:51.075+0000] {processor.py:927} WARNING - No viable dags retrieved from /opt/airflow/dags/env/Scripts/normalizer.exe
[2025-03-31T09:33:51.111+0000] {processor.py:208} INFO - Processing /opt/airflow/dags/env/Scripts/normalizer.exe took 0.077 seconds
[2025-03-31T09:34:22.037+0000] {processor.py:186} INFO - Started process (PID=9223) to work on /opt/airflow/dags/env/Scripts/normalizer.exe
[2025-03-31T09:34:22.038+0000] {processor.py:914} INFO - Processing file /opt/airflow/dags/env/Scripts/normalizer.exe for tasks to queue
[2025-03-31T09:34:22.044+0000] {logging_mixin.py:190} INFO - [2025-03-31T09:34:22.043+0000] {dagbag.py:588} INFO - Filling up the DagBag from /opt/airflow/dags/env/Scripts/normalizer.exe
[2025-03-31T09:34:22.060+0000] {logging_mixin.py:190} INFO - [2025-03-31T09:34:22.060+0000] {dagbag.py:435} INFO - File /opt/airflow/dags/env/Scripts/normalizer.exe:__main__.py assumed to contain no DAGs. Skipping.
[2025-03-31T09:34:22.062+0000] {processor.py:927} WARNING - No viable dags retrieved from /opt/airflow/dags/env/Scripts/normalizer.exe
[2025-03-31T09:34:22.104+0000] {processor.py:208} INFO - Processing /opt/airflow/dags/env/Scripts/normalizer.exe took 0.078 seconds
[2025-03-31T09:37:35.305+0000] {processor.py:186} INFO - Started process (PID=9256) to work on /opt/airflow/dags/env/Scripts/normalizer.exe
[2025-03-31T09:37:35.307+0000] {processor.py:914} INFO - Processing file /opt/airflow/dags/env/Scripts/normalizer.exe for tasks to queue
[2025-03-31T09:37:35.314+0000] {logging_mixin.py:190} INFO - [2025-03-31T09:37:35.313+0000] {dagbag.py:588} INFO - Filling up the DagBag from /opt/airflow/dags/env/Scripts/normalizer.exe
[2025-03-31T09:37:35.331+0000] {logging_mixin.py:190} INFO - [2025-03-31T09:37:35.330+0000] {dagbag.py:435} INFO - File /opt/airflow/dags/env/Scripts/normalizer.exe:__main__.py assumed to contain no DAGs. Skipping.
[2025-03-31T09:37:35.333+0000] {processor.py:927} WARNING - No viable dags retrieved from /opt/airflow/dags/env/Scripts/normalizer.exe
[2025-03-31T09:37:35.367+0000] {processor.py:208} INFO - Processing /opt/airflow/dags/env/Scripts/normalizer.exe took 0.075 seconds
[2025-03-31T09:38:06.365+0000] {processor.py:186} INFO - Started process (PID=9280) to work on /opt/airflow/dags/env/Scripts/normalizer.exe
[2025-03-31T09:38:06.367+0000] {processor.py:914} INFO - Processing file /opt/airflow/dags/env/Scripts/normalizer.exe for tasks to queue
[2025-03-31T09:38:06.372+0000] {logging_mixin.py:190} INFO - [2025-03-31T09:38:06.371+0000] {dagbag.py:588} INFO - Filling up the DagBag from /opt/airflow/dags/env/Scripts/normalizer.exe
[2025-03-31T09:38:06.386+0000] {logging_mixin.py:190} INFO - [2025-03-31T09:38:06.386+0000] {dagbag.py:435} INFO - File /opt/airflow/dags/env/Scripts/normalizer.exe:__main__.py assumed to contain no DAGs. Skipping.
[2025-03-31T09:38:06.388+0000] {processor.py:927} WARNING - No viable dags retrieved from /opt/airflow/dags/env/Scripts/normalizer.exe
[2025-03-31T09:38:06.417+0000] {processor.py:208} INFO - Processing /opt/airflow/dags/env/Scripts/normalizer.exe took 0.063 seconds
[2025-03-31T09:38:59.927+0000] {processor.py:186} INFO - Started process (PID=9306) to work on /opt/airflow/dags/env/Scripts/normalizer.exe
[2025-03-31T09:38:59.929+0000] {processor.py:914} INFO - Processing file /opt/airflow/dags/env/Scripts/normalizer.exe for tasks to queue
[2025-03-31T09:38:59.935+0000] {logging_mixin.py:190} INFO - [2025-03-31T09:38:59.935+0000] {dagbag.py:588} INFO - Filling up the DagBag from /opt/airflow/dags/env/Scripts/normalizer.exe
[2025-03-31T09:38:59.953+0000] {logging_mixin.py:190} INFO - [2025-03-31T09:38:59.952+0000] {dagbag.py:435} INFO - File /opt/airflow/dags/env/Scripts/normalizer.exe:__main__.py assumed to contain no DAGs. Skipping.
[2025-03-31T09:38:59.954+0000] {processor.py:927} WARNING - No viable dags retrieved from /opt/airflow/dags/env/Scripts/normalizer.exe
[2025-03-31T09:38:59.987+0000] {processor.py:208} INFO - Processing /opt/airflow/dags/env/Scripts/normalizer.exe took 0.074 seconds
[2025-03-31T09:39:30.573+0000] {processor.py:186} INFO - Started process (PID=9330) to work on /opt/airflow/dags/env/Scripts/normalizer.exe
[2025-03-31T09:39:30.575+0000] {processor.py:914} INFO - Processing file /opt/airflow/dags/env/Scripts/normalizer.exe for tasks to queue
[2025-03-31T09:39:30.581+0000] {logging_mixin.py:190} INFO - [2025-03-31T09:39:30.580+0000] {dagbag.py:588} INFO - Filling up the DagBag from /opt/airflow/dags/env/Scripts/normalizer.exe
[2025-03-31T09:39:30.596+0000] {logging_mixin.py:190} INFO - [2025-03-31T09:39:30.595+0000] {dagbag.py:435} INFO - File /opt/airflow/dags/env/Scripts/normalizer.exe:__main__.py assumed to contain no DAGs. Skipping.
[2025-03-31T09:39:30.598+0000] {processor.py:927} WARNING - No viable dags retrieved from /opt/airflow/dags/env/Scripts/normalizer.exe
[2025-03-31T09:39:30.630+0000] {processor.py:208} INFO - Processing /opt/airflow/dags/env/Scripts/normalizer.exe took 0.065 seconds
[2025-03-31T09:42:35.799+0000] {processor.py:186} INFO - Started process (PID=9357) to work on /opt/airflow/dags/env/Scripts/normalizer.exe
[2025-03-31T09:42:35.801+0000] {processor.py:914} INFO - Processing file /opt/airflow/dags/env/Scripts/normalizer.exe for tasks to queue
[2025-03-31T09:42:35.808+0000] {logging_mixin.py:190} INFO - [2025-03-31T09:42:35.808+0000] {dagbag.py:588} INFO - Filling up the DagBag from /opt/airflow/dags/env/Scripts/normalizer.exe
[2025-03-31T09:42:35.828+0000] {logging_mixin.py:190} INFO - [2025-03-31T09:42:35.828+0000] {dagbag.py:435} INFO - File /opt/airflow/dags/env/Scripts/normalizer.exe:__main__.py assumed to contain no DAGs. Skipping.
[2025-03-31T09:42:35.831+0000] {processor.py:927} WARNING - No viable dags retrieved from /opt/airflow/dags/env/Scripts/normalizer.exe
[2025-03-31T09:42:35.868+0000] {processor.py:208} INFO - Processing /opt/airflow/dags/env/Scripts/normalizer.exe took 0.087 seconds
[2025-03-31T09:43:06.445+0000] {processor.py:186} INFO - Started process (PID=9381) to work on /opt/airflow/dags/env/Scripts/normalizer.exe
[2025-03-31T09:43:06.447+0000] {processor.py:914} INFO - Processing file /opt/airflow/dags/env/Scripts/normalizer.exe for tasks to queue
[2025-03-31T09:43:06.453+0000] {logging_mixin.py:190} INFO - [2025-03-31T09:43:06.452+0000] {dagbag.py:588} INFO - Filling up the DagBag from /opt/airflow/dags/env/Scripts/normalizer.exe
[2025-03-31T09:43:06.467+0000] {logging_mixin.py:190} INFO - [2025-03-31T09:43:06.467+0000] {dagbag.py:435} INFO - File /opt/airflow/dags/env/Scripts/normalizer.exe:__main__.py assumed to contain no DAGs. Skipping.
[2025-03-31T09:43:06.469+0000] {processor.py:927} WARNING - No viable dags retrieved from /opt/airflow/dags/env/Scripts/normalizer.exe
[2025-03-31T09:43:06.501+0000] {processor.py:208} INFO - Processing /opt/airflow/dags/env/Scripts/normalizer.exe took 0.067 seconds
[2025-03-31T09:44:01.981+0000] {processor.py:186} INFO - Started process (PID=9407) to work on /opt/airflow/dags/env/Scripts/normalizer.exe
[2025-03-31T09:44:01.984+0000] {processor.py:914} INFO - Processing file /opt/airflow/dags/env/Scripts/normalizer.exe for tasks to queue
[2025-03-31T09:44:01.992+0000] {logging_mixin.py:190} INFO - [2025-03-31T09:44:01.991+0000] {dagbag.py:588} INFO - Filling up the DagBag from /opt/airflow/dags/env/Scripts/normalizer.exe
[2025-03-31T09:44:02.010+0000] {logging_mixin.py:190} INFO - [2025-03-31T09:44:02.009+0000] {dagbag.py:435} INFO - File /opt/airflow/dags/env/Scripts/normalizer.exe:__main__.py assumed to contain no DAGs. Skipping.
[2025-03-31T09:44:02.011+0000] {processor.py:927} WARNING - No viable dags retrieved from /opt/airflow/dags/env/Scripts/normalizer.exe
[2025-03-31T09:44:02.050+0000] {processor.py:208} INFO - Processing /opt/airflow/dags/env/Scripts/normalizer.exe took 0.092 seconds
[2025-03-31T09:44:32.757+0000] {processor.py:186} INFO - Started process (PID=9431) to work on /opt/airflow/dags/env/Scripts/normalizer.exe
[2025-03-31T09:44:32.759+0000] {processor.py:914} INFO - Processing file /opt/airflow/dags/env/Scripts/normalizer.exe for tasks to queue
[2025-03-31T09:44:32.765+0000] {logging_mixin.py:190} INFO - [2025-03-31T09:44:32.764+0000] {dagbag.py:588} INFO - Filling up the DagBag from /opt/airflow/dags/env/Scripts/normalizer.exe
[2025-03-31T09:44:32.785+0000] {logging_mixin.py:190} INFO - [2025-03-31T09:44:32.783+0000] {dagbag.py:435} INFO - File /opt/airflow/dags/env/Scripts/normalizer.exe:__main__.py assumed to contain no DAGs. Skipping.
[2025-03-31T09:44:32.787+0000] {processor.py:927} WARNING - No viable dags retrieved from /opt/airflow/dags/env/Scripts/normalizer.exe
[2025-03-31T09:44:32.822+0000] {processor.py:208} INFO - Processing /opt/airflow/dags/env/Scripts/normalizer.exe took 0.073 seconds
[2025-03-31T09:47:34.791+0000] {processor.py:186} INFO - Started process (PID=9457) to work on /opt/airflow/dags/env/Scripts/normalizer.exe
[2025-03-31T09:47:34.793+0000] {processor.py:914} INFO - Processing file /opt/airflow/dags/env/Scripts/normalizer.exe for tasks to queue
[2025-03-31T09:47:34.798+0000] {logging_mixin.py:190} INFO - [2025-03-31T09:47:34.797+0000] {dagbag.py:588} INFO - Filling up the DagBag from /opt/airflow/dags/env/Scripts/normalizer.exe
[2025-03-31T09:47:34.816+0000] {logging_mixin.py:190} INFO - [2025-03-31T09:47:34.816+0000] {dagbag.py:435} INFO - File /opt/airflow/dags/env/Scripts/normalizer.exe:__main__.py assumed to contain no DAGs. Skipping.
[2025-03-31T09:47:34.818+0000] {processor.py:927} WARNING - No viable dags retrieved from /opt/airflow/dags/env/Scripts/normalizer.exe
[2025-03-31T09:47:34.855+0000] {processor.py:208} INFO - Processing /opt/airflow/dags/env/Scripts/normalizer.exe took 0.077 seconds
[2025-03-31T09:48:05.957+0000] {processor.py:186} INFO - Started process (PID=9481) to work on /opt/airflow/dags/env/Scripts/normalizer.exe
[2025-03-31T09:48:05.959+0000] {processor.py:914} INFO - Processing file /opt/airflow/dags/env/Scripts/normalizer.exe for tasks to queue
[2025-03-31T09:48:05.965+0000] {logging_mixin.py:190} INFO - [2025-03-31T09:48:05.964+0000] {dagbag.py:588} INFO - Filling up the DagBag from /opt/airflow/dags/env/Scripts/normalizer.exe
[2025-03-31T09:48:05.987+0000] {logging_mixin.py:190} INFO - [2025-03-31T09:48:05.986+0000] {dagbag.py:435} INFO - File /opt/airflow/dags/env/Scripts/normalizer.exe:__main__.py assumed to contain no DAGs. Skipping.
[2025-03-31T09:48:05.989+0000] {processor.py:927} WARNING - No viable dags retrieved from /opt/airflow/dags/env/Scripts/normalizer.exe
[2025-03-31T09:48:06.035+0000] {processor.py:208} INFO - Processing /opt/airflow/dags/env/Scripts/normalizer.exe took 0.090 seconds
[2025-03-31T09:48:54.176+0000] {processor.py:186} INFO - Started process (PID=9509) to work on /opt/airflow/dags/env/Scripts/normalizer.exe
[2025-03-31T09:48:54.178+0000] {processor.py:914} INFO - Processing file /opt/airflow/dags/env/Scripts/normalizer.exe for tasks to queue
[2025-03-31T09:48:54.183+0000] {logging_mixin.py:190} INFO - [2025-03-31T09:48:54.182+0000] {dagbag.py:588} INFO - Filling up the DagBag from /opt/airflow/dags/env/Scripts/normalizer.exe
[2025-03-31T09:48:54.199+0000] {logging_mixin.py:190} INFO - [2025-03-31T09:48:54.198+0000] {dagbag.py:435} INFO - File /opt/airflow/dags/env/Scripts/normalizer.exe:__main__.py assumed to contain no DAGs. Skipping.
[2025-03-31T09:48:54.200+0000] {processor.py:927} WARNING - No viable dags retrieved from /opt/airflow/dags/env/Scripts/normalizer.exe
[2025-03-31T09:48:54.242+0000] {processor.py:208} INFO - Processing /opt/airflow/dags/env/Scripts/normalizer.exe took 0.076 seconds
[2025-03-31T09:49:25.020+0000] {processor.py:186} INFO - Started process (PID=9533) to work on /opt/airflow/dags/env/Scripts/normalizer.exe
[2025-03-31T09:49:25.021+0000] {processor.py:914} INFO - Processing file /opt/airflow/dags/env/Scripts/normalizer.exe for tasks to queue
[2025-03-31T09:49:25.027+0000] {logging_mixin.py:190} INFO - [2025-03-31T09:49:25.026+0000] {dagbag.py:588} INFO - Filling up the DagBag from /opt/airflow/dags/env/Scripts/normalizer.exe
[2025-03-31T09:49:25.041+0000] {logging_mixin.py:190} INFO - [2025-03-31T09:49:25.040+0000] {dagbag.py:435} INFO - File /opt/airflow/dags/env/Scripts/normalizer.exe:__main__.py assumed to contain no DAGs. Skipping.
[2025-03-31T09:49:25.042+0000] {processor.py:927} WARNING - No viable dags retrieved from /opt/airflow/dags/env/Scripts/normalizer.exe
[2025-03-31T09:49:25.071+0000] {processor.py:208} INFO - Processing /opt/airflow/dags/env/Scripts/normalizer.exe took 0.062 seconds
[2025-03-31T09:52:26.766+0000] {processor.py:186} INFO - Started process (PID=9565) to work on /opt/airflow/dags/env/Scripts/normalizer.exe
[2025-03-31T09:52:26.768+0000] {processor.py:914} INFO - Processing file /opt/airflow/dags/env/Scripts/normalizer.exe for tasks to queue
[2025-03-31T09:52:26.775+0000] {logging_mixin.py:190} INFO - [2025-03-31T09:52:26.774+0000] {dagbag.py:588} INFO - Filling up the DagBag from /opt/airflow/dags/env/Scripts/normalizer.exe
[2025-03-31T09:52:26.794+0000] {logging_mixin.py:190} INFO - [2025-03-31T09:52:26.793+0000] {dagbag.py:435} INFO - File /opt/airflow/dags/env/Scripts/normalizer.exe:__main__.py assumed to contain no DAGs. Skipping.
[2025-03-31T09:52:26.796+0000] {processor.py:927} WARNING - No viable dags retrieved from /opt/airflow/dags/env/Scripts/normalizer.exe
[2025-03-31T09:52:26.826+0000] {processor.py:208} INFO - Processing /opt/airflow/dags/env/Scripts/normalizer.exe took 0.078 seconds
[2025-03-31T09:52:57.428+0000] {processor.py:186} INFO - Started process (PID=9589) to work on /opt/airflow/dags/env/Scripts/normalizer.exe
[2025-03-31T09:52:57.429+0000] {processor.py:914} INFO - Processing file /opt/airflow/dags/env/Scripts/normalizer.exe for tasks to queue
[2025-03-31T09:52:57.435+0000] {logging_mixin.py:190} INFO - [2025-03-31T09:52:57.434+0000] {dagbag.py:588} INFO - Filling up the DagBag from /opt/airflow/dags/env/Scripts/normalizer.exe
[2025-03-31T09:52:57.450+0000] {logging_mixin.py:190} INFO - [2025-03-31T09:52:57.450+0000] {dagbag.py:435} INFO - File /opt/airflow/dags/env/Scripts/normalizer.exe:__main__.py assumed to contain no DAGs. Skipping.
[2025-03-31T09:52:57.452+0000] {processor.py:927} WARNING - No viable dags retrieved from /opt/airflow/dags/env/Scripts/normalizer.exe
[2025-03-31T09:52:57.481+0000] {processor.py:208} INFO - Processing /opt/airflow/dags/env/Scripts/normalizer.exe took 0.063 seconds
[2025-03-31T09:53:52.066+0000] {processor.py:186} INFO - Started process (PID=9624) to work on /opt/airflow/dags/env/Scripts/normalizer.exe
[2025-03-31T09:53:52.067+0000] {processor.py:914} INFO - Processing file /opt/airflow/dags/env/Scripts/normalizer.exe for tasks to queue
[2025-03-31T09:53:52.073+0000] {logging_mixin.py:190} INFO - [2025-03-31T09:53:52.072+0000] {dagbag.py:588} INFO - Filling up the DagBag from /opt/airflow/dags/env/Scripts/normalizer.exe
[2025-03-31T09:53:52.088+0000] {logging_mixin.py:190} INFO - [2025-03-31T09:53:52.088+0000] {dagbag.py:435} INFO - File /opt/airflow/dags/env/Scripts/normalizer.exe:__main__.py assumed to contain no DAGs. Skipping.
[2025-03-31T09:53:52.090+0000] {processor.py:927} WARNING - No viable dags retrieved from /opt/airflow/dags/env/Scripts/normalizer.exe
[2025-03-31T09:53:52.120+0000] {processor.py:208} INFO - Processing /opt/airflow/dags/env/Scripts/normalizer.exe took 0.064 seconds
[2025-03-31T09:54:22.838+0000] {processor.py:186} INFO - Started process (PID=9648) to work on /opt/airflow/dags/env/Scripts/normalizer.exe
[2025-03-31T09:54:22.840+0000] {processor.py:914} INFO - Processing file /opt/airflow/dags/env/Scripts/normalizer.exe for tasks to queue
[2025-03-31T09:54:22.846+0000] {logging_mixin.py:190} INFO - [2025-03-31T09:54:22.845+0000] {dagbag.py:588} INFO - Filling up the DagBag from /opt/airflow/dags/env/Scripts/normalizer.exe
[2025-03-31T09:54:22.863+0000] {logging_mixin.py:190} INFO - [2025-03-31T09:54:22.862+0000] {dagbag.py:435} INFO - File /opt/airflow/dags/env/Scripts/normalizer.exe:__main__.py assumed to contain no DAGs. Skipping.
[2025-03-31T09:54:22.864+0000] {processor.py:927} WARNING - No viable dags retrieved from /opt/airflow/dags/env/Scripts/normalizer.exe
[2025-03-31T09:54:22.893+0000] {processor.py:208} INFO - Processing /opt/airflow/dags/env/Scripts/normalizer.exe took 0.065 seconds
[2025-03-31T09:57:29.737+0000] {processor.py:186} INFO - Started process (PID=9683) to work on /opt/airflow/dags/env/Scripts/normalizer.exe
[2025-03-31T09:57:29.739+0000] {processor.py:914} INFO - Processing file /opt/airflow/dags/env/Scripts/normalizer.exe for tasks to queue
[2025-03-31T09:57:29.744+0000] {logging_mixin.py:190} INFO - [2025-03-31T09:57:29.743+0000] {dagbag.py:588} INFO - Filling up the DagBag from /opt/airflow/dags/env/Scripts/normalizer.exe
[2025-03-31T09:57:29.758+0000] {logging_mixin.py:190} INFO - [2025-03-31T09:57:29.757+0000] {dagbag.py:435} INFO - File /opt/airflow/dags/env/Scripts/normalizer.exe:__main__.py assumed to contain no DAGs. Skipping.
[2025-03-31T09:57:29.759+0000] {processor.py:927} WARNING - No viable dags retrieved from /opt/airflow/dags/env/Scripts/normalizer.exe
[2025-03-31T09:57:29.788+0000] {processor.py:208} INFO - Processing /opt/airflow/dags/env/Scripts/normalizer.exe took 0.062 seconds
[2025-03-31T09:58:01.186+0000] {processor.py:186} INFO - Started process (PID=9707) to work on /opt/airflow/dags/env/Scripts/normalizer.exe
[2025-03-31T09:58:01.188+0000] {processor.py:914} INFO - Processing file /opt/airflow/dags/env/Scripts/normalizer.exe for tasks to queue
[2025-03-31T09:58:01.194+0000] {logging_mixin.py:190} INFO - [2025-03-31T09:58:01.193+0000] {dagbag.py:588} INFO - Filling up the DagBag from /opt/airflow/dags/env/Scripts/normalizer.exe
[2025-03-31T09:58:01.212+0000] {logging_mixin.py:190} INFO - [2025-03-31T09:58:01.212+0000] {dagbag.py:435} INFO - File /opt/airflow/dags/env/Scripts/normalizer.exe:__main__.py assumed to contain no DAGs. Skipping.
[2025-03-31T09:58:01.214+0000] {processor.py:927} WARNING - No viable dags retrieved from /opt/airflow/dags/env/Scripts/normalizer.exe
[2025-03-31T09:58:01.247+0000] {processor.py:208} INFO - Processing /opt/airflow/dags/env/Scripts/normalizer.exe took 0.073 seconds
[2025-03-31T09:58:52.092+0000] {processor.py:186} INFO - Started process (PID=9740) to work on /opt/airflow/dags/env/Scripts/normalizer.exe
[2025-03-31T09:58:52.093+0000] {processor.py:914} INFO - Processing file /opt/airflow/dags/env/Scripts/normalizer.exe for tasks to queue
[2025-03-31T09:58:52.101+0000] {logging_mixin.py:190} INFO - [2025-03-31T09:58:52.100+0000] {dagbag.py:588} INFO - Filling up the DagBag from /opt/airflow/dags/env/Scripts/normalizer.exe
[2025-03-31T09:58:52.119+0000] {logging_mixin.py:190} INFO - [2025-03-31T09:58:52.118+0000] {dagbag.py:435} INFO - File /opt/airflow/dags/env/Scripts/normalizer.exe:__main__.py assumed to contain no DAGs. Skipping.
[2025-03-31T09:58:52.121+0000] {processor.py:927} WARNING - No viable dags retrieved from /opt/airflow/dags/env/Scripts/normalizer.exe
[2025-03-31T09:58:52.155+0000] {processor.py:208} INFO - Processing /opt/airflow/dags/env/Scripts/normalizer.exe took 0.071 seconds
[2025-03-31T09:59:22.842+0000] {processor.py:186} INFO - Started process (PID=9764) to work on /opt/airflow/dags/env/Scripts/normalizer.exe
[2025-03-31T09:59:22.844+0000] {processor.py:914} INFO - Processing file /opt/airflow/dags/env/Scripts/normalizer.exe for tasks to queue
[2025-03-31T09:59:22.853+0000] {logging_mixin.py:190} INFO - [2025-03-31T09:59:22.852+0000] {dagbag.py:588} INFO - Filling up the DagBag from /opt/airflow/dags/env/Scripts/normalizer.exe
[2025-03-31T09:59:22.871+0000] {logging_mixin.py:190} INFO - [2025-03-31T09:59:22.871+0000] {dagbag.py:435} INFO - File /opt/airflow/dags/env/Scripts/normalizer.exe:__main__.py assumed to contain no DAGs. Skipping.
[2025-03-31T09:59:22.873+0000] {processor.py:927} WARNING - No viable dags retrieved from /opt/airflow/dags/env/Scripts/normalizer.exe
[2025-03-31T09:59:22.911+0000] {processor.py:208} INFO - Processing /opt/airflow/dags/env/Scripts/normalizer.exe took 0.078 seconds
[2025-03-31T10:02:30.966+0000] {processor.py:186} INFO - Started process (PID=9799) to work on /opt/airflow/dags/env/Scripts/normalizer.exe
[2025-03-31T10:02:30.968+0000] {processor.py:914} INFO - Processing file /opt/airflow/dags/env/Scripts/normalizer.exe for tasks to queue
[2025-03-31T10:02:30.975+0000] {logging_mixin.py:190} INFO - [2025-03-31T10:02:30.974+0000] {dagbag.py:588} INFO - Filling up the DagBag from /opt/airflow/dags/env/Scripts/normalizer.exe
[2025-03-31T10:02:30.993+0000] {logging_mixin.py:190} INFO - [2025-03-31T10:02:30.992+0000] {dagbag.py:435} INFO - File /opt/airflow/dags/env/Scripts/normalizer.exe:__main__.py assumed to contain no DAGs. Skipping.
[2025-03-31T10:02:30.994+0000] {processor.py:927} WARNING - No viable dags retrieved from /opt/airflow/dags/env/Scripts/normalizer.exe
[2025-03-31T10:02:31.036+0000] {processor.py:208} INFO - Processing /opt/airflow/dags/env/Scripts/normalizer.exe took 0.081 seconds
[2025-03-31T10:03:01.894+0000] {processor.py:186} INFO - Started process (PID=9823) to work on /opt/airflow/dags/env/Scripts/normalizer.exe
[2025-03-31T10:03:01.896+0000] {processor.py:914} INFO - Processing file /opt/airflow/dags/env/Scripts/normalizer.exe for tasks to queue
[2025-03-31T10:03:01.902+0000] {logging_mixin.py:190} INFO - [2025-03-31T10:03:01.901+0000] {dagbag.py:588} INFO - Filling up the DagBag from /opt/airflow/dags/env/Scripts/normalizer.exe
[2025-03-31T10:03:01.915+0000] {logging_mixin.py:190} INFO - [2025-03-31T10:03:01.915+0000] {dagbag.py:435} INFO - File /opt/airflow/dags/env/Scripts/normalizer.exe:__main__.py assumed to contain no DAGs. Skipping.
[2025-03-31T10:03:01.917+0000] {processor.py:927} WARNING - No viable dags retrieved from /opt/airflow/dags/env/Scripts/normalizer.exe
[2025-03-31T10:03:01.947+0000] {processor.py:208} INFO - Processing /opt/airflow/dags/env/Scripts/normalizer.exe took 0.062 seconds
[2025-03-31T10:03:53.471+0000] {processor.py:186} INFO - Started process (PID=9856) to work on /opt/airflow/dags/env/Scripts/normalizer.exe
[2025-03-31T10:03:53.472+0000] {processor.py:914} INFO - Processing file /opt/airflow/dags/env/Scripts/normalizer.exe for tasks to queue
[2025-03-31T10:03:53.478+0000] {logging_mixin.py:190} INFO - [2025-03-31T10:03:53.477+0000] {dagbag.py:588} INFO - Filling up the DagBag from /opt/airflow/dags/env/Scripts/normalizer.exe
[2025-03-31T10:03:53.492+0000] {logging_mixin.py:190} INFO - [2025-03-31T10:03:53.491+0000] {dagbag.py:435} INFO - File /opt/airflow/dags/env/Scripts/normalizer.exe:__main__.py assumed to contain no DAGs. Skipping.
[2025-03-31T10:03:53.493+0000] {processor.py:927} WARNING - No viable dags retrieved from /opt/airflow/dags/env/Scripts/normalizer.exe
[2025-03-31T10:03:53.522+0000] {processor.py:208} INFO - Processing /opt/airflow/dags/env/Scripts/normalizer.exe took 0.062 seconds
[2025-03-31T10:04:24.992+0000] {processor.py:186} INFO - Started process (PID=9880) to work on /opt/airflow/dags/env/Scripts/normalizer.exe
[2025-03-31T10:04:24.994+0000] {processor.py:914} INFO - Processing file /opt/airflow/dags/env/Scripts/normalizer.exe for tasks to queue
[2025-03-31T10:04:25.002+0000] {logging_mixin.py:190} INFO - [2025-03-31T10:04:25.000+0000] {dagbag.py:588} INFO - Filling up the DagBag from /opt/airflow/dags/env/Scripts/normalizer.exe
[2025-03-31T10:04:25.028+0000] {logging_mixin.py:190} INFO - [2025-03-31T10:04:25.027+0000] {dagbag.py:435} INFO - File /opt/airflow/dags/env/Scripts/normalizer.exe:__main__.py assumed to contain no DAGs. Skipping.
[2025-03-31T10:04:25.038+0000] {processor.py:927} WARNING - No viable dags retrieved from /opt/airflow/dags/env/Scripts/normalizer.exe
[2025-03-31T10:04:25.128+0000] {processor.py:208} INFO - Processing /opt/airflow/dags/env/Scripts/normalizer.exe took 0.162 seconds
[2025-03-31T10:07:36.631+0000] {processor.py:186} INFO - Started process (PID=9914) to work on /opt/airflow/dags/env/Scripts/normalizer.exe
[2025-03-31T10:07:36.634+0000] {processor.py:914} INFO - Processing file /opt/airflow/dags/env/Scripts/normalizer.exe for tasks to queue
[2025-03-31T10:07:36.640+0000] {logging_mixin.py:190} INFO - [2025-03-31T10:07:36.639+0000] {dagbag.py:588} INFO - Filling up the DagBag from /opt/airflow/dags/env/Scripts/normalizer.exe
[2025-03-31T10:07:36.657+0000] {logging_mixin.py:190} INFO - [2025-03-31T10:07:36.656+0000] {dagbag.py:435} INFO - File /opt/airflow/dags/env/Scripts/normalizer.exe:__main__.py assumed to contain no DAGs. Skipping.
[2025-03-31T10:07:36.658+0000] {processor.py:927} WARNING - No viable dags retrieved from /opt/airflow/dags/env/Scripts/normalizer.exe
[2025-03-31T10:07:36.693+0000] {processor.py:208} INFO - Processing /opt/airflow/dags/env/Scripts/normalizer.exe took 0.075 seconds
[2025-03-31T10:08:07.422+0000] {processor.py:186} INFO - Started process (PID=9938) to work on /opt/airflow/dags/env/Scripts/normalizer.exe
[2025-03-31T10:08:07.424+0000] {processor.py:914} INFO - Processing file /opt/airflow/dags/env/Scripts/normalizer.exe for tasks to queue
[2025-03-31T10:08:07.429+0000] {logging_mixin.py:190} INFO - [2025-03-31T10:08:07.429+0000] {dagbag.py:588} INFO - Filling up the DagBag from /opt/airflow/dags/env/Scripts/normalizer.exe
[2025-03-31T10:08:07.444+0000] {logging_mixin.py:190} INFO - [2025-03-31T10:08:07.444+0000] {dagbag.py:435} INFO - File /opt/airflow/dags/env/Scripts/normalizer.exe:__main__.py assumed to contain no DAGs. Skipping.
[2025-03-31T10:08:07.445+0000] {processor.py:927} WARNING - No viable dags retrieved from /opt/airflow/dags/env/Scripts/normalizer.exe
[2025-03-31T10:08:07.475+0000] {processor.py:208} INFO - Processing /opt/airflow/dags/env/Scripts/normalizer.exe took 0.064 seconds
[2025-03-31T10:08:55.026+0000] {processor.py:186} INFO - Started process (PID=9967) to work on /opt/airflow/dags/env/Scripts/normalizer.exe
[2025-03-31T10:08:55.028+0000] {processor.py:914} INFO - Processing file /opt/airflow/dags/env/Scripts/normalizer.exe for tasks to queue
[2025-03-31T10:08:55.034+0000] {logging_mixin.py:190} INFO - [2025-03-31T10:08:55.033+0000] {dagbag.py:588} INFO - Filling up the DagBag from /opt/airflow/dags/env/Scripts/normalizer.exe
[2025-03-31T10:08:55.047+0000] {logging_mixin.py:190} INFO - [2025-03-31T10:08:55.047+0000] {dagbag.py:435} INFO - File /opt/airflow/dags/env/Scripts/normalizer.exe:__main__.py assumed to contain no DAGs. Skipping.
[2025-03-31T10:08:55.049+0000] {processor.py:927} WARNING - No viable dags retrieved from /opt/airflow/dags/env/Scripts/normalizer.exe
[2025-03-31T10:08:55.078+0000] {processor.py:208} INFO - Processing /opt/airflow/dags/env/Scripts/normalizer.exe took 0.062 seconds
[2025-03-31T10:09:26.677+0000] {processor.py:186} INFO - Started process (PID=9991) to work on /opt/airflow/dags/env/Scripts/normalizer.exe
[2025-03-31T10:09:26.684+0000] {processor.py:914} INFO - Processing file /opt/airflow/dags/env/Scripts/normalizer.exe for tasks to queue
[2025-03-31T10:09:26.692+0000] {logging_mixin.py:190} INFO - [2025-03-31T10:09:26.691+0000] {dagbag.py:588} INFO - Filling up the DagBag from /opt/airflow/dags/env/Scripts/normalizer.exe
[2025-03-31T10:09:26.722+0000] {logging_mixin.py:190} INFO - [2025-03-31T10:09:26.721+0000] {dagbag.py:435} INFO - File /opt/airflow/dags/env/Scripts/normalizer.exe:__main__.py assumed to contain no DAGs. Skipping.
[2025-03-31T10:09:26.724+0000] {processor.py:927} WARNING - No viable dags retrieved from /opt/airflow/dags/env/Scripts/normalizer.exe
[2025-03-31T10:09:26.778+0000] {processor.py:208} INFO - Processing /opt/airflow/dags/env/Scripts/normalizer.exe took 0.123 seconds
[2025-03-31T10:12:30.480+0000] {processor.py:186} INFO - Started process (PID=10025) to work on /opt/airflow/dags/env/Scripts/normalizer.exe
[2025-03-31T10:12:30.481+0000] {processor.py:914} INFO - Processing file /opt/airflow/dags/env/Scripts/normalizer.exe for tasks to queue
[2025-03-31T10:12:30.486+0000] {logging_mixin.py:190} INFO - [2025-03-31T10:12:30.486+0000] {dagbag.py:588} INFO - Filling up the DagBag from /opt/airflow/dags/env/Scripts/normalizer.exe
[2025-03-31T10:12:30.500+0000] {logging_mixin.py:190} INFO - [2025-03-31T10:12:30.499+0000] {dagbag.py:435} INFO - File /opt/airflow/dags/env/Scripts/normalizer.exe:__main__.py assumed to contain no DAGs. Skipping.
[2025-03-31T10:12:30.502+0000] {processor.py:927} WARNING - No viable dags retrieved from /opt/airflow/dags/env/Scripts/normalizer.exe
[2025-03-31T10:12:30.532+0000] {processor.py:208} INFO - Processing /opt/airflow/dags/env/Scripts/normalizer.exe took 0.063 seconds
[2025-03-31T10:13:01.067+0000] {processor.py:186} INFO - Started process (PID=10049) to work on /opt/airflow/dags/env/Scripts/normalizer.exe
[2025-03-31T10:13:01.069+0000] {processor.py:914} INFO - Processing file /opt/airflow/dags/env/Scripts/normalizer.exe for tasks to queue
[2025-03-31T10:13:01.074+0000] {logging_mixin.py:190} INFO - [2025-03-31T10:13:01.074+0000] {dagbag.py:588} INFO - Filling up the DagBag from /opt/airflow/dags/env/Scripts/normalizer.exe
[2025-03-31T10:13:01.089+0000] {logging_mixin.py:190} INFO - [2025-03-31T10:13:01.088+0000] {dagbag.py:435} INFO - File /opt/airflow/dags/env/Scripts/normalizer.exe:__main__.py assumed to contain no DAGs. Skipping.
[2025-03-31T10:13:01.090+0000] {processor.py:927} WARNING - No viable dags retrieved from /opt/airflow/dags/env/Scripts/normalizer.exe
[2025-03-31T10:13:01.120+0000] {processor.py:208} INFO - Processing /opt/airflow/dags/env/Scripts/normalizer.exe took 0.069 seconds
[2025-03-31T10:13:55.104+0000] {processor.py:186} INFO - Started process (PID=10084) to work on /opt/airflow/dags/env/Scripts/normalizer.exe
[2025-03-31T10:13:55.105+0000] {processor.py:914} INFO - Processing file /opt/airflow/dags/env/Scripts/normalizer.exe for tasks to queue
[2025-03-31T10:13:55.111+0000] {logging_mixin.py:190} INFO - [2025-03-31T10:13:55.110+0000] {dagbag.py:588} INFO - Filling up the DagBag from /opt/airflow/dags/env/Scripts/normalizer.exe
[2025-03-31T10:13:55.126+0000] {logging_mixin.py:190} INFO - [2025-03-31T10:13:55.126+0000] {dagbag.py:435} INFO - File /opt/airflow/dags/env/Scripts/normalizer.exe:__main__.py assumed to contain no DAGs. Skipping.
[2025-03-31T10:13:55.128+0000] {processor.py:927} WARNING - No viable dags retrieved from /opt/airflow/dags/env/Scripts/normalizer.exe
[2025-03-31T10:13:55.162+0000] {processor.py:208} INFO - Processing /opt/airflow/dags/env/Scripts/normalizer.exe took 0.067 seconds
[2025-03-31T10:14:26.606+0000] {processor.py:186} INFO - Started process (PID=10108) to work on /opt/airflow/dags/env/Scripts/normalizer.exe
[2025-03-31T10:14:26.608+0000] {processor.py:914} INFO - Processing file /opt/airflow/dags/env/Scripts/normalizer.exe for tasks to queue
[2025-03-31T10:14:26.615+0000] {logging_mixin.py:190} INFO - [2025-03-31T10:14:26.614+0000] {dagbag.py:588} INFO - Filling up the DagBag from /opt/airflow/dags/env/Scripts/normalizer.exe
[2025-03-31T10:14:26.634+0000] {logging_mixin.py:190} INFO - [2025-03-31T10:14:26.633+0000] {dagbag.py:435} INFO - File /opt/airflow/dags/env/Scripts/normalizer.exe:__main__.py assumed to contain no DAGs. Skipping.
[2025-03-31T10:14:26.635+0000] {processor.py:927} WARNING - No viable dags retrieved from /opt/airflow/dags/env/Scripts/normalizer.exe
[2025-03-31T10:14:26.669+0000] {processor.py:208} INFO - Processing /opt/airflow/dags/env/Scripts/normalizer.exe took 0.075 seconds
[2025-03-31T10:17:37.449+0000] {processor.py:186} INFO - Started process (PID=10142) to work on /opt/airflow/dags/env/Scripts/normalizer.exe
[2025-03-31T10:17:37.451+0000] {processor.py:914} INFO - Processing file /opt/airflow/dags/env/Scripts/normalizer.exe for tasks to queue
[2025-03-31T10:17:37.458+0000] {logging_mixin.py:190} INFO - [2025-03-31T10:17:37.457+0000] {dagbag.py:588} INFO - Filling up the DagBag from /opt/airflow/dags/env/Scripts/normalizer.exe
[2025-03-31T10:17:37.473+0000] {logging_mixin.py:190} INFO - [2025-03-31T10:17:37.473+0000] {dagbag.py:435} INFO - File /opt/airflow/dags/env/Scripts/normalizer.exe:__main__.py assumed to contain no DAGs. Skipping.
[2025-03-31T10:17:37.475+0000] {processor.py:927} WARNING - No viable dags retrieved from /opt/airflow/dags/env/Scripts/normalizer.exe
[2025-03-31T10:17:37.510+0000] {processor.py:208} INFO - Processing /opt/airflow/dags/env/Scripts/normalizer.exe took 0.071 seconds
[2025-03-31T10:18:08.421+0000] {processor.py:186} INFO - Started process (PID=10166) to work on /opt/airflow/dags/env/Scripts/normalizer.exe
[2025-03-31T10:18:08.423+0000] {processor.py:914} INFO - Processing file /opt/airflow/dags/env/Scripts/normalizer.exe for tasks to queue
[2025-03-31T10:18:08.432+0000] {logging_mixin.py:190} INFO - [2025-03-31T10:18:08.431+0000] {dagbag.py:588} INFO - Filling up the DagBag from /opt/airflow/dags/env/Scripts/normalizer.exe
[2025-03-31T10:18:08.451+0000] {logging_mixin.py:190} INFO - [2025-03-31T10:18:08.451+0000] {dagbag.py:435} INFO - File /opt/airflow/dags/env/Scripts/normalizer.exe:__main__.py assumed to contain no DAGs. Skipping.
[2025-03-31T10:18:08.453+0000] {processor.py:927} WARNING - No viable dags retrieved from /opt/airflow/dags/env/Scripts/normalizer.exe
[2025-03-31T10:18:08.487+0000] {processor.py:208} INFO - Processing /opt/airflow/dags/env/Scripts/normalizer.exe took 0.082 seconds
[2025-03-31T10:18:57.499+0000] {processor.py:186} INFO - Started process (PID=10195) to work on /opt/airflow/dags/env/Scripts/normalizer.exe
[2025-03-31T10:18:57.500+0000] {processor.py:914} INFO - Processing file /opt/airflow/dags/env/Scripts/normalizer.exe for tasks to queue
[2025-03-31T10:18:57.507+0000] {logging_mixin.py:190} INFO - [2025-03-31T10:18:57.506+0000] {dagbag.py:588} INFO - Filling up the DagBag from /opt/airflow/dags/env/Scripts/normalizer.exe
[2025-03-31T10:18:57.521+0000] {logging_mixin.py:190} INFO - [2025-03-31T10:18:57.521+0000] {dagbag.py:435} INFO - File /opt/airflow/dags/env/Scripts/normalizer.exe:__main__.py assumed to contain no DAGs. Skipping.
[2025-03-31T10:18:57.522+0000] {processor.py:927} WARNING - No viable dags retrieved from /opt/airflow/dags/env/Scripts/normalizer.exe
[2025-03-31T10:18:57.554+0000] {processor.py:208} INFO - Processing /opt/airflow/dags/env/Scripts/normalizer.exe took 0.063 seconds
[2025-03-31T10:19:28.212+0000] {processor.py:186} INFO - Started process (PID=10219) to work on /opt/airflow/dags/env/Scripts/normalizer.exe
[2025-03-31T10:19:28.214+0000] {processor.py:914} INFO - Processing file /opt/airflow/dags/env/Scripts/normalizer.exe for tasks to queue
[2025-03-31T10:19:28.219+0000] {logging_mixin.py:190} INFO - [2025-03-31T10:19:28.219+0000] {dagbag.py:588} INFO - Filling up the DagBag from /opt/airflow/dags/env/Scripts/normalizer.exe
[2025-03-31T10:19:28.234+0000] {logging_mixin.py:190} INFO - [2025-03-31T10:19:28.233+0000] {dagbag.py:435} INFO - File /opt/airflow/dags/env/Scripts/normalizer.exe:__main__.py assumed to contain no DAGs. Skipping.
[2025-03-31T10:19:28.235+0000] {processor.py:927} WARNING - No viable dags retrieved from /opt/airflow/dags/env/Scripts/normalizer.exe
[2025-03-31T10:19:28.264+0000] {processor.py:208} INFO - Processing /opt/airflow/dags/env/Scripts/normalizer.exe took 0.063 seconds
[2025-03-31T10:43:25.991+0000] {processor.py:186} INFO - Started process (PID=10254) to work on /opt/airflow/dags/env/Scripts/normalizer.exe
[2025-03-31T10:43:25.997+0000] {processor.py:914} INFO - Processing file /opt/airflow/dags/env/Scripts/normalizer.exe for tasks to queue
[2025-03-31T10:43:26.006+0000] {logging_mixin.py:190} INFO - [2025-03-31T10:43:26.005+0000] {dagbag.py:588} INFO - Filling up the DagBag from /opt/airflow/dags/env/Scripts/normalizer.exe
[2025-03-31T10:43:26.027+0000] {logging_mixin.py:190} INFO - [2025-03-31T10:43:26.026+0000] {dagbag.py:435} INFO - File /opt/airflow/dags/env/Scripts/normalizer.exe:__main__.py assumed to contain no DAGs. Skipping.
[2025-03-31T10:43:26.029+0000] {processor.py:927} WARNING - No viable dags retrieved from /opt/airflow/dags/env/Scripts/normalizer.exe
[2025-03-31T10:43:26.063+0000] {processor.py:208} INFO - Processing /opt/airflow/dags/env/Scripts/normalizer.exe took 0.089 seconds
[2025-03-31T10:43:57.109+0000] {processor.py:186} INFO - Started process (PID=10278) to work on /opt/airflow/dags/env/Scripts/normalizer.exe
[2025-03-31T10:43:57.112+0000] {processor.py:914} INFO - Processing file /opt/airflow/dags/env/Scripts/normalizer.exe for tasks to queue
[2025-03-31T10:43:57.119+0000] {logging_mixin.py:190} INFO - [2025-03-31T10:43:57.118+0000] {dagbag.py:588} INFO - Filling up the DagBag from /opt/airflow/dags/env/Scripts/normalizer.exe
[2025-03-31T10:43:57.140+0000] {logging_mixin.py:190} INFO - [2025-03-31T10:43:57.139+0000] {dagbag.py:435} INFO - File /opt/airflow/dags/env/Scripts/normalizer.exe:__main__.py assumed to contain no DAGs. Skipping.
[2025-03-31T10:43:57.142+0000] {processor.py:927} WARNING - No viable dags retrieved from /opt/airflow/dags/env/Scripts/normalizer.exe
[2025-03-31T10:43:57.193+0000] {processor.py:208} INFO - Processing /opt/airflow/dags/env/Scripts/normalizer.exe took 0.105 seconds
[2025-03-31T10:44:55.787+0000] {processor.py:186} INFO - Started process (PID=10306) to work on /opt/airflow/dags/env/Scripts/normalizer.exe
[2025-03-31T10:44:55.788+0000] {processor.py:914} INFO - Processing file /opt/airflow/dags/env/Scripts/normalizer.exe for tasks to queue
[2025-03-31T10:44:55.795+0000] {logging_mixin.py:190} INFO - [2025-03-31T10:44:55.794+0000] {dagbag.py:588} INFO - Filling up the DagBag from /opt/airflow/dags/env/Scripts/normalizer.exe
[2025-03-31T10:44:55.811+0000] {logging_mixin.py:190} INFO - [2025-03-31T10:44:55.811+0000] {dagbag.py:435} INFO - File /opt/airflow/dags/env/Scripts/normalizer.exe:__main__.py assumed to contain no DAGs. Skipping.
[2025-03-31T10:44:55.813+0000] {processor.py:927} WARNING - No viable dags retrieved from /opt/airflow/dags/env/Scripts/normalizer.exe
[2025-03-31T10:44:55.850+0000] {processor.py:208} INFO - Processing /opt/airflow/dags/env/Scripts/normalizer.exe took 0.072 seconds
[2025-03-31T10:45:26.378+0000] {processor.py:186} INFO - Started process (PID=10330) to work on /opt/airflow/dags/env/Scripts/normalizer.exe
[2025-03-31T10:45:26.381+0000] {processor.py:914} INFO - Processing file /opt/airflow/dags/env/Scripts/normalizer.exe for tasks to queue
[2025-03-31T10:45:26.387+0000] {logging_mixin.py:190} INFO - [2025-03-31T10:45:26.386+0000] {dagbag.py:588} INFO - Filling up the DagBag from /opt/airflow/dags/env/Scripts/normalizer.exe
[2025-03-31T10:45:26.407+0000] {logging_mixin.py:190} INFO - [2025-03-31T10:45:26.406+0000] {dagbag.py:435} INFO - File /opt/airflow/dags/env/Scripts/normalizer.exe:__main__.py assumed to contain no DAGs. Skipping.
[2025-03-31T10:45:26.409+0000] {processor.py:927} WARNING - No viable dags retrieved from /opt/airflow/dags/env/Scripts/normalizer.exe
[2025-03-31T10:45:26.447+0000] {processor.py:208} INFO - Processing /opt/airflow/dags/env/Scripts/normalizer.exe took 0.087 seconds
[2025-03-31T11:02:29.430+0000] {processor.py:186} INFO - Started process (PID=10348) to work on /opt/airflow/dags/env/Scripts/normalizer.exe
[2025-03-31T11:02:29.432+0000] {processor.py:914} INFO - Processing file /opt/airflow/dags/env/Scripts/normalizer.exe for tasks to queue
[2025-03-31T11:02:29.438+0000] {logging_mixin.py:190} INFO - [2025-03-31T11:02:29.437+0000] {dagbag.py:588} INFO - Filling up the DagBag from /opt/airflow/dags/env/Scripts/normalizer.exe
[2025-03-31T11:02:29.460+0000] {logging_mixin.py:190} INFO - [2025-03-31T11:02:29.459+0000] {dagbag.py:435} INFO - File /opt/airflow/dags/env/Scripts/normalizer.exe:__main__.py assumed to contain no DAGs. Skipping.
[2025-03-31T11:02:29.462+0000] {processor.py:927} WARNING - No viable dags retrieved from /opt/airflow/dags/env/Scripts/normalizer.exe
[2025-03-31T11:02:29.520+0000] {processor.py:208} INFO - Processing /opt/airflow/dags/env/Scripts/normalizer.exe took 0.107 seconds
[2025-03-31T11:03:35.796+0000] {processor.py:186} INFO - Started process (PID=10360) to work on /opt/airflow/dags/env/Scripts/normalizer.exe
[2025-03-31T11:03:35.799+0000] {processor.py:914} INFO - Processing file /opt/airflow/dags/env/Scripts/normalizer.exe for tasks to queue
[2025-03-31T11:03:35.810+0000] {logging_mixin.py:190} INFO - [2025-03-31T11:03:35.809+0000] {dagbag.py:588} INFO - Filling up the DagBag from /opt/airflow/dags/env/Scripts/normalizer.exe
[2025-03-31T11:03:35.831+0000] {logging_mixin.py:190} INFO - [2025-03-31T11:03:35.830+0000] {dagbag.py:435} INFO - File /opt/airflow/dags/env/Scripts/normalizer.exe:__main__.py assumed to contain no DAGs. Skipping.
[2025-03-31T11:03:35.833+0000] {processor.py:927} WARNING - No viable dags retrieved from /opt/airflow/dags/env/Scripts/normalizer.exe
[2025-03-31T11:03:35.875+0000] {processor.py:208} INFO - Processing /opt/airflow/dags/env/Scripts/normalizer.exe took 0.099 seconds
[2025-03-31T11:18:44.967+0000] {processor.py:186} INFO - Started process (PID=10406) to work on /opt/airflow/dags/env/Scripts/normalizer.exe
[2025-03-31T11:18:44.971+0000] {processor.py:914} INFO - Processing file /opt/airflow/dags/env/Scripts/normalizer.exe for tasks to queue
[2025-03-31T11:18:44.979+0000] {logging_mixin.py:190} INFO - [2025-03-31T11:18:44.978+0000] {dagbag.py:588} INFO - Filling up the DagBag from /opt/airflow/dags/env/Scripts/normalizer.exe
[2025-03-31T11:18:45.003+0000] {logging_mixin.py:190} INFO - [2025-03-31T11:18:45.003+0000] {dagbag.py:435} INFO - File /opt/airflow/dags/env/Scripts/normalizer.exe:__main__.py assumed to contain no DAGs. Skipping.
[2025-03-31T11:18:45.005+0000] {processor.py:927} WARNING - No viable dags retrieved from /opt/airflow/dags/env/Scripts/normalizer.exe
[2025-03-31T11:18:45.061+0000] {processor.py:208} INFO - Processing /opt/airflow/dags/env/Scripts/normalizer.exe took 0.111 seconds
[2025-03-31T11:23:02.144+0000] {processor.py:186} INFO - Started process (PID=10418) to work on /opt/airflow/dags/env/Scripts/normalizer.exe
[2025-03-31T11:23:02.146+0000] {processor.py:914} INFO - Processing file /opt/airflow/dags/env/Scripts/normalizer.exe for tasks to queue
[2025-03-31T11:23:02.151+0000] {logging_mixin.py:190} INFO - [2025-03-31T11:23:02.150+0000] {dagbag.py:588} INFO - Filling up the DagBag from /opt/airflow/dags/env/Scripts/normalizer.exe
[2025-03-31T11:23:02.166+0000] {logging_mixin.py:190} INFO - [2025-03-31T11:23:02.166+0000] {dagbag.py:435} INFO - File /opt/airflow/dags/env/Scripts/normalizer.exe:__main__.py assumed to contain no DAGs. Skipping.
[2025-03-31T11:23:02.168+0000] {processor.py:927} WARNING - No viable dags retrieved from /opt/airflow/dags/env/Scripts/normalizer.exe
[2025-03-31T11:23:02.199+0000] {processor.py:208} INFO - Processing /opt/airflow/dags/env/Scripts/normalizer.exe took 0.068 seconds
