[2025-03-31T07:27:24.996+0000] {processor.py:186} INFO - Started process (PID=7694) to work on /opt/airflow/dags/env/Scripts/numpy-config.exe
[2025-03-31T07:27:24.997+0000] {processor.py:914} INFO - Processing file /opt/airflow/dags/env/Scripts/numpy-config.exe for tasks to queue
[2025-03-31T07:27:25.001+0000] {logging_mixin.py:190} INFO - [2025-03-31T07:27:25.000+0000] {dagbag.py:588} INFO - Filling up the DagBag from /opt/airflow/dags/env/Scripts/numpy-config.exe
[2025-03-31T07:27:25.015+0000] {logging_mixin.py:190} INFO - [2025-03-31T07:27:25.015+0000] {dagbag.py:435} INFO - File /opt/airflow/dags/env/Scripts/numpy-config.exe:__main__.py assumed to contain no DAGs. Skipping.
[2025-03-31T07:27:25.017+0000] {processor.py:927} WARNING - No viable dags retrieved from /opt/airflow/dags/env/Scripts/numpy-config.exe
[2025-03-31T07:27:25.041+0000] {processor.py:208} INFO - Processing /opt/airflow/dags/env/Scripts/numpy-config.exe took 0.055 seconds
[2025-03-31T07:27:56.922+0000] {processor.py:186} INFO - Started process (PID=7718) to work on /opt/airflow/dags/env/Scripts/numpy-config.exe
[2025-03-31T07:27:56.923+0000] {processor.py:914} INFO - Processing file /opt/airflow/dags/env/Scripts/numpy-config.exe for tasks to queue
[2025-03-31T07:27:56.927+0000] {logging_mixin.py:190} INFO - [2025-03-31T07:27:56.927+0000] {dagbag.py:588} INFO - Filling up the DagBag from /opt/airflow/dags/env/Scripts/numpy-config.exe
[2025-03-31T07:27:56.942+0000] {logging_mixin.py:190} INFO - [2025-03-31T07:27:56.942+0000] {dagbag.py:435} INFO - File /opt/airflow/dags/env/Scripts/numpy-config.exe:__main__.py assumed to contain no DAGs. Skipping.
[2025-03-31T07:27:56.944+0000] {processor.py:927} WARNING - No viable dags retrieved from /opt/airflow/dags/env/Scripts/numpy-config.exe
[2025-03-31T07:27:56.974+0000] {processor.py:208} INFO - Processing /opt/airflow/dags/env/Scripts/numpy-config.exe took 0.061 seconds
[2025-03-31T08:42:35.428+0000] {processor.py:186} INFO - Started process (PID=8046) to work on /opt/airflow/dags/env/Scripts/numpy-config.exe
[2025-03-31T08:42:35.434+0000] {processor.py:914} INFO - Processing file /opt/airflow/dags/env/Scripts/numpy-config.exe for tasks to queue
[2025-03-31T08:42:35.439+0000] {logging_mixin.py:190} INFO - [2025-03-31T08:42:35.438+0000] {dagbag.py:588} INFO - Filling up the DagBag from /opt/airflow/dags/env/Scripts/numpy-config.exe
[2025-03-31T08:42:35.452+0000] {logging_mixin.py:190} INFO - [2025-03-31T08:42:35.452+0000] {dagbag.py:435} INFO - File /opt/airflow/dags/env/Scripts/numpy-config.exe:__main__.py assumed to contain no DAGs. Skipping.
[2025-03-31T08:42:35.454+0000] {processor.py:927} WARNING - No viable dags retrieved from /opt/airflow/dags/env/Scripts/numpy-config.exe
[2025-03-31T08:42:35.482+0000] {processor.py:208} INFO - Processing /opt/airflow/dags/env/Scripts/numpy-config.exe took 0.064 seconds
[2025-03-31T08:43:06.790+0000] {processor.py:186} INFO - Started process (PID=8070) to work on /opt/airflow/dags/env/Scripts/numpy-config.exe
[2025-03-31T08:43:06.793+0000] {processor.py:914} INFO - Processing file /opt/airflow/dags/env/Scripts/numpy-config.exe for tasks to queue
[2025-03-31T08:43:06.799+0000] {logging_mixin.py:190} INFO - [2025-03-31T08:43:06.798+0000] {dagbag.py:588} INFO - Filling up the DagBag from /opt/airflow/dags/env/Scripts/numpy-config.exe
[2025-03-31T08:43:06.815+0000] {logging_mixin.py:190} INFO - [2025-03-31T08:43:06.814+0000] {dagbag.py:435} INFO - File /opt/airflow/dags/env/Scripts/numpy-config.exe:__main__.py assumed to contain no DAGs. Skipping.
[2025-03-31T08:43:06.817+0000] {processor.py:927} WARNING - No viable dags retrieved from /opt/airflow/dags/env/Scripts/numpy-config.exe
[2025-03-31T08:43:06.856+0000] {processor.py:208} INFO - Processing /opt/airflow/dags/env/Scripts/numpy-config.exe took 0.082 seconds
[2025-03-31T08:43:41.764+0000] {processor.py:186} INFO - Started process (PID=8086) to work on /opt/airflow/dags/env/Scripts/numpy-config.exe
[2025-03-31T08:43:41.765+0000] {processor.py:914} INFO - Processing file /opt/airflow/dags/env/Scripts/numpy-config.exe for tasks to queue
[2025-03-31T08:43:41.770+0000] {logging_mixin.py:190} INFO - [2025-03-31T08:43:41.769+0000] {dagbag.py:588} INFO - Filling up the DagBag from /opt/airflow/dags/env/Scripts/numpy-config.exe
[2025-03-31T08:43:41.789+0000] {logging_mixin.py:190} INFO - [2025-03-31T08:43:41.788+0000] {dagbag.py:435} INFO - File /opt/airflow/dags/env/Scripts/numpy-config.exe:__main__.py assumed to contain no DAGs. Skipping.
[2025-03-31T08:43:41.790+0000] {processor.py:927} WARNING - No viable dags retrieved from /opt/airflow/dags/env/Scripts/numpy-config.exe
[2025-03-31T08:43:41.832+0000] {processor.py:208} INFO - Processing /opt/airflow/dags/env/Scripts/numpy-config.exe took 0.086 seconds
[2025-03-31T08:44:13.494+0000] {processor.py:186} INFO - Started process (PID=8110) to work on /opt/airflow/dags/env/Scripts/numpy-config.exe
[2025-03-31T08:44:13.495+0000] {processor.py:914} INFO - Processing file /opt/airflow/dags/env/Scripts/numpy-config.exe for tasks to queue
[2025-03-31T08:44:13.500+0000] {logging_mixin.py:190} INFO - [2025-03-31T08:44:13.499+0000] {dagbag.py:588} INFO - Filling up the DagBag from /opt/airflow/dags/env/Scripts/numpy-config.exe
[2025-03-31T08:44:13.515+0000] {logging_mixin.py:190} INFO - [2025-03-31T08:44:13.514+0000] {dagbag.py:435} INFO - File /opt/airflow/dags/env/Scripts/numpy-config.exe:__main__.py assumed to contain no DAGs. Skipping.
[2025-03-31T08:44:13.517+0000] {processor.py:927} WARNING - No viable dags retrieved from /opt/airflow/dags/env/Scripts/numpy-config.exe
[2025-03-31T08:44:13.546+0000] {processor.py:208} INFO - Processing /opt/airflow/dags/env/Scripts/numpy-config.exe took 0.065 seconds
[2025-03-31T08:47:22.211+0000] {processor.py:186} INFO - Started process (PID=8148) to work on /opt/airflow/dags/env/Scripts/numpy-config.exe
[2025-03-31T08:47:22.213+0000] {processor.py:914} INFO - Processing file /opt/airflow/dags/env/Scripts/numpy-config.exe for tasks to queue
[2025-03-31T08:47:22.219+0000] {logging_mixin.py:190} INFO - [2025-03-31T08:47:22.219+0000] {dagbag.py:588} INFO - Filling up the DagBag from /opt/airflow/dags/env/Scripts/numpy-config.exe
[2025-03-31T08:47:22.236+0000] {logging_mixin.py:190} INFO - [2025-03-31T08:47:22.236+0000] {dagbag.py:435} INFO - File /opt/airflow/dags/env/Scripts/numpy-config.exe:__main__.py assumed to contain no DAGs. Skipping.
[2025-03-31T08:47:22.238+0000] {processor.py:927} WARNING - No viable dags retrieved from /opt/airflow/dags/env/Scripts/numpy-config.exe
[2025-03-31T08:47:22.278+0000] {processor.py:208} INFO - Processing /opt/airflow/dags/env/Scripts/numpy-config.exe took 0.079 seconds
[2025-03-31T08:47:54.670+0000] {processor.py:186} INFO - Started process (PID=8172) to work on /opt/airflow/dags/env/Scripts/numpy-config.exe
[2025-03-31T08:47:54.672+0000] {processor.py:914} INFO - Processing file /opt/airflow/dags/env/Scripts/numpy-config.exe for tasks to queue
[2025-03-31T08:47:54.679+0000] {logging_mixin.py:190} INFO - [2025-03-31T08:47:54.678+0000] {dagbag.py:588} INFO - Filling up the DagBag from /opt/airflow/dags/env/Scripts/numpy-config.exe
[2025-03-31T08:47:54.694+0000] {logging_mixin.py:190} INFO - [2025-03-31T08:47:54.694+0000] {dagbag.py:435} INFO - File /opt/airflow/dags/env/Scripts/numpy-config.exe:__main__.py assumed to contain no DAGs. Skipping.
[2025-03-31T08:47:54.696+0000] {processor.py:927} WARNING - No viable dags retrieved from /opt/airflow/dags/env/Scripts/numpy-config.exe
[2025-03-31T08:47:54.727+0000] {processor.py:208} INFO - Processing /opt/airflow/dags/env/Scripts/numpy-config.exe took 0.071 seconds
[2025-03-31T08:48:46.797+0000] {processor.py:186} INFO - Started process (PID=8202) to work on /opt/airflow/dags/env/Scripts/numpy-config.exe
[2025-03-31T08:48:46.799+0000] {processor.py:914} INFO - Processing file /opt/airflow/dags/env/Scripts/numpy-config.exe for tasks to queue
[2025-03-31T08:48:46.810+0000] {logging_mixin.py:190} INFO - [2025-03-31T08:48:46.808+0000] {dagbag.py:588} INFO - Filling up the DagBag from /opt/airflow/dags/env/Scripts/numpy-config.exe
[2025-03-31T08:48:46.827+0000] {logging_mixin.py:190} INFO - [2025-03-31T08:48:46.826+0000] {dagbag.py:435} INFO - File /opt/airflow/dags/env/Scripts/numpy-config.exe:__main__.py assumed to contain no DAGs. Skipping.
[2025-03-31T08:48:46.829+0000] {processor.py:927} WARNING - No viable dags retrieved from /opt/airflow/dags/env/Scripts/numpy-config.exe
[2025-03-31T08:48:46.869+0000] {processor.py:208} INFO - Processing /opt/airflow/dags/env/Scripts/numpy-config.exe took 0.082 seconds
[2025-03-31T08:49:19.135+0000] {processor.py:186} INFO - Started process (PID=8226) to work on /opt/airflow/dags/env/Scripts/numpy-config.exe
[2025-03-31T08:49:19.139+0000] {processor.py:914} INFO - Processing file /opt/airflow/dags/env/Scripts/numpy-config.exe for tasks to queue
[2025-03-31T08:49:19.147+0000] {logging_mixin.py:190} INFO - [2025-03-31T08:49:19.146+0000] {dagbag.py:588} INFO - Filling up the DagBag from /opt/airflow/dags/env/Scripts/numpy-config.exe
[2025-03-31T08:49:19.166+0000] {logging_mixin.py:190} INFO - [2025-03-31T08:49:19.166+0000] {dagbag.py:435} INFO - File /opt/airflow/dags/env/Scripts/numpy-config.exe:__main__.py assumed to contain no DAGs. Skipping.
[2025-03-31T08:49:19.168+0000] {processor.py:927} WARNING - No viable dags retrieved from /opt/airflow/dags/env/Scripts/numpy-config.exe
[2025-03-31T08:49:19.215+0000] {processor.py:208} INFO - Processing /opt/airflow/dags/env/Scripts/numpy-config.exe took 0.099 seconds
[2025-03-31T08:52:22.459+0000] {processor.py:186} INFO - Started process (PID=8260) to work on /opt/airflow/dags/env/Scripts/numpy-config.exe
[2025-03-31T08:52:22.462+0000] {processor.py:914} INFO - Processing file /opt/airflow/dags/env/Scripts/numpy-config.exe for tasks to queue
[2025-03-31T08:52:22.488+0000] {logging_mixin.py:190} INFO - [2025-03-31T08:52:22.477+0000] {dagbag.py:588} INFO - Filling up the DagBag from /opt/airflow/dags/env/Scripts/numpy-config.exe
[2025-03-31T08:52:22.514+0000] {logging_mixin.py:190} INFO - [2025-03-31T08:52:22.514+0000] {dagbag.py:435} INFO - File /opt/airflow/dags/env/Scripts/numpy-config.exe:__main__.py assumed to contain no DAGs. Skipping.
[2025-03-31T08:52:22.517+0000] {processor.py:927} WARNING - No viable dags retrieved from /opt/airflow/dags/env/Scripts/numpy-config.exe
[2025-03-31T08:52:22.594+0000] {processor.py:208} INFO - Processing /opt/airflow/dags/env/Scripts/numpy-config.exe took 0.159 seconds
[2025-03-31T08:52:55.734+0000] {processor.py:186} INFO - Started process (PID=8284) to work on /opt/airflow/dags/env/Scripts/numpy-config.exe
[2025-03-31T08:52:55.736+0000] {processor.py:914} INFO - Processing file /opt/airflow/dags/env/Scripts/numpy-config.exe for tasks to queue
[2025-03-31T08:52:55.742+0000] {logging_mixin.py:190} INFO - [2025-03-31T08:52:55.741+0000] {dagbag.py:588} INFO - Filling up the DagBag from /opt/airflow/dags/env/Scripts/numpy-config.exe
[2025-03-31T08:52:55.760+0000] {logging_mixin.py:190} INFO - [2025-03-31T08:52:55.760+0000] {dagbag.py:435} INFO - File /opt/airflow/dags/env/Scripts/numpy-config.exe:__main__.py assumed to contain no DAGs. Skipping.
[2025-03-31T08:52:55.762+0000] {processor.py:927} WARNING - No viable dags retrieved from /opt/airflow/dags/env/Scripts/numpy-config.exe
[2025-03-31T08:52:55.797+0000] {processor.py:208} INFO - Processing /opt/airflow/dags/env/Scripts/numpy-config.exe took 0.076 seconds
[2025-03-31T08:53:51.806+0000] {processor.py:186} INFO - Started process (PID=8314) to work on /opt/airflow/dags/env/Scripts/numpy-config.exe
[2025-03-31T08:53:51.809+0000] {processor.py:914} INFO - Processing file /opt/airflow/dags/env/Scripts/numpy-config.exe for tasks to queue
[2025-03-31T08:53:51.816+0000] {logging_mixin.py:190} INFO - [2025-03-31T08:53:51.815+0000] {dagbag.py:588} INFO - Filling up the DagBag from /opt/airflow/dags/env/Scripts/numpy-config.exe
[2025-03-31T08:53:51.833+0000] {logging_mixin.py:190} INFO - [2025-03-31T08:53:51.832+0000] {dagbag.py:435} INFO - File /opt/airflow/dags/env/Scripts/numpy-config.exe:__main__.py assumed to contain no DAGs. Skipping.
[2025-03-31T08:53:51.834+0000] {processor.py:927} WARNING - No viable dags retrieved from /opt/airflow/dags/env/Scripts/numpy-config.exe
[2025-03-31T08:53:51.869+0000] {processor.py:208} INFO - Processing /opt/airflow/dags/env/Scripts/numpy-config.exe took 0.077 seconds
[2025-03-31T08:54:22.665+0000] {processor.py:186} INFO - Started process (PID=8338) to work on /opt/airflow/dags/env/Scripts/numpy-config.exe
[2025-03-31T08:54:22.667+0000] {processor.py:914} INFO - Processing file /opt/airflow/dags/env/Scripts/numpy-config.exe for tasks to queue
[2025-03-31T08:54:22.674+0000] {logging_mixin.py:190} INFO - [2025-03-31T08:54:22.673+0000] {dagbag.py:588} INFO - Filling up the DagBag from /opt/airflow/dags/env/Scripts/numpy-config.exe
[2025-03-31T08:54:22.690+0000] {logging_mixin.py:190} INFO - [2025-03-31T08:54:22.690+0000] {dagbag.py:435} INFO - File /opt/airflow/dags/env/Scripts/numpy-config.exe:__main__.py assumed to contain no DAGs. Skipping.
[2025-03-31T08:54:22.692+0000] {processor.py:927} WARNING - No viable dags retrieved from /opt/airflow/dags/env/Scripts/numpy-config.exe
[2025-03-31T08:54:22.733+0000] {processor.py:208} INFO - Processing /opt/airflow/dags/env/Scripts/numpy-config.exe took 0.080 seconds
[2025-03-31T08:57:19.527+0000] {processor.py:186} INFO - Started process (PID=8367) to work on /opt/airflow/dags/env/Scripts/numpy-config.exe
[2025-03-31T08:57:19.530+0000] {processor.py:914} INFO - Processing file /opt/airflow/dags/env/Scripts/numpy-config.exe for tasks to queue
[2025-03-31T08:57:19.542+0000] {logging_mixin.py:190} INFO - [2025-03-31T08:57:19.540+0000] {dagbag.py:588} INFO - Filling up the DagBag from /opt/airflow/dags/env/Scripts/numpy-config.exe
[2025-03-31T08:57:19.564+0000] {logging_mixin.py:190} INFO - [2025-03-31T08:57:19.564+0000] {dagbag.py:435} INFO - File /opt/airflow/dags/env/Scripts/numpy-config.exe:__main__.py assumed to contain no DAGs. Skipping.
[2025-03-31T08:57:19.566+0000] {processor.py:927} WARNING - No viable dags retrieved from /opt/airflow/dags/env/Scripts/numpy-config.exe
[2025-03-31T08:57:19.623+0000] {processor.py:208} INFO - Processing /opt/airflow/dags/env/Scripts/numpy-config.exe took 0.117 seconds
[2025-03-31T08:57:50.337+0000] {processor.py:186} INFO - Started process (PID=8391) to work on /opt/airflow/dags/env/Scripts/numpy-config.exe
[2025-03-31T08:57:50.339+0000] {processor.py:914} INFO - Processing file /opt/airflow/dags/env/Scripts/numpy-config.exe for tasks to queue
[2025-03-31T08:57:50.346+0000] {logging_mixin.py:190} INFO - [2025-03-31T08:57:50.345+0000] {dagbag.py:588} INFO - Filling up the DagBag from /opt/airflow/dags/env/Scripts/numpy-config.exe
[2025-03-31T08:57:50.364+0000] {logging_mixin.py:190} INFO - [2025-03-31T08:57:50.363+0000] {dagbag.py:435} INFO - File /opt/airflow/dags/env/Scripts/numpy-config.exe:__main__.py assumed to contain no DAGs. Skipping.
[2025-03-31T08:57:50.365+0000] {processor.py:927} WARNING - No viable dags retrieved from /opt/airflow/dags/env/Scripts/numpy-config.exe
[2025-03-31T08:57:50.399+0000] {processor.py:208} INFO - Processing /opt/airflow/dags/env/Scripts/numpy-config.exe took 0.082 seconds
[2025-03-31T08:58:46.574+0000] {processor.py:186} INFO - Started process (PID=8426) to work on /opt/airflow/dags/env/Scripts/numpy-config.exe
[2025-03-31T08:58:46.576+0000] {processor.py:914} INFO - Processing file /opt/airflow/dags/env/Scripts/numpy-config.exe for tasks to queue
[2025-03-31T08:58:46.581+0000] {logging_mixin.py:190} INFO - [2025-03-31T08:58:46.580+0000] {dagbag.py:588} INFO - Filling up the DagBag from /opt/airflow/dags/env/Scripts/numpy-config.exe
[2025-03-31T08:58:46.595+0000] {logging_mixin.py:190} INFO - [2025-03-31T08:58:46.595+0000] {dagbag.py:435} INFO - File /opt/airflow/dags/env/Scripts/numpy-config.exe:__main__.py assumed to contain no DAGs. Skipping.
[2025-03-31T08:58:46.597+0000] {processor.py:927} WARNING - No viable dags retrieved from /opt/airflow/dags/env/Scripts/numpy-config.exe
[2025-03-31T08:58:46.625+0000] {processor.py:208} INFO - Processing /opt/airflow/dags/env/Scripts/numpy-config.exe took 0.062 seconds
[2025-03-31T08:59:17.432+0000] {processor.py:186} INFO - Started process (PID=8450) to work on /opt/airflow/dags/env/Scripts/numpy-config.exe
[2025-03-31T08:59:17.434+0000] {processor.py:914} INFO - Processing file /opt/airflow/dags/env/Scripts/numpy-config.exe for tasks to queue
[2025-03-31T08:59:17.440+0000] {logging_mixin.py:190} INFO - [2025-03-31T08:59:17.439+0000] {dagbag.py:588} INFO - Filling up the DagBag from /opt/airflow/dags/env/Scripts/numpy-config.exe
[2025-03-31T08:59:17.454+0000] {logging_mixin.py:190} INFO - [2025-03-31T08:59:17.453+0000] {dagbag.py:435} INFO - File /opt/airflow/dags/env/Scripts/numpy-config.exe:__main__.py assumed to contain no DAGs. Skipping.
[2025-03-31T08:59:17.455+0000] {processor.py:927} WARNING - No viable dags retrieved from /opt/airflow/dags/env/Scripts/numpy-config.exe
[2025-03-31T08:59:17.483+0000] {processor.py:208} INFO - Processing /opt/airflow/dags/env/Scripts/numpy-config.exe took 0.062 seconds
[2025-03-31T09:02:27.996+0000] {processor.py:186} INFO - Started process (PID=8484) to work on /opt/airflow/dags/env/Scripts/numpy-config.exe
[2025-03-31T09:02:27.998+0000] {processor.py:914} INFO - Processing file /opt/airflow/dags/env/Scripts/numpy-config.exe for tasks to queue
[2025-03-31T09:02:28.010+0000] {logging_mixin.py:190} INFO - [2025-03-31T09:02:28.009+0000] {dagbag.py:588} INFO - Filling up the DagBag from /opt/airflow/dags/env/Scripts/numpy-config.exe
[2025-03-31T09:02:28.029+0000] {logging_mixin.py:190} INFO - [2025-03-31T09:02:28.029+0000] {dagbag.py:435} INFO - File /opt/airflow/dags/env/Scripts/numpy-config.exe:__main__.py assumed to contain no DAGs. Skipping.
[2025-03-31T09:02:28.031+0000] {processor.py:927} WARNING - No viable dags retrieved from /opt/airflow/dags/env/Scripts/numpy-config.exe
[2025-03-31T09:02:28.077+0000] {processor.py:208} INFO - Processing /opt/airflow/dags/env/Scripts/numpy-config.exe took 0.106 seconds
[2025-03-31T09:02:59.323+0000] {processor.py:186} INFO - Started process (PID=8508) to work on /opt/airflow/dags/env/Scripts/numpy-config.exe
[2025-03-31T09:02:59.326+0000] {processor.py:914} INFO - Processing file /opt/airflow/dags/env/Scripts/numpy-config.exe for tasks to queue
[2025-03-31T09:02:59.341+0000] {logging_mixin.py:190} INFO - [2025-03-31T09:02:59.341+0000] {dagbag.py:588} INFO - Filling up the DagBag from /opt/airflow/dags/env/Scripts/numpy-config.exe
[2025-03-31T09:02:59.397+0000] {logging_mixin.py:190} INFO - [2025-03-31T09:02:59.396+0000] {dagbag.py:435} INFO - File /opt/airflow/dags/env/Scripts/numpy-config.exe:__main__.py assumed to contain no DAGs. Skipping.
[2025-03-31T09:02:59.399+0000] {processor.py:927} WARNING - No viable dags retrieved from /opt/airflow/dags/env/Scripts/numpy-config.exe
[2025-03-31T09:02:59.455+0000] {processor.py:208} INFO - Processing /opt/airflow/dags/env/Scripts/numpy-config.exe took 0.156 seconds
[2025-03-31T09:03:59.202+0000] {processor.py:186} INFO - Started process (PID=8537) to work on /opt/airflow/dags/env/Scripts/numpy-config.exe
[2025-03-31T09:03:59.204+0000] {processor.py:914} INFO - Processing file /opt/airflow/dags/env/Scripts/numpy-config.exe for tasks to queue
[2025-03-31T09:03:59.210+0000] {logging_mixin.py:190} INFO - [2025-03-31T09:03:59.209+0000] {dagbag.py:588} INFO - Filling up the DagBag from /opt/airflow/dags/env/Scripts/numpy-config.exe
[2025-03-31T09:03:59.226+0000] {logging_mixin.py:190} INFO - [2025-03-31T09:03:59.225+0000] {dagbag.py:435} INFO - File /opt/airflow/dags/env/Scripts/numpy-config.exe:__main__.py assumed to contain no DAGs. Skipping.
[2025-03-31T09:03:59.227+0000] {processor.py:927} WARNING - No viable dags retrieved from /opt/airflow/dags/env/Scripts/numpy-config.exe
[2025-03-31T09:03:59.268+0000] {processor.py:208} INFO - Processing /opt/airflow/dags/env/Scripts/numpy-config.exe took 0.073 seconds
[2025-03-31T09:04:31.164+0000] {processor.py:186} INFO - Started process (PID=8561) to work on /opt/airflow/dags/env/Scripts/numpy-config.exe
[2025-03-31T09:04:31.166+0000] {processor.py:914} INFO - Processing file /opt/airflow/dags/env/Scripts/numpy-config.exe for tasks to queue
[2025-03-31T09:04:31.174+0000] {logging_mixin.py:190} INFO - [2025-03-31T09:04:31.174+0000] {dagbag.py:588} INFO - Filling up the DagBag from /opt/airflow/dags/env/Scripts/numpy-config.exe
[2025-03-31T09:04:31.193+0000] {logging_mixin.py:190} INFO - [2025-03-31T09:04:31.193+0000] {dagbag.py:435} INFO - File /opt/airflow/dags/env/Scripts/numpy-config.exe:__main__.py assumed to contain no DAGs. Skipping.
[2025-03-31T09:04:31.195+0000] {processor.py:927} WARNING - No viable dags retrieved from /opt/airflow/dags/env/Scripts/numpy-config.exe
[2025-03-31T09:04:31.232+0000] {processor.py:208} INFO - Processing /opt/airflow/dags/env/Scripts/numpy-config.exe took 0.080 seconds
[2025-03-31T09:07:26.882+0000] {processor.py:186} INFO - Started process (PID=8586) to work on /opt/airflow/dags/env/Scripts/numpy-config.exe
[2025-03-31T09:07:26.885+0000] {processor.py:914} INFO - Processing file /opt/airflow/dags/env/Scripts/numpy-config.exe for tasks to queue
[2025-03-31T09:07:26.891+0000] {logging_mixin.py:190} INFO - [2025-03-31T09:07:26.891+0000] {dagbag.py:588} INFO - Filling up the DagBag from /opt/airflow/dags/env/Scripts/numpy-config.exe
[2025-03-31T09:07:26.907+0000] {logging_mixin.py:190} INFO - [2025-03-31T09:07:26.907+0000] {dagbag.py:435} INFO - File /opt/airflow/dags/env/Scripts/numpy-config.exe:__main__.py assumed to contain no DAGs. Skipping.
[2025-03-31T09:07:26.908+0000] {processor.py:927} WARNING - No viable dags retrieved from /opt/airflow/dags/env/Scripts/numpy-config.exe
[2025-03-31T09:07:26.937+0000] {processor.py:208} INFO - Processing /opt/airflow/dags/env/Scripts/numpy-config.exe took 0.067 seconds
[2025-03-31T09:07:59.419+0000] {processor.py:186} INFO - Started process (PID=8610) to work on /opt/airflow/dags/env/Scripts/numpy-config.exe
[2025-03-31T09:07:59.422+0000] {processor.py:914} INFO - Processing file /opt/airflow/dags/env/Scripts/numpy-config.exe for tasks to queue
[2025-03-31T09:07:59.429+0000] {logging_mixin.py:190} INFO - [2025-03-31T09:07:59.428+0000] {dagbag.py:588} INFO - Filling up the DagBag from /opt/airflow/dags/env/Scripts/numpy-config.exe
[2025-03-31T09:07:59.454+0000] {logging_mixin.py:190} INFO - [2025-03-31T09:07:59.453+0000] {dagbag.py:435} INFO - File /opt/airflow/dags/env/Scripts/numpy-config.exe:__main__.py assumed to contain no DAGs. Skipping.
[2025-03-31T09:07:59.459+0000] {processor.py:927} WARNING - No viable dags retrieved from /opt/airflow/dags/env/Scripts/numpy-config.exe
[2025-03-31T09:07:59.509+0000] {processor.py:208} INFO - Processing /opt/airflow/dags/env/Scripts/numpy-config.exe took 0.110 seconds
[2025-03-31T09:08:55.296+0000] {processor.py:186} INFO - Started process (PID=8638) to work on /opt/airflow/dags/env/Scripts/numpy-config.exe
[2025-03-31T09:08:55.298+0000] {processor.py:914} INFO - Processing file /opt/airflow/dags/env/Scripts/numpy-config.exe for tasks to queue
[2025-03-31T09:08:55.303+0000] {logging_mixin.py:190} INFO - [2025-03-31T09:08:55.302+0000] {dagbag.py:588} INFO - Filling up the DagBag from /opt/airflow/dags/env/Scripts/numpy-config.exe
[2025-03-31T09:08:55.318+0000] {logging_mixin.py:190} INFO - [2025-03-31T09:08:55.317+0000] {dagbag.py:435} INFO - File /opt/airflow/dags/env/Scripts/numpy-config.exe:__main__.py assumed to contain no DAGs. Skipping.
[2025-03-31T09:08:55.319+0000] {processor.py:927} WARNING - No viable dags retrieved from /opt/airflow/dags/env/Scripts/numpy-config.exe
[2025-03-31T09:08:55.354+0000] {processor.py:208} INFO - Processing /opt/airflow/dags/env/Scripts/numpy-config.exe took 0.069 seconds
[2025-03-31T09:09:26.201+0000] {processor.py:186} INFO - Started process (PID=8662) to work on /opt/airflow/dags/env/Scripts/numpy-config.exe
[2025-03-31T09:09:26.203+0000] {processor.py:914} INFO - Processing file /opt/airflow/dags/env/Scripts/numpy-config.exe for tasks to queue
[2025-03-31T09:09:26.208+0000] {logging_mixin.py:190} INFO - [2025-03-31T09:09:26.208+0000] {dagbag.py:588} INFO - Filling up the DagBag from /opt/airflow/dags/env/Scripts/numpy-config.exe
[2025-03-31T09:09:26.222+0000] {logging_mixin.py:190} INFO - [2025-03-31T09:09:26.222+0000] {dagbag.py:435} INFO - File /opt/airflow/dags/env/Scripts/numpy-config.exe:__main__.py assumed to contain no DAGs. Skipping.
[2025-03-31T09:09:26.223+0000] {processor.py:927} WARNING - No viable dags retrieved from /opt/airflow/dags/env/Scripts/numpy-config.exe
[2025-03-31T09:09:26.268+0000] {processor.py:208} INFO - Processing /opt/airflow/dags/env/Scripts/numpy-config.exe took 0.078 seconds
[2025-03-31T09:12:21.833+0000] {processor.py:186} INFO - Started process (PID=8691) to work on /opt/airflow/dags/env/Scripts/numpy-config.exe
[2025-03-31T09:12:21.834+0000] {processor.py:914} INFO - Processing file /opt/airflow/dags/env/Scripts/numpy-config.exe for tasks to queue
[2025-03-31T09:12:21.841+0000] {logging_mixin.py:190} INFO - [2025-03-31T09:12:21.840+0000] {dagbag.py:588} INFO - Filling up the DagBag from /opt/airflow/dags/env/Scripts/numpy-config.exe
[2025-03-31T09:12:21.859+0000] {logging_mixin.py:190} INFO - [2025-03-31T09:12:21.858+0000] {dagbag.py:435} INFO - File /opt/airflow/dags/env/Scripts/numpy-config.exe:__main__.py assumed to contain no DAGs. Skipping.
[2025-03-31T09:12:21.861+0000] {processor.py:927} WARNING - No viable dags retrieved from /opt/airflow/dags/env/Scripts/numpy-config.exe
[2025-03-31T09:12:21.902+0000] {processor.py:208} INFO - Processing /opt/airflow/dags/env/Scripts/numpy-config.exe took 0.081 seconds
[2025-03-31T09:12:52.834+0000] {processor.py:186} INFO - Started process (PID=8715) to work on /opt/airflow/dags/env/Scripts/numpy-config.exe
[2025-03-31T09:12:52.836+0000] {processor.py:914} INFO - Processing file /opt/airflow/dags/env/Scripts/numpy-config.exe for tasks to queue
[2025-03-31T09:12:52.843+0000] {logging_mixin.py:190} INFO - [2025-03-31T09:12:52.842+0000] {dagbag.py:588} INFO - Filling up the DagBag from /opt/airflow/dags/env/Scripts/numpy-config.exe
[2025-03-31T09:12:52.859+0000] {logging_mixin.py:190} INFO - [2025-03-31T09:12:52.859+0000] {dagbag.py:435} INFO - File /opt/airflow/dags/env/Scripts/numpy-config.exe:__main__.py assumed to contain no DAGs. Skipping.
[2025-03-31T09:12:52.861+0000] {processor.py:927} WARNING - No viable dags retrieved from /opt/airflow/dags/env/Scripts/numpy-config.exe
[2025-03-31T09:12:52.897+0000] {processor.py:208} INFO - Processing /opt/airflow/dags/env/Scripts/numpy-config.exe took 0.077 seconds
[2025-03-31T09:13:48.586+0000] {processor.py:186} INFO - Started process (PID=8749) to work on /opt/airflow/dags/env/Scripts/numpy-config.exe
[2025-03-31T09:13:48.589+0000] {processor.py:914} INFO - Processing file /opt/airflow/dags/env/Scripts/numpy-config.exe for tasks to queue
[2025-03-31T09:13:48.598+0000] {logging_mixin.py:190} INFO - [2025-03-31T09:13:48.597+0000] {dagbag.py:588} INFO - Filling up the DagBag from /opt/airflow/dags/env/Scripts/numpy-config.exe
[2025-03-31T09:13:48.616+0000] {logging_mixin.py:190} INFO - [2025-03-31T09:13:48.615+0000] {dagbag.py:435} INFO - File /opt/airflow/dags/env/Scripts/numpy-config.exe:__main__.py assumed to contain no DAGs. Skipping.
[2025-03-31T09:13:48.618+0000] {processor.py:927} WARNING - No viable dags retrieved from /opt/airflow/dags/env/Scripts/numpy-config.exe
[2025-03-31T09:13:48.654+0000] {processor.py:208} INFO - Processing /opt/airflow/dags/env/Scripts/numpy-config.exe took 0.083 seconds
[2025-03-31T09:14:20.086+0000] {processor.py:186} INFO - Started process (PID=8773) to work on /opt/airflow/dags/env/Scripts/numpy-config.exe
[2025-03-31T09:14:20.088+0000] {processor.py:914} INFO - Processing file /opt/airflow/dags/env/Scripts/numpy-config.exe for tasks to queue
[2025-03-31T09:14:20.093+0000] {logging_mixin.py:190} INFO - [2025-03-31T09:14:20.092+0000] {dagbag.py:588} INFO - Filling up the DagBag from /opt/airflow/dags/env/Scripts/numpy-config.exe
[2025-03-31T09:14:20.108+0000] {logging_mixin.py:190} INFO - [2025-03-31T09:14:20.107+0000] {dagbag.py:435} INFO - File /opt/airflow/dags/env/Scripts/numpy-config.exe:__main__.py assumed to contain no DAGs. Skipping.
[2025-03-31T09:14:20.109+0000] {processor.py:927} WARNING - No viable dags retrieved from /opt/airflow/dags/env/Scripts/numpy-config.exe
[2025-03-31T09:14:20.139+0000] {processor.py:208} INFO - Processing /opt/airflow/dags/env/Scripts/numpy-config.exe took 0.065 seconds
[2025-03-31T09:17:23.854+0000] {processor.py:186} INFO - Started process (PID=8807) to work on /opt/airflow/dags/env/Scripts/numpy-config.exe
[2025-03-31T09:17:23.856+0000] {processor.py:914} INFO - Processing file /opt/airflow/dags/env/Scripts/numpy-config.exe for tasks to queue
[2025-03-31T09:17:23.863+0000] {logging_mixin.py:190} INFO - [2025-03-31T09:17:23.862+0000] {dagbag.py:588} INFO - Filling up the DagBag from /opt/airflow/dags/env/Scripts/numpy-config.exe
[2025-03-31T09:17:23.878+0000] {logging_mixin.py:190} INFO - [2025-03-31T09:17:23.878+0000] {dagbag.py:435} INFO - File /opt/airflow/dags/env/Scripts/numpy-config.exe:__main__.py assumed to contain no DAGs. Skipping.
[2025-03-31T09:17:23.880+0000] {processor.py:927} WARNING - No viable dags retrieved from /opt/airflow/dags/env/Scripts/numpy-config.exe
[2025-03-31T09:17:23.917+0000] {processor.py:208} INFO - Processing /opt/airflow/dags/env/Scripts/numpy-config.exe took 0.072 seconds
[2025-03-31T09:17:55.588+0000] {processor.py:186} INFO - Started process (PID=8831) to work on /opt/airflow/dags/env/Scripts/numpy-config.exe
[2025-03-31T09:17:55.590+0000] {processor.py:914} INFO - Processing file /opt/airflow/dags/env/Scripts/numpy-config.exe for tasks to queue
[2025-03-31T09:17:55.596+0000] {logging_mixin.py:190} INFO - [2025-03-31T09:17:55.595+0000] {dagbag.py:588} INFO - Filling up the DagBag from /opt/airflow/dags/env/Scripts/numpy-config.exe
[2025-03-31T09:17:55.615+0000] {logging_mixin.py:190} INFO - [2025-03-31T09:17:55.615+0000] {dagbag.py:435} INFO - File /opt/airflow/dags/env/Scripts/numpy-config.exe:__main__.py assumed to contain no DAGs. Skipping.
[2025-03-31T09:17:55.617+0000] {processor.py:927} WARNING - No viable dags retrieved from /opt/airflow/dags/env/Scripts/numpy-config.exe
[2025-03-31T09:17:55.651+0000] {processor.py:208} INFO - Processing /opt/airflow/dags/env/Scripts/numpy-config.exe took 0.077 seconds
[2025-03-31T09:18:48.042+0000] {processor.py:186} INFO - Started process (PID=8864) to work on /opt/airflow/dags/env/Scripts/numpy-config.exe
[2025-03-31T09:18:48.044+0000] {processor.py:914} INFO - Processing file /opt/airflow/dags/env/Scripts/numpy-config.exe for tasks to queue
[2025-03-31T09:18:48.049+0000] {logging_mixin.py:190} INFO - [2025-03-31T09:18:48.048+0000] {dagbag.py:588} INFO - Filling up the DagBag from /opt/airflow/dags/env/Scripts/numpy-config.exe
[2025-03-31T09:18:48.063+0000] {logging_mixin.py:190} INFO - [2025-03-31T09:18:48.063+0000] {dagbag.py:435} INFO - File /opt/airflow/dags/env/Scripts/numpy-config.exe:__main__.py assumed to contain no DAGs. Skipping.
[2025-03-31T09:18:48.065+0000] {processor.py:927} WARNING - No viable dags retrieved from /opt/airflow/dags/env/Scripts/numpy-config.exe
[2025-03-31T09:18:48.104+0000] {processor.py:208} INFO - Processing /opt/airflow/dags/env/Scripts/numpy-config.exe took 0.072 seconds
[2025-03-31T09:19:19.466+0000] {processor.py:186} INFO - Started process (PID=8888) to work on /opt/airflow/dags/env/Scripts/numpy-config.exe
[2025-03-31T09:19:19.467+0000] {processor.py:914} INFO - Processing file /opt/airflow/dags/env/Scripts/numpy-config.exe for tasks to queue
[2025-03-31T09:19:19.474+0000] {logging_mixin.py:190} INFO - [2025-03-31T09:19:19.473+0000] {dagbag.py:588} INFO - Filling up the DagBag from /opt/airflow/dags/env/Scripts/numpy-config.exe
[2025-03-31T09:19:19.489+0000] {logging_mixin.py:190} INFO - [2025-03-31T09:19:19.489+0000] {dagbag.py:435} INFO - File /opt/airflow/dags/env/Scripts/numpy-config.exe:__main__.py assumed to contain no DAGs. Skipping.
[2025-03-31T09:19:19.490+0000] {processor.py:927} WARNING - No viable dags retrieved from /opt/airflow/dags/env/Scripts/numpy-config.exe
[2025-03-31T09:19:19.521+0000] {processor.py:208} INFO - Processing /opt/airflow/dags/env/Scripts/numpy-config.exe took 0.063 seconds
[2025-03-31T09:22:26.817+0000] {processor.py:186} INFO - Started process (PID=8922) to work on /opt/airflow/dags/env/Scripts/numpy-config.exe
[2025-03-31T09:22:26.819+0000] {processor.py:914} INFO - Processing file /opt/airflow/dags/env/Scripts/numpy-config.exe for tasks to queue
[2025-03-31T09:22:26.825+0000] {logging_mixin.py:190} INFO - [2025-03-31T09:22:26.825+0000] {dagbag.py:588} INFO - Filling up the DagBag from /opt/airflow/dags/env/Scripts/numpy-config.exe
[2025-03-31T09:22:26.842+0000] {logging_mixin.py:190} INFO - [2025-03-31T09:22:26.841+0000] {dagbag.py:435} INFO - File /opt/airflow/dags/env/Scripts/numpy-config.exe:__main__.py assumed to contain no DAGs. Skipping.
[2025-03-31T09:22:26.844+0000] {processor.py:927} WARNING - No viable dags retrieved from /opt/airflow/dags/env/Scripts/numpy-config.exe
[2025-03-31T09:22:26.876+0000] {processor.py:208} INFO - Processing /opt/airflow/dags/env/Scripts/numpy-config.exe took 0.070 seconds
[2025-03-31T09:22:58.520+0000] {processor.py:186} INFO - Started process (PID=8946) to work on /opt/airflow/dags/env/Scripts/numpy-config.exe
[2025-03-31T09:22:58.522+0000] {processor.py:914} INFO - Processing file /opt/airflow/dags/env/Scripts/numpy-config.exe for tasks to queue
[2025-03-31T09:22:58.527+0000] {logging_mixin.py:190} INFO - [2025-03-31T09:22:58.527+0000] {dagbag.py:588} INFO - Filling up the DagBag from /opt/airflow/dags/env/Scripts/numpy-config.exe
[2025-03-31T09:22:58.542+0000] {logging_mixin.py:190} INFO - [2025-03-31T09:22:58.541+0000] {dagbag.py:435} INFO - File /opt/airflow/dags/env/Scripts/numpy-config.exe:__main__.py assumed to contain no DAGs. Skipping.
[2025-03-31T09:22:58.543+0000] {processor.py:927} WARNING - No viable dags retrieved from /opt/airflow/dags/env/Scripts/numpy-config.exe
[2025-03-31T09:22:58.572+0000] {processor.py:208} INFO - Processing /opt/airflow/dags/env/Scripts/numpy-config.exe took 0.064 seconds
[2025-03-31T09:23:51.829+0000] {processor.py:186} INFO - Started process (PID=8977) to work on /opt/airflow/dags/env/Scripts/numpy-config.exe
[2025-03-31T09:23:51.831+0000] {processor.py:914} INFO - Processing file /opt/airflow/dags/env/Scripts/numpy-config.exe for tasks to queue
[2025-03-31T09:23:51.848+0000] {logging_mixin.py:190} INFO - [2025-03-31T09:23:51.848+0000] {dagbag.py:588} INFO - Filling up the DagBag from /opt/airflow/dags/env/Scripts/numpy-config.exe
[2025-03-31T09:23:51.874+0000] {logging_mixin.py:190} INFO - [2025-03-31T09:23:51.873+0000] {dagbag.py:435} INFO - File /opt/airflow/dags/env/Scripts/numpy-config.exe:__main__.py assumed to contain no DAGs. Skipping.
[2025-03-31T09:23:51.875+0000] {processor.py:927} WARNING - No viable dags retrieved from /opt/airflow/dags/env/Scripts/numpy-config.exe
[2025-03-31T09:23:51.921+0000] {processor.py:208} INFO - Processing /opt/airflow/dags/env/Scripts/numpy-config.exe took 0.121 seconds
[2025-03-31T09:24:24.434+0000] {processor.py:186} INFO - Started process (PID=9001) to work on /opt/airflow/dags/env/Scripts/numpy-config.exe
[2025-03-31T09:24:24.436+0000] {processor.py:914} INFO - Processing file /opt/airflow/dags/env/Scripts/numpy-config.exe for tasks to queue
[2025-03-31T09:24:24.442+0000] {logging_mixin.py:190} INFO - [2025-03-31T09:24:24.441+0000] {dagbag.py:588} INFO - Filling up the DagBag from /opt/airflow/dags/env/Scripts/numpy-config.exe
[2025-03-31T09:24:24.460+0000] {logging_mixin.py:190} INFO - [2025-03-31T09:24:24.460+0000] {dagbag.py:435} INFO - File /opt/airflow/dags/env/Scripts/numpy-config.exe:__main__.py assumed to contain no DAGs. Skipping.
[2025-03-31T09:24:24.462+0000] {processor.py:927} WARNING - No viable dags retrieved from /opt/airflow/dags/env/Scripts/numpy-config.exe
[2025-03-31T09:24:24.493+0000] {processor.py:208} INFO - Processing /opt/airflow/dags/env/Scripts/numpy-config.exe took 0.069 seconds
[2025-03-31T09:27:27.831+0000] {processor.py:186} INFO - Started process (PID=9033) to work on /opt/airflow/dags/env/Scripts/numpy-config.exe
[2025-03-31T09:27:27.832+0000] {processor.py:914} INFO - Processing file /opt/airflow/dags/env/Scripts/numpy-config.exe for tasks to queue
[2025-03-31T09:27:27.838+0000] {logging_mixin.py:190} INFO - [2025-03-31T09:27:27.837+0000] {dagbag.py:588} INFO - Filling up the DagBag from /opt/airflow/dags/env/Scripts/numpy-config.exe
[2025-03-31T09:27:27.854+0000] {logging_mixin.py:190} INFO - [2025-03-31T09:27:27.854+0000] {dagbag.py:435} INFO - File /opt/airflow/dags/env/Scripts/numpy-config.exe:__main__.py assumed to contain no DAGs. Skipping.
[2025-03-31T09:27:27.856+0000] {processor.py:927} WARNING - No viable dags retrieved from /opt/airflow/dags/env/Scripts/numpy-config.exe
[2025-03-31T09:27:27.891+0000] {processor.py:208} INFO - Processing /opt/airflow/dags/env/Scripts/numpy-config.exe took 0.072 seconds
[2025-03-31T09:27:59.898+0000] {processor.py:186} INFO - Started process (PID=9057) to work on /opt/airflow/dags/env/Scripts/numpy-config.exe
[2025-03-31T09:27:59.900+0000] {processor.py:914} INFO - Processing file /opt/airflow/dags/env/Scripts/numpy-config.exe for tasks to queue
[2025-03-31T09:27:59.906+0000] {logging_mixin.py:190} INFO - [2025-03-31T09:27:59.906+0000] {dagbag.py:588} INFO - Filling up the DagBag from /opt/airflow/dags/env/Scripts/numpy-config.exe
[2025-03-31T09:27:59.923+0000] {logging_mixin.py:190} INFO - [2025-03-31T09:27:59.923+0000] {dagbag.py:435} INFO - File /opt/airflow/dags/env/Scripts/numpy-config.exe:__main__.py assumed to contain no DAGs. Skipping.
[2025-03-31T09:27:59.924+0000] {processor.py:927} WARNING - No viable dags retrieved from /opt/airflow/dags/env/Scripts/numpy-config.exe
[2025-03-31T09:27:59.953+0000] {processor.py:208} INFO - Processing /opt/airflow/dags/env/Scripts/numpy-config.exe took 0.067 seconds
[2025-03-31T09:28:51.747+0000] {processor.py:186} INFO - Started process (PID=9088) to work on /opt/airflow/dags/env/Scripts/numpy-config.exe
[2025-03-31T09:28:51.748+0000] {processor.py:914} INFO - Processing file /opt/airflow/dags/env/Scripts/numpy-config.exe for tasks to queue
[2025-03-31T09:28:51.754+0000] {logging_mixin.py:190} INFO - [2025-03-31T09:28:51.753+0000] {dagbag.py:588} INFO - Filling up the DagBag from /opt/airflow/dags/env/Scripts/numpy-config.exe
[2025-03-31T09:28:51.768+0000] {logging_mixin.py:190} INFO - [2025-03-31T09:28:51.768+0000] {dagbag.py:435} INFO - File /opt/airflow/dags/env/Scripts/numpy-config.exe:__main__.py assumed to contain no DAGs. Skipping.
[2025-03-31T09:28:51.770+0000] {processor.py:927} WARNING - No viable dags retrieved from /opt/airflow/dags/env/Scripts/numpy-config.exe
[2025-03-31T09:28:51.803+0000] {processor.py:208} INFO - Processing /opt/airflow/dags/env/Scripts/numpy-config.exe took 0.068 seconds
[2025-03-31T09:29:23.238+0000] {processor.py:186} INFO - Started process (PID=9112) to work on /opt/airflow/dags/env/Scripts/numpy-config.exe
[2025-03-31T09:29:23.239+0000] {processor.py:914} INFO - Processing file /opt/airflow/dags/env/Scripts/numpy-config.exe for tasks to queue
[2025-03-31T09:29:23.245+0000] {logging_mixin.py:190} INFO - [2025-03-31T09:29:23.244+0000] {dagbag.py:588} INFO - Filling up the DagBag from /opt/airflow/dags/env/Scripts/numpy-config.exe
[2025-03-31T09:29:23.259+0000] {logging_mixin.py:190} INFO - [2025-03-31T09:29:23.258+0000] {dagbag.py:435} INFO - File /opt/airflow/dags/env/Scripts/numpy-config.exe:__main__.py assumed to contain no DAGs. Skipping.
[2025-03-31T09:29:23.260+0000] {processor.py:927} WARNING - No viable dags retrieved from /opt/airflow/dags/env/Scripts/numpy-config.exe
[2025-03-31T09:29:23.288+0000] {processor.py:208} INFO - Processing /opt/airflow/dags/env/Scripts/numpy-config.exe took 0.062 seconds
[2025-03-31T09:32:27.386+0000] {processor.py:186} INFO - Started process (PID=9144) to work on /opt/airflow/dags/env/Scripts/numpy-config.exe
[2025-03-31T09:32:27.387+0000] {processor.py:914} INFO - Processing file /opt/airflow/dags/env/Scripts/numpy-config.exe for tasks to queue
[2025-03-31T09:32:27.393+0000] {logging_mixin.py:190} INFO - [2025-03-31T09:32:27.392+0000] {dagbag.py:588} INFO - Filling up the DagBag from /opt/airflow/dags/env/Scripts/numpy-config.exe
[2025-03-31T09:32:27.407+0000] {logging_mixin.py:190} INFO - [2025-03-31T09:32:27.406+0000] {dagbag.py:435} INFO - File /opt/airflow/dags/env/Scripts/numpy-config.exe:__main__.py assumed to contain no DAGs. Skipping.
[2025-03-31T09:32:27.408+0000] {processor.py:927} WARNING - No viable dags retrieved from /opt/airflow/dags/env/Scripts/numpy-config.exe
[2025-03-31T09:32:27.436+0000] {processor.py:208} INFO - Processing /opt/airflow/dags/env/Scripts/numpy-config.exe took 0.061 seconds
[2025-03-31T09:32:59.352+0000] {processor.py:186} INFO - Started process (PID=9168) to work on /opt/airflow/dags/env/Scripts/numpy-config.exe
[2025-03-31T09:32:59.354+0000] {processor.py:914} INFO - Processing file /opt/airflow/dags/env/Scripts/numpy-config.exe for tasks to queue
[2025-03-31T09:32:59.359+0000] {logging_mixin.py:190} INFO - [2025-03-31T09:32:59.358+0000] {dagbag.py:588} INFO - Filling up the DagBag from /opt/airflow/dags/env/Scripts/numpy-config.exe
[2025-03-31T09:32:59.376+0000] {logging_mixin.py:190} INFO - [2025-03-31T09:32:59.375+0000] {dagbag.py:435} INFO - File /opt/airflow/dags/env/Scripts/numpy-config.exe:__main__.py assumed to contain no DAGs. Skipping.
[2025-03-31T09:32:59.377+0000] {processor.py:927} WARNING - No viable dags retrieved from /opt/airflow/dags/env/Scripts/numpy-config.exe
[2025-03-31T09:32:59.411+0000] {processor.py:208} INFO - Processing /opt/airflow/dags/env/Scripts/numpy-config.exe took 0.070 seconds
[2025-03-31T09:33:52.548+0000] {processor.py:186} INFO - Started process (PID=9200) to work on /opt/airflow/dags/env/Scripts/numpy-config.exe
[2025-03-31T09:33:52.550+0000] {processor.py:914} INFO - Processing file /opt/airflow/dags/env/Scripts/numpy-config.exe for tasks to queue
[2025-03-31T09:33:52.557+0000] {logging_mixin.py:190} INFO - [2025-03-31T09:33:52.556+0000] {dagbag.py:588} INFO - Filling up the DagBag from /opt/airflow/dags/env/Scripts/numpy-config.exe
[2025-03-31T09:33:52.573+0000] {logging_mixin.py:190} INFO - [2025-03-31T09:33:52.573+0000] {dagbag.py:435} INFO - File /opt/airflow/dags/env/Scripts/numpy-config.exe:__main__.py assumed to contain no DAGs. Skipping.
[2025-03-31T09:33:52.575+0000] {processor.py:927} WARNING - No viable dags retrieved from /opt/airflow/dags/env/Scripts/numpy-config.exe
[2025-03-31T09:33:52.616+0000] {processor.py:208} INFO - Processing /opt/airflow/dags/env/Scripts/numpy-config.exe took 0.088 seconds
[2025-03-31T09:34:23.457+0000] {processor.py:186} INFO - Started process (PID=9224) to work on /opt/airflow/dags/env/Scripts/numpy-config.exe
[2025-03-31T09:34:23.459+0000] {processor.py:914} INFO - Processing file /opt/airflow/dags/env/Scripts/numpy-config.exe for tasks to queue
[2025-03-31T09:34:23.465+0000] {logging_mixin.py:190} INFO - [2025-03-31T09:34:23.464+0000] {dagbag.py:588} INFO - Filling up the DagBag from /opt/airflow/dags/env/Scripts/numpy-config.exe
[2025-03-31T09:34:23.481+0000] {logging_mixin.py:190} INFO - [2025-03-31T09:34:23.481+0000] {dagbag.py:435} INFO - File /opt/airflow/dags/env/Scripts/numpy-config.exe:__main__.py assumed to contain no DAGs. Skipping.
[2025-03-31T09:34:23.482+0000] {processor.py:927} WARNING - No viable dags retrieved from /opt/airflow/dags/env/Scripts/numpy-config.exe
[2025-03-31T09:34:23.515+0000] {processor.py:208} INFO - Processing /opt/airflow/dags/env/Scripts/numpy-config.exe took 0.069 seconds
[2025-03-31T09:37:35.742+0000] {processor.py:186} INFO - Started process (PID=9257) to work on /opt/airflow/dags/env/Scripts/numpy-config.exe
[2025-03-31T09:37:35.745+0000] {processor.py:914} INFO - Processing file /opt/airflow/dags/env/Scripts/numpy-config.exe for tasks to queue
[2025-03-31T09:37:35.754+0000] {logging_mixin.py:190} INFO - [2025-03-31T09:37:35.753+0000] {dagbag.py:588} INFO - Filling up the DagBag from /opt/airflow/dags/env/Scripts/numpy-config.exe
[2025-03-31T09:37:35.775+0000] {logging_mixin.py:190} INFO - [2025-03-31T09:37:35.775+0000] {dagbag.py:435} INFO - File /opt/airflow/dags/env/Scripts/numpy-config.exe:__main__.py assumed to contain no DAGs. Skipping.
[2025-03-31T09:37:35.777+0000] {processor.py:927} WARNING - No viable dags retrieved from /opt/airflow/dags/env/Scripts/numpy-config.exe
[2025-03-31T09:37:35.833+0000] {processor.py:208} INFO - Processing /opt/airflow/dags/env/Scripts/numpy-config.exe took 0.113 seconds
[2025-03-31T09:38:06.654+0000] {processor.py:186} INFO - Started process (PID=9281) to work on /opt/airflow/dags/env/Scripts/numpy-config.exe
[2025-03-31T09:38:06.656+0000] {processor.py:914} INFO - Processing file /opt/airflow/dags/env/Scripts/numpy-config.exe for tasks to queue
[2025-03-31T09:38:06.664+0000] {logging_mixin.py:190} INFO - [2025-03-31T09:38:06.663+0000] {dagbag.py:588} INFO - Filling up the DagBag from /opt/airflow/dags/env/Scripts/numpy-config.exe
[2025-03-31T09:38:06.683+0000] {logging_mixin.py:190} INFO - [2025-03-31T09:38:06.682+0000] {dagbag.py:435} INFO - File /opt/airflow/dags/env/Scripts/numpy-config.exe:__main__.py assumed to contain no DAGs. Skipping.
[2025-03-31T09:38:06.684+0000] {processor.py:927} WARNING - No viable dags retrieved from /opt/airflow/dags/env/Scripts/numpy-config.exe
[2025-03-31T09:38:06.719+0000] {processor.py:208} INFO - Processing /opt/airflow/dags/env/Scripts/numpy-config.exe took 0.084 seconds
[2025-03-31T09:39:00.428+0000] {processor.py:186} INFO - Started process (PID=9307) to work on /opt/airflow/dags/env/Scripts/numpy-config.exe
[2025-03-31T09:39:00.430+0000] {processor.py:914} INFO - Processing file /opt/airflow/dags/env/Scripts/numpy-config.exe for tasks to queue
[2025-03-31T09:39:00.435+0000] {logging_mixin.py:190} INFO - [2025-03-31T09:39:00.435+0000] {dagbag.py:588} INFO - Filling up the DagBag from /opt/airflow/dags/env/Scripts/numpy-config.exe
[2025-03-31T09:39:00.449+0000] {logging_mixin.py:190} INFO - [2025-03-31T09:39:00.448+0000] {dagbag.py:435} INFO - File /opt/airflow/dags/env/Scripts/numpy-config.exe:__main__.py assumed to contain no DAGs. Skipping.
[2025-03-31T09:39:00.450+0000] {processor.py:927} WARNING - No viable dags retrieved from /opt/airflow/dags/env/Scripts/numpy-config.exe
[2025-03-31T09:39:00.497+0000] {processor.py:208} INFO - Processing /opt/airflow/dags/env/Scripts/numpy-config.exe took 0.077 seconds
[2025-03-31T09:39:31.887+0000] {processor.py:186} INFO - Started process (PID=9331) to work on /opt/airflow/dags/env/Scripts/numpy-config.exe
[2025-03-31T09:39:31.890+0000] {processor.py:914} INFO - Processing file /opt/airflow/dags/env/Scripts/numpy-config.exe for tasks to queue
[2025-03-31T09:39:31.897+0000] {logging_mixin.py:190} INFO - [2025-03-31T09:39:31.896+0000] {dagbag.py:588} INFO - Filling up the DagBag from /opt/airflow/dags/env/Scripts/numpy-config.exe
[2025-03-31T09:39:31.911+0000] {logging_mixin.py:190} INFO - [2025-03-31T09:39:31.911+0000] {dagbag.py:435} INFO - File /opt/airflow/dags/env/Scripts/numpy-config.exe:__main__.py assumed to contain no DAGs. Skipping.
[2025-03-31T09:39:31.912+0000] {processor.py:927} WARNING - No viable dags retrieved from /opt/airflow/dags/env/Scripts/numpy-config.exe
[2025-03-31T09:39:31.965+0000] {processor.py:208} INFO - Processing /opt/airflow/dags/env/Scripts/numpy-config.exe took 0.091 seconds
[2025-03-31T09:42:37.259+0000] {processor.py:186} INFO - Started process (PID=9358) to work on /opt/airflow/dags/env/Scripts/numpy-config.exe
[2025-03-31T09:42:37.261+0000] {processor.py:914} INFO - Processing file /opt/airflow/dags/env/Scripts/numpy-config.exe for tasks to queue
[2025-03-31T09:42:37.266+0000] {logging_mixin.py:190} INFO - [2025-03-31T09:42:37.265+0000] {dagbag.py:588} INFO - Filling up the DagBag from /opt/airflow/dags/env/Scripts/numpy-config.exe
[2025-03-31T09:42:37.280+0000] {logging_mixin.py:190} INFO - [2025-03-31T09:42:37.280+0000] {dagbag.py:435} INFO - File /opt/airflow/dags/env/Scripts/numpy-config.exe:__main__.py assumed to contain no DAGs. Skipping.
[2025-03-31T09:42:37.281+0000] {processor.py:927} WARNING - No viable dags retrieved from /opt/airflow/dags/env/Scripts/numpy-config.exe
[2025-03-31T09:42:37.309+0000] {processor.py:208} INFO - Processing /opt/airflow/dags/env/Scripts/numpy-config.exe took 0.061 seconds
[2025-03-31T09:43:07.820+0000] {processor.py:186} INFO - Started process (PID=9382) to work on /opt/airflow/dags/env/Scripts/numpy-config.exe
[2025-03-31T09:43:07.822+0000] {processor.py:914} INFO - Processing file /opt/airflow/dags/env/Scripts/numpy-config.exe for tasks to queue
[2025-03-31T09:43:07.830+0000] {logging_mixin.py:190} INFO - [2025-03-31T09:43:07.829+0000] {dagbag.py:588} INFO - Filling up the DagBag from /opt/airflow/dags/env/Scripts/numpy-config.exe
[2025-03-31T09:43:07.848+0000] {logging_mixin.py:190} INFO - [2025-03-31T09:43:07.848+0000] {dagbag.py:435} INFO - File /opt/airflow/dags/env/Scripts/numpy-config.exe:__main__.py assumed to contain no DAGs. Skipping.
[2025-03-31T09:43:07.850+0000] {processor.py:927} WARNING - No viable dags retrieved from /opt/airflow/dags/env/Scripts/numpy-config.exe
[2025-03-31T09:43:07.896+0000] {processor.py:208} INFO - Processing /opt/airflow/dags/env/Scripts/numpy-config.exe took 0.092 seconds
[2025-03-31T09:44:02.416+0000] {processor.py:186} INFO - Started process (PID=9408) to work on /opt/airflow/dags/env/Scripts/numpy-config.exe
[2025-03-31T09:44:02.418+0000] {processor.py:914} INFO - Processing file /opt/airflow/dags/env/Scripts/numpy-config.exe for tasks to queue
[2025-03-31T09:44:02.423+0000] {logging_mixin.py:190} INFO - [2025-03-31T09:44:02.423+0000] {dagbag.py:588} INFO - Filling up the DagBag from /opt/airflow/dags/env/Scripts/numpy-config.exe
[2025-03-31T09:44:02.438+0000] {logging_mixin.py:190} INFO - [2025-03-31T09:44:02.437+0000] {dagbag.py:435} INFO - File /opt/airflow/dags/env/Scripts/numpy-config.exe:__main__.py assumed to contain no DAGs. Skipping.
[2025-03-31T09:44:02.439+0000] {processor.py:927} WARNING - No viable dags retrieved from /opt/airflow/dags/env/Scripts/numpy-config.exe
[2025-03-31T09:44:02.468+0000] {processor.py:208} INFO - Processing /opt/airflow/dags/env/Scripts/numpy-config.exe took 0.068 seconds
[2025-03-31T09:44:34.025+0000] {processor.py:186} INFO - Started process (PID=9432) to work on /opt/airflow/dags/env/Scripts/numpy-config.exe
[2025-03-31T09:44:34.026+0000] {processor.py:914} INFO - Processing file /opt/airflow/dags/env/Scripts/numpy-config.exe for tasks to queue
[2025-03-31T09:44:34.032+0000] {logging_mixin.py:190} INFO - [2025-03-31T09:44:34.031+0000] {dagbag.py:588} INFO - Filling up the DagBag from /opt/airflow/dags/env/Scripts/numpy-config.exe
[2025-03-31T09:44:34.059+0000] {logging_mixin.py:190} INFO - [2025-03-31T09:44:34.058+0000] {dagbag.py:435} INFO - File /opt/airflow/dags/env/Scripts/numpy-config.exe:__main__.py assumed to contain no DAGs. Skipping.
[2025-03-31T09:44:34.061+0000] {processor.py:927} WARNING - No viable dags retrieved from /opt/airflow/dags/env/Scripts/numpy-config.exe
[2025-03-31T09:44:34.112+0000] {processor.py:208} INFO - Processing /opt/airflow/dags/env/Scripts/numpy-config.exe took 0.098 seconds
[2025-03-31T09:47:35.445+0000] {processor.py:186} INFO - Started process (PID=9458) to work on /opt/airflow/dags/env/Scripts/numpy-config.exe
[2025-03-31T09:47:35.447+0000] {processor.py:914} INFO - Processing file /opt/airflow/dags/env/Scripts/numpy-config.exe for tasks to queue
[2025-03-31T09:47:35.451+0000] {logging_mixin.py:190} INFO - [2025-03-31T09:47:35.450+0000] {dagbag.py:588} INFO - Filling up the DagBag from /opt/airflow/dags/env/Scripts/numpy-config.exe
[2025-03-31T09:47:35.463+0000] {logging_mixin.py:190} INFO - [2025-03-31T09:47:35.463+0000] {dagbag.py:435} INFO - File /opt/airflow/dags/env/Scripts/numpy-config.exe:__main__.py assumed to contain no DAGs. Skipping.
[2025-03-31T09:47:35.464+0000] {processor.py:927} WARNING - No viable dags retrieved from /opt/airflow/dags/env/Scripts/numpy-config.exe
[2025-03-31T09:47:35.495+0000] {processor.py:208} INFO - Processing /opt/airflow/dags/env/Scripts/numpy-config.exe took 0.063 seconds
[2025-03-31T09:48:07.380+0000] {processor.py:186} INFO - Started process (PID=9482) to work on /opt/airflow/dags/env/Scripts/numpy-config.exe
[2025-03-31T09:48:07.382+0000] {processor.py:914} INFO - Processing file /opt/airflow/dags/env/Scripts/numpy-config.exe for tasks to queue
[2025-03-31T09:48:07.387+0000] {logging_mixin.py:190} INFO - [2025-03-31T09:48:07.386+0000] {dagbag.py:588} INFO - Filling up the DagBag from /opt/airflow/dags/env/Scripts/numpy-config.exe
[2025-03-31T09:48:07.403+0000] {logging_mixin.py:190} INFO - [2025-03-31T09:48:07.402+0000] {dagbag.py:435} INFO - File /opt/airflow/dags/env/Scripts/numpy-config.exe:__main__.py assumed to contain no DAGs. Skipping.
[2025-03-31T09:48:07.404+0000] {processor.py:927} WARNING - No viable dags retrieved from /opt/airflow/dags/env/Scripts/numpy-config.exe
[2025-03-31T09:48:07.434+0000] {processor.py:208} INFO - Processing /opt/airflow/dags/env/Scripts/numpy-config.exe took 0.065 seconds
[2025-03-31T09:48:54.785+0000] {processor.py:186} INFO - Started process (PID=9510) to work on /opt/airflow/dags/env/Scripts/numpy-config.exe
[2025-03-31T09:48:54.787+0000] {processor.py:914} INFO - Processing file /opt/airflow/dags/env/Scripts/numpy-config.exe for tasks to queue
[2025-03-31T09:48:54.793+0000] {logging_mixin.py:190} INFO - [2025-03-31T09:48:54.793+0000] {dagbag.py:588} INFO - Filling up the DagBag from /opt/airflow/dags/env/Scripts/numpy-config.exe
[2025-03-31T09:48:54.811+0000] {logging_mixin.py:190} INFO - [2025-03-31T09:48:54.811+0000] {dagbag.py:435} INFO - File /opt/airflow/dags/env/Scripts/numpy-config.exe:__main__.py assumed to contain no DAGs. Skipping.
[2025-03-31T09:48:54.813+0000] {processor.py:927} WARNING - No viable dags retrieved from /opt/airflow/dags/env/Scripts/numpy-config.exe
[2025-03-31T09:48:54.848+0000] {processor.py:208} INFO - Processing /opt/airflow/dags/env/Scripts/numpy-config.exe took 0.074 seconds
[2025-03-31T09:49:25.594+0000] {processor.py:186} INFO - Started process (PID=9534) to work on /opt/airflow/dags/env/Scripts/numpy-config.exe
[2025-03-31T09:49:25.596+0000] {processor.py:914} INFO - Processing file /opt/airflow/dags/env/Scripts/numpy-config.exe for tasks to queue
[2025-03-31T09:49:25.603+0000] {logging_mixin.py:190} INFO - [2025-03-31T09:49:25.603+0000] {dagbag.py:588} INFO - Filling up the DagBag from /opt/airflow/dags/env/Scripts/numpy-config.exe
[2025-03-31T09:49:25.622+0000] {logging_mixin.py:190} INFO - [2025-03-31T09:49:25.621+0000] {dagbag.py:435} INFO - File /opt/airflow/dags/env/Scripts/numpy-config.exe:__main__.py assumed to contain no DAGs. Skipping.
[2025-03-31T09:49:25.623+0000] {processor.py:927} WARNING - No viable dags retrieved from /opt/airflow/dags/env/Scripts/numpy-config.exe
[2025-03-31T09:49:25.659+0000] {processor.py:208} INFO - Processing /opt/airflow/dags/env/Scripts/numpy-config.exe took 0.073 seconds
[2025-03-31T09:52:27.163+0000] {processor.py:186} INFO - Started process (PID=9566) to work on /opt/airflow/dags/env/Scripts/numpy-config.exe
[2025-03-31T09:52:27.165+0000] {processor.py:914} INFO - Processing file /opt/airflow/dags/env/Scripts/numpy-config.exe for tasks to queue
[2025-03-31T09:52:27.171+0000] {logging_mixin.py:190} INFO - [2025-03-31T09:52:27.171+0000] {dagbag.py:588} INFO - Filling up the DagBag from /opt/airflow/dags/env/Scripts/numpy-config.exe
[2025-03-31T09:52:27.202+0000] {logging_mixin.py:190} INFO - [2025-03-31T09:52:27.201+0000] {dagbag.py:435} INFO - File /opt/airflow/dags/env/Scripts/numpy-config.exe:__main__.py assumed to contain no DAGs. Skipping.
[2025-03-31T09:52:27.204+0000] {processor.py:927} WARNING - No viable dags retrieved from /opt/airflow/dags/env/Scripts/numpy-config.exe
[2025-03-31T09:52:27.249+0000] {processor.py:208} INFO - Processing /opt/airflow/dags/env/Scripts/numpy-config.exe took 0.101 seconds
[2025-03-31T09:52:58.729+0000] {processor.py:186} INFO - Started process (PID=9590) to work on /opt/airflow/dags/env/Scripts/numpy-config.exe
[2025-03-31T09:52:58.731+0000] {processor.py:914} INFO - Processing file /opt/airflow/dags/env/Scripts/numpy-config.exe for tasks to queue
[2025-03-31T09:52:58.738+0000] {logging_mixin.py:190} INFO - [2025-03-31T09:52:58.737+0000] {dagbag.py:588} INFO - Filling up the DagBag from /opt/airflow/dags/env/Scripts/numpy-config.exe
[2025-03-31T09:52:58.757+0000] {logging_mixin.py:190} INFO - [2025-03-31T09:52:58.756+0000] {dagbag.py:435} INFO - File /opt/airflow/dags/env/Scripts/numpy-config.exe:__main__.py assumed to contain no DAGs. Skipping.
[2025-03-31T09:52:58.759+0000] {processor.py:927} WARNING - No viable dags retrieved from /opt/airflow/dags/env/Scripts/numpy-config.exe
[2025-03-31T09:52:58.794+0000] {processor.py:208} INFO - Processing /opt/airflow/dags/env/Scripts/numpy-config.exe took 0.073 seconds
[2025-03-31T09:53:52.496+0000] {processor.py:186} INFO - Started process (PID=9625) to work on /opt/airflow/dags/env/Scripts/numpy-config.exe
[2025-03-31T09:53:52.499+0000] {processor.py:914} INFO - Processing file /opt/airflow/dags/env/Scripts/numpy-config.exe for tasks to queue
[2025-03-31T09:53:52.505+0000] {logging_mixin.py:190} INFO - [2025-03-31T09:53:52.504+0000] {dagbag.py:588} INFO - Filling up the DagBag from /opt/airflow/dags/env/Scripts/numpy-config.exe
[2025-03-31T09:53:52.522+0000] {logging_mixin.py:190} INFO - [2025-03-31T09:53:52.522+0000] {dagbag.py:435} INFO - File /opt/airflow/dags/env/Scripts/numpy-config.exe:__main__.py assumed to contain no DAGs. Skipping.
[2025-03-31T09:53:52.525+0000] {processor.py:927} WARNING - No viable dags retrieved from /opt/airflow/dags/env/Scripts/numpy-config.exe
[2025-03-31T09:53:52.562+0000] {processor.py:208} INFO - Processing /opt/airflow/dags/env/Scripts/numpy-config.exe took 0.077 seconds
[2025-03-31T09:54:24.122+0000] {processor.py:186} INFO - Started process (PID=9649) to work on /opt/airflow/dags/env/Scripts/numpy-config.exe
[2025-03-31T09:54:24.124+0000] {processor.py:914} INFO - Processing file /opt/airflow/dags/env/Scripts/numpy-config.exe for tasks to queue
[2025-03-31T09:54:24.133+0000] {logging_mixin.py:190} INFO - [2025-03-31T09:54:24.131+0000] {dagbag.py:588} INFO - Filling up the DagBag from /opt/airflow/dags/env/Scripts/numpy-config.exe
[2025-03-31T09:54:24.156+0000] {logging_mixin.py:190} INFO - [2025-03-31T09:54:24.155+0000] {dagbag.py:435} INFO - File /opt/airflow/dags/env/Scripts/numpy-config.exe:__main__.py assumed to contain no DAGs. Skipping.
[2025-03-31T09:54:24.157+0000] {processor.py:927} WARNING - No viable dags retrieved from /opt/airflow/dags/env/Scripts/numpy-config.exe
[2025-03-31T09:54:24.189+0000] {processor.py:208} INFO - Processing /opt/airflow/dags/env/Scripts/numpy-config.exe took 0.085 seconds
[2025-03-31T09:57:30.205+0000] {processor.py:186} INFO - Started process (PID=9684) to work on /opt/airflow/dags/env/Scripts/numpy-config.exe
[2025-03-31T09:57:30.207+0000] {processor.py:914} INFO - Processing file /opt/airflow/dags/env/Scripts/numpy-config.exe for tasks to queue
[2025-03-31T09:57:30.213+0000] {logging_mixin.py:190} INFO - [2025-03-31T09:57:30.213+0000] {dagbag.py:588} INFO - Filling up the DagBag from /opt/airflow/dags/env/Scripts/numpy-config.exe
[2025-03-31T09:57:30.228+0000] {logging_mixin.py:190} INFO - [2025-03-31T09:57:30.227+0000] {dagbag.py:435} INFO - File /opt/airflow/dags/env/Scripts/numpy-config.exe:__main__.py assumed to contain no DAGs. Skipping.
[2025-03-31T09:57:30.229+0000] {processor.py:927} WARNING - No viable dags retrieved from /opt/airflow/dags/env/Scripts/numpy-config.exe
[2025-03-31T09:57:30.260+0000] {processor.py:208} INFO - Processing /opt/airflow/dags/env/Scripts/numpy-config.exe took 0.063 seconds
[2025-03-31T09:58:02.484+0000] {processor.py:186} INFO - Started process (PID=9708) to work on /opt/airflow/dags/env/Scripts/numpy-config.exe
[2025-03-31T09:58:02.486+0000] {processor.py:914} INFO - Processing file /opt/airflow/dags/env/Scripts/numpy-config.exe for tasks to queue
[2025-03-31T09:58:02.491+0000] {logging_mixin.py:190} INFO - [2025-03-31T09:58:02.490+0000] {dagbag.py:588} INFO - Filling up the DagBag from /opt/airflow/dags/env/Scripts/numpy-config.exe
[2025-03-31T09:58:02.507+0000] {logging_mixin.py:190} INFO - [2025-03-31T09:58:02.507+0000] {dagbag.py:435} INFO - File /opt/airflow/dags/env/Scripts/numpy-config.exe:__main__.py assumed to contain no DAGs. Skipping.
[2025-03-31T09:58:02.509+0000] {processor.py:927} WARNING - No viable dags retrieved from /opt/airflow/dags/env/Scripts/numpy-config.exe
[2025-03-31T09:58:02.544+0000] {processor.py:208} INFO - Processing /opt/airflow/dags/env/Scripts/numpy-config.exe took 0.073 seconds
[2025-03-31T09:58:52.464+0000] {processor.py:186} INFO - Started process (PID=9741) to work on /opt/airflow/dags/env/Scripts/numpy-config.exe
[2025-03-31T09:58:52.467+0000] {processor.py:914} INFO - Processing file /opt/airflow/dags/env/Scripts/numpy-config.exe for tasks to queue
[2025-03-31T09:58:52.479+0000] {logging_mixin.py:190} INFO - [2025-03-31T09:58:52.478+0000] {dagbag.py:588} INFO - Filling up the DagBag from /opt/airflow/dags/env/Scripts/numpy-config.exe
[2025-03-31T09:58:52.498+0000] {logging_mixin.py:190} INFO - [2025-03-31T09:58:52.498+0000] {dagbag.py:435} INFO - File /opt/airflow/dags/env/Scripts/numpy-config.exe:__main__.py assumed to contain no DAGs. Skipping.
[2025-03-31T09:58:52.500+0000] {processor.py:927} WARNING - No viable dags retrieved from /opt/airflow/dags/env/Scripts/numpy-config.exe
[2025-03-31T09:58:52.541+0000] {processor.py:208} INFO - Processing /opt/airflow/dags/env/Scripts/numpy-config.exe took 0.094 seconds
[2025-03-31T09:59:24.192+0000] {processor.py:186} INFO - Started process (PID=9765) to work on /opt/airflow/dags/env/Scripts/numpy-config.exe
[2025-03-31T09:59:24.198+0000] {processor.py:914} INFO - Processing file /opt/airflow/dags/env/Scripts/numpy-config.exe for tasks to queue
[2025-03-31T09:59:24.205+0000] {logging_mixin.py:190} INFO - [2025-03-31T09:59:24.204+0000] {dagbag.py:588} INFO - Filling up the DagBag from /opt/airflow/dags/env/Scripts/numpy-config.exe
[2025-03-31T09:59:24.223+0000] {logging_mixin.py:190} INFO - [2025-03-31T09:59:24.223+0000] {dagbag.py:435} INFO - File /opt/airflow/dags/env/Scripts/numpy-config.exe:__main__.py assumed to contain no DAGs. Skipping.
[2025-03-31T09:59:24.225+0000] {processor.py:927} WARNING - No viable dags retrieved from /opt/airflow/dags/env/Scripts/numpy-config.exe
[2025-03-31T09:59:24.275+0000] {processor.py:208} INFO - Processing /opt/airflow/dags/env/Scripts/numpy-config.exe took 0.099 seconds
[2025-03-31T10:02:31.405+0000] {processor.py:186} INFO - Started process (PID=9800) to work on /opt/airflow/dags/env/Scripts/numpy-config.exe
[2025-03-31T10:02:31.406+0000] {processor.py:914} INFO - Processing file /opt/airflow/dags/env/Scripts/numpy-config.exe for tasks to queue
[2025-03-31T10:02:31.411+0000] {logging_mixin.py:190} INFO - [2025-03-31T10:02:31.411+0000] {dagbag.py:588} INFO - Filling up the DagBag from /opt/airflow/dags/env/Scripts/numpy-config.exe
[2025-03-31T10:02:31.427+0000] {logging_mixin.py:190} INFO - [2025-03-31T10:02:31.426+0000] {dagbag.py:435} INFO - File /opt/airflow/dags/env/Scripts/numpy-config.exe:__main__.py assumed to contain no DAGs. Skipping.
[2025-03-31T10:02:31.429+0000] {processor.py:927} WARNING - No viable dags retrieved from /opt/airflow/dags/env/Scripts/numpy-config.exe
[2025-03-31T10:02:31.469+0000] {processor.py:208} INFO - Processing /opt/airflow/dags/env/Scripts/numpy-config.exe took 0.074 seconds
[2025-03-31T10:03:03.084+0000] {processor.py:186} INFO - Started process (PID=9824) to work on /opt/airflow/dags/env/Scripts/numpy-config.exe
[2025-03-31T10:03:03.085+0000] {processor.py:914} INFO - Processing file /opt/airflow/dags/env/Scripts/numpy-config.exe for tasks to queue
[2025-03-31T10:03:03.091+0000] {logging_mixin.py:190} INFO - [2025-03-31T10:03:03.090+0000] {dagbag.py:588} INFO - Filling up the DagBag from /opt/airflow/dags/env/Scripts/numpy-config.exe
[2025-03-31T10:03:03.105+0000] {logging_mixin.py:190} INFO - [2025-03-31T10:03:03.105+0000] {dagbag.py:435} INFO - File /opt/airflow/dags/env/Scripts/numpy-config.exe:__main__.py assumed to contain no DAGs. Skipping.
[2025-03-31T10:03:03.107+0000] {processor.py:927} WARNING - No viable dags retrieved from /opt/airflow/dags/env/Scripts/numpy-config.exe
[2025-03-31T10:03:03.135+0000] {processor.py:208} INFO - Processing /opt/airflow/dags/env/Scripts/numpy-config.exe took 0.062 seconds
[2025-03-31T10:03:54.152+0000] {processor.py:186} INFO - Started process (PID=9857) to work on /opt/airflow/dags/env/Scripts/numpy-config.exe
[2025-03-31T10:03:54.155+0000] {processor.py:914} INFO - Processing file /opt/airflow/dags/env/Scripts/numpy-config.exe for tasks to queue
[2025-03-31T10:03:54.162+0000] {logging_mixin.py:190} INFO - [2025-03-31T10:03:54.161+0000] {dagbag.py:588} INFO - Filling up the DagBag from /opt/airflow/dags/env/Scripts/numpy-config.exe
[2025-03-31T10:03:54.180+0000] {logging_mixin.py:190} INFO - [2025-03-31T10:03:54.179+0000] {dagbag.py:435} INFO - File /opt/airflow/dags/env/Scripts/numpy-config.exe:__main__.py assumed to contain no DAGs. Skipping.
[2025-03-31T10:03:54.182+0000] {processor.py:927} WARNING - No viable dags retrieved from /opt/airflow/dags/env/Scripts/numpy-config.exe
[2025-03-31T10:03:54.220+0000] {processor.py:208} INFO - Processing /opt/airflow/dags/env/Scripts/numpy-config.exe took 0.083 seconds
[2025-03-31T10:04:26.491+0000] {processor.py:186} INFO - Started process (PID=9881) to work on /opt/airflow/dags/env/Scripts/numpy-config.exe
[2025-03-31T10:04:26.493+0000] {processor.py:914} INFO - Processing file /opt/airflow/dags/env/Scripts/numpy-config.exe for tasks to queue
[2025-03-31T10:04:26.500+0000] {logging_mixin.py:190} INFO - [2025-03-31T10:04:26.499+0000] {dagbag.py:588} INFO - Filling up the DagBag from /opt/airflow/dags/env/Scripts/numpy-config.exe
[2025-03-31T10:04:26.526+0000] {logging_mixin.py:190} INFO - [2025-03-31T10:04:26.526+0000] {dagbag.py:435} INFO - File /opt/airflow/dags/env/Scripts/numpy-config.exe:__main__.py assumed to contain no DAGs. Skipping.
[2025-03-31T10:04:26.529+0000] {processor.py:927} WARNING - No viable dags retrieved from /opt/airflow/dags/env/Scripts/numpy-config.exe
[2025-03-31T10:04:26.574+0000] {processor.py:208} INFO - Processing /opt/airflow/dags/env/Scripts/numpy-config.exe took 0.103 seconds
[2025-03-31T10:07:37.093+0000] {processor.py:186} INFO - Started process (PID=9915) to work on /opt/airflow/dags/env/Scripts/numpy-config.exe
[2025-03-31T10:07:37.106+0000] {processor.py:914} INFO - Processing file /opt/airflow/dags/env/Scripts/numpy-config.exe for tasks to queue
[2025-03-31T10:07:37.123+0000] {logging_mixin.py:190} INFO - [2025-03-31T10:07:37.122+0000] {dagbag.py:588} INFO - Filling up the DagBag from /opt/airflow/dags/env/Scripts/numpy-config.exe
[2025-03-31T10:07:37.147+0000] {logging_mixin.py:190} INFO - [2025-03-31T10:07:37.146+0000] {dagbag.py:435} INFO - File /opt/airflow/dags/env/Scripts/numpy-config.exe:__main__.py assumed to contain no DAGs. Skipping.
[2025-03-31T10:07:37.149+0000] {processor.py:927} WARNING - No viable dags retrieved from /opt/airflow/dags/env/Scripts/numpy-config.exe
[2025-03-31T10:07:37.216+0000] {processor.py:208} INFO - Processing /opt/airflow/dags/env/Scripts/numpy-config.exe took 0.147 seconds
[2025-03-31T10:08:08.758+0000] {processor.py:186} INFO - Started process (PID=9939) to work on /opt/airflow/dags/env/Scripts/numpy-config.exe
[2025-03-31T10:08:08.760+0000] {processor.py:914} INFO - Processing file /opt/airflow/dags/env/Scripts/numpy-config.exe for tasks to queue
[2025-03-31T10:08:08.765+0000] {logging_mixin.py:190} INFO - [2025-03-31T10:08:08.764+0000] {dagbag.py:588} INFO - Filling up the DagBag from /opt/airflow/dags/env/Scripts/numpy-config.exe
[2025-03-31T10:08:08.780+0000] {logging_mixin.py:190} INFO - [2025-03-31T10:08:08.779+0000] {dagbag.py:435} INFO - File /opt/airflow/dags/env/Scripts/numpy-config.exe:__main__.py assumed to contain no DAGs. Skipping.
[2025-03-31T10:08:08.781+0000] {processor.py:927} WARNING - No viable dags retrieved from /opt/airflow/dags/env/Scripts/numpy-config.exe
[2025-03-31T10:08:08.810+0000] {processor.py:208} INFO - Processing /opt/airflow/dags/env/Scripts/numpy-config.exe took 0.062 seconds
[2025-03-31T10:08:55.480+0000] {processor.py:186} INFO - Started process (PID=9968) to work on /opt/airflow/dags/env/Scripts/numpy-config.exe
[2025-03-31T10:08:55.483+0000] {processor.py:914} INFO - Processing file /opt/airflow/dags/env/Scripts/numpy-config.exe for tasks to queue
[2025-03-31T10:08:55.490+0000] {logging_mixin.py:190} INFO - [2025-03-31T10:08:55.489+0000] {dagbag.py:588} INFO - Filling up the DagBag from /opt/airflow/dags/env/Scripts/numpy-config.exe
[2025-03-31T10:08:55.522+0000] {logging_mixin.py:190} INFO - [2025-03-31T10:08:55.521+0000] {dagbag.py:435} INFO - File /opt/airflow/dags/env/Scripts/numpy-config.exe:__main__.py assumed to contain no DAGs. Skipping.
[2025-03-31T10:08:55.525+0000] {processor.py:927} WARNING - No viable dags retrieved from /opt/airflow/dags/env/Scripts/numpy-config.exe
[2025-03-31T10:08:55.574+0000] {processor.py:208} INFO - Processing /opt/airflow/dags/env/Scripts/numpy-config.exe took 0.118 seconds
[2025-03-31T10:09:27.984+0000] {processor.py:186} INFO - Started process (PID=9992) to work on /opt/airflow/dags/env/Scripts/numpy-config.exe
[2025-03-31T10:09:27.986+0000] {processor.py:914} INFO - Processing file /opt/airflow/dags/env/Scripts/numpy-config.exe for tasks to queue
[2025-03-31T10:09:27.993+0000] {logging_mixin.py:190} INFO - [2025-03-31T10:09:27.992+0000] {dagbag.py:588} INFO - Filling up the DagBag from /opt/airflow/dags/env/Scripts/numpy-config.exe
[2025-03-31T10:09:28.007+0000] {logging_mixin.py:190} INFO - [2025-03-31T10:09:28.007+0000] {dagbag.py:435} INFO - File /opt/airflow/dags/env/Scripts/numpy-config.exe:__main__.py assumed to contain no DAGs. Skipping.
[2025-03-31T10:09:28.008+0000] {processor.py:927} WARNING - No viable dags retrieved from /opt/airflow/dags/env/Scripts/numpy-config.exe
[2025-03-31T10:09:28.039+0000] {processor.py:208} INFO - Processing /opt/airflow/dags/env/Scripts/numpy-config.exe took 0.067 seconds
[2025-03-31T10:12:30.997+0000] {processor.py:186} INFO - Started process (PID=10026) to work on /opt/airflow/dags/env/Scripts/numpy-config.exe
[2025-03-31T10:12:30.998+0000] {processor.py:914} INFO - Processing file /opt/airflow/dags/env/Scripts/numpy-config.exe for tasks to queue
[2025-03-31T10:12:31.003+0000] {logging_mixin.py:190} INFO - [2025-03-31T10:12:31.003+0000] {dagbag.py:588} INFO - Filling up the DagBag from /opt/airflow/dags/env/Scripts/numpy-config.exe
[2025-03-31T10:12:31.018+0000] {logging_mixin.py:190} INFO - [2025-03-31T10:12:31.017+0000] {dagbag.py:435} INFO - File /opt/airflow/dags/env/Scripts/numpy-config.exe:__main__.py assumed to contain no DAGs. Skipping.
[2025-03-31T10:12:31.019+0000] {processor.py:927} WARNING - No viable dags retrieved from /opt/airflow/dags/env/Scripts/numpy-config.exe
[2025-03-31T10:12:31.048+0000] {processor.py:208} INFO - Processing /opt/airflow/dags/env/Scripts/numpy-config.exe took 0.062 seconds
[2025-03-31T10:13:02.359+0000] {processor.py:186} INFO - Started process (PID=10050) to work on /opt/airflow/dags/env/Scripts/numpy-config.exe
[2025-03-31T10:13:02.360+0000] {processor.py:914} INFO - Processing file /opt/airflow/dags/env/Scripts/numpy-config.exe for tasks to queue
[2025-03-31T10:13:02.366+0000] {logging_mixin.py:190} INFO - [2025-03-31T10:13:02.365+0000] {dagbag.py:588} INFO - Filling up the DagBag from /opt/airflow/dags/env/Scripts/numpy-config.exe
[2025-03-31T10:13:02.380+0000] {logging_mixin.py:190} INFO - [2025-03-31T10:13:02.380+0000] {dagbag.py:435} INFO - File /opt/airflow/dags/env/Scripts/numpy-config.exe:__main__.py assumed to contain no DAGs. Skipping.
[2025-03-31T10:13:02.382+0000] {processor.py:927} WARNING - No viable dags retrieved from /opt/airflow/dags/env/Scripts/numpy-config.exe
[2025-03-31T10:13:02.410+0000] {processor.py:208} INFO - Processing /opt/airflow/dags/env/Scripts/numpy-config.exe took 0.062 seconds
[2025-03-31T10:13:55.677+0000] {processor.py:186} INFO - Started process (PID=10085) to work on /opt/airflow/dags/env/Scripts/numpy-config.exe
[2025-03-31T10:13:55.681+0000] {processor.py:914} INFO - Processing file /opt/airflow/dags/env/Scripts/numpy-config.exe for tasks to queue
[2025-03-31T10:13:55.697+0000] {logging_mixin.py:190} INFO - [2025-03-31T10:13:55.691+0000] {dagbag.py:588} INFO - Filling up the DagBag from /opt/airflow/dags/env/Scripts/numpy-config.exe
[2025-03-31T10:13:55.721+0000] {logging_mixin.py:190} INFO - [2025-03-31T10:13:55.721+0000] {dagbag.py:435} INFO - File /opt/airflow/dags/env/Scripts/numpy-config.exe:__main__.py assumed to contain no DAGs. Skipping.
[2025-03-31T10:13:55.723+0000] {processor.py:927} WARNING - No viable dags retrieved from /opt/airflow/dags/env/Scripts/numpy-config.exe
[2025-03-31T10:13:55.779+0000] {processor.py:208} INFO - Processing /opt/airflow/dags/env/Scripts/numpy-config.exe took 0.118 seconds
[2025-03-31T10:14:27.894+0000] {processor.py:186} INFO - Started process (PID=10109) to work on /opt/airflow/dags/env/Scripts/numpy-config.exe
[2025-03-31T10:14:27.896+0000] {processor.py:914} INFO - Processing file /opt/airflow/dags/env/Scripts/numpy-config.exe for tasks to queue
[2025-03-31T10:14:27.902+0000] {logging_mixin.py:190} INFO - [2025-03-31T10:14:27.902+0000] {dagbag.py:588} INFO - Filling up the DagBag from /opt/airflow/dags/env/Scripts/numpy-config.exe
[2025-03-31T10:14:27.916+0000] {logging_mixin.py:190} INFO - [2025-03-31T10:14:27.916+0000] {dagbag.py:435} INFO - File /opt/airflow/dags/env/Scripts/numpy-config.exe:__main__.py assumed to contain no DAGs. Skipping.
[2025-03-31T10:14:27.918+0000] {processor.py:927} WARNING - No viable dags retrieved from /opt/airflow/dags/env/Scripts/numpy-config.exe
[2025-03-31T10:14:27.951+0000] {processor.py:208} INFO - Processing /opt/airflow/dags/env/Scripts/numpy-config.exe took 0.064 seconds
[2025-03-31T10:17:38.031+0000] {processor.py:186} INFO - Started process (PID=10143) to work on /opt/airflow/dags/env/Scripts/numpy-config.exe
[2025-03-31T10:17:38.033+0000] {processor.py:914} INFO - Processing file /opt/airflow/dags/env/Scripts/numpy-config.exe for tasks to queue
[2025-03-31T10:17:38.042+0000] {logging_mixin.py:190} INFO - [2025-03-31T10:17:38.041+0000] {dagbag.py:588} INFO - Filling up the DagBag from /opt/airflow/dags/env/Scripts/numpy-config.exe
[2025-03-31T10:17:38.063+0000] {logging_mixin.py:190} INFO - [2025-03-31T10:17:38.063+0000] {dagbag.py:435} INFO - File /opt/airflow/dags/env/Scripts/numpy-config.exe:__main__.py assumed to contain no DAGs. Skipping.
[2025-03-31T10:17:38.065+0000] {processor.py:927} WARNING - No viable dags retrieved from /opt/airflow/dags/env/Scripts/numpy-config.exe
[2025-03-31T10:17:38.103+0000] {processor.py:208} INFO - Processing /opt/airflow/dags/env/Scripts/numpy-config.exe took 0.088 seconds
[2025-03-31T10:18:09.781+0000] {processor.py:186} INFO - Started process (PID=10167) to work on /opt/airflow/dags/env/Scripts/numpy-config.exe
[2025-03-31T10:18:09.782+0000] {processor.py:914} INFO - Processing file /opt/airflow/dags/env/Scripts/numpy-config.exe for tasks to queue
[2025-03-31T10:18:09.788+0000] {logging_mixin.py:190} INFO - [2025-03-31T10:18:09.787+0000] {dagbag.py:588} INFO - Filling up the DagBag from /opt/airflow/dags/env/Scripts/numpy-config.exe
[2025-03-31T10:18:09.801+0000] {logging_mixin.py:190} INFO - [2025-03-31T10:18:09.801+0000] {dagbag.py:435} INFO - File /opt/airflow/dags/env/Scripts/numpy-config.exe:__main__.py assumed to contain no DAGs. Skipping.
[2025-03-31T10:18:09.803+0000] {processor.py:927} WARNING - No viable dags retrieved from /opt/airflow/dags/env/Scripts/numpy-config.exe
[2025-03-31T10:18:09.833+0000] {processor.py:208} INFO - Processing /opt/airflow/dags/env/Scripts/numpy-config.exe took 0.060 seconds
[2025-03-31T10:18:57.916+0000] {processor.py:186} INFO - Started process (PID=10196) to work on /opt/airflow/dags/env/Scripts/numpy-config.exe
[2025-03-31T10:18:57.917+0000] {processor.py:914} INFO - Processing file /opt/airflow/dags/env/Scripts/numpy-config.exe for tasks to queue
[2025-03-31T10:18:57.924+0000] {logging_mixin.py:190} INFO - [2025-03-31T10:18:57.923+0000] {dagbag.py:588} INFO - Filling up the DagBag from /opt/airflow/dags/env/Scripts/numpy-config.exe
[2025-03-31T10:18:57.937+0000] {logging_mixin.py:190} INFO - [2025-03-31T10:18:57.937+0000] {dagbag.py:435} INFO - File /opt/airflow/dags/env/Scripts/numpy-config.exe:__main__.py assumed to contain no DAGs. Skipping.
[2025-03-31T10:18:57.939+0000] {processor.py:927} WARNING - No viable dags retrieved from /opt/airflow/dags/env/Scripts/numpy-config.exe
[2025-03-31T10:18:57.971+0000] {processor.py:208} INFO - Processing /opt/airflow/dags/env/Scripts/numpy-config.exe took 0.065 seconds
[2025-03-31T10:19:28.770+0000] {processor.py:186} INFO - Started process (PID=10220) to work on /opt/airflow/dags/env/Scripts/numpy-config.exe
[2025-03-31T10:19:28.774+0000] {processor.py:914} INFO - Processing file /opt/airflow/dags/env/Scripts/numpy-config.exe for tasks to queue
[2025-03-31T10:19:28.789+0000] {logging_mixin.py:190} INFO - [2025-03-31T10:19:28.788+0000] {dagbag.py:588} INFO - Filling up the DagBag from /opt/airflow/dags/env/Scripts/numpy-config.exe
[2025-03-31T10:19:28.809+0000] {logging_mixin.py:190} INFO - [2025-03-31T10:19:28.809+0000] {dagbag.py:435} INFO - File /opt/airflow/dags/env/Scripts/numpy-config.exe:__main__.py assumed to contain no DAGs. Skipping.
[2025-03-31T10:19:28.811+0000] {processor.py:927} WARNING - No viable dags retrieved from /opt/airflow/dags/env/Scripts/numpy-config.exe
[2025-03-31T10:19:28.853+0000] {processor.py:208} INFO - Processing /opt/airflow/dags/env/Scripts/numpy-config.exe took 0.099 seconds
[2025-03-31T10:43:27.392+0000] {processor.py:186} INFO - Started process (PID=10255) to work on /opt/airflow/dags/env/Scripts/numpy-config.exe
[2025-03-31T10:43:27.396+0000] {processor.py:914} INFO - Processing file /opt/airflow/dags/env/Scripts/numpy-config.exe for tasks to queue
[2025-03-31T10:43:27.404+0000] {logging_mixin.py:190} INFO - [2025-03-31T10:43:27.403+0000] {dagbag.py:588} INFO - Filling up the DagBag from /opt/airflow/dags/env/Scripts/numpy-config.exe
[2025-03-31T10:43:27.446+0000] {logging_mixin.py:190} INFO - [2025-03-31T10:43:27.445+0000] {dagbag.py:435} INFO - File /opt/airflow/dags/env/Scripts/numpy-config.exe:__main__.py assumed to contain no DAGs. Skipping.
[2025-03-31T10:43:27.450+0000] {processor.py:927} WARNING - No viable dags retrieved from /opt/airflow/dags/env/Scripts/numpy-config.exe
[2025-03-31T10:43:27.498+0000] {processor.py:208} INFO - Processing /opt/airflow/dags/env/Scripts/numpy-config.exe took 0.123 seconds
[2025-03-31T10:43:58.009+0000] {processor.py:186} INFO - Started process (PID=10279) to work on /opt/airflow/dags/env/Scripts/numpy-config.exe
[2025-03-31T10:43:58.011+0000] {processor.py:914} INFO - Processing file /opt/airflow/dags/env/Scripts/numpy-config.exe for tasks to queue
[2025-03-31T10:43:58.017+0000] {logging_mixin.py:190} INFO - [2025-03-31T10:43:58.017+0000] {dagbag.py:588} INFO - Filling up the DagBag from /opt/airflow/dags/env/Scripts/numpy-config.exe
[2025-03-31T10:43:58.041+0000] {logging_mixin.py:190} INFO - [2025-03-31T10:43:58.041+0000] {dagbag.py:435} INFO - File /opt/airflow/dags/env/Scripts/numpy-config.exe:__main__.py assumed to contain no DAGs. Skipping.
[2025-03-31T10:43:58.043+0000] {processor.py:927} WARNING - No viable dags retrieved from /opt/airflow/dags/env/Scripts/numpy-config.exe
[2025-03-31T10:43:58.097+0000] {processor.py:208} INFO - Processing /opt/airflow/dags/env/Scripts/numpy-config.exe took 0.123 seconds
[2025-03-31T10:44:56.587+0000] {processor.py:186} INFO - Started process (PID=10307) to work on /opt/airflow/dags/env/Scripts/numpy-config.exe
[2025-03-31T10:44:56.590+0000] {processor.py:914} INFO - Processing file /opt/airflow/dags/env/Scripts/numpy-config.exe for tasks to queue
[2025-03-31T10:44:56.605+0000] {logging_mixin.py:190} INFO - [2025-03-31T10:44:56.604+0000] {dagbag.py:588} INFO - Filling up the DagBag from /opt/airflow/dags/env/Scripts/numpy-config.exe
[2025-03-31T10:44:56.633+0000] {logging_mixin.py:190} INFO - [2025-03-31T10:44:56.632+0000] {dagbag.py:435} INFO - File /opt/airflow/dags/env/Scripts/numpy-config.exe:__main__.py assumed to contain no DAGs. Skipping.
[2025-03-31T10:44:56.635+0000] {processor.py:927} WARNING - No viable dags retrieved from /opt/airflow/dags/env/Scripts/numpy-config.exe
[2025-03-31T10:44:56.698+0000] {processor.py:208} INFO - Processing /opt/airflow/dags/env/Scripts/numpy-config.exe took 0.136 seconds
[2025-03-31T10:45:27.610+0000] {processor.py:186} INFO - Started process (PID=10331) to work on /opt/airflow/dags/env/Scripts/numpy-config.exe
[2025-03-31T10:45:27.614+0000] {processor.py:914} INFO - Processing file /opt/airflow/dags/env/Scripts/numpy-config.exe for tasks to queue
[2025-03-31T10:45:27.624+0000] {logging_mixin.py:190} INFO - [2025-03-31T10:45:27.623+0000] {dagbag.py:588} INFO - Filling up the DagBag from /opt/airflow/dags/env/Scripts/numpy-config.exe
[2025-03-31T10:45:27.649+0000] {logging_mixin.py:190} INFO - [2025-03-31T10:45:27.648+0000] {dagbag.py:435} INFO - File /opt/airflow/dags/env/Scripts/numpy-config.exe:__main__.py assumed to contain no DAGs. Skipping.
[2025-03-31T10:45:27.651+0000] {processor.py:927} WARNING - No viable dags retrieved from /opt/airflow/dags/env/Scripts/numpy-config.exe
[2025-03-31T10:45:27.706+0000] {processor.py:208} INFO - Processing /opt/airflow/dags/env/Scripts/numpy-config.exe took 0.112 seconds
[2025-03-31T11:02:30.841+0000] {processor.py:186} INFO - Started process (PID=10349) to work on /opt/airflow/dags/env/Scripts/numpy-config.exe
[2025-03-31T11:02:30.848+0000] {processor.py:914} INFO - Processing file /opt/airflow/dags/env/Scripts/numpy-config.exe for tasks to queue
[2025-03-31T11:02:30.858+0000] {logging_mixin.py:190} INFO - [2025-03-31T11:02:30.857+0000] {dagbag.py:588} INFO - Filling up the DagBag from /opt/airflow/dags/env/Scripts/numpy-config.exe
[2025-03-31T11:02:31.107+0000] {logging_mixin.py:190} INFO - [2025-03-31T11:02:31.106+0000] {dagbag.py:435} INFO - File /opt/airflow/dags/env/Scripts/numpy-config.exe:__main__.py assumed to contain no DAGs. Skipping.
[2025-03-31T11:02:31.109+0000] {processor.py:927} WARNING - No viable dags retrieved from /opt/airflow/dags/env/Scripts/numpy-config.exe
[2025-03-31T11:02:31.218+0000] {processor.py:208} INFO - Processing /opt/airflow/dags/env/Scripts/numpy-config.exe took 0.393 seconds
[2025-03-31T11:03:37.123+0000] {processor.py:186} INFO - Started process (PID=10361) to work on /opt/airflow/dags/env/Scripts/numpy-config.exe
[2025-03-31T11:03:37.125+0000] {processor.py:914} INFO - Processing file /opt/airflow/dags/env/Scripts/numpy-config.exe for tasks to queue
[2025-03-31T11:03:37.143+0000] {logging_mixin.py:190} INFO - [2025-03-31T11:03:37.142+0000] {dagbag.py:588} INFO - Filling up the DagBag from /opt/airflow/dags/env/Scripts/numpy-config.exe
[2025-03-31T11:03:37.187+0000] {logging_mixin.py:190} INFO - [2025-03-31T11:03:37.187+0000] {dagbag.py:435} INFO - File /opt/airflow/dags/env/Scripts/numpy-config.exe:__main__.py assumed to contain no DAGs. Skipping.
[2025-03-31T11:03:37.190+0000] {processor.py:927} WARNING - No viable dags retrieved from /opt/airflow/dags/env/Scripts/numpy-config.exe
[2025-03-31T11:03:37.260+0000] {processor.py:208} INFO - Processing /opt/airflow/dags/env/Scripts/numpy-config.exe took 0.174 seconds
[2025-03-31T11:18:46.514+0000] {processor.py:186} INFO - Started process (PID=10407) to work on /opt/airflow/dags/env/Scripts/numpy-config.exe
[2025-03-31T11:18:46.516+0000] {processor.py:914} INFO - Processing file /opt/airflow/dags/env/Scripts/numpy-config.exe for tasks to queue
[2025-03-31T11:18:46.533+0000] {logging_mixin.py:190} INFO - [2025-03-31T11:18:46.532+0000] {dagbag.py:588} INFO - Filling up the DagBag from /opt/airflow/dags/env/Scripts/numpy-config.exe
[2025-03-31T11:18:46.567+0000] {logging_mixin.py:190} INFO - [2025-03-31T11:18:46.566+0000] {dagbag.py:435} INFO - File /opt/airflow/dags/env/Scripts/numpy-config.exe:__main__.py assumed to contain no DAGs. Skipping.
[2025-03-31T11:18:46.570+0000] {processor.py:927} WARNING - No viable dags retrieved from /opt/airflow/dags/env/Scripts/numpy-config.exe
[2025-03-31T11:18:46.635+0000] {processor.py:208} INFO - Processing /opt/airflow/dags/env/Scripts/numpy-config.exe took 0.148 seconds
[2025-03-31T11:28:25.179+0000] {processor.py:186} INFO - Started process (PID=10420) to work on /opt/airflow/dags/env/Scripts/numpy-config.exe
[2025-03-31T11:28:25.181+0000] {processor.py:914} INFO - Processing file /opt/airflow/dags/env/Scripts/numpy-config.exe for tasks to queue
[2025-03-31T11:28:25.186+0000] {logging_mixin.py:190} INFO - [2025-03-31T11:28:25.185+0000] {dagbag.py:588} INFO - Filling up the DagBag from /opt/airflow/dags/env/Scripts/numpy-config.exe
[2025-03-31T11:28:25.204+0000] {logging_mixin.py:190} INFO - [2025-03-31T11:28:25.204+0000] {dagbag.py:435} INFO - File /opt/airflow/dags/env/Scripts/numpy-config.exe:__main__.py assumed to contain no DAGs. Skipping.
[2025-03-31T11:28:25.206+0000] {processor.py:927} WARNING - No viable dags retrieved from /opt/airflow/dags/env/Scripts/numpy-config.exe
[2025-03-31T11:28:25.245+0000] {processor.py:208} INFO - Processing /opt/airflow/dags/env/Scripts/numpy-config.exe took 0.080 seconds
