[2025-03-31T07:27:38.670+0000] {processor.py:186} INFO - Started process (PID=7704) to work on /opt/airflow/dags/env/Scripts/pip.exe
[2025-03-31T07:27:38.672+0000] {processor.py:914} INFO - Processing file /opt/airflow/dags/env/Scripts/pip.exe for tasks to queue
[2025-03-31T07:27:38.676+0000] {logging_mixin.py:190} INFO - [2025-03-31T07:27:38.675+0000] {dagbag.py:588} INFO - Filling up the DagBag from /opt/airflow/dags/env/Scripts/pip.exe
[2025-03-31T07:27:38.689+0000] {logging_mixin.py:190} INFO - [2025-03-31T07:27:38.689+0000] {dagbag.py:435} INFO - File /opt/airflow/dags/env/Scripts/pip.exe:__main__.py assumed to contain no DAGs. Skipping.
[2025-03-31T07:27:38.690+0000] {processor.py:927} WARNING - No viable dags retrieved from /opt/airflow/dags/env/Scripts/pip.exe
[2025-03-31T07:27:38.721+0000] {processor.py:208} INFO - Processing /opt/airflow/dags/env/Scripts/pip.exe took 0.061 seconds
[2025-03-31T07:28:09.545+0000] {processor.py:186} INFO - Started process (PID=7728) to work on /opt/airflow/dags/env/Scripts/pip.exe
[2025-03-31T07:28:09.547+0000] {processor.py:914} INFO - Processing file /opt/airflow/dags/env/Scripts/pip.exe for tasks to queue
[2025-03-31T07:28:09.562+0000] {logging_mixin.py:190} INFO - [2025-03-31T07:28:09.561+0000] {dagbag.py:588} INFO - Filling up the DagBag from /opt/airflow/dags/env/Scripts/pip.exe
[2025-03-31T07:28:09.589+0000] {logging_mixin.py:190} INFO - [2025-03-31T07:28:09.589+0000] {dagbag.py:435} INFO - File /opt/airflow/dags/env/Scripts/pip.exe:__main__.py assumed to contain no DAGs. Skipping.
[2025-03-31T07:28:09.591+0000] {processor.py:927} WARNING - No viable dags retrieved from /opt/airflow/dags/env/Scripts/pip.exe
[2025-03-31T07:28:09.630+0000] {processor.py:208} INFO - Processing /opt/airflow/dags/env/Scripts/pip.exe took 0.120 seconds
[2025-03-31T08:42:46.377+0000] {processor.py:186} INFO - Started process (PID=8056) to work on /opt/airflow/dags/env/Scripts/pip.exe
[2025-03-31T08:42:46.379+0000] {processor.py:914} INFO - Processing file /opt/airflow/dags/env/Scripts/pip.exe for tasks to queue
[2025-03-31T08:42:46.384+0000] {logging_mixin.py:190} INFO - [2025-03-31T08:42:46.383+0000] {dagbag.py:588} INFO - Filling up the DagBag from /opt/airflow/dags/env/Scripts/pip.exe
[2025-03-31T08:42:46.400+0000] {logging_mixin.py:190} INFO - [2025-03-31T08:42:46.400+0000] {dagbag.py:435} INFO - File /opt/airflow/dags/env/Scripts/pip.exe:__main__.py assumed to contain no DAGs. Skipping.
[2025-03-31T08:42:46.402+0000] {processor.py:927} WARNING - No viable dags retrieved from /opt/airflow/dags/env/Scripts/pip.exe
[2025-03-31T08:42:46.438+0000] {processor.py:208} INFO - Processing /opt/airflow/dags/env/Scripts/pip.exe took 0.074 seconds
[2025-03-31T08:43:53.410+0000] {processor.py:186} INFO - Started process (PID=8096) to work on /opt/airflow/dags/env/Scripts/pip.exe
[2025-03-31T08:43:53.413+0000] {processor.py:914} INFO - Processing file /opt/airflow/dags/env/Scripts/pip.exe for tasks to queue
[2025-03-31T08:43:53.418+0000] {logging_mixin.py:190} INFO - [2025-03-31T08:43:53.417+0000] {dagbag.py:588} INFO - Filling up the DagBag from /opt/airflow/dags/env/Scripts/pip.exe
[2025-03-31T08:43:53.436+0000] {logging_mixin.py:190} INFO - [2025-03-31T08:43:53.435+0000] {dagbag.py:435} INFO - File /opt/airflow/dags/env/Scripts/pip.exe:__main__.py assumed to contain no DAGs. Skipping.
[2025-03-31T08:43:53.437+0000] {processor.py:927} WARNING - No viable dags retrieved from /opt/airflow/dags/env/Scripts/pip.exe
[2025-03-31T08:43:53.475+0000] {processor.py:208} INFO - Processing /opt/airflow/dags/env/Scripts/pip.exe took 0.076 seconds
[2025-03-31T08:44:27.018+0000] {processor.py:186} INFO - Started process (PID=8121) to work on /opt/airflow/dags/env/Scripts/pip.exe
[2025-03-31T08:44:27.020+0000] {processor.py:914} INFO - Processing file /opt/airflow/dags/env/Scripts/pip.exe for tasks to queue
[2025-03-31T08:44:27.024+0000] {logging_mixin.py:190} INFO - [2025-03-31T08:44:27.023+0000] {dagbag.py:588} INFO - Filling up the DagBag from /opt/airflow/dags/env/Scripts/pip.exe
[2025-03-31T08:44:27.039+0000] {logging_mixin.py:190} INFO - [2025-03-31T08:44:27.039+0000] {dagbag.py:435} INFO - File /opt/airflow/dags/env/Scripts/pip.exe:__main__.py assumed to contain no DAGs. Skipping.
[2025-03-31T08:44:27.041+0000] {processor.py:927} WARNING - No viable dags retrieved from /opt/airflow/dags/env/Scripts/pip.exe
[2025-03-31T08:44:27.072+0000] {processor.py:208} INFO - Processing /opt/airflow/dags/env/Scripts/pip.exe took 0.064 seconds
[2025-03-31T08:47:33.183+0000] {processor.py:186} INFO - Started process (PID=8157) to work on /opt/airflow/dags/env/Scripts/pip.exe
[2025-03-31T08:47:33.185+0000] {processor.py:914} INFO - Processing file /opt/airflow/dags/env/Scripts/pip.exe for tasks to queue
[2025-03-31T08:47:33.201+0000] {logging_mixin.py:190} INFO - [2025-03-31T08:47:33.200+0000] {dagbag.py:588} INFO - Filling up the DagBag from /opt/airflow/dags/env/Scripts/pip.exe
[2025-03-31T08:47:33.231+0000] {logging_mixin.py:190} INFO - [2025-03-31T08:47:33.231+0000] {dagbag.py:435} INFO - File /opt/airflow/dags/env/Scripts/pip.exe:__main__.py assumed to contain no DAGs. Skipping.
[2025-03-31T08:47:33.233+0000] {processor.py:927} WARNING - No viable dags retrieved from /opt/airflow/dags/env/Scripts/pip.exe
[2025-03-31T08:47:33.285+0000] {processor.py:208} INFO - Processing /opt/airflow/dags/env/Scripts/pip.exe took 0.133 seconds
[2025-03-31T08:48:05.495+0000] {processor.py:186} INFO - Started process (PID=8181) to work on /opt/airflow/dags/env/Scripts/pip.exe
[2025-03-31T08:48:05.498+0000] {processor.py:914} INFO - Processing file /opt/airflow/dags/env/Scripts/pip.exe for tasks to queue
[2025-03-31T08:48:05.505+0000] {logging_mixin.py:190} INFO - [2025-03-31T08:48:05.504+0000] {dagbag.py:588} INFO - Filling up the DagBag from /opt/airflow/dags/env/Scripts/pip.exe
[2025-03-31T08:48:05.525+0000] {logging_mixin.py:190} INFO - [2025-03-31T08:48:05.524+0000] {dagbag.py:435} INFO - File /opt/airflow/dags/env/Scripts/pip.exe:__main__.py assumed to contain no DAGs. Skipping.
[2025-03-31T08:48:05.527+0000] {processor.py:927} WARNING - No viable dags retrieved from /opt/airflow/dags/env/Scripts/pip.exe
[2025-03-31T08:48:05.565+0000] {processor.py:208} INFO - Processing /opt/airflow/dags/env/Scripts/pip.exe took 0.082 seconds
[2025-03-31T08:48:58.462+0000] {processor.py:186} INFO - Started process (PID=8212) to work on /opt/airflow/dags/env/Scripts/pip.exe
[2025-03-31T08:48:58.464+0000] {processor.py:914} INFO - Processing file /opt/airflow/dags/env/Scripts/pip.exe for tasks to queue
[2025-03-31T08:48:58.468+0000] {logging_mixin.py:190} INFO - [2025-03-31T08:48:58.467+0000] {dagbag.py:588} INFO - Filling up the DagBag from /opt/airflow/dags/env/Scripts/pip.exe
[2025-03-31T08:48:58.482+0000] {logging_mixin.py:190} INFO - [2025-03-31T08:48:58.482+0000] {dagbag.py:435} INFO - File /opt/airflow/dags/env/Scripts/pip.exe:__main__.py assumed to contain no DAGs. Skipping.
[2025-03-31T08:48:58.483+0000] {processor.py:927} WARNING - No viable dags retrieved from /opt/airflow/dags/env/Scripts/pip.exe
[2025-03-31T08:48:58.512+0000] {processor.py:208} INFO - Processing /opt/airflow/dags/env/Scripts/pip.exe took 0.061 seconds
[2025-03-31T08:49:30.305+0000] {processor.py:186} INFO - Started process (PID=8237) to work on /opt/airflow/dags/env/Scripts/pip.exe
[2025-03-31T08:49:30.307+0000] {processor.py:914} INFO - Processing file /opt/airflow/dags/env/Scripts/pip.exe for tasks to queue
[2025-03-31T08:49:30.313+0000] {logging_mixin.py:190} INFO - [2025-03-31T08:49:30.312+0000] {dagbag.py:588} INFO - Filling up the DagBag from /opt/airflow/dags/env/Scripts/pip.exe
[2025-03-31T08:49:30.327+0000] {logging_mixin.py:190} INFO - [2025-03-31T08:49:30.327+0000] {dagbag.py:435} INFO - File /opt/airflow/dags/env/Scripts/pip.exe:__main__.py assumed to contain no DAGs. Skipping.
[2025-03-31T08:49:30.329+0000] {processor.py:927} WARNING - No viable dags retrieved from /opt/airflow/dags/env/Scripts/pip.exe
[2025-03-31T08:49:30.364+0000] {processor.py:208} INFO - Processing /opt/airflow/dags/env/Scripts/pip.exe took 0.073 seconds
[2025-03-31T08:52:33.845+0000] {processor.py:186} INFO - Started process (PID=8270) to work on /opt/airflow/dags/env/Scripts/pip.exe
[2025-03-31T08:52:33.846+0000] {processor.py:914} INFO - Processing file /opt/airflow/dags/env/Scripts/pip.exe for tasks to queue
[2025-03-31T08:52:33.851+0000] {logging_mixin.py:190} INFO - [2025-03-31T08:52:33.850+0000] {dagbag.py:588} INFO - Filling up the DagBag from /opt/airflow/dags/env/Scripts/pip.exe
[2025-03-31T08:52:33.865+0000] {logging_mixin.py:190} INFO - [2025-03-31T08:52:33.865+0000] {dagbag.py:435} INFO - File /opt/airflow/dags/env/Scripts/pip.exe:__main__.py assumed to contain no DAGs. Skipping.
[2025-03-31T08:52:33.866+0000] {processor.py:927} WARNING - No viable dags retrieved from /opt/airflow/dags/env/Scripts/pip.exe
[2025-03-31T08:52:33.895+0000] {processor.py:208} INFO - Processing /opt/airflow/dags/env/Scripts/pip.exe took 0.061 seconds
[2025-03-31T08:53:08.671+0000] {processor.py:186} INFO - Started process (PID=8294) to work on /opt/airflow/dags/env/Scripts/pip.exe
[2025-03-31T08:53:08.677+0000] {processor.py:914} INFO - Processing file /opt/airflow/dags/env/Scripts/pip.exe for tasks to queue
[2025-03-31T08:53:08.684+0000] {logging_mixin.py:190} INFO - [2025-03-31T08:53:08.682+0000] {dagbag.py:588} INFO - Filling up the DagBag from /opt/airflow/dags/env/Scripts/pip.exe
[2025-03-31T08:53:08.705+0000] {logging_mixin.py:190} INFO - [2025-03-31T08:53:08.705+0000] {dagbag.py:435} INFO - File /opt/airflow/dags/env/Scripts/pip.exe:__main__.py assumed to contain no DAGs. Skipping.
[2025-03-31T08:53:08.707+0000] {processor.py:927} WARNING - No viable dags retrieved from /opt/airflow/dags/env/Scripts/pip.exe
[2025-03-31T08:53:08.750+0000] {processor.py:208} INFO - Processing /opt/airflow/dags/env/Scripts/pip.exe took 0.102 seconds
[2025-03-31T08:54:03.292+0000] {processor.py:186} INFO - Started process (PID=8324) to work on /opt/airflow/dags/env/Scripts/pip.exe
[2025-03-31T08:54:03.298+0000] {processor.py:914} INFO - Processing file /opt/airflow/dags/env/Scripts/pip.exe for tasks to queue
[2025-03-31T08:54:03.307+0000] {logging_mixin.py:190} INFO - [2025-03-31T08:54:03.306+0000] {dagbag.py:588} INFO - Filling up the DagBag from /opt/airflow/dags/env/Scripts/pip.exe
[2025-03-31T08:54:03.328+0000] {logging_mixin.py:190} INFO - [2025-03-31T08:54:03.327+0000] {dagbag.py:435} INFO - File /opt/airflow/dags/env/Scripts/pip.exe:__main__.py assumed to contain no DAGs. Skipping.
[2025-03-31T08:54:03.330+0000] {processor.py:927} WARNING - No viable dags retrieved from /opt/airflow/dags/env/Scripts/pip.exe
[2025-03-31T08:54:03.389+0000] {processor.py:208} INFO - Processing /opt/airflow/dags/env/Scripts/pip.exe took 0.122 seconds
[2025-03-31T08:54:35.695+0000] {processor.py:186} INFO - Started process (PID=8348) to work on /opt/airflow/dags/env/Scripts/pip.exe
[2025-03-31T08:54:35.697+0000] {processor.py:914} INFO - Processing file /opt/airflow/dags/env/Scripts/pip.exe for tasks to queue
[2025-03-31T08:54:35.702+0000] {logging_mixin.py:190} INFO - [2025-03-31T08:54:35.701+0000] {dagbag.py:588} INFO - Filling up the DagBag from /opt/airflow/dags/env/Scripts/pip.exe
[2025-03-31T08:54:35.719+0000] {logging_mixin.py:190} INFO - [2025-03-31T08:54:35.719+0000] {dagbag.py:435} INFO - File /opt/airflow/dags/env/Scripts/pip.exe:__main__.py assumed to contain no DAGs. Skipping.
[2025-03-31T08:54:35.720+0000] {processor.py:927} WARNING - No viable dags retrieved from /opt/airflow/dags/env/Scripts/pip.exe
[2025-03-31T08:54:35.757+0000] {processor.py:208} INFO - Processing /opt/airflow/dags/env/Scripts/pip.exe took 0.075 seconds
[2025-03-31T08:57:32.399+0000] {processor.py:186} INFO - Started process (PID=8377) to work on /opt/airflow/dags/env/Scripts/pip.exe
[2025-03-31T08:57:32.403+0000] {processor.py:914} INFO - Processing file /opt/airflow/dags/env/Scripts/pip.exe for tasks to queue
[2025-03-31T08:57:32.409+0000] {logging_mixin.py:190} INFO - [2025-03-31T08:57:32.408+0000] {dagbag.py:588} INFO - Filling up the DagBag from /opt/airflow/dags/env/Scripts/pip.exe
[2025-03-31T08:57:32.425+0000] {logging_mixin.py:190} INFO - [2025-03-31T08:57:32.425+0000] {dagbag.py:435} INFO - File /opt/airflow/dags/env/Scripts/pip.exe:__main__.py assumed to contain no DAGs. Skipping.
[2025-03-31T08:57:32.427+0000] {processor.py:927} WARNING - No viable dags retrieved from /opt/airflow/dags/env/Scripts/pip.exe
[2025-03-31T08:57:32.464+0000] {processor.py:208} INFO - Processing /opt/airflow/dags/env/Scripts/pip.exe took 0.078 seconds
[2025-03-31T08:58:03.570+0000] {processor.py:186} INFO - Started process (PID=8401) to work on /opt/airflow/dags/env/Scripts/pip.exe
[2025-03-31T08:58:03.572+0000] {processor.py:914} INFO - Processing file /opt/airflow/dags/env/Scripts/pip.exe for tasks to queue
[2025-03-31T08:58:03.578+0000] {logging_mixin.py:190} INFO - [2025-03-31T08:58:03.577+0000] {dagbag.py:588} INFO - Filling up the DagBag from /opt/airflow/dags/env/Scripts/pip.exe
[2025-03-31T08:58:03.595+0000] {logging_mixin.py:190} INFO - [2025-03-31T08:58:03.595+0000] {dagbag.py:435} INFO - File /opt/airflow/dags/env/Scripts/pip.exe:__main__.py assumed to contain no DAGs. Skipping.
[2025-03-31T08:58:03.597+0000] {processor.py:927} WARNING - No viable dags retrieved from /opt/airflow/dags/env/Scripts/pip.exe
[2025-03-31T08:58:03.635+0000] {processor.py:208} INFO - Processing /opt/airflow/dags/env/Scripts/pip.exe took 0.074 seconds
[2025-03-31T08:59:00.132+0000] {processor.py:186} INFO - Started process (PID=8436) to work on /opt/airflow/dags/env/Scripts/pip.exe
[2025-03-31T08:59:00.135+0000] {processor.py:914} INFO - Processing file /opt/airflow/dags/env/Scripts/pip.exe for tasks to queue
[2025-03-31T08:59:00.140+0000] {logging_mixin.py:190} INFO - [2025-03-31T08:59:00.139+0000] {dagbag.py:588} INFO - Filling up the DagBag from /opt/airflow/dags/env/Scripts/pip.exe
[2025-03-31T08:59:00.155+0000] {logging_mixin.py:190} INFO - [2025-03-31T08:59:00.154+0000] {dagbag.py:435} INFO - File /opt/airflow/dags/env/Scripts/pip.exe:__main__.py assumed to contain no DAGs. Skipping.
[2025-03-31T08:59:00.156+0000] {processor.py:927} WARNING - No viable dags retrieved from /opt/airflow/dags/env/Scripts/pip.exe
[2025-03-31T08:59:00.185+0000] {processor.py:208} INFO - Processing /opt/airflow/dags/env/Scripts/pip.exe took 0.065 seconds
[2025-03-31T08:59:33.273+0000] {processor.py:186} INFO - Started process (PID=8461) to work on /opt/airflow/dags/env/Scripts/pip.exe
[2025-03-31T08:59:33.275+0000] {processor.py:914} INFO - Processing file /opt/airflow/dags/env/Scripts/pip.exe for tasks to queue
[2025-03-31T08:59:33.281+0000] {logging_mixin.py:190} INFO - [2025-03-31T08:59:33.280+0000] {dagbag.py:588} INFO - Filling up the DagBag from /opt/airflow/dags/env/Scripts/pip.exe
[2025-03-31T08:59:33.297+0000] {logging_mixin.py:190} INFO - [2025-03-31T08:59:33.296+0000] {dagbag.py:435} INFO - File /opt/airflow/dags/env/Scripts/pip.exe:__main__.py assumed to contain no DAGs. Skipping.
[2025-03-31T08:59:33.298+0000] {processor.py:927} WARNING - No viable dags retrieved from /opt/airflow/dags/env/Scripts/pip.exe
[2025-03-31T08:59:33.342+0000] {processor.py:208} INFO - Processing /opt/airflow/dags/env/Scripts/pip.exe took 0.079 seconds
[2025-03-31T09:02:41.536+0000] {processor.py:186} INFO - Started process (PID=8494) to work on /opt/airflow/dags/env/Scripts/pip.exe
[2025-03-31T09:02:41.538+0000] {processor.py:914} INFO - Processing file /opt/airflow/dags/env/Scripts/pip.exe for tasks to queue
[2025-03-31T09:02:41.542+0000] {logging_mixin.py:190} INFO - [2025-03-31T09:02:41.541+0000] {dagbag.py:588} INFO - Filling up the DagBag from /opt/airflow/dags/env/Scripts/pip.exe
[2025-03-31T09:02:41.556+0000] {logging_mixin.py:190} INFO - [2025-03-31T09:02:41.555+0000] {dagbag.py:435} INFO - File /opt/airflow/dags/env/Scripts/pip.exe:__main__.py assumed to contain no DAGs. Skipping.
[2025-03-31T09:02:41.557+0000] {processor.py:927} WARNING - No viable dags retrieved from /opt/airflow/dags/env/Scripts/pip.exe
[2025-03-31T09:02:41.589+0000] {processor.py:208} INFO - Processing /opt/airflow/dags/env/Scripts/pip.exe took 0.061 seconds
[2025-03-31T09:03:13.670+0000] {processor.py:186} INFO - Started process (PID=8519) to work on /opt/airflow/dags/env/Scripts/pip.exe
[2025-03-31T09:03:13.672+0000] {processor.py:914} INFO - Processing file /opt/airflow/dags/env/Scripts/pip.exe for tasks to queue
[2025-03-31T09:03:13.677+0000] {logging_mixin.py:190} INFO - [2025-03-31T09:03:13.676+0000] {dagbag.py:588} INFO - Filling up the DagBag from /opt/airflow/dags/env/Scripts/pip.exe
[2025-03-31T09:03:13.697+0000] {logging_mixin.py:190} INFO - [2025-03-31T09:03:13.697+0000] {dagbag.py:435} INFO - File /opt/airflow/dags/env/Scripts/pip.exe:__main__.py assumed to contain no DAGs. Skipping.
[2025-03-31T09:03:13.699+0000] {processor.py:927} WARNING - No viable dags retrieved from /opt/airflow/dags/env/Scripts/pip.exe
[2025-03-31T09:03:13.735+0000] {processor.py:208} INFO - Processing /opt/airflow/dags/env/Scripts/pip.exe took 0.079 seconds
[2025-03-31T09:04:11.180+0000] {processor.py:186} INFO - Started process (PID=8547) to work on /opt/airflow/dags/env/Scripts/pip.exe
[2025-03-31T09:04:11.182+0000] {processor.py:914} INFO - Processing file /opt/airflow/dags/env/Scripts/pip.exe for tasks to queue
[2025-03-31T09:04:11.186+0000] {logging_mixin.py:190} INFO - [2025-03-31T09:04:11.186+0000] {dagbag.py:588} INFO - Filling up the DagBag from /opt/airflow/dags/env/Scripts/pip.exe
[2025-03-31T09:04:11.200+0000] {logging_mixin.py:190} INFO - [2025-03-31T09:04:11.200+0000] {dagbag.py:435} INFO - File /opt/airflow/dags/env/Scripts/pip.exe:__main__.py assumed to contain no DAGs. Skipping.
[2025-03-31T09:04:11.201+0000] {processor.py:927} WARNING - No viable dags retrieved from /opt/airflow/dags/env/Scripts/pip.exe
[2025-03-31T09:04:11.231+0000] {processor.py:208} INFO - Processing /opt/airflow/dags/env/Scripts/pip.exe took 0.061 seconds
[2025-03-31T09:04:43.480+0000] {processor.py:186} INFO - Started process (PID=8571) to work on /opt/airflow/dags/env/Scripts/pip.exe
[2025-03-31T09:04:43.483+0000] {processor.py:914} INFO - Processing file /opt/airflow/dags/env/Scripts/pip.exe for tasks to queue
[2025-03-31T09:04:43.488+0000] {logging_mixin.py:190} INFO - [2025-03-31T09:04:43.487+0000] {dagbag.py:588} INFO - Filling up the DagBag from /opt/airflow/dags/env/Scripts/pip.exe
[2025-03-31T09:04:43.505+0000] {logging_mixin.py:190} INFO - [2025-03-31T09:04:43.504+0000] {dagbag.py:435} INFO - File /opt/airflow/dags/env/Scripts/pip.exe:__main__.py assumed to contain no DAGs. Skipping.
[2025-03-31T09:04:43.506+0000] {processor.py:927} WARNING - No viable dags retrieved from /opt/airflow/dags/env/Scripts/pip.exe
[2025-03-31T09:04:43.543+0000] {processor.py:208} INFO - Processing /opt/airflow/dags/env/Scripts/pip.exe took 0.080 seconds
[2025-03-31T09:07:39.290+0000] {processor.py:186} INFO - Started process (PID=8596) to work on /opt/airflow/dags/env/Scripts/pip.exe
[2025-03-31T09:07:39.292+0000] {processor.py:914} INFO - Processing file /opt/airflow/dags/env/Scripts/pip.exe for tasks to queue
[2025-03-31T09:07:39.298+0000] {logging_mixin.py:190} INFO - [2025-03-31T09:07:39.297+0000] {dagbag.py:588} INFO - Filling up the DagBag from /opt/airflow/dags/env/Scripts/pip.exe
[2025-03-31T09:07:39.315+0000] {logging_mixin.py:190} INFO - [2025-03-31T09:07:39.314+0000] {dagbag.py:435} INFO - File /opt/airflow/dags/env/Scripts/pip.exe:__main__.py assumed to contain no DAGs. Skipping.
[2025-03-31T09:07:39.316+0000] {processor.py:927} WARNING - No viable dags retrieved from /opt/airflow/dags/env/Scripts/pip.exe
[2025-03-31T09:07:39.353+0000] {processor.py:208} INFO - Processing /opt/airflow/dags/env/Scripts/pip.exe took 0.076 seconds
[2025-03-31T09:08:11.503+0000] {processor.py:186} INFO - Started process (PID=8620) to work on /opt/airflow/dags/env/Scripts/pip.exe
[2025-03-31T09:08:11.504+0000] {processor.py:914} INFO - Processing file /opt/airflow/dags/env/Scripts/pip.exe for tasks to queue
[2025-03-31T09:08:11.509+0000] {logging_mixin.py:190} INFO - [2025-03-31T09:08:11.508+0000] {dagbag.py:588} INFO - Filling up the DagBag from /opt/airflow/dags/env/Scripts/pip.exe
[2025-03-31T09:08:11.523+0000] {logging_mixin.py:190} INFO - [2025-03-31T09:08:11.523+0000] {dagbag.py:435} INFO - File /opt/airflow/dags/env/Scripts/pip.exe:__main__.py assumed to contain no DAGs. Skipping.
[2025-03-31T09:08:11.525+0000] {processor.py:927} WARNING - No viable dags retrieved from /opt/airflow/dags/env/Scripts/pip.exe
[2025-03-31T09:08:11.559+0000] {processor.py:208} INFO - Processing /opt/airflow/dags/env/Scripts/pip.exe took 0.066 seconds
[2025-03-31T09:09:08.764+0000] {processor.py:186} INFO - Started process (PID=8648) to work on /opt/airflow/dags/env/Scripts/pip.exe
[2025-03-31T09:09:08.766+0000] {processor.py:914} INFO - Processing file /opt/airflow/dags/env/Scripts/pip.exe for tasks to queue
[2025-03-31T09:09:08.774+0000] {logging_mixin.py:190} INFO - [2025-03-31T09:09:08.773+0000] {dagbag.py:588} INFO - Filling up the DagBag from /opt/airflow/dags/env/Scripts/pip.exe
[2025-03-31T09:09:08.793+0000] {logging_mixin.py:190} INFO - [2025-03-31T09:09:08.792+0000] {dagbag.py:435} INFO - File /opt/airflow/dags/env/Scripts/pip.exe:__main__.py assumed to contain no DAGs. Skipping.
[2025-03-31T09:09:08.794+0000] {processor.py:927} WARNING - No viable dags retrieved from /opt/airflow/dags/env/Scripts/pip.exe
[2025-03-31T09:09:08.824+0000] {processor.py:208} INFO - Processing /opt/airflow/dags/env/Scripts/pip.exe took 0.083 seconds
[2025-03-31T09:09:41.633+0000] {processor.py:186} INFO - Started process (PID=8673) to work on /opt/airflow/dags/env/Scripts/pip.exe
[2025-03-31T09:09:41.635+0000] {processor.py:914} INFO - Processing file /opt/airflow/dags/env/Scripts/pip.exe for tasks to queue
[2025-03-31T09:09:41.639+0000] {logging_mixin.py:190} INFO - [2025-03-31T09:09:41.638+0000] {dagbag.py:588} INFO - Filling up the DagBag from /opt/airflow/dags/env/Scripts/pip.exe
[2025-03-31T09:09:41.658+0000] {logging_mixin.py:190} INFO - [2025-03-31T09:09:41.658+0000] {dagbag.py:435} INFO - File /opt/airflow/dags/env/Scripts/pip.exe:__main__.py assumed to contain no DAGs. Skipping.
[2025-03-31T09:09:41.660+0000] {processor.py:927} WARNING - No viable dags retrieved from /opt/airflow/dags/env/Scripts/pip.exe
[2025-03-31T09:09:41.692+0000] {processor.py:208} INFO - Processing /opt/airflow/dags/env/Scripts/pip.exe took 0.071 seconds
[2025-03-31T09:12:34.764+0000] {processor.py:186} INFO - Started process (PID=8701) to work on /opt/airflow/dags/env/Scripts/pip.exe
[2025-03-31T09:12:34.766+0000] {processor.py:914} INFO - Processing file /opt/airflow/dags/env/Scripts/pip.exe for tasks to queue
[2025-03-31T09:12:34.771+0000] {logging_mixin.py:190} INFO - [2025-03-31T09:12:34.770+0000] {dagbag.py:588} INFO - Filling up the DagBag from /opt/airflow/dags/env/Scripts/pip.exe
[2025-03-31T09:12:34.787+0000] {logging_mixin.py:190} INFO - [2025-03-31T09:12:34.786+0000] {dagbag.py:435} INFO - File /opt/airflow/dags/env/Scripts/pip.exe:__main__.py assumed to contain no DAGs. Skipping.
[2025-03-31T09:12:34.788+0000] {processor.py:927} WARNING - No viable dags retrieved from /opt/airflow/dags/env/Scripts/pip.exe
[2025-03-31T09:12:34.819+0000] {processor.py:208} INFO - Processing /opt/airflow/dags/env/Scripts/pip.exe took 0.066 seconds
[2025-03-31T09:13:05.878+0000] {processor.py:186} INFO - Started process (PID=8725) to work on /opt/airflow/dags/env/Scripts/pip.exe
[2025-03-31T09:13:05.880+0000] {processor.py:914} INFO - Processing file /opt/airflow/dags/env/Scripts/pip.exe for tasks to queue
[2025-03-31T09:13:05.884+0000] {logging_mixin.py:190} INFO - [2025-03-31T09:13:05.883+0000] {dagbag.py:588} INFO - Filling up the DagBag from /opt/airflow/dags/env/Scripts/pip.exe
[2025-03-31T09:13:05.898+0000] {logging_mixin.py:190} INFO - [2025-03-31T09:13:05.897+0000] {dagbag.py:435} INFO - File /opt/airflow/dags/env/Scripts/pip.exe:__main__.py assumed to contain no DAGs. Skipping.
[2025-03-31T09:13:05.900+0000] {processor.py:927} WARNING - No viable dags retrieved from /opt/airflow/dags/env/Scripts/pip.exe
[2025-03-31T09:13:05.938+0000] {processor.py:208} INFO - Processing /opt/airflow/dags/env/Scripts/pip.exe took 0.070 seconds
[2025-03-31T09:14:00.687+0000] {processor.py:186} INFO - Started process (PID=8759) to work on /opt/airflow/dags/env/Scripts/pip.exe
[2025-03-31T09:14:00.689+0000] {processor.py:914} INFO - Processing file /opt/airflow/dags/env/Scripts/pip.exe for tasks to queue
[2025-03-31T09:14:00.693+0000] {logging_mixin.py:190} INFO - [2025-03-31T09:14:00.693+0000] {dagbag.py:588} INFO - Filling up the DagBag from /opt/airflow/dags/env/Scripts/pip.exe
[2025-03-31T09:14:00.707+0000] {logging_mixin.py:190} INFO - [2025-03-31T09:14:00.707+0000] {dagbag.py:435} INFO - File /opt/airflow/dags/env/Scripts/pip.exe:__main__.py assumed to contain no DAGs. Skipping.
[2025-03-31T09:14:00.708+0000] {processor.py:927} WARNING - No viable dags retrieved from /opt/airflow/dags/env/Scripts/pip.exe
[2025-03-31T09:14:00.737+0000] {processor.py:208} INFO - Processing /opt/airflow/dags/env/Scripts/pip.exe took 0.060 seconds
[2025-03-31T09:14:32.954+0000] {processor.py:186} INFO - Started process (PID=8783) to work on /opt/airflow/dags/env/Scripts/pip.exe
[2025-03-31T09:14:32.956+0000] {processor.py:914} INFO - Processing file /opt/airflow/dags/env/Scripts/pip.exe for tasks to queue
[2025-03-31T09:14:32.962+0000] {logging_mixin.py:190} INFO - [2025-03-31T09:14:32.961+0000] {dagbag.py:588} INFO - Filling up the DagBag from /opt/airflow/dags/env/Scripts/pip.exe
[2025-03-31T09:14:32.981+0000] {logging_mixin.py:190} INFO - [2025-03-31T09:14:32.981+0000] {dagbag.py:435} INFO - File /opt/airflow/dags/env/Scripts/pip.exe:__main__.py assumed to contain no DAGs. Skipping.
[2025-03-31T09:14:32.983+0000] {processor.py:927} WARNING - No viable dags retrieved from /opt/airflow/dags/env/Scripts/pip.exe
[2025-03-31T09:14:33.021+0000] {processor.py:208} INFO - Processing /opt/airflow/dags/env/Scripts/pip.exe took 0.079 seconds
[2025-03-31T09:17:36.955+0000] {processor.py:186} INFO - Started process (PID=8817) to work on /opt/airflow/dags/env/Scripts/pip.exe
[2025-03-31T09:17:36.957+0000] {processor.py:914} INFO - Processing file /opt/airflow/dags/env/Scripts/pip.exe for tasks to queue
[2025-03-31T09:17:36.963+0000] {logging_mixin.py:190} INFO - [2025-03-31T09:17:36.962+0000] {dagbag.py:588} INFO - Filling up the DagBag from /opt/airflow/dags/env/Scripts/pip.exe
[2025-03-31T09:17:36.978+0000] {logging_mixin.py:190} INFO - [2025-03-31T09:17:36.977+0000] {dagbag.py:435} INFO - File /opt/airflow/dags/env/Scripts/pip.exe:__main__.py assumed to contain no DAGs. Skipping.
[2025-03-31T09:17:36.979+0000] {processor.py:927} WARNING - No viable dags retrieved from /opt/airflow/dags/env/Scripts/pip.exe
[2025-03-31T09:17:37.013+0000] {processor.py:208} INFO - Processing /opt/airflow/dags/env/Scripts/pip.exe took 0.067 seconds
[2025-03-31T09:18:08.887+0000] {processor.py:186} INFO - Started process (PID=8841) to work on /opt/airflow/dags/env/Scripts/pip.exe
[2025-03-31T09:18:08.889+0000] {processor.py:914} INFO - Processing file /opt/airflow/dags/env/Scripts/pip.exe for tasks to queue
[2025-03-31T09:18:08.893+0000] {logging_mixin.py:190} INFO - [2025-03-31T09:18:08.893+0000] {dagbag.py:588} INFO - Filling up the DagBag from /opt/airflow/dags/env/Scripts/pip.exe
[2025-03-31T09:18:08.907+0000] {logging_mixin.py:190} INFO - [2025-03-31T09:18:08.907+0000] {dagbag.py:435} INFO - File /opt/airflow/dags/env/Scripts/pip.exe:__main__.py assumed to contain no DAGs. Skipping.
[2025-03-31T09:18:08.909+0000] {processor.py:927} WARNING - No viable dags retrieved from /opt/airflow/dags/env/Scripts/pip.exe
[2025-03-31T09:18:08.938+0000] {processor.py:208} INFO - Processing /opt/airflow/dags/env/Scripts/pip.exe took 0.063 seconds
[2025-03-31T09:19:01.199+0000] {processor.py:186} INFO - Started process (PID=8874) to work on /opt/airflow/dags/env/Scripts/pip.exe
[2025-03-31T09:19:01.202+0000] {processor.py:914} INFO - Processing file /opt/airflow/dags/env/Scripts/pip.exe for tasks to queue
[2025-03-31T09:19:01.206+0000] {logging_mixin.py:190} INFO - [2025-03-31T09:19:01.205+0000] {dagbag.py:588} INFO - Filling up the DagBag from /opt/airflow/dags/env/Scripts/pip.exe
[2025-03-31T09:19:01.220+0000] {logging_mixin.py:190} INFO - [2025-03-31T09:19:01.219+0000] {dagbag.py:435} INFO - File /opt/airflow/dags/env/Scripts/pip.exe:__main__.py assumed to contain no DAGs. Skipping.
[2025-03-31T09:19:01.221+0000] {processor.py:927} WARNING - No viable dags retrieved from /opt/airflow/dags/env/Scripts/pip.exe
[2025-03-31T09:19:01.251+0000] {processor.py:208} INFO - Processing /opt/airflow/dags/env/Scripts/pip.exe took 0.063 seconds
[2025-03-31T09:19:34.480+0000] {processor.py:186} INFO - Started process (PID=8899) to work on /opt/airflow/dags/env/Scripts/pip.exe
[2025-03-31T09:19:34.484+0000] {processor.py:914} INFO - Processing file /opt/airflow/dags/env/Scripts/pip.exe for tasks to queue
[2025-03-31T09:19:34.491+0000] {logging_mixin.py:190} INFO - [2025-03-31T09:19:34.490+0000] {dagbag.py:588} INFO - Filling up the DagBag from /opt/airflow/dags/env/Scripts/pip.exe
[2025-03-31T09:19:34.509+0000] {logging_mixin.py:190} INFO - [2025-03-31T09:19:34.508+0000] {dagbag.py:435} INFO - File /opt/airflow/dags/env/Scripts/pip.exe:__main__.py assumed to contain no DAGs. Skipping.
[2025-03-31T09:19:34.510+0000] {processor.py:927} WARNING - No viable dags retrieved from /opt/airflow/dags/env/Scripts/pip.exe
[2025-03-31T09:19:34.549+0000] {processor.py:208} INFO - Processing /opt/airflow/dags/env/Scripts/pip.exe took 0.088 seconds
[2025-03-31T09:22:41.099+0000] {processor.py:186} INFO - Started process (PID=8932) to work on /opt/airflow/dags/env/Scripts/pip.exe
[2025-03-31T09:22:41.101+0000] {processor.py:914} INFO - Processing file /opt/airflow/dags/env/Scripts/pip.exe for tasks to queue
[2025-03-31T09:22:41.107+0000] {logging_mixin.py:190} INFO - [2025-03-31T09:22:41.106+0000] {dagbag.py:588} INFO - Filling up the DagBag from /opt/airflow/dags/env/Scripts/pip.exe
[2025-03-31T09:22:41.127+0000] {logging_mixin.py:190} INFO - [2025-03-31T09:22:41.127+0000] {dagbag.py:435} INFO - File /opt/airflow/dags/env/Scripts/pip.exe:__main__.py assumed to contain no DAGs. Skipping.
[2025-03-31T09:22:41.129+0000] {processor.py:927} WARNING - No viable dags retrieved from /opt/airflow/dags/env/Scripts/pip.exe
[2025-03-31T09:22:41.165+0000] {processor.py:208} INFO - Processing /opt/airflow/dags/env/Scripts/pip.exe took 0.088 seconds
[2025-03-31T09:23:11.367+0000] {processor.py:186} INFO - Started process (PID=8956) to work on /opt/airflow/dags/env/Scripts/pip.exe
[2025-03-31T09:23:11.369+0000] {processor.py:914} INFO - Processing file /opt/airflow/dags/env/Scripts/pip.exe for tasks to queue
[2025-03-31T09:23:11.375+0000] {logging_mixin.py:190} INFO - [2025-03-31T09:23:11.374+0000] {dagbag.py:588} INFO - Filling up the DagBag from /opt/airflow/dags/env/Scripts/pip.exe
[2025-03-31T09:23:11.389+0000] {logging_mixin.py:190} INFO - [2025-03-31T09:23:11.388+0000] {dagbag.py:435} INFO - File /opt/airflow/dags/env/Scripts/pip.exe:__main__.py assumed to contain no DAGs. Skipping.
[2025-03-31T09:23:11.390+0000] {processor.py:927} WARNING - No viable dags retrieved from /opt/airflow/dags/env/Scripts/pip.exe
[2025-03-31T09:23:11.422+0000] {processor.py:208} INFO - Processing /opt/airflow/dags/env/Scripts/pip.exe took 0.064 seconds
[2025-03-31T09:24:04.072+0000] {processor.py:186} INFO - Started process (PID=8987) to work on /opt/airflow/dags/env/Scripts/pip.exe
[2025-03-31T09:24:04.074+0000] {processor.py:914} INFO - Processing file /opt/airflow/dags/env/Scripts/pip.exe for tasks to queue
[2025-03-31T09:24:04.089+0000] {logging_mixin.py:190} INFO - [2025-03-31T09:24:04.088+0000] {dagbag.py:588} INFO - Filling up the DagBag from /opt/airflow/dags/env/Scripts/pip.exe
[2025-03-31T09:24:04.108+0000] {logging_mixin.py:190} INFO - [2025-03-31T09:24:04.107+0000] {dagbag.py:435} INFO - File /opt/airflow/dags/env/Scripts/pip.exe:__main__.py assumed to contain no DAGs. Skipping.
[2025-03-31T09:24:04.109+0000] {processor.py:927} WARNING - No viable dags retrieved from /opt/airflow/dags/env/Scripts/pip.exe
[2025-03-31T09:24:04.174+0000] {processor.py:208} INFO - Processing /opt/airflow/dags/env/Scripts/pip.exe took 0.126 seconds
[2025-03-31T09:24:36.413+0000] {processor.py:186} INFO - Started process (PID=9011) to work on /opt/airflow/dags/env/Scripts/pip.exe
[2025-03-31T09:24:36.415+0000] {processor.py:914} INFO - Processing file /opt/airflow/dags/env/Scripts/pip.exe for tasks to queue
[2025-03-31T09:24:36.420+0000] {logging_mixin.py:190} INFO - [2025-03-31T09:24:36.420+0000] {dagbag.py:588} INFO - Filling up the DagBag from /opt/airflow/dags/env/Scripts/pip.exe
[2025-03-31T09:24:36.435+0000] {logging_mixin.py:190} INFO - [2025-03-31T09:24:36.434+0000] {dagbag.py:435} INFO - File /opt/airflow/dags/env/Scripts/pip.exe:__main__.py assumed to contain no DAGs. Skipping.
[2025-03-31T09:24:36.437+0000] {processor.py:927} WARNING - No viable dags retrieved from /opt/airflow/dags/env/Scripts/pip.exe
[2025-03-31T09:24:36.471+0000] {processor.py:208} INFO - Processing /opt/airflow/dags/env/Scripts/pip.exe took 0.072 seconds
[2025-03-31T09:27:39.346+0000] {processor.py:186} INFO - Started process (PID=9043) to work on /opt/airflow/dags/env/Scripts/pip.exe
[2025-03-31T09:27:39.348+0000] {processor.py:914} INFO - Processing file /opt/airflow/dags/env/Scripts/pip.exe for tasks to queue
[2025-03-31T09:27:39.353+0000] {logging_mixin.py:190} INFO - [2025-03-31T09:27:39.352+0000] {dagbag.py:588} INFO - Filling up the DagBag from /opt/airflow/dags/env/Scripts/pip.exe
[2025-03-31T09:27:39.370+0000] {logging_mixin.py:190} INFO - [2025-03-31T09:27:39.369+0000] {dagbag.py:435} INFO - File /opt/airflow/dags/env/Scripts/pip.exe:__main__.py assumed to contain no DAGs. Skipping.
[2025-03-31T09:27:39.372+0000] {processor.py:927} WARNING - No viable dags retrieved from /opt/airflow/dags/env/Scripts/pip.exe
[2025-03-31T09:27:39.416+0000] {processor.py:208} INFO - Processing /opt/airflow/dags/env/Scripts/pip.exe took 0.081 seconds
[2025-03-31T09:28:12.003+0000] {processor.py:186} INFO - Started process (PID=9067) to work on /opt/airflow/dags/env/Scripts/pip.exe
[2025-03-31T09:28:12.005+0000] {processor.py:914} INFO - Processing file /opt/airflow/dags/env/Scripts/pip.exe for tasks to queue
[2025-03-31T09:28:12.020+0000] {logging_mixin.py:190} INFO - [2025-03-31T09:28:12.019+0000] {dagbag.py:588} INFO - Filling up the DagBag from /opt/airflow/dags/env/Scripts/pip.exe
[2025-03-31T09:28:12.055+0000] {logging_mixin.py:190} INFO - [2025-03-31T09:28:12.055+0000] {dagbag.py:435} INFO - File /opt/airflow/dags/env/Scripts/pip.exe:__main__.py assumed to contain no DAGs. Skipping.
[2025-03-31T09:28:12.057+0000] {processor.py:927} WARNING - No viable dags retrieved from /opt/airflow/dags/env/Scripts/pip.exe
[2025-03-31T09:28:12.123+0000] {processor.py:208} INFO - Processing /opt/airflow/dags/env/Scripts/pip.exe took 0.143 seconds
[2025-03-31T09:29:05.065+0000] {processor.py:186} INFO - Started process (PID=9098) to work on /opt/airflow/dags/env/Scripts/pip.exe
[2025-03-31T09:29:05.066+0000] {processor.py:914} INFO - Processing file /opt/airflow/dags/env/Scripts/pip.exe for tasks to queue
[2025-03-31T09:29:05.070+0000] {logging_mixin.py:190} INFO - [2025-03-31T09:29:05.070+0000] {dagbag.py:588} INFO - Filling up the DagBag from /opt/airflow/dags/env/Scripts/pip.exe
[2025-03-31T09:29:05.084+0000] {logging_mixin.py:190} INFO - [2025-03-31T09:29:05.084+0000] {dagbag.py:435} INFO - File /opt/airflow/dags/env/Scripts/pip.exe:__main__.py assumed to contain no DAGs. Skipping.
[2025-03-31T09:29:05.086+0000] {processor.py:927} WARNING - No viable dags retrieved from /opt/airflow/dags/env/Scripts/pip.exe
[2025-03-31T09:29:05.121+0000] {processor.py:208} INFO - Processing /opt/airflow/dags/env/Scripts/pip.exe took 0.066 seconds
[2025-03-31T09:29:36.053+0000] {processor.py:186} INFO - Started process (PID=9122) to work on /opt/airflow/dags/env/Scripts/pip.exe
[2025-03-31T09:29:36.055+0000] {processor.py:914} INFO - Processing file /opt/airflow/dags/env/Scripts/pip.exe for tasks to queue
[2025-03-31T09:29:36.059+0000] {logging_mixin.py:190} INFO - [2025-03-31T09:29:36.058+0000] {dagbag.py:588} INFO - Filling up the DagBag from /opt/airflow/dags/env/Scripts/pip.exe
[2025-03-31T09:29:36.072+0000] {logging_mixin.py:190} INFO - [2025-03-31T09:29:36.071+0000] {dagbag.py:435} INFO - File /opt/airflow/dags/env/Scripts/pip.exe:__main__.py assumed to contain no DAGs. Skipping.
[2025-03-31T09:29:36.073+0000] {processor.py:927} WARNING - No viable dags retrieved from /opt/airflow/dags/env/Scripts/pip.exe
[2025-03-31T09:29:36.105+0000] {processor.py:208} INFO - Processing /opt/airflow/dags/env/Scripts/pip.exe took 0.060 seconds
[2025-03-31T09:32:38.963+0000] {processor.py:186} INFO - Started process (PID=9154) to work on /opt/airflow/dags/env/Scripts/pip.exe
[2025-03-31T09:32:38.964+0000] {processor.py:914} INFO - Processing file /opt/airflow/dags/env/Scripts/pip.exe for tasks to queue
[2025-03-31T09:32:38.968+0000] {logging_mixin.py:190} INFO - [2025-03-31T09:32:38.968+0000] {dagbag.py:588} INFO - Filling up the DagBag from /opt/airflow/dags/env/Scripts/pip.exe
[2025-03-31T09:32:38.982+0000] {logging_mixin.py:190} INFO - [2025-03-31T09:32:38.982+0000] {dagbag.py:435} INFO - File /opt/airflow/dags/env/Scripts/pip.exe:__main__.py assumed to contain no DAGs. Skipping.
[2025-03-31T09:32:38.984+0000] {processor.py:927} WARNING - No viable dags retrieved from /opt/airflow/dags/env/Scripts/pip.exe
[2025-03-31T09:32:39.016+0000] {processor.py:208} INFO - Processing /opt/airflow/dags/env/Scripts/pip.exe took 0.064 seconds
[2025-03-31T09:33:12.451+0000] {processor.py:186} INFO - Started process (PID=9178) to work on /opt/airflow/dags/env/Scripts/pip.exe
[2025-03-31T09:33:12.454+0000] {processor.py:914} INFO - Processing file /opt/airflow/dags/env/Scripts/pip.exe for tasks to queue
[2025-03-31T09:33:12.470+0000] {logging_mixin.py:190} INFO - [2025-03-31T09:33:12.470+0000] {dagbag.py:588} INFO - Filling up the DagBag from /opt/airflow/dags/env/Scripts/pip.exe
[2025-03-31T09:33:12.494+0000] {logging_mixin.py:190} INFO - [2025-03-31T09:33:12.493+0000] {dagbag.py:435} INFO - File /opt/airflow/dags/env/Scripts/pip.exe:__main__.py assumed to contain no DAGs. Skipping.
[2025-03-31T09:33:12.503+0000] {processor.py:927} WARNING - No viable dags retrieved from /opt/airflow/dags/env/Scripts/pip.exe
[2025-03-31T09:33:12.559+0000] {processor.py:208} INFO - Processing /opt/airflow/dags/env/Scripts/pip.exe took 0.123 seconds
[2025-03-31T09:34:06.094+0000] {processor.py:186} INFO - Started process (PID=9210) to work on /opt/airflow/dags/env/Scripts/pip.exe
[2025-03-31T09:34:06.096+0000] {processor.py:914} INFO - Processing file /opt/airflow/dags/env/Scripts/pip.exe for tasks to queue
[2025-03-31T09:34:06.103+0000] {logging_mixin.py:190} INFO - [2025-03-31T09:34:06.100+0000] {dagbag.py:588} INFO - Filling up the DagBag from /opt/airflow/dags/env/Scripts/pip.exe
[2025-03-31T09:34:06.125+0000] {logging_mixin.py:190} INFO - [2025-03-31T09:34:06.125+0000] {dagbag.py:435} INFO - File /opt/airflow/dags/env/Scripts/pip.exe:__main__.py assumed to contain no DAGs. Skipping.
[2025-03-31T09:34:06.128+0000] {processor.py:927} WARNING - No viable dags retrieved from /opt/airflow/dags/env/Scripts/pip.exe
[2025-03-31T09:34:06.189+0000] {processor.py:208} INFO - Processing /opt/airflow/dags/env/Scripts/pip.exe took 0.116 seconds
[2025-03-31T09:34:37.840+0000] {processor.py:186} INFO - Started process (PID=9235) to work on /opt/airflow/dags/env/Scripts/pip.exe
[2025-03-31T09:34:37.842+0000] {processor.py:914} INFO - Processing file /opt/airflow/dags/env/Scripts/pip.exe for tasks to queue
[2025-03-31T09:34:37.852+0000] {logging_mixin.py:190} INFO - [2025-03-31T09:34:37.851+0000] {dagbag.py:588} INFO - Filling up the DagBag from /opt/airflow/dags/env/Scripts/pip.exe
[2025-03-31T09:34:37.871+0000] {logging_mixin.py:190} INFO - [2025-03-31T09:34:37.871+0000] {dagbag.py:435} INFO - File /opt/airflow/dags/env/Scripts/pip.exe:__main__.py assumed to contain no DAGs. Skipping.
[2025-03-31T09:34:37.874+0000] {processor.py:927} WARNING - No viable dags retrieved from /opt/airflow/dags/env/Scripts/pip.exe
[2025-03-31T09:34:37.916+0000] {processor.py:208} INFO - Processing /opt/airflow/dags/env/Scripts/pip.exe took 0.095 seconds
[2025-03-31T09:37:47.254+0000] {processor.py:186} INFO - Started process (PID=9267) to work on /opt/airflow/dags/env/Scripts/pip.exe
[2025-03-31T09:37:47.256+0000] {processor.py:914} INFO - Processing file /opt/airflow/dags/env/Scripts/pip.exe for tasks to queue
[2025-03-31T09:37:47.263+0000] {logging_mixin.py:190} INFO - [2025-03-31T09:37:47.262+0000] {dagbag.py:588} INFO - Filling up the DagBag from /opt/airflow/dags/env/Scripts/pip.exe
[2025-03-31T09:37:47.281+0000] {logging_mixin.py:190} INFO - [2025-03-31T09:37:47.281+0000] {dagbag.py:435} INFO - File /opt/airflow/dags/env/Scripts/pip.exe:__main__.py assumed to contain no DAGs. Skipping.
[2025-03-31T09:37:47.283+0000] {processor.py:927} WARNING - No viable dags retrieved from /opt/airflow/dags/env/Scripts/pip.exe
[2025-03-31T09:37:47.318+0000] {processor.py:208} INFO - Processing /opt/airflow/dags/env/Scripts/pip.exe took 0.079 seconds
[2025-03-31T09:38:19.849+0000] {processor.py:186} INFO - Started process (PID=9291) to work on /opt/airflow/dags/env/Scripts/pip.exe
[2025-03-31T09:38:19.851+0000] {processor.py:914} INFO - Processing file /opt/airflow/dags/env/Scripts/pip.exe for tasks to queue
[2025-03-31T09:38:19.858+0000] {logging_mixin.py:190} INFO - [2025-03-31T09:38:19.856+0000] {dagbag.py:588} INFO - Filling up the DagBag from /opt/airflow/dags/env/Scripts/pip.exe
[2025-03-31T09:38:19.876+0000] {logging_mixin.py:190} INFO - [2025-03-31T09:38:19.875+0000] {dagbag.py:435} INFO - File /opt/airflow/dags/env/Scripts/pip.exe:__main__.py assumed to contain no DAGs. Skipping.
[2025-03-31T09:38:19.877+0000] {processor.py:927} WARNING - No viable dags retrieved from /opt/airflow/dags/env/Scripts/pip.exe
[2025-03-31T09:38:19.916+0000] {processor.py:208} INFO - Processing /opt/airflow/dags/env/Scripts/pip.exe took 0.076 seconds
[2025-03-31T09:39:13.638+0000] {processor.py:186} INFO - Started process (PID=9317) to work on /opt/airflow/dags/env/Scripts/pip.exe
[2025-03-31T09:39:13.639+0000] {processor.py:914} INFO - Processing file /opt/airflow/dags/env/Scripts/pip.exe for tasks to queue
[2025-03-31T09:39:13.643+0000] {logging_mixin.py:190} INFO - [2025-03-31T09:39:13.643+0000] {dagbag.py:588} INFO - Filling up the DagBag from /opt/airflow/dags/env/Scripts/pip.exe
[2025-03-31T09:39:13.658+0000] {logging_mixin.py:190} INFO - [2025-03-31T09:39:13.657+0000] {dagbag.py:435} INFO - File /opt/airflow/dags/env/Scripts/pip.exe:__main__.py assumed to contain no DAGs. Skipping.
[2025-03-31T09:39:13.659+0000] {processor.py:927} WARNING - No viable dags retrieved from /opt/airflow/dags/env/Scripts/pip.exe
[2025-03-31T09:39:13.689+0000] {processor.py:208} INFO - Processing /opt/airflow/dags/env/Scripts/pip.exe took 0.062 seconds
[2025-03-31T09:39:45.000+0000] {processor.py:186} INFO - Started process (PID=9341) to work on /opt/airflow/dags/env/Scripts/pip.exe
[2025-03-31T09:39:45.003+0000] {processor.py:914} INFO - Processing file /opt/airflow/dags/env/Scripts/pip.exe for tasks to queue
[2025-03-31T09:39:45.010+0000] {logging_mixin.py:190} INFO - [2025-03-31T09:39:45.009+0000] {dagbag.py:588} INFO - Filling up the DagBag from /opt/airflow/dags/env/Scripts/pip.exe
[2025-03-31T09:39:45.027+0000] {logging_mixin.py:190} INFO - [2025-03-31T09:39:45.027+0000] {dagbag.py:435} INFO - File /opt/airflow/dags/env/Scripts/pip.exe:__main__.py assumed to contain no DAGs. Skipping.
[2025-03-31T09:39:45.028+0000] {processor.py:927} WARNING - No viable dags retrieved from /opt/airflow/dags/env/Scripts/pip.exe
[2025-03-31T09:39:45.063+0000] {processor.py:208} INFO - Processing /opt/airflow/dags/env/Scripts/pip.exe took 0.072 seconds
[2025-03-31T09:42:51.167+0000] {processor.py:186} INFO - Started process (PID=9368) to work on /opt/airflow/dags/env/Scripts/pip.exe
[2025-03-31T09:42:51.169+0000] {processor.py:914} INFO - Processing file /opt/airflow/dags/env/Scripts/pip.exe for tasks to queue
[2025-03-31T09:42:51.175+0000] {logging_mixin.py:190} INFO - [2025-03-31T09:42:51.174+0000] {dagbag.py:588} INFO - Filling up the DagBag from /opt/airflow/dags/env/Scripts/pip.exe
[2025-03-31T09:42:51.194+0000] {logging_mixin.py:190} INFO - [2025-03-31T09:42:51.193+0000] {dagbag.py:435} INFO - File /opt/airflow/dags/env/Scripts/pip.exe:__main__.py assumed to contain no DAGs. Skipping.
[2025-03-31T09:42:51.195+0000] {processor.py:927} WARNING - No viable dags retrieved from /opt/airflow/dags/env/Scripts/pip.exe
[2025-03-31T09:42:51.226+0000] {processor.py:208} INFO - Processing /opt/airflow/dags/env/Scripts/pip.exe took 0.070 seconds
[2025-03-31T09:43:21.777+0000] {processor.py:186} INFO - Started process (PID=9392) to work on /opt/airflow/dags/env/Scripts/pip.exe
[2025-03-31T09:43:21.779+0000] {processor.py:914} INFO - Processing file /opt/airflow/dags/env/Scripts/pip.exe for tasks to queue
[2025-03-31T09:43:21.784+0000] {logging_mixin.py:190} INFO - [2025-03-31T09:43:21.783+0000] {dagbag.py:588} INFO - Filling up the DagBag from /opt/airflow/dags/env/Scripts/pip.exe
[2025-03-31T09:43:21.798+0000] {logging_mixin.py:190} INFO - [2025-03-31T09:43:21.797+0000] {dagbag.py:435} INFO - File /opt/airflow/dags/env/Scripts/pip.exe:__main__.py assumed to contain no DAGs. Skipping.
[2025-03-31T09:43:21.799+0000] {processor.py:927} WARNING - No viable dags retrieved from /opt/airflow/dags/env/Scripts/pip.exe
[2025-03-31T09:43:22.193+0000] {processor.py:208} INFO - Processing /opt/airflow/dags/env/Scripts/pip.exe took 0.426 seconds
[2025-03-31T09:44:14.603+0000] {processor.py:186} INFO - Started process (PID=9418) to work on /opt/airflow/dags/env/Scripts/pip.exe
[2025-03-31T09:44:14.605+0000] {processor.py:914} INFO - Processing file /opt/airflow/dags/env/Scripts/pip.exe for tasks to queue
[2025-03-31T09:44:14.609+0000] {logging_mixin.py:190} INFO - [2025-03-31T09:44:14.609+0000] {dagbag.py:588} INFO - Filling up the DagBag from /opt/airflow/dags/env/Scripts/pip.exe
[2025-03-31T09:44:14.624+0000] {logging_mixin.py:190} INFO - [2025-03-31T09:44:14.624+0000] {dagbag.py:435} INFO - File /opt/airflow/dags/env/Scripts/pip.exe:__main__.py assumed to contain no DAGs. Skipping.
[2025-03-31T09:44:14.625+0000] {processor.py:927} WARNING - No viable dags retrieved from /opt/airflow/dags/env/Scripts/pip.exe
[2025-03-31T09:44:14.658+0000] {processor.py:208} INFO - Processing /opt/airflow/dags/env/Scripts/pip.exe took 0.065 seconds
[2025-03-31T09:44:45.740+0000] {processor.py:186} INFO - Started process (PID=9442) to work on /opt/airflow/dags/env/Scripts/pip.exe
[2025-03-31T09:44:45.743+0000] {processor.py:914} INFO - Processing file /opt/airflow/dags/env/Scripts/pip.exe for tasks to queue
[2025-03-31T09:44:45.748+0000] {logging_mixin.py:190} INFO - [2025-03-31T09:44:45.748+0000] {dagbag.py:588} INFO - Filling up the DagBag from /opt/airflow/dags/env/Scripts/pip.exe
[2025-03-31T09:44:45.766+0000] {logging_mixin.py:190} INFO - [2025-03-31T09:44:45.766+0000] {dagbag.py:435} INFO - File /opt/airflow/dags/env/Scripts/pip.exe:__main__.py assumed to contain no DAGs. Skipping.
[2025-03-31T09:44:45.768+0000] {processor.py:927} WARNING - No viable dags retrieved from /opt/airflow/dags/env/Scripts/pip.exe
[2025-03-31T09:44:45.802+0000] {processor.py:208} INFO - Processing /opt/airflow/dags/env/Scripts/pip.exe took 0.084 seconds
[2025-03-31T09:47:46.799+0000] {processor.py:186} INFO - Started process (PID=9468) to work on /opt/airflow/dags/env/Scripts/pip.exe
[2025-03-31T09:47:46.801+0000] {processor.py:914} INFO - Processing file /opt/airflow/dags/env/Scripts/pip.exe for tasks to queue
[2025-03-31T09:47:46.805+0000] {logging_mixin.py:190} INFO - [2025-03-31T09:47:46.804+0000] {dagbag.py:588} INFO - Filling up the DagBag from /opt/airflow/dags/env/Scripts/pip.exe
[2025-03-31T09:47:46.820+0000] {logging_mixin.py:190} INFO - [2025-03-31T09:47:46.820+0000] {dagbag.py:435} INFO - File /opt/airflow/dags/env/Scripts/pip.exe:__main__.py assumed to contain no DAGs. Skipping.
[2025-03-31T09:47:46.822+0000] {processor.py:927} WARNING - No viable dags retrieved from /opt/airflow/dags/env/Scripts/pip.exe
[2025-03-31T09:47:46.851+0000] {processor.py:208} INFO - Processing /opt/airflow/dags/env/Scripts/pip.exe took 0.062 seconds
[2025-03-31T09:48:19.118+0000] {processor.py:186} INFO - Started process (PID=9492) to work on /opt/airflow/dags/env/Scripts/pip.exe
[2025-03-31T09:48:19.120+0000] {processor.py:914} INFO - Processing file /opt/airflow/dags/env/Scripts/pip.exe for tasks to queue
[2025-03-31T09:48:19.126+0000] {logging_mixin.py:190} INFO - [2025-03-31T09:48:19.125+0000] {dagbag.py:588} INFO - Filling up the DagBag from /opt/airflow/dags/env/Scripts/pip.exe
[2025-03-31T09:48:19.142+0000] {logging_mixin.py:190} INFO - [2025-03-31T09:48:19.141+0000] {dagbag.py:435} INFO - File /opt/airflow/dags/env/Scripts/pip.exe:__main__.py assumed to contain no DAGs. Skipping.
[2025-03-31T09:48:19.143+0000] {processor.py:927} WARNING - No viable dags retrieved from /opt/airflow/dags/env/Scripts/pip.exe
[2025-03-31T09:48:19.181+0000] {processor.py:208} INFO - Processing /opt/airflow/dags/env/Scripts/pip.exe took 0.074 seconds
[2025-03-31T09:49:06.283+0000] {processor.py:186} INFO - Started process (PID=9520) to work on /opt/airflow/dags/env/Scripts/pip.exe
[2025-03-31T09:49:06.296+0000] {processor.py:914} INFO - Processing file /opt/airflow/dags/env/Scripts/pip.exe for tasks to queue
[2025-03-31T09:49:06.301+0000] {logging_mixin.py:190} INFO - [2025-03-31T09:49:06.300+0000] {dagbag.py:588} INFO - Filling up the DagBag from /opt/airflow/dags/env/Scripts/pip.exe
[2025-03-31T09:49:06.322+0000] {logging_mixin.py:190} INFO - [2025-03-31T09:49:06.321+0000] {dagbag.py:435} INFO - File /opt/airflow/dags/env/Scripts/pip.exe:__main__.py assumed to contain no DAGs. Skipping.
[2025-03-31T09:49:06.324+0000] {processor.py:927} WARNING - No viable dags retrieved from /opt/airflow/dags/env/Scripts/pip.exe
[2025-03-31T09:49:06.390+0000] {processor.py:208} INFO - Processing /opt/airflow/dags/env/Scripts/pip.exe took 0.128 seconds
[2025-03-31T09:49:37.621+0000] {processor.py:186} INFO - Started process (PID=9544) to work on /opt/airflow/dags/env/Scripts/pip.exe
[2025-03-31T09:49:37.622+0000] {processor.py:914} INFO - Processing file /opt/airflow/dags/env/Scripts/pip.exe for tasks to queue
[2025-03-31T09:49:37.626+0000] {logging_mixin.py:190} INFO - [2025-03-31T09:49:37.626+0000] {dagbag.py:588} INFO - Filling up the DagBag from /opt/airflow/dags/env/Scripts/pip.exe
[2025-03-31T09:49:37.640+0000] {logging_mixin.py:190} INFO - [2025-03-31T09:49:37.640+0000] {dagbag.py:435} INFO - File /opt/airflow/dags/env/Scripts/pip.exe:__main__.py assumed to contain no DAGs. Skipping.
[2025-03-31T09:49:37.642+0000] {processor.py:927} WARNING - No viable dags retrieved from /opt/airflow/dags/env/Scripts/pip.exe
[2025-03-31T09:49:37.673+0000] {processor.py:208} INFO - Processing /opt/airflow/dags/env/Scripts/pip.exe took 0.062 seconds
[2025-03-31T09:52:40.250+0000] {processor.py:186} INFO - Started process (PID=9576) to work on /opt/airflow/dags/env/Scripts/pip.exe
[2025-03-31T09:52:40.251+0000] {processor.py:914} INFO - Processing file /opt/airflow/dags/env/Scripts/pip.exe for tasks to queue
[2025-03-31T09:52:40.256+0000] {logging_mixin.py:190} INFO - [2025-03-31T09:52:40.255+0000] {dagbag.py:588} INFO - Filling up the DagBag from /opt/airflow/dags/env/Scripts/pip.exe
[2025-03-31T09:52:40.269+0000] {logging_mixin.py:190} INFO - [2025-03-31T09:52:40.269+0000] {dagbag.py:435} INFO - File /opt/airflow/dags/env/Scripts/pip.exe:__main__.py assumed to contain no DAGs. Skipping.
[2025-03-31T09:52:40.271+0000] {processor.py:927} WARNING - No viable dags retrieved from /opt/airflow/dags/env/Scripts/pip.exe
[2025-03-31T09:52:40.300+0000] {processor.py:208} INFO - Processing /opt/airflow/dags/env/Scripts/pip.exe took 0.063 seconds
[2025-03-31T09:53:11.863+0000] {processor.py:186} INFO - Started process (PID=9600) to work on /opt/airflow/dags/env/Scripts/pip.exe
[2025-03-31T09:53:11.865+0000] {processor.py:914} INFO - Processing file /opt/airflow/dags/env/Scripts/pip.exe for tasks to queue
[2025-03-31T09:53:11.878+0000] {logging_mixin.py:190} INFO - [2025-03-31T09:53:11.878+0000] {dagbag.py:588} INFO - Filling up the DagBag from /opt/airflow/dags/env/Scripts/pip.exe
[2025-03-31T09:53:11.901+0000] {logging_mixin.py:190} INFO - [2025-03-31T09:53:11.900+0000] {dagbag.py:435} INFO - File /opt/airflow/dags/env/Scripts/pip.exe:__main__.py assumed to contain no DAGs. Skipping.
[2025-03-31T09:53:11.902+0000] {processor.py:927} WARNING - No viable dags retrieved from /opt/airflow/dags/env/Scripts/pip.exe
[2025-03-31T09:53:11.967+0000] {processor.py:208} INFO - Processing /opt/airflow/dags/env/Scripts/pip.exe took 0.128 seconds
[2025-03-31T09:54:04.595+0000] {processor.py:186} INFO - Started process (PID=9635) to work on /opt/airflow/dags/env/Scripts/pip.exe
[2025-03-31T09:54:04.597+0000] {processor.py:914} INFO - Processing file /opt/airflow/dags/env/Scripts/pip.exe for tasks to queue
[2025-03-31T09:54:04.603+0000] {logging_mixin.py:190} INFO - [2025-03-31T09:54:04.602+0000] {dagbag.py:588} INFO - Filling up the DagBag from /opt/airflow/dags/env/Scripts/pip.exe
[2025-03-31T09:54:04.627+0000] {logging_mixin.py:190} INFO - [2025-03-31T09:54:04.626+0000] {dagbag.py:435} INFO - File /opt/airflow/dags/env/Scripts/pip.exe:__main__.py assumed to contain no DAGs. Skipping.
[2025-03-31T09:54:04.629+0000] {processor.py:927} WARNING - No viable dags retrieved from /opt/airflow/dags/env/Scripts/pip.exe
[2025-03-31T09:54:04.685+0000] {processor.py:208} INFO - Processing /opt/airflow/dags/env/Scripts/pip.exe took 0.109 seconds
[2025-03-31T09:54:35.545+0000] {processor.py:186} INFO - Started process (PID=9659) to work on /opt/airflow/dags/env/Scripts/pip.exe
[2025-03-31T09:54:35.547+0000] {processor.py:914} INFO - Processing file /opt/airflow/dags/env/Scripts/pip.exe for tasks to queue
[2025-03-31T09:54:35.553+0000] {logging_mixin.py:190} INFO - [2025-03-31T09:54:35.552+0000] {dagbag.py:588} INFO - Filling up the DagBag from /opt/airflow/dags/env/Scripts/pip.exe
[2025-03-31T09:54:35.570+0000] {logging_mixin.py:190} INFO - [2025-03-31T09:54:35.569+0000] {dagbag.py:435} INFO - File /opt/airflow/dags/env/Scripts/pip.exe:__main__.py assumed to contain no DAGs. Skipping.
[2025-03-31T09:54:35.571+0000] {processor.py:927} WARNING - No viable dags retrieved from /opt/airflow/dags/env/Scripts/pip.exe
[2025-03-31T09:54:35.605+0000] {processor.py:208} INFO - Processing /opt/airflow/dags/env/Scripts/pip.exe took 0.071 seconds
[2025-03-31T09:57:43.435+0000] {processor.py:186} INFO - Started process (PID=9694) to work on /opt/airflow/dags/env/Scripts/pip.exe
[2025-03-31T09:57:43.437+0000] {processor.py:914} INFO - Processing file /opt/airflow/dags/env/Scripts/pip.exe for tasks to queue
[2025-03-31T09:57:43.442+0000] {logging_mixin.py:190} INFO - [2025-03-31T09:57:43.441+0000] {dagbag.py:588} INFO - Filling up the DagBag from /opt/airflow/dags/env/Scripts/pip.exe
[2025-03-31T09:57:43.455+0000] {logging_mixin.py:190} INFO - [2025-03-31T09:57:43.454+0000] {dagbag.py:435} INFO - File /opt/airflow/dags/env/Scripts/pip.exe:__main__.py assumed to contain no DAGs. Skipping.
[2025-03-31T09:57:43.456+0000] {processor.py:927} WARNING - No viable dags retrieved from /opt/airflow/dags/env/Scripts/pip.exe
[2025-03-31T09:57:43.487+0000] {processor.py:208} INFO - Processing /opt/airflow/dags/env/Scripts/pip.exe took 0.059 seconds
[2025-03-31T09:58:15.261+0000] {processor.py:186} INFO - Started process (PID=9718) to work on /opt/airflow/dags/env/Scripts/pip.exe
[2025-03-31T09:58:15.263+0000] {processor.py:914} INFO - Processing file /opt/airflow/dags/env/Scripts/pip.exe for tasks to queue
[2025-03-31T09:58:15.267+0000] {logging_mixin.py:190} INFO - [2025-03-31T09:58:15.266+0000] {dagbag.py:588} INFO - Filling up the DagBag from /opt/airflow/dags/env/Scripts/pip.exe
[2025-03-31T09:58:15.281+0000] {logging_mixin.py:190} INFO - [2025-03-31T09:58:15.281+0000] {dagbag.py:435} INFO - File /opt/airflow/dags/env/Scripts/pip.exe:__main__.py assumed to contain no DAGs. Skipping.
[2025-03-31T09:58:15.283+0000] {processor.py:927} WARNING - No viable dags retrieved from /opt/airflow/dags/env/Scripts/pip.exe
[2025-03-31T09:58:15.314+0000] {processor.py:208} INFO - Processing /opt/airflow/dags/env/Scripts/pip.exe took 0.065 seconds
[2025-03-31T09:59:04.606+0000] {processor.py:186} INFO - Started process (PID=9751) to work on /opt/airflow/dags/env/Scripts/pip.exe
[2025-03-31T09:59:04.608+0000] {processor.py:914} INFO - Processing file /opt/airflow/dags/env/Scripts/pip.exe for tasks to queue
[2025-03-31T09:59:04.612+0000] {logging_mixin.py:190} INFO - [2025-03-31T09:59:04.611+0000] {dagbag.py:588} INFO - Filling up the DagBag from /opt/airflow/dags/env/Scripts/pip.exe
[2025-03-31T09:59:04.626+0000] {logging_mixin.py:190} INFO - [2025-03-31T09:59:04.625+0000] {dagbag.py:435} INFO - File /opt/airflow/dags/env/Scripts/pip.exe:__main__.py assumed to contain no DAGs. Skipping.
[2025-03-31T09:59:04.627+0000] {processor.py:927} WARNING - No viable dags retrieved from /opt/airflow/dags/env/Scripts/pip.exe
[2025-03-31T09:59:04.658+0000] {processor.py:208} INFO - Processing /opt/airflow/dags/env/Scripts/pip.exe took 0.059 seconds
[2025-03-31T09:59:37.139+0000] {processor.py:186} INFO - Started process (PID=9775) to work on /opt/airflow/dags/env/Scripts/pip.exe
[2025-03-31T09:59:37.141+0000] {processor.py:914} INFO - Processing file /opt/airflow/dags/env/Scripts/pip.exe for tasks to queue
[2025-03-31T09:59:37.145+0000] {logging_mixin.py:190} INFO - [2025-03-31T09:59:37.144+0000] {dagbag.py:588} INFO - Filling up the DagBag from /opt/airflow/dags/env/Scripts/pip.exe
[2025-03-31T09:59:37.160+0000] {logging_mixin.py:190} INFO - [2025-03-31T09:59:37.159+0000] {dagbag.py:435} INFO - File /opt/airflow/dags/env/Scripts/pip.exe:__main__.py assumed to contain no DAGs. Skipping.
[2025-03-31T09:59:37.161+0000] {processor.py:927} WARNING - No viable dags retrieved from /opt/airflow/dags/env/Scripts/pip.exe
[2025-03-31T09:59:37.190+0000] {processor.py:208} INFO - Processing /opt/airflow/dags/env/Scripts/pip.exe took 0.061 seconds
[2025-03-31T10:02:44.336+0000] {processor.py:186} INFO - Started process (PID=9810) to work on /opt/airflow/dags/env/Scripts/pip.exe
[2025-03-31T10:02:44.338+0000] {processor.py:914} INFO - Processing file /opt/airflow/dags/env/Scripts/pip.exe for tasks to queue
[2025-03-31T10:02:44.342+0000] {logging_mixin.py:190} INFO - [2025-03-31T10:02:44.342+0000] {dagbag.py:588} INFO - Filling up the DagBag from /opt/airflow/dags/env/Scripts/pip.exe
[2025-03-31T10:02:44.356+0000] {logging_mixin.py:190} INFO - [2025-03-31T10:02:44.355+0000] {dagbag.py:435} INFO - File /opt/airflow/dags/env/Scripts/pip.exe:__main__.py assumed to contain no DAGs. Skipping.
[2025-03-31T10:02:44.357+0000] {processor.py:927} WARNING - No viable dags retrieved from /opt/airflow/dags/env/Scripts/pip.exe
[2025-03-31T10:02:44.390+0000] {processor.py:208} INFO - Processing /opt/airflow/dags/env/Scripts/pip.exe took 0.061 seconds
[2025-03-31T10:03:16.009+0000] {processor.py:186} INFO - Started process (PID=9834) to work on /opt/airflow/dags/env/Scripts/pip.exe
[2025-03-31T10:03:16.011+0000] {processor.py:914} INFO - Processing file /opt/airflow/dags/env/Scripts/pip.exe for tasks to queue
[2025-03-31T10:03:16.017+0000] {logging_mixin.py:190} INFO - [2025-03-31T10:03:16.016+0000] {dagbag.py:588} INFO - Filling up the DagBag from /opt/airflow/dags/env/Scripts/pip.exe
[2025-03-31T10:03:16.031+0000] {logging_mixin.py:190} INFO - [2025-03-31T10:03:16.031+0000] {dagbag.py:435} INFO - File /opt/airflow/dags/env/Scripts/pip.exe:__main__.py assumed to contain no DAGs. Skipping.
[2025-03-31T10:03:16.032+0000] {processor.py:927} WARNING - No viable dags retrieved from /opt/airflow/dags/env/Scripts/pip.exe
[2025-03-31T10:03:16.067+0000] {processor.py:208} INFO - Processing /opt/airflow/dags/env/Scripts/pip.exe took 0.071 seconds
[2025-03-31T10:04:05.506+0000] {processor.py:186} INFO - Started process (PID=9867) to work on /opt/airflow/dags/env/Scripts/pip.exe
[2025-03-31T10:04:05.508+0000] {processor.py:914} INFO - Processing file /opt/airflow/dags/env/Scripts/pip.exe for tasks to queue
[2025-03-31T10:04:05.514+0000] {logging_mixin.py:190} INFO - [2025-03-31T10:04:05.513+0000] {dagbag.py:588} INFO - Filling up the DagBag from /opt/airflow/dags/env/Scripts/pip.exe
[2025-03-31T10:04:05.533+0000] {logging_mixin.py:190} INFO - [2025-03-31T10:04:05.533+0000] {dagbag.py:435} INFO - File /opt/airflow/dags/env/Scripts/pip.exe:__main__.py assumed to contain no DAGs. Skipping.
[2025-03-31T10:04:05.535+0000] {processor.py:927} WARNING - No viable dags retrieved from /opt/airflow/dags/env/Scripts/pip.exe
[2025-03-31T10:04:05.573+0000] {processor.py:208} INFO - Processing /opt/airflow/dags/env/Scripts/pip.exe took 0.082 seconds
[2025-03-31T10:04:39.264+0000] {processor.py:186} INFO - Started process (PID=9891) to work on /opt/airflow/dags/env/Scripts/pip.exe
[2025-03-31T10:04:39.266+0000] {processor.py:914} INFO - Processing file /opt/airflow/dags/env/Scripts/pip.exe for tasks to queue
[2025-03-31T10:04:39.271+0000] {logging_mixin.py:190} INFO - [2025-03-31T10:04:39.270+0000] {dagbag.py:588} INFO - Filling up the DagBag from /opt/airflow/dags/env/Scripts/pip.exe
[2025-03-31T10:04:39.290+0000] {logging_mixin.py:190} INFO - [2025-03-31T10:04:39.289+0000] {dagbag.py:435} INFO - File /opt/airflow/dags/env/Scripts/pip.exe:__main__.py assumed to contain no DAGs. Skipping.
[2025-03-31T10:04:39.291+0000] {processor.py:927} WARNING - No viable dags retrieved from /opt/airflow/dags/env/Scripts/pip.exe
[2025-03-31T10:04:39.334+0000] {processor.py:208} INFO - Processing /opt/airflow/dags/env/Scripts/pip.exe took 0.089 seconds
[2025-03-31T10:07:49.320+0000] {processor.py:186} INFO - Started process (PID=9925) to work on /opt/airflow/dags/env/Scripts/pip.exe
[2025-03-31T10:07:49.322+0000] {processor.py:914} INFO - Processing file /opt/airflow/dags/env/Scripts/pip.exe for tasks to queue
[2025-03-31T10:07:49.327+0000] {logging_mixin.py:190} INFO - [2025-03-31T10:07:49.326+0000] {dagbag.py:588} INFO - Filling up the DagBag from /opt/airflow/dags/env/Scripts/pip.exe
[2025-03-31T10:07:49.341+0000] {logging_mixin.py:190} INFO - [2025-03-31T10:07:49.340+0000] {dagbag.py:435} INFO - File /opt/airflow/dags/env/Scripts/pip.exe:__main__.py assumed to contain no DAGs. Skipping.
[2025-03-31T10:07:49.342+0000] {processor.py:927} WARNING - No viable dags retrieved from /opt/airflow/dags/env/Scripts/pip.exe
[2025-03-31T10:07:49.372+0000] {processor.py:208} INFO - Processing /opt/airflow/dags/env/Scripts/pip.exe took 0.062 seconds
[2025-03-31T10:08:20.288+0000] {processor.py:186} INFO - Started process (PID=9949) to work on /opt/airflow/dags/env/Scripts/pip.exe
[2025-03-31T10:08:20.290+0000] {processor.py:914} INFO - Processing file /opt/airflow/dags/env/Scripts/pip.exe for tasks to queue
[2025-03-31T10:08:20.296+0000] {logging_mixin.py:190} INFO - [2025-03-31T10:08:20.295+0000] {dagbag.py:588} INFO - Filling up the DagBag from /opt/airflow/dags/env/Scripts/pip.exe
[2025-03-31T10:08:20.310+0000] {logging_mixin.py:190} INFO - [2025-03-31T10:08:20.309+0000] {dagbag.py:435} INFO - File /opt/airflow/dags/env/Scripts/pip.exe:__main__.py assumed to contain no DAGs. Skipping.
[2025-03-31T10:08:20.312+0000] {processor.py:927} WARNING - No viable dags retrieved from /opt/airflow/dags/env/Scripts/pip.exe
[2025-03-31T10:08:20.353+0000] {processor.py:208} INFO - Processing /opt/airflow/dags/env/Scripts/pip.exe took 0.074 seconds
[2025-03-31T10:09:07.626+0000] {processor.py:186} INFO - Started process (PID=9978) to work on /opt/airflow/dags/env/Scripts/pip.exe
[2025-03-31T10:09:07.628+0000] {processor.py:914} INFO - Processing file /opt/airflow/dags/env/Scripts/pip.exe for tasks to queue
[2025-03-31T10:09:07.632+0000] {logging_mixin.py:190} INFO - [2025-03-31T10:09:07.632+0000] {dagbag.py:588} INFO - Filling up the DagBag from /opt/airflow/dags/env/Scripts/pip.exe
[2025-03-31T10:09:07.646+0000] {logging_mixin.py:190} INFO - [2025-03-31T10:09:07.646+0000] {dagbag.py:435} INFO - File /opt/airflow/dags/env/Scripts/pip.exe:__main__.py assumed to contain no DAGs. Skipping.
[2025-03-31T10:09:07.647+0000] {processor.py:927} WARNING - No viable dags retrieved from /opt/airflow/dags/env/Scripts/pip.exe
[2025-03-31T10:09:07.676+0000] {processor.py:208} INFO - Processing /opt/airflow/dags/env/Scripts/pip.exe took 0.061 seconds
[2025-03-31T10:09:40.011+0000] {processor.py:186} INFO - Started process (PID=10002) to work on /opt/airflow/dags/env/Scripts/pip.exe
[2025-03-31T10:09:40.013+0000] {processor.py:914} INFO - Processing file /opt/airflow/dags/env/Scripts/pip.exe for tasks to queue
[2025-03-31T10:09:40.018+0000] {logging_mixin.py:190} INFO - [2025-03-31T10:09:40.017+0000] {dagbag.py:588} INFO - Filling up the DagBag from /opt/airflow/dags/env/Scripts/pip.exe
[2025-03-31T10:09:40.038+0000] {logging_mixin.py:190} INFO - [2025-03-31T10:09:40.037+0000] {dagbag.py:435} INFO - File /opt/airflow/dags/env/Scripts/pip.exe:__main__.py assumed to contain no DAGs. Skipping.
[2025-03-31T10:09:40.040+0000] {processor.py:927} WARNING - No viable dags retrieved from /opt/airflow/dags/env/Scripts/pip.exe
[2025-03-31T10:09:40.075+0000] {processor.py:208} INFO - Processing /opt/airflow/dags/env/Scripts/pip.exe took 0.077 seconds
[2025-03-31T10:12:42.965+0000] {processor.py:186} INFO - Started process (PID=10036) to work on /opt/airflow/dags/env/Scripts/pip.exe
[2025-03-31T10:12:42.966+0000] {processor.py:914} INFO - Processing file /opt/airflow/dags/env/Scripts/pip.exe for tasks to queue
[2025-03-31T10:12:42.971+0000] {logging_mixin.py:190} INFO - [2025-03-31T10:12:42.970+0000] {dagbag.py:588} INFO - Filling up the DagBag from /opt/airflow/dags/env/Scripts/pip.exe
[2025-03-31T10:12:42.985+0000] {logging_mixin.py:190} INFO - [2025-03-31T10:12:42.984+0000] {dagbag.py:435} INFO - File /opt/airflow/dags/env/Scripts/pip.exe:__main__.py assumed to contain no DAGs. Skipping.
[2025-03-31T10:12:42.986+0000] {processor.py:927} WARNING - No viable dags retrieved from /opt/airflow/dags/env/Scripts/pip.exe
[2025-03-31T10:12:43.019+0000] {processor.py:208} INFO - Processing /opt/airflow/dags/env/Scripts/pip.exe took 0.065 seconds
[2025-03-31T10:13:15.224+0000] {processor.py:186} INFO - Started process (PID=10060) to work on /opt/airflow/dags/env/Scripts/pip.exe
[2025-03-31T10:13:15.227+0000] {processor.py:914} INFO - Processing file /opt/airflow/dags/env/Scripts/pip.exe for tasks to queue
[2025-03-31T10:13:15.234+0000] {logging_mixin.py:190} INFO - [2025-03-31T10:13:15.232+0000] {dagbag.py:588} INFO - Filling up the DagBag from /opt/airflow/dags/env/Scripts/pip.exe
[2025-03-31T10:13:15.260+0000] {logging_mixin.py:190} INFO - [2025-03-31T10:13:15.259+0000] {dagbag.py:435} INFO - File /opt/airflow/dags/env/Scripts/pip.exe:__main__.py assumed to contain no DAGs. Skipping.
[2025-03-31T10:13:15.263+0000] {processor.py:927} WARNING - No viable dags retrieved from /opt/airflow/dags/env/Scripts/pip.exe
[2025-03-31T10:13:15.303+0000] {processor.py:208} INFO - Processing /opt/airflow/dags/env/Scripts/pip.exe took 0.097 seconds
[2025-03-31T10:14:08.729+0000] {processor.py:186} INFO - Started process (PID=10095) to work on /opt/airflow/dags/env/Scripts/pip.exe
[2025-03-31T10:14:08.731+0000] {processor.py:914} INFO - Processing file /opt/airflow/dags/env/Scripts/pip.exe for tasks to queue
[2025-03-31T10:14:08.737+0000] {logging_mixin.py:190} INFO - [2025-03-31T10:14:08.736+0000] {dagbag.py:588} INFO - Filling up the DagBag from /opt/airflow/dags/env/Scripts/pip.exe
[2025-03-31T10:14:08.754+0000] {logging_mixin.py:190} INFO - [2025-03-31T10:14:08.754+0000] {dagbag.py:435} INFO - File /opt/airflow/dags/env/Scripts/pip.exe:__main__.py assumed to contain no DAGs. Skipping.
[2025-03-31T10:14:08.756+0000] {processor.py:927} WARNING - No viable dags retrieved from /opt/airflow/dags/env/Scripts/pip.exe
[2025-03-31T10:14:08.789+0000] {processor.py:208} INFO - Processing /opt/airflow/dags/env/Scripts/pip.exe took 0.071 seconds
[2025-03-31T10:14:40.705+0000] {processor.py:186} INFO - Started process (PID=10119) to work on /opt/airflow/dags/env/Scripts/pip.exe
[2025-03-31T10:14:40.707+0000] {processor.py:914} INFO - Processing file /opt/airflow/dags/env/Scripts/pip.exe for tasks to queue
[2025-03-31T10:14:40.713+0000] {logging_mixin.py:190} INFO - [2025-03-31T10:14:40.712+0000] {dagbag.py:588} INFO - Filling up the DagBag from /opt/airflow/dags/env/Scripts/pip.exe
[2025-03-31T10:14:40.732+0000] {logging_mixin.py:190} INFO - [2025-03-31T10:14:40.731+0000] {dagbag.py:435} INFO - File /opt/airflow/dags/env/Scripts/pip.exe:__main__.py assumed to contain no DAGs. Skipping.
[2025-03-31T10:14:40.733+0000] {processor.py:927} WARNING - No viable dags retrieved from /opt/airflow/dags/env/Scripts/pip.exe
[2025-03-31T10:14:40.771+0000] {processor.py:208} INFO - Processing /opt/airflow/dags/env/Scripts/pip.exe took 0.076 seconds
[2025-03-31T10:17:49.381+0000] {processor.py:186} INFO - Started process (PID=10153) to work on /opt/airflow/dags/env/Scripts/pip.exe
[2025-03-31T10:17:49.383+0000] {processor.py:914} INFO - Processing file /opt/airflow/dags/env/Scripts/pip.exe for tasks to queue
[2025-03-31T10:17:49.387+0000] {logging_mixin.py:190} INFO - [2025-03-31T10:17:49.386+0000] {dagbag.py:588} INFO - Filling up the DagBag from /opt/airflow/dags/env/Scripts/pip.exe
[2025-03-31T10:17:49.402+0000] {logging_mixin.py:190} INFO - [2025-03-31T10:17:49.401+0000] {dagbag.py:435} INFO - File /opt/airflow/dags/env/Scripts/pip.exe:__main__.py assumed to contain no DAGs. Skipping.
[2025-03-31T10:17:49.403+0000] {processor.py:927} WARNING - No viable dags retrieved from /opt/airflow/dags/env/Scripts/pip.exe
[2025-03-31T10:17:49.435+0000] {processor.py:208} INFO - Processing /opt/airflow/dags/env/Scripts/pip.exe took 0.065 seconds
[2025-03-31T10:18:23.047+0000] {processor.py:186} INFO - Started process (PID=10177) to work on /opt/airflow/dags/env/Scripts/pip.exe
[2025-03-31T10:18:23.049+0000] {processor.py:914} INFO - Processing file /opt/airflow/dags/env/Scripts/pip.exe for tasks to queue
[2025-03-31T10:18:23.054+0000] {logging_mixin.py:190} INFO - [2025-03-31T10:18:23.053+0000] {dagbag.py:588} INFO - Filling up the DagBag from /opt/airflow/dags/env/Scripts/pip.exe
[2025-03-31T10:18:23.068+0000] {logging_mixin.py:190} INFO - [2025-03-31T10:18:23.068+0000] {dagbag.py:435} INFO - File /opt/airflow/dags/env/Scripts/pip.exe:__main__.py assumed to contain no DAGs. Skipping.
[2025-03-31T10:18:23.070+0000] {processor.py:927} WARNING - No viable dags retrieved from /opt/airflow/dags/env/Scripts/pip.exe
[2025-03-31T10:18:23.100+0000] {processor.py:208} INFO - Processing /opt/airflow/dags/env/Scripts/pip.exe took 0.067 seconds
[2025-03-31T10:19:10.856+0000] {processor.py:186} INFO - Started process (PID=10206) to work on /opt/airflow/dags/env/Scripts/pip.exe
[2025-03-31T10:19:10.858+0000] {processor.py:914} INFO - Processing file /opt/airflow/dags/env/Scripts/pip.exe for tasks to queue
[2025-03-31T10:19:10.863+0000] {logging_mixin.py:190} INFO - [2025-03-31T10:19:10.862+0000] {dagbag.py:588} INFO - Filling up the DagBag from /opt/airflow/dags/env/Scripts/pip.exe
[2025-03-31T10:19:10.880+0000] {logging_mixin.py:190} INFO - [2025-03-31T10:19:10.880+0000] {dagbag.py:435} INFO - File /opt/airflow/dags/env/Scripts/pip.exe:__main__.py assumed to contain no DAGs. Skipping.
[2025-03-31T10:19:10.882+0000] {processor.py:927} WARNING - No viable dags retrieved from /opt/airflow/dags/env/Scripts/pip.exe
[2025-03-31T10:19:10.915+0000] {processor.py:208} INFO - Processing /opt/airflow/dags/env/Scripts/pip.exe took 0.071 seconds
[2025-03-31T10:19:41.820+0000] {processor.py:186} INFO - Started process (PID=10230) to work on /opt/airflow/dags/env/Scripts/pip.exe
[2025-03-31T10:19:41.821+0000] {processor.py:914} INFO - Processing file /opt/airflow/dags/env/Scripts/pip.exe for tasks to queue
[2025-03-31T10:19:41.826+0000] {logging_mixin.py:190} INFO - [2025-03-31T10:19:41.825+0000] {dagbag.py:588} INFO - Filling up the DagBag from /opt/airflow/dags/env/Scripts/pip.exe
[2025-03-31T10:19:41.840+0000] {logging_mixin.py:190} INFO - [2025-03-31T10:19:41.839+0000] {dagbag.py:435} INFO - File /opt/airflow/dags/env/Scripts/pip.exe:__main__.py assumed to contain no DAGs. Skipping.
[2025-03-31T10:19:41.841+0000] {processor.py:927} WARNING - No viable dags retrieved from /opt/airflow/dags/env/Scripts/pip.exe
[2025-03-31T10:19:41.870+0000] {processor.py:208} INFO - Processing /opt/airflow/dags/env/Scripts/pip.exe took 0.061 seconds
[2025-03-31T10:43:40.979+0000] {processor.py:186} INFO - Started process (PID=10265) to work on /opt/airflow/dags/env/Scripts/pip.exe
[2025-03-31T10:43:40.982+0000] {processor.py:914} INFO - Processing file /opt/airflow/dags/env/Scripts/pip.exe for tasks to queue
[2025-03-31T10:43:40.990+0000] {logging_mixin.py:190} INFO - [2025-03-31T10:43:40.989+0000] {dagbag.py:588} INFO - Filling up the DagBag from /opt/airflow/dags/env/Scripts/pip.exe
[2025-03-31T10:43:41.010+0000] {logging_mixin.py:190} INFO - [2025-03-31T10:43:41.009+0000] {dagbag.py:435} INFO - File /opt/airflow/dags/env/Scripts/pip.exe:__main__.py assumed to contain no DAGs. Skipping.
[2025-03-31T10:43:41.011+0000] {processor.py:927} WARNING - No viable dags retrieved from /opt/airflow/dags/env/Scripts/pip.exe
[2025-03-31T10:43:41.058+0000] {processor.py:208} INFO - Processing /opt/airflow/dags/env/Scripts/pip.exe took 0.091 seconds
[2025-03-31T10:44:11.582+0000] {processor.py:186} INFO - Started process (PID=10289) to work on /opt/airflow/dags/env/Scripts/pip.exe
[2025-03-31T10:44:11.584+0000] {processor.py:914} INFO - Processing file /opt/airflow/dags/env/Scripts/pip.exe for tasks to queue
[2025-03-31T10:44:11.592+0000] {logging_mixin.py:190} INFO - [2025-03-31T10:44:11.590+0000] {dagbag.py:588} INFO - Filling up the DagBag from /opt/airflow/dags/env/Scripts/pip.exe
[2025-03-31T10:44:11.618+0000] {logging_mixin.py:190} INFO - [2025-03-31T10:44:11.618+0000] {dagbag.py:435} INFO - File /opt/airflow/dags/env/Scripts/pip.exe:__main__.py assumed to contain no DAGs. Skipping.
[2025-03-31T10:44:11.621+0000] {processor.py:927} WARNING - No viable dags retrieved from /opt/airflow/dags/env/Scripts/pip.exe
[2025-03-31T10:44:11.658+0000] {processor.py:208} INFO - Processing /opt/airflow/dags/env/Scripts/pip.exe took 0.091 seconds
[2025-03-31T10:45:09.799+0000] {processor.py:186} INFO - Started process (PID=10317) to work on /opt/airflow/dags/env/Scripts/pip.exe
[2025-03-31T10:45:09.801+0000] {processor.py:914} INFO - Processing file /opt/airflow/dags/env/Scripts/pip.exe for tasks to queue
[2025-03-31T10:45:09.808+0000] {logging_mixin.py:190} INFO - [2025-03-31T10:45:09.807+0000] {dagbag.py:588} INFO - Filling up the DagBag from /opt/airflow/dags/env/Scripts/pip.exe
[2025-03-31T10:45:09.823+0000] {logging_mixin.py:190} INFO - [2025-03-31T10:45:09.823+0000] {dagbag.py:435} INFO - File /opt/airflow/dags/env/Scripts/pip.exe:__main__.py assumed to contain no DAGs. Skipping.
[2025-03-31T10:45:09.825+0000] {processor.py:927} WARNING - No viable dags retrieved from /opt/airflow/dags/env/Scripts/pip.exe
[2025-03-31T10:45:09.857+0000] {processor.py:208} INFO - Processing /opt/airflow/dags/env/Scripts/pip.exe took 0.065 seconds
[2025-03-31T11:08:39.164+0000] {processor.py:186} INFO - Started process (PID=10372) to work on /opt/airflow/dags/env/Scripts/pip.exe
[2025-03-31T11:08:39.169+0000] {processor.py:914} INFO - Processing file /opt/airflow/dags/env/Scripts/pip.exe for tasks to queue
[2025-03-31T11:08:39.175+0000] {logging_mixin.py:190} INFO - [2025-03-31T11:08:39.174+0000] {dagbag.py:588} INFO - Filling up the DagBag from /opt/airflow/dags/env/Scripts/pip.exe
[2025-03-31T11:08:39.193+0000] {logging_mixin.py:190} INFO - [2025-03-31T11:08:39.193+0000] {dagbag.py:435} INFO - File /opt/airflow/dags/env/Scripts/pip.exe:__main__.py assumed to contain no DAGs. Skipping.
[2025-03-31T11:08:39.195+0000] {processor.py:927} WARNING - No viable dags retrieved from /opt/airflow/dags/env/Scripts/pip.exe
[2025-03-31T11:08:39.232+0000] {processor.py:208} INFO - Processing /opt/airflow/dags/env/Scripts/pip.exe took 0.082 seconds
[2025-03-31T11:17:20.575+0000] {processor.py:186} INFO - Started process (PID=10387) to work on /opt/airflow/dags/env/Scripts/pip.exe
[2025-03-31T11:17:20.577+0000] {processor.py:914} INFO - Processing file /opt/airflow/dags/env/Scripts/pip.exe for tasks to queue
[2025-03-31T11:17:20.582+0000] {logging_mixin.py:190} INFO - [2025-03-31T11:17:20.581+0000] {dagbag.py:588} INFO - Filling up the DagBag from /opt/airflow/dags/env/Scripts/pip.exe
[2025-03-31T11:17:20.597+0000] {logging_mixin.py:190} INFO - [2025-03-31T11:17:20.596+0000] {dagbag.py:435} INFO - File /opt/airflow/dags/env/Scripts/pip.exe:__main__.py assumed to contain no DAGs. Skipping.
[2025-03-31T11:17:20.598+0000] {processor.py:927} WARNING - No viable dags retrieved from /opt/airflow/dags/env/Scripts/pip.exe
[2025-03-31T11:17:20.629+0000] {processor.py:208} INFO - Processing /opt/airflow/dags/env/Scripts/pip.exe took 0.067 seconds
