[2025-03-31T07:27:35.519+0000] {processor.py:186} INFO - Started process (PID=7702) to work on /opt/airflow/dags/env/Scripts/pip3.11.exe
[2025-03-31T07:27:35.521+0000] {processor.py:914} INFO - Processing file /opt/airflow/dags/env/Scripts/pip3.11.exe for tasks to queue
[2025-03-31T07:27:35.525+0000] {logging_mixin.py:190} INFO - [2025-03-31T07:27:35.524+0000] {dagbag.py:588} INFO - Filling up the DagBag from /opt/airflow/dags/env/Scripts/pip3.11.exe
[2025-03-31T07:27:35.543+0000] {logging_mixin.py:190} INFO - [2025-03-31T07:27:35.543+0000] {dagbag.py:435} INFO - File /opt/airflow/dags/env/Scripts/pip3.11.exe:__main__.py assumed to contain no DAGs. Skipping.
[2025-03-31T07:27:35.545+0000] {processor.py:927} WARNING - No viable dags retrieved from /opt/airflow/dags/env/Scripts/pip3.11.exe
[2025-03-31T07:27:35.594+0000] {processor.py:208} INFO - Processing /opt/airflow/dags/env/Scripts/pip3.11.exe took 0.090 seconds
[2025-03-31T07:28:07.864+0000] {processor.py:186} INFO - Started process (PID=7726) to work on /opt/airflow/dags/env/Scripts/pip3.11.exe
[2025-03-31T07:28:07.865+0000] {processor.py:914} INFO - Processing file /opt/airflow/dags/env/Scripts/pip3.11.exe for tasks to queue
[2025-03-31T07:28:07.869+0000] {logging_mixin.py:190} INFO - [2025-03-31T07:28:07.869+0000] {dagbag.py:588} INFO - Filling up the DagBag from /opt/airflow/dags/env/Scripts/pip3.11.exe
[2025-03-31T07:28:07.884+0000] {logging_mixin.py:190} INFO - [2025-03-31T07:28:07.884+0000] {dagbag.py:435} INFO - File /opt/airflow/dags/env/Scripts/pip3.11.exe:__main__.py assumed to contain no DAGs. Skipping.
[2025-03-31T07:28:07.885+0000] {processor.py:927} WARNING - No viable dags retrieved from /opt/airflow/dags/env/Scripts/pip3.11.exe
[2025-03-31T07:28:07.915+0000] {processor.py:208} INFO - Processing /opt/airflow/dags/env/Scripts/pip3.11.exe took 0.060 seconds
[2025-03-31T08:42:43.617+0000] {processor.py:186} INFO - Started process (PID=8054) to work on /opt/airflow/dags/env/Scripts/pip3.11.exe
[2025-03-31T08:42:43.619+0000] {processor.py:914} INFO - Processing file /opt/airflow/dags/env/Scripts/pip3.11.exe for tasks to queue
[2025-03-31T08:42:43.624+0000] {logging_mixin.py:190} INFO - [2025-03-31T08:42:43.623+0000] {dagbag.py:588} INFO - Filling up the DagBag from /opt/airflow/dags/env/Scripts/pip3.11.exe
[2025-03-31T08:42:43.638+0000] {logging_mixin.py:190} INFO - [2025-03-31T08:42:43.637+0000] {dagbag.py:435} INFO - File /opt/airflow/dags/env/Scripts/pip3.11.exe:__main__.py assumed to contain no DAGs. Skipping.
[2025-03-31T08:42:43.639+0000] {processor.py:927} WARNING - No viable dags retrieved from /opt/airflow/dags/env/Scripts/pip3.11.exe
[2025-03-31T08:42:43.689+0000] {processor.py:208} INFO - Processing /opt/airflow/dags/env/Scripts/pip3.11.exe took 0.080 seconds
[2025-03-31T08:43:16.032+0000] {processor.py:186} INFO - Started process (PID=8078) to work on /opt/airflow/dags/env/Scripts/pip3.11.exe
[2025-03-31T08:43:16.033+0000] {processor.py:914} INFO - Processing file /opt/airflow/dags/env/Scripts/pip3.11.exe for tasks to queue
[2025-03-31T08:43:16.038+0000] {logging_mixin.py:190} INFO - [2025-03-31T08:43:16.037+0000] {dagbag.py:588} INFO - Filling up the DagBag from /opt/airflow/dags/env/Scripts/pip3.11.exe
[2025-03-31T08:43:16.051+0000] {logging_mixin.py:190} INFO - [2025-03-31T08:43:16.050+0000] {dagbag.py:435} INFO - File /opt/airflow/dags/env/Scripts/pip3.11.exe:__main__.py assumed to contain no DAGs. Skipping.
[2025-03-31T08:43:16.052+0000] {processor.py:927} WARNING - No viable dags retrieved from /opt/airflow/dags/env/Scripts/pip3.11.exe
[2025-03-31T08:43:16.083+0000] {processor.py:208} INFO - Processing /opt/airflow/dags/env/Scripts/pip3.11.exe took 0.059 seconds
[2025-03-31T08:43:51.397+0000] {processor.py:186} INFO - Started process (PID=8094) to work on /opt/airflow/dags/env/Scripts/pip3.11.exe
[2025-03-31T08:43:51.399+0000] {processor.py:914} INFO - Processing file /opt/airflow/dags/env/Scripts/pip3.11.exe for tasks to queue
[2025-03-31T08:43:51.404+0000] {logging_mixin.py:190} INFO - [2025-03-31T08:43:51.403+0000] {dagbag.py:588} INFO - Filling up the DagBag from /opt/airflow/dags/env/Scripts/pip3.11.exe
[2025-03-31T08:43:51.421+0000] {logging_mixin.py:190} INFO - [2025-03-31T08:43:51.421+0000] {dagbag.py:435} INFO - File /opt/airflow/dags/env/Scripts/pip3.11.exe:__main__.py assumed to contain no DAGs. Skipping.
[2025-03-31T08:43:51.423+0000] {processor.py:927} WARNING - No viable dags retrieved from /opt/airflow/dags/env/Scripts/pip3.11.exe
[2025-03-31T08:43:51.458+0000] {processor.py:208} INFO - Processing /opt/airflow/dags/env/Scripts/pip3.11.exe took 0.071 seconds
[2025-03-31T08:44:23.186+0000] {processor.py:186} INFO - Started process (PID=8118) to work on /opt/airflow/dags/env/Scripts/pip3.11.exe
[2025-03-31T08:44:23.188+0000] {processor.py:914} INFO - Processing file /opt/airflow/dags/env/Scripts/pip3.11.exe for tasks to queue
[2025-03-31T08:44:23.193+0000] {logging_mixin.py:190} INFO - [2025-03-31T08:44:23.192+0000] {dagbag.py:588} INFO - Filling up the DagBag from /opt/airflow/dags/env/Scripts/pip3.11.exe
[2025-03-31T08:44:23.207+0000] {logging_mixin.py:190} INFO - [2025-03-31T08:44:23.206+0000] {dagbag.py:435} INFO - File /opt/airflow/dags/env/Scripts/pip3.11.exe:__main__.py assumed to contain no DAGs. Skipping.
[2025-03-31T08:44:23.208+0000] {processor.py:927} WARNING - No viable dags retrieved from /opt/airflow/dags/env/Scripts/pip3.11.exe
[2025-03-31T08:44:23.234+0000] {processor.py:208} INFO - Processing /opt/airflow/dags/env/Scripts/pip3.11.exe took 0.072 seconds
[2025-03-31T08:47:32.250+0000] {processor.py:186} INFO - Started process (PID=8156) to work on /opt/airflow/dags/env/Scripts/pip3.11.exe
[2025-03-31T08:47:32.253+0000] {processor.py:914} INFO - Processing file /opt/airflow/dags/env/Scripts/pip3.11.exe for tasks to queue
[2025-03-31T08:47:32.259+0000] {logging_mixin.py:190} INFO - [2025-03-31T08:47:32.258+0000] {dagbag.py:588} INFO - Filling up the DagBag from /opt/airflow/dags/env/Scripts/pip3.11.exe
[2025-03-31T08:47:32.276+0000] {logging_mixin.py:190} INFO - [2025-03-31T08:47:32.275+0000] {dagbag.py:435} INFO - File /opt/airflow/dags/env/Scripts/pip3.11.exe:__main__.py assumed to contain no DAGs. Skipping.
[2025-03-31T08:47:32.278+0000] {processor.py:927} WARNING - No viable dags retrieved from /opt/airflow/dags/env/Scripts/pip3.11.exe
[2025-03-31T08:47:32.322+0000] {processor.py:208} INFO - Processing /opt/airflow/dags/env/Scripts/pip3.11.exe took 0.084 seconds
[2025-03-31T08:48:04.755+0000] {processor.py:186} INFO - Started process (PID=8180) to work on /opt/airflow/dags/env/Scripts/pip3.11.exe
[2025-03-31T08:48:04.757+0000] {processor.py:914} INFO - Processing file /opt/airflow/dags/env/Scripts/pip3.11.exe for tasks to queue
[2025-03-31T08:48:04.763+0000] {logging_mixin.py:190} INFO - [2025-03-31T08:48:04.762+0000] {dagbag.py:588} INFO - Filling up the DagBag from /opt/airflow/dags/env/Scripts/pip3.11.exe
[2025-03-31T08:48:04.777+0000] {logging_mixin.py:190} INFO - [2025-03-31T08:48:04.776+0000] {dagbag.py:435} INFO - File /opt/airflow/dags/env/Scripts/pip3.11.exe:__main__.py assumed to contain no DAGs. Skipping.
[2025-03-31T08:48:04.778+0000] {processor.py:927} WARNING - No viable dags retrieved from /opt/airflow/dags/env/Scripts/pip3.11.exe
[2025-03-31T08:48:04.812+0000] {processor.py:208} INFO - Processing /opt/airflow/dags/env/Scripts/pip3.11.exe took 0.066 seconds
[2025-03-31T08:48:56.107+0000] {processor.py:186} INFO - Started process (PID=8210) to work on /opt/airflow/dags/env/Scripts/pip3.11.exe
[2025-03-31T08:48:56.109+0000] {processor.py:914} INFO - Processing file /opt/airflow/dags/env/Scripts/pip3.11.exe for tasks to queue
[2025-03-31T08:48:56.113+0000] {logging_mixin.py:190} INFO - [2025-03-31T08:48:56.113+0000] {dagbag.py:588} INFO - Filling up the DagBag from /opt/airflow/dags/env/Scripts/pip3.11.exe
[2025-03-31T08:48:56.127+0000] {logging_mixin.py:190} INFO - [2025-03-31T08:48:56.127+0000] {dagbag.py:435} INFO - File /opt/airflow/dags/env/Scripts/pip3.11.exe:__main__.py assumed to contain no DAGs. Skipping.
[2025-03-31T08:48:56.128+0000] {processor.py:927} WARNING - No viable dags retrieved from /opt/airflow/dags/env/Scripts/pip3.11.exe
[2025-03-31T08:48:56.157+0000] {processor.py:208} INFO - Processing /opt/airflow/dags/env/Scripts/pip3.11.exe took 0.060 seconds
[2025-03-31T08:49:28.079+0000] {processor.py:186} INFO - Started process (PID=8235) to work on /opt/airflow/dags/env/Scripts/pip3.11.exe
[2025-03-31T08:49:28.082+0000] {processor.py:914} INFO - Processing file /opt/airflow/dags/env/Scripts/pip3.11.exe for tasks to queue
[2025-03-31T08:49:28.088+0000] {logging_mixin.py:190} INFO - [2025-03-31T08:49:28.087+0000] {dagbag.py:588} INFO - Filling up the DagBag from /opt/airflow/dags/env/Scripts/pip3.11.exe
[2025-03-31T08:49:28.112+0000] {logging_mixin.py:190} INFO - [2025-03-31T08:49:28.111+0000] {dagbag.py:435} INFO - File /opt/airflow/dags/env/Scripts/pip3.11.exe:__main__.py assumed to contain no DAGs. Skipping.
[2025-03-31T08:49:28.114+0000] {processor.py:927} WARNING - No viable dags retrieved from /opt/airflow/dags/env/Scripts/pip3.11.exe
[2025-03-31T08:49:28.172+0000] {processor.py:208} INFO - Processing /opt/airflow/dags/env/Scripts/pip3.11.exe took 0.115 seconds
[2025-03-31T08:52:31.505+0000] {processor.py:186} INFO - Started process (PID=8268) to work on /opt/airflow/dags/env/Scripts/pip3.11.exe
[2025-03-31T08:52:31.507+0000] {processor.py:914} INFO - Processing file /opt/airflow/dags/env/Scripts/pip3.11.exe for tasks to queue
[2025-03-31T08:52:31.512+0000] {logging_mixin.py:190} INFO - [2025-03-31T08:52:31.511+0000] {dagbag.py:588} INFO - Filling up the DagBag from /opt/airflow/dags/env/Scripts/pip3.11.exe
[2025-03-31T08:52:31.529+0000] {logging_mixin.py:190} INFO - [2025-03-31T08:52:31.528+0000] {dagbag.py:435} INFO - File /opt/airflow/dags/env/Scripts/pip3.11.exe:__main__.py assumed to contain no DAGs. Skipping.
[2025-03-31T08:52:31.531+0000] {processor.py:927} WARNING - No viable dags retrieved from /opt/airflow/dags/env/Scripts/pip3.11.exe
[2025-03-31T08:52:31.578+0000] {processor.py:208} INFO - Processing /opt/airflow/dags/env/Scripts/pip3.11.exe took 0.088 seconds
[2025-03-31T08:53:06.582+0000] {processor.py:186} INFO - Started process (PID=8292) to work on /opt/airflow/dags/env/Scripts/pip3.11.exe
[2025-03-31T08:53:06.584+0000] {processor.py:914} INFO - Processing file /opt/airflow/dags/env/Scripts/pip3.11.exe for tasks to queue
[2025-03-31T08:53:06.588+0000] {logging_mixin.py:190} INFO - [2025-03-31T08:53:06.588+0000] {dagbag.py:588} INFO - Filling up the DagBag from /opt/airflow/dags/env/Scripts/pip3.11.exe
[2025-03-31T08:53:06.604+0000] {logging_mixin.py:190} INFO - [2025-03-31T08:53:06.604+0000] {dagbag.py:435} INFO - File /opt/airflow/dags/env/Scripts/pip3.11.exe:__main__.py assumed to contain no DAGs. Skipping.
[2025-03-31T08:53:06.606+0000] {processor.py:927} WARNING - No viable dags retrieved from /opt/airflow/dags/env/Scripts/pip3.11.exe
[2025-03-31T08:53:06.640+0000] {processor.py:208} INFO - Processing /opt/airflow/dags/env/Scripts/pip3.11.exe took 0.071 seconds
[2025-03-31T08:54:00.870+0000] {processor.py:186} INFO - Started process (PID=8322) to work on /opt/airflow/dags/env/Scripts/pip3.11.exe
[2025-03-31T08:54:00.871+0000] {processor.py:914} INFO - Processing file /opt/airflow/dags/env/Scripts/pip3.11.exe for tasks to queue
[2025-03-31T08:54:00.876+0000] {logging_mixin.py:190} INFO - [2025-03-31T08:54:00.875+0000] {dagbag.py:588} INFO - Filling up the DagBag from /opt/airflow/dags/env/Scripts/pip3.11.exe
[2025-03-31T08:54:00.890+0000] {logging_mixin.py:190} INFO - [2025-03-31T08:54:00.890+0000] {dagbag.py:435} INFO - File /opt/airflow/dags/env/Scripts/pip3.11.exe:__main__.py assumed to contain no DAGs. Skipping.
[2025-03-31T08:54:00.892+0000] {processor.py:927} WARNING - No viable dags retrieved from /opt/airflow/dags/env/Scripts/pip3.11.exe
[2025-03-31T08:54:00.923+0000] {processor.py:208} INFO - Processing /opt/airflow/dags/env/Scripts/pip3.11.exe took 0.063 seconds
[2025-03-31T08:54:33.560+0000] {processor.py:186} INFO - Started process (PID=8346) to work on /opt/airflow/dags/env/Scripts/pip3.11.exe
[2025-03-31T08:54:33.562+0000] {processor.py:914} INFO - Processing file /opt/airflow/dags/env/Scripts/pip3.11.exe for tasks to queue
[2025-03-31T08:54:33.570+0000] {logging_mixin.py:190} INFO - [2025-03-31T08:54:33.569+0000] {dagbag.py:588} INFO - Filling up the DagBag from /opt/airflow/dags/env/Scripts/pip3.11.exe
[2025-03-31T08:54:33.594+0000] {logging_mixin.py:190} INFO - [2025-03-31T08:54:33.593+0000] {dagbag.py:435} INFO - File /opt/airflow/dags/env/Scripts/pip3.11.exe:__main__.py assumed to contain no DAGs. Skipping.
[2025-03-31T08:54:33.596+0000] {processor.py:927} WARNING - No viable dags retrieved from /opt/airflow/dags/env/Scripts/pip3.11.exe
[2025-03-31T08:54:33.673+0000] {processor.py:208} INFO - Processing /opt/airflow/dags/env/Scripts/pip3.11.exe took 0.124 seconds
[2025-03-31T08:57:29.921+0000] {processor.py:186} INFO - Started process (PID=8375) to work on /opt/airflow/dags/env/Scripts/pip3.11.exe
[2025-03-31T08:57:29.923+0000] {processor.py:914} INFO - Processing file /opt/airflow/dags/env/Scripts/pip3.11.exe for tasks to queue
[2025-03-31T08:57:29.930+0000] {logging_mixin.py:190} INFO - [2025-03-31T08:57:29.929+0000] {dagbag.py:588} INFO - Filling up the DagBag from /opt/airflow/dags/env/Scripts/pip3.11.exe
[2025-03-31T08:57:29.963+0000] {logging_mixin.py:190} INFO - [2025-03-31T08:57:29.963+0000] {dagbag.py:435} INFO - File /opt/airflow/dags/env/Scripts/pip3.11.exe:__main__.py assumed to contain no DAGs. Skipping.
[2025-03-31T08:57:29.965+0000] {processor.py:927} WARNING - No viable dags retrieved from /opt/airflow/dags/env/Scripts/pip3.11.exe
[2025-03-31T08:57:30.002+0000] {processor.py:208} INFO - Processing /opt/airflow/dags/env/Scripts/pip3.11.exe took 0.092 seconds
[2025-03-31T08:58:01.266+0000] {processor.py:186} INFO - Started process (PID=8399) to work on /opt/airflow/dags/env/Scripts/pip3.11.exe
[2025-03-31T08:58:01.268+0000] {processor.py:914} INFO - Processing file /opt/airflow/dags/env/Scripts/pip3.11.exe for tasks to queue
[2025-03-31T08:58:01.273+0000] {logging_mixin.py:190} INFO - [2025-03-31T08:58:01.273+0000] {dagbag.py:588} INFO - Filling up the DagBag from /opt/airflow/dags/env/Scripts/pip3.11.exe
[2025-03-31T08:58:01.288+0000] {logging_mixin.py:190} INFO - [2025-03-31T08:58:01.287+0000] {dagbag.py:435} INFO - File /opt/airflow/dags/env/Scripts/pip3.11.exe:__main__.py assumed to contain no DAGs. Skipping.
[2025-03-31T08:58:01.289+0000] {processor.py:927} WARNING - No viable dags retrieved from /opt/airflow/dags/env/Scripts/pip3.11.exe
[2025-03-31T08:58:01.320+0000] {processor.py:208} INFO - Processing /opt/airflow/dags/env/Scripts/pip3.11.exe took 0.061 seconds
[2025-03-31T08:58:57.503+0000] {processor.py:186} INFO - Started process (PID=8434) to work on /opt/airflow/dags/env/Scripts/pip3.11.exe
[2025-03-31T08:58:57.505+0000] {processor.py:914} INFO - Processing file /opt/airflow/dags/env/Scripts/pip3.11.exe for tasks to queue
[2025-03-31T08:58:57.510+0000] {logging_mixin.py:190} INFO - [2025-03-31T08:58:57.509+0000] {dagbag.py:588} INFO - Filling up the DagBag from /opt/airflow/dags/env/Scripts/pip3.11.exe
[2025-03-31T08:58:57.533+0000] {logging_mixin.py:190} INFO - [2025-03-31T08:58:57.532+0000] {dagbag.py:435} INFO - File /opt/airflow/dags/env/Scripts/pip3.11.exe:__main__.py assumed to contain no DAGs. Skipping.
[2025-03-31T08:58:57.535+0000] {processor.py:927} WARNING - No viable dags retrieved from /opt/airflow/dags/env/Scripts/pip3.11.exe
[2025-03-31T08:58:57.577+0000] {processor.py:208} INFO - Processing /opt/airflow/dags/env/Scripts/pip3.11.exe took 0.091 seconds
[2025-03-31T08:59:28.196+0000] {processor.py:186} INFO - Started process (PID=8458) to work on /opt/airflow/dags/env/Scripts/pip3.11.exe
[2025-03-31T08:59:28.197+0000] {processor.py:914} INFO - Processing file /opt/airflow/dags/env/Scripts/pip3.11.exe for tasks to queue
[2025-03-31T08:59:28.203+0000] {logging_mixin.py:190} INFO - [2025-03-31T08:59:28.202+0000] {dagbag.py:588} INFO - Filling up the DagBag from /opt/airflow/dags/env/Scripts/pip3.11.exe
[2025-03-31T08:59:28.220+0000] {logging_mixin.py:190} INFO - [2025-03-31T08:59:28.219+0000] {dagbag.py:435} INFO - File /opt/airflow/dags/env/Scripts/pip3.11.exe:__main__.py assumed to contain no DAGs. Skipping.
[2025-03-31T08:59:28.222+0000] {processor.py:927} WARNING - No viable dags retrieved from /opt/airflow/dags/env/Scripts/pip3.11.exe
[2025-03-31T08:59:28.259+0000] {processor.py:208} INFO - Processing /opt/airflow/dags/env/Scripts/pip3.11.exe took 0.072 seconds
[2025-03-31T09:02:39.016+0000] {processor.py:186} INFO - Started process (PID=8492) to work on /opt/airflow/dags/env/Scripts/pip3.11.exe
[2025-03-31T09:02:39.018+0000] {processor.py:914} INFO - Processing file /opt/airflow/dags/env/Scripts/pip3.11.exe for tasks to queue
[2025-03-31T09:02:39.022+0000] {logging_mixin.py:190} INFO - [2025-03-31T09:02:39.021+0000] {dagbag.py:588} INFO - Filling up the DagBag from /opt/airflow/dags/env/Scripts/pip3.11.exe
[2025-03-31T09:02:39.036+0000] {logging_mixin.py:190} INFO - [2025-03-31T09:02:39.036+0000] {dagbag.py:435} INFO - File /opt/airflow/dags/env/Scripts/pip3.11.exe:__main__.py assumed to contain no DAGs. Skipping.
[2025-03-31T09:02:39.038+0000] {processor.py:927} WARNING - No viable dags retrieved from /opt/airflow/dags/env/Scripts/pip3.11.exe
[2025-03-31T09:02:39.069+0000] {processor.py:208} INFO - Processing /opt/airflow/dags/env/Scripts/pip3.11.exe took 0.064 seconds
[2025-03-31T09:03:10.041+0000] {processor.py:186} INFO - Started process (PID=8516) to work on /opt/airflow/dags/env/Scripts/pip3.11.exe
[2025-03-31T09:03:10.043+0000] {processor.py:914} INFO - Processing file /opt/airflow/dags/env/Scripts/pip3.11.exe for tasks to queue
[2025-03-31T09:03:10.048+0000] {logging_mixin.py:190} INFO - [2025-03-31T09:03:10.047+0000] {dagbag.py:588} INFO - Filling up the DagBag from /opt/airflow/dags/env/Scripts/pip3.11.exe
[2025-03-31T09:03:10.061+0000] {logging_mixin.py:190} INFO - [2025-03-31T09:03:10.060+0000] {dagbag.py:435} INFO - File /opt/airflow/dags/env/Scripts/pip3.11.exe:__main__.py assumed to contain no DAGs. Skipping.
[2025-03-31T09:03:10.062+0000] {processor.py:927} WARNING - No viable dags retrieved from /opt/airflow/dags/env/Scripts/pip3.11.exe
[2025-03-31T09:03:10.094+0000] {processor.py:208} INFO - Processing /opt/airflow/dags/env/Scripts/pip3.11.exe took 0.061 seconds
[2025-03-31T09:04:08.794+0000] {processor.py:186} INFO - Started process (PID=8545) to work on /opt/airflow/dags/env/Scripts/pip3.11.exe
[2025-03-31T09:04:08.796+0000] {processor.py:914} INFO - Processing file /opt/airflow/dags/env/Scripts/pip3.11.exe for tasks to queue
[2025-03-31T09:04:08.801+0000] {logging_mixin.py:190} INFO - [2025-03-31T09:04:08.800+0000] {dagbag.py:588} INFO - Filling up the DagBag from /opt/airflow/dags/env/Scripts/pip3.11.exe
[2025-03-31T09:04:08.814+0000] {logging_mixin.py:190} INFO - [2025-03-31T09:04:08.814+0000] {dagbag.py:435} INFO - File /opt/airflow/dags/env/Scripts/pip3.11.exe:__main__.py assumed to contain no DAGs. Skipping.
[2025-03-31T09:04:08.817+0000] {processor.py:927} WARNING - No viable dags retrieved from /opt/airflow/dags/env/Scripts/pip3.11.exe
[2025-03-31T09:04:08.847+0000] {processor.py:208} INFO - Processing /opt/airflow/dags/env/Scripts/pip3.11.exe took 0.062 seconds
[2025-03-31T09:04:41.224+0000] {processor.py:186} INFO - Started process (PID=8569) to work on /opt/airflow/dags/env/Scripts/pip3.11.exe
[2025-03-31T09:04:41.226+0000] {processor.py:914} INFO - Processing file /opt/airflow/dags/env/Scripts/pip3.11.exe for tasks to queue
[2025-03-31T09:04:41.230+0000] {logging_mixin.py:190} INFO - [2025-03-31T09:04:41.230+0000] {dagbag.py:588} INFO - Filling up the DagBag from /opt/airflow/dags/env/Scripts/pip3.11.exe
[2025-03-31T09:04:41.249+0000] {logging_mixin.py:190} INFO - [2025-03-31T09:04:41.248+0000] {dagbag.py:435} INFO - File /opt/airflow/dags/env/Scripts/pip3.11.exe:__main__.py assumed to contain no DAGs. Skipping.
[2025-03-31T09:04:41.250+0000] {processor.py:927} WARNING - No viable dags retrieved from /opt/airflow/dags/env/Scripts/pip3.11.exe
[2025-03-31T09:04:41.286+0000] {processor.py:208} INFO - Processing /opt/airflow/dags/env/Scripts/pip3.11.exe took 0.079 seconds
[2025-03-31T09:07:37.194+0000] {processor.py:186} INFO - Started process (PID=8594) to work on /opt/airflow/dags/env/Scripts/pip3.11.exe
[2025-03-31T09:07:37.196+0000] {processor.py:914} INFO - Processing file /opt/airflow/dags/env/Scripts/pip3.11.exe for tasks to queue
[2025-03-31T09:07:37.203+0000] {logging_mixin.py:190} INFO - [2025-03-31T09:07:37.202+0000] {dagbag.py:588} INFO - Filling up the DagBag from /opt/airflow/dags/env/Scripts/pip3.11.exe
[2025-03-31T09:07:37.225+0000] {logging_mixin.py:190} INFO - [2025-03-31T09:07:37.225+0000] {dagbag.py:435} INFO - File /opt/airflow/dags/env/Scripts/pip3.11.exe:__main__.py assumed to contain no DAGs. Skipping.
[2025-03-31T09:07:37.227+0000] {processor.py:927} WARNING - No viable dags retrieved from /opt/airflow/dags/env/Scripts/pip3.11.exe
[2025-03-31T09:07:37.283+0000] {processor.py:208} INFO - Processing /opt/airflow/dags/env/Scripts/pip3.11.exe took 0.106 seconds
[2025-03-31T09:08:09.324+0000] {processor.py:186} INFO - Started process (PID=8618) to work on /opt/airflow/dags/env/Scripts/pip3.11.exe
[2025-03-31T09:08:09.328+0000] {processor.py:914} INFO - Processing file /opt/airflow/dags/env/Scripts/pip3.11.exe for tasks to queue
[2025-03-31T09:08:09.338+0000] {logging_mixin.py:190} INFO - [2025-03-31T09:08:09.335+0000] {dagbag.py:588} INFO - Filling up the DagBag from /opt/airflow/dags/env/Scripts/pip3.11.exe
[2025-03-31T09:08:09.360+0000] {logging_mixin.py:190} INFO - [2025-03-31T09:08:09.359+0000] {dagbag.py:435} INFO - File /opt/airflow/dags/env/Scripts/pip3.11.exe:__main__.py assumed to contain no DAGs. Skipping.
[2025-03-31T09:08:09.362+0000] {processor.py:927} WARNING - No viable dags retrieved from /opt/airflow/dags/env/Scripts/pip3.11.exe
[2025-03-31T09:08:09.420+0000] {processor.py:208} INFO - Processing /opt/airflow/dags/env/Scripts/pip3.11.exe took 0.110 seconds
[2025-03-31T09:09:06.117+0000] {processor.py:186} INFO - Started process (PID=8646) to work on /opt/airflow/dags/env/Scripts/pip3.11.exe
[2025-03-31T09:09:06.119+0000] {processor.py:914} INFO - Processing file /opt/airflow/dags/env/Scripts/pip3.11.exe for tasks to queue
[2025-03-31T09:09:06.125+0000] {logging_mixin.py:190} INFO - [2025-03-31T09:09:06.124+0000] {dagbag.py:588} INFO - Filling up the DagBag from /opt/airflow/dags/env/Scripts/pip3.11.exe
[2025-03-31T09:09:06.140+0000] {logging_mixin.py:190} INFO - [2025-03-31T09:09:06.140+0000] {dagbag.py:435} INFO - File /opt/airflow/dags/env/Scripts/pip3.11.exe:__main__.py assumed to contain no DAGs. Skipping.
[2025-03-31T09:09:06.142+0000] {processor.py:927} WARNING - No viable dags retrieved from /opt/airflow/dags/env/Scripts/pip3.11.exe
[2025-03-31T09:09:06.172+0000] {processor.py:208} INFO - Processing /opt/airflow/dags/env/Scripts/pip3.11.exe took 0.069 seconds
[2025-03-31T09:09:36.854+0000] {processor.py:186} INFO - Started process (PID=8670) to work on /opt/airflow/dags/env/Scripts/pip3.11.exe
[2025-03-31T09:09:36.856+0000] {processor.py:914} INFO - Processing file /opt/airflow/dags/env/Scripts/pip3.11.exe for tasks to queue
[2025-03-31T09:09:36.860+0000] {logging_mixin.py:190} INFO - [2025-03-31T09:09:36.859+0000] {dagbag.py:588} INFO - Filling up the DagBag from /opt/airflow/dags/env/Scripts/pip3.11.exe
[2025-03-31T09:09:36.878+0000] {logging_mixin.py:190} INFO - [2025-03-31T09:09:36.878+0000] {dagbag.py:435} INFO - File /opt/airflow/dags/env/Scripts/pip3.11.exe:__main__.py assumed to contain no DAGs. Skipping.
[2025-03-31T09:09:36.879+0000] {processor.py:927} WARNING - No viable dags retrieved from /opt/airflow/dags/env/Scripts/pip3.11.exe
[2025-03-31T09:09:36.915+0000] {processor.py:208} INFO - Processing /opt/airflow/dags/env/Scripts/pip3.11.exe took 0.075 seconds
[2025-03-31T09:12:32.420+0000] {processor.py:186} INFO - Started process (PID=8699) to work on /opt/airflow/dags/env/Scripts/pip3.11.exe
[2025-03-31T09:12:32.422+0000] {processor.py:914} INFO - Processing file /opt/airflow/dags/env/Scripts/pip3.11.exe for tasks to queue
[2025-03-31T09:12:32.426+0000] {logging_mixin.py:190} INFO - [2025-03-31T09:12:32.426+0000] {dagbag.py:588} INFO - Filling up the DagBag from /opt/airflow/dags/env/Scripts/pip3.11.exe
[2025-03-31T09:12:32.442+0000] {logging_mixin.py:190} INFO - [2025-03-31T09:12:32.441+0000] {dagbag.py:435} INFO - File /opt/airflow/dags/env/Scripts/pip3.11.exe:__main__.py assumed to contain no DAGs. Skipping.
[2025-03-31T09:12:32.444+0000] {processor.py:927} WARNING - No viable dags retrieved from /opt/airflow/dags/env/Scripts/pip3.11.exe
[2025-03-31T09:12:32.494+0000] {processor.py:208} INFO - Processing /opt/airflow/dags/env/Scripts/pip3.11.exe took 0.086 seconds
[2025-03-31T09:13:03.615+0000] {processor.py:186} INFO - Started process (PID=8723) to work on /opt/airflow/dags/env/Scripts/pip3.11.exe
[2025-03-31T09:13:03.617+0000] {processor.py:914} INFO - Processing file /opt/airflow/dags/env/Scripts/pip3.11.exe for tasks to queue
[2025-03-31T09:13:03.624+0000] {logging_mixin.py:190} INFO - [2025-03-31T09:13:03.622+0000] {dagbag.py:588} INFO - Filling up the DagBag from /opt/airflow/dags/env/Scripts/pip3.11.exe
[2025-03-31T09:13:03.644+0000] {logging_mixin.py:190} INFO - [2025-03-31T09:13:03.644+0000] {dagbag.py:435} INFO - File /opt/airflow/dags/env/Scripts/pip3.11.exe:__main__.py assumed to contain no DAGs. Skipping.
[2025-03-31T09:13:03.646+0000] {processor.py:927} WARNING - No viable dags retrieved from /opt/airflow/dags/env/Scripts/pip3.11.exe
[2025-03-31T09:13:03.686+0000] {processor.py:208} INFO - Processing /opt/airflow/dags/env/Scripts/pip3.11.exe took 0.086 seconds
[2025-03-31T09:13:58.408+0000] {processor.py:186} INFO - Started process (PID=8757) to work on /opt/airflow/dags/env/Scripts/pip3.11.exe
[2025-03-31T09:13:58.410+0000] {processor.py:914} INFO - Processing file /opt/airflow/dags/env/Scripts/pip3.11.exe for tasks to queue
[2025-03-31T09:13:58.415+0000] {logging_mixin.py:190} INFO - [2025-03-31T09:13:58.414+0000] {dagbag.py:588} INFO - Filling up the DagBag from /opt/airflow/dags/env/Scripts/pip3.11.exe
[2025-03-31T09:13:58.434+0000] {logging_mixin.py:190} INFO - [2025-03-31T09:13:58.434+0000] {dagbag.py:435} INFO - File /opt/airflow/dags/env/Scripts/pip3.11.exe:__main__.py assumed to contain no DAGs. Skipping.
[2025-03-31T09:13:58.436+0000] {processor.py:927} WARNING - No viable dags retrieved from /opt/airflow/dags/env/Scripts/pip3.11.exe
[2025-03-31T09:13:58.473+0000] {processor.py:208} INFO - Processing /opt/airflow/dags/env/Scripts/pip3.11.exe took 0.078 seconds
[2025-03-31T09:14:30.672+0000] {processor.py:186} INFO - Started process (PID=8781) to work on /opt/airflow/dags/env/Scripts/pip3.11.exe
[2025-03-31T09:14:30.674+0000] {processor.py:914} INFO - Processing file /opt/airflow/dags/env/Scripts/pip3.11.exe for tasks to queue
[2025-03-31T09:14:30.680+0000] {logging_mixin.py:190} INFO - [2025-03-31T09:14:30.679+0000] {dagbag.py:588} INFO - Filling up the DagBag from /opt/airflow/dags/env/Scripts/pip3.11.exe
[2025-03-31T09:14:30.702+0000] {logging_mixin.py:190} INFO - [2025-03-31T09:14:30.702+0000] {dagbag.py:435} INFO - File /opt/airflow/dags/env/Scripts/pip3.11.exe:__main__.py assumed to contain no DAGs. Skipping.
[2025-03-31T09:14:30.704+0000] {processor.py:927} WARNING - No viable dags retrieved from /opt/airflow/dags/env/Scripts/pip3.11.exe
[2025-03-31T09:14:30.747+0000] {processor.py:208} INFO - Processing /opt/airflow/dags/env/Scripts/pip3.11.exe took 0.089 seconds
[2025-03-31T09:17:34.587+0000] {processor.py:186} INFO - Started process (PID=8815) to work on /opt/airflow/dags/env/Scripts/pip3.11.exe
[2025-03-31T09:17:34.589+0000] {processor.py:914} INFO - Processing file /opt/airflow/dags/env/Scripts/pip3.11.exe for tasks to queue
[2025-03-31T09:17:34.597+0000] {logging_mixin.py:190} INFO - [2025-03-31T09:17:34.596+0000] {dagbag.py:588} INFO - Filling up the DagBag from /opt/airflow/dags/env/Scripts/pip3.11.exe
[2025-03-31T09:17:34.617+0000] {logging_mixin.py:190} INFO - [2025-03-31T09:17:34.616+0000] {dagbag.py:435} INFO - File /opt/airflow/dags/env/Scripts/pip3.11.exe:__main__.py assumed to contain no DAGs. Skipping.
[2025-03-31T09:17:34.619+0000] {processor.py:927} WARNING - No viable dags retrieved from /opt/airflow/dags/env/Scripts/pip3.11.exe
[2025-03-31T09:17:34.667+0000] {processor.py:208} INFO - Processing /opt/airflow/dags/env/Scripts/pip3.11.exe took 0.093 seconds
[2025-03-31T09:18:06.622+0000] {processor.py:186} INFO - Started process (PID=8839) to work on /opt/airflow/dags/env/Scripts/pip3.11.exe
[2025-03-31T09:18:06.624+0000] {processor.py:914} INFO - Processing file /opt/airflow/dags/env/Scripts/pip3.11.exe for tasks to queue
[2025-03-31T09:18:06.628+0000] {logging_mixin.py:190} INFO - [2025-03-31T09:18:06.627+0000] {dagbag.py:588} INFO - Filling up the DagBag from /opt/airflow/dags/env/Scripts/pip3.11.exe
[2025-03-31T09:18:06.642+0000] {logging_mixin.py:190} INFO - [2025-03-31T09:18:06.641+0000] {dagbag.py:435} INFO - File /opt/airflow/dags/env/Scripts/pip3.11.exe:__main__.py assumed to contain no DAGs. Skipping.
[2025-03-31T09:18:06.643+0000] {processor.py:927} WARNING - No viable dags retrieved from /opt/airflow/dags/env/Scripts/pip3.11.exe
[2025-03-31T09:18:06.672+0000] {processor.py:208} INFO - Processing /opt/airflow/dags/env/Scripts/pip3.11.exe took 0.061 seconds
[2025-03-31T09:18:58.493+0000] {processor.py:186} INFO - Started process (PID=8872) to work on /opt/airflow/dags/env/Scripts/pip3.11.exe
[2025-03-31T09:18:58.495+0000] {processor.py:914} INFO - Processing file /opt/airflow/dags/env/Scripts/pip3.11.exe for tasks to queue
[2025-03-31T09:18:58.505+0000] {logging_mixin.py:190} INFO - [2025-03-31T09:18:58.504+0000] {dagbag.py:588} INFO - Filling up the DagBag from /opt/airflow/dags/env/Scripts/pip3.11.exe
[2025-03-31T09:18:58.527+0000] {logging_mixin.py:190} INFO - [2025-03-31T09:18:58.526+0000] {dagbag.py:435} INFO - File /opt/airflow/dags/env/Scripts/pip3.11.exe:__main__.py assumed to contain no DAGs. Skipping.
[2025-03-31T09:18:58.529+0000] {processor.py:927} WARNING - No viable dags retrieved from /opt/airflow/dags/env/Scripts/pip3.11.exe
[2025-03-31T09:18:58.568+0000] {processor.py:208} INFO - Processing /opt/airflow/dags/env/Scripts/pip3.11.exe took 0.087 seconds
[2025-03-31T09:19:30.617+0000] {processor.py:186} INFO - Started process (PID=8896) to work on /opt/airflow/dags/env/Scripts/pip3.11.exe
[2025-03-31T09:19:30.619+0000] {processor.py:914} INFO - Processing file /opt/airflow/dags/env/Scripts/pip3.11.exe for tasks to queue
[2025-03-31T09:19:30.625+0000] {logging_mixin.py:190} INFO - [2025-03-31T09:19:30.624+0000] {dagbag.py:588} INFO - Filling up the DagBag from /opt/airflow/dags/env/Scripts/pip3.11.exe
[2025-03-31T09:19:30.643+0000] {logging_mixin.py:190} INFO - [2025-03-31T09:19:30.643+0000] {dagbag.py:435} INFO - File /opt/airflow/dags/env/Scripts/pip3.11.exe:__main__.py assumed to contain no DAGs. Skipping.
[2025-03-31T09:19:30.645+0000] {processor.py:927} WARNING - No viable dags retrieved from /opt/airflow/dags/env/Scripts/pip3.11.exe
[2025-03-31T09:19:30.941+0000] {processor.py:208} INFO - Processing /opt/airflow/dags/env/Scripts/pip3.11.exe took 0.336 seconds
[2025-03-31T09:22:38.445+0000] {processor.py:186} INFO - Started process (PID=8930) to work on /opt/airflow/dags/env/Scripts/pip3.11.exe
[2025-03-31T09:22:38.447+0000] {processor.py:914} INFO - Processing file /opt/airflow/dags/env/Scripts/pip3.11.exe for tasks to queue
[2025-03-31T09:22:38.452+0000] {logging_mixin.py:190} INFO - [2025-03-31T09:22:38.451+0000] {dagbag.py:588} INFO - Filling up the DagBag from /opt/airflow/dags/env/Scripts/pip3.11.exe
[2025-03-31T09:22:38.467+0000] {logging_mixin.py:190} INFO - [2025-03-31T09:22:38.466+0000] {dagbag.py:435} INFO - File /opt/airflow/dags/env/Scripts/pip3.11.exe:__main__.py assumed to contain no DAGs. Skipping.
[2025-03-31T09:22:38.469+0000] {processor.py:927} WARNING - No viable dags retrieved from /opt/airflow/dags/env/Scripts/pip3.11.exe
[2025-03-31T09:22:38.502+0000] {processor.py:208} INFO - Processing /opt/airflow/dags/env/Scripts/pip3.11.exe took 0.066 seconds
[2025-03-31T09:23:09.512+0000] {processor.py:186} INFO - Started process (PID=8954) to work on /opt/airflow/dags/env/Scripts/pip3.11.exe
[2025-03-31T09:23:09.514+0000] {processor.py:914} INFO - Processing file /opt/airflow/dags/env/Scripts/pip3.11.exe for tasks to queue
[2025-03-31T09:23:09.530+0000] {logging_mixin.py:190} INFO - [2025-03-31T09:23:09.529+0000] {dagbag.py:588} INFO - Filling up the DagBag from /opt/airflow/dags/env/Scripts/pip3.11.exe
[2025-03-31T09:23:09.564+0000] {logging_mixin.py:190} INFO - [2025-03-31T09:23:09.563+0000] {dagbag.py:435} INFO - File /opt/airflow/dags/env/Scripts/pip3.11.exe:__main__.py assumed to contain no DAGs. Skipping.
[2025-03-31T09:23:09.566+0000] {processor.py:927} WARNING - No viable dags retrieved from /opt/airflow/dags/env/Scripts/pip3.11.exe
[2025-03-31T09:23:09.637+0000] {processor.py:208} INFO - Processing /opt/airflow/dags/env/Scripts/pip3.11.exe took 0.162 seconds
[2025-03-31T09:24:01.737+0000] {processor.py:186} INFO - Started process (PID=8985) to work on /opt/airflow/dags/env/Scripts/pip3.11.exe
[2025-03-31T09:24:01.739+0000] {processor.py:914} INFO - Processing file /opt/airflow/dags/env/Scripts/pip3.11.exe for tasks to queue
[2025-03-31T09:24:01.743+0000] {logging_mixin.py:190} INFO - [2025-03-31T09:24:01.742+0000] {dagbag.py:588} INFO - Filling up the DagBag from /opt/airflow/dags/env/Scripts/pip3.11.exe
[2025-03-31T09:24:01.757+0000] {logging_mixin.py:190} INFO - [2025-03-31T09:24:01.757+0000] {dagbag.py:435} INFO - File /opt/airflow/dags/env/Scripts/pip3.11.exe:__main__.py assumed to contain no DAGs. Skipping.
[2025-03-31T09:24:01.759+0000] {processor.py:927} WARNING - No viable dags retrieved from /opt/airflow/dags/env/Scripts/pip3.11.exe
[2025-03-31T09:24:01.790+0000] {processor.py:208} INFO - Processing /opt/airflow/dags/env/Scripts/pip3.11.exe took 0.063 seconds
[2025-03-31T09:24:34.246+0000] {processor.py:186} INFO - Started process (PID=9009) to work on /opt/airflow/dags/env/Scripts/pip3.11.exe
[2025-03-31T09:24:34.248+0000] {processor.py:914} INFO - Processing file /opt/airflow/dags/env/Scripts/pip3.11.exe for tasks to queue
[2025-03-31T09:24:34.254+0000] {logging_mixin.py:190} INFO - [2025-03-31T09:24:34.253+0000] {dagbag.py:588} INFO - Filling up the DagBag from /opt/airflow/dags/env/Scripts/pip3.11.exe
[2025-03-31T09:24:34.273+0000] {logging_mixin.py:190} INFO - [2025-03-31T09:24:34.273+0000] {dagbag.py:435} INFO - File /opt/airflow/dags/env/Scripts/pip3.11.exe:__main__.py assumed to contain no DAGs. Skipping.
[2025-03-31T09:24:34.275+0000] {processor.py:927} WARNING - No viable dags retrieved from /opt/airflow/dags/env/Scripts/pip3.11.exe
[2025-03-31T09:24:34.325+0000] {processor.py:208} INFO - Processing /opt/airflow/dags/env/Scripts/pip3.11.exe took 0.093 seconds
[2025-03-31T09:27:37.016+0000] {processor.py:186} INFO - Started process (PID=9041) to work on /opt/airflow/dags/env/Scripts/pip3.11.exe
[2025-03-31T09:27:37.018+0000] {processor.py:914} INFO - Processing file /opt/airflow/dags/env/Scripts/pip3.11.exe for tasks to queue
[2025-03-31T09:27:37.022+0000] {logging_mixin.py:190} INFO - [2025-03-31T09:27:37.021+0000] {dagbag.py:588} INFO - Filling up the DagBag from /opt/airflow/dags/env/Scripts/pip3.11.exe
[2025-03-31T09:27:37.041+0000] {logging_mixin.py:190} INFO - [2025-03-31T09:27:37.040+0000] {dagbag.py:435} INFO - File /opt/airflow/dags/env/Scripts/pip3.11.exe:__main__.py assumed to contain no DAGs. Skipping.
[2025-03-31T09:27:37.042+0000] {processor.py:927} WARNING - No viable dags retrieved from /opt/airflow/dags/env/Scripts/pip3.11.exe
[2025-03-31T09:27:37.075+0000] {processor.py:208} INFO - Processing /opt/airflow/dags/env/Scripts/pip3.11.exe took 0.071 seconds
[2025-03-31T09:28:09.599+0000] {processor.py:186} INFO - Started process (PID=9065) to work on /opt/airflow/dags/env/Scripts/pip3.11.exe
[2025-03-31T09:28:09.600+0000] {processor.py:914} INFO - Processing file /opt/airflow/dags/env/Scripts/pip3.11.exe for tasks to queue
[2025-03-31T09:28:09.606+0000] {logging_mixin.py:190} INFO - [2025-03-31T09:28:09.605+0000] {dagbag.py:588} INFO - Filling up the DagBag from /opt/airflow/dags/env/Scripts/pip3.11.exe
[2025-03-31T09:28:09.619+0000] {logging_mixin.py:190} INFO - [2025-03-31T09:28:09.619+0000] {dagbag.py:435} INFO - File /opt/airflow/dags/env/Scripts/pip3.11.exe:__main__.py assumed to contain no DAGs. Skipping.
[2025-03-31T09:28:09.620+0000] {processor.py:927} WARNING - No viable dags retrieved from /opt/airflow/dags/env/Scripts/pip3.11.exe
[2025-03-31T09:28:09.651+0000] {processor.py:208} INFO - Processing /opt/airflow/dags/env/Scripts/pip3.11.exe took 0.060 seconds
[2025-03-31T09:29:02.186+0000] {processor.py:186} INFO - Started process (PID=9096) to work on /opt/airflow/dags/env/Scripts/pip3.11.exe
[2025-03-31T09:29:02.188+0000] {processor.py:914} INFO - Processing file /opt/airflow/dags/env/Scripts/pip3.11.exe for tasks to queue
[2025-03-31T09:29:02.194+0000] {logging_mixin.py:190} INFO - [2025-03-31T09:29:02.192+0000] {dagbag.py:588} INFO - Filling up the DagBag from /opt/airflow/dags/env/Scripts/pip3.11.exe
[2025-03-31T09:29:02.214+0000] {logging_mixin.py:190} INFO - [2025-03-31T09:29:02.214+0000] {dagbag.py:435} INFO - File /opt/airflow/dags/env/Scripts/pip3.11.exe:__main__.py assumed to contain no DAGs. Skipping.
[2025-03-31T09:29:02.216+0000] {processor.py:927} WARNING - No viable dags retrieved from /opt/airflow/dags/env/Scripts/pip3.11.exe
[2025-03-31T09:29:02.254+0000] {processor.py:208} INFO - Processing /opt/airflow/dags/env/Scripts/pip3.11.exe took 0.082 seconds
[2025-03-31T09:29:33.855+0000] {processor.py:186} INFO - Started process (PID=9120) to work on /opt/airflow/dags/env/Scripts/pip3.11.exe
[2025-03-31T09:29:33.857+0000] {processor.py:914} INFO - Processing file /opt/airflow/dags/env/Scripts/pip3.11.exe for tasks to queue
[2025-03-31T09:29:33.863+0000] {logging_mixin.py:190} INFO - [2025-03-31T09:29:33.862+0000] {dagbag.py:588} INFO - Filling up the DagBag from /opt/airflow/dags/env/Scripts/pip3.11.exe
[2025-03-31T09:29:33.880+0000] {logging_mixin.py:190} INFO - [2025-03-31T09:29:33.880+0000] {dagbag.py:435} INFO - File /opt/airflow/dags/env/Scripts/pip3.11.exe:__main__.py assumed to contain no DAGs. Skipping.
[2025-03-31T09:29:33.882+0000] {processor.py:927} WARNING - No viable dags retrieved from /opt/airflow/dags/env/Scripts/pip3.11.exe
[2025-03-31T09:29:33.916+0000] {processor.py:208} INFO - Processing /opt/airflow/dags/env/Scripts/pip3.11.exe took 0.078 seconds
[2025-03-31T09:32:36.693+0000] {processor.py:186} INFO - Started process (PID=9152) to work on /opt/airflow/dags/env/Scripts/pip3.11.exe
[2025-03-31T09:32:36.695+0000] {processor.py:914} INFO - Processing file /opt/airflow/dags/env/Scripts/pip3.11.exe for tasks to queue
[2025-03-31T09:32:36.701+0000] {logging_mixin.py:190} INFO - [2025-03-31T09:32:36.700+0000] {dagbag.py:588} INFO - Filling up the DagBag from /opt/airflow/dags/env/Scripts/pip3.11.exe
[2025-03-31T09:32:36.717+0000] {logging_mixin.py:190} INFO - [2025-03-31T09:32:36.717+0000] {dagbag.py:435} INFO - File /opt/airflow/dags/env/Scripts/pip3.11.exe:__main__.py assumed to contain no DAGs. Skipping.
[2025-03-31T09:32:36.719+0000] {processor.py:927} WARNING - No viable dags retrieved from /opt/airflow/dags/env/Scripts/pip3.11.exe
[2025-03-31T09:32:36.748+0000] {processor.py:208} INFO - Processing /opt/airflow/dags/env/Scripts/pip3.11.exe took 0.069 seconds
[2025-03-31T09:33:10.359+0000] {processor.py:186} INFO - Started process (PID=9176) to work on /opt/airflow/dags/env/Scripts/pip3.11.exe
[2025-03-31T09:33:10.361+0000] {processor.py:914} INFO - Processing file /opt/airflow/dags/env/Scripts/pip3.11.exe for tasks to queue
[2025-03-31T09:33:10.365+0000] {logging_mixin.py:190} INFO - [2025-03-31T09:33:10.364+0000] {dagbag.py:588} INFO - Filling up the DagBag from /opt/airflow/dags/env/Scripts/pip3.11.exe
[2025-03-31T09:33:10.378+0000] {logging_mixin.py:190} INFO - [2025-03-31T09:33:10.378+0000] {dagbag.py:435} INFO - File /opt/airflow/dags/env/Scripts/pip3.11.exe:__main__.py assumed to contain no DAGs. Skipping.
[2025-03-31T09:33:10.380+0000] {processor.py:927} WARNING - No viable dags retrieved from /opt/airflow/dags/env/Scripts/pip3.11.exe
[2025-03-31T09:33:10.411+0000] {processor.py:208} INFO - Processing /opt/airflow/dags/env/Scripts/pip3.11.exe took 0.061 seconds
[2025-03-31T09:34:03.384+0000] {processor.py:186} INFO - Started process (PID=9208) to work on /opt/airflow/dags/env/Scripts/pip3.11.exe
[2025-03-31T09:34:03.385+0000] {processor.py:914} INFO - Processing file /opt/airflow/dags/env/Scripts/pip3.11.exe for tasks to queue
[2025-03-31T09:34:03.391+0000] {logging_mixin.py:190} INFO - [2025-03-31T09:34:03.390+0000] {dagbag.py:588} INFO - Filling up the DagBag from /opt/airflow/dags/env/Scripts/pip3.11.exe
[2025-03-31T09:34:03.406+0000] {logging_mixin.py:190} INFO - [2025-03-31T09:34:03.405+0000] {dagbag.py:435} INFO - File /opt/airflow/dags/env/Scripts/pip3.11.exe:__main__.py assumed to contain no DAGs. Skipping.
[2025-03-31T09:34:03.407+0000] {processor.py:927} WARNING - No viable dags retrieved from /opt/airflow/dags/env/Scripts/pip3.11.exe
[2025-03-31T09:34:03.440+0000] {processor.py:208} INFO - Processing /opt/airflow/dags/env/Scripts/pip3.11.exe took 0.064 seconds
[2025-03-31T09:34:34.441+0000] {processor.py:186} INFO - Started process (PID=9232) to work on /opt/airflow/dags/env/Scripts/pip3.11.exe
[2025-03-31T09:34:34.443+0000] {processor.py:914} INFO - Processing file /opt/airflow/dags/env/Scripts/pip3.11.exe for tasks to queue
[2025-03-31T09:34:34.453+0000] {logging_mixin.py:190} INFO - [2025-03-31T09:34:34.452+0000] {dagbag.py:588} INFO - Filling up the DagBag from /opt/airflow/dags/env/Scripts/pip3.11.exe
[2025-03-31T09:34:34.474+0000] {logging_mixin.py:190} INFO - [2025-03-31T09:34:34.473+0000] {dagbag.py:435} INFO - File /opt/airflow/dags/env/Scripts/pip3.11.exe:__main__.py assumed to contain no DAGs. Skipping.
[2025-03-31T09:34:34.476+0000] {processor.py:927} WARNING - No viable dags retrieved from /opt/airflow/dags/env/Scripts/pip3.11.exe
[2025-03-31T09:34:34.512+0000] {processor.py:208} INFO - Processing /opt/airflow/dags/env/Scripts/pip3.11.exe took 0.087 seconds
[2025-03-31T09:37:45.082+0000] {processor.py:186} INFO - Started process (PID=9265) to work on /opt/airflow/dags/env/Scripts/pip3.11.exe
[2025-03-31T09:37:45.087+0000] {processor.py:914} INFO - Processing file /opt/airflow/dags/env/Scripts/pip3.11.exe for tasks to queue
[2025-03-31T09:37:45.093+0000] {logging_mixin.py:190} INFO - [2025-03-31T09:37:45.092+0000] {dagbag.py:588} INFO - Filling up the DagBag from /opt/airflow/dags/env/Scripts/pip3.11.exe
[2025-03-31T09:37:45.134+0000] {logging_mixin.py:190} INFO - [2025-03-31T09:37:45.134+0000] {dagbag.py:435} INFO - File /opt/airflow/dags/env/Scripts/pip3.11.exe:__main__.py assumed to contain no DAGs. Skipping.
[2025-03-31T09:37:45.136+0000] {processor.py:927} WARNING - No viable dags retrieved from /opt/airflow/dags/env/Scripts/pip3.11.exe
[2025-03-31T09:37:45.188+0000] {processor.py:208} INFO - Processing /opt/airflow/dags/env/Scripts/pip3.11.exe took 0.123 seconds
[2025-03-31T09:38:17.617+0000] {processor.py:186} INFO - Started process (PID=9289) to work on /opt/airflow/dags/env/Scripts/pip3.11.exe
[2025-03-31T09:38:17.618+0000] {processor.py:914} INFO - Processing file /opt/airflow/dags/env/Scripts/pip3.11.exe for tasks to queue
[2025-03-31T09:38:17.623+0000] {logging_mixin.py:190} INFO - [2025-03-31T09:38:17.622+0000] {dagbag.py:588} INFO - Filling up the DagBag from /opt/airflow/dags/env/Scripts/pip3.11.exe
[2025-03-31T09:38:17.638+0000] {logging_mixin.py:190} INFO - [2025-03-31T09:38:17.638+0000] {dagbag.py:435} INFO - File /opt/airflow/dags/env/Scripts/pip3.11.exe:__main__.py assumed to contain no DAGs. Skipping.
[2025-03-31T09:38:17.640+0000] {processor.py:927} WARNING - No viable dags retrieved from /opt/airflow/dags/env/Scripts/pip3.11.exe
[2025-03-31T09:38:17.670+0000] {processor.py:208} INFO - Processing /opt/airflow/dags/env/Scripts/pip3.11.exe took 0.061 seconds
[2025-03-31T09:39:10.972+0000] {processor.py:186} INFO - Started process (PID=9315) to work on /opt/airflow/dags/env/Scripts/pip3.11.exe
[2025-03-31T09:39:10.974+0000] {processor.py:914} INFO - Processing file /opt/airflow/dags/env/Scripts/pip3.11.exe for tasks to queue
[2025-03-31T09:39:10.980+0000] {logging_mixin.py:190} INFO - [2025-03-31T09:39:10.979+0000] {dagbag.py:588} INFO - Filling up the DagBag from /opt/airflow/dags/env/Scripts/pip3.11.exe
[2025-03-31T09:39:10.999+0000] {logging_mixin.py:190} INFO - [2025-03-31T09:39:10.999+0000] {dagbag.py:435} INFO - File /opt/airflow/dags/env/Scripts/pip3.11.exe:__main__.py assumed to contain no DAGs. Skipping.
[2025-03-31T09:39:11.001+0000] {processor.py:927} WARNING - No viable dags retrieved from /opt/airflow/dags/env/Scripts/pip3.11.exe
[2025-03-31T09:39:11.047+0000] {processor.py:208} INFO - Processing /opt/airflow/dags/env/Scripts/pip3.11.exe took 0.089 seconds
[2025-03-31T09:39:42.440+0000] {processor.py:186} INFO - Started process (PID=9339) to work on /opt/airflow/dags/env/Scripts/pip3.11.exe
[2025-03-31T09:39:42.443+0000] {processor.py:914} INFO - Processing file /opt/airflow/dags/env/Scripts/pip3.11.exe for tasks to queue
[2025-03-31T09:39:42.449+0000] {logging_mixin.py:190} INFO - [2025-03-31T09:39:42.448+0000] {dagbag.py:588} INFO - Filling up the DagBag from /opt/airflow/dags/env/Scripts/pip3.11.exe
[2025-03-31T09:39:42.482+0000] {logging_mixin.py:190} INFO - [2025-03-31T09:39:42.481+0000] {dagbag.py:435} INFO - File /opt/airflow/dags/env/Scripts/pip3.11.exe:__main__.py assumed to contain no DAGs. Skipping.
[2025-03-31T09:39:42.484+0000] {processor.py:927} WARNING - No viable dags retrieved from /opt/airflow/dags/env/Scripts/pip3.11.exe
[2025-03-31T09:39:42.539+0000] {processor.py:208} INFO - Processing /opt/airflow/dags/env/Scripts/pip3.11.exe took 0.116 seconds
[2025-03-31T09:42:48.537+0000] {processor.py:186} INFO - Started process (PID=9366) to work on /opt/airflow/dags/env/Scripts/pip3.11.exe
[2025-03-31T09:42:48.539+0000] {processor.py:914} INFO - Processing file /opt/airflow/dags/env/Scripts/pip3.11.exe for tasks to queue
[2025-03-31T09:42:48.544+0000] {logging_mixin.py:190} INFO - [2025-03-31T09:42:48.544+0000] {dagbag.py:588} INFO - Filling up the DagBag from /opt/airflow/dags/env/Scripts/pip3.11.exe
[2025-03-31T09:42:48.561+0000] {logging_mixin.py:190} INFO - [2025-03-31T09:42:48.560+0000] {dagbag.py:435} INFO - File /opt/airflow/dags/env/Scripts/pip3.11.exe:__main__.py assumed to contain no DAGs. Skipping.
[2025-03-31T09:42:48.562+0000] {processor.py:927} WARNING - No viable dags retrieved from /opt/airflow/dags/env/Scripts/pip3.11.exe
[2025-03-31T09:42:48.599+0000] {processor.py:208} INFO - Processing /opt/airflow/dags/env/Scripts/pip3.11.exe took 0.077 seconds
[2025-03-31T09:43:19.685+0000] {processor.py:186} INFO - Started process (PID=9390) to work on /opt/airflow/dags/env/Scripts/pip3.11.exe
[2025-03-31T09:43:19.688+0000] {processor.py:914} INFO - Processing file /opt/airflow/dags/env/Scripts/pip3.11.exe for tasks to queue
[2025-03-31T09:43:19.692+0000] {logging_mixin.py:190} INFO - [2025-03-31T09:43:19.691+0000] {dagbag.py:588} INFO - Filling up the DagBag from /opt/airflow/dags/env/Scripts/pip3.11.exe
[2025-03-31T09:43:19.707+0000] {logging_mixin.py:190} INFO - [2025-03-31T09:43:19.706+0000] {dagbag.py:435} INFO - File /opt/airflow/dags/env/Scripts/pip3.11.exe:__main__.py assumed to contain no DAGs. Skipping.
[2025-03-31T09:43:19.708+0000] {processor.py:927} WARNING - No viable dags retrieved from /opt/airflow/dags/env/Scripts/pip3.11.exe
[2025-03-31T09:43:20.014+0000] {processor.py:208} INFO - Processing /opt/airflow/dags/env/Scripts/pip3.11.exe took 0.341 seconds
[2025-03-31T09:44:12.082+0000] {processor.py:186} INFO - Started process (PID=9416) to work on /opt/airflow/dags/env/Scripts/pip3.11.exe
[2025-03-31T09:44:12.084+0000] {processor.py:914} INFO - Processing file /opt/airflow/dags/env/Scripts/pip3.11.exe for tasks to queue
[2025-03-31T09:44:12.089+0000] {logging_mixin.py:190} INFO - [2025-03-31T09:44:12.088+0000] {dagbag.py:588} INFO - Filling up the DagBag from /opt/airflow/dags/env/Scripts/pip3.11.exe
[2025-03-31T09:44:12.105+0000] {logging_mixin.py:190} INFO - [2025-03-31T09:44:12.105+0000] {dagbag.py:435} INFO - File /opt/airflow/dags/env/Scripts/pip3.11.exe:__main__.py assumed to contain no DAGs. Skipping.
[2025-03-31T09:44:12.107+0000] {processor.py:927} WARNING - No viable dags retrieved from /opt/airflow/dags/env/Scripts/pip3.11.exe
[2025-03-31T09:44:12.137+0000] {processor.py:208} INFO - Processing /opt/airflow/dags/env/Scripts/pip3.11.exe took 0.066 seconds
[2025-03-31T09:44:43.370+0000] {processor.py:186} INFO - Started process (PID=9440) to work on /opt/airflow/dags/env/Scripts/pip3.11.exe
[2025-03-31T09:44:43.371+0000] {processor.py:914} INFO - Processing file /opt/airflow/dags/env/Scripts/pip3.11.exe for tasks to queue
[2025-03-31T09:44:43.377+0000] {logging_mixin.py:190} INFO - [2025-03-31T09:44:43.376+0000] {dagbag.py:588} INFO - Filling up the DagBag from /opt/airflow/dags/env/Scripts/pip3.11.exe
[2025-03-31T09:44:43.394+0000] {logging_mixin.py:190} INFO - [2025-03-31T09:44:43.394+0000] {dagbag.py:435} INFO - File /opt/airflow/dags/env/Scripts/pip3.11.exe:__main__.py assumed to contain no DAGs. Skipping.
[2025-03-31T09:44:43.396+0000] {processor.py:927} WARNING - No viable dags retrieved from /opt/airflow/dags/env/Scripts/pip3.11.exe
[2025-03-31T09:44:43.432+0000] {processor.py:208} INFO - Processing /opt/airflow/dags/env/Scripts/pip3.11.exe took 0.076 seconds
[2025-03-31T09:47:44.717+0000] {processor.py:186} INFO - Started process (PID=9466) to work on /opt/airflow/dags/env/Scripts/pip3.11.exe
[2025-03-31T09:47:44.718+0000] {processor.py:914} INFO - Processing file /opt/airflow/dags/env/Scripts/pip3.11.exe for tasks to queue
[2025-03-31T09:47:44.723+0000] {logging_mixin.py:190} INFO - [2025-03-31T09:47:44.722+0000] {dagbag.py:588} INFO - Filling up the DagBag from /opt/airflow/dags/env/Scripts/pip3.11.exe
[2025-03-31T09:47:44.736+0000] {logging_mixin.py:190} INFO - [2025-03-31T09:47:44.736+0000] {dagbag.py:435} INFO - File /opt/airflow/dags/env/Scripts/pip3.11.exe:__main__.py assumed to contain no DAGs. Skipping.
[2025-03-31T09:47:44.738+0000] {processor.py:927} WARNING - No viable dags retrieved from /opt/airflow/dags/env/Scripts/pip3.11.exe
[2025-03-31T09:47:44.768+0000] {processor.py:208} INFO - Processing /opt/airflow/dags/env/Scripts/pip3.11.exe took 0.062 seconds
[2025-03-31T09:48:17.000+0000] {processor.py:186} INFO - Started process (PID=9490) to work on /opt/airflow/dags/env/Scripts/pip3.11.exe
[2025-03-31T09:48:17.002+0000] {processor.py:914} INFO - Processing file /opt/airflow/dags/env/Scripts/pip3.11.exe for tasks to queue
[2025-03-31T09:48:17.007+0000] {logging_mixin.py:190} INFO - [2025-03-31T09:48:17.006+0000] {dagbag.py:588} INFO - Filling up the DagBag from /opt/airflow/dags/env/Scripts/pip3.11.exe
[2025-03-31T09:48:17.025+0000] {logging_mixin.py:190} INFO - [2025-03-31T09:48:17.025+0000] {dagbag.py:435} INFO - File /opt/airflow/dags/env/Scripts/pip3.11.exe:__main__.py assumed to contain no DAGs. Skipping.
[2025-03-31T09:48:17.027+0000] {processor.py:927} WARNING - No viable dags retrieved from /opt/airflow/dags/env/Scripts/pip3.11.exe
[2025-03-31T09:48:17.063+0000] {processor.py:208} INFO - Processing /opt/airflow/dags/env/Scripts/pip3.11.exe took 0.077 seconds
[2025-03-31T09:49:03.922+0000] {processor.py:186} INFO - Started process (PID=9518) to work on /opt/airflow/dags/env/Scripts/pip3.11.exe
[2025-03-31T09:49:03.924+0000] {processor.py:914} INFO - Processing file /opt/airflow/dags/env/Scripts/pip3.11.exe for tasks to queue
[2025-03-31T09:49:03.928+0000] {logging_mixin.py:190} INFO - [2025-03-31T09:49:03.927+0000] {dagbag.py:588} INFO - Filling up the DagBag from /opt/airflow/dags/env/Scripts/pip3.11.exe
[2025-03-31T09:49:03.943+0000] {logging_mixin.py:190} INFO - [2025-03-31T09:49:03.943+0000] {dagbag.py:435} INFO - File /opt/airflow/dags/env/Scripts/pip3.11.exe:__main__.py assumed to contain no DAGs. Skipping.
[2025-03-31T09:49:03.945+0000] {processor.py:927} WARNING - No viable dags retrieved from /opt/airflow/dags/env/Scripts/pip3.11.exe
[2025-03-31T09:49:03.992+0000] {processor.py:208} INFO - Processing /opt/airflow/dags/env/Scripts/pip3.11.exe took 0.080 seconds
[2025-03-31T09:49:35.002+0000] {processor.py:186} INFO - Started process (PID=9542) to work on /opt/airflow/dags/env/Scripts/pip3.11.exe
[2025-03-31T09:49:35.004+0000] {processor.py:914} INFO - Processing file /opt/airflow/dags/env/Scripts/pip3.11.exe for tasks to queue
[2025-03-31T09:49:35.009+0000] {logging_mixin.py:190} INFO - [2025-03-31T09:49:35.009+0000] {dagbag.py:588} INFO - Filling up the DagBag from /opt/airflow/dags/env/Scripts/pip3.11.exe
[2025-03-31T09:49:35.026+0000] {logging_mixin.py:190} INFO - [2025-03-31T09:49:35.026+0000] {dagbag.py:435} INFO - File /opt/airflow/dags/env/Scripts/pip3.11.exe:__main__.py assumed to contain no DAGs. Skipping.
[2025-03-31T09:49:35.028+0000] {processor.py:927} WARNING - No viable dags retrieved from /opt/airflow/dags/env/Scripts/pip3.11.exe
[2025-03-31T09:49:35.062+0000] {processor.py:208} INFO - Processing /opt/airflow/dags/env/Scripts/pip3.11.exe took 0.074 seconds
[2025-03-31T09:52:37.630+0000] {processor.py:186} INFO - Started process (PID=9574) to work on /opt/airflow/dags/env/Scripts/pip3.11.exe
[2025-03-31T09:52:37.632+0000] {processor.py:914} INFO - Processing file /opt/airflow/dags/env/Scripts/pip3.11.exe for tasks to queue
[2025-03-31T09:52:37.636+0000] {logging_mixin.py:190} INFO - [2025-03-31T09:52:37.636+0000] {dagbag.py:588} INFO - Filling up the DagBag from /opt/airflow/dags/env/Scripts/pip3.11.exe
[2025-03-31T09:52:37.652+0000] {logging_mixin.py:190} INFO - [2025-03-31T09:52:37.651+0000] {dagbag.py:435} INFO - File /opt/airflow/dags/env/Scripts/pip3.11.exe:__main__.py assumed to contain no DAGs. Skipping.
[2025-03-31T09:52:37.653+0000] {processor.py:927} WARNING - No viable dags retrieved from /opt/airflow/dags/env/Scripts/pip3.11.exe
[2025-03-31T09:52:37.684+0000] {processor.py:208} INFO - Processing /opt/airflow/dags/env/Scripts/pip3.11.exe took 0.069 seconds
[2025-03-31T09:53:09.446+0000] {processor.py:186} INFO - Started process (PID=9598) to work on /opt/airflow/dags/env/Scripts/pip3.11.exe
[2025-03-31T09:53:09.449+0000] {processor.py:914} INFO - Processing file /opt/airflow/dags/env/Scripts/pip3.11.exe for tasks to queue
[2025-03-31T09:53:09.454+0000] {logging_mixin.py:190} INFO - [2025-03-31T09:53:09.453+0000] {dagbag.py:588} INFO - Filling up the DagBag from /opt/airflow/dags/env/Scripts/pip3.11.exe
[2025-03-31T09:53:09.472+0000] {logging_mixin.py:190} INFO - [2025-03-31T09:53:09.472+0000] {dagbag.py:435} INFO - File /opt/airflow/dags/env/Scripts/pip3.11.exe:__main__.py assumed to contain no DAGs. Skipping.
[2025-03-31T09:53:09.474+0000] {processor.py:927} WARNING - No viable dags retrieved from /opt/airflow/dags/env/Scripts/pip3.11.exe
[2025-03-31T09:53:09.521+0000] {processor.py:208} INFO - Processing /opt/airflow/dags/env/Scripts/pip3.11.exe took 0.098 seconds
[2025-03-31T09:54:02.308+0000] {processor.py:186} INFO - Started process (PID=9633) to work on /opt/airflow/dags/env/Scripts/pip3.11.exe
[2025-03-31T09:54:02.310+0000] {processor.py:914} INFO - Processing file /opt/airflow/dags/env/Scripts/pip3.11.exe for tasks to queue
[2025-03-31T09:54:02.314+0000] {logging_mixin.py:190} INFO - [2025-03-31T09:54:02.313+0000] {dagbag.py:588} INFO - Filling up the DagBag from /opt/airflow/dags/env/Scripts/pip3.11.exe
[2025-03-31T09:54:02.329+0000] {logging_mixin.py:190} INFO - [2025-03-31T09:54:02.328+0000] {dagbag.py:435} INFO - File /opt/airflow/dags/env/Scripts/pip3.11.exe:__main__.py assumed to contain no DAGs. Skipping.
[2025-03-31T09:54:02.330+0000] {processor.py:927} WARNING - No viable dags retrieved from /opt/airflow/dags/env/Scripts/pip3.11.exe
[2025-03-31T09:54:02.366+0000] {processor.py:208} INFO - Processing /opt/airflow/dags/env/Scripts/pip3.11.exe took 0.070 seconds
[2025-03-31T09:54:33.366+0000] {processor.py:186} INFO - Started process (PID=9657) to work on /opt/airflow/dags/env/Scripts/pip3.11.exe
[2025-03-31T09:54:33.368+0000] {processor.py:914} INFO - Processing file /opt/airflow/dags/env/Scripts/pip3.11.exe for tasks to queue
[2025-03-31T09:54:33.374+0000] {logging_mixin.py:190} INFO - [2025-03-31T09:54:33.374+0000] {dagbag.py:588} INFO - Filling up the DagBag from /opt/airflow/dags/env/Scripts/pip3.11.exe
[2025-03-31T09:54:33.391+0000] {logging_mixin.py:190} INFO - [2025-03-31T09:54:33.390+0000] {dagbag.py:435} INFO - File /opt/airflow/dags/env/Scripts/pip3.11.exe:__main__.py assumed to contain no DAGs. Skipping.
[2025-03-31T09:54:33.393+0000] {processor.py:927} WARNING - No viable dags retrieved from /opt/airflow/dags/env/Scripts/pip3.11.exe
[2025-03-31T09:54:33.429+0000] {processor.py:208} INFO - Processing /opt/airflow/dags/env/Scripts/pip3.11.exe took 0.077 seconds
[2025-03-31T09:57:41.108+0000] {processor.py:186} INFO - Started process (PID=9692) to work on /opt/airflow/dags/env/Scripts/pip3.11.exe
[2025-03-31T09:57:41.110+0000] {processor.py:914} INFO - Processing file /opt/airflow/dags/env/Scripts/pip3.11.exe for tasks to queue
[2025-03-31T09:57:41.115+0000] {logging_mixin.py:190} INFO - [2025-03-31T09:57:41.114+0000] {dagbag.py:588} INFO - Filling up the DagBag from /opt/airflow/dags/env/Scripts/pip3.11.exe
[2025-03-31T09:57:41.129+0000] {logging_mixin.py:190} INFO - [2025-03-31T09:57:41.128+0000] {dagbag.py:435} INFO - File /opt/airflow/dags/env/Scripts/pip3.11.exe:__main__.py assumed to contain no DAGs. Skipping.
[2025-03-31T09:57:41.130+0000] {processor.py:927} WARNING - No viable dags retrieved from /opt/airflow/dags/env/Scripts/pip3.11.exe
[2025-03-31T09:57:41.160+0000] {processor.py:208} INFO - Processing /opt/airflow/dags/env/Scripts/pip3.11.exe took 0.064 seconds
[2025-03-31T09:58:13.022+0000] {processor.py:186} INFO - Started process (PID=9716) to work on /opt/airflow/dags/env/Scripts/pip3.11.exe
[2025-03-31T09:58:13.025+0000] {processor.py:914} INFO - Processing file /opt/airflow/dags/env/Scripts/pip3.11.exe for tasks to queue
[2025-03-31T09:58:13.031+0000] {logging_mixin.py:190} INFO - [2025-03-31T09:58:13.030+0000] {dagbag.py:588} INFO - Filling up the DagBag from /opt/airflow/dags/env/Scripts/pip3.11.exe
[2025-03-31T09:58:13.051+0000] {logging_mixin.py:190} INFO - [2025-03-31T09:58:13.051+0000] {dagbag.py:435} INFO - File /opt/airflow/dags/env/Scripts/pip3.11.exe:__main__.py assumed to contain no DAGs. Skipping.
[2025-03-31T09:58:13.053+0000] {processor.py:927} WARNING - No viable dags retrieved from /opt/airflow/dags/env/Scripts/pip3.11.exe
[2025-03-31T09:58:13.091+0000] {processor.py:208} INFO - Processing /opt/airflow/dags/env/Scripts/pip3.11.exe took 0.080 seconds
[2025-03-31T09:59:02.318+0000] {processor.py:186} INFO - Started process (PID=9749) to work on /opt/airflow/dags/env/Scripts/pip3.11.exe
[2025-03-31T09:59:02.320+0000] {processor.py:914} INFO - Processing file /opt/airflow/dags/env/Scripts/pip3.11.exe for tasks to queue
[2025-03-31T09:59:02.325+0000] {logging_mixin.py:190} INFO - [2025-03-31T09:59:02.324+0000] {dagbag.py:588} INFO - Filling up the DagBag from /opt/airflow/dags/env/Scripts/pip3.11.exe
[2025-03-31T09:59:02.342+0000] {logging_mixin.py:190} INFO - [2025-03-31T09:59:02.342+0000] {dagbag.py:435} INFO - File /opt/airflow/dags/env/Scripts/pip3.11.exe:__main__.py assumed to contain no DAGs. Skipping.
[2025-03-31T09:59:02.344+0000] {processor.py:927} WARNING - No viable dags retrieved from /opt/airflow/dags/env/Scripts/pip3.11.exe
[2025-03-31T09:59:02.381+0000] {processor.py:208} INFO - Processing /opt/airflow/dags/env/Scripts/pip3.11.exe took 0.076 seconds
[2025-03-31T09:59:34.912+0000] {processor.py:186} INFO - Started process (PID=9773) to work on /opt/airflow/dags/env/Scripts/pip3.11.exe
[2025-03-31T09:59:34.914+0000] {processor.py:914} INFO - Processing file /opt/airflow/dags/env/Scripts/pip3.11.exe for tasks to queue
[2025-03-31T09:59:34.921+0000] {logging_mixin.py:190} INFO - [2025-03-31T09:59:34.920+0000] {dagbag.py:588} INFO - Filling up the DagBag from /opt/airflow/dags/env/Scripts/pip3.11.exe
[2025-03-31T09:59:34.945+0000] {logging_mixin.py:190} INFO - [2025-03-31T09:59:34.944+0000] {dagbag.py:435} INFO - File /opt/airflow/dags/env/Scripts/pip3.11.exe:__main__.py assumed to contain no DAGs. Skipping.
[2025-03-31T09:59:34.947+0000] {processor.py:927} WARNING - No viable dags retrieved from /opt/airflow/dags/env/Scripts/pip3.11.exe
[2025-03-31T09:59:34.992+0000] {processor.py:208} INFO - Processing /opt/airflow/dags/env/Scripts/pip3.11.exe took 0.095 seconds
[2025-03-31T10:02:41.773+0000] {processor.py:186} INFO - Started process (PID=9808) to work on /opt/airflow/dags/env/Scripts/pip3.11.exe
[2025-03-31T10:02:41.775+0000] {processor.py:914} INFO - Processing file /opt/airflow/dags/env/Scripts/pip3.11.exe for tasks to queue
[2025-03-31T10:02:41.779+0000] {logging_mixin.py:190} INFO - [2025-03-31T10:02:41.778+0000] {dagbag.py:588} INFO - Filling up the DagBag from /opt/airflow/dags/env/Scripts/pip3.11.exe
[2025-03-31T10:02:41.794+0000] {logging_mixin.py:190} INFO - [2025-03-31T10:02:41.794+0000] {dagbag.py:435} INFO - File /opt/airflow/dags/env/Scripts/pip3.11.exe:__main__.py assumed to contain no DAGs. Skipping.
[2025-03-31T10:02:41.796+0000] {processor.py:927} WARNING - No viable dags retrieved from /opt/airflow/dags/env/Scripts/pip3.11.exe
[2025-03-31T10:02:41.825+0000] {processor.py:208} INFO - Processing /opt/airflow/dags/env/Scripts/pip3.11.exe took 0.064 seconds
[2025-03-31T10:03:13.855+0000] {processor.py:186} INFO - Started process (PID=9832) to work on /opt/airflow/dags/env/Scripts/pip3.11.exe
[2025-03-31T10:03:13.857+0000] {processor.py:914} INFO - Processing file /opt/airflow/dags/env/Scripts/pip3.11.exe for tasks to queue
[2025-03-31T10:03:13.861+0000] {logging_mixin.py:190} INFO - [2025-03-31T10:03:13.861+0000] {dagbag.py:588} INFO - Filling up the DagBag from /opt/airflow/dags/env/Scripts/pip3.11.exe
[2025-03-31T10:03:13.876+0000] {logging_mixin.py:190} INFO - [2025-03-31T10:03:13.875+0000] {dagbag.py:435} INFO - File /opt/airflow/dags/env/Scripts/pip3.11.exe:__main__.py assumed to contain no DAGs. Skipping.
[2025-03-31T10:03:13.877+0000] {processor.py:927} WARNING - No viable dags retrieved from /opt/airflow/dags/env/Scripts/pip3.11.exe
[2025-03-31T10:03:13.906+0000] {processor.py:208} INFO - Processing /opt/airflow/dags/env/Scripts/pip3.11.exe took 0.065 seconds
[2025-03-31T10:04:03.206+0000] {processor.py:186} INFO - Started process (PID=9865) to work on /opt/airflow/dags/env/Scripts/pip3.11.exe
[2025-03-31T10:04:03.209+0000] {processor.py:914} INFO - Processing file /opt/airflow/dags/env/Scripts/pip3.11.exe for tasks to queue
[2025-03-31T10:04:03.224+0000] {logging_mixin.py:190} INFO - [2025-03-31T10:04:03.223+0000] {dagbag.py:588} INFO - Filling up the DagBag from /opt/airflow/dags/env/Scripts/pip3.11.exe
[2025-03-31T10:04:03.253+0000] {logging_mixin.py:190} INFO - [2025-03-31T10:04:03.252+0000] {dagbag.py:435} INFO - File /opt/airflow/dags/env/Scripts/pip3.11.exe:__main__.py assumed to contain no DAGs. Skipping.
[2025-03-31T10:04:03.255+0000] {processor.py:927} WARNING - No viable dags retrieved from /opt/airflow/dags/env/Scripts/pip3.11.exe
[2025-03-31T10:04:03.298+0000] {processor.py:208} INFO - Processing /opt/airflow/dags/env/Scripts/pip3.11.exe took 0.117 seconds
[2025-03-31T10:04:37.793+0000] {processor.py:186} INFO - Started process (PID=9889) to work on /opt/airflow/dags/env/Scripts/pip3.11.exe
[2025-03-31T10:04:37.795+0000] {processor.py:914} INFO - Processing file /opt/airflow/dags/env/Scripts/pip3.11.exe for tasks to queue
[2025-03-31T10:04:37.799+0000] {logging_mixin.py:190} INFO - [2025-03-31T10:04:37.798+0000] {dagbag.py:588} INFO - Filling up the DagBag from /opt/airflow/dags/env/Scripts/pip3.11.exe
[2025-03-31T10:04:37.813+0000] {logging_mixin.py:190} INFO - [2025-03-31T10:04:37.813+0000] {dagbag.py:435} INFO - File /opt/airflow/dags/env/Scripts/pip3.11.exe:__main__.py assumed to contain no DAGs. Skipping.
[2025-03-31T10:04:37.815+0000] {processor.py:927} WARNING - No viable dags retrieved from /opt/airflow/dags/env/Scripts/pip3.11.exe
[2025-03-31T10:04:37.857+0000] {processor.py:208} INFO - Processing /opt/airflow/dags/env/Scripts/pip3.11.exe took 0.075 seconds
[2025-03-31T10:07:47.400+0000] {processor.py:186} INFO - Started process (PID=9923) to work on /opt/airflow/dags/env/Scripts/pip3.11.exe
[2025-03-31T10:07:47.402+0000] {processor.py:914} INFO - Processing file /opt/airflow/dags/env/Scripts/pip3.11.exe for tasks to queue
[2025-03-31T10:07:47.428+0000] {logging_mixin.py:190} INFO - [2025-03-31T10:07:47.417+0000] {dagbag.py:588} INFO - Filling up the DagBag from /opt/airflow/dags/env/Scripts/pip3.11.exe
[2025-03-31T10:07:47.450+0000] {logging_mixin.py:190} INFO - [2025-03-31T10:07:47.449+0000] {dagbag.py:435} INFO - File /opt/airflow/dags/env/Scripts/pip3.11.exe:__main__.py assumed to contain no DAGs. Skipping.
[2025-03-31T10:07:47.454+0000] {processor.py:927} WARNING - No viable dags retrieved from /opt/airflow/dags/env/Scripts/pip3.11.exe
[2025-03-31T10:07:47.500+0000] {processor.py:208} INFO - Processing /opt/airflow/dags/env/Scripts/pip3.11.exe took 0.122 seconds
[2025-03-31T10:08:18.108+0000] {processor.py:186} INFO - Started process (PID=9947) to work on /opt/airflow/dags/env/Scripts/pip3.11.exe
[2025-03-31T10:08:18.110+0000] {processor.py:914} INFO - Processing file /opt/airflow/dags/env/Scripts/pip3.11.exe for tasks to queue
[2025-03-31T10:08:18.116+0000] {logging_mixin.py:190} INFO - [2025-03-31T10:08:18.115+0000] {dagbag.py:588} INFO - Filling up the DagBag from /opt/airflow/dags/env/Scripts/pip3.11.exe
[2025-03-31T10:08:18.136+0000] {logging_mixin.py:190} INFO - [2025-03-31T10:08:18.136+0000] {dagbag.py:435} INFO - File /opt/airflow/dags/env/Scripts/pip3.11.exe:__main__.py assumed to contain no DAGs. Skipping.
[2025-03-31T10:08:18.138+0000] {processor.py:927} WARNING - No viable dags retrieved from /opt/airflow/dags/env/Scripts/pip3.11.exe
[2025-03-31T10:08:18.178+0000] {processor.py:208} INFO - Processing /opt/airflow/dags/env/Scripts/pip3.11.exe took 0.089 seconds
[2025-03-31T10:09:05.093+0000] {processor.py:186} INFO - Started process (PID=9976) to work on /opt/airflow/dags/env/Scripts/pip3.11.exe
[2025-03-31T10:09:05.095+0000] {processor.py:914} INFO - Processing file /opt/airflow/dags/env/Scripts/pip3.11.exe for tasks to queue
[2025-03-31T10:09:05.102+0000] {logging_mixin.py:190} INFO - [2025-03-31T10:09:05.101+0000] {dagbag.py:588} INFO - Filling up the DagBag from /opt/airflow/dags/env/Scripts/pip3.11.exe
[2025-03-31T10:09:05.118+0000] {logging_mixin.py:190} INFO - [2025-03-31T10:09:05.117+0000] {dagbag.py:435} INFO - File /opt/airflow/dags/env/Scripts/pip3.11.exe:__main__.py assumed to contain no DAGs. Skipping.
[2025-03-31T10:09:05.119+0000] {processor.py:927} WARNING - No viable dags retrieved from /opt/airflow/dags/env/Scripts/pip3.11.exe
[2025-03-31T10:09:05.175+0000] {processor.py:208} INFO - Processing /opt/airflow/dags/env/Scripts/pip3.11.exe took 0.092 seconds
[2025-03-31T10:09:37.719+0000] {processor.py:186} INFO - Started process (PID=10000) to work on /opt/airflow/dags/env/Scripts/pip3.11.exe
[2025-03-31T10:09:37.722+0000] {processor.py:914} INFO - Processing file /opt/airflow/dags/env/Scripts/pip3.11.exe for tasks to queue
[2025-03-31T10:09:37.726+0000] {logging_mixin.py:190} INFO - [2025-03-31T10:09:37.726+0000] {dagbag.py:588} INFO - Filling up the DagBag from /opt/airflow/dags/env/Scripts/pip3.11.exe
[2025-03-31T10:09:37.741+0000] {logging_mixin.py:190} INFO - [2025-03-31T10:09:37.740+0000] {dagbag.py:435} INFO - File /opt/airflow/dags/env/Scripts/pip3.11.exe:__main__.py assumed to contain no DAGs. Skipping.
[2025-03-31T10:09:37.742+0000] {processor.py:927} WARNING - No viable dags retrieved from /opt/airflow/dags/env/Scripts/pip3.11.exe
[2025-03-31T10:09:37.771+0000] {processor.py:208} INFO - Processing /opt/airflow/dags/env/Scripts/pip3.11.exe took 0.062 seconds
[2025-03-31T10:12:40.904+0000] {processor.py:186} INFO - Started process (PID=10034) to work on /opt/airflow/dags/env/Scripts/pip3.11.exe
[2025-03-31T10:12:40.906+0000] {processor.py:914} INFO - Processing file /opt/airflow/dags/env/Scripts/pip3.11.exe for tasks to queue
[2025-03-31T10:12:40.910+0000] {logging_mixin.py:190} INFO - [2025-03-31T10:12:40.909+0000] {dagbag.py:588} INFO - Filling up the DagBag from /opt/airflow/dags/env/Scripts/pip3.11.exe
[2025-03-31T10:12:40.925+0000] {logging_mixin.py:190} INFO - [2025-03-31T10:12:40.924+0000] {dagbag.py:435} INFO - File /opt/airflow/dags/env/Scripts/pip3.11.exe:__main__.py assumed to contain no DAGs. Skipping.
[2025-03-31T10:12:40.926+0000] {processor.py:927} WARNING - No viable dags retrieved from /opt/airflow/dags/env/Scripts/pip3.11.exe
[2025-03-31T10:12:40.958+0000] {processor.py:208} INFO - Processing /opt/airflow/dags/env/Scripts/pip3.11.exe took 0.062 seconds
[2025-03-31T10:13:13.120+0000] {processor.py:186} INFO - Started process (PID=10058) to work on /opt/airflow/dags/env/Scripts/pip3.11.exe
[2025-03-31T10:13:13.123+0000] {processor.py:914} INFO - Processing file /opt/airflow/dags/env/Scripts/pip3.11.exe for tasks to queue
[2025-03-31T10:13:13.133+0000] {logging_mixin.py:190} INFO - [2025-03-31T10:13:13.132+0000] {dagbag.py:588} INFO - Filling up the DagBag from /opt/airflow/dags/env/Scripts/pip3.11.exe
[2025-03-31T10:13:13.150+0000] {logging_mixin.py:190} INFO - [2025-03-31T10:13:13.149+0000] {dagbag.py:435} INFO - File /opt/airflow/dags/env/Scripts/pip3.11.exe:__main__.py assumed to contain no DAGs. Skipping.
[2025-03-31T10:13:13.151+0000] {processor.py:927} WARNING - No viable dags retrieved from /opt/airflow/dags/env/Scripts/pip3.11.exe
[2025-03-31T10:13:13.186+0000] {processor.py:208} INFO - Processing /opt/airflow/dags/env/Scripts/pip3.11.exe took 0.083 seconds
[2025-03-31T10:14:06.327+0000] {processor.py:186} INFO - Started process (PID=10093) to work on /opt/airflow/dags/env/Scripts/pip3.11.exe
[2025-03-31T10:14:06.330+0000] {processor.py:914} INFO - Processing file /opt/airflow/dags/env/Scripts/pip3.11.exe for tasks to queue
[2025-03-31T10:14:06.336+0000] {logging_mixin.py:190} INFO - [2025-03-31T10:14:06.334+0000] {dagbag.py:588} INFO - Filling up the DagBag from /opt/airflow/dags/env/Scripts/pip3.11.exe
[2025-03-31T10:14:06.354+0000] {logging_mixin.py:190} INFO - [2025-03-31T10:14:06.354+0000] {dagbag.py:435} INFO - File /opt/airflow/dags/env/Scripts/pip3.11.exe:__main__.py assumed to contain no DAGs. Skipping.
[2025-03-31T10:14:06.356+0000] {processor.py:927} WARNING - No viable dags retrieved from /opt/airflow/dags/env/Scripts/pip3.11.exe
[2025-03-31T10:14:06.392+0000] {processor.py:208} INFO - Processing /opt/airflow/dags/env/Scripts/pip3.11.exe took 0.084 seconds
[2025-03-31T10:14:38.210+0000] {processor.py:186} INFO - Started process (PID=10117) to work on /opt/airflow/dags/env/Scripts/pip3.11.exe
[2025-03-31T10:14:38.212+0000] {processor.py:914} INFO - Processing file /opt/airflow/dags/env/Scripts/pip3.11.exe for tasks to queue
[2025-03-31T10:14:38.217+0000] {logging_mixin.py:190} INFO - [2025-03-31T10:14:38.216+0000] {dagbag.py:588} INFO - Filling up the DagBag from /opt/airflow/dags/env/Scripts/pip3.11.exe
[2025-03-31T10:14:38.231+0000] {logging_mixin.py:190} INFO - [2025-03-31T10:14:38.231+0000] {dagbag.py:435} INFO - File /opt/airflow/dags/env/Scripts/pip3.11.exe:__main__.py assumed to contain no DAGs. Skipping.
[2025-03-31T10:14:38.233+0000] {processor.py:927} WARNING - No viable dags retrieved from /opt/airflow/dags/env/Scripts/pip3.11.exe
[2025-03-31T10:14:38.263+0000] {processor.py:208} INFO - Processing /opt/airflow/dags/env/Scripts/pip3.11.exe took 0.064 seconds
[2025-03-31T10:17:47.157+0000] {processor.py:186} INFO - Started process (PID=10151) to work on /opt/airflow/dags/env/Scripts/pip3.11.exe
[2025-03-31T10:17:47.160+0000] {processor.py:914} INFO - Processing file /opt/airflow/dags/env/Scripts/pip3.11.exe for tasks to queue
[2025-03-31T10:17:47.167+0000] {logging_mixin.py:190} INFO - [2025-03-31T10:17:47.166+0000] {dagbag.py:588} INFO - Filling up the DagBag from /opt/airflow/dags/env/Scripts/pip3.11.exe
[2025-03-31T10:17:47.185+0000] {logging_mixin.py:190} INFO - [2025-03-31T10:17:47.185+0000] {dagbag.py:435} INFO - File /opt/airflow/dags/env/Scripts/pip3.11.exe:__main__.py assumed to contain no DAGs. Skipping.
[2025-03-31T10:17:47.187+0000] {processor.py:927} WARNING - No viable dags retrieved from /opt/airflow/dags/env/Scripts/pip3.11.exe
[2025-03-31T10:17:47.231+0000] {processor.py:208} INFO - Processing /opt/airflow/dags/env/Scripts/pip3.11.exe took 0.091 seconds
[2025-03-31T10:18:20.850+0000] {processor.py:186} INFO - Started process (PID=10175) to work on /opt/airflow/dags/env/Scripts/pip3.11.exe
[2025-03-31T10:18:20.852+0000] {processor.py:914} INFO - Processing file /opt/airflow/dags/env/Scripts/pip3.11.exe for tasks to queue
[2025-03-31T10:18:20.856+0000] {logging_mixin.py:190} INFO - [2025-03-31T10:18:20.855+0000] {dagbag.py:588} INFO - Filling up the DagBag from /opt/airflow/dags/env/Scripts/pip3.11.exe
[2025-03-31T10:18:20.876+0000] {logging_mixin.py:190} INFO - [2025-03-31T10:18:20.875+0000] {dagbag.py:435} INFO - File /opt/airflow/dags/env/Scripts/pip3.11.exe:__main__.py assumed to contain no DAGs. Skipping.
[2025-03-31T10:18:20.877+0000] {processor.py:927} WARNING - No viable dags retrieved from /opt/airflow/dags/env/Scripts/pip3.11.exe
[2025-03-31T10:18:20.908+0000] {processor.py:208} INFO - Processing /opt/airflow/dags/env/Scripts/pip3.11.exe took 0.069 seconds
[2025-03-31T10:19:08.505+0000] {processor.py:186} INFO - Started process (PID=10204) to work on /opt/airflow/dags/env/Scripts/pip3.11.exe
[2025-03-31T10:19:08.507+0000] {processor.py:914} INFO - Processing file /opt/airflow/dags/env/Scripts/pip3.11.exe for tasks to queue
[2025-03-31T10:19:08.513+0000] {logging_mixin.py:190} INFO - [2025-03-31T10:19:08.512+0000] {dagbag.py:588} INFO - Filling up the DagBag from /opt/airflow/dags/env/Scripts/pip3.11.exe
[2025-03-31T10:19:08.527+0000] {logging_mixin.py:190} INFO - [2025-03-31T10:19:08.527+0000] {dagbag.py:435} INFO - File /opt/airflow/dags/env/Scripts/pip3.11.exe:__main__.py assumed to contain no DAGs. Skipping.
[2025-03-31T10:19:08.529+0000] {processor.py:927} WARNING - No viable dags retrieved from /opt/airflow/dags/env/Scripts/pip3.11.exe
[2025-03-31T10:19:08.559+0000] {processor.py:208} INFO - Processing /opt/airflow/dags/env/Scripts/pip3.11.exe took 0.066 seconds
[2025-03-31T10:19:39.744+0000] {processor.py:186} INFO - Started process (PID=10228) to work on /opt/airflow/dags/env/Scripts/pip3.11.exe
[2025-03-31T10:19:39.746+0000] {processor.py:914} INFO - Processing file /opt/airflow/dags/env/Scripts/pip3.11.exe for tasks to queue
[2025-03-31T10:19:39.751+0000] {logging_mixin.py:190} INFO - [2025-03-31T10:19:39.750+0000] {dagbag.py:588} INFO - Filling up the DagBag from /opt/airflow/dags/env/Scripts/pip3.11.exe
[2025-03-31T10:19:39.767+0000] {logging_mixin.py:190} INFO - [2025-03-31T10:19:39.767+0000] {dagbag.py:435} INFO - File /opt/airflow/dags/env/Scripts/pip3.11.exe:__main__.py assumed to contain no DAGs. Skipping.
[2025-03-31T10:19:39.769+0000] {processor.py:927} WARNING - No viable dags retrieved from /opt/airflow/dags/env/Scripts/pip3.11.exe
[2025-03-31T10:19:39.803+0000] {processor.py:208} INFO - Processing /opt/airflow/dags/env/Scripts/pip3.11.exe took 0.071 seconds
[2025-03-31T10:43:38.624+0000] {processor.py:186} INFO - Started process (PID=10263) to work on /opt/airflow/dags/env/Scripts/pip3.11.exe
[2025-03-31T10:43:38.626+0000] {processor.py:914} INFO - Processing file /opt/airflow/dags/env/Scripts/pip3.11.exe for tasks to queue
[2025-03-31T10:43:38.632+0000] {logging_mixin.py:190} INFO - [2025-03-31T10:43:38.631+0000] {dagbag.py:588} INFO - Filling up the DagBag from /opt/airflow/dags/env/Scripts/pip3.11.exe
[2025-03-31T10:43:38.651+0000] {logging_mixin.py:190} INFO - [2025-03-31T10:43:38.650+0000] {dagbag.py:435} INFO - File /opt/airflow/dags/env/Scripts/pip3.11.exe:__main__.py assumed to contain no DAGs. Skipping.
[2025-03-31T10:43:38.652+0000] {processor.py:927} WARNING - No viable dags retrieved from /opt/airflow/dags/env/Scripts/pip3.11.exe
[2025-03-31T10:43:38.691+0000] {processor.py:208} INFO - Processing /opt/airflow/dags/env/Scripts/pip3.11.exe took 0.078 seconds
[2025-03-31T10:44:09.351+0000] {processor.py:186} INFO - Started process (PID=10287) to work on /opt/airflow/dags/env/Scripts/pip3.11.exe
[2025-03-31T10:44:09.352+0000] {processor.py:914} INFO - Processing file /opt/airflow/dags/env/Scripts/pip3.11.exe for tasks to queue
[2025-03-31T10:44:09.358+0000] {logging_mixin.py:190} INFO - [2025-03-31T10:44:09.357+0000] {dagbag.py:588} INFO - Filling up the DagBag from /opt/airflow/dags/env/Scripts/pip3.11.exe
[2025-03-31T10:44:09.373+0000] {logging_mixin.py:190} INFO - [2025-03-31T10:44:09.372+0000] {dagbag.py:435} INFO - File /opt/airflow/dags/env/Scripts/pip3.11.exe:__main__.py assumed to contain no DAGs. Skipping.
[2025-03-31T10:44:09.374+0000] {processor.py:927} WARNING - No viable dags retrieved from /opt/airflow/dags/env/Scripts/pip3.11.exe
[2025-03-31T10:44:09.417+0000] {processor.py:208} INFO - Processing /opt/airflow/dags/env/Scripts/pip3.11.exe took 0.075 seconds
[2025-03-31T10:45:07.773+0000] {processor.py:186} INFO - Started process (PID=10315) to work on /opt/airflow/dags/env/Scripts/pip3.11.exe
[2025-03-31T10:45:07.778+0000] {processor.py:914} INFO - Processing file /opt/airflow/dags/env/Scripts/pip3.11.exe for tasks to queue
[2025-03-31T10:45:07.786+0000] {logging_mixin.py:190} INFO - [2025-03-31T10:45:07.785+0000] {dagbag.py:588} INFO - Filling up the DagBag from /opt/airflow/dags/env/Scripts/pip3.11.exe
[2025-03-31T10:45:07.810+0000] {logging_mixin.py:190} INFO - [2025-03-31T10:45:07.810+0000] {dagbag.py:435} INFO - File /opt/airflow/dags/env/Scripts/pip3.11.exe:__main__.py assumed to contain no DAGs. Skipping.
[2025-03-31T10:45:07.813+0000] {processor.py:927} WARNING - No viable dags retrieved from /opt/airflow/dags/env/Scripts/pip3.11.exe
[2025-03-31T10:45:07.894+0000] {processor.py:208} INFO - Processing /opt/airflow/dags/env/Scripts/pip3.11.exe took 0.141 seconds
[2025-03-31T11:08:36.344+0000] {processor.py:186} INFO - Started process (PID=10370) to work on /opt/airflow/dags/env/Scripts/pip3.11.exe
[2025-03-31T11:08:36.349+0000] {processor.py:914} INFO - Processing file /opt/airflow/dags/env/Scripts/pip3.11.exe for tasks to queue
[2025-03-31T11:08:36.360+0000] {logging_mixin.py:190} INFO - [2025-03-31T11:08:36.357+0000] {dagbag.py:588} INFO - Filling up the DagBag from /opt/airflow/dags/env/Scripts/pip3.11.exe
[2025-03-31T11:08:36.380+0000] {logging_mixin.py:190} INFO - [2025-03-31T11:08:36.380+0000] {dagbag.py:435} INFO - File /opt/airflow/dags/env/Scripts/pip3.11.exe:__main__.py assumed to contain no DAGs. Skipping.
[2025-03-31T11:08:36.382+0000] {processor.py:927} WARNING - No viable dags retrieved from /opt/airflow/dags/env/Scripts/pip3.11.exe
[2025-03-31T11:08:36.448+0000] {processor.py:208} INFO - Processing /opt/airflow/dags/env/Scripts/pip3.11.exe took 0.137 seconds
[2025-03-31T11:17:17.884+0000] {processor.py:186} INFO - Started process (PID=10385) to work on /opt/airflow/dags/env/Scripts/pip3.11.exe
[2025-03-31T11:17:17.885+0000] {processor.py:914} INFO - Processing file /opt/airflow/dags/env/Scripts/pip3.11.exe for tasks to queue
[2025-03-31T11:17:17.890+0000] {logging_mixin.py:190} INFO - [2025-03-31T11:17:17.889+0000] {dagbag.py:588} INFO - Filling up the DagBag from /opt/airflow/dags/env/Scripts/pip3.11.exe
[2025-03-31T11:17:17.905+0000] {logging_mixin.py:190} INFO - [2025-03-31T11:17:17.905+0000] {dagbag.py:435} INFO - File /opt/airflow/dags/env/Scripts/pip3.11.exe:__main__.py assumed to contain no DAGs. Skipping.
[2025-03-31T11:17:17.907+0000] {processor.py:927} WARNING - No viable dags retrieved from /opt/airflow/dags/env/Scripts/pip3.11.exe
[2025-03-31T11:17:17.938+0000] {processor.py:208} INFO - Processing /opt/airflow/dags/env/Scripts/pip3.11.exe took 0.066 seconds
[2025-03-31T11:40:39.073+0000] {processor.py:186} INFO - Started process (PID=10425) to work on /opt/airflow/dags/env/Scripts/pip3.11.exe
[2025-03-31T11:40:39.075+0000] {processor.py:914} INFO - Processing file /opt/airflow/dags/env/Scripts/pip3.11.exe for tasks to queue
[2025-03-31T11:40:39.082+0000] {logging_mixin.py:190} INFO - [2025-03-31T11:40:39.081+0000] {dagbag.py:588} INFO - Filling up the DagBag from /opt/airflow/dags/env/Scripts/pip3.11.exe
[2025-03-31T11:40:39.104+0000] {logging_mixin.py:190} INFO - [2025-03-31T11:40:39.103+0000] {dagbag.py:435} INFO - File /opt/airflow/dags/env/Scripts/pip3.11.exe:__main__.py assumed to contain no DAGs. Skipping.
[2025-03-31T11:40:39.106+0000] {processor.py:927} WARNING - No viable dags retrieved from /opt/airflow/dags/env/Scripts/pip3.11.exe
[2025-03-31T11:40:39.146+0000] {processor.py:208} INFO - Processing /opt/airflow/dags/env/Scripts/pip3.11.exe took 0.083 seconds
