[2025-03-31T07:27:37.237+0000] {processor.py:186} INFO - Started process (PID=7703) to work on /opt/airflow/dags/env/Scripts/pip3.exe
[2025-03-31T07:27:37.239+0000] {processor.py:914} INFO - Processing file /opt/airflow/dags/env/Scripts/pip3.exe for tasks to queue
[2025-03-31T07:27:37.252+0000] {logging_mixin.py:190} INFO - [2025-03-31T07:27:37.251+0000] {dagbag.py:588} INFO - Filling up the DagBag from /opt/airflow/dags/env/Scripts/pip3.exe
[2025-03-31T07:27:37.273+0000] {logging_mixin.py:190} INFO - [2025-03-31T07:27:37.272+0000] {dagbag.py:435} INFO - File /opt/airflow/dags/env/Scripts/pip3.exe:__main__.py assumed to contain no DAGs. Skipping.
[2025-03-31T07:27:37.280+0000] {processor.py:927} WARNING - No viable dags retrieved from /opt/airflow/dags/env/Scripts/pip3.exe
[2025-03-31T07:27:37.317+0000] {processor.py:208} INFO - Processing /opt/airflow/dags/env/Scripts/pip3.exe took 0.102 seconds
[2025-03-31T07:28:08.794+0000] {processor.py:186} INFO - Started process (PID=7727) to work on /opt/airflow/dags/env/Scripts/pip3.exe
[2025-03-31T07:28:08.796+0000] {processor.py:914} INFO - Processing file /opt/airflow/dags/env/Scripts/pip3.exe for tasks to queue
[2025-03-31T07:28:08.800+0000] {logging_mixin.py:190} INFO - [2025-03-31T07:28:08.800+0000] {dagbag.py:588} INFO - Filling up the DagBag from /opt/airflow/dags/env/Scripts/pip3.exe
[2025-03-31T07:28:08.814+0000] {logging_mixin.py:190} INFO - [2025-03-31T07:28:08.814+0000] {dagbag.py:435} INFO - File /opt/airflow/dags/env/Scripts/pip3.exe:__main__.py assumed to contain no DAGs. Skipping.
[2025-03-31T07:28:08.815+0000] {processor.py:927} WARNING - No viable dags retrieved from /opt/airflow/dags/env/Scripts/pip3.exe
[2025-03-31T07:28:08.847+0000] {processor.py:208} INFO - Processing /opt/airflow/dags/env/Scripts/pip3.exe took 0.061 seconds
[2025-03-31T08:42:45.018+0000] {processor.py:186} INFO - Started process (PID=8055) to work on /opt/airflow/dags/env/Scripts/pip3.exe
[2025-03-31T08:42:45.020+0000] {processor.py:914} INFO - Processing file /opt/airflow/dags/env/Scripts/pip3.exe for tasks to queue
[2025-03-31T08:42:45.027+0000] {logging_mixin.py:190} INFO - [2025-03-31T08:42:45.026+0000] {dagbag.py:588} INFO - Filling up the DagBag from /opt/airflow/dags/env/Scripts/pip3.exe
[2025-03-31T08:42:45.053+0000] {logging_mixin.py:190} INFO - [2025-03-31T08:42:45.052+0000] {dagbag.py:435} INFO - File /opt/airflow/dags/env/Scripts/pip3.exe:__main__.py assumed to contain no DAGs. Skipping.
[2025-03-31T08:42:45.056+0000] {processor.py:927} WARNING - No viable dags retrieved from /opt/airflow/dags/env/Scripts/pip3.exe
[2025-03-31T08:42:45.091+0000] {processor.py:208} INFO - Processing /opt/airflow/dags/env/Scripts/pip3.exe took 0.091 seconds
[2025-03-31T08:43:52.770+0000] {processor.py:186} INFO - Started process (PID=8095) to work on /opt/airflow/dags/env/Scripts/pip3.exe
[2025-03-31T08:43:52.772+0000] {processor.py:914} INFO - Processing file /opt/airflow/dags/env/Scripts/pip3.exe for tasks to queue
[2025-03-31T08:43:52.778+0000] {logging_mixin.py:190} INFO - [2025-03-31T08:43:52.777+0000] {dagbag.py:588} INFO - Filling up the DagBag from /opt/airflow/dags/env/Scripts/pip3.exe
[2025-03-31T08:43:52.798+0000] {logging_mixin.py:190} INFO - [2025-03-31T08:43:52.798+0000] {dagbag.py:435} INFO - File /opt/airflow/dags/env/Scripts/pip3.exe:__main__.py assumed to contain no DAGs. Skipping.
[2025-03-31T08:43:52.800+0000] {processor.py:927} WARNING - No viable dags retrieved from /opt/airflow/dags/env/Scripts/pip3.exe
[2025-03-31T08:43:52.846+0000] {processor.py:208} INFO - Processing /opt/airflow/dags/env/Scripts/pip3.exe took 0.089 seconds
[2025-03-31T08:44:24.442+0000] {processor.py:186} INFO - Started process (PID=8119) to work on /opt/airflow/dags/env/Scripts/pip3.exe
[2025-03-31T08:44:24.444+0000] {processor.py:914} INFO - Processing file /opt/airflow/dags/env/Scripts/pip3.exe for tasks to queue
[2025-03-31T08:44:24.453+0000] {logging_mixin.py:190} INFO - [2025-03-31T08:44:24.452+0000] {dagbag.py:588} INFO - Filling up the DagBag from /opt/airflow/dags/env/Scripts/pip3.exe
[2025-03-31T08:44:24.472+0000] {logging_mixin.py:190} INFO - [2025-03-31T08:44:24.472+0000] {dagbag.py:435} INFO - File /opt/airflow/dags/env/Scripts/pip3.exe:__main__.py assumed to contain no DAGs. Skipping.
[2025-03-31T08:44:24.474+0000] {processor.py:927} WARNING - No viable dags retrieved from /opt/airflow/dags/env/Scripts/pip3.exe
[2025-03-31T08:44:24.514+0000] {processor.py:208} INFO - Processing /opt/airflow/dags/env/Scripts/pip3.exe took 0.093 seconds
[2025-03-31T08:47:06.163+0000] {processor.py:186} INFO - Started process (PID=8134) to work on /opt/airflow/dags/env/Scripts/pip3.exe
[2025-03-31T08:47:06.166+0000] {processor.py:914} INFO - Processing file /opt/airflow/dags/env/Scripts/pip3.exe for tasks to queue
[2025-03-31T08:47:06.170+0000] {logging_mixin.py:190} INFO - [2025-03-31T08:47:06.169+0000] {dagbag.py:588} INFO - Filling up the DagBag from /opt/airflow/dags/env/Scripts/pip3.exe
[2025-03-31T08:47:06.184+0000] {logging_mixin.py:190} INFO - [2025-03-31T08:47:06.184+0000] {dagbag.py:435} INFO - File /opt/airflow/dags/env/Scripts/pip3.exe:__main__.py assumed to contain no DAGs. Skipping.
[2025-03-31T08:47:06.185+0000] {processor.py:927} WARNING - No viable dags retrieved from /opt/airflow/dags/env/Scripts/pip3.exe
[2025-03-31T08:47:06.215+0000] {processor.py:208} INFO - Processing /opt/airflow/dags/env/Scripts/pip3.exe took 0.062 seconds
[2025-03-31T08:47:36.918+0000] {processor.py:186} INFO - Started process (PID=8158) to work on /opt/airflow/dags/env/Scripts/pip3.exe
[2025-03-31T08:47:36.919+0000] {processor.py:914} INFO - Processing file /opt/airflow/dags/env/Scripts/pip3.exe for tasks to queue
[2025-03-31T08:47:36.924+0000] {logging_mixin.py:190} INFO - [2025-03-31T08:47:36.923+0000] {dagbag.py:588} INFO - Filling up the DagBag from /opt/airflow/dags/env/Scripts/pip3.exe
[2025-03-31T08:47:36.941+0000] {logging_mixin.py:190} INFO - [2025-03-31T08:47:36.941+0000] {dagbag.py:435} INFO - File /opt/airflow/dags/env/Scripts/pip3.exe:__main__.py assumed to contain no DAGs. Skipping.
[2025-03-31T08:47:36.943+0000] {processor.py:927} WARNING - No viable dags retrieved from /opt/airflow/dags/env/Scripts/pip3.exe
[2025-03-31T08:47:36.987+0000] {processor.py:208} INFO - Processing /opt/airflow/dags/env/Scripts/pip3.exe took 0.077 seconds
[2025-03-31T08:48:07.551+0000] {processor.py:186} INFO - Started process (PID=8182) to work on /opt/airflow/dags/env/Scripts/pip3.exe
[2025-03-31T08:48:07.553+0000] {processor.py:914} INFO - Processing file /opt/airflow/dags/env/Scripts/pip3.exe for tasks to queue
[2025-03-31T08:48:07.557+0000] {logging_mixin.py:190} INFO - [2025-03-31T08:48:07.556+0000] {dagbag.py:588} INFO - Filling up the DagBag from /opt/airflow/dags/env/Scripts/pip3.exe
[2025-03-31T08:48:07.572+0000] {logging_mixin.py:190} INFO - [2025-03-31T08:48:07.572+0000] {dagbag.py:435} INFO - File /opt/airflow/dags/env/Scripts/pip3.exe:__main__.py assumed to contain no DAGs. Skipping.
[2025-03-31T08:48:07.573+0000] {processor.py:927} WARNING - No viable dags retrieved from /opt/airflow/dags/env/Scripts/pip3.exe
[2025-03-31T08:48:07.604+0000] {processor.py:208} INFO - Processing /opt/airflow/dags/env/Scripts/pip3.exe took 0.062 seconds
[2025-03-31T08:48:57.364+0000] {processor.py:186} INFO - Started process (PID=8211) to work on /opt/airflow/dags/env/Scripts/pip3.exe
[2025-03-31T08:48:57.366+0000] {processor.py:914} INFO - Processing file /opt/airflow/dags/env/Scripts/pip3.exe for tasks to queue
[2025-03-31T08:48:57.370+0000] {logging_mixin.py:190} INFO - [2025-03-31T08:48:57.369+0000] {dagbag.py:588} INFO - Filling up the DagBag from /opt/airflow/dags/env/Scripts/pip3.exe
[2025-03-31T08:48:57.383+0000] {logging_mixin.py:190} INFO - [2025-03-31T08:48:57.383+0000] {dagbag.py:435} INFO - File /opt/airflow/dags/env/Scripts/pip3.exe:__main__.py assumed to contain no DAGs. Skipping.
[2025-03-31T08:48:57.385+0000] {processor.py:927} WARNING - No viable dags retrieved from /opt/airflow/dags/env/Scripts/pip3.exe
[2025-03-31T08:48:57.414+0000] {processor.py:208} INFO - Processing /opt/airflow/dags/env/Scripts/pip3.exe took 0.061 seconds
[2025-03-31T08:49:29.470+0000] {processor.py:186} INFO - Started process (PID=8236) to work on /opt/airflow/dags/env/Scripts/pip3.exe
[2025-03-31T08:49:29.472+0000] {processor.py:914} INFO - Processing file /opt/airflow/dags/env/Scripts/pip3.exe for tasks to queue
[2025-03-31T08:49:29.476+0000] {logging_mixin.py:190} INFO - [2025-03-31T08:49:29.475+0000] {dagbag.py:588} INFO - Filling up the DagBag from /opt/airflow/dags/env/Scripts/pip3.exe
[2025-03-31T08:49:29.491+0000] {logging_mixin.py:190} INFO - [2025-03-31T08:49:29.490+0000] {dagbag.py:435} INFO - File /opt/airflow/dags/env/Scripts/pip3.exe:__main__.py assumed to contain no DAGs. Skipping.
[2025-03-31T08:49:29.492+0000] {processor.py:927} WARNING - No viable dags retrieved from /opt/airflow/dags/env/Scripts/pip3.exe
[2025-03-31T08:49:29.522+0000] {processor.py:208} INFO - Processing /opt/airflow/dags/env/Scripts/pip3.exe took 0.064 seconds
[2025-03-31T08:52:32.899+0000] {processor.py:186} INFO - Started process (PID=8269) to work on /opt/airflow/dags/env/Scripts/pip3.exe
[2025-03-31T08:52:32.902+0000] {processor.py:914} INFO - Processing file /opt/airflow/dags/env/Scripts/pip3.exe for tasks to queue
[2025-03-31T08:52:32.907+0000] {logging_mixin.py:190} INFO - [2025-03-31T08:52:32.906+0000] {dagbag.py:588} INFO - Filling up the DagBag from /opt/airflow/dags/env/Scripts/pip3.exe
[2025-03-31T08:52:32.923+0000] {logging_mixin.py:190} INFO - [2025-03-31T08:52:32.923+0000] {dagbag.py:435} INFO - File /opt/airflow/dags/env/Scripts/pip3.exe:__main__.py assumed to contain no DAGs. Skipping.
[2025-03-31T08:52:32.925+0000] {processor.py:927} WARNING - No viable dags retrieved from /opt/airflow/dags/env/Scripts/pip3.exe
[2025-03-31T08:52:32.960+0000] {processor.py:208} INFO - Processing /opt/airflow/dags/env/Scripts/pip3.exe took 0.072 seconds
[2025-03-31T08:53:07.464+0000] {processor.py:186} INFO - Started process (PID=8293) to work on /opt/airflow/dags/env/Scripts/pip3.exe
[2025-03-31T08:53:07.466+0000] {processor.py:914} INFO - Processing file /opt/airflow/dags/env/Scripts/pip3.exe for tasks to queue
[2025-03-31T08:53:07.481+0000] {logging_mixin.py:190} INFO - [2025-03-31T08:53:07.480+0000] {dagbag.py:588} INFO - Filling up the DagBag from /opt/airflow/dags/env/Scripts/pip3.exe
[2025-03-31T08:53:07.500+0000] {logging_mixin.py:190} INFO - [2025-03-31T08:53:07.499+0000] {dagbag.py:435} INFO - File /opt/airflow/dags/env/Scripts/pip3.exe:__main__.py assumed to contain no DAGs. Skipping.
[2025-03-31T08:53:07.504+0000] {processor.py:927} WARNING - No viable dags retrieved from /opt/airflow/dags/env/Scripts/pip3.exe
[2025-03-31T08:53:07.565+0000] {processor.py:208} INFO - Processing /opt/airflow/dags/env/Scripts/pip3.exe took 0.118 seconds
[2025-03-31T08:54:02.106+0000] {processor.py:186} INFO - Started process (PID=8323) to work on /opt/airflow/dags/env/Scripts/pip3.exe
[2025-03-31T08:54:02.108+0000] {processor.py:914} INFO - Processing file /opt/airflow/dags/env/Scripts/pip3.exe for tasks to queue
[2025-03-31T08:54:02.114+0000] {logging_mixin.py:190} INFO - [2025-03-31T08:54:02.113+0000] {dagbag.py:588} INFO - Filling up the DagBag from /opt/airflow/dags/env/Scripts/pip3.exe
[2025-03-31T08:54:02.127+0000] {logging_mixin.py:190} INFO - [2025-03-31T08:54:02.127+0000] {dagbag.py:435} INFO - File /opt/airflow/dags/env/Scripts/pip3.exe:__main__.py assumed to contain no DAGs. Skipping.
[2025-03-31T08:54:02.129+0000] {processor.py:927} WARNING - No viable dags retrieved from /opt/airflow/dags/env/Scripts/pip3.exe
[2025-03-31T08:54:02.162+0000] {processor.py:208} INFO - Processing /opt/airflow/dags/env/Scripts/pip3.exe took 0.063 seconds
[2025-03-31T08:54:34.910+0000] {processor.py:186} INFO - Started process (PID=8347) to work on /opt/airflow/dags/env/Scripts/pip3.exe
[2025-03-31T08:54:34.912+0000] {processor.py:914} INFO - Processing file /opt/airflow/dags/env/Scripts/pip3.exe for tasks to queue
[2025-03-31T08:54:34.916+0000] {logging_mixin.py:190} INFO - [2025-03-31T08:54:34.916+0000] {dagbag.py:588} INFO - Filling up the DagBag from /opt/airflow/dags/env/Scripts/pip3.exe
[2025-03-31T08:54:34.931+0000] {logging_mixin.py:190} INFO - [2025-03-31T08:54:34.931+0000] {dagbag.py:435} INFO - File /opt/airflow/dags/env/Scripts/pip3.exe:__main__.py assumed to contain no DAGs. Skipping.
[2025-03-31T08:54:34.932+0000] {processor.py:927} WARNING - No viable dags retrieved from /opt/airflow/dags/env/Scripts/pip3.exe
[2025-03-31T08:54:34.964+0000] {processor.py:208} INFO - Processing /opt/airflow/dags/env/Scripts/pip3.exe took 0.064 seconds
[2025-03-31T08:57:30.994+0000] {processor.py:186} INFO - Started process (PID=8376) to work on /opt/airflow/dags/env/Scripts/pip3.exe
[2025-03-31T08:57:30.996+0000] {processor.py:914} INFO - Processing file /opt/airflow/dags/env/Scripts/pip3.exe for tasks to queue
[2025-03-31T08:57:31.001+0000] {logging_mixin.py:190} INFO - [2025-03-31T08:57:31.000+0000] {dagbag.py:588} INFO - Filling up the DagBag from /opt/airflow/dags/env/Scripts/pip3.exe
[2025-03-31T08:57:31.020+0000] {logging_mixin.py:190} INFO - [2025-03-31T08:57:31.019+0000] {dagbag.py:435} INFO - File /opt/airflow/dags/env/Scripts/pip3.exe:__main__.py assumed to contain no DAGs. Skipping.
[2025-03-31T08:57:31.022+0000] {processor.py:927} WARNING - No viable dags retrieved from /opt/airflow/dags/env/Scripts/pip3.exe
[2025-03-31T08:57:31.062+0000] {processor.py:208} INFO - Processing /opt/airflow/dags/env/Scripts/pip3.exe took 0.079 seconds
[2025-03-31T08:58:02.548+0000] {processor.py:186} INFO - Started process (PID=8400) to work on /opt/airflow/dags/env/Scripts/pip3.exe
[2025-03-31T08:58:02.550+0000] {processor.py:914} INFO - Processing file /opt/airflow/dags/env/Scripts/pip3.exe for tasks to queue
[2025-03-31T08:58:02.556+0000] {logging_mixin.py:190} INFO - [2025-03-31T08:58:02.556+0000] {dagbag.py:588} INFO - Filling up the DagBag from /opt/airflow/dags/env/Scripts/pip3.exe
[2025-03-31T08:58:02.576+0000] {logging_mixin.py:190} INFO - [2025-03-31T08:58:02.575+0000] {dagbag.py:435} INFO - File /opt/airflow/dags/env/Scripts/pip3.exe:__main__.py assumed to contain no DAGs. Skipping.
[2025-03-31T08:58:02.577+0000] {processor.py:927} WARNING - No viable dags retrieved from /opt/airflow/dags/env/Scripts/pip3.exe
[2025-03-31T08:58:02.619+0000] {processor.py:208} INFO - Processing /opt/airflow/dags/env/Scripts/pip3.exe took 0.088 seconds
[2025-03-31T08:58:58.872+0000] {processor.py:186} INFO - Started process (PID=8435) to work on /opt/airflow/dags/env/Scripts/pip3.exe
[2025-03-31T08:58:58.873+0000] {processor.py:914} INFO - Processing file /opt/airflow/dags/env/Scripts/pip3.exe for tasks to queue
[2025-03-31T08:58:58.877+0000] {logging_mixin.py:190} INFO - [2025-03-31T08:58:58.877+0000] {dagbag.py:588} INFO - Filling up the DagBag from /opt/airflow/dags/env/Scripts/pip3.exe
[2025-03-31T08:58:58.894+0000] {logging_mixin.py:190} INFO - [2025-03-31T08:58:58.894+0000] {dagbag.py:435} INFO - File /opt/airflow/dags/env/Scripts/pip3.exe:__main__.py assumed to contain no DAGs. Skipping.
[2025-03-31T08:58:58.896+0000] {processor.py:927} WARNING - No viable dags retrieved from /opt/airflow/dags/env/Scripts/pip3.exe
[2025-03-31T08:58:58.933+0000] {processor.py:208} INFO - Processing /opt/airflow/dags/env/Scripts/pip3.exe took 0.075 seconds
[2025-03-31T08:59:29.625+0000] {processor.py:186} INFO - Started process (PID=8459) to work on /opt/airflow/dags/env/Scripts/pip3.exe
[2025-03-31T08:59:29.627+0000] {processor.py:914} INFO - Processing file /opt/airflow/dags/env/Scripts/pip3.exe for tasks to queue
[2025-03-31T08:59:29.633+0000] {logging_mixin.py:190} INFO - [2025-03-31T08:59:29.632+0000] {dagbag.py:588} INFO - Filling up the DagBag from /opt/airflow/dags/env/Scripts/pip3.exe
[2025-03-31T08:59:29.648+0000] {logging_mixin.py:190} INFO - [2025-03-31T08:59:29.648+0000] {dagbag.py:435} INFO - File /opt/airflow/dags/env/Scripts/pip3.exe:__main__.py assumed to contain no DAGs. Skipping.
[2025-03-31T08:59:29.650+0000] {processor.py:927} WARNING - No viable dags retrieved from /opt/airflow/dags/env/Scripts/pip3.exe
[2025-03-31T08:59:29.685+0000] {processor.py:208} INFO - Processing /opt/airflow/dags/env/Scripts/pip3.exe took 0.074 seconds
[2025-03-31T09:02:40.284+0000] {processor.py:186} INFO - Started process (PID=8493) to work on /opt/airflow/dags/env/Scripts/pip3.exe
[2025-03-31T09:02:40.286+0000] {processor.py:914} INFO - Processing file /opt/airflow/dags/env/Scripts/pip3.exe for tasks to queue
[2025-03-31T09:02:40.290+0000] {logging_mixin.py:190} INFO - [2025-03-31T09:02:40.289+0000] {dagbag.py:588} INFO - Filling up the DagBag from /opt/airflow/dags/env/Scripts/pip3.exe
[2025-03-31T09:02:40.305+0000] {logging_mixin.py:190} INFO - [2025-03-31T09:02:40.305+0000] {dagbag.py:435} INFO - File /opt/airflow/dags/env/Scripts/pip3.exe:__main__.py assumed to contain no DAGs. Skipping.
[2025-03-31T09:02:40.307+0000] {processor.py:927} WARNING - No viable dags retrieved from /opt/airflow/dags/env/Scripts/pip3.exe
[2025-03-31T09:02:40.339+0000] {processor.py:208} INFO - Processing /opt/airflow/dags/env/Scripts/pip3.exe took 0.066 seconds
[2025-03-31T09:03:11.352+0000] {processor.py:186} INFO - Started process (PID=8517) to work on /opt/airflow/dags/env/Scripts/pip3.exe
[2025-03-31T09:03:11.355+0000] {processor.py:914} INFO - Processing file /opt/airflow/dags/env/Scripts/pip3.exe for tasks to queue
[2025-03-31T09:03:11.359+0000] {logging_mixin.py:190} INFO - [2025-03-31T09:03:11.359+0000] {dagbag.py:588} INFO - Filling up the DagBag from /opt/airflow/dags/env/Scripts/pip3.exe
[2025-03-31T09:03:11.373+0000] {logging_mixin.py:190} INFO - [2025-03-31T09:03:11.372+0000] {dagbag.py:435} INFO - File /opt/airflow/dags/env/Scripts/pip3.exe:__main__.py assumed to contain no DAGs. Skipping.
[2025-03-31T09:03:11.375+0000] {processor.py:927} WARNING - No viable dags retrieved from /opt/airflow/dags/env/Scripts/pip3.exe
[2025-03-31T09:03:11.404+0000] {processor.py:208} INFO - Processing /opt/airflow/dags/env/Scripts/pip3.exe took 0.062 seconds
[2025-03-31T09:04:09.885+0000] {processor.py:186} INFO - Started process (PID=8546) to work on /opt/airflow/dags/env/Scripts/pip3.exe
[2025-03-31T09:04:09.887+0000] {processor.py:914} INFO - Processing file /opt/airflow/dags/env/Scripts/pip3.exe for tasks to queue
[2025-03-31T09:04:09.891+0000] {logging_mixin.py:190} INFO - [2025-03-31T09:04:09.890+0000] {dagbag.py:588} INFO - Filling up the DagBag from /opt/airflow/dags/env/Scripts/pip3.exe
[2025-03-31T09:04:09.904+0000] {logging_mixin.py:190} INFO - [2025-03-31T09:04:09.904+0000] {dagbag.py:435} INFO - File /opt/airflow/dags/env/Scripts/pip3.exe:__main__.py assumed to contain no DAGs. Skipping.
[2025-03-31T09:04:09.906+0000] {processor.py:927} WARNING - No viable dags retrieved from /opt/airflow/dags/env/Scripts/pip3.exe
[2025-03-31T09:04:09.935+0000] {processor.py:208} INFO - Processing /opt/airflow/dags/env/Scripts/pip3.exe took 0.061 seconds
[2025-03-31T09:04:41.901+0000] {processor.py:186} INFO - Started process (PID=8570) to work on /opt/airflow/dags/env/Scripts/pip3.exe
[2025-03-31T09:04:41.903+0000] {processor.py:914} INFO - Processing file /opt/airflow/dags/env/Scripts/pip3.exe for tasks to queue
[2025-03-31T09:04:41.908+0000] {logging_mixin.py:190} INFO - [2025-03-31T09:04:41.907+0000] {dagbag.py:588} INFO - Filling up the DagBag from /opt/airflow/dags/env/Scripts/pip3.exe
[2025-03-31T09:04:41.926+0000] {logging_mixin.py:190} INFO - [2025-03-31T09:04:41.925+0000] {dagbag.py:435} INFO - File /opt/airflow/dags/env/Scripts/pip3.exe:__main__.py assumed to contain no DAGs. Skipping.
[2025-03-31T09:04:41.927+0000] {processor.py:927} WARNING - No viable dags retrieved from /opt/airflow/dags/env/Scripts/pip3.exe
[2025-03-31T09:04:41.970+0000] {processor.py:208} INFO - Processing /opt/airflow/dags/env/Scripts/pip3.exe took 0.080 seconds
[2025-03-31T09:07:37.859+0000] {processor.py:186} INFO - Started process (PID=8595) to work on /opt/airflow/dags/env/Scripts/pip3.exe
[2025-03-31T09:07:37.861+0000] {processor.py:914} INFO - Processing file /opt/airflow/dags/env/Scripts/pip3.exe for tasks to queue
[2025-03-31T09:07:37.867+0000] {logging_mixin.py:190} INFO - [2025-03-31T09:07:37.866+0000] {dagbag.py:588} INFO - Filling up the DagBag from /opt/airflow/dags/env/Scripts/pip3.exe
[2025-03-31T09:07:37.886+0000] {logging_mixin.py:190} INFO - [2025-03-31T09:07:37.885+0000] {dagbag.py:435} INFO - File /opt/airflow/dags/env/Scripts/pip3.exe:__main__.py assumed to contain no DAGs. Skipping.
[2025-03-31T09:07:37.888+0000] {processor.py:927} WARNING - No viable dags retrieved from /opt/airflow/dags/env/Scripts/pip3.exe
[2025-03-31T09:07:37.930+0000] {processor.py:208} INFO - Processing /opt/airflow/dags/env/Scripts/pip3.exe took 0.091 seconds
[2025-03-31T09:08:10.247+0000] {processor.py:186} INFO - Started process (PID=8619) to work on /opt/airflow/dags/env/Scripts/pip3.exe
[2025-03-31T09:08:10.249+0000] {processor.py:914} INFO - Processing file /opt/airflow/dags/env/Scripts/pip3.exe for tasks to queue
[2025-03-31T09:08:10.254+0000] {logging_mixin.py:190} INFO - [2025-03-31T09:08:10.254+0000] {dagbag.py:588} INFO - Filling up the DagBag from /opt/airflow/dags/env/Scripts/pip3.exe
[2025-03-31T09:08:10.269+0000] {logging_mixin.py:190} INFO - [2025-03-31T09:08:10.268+0000] {dagbag.py:435} INFO - File /opt/airflow/dags/env/Scripts/pip3.exe:__main__.py assumed to contain no DAGs. Skipping.
[2025-03-31T09:08:10.270+0000] {processor.py:927} WARNING - No viable dags retrieved from /opt/airflow/dags/env/Scripts/pip3.exe
[2025-03-31T09:08:10.306+0000] {processor.py:208} INFO - Processing /opt/airflow/dags/env/Scripts/pip3.exe took 0.066 seconds
[2025-03-31T09:09:07.380+0000] {processor.py:186} INFO - Started process (PID=8647) to work on /opt/airflow/dags/env/Scripts/pip3.exe
[2025-03-31T09:09:07.391+0000] {processor.py:914} INFO - Processing file /opt/airflow/dags/env/Scripts/pip3.exe for tasks to queue
[2025-03-31T09:09:07.396+0000] {logging_mixin.py:190} INFO - [2025-03-31T09:09:07.395+0000] {dagbag.py:588} INFO - Filling up the DagBag from /opt/airflow/dags/env/Scripts/pip3.exe
[2025-03-31T09:09:07.416+0000] {logging_mixin.py:190} INFO - [2025-03-31T09:09:07.415+0000] {dagbag.py:435} INFO - File /opt/airflow/dags/env/Scripts/pip3.exe:__main__.py assumed to contain no DAGs. Skipping.
[2025-03-31T09:09:07.417+0000] {processor.py:927} WARNING - No viable dags retrieved from /opt/airflow/dags/env/Scripts/pip3.exe
[2025-03-31T09:09:07.450+0000] {processor.py:208} INFO - Processing /opt/airflow/dags/env/Scripts/pip3.exe took 0.082 seconds
[2025-03-31T09:09:38.293+0000] {processor.py:186} INFO - Started process (PID=8671) to work on /opt/airflow/dags/env/Scripts/pip3.exe
[2025-03-31T09:09:38.295+0000] {processor.py:914} INFO - Processing file /opt/airflow/dags/env/Scripts/pip3.exe for tasks to queue
[2025-03-31T09:09:38.301+0000] {logging_mixin.py:190} INFO - [2025-03-31T09:09:38.300+0000] {dagbag.py:588} INFO - Filling up the DagBag from /opt/airflow/dags/env/Scripts/pip3.exe
[2025-03-31T09:09:38.319+0000] {logging_mixin.py:190} INFO - [2025-03-31T09:09:38.318+0000] {dagbag.py:435} INFO - File /opt/airflow/dags/env/Scripts/pip3.exe:__main__.py assumed to contain no DAGs. Skipping.
[2025-03-31T09:09:38.320+0000] {processor.py:927} WARNING - No viable dags retrieved from /opt/airflow/dags/env/Scripts/pip3.exe
[2025-03-31T09:09:38.356+0000] {processor.py:208} INFO - Processing /opt/airflow/dags/env/Scripts/pip3.exe took 0.075 seconds
[2025-03-31T09:12:33.435+0000] {processor.py:186} INFO - Started process (PID=8700) to work on /opt/airflow/dags/env/Scripts/pip3.exe
[2025-03-31T09:12:33.437+0000] {processor.py:914} INFO - Processing file /opt/airflow/dags/env/Scripts/pip3.exe for tasks to queue
[2025-03-31T09:12:33.442+0000] {logging_mixin.py:190} INFO - [2025-03-31T09:12:33.441+0000] {dagbag.py:588} INFO - Filling up the DagBag from /opt/airflow/dags/env/Scripts/pip3.exe
[2025-03-31T09:12:33.456+0000] {logging_mixin.py:190} INFO - [2025-03-31T09:12:33.455+0000] {dagbag.py:435} INFO - File /opt/airflow/dags/env/Scripts/pip3.exe:__main__.py assumed to contain no DAGs. Skipping.
[2025-03-31T09:12:33.457+0000] {processor.py:927} WARNING - No viable dags retrieved from /opt/airflow/dags/env/Scripts/pip3.exe
[2025-03-31T09:12:33.490+0000] {processor.py:208} INFO - Processing /opt/airflow/dags/env/Scripts/pip3.exe took 0.062 seconds
[2025-03-31T09:13:05.072+0000] {processor.py:186} INFO - Started process (PID=8724) to work on /opt/airflow/dags/env/Scripts/pip3.exe
[2025-03-31T09:13:05.075+0000] {processor.py:914} INFO - Processing file /opt/airflow/dags/env/Scripts/pip3.exe for tasks to queue
[2025-03-31T09:13:05.081+0000] {logging_mixin.py:190} INFO - [2025-03-31T09:13:05.080+0000] {dagbag.py:588} INFO - Filling up the DagBag from /opt/airflow/dags/env/Scripts/pip3.exe
[2025-03-31T09:13:05.101+0000] {logging_mixin.py:190} INFO - [2025-03-31T09:13:05.100+0000] {dagbag.py:435} INFO - File /opt/airflow/dags/env/Scripts/pip3.exe:__main__.py assumed to contain no DAGs. Skipping.
[2025-03-31T09:13:05.103+0000] {processor.py:927} WARNING - No viable dags retrieved from /opt/airflow/dags/env/Scripts/pip3.exe
[2025-03-31T09:13:05.142+0000] {processor.py:208} INFO - Processing /opt/airflow/dags/env/Scripts/pip3.exe took 0.095 seconds
[2025-03-31T09:13:59.366+0000] {processor.py:186} INFO - Started process (PID=8758) to work on /opt/airflow/dags/env/Scripts/pip3.exe
[2025-03-31T09:13:59.367+0000] {processor.py:914} INFO - Processing file /opt/airflow/dags/env/Scripts/pip3.exe for tasks to queue
[2025-03-31T09:13:59.371+0000] {logging_mixin.py:190} INFO - [2025-03-31T09:13:59.370+0000] {dagbag.py:588} INFO - Filling up the DagBag from /opt/airflow/dags/env/Scripts/pip3.exe
[2025-03-31T09:13:59.384+0000] {logging_mixin.py:190} INFO - [2025-03-31T09:13:59.384+0000] {dagbag.py:435} INFO - File /opt/airflow/dags/env/Scripts/pip3.exe:__main__.py assumed to contain no DAGs. Skipping.
[2025-03-31T09:13:59.385+0000] {processor.py:927} WARNING - No viable dags retrieved from /opt/airflow/dags/env/Scripts/pip3.exe
[2025-03-31T09:13:59.418+0000] {processor.py:208} INFO - Processing /opt/airflow/dags/env/Scripts/pip3.exe took 0.060 seconds
[2025-03-31T09:14:31.439+0000] {processor.py:186} INFO - Started process (PID=8782) to work on /opt/airflow/dags/env/Scripts/pip3.exe
[2025-03-31T09:14:31.441+0000] {processor.py:914} INFO - Processing file /opt/airflow/dags/env/Scripts/pip3.exe for tasks to queue
[2025-03-31T09:14:31.448+0000] {logging_mixin.py:190} INFO - [2025-03-31T09:14:31.447+0000] {dagbag.py:588} INFO - Filling up the DagBag from /opt/airflow/dags/env/Scripts/pip3.exe
[2025-03-31T09:14:31.463+0000] {logging_mixin.py:190} INFO - [2025-03-31T09:14:31.462+0000] {dagbag.py:435} INFO - File /opt/airflow/dags/env/Scripts/pip3.exe:__main__.py assumed to contain no DAGs. Skipping.
[2025-03-31T09:14:31.464+0000] {processor.py:927} WARNING - No viable dags retrieved from /opt/airflow/dags/env/Scripts/pip3.exe
[2025-03-31T09:14:31.508+0000] {processor.py:208} INFO - Processing /opt/airflow/dags/env/Scripts/pip3.exe took 0.081 seconds
[2025-03-31T09:17:35.529+0000] {processor.py:186} INFO - Started process (PID=8816) to work on /opt/airflow/dags/env/Scripts/pip3.exe
[2025-03-31T09:17:35.533+0000] {processor.py:914} INFO - Processing file /opt/airflow/dags/env/Scripts/pip3.exe for tasks to queue
[2025-03-31T09:17:35.544+0000] {logging_mixin.py:190} INFO - [2025-03-31T09:17:35.543+0000] {dagbag.py:588} INFO - Filling up the DagBag from /opt/airflow/dags/env/Scripts/pip3.exe
[2025-03-31T09:17:35.568+0000] {logging_mixin.py:190} INFO - [2025-03-31T09:17:35.567+0000] {dagbag.py:435} INFO - File /opt/airflow/dags/env/Scripts/pip3.exe:__main__.py assumed to contain no DAGs. Skipping.
[2025-03-31T09:17:35.570+0000] {processor.py:927} WARNING - No viable dags retrieved from /opt/airflow/dags/env/Scripts/pip3.exe
[2025-03-31T09:17:35.641+0000] {processor.py:208} INFO - Processing /opt/airflow/dags/env/Scripts/pip3.exe took 0.126 seconds
[2025-03-31T09:18:07.592+0000] {processor.py:186} INFO - Started process (PID=8840) to work on /opt/airflow/dags/env/Scripts/pip3.exe
[2025-03-31T09:18:07.595+0000] {processor.py:914} INFO - Processing file /opt/airflow/dags/env/Scripts/pip3.exe for tasks to queue
[2025-03-31T09:18:07.601+0000] {logging_mixin.py:190} INFO - [2025-03-31T09:18:07.600+0000] {dagbag.py:588} INFO - Filling up the DagBag from /opt/airflow/dags/env/Scripts/pip3.exe
[2025-03-31T09:18:07.621+0000] {logging_mixin.py:190} INFO - [2025-03-31T09:18:07.621+0000] {dagbag.py:435} INFO - File /opt/airflow/dags/env/Scripts/pip3.exe:__main__.py assumed to contain no DAGs. Skipping.
[2025-03-31T09:18:07.623+0000] {processor.py:927} WARNING - No viable dags retrieved from /opt/airflow/dags/env/Scripts/pip3.exe
[2025-03-31T09:18:07.658+0000] {processor.py:208} INFO - Processing /opt/airflow/dags/env/Scripts/pip3.exe took 0.079 seconds
[2025-03-31T09:18:59.906+0000] {processor.py:186} INFO - Started process (PID=8873) to work on /opt/airflow/dags/env/Scripts/pip3.exe
[2025-03-31T09:18:59.908+0000] {processor.py:914} INFO - Processing file /opt/airflow/dags/env/Scripts/pip3.exe for tasks to queue
[2025-03-31T09:18:59.914+0000] {logging_mixin.py:190} INFO - [2025-03-31T09:18:59.913+0000] {dagbag.py:588} INFO - Filling up the DagBag from /opt/airflow/dags/env/Scripts/pip3.exe
[2025-03-31T09:18:59.931+0000] {logging_mixin.py:190} INFO - [2025-03-31T09:18:59.930+0000] {dagbag.py:435} INFO - File /opt/airflow/dags/env/Scripts/pip3.exe:__main__.py assumed to contain no DAGs. Skipping.
[2025-03-31T09:18:59.932+0000] {processor.py:927} WARNING - No viable dags retrieved from /opt/airflow/dags/env/Scripts/pip3.exe
[2025-03-31T09:18:59.968+0000] {processor.py:208} INFO - Processing /opt/airflow/dags/env/Scripts/pip3.exe took 0.071 seconds
[2025-03-31T09:19:32.236+0000] {processor.py:186} INFO - Started process (PID=8897) to work on /opt/airflow/dags/env/Scripts/pip3.exe
[2025-03-31T09:19:32.238+0000] {processor.py:914} INFO - Processing file /opt/airflow/dags/env/Scripts/pip3.exe for tasks to queue
[2025-03-31T09:19:32.243+0000] {logging_mixin.py:190} INFO - [2025-03-31T09:19:32.242+0000] {dagbag.py:588} INFO - Filling up the DagBag from /opt/airflow/dags/env/Scripts/pip3.exe
[2025-03-31T09:19:32.259+0000] {logging_mixin.py:190} INFO - [2025-03-31T09:19:32.259+0000] {dagbag.py:435} INFO - File /opt/airflow/dags/env/Scripts/pip3.exe:__main__.py assumed to contain no DAGs. Skipping.
[2025-03-31T09:19:32.261+0000] {processor.py:927} WARNING - No viable dags retrieved from /opt/airflow/dags/env/Scripts/pip3.exe
[2025-03-31T09:19:32.619+0000] {processor.py:208} INFO - Processing /opt/airflow/dags/env/Scripts/pip3.exe took 0.393 seconds
[2025-03-31T09:22:39.712+0000] {processor.py:186} INFO - Started process (PID=8931) to work on /opt/airflow/dags/env/Scripts/pip3.exe
[2025-03-31T09:22:39.715+0000] {processor.py:914} INFO - Processing file /opt/airflow/dags/env/Scripts/pip3.exe for tasks to queue
[2025-03-31T09:22:39.719+0000] {logging_mixin.py:190} INFO - [2025-03-31T09:22:39.719+0000] {dagbag.py:588} INFO - Filling up the DagBag from /opt/airflow/dags/env/Scripts/pip3.exe
[2025-03-31T09:22:39.735+0000] {logging_mixin.py:190} INFO - [2025-03-31T09:22:39.734+0000] {dagbag.py:435} INFO - File /opt/airflow/dags/env/Scripts/pip3.exe:__main__.py assumed to contain no DAGs. Skipping.
[2025-03-31T09:22:39.736+0000] {processor.py:927} WARNING - No viable dags retrieved from /opt/airflow/dags/env/Scripts/pip3.exe
[2025-03-31T09:22:39.786+0000] {processor.py:208} INFO - Processing /opt/airflow/dags/env/Scripts/pip3.exe took 0.088 seconds
[2025-03-31T09:23:10.972+0000] {processor.py:186} INFO - Started process (PID=8955) to work on /opt/airflow/dags/env/Scripts/pip3.exe
[2025-03-31T09:23:10.974+0000] {processor.py:914} INFO - Processing file /opt/airflow/dags/env/Scripts/pip3.exe for tasks to queue
[2025-03-31T09:23:10.978+0000] {logging_mixin.py:190} INFO - [2025-03-31T09:23:10.977+0000] {dagbag.py:588} INFO - Filling up the DagBag from /opt/airflow/dags/env/Scripts/pip3.exe
[2025-03-31T09:23:10.992+0000] {logging_mixin.py:190} INFO - [2025-03-31T09:23:10.991+0000] {dagbag.py:435} INFO - File /opt/airflow/dags/env/Scripts/pip3.exe:__main__.py assumed to contain no DAGs. Skipping.
[2025-03-31T09:23:10.993+0000] {processor.py:927} WARNING - No viable dags retrieved from /opt/airflow/dags/env/Scripts/pip3.exe
[2025-03-31T09:23:11.022+0000] {processor.py:208} INFO - Processing /opt/airflow/dags/env/Scripts/pip3.exe took 0.060 seconds
[2025-03-31T09:24:02.648+0000] {processor.py:186} INFO - Started process (PID=8986) to work on /opt/airflow/dags/env/Scripts/pip3.exe
[2025-03-31T09:24:02.652+0000] {processor.py:914} INFO - Processing file /opt/airflow/dags/env/Scripts/pip3.exe for tasks to queue
[2025-03-31T09:24:02.658+0000] {logging_mixin.py:190} INFO - [2025-03-31T09:24:02.657+0000] {dagbag.py:588} INFO - Filling up the DagBag from /opt/airflow/dags/env/Scripts/pip3.exe
[2025-03-31T09:24:02.678+0000] {logging_mixin.py:190} INFO - [2025-03-31T09:24:02.677+0000] {dagbag.py:435} INFO - File /opt/airflow/dags/env/Scripts/pip3.exe:__main__.py assumed to contain no DAGs. Skipping.
[2025-03-31T09:24:02.680+0000] {processor.py:927} WARNING - No viable dags retrieved from /opt/airflow/dags/env/Scripts/pip3.exe
[2025-03-31T09:24:02.728+0000] {processor.py:208} INFO - Processing /opt/airflow/dags/env/Scripts/pip3.exe took 0.092 seconds
[2025-03-31T09:24:35.063+0000] {processor.py:186} INFO - Started process (PID=9010) to work on /opt/airflow/dags/env/Scripts/pip3.exe
[2025-03-31T09:24:35.076+0000] {processor.py:914} INFO - Processing file /opt/airflow/dags/env/Scripts/pip3.exe for tasks to queue
[2025-03-31T09:24:35.082+0000] {logging_mixin.py:190} INFO - [2025-03-31T09:24:35.081+0000] {dagbag.py:588} INFO - Filling up the DagBag from /opt/airflow/dags/env/Scripts/pip3.exe
[2025-03-31T09:24:35.111+0000] {logging_mixin.py:190} INFO - [2025-03-31T09:24:35.111+0000] {dagbag.py:435} INFO - File /opt/airflow/dags/env/Scripts/pip3.exe:__main__.py assumed to contain no DAGs. Skipping.
[2025-03-31T09:24:35.114+0000] {processor.py:927} WARNING - No viable dags retrieved from /opt/airflow/dags/env/Scripts/pip3.exe
[2025-03-31T09:24:35.189+0000] {processor.py:208} INFO - Processing /opt/airflow/dags/env/Scripts/pip3.exe took 0.148 seconds
[2025-03-31T09:27:38.285+0000] {processor.py:186} INFO - Started process (PID=9042) to work on /opt/airflow/dags/env/Scripts/pip3.exe
[2025-03-31T09:27:38.287+0000] {processor.py:914} INFO - Processing file /opt/airflow/dags/env/Scripts/pip3.exe for tasks to queue
[2025-03-31T09:27:38.291+0000] {logging_mixin.py:190} INFO - [2025-03-31T09:27:38.291+0000] {dagbag.py:588} INFO - Filling up the DagBag from /opt/airflow/dags/env/Scripts/pip3.exe
[2025-03-31T09:27:38.305+0000] {logging_mixin.py:190} INFO - [2025-03-31T09:27:38.305+0000] {dagbag.py:435} INFO - File /opt/airflow/dags/env/Scripts/pip3.exe:__main__.py assumed to contain no DAGs. Skipping.
[2025-03-31T09:27:38.307+0000] {processor.py:927} WARNING - No viable dags retrieved from /opt/airflow/dags/env/Scripts/pip3.exe
[2025-03-31T09:27:38.355+0000] {processor.py:208} INFO - Processing /opt/airflow/dags/env/Scripts/pip3.exe took 0.082 seconds
[2025-03-31T09:28:10.919+0000] {processor.py:186} INFO - Started process (PID=9066) to work on /opt/airflow/dags/env/Scripts/pip3.exe
[2025-03-31T09:28:10.922+0000] {processor.py:914} INFO - Processing file /opt/airflow/dags/env/Scripts/pip3.exe for tasks to queue
[2025-03-31T09:28:10.930+0000] {logging_mixin.py:190} INFO - [2025-03-31T09:28:10.928+0000] {dagbag.py:588} INFO - Filling up the DagBag from /opt/airflow/dags/env/Scripts/pip3.exe
[2025-03-31T09:28:10.954+0000] {logging_mixin.py:190} INFO - [2025-03-31T09:28:10.954+0000] {dagbag.py:435} INFO - File /opt/airflow/dags/env/Scripts/pip3.exe:__main__.py assumed to contain no DAGs. Skipping.
[2025-03-31T09:28:10.956+0000] {processor.py:927} WARNING - No viable dags retrieved from /opt/airflow/dags/env/Scripts/pip3.exe
[2025-03-31T09:28:10.997+0000] {processor.py:208} INFO - Processing /opt/airflow/dags/env/Scripts/pip3.exe took 0.092 seconds
[2025-03-31T09:29:03.715+0000] {processor.py:186} INFO - Started process (PID=9097) to work on /opt/airflow/dags/env/Scripts/pip3.exe
[2025-03-31T09:29:03.721+0000] {processor.py:914} INFO - Processing file /opt/airflow/dags/env/Scripts/pip3.exe for tasks to queue
[2025-03-31T09:29:03.729+0000] {logging_mixin.py:190} INFO - [2025-03-31T09:29:03.728+0000] {dagbag.py:588} INFO - Filling up the DagBag from /opt/airflow/dags/env/Scripts/pip3.exe
[2025-03-31T09:29:03.748+0000] {logging_mixin.py:190} INFO - [2025-03-31T09:29:03.748+0000] {dagbag.py:435} INFO - File /opt/airflow/dags/env/Scripts/pip3.exe:__main__.py assumed to contain no DAGs. Skipping.
[2025-03-31T09:29:03.751+0000] {processor.py:927} WARNING - No viable dags retrieved from /opt/airflow/dags/env/Scripts/pip3.exe
[2025-03-31T09:29:03.797+0000] {processor.py:208} INFO - Processing /opt/airflow/dags/env/Scripts/pip3.exe took 0.102 seconds
[2025-03-31T09:29:34.586+0000] {processor.py:186} INFO - Started process (PID=9121) to work on /opt/airflow/dags/env/Scripts/pip3.exe
[2025-03-31T09:29:34.588+0000] {processor.py:914} INFO - Processing file /opt/airflow/dags/env/Scripts/pip3.exe for tasks to queue
[2025-03-31T09:29:34.595+0000] {logging_mixin.py:190} INFO - [2025-03-31T09:29:34.593+0000] {dagbag.py:588} INFO - Filling up the DagBag from /opt/airflow/dags/env/Scripts/pip3.exe
[2025-03-31T09:29:34.619+0000] {logging_mixin.py:190} INFO - [2025-03-31T09:29:34.619+0000] {dagbag.py:435} INFO - File /opt/airflow/dags/env/Scripts/pip3.exe:__main__.py assumed to contain no DAGs. Skipping.
[2025-03-31T09:29:34.622+0000] {processor.py:927} WARNING - No viable dags retrieved from /opt/airflow/dags/env/Scripts/pip3.exe
[2025-03-31T09:29:34.665+0000] {processor.py:208} INFO - Processing /opt/airflow/dags/env/Scripts/pip3.exe took 0.101 seconds
[2025-03-31T09:32:37.969+0000] {processor.py:186} INFO - Started process (PID=9153) to work on /opt/airflow/dags/env/Scripts/pip3.exe
[2025-03-31T09:32:37.971+0000] {processor.py:914} INFO - Processing file /opt/airflow/dags/env/Scripts/pip3.exe for tasks to queue
[2025-03-31T09:32:37.977+0000] {logging_mixin.py:190} INFO - [2025-03-31T09:32:37.976+0000] {dagbag.py:588} INFO - Filling up the DagBag from /opt/airflow/dags/env/Scripts/pip3.exe
[2025-03-31T09:32:37.995+0000] {logging_mixin.py:190} INFO - [2025-03-31T09:32:37.995+0000] {dagbag.py:435} INFO - File /opt/airflow/dags/env/Scripts/pip3.exe:__main__.py assumed to contain no DAGs. Skipping.
[2025-03-31T09:32:37.997+0000] {processor.py:927} WARNING - No viable dags retrieved from /opt/airflow/dags/env/Scripts/pip3.exe
[2025-03-31T09:32:38.035+0000] {processor.py:208} INFO - Processing /opt/airflow/dags/env/Scripts/pip3.exe took 0.081 seconds
[2025-03-31T09:33:11.433+0000] {processor.py:186} INFO - Started process (PID=9177) to work on /opt/airflow/dags/env/Scripts/pip3.exe
[2025-03-31T09:33:11.434+0000] {processor.py:914} INFO - Processing file /opt/airflow/dags/env/Scripts/pip3.exe for tasks to queue
[2025-03-31T09:33:11.439+0000] {logging_mixin.py:190} INFO - [2025-03-31T09:33:11.438+0000] {dagbag.py:588} INFO - Filling up the DagBag from /opt/airflow/dags/env/Scripts/pip3.exe
[2025-03-31T09:33:11.453+0000] {logging_mixin.py:190} INFO - [2025-03-31T09:33:11.452+0000] {dagbag.py:435} INFO - File /opt/airflow/dags/env/Scripts/pip3.exe:__main__.py assumed to contain no DAGs. Skipping.
[2025-03-31T09:33:11.454+0000] {processor.py:927} WARNING - No viable dags retrieved from /opt/airflow/dags/env/Scripts/pip3.exe
[2025-03-31T09:33:11.485+0000] {processor.py:208} INFO - Processing /opt/airflow/dags/env/Scripts/pip3.exe took 0.064 seconds
[2025-03-31T09:34:04.652+0000] {processor.py:186} INFO - Started process (PID=9209) to work on /opt/airflow/dags/env/Scripts/pip3.exe
[2025-03-31T09:34:04.654+0000] {processor.py:914} INFO - Processing file /opt/airflow/dags/env/Scripts/pip3.exe for tasks to queue
[2025-03-31T09:34:04.661+0000] {logging_mixin.py:190} INFO - [2025-03-31T09:34:04.660+0000] {dagbag.py:588} INFO - Filling up the DagBag from /opt/airflow/dags/env/Scripts/pip3.exe
[2025-03-31T09:34:04.679+0000] {logging_mixin.py:190} INFO - [2025-03-31T09:34:04.679+0000] {dagbag.py:435} INFO - File /opt/airflow/dags/env/Scripts/pip3.exe:__main__.py assumed to contain no DAGs. Skipping.
[2025-03-31T09:34:04.681+0000] {processor.py:927} WARNING - No viable dags retrieved from /opt/airflow/dags/env/Scripts/pip3.exe
[2025-03-31T09:34:04.724+0000] {processor.py:208} INFO - Processing /opt/airflow/dags/env/Scripts/pip3.exe took 0.086 seconds
[2025-03-31T09:34:35.900+0000] {processor.py:186} INFO - Started process (PID=9233) to work on /opt/airflow/dags/env/Scripts/pip3.exe
[2025-03-31T09:34:35.902+0000] {processor.py:914} INFO - Processing file /opt/airflow/dags/env/Scripts/pip3.exe for tasks to queue
[2025-03-31T09:34:35.907+0000] {logging_mixin.py:190} INFO - [2025-03-31T09:34:35.906+0000] {dagbag.py:588} INFO - Filling up the DagBag from /opt/airflow/dags/env/Scripts/pip3.exe
[2025-03-31T09:34:35.921+0000] {logging_mixin.py:190} INFO - [2025-03-31T09:34:35.921+0000] {dagbag.py:435} INFO - File /opt/airflow/dags/env/Scripts/pip3.exe:__main__.py assumed to contain no DAGs. Skipping.
[2025-03-31T09:34:35.923+0000] {processor.py:927} WARNING - No viable dags retrieved from /opt/airflow/dags/env/Scripts/pip3.exe
[2025-03-31T09:34:35.952+0000] {processor.py:208} INFO - Processing /opt/airflow/dags/env/Scripts/pip3.exe took 0.062 seconds
[2025-03-31T09:37:46.473+0000] {processor.py:186} INFO - Started process (PID=9266) to work on /opt/airflow/dags/env/Scripts/pip3.exe
[2025-03-31T09:37:46.475+0000] {processor.py:914} INFO - Processing file /opt/airflow/dags/env/Scripts/pip3.exe for tasks to queue
[2025-03-31T09:37:46.479+0000] {logging_mixin.py:190} INFO - [2025-03-31T09:37:46.479+0000] {dagbag.py:588} INFO - Filling up the DagBag from /opt/airflow/dags/env/Scripts/pip3.exe
[2025-03-31T09:37:46.494+0000] {logging_mixin.py:190} INFO - [2025-03-31T09:37:46.494+0000] {dagbag.py:435} INFO - File /opt/airflow/dags/env/Scripts/pip3.exe:__main__.py assumed to contain no DAGs. Skipping.
[2025-03-31T09:37:46.496+0000] {processor.py:927} WARNING - No viable dags retrieved from /opt/airflow/dags/env/Scripts/pip3.exe
[2025-03-31T09:37:46.526+0000] {processor.py:208} INFO - Processing /opt/airflow/dags/env/Scripts/pip3.exe took 0.064 seconds
[2025-03-31T09:38:18.871+0000] {processor.py:186} INFO - Started process (PID=9290) to work on /opt/airflow/dags/env/Scripts/pip3.exe
[2025-03-31T09:38:18.873+0000] {processor.py:914} INFO - Processing file /opt/airflow/dags/env/Scripts/pip3.exe for tasks to queue
[2025-03-31T09:38:18.878+0000] {logging_mixin.py:190} INFO - [2025-03-31T09:38:18.877+0000] {dagbag.py:588} INFO - Filling up the DagBag from /opt/airflow/dags/env/Scripts/pip3.exe
[2025-03-31T09:38:18.892+0000] {logging_mixin.py:190} INFO - [2025-03-31T09:38:18.892+0000] {dagbag.py:435} INFO - File /opt/airflow/dags/env/Scripts/pip3.exe:__main__.py assumed to contain no DAGs. Skipping.
[2025-03-31T09:38:18.894+0000] {processor.py:927} WARNING - No viable dags retrieved from /opt/airflow/dags/env/Scripts/pip3.exe
[2025-03-31T09:38:18.923+0000] {processor.py:208} INFO - Processing /opt/airflow/dags/env/Scripts/pip3.exe took 0.063 seconds
[2025-03-31T09:39:12.371+0000] {processor.py:186} INFO - Started process (PID=9316) to work on /opt/airflow/dags/env/Scripts/pip3.exe
[2025-03-31T09:39:12.373+0000] {processor.py:914} INFO - Processing file /opt/airflow/dags/env/Scripts/pip3.exe for tasks to queue
[2025-03-31T09:39:12.377+0000] {logging_mixin.py:190} INFO - [2025-03-31T09:39:12.377+0000] {dagbag.py:588} INFO - Filling up the DagBag from /opt/airflow/dags/env/Scripts/pip3.exe
[2025-03-31T09:39:12.392+0000] {logging_mixin.py:190} INFO - [2025-03-31T09:39:12.391+0000] {dagbag.py:435} INFO - File /opt/airflow/dags/env/Scripts/pip3.exe:__main__.py assumed to contain no DAGs. Skipping.
[2025-03-31T09:39:12.393+0000] {processor.py:927} WARNING - No viable dags retrieved from /opt/airflow/dags/env/Scripts/pip3.exe
[2025-03-31T09:39:12.423+0000] {processor.py:208} INFO - Processing /opt/airflow/dags/env/Scripts/pip3.exe took 0.062 seconds
[2025-03-31T09:39:43.423+0000] {processor.py:186} INFO - Started process (PID=9340) to work on /opt/airflow/dags/env/Scripts/pip3.exe
[2025-03-31T09:39:43.425+0000] {processor.py:914} INFO - Processing file /opt/airflow/dags/env/Scripts/pip3.exe for tasks to queue
[2025-03-31T09:39:43.431+0000] {logging_mixin.py:190} INFO - [2025-03-31T09:39:43.430+0000] {dagbag.py:588} INFO - Filling up the DagBag from /opt/airflow/dags/env/Scripts/pip3.exe
[2025-03-31T09:39:43.449+0000] {logging_mixin.py:190} INFO - [2025-03-31T09:39:43.448+0000] {dagbag.py:435} INFO - File /opt/airflow/dags/env/Scripts/pip3.exe:__main__.py assumed to contain no DAGs. Skipping.
[2025-03-31T09:39:43.450+0000] {processor.py:927} WARNING - No viable dags retrieved from /opt/airflow/dags/env/Scripts/pip3.exe
[2025-03-31T09:39:43.488+0000] {processor.py:208} INFO - Processing /opt/airflow/dags/env/Scripts/pip3.exe took 0.078 seconds
[2025-03-31T09:42:49.904+0000] {processor.py:186} INFO - Started process (PID=9367) to work on /opt/airflow/dags/env/Scripts/pip3.exe
[2025-03-31T09:42:49.906+0000] {processor.py:914} INFO - Processing file /opt/airflow/dags/env/Scripts/pip3.exe for tasks to queue
[2025-03-31T09:42:49.910+0000] {logging_mixin.py:190} INFO - [2025-03-31T09:42:49.910+0000] {dagbag.py:588} INFO - Filling up the DagBag from /opt/airflow/dags/env/Scripts/pip3.exe
[2025-03-31T09:42:49.925+0000] {logging_mixin.py:190} INFO - [2025-03-31T09:42:49.925+0000] {dagbag.py:435} INFO - File /opt/airflow/dags/env/Scripts/pip3.exe:__main__.py assumed to contain no DAGs. Skipping.
[2025-03-31T09:42:49.927+0000] {processor.py:927} WARNING - No viable dags retrieved from /opt/airflow/dags/env/Scripts/pip3.exe
[2025-03-31T09:42:49.958+0000] {processor.py:208} INFO - Processing /opt/airflow/dags/env/Scripts/pip3.exe took 0.065 seconds
[2025-03-31T09:43:20.821+0000] {processor.py:186} INFO - Started process (PID=9391) to work on /opt/airflow/dags/env/Scripts/pip3.exe
[2025-03-31T09:43:20.822+0000] {processor.py:914} INFO - Processing file /opt/airflow/dags/env/Scripts/pip3.exe for tasks to queue
[2025-03-31T09:43:20.826+0000] {logging_mixin.py:190} INFO - [2025-03-31T09:43:20.826+0000] {dagbag.py:588} INFO - Filling up the DagBag from /opt/airflow/dags/env/Scripts/pip3.exe
[2025-03-31T09:43:20.841+0000] {logging_mixin.py:190} INFO - [2025-03-31T09:43:20.841+0000] {dagbag.py:435} INFO - File /opt/airflow/dags/env/Scripts/pip3.exe:__main__.py assumed to contain no DAGs. Skipping.
[2025-03-31T09:43:20.842+0000] {processor.py:927} WARNING - No viable dags retrieved from /opt/airflow/dags/env/Scripts/pip3.exe
[2025-03-31T09:43:21.172+0000] {processor.py:208} INFO - Processing /opt/airflow/dags/env/Scripts/pip3.exe took 0.362 seconds
[2025-03-31T09:44:13.172+0000] {processor.py:186} INFO - Started process (PID=9417) to work on /opt/airflow/dags/env/Scripts/pip3.exe
[2025-03-31T09:44:13.174+0000] {processor.py:914} INFO - Processing file /opt/airflow/dags/env/Scripts/pip3.exe for tasks to queue
[2025-03-31T09:44:13.190+0000] {logging_mixin.py:190} INFO - [2025-03-31T09:44:13.188+0000] {dagbag.py:588} INFO - Filling up the DagBag from /opt/airflow/dags/env/Scripts/pip3.exe
[2025-03-31T09:44:13.211+0000] {logging_mixin.py:190} INFO - [2025-03-31T09:44:13.211+0000] {dagbag.py:435} INFO - File /opt/airflow/dags/env/Scripts/pip3.exe:__main__.py assumed to contain no DAGs. Skipping.
[2025-03-31T09:44:13.217+0000] {processor.py:927} WARNING - No viable dags retrieved from /opt/airflow/dags/env/Scripts/pip3.exe
[2025-03-31T09:44:13.268+0000] {processor.py:208} INFO - Processing /opt/airflow/dags/env/Scripts/pip3.exe took 0.113 seconds
[2025-03-31T09:44:44.704+0000] {processor.py:186} INFO - Started process (PID=9441) to work on /opt/airflow/dags/env/Scripts/pip3.exe
[2025-03-31T09:44:44.706+0000] {processor.py:914} INFO - Processing file /opt/airflow/dags/env/Scripts/pip3.exe for tasks to queue
[2025-03-31T09:44:44.713+0000] {logging_mixin.py:190} INFO - [2025-03-31T09:44:44.712+0000] {dagbag.py:588} INFO - Filling up the DagBag from /opt/airflow/dags/env/Scripts/pip3.exe
[2025-03-31T09:44:44.731+0000] {logging_mixin.py:190} INFO - [2025-03-31T09:44:44.731+0000] {dagbag.py:435} INFO - File /opt/airflow/dags/env/Scripts/pip3.exe:__main__.py assumed to contain no DAGs. Skipping.
[2025-03-31T09:44:44.733+0000] {processor.py:927} WARNING - No viable dags retrieved from /opt/airflow/dags/env/Scripts/pip3.exe
[2025-03-31T09:44:44.784+0000] {processor.py:208} INFO - Processing /opt/airflow/dags/env/Scripts/pip3.exe took 0.091 seconds
[2025-03-31T09:47:46.028+0000] {processor.py:186} INFO - Started process (PID=9467) to work on /opt/airflow/dags/env/Scripts/pip3.exe
[2025-03-31T09:47:46.030+0000] {processor.py:914} INFO - Processing file /opt/airflow/dags/env/Scripts/pip3.exe for tasks to queue
[2025-03-31T09:47:46.044+0000] {logging_mixin.py:190} INFO - [2025-03-31T09:47:46.043+0000] {dagbag.py:588} INFO - Filling up the DagBag from /opt/airflow/dags/env/Scripts/pip3.exe
[2025-03-31T09:47:46.063+0000] {logging_mixin.py:190} INFO - [2025-03-31T09:47:46.062+0000] {dagbag.py:435} INFO - File /opt/airflow/dags/env/Scripts/pip3.exe:__main__.py assumed to contain no DAGs. Skipping.
[2025-03-31T09:47:46.064+0000] {processor.py:927} WARNING - No viable dags retrieved from /opt/airflow/dags/env/Scripts/pip3.exe
[2025-03-31T09:47:46.130+0000] {processor.py:208} INFO - Processing /opt/airflow/dags/env/Scripts/pip3.exe took 0.116 seconds
[2025-03-31T09:48:18.304+0000] {processor.py:186} INFO - Started process (PID=9491) to work on /opt/airflow/dags/env/Scripts/pip3.exe
[2025-03-31T09:48:18.306+0000] {processor.py:914} INFO - Processing file /opt/airflow/dags/env/Scripts/pip3.exe for tasks to queue
[2025-03-31T09:48:18.310+0000] {logging_mixin.py:190} INFO - [2025-03-31T09:48:18.310+0000] {dagbag.py:588} INFO - Filling up the DagBag from /opt/airflow/dags/env/Scripts/pip3.exe
[2025-03-31T09:48:18.325+0000] {logging_mixin.py:190} INFO - [2025-03-31T09:48:18.325+0000] {dagbag.py:435} INFO - File /opt/airflow/dags/env/Scripts/pip3.exe:__main__.py assumed to contain no DAGs. Skipping.
[2025-03-31T09:48:18.326+0000] {processor.py:927} WARNING - No viable dags retrieved from /opt/airflow/dags/env/Scripts/pip3.exe
[2025-03-31T09:48:18.357+0000] {processor.py:208} INFO - Processing /opt/airflow/dags/env/Scripts/pip3.exe took 0.069 seconds
[2025-03-31T09:49:05.384+0000] {processor.py:186} INFO - Started process (PID=9519) to work on /opt/airflow/dags/env/Scripts/pip3.exe
[2025-03-31T09:49:05.385+0000] {processor.py:914} INFO - Processing file /opt/airflow/dags/env/Scripts/pip3.exe for tasks to queue
[2025-03-31T09:49:05.390+0000] {logging_mixin.py:190} INFO - [2025-03-31T09:49:05.390+0000] {dagbag.py:588} INFO - Filling up the DagBag from /opt/airflow/dags/env/Scripts/pip3.exe
[2025-03-31T09:49:05.407+0000] {logging_mixin.py:190} INFO - [2025-03-31T09:49:05.407+0000] {dagbag.py:435} INFO - File /opt/airflow/dags/env/Scripts/pip3.exe:__main__.py assumed to contain no DAGs. Skipping.
[2025-03-31T09:49:05.409+0000] {processor.py:927} WARNING - No viable dags retrieved from /opt/airflow/dags/env/Scripts/pip3.exe
[2025-03-31T09:49:05.448+0000] {processor.py:208} INFO - Processing /opt/airflow/dags/env/Scripts/pip3.exe took 0.076 seconds
[2025-03-31T09:49:36.330+0000] {processor.py:186} INFO - Started process (PID=9543) to work on /opt/airflow/dags/env/Scripts/pip3.exe
[2025-03-31T09:49:36.332+0000] {processor.py:914} INFO - Processing file /opt/airflow/dags/env/Scripts/pip3.exe for tasks to queue
[2025-03-31T09:49:36.338+0000] {logging_mixin.py:190} INFO - [2025-03-31T09:49:36.337+0000] {dagbag.py:588} INFO - Filling up the DagBag from /opt/airflow/dags/env/Scripts/pip3.exe
[2025-03-31T09:49:36.353+0000] {logging_mixin.py:190} INFO - [2025-03-31T09:49:36.352+0000] {dagbag.py:435} INFO - File /opt/airflow/dags/env/Scripts/pip3.exe:__main__.py assumed to contain no DAGs. Skipping.
[2025-03-31T09:49:36.354+0000] {processor.py:927} WARNING - No viable dags retrieved from /opt/airflow/dags/env/Scripts/pip3.exe
[2025-03-31T09:49:36.384+0000] {processor.py:208} INFO - Processing /opt/airflow/dags/env/Scripts/pip3.exe took 0.065 seconds
[2025-03-31T09:52:38.971+0000] {processor.py:186} INFO - Started process (PID=9575) to work on /opt/airflow/dags/env/Scripts/pip3.exe
[2025-03-31T09:52:38.973+0000] {processor.py:914} INFO - Processing file /opt/airflow/dags/env/Scripts/pip3.exe for tasks to queue
[2025-03-31T09:52:38.978+0000] {logging_mixin.py:190} INFO - [2025-03-31T09:52:38.977+0000] {dagbag.py:588} INFO - Filling up the DagBag from /opt/airflow/dags/env/Scripts/pip3.exe
[2025-03-31T09:52:38.995+0000] {logging_mixin.py:190} INFO - [2025-03-31T09:52:38.995+0000] {dagbag.py:435} INFO - File /opt/airflow/dags/env/Scripts/pip3.exe:__main__.py assumed to contain no DAGs. Skipping.
[2025-03-31T09:52:38.997+0000] {processor.py:927} WARNING - No viable dags retrieved from /opt/airflow/dags/env/Scripts/pip3.exe
[2025-03-31T09:52:39.033+0000] {processor.py:208} INFO - Processing /opt/airflow/dags/env/Scripts/pip3.exe took 0.075 seconds
[2025-03-31T09:53:10.890+0000] {processor.py:186} INFO - Started process (PID=9599) to work on /opt/airflow/dags/env/Scripts/pip3.exe
[2025-03-31T09:53:10.892+0000] {processor.py:914} INFO - Processing file /opt/airflow/dags/env/Scripts/pip3.exe for tasks to queue
[2025-03-31T09:53:10.897+0000] {logging_mixin.py:190} INFO - [2025-03-31T09:53:10.896+0000] {dagbag.py:588} INFO - Filling up the DagBag from /opt/airflow/dags/env/Scripts/pip3.exe
[2025-03-31T09:53:10.910+0000] {logging_mixin.py:190} INFO - [2025-03-31T09:53:10.910+0000] {dagbag.py:435} INFO - File /opt/airflow/dags/env/Scripts/pip3.exe:__main__.py assumed to contain no DAGs. Skipping.
[2025-03-31T09:53:10.912+0000] {processor.py:927} WARNING - No viable dags retrieved from /opt/airflow/dags/env/Scripts/pip3.exe
[2025-03-31T09:53:10.942+0000] {processor.py:208} INFO - Processing /opt/airflow/dags/env/Scripts/pip3.exe took 0.060 seconds
[2025-03-31T09:54:03.254+0000] {processor.py:186} INFO - Started process (PID=9634) to work on /opt/airflow/dags/env/Scripts/pip3.exe
[2025-03-31T09:54:03.256+0000] {processor.py:914} INFO - Processing file /opt/airflow/dags/env/Scripts/pip3.exe for tasks to queue
[2025-03-31T09:54:03.260+0000] {logging_mixin.py:190} INFO - [2025-03-31T09:54:03.259+0000] {dagbag.py:588} INFO - Filling up the DagBag from /opt/airflow/dags/env/Scripts/pip3.exe
[2025-03-31T09:54:03.275+0000] {logging_mixin.py:190} INFO - [2025-03-31T09:54:03.275+0000] {dagbag.py:435} INFO - File /opt/airflow/dags/env/Scripts/pip3.exe:__main__.py assumed to contain no DAGs. Skipping.
[2025-03-31T09:54:03.277+0000] {processor.py:927} WARNING - No viable dags retrieved from /opt/airflow/dags/env/Scripts/pip3.exe
[2025-03-31T09:54:03.309+0000] {processor.py:208} INFO - Processing /opt/airflow/dags/env/Scripts/pip3.exe took 0.066 seconds
[2025-03-31T09:54:34.844+0000] {processor.py:186} INFO - Started process (PID=9658) to work on /opt/airflow/dags/env/Scripts/pip3.exe
[2025-03-31T09:54:34.846+0000] {processor.py:914} INFO - Processing file /opt/airflow/dags/env/Scripts/pip3.exe for tasks to queue
[2025-03-31T09:54:34.851+0000] {logging_mixin.py:190} INFO - [2025-03-31T09:54:34.850+0000] {dagbag.py:588} INFO - Filling up the DagBag from /opt/airflow/dags/env/Scripts/pip3.exe
[2025-03-31T09:54:34.865+0000] {logging_mixin.py:190} INFO - [2025-03-31T09:54:34.865+0000] {dagbag.py:435} INFO - File /opt/airflow/dags/env/Scripts/pip3.exe:__main__.py assumed to contain no DAGs. Skipping.
[2025-03-31T09:54:34.867+0000] {processor.py:927} WARNING - No viable dags retrieved from /opt/airflow/dags/env/Scripts/pip3.exe
[2025-03-31T09:54:34.896+0000] {processor.py:208} INFO - Processing /opt/airflow/dags/env/Scripts/pip3.exe took 0.063 seconds
[2025-03-31T09:57:42.052+0000] {processor.py:186} INFO - Started process (PID=9693) to work on /opt/airflow/dags/env/Scripts/pip3.exe
[2025-03-31T09:57:42.055+0000] {processor.py:914} INFO - Processing file /opt/airflow/dags/env/Scripts/pip3.exe for tasks to queue
[2025-03-31T09:57:42.065+0000] {logging_mixin.py:190} INFO - [2025-03-31T09:57:42.063+0000] {dagbag.py:588} INFO - Filling up the DagBag from /opt/airflow/dags/env/Scripts/pip3.exe
[2025-03-31T09:57:42.081+0000] {logging_mixin.py:190} INFO - [2025-03-31T09:57:42.080+0000] {dagbag.py:435} INFO - File /opt/airflow/dags/env/Scripts/pip3.exe:__main__.py assumed to contain no DAGs. Skipping.
[2025-03-31T09:57:42.082+0000] {processor.py:927} WARNING - No viable dags retrieved from /opt/airflow/dags/env/Scripts/pip3.exe
[2025-03-31T09:57:42.111+0000] {processor.py:208} INFO - Processing /opt/airflow/dags/env/Scripts/pip3.exe took 0.080 seconds
[2025-03-31T09:58:13.905+0000] {processor.py:186} INFO - Started process (PID=9717) to work on /opt/airflow/dags/env/Scripts/pip3.exe
[2025-03-31T09:58:13.907+0000] {processor.py:914} INFO - Processing file /opt/airflow/dags/env/Scripts/pip3.exe for tasks to queue
[2025-03-31T09:58:13.912+0000] {logging_mixin.py:190} INFO - [2025-03-31T09:58:13.911+0000] {dagbag.py:588} INFO - Filling up the DagBag from /opt/airflow/dags/env/Scripts/pip3.exe
[2025-03-31T09:58:13.926+0000] {logging_mixin.py:190} INFO - [2025-03-31T09:58:13.925+0000] {dagbag.py:435} INFO - File /opt/airflow/dags/env/Scripts/pip3.exe:__main__.py assumed to contain no DAGs. Skipping.
[2025-03-31T09:58:13.927+0000] {processor.py:927} WARNING - No viable dags retrieved from /opt/airflow/dags/env/Scripts/pip3.exe
[2025-03-31T09:58:13.957+0000] {processor.py:208} INFO - Processing /opt/airflow/dags/env/Scripts/pip3.exe took 0.066 seconds
[2025-03-31T09:59:03.311+0000] {processor.py:186} INFO - Started process (PID=9750) to work on /opt/airflow/dags/env/Scripts/pip3.exe
[2025-03-31T09:59:03.313+0000] {processor.py:914} INFO - Processing file /opt/airflow/dags/env/Scripts/pip3.exe for tasks to queue
[2025-03-31T09:59:03.317+0000] {logging_mixin.py:190} INFO - [2025-03-31T09:59:03.316+0000] {dagbag.py:588} INFO - Filling up the DagBag from /opt/airflow/dags/env/Scripts/pip3.exe
[2025-03-31T09:59:03.331+0000] {logging_mixin.py:190} INFO - [2025-03-31T09:59:03.330+0000] {dagbag.py:435} INFO - File /opt/airflow/dags/env/Scripts/pip3.exe:__main__.py assumed to contain no DAGs. Skipping.
[2025-03-31T09:59:03.332+0000] {processor.py:927} WARNING - No viable dags retrieved from /opt/airflow/dags/env/Scripts/pip3.exe
[2025-03-31T09:59:03.361+0000] {processor.py:208} INFO - Processing /opt/airflow/dags/env/Scripts/pip3.exe took 0.060 seconds
[2025-03-31T09:59:36.379+0000] {processor.py:186} INFO - Started process (PID=9774) to work on /opt/airflow/dags/env/Scripts/pip3.exe
[2025-03-31T09:59:36.380+0000] {processor.py:914} INFO - Processing file /opt/airflow/dags/env/Scripts/pip3.exe for tasks to queue
[2025-03-31T09:59:36.387+0000] {logging_mixin.py:190} INFO - [2025-03-31T09:59:36.386+0000] {dagbag.py:588} INFO - Filling up the DagBag from /opt/airflow/dags/env/Scripts/pip3.exe
[2025-03-31T09:59:36.403+0000] {logging_mixin.py:190} INFO - [2025-03-31T09:59:36.403+0000] {dagbag.py:435} INFO - File /opt/airflow/dags/env/Scripts/pip3.exe:__main__.py assumed to contain no DAGs. Skipping.
[2025-03-31T09:59:36.405+0000] {processor.py:927} WARNING - No viable dags retrieved from /opt/airflow/dags/env/Scripts/pip3.exe
[2025-03-31T09:59:36.446+0000] {processor.py:208} INFO - Processing /opt/airflow/dags/env/Scripts/pip3.exe took 0.078 seconds
[2025-03-31T10:02:43.073+0000] {processor.py:186} INFO - Started process (PID=9809) to work on /opt/airflow/dags/env/Scripts/pip3.exe
[2025-03-31T10:02:43.075+0000] {processor.py:914} INFO - Processing file /opt/airflow/dags/env/Scripts/pip3.exe for tasks to queue
[2025-03-31T10:02:43.080+0000] {logging_mixin.py:190} INFO - [2025-03-31T10:02:43.079+0000] {dagbag.py:588} INFO - Filling up the DagBag from /opt/airflow/dags/env/Scripts/pip3.exe
[2025-03-31T10:02:43.093+0000] {logging_mixin.py:190} INFO - [2025-03-31T10:02:43.092+0000] {dagbag.py:435} INFO - File /opt/airflow/dags/env/Scripts/pip3.exe:__main__.py assumed to contain no DAGs. Skipping.
[2025-03-31T10:02:43.096+0000] {processor.py:927} WARNING - No viable dags retrieved from /opt/airflow/dags/env/Scripts/pip3.exe
[2025-03-31T10:02:43.129+0000] {processor.py:208} INFO - Processing /opt/airflow/dags/env/Scripts/pip3.exe took 0.066 seconds
[2025-03-31T10:03:15.299+0000] {processor.py:186} INFO - Started process (PID=9833) to work on /opt/airflow/dags/env/Scripts/pip3.exe
[2025-03-31T10:03:15.301+0000] {processor.py:914} INFO - Processing file /opt/airflow/dags/env/Scripts/pip3.exe for tasks to queue
[2025-03-31T10:03:15.306+0000] {logging_mixin.py:190} INFO - [2025-03-31T10:03:15.305+0000] {dagbag.py:588} INFO - Filling up the DagBag from /opt/airflow/dags/env/Scripts/pip3.exe
[2025-03-31T10:03:15.328+0000] {logging_mixin.py:190} INFO - [2025-03-31T10:03:15.327+0000] {dagbag.py:435} INFO - File /opt/airflow/dags/env/Scripts/pip3.exe:__main__.py assumed to contain no DAGs. Skipping.
[2025-03-31T10:03:15.330+0000] {processor.py:927} WARNING - No viable dags retrieved from /opt/airflow/dags/env/Scripts/pip3.exe
[2025-03-31T10:03:15.366+0000] {processor.py:208} INFO - Processing /opt/airflow/dags/env/Scripts/pip3.exe took 0.078 seconds
[2025-03-31T10:04:04.545+0000] {processor.py:186} INFO - Started process (PID=9866) to work on /opt/airflow/dags/env/Scripts/pip3.exe
[2025-03-31T10:04:04.547+0000] {processor.py:914} INFO - Processing file /opt/airflow/dags/env/Scripts/pip3.exe for tasks to queue
[2025-03-31T10:04:04.551+0000] {logging_mixin.py:190} INFO - [2025-03-31T10:04:04.550+0000] {dagbag.py:588} INFO - Filling up the DagBag from /opt/airflow/dags/env/Scripts/pip3.exe
[2025-03-31T10:04:04.565+0000] {logging_mixin.py:190} INFO - [2025-03-31T10:04:04.564+0000] {dagbag.py:435} INFO - File /opt/airflow/dags/env/Scripts/pip3.exe:__main__.py assumed to contain no DAGs. Skipping.
[2025-03-31T10:04:04.566+0000] {processor.py:927} WARNING - No viable dags retrieved from /opt/airflow/dags/env/Scripts/pip3.exe
[2025-03-31T10:04:04.594+0000] {processor.py:208} INFO - Processing /opt/airflow/dags/env/Scripts/pip3.exe took 0.060 seconds
[2025-03-31T10:04:38.292+0000] {processor.py:186} INFO - Started process (PID=9890) to work on /opt/airflow/dags/env/Scripts/pip3.exe
[2025-03-31T10:04:38.294+0000] {processor.py:914} INFO - Processing file /opt/airflow/dags/env/Scripts/pip3.exe for tasks to queue
[2025-03-31T10:04:38.299+0000] {logging_mixin.py:190} INFO - [2025-03-31T10:04:38.298+0000] {dagbag.py:588} INFO - Filling up the DagBag from /opt/airflow/dags/env/Scripts/pip3.exe
[2025-03-31T10:04:38.314+0000] {logging_mixin.py:190} INFO - [2025-03-31T10:04:38.314+0000] {dagbag.py:435} INFO - File /opt/airflow/dags/env/Scripts/pip3.exe:__main__.py assumed to contain no DAGs. Skipping.
[2025-03-31T10:04:38.316+0000] {processor.py:927} WARNING - No viable dags retrieved from /opt/airflow/dags/env/Scripts/pip3.exe
[2025-03-31T10:04:38.351+0000] {processor.py:208} INFO - Processing /opt/airflow/dags/env/Scripts/pip3.exe took 0.069 seconds
[2025-03-31T10:07:48.018+0000] {processor.py:186} INFO - Started process (PID=9924) to work on /opt/airflow/dags/env/Scripts/pip3.exe
[2025-03-31T10:07:48.020+0000] {processor.py:914} INFO - Processing file /opt/airflow/dags/env/Scripts/pip3.exe for tasks to queue
[2025-03-31T10:07:48.025+0000] {logging_mixin.py:190} INFO - [2025-03-31T10:07:48.025+0000] {dagbag.py:588} INFO - Filling up the DagBag from /opt/airflow/dags/env/Scripts/pip3.exe
[2025-03-31T10:07:48.040+0000] {logging_mixin.py:190} INFO - [2025-03-31T10:07:48.040+0000] {dagbag.py:435} INFO - File /opt/airflow/dags/env/Scripts/pip3.exe:__main__.py assumed to contain no DAGs. Skipping.
[2025-03-31T10:07:48.041+0000] {processor.py:927} WARNING - No viable dags retrieved from /opt/airflow/dags/env/Scripts/pip3.exe
[2025-03-31T10:07:48.075+0000] {processor.py:208} INFO - Processing /opt/airflow/dags/env/Scripts/pip3.exe took 0.070 seconds
[2025-03-31T10:08:19.559+0000] {processor.py:186} INFO - Started process (PID=9948) to work on /opt/airflow/dags/env/Scripts/pip3.exe
[2025-03-31T10:08:19.561+0000] {processor.py:914} INFO - Processing file /opt/airflow/dags/env/Scripts/pip3.exe for tasks to queue
[2025-03-31T10:08:19.571+0000] {logging_mixin.py:190} INFO - [2025-03-31T10:08:19.570+0000] {dagbag.py:588} INFO - Filling up the DagBag from /opt/airflow/dags/env/Scripts/pip3.exe
[2025-03-31T10:08:19.590+0000] {logging_mixin.py:190} INFO - [2025-03-31T10:08:19.589+0000] {dagbag.py:435} INFO - File /opt/airflow/dags/env/Scripts/pip3.exe:__main__.py assumed to contain no DAGs. Skipping.
[2025-03-31T10:08:19.591+0000] {processor.py:927} WARNING - No viable dags retrieved from /opt/airflow/dags/env/Scripts/pip3.exe
[2025-03-31T10:08:19.636+0000] {processor.py:208} INFO - Processing /opt/airflow/dags/env/Scripts/pip3.exe took 0.094 seconds
[2025-03-31T10:09:06.214+0000] {processor.py:186} INFO - Started process (PID=9977) to work on /opt/airflow/dags/env/Scripts/pip3.exe
[2025-03-31T10:09:06.217+0000] {processor.py:914} INFO - Processing file /opt/airflow/dags/env/Scripts/pip3.exe for tasks to queue
[2025-03-31T10:09:06.226+0000] {logging_mixin.py:190} INFO - [2025-03-31T10:09:06.224+0000] {dagbag.py:588} INFO - Filling up the DagBag from /opt/airflow/dags/env/Scripts/pip3.exe
[2025-03-31T10:09:06.305+0000] {logging_mixin.py:190} INFO - [2025-03-31T10:09:06.304+0000] {dagbag.py:435} INFO - File /opt/airflow/dags/env/Scripts/pip3.exe:__main__.py assumed to contain no DAGs. Skipping.
[2025-03-31T10:09:06.308+0000] {processor.py:927} WARNING - No viable dags retrieved from /opt/airflow/dags/env/Scripts/pip3.exe
[2025-03-31T10:09:06.366+0000] {processor.py:208} INFO - Processing /opt/airflow/dags/env/Scripts/pip3.exe took 0.171 seconds
[2025-03-31T10:09:38.705+0000] {processor.py:186} INFO - Started process (PID=10001) to work on /opt/airflow/dags/env/Scripts/pip3.exe
[2025-03-31T10:09:38.707+0000] {processor.py:914} INFO - Processing file /opt/airflow/dags/env/Scripts/pip3.exe for tasks to queue
[2025-03-31T10:09:38.712+0000] {logging_mixin.py:190} INFO - [2025-03-31T10:09:38.711+0000] {dagbag.py:588} INFO - Filling up the DagBag from /opt/airflow/dags/env/Scripts/pip3.exe
[2025-03-31T10:09:38.728+0000] {logging_mixin.py:190} INFO - [2025-03-31T10:09:38.727+0000] {dagbag.py:435} INFO - File /opt/airflow/dags/env/Scripts/pip3.exe:__main__.py assumed to contain no DAGs. Skipping.
[2025-03-31T10:09:38.729+0000] {processor.py:927} WARNING - No viable dags retrieved from /opt/airflow/dags/env/Scripts/pip3.exe
[2025-03-31T10:09:38.761+0000] {processor.py:208} INFO - Processing /opt/airflow/dags/env/Scripts/pip3.exe took 0.070 seconds
[2025-03-31T10:12:41.639+0000] {processor.py:186} INFO - Started process (PID=10035) to work on /opt/airflow/dags/env/Scripts/pip3.exe
[2025-03-31T10:12:41.641+0000] {processor.py:914} INFO - Processing file /opt/airflow/dags/env/Scripts/pip3.exe for tasks to queue
[2025-03-31T10:12:41.645+0000] {logging_mixin.py:190} INFO - [2025-03-31T10:12:41.644+0000] {dagbag.py:588} INFO - Filling up the DagBag from /opt/airflow/dags/env/Scripts/pip3.exe
[2025-03-31T10:12:41.662+0000] {logging_mixin.py:190} INFO - [2025-03-31T10:12:41.661+0000] {dagbag.py:435} INFO - File /opt/airflow/dags/env/Scripts/pip3.exe:__main__.py assumed to contain no DAGs. Skipping.
[2025-03-31T10:12:41.663+0000] {processor.py:927} WARNING - No viable dags retrieved from /opt/airflow/dags/env/Scripts/pip3.exe
[2025-03-31T10:12:41.699+0000] {processor.py:208} INFO - Processing /opt/airflow/dags/env/Scripts/pip3.exe took 0.072 seconds
[2025-03-31T10:13:13.840+0000] {processor.py:186} INFO - Started process (PID=10059) to work on /opt/airflow/dags/env/Scripts/pip3.exe
[2025-03-31T10:13:13.841+0000] {processor.py:914} INFO - Processing file /opt/airflow/dags/env/Scripts/pip3.exe for tasks to queue
[2025-03-31T10:13:13.846+0000] {logging_mixin.py:190} INFO - [2025-03-31T10:13:13.845+0000] {dagbag.py:588} INFO - Filling up the DagBag from /opt/airflow/dags/env/Scripts/pip3.exe
[2025-03-31T10:13:13.858+0000] {logging_mixin.py:190} INFO - [2025-03-31T10:13:13.858+0000] {dagbag.py:435} INFO - File /opt/airflow/dags/env/Scripts/pip3.exe:__main__.py assumed to contain no DAGs. Skipping.
[2025-03-31T10:13:13.860+0000] {processor.py:927} WARNING - No viable dags retrieved from /opt/airflow/dags/env/Scripts/pip3.exe
[2025-03-31T10:13:13.891+0000] {processor.py:208} INFO - Processing /opt/airflow/dags/env/Scripts/pip3.exe took 0.059 seconds
[2025-03-31T10:14:07.358+0000] {processor.py:186} INFO - Started process (PID=10094) to work on /opt/airflow/dags/env/Scripts/pip3.exe
[2025-03-31T10:14:07.360+0000] {processor.py:914} INFO - Processing file /opt/airflow/dags/env/Scripts/pip3.exe for tasks to queue
[2025-03-31T10:14:07.366+0000] {logging_mixin.py:190} INFO - [2025-03-31T10:14:07.365+0000] {dagbag.py:588} INFO - Filling up the DagBag from /opt/airflow/dags/env/Scripts/pip3.exe
[2025-03-31T10:14:07.381+0000] {logging_mixin.py:190} INFO - [2025-03-31T10:14:07.381+0000] {dagbag.py:435} INFO - File /opt/airflow/dags/env/Scripts/pip3.exe:__main__.py assumed to contain no DAGs. Skipping.
[2025-03-31T10:14:07.383+0000] {processor.py:927} WARNING - No viable dags retrieved from /opt/airflow/dags/env/Scripts/pip3.exe
[2025-03-31T10:14:07.412+0000] {processor.py:208} INFO - Processing /opt/airflow/dags/env/Scripts/pip3.exe took 0.068 seconds
[2025-03-31T10:14:39.218+0000] {processor.py:186} INFO - Started process (PID=10118) to work on /opt/airflow/dags/env/Scripts/pip3.exe
[2025-03-31T10:14:39.230+0000] {processor.py:914} INFO - Processing file /opt/airflow/dags/env/Scripts/pip3.exe for tasks to queue
[2025-03-31T10:14:39.247+0000] {logging_mixin.py:190} INFO - [2025-03-31T10:14:39.246+0000] {dagbag.py:588} INFO - Filling up the DagBag from /opt/airflow/dags/env/Scripts/pip3.exe
[2025-03-31T10:14:39.281+0000] {logging_mixin.py:190} INFO - [2025-03-31T10:14:39.280+0000] {dagbag.py:435} INFO - File /opt/airflow/dags/env/Scripts/pip3.exe:__main__.py assumed to contain no DAGs. Skipping.
[2025-03-31T10:14:39.282+0000] {processor.py:927} WARNING - No viable dags retrieved from /opt/airflow/dags/env/Scripts/pip3.exe
[2025-03-31T10:14:39.347+0000] {processor.py:208} INFO - Processing /opt/airflow/dags/env/Scripts/pip3.exe took 0.166 seconds
[2025-03-31T10:17:48.490+0000] {processor.py:186} INFO - Started process (PID=10152) to work on /opt/airflow/dags/env/Scripts/pip3.exe
[2025-03-31T10:17:48.492+0000] {processor.py:914} INFO - Processing file /opt/airflow/dags/env/Scripts/pip3.exe for tasks to queue
[2025-03-31T10:17:48.496+0000] {logging_mixin.py:190} INFO - [2025-03-31T10:17:48.496+0000] {dagbag.py:588} INFO - Filling up the DagBag from /opt/airflow/dags/env/Scripts/pip3.exe
[2025-03-31T10:17:48.515+0000] {logging_mixin.py:190} INFO - [2025-03-31T10:17:48.514+0000] {dagbag.py:435} INFO - File /opt/airflow/dags/env/Scripts/pip3.exe:__main__.py assumed to contain no DAGs. Skipping.
[2025-03-31T10:17:48.517+0000] {processor.py:927} WARNING - No viable dags retrieved from /opt/airflow/dags/env/Scripts/pip3.exe
[2025-03-31T10:17:48.565+0000] {processor.py:208} INFO - Processing /opt/airflow/dags/env/Scripts/pip3.exe took 0.082 seconds
[2025-03-31T10:18:21.670+0000] {processor.py:186} INFO - Started process (PID=10176) to work on /opt/airflow/dags/env/Scripts/pip3.exe
[2025-03-31T10:18:21.671+0000] {processor.py:914} INFO - Processing file /opt/airflow/dags/env/Scripts/pip3.exe for tasks to queue
[2025-03-31T10:18:21.677+0000] {logging_mixin.py:190} INFO - [2025-03-31T10:18:21.676+0000] {dagbag.py:588} INFO - Filling up the DagBag from /opt/airflow/dags/env/Scripts/pip3.exe
[2025-03-31T10:18:21.694+0000] {logging_mixin.py:190} INFO - [2025-03-31T10:18:21.694+0000] {dagbag.py:435} INFO - File /opt/airflow/dags/env/Scripts/pip3.exe:__main__.py assumed to contain no DAGs. Skipping.
[2025-03-31T10:18:21.696+0000] {processor.py:927} WARNING - No viable dags retrieved from /opt/airflow/dags/env/Scripts/pip3.exe
[2025-03-31T10:18:21.733+0000] {processor.py:208} INFO - Processing /opt/airflow/dags/env/Scripts/pip3.exe took 0.076 seconds
[2025-03-31T10:19:09.498+0000] {processor.py:186} INFO - Started process (PID=10205) to work on /opt/airflow/dags/env/Scripts/pip3.exe
[2025-03-31T10:19:09.500+0000] {processor.py:914} INFO - Processing file /opt/airflow/dags/env/Scripts/pip3.exe for tasks to queue
[2025-03-31T10:19:09.505+0000] {logging_mixin.py:190} INFO - [2025-03-31T10:19:09.504+0000] {dagbag.py:588} INFO - Filling up the DagBag from /opt/airflow/dags/env/Scripts/pip3.exe
[2025-03-31T10:19:09.523+0000] {logging_mixin.py:190} INFO - [2025-03-31T10:19:09.522+0000] {dagbag.py:435} INFO - File /opt/airflow/dags/env/Scripts/pip3.exe:__main__.py assumed to contain no DAGs. Skipping.
[2025-03-31T10:19:09.524+0000] {processor.py:927} WARNING - No viable dags retrieved from /opt/airflow/dags/env/Scripts/pip3.exe
[2025-03-31T10:19:09.562+0000] {processor.py:208} INFO - Processing /opt/airflow/dags/env/Scripts/pip3.exe took 0.072 seconds
[2025-03-31T10:19:41.003+0000] {processor.py:186} INFO - Started process (PID=10229) to work on /opt/airflow/dags/env/Scripts/pip3.exe
[2025-03-31T10:19:41.005+0000] {processor.py:914} INFO - Processing file /opt/airflow/dags/env/Scripts/pip3.exe for tasks to queue
[2025-03-31T10:19:41.009+0000] {logging_mixin.py:190} INFO - [2025-03-31T10:19:41.009+0000] {dagbag.py:588} INFO - Filling up the DagBag from /opt/airflow/dags/env/Scripts/pip3.exe
[2025-03-31T10:19:41.023+0000] {logging_mixin.py:190} INFO - [2025-03-31T10:19:41.023+0000] {dagbag.py:435} INFO - File /opt/airflow/dags/env/Scripts/pip3.exe:__main__.py assumed to contain no DAGs. Skipping.
[2025-03-31T10:19:41.025+0000] {processor.py:927} WARNING - No viable dags retrieved from /opt/airflow/dags/env/Scripts/pip3.exe
[2025-03-31T10:19:41.053+0000] {processor.py:208} INFO - Processing /opt/airflow/dags/env/Scripts/pip3.exe took 0.061 seconds
[2025-03-31T10:43:39.518+0000] {processor.py:186} INFO - Started process (PID=10264) to work on /opt/airflow/dags/env/Scripts/pip3.exe
[2025-03-31T10:43:39.520+0000] {processor.py:914} INFO - Processing file /opt/airflow/dags/env/Scripts/pip3.exe for tasks to queue
[2025-03-31T10:43:39.525+0000] {logging_mixin.py:190} INFO - [2025-03-31T10:43:39.525+0000] {dagbag.py:588} INFO - Filling up the DagBag from /opt/airflow/dags/env/Scripts/pip3.exe
[2025-03-31T10:43:39.540+0000] {logging_mixin.py:190} INFO - [2025-03-31T10:43:39.540+0000] {dagbag.py:435} INFO - File /opt/airflow/dags/env/Scripts/pip3.exe:__main__.py assumed to contain no DAGs. Skipping.
[2025-03-31T10:43:39.541+0000] {processor.py:927} WARNING - No viable dags retrieved from /opt/airflow/dags/env/Scripts/pip3.exe
[2025-03-31T10:43:39.573+0000] {processor.py:208} INFO - Processing /opt/airflow/dags/env/Scripts/pip3.exe took 0.067 seconds
[2025-03-31T10:44:10.795+0000] {processor.py:186} INFO - Started process (PID=10288) to work on /opt/airflow/dags/env/Scripts/pip3.exe
[2025-03-31T10:44:10.797+0000] {processor.py:914} INFO - Processing file /opt/airflow/dags/env/Scripts/pip3.exe for tasks to queue
[2025-03-31T10:44:10.802+0000] {logging_mixin.py:190} INFO - [2025-03-31T10:44:10.802+0000] {dagbag.py:588} INFO - Filling up the DagBag from /opt/airflow/dags/env/Scripts/pip3.exe
[2025-03-31T10:44:10.821+0000] {logging_mixin.py:190} INFO - [2025-03-31T10:44:10.820+0000] {dagbag.py:435} INFO - File /opt/airflow/dags/env/Scripts/pip3.exe:__main__.py assumed to contain no DAGs. Skipping.
[2025-03-31T10:44:10.822+0000] {processor.py:927} WARNING - No viable dags retrieved from /opt/airflow/dags/env/Scripts/pip3.exe
[2025-03-31T10:44:10.863+0000] {processor.py:208} INFO - Processing /opt/airflow/dags/env/Scripts/pip3.exe took 0.081 seconds
[2025-03-31T10:45:08.389+0000] {processor.py:186} INFO - Started process (PID=10316) to work on /opt/airflow/dags/env/Scripts/pip3.exe
[2025-03-31T10:45:08.392+0000] {processor.py:914} INFO - Processing file /opt/airflow/dags/env/Scripts/pip3.exe for tasks to queue
[2025-03-31T10:45:08.397+0000] {logging_mixin.py:190} INFO - [2025-03-31T10:45:08.396+0000] {dagbag.py:588} INFO - Filling up the DagBag from /opt/airflow/dags/env/Scripts/pip3.exe
[2025-03-31T10:45:08.416+0000] {logging_mixin.py:190} INFO - [2025-03-31T10:45:08.415+0000] {dagbag.py:435} INFO - File /opt/airflow/dags/env/Scripts/pip3.exe:__main__.py assumed to contain no DAGs. Skipping.
[2025-03-31T10:45:08.418+0000] {processor.py:927} WARNING - No viable dags retrieved from /opt/airflow/dags/env/Scripts/pip3.exe
[2025-03-31T10:45:08.461+0000] {processor.py:208} INFO - Processing /opt/airflow/dags/env/Scripts/pip3.exe took 0.090 seconds
[2025-03-31T11:08:37.753+0000] {processor.py:186} INFO - Started process (PID=10371) to work on /opt/airflow/dags/env/Scripts/pip3.exe
[2025-03-31T11:08:37.755+0000] {processor.py:914} INFO - Processing file /opt/airflow/dags/env/Scripts/pip3.exe for tasks to queue
[2025-03-31T11:08:37.763+0000] {logging_mixin.py:190} INFO - [2025-03-31T11:08:37.762+0000] {dagbag.py:588} INFO - Filling up the DagBag from /opt/airflow/dags/env/Scripts/pip3.exe
[2025-03-31T11:08:37.782+0000] {logging_mixin.py:190} INFO - [2025-03-31T11:08:37.782+0000] {dagbag.py:435} INFO - File /opt/airflow/dags/env/Scripts/pip3.exe:__main__.py assumed to contain no DAGs. Skipping.
[2025-03-31T11:08:37.784+0000] {processor.py:927} WARNING - No viable dags retrieved from /opt/airflow/dags/env/Scripts/pip3.exe
[2025-03-31T11:08:37.823+0000] {processor.py:208} INFO - Processing /opt/airflow/dags/env/Scripts/pip3.exe took 0.086 seconds
[2025-03-31T11:17:19.176+0000] {processor.py:186} INFO - Started process (PID=10386) to work on /opt/airflow/dags/env/Scripts/pip3.exe
[2025-03-31T11:17:19.178+0000] {processor.py:914} INFO - Processing file /opt/airflow/dags/env/Scripts/pip3.exe for tasks to queue
[2025-03-31T11:17:19.186+0000] {logging_mixin.py:190} INFO - [2025-03-31T11:17:19.185+0000] {dagbag.py:588} INFO - Filling up the DagBag from /opt/airflow/dags/env/Scripts/pip3.exe
[2025-03-31T11:17:19.206+0000] {logging_mixin.py:190} INFO - [2025-03-31T11:17:19.205+0000] {dagbag.py:435} INFO - File /opt/airflow/dags/env/Scripts/pip3.exe:__main__.py assumed to contain no DAGs. Skipping.
[2025-03-31T11:17:19.208+0000] {processor.py:927} WARNING - No viable dags retrieved from /opt/airflow/dags/env/Scripts/pip3.exe
[2025-03-31T11:17:19.245+0000] {processor.py:208} INFO - Processing /opt/airflow/dags/env/Scripts/pip3.exe took 0.081 seconds
