[2025-03-31T07:27:23.819+0000] {processor.py:186} INFO - Started process (PID=7692) to work on /opt/airflow/dags/env/Scripts/pybabel.exe
[2025-03-31T07:27:23.820+0000] {processor.py:914} INFO - Processing file /opt/airflow/dags/env/Scripts/pybabel.exe for tasks to queue
[2025-03-31T07:27:23.825+0000] {logging_mixin.py:190} INFO - [2025-03-31T07:27:23.824+0000] {dagbag.py:588} INFO - Filling up the DagBag from /opt/airflow/dags/env/Scripts/pybabel.exe
[2025-03-31T07:27:23.844+0000] {logging_mixin.py:190} INFO - [2025-03-31T07:27:23.844+0000] {dagbag.py:435} INFO - File /opt/airflow/dags/env/Scripts/pybabel.exe:__main__.py assumed to contain no DAGs. Skipping.
[2025-03-31T07:27:23.846+0000] {processor.py:927} WARNING - No viable dags retrieved from /opt/airflow/dags/env/Scripts/pybabel.exe
[2025-03-31T07:27:23.873+0000] {processor.py:208} INFO - Processing /opt/airflow/dags/env/Scripts/pybabel.exe took 0.071 seconds
[2025-03-31T07:27:55.192+0000] {processor.py:186} INFO - Started process (PID=7716) to work on /opt/airflow/dags/env/Scripts/pybabel.exe
[2025-03-31T07:27:55.193+0000] {processor.py:914} INFO - Processing file /opt/airflow/dags/env/Scripts/pybabel.exe for tasks to queue
[2025-03-31T07:27:55.198+0000] {logging_mixin.py:190} INFO - [2025-03-31T07:27:55.197+0000] {dagbag.py:588} INFO - Filling up the DagBag from /opt/airflow/dags/env/Scripts/pybabel.exe
[2025-03-31T07:27:55.213+0000] {logging_mixin.py:190} INFO - [2025-03-31T07:27:55.212+0000] {dagbag.py:435} INFO - File /opt/airflow/dags/env/Scripts/pybabel.exe:__main__.py assumed to contain no DAGs. Skipping.
[2025-03-31T07:27:55.214+0000] {processor.py:927} WARNING - No viable dags retrieved from /opt/airflow/dags/env/Scripts/pybabel.exe
[2025-03-31T07:27:55.239+0000] {processor.py:208} INFO - Processing /opt/airflow/dags/env/Scripts/pybabel.exe took 0.057 seconds
[2025-03-31T08:42:32.728+0000] {processor.py:186} INFO - Started process (PID=8044) to work on /opt/airflow/dags/env/Scripts/pybabel.exe
[2025-03-31T08:42:32.731+0000] {processor.py:914} INFO - Processing file /opt/airflow/dags/env/Scripts/pybabel.exe for tasks to queue
[2025-03-31T08:42:32.740+0000] {logging_mixin.py:190} INFO - [2025-03-31T08:42:32.739+0000] {dagbag.py:588} INFO - Filling up the DagBag from /opt/airflow/dags/env/Scripts/pybabel.exe
[2025-03-31T08:42:32.762+0000] {logging_mixin.py:190} INFO - [2025-03-31T08:42:32.762+0000] {dagbag.py:435} INFO - File /opt/airflow/dags/env/Scripts/pybabel.exe:__main__.py assumed to contain no DAGs. Skipping.
[2025-03-31T08:42:32.764+0000] {processor.py:927} WARNING - No viable dags retrieved from /opt/airflow/dags/env/Scripts/pybabel.exe
[2025-03-31T08:42:32.824+0000] {processor.py:208} INFO - Processing /opt/airflow/dags/env/Scripts/pybabel.exe took 0.110 seconds
[2025-03-31T08:43:04.094+0000] {processor.py:186} INFO - Started process (PID=8068) to work on /opt/airflow/dags/env/Scripts/pybabel.exe
[2025-03-31T08:43:04.097+0000] {processor.py:914} INFO - Processing file /opt/airflow/dags/env/Scripts/pybabel.exe for tasks to queue
[2025-03-31T08:43:04.105+0000] {logging_mixin.py:190} INFO - [2025-03-31T08:43:04.105+0000] {dagbag.py:588} INFO - Filling up the DagBag from /opt/airflow/dags/env/Scripts/pybabel.exe
[2025-03-31T08:43:04.122+0000] {logging_mixin.py:190} INFO - [2025-03-31T08:43:04.121+0000] {dagbag.py:435} INFO - File /opt/airflow/dags/env/Scripts/pybabel.exe:__main__.py assumed to contain no DAGs. Skipping.
[2025-03-31T08:43:04.123+0000] {processor.py:927} WARNING - No viable dags retrieved from /opt/airflow/dags/env/Scripts/pybabel.exe
[2025-03-31T08:43:04.153+0000] {processor.py:208} INFO - Processing /opt/airflow/dags/env/Scripts/pybabel.exe took 0.073 seconds
[2025-03-31T08:43:39.246+0000] {processor.py:186} INFO - Started process (PID=8084) to work on /opt/airflow/dags/env/Scripts/pybabel.exe
[2025-03-31T08:43:39.247+0000] {processor.py:914} INFO - Processing file /opt/airflow/dags/env/Scripts/pybabel.exe for tasks to queue
[2025-03-31T08:43:39.253+0000] {logging_mixin.py:190} INFO - [2025-03-31T08:43:39.252+0000] {dagbag.py:588} INFO - Filling up the DagBag from /opt/airflow/dags/env/Scripts/pybabel.exe
[2025-03-31T08:43:39.268+0000] {logging_mixin.py:190} INFO - [2025-03-31T08:43:39.267+0000] {dagbag.py:435} INFO - File /opt/airflow/dags/env/Scripts/pybabel.exe:__main__.py assumed to contain no DAGs. Skipping.
[2025-03-31T08:43:39.269+0000] {processor.py:927} WARNING - No viable dags retrieved from /opt/airflow/dags/env/Scripts/pybabel.exe
[2025-03-31T08:43:39.300+0000] {processor.py:208} INFO - Processing /opt/airflow/dags/env/Scripts/pybabel.exe took 0.065 seconds
[2025-03-31T08:44:10.790+0000] {processor.py:186} INFO - Started process (PID=8108) to work on /opt/airflow/dags/env/Scripts/pybabel.exe
[2025-03-31T08:44:10.792+0000] {processor.py:914} INFO - Processing file /opt/airflow/dags/env/Scripts/pybabel.exe for tasks to queue
[2025-03-31T08:44:10.797+0000] {logging_mixin.py:190} INFO - [2025-03-31T08:44:10.796+0000] {dagbag.py:588} INFO - Filling up the DagBag from /opt/airflow/dags/env/Scripts/pybabel.exe
[2025-03-31T08:44:10.811+0000] {logging_mixin.py:190} INFO - [2025-03-31T08:44:10.811+0000] {dagbag.py:435} INFO - File /opt/airflow/dags/env/Scripts/pybabel.exe:__main__.py assumed to contain no DAGs. Skipping.
[2025-03-31T08:44:10.813+0000] {processor.py:927} WARNING - No viable dags retrieved from /opt/airflow/dags/env/Scripts/pybabel.exe
[2025-03-31T08:44:10.846+0000] {processor.py:208} INFO - Processing /opt/airflow/dags/env/Scripts/pybabel.exe took 0.067 seconds
[2025-03-31T08:44:41.779+0000] {processor.py:186} INFO - Started process (PID=8132) to work on /opt/airflow/dags/env/Scripts/pybabel.exe
[2025-03-31T08:44:41.781+0000] {processor.py:914} INFO - Processing file /opt/airflow/dags/env/Scripts/pybabel.exe for tasks to queue
[2025-03-31T08:44:41.787+0000] {logging_mixin.py:190} INFO - [2025-03-31T08:44:41.786+0000] {dagbag.py:588} INFO - Filling up the DagBag from /opt/airflow/dags/env/Scripts/pybabel.exe
[2025-03-31T08:44:41.804+0000] {logging_mixin.py:190} INFO - [2025-03-31T08:44:41.804+0000] {dagbag.py:435} INFO - File /opt/airflow/dags/env/Scripts/pybabel.exe:__main__.py assumed to contain no DAGs. Skipping.
[2025-03-31T08:44:41.806+0000] {processor.py:927} WARNING - No viable dags retrieved from /opt/airflow/dags/env/Scripts/pybabel.exe
[2025-03-31T08:44:41.841+0000] {processor.py:208} INFO - Processing /opt/airflow/dags/env/Scripts/pybabel.exe took 0.075 seconds
[2025-03-31T08:47:20.731+0000] {processor.py:186} INFO - Started process (PID=8146) to work on /opt/airflow/dags/env/Scripts/pybabel.exe
[2025-03-31T08:47:20.733+0000] {processor.py:914} INFO - Processing file /opt/airflow/dags/env/Scripts/pybabel.exe for tasks to queue
[2025-03-31T08:47:20.740+0000] {logging_mixin.py:190} INFO - [2025-03-31T08:47:20.739+0000] {dagbag.py:588} INFO - Filling up the DagBag from /opt/airflow/dags/env/Scripts/pybabel.exe
[2025-03-31T08:47:20.759+0000] {logging_mixin.py:190} INFO - [2025-03-31T08:47:20.758+0000] {dagbag.py:435} INFO - File /opt/airflow/dags/env/Scripts/pybabel.exe:__main__.py assumed to contain no DAGs. Skipping.
[2025-03-31T08:47:20.760+0000] {processor.py:927} WARNING - No viable dags retrieved from /opt/airflow/dags/env/Scripts/pybabel.exe
[2025-03-31T08:47:20.789+0000] {processor.py:208} INFO - Processing /opt/airflow/dags/env/Scripts/pybabel.exe took 0.071 seconds
[2025-03-31T08:47:52.161+0000] {processor.py:186} INFO - Started process (PID=8170) to work on /opt/airflow/dags/env/Scripts/pybabel.exe
[2025-03-31T08:47:52.163+0000] {processor.py:914} INFO - Processing file /opt/airflow/dags/env/Scripts/pybabel.exe for tasks to queue
[2025-03-31T08:47:52.172+0000] {logging_mixin.py:190} INFO - [2025-03-31T08:47:52.171+0000] {dagbag.py:588} INFO - Filling up the DagBag from /opt/airflow/dags/env/Scripts/pybabel.exe
[2025-03-31T08:47:52.197+0000] {logging_mixin.py:190} INFO - [2025-03-31T08:47:52.197+0000] {dagbag.py:435} INFO - File /opt/airflow/dags/env/Scripts/pybabel.exe:__main__.py assumed to contain no DAGs. Skipping.
[2025-03-31T08:47:52.200+0000] {processor.py:927} WARNING - No viable dags retrieved from /opt/airflow/dags/env/Scripts/pybabel.exe
[2025-03-31T08:47:52.233+0000] {processor.py:208} INFO - Processing /opt/airflow/dags/env/Scripts/pybabel.exe took 0.086 seconds
[2025-03-31T08:48:44.877+0000] {processor.py:186} INFO - Started process (PID=8200) to work on /opt/airflow/dags/env/Scripts/pybabel.exe
[2025-03-31T08:48:44.879+0000] {processor.py:914} INFO - Processing file /opt/airflow/dags/env/Scripts/pybabel.exe for tasks to queue
[2025-03-31T08:48:44.884+0000] {logging_mixin.py:190} INFO - [2025-03-31T08:48:44.884+0000] {dagbag.py:588} INFO - Filling up the DagBag from /opt/airflow/dags/env/Scripts/pybabel.exe
[2025-03-31T08:48:44.900+0000] {logging_mixin.py:190} INFO - [2025-03-31T08:48:44.900+0000] {dagbag.py:435} INFO - File /opt/airflow/dags/env/Scripts/pybabel.exe:__main__.py assumed to contain no DAGs. Skipping.
[2025-03-31T08:48:44.902+0000] {processor.py:927} WARNING - No viable dags retrieved from /opt/airflow/dags/env/Scripts/pybabel.exe
[2025-03-31T08:48:44.937+0000] {processor.py:208} INFO - Processing /opt/airflow/dags/env/Scripts/pybabel.exe took 0.069 seconds
[2025-03-31T08:49:16.882+0000] {processor.py:186} INFO - Started process (PID=8224) to work on /opt/airflow/dags/env/Scripts/pybabel.exe
[2025-03-31T08:49:16.883+0000] {processor.py:914} INFO - Processing file /opt/airflow/dags/env/Scripts/pybabel.exe for tasks to queue
[2025-03-31T08:49:16.888+0000] {logging_mixin.py:190} INFO - [2025-03-31T08:49:16.888+0000] {dagbag.py:588} INFO - Filling up the DagBag from /opt/airflow/dags/env/Scripts/pybabel.exe
[2025-03-31T08:49:16.903+0000] {logging_mixin.py:190} INFO - [2025-03-31T08:49:16.903+0000] {dagbag.py:435} INFO - File /opt/airflow/dags/env/Scripts/pybabel.exe:__main__.py assumed to contain no DAGs. Skipping.
[2025-03-31T08:49:16.905+0000] {processor.py:927} WARNING - No viable dags retrieved from /opt/airflow/dags/env/Scripts/pybabel.exe
[2025-03-31T08:49:16.935+0000] {processor.py:208} INFO - Processing /opt/airflow/dags/env/Scripts/pybabel.exe took 0.065 seconds
[2025-03-31T08:52:20.468+0000] {processor.py:186} INFO - Started process (PID=8258) to work on /opt/airflow/dags/env/Scripts/pybabel.exe
[2025-03-31T08:52:20.470+0000] {processor.py:914} INFO - Processing file /opt/airflow/dags/env/Scripts/pybabel.exe for tasks to queue
[2025-03-31T08:52:20.475+0000] {logging_mixin.py:190} INFO - [2025-03-31T08:52:20.474+0000] {dagbag.py:588} INFO - Filling up the DagBag from /opt/airflow/dags/env/Scripts/pybabel.exe
[2025-03-31T08:52:20.489+0000] {logging_mixin.py:190} INFO - [2025-03-31T08:52:20.489+0000] {dagbag.py:435} INFO - File /opt/airflow/dags/env/Scripts/pybabel.exe:__main__.py assumed to contain no DAGs. Skipping.
[2025-03-31T08:52:20.491+0000] {processor.py:927} WARNING - No viable dags retrieved from /opt/airflow/dags/env/Scripts/pybabel.exe
[2025-03-31T08:52:20.519+0000] {processor.py:208} INFO - Processing /opt/airflow/dags/env/Scripts/pybabel.exe took 0.061 seconds
[2025-03-31T08:52:53.173+0000] {processor.py:186} INFO - Started process (PID=8282) to work on /opt/airflow/dags/env/Scripts/pybabel.exe
[2025-03-31T08:52:53.176+0000] {processor.py:914} INFO - Processing file /opt/airflow/dags/env/Scripts/pybabel.exe for tasks to queue
[2025-03-31T08:52:53.184+0000] {logging_mixin.py:190} INFO - [2025-03-31T08:52:53.182+0000] {dagbag.py:588} INFO - Filling up the DagBag from /opt/airflow/dags/env/Scripts/pybabel.exe
[2025-03-31T08:52:53.202+0000] {logging_mixin.py:190} INFO - [2025-03-31T08:52:53.202+0000] {dagbag.py:435} INFO - File /opt/airflow/dags/env/Scripts/pybabel.exe:__main__.py assumed to contain no DAGs. Skipping.
[2025-03-31T08:52:53.204+0000] {processor.py:927} WARNING - No viable dags retrieved from /opt/airflow/dags/env/Scripts/pybabel.exe
[2025-03-31T08:52:53.242+0000] {processor.py:208} INFO - Processing /opt/airflow/dags/env/Scripts/pybabel.exe took 0.083 seconds
[2025-03-31T08:53:49.639+0000] {processor.py:186} INFO - Started process (PID=8312) to work on /opt/airflow/dags/env/Scripts/pybabel.exe
[2025-03-31T08:53:49.640+0000] {processor.py:914} INFO - Processing file /opt/airflow/dags/env/Scripts/pybabel.exe for tasks to queue
[2025-03-31T08:53:49.647+0000] {logging_mixin.py:190} INFO - [2025-03-31T08:53:49.646+0000] {dagbag.py:588} INFO - Filling up the DagBag from /opt/airflow/dags/env/Scripts/pybabel.exe
[2025-03-31T08:53:49.665+0000] {logging_mixin.py:190} INFO - [2025-03-31T08:53:49.665+0000] {dagbag.py:435} INFO - File /opt/airflow/dags/env/Scripts/pybabel.exe:__main__.py assumed to contain no DAGs. Skipping.
[2025-03-31T08:53:49.667+0000] {processor.py:927} WARNING - No viable dags retrieved from /opt/airflow/dags/env/Scripts/pybabel.exe
[2025-03-31T08:53:49.700+0000] {processor.py:208} INFO - Processing /opt/airflow/dags/env/Scripts/pybabel.exe took 0.070 seconds
[2025-03-31T08:54:20.891+0000] {processor.py:186} INFO - Started process (PID=8336) to work on /opt/airflow/dags/env/Scripts/pybabel.exe
[2025-03-31T08:54:20.893+0000] {processor.py:914} INFO - Processing file /opt/airflow/dags/env/Scripts/pybabel.exe for tasks to queue
[2025-03-31T08:54:20.898+0000] {logging_mixin.py:190} INFO - [2025-03-31T08:54:20.898+0000] {dagbag.py:588} INFO - Filling up the DagBag from /opt/airflow/dags/env/Scripts/pybabel.exe
[2025-03-31T08:54:20.912+0000] {logging_mixin.py:190} INFO - [2025-03-31T08:54:20.912+0000] {dagbag.py:435} INFO - File /opt/airflow/dags/env/Scripts/pybabel.exe:__main__.py assumed to contain no DAGs. Skipping.
[2025-03-31T08:54:20.914+0000] {processor.py:927} WARNING - No viable dags retrieved from /opt/airflow/dags/env/Scripts/pybabel.exe
[2025-03-31T08:54:20.942+0000] {processor.py:208} INFO - Processing /opt/airflow/dags/env/Scripts/pybabel.exe took 0.062 seconds
[2025-03-31T08:57:17.583+0000] {processor.py:186} INFO - Started process (PID=8365) to work on /opt/airflow/dags/env/Scripts/pybabel.exe
[2025-03-31T08:57:17.585+0000] {processor.py:914} INFO - Processing file /opt/airflow/dags/env/Scripts/pybabel.exe for tasks to queue
[2025-03-31T08:57:17.590+0000] {logging_mixin.py:190} INFO - [2025-03-31T08:57:17.589+0000] {dagbag.py:588} INFO - Filling up the DagBag from /opt/airflow/dags/env/Scripts/pybabel.exe
[2025-03-31T08:57:17.605+0000] {logging_mixin.py:190} INFO - [2025-03-31T08:57:17.604+0000] {dagbag.py:435} INFO - File /opt/airflow/dags/env/Scripts/pybabel.exe:__main__.py assumed to contain no DAGs. Skipping.
[2025-03-31T08:57:17.608+0000] {processor.py:927} WARNING - No viable dags retrieved from /opt/airflow/dags/env/Scripts/pybabel.exe
[2025-03-31T08:57:17.658+0000] {processor.py:208} INFO - Processing /opt/airflow/dags/env/Scripts/pybabel.exe took 0.089 seconds
[2025-03-31T08:57:48.562+0000] {processor.py:186} INFO - Started process (PID=8389) to work on /opt/airflow/dags/env/Scripts/pybabel.exe
[2025-03-31T08:57:48.564+0000] {processor.py:914} INFO - Processing file /opt/airflow/dags/env/Scripts/pybabel.exe for tasks to queue
[2025-03-31T08:57:48.569+0000] {logging_mixin.py:190} INFO - [2025-03-31T08:57:48.568+0000] {dagbag.py:588} INFO - Filling up the DagBag from /opt/airflow/dags/env/Scripts/pybabel.exe
[2025-03-31T08:57:48.583+0000] {logging_mixin.py:190} INFO - [2025-03-31T08:57:48.582+0000] {dagbag.py:435} INFO - File /opt/airflow/dags/env/Scripts/pybabel.exe:__main__.py assumed to contain no DAGs. Skipping.
[2025-03-31T08:57:48.584+0000] {processor.py:927} WARNING - No viable dags retrieved from /opt/airflow/dags/env/Scripts/pybabel.exe
[2025-03-31T08:57:48.614+0000] {processor.py:208} INFO - Processing /opt/airflow/dags/env/Scripts/pybabel.exe took 0.063 seconds
[2025-03-31T08:58:44.141+0000] {processor.py:186} INFO - Started process (PID=8424) to work on /opt/airflow/dags/env/Scripts/pybabel.exe
[2025-03-31T08:58:44.142+0000] {processor.py:914} INFO - Processing file /opt/airflow/dags/env/Scripts/pybabel.exe for tasks to queue
[2025-03-31T08:58:44.148+0000] {logging_mixin.py:190} INFO - [2025-03-31T08:58:44.147+0000] {dagbag.py:588} INFO - Filling up the DagBag from /opt/airflow/dags/env/Scripts/pybabel.exe
[2025-03-31T08:58:44.161+0000] {logging_mixin.py:190} INFO - [2025-03-31T08:58:44.161+0000] {dagbag.py:435} INFO - File /opt/airflow/dags/env/Scripts/pybabel.exe:__main__.py assumed to contain no DAGs. Skipping.
[2025-03-31T08:58:44.163+0000] {processor.py:927} WARNING - No viable dags retrieved from /opt/airflow/dags/env/Scripts/pybabel.exe
[2025-03-31T08:58:44.194+0000] {processor.py:208} INFO - Processing /opt/airflow/dags/env/Scripts/pybabel.exe took 0.061 seconds
[2025-03-31T08:59:15.062+0000] {processor.py:186} INFO - Started process (PID=8448) to work on /opt/airflow/dags/env/Scripts/pybabel.exe
[2025-03-31T08:59:15.063+0000] {processor.py:914} INFO - Processing file /opt/airflow/dags/env/Scripts/pybabel.exe for tasks to queue
[2025-03-31T08:59:15.068+0000] {logging_mixin.py:190} INFO - [2025-03-31T08:59:15.068+0000] {dagbag.py:588} INFO - Filling up the DagBag from /opt/airflow/dags/env/Scripts/pybabel.exe
[2025-03-31T08:59:15.082+0000] {logging_mixin.py:190} INFO - [2025-03-31T08:59:15.082+0000] {dagbag.py:435} INFO - File /opt/airflow/dags/env/Scripts/pybabel.exe:__main__.py assumed to contain no DAGs. Skipping.
[2025-03-31T08:59:15.084+0000] {processor.py:927} WARNING - No viable dags retrieved from /opt/airflow/dags/env/Scripts/pybabel.exe
[2025-03-31T08:59:15.113+0000] {processor.py:208} INFO - Processing /opt/airflow/dags/env/Scripts/pybabel.exe took 0.062 seconds
[2025-03-31T09:02:25.689+0000] {processor.py:186} INFO - Started process (PID=8482) to work on /opt/airflow/dags/env/Scripts/pybabel.exe
[2025-03-31T09:02:25.691+0000] {processor.py:914} INFO - Processing file /opt/airflow/dags/env/Scripts/pybabel.exe for tasks to queue
[2025-03-31T09:02:25.697+0000] {logging_mixin.py:190} INFO - [2025-03-31T09:02:25.696+0000] {dagbag.py:588} INFO - Filling up the DagBag from /opt/airflow/dags/env/Scripts/pybabel.exe
[2025-03-31T09:02:25.712+0000] {logging_mixin.py:190} INFO - [2025-03-31T09:02:25.712+0000] {dagbag.py:435} INFO - File /opt/airflow/dags/env/Scripts/pybabel.exe:__main__.py assumed to contain no DAGs. Skipping.
[2025-03-31T09:02:25.713+0000] {processor.py:927} WARNING - No viable dags retrieved from /opt/airflow/dags/env/Scripts/pybabel.exe
[2025-03-31T09:02:25.744+0000] {processor.py:208} INFO - Processing /opt/airflow/dags/env/Scripts/pybabel.exe took 0.068 seconds
[2025-03-31T09:02:56.880+0000] {processor.py:186} INFO - Started process (PID=8506) to work on /opt/airflow/dags/env/Scripts/pybabel.exe
[2025-03-31T09:02:56.883+0000] {processor.py:914} INFO - Processing file /opt/airflow/dags/env/Scripts/pybabel.exe for tasks to queue
[2025-03-31T09:02:56.890+0000] {logging_mixin.py:190} INFO - [2025-03-31T09:02:56.889+0000] {dagbag.py:588} INFO - Filling up the DagBag from /opt/airflow/dags/env/Scripts/pybabel.exe
[2025-03-31T09:02:56.918+0000] {logging_mixin.py:190} INFO - [2025-03-31T09:02:56.918+0000] {dagbag.py:435} INFO - File /opt/airflow/dags/env/Scripts/pybabel.exe:__main__.py assumed to contain no DAGs. Skipping.
[2025-03-31T09:02:56.920+0000] {processor.py:927} WARNING - No viable dags retrieved from /opt/airflow/dags/env/Scripts/pybabel.exe
[2025-03-31T09:02:56.979+0000] {processor.py:208} INFO - Processing /opt/airflow/dags/env/Scripts/pybabel.exe took 0.120 seconds
[2025-03-31T09:03:57.706+0000] {processor.py:186} INFO - Started process (PID=8535) to work on /opt/airflow/dags/env/Scripts/pybabel.exe
[2025-03-31T09:03:57.708+0000] {processor.py:914} INFO - Processing file /opt/airflow/dags/env/Scripts/pybabel.exe for tasks to queue
[2025-03-31T09:03:57.713+0000] {logging_mixin.py:190} INFO - [2025-03-31T09:03:57.712+0000] {dagbag.py:588} INFO - Filling up the DagBag from /opt/airflow/dags/env/Scripts/pybabel.exe
[2025-03-31T09:03:57.727+0000] {logging_mixin.py:190} INFO - [2025-03-31T09:03:57.727+0000] {dagbag.py:435} INFO - File /opt/airflow/dags/env/Scripts/pybabel.exe:__main__.py assumed to contain no DAGs. Skipping.
[2025-03-31T09:03:57.728+0000] {processor.py:927} WARNING - No viable dags retrieved from /opt/airflow/dags/env/Scripts/pybabel.exe
[2025-03-31T09:03:57.759+0000] {processor.py:208} INFO - Processing /opt/airflow/dags/env/Scripts/pybabel.exe took 0.065 seconds
[2025-03-31T09:04:29.438+0000] {processor.py:186} INFO - Started process (PID=8559) to work on /opt/airflow/dags/env/Scripts/pybabel.exe
[2025-03-31T09:04:29.439+0000] {processor.py:914} INFO - Processing file /opt/airflow/dags/env/Scripts/pybabel.exe for tasks to queue
[2025-03-31T09:04:29.444+0000] {logging_mixin.py:190} INFO - [2025-03-31T09:04:29.444+0000] {dagbag.py:588} INFO - Filling up the DagBag from /opt/airflow/dags/env/Scripts/pybabel.exe
[2025-03-31T09:04:29.458+0000] {logging_mixin.py:190} INFO - [2025-03-31T09:04:29.458+0000] {dagbag.py:435} INFO - File /opt/airflow/dags/env/Scripts/pybabel.exe:__main__.py assumed to contain no DAGs. Skipping.
[2025-03-31T09:04:29.460+0000] {processor.py:927} WARNING - No viable dags retrieved from /opt/airflow/dags/env/Scripts/pybabel.exe
[2025-03-31T09:04:29.489+0000] {processor.py:208} INFO - Processing /opt/airflow/dags/env/Scripts/pybabel.exe took 0.062 seconds
[2025-03-31T09:07:25.636+0000] {processor.py:186} INFO - Started process (PID=8584) to work on /opt/airflow/dags/env/Scripts/pybabel.exe
[2025-03-31T09:07:25.638+0000] {processor.py:914} INFO - Processing file /opt/airflow/dags/env/Scripts/pybabel.exe for tasks to queue
[2025-03-31T09:07:25.643+0000] {logging_mixin.py:190} INFO - [2025-03-31T09:07:25.642+0000] {dagbag.py:588} INFO - Filling up the DagBag from /opt/airflow/dags/env/Scripts/pybabel.exe
[2025-03-31T09:07:25.658+0000] {logging_mixin.py:190} INFO - [2025-03-31T09:07:25.658+0000] {dagbag.py:435} INFO - File /opt/airflow/dags/env/Scripts/pybabel.exe:__main__.py assumed to contain no DAGs. Skipping.
[2025-03-31T09:07:25.660+0000] {processor.py:927} WARNING - No viable dags retrieved from /opt/airflow/dags/env/Scripts/pybabel.exe
[2025-03-31T09:07:25.689+0000] {processor.py:208} INFO - Processing /opt/airflow/dags/env/Scripts/pybabel.exe took 0.064 seconds
[2025-03-31T09:07:57.283+0000] {processor.py:186} INFO - Started process (PID=8608) to work on /opt/airflow/dags/env/Scripts/pybabel.exe
[2025-03-31T09:07:57.285+0000] {processor.py:914} INFO - Processing file /opt/airflow/dags/env/Scripts/pybabel.exe for tasks to queue
[2025-03-31T09:07:57.298+0000] {logging_mixin.py:190} INFO - [2025-03-31T09:07:57.297+0000] {dagbag.py:588} INFO - Filling up the DagBag from /opt/airflow/dags/env/Scripts/pybabel.exe
[2025-03-31T09:07:57.318+0000] {logging_mixin.py:190} INFO - [2025-03-31T09:07:57.317+0000] {dagbag.py:435} INFO - File /opt/airflow/dags/env/Scripts/pybabel.exe:__main__.py assumed to contain no DAGs. Skipping.
[2025-03-31T09:07:57.320+0000] {processor.py:927} WARNING - No viable dags retrieved from /opt/airflow/dags/env/Scripts/pybabel.exe
[2025-03-31T09:07:57.365+0000] {processor.py:208} INFO - Processing /opt/airflow/dags/env/Scripts/pybabel.exe took 0.104 seconds
[2025-03-31T09:08:52.700+0000] {processor.py:186} INFO - Started process (PID=8636) to work on /opt/airflow/dags/env/Scripts/pybabel.exe
[2025-03-31T09:08:52.702+0000] {processor.py:914} INFO - Processing file /opt/airflow/dags/env/Scripts/pybabel.exe for tasks to queue
[2025-03-31T09:08:52.707+0000] {logging_mixin.py:190} INFO - [2025-03-31T09:08:52.706+0000] {dagbag.py:588} INFO - Filling up the DagBag from /opt/airflow/dags/env/Scripts/pybabel.exe
[2025-03-31T09:08:52.722+0000] {logging_mixin.py:190} INFO - [2025-03-31T09:08:52.721+0000] {dagbag.py:435} INFO - File /opt/airflow/dags/env/Scripts/pybabel.exe:__main__.py assumed to contain no DAGs. Skipping.
[2025-03-31T09:08:52.723+0000] {processor.py:927} WARNING - No viable dags retrieved from /opt/airflow/dags/env/Scripts/pybabel.exe
[2025-03-31T09:08:52.751+0000] {processor.py:208} INFO - Processing /opt/airflow/dags/env/Scripts/pybabel.exe took 0.063 seconds
[2025-03-31T09:09:23.547+0000] {processor.py:186} INFO - Started process (PID=8660) to work on /opt/airflow/dags/env/Scripts/pybabel.exe
[2025-03-31T09:09:23.551+0000] {processor.py:914} INFO - Processing file /opt/airflow/dags/env/Scripts/pybabel.exe for tasks to queue
[2025-03-31T09:09:23.560+0000] {logging_mixin.py:190} INFO - [2025-03-31T09:09:23.559+0000] {dagbag.py:588} INFO - Filling up the DagBag from /opt/airflow/dags/env/Scripts/pybabel.exe
[2025-03-31T09:09:23.585+0000] {logging_mixin.py:190} INFO - [2025-03-31T09:09:23.584+0000] {dagbag.py:435} INFO - File /opt/airflow/dags/env/Scripts/pybabel.exe:__main__.py assumed to contain no DAGs. Skipping.
[2025-03-31T09:09:23.586+0000] {processor.py:927} WARNING - No viable dags retrieved from /opt/airflow/dags/env/Scripts/pybabel.exe
[2025-03-31T09:09:23.623+0000] {processor.py:208} INFO - Processing /opt/airflow/dags/env/Scripts/pybabel.exe took 0.092 seconds
[2025-03-31T09:12:19.927+0000] {processor.py:186} INFO - Started process (PID=8689) to work on /opt/airflow/dags/env/Scripts/pybabel.exe
[2025-03-31T09:12:19.929+0000] {processor.py:914} INFO - Processing file /opt/airflow/dags/env/Scripts/pybabel.exe for tasks to queue
[2025-03-31T09:12:19.934+0000] {logging_mixin.py:190} INFO - [2025-03-31T09:12:19.933+0000] {dagbag.py:588} INFO - Filling up the DagBag from /opt/airflow/dags/env/Scripts/pybabel.exe
[2025-03-31T09:12:19.948+0000] {logging_mixin.py:190} INFO - [2025-03-31T09:12:19.948+0000] {dagbag.py:435} INFO - File /opt/airflow/dags/env/Scripts/pybabel.exe:__main__.py assumed to contain no DAGs. Skipping.
[2025-03-31T09:12:19.949+0000] {processor.py:927} WARNING - No viable dags retrieved from /opt/airflow/dags/env/Scripts/pybabel.exe
[2025-03-31T09:12:19.978+0000] {processor.py:208} INFO - Processing /opt/airflow/dags/env/Scripts/pybabel.exe took 0.062 seconds
[2025-03-31T09:12:50.947+0000] {processor.py:186} INFO - Started process (PID=8713) to work on /opt/airflow/dags/env/Scripts/pybabel.exe
[2025-03-31T09:12:50.949+0000] {processor.py:914} INFO - Processing file /opt/airflow/dags/env/Scripts/pybabel.exe for tasks to queue
[2025-03-31T09:12:50.953+0000] {logging_mixin.py:190} INFO - [2025-03-31T09:12:50.953+0000] {dagbag.py:588} INFO - Filling up the DagBag from /opt/airflow/dags/env/Scripts/pybabel.exe
[2025-03-31T09:12:50.968+0000] {logging_mixin.py:190} INFO - [2025-03-31T09:12:50.967+0000] {dagbag.py:435} INFO - File /opt/airflow/dags/env/Scripts/pybabel.exe:__main__.py assumed to contain no DAGs. Skipping.
[2025-03-31T09:12:50.969+0000] {processor.py:927} WARNING - No viable dags retrieved from /opt/airflow/dags/env/Scripts/pybabel.exe
[2025-03-31T09:12:51.000+0000] {processor.py:208} INFO - Processing /opt/airflow/dags/env/Scripts/pybabel.exe took 0.063 seconds
[2025-03-31T09:13:47.197+0000] {processor.py:186} INFO - Started process (PID=8747) to work on /opt/airflow/dags/env/Scripts/pybabel.exe
[2025-03-31T09:13:47.199+0000] {processor.py:914} INFO - Processing file /opt/airflow/dags/env/Scripts/pybabel.exe for tasks to queue
[2025-03-31T09:13:47.206+0000] {logging_mixin.py:190} INFO - [2025-03-31T09:13:47.205+0000] {dagbag.py:588} INFO - Filling up the DagBag from /opt/airflow/dags/env/Scripts/pybabel.exe
[2025-03-31T09:13:47.224+0000] {logging_mixin.py:190} INFO - [2025-03-31T09:13:47.223+0000] {dagbag.py:435} INFO - File /opt/airflow/dags/env/Scripts/pybabel.exe:__main__.py assumed to contain no DAGs. Skipping.
[2025-03-31T09:13:47.225+0000] {processor.py:927} WARNING - No viable dags retrieved from /opt/airflow/dags/env/Scripts/pybabel.exe
[2025-03-31T09:13:47.255+0000] {processor.py:208} INFO - Processing /opt/airflow/dags/env/Scripts/pybabel.exe took 0.069 seconds
[2025-03-31T09:14:18.098+0000] {processor.py:186} INFO - Started process (PID=8771) to work on /opt/airflow/dags/env/Scripts/pybabel.exe
[2025-03-31T09:14:18.106+0000] {processor.py:914} INFO - Processing file /opt/airflow/dags/env/Scripts/pybabel.exe for tasks to queue
[2025-03-31T09:14:18.114+0000] {logging_mixin.py:190} INFO - [2025-03-31T09:14:18.113+0000] {dagbag.py:588} INFO - Filling up the DagBag from /opt/airflow/dags/env/Scripts/pybabel.exe
[2025-03-31T09:14:18.137+0000] {logging_mixin.py:190} INFO - [2025-03-31T09:14:18.136+0000] {dagbag.py:435} INFO - File /opt/airflow/dags/env/Scripts/pybabel.exe:__main__.py assumed to contain no DAGs. Skipping.
[2025-03-31T09:14:18.138+0000] {processor.py:927} WARNING - No viable dags retrieved from /opt/airflow/dags/env/Scripts/pybabel.exe
[2025-03-31T09:14:18.193+0000] {processor.py:208} INFO - Processing /opt/airflow/dags/env/Scripts/pybabel.exe took 0.114 seconds
[2025-03-31T09:17:22.074+0000] {processor.py:186} INFO - Started process (PID=8805) to work on /opt/airflow/dags/env/Scripts/pybabel.exe
[2025-03-31T09:17:22.076+0000] {processor.py:914} INFO - Processing file /opt/airflow/dags/env/Scripts/pybabel.exe for tasks to queue
[2025-03-31T09:17:22.083+0000] {logging_mixin.py:190} INFO - [2025-03-31T09:17:22.082+0000] {dagbag.py:588} INFO - Filling up the DagBag from /opt/airflow/dags/env/Scripts/pybabel.exe
[2025-03-31T09:17:22.100+0000] {logging_mixin.py:190} INFO - [2025-03-31T09:17:22.100+0000] {dagbag.py:435} INFO - File /opt/airflow/dags/env/Scripts/pybabel.exe:__main__.py assumed to contain no DAGs. Skipping.
[2025-03-31T09:17:22.102+0000] {processor.py:927} WARNING - No viable dags retrieved from /opt/airflow/dags/env/Scripts/pybabel.exe
[2025-03-31T09:17:22.136+0000] {processor.py:208} INFO - Processing /opt/airflow/dags/env/Scripts/pybabel.exe took 0.077 seconds
[2025-03-31T09:17:52.939+0000] {processor.py:186} INFO - Started process (PID=8829) to work on /opt/airflow/dags/env/Scripts/pybabel.exe
[2025-03-31T09:17:52.941+0000] {processor.py:914} INFO - Processing file /opt/airflow/dags/env/Scripts/pybabel.exe for tasks to queue
[2025-03-31T09:17:52.956+0000] {logging_mixin.py:190} INFO - [2025-03-31T09:17:52.955+0000] {dagbag.py:588} INFO - Filling up the DagBag from /opt/airflow/dags/env/Scripts/pybabel.exe
[2025-03-31T09:17:53.009+0000] {logging_mixin.py:190} INFO - [2025-03-31T09:17:53.008+0000] {dagbag.py:435} INFO - File /opt/airflow/dags/env/Scripts/pybabel.exe:__main__.py assumed to contain no DAGs. Skipping.
[2025-03-31T09:17:53.011+0000] {processor.py:927} WARNING - No viable dags retrieved from /opt/airflow/dags/env/Scripts/pybabel.exe
[2025-03-31T09:17:53.045+0000] {processor.py:208} INFO - Processing /opt/airflow/dags/env/Scripts/pybabel.exe took 0.130 seconds
[2025-03-31T09:18:46.702+0000] {processor.py:186} INFO - Started process (PID=8862) to work on /opt/airflow/dags/env/Scripts/pybabel.exe
[2025-03-31T09:18:46.704+0000] {processor.py:914} INFO - Processing file /opt/airflow/dags/env/Scripts/pybabel.exe for tasks to queue
[2025-03-31T09:18:46.709+0000] {logging_mixin.py:190} INFO - [2025-03-31T09:18:46.708+0000] {dagbag.py:588} INFO - Filling up the DagBag from /opt/airflow/dags/env/Scripts/pybabel.exe
[2025-03-31T09:18:46.724+0000] {logging_mixin.py:190} INFO - [2025-03-31T09:18:46.724+0000] {dagbag.py:435} INFO - File /opt/airflow/dags/env/Scripts/pybabel.exe:__main__.py assumed to contain no DAGs. Skipping.
[2025-03-31T09:18:46.725+0000] {processor.py:927} WARNING - No viable dags retrieved from /opt/airflow/dags/env/Scripts/pybabel.exe
[2025-03-31T09:18:46.755+0000] {processor.py:208} INFO - Processing /opt/airflow/dags/env/Scripts/pybabel.exe took 0.063 seconds
[2025-03-31T09:19:17.474+0000] {processor.py:186} INFO - Started process (PID=8886) to work on /opt/airflow/dags/env/Scripts/pybabel.exe
[2025-03-31T09:19:17.475+0000] {processor.py:914} INFO - Processing file /opt/airflow/dags/env/Scripts/pybabel.exe for tasks to queue
[2025-03-31T09:19:17.480+0000] {logging_mixin.py:190} INFO - [2025-03-31T09:19:17.480+0000] {dagbag.py:588} INFO - Filling up the DagBag from /opt/airflow/dags/env/Scripts/pybabel.exe
[2025-03-31T09:19:17.495+0000] {logging_mixin.py:190} INFO - [2025-03-31T09:19:17.495+0000] {dagbag.py:435} INFO - File /opt/airflow/dags/env/Scripts/pybabel.exe:__main__.py assumed to contain no DAGs. Skipping.
[2025-03-31T09:19:17.497+0000] {processor.py:927} WARNING - No viable dags retrieved from /opt/airflow/dags/env/Scripts/pybabel.exe
[2025-03-31T09:19:17.527+0000] {processor.py:208} INFO - Processing /opt/airflow/dags/env/Scripts/pybabel.exe took 0.065 seconds
[2025-03-31T09:22:25.470+0000] {processor.py:186} INFO - Started process (PID=8920) to work on /opt/airflow/dags/env/Scripts/pybabel.exe
[2025-03-31T09:22:25.471+0000] {processor.py:914} INFO - Processing file /opt/airflow/dags/env/Scripts/pybabel.exe for tasks to queue
[2025-03-31T09:22:25.477+0000] {logging_mixin.py:190} INFO - [2025-03-31T09:22:25.476+0000] {dagbag.py:588} INFO - Filling up the DagBag from /opt/airflow/dags/env/Scripts/pybabel.exe
[2025-03-31T09:22:25.494+0000] {logging_mixin.py:190} INFO - [2025-03-31T09:22:25.494+0000] {dagbag.py:435} INFO - File /opt/airflow/dags/env/Scripts/pybabel.exe:__main__.py assumed to contain no DAGs. Skipping.
[2025-03-31T09:22:25.496+0000] {processor.py:927} WARNING - No viable dags retrieved from /opt/airflow/dags/env/Scripts/pybabel.exe
[2025-03-31T09:22:25.523+0000] {processor.py:208} INFO - Processing /opt/airflow/dags/env/Scripts/pybabel.exe took 0.065 seconds
[2025-03-31T09:22:56.105+0000] {processor.py:186} INFO - Started process (PID=8944) to work on /opt/airflow/dags/env/Scripts/pybabel.exe
[2025-03-31T09:22:56.106+0000] {processor.py:914} INFO - Processing file /opt/airflow/dags/env/Scripts/pybabel.exe for tasks to queue
[2025-03-31T09:22:56.111+0000] {logging_mixin.py:190} INFO - [2025-03-31T09:22:56.110+0000] {dagbag.py:588} INFO - Filling up the DagBag from /opt/airflow/dags/env/Scripts/pybabel.exe
[2025-03-31T09:22:56.125+0000] {logging_mixin.py:190} INFO - [2025-03-31T09:22:56.125+0000] {dagbag.py:435} INFO - File /opt/airflow/dags/env/Scripts/pybabel.exe:__main__.py assumed to contain no DAGs. Skipping.
[2025-03-31T09:22:56.126+0000] {processor.py:927} WARNING - No viable dags retrieved from /opt/airflow/dags/env/Scripts/pybabel.exe
[2025-03-31T09:22:56.155+0000] {processor.py:208} INFO - Processing /opt/airflow/dags/env/Scripts/pybabel.exe took 0.062 seconds
[2025-03-31T09:23:50.267+0000] {processor.py:186} INFO - Started process (PID=8975) to work on /opt/airflow/dags/env/Scripts/pybabel.exe
[2025-03-31T09:23:50.269+0000] {processor.py:914} INFO - Processing file /opt/airflow/dags/env/Scripts/pybabel.exe for tasks to queue
[2025-03-31T09:23:50.274+0000] {logging_mixin.py:190} INFO - [2025-03-31T09:23:50.273+0000] {dagbag.py:588} INFO - Filling up the DagBag from /opt/airflow/dags/env/Scripts/pybabel.exe
[2025-03-31T09:23:50.290+0000] {logging_mixin.py:190} INFO - [2025-03-31T09:23:50.289+0000] {dagbag.py:435} INFO - File /opt/airflow/dags/env/Scripts/pybabel.exe:__main__.py assumed to contain no DAGs. Skipping.
[2025-03-31T09:23:50.291+0000] {processor.py:927} WARNING - No viable dags retrieved from /opt/airflow/dags/env/Scripts/pybabel.exe
[2025-03-31T09:23:50.322+0000] {processor.py:208} INFO - Processing /opt/airflow/dags/env/Scripts/pybabel.exe took 0.065 seconds
[2025-03-31T09:24:21.845+0000] {processor.py:186} INFO - Started process (PID=8999) to work on /opt/airflow/dags/env/Scripts/pybabel.exe
[2025-03-31T09:24:21.847+0000] {processor.py:914} INFO - Processing file /opt/airflow/dags/env/Scripts/pybabel.exe for tasks to queue
[2025-03-31T09:24:21.852+0000] {logging_mixin.py:190} INFO - [2025-03-31T09:24:21.851+0000] {dagbag.py:588} INFO - Filling up the DagBag from /opt/airflow/dags/env/Scripts/pybabel.exe
[2025-03-31T09:24:21.867+0000] {logging_mixin.py:190} INFO - [2025-03-31T09:24:21.866+0000] {dagbag.py:435} INFO - File /opt/airflow/dags/env/Scripts/pybabel.exe:__main__.py assumed to contain no DAGs. Skipping.
[2025-03-31T09:24:21.868+0000] {processor.py:927} WARNING - No viable dags retrieved from /opt/airflow/dags/env/Scripts/pybabel.exe
[2025-03-31T09:24:21.898+0000] {processor.py:208} INFO - Processing /opt/airflow/dags/env/Scripts/pybabel.exe took 0.063 seconds
[2025-03-31T09:27:25.899+0000] {processor.py:186} INFO - Started process (PID=9031) to work on /opt/airflow/dags/env/Scripts/pybabel.exe
[2025-03-31T09:27:25.901+0000] {processor.py:914} INFO - Processing file /opt/airflow/dags/env/Scripts/pybabel.exe for tasks to queue
[2025-03-31T09:27:25.906+0000] {logging_mixin.py:190} INFO - [2025-03-31T09:27:25.906+0000] {dagbag.py:588} INFO - Filling up the DagBag from /opt/airflow/dags/env/Scripts/pybabel.exe
[2025-03-31T09:27:25.922+0000] {logging_mixin.py:190} INFO - [2025-03-31T09:27:25.921+0000] {dagbag.py:435} INFO - File /opt/airflow/dags/env/Scripts/pybabel.exe:__main__.py assumed to contain no DAGs. Skipping.
[2025-03-31T09:27:25.923+0000] {processor.py:927} WARNING - No viable dags retrieved from /opt/airflow/dags/env/Scripts/pybabel.exe
[2025-03-31T09:27:25.954+0000] {processor.py:208} INFO - Processing /opt/airflow/dags/env/Scripts/pybabel.exe took 0.064 seconds
[2025-03-31T09:27:57.159+0000] {processor.py:186} INFO - Started process (PID=9055) to work on /opt/airflow/dags/env/Scripts/pybabel.exe
[2025-03-31T09:27:57.161+0000] {processor.py:914} INFO - Processing file /opt/airflow/dags/env/Scripts/pybabel.exe for tasks to queue
[2025-03-31T09:27:57.168+0000] {logging_mixin.py:190} INFO - [2025-03-31T09:27:57.167+0000] {dagbag.py:588} INFO - Filling up the DagBag from /opt/airflow/dags/env/Scripts/pybabel.exe
[2025-03-31T09:27:57.186+0000] {logging_mixin.py:190} INFO - [2025-03-31T09:27:57.186+0000] {dagbag.py:435} INFO - File /opt/airflow/dags/env/Scripts/pybabel.exe:__main__.py assumed to contain no DAGs. Skipping.
[2025-03-31T09:27:57.188+0000] {processor.py:927} WARNING - No viable dags retrieved from /opt/airflow/dags/env/Scripts/pybabel.exe
[2025-03-31T09:27:57.222+0000] {processor.py:208} INFO - Processing /opt/airflow/dags/env/Scripts/pybabel.exe took 0.076 seconds
[2025-03-31T09:28:50.409+0000] {processor.py:186} INFO - Started process (PID=9086) to work on /opt/airflow/dags/env/Scripts/pybabel.exe
[2025-03-31T09:28:50.411+0000] {processor.py:914} INFO - Processing file /opt/airflow/dags/env/Scripts/pybabel.exe for tasks to queue
[2025-03-31T09:28:50.418+0000] {logging_mixin.py:190} INFO - [2025-03-31T09:28:50.417+0000] {dagbag.py:588} INFO - Filling up the DagBag from /opt/airflow/dags/env/Scripts/pybabel.exe
[2025-03-31T09:28:50.432+0000] {logging_mixin.py:190} INFO - [2025-03-31T09:28:50.431+0000] {dagbag.py:435} INFO - File /opt/airflow/dags/env/Scripts/pybabel.exe:__main__.py assumed to contain no DAGs. Skipping.
[2025-03-31T09:28:50.433+0000] {processor.py:927} WARNING - No viable dags retrieved from /opt/airflow/dags/env/Scripts/pybabel.exe
[2025-03-31T09:28:50.463+0000] {processor.py:208} INFO - Processing /opt/airflow/dags/env/Scripts/pybabel.exe took 0.064 seconds
[2025-03-31T09:29:21.149+0000] {processor.py:186} INFO - Started process (PID=9110) to work on /opt/airflow/dags/env/Scripts/pybabel.exe
[2025-03-31T09:29:21.151+0000] {processor.py:914} INFO - Processing file /opt/airflow/dags/env/Scripts/pybabel.exe for tasks to queue
[2025-03-31T09:29:21.156+0000] {logging_mixin.py:190} INFO - [2025-03-31T09:29:21.155+0000] {dagbag.py:588} INFO - Filling up the DagBag from /opt/airflow/dags/env/Scripts/pybabel.exe
[2025-03-31T09:29:21.169+0000] {logging_mixin.py:190} INFO - [2025-03-31T09:29:21.169+0000] {dagbag.py:435} INFO - File /opt/airflow/dags/env/Scripts/pybabel.exe:__main__.py assumed to contain no DAGs. Skipping.
[2025-03-31T09:29:21.171+0000] {processor.py:927} WARNING - No viable dags retrieved from /opt/airflow/dags/env/Scripts/pybabel.exe
[2025-03-31T09:29:21.200+0000] {processor.py:208} INFO - Processing /opt/airflow/dags/env/Scripts/pybabel.exe took 0.063 seconds
[2025-03-31T09:32:25.538+0000] {processor.py:186} INFO - Started process (PID=9142) to work on /opt/airflow/dags/env/Scripts/pybabel.exe
[2025-03-31T09:32:25.540+0000] {processor.py:914} INFO - Processing file /opt/airflow/dags/env/Scripts/pybabel.exe for tasks to queue
[2025-03-31T09:32:25.548+0000] {logging_mixin.py:190} INFO - [2025-03-31T09:32:25.547+0000] {dagbag.py:588} INFO - Filling up the DagBag from /opt/airflow/dags/env/Scripts/pybabel.exe
[2025-03-31T09:32:25.566+0000] {logging_mixin.py:190} INFO - [2025-03-31T09:32:25.566+0000] {dagbag.py:435} INFO - File /opt/airflow/dags/env/Scripts/pybabel.exe:__main__.py assumed to contain no DAGs. Skipping.
[2025-03-31T09:32:25.568+0000] {processor.py:927} WARNING - No viable dags retrieved from /opt/airflow/dags/env/Scripts/pybabel.exe
[2025-03-31T09:32:25.611+0000] {processor.py:208} INFO - Processing /opt/airflow/dags/env/Scripts/pybabel.exe took 0.086 seconds
[2025-03-31T09:32:56.673+0000] {processor.py:186} INFO - Started process (PID=9166) to work on /opt/airflow/dags/env/Scripts/pybabel.exe
[2025-03-31T09:32:56.675+0000] {processor.py:914} INFO - Processing file /opt/airflow/dags/env/Scripts/pybabel.exe for tasks to queue
[2025-03-31T09:32:56.680+0000] {logging_mixin.py:190} INFO - [2025-03-31T09:32:56.679+0000] {dagbag.py:588} INFO - Filling up the DagBag from /opt/airflow/dags/env/Scripts/pybabel.exe
[2025-03-31T09:32:56.695+0000] {logging_mixin.py:190} INFO - [2025-03-31T09:32:56.694+0000] {dagbag.py:435} INFO - File /opt/airflow/dags/env/Scripts/pybabel.exe:__main__.py assumed to contain no DAGs. Skipping.
[2025-03-31T09:32:56.696+0000] {processor.py:927} WARNING - No viable dags retrieved from /opt/airflow/dags/env/Scripts/pybabel.exe
[2025-03-31T09:32:56.726+0000] {processor.py:208} INFO - Processing /opt/airflow/dags/env/Scripts/pybabel.exe took 0.065 seconds
[2025-03-31T09:33:49.883+0000] {processor.py:186} INFO - Started process (PID=9198) to work on /opt/airflow/dags/env/Scripts/pybabel.exe
[2025-03-31T09:33:49.886+0000] {processor.py:914} INFO - Processing file /opt/airflow/dags/env/Scripts/pybabel.exe for tasks to queue
[2025-03-31T09:33:49.894+0000] {logging_mixin.py:190} INFO - [2025-03-31T09:33:49.893+0000] {dagbag.py:588} INFO - Filling up the DagBag from /opt/airflow/dags/env/Scripts/pybabel.exe
[2025-03-31T09:33:49.910+0000] {logging_mixin.py:190} INFO - [2025-03-31T09:33:49.909+0000] {dagbag.py:435} INFO - File /opt/airflow/dags/env/Scripts/pybabel.exe:__main__.py assumed to contain no DAGs. Skipping.
[2025-03-31T09:33:49.911+0000] {processor.py:927} WARNING - No viable dags retrieved from /opt/airflow/dags/env/Scripts/pybabel.exe
[2025-03-31T09:33:49.944+0000] {processor.py:208} INFO - Processing /opt/airflow/dags/env/Scripts/pybabel.exe took 0.084 seconds
[2025-03-31T09:34:21.148+0000] {processor.py:186} INFO - Started process (PID=9222) to work on /opt/airflow/dags/env/Scripts/pybabel.exe
[2025-03-31T09:34:21.150+0000] {processor.py:914} INFO - Processing file /opt/airflow/dags/env/Scripts/pybabel.exe for tasks to queue
[2025-03-31T09:34:21.156+0000] {logging_mixin.py:190} INFO - [2025-03-31T09:34:21.156+0000] {dagbag.py:588} INFO - Filling up the DagBag from /opt/airflow/dags/env/Scripts/pybabel.exe
[2025-03-31T09:34:21.171+0000] {logging_mixin.py:190} INFO - [2025-03-31T09:34:21.170+0000] {dagbag.py:435} INFO - File /opt/airflow/dags/env/Scripts/pybabel.exe:__main__.py assumed to contain no DAGs. Skipping.
[2025-03-31T09:34:21.172+0000] {processor.py:927} WARNING - No viable dags retrieved from /opt/airflow/dags/env/Scripts/pybabel.exe
[2025-03-31T09:34:21.206+0000] {processor.py:208} INFO - Processing /opt/airflow/dags/env/Scripts/pybabel.exe took 0.065 seconds
[2025-03-31T09:37:33.949+0000] {processor.py:186} INFO - Started process (PID=9255) to work on /opt/airflow/dags/env/Scripts/pybabel.exe
[2025-03-31T09:37:33.962+0000] {processor.py:914} INFO - Processing file /opt/airflow/dags/env/Scripts/pybabel.exe for tasks to queue
[2025-03-31T09:37:33.970+0000] {logging_mixin.py:190} INFO - [2025-03-31T09:37:33.969+0000] {dagbag.py:588} INFO - Filling up the DagBag from /opt/airflow/dags/env/Scripts/pybabel.exe
[2025-03-31T09:37:33.997+0000] {logging_mixin.py:190} INFO - [2025-03-31T09:37:33.996+0000] {dagbag.py:435} INFO - File /opt/airflow/dags/env/Scripts/pybabel.exe:__main__.py assumed to contain no DAGs. Skipping.
[2025-03-31T09:37:33.998+0000] {processor.py:927} WARNING - No viable dags retrieved from /opt/airflow/dags/env/Scripts/pybabel.exe
[2025-03-31T09:37:34.054+0000] {processor.py:208} INFO - Processing /opt/airflow/dags/env/Scripts/pybabel.exe took 0.125 seconds
[2025-03-31T09:38:04.910+0000] {processor.py:186} INFO - Started process (PID=9279) to work on /opt/airflow/dags/env/Scripts/pybabel.exe
[2025-03-31T09:38:04.912+0000] {processor.py:914} INFO - Processing file /opt/airflow/dags/env/Scripts/pybabel.exe for tasks to queue
[2025-03-31T09:38:04.919+0000] {logging_mixin.py:190} INFO - [2025-03-31T09:38:04.918+0000] {dagbag.py:588} INFO - Filling up the DagBag from /opt/airflow/dags/env/Scripts/pybabel.exe
[2025-03-31T09:38:04.943+0000] {logging_mixin.py:190} INFO - [2025-03-31T09:38:04.942+0000] {dagbag.py:435} INFO - File /opt/airflow/dags/env/Scripts/pybabel.exe:__main__.py assumed to contain no DAGs. Skipping.
[2025-03-31T09:38:04.946+0000] {processor.py:927} WARNING - No viable dags retrieved from /opt/airflow/dags/env/Scripts/pybabel.exe
[2025-03-31T09:38:04.984+0000] {processor.py:208} INFO - Processing /opt/airflow/dags/env/Scripts/pybabel.exe took 0.098 seconds
[2025-03-31T09:38:58.937+0000] {processor.py:186} INFO - Started process (PID=9305) to work on /opt/airflow/dags/env/Scripts/pybabel.exe
[2025-03-31T09:38:58.939+0000] {processor.py:914} INFO - Processing file /opt/airflow/dags/env/Scripts/pybabel.exe for tasks to queue
[2025-03-31T09:38:58.946+0000] {logging_mixin.py:190} INFO - [2025-03-31T09:38:58.945+0000] {dagbag.py:588} INFO - Filling up the DagBag from /opt/airflow/dags/env/Scripts/pybabel.exe
[2025-03-31T09:38:58.960+0000] {logging_mixin.py:190} INFO - [2025-03-31T09:38:58.959+0000] {dagbag.py:435} INFO - File /opt/airflow/dags/env/Scripts/pybabel.exe:__main__.py assumed to contain no DAGs. Skipping.
[2025-03-31T09:38:58.961+0000] {processor.py:927} WARNING - No viable dags retrieved from /opt/airflow/dags/env/Scripts/pybabel.exe
[2025-03-31T09:38:58.990+0000] {processor.py:208} INFO - Processing /opt/airflow/dags/env/Scripts/pybabel.exe took 0.064 seconds
[2025-03-31T09:39:29.974+0000] {processor.py:186} INFO - Started process (PID=9329) to work on /opt/airflow/dags/env/Scripts/pybabel.exe
[2025-03-31T09:39:29.976+0000] {processor.py:914} INFO - Processing file /opt/airflow/dags/env/Scripts/pybabel.exe for tasks to queue
[2025-03-31T09:39:29.982+0000] {logging_mixin.py:190} INFO - [2025-03-31T09:39:29.981+0000] {dagbag.py:588} INFO - Filling up the DagBag from /opt/airflow/dags/env/Scripts/pybabel.exe
[2025-03-31T09:39:30.004+0000] {logging_mixin.py:190} INFO - [2025-03-31T09:39:30.003+0000] {dagbag.py:435} INFO - File /opt/airflow/dags/env/Scripts/pybabel.exe:__main__.py assumed to contain no DAGs. Skipping.
[2025-03-31T09:39:30.006+0000] {processor.py:927} WARNING - No viable dags retrieved from /opt/airflow/dags/env/Scripts/pybabel.exe
[2025-03-31T09:39:30.046+0000] {processor.py:208} INFO - Processing /opt/airflow/dags/env/Scripts/pybabel.exe took 0.096 seconds
[2025-03-31T09:42:34.700+0000] {processor.py:186} INFO - Started process (PID=9356) to work on /opt/airflow/dags/env/Scripts/pybabel.exe
[2025-03-31T09:42:34.702+0000] {processor.py:914} INFO - Processing file /opt/airflow/dags/env/Scripts/pybabel.exe for tasks to queue
[2025-03-31T09:42:34.710+0000] {logging_mixin.py:190} INFO - [2025-03-31T09:42:34.709+0000] {dagbag.py:588} INFO - Filling up the DagBag from /opt/airflow/dags/env/Scripts/pybabel.exe
[2025-03-31T09:42:34.728+0000] {logging_mixin.py:190} INFO - [2025-03-31T09:42:34.727+0000] {dagbag.py:435} INFO - File /opt/airflow/dags/env/Scripts/pybabel.exe:__main__.py assumed to contain no DAGs. Skipping.
[2025-03-31T09:42:34.729+0000] {processor.py:927} WARNING - No viable dags retrieved from /opt/airflow/dags/env/Scripts/pybabel.exe
[2025-03-31T09:42:34.765+0000] {processor.py:208} INFO - Processing /opt/airflow/dags/env/Scripts/pybabel.exe took 0.077 seconds
[2025-03-31T09:43:06.169+0000] {processor.py:186} INFO - Started process (PID=9380) to work on /opt/airflow/dags/env/Scripts/pybabel.exe
[2025-03-31T09:43:06.171+0000] {processor.py:914} INFO - Processing file /opt/airflow/dags/env/Scripts/pybabel.exe for tasks to queue
[2025-03-31T09:43:06.178+0000] {logging_mixin.py:190} INFO - [2025-03-31T09:43:06.177+0000] {dagbag.py:588} INFO - Filling up the DagBag from /opt/airflow/dags/env/Scripts/pybabel.exe
[2025-03-31T09:43:06.192+0000] {logging_mixin.py:190} INFO - [2025-03-31T09:43:06.192+0000] {dagbag.py:435} INFO - File /opt/airflow/dags/env/Scripts/pybabel.exe:__main__.py assumed to contain no DAGs. Skipping.
[2025-03-31T09:43:06.194+0000] {processor.py:927} WARNING - No viable dags retrieved from /opt/airflow/dags/env/Scripts/pybabel.exe
[2025-03-31T09:43:06.223+0000] {processor.py:208} INFO - Processing /opt/airflow/dags/env/Scripts/pybabel.exe took 0.065 seconds
[2025-03-31T09:44:01.020+0000] {processor.py:186} INFO - Started process (PID=9406) to work on /opt/airflow/dags/env/Scripts/pybabel.exe
[2025-03-31T09:44:01.023+0000] {processor.py:914} INFO - Processing file /opt/airflow/dags/env/Scripts/pybabel.exe for tasks to queue
[2025-03-31T09:44:01.028+0000] {logging_mixin.py:190} INFO - [2025-03-31T09:44:01.027+0000] {dagbag.py:588} INFO - Filling up the DagBag from /opt/airflow/dags/env/Scripts/pybabel.exe
[2025-03-31T09:44:01.043+0000] {logging_mixin.py:190} INFO - [2025-03-31T09:44:01.043+0000] {dagbag.py:435} INFO - File /opt/airflow/dags/env/Scripts/pybabel.exe:__main__.py assumed to contain no DAGs. Skipping.
[2025-03-31T09:44:01.044+0000] {processor.py:927} WARNING - No viable dags retrieved from /opt/airflow/dags/env/Scripts/pybabel.exe
[2025-03-31T09:44:01.075+0000] {processor.py:208} INFO - Processing /opt/airflow/dags/env/Scripts/pybabel.exe took 0.065 seconds
[2025-03-31T09:44:32.207+0000] {processor.py:186} INFO - Started process (PID=9430) to work on /opt/airflow/dags/env/Scripts/pybabel.exe
[2025-03-31T09:44:32.209+0000] {processor.py:914} INFO - Processing file /opt/airflow/dags/env/Scripts/pybabel.exe for tasks to queue
[2025-03-31T09:44:32.218+0000] {logging_mixin.py:190} INFO - [2025-03-31T09:44:32.217+0000] {dagbag.py:588} INFO - Filling up the DagBag from /opt/airflow/dags/env/Scripts/pybabel.exe
[2025-03-31T09:44:32.238+0000] {logging_mixin.py:190} INFO - [2025-03-31T09:44:32.237+0000] {dagbag.py:435} INFO - File /opt/airflow/dags/env/Scripts/pybabel.exe:__main__.py assumed to contain no DAGs. Skipping.
[2025-03-31T09:44:32.240+0000] {processor.py:927} WARNING - No viable dags retrieved from /opt/airflow/dags/env/Scripts/pybabel.exe
[2025-03-31T09:44:32.305+0000] {processor.py:208} INFO - Processing /opt/airflow/dags/env/Scripts/pybabel.exe took 0.129 seconds
[2025-03-31T09:47:33.524+0000] {processor.py:186} INFO - Started process (PID=9456) to work on /opt/airflow/dags/env/Scripts/pybabel.exe
[2025-03-31T09:47:33.525+0000] {processor.py:914} INFO - Processing file /opt/airflow/dags/env/Scripts/pybabel.exe for tasks to queue
[2025-03-31T09:47:33.529+0000] {logging_mixin.py:190} INFO - [2025-03-31T09:47:33.529+0000] {dagbag.py:588} INFO - Filling up the DagBag from /opt/airflow/dags/env/Scripts/pybabel.exe
[2025-03-31T09:47:33.544+0000] {logging_mixin.py:190} INFO - [2025-03-31T09:47:33.543+0000] {dagbag.py:435} INFO - File /opt/airflow/dags/env/Scripts/pybabel.exe:__main__.py assumed to contain no DAGs. Skipping.
[2025-03-31T09:47:33.545+0000] {processor.py:927} WARNING - No viable dags retrieved from /opt/airflow/dags/env/Scripts/pybabel.exe
[2025-03-31T09:47:33.571+0000] {processor.py:208} INFO - Processing /opt/airflow/dags/env/Scripts/pybabel.exe took 0.060 seconds
[2025-03-31T09:48:04.570+0000] {processor.py:186} INFO - Started process (PID=9480) to work on /opt/airflow/dags/env/Scripts/pybabel.exe
[2025-03-31T09:48:04.574+0000] {processor.py:914} INFO - Processing file /opt/airflow/dags/env/Scripts/pybabel.exe for tasks to queue
[2025-03-31T09:48:04.583+0000] {logging_mixin.py:190} INFO - [2025-03-31T09:48:04.582+0000] {dagbag.py:588} INFO - Filling up the DagBag from /opt/airflow/dags/env/Scripts/pybabel.exe
[2025-03-31T09:48:04.608+0000] {logging_mixin.py:190} INFO - [2025-03-31T09:48:04.607+0000] {dagbag.py:435} INFO - File /opt/airflow/dags/env/Scripts/pybabel.exe:__main__.py assumed to contain no DAGs. Skipping.
[2025-03-31T09:48:04.610+0000] {processor.py:927} WARNING - No viable dags retrieved from /opt/airflow/dags/env/Scripts/pybabel.exe
[2025-03-31T09:48:04.670+0000] {processor.py:208} INFO - Processing /opt/airflow/dags/env/Scripts/pybabel.exe took 0.119 seconds
[2025-03-31T09:48:52.906+0000] {processor.py:186} INFO - Started process (PID=9508) to work on /opt/airflow/dags/env/Scripts/pybabel.exe
[2025-03-31T09:48:52.908+0000] {processor.py:914} INFO - Processing file /opt/airflow/dags/env/Scripts/pybabel.exe for tasks to queue
[2025-03-31T09:48:52.913+0000] {logging_mixin.py:190} INFO - [2025-03-31T09:48:52.913+0000] {dagbag.py:588} INFO - Filling up the DagBag from /opt/airflow/dags/env/Scripts/pybabel.exe
[2025-03-31T09:48:52.927+0000] {logging_mixin.py:190} INFO - [2025-03-31T09:48:52.927+0000] {dagbag.py:435} INFO - File /opt/airflow/dags/env/Scripts/pybabel.exe:__main__.py assumed to contain no DAGs. Skipping.
[2025-03-31T09:48:52.928+0000] {processor.py:927} WARNING - No viable dags retrieved from /opt/airflow/dags/env/Scripts/pybabel.exe
[2025-03-31T09:48:52.957+0000] {processor.py:208} INFO - Processing /opt/airflow/dags/env/Scripts/pybabel.exe took 0.062 seconds
[2025-03-31T09:49:23.736+0000] {processor.py:186} INFO - Started process (PID=9532) to work on /opt/airflow/dags/env/Scripts/pybabel.exe
[2025-03-31T09:49:23.739+0000] {processor.py:914} INFO - Processing file /opt/airflow/dags/env/Scripts/pybabel.exe for tasks to queue
[2025-03-31T09:49:23.744+0000] {logging_mixin.py:190} INFO - [2025-03-31T09:49:23.744+0000] {dagbag.py:588} INFO - Filling up the DagBag from /opt/airflow/dags/env/Scripts/pybabel.exe
[2025-03-31T09:49:23.762+0000] {logging_mixin.py:190} INFO - [2025-03-31T09:49:23.762+0000] {dagbag.py:435} INFO - File /opt/airflow/dags/env/Scripts/pybabel.exe:__main__.py assumed to contain no DAGs. Skipping.
[2025-03-31T09:49:23.763+0000] {processor.py:927} WARNING - No viable dags retrieved from /opt/airflow/dags/env/Scripts/pybabel.exe
[2025-03-31T09:49:23.792+0000] {processor.py:208} INFO - Processing /opt/airflow/dags/env/Scripts/pybabel.exe took 0.072 seconds
[2025-03-31T09:52:25.835+0000] {processor.py:186} INFO - Started process (PID=9564) to work on /opt/airflow/dags/env/Scripts/pybabel.exe
[2025-03-31T09:52:25.837+0000] {processor.py:914} INFO - Processing file /opt/airflow/dags/env/Scripts/pybabel.exe for tasks to queue
[2025-03-31T09:52:25.843+0000] {logging_mixin.py:190} INFO - [2025-03-31T09:52:25.842+0000] {dagbag.py:588} INFO - Filling up the DagBag from /opt/airflow/dags/env/Scripts/pybabel.exe
[2025-03-31T09:52:25.859+0000] {logging_mixin.py:190} INFO - [2025-03-31T09:52:25.858+0000] {dagbag.py:435} INFO - File /opt/airflow/dags/env/Scripts/pybabel.exe:__main__.py assumed to contain no DAGs. Skipping.
[2025-03-31T09:52:25.861+0000] {processor.py:927} WARNING - No viable dags retrieved from /opt/airflow/dags/env/Scripts/pybabel.exe
[2025-03-31T09:52:25.896+0000] {processor.py:208} INFO - Processing /opt/airflow/dags/env/Scripts/pybabel.exe took 0.072 seconds
[2025-03-31T09:52:56.276+0000] {processor.py:186} INFO - Started process (PID=9588) to work on /opt/airflow/dags/env/Scripts/pybabel.exe
[2025-03-31T09:52:56.279+0000] {processor.py:914} INFO - Processing file /opt/airflow/dags/env/Scripts/pybabel.exe for tasks to queue
[2025-03-31T09:52:56.287+0000] {logging_mixin.py:190} INFO - [2025-03-31T09:52:56.285+0000] {dagbag.py:588} INFO - Filling up the DagBag from /opt/airflow/dags/env/Scripts/pybabel.exe
[2025-03-31T09:52:56.312+0000] {logging_mixin.py:190} INFO - [2025-03-31T09:52:56.311+0000] {dagbag.py:435} INFO - File /opt/airflow/dags/env/Scripts/pybabel.exe:__main__.py assumed to contain no DAGs. Skipping.
[2025-03-31T09:52:56.314+0000] {processor.py:927} WARNING - No viable dags retrieved from /opt/airflow/dags/env/Scripts/pybabel.exe
[2025-03-31T09:52:56.361+0000] {processor.py:208} INFO - Processing /opt/airflow/dags/env/Scripts/pybabel.exe took 0.099 seconds
[2025-03-31T09:53:50.971+0000] {processor.py:186} INFO - Started process (PID=9623) to work on /opt/airflow/dags/env/Scripts/pybabel.exe
[2025-03-31T09:53:50.973+0000] {processor.py:914} INFO - Processing file /opt/airflow/dags/env/Scripts/pybabel.exe for tasks to queue
[2025-03-31T09:53:50.978+0000] {logging_mixin.py:190} INFO - [2025-03-31T09:53:50.977+0000] {dagbag.py:588} INFO - Filling up the DagBag from /opt/airflow/dags/env/Scripts/pybabel.exe
[2025-03-31T09:53:50.992+0000] {logging_mixin.py:190} INFO - [2025-03-31T09:53:50.992+0000] {dagbag.py:435} INFO - File /opt/airflow/dags/env/Scripts/pybabel.exe:__main__.py assumed to contain no DAGs. Skipping.
[2025-03-31T09:53:50.994+0000] {processor.py:927} WARNING - No viable dags retrieved from /opt/airflow/dags/env/Scripts/pybabel.exe
[2025-03-31T09:53:51.025+0000] {processor.py:208} INFO - Processing /opt/airflow/dags/env/Scripts/pybabel.exe took 0.065 seconds
[2025-03-31T09:54:21.848+0000] {processor.py:186} INFO - Started process (PID=9647) to work on /opt/airflow/dags/env/Scripts/pybabel.exe
[2025-03-31T09:54:21.850+0000] {processor.py:914} INFO - Processing file /opt/airflow/dags/env/Scripts/pybabel.exe for tasks to queue
[2025-03-31T09:54:21.855+0000] {logging_mixin.py:190} INFO - [2025-03-31T09:54:21.854+0000] {dagbag.py:588} INFO - Filling up the DagBag from /opt/airflow/dags/env/Scripts/pybabel.exe
[2025-03-31T09:54:21.869+0000] {logging_mixin.py:190} INFO - [2025-03-31T09:54:21.869+0000] {dagbag.py:435} INFO - File /opt/airflow/dags/env/Scripts/pybabel.exe:__main__.py assumed to contain no DAGs. Skipping.
[2025-03-31T09:54:21.871+0000] {processor.py:927} WARNING - No viable dags retrieved from /opt/airflow/dags/env/Scripts/pybabel.exe
[2025-03-31T09:54:21.910+0000] {processor.py:208} INFO - Processing /opt/airflow/dags/env/Scripts/pybabel.exe took 0.072 seconds
[2025-03-31T09:57:28.496+0000] {processor.py:186} INFO - Started process (PID=9682) to work on /opt/airflow/dags/env/Scripts/pybabel.exe
[2025-03-31T09:57:28.498+0000] {processor.py:914} INFO - Processing file /opt/airflow/dags/env/Scripts/pybabel.exe for tasks to queue
[2025-03-31T09:57:28.503+0000] {logging_mixin.py:190} INFO - [2025-03-31T09:57:28.503+0000] {dagbag.py:588} INFO - Filling up the DagBag from /opt/airflow/dags/env/Scripts/pybabel.exe
[2025-03-31T09:57:28.519+0000] {logging_mixin.py:190} INFO - [2025-03-31T09:57:28.519+0000] {dagbag.py:435} INFO - File /opt/airflow/dags/env/Scripts/pybabel.exe:__main__.py assumed to contain no DAGs. Skipping.
[2025-03-31T09:57:28.521+0000] {processor.py:927} WARNING - No viable dags retrieved from /opt/airflow/dags/env/Scripts/pybabel.exe
[2025-03-31T09:57:28.549+0000] {processor.py:208} INFO - Processing /opt/airflow/dags/env/Scripts/pybabel.exe took 0.063 seconds
[2025-03-31T09:58:00.357+0000] {processor.py:186} INFO - Started process (PID=9706) to work on /opt/airflow/dags/env/Scripts/pybabel.exe
[2025-03-31T09:58:00.359+0000] {processor.py:914} INFO - Processing file /opt/airflow/dags/env/Scripts/pybabel.exe for tasks to queue
[2025-03-31T09:58:00.364+0000] {logging_mixin.py:190} INFO - [2025-03-31T09:58:00.364+0000] {dagbag.py:588} INFO - Filling up the DagBag from /opt/airflow/dags/env/Scripts/pybabel.exe
[2025-03-31T09:58:00.378+0000] {logging_mixin.py:190} INFO - [2025-03-31T09:58:00.377+0000] {dagbag.py:435} INFO - File /opt/airflow/dags/env/Scripts/pybabel.exe:__main__.py assumed to contain no DAGs. Skipping.
[2025-03-31T09:58:00.379+0000] {processor.py:927} WARNING - No viable dags retrieved from /opt/airflow/dags/env/Scripts/pybabel.exe
[2025-03-31T09:58:00.412+0000] {processor.py:208} INFO - Processing /opt/airflow/dags/env/Scripts/pybabel.exe took 0.062 seconds
[2025-03-31T09:58:51.091+0000] {processor.py:186} INFO - Started process (PID=9739) to work on /opt/airflow/dags/env/Scripts/pybabel.exe
[2025-03-31T09:58:51.093+0000] {processor.py:914} INFO - Processing file /opt/airflow/dags/env/Scripts/pybabel.exe for tasks to queue
[2025-03-31T09:58:51.098+0000] {logging_mixin.py:190} INFO - [2025-03-31T09:58:51.097+0000] {dagbag.py:588} INFO - Filling up the DagBag from /opt/airflow/dags/env/Scripts/pybabel.exe
[2025-03-31T09:58:51.114+0000] {logging_mixin.py:190} INFO - [2025-03-31T09:58:51.113+0000] {dagbag.py:435} INFO - File /opt/airflow/dags/env/Scripts/pybabel.exe:__main__.py assumed to contain no DAGs. Skipping.
[2025-03-31T09:58:51.115+0000] {processor.py:927} WARNING - No viable dags retrieved from /opt/airflow/dags/env/Scripts/pybabel.exe
[2025-03-31T09:58:51.143+0000] {processor.py:208} INFO - Processing /opt/airflow/dags/env/Scripts/pybabel.exe took 0.063 seconds
[2025-03-31T09:59:21.909+0000] {processor.py:186} INFO - Started process (PID=9763) to work on /opt/airflow/dags/env/Scripts/pybabel.exe
[2025-03-31T09:59:21.912+0000] {processor.py:914} INFO - Processing file /opt/airflow/dags/env/Scripts/pybabel.exe for tasks to queue
[2025-03-31T09:59:21.919+0000] {logging_mixin.py:190} INFO - [2025-03-31T09:59:21.918+0000] {dagbag.py:588} INFO - Filling up the DagBag from /opt/airflow/dags/env/Scripts/pybabel.exe
[2025-03-31T09:59:21.937+0000] {logging_mixin.py:190} INFO - [2025-03-31T09:59:21.936+0000] {dagbag.py:435} INFO - File /opt/airflow/dags/env/Scripts/pybabel.exe:__main__.py assumed to contain no DAGs. Skipping.
[2025-03-31T09:59:21.939+0000] {processor.py:927} WARNING - No viable dags retrieved from /opt/airflow/dags/env/Scripts/pybabel.exe
[2025-03-31T09:59:21.974+0000] {processor.py:208} INFO - Processing /opt/airflow/dags/env/Scripts/pybabel.exe took 0.081 seconds
[2025-03-31T10:02:30.075+0000] {processor.py:186} INFO - Started process (PID=9798) to work on /opt/airflow/dags/env/Scripts/pybabel.exe
[2025-03-31T10:02:30.077+0000] {processor.py:914} INFO - Processing file /opt/airflow/dags/env/Scripts/pybabel.exe for tasks to queue
[2025-03-31T10:02:30.083+0000] {logging_mixin.py:190} INFO - [2025-03-31T10:02:30.082+0000] {dagbag.py:588} INFO - Filling up the DagBag from /opt/airflow/dags/env/Scripts/pybabel.exe
[2025-03-31T10:02:30.100+0000] {logging_mixin.py:190} INFO - [2025-03-31T10:02:30.099+0000] {dagbag.py:435} INFO - File /opt/airflow/dags/env/Scripts/pybabel.exe:__main__.py assumed to contain no DAGs. Skipping.
[2025-03-31T10:02:30.101+0000] {processor.py:927} WARNING - No viable dags retrieved from /opt/airflow/dags/env/Scripts/pybabel.exe
[2025-03-31T10:02:30.139+0000] {processor.py:208} INFO - Processing /opt/airflow/dags/env/Scripts/pybabel.exe took 0.076 seconds
[2025-03-31T10:03:00.586+0000] {processor.py:186} INFO - Started process (PID=9822) to work on /opt/airflow/dags/env/Scripts/pybabel.exe
[2025-03-31T10:03:00.588+0000] {processor.py:914} INFO - Processing file /opt/airflow/dags/env/Scripts/pybabel.exe for tasks to queue
[2025-03-31T10:03:00.595+0000] {logging_mixin.py:190} INFO - [2025-03-31T10:03:00.594+0000] {dagbag.py:588} INFO - Filling up the DagBag from /opt/airflow/dags/env/Scripts/pybabel.exe
[2025-03-31T10:03:00.609+0000] {logging_mixin.py:190} INFO - [2025-03-31T10:03:00.608+0000] {dagbag.py:435} INFO - File /opt/airflow/dags/env/Scripts/pybabel.exe:__main__.py assumed to contain no DAGs. Skipping.
[2025-03-31T10:03:00.610+0000] {processor.py:927} WARNING - No viable dags retrieved from /opt/airflow/dags/env/Scripts/pybabel.exe
[2025-03-31T10:03:00.645+0000] {processor.py:208} INFO - Processing /opt/airflow/dags/env/Scripts/pybabel.exe took 0.067 seconds
[2025-03-31T10:03:52.125+0000] {processor.py:186} INFO - Started process (PID=9855) to work on /opt/airflow/dags/env/Scripts/pybabel.exe
[2025-03-31T10:03:52.130+0000] {processor.py:914} INFO - Processing file /opt/airflow/dags/env/Scripts/pybabel.exe for tasks to queue
[2025-03-31T10:03:52.144+0000] {logging_mixin.py:190} INFO - [2025-03-31T10:03:52.139+0000] {dagbag.py:588} INFO - Filling up the DagBag from /opt/airflow/dags/env/Scripts/pybabel.exe
[2025-03-31T10:03:52.164+0000] {logging_mixin.py:190} INFO - [2025-03-31T10:03:52.164+0000] {dagbag.py:435} INFO - File /opt/airflow/dags/env/Scripts/pybabel.exe:__main__.py assumed to contain no DAGs. Skipping.
[2025-03-31T10:03:52.166+0000] {processor.py:927} WARNING - No viable dags retrieved from /opt/airflow/dags/env/Scripts/pybabel.exe
[2025-03-31T10:03:52.202+0000] {processor.py:208} INFO - Processing /opt/airflow/dags/env/Scripts/pybabel.exe took 0.104 seconds
[2025-03-31T10:04:24.494+0000] {processor.py:186} INFO - Started process (PID=9879) to work on /opt/airflow/dags/env/Scripts/pybabel.exe
[2025-03-31T10:04:24.496+0000] {processor.py:914} INFO - Processing file /opt/airflow/dags/env/Scripts/pybabel.exe for tasks to queue
[2025-03-31T10:04:24.505+0000] {logging_mixin.py:190} INFO - [2025-03-31T10:04:24.503+0000] {dagbag.py:588} INFO - Filling up the DagBag from /opt/airflow/dags/env/Scripts/pybabel.exe
[2025-03-31T10:04:24.527+0000] {logging_mixin.py:190} INFO - [2025-03-31T10:04:24.526+0000] {dagbag.py:435} INFO - File /opt/airflow/dags/env/Scripts/pybabel.exe:__main__.py assumed to contain no DAGs. Skipping.
[2025-03-31T10:04:24.529+0000] {processor.py:927} WARNING - No viable dags retrieved from /opt/airflow/dags/env/Scripts/pybabel.exe
[2025-03-31T10:04:24.573+0000] {processor.py:208} INFO - Processing /opt/airflow/dags/env/Scripts/pybabel.exe took 0.096 seconds
[2025-03-31T10:07:35.844+0000] {processor.py:186} INFO - Started process (PID=9913) to work on /opt/airflow/dags/env/Scripts/pybabel.exe
[2025-03-31T10:07:35.846+0000] {processor.py:914} INFO - Processing file /opt/airflow/dags/env/Scripts/pybabel.exe for tasks to queue
[2025-03-31T10:07:35.854+0000] {logging_mixin.py:190} INFO - [2025-03-31T10:07:35.853+0000] {dagbag.py:588} INFO - Filling up the DagBag from /opt/airflow/dags/env/Scripts/pybabel.exe
[2025-03-31T10:07:35.872+0000] {logging_mixin.py:190} INFO - [2025-03-31T10:07:35.872+0000] {dagbag.py:435} INFO - File /opt/airflow/dags/env/Scripts/pybabel.exe:__main__.py assumed to contain no DAGs. Skipping.
[2025-03-31T10:07:35.874+0000] {processor.py:927} WARNING - No viable dags retrieved from /opt/airflow/dags/env/Scripts/pybabel.exe
[2025-03-31T10:07:35.916+0000] {processor.py:208} INFO - Processing /opt/airflow/dags/env/Scripts/pybabel.exe took 0.082 seconds
[2025-03-31T10:08:06.998+0000] {processor.py:186} INFO - Started process (PID=9937) to work on /opt/airflow/dags/env/Scripts/pybabel.exe
[2025-03-31T10:08:07.001+0000] {processor.py:914} INFO - Processing file /opt/airflow/dags/env/Scripts/pybabel.exe for tasks to queue
[2025-03-31T10:08:07.006+0000] {logging_mixin.py:190} INFO - [2025-03-31T10:08:07.005+0000] {dagbag.py:588} INFO - Filling up the DagBag from /opt/airflow/dags/env/Scripts/pybabel.exe
[2025-03-31T10:08:07.019+0000] {logging_mixin.py:190} INFO - [2025-03-31T10:08:07.019+0000] {dagbag.py:435} INFO - File /opt/airflow/dags/env/Scripts/pybabel.exe:__main__.py assumed to contain no DAGs. Skipping.
[2025-03-31T10:08:07.021+0000] {processor.py:927} WARNING - No viable dags retrieved from /opt/airflow/dags/env/Scripts/pybabel.exe
[2025-03-31T10:08:07.049+0000] {processor.py:208} INFO - Processing /opt/airflow/dags/env/Scripts/pybabel.exe took 0.066 seconds
[2025-03-31T10:08:54.067+0000] {processor.py:186} INFO - Started process (PID=9966) to work on /opt/airflow/dags/env/Scripts/pybabel.exe
[2025-03-31T10:08:54.069+0000] {processor.py:914} INFO - Processing file /opt/airflow/dags/env/Scripts/pybabel.exe for tasks to queue
[2025-03-31T10:08:54.074+0000] {logging_mixin.py:190} INFO - [2025-03-31T10:08:54.074+0000] {dagbag.py:588} INFO - Filling up the DagBag from /opt/airflow/dags/env/Scripts/pybabel.exe
[2025-03-31T10:08:54.091+0000] {logging_mixin.py:190} INFO - [2025-03-31T10:08:54.091+0000] {dagbag.py:435} INFO - File /opt/airflow/dags/env/Scripts/pybabel.exe:__main__.py assumed to contain no DAGs. Skipping.
[2025-03-31T10:08:54.092+0000] {processor.py:927} WARNING - No viable dags retrieved from /opt/airflow/dags/env/Scripts/pybabel.exe
[2025-03-31T10:08:54.126+0000] {processor.py:208} INFO - Processing /opt/airflow/dags/env/Scripts/pybabel.exe took 0.074 seconds
[2025-03-31T10:09:25.282+0000] {processor.py:186} INFO - Started process (PID=9990) to work on /opt/airflow/dags/env/Scripts/pybabel.exe
[2025-03-31T10:09:25.283+0000] {processor.py:914} INFO - Processing file /opt/airflow/dags/env/Scripts/pybabel.exe for tasks to queue
[2025-03-31T10:09:25.288+0000] {logging_mixin.py:190} INFO - [2025-03-31T10:09:25.288+0000] {dagbag.py:588} INFO - Filling up the DagBag from /opt/airflow/dags/env/Scripts/pybabel.exe
[2025-03-31T10:09:25.306+0000] {logging_mixin.py:190} INFO - [2025-03-31T10:09:25.306+0000] {dagbag.py:435} INFO - File /opt/airflow/dags/env/Scripts/pybabel.exe:__main__.py assumed to contain no DAGs. Skipping.
[2025-03-31T10:09:25.307+0000] {processor.py:927} WARNING - No viable dags retrieved from /opt/airflow/dags/env/Scripts/pybabel.exe
[2025-03-31T10:09:25.340+0000] {processor.py:208} INFO - Processing /opt/airflow/dags/env/Scripts/pybabel.exe took 0.069 seconds
[2025-03-31T10:12:29.491+0000] {processor.py:186} INFO - Started process (PID=10024) to work on /opt/airflow/dags/env/Scripts/pybabel.exe
[2025-03-31T10:12:29.493+0000] {processor.py:914} INFO - Processing file /opt/airflow/dags/env/Scripts/pybabel.exe for tasks to queue
[2025-03-31T10:12:29.499+0000] {logging_mixin.py:190} INFO - [2025-03-31T10:12:29.498+0000] {dagbag.py:588} INFO - Filling up the DagBag from /opt/airflow/dags/env/Scripts/pybabel.exe
[2025-03-31T10:12:29.513+0000] {logging_mixin.py:190} INFO - [2025-03-31T10:12:29.513+0000] {dagbag.py:435} INFO - File /opt/airflow/dags/env/Scripts/pybabel.exe:__main__.py assumed to contain no DAGs. Skipping.
[2025-03-31T10:12:29.515+0000] {processor.py:927} WARNING - No viable dags retrieved from /opt/airflow/dags/env/Scripts/pybabel.exe
[2025-03-31T10:12:29.547+0000] {processor.py:208} INFO - Processing /opt/airflow/dags/env/Scripts/pybabel.exe took 0.067 seconds
[2025-03-31T10:13:00.424+0000] {processor.py:186} INFO - Started process (PID=10048) to work on /opt/airflow/dags/env/Scripts/pybabel.exe
[2025-03-31T10:13:00.426+0000] {processor.py:914} INFO - Processing file /opt/airflow/dags/env/Scripts/pybabel.exe for tasks to queue
[2025-03-31T10:13:00.431+0000] {logging_mixin.py:190} INFO - [2025-03-31T10:13:00.431+0000] {dagbag.py:588} INFO - Filling up the DagBag from /opt/airflow/dags/env/Scripts/pybabel.exe
[2025-03-31T10:13:00.445+0000] {logging_mixin.py:190} INFO - [2025-03-31T10:13:00.445+0000] {dagbag.py:435} INFO - File /opt/airflow/dags/env/Scripts/pybabel.exe:__main__.py assumed to contain no DAGs. Skipping.
[2025-03-31T10:13:00.446+0000] {processor.py:927} WARNING - No viable dags retrieved from /opt/airflow/dags/env/Scripts/pybabel.exe
[2025-03-31T10:13:00.475+0000] {processor.py:208} INFO - Processing /opt/airflow/dags/env/Scripts/pybabel.exe took 0.062 seconds
[2025-03-31T10:13:53.859+0000] {processor.py:186} INFO - Started process (PID=10083) to work on /opt/airflow/dags/env/Scripts/pybabel.exe
[2025-03-31T10:13:53.861+0000] {processor.py:914} INFO - Processing file /opt/airflow/dags/env/Scripts/pybabel.exe for tasks to queue
[2025-03-31T10:13:53.868+0000] {logging_mixin.py:190} INFO - [2025-03-31T10:13:53.867+0000] {dagbag.py:588} INFO - Filling up the DagBag from /opt/airflow/dags/env/Scripts/pybabel.exe
[2025-03-31T10:13:53.884+0000] {logging_mixin.py:190} INFO - [2025-03-31T10:13:53.884+0000] {dagbag.py:435} INFO - File /opt/airflow/dags/env/Scripts/pybabel.exe:__main__.py assumed to contain no DAGs. Skipping.
[2025-03-31T10:13:53.885+0000] {processor.py:927} WARNING - No viable dags retrieved from /opt/airflow/dags/env/Scripts/pybabel.exe
[2025-03-31T10:13:53.917+0000] {processor.py:208} INFO - Processing /opt/airflow/dags/env/Scripts/pybabel.exe took 0.070 seconds
[2025-03-31T10:14:25.734+0000] {processor.py:186} INFO - Started process (PID=10107) to work on /opt/airflow/dags/env/Scripts/pybabel.exe
[2025-03-31T10:14:25.736+0000] {processor.py:914} INFO - Processing file /opt/airflow/dags/env/Scripts/pybabel.exe for tasks to queue
[2025-03-31T10:14:25.743+0000] {logging_mixin.py:190} INFO - [2025-03-31T10:14:25.742+0000] {dagbag.py:588} INFO - Filling up the DagBag from /opt/airflow/dags/env/Scripts/pybabel.exe
[2025-03-31T10:14:25.763+0000] {logging_mixin.py:190} INFO - [2025-03-31T10:14:25.762+0000] {dagbag.py:435} INFO - File /opt/airflow/dags/env/Scripts/pybabel.exe:__main__.py assumed to contain no DAGs. Skipping.
[2025-03-31T10:14:25.765+0000] {processor.py:927} WARNING - No viable dags retrieved from /opt/airflow/dags/env/Scripts/pybabel.exe
[2025-03-31T10:14:25.809+0000] {processor.py:208} INFO - Processing /opt/airflow/dags/env/Scripts/pybabel.exe took 0.093 seconds
[2025-03-31T10:17:36.028+0000] {processor.py:186} INFO - Started process (PID=10141) to work on /opt/airflow/dags/env/Scripts/pybabel.exe
[2025-03-31T10:17:36.031+0000] {processor.py:914} INFO - Processing file /opt/airflow/dags/env/Scripts/pybabel.exe for tasks to queue
[2025-03-31T10:17:36.052+0000] {logging_mixin.py:190} INFO - [2025-03-31T10:17:36.040+0000] {dagbag.py:588} INFO - Filling up the DagBag from /opt/airflow/dags/env/Scripts/pybabel.exe
[2025-03-31T10:17:36.079+0000] {logging_mixin.py:190} INFO - [2025-03-31T10:17:36.078+0000] {dagbag.py:435} INFO - File /opt/airflow/dags/env/Scripts/pybabel.exe:__main__.py assumed to contain no DAGs. Skipping.
[2025-03-31T10:17:36.081+0000] {processor.py:927} WARNING - No viable dags retrieved from /opt/airflow/dags/env/Scripts/pybabel.exe
[2025-03-31T10:17:36.175+0000] {processor.py:208} INFO - Processing /opt/airflow/dags/env/Scripts/pybabel.exe took 0.162 seconds
[2025-03-31T10:18:07.033+0000] {processor.py:186} INFO - Started process (PID=10165) to work on /opt/airflow/dags/env/Scripts/pybabel.exe
[2025-03-31T10:18:07.035+0000] {processor.py:914} INFO - Processing file /opt/airflow/dags/env/Scripts/pybabel.exe for tasks to queue
[2025-03-31T10:18:07.041+0000] {logging_mixin.py:190} INFO - [2025-03-31T10:18:07.040+0000] {dagbag.py:588} INFO - Filling up the DagBag from /opt/airflow/dags/env/Scripts/pybabel.exe
[2025-03-31T10:18:07.059+0000] {logging_mixin.py:190} INFO - [2025-03-31T10:18:07.059+0000] {dagbag.py:435} INFO - File /opt/airflow/dags/env/Scripts/pybabel.exe:__main__.py assumed to contain no DAGs. Skipping.
[2025-03-31T10:18:07.061+0000] {processor.py:927} WARNING - No viable dags retrieved from /opt/airflow/dags/env/Scripts/pybabel.exe
[2025-03-31T10:18:07.094+0000] {processor.py:208} INFO - Processing /opt/airflow/dags/env/Scripts/pybabel.exe took 0.077 seconds
[2025-03-31T10:18:56.206+0000] {processor.py:186} INFO - Started process (PID=10194) to work on /opt/airflow/dags/env/Scripts/pybabel.exe
[2025-03-31T10:18:56.208+0000] {processor.py:914} INFO - Processing file /opt/airflow/dags/env/Scripts/pybabel.exe for tasks to queue
[2025-03-31T10:18:56.220+0000] {logging_mixin.py:190} INFO - [2025-03-31T10:18:56.218+0000] {dagbag.py:588} INFO - Filling up the DagBag from /opt/airflow/dags/env/Scripts/pybabel.exe
[2025-03-31T10:18:56.240+0000] {logging_mixin.py:190} INFO - [2025-03-31T10:18:56.239+0000] {dagbag.py:435} INFO - File /opt/airflow/dags/env/Scripts/pybabel.exe:__main__.py assumed to contain no DAGs. Skipping.
[2025-03-31T10:18:56.241+0000] {processor.py:927} WARNING - No viable dags retrieved from /opt/airflow/dags/env/Scripts/pybabel.exe
[2025-03-31T10:18:56.272+0000] {processor.py:208} INFO - Processing /opt/airflow/dags/env/Scripts/pybabel.exe took 0.092 seconds
[2025-03-31T10:19:26.915+0000] {processor.py:186} INFO - Started process (PID=10218) to work on /opt/airflow/dags/env/Scripts/pybabel.exe
[2025-03-31T10:19:26.917+0000] {processor.py:914} INFO - Processing file /opt/airflow/dags/env/Scripts/pybabel.exe for tasks to queue
[2025-03-31T10:19:26.923+0000] {logging_mixin.py:190} INFO - [2025-03-31T10:19:26.922+0000] {dagbag.py:588} INFO - Filling up the DagBag from /opt/airflow/dags/env/Scripts/pybabel.exe
[2025-03-31T10:19:26.938+0000] {logging_mixin.py:190} INFO - [2025-03-31T10:19:26.937+0000] {dagbag.py:435} INFO - File /opt/airflow/dags/env/Scripts/pybabel.exe:__main__.py assumed to contain no DAGs. Skipping.
[2025-03-31T10:19:26.939+0000] {processor.py:927} WARNING - No viable dags retrieved from /opt/airflow/dags/env/Scripts/pybabel.exe
[2025-03-31T10:19:26.973+0000] {processor.py:208} INFO - Processing /opt/airflow/dags/env/Scripts/pybabel.exe took 0.067 seconds
[2025-03-31T10:43:24.583+0000] {processor.py:186} INFO - Started process (PID=10253) to work on /opt/airflow/dags/env/Scripts/pybabel.exe
[2025-03-31T10:43:24.586+0000] {processor.py:914} INFO - Processing file /opt/airflow/dags/env/Scripts/pybabel.exe for tasks to queue
[2025-03-31T10:43:24.593+0000] {logging_mixin.py:190} INFO - [2025-03-31T10:43:24.592+0000] {dagbag.py:588} INFO - Filling up the DagBag from /opt/airflow/dags/env/Scripts/pybabel.exe
[2025-03-31T10:43:24.614+0000] {logging_mixin.py:190} INFO - [2025-03-31T10:43:24.613+0000] {dagbag.py:435} INFO - File /opt/airflow/dags/env/Scripts/pybabel.exe:__main__.py assumed to contain no DAGs. Skipping.
[2025-03-31T10:43:24.616+0000] {processor.py:927} WARNING - No viable dags retrieved from /opt/airflow/dags/env/Scripts/pybabel.exe
[2025-03-31T10:43:24.655+0000] {processor.py:208} INFO - Processing /opt/airflow/dags/env/Scripts/pybabel.exe took 0.081 seconds
[2025-03-31T10:43:55.604+0000] {processor.py:186} INFO - Started process (PID=10277) to work on /opt/airflow/dags/env/Scripts/pybabel.exe
[2025-03-31T10:43:55.606+0000] {processor.py:914} INFO - Processing file /opt/airflow/dags/env/Scripts/pybabel.exe for tasks to queue
[2025-03-31T10:43:55.614+0000] {logging_mixin.py:190} INFO - [2025-03-31T10:43:55.613+0000] {dagbag.py:588} INFO - Filling up the DagBag from /opt/airflow/dags/env/Scripts/pybabel.exe
[2025-03-31T10:43:55.636+0000] {logging_mixin.py:190} INFO - [2025-03-31T10:43:55.636+0000] {dagbag.py:435} INFO - File /opt/airflow/dags/env/Scripts/pybabel.exe:__main__.py assumed to contain no DAGs. Skipping.
[2025-03-31T10:43:55.638+0000] {processor.py:927} WARNING - No viable dags retrieved from /opt/airflow/dags/env/Scripts/pybabel.exe
[2025-03-31T10:43:55.686+0000] {processor.py:208} INFO - Processing /opt/airflow/dags/env/Scripts/pybabel.exe took 0.094 seconds
[2025-03-31T10:44:54.529+0000] {processor.py:186} INFO - Started process (PID=10305) to work on /opt/airflow/dags/env/Scripts/pybabel.exe
[2025-03-31T10:44:54.532+0000] {processor.py:914} INFO - Processing file /opt/airflow/dags/env/Scripts/pybabel.exe for tasks to queue
[2025-03-31T10:44:54.542+0000] {logging_mixin.py:190} INFO - [2025-03-31T10:44:54.541+0000] {dagbag.py:588} INFO - Filling up the DagBag from /opt/airflow/dags/env/Scripts/pybabel.exe
[2025-03-31T10:44:54.558+0000] {logging_mixin.py:190} INFO - [2025-03-31T10:44:54.558+0000] {dagbag.py:435} INFO - File /opt/airflow/dags/env/Scripts/pybabel.exe:__main__.py assumed to contain no DAGs. Skipping.
[2025-03-31T10:44:54.560+0000] {processor.py:927} WARNING - No viable dags retrieved from /opt/airflow/dags/env/Scripts/pybabel.exe
[2025-03-31T10:44:54.595+0000] {processor.py:208} INFO - Processing /opt/airflow/dags/env/Scripts/pybabel.exe took 0.074 seconds
[2025-03-31T10:45:24.948+0000] {processor.py:186} INFO - Started process (PID=10329) to work on /opt/airflow/dags/env/Scripts/pybabel.exe
[2025-03-31T10:45:24.950+0000] {processor.py:914} INFO - Processing file /opt/airflow/dags/env/Scripts/pybabel.exe for tasks to queue
[2025-03-31T10:45:24.955+0000] {logging_mixin.py:190} INFO - [2025-03-31T10:45:24.955+0000] {dagbag.py:588} INFO - Filling up the DagBag from /opt/airflow/dags/env/Scripts/pybabel.exe
[2025-03-31T10:45:24.972+0000] {logging_mixin.py:190} INFO - [2025-03-31T10:45:24.971+0000] {dagbag.py:435} INFO - File /opt/airflow/dags/env/Scripts/pybabel.exe:__main__.py assumed to contain no DAGs. Skipping.
[2025-03-31T10:45:24.973+0000] {processor.py:927} WARNING - No viable dags retrieved from /opt/airflow/dags/env/Scripts/pybabel.exe
[2025-03-31T10:45:25.011+0000] {processor.py:208} INFO - Processing /opt/airflow/dags/env/Scripts/pybabel.exe took 0.078 seconds
[2025-03-31T11:02:28.128+0000] {processor.py:186} INFO - Started process (PID=10347) to work on /opt/airflow/dags/env/Scripts/pybabel.exe
[2025-03-31T11:02:28.130+0000] {processor.py:914} INFO - Processing file /opt/airflow/dags/env/Scripts/pybabel.exe for tasks to queue
[2025-03-31T11:02:28.135+0000] {logging_mixin.py:190} INFO - [2025-03-31T11:02:28.135+0000] {dagbag.py:588} INFO - Filling up the DagBag from /opt/airflow/dags/env/Scripts/pybabel.exe
[2025-03-31T11:02:28.153+0000] {logging_mixin.py:190} INFO - [2025-03-31T11:02:28.153+0000] {dagbag.py:435} INFO - File /opt/airflow/dags/env/Scripts/pybabel.exe:__main__.py assumed to contain no DAGs. Skipping.
[2025-03-31T11:02:28.155+0000] {processor.py:927} WARNING - No viable dags retrieved from /opt/airflow/dags/env/Scripts/pybabel.exe
[2025-03-31T11:02:28.187+0000] {processor.py:208} INFO - Processing /opt/airflow/dags/env/Scripts/pybabel.exe took 0.074 seconds
[2025-03-31T11:03:34.335+0000] {processor.py:186} INFO - Started process (PID=10359) to work on /opt/airflow/dags/env/Scripts/pybabel.exe
[2025-03-31T11:03:34.337+0000] {processor.py:914} INFO - Processing file /opt/airflow/dags/env/Scripts/pybabel.exe for tasks to queue
[2025-03-31T11:03:34.345+0000] {logging_mixin.py:190} INFO - [2025-03-31T11:03:34.344+0000] {dagbag.py:588} INFO - Filling up the DagBag from /opt/airflow/dags/env/Scripts/pybabel.exe
[2025-03-31T11:03:34.368+0000] {logging_mixin.py:190} INFO - [2025-03-31T11:03:34.367+0000] {dagbag.py:435} INFO - File /opt/airflow/dags/env/Scripts/pybabel.exe:__main__.py assumed to contain no DAGs. Skipping.
[2025-03-31T11:03:34.369+0000] {processor.py:927} WARNING - No viable dags retrieved from /opt/airflow/dags/env/Scripts/pybabel.exe
[2025-03-31T11:03:34.407+0000] {processor.py:208} INFO - Processing /opt/airflow/dags/env/Scripts/pybabel.exe took 0.080 seconds
[2025-03-31T11:17:33.905+0000] {processor.py:186} INFO - Started process (PID=10399) to work on /opt/airflow/dags/env/Scripts/pybabel.exe
[2025-03-31T11:17:33.908+0000] {processor.py:914} INFO - Processing file /opt/airflow/dags/env/Scripts/pybabel.exe for tasks to queue
[2025-03-31T11:17:33.915+0000] {logging_mixin.py:190} INFO - [2025-03-31T11:17:33.914+0000] {dagbag.py:588} INFO - Filling up the DagBag from /opt/airflow/dags/env/Scripts/pybabel.exe
[2025-03-31T11:17:33.931+0000] {logging_mixin.py:190} INFO - [2025-03-31T11:17:33.930+0000] {dagbag.py:435} INFO - File /opt/airflow/dags/env/Scripts/pybabel.exe:__main__.py assumed to contain no DAGs. Skipping.
[2025-03-31T11:17:33.932+0000] {processor.py:927} WARNING - No viable dags retrieved from /opt/airflow/dags/env/Scripts/pybabel.exe
[2025-03-31T11:17:33.969+0000] {processor.py:208} INFO - Processing /opt/airflow/dags/env/Scripts/pybabel.exe took 0.076 seconds
[2025-03-31T11:18:43.506+0000] {processor.py:186} INFO - Started process (PID=10405) to work on /opt/airflow/dags/env/Scripts/pybabel.exe
[2025-03-31T11:18:43.509+0000] {processor.py:914} INFO - Processing file /opt/airflow/dags/env/Scripts/pybabel.exe for tasks to queue
[2025-03-31T11:18:43.526+0000] {logging_mixin.py:190} INFO - [2025-03-31T11:18:43.525+0000] {dagbag.py:588} INFO - Filling up the DagBag from /opt/airflow/dags/env/Scripts/pybabel.exe
[2025-03-31T11:18:43.558+0000] {logging_mixin.py:190} INFO - [2025-03-31T11:18:43.557+0000] {dagbag.py:435} INFO - File /opt/airflow/dags/env/Scripts/pybabel.exe:__main__.py assumed to contain no DAGs. Skipping.
[2025-03-31T11:18:43.562+0000] {processor.py:927} WARNING - No viable dags retrieved from /opt/airflow/dags/env/Scripts/pybabel.exe
[2025-03-31T11:18:43.624+0000] {processor.py:208} INFO - Processing /opt/airflow/dags/env/Scripts/pybabel.exe took 0.143 seconds
