[2025-03-31T07:27:21.054+0000] {processor.py:186} INFO - Started process (PID=7690) to work on /opt/airflow/dags/env/Scripts/pyrsa-encrypt.exe
[2025-03-31T07:27:21.055+0000] {processor.py:914} INFO - Processing file /opt/airflow/dags/env/Scripts/pyrsa-encrypt.exe for tasks to queue
[2025-03-31T07:27:21.059+0000] {logging_mixin.py:190} INFO - [2025-03-31T07:27:21.059+0000] {dagbag.py:588} INFO - Filling up the DagBag from /opt/airflow/dags/env/Scripts/pyrsa-encrypt.exe
[2025-03-31T07:27:21.076+0000] {logging_mixin.py:190} INFO - [2025-03-31T07:27:21.076+0000] {dagbag.py:435} INFO - File /opt/airflow/dags/env/Scripts/pyrsa-encrypt.exe:__main__.py assumed to contain no DAGs. Skipping.
[2025-03-31T07:27:21.078+0000] {processor.py:927} WARNING - No viable dags retrieved from /opt/airflow/dags/env/Scripts/pyrsa-encrypt.exe
[2025-03-31T07:27:21.105+0000] {processor.py:208} INFO - Processing /opt/airflow/dags/env/Scripts/pyrsa-encrypt.exe took 0.064 seconds
[2025-03-31T07:27:52.138+0000] {processor.py:186} INFO - Started process (PID=7714) to work on /opt/airflow/dags/env/Scripts/pyrsa-encrypt.exe
[2025-03-31T07:27:52.140+0000] {processor.py:914} INFO - Processing file /opt/airflow/dags/env/Scripts/pyrsa-encrypt.exe for tasks to queue
[2025-03-31T07:27:52.145+0000] {logging_mixin.py:190} INFO - [2025-03-31T07:27:52.144+0000] {dagbag.py:588} INFO - Filling up the DagBag from /opt/airflow/dags/env/Scripts/pyrsa-encrypt.exe
[2025-03-31T07:27:52.205+0000] {logging_mixin.py:190} INFO - [2025-03-31T07:27:52.204+0000] {dagbag.py:435} INFO - File /opt/airflow/dags/env/Scripts/pyrsa-encrypt.exe:__main__.py assumed to contain no DAGs. Skipping.
[2025-03-31T07:27:52.206+0000] {processor.py:927} WARNING - No viable dags retrieved from /opt/airflow/dags/env/Scripts/pyrsa-encrypt.exe
[2025-03-31T07:27:52.247+0000] {processor.py:208} INFO - Processing /opt/airflow/dags/env/Scripts/pyrsa-encrypt.exe took 0.118 seconds
[2025-03-31T08:42:30.240+0000] {processor.py:186} INFO - Started process (PID=8042) to work on /opt/airflow/dags/env/Scripts/pyrsa-encrypt.exe
[2025-03-31T08:42:30.242+0000] {processor.py:914} INFO - Processing file /opt/airflow/dags/env/Scripts/pyrsa-encrypt.exe for tasks to queue
[2025-03-31T08:42:30.258+0000] {logging_mixin.py:190} INFO - [2025-03-31T08:42:30.258+0000] {dagbag.py:588} INFO - Filling up the DagBag from /opt/airflow/dags/env/Scripts/pyrsa-encrypt.exe
[2025-03-31T08:42:30.278+0000] {logging_mixin.py:190} INFO - [2025-03-31T08:42:30.278+0000] {dagbag.py:435} INFO - File /opt/airflow/dags/env/Scripts/pyrsa-encrypt.exe:__main__.py assumed to contain no DAGs. Skipping.
[2025-03-31T08:42:30.280+0000] {processor.py:927} WARNING - No viable dags retrieved from /opt/airflow/dags/env/Scripts/pyrsa-encrypt.exe
[2025-03-31T08:42:30.327+0000] {processor.py:208} INFO - Processing /opt/airflow/dags/env/Scripts/pyrsa-encrypt.exe took 0.103 seconds
[2025-03-31T08:43:01.284+0000] {processor.py:186} INFO - Started process (PID=8066) to work on /opt/airflow/dags/env/Scripts/pyrsa-encrypt.exe
[2025-03-31T08:43:01.286+0000] {processor.py:914} INFO - Processing file /opt/airflow/dags/env/Scripts/pyrsa-encrypt.exe for tasks to queue
[2025-03-31T08:43:01.293+0000] {logging_mixin.py:190} INFO - [2025-03-31T08:43:01.292+0000] {dagbag.py:588} INFO - Filling up the DagBag from /opt/airflow/dags/env/Scripts/pyrsa-encrypt.exe
[2025-03-31T08:43:01.311+0000] {logging_mixin.py:190} INFO - [2025-03-31T08:43:01.311+0000] {dagbag.py:435} INFO - File /opt/airflow/dags/env/Scripts/pyrsa-encrypt.exe:__main__.py assumed to contain no DAGs. Skipping.
[2025-03-31T08:43:01.313+0000] {processor.py:927} WARNING - No viable dags retrieved from /opt/airflow/dags/env/Scripts/pyrsa-encrypt.exe
[2025-03-31T08:43:01.345+0000] {processor.py:208} INFO - Processing /opt/airflow/dags/env/Scripts/pyrsa-encrypt.exe took 0.075 seconds
[2025-03-31T08:43:36.729+0000] {processor.py:186} INFO - Started process (PID=8082) to work on /opt/airflow/dags/env/Scripts/pyrsa-encrypt.exe
[2025-03-31T08:43:36.731+0000] {processor.py:914} INFO - Processing file /opt/airflow/dags/env/Scripts/pyrsa-encrypt.exe for tasks to queue
[2025-03-31T08:43:36.738+0000] {logging_mixin.py:190} INFO - [2025-03-31T08:43:36.737+0000] {dagbag.py:588} INFO - Filling up the DagBag from /opt/airflow/dags/env/Scripts/pyrsa-encrypt.exe
[2025-03-31T08:43:36.753+0000] {logging_mixin.py:190} INFO - [2025-03-31T08:43:36.752+0000] {dagbag.py:435} INFO - File /opt/airflow/dags/env/Scripts/pyrsa-encrypt.exe:__main__.py assumed to contain no DAGs. Skipping.
[2025-03-31T08:43:36.755+0000] {processor.py:927} WARNING - No viable dags retrieved from /opt/airflow/dags/env/Scripts/pyrsa-encrypt.exe
[2025-03-31T08:43:36.782+0000] {processor.py:208} INFO - Processing /opt/airflow/dags/env/Scripts/pyrsa-encrypt.exe took 0.060 seconds
[2025-03-31T08:44:08.019+0000] {processor.py:186} INFO - Started process (PID=8106) to work on /opt/airflow/dags/env/Scripts/pyrsa-encrypt.exe
[2025-03-31T08:44:08.020+0000] {processor.py:914} INFO - Processing file /opt/airflow/dags/env/Scripts/pyrsa-encrypt.exe for tasks to queue
[2025-03-31T08:44:08.026+0000] {logging_mixin.py:190} INFO - [2025-03-31T08:44:08.025+0000] {dagbag.py:588} INFO - Filling up the DagBag from /opt/airflow/dags/env/Scripts/pyrsa-encrypt.exe
[2025-03-31T08:44:08.040+0000] {logging_mixin.py:190} INFO - [2025-03-31T08:44:08.040+0000] {dagbag.py:435} INFO - File /opt/airflow/dags/env/Scripts/pyrsa-encrypt.exe:__main__.py assumed to contain no DAGs. Skipping.
[2025-03-31T08:44:08.042+0000] {processor.py:927} WARNING - No viable dags retrieved from /opt/airflow/dags/env/Scripts/pyrsa-encrypt.exe
[2025-03-31T08:44:08.074+0000] {processor.py:208} INFO - Processing /opt/airflow/dags/env/Scripts/pyrsa-encrypt.exe took 0.067 seconds
[2025-03-31T08:44:39.156+0000] {processor.py:186} INFO - Started process (PID=8130) to work on /opt/airflow/dags/env/Scripts/pyrsa-encrypt.exe
[2025-03-31T08:44:39.158+0000] {processor.py:914} INFO - Processing file /opt/airflow/dags/env/Scripts/pyrsa-encrypt.exe for tasks to queue
[2025-03-31T08:44:39.172+0000] {logging_mixin.py:190} INFO - [2025-03-31T08:44:39.171+0000] {dagbag.py:588} INFO - Filling up the DagBag from /opt/airflow/dags/env/Scripts/pyrsa-encrypt.exe
[2025-03-31T08:44:39.190+0000] {logging_mixin.py:190} INFO - [2025-03-31T08:44:39.189+0000] {dagbag.py:435} INFO - File /opt/airflow/dags/env/Scripts/pyrsa-encrypt.exe:__main__.py assumed to contain no DAGs. Skipping.
[2025-03-31T08:44:39.191+0000] {processor.py:927} WARNING - No viable dags retrieved from /opt/airflow/dags/env/Scripts/pyrsa-encrypt.exe
[2025-03-31T08:44:39.220+0000] {processor.py:208} INFO - Processing /opt/airflow/dags/env/Scripts/pyrsa-encrypt.exe took 0.088 seconds
[2025-03-31T08:47:18.199+0000] {processor.py:186} INFO - Started process (PID=8144) to work on /opt/airflow/dags/env/Scripts/pyrsa-encrypt.exe
[2025-03-31T08:47:18.201+0000] {processor.py:914} INFO - Processing file /opt/airflow/dags/env/Scripts/pyrsa-encrypt.exe for tasks to queue
[2025-03-31T08:47:18.206+0000] {logging_mixin.py:190} INFO - [2025-03-31T08:47:18.205+0000] {dagbag.py:588} INFO - Filling up the DagBag from /opt/airflow/dags/env/Scripts/pyrsa-encrypt.exe
[2025-03-31T08:47:18.220+0000] {logging_mixin.py:190} INFO - [2025-03-31T08:47:18.220+0000] {dagbag.py:435} INFO - File /opt/airflow/dags/env/Scripts/pyrsa-encrypt.exe:__main__.py assumed to contain no DAGs. Skipping.
[2025-03-31T08:47:18.222+0000] {processor.py:927} WARNING - No viable dags retrieved from /opt/airflow/dags/env/Scripts/pyrsa-encrypt.exe
[2025-03-31T08:47:18.251+0000] {processor.py:208} INFO - Processing /opt/airflow/dags/env/Scripts/pyrsa-encrypt.exe took 0.062 seconds
[2025-03-31T08:47:49.336+0000] {processor.py:186} INFO - Started process (PID=8168) to work on /opt/airflow/dags/env/Scripts/pyrsa-encrypt.exe
[2025-03-31T08:47:49.337+0000] {processor.py:914} INFO - Processing file /opt/airflow/dags/env/Scripts/pyrsa-encrypt.exe for tasks to queue
[2025-03-31T08:47:49.342+0000] {logging_mixin.py:190} INFO - [2025-03-31T08:47:49.342+0000] {dagbag.py:588} INFO - Filling up the DagBag from /opt/airflow/dags/env/Scripts/pyrsa-encrypt.exe
[2025-03-31T08:47:49.356+0000] {logging_mixin.py:190} INFO - [2025-03-31T08:47:49.356+0000] {dagbag.py:435} INFO - File /opt/airflow/dags/env/Scripts/pyrsa-encrypt.exe:__main__.py assumed to contain no DAGs. Skipping.
[2025-03-31T08:47:49.359+0000] {processor.py:927} WARNING - No viable dags retrieved from /opt/airflow/dags/env/Scripts/pyrsa-encrypt.exe
[2025-03-31T08:47:49.388+0000] {processor.py:208} INFO - Processing /opt/airflow/dags/env/Scripts/pyrsa-encrypt.exe took 0.063 seconds
[2025-03-31T08:48:42.241+0000] {processor.py:186} INFO - Started process (PID=8198) to work on /opt/airflow/dags/env/Scripts/pyrsa-encrypt.exe
[2025-03-31T08:48:42.244+0000] {processor.py:914} INFO - Processing file /opt/airflow/dags/env/Scripts/pyrsa-encrypt.exe for tasks to queue
[2025-03-31T08:48:42.258+0000] {logging_mixin.py:190} INFO - [2025-03-31T08:48:42.257+0000] {dagbag.py:588} INFO - Filling up the DagBag from /opt/airflow/dags/env/Scripts/pyrsa-encrypt.exe
[2025-03-31T08:48:42.287+0000] {logging_mixin.py:190} INFO - [2025-03-31T08:48:42.287+0000] {dagbag.py:435} INFO - File /opt/airflow/dags/env/Scripts/pyrsa-encrypt.exe:__main__.py assumed to contain no DAGs. Skipping.
[2025-03-31T08:48:42.290+0000] {processor.py:927} WARNING - No viable dags retrieved from /opt/airflow/dags/env/Scripts/pyrsa-encrypt.exe
[2025-03-31T08:48:42.339+0000] {processor.py:208} INFO - Processing /opt/airflow/dags/env/Scripts/pyrsa-encrypt.exe took 0.119 seconds
[2025-03-31T08:49:14.205+0000] {processor.py:186} INFO - Started process (PID=8222) to work on /opt/airflow/dags/env/Scripts/pyrsa-encrypt.exe
[2025-03-31T08:49:14.208+0000] {processor.py:914} INFO - Processing file /opt/airflow/dags/env/Scripts/pyrsa-encrypt.exe for tasks to queue
[2025-03-31T08:49:14.216+0000] {logging_mixin.py:190} INFO - [2025-03-31T08:49:14.215+0000] {dagbag.py:588} INFO - Filling up the DagBag from /opt/airflow/dags/env/Scripts/pyrsa-encrypt.exe
[2025-03-31T08:49:14.235+0000] {logging_mixin.py:190} INFO - [2025-03-31T08:49:14.235+0000] {dagbag.py:435} INFO - File /opt/airflow/dags/env/Scripts/pyrsa-encrypt.exe:__main__.py assumed to contain no DAGs. Skipping.
[2025-03-31T08:49:14.237+0000] {processor.py:927} WARNING - No viable dags retrieved from /opt/airflow/dags/env/Scripts/pyrsa-encrypt.exe
[2025-03-31T08:49:14.274+0000] {processor.py:208} INFO - Processing /opt/airflow/dags/env/Scripts/pyrsa-encrypt.exe took 0.094 seconds
[2025-03-31T08:52:17.746+0000] {processor.py:186} INFO - Started process (PID=8256) to work on /opt/airflow/dags/env/Scripts/pyrsa-encrypt.exe
[2025-03-31T08:52:17.748+0000] {processor.py:914} INFO - Processing file /opt/airflow/dags/env/Scripts/pyrsa-encrypt.exe for tasks to queue
[2025-03-31T08:52:17.753+0000] {logging_mixin.py:190} INFO - [2025-03-31T08:52:17.752+0000] {dagbag.py:588} INFO - Filling up the DagBag from /opt/airflow/dags/env/Scripts/pyrsa-encrypt.exe
[2025-03-31T08:52:17.766+0000] {logging_mixin.py:190} INFO - [2025-03-31T08:52:17.766+0000] {dagbag.py:435} INFO - File /opt/airflow/dags/env/Scripts/pyrsa-encrypt.exe:__main__.py assumed to contain no DAGs. Skipping.
[2025-03-31T08:52:17.768+0000] {processor.py:927} WARNING - No viable dags retrieved from /opt/airflow/dags/env/Scripts/pyrsa-encrypt.exe
[2025-03-31T08:52:17.795+0000] {processor.py:208} INFO - Processing /opt/airflow/dags/env/Scripts/pyrsa-encrypt.exe took 0.059 seconds
[2025-03-31T08:52:50.323+0000] {processor.py:186} INFO - Started process (PID=8280) to work on /opt/airflow/dags/env/Scripts/pyrsa-encrypt.exe
[2025-03-31T08:52:50.325+0000] {processor.py:914} INFO - Processing file /opt/airflow/dags/env/Scripts/pyrsa-encrypt.exe for tasks to queue
[2025-03-31T08:52:50.333+0000] {logging_mixin.py:190} INFO - [2025-03-31T08:52:50.331+0000] {dagbag.py:588} INFO - Filling up the DagBag from /opt/airflow/dags/env/Scripts/pyrsa-encrypt.exe
[2025-03-31T08:52:50.358+0000] {logging_mixin.py:190} INFO - [2025-03-31T08:52:50.357+0000] {dagbag.py:435} INFO - File /opt/airflow/dags/env/Scripts/pyrsa-encrypt.exe:__main__.py assumed to contain no DAGs. Skipping.
[2025-03-31T08:52:50.360+0000] {processor.py:927} WARNING - No viable dags retrieved from /opt/airflow/dags/env/Scripts/pyrsa-encrypt.exe
[2025-03-31T08:52:50.403+0000] {processor.py:208} INFO - Processing /opt/airflow/dags/env/Scripts/pyrsa-encrypt.exe took 0.099 seconds
[2025-03-31T08:53:47.088+0000] {processor.py:186} INFO - Started process (PID=8310) to work on /opt/airflow/dags/env/Scripts/pyrsa-encrypt.exe
[2025-03-31T08:53:47.089+0000] {processor.py:914} INFO - Processing file /opt/airflow/dags/env/Scripts/pyrsa-encrypt.exe for tasks to queue
[2025-03-31T08:53:47.095+0000] {logging_mixin.py:190} INFO - [2025-03-31T08:53:47.094+0000] {dagbag.py:588} INFO - Filling up the DagBag from /opt/airflow/dags/env/Scripts/pyrsa-encrypt.exe
[2025-03-31T08:53:47.110+0000] {logging_mixin.py:190} INFO - [2025-03-31T08:53:47.110+0000] {dagbag.py:435} INFO - File /opt/airflow/dags/env/Scripts/pyrsa-encrypt.exe:__main__.py assumed to contain no DAGs. Skipping.
[2025-03-31T08:53:47.111+0000] {processor.py:927} WARNING - No viable dags retrieved from /opt/airflow/dags/env/Scripts/pyrsa-encrypt.exe
[2025-03-31T08:53:47.140+0000] {processor.py:208} INFO - Processing /opt/airflow/dags/env/Scripts/pyrsa-encrypt.exe took 0.064 seconds
[2025-03-31T08:54:18.985+0000] {processor.py:186} INFO - Started process (PID=8334) to work on /opt/airflow/dags/env/Scripts/pyrsa-encrypt.exe
[2025-03-31T08:54:18.986+0000] {processor.py:914} INFO - Processing file /opt/airflow/dags/env/Scripts/pyrsa-encrypt.exe for tasks to queue
[2025-03-31T08:54:18.991+0000] {logging_mixin.py:190} INFO - [2025-03-31T08:54:18.990+0000] {dagbag.py:588} INFO - Filling up the DagBag from /opt/airflow/dags/env/Scripts/pyrsa-encrypt.exe
[2025-03-31T08:54:19.005+0000] {logging_mixin.py:190} INFO - [2025-03-31T08:54:19.005+0000] {dagbag.py:435} INFO - File /opt/airflow/dags/env/Scripts/pyrsa-encrypt.exe:__main__.py assumed to contain no DAGs. Skipping.
[2025-03-31T08:54:19.007+0000] {processor.py:927} WARNING - No viable dags retrieved from /opt/airflow/dags/env/Scripts/pyrsa-encrypt.exe
[2025-03-31T08:54:19.037+0000] {processor.py:208} INFO - Processing /opt/airflow/dags/env/Scripts/pyrsa-encrypt.exe took 0.063 seconds
[2025-03-31T08:57:14.895+0000] {processor.py:186} INFO - Started process (PID=8363) to work on /opt/airflow/dags/env/Scripts/pyrsa-encrypt.exe
[2025-03-31T08:57:14.897+0000] {processor.py:914} INFO - Processing file /opt/airflow/dags/env/Scripts/pyrsa-encrypt.exe for tasks to queue
[2025-03-31T08:57:14.909+0000] {logging_mixin.py:190} INFO - [2025-03-31T08:57:14.907+0000] {dagbag.py:588} INFO - Filling up the DagBag from /opt/airflow/dags/env/Scripts/pyrsa-encrypt.exe
[2025-03-31T08:57:14.930+0000] {logging_mixin.py:190} INFO - [2025-03-31T08:57:14.929+0000] {dagbag.py:435} INFO - File /opt/airflow/dags/env/Scripts/pyrsa-encrypt.exe:__main__.py assumed to contain no DAGs. Skipping.
[2025-03-31T08:57:14.932+0000] {processor.py:927} WARNING - No viable dags retrieved from /opt/airflow/dags/env/Scripts/pyrsa-encrypt.exe
[2025-03-31T08:57:14.980+0000] {processor.py:208} INFO - Processing /opt/airflow/dags/env/Scripts/pyrsa-encrypt.exe took 0.103 seconds
[2025-03-31T08:57:46.604+0000] {processor.py:186} INFO - Started process (PID=8387) to work on /opt/airflow/dags/env/Scripts/pyrsa-encrypt.exe
[2025-03-31T08:57:46.606+0000] {processor.py:914} INFO - Processing file /opt/airflow/dags/env/Scripts/pyrsa-encrypt.exe for tasks to queue
[2025-03-31T08:57:46.613+0000] {logging_mixin.py:190} INFO - [2025-03-31T08:57:46.612+0000] {dagbag.py:588} INFO - Filling up the DagBag from /opt/airflow/dags/env/Scripts/pyrsa-encrypt.exe
[2025-03-31T08:57:46.630+0000] {logging_mixin.py:190} INFO - [2025-03-31T08:57:46.630+0000] {dagbag.py:435} INFO - File /opt/airflow/dags/env/Scripts/pyrsa-encrypt.exe:__main__.py assumed to contain no DAGs. Skipping.
[2025-03-31T08:57:46.632+0000] {processor.py:927} WARNING - No viable dags retrieved from /opt/airflow/dags/env/Scripts/pyrsa-encrypt.exe
[2025-03-31T08:57:46.665+0000] {processor.py:208} INFO - Processing /opt/airflow/dags/env/Scripts/pyrsa-encrypt.exe took 0.074 seconds
[2025-03-31T08:58:16.919+0000] {processor.py:186} INFO - Started process (PID=8411) to work on /opt/airflow/dags/env/Scripts/pyrsa-encrypt.exe
[2025-03-31T08:58:16.920+0000] {processor.py:914} INFO - Processing file /opt/airflow/dags/env/Scripts/pyrsa-encrypt.exe for tasks to queue
[2025-03-31T08:58:16.925+0000] {logging_mixin.py:190} INFO - [2025-03-31T08:58:16.925+0000] {dagbag.py:588} INFO - Filling up the DagBag from /opt/airflow/dags/env/Scripts/pyrsa-encrypt.exe
[2025-03-31T08:58:16.940+0000] {logging_mixin.py:190} INFO - [2025-03-31T08:58:16.940+0000] {dagbag.py:435} INFO - File /opt/airflow/dags/env/Scripts/pyrsa-encrypt.exe:__main__.py assumed to contain no DAGs. Skipping.
[2025-03-31T08:58:16.942+0000] {processor.py:927} WARNING - No viable dags retrieved from /opt/airflow/dags/env/Scripts/pyrsa-encrypt.exe
[2025-03-31T08:58:16.971+0000] {processor.py:208} INFO - Processing /opt/airflow/dags/env/Scripts/pyrsa-encrypt.exe took 0.064 seconds
[2025-03-31T08:58:41.474+0000] {processor.py:186} INFO - Started process (PID=8422) to work on /opt/airflow/dags/env/Scripts/pyrsa-encrypt.exe
[2025-03-31T08:58:41.476+0000] {processor.py:914} INFO - Processing file /opt/airflow/dags/env/Scripts/pyrsa-encrypt.exe for tasks to queue
[2025-03-31T08:58:41.481+0000] {logging_mixin.py:190} INFO - [2025-03-31T08:58:41.480+0000] {dagbag.py:588} INFO - Filling up the DagBag from /opt/airflow/dags/env/Scripts/pyrsa-encrypt.exe
[2025-03-31T08:58:41.495+0000] {logging_mixin.py:190} INFO - [2025-03-31T08:58:41.494+0000] {dagbag.py:435} INFO - File /opt/airflow/dags/env/Scripts/pyrsa-encrypt.exe:__main__.py assumed to contain no DAGs. Skipping.
[2025-03-31T08:58:41.496+0000] {processor.py:927} WARNING - No viable dags retrieved from /opt/airflow/dags/env/Scripts/pyrsa-encrypt.exe
[2025-03-31T08:58:41.528+0000] {processor.py:208} INFO - Processing /opt/airflow/dags/env/Scripts/pyrsa-encrypt.exe took 0.065 seconds
[2025-03-31T08:59:12.269+0000] {processor.py:186} INFO - Started process (PID=8446) to work on /opt/airflow/dags/env/Scripts/pyrsa-encrypt.exe
[2025-03-31T08:59:12.271+0000] {processor.py:914} INFO - Processing file /opt/airflow/dags/env/Scripts/pyrsa-encrypt.exe for tasks to queue
[2025-03-31T08:59:12.276+0000] {logging_mixin.py:190} INFO - [2025-03-31T08:59:12.275+0000] {dagbag.py:588} INFO - Filling up the DagBag from /opt/airflow/dags/env/Scripts/pyrsa-encrypt.exe
[2025-03-31T08:59:12.294+0000] {logging_mixin.py:190} INFO - [2025-03-31T08:59:12.294+0000] {dagbag.py:435} INFO - File /opt/airflow/dags/env/Scripts/pyrsa-encrypt.exe:__main__.py assumed to contain no DAGs. Skipping.
[2025-03-31T08:59:12.296+0000] {processor.py:927} WARNING - No viable dags retrieved from /opt/airflow/dags/env/Scripts/pyrsa-encrypt.exe
[2025-03-31T08:59:12.332+0000] {processor.py:208} INFO - Processing /opt/airflow/dags/env/Scripts/pyrsa-encrypt.exe took 0.075 seconds
[2025-03-31T08:59:44.008+0000] {processor.py:186} INFO - Started process (PID=8470) to work on /opt/airflow/dags/env/Scripts/pyrsa-encrypt.exe
[2025-03-31T08:59:44.010+0000] {processor.py:914} INFO - Processing file /opt/airflow/dags/env/Scripts/pyrsa-encrypt.exe for tasks to queue
[2025-03-31T08:59:44.017+0000] {logging_mixin.py:190} INFO - [2025-03-31T08:59:44.016+0000] {dagbag.py:588} INFO - Filling up the DagBag from /opt/airflow/dags/env/Scripts/pyrsa-encrypt.exe
[2025-03-31T08:59:44.035+0000] {logging_mixin.py:190} INFO - [2025-03-31T08:59:44.035+0000] {dagbag.py:435} INFO - File /opt/airflow/dags/env/Scripts/pyrsa-encrypt.exe:__main__.py assumed to contain no DAGs. Skipping.
[2025-03-31T08:59:44.037+0000] {processor.py:927} WARNING - No viable dags retrieved from /opt/airflow/dags/env/Scripts/pyrsa-encrypt.exe
[2025-03-31T08:59:44.096+0000] {processor.py:208} INFO - Processing /opt/airflow/dags/env/Scripts/pyrsa-encrypt.exe took 0.103 seconds
[2025-03-31T09:02:22.921+0000] {processor.py:186} INFO - Started process (PID=8480) to work on /opt/airflow/dags/env/Scripts/pyrsa-encrypt.exe
[2025-03-31T09:02:22.924+0000] {processor.py:914} INFO - Processing file /opt/airflow/dags/env/Scripts/pyrsa-encrypt.exe for tasks to queue
[2025-03-31T09:02:22.939+0000] {logging_mixin.py:190} INFO - [2025-03-31T09:02:22.938+0000] {dagbag.py:588} INFO - Filling up the DagBag from /opt/airflow/dags/env/Scripts/pyrsa-encrypt.exe
[2025-03-31T09:02:22.962+0000] {logging_mixin.py:190} INFO - [2025-03-31T09:02:22.961+0000] {dagbag.py:435} INFO - File /opt/airflow/dags/env/Scripts/pyrsa-encrypt.exe:__main__.py assumed to contain no DAGs. Skipping.
[2025-03-31T09:02:22.964+0000] {processor.py:927} WARNING - No viable dags retrieved from /opt/airflow/dags/env/Scripts/pyrsa-encrypt.exe
[2025-03-31T09:02:23.043+0000] {processor.py:208} INFO - Processing /opt/airflow/dags/env/Scripts/pyrsa-encrypt.exe took 0.145 seconds
[2025-03-31T09:02:53.877+0000] {processor.py:186} INFO - Started process (PID=8504) to work on /opt/airflow/dags/env/Scripts/pyrsa-encrypt.exe
[2025-03-31T09:02:53.879+0000] {processor.py:914} INFO - Processing file /opt/airflow/dags/env/Scripts/pyrsa-encrypt.exe for tasks to queue
[2025-03-31T09:02:53.886+0000] {logging_mixin.py:190} INFO - [2025-03-31T09:02:53.885+0000] {dagbag.py:588} INFO - Filling up the DagBag from /opt/airflow/dags/env/Scripts/pyrsa-encrypt.exe
[2025-03-31T09:02:53.914+0000] {logging_mixin.py:190} INFO - [2025-03-31T09:02:53.914+0000] {dagbag.py:435} INFO - File /opt/airflow/dags/env/Scripts/pyrsa-encrypt.exe:__main__.py assumed to contain no DAGs. Skipping.
[2025-03-31T09:02:53.916+0000] {processor.py:927} WARNING - No viable dags retrieved from /opt/airflow/dags/env/Scripts/pyrsa-encrypt.exe
[2025-03-31T09:02:53.961+0000] {processor.py:208} INFO - Processing /opt/airflow/dags/env/Scripts/pyrsa-encrypt.exe took 0.114 seconds
[2025-03-31T09:03:56.467+0000] {processor.py:186} INFO - Started process (PID=8534) to work on /opt/airflow/dags/env/Scripts/pyrsa-encrypt.exe
[2025-03-31T09:03:56.469+0000] {processor.py:914} INFO - Processing file /opt/airflow/dags/env/Scripts/pyrsa-encrypt.exe for tasks to queue
[2025-03-31T09:03:56.474+0000] {logging_mixin.py:190} INFO - [2025-03-31T09:03:56.473+0000] {dagbag.py:588} INFO - Filling up the DagBag from /opt/airflow/dags/env/Scripts/pyrsa-encrypt.exe
[2025-03-31T09:03:56.488+0000] {logging_mixin.py:190} INFO - [2025-03-31T09:03:56.487+0000] {dagbag.py:435} INFO - File /opt/airflow/dags/env/Scripts/pyrsa-encrypt.exe:__main__.py assumed to contain no DAGs. Skipping.
[2025-03-31T09:03:56.489+0000] {processor.py:927} WARNING - No viable dags retrieved from /opt/airflow/dags/env/Scripts/pyrsa-encrypt.exe
[2025-03-31T09:03:56.519+0000] {processor.py:208} INFO - Processing /opt/airflow/dags/env/Scripts/pyrsa-encrypt.exe took 0.062 seconds
[2025-03-31T09:04:28.466+0000] {processor.py:186} INFO - Started process (PID=8558) to work on /opt/airflow/dags/env/Scripts/pyrsa-encrypt.exe
[2025-03-31T09:04:28.467+0000] {processor.py:914} INFO - Processing file /opt/airflow/dags/env/Scripts/pyrsa-encrypt.exe for tasks to queue
[2025-03-31T09:04:28.472+0000] {logging_mixin.py:190} INFO - [2025-03-31T09:04:28.472+0000] {dagbag.py:588} INFO - Filling up the DagBag from /opt/airflow/dags/env/Scripts/pyrsa-encrypt.exe
[2025-03-31T09:04:28.487+0000] {logging_mixin.py:190} INFO - [2025-03-31T09:04:28.487+0000] {dagbag.py:435} INFO - File /opt/airflow/dags/env/Scripts/pyrsa-encrypt.exe:__main__.py assumed to contain no DAGs. Skipping.
[2025-03-31T09:04:28.489+0000] {processor.py:927} WARNING - No viable dags retrieved from /opt/airflow/dags/env/Scripts/pyrsa-encrypt.exe
[2025-03-31T09:04:28.517+0000] {processor.py:208} INFO - Processing /opt/airflow/dags/env/Scripts/pyrsa-encrypt.exe took 0.063 seconds
[2025-03-31T09:07:22.890+0000] {processor.py:186} INFO - Started process (PID=8582) to work on /opt/airflow/dags/env/Scripts/pyrsa-encrypt.exe
[2025-03-31T09:07:22.892+0000] {processor.py:914} INFO - Processing file /opt/airflow/dags/env/Scripts/pyrsa-encrypt.exe for tasks to queue
[2025-03-31T09:07:22.898+0000] {logging_mixin.py:190} INFO - [2025-03-31T09:07:22.896+0000] {dagbag.py:588} INFO - Filling up the DagBag from /opt/airflow/dags/env/Scripts/pyrsa-encrypt.exe
[2025-03-31T09:07:22.915+0000] {logging_mixin.py:190} INFO - [2025-03-31T09:07:22.915+0000] {dagbag.py:435} INFO - File /opt/airflow/dags/env/Scripts/pyrsa-encrypt.exe:__main__.py assumed to contain no DAGs. Skipping.
[2025-03-31T09:07:22.917+0000] {processor.py:927} WARNING - No viable dags retrieved from /opt/airflow/dags/env/Scripts/pyrsa-encrypt.exe
[2025-03-31T09:07:22.951+0000] {processor.py:208} INFO - Processing /opt/airflow/dags/env/Scripts/pyrsa-encrypt.exe took 0.073 seconds
[2025-03-31T09:07:55.384+0000] {processor.py:186} INFO - Started process (PID=8606) to work on /opt/airflow/dags/env/Scripts/pyrsa-encrypt.exe
[2025-03-31T09:07:55.387+0000] {processor.py:914} INFO - Processing file /opt/airflow/dags/env/Scripts/pyrsa-encrypt.exe for tasks to queue
[2025-03-31T09:07:55.398+0000] {logging_mixin.py:190} INFO - [2025-03-31T09:07:55.396+0000] {dagbag.py:588} INFO - Filling up the DagBag from /opt/airflow/dags/env/Scripts/pyrsa-encrypt.exe
[2025-03-31T09:07:55.419+0000] {logging_mixin.py:190} INFO - [2025-03-31T09:07:55.418+0000] {dagbag.py:435} INFO - File /opt/airflow/dags/env/Scripts/pyrsa-encrypt.exe:__main__.py assumed to contain no DAGs. Skipping.
[2025-03-31T09:07:55.421+0000] {processor.py:927} WARNING - No viable dags retrieved from /opt/airflow/dags/env/Scripts/pyrsa-encrypt.exe
[2025-03-31T09:07:55.474+0000] {processor.py:208} INFO - Processing /opt/airflow/dags/env/Scripts/pyrsa-encrypt.exe took 0.108 seconds
[2025-03-31T09:08:50.213+0000] {processor.py:186} INFO - Started process (PID=8634) to work on /opt/airflow/dags/env/Scripts/pyrsa-encrypt.exe
[2025-03-31T09:08:50.214+0000] {processor.py:914} INFO - Processing file /opt/airflow/dags/env/Scripts/pyrsa-encrypt.exe for tasks to queue
[2025-03-31T09:08:50.219+0000] {logging_mixin.py:190} INFO - [2025-03-31T09:08:50.219+0000] {dagbag.py:588} INFO - Filling up the DagBag from /opt/airflow/dags/env/Scripts/pyrsa-encrypt.exe
[2025-03-31T09:08:50.233+0000] {logging_mixin.py:190} INFO - [2025-03-31T09:08:50.233+0000] {dagbag.py:435} INFO - File /opt/airflow/dags/env/Scripts/pyrsa-encrypt.exe:__main__.py assumed to contain no DAGs. Skipping.
[2025-03-31T09:08:50.235+0000] {processor.py:927} WARNING - No viable dags retrieved from /opt/airflow/dags/env/Scripts/pyrsa-encrypt.exe
[2025-03-31T09:08:50.263+0000] {processor.py:208} INFO - Processing /opt/airflow/dags/env/Scripts/pyrsa-encrypt.exe took 0.061 seconds
[2025-03-31T09:09:20.857+0000] {processor.py:186} INFO - Started process (PID=8658) to work on /opt/airflow/dags/env/Scripts/pyrsa-encrypt.exe
[2025-03-31T09:09:20.859+0000] {processor.py:914} INFO - Processing file /opt/airflow/dags/env/Scripts/pyrsa-encrypt.exe for tasks to queue
[2025-03-31T09:09:20.865+0000] {logging_mixin.py:190} INFO - [2025-03-31T09:09:20.864+0000] {dagbag.py:588} INFO - Filling up the DagBag from /opt/airflow/dags/env/Scripts/pyrsa-encrypt.exe
[2025-03-31T09:09:20.881+0000] {logging_mixin.py:190} INFO - [2025-03-31T09:09:20.880+0000] {dagbag.py:435} INFO - File /opt/airflow/dags/env/Scripts/pyrsa-encrypt.exe:__main__.py assumed to contain no DAGs. Skipping.
[2025-03-31T09:09:20.882+0000] {processor.py:927} WARNING - No viable dags retrieved from /opt/airflow/dags/env/Scripts/pyrsa-encrypt.exe
[2025-03-31T09:09:20.919+0000] {processor.py:208} INFO - Processing /opt/airflow/dags/env/Scripts/pyrsa-encrypt.exe took 0.073 seconds
[2025-03-31T09:12:17.258+0000] {processor.py:186} INFO - Started process (PID=8687) to work on /opt/airflow/dags/env/Scripts/pyrsa-encrypt.exe
[2025-03-31T09:12:17.259+0000] {processor.py:914} INFO - Processing file /opt/airflow/dags/env/Scripts/pyrsa-encrypt.exe for tasks to queue
[2025-03-31T09:12:17.269+0000] {logging_mixin.py:190} INFO - [2025-03-31T09:12:17.268+0000] {dagbag.py:588} INFO - Filling up the DagBag from /opt/airflow/dags/env/Scripts/pyrsa-encrypt.exe
[2025-03-31T09:12:17.287+0000] {logging_mixin.py:190} INFO - [2025-03-31T09:12:17.287+0000] {dagbag.py:435} INFO - File /opt/airflow/dags/env/Scripts/pyrsa-encrypt.exe:__main__.py assumed to contain no DAGs. Skipping.
[2025-03-31T09:12:17.289+0000] {processor.py:927} WARNING - No viable dags retrieved from /opt/airflow/dags/env/Scripts/pyrsa-encrypt.exe
[2025-03-31T09:12:17.335+0000] {processor.py:208} INFO - Processing /opt/airflow/dags/env/Scripts/pyrsa-encrypt.exe took 0.087 seconds
[2025-03-31T09:12:49.052+0000] {processor.py:186} INFO - Started process (PID=8711) to work on /opt/airflow/dags/env/Scripts/pyrsa-encrypt.exe
[2025-03-31T09:12:49.055+0000] {processor.py:914} INFO - Processing file /opt/airflow/dags/env/Scripts/pyrsa-encrypt.exe for tasks to queue
[2025-03-31T09:12:49.069+0000] {logging_mixin.py:190} INFO - [2025-03-31T09:12:49.064+0000] {dagbag.py:588} INFO - Filling up the DagBag from /opt/airflow/dags/env/Scripts/pyrsa-encrypt.exe
[2025-03-31T09:12:49.091+0000] {logging_mixin.py:190} INFO - [2025-03-31T09:12:49.090+0000] {dagbag.py:435} INFO - File /opt/airflow/dags/env/Scripts/pyrsa-encrypt.exe:__main__.py assumed to contain no DAGs. Skipping.
[2025-03-31T09:12:49.093+0000] {processor.py:927} WARNING - No viable dags retrieved from /opt/airflow/dags/env/Scripts/pyrsa-encrypt.exe
[2025-03-31T09:12:49.149+0000] {processor.py:208} INFO - Processing /opt/airflow/dags/env/Scripts/pyrsa-encrypt.exe took 0.112 seconds
[2025-03-31T09:13:20.160+0000] {processor.py:186} INFO - Started process (PID=8735) to work on /opt/airflow/dags/env/Scripts/pyrsa-encrypt.exe
[2025-03-31T09:13:20.162+0000] {processor.py:914} INFO - Processing file /opt/airflow/dags/env/Scripts/pyrsa-encrypt.exe for tasks to queue
[2025-03-31T09:13:20.167+0000] {logging_mixin.py:190} INFO - [2025-03-31T09:13:20.166+0000] {dagbag.py:588} INFO - Filling up the DagBag from /opt/airflow/dags/env/Scripts/pyrsa-encrypt.exe
[2025-03-31T09:13:20.181+0000] {logging_mixin.py:190} INFO - [2025-03-31T09:13:20.180+0000] {dagbag.py:435} INFO - File /opt/airflow/dags/env/Scripts/pyrsa-encrypt.exe:__main__.py assumed to contain no DAGs. Skipping.
[2025-03-31T09:13:20.182+0000] {processor.py:927} WARNING - No viable dags retrieved from /opt/airflow/dags/env/Scripts/pyrsa-encrypt.exe
[2025-03-31T09:13:20.210+0000] {processor.py:208} INFO - Processing /opt/airflow/dags/env/Scripts/pyrsa-encrypt.exe took 0.063 seconds
[2025-03-31T09:13:44.600+0000] {processor.py:186} INFO - Started process (PID=8745) to work on /opt/airflow/dags/env/Scripts/pyrsa-encrypt.exe
[2025-03-31T09:13:44.603+0000] {processor.py:914} INFO - Processing file /opt/airflow/dags/env/Scripts/pyrsa-encrypt.exe for tasks to queue
[2025-03-31T09:13:44.613+0000] {logging_mixin.py:190} INFO - [2025-03-31T09:13:44.611+0000] {dagbag.py:588} INFO - Filling up the DagBag from /opt/airflow/dags/env/Scripts/pyrsa-encrypt.exe
[2025-03-31T09:13:44.634+0000] {logging_mixin.py:190} INFO - [2025-03-31T09:13:44.634+0000] {dagbag.py:435} INFO - File /opt/airflow/dags/env/Scripts/pyrsa-encrypt.exe:__main__.py assumed to contain no DAGs. Skipping.
[2025-03-31T09:13:44.636+0000] {processor.py:927} WARNING - No viable dags retrieved from /opt/airflow/dags/env/Scripts/pyrsa-encrypt.exe
[2025-03-31T09:13:44.675+0000] {processor.py:208} INFO - Processing /opt/airflow/dags/env/Scripts/pyrsa-encrypt.exe took 0.086 seconds
[2025-03-31T09:14:15.427+0000] {processor.py:186} INFO - Started process (PID=8769) to work on /opt/airflow/dags/env/Scripts/pyrsa-encrypt.exe
[2025-03-31T09:14:15.428+0000] {processor.py:914} INFO - Processing file /opt/airflow/dags/env/Scripts/pyrsa-encrypt.exe for tasks to queue
[2025-03-31T09:14:15.433+0000] {logging_mixin.py:190} INFO - [2025-03-31T09:14:15.433+0000] {dagbag.py:588} INFO - Filling up the DagBag from /opt/airflow/dags/env/Scripts/pyrsa-encrypt.exe
[2025-03-31T09:14:15.448+0000] {logging_mixin.py:190} INFO - [2025-03-31T09:14:15.447+0000] {dagbag.py:435} INFO - File /opt/airflow/dags/env/Scripts/pyrsa-encrypt.exe:__main__.py assumed to contain no DAGs. Skipping.
[2025-03-31T09:14:15.449+0000] {processor.py:927} WARNING - No viable dags retrieved from /opt/airflow/dags/env/Scripts/pyrsa-encrypt.exe
[2025-03-31T09:14:15.479+0000] {processor.py:208} INFO - Processing /opt/airflow/dags/env/Scripts/pyrsa-encrypt.exe took 0.063 seconds
[2025-03-31T09:14:46.447+0000] {processor.py:186} INFO - Started process (PID=8793) to work on /opt/airflow/dags/env/Scripts/pyrsa-encrypt.exe
[2025-03-31T09:14:46.450+0000] {processor.py:914} INFO - Processing file /opt/airflow/dags/env/Scripts/pyrsa-encrypt.exe for tasks to queue
[2025-03-31T09:14:46.457+0000] {logging_mixin.py:190} INFO - [2025-03-31T09:14:46.456+0000] {dagbag.py:588} INFO - Filling up the DagBag from /opt/airflow/dags/env/Scripts/pyrsa-encrypt.exe
[2025-03-31T09:14:46.476+0000] {logging_mixin.py:190} INFO - [2025-03-31T09:14:46.475+0000] {dagbag.py:435} INFO - File /opt/airflow/dags/env/Scripts/pyrsa-encrypt.exe:__main__.py assumed to contain no DAGs. Skipping.
[2025-03-31T09:14:46.478+0000] {processor.py:927} WARNING - No viable dags retrieved from /opt/airflow/dags/env/Scripts/pyrsa-encrypt.exe
[2025-03-31T09:14:46.514+0000] {processor.py:208} INFO - Processing /opt/airflow/dags/env/Scripts/pyrsa-encrypt.exe took 0.083 seconds
[2025-03-31T09:17:20.694+0000] {processor.py:186} INFO - Started process (PID=8804) to work on /opt/airflow/dags/env/Scripts/pyrsa-encrypt.exe
[2025-03-31T09:17:20.699+0000] {processor.py:914} INFO - Processing file /opt/airflow/dags/env/Scripts/pyrsa-encrypt.exe for tasks to queue
[2025-03-31T09:17:20.712+0000] {logging_mixin.py:190} INFO - [2025-03-31T09:17:20.711+0000] {dagbag.py:588} INFO - Filling up the DagBag from /opt/airflow/dags/env/Scripts/pyrsa-encrypt.exe
[2025-03-31T09:17:20.731+0000] {logging_mixin.py:190} INFO - [2025-03-31T09:17:20.731+0000] {dagbag.py:435} INFO - File /opt/airflow/dags/env/Scripts/pyrsa-encrypt.exe:__main__.py assumed to contain no DAGs. Skipping.
[2025-03-31T09:17:20.733+0000] {processor.py:927} WARNING - No viable dags retrieved from /opt/airflow/dags/env/Scripts/pyrsa-encrypt.exe
[2025-03-31T09:17:20.793+0000] {processor.py:208} INFO - Processing /opt/airflow/dags/env/Scripts/pyrsa-encrypt.exe took 0.114 seconds
[2025-03-31T09:17:51.419+0000] {processor.py:186} INFO - Started process (PID=8828) to work on /opt/airflow/dags/env/Scripts/pyrsa-encrypt.exe
[2025-03-31T09:17:51.421+0000] {processor.py:914} INFO - Processing file /opt/airflow/dags/env/Scripts/pyrsa-encrypt.exe for tasks to queue
[2025-03-31T09:17:51.429+0000] {logging_mixin.py:190} INFO - [2025-03-31T09:17:51.428+0000] {dagbag.py:588} INFO - Filling up the DagBag from /opt/airflow/dags/env/Scripts/pyrsa-encrypt.exe
[2025-03-31T09:17:51.447+0000] {logging_mixin.py:190} INFO - [2025-03-31T09:17:51.447+0000] {dagbag.py:435} INFO - File /opt/airflow/dags/env/Scripts/pyrsa-encrypt.exe:__main__.py assumed to contain no DAGs. Skipping.
[2025-03-31T09:17:51.449+0000] {processor.py:927} WARNING - No viable dags retrieved from /opt/airflow/dags/env/Scripts/pyrsa-encrypt.exe
[2025-03-31T09:17:51.485+0000] {processor.py:208} INFO - Processing /opt/airflow/dags/env/Scripts/pyrsa-encrypt.exe took 0.082 seconds
[2025-03-31T09:18:44.099+0000] {processor.py:186} INFO - Started process (PID=8860) to work on /opt/airflow/dags/env/Scripts/pyrsa-encrypt.exe
[2025-03-31T09:18:44.103+0000] {processor.py:914} INFO - Processing file /opt/airflow/dags/env/Scripts/pyrsa-encrypt.exe for tasks to queue
[2025-03-31T09:18:44.113+0000] {logging_mixin.py:190} INFO - [2025-03-31T09:18:44.112+0000] {dagbag.py:588} INFO - Filling up the DagBag from /opt/airflow/dags/env/Scripts/pyrsa-encrypt.exe
[2025-03-31T09:18:44.139+0000] {logging_mixin.py:190} INFO - [2025-03-31T09:18:44.138+0000] {dagbag.py:435} INFO - File /opt/airflow/dags/env/Scripts/pyrsa-encrypt.exe:__main__.py assumed to contain no DAGs. Skipping.
[2025-03-31T09:18:44.142+0000] {processor.py:927} WARNING - No viable dags retrieved from /opt/airflow/dags/env/Scripts/pyrsa-encrypt.exe
[2025-03-31T09:18:44.183+0000] {processor.py:208} INFO - Processing /opt/airflow/dags/env/Scripts/pyrsa-encrypt.exe took 0.101 seconds
[2025-03-31T09:19:14.828+0000] {processor.py:186} INFO - Started process (PID=8884) to work on /opt/airflow/dags/env/Scripts/pyrsa-encrypt.exe
[2025-03-31T09:19:14.830+0000] {processor.py:914} INFO - Processing file /opt/airflow/dags/env/Scripts/pyrsa-encrypt.exe for tasks to queue
[2025-03-31T09:19:14.835+0000] {logging_mixin.py:190} INFO - [2025-03-31T09:19:14.834+0000] {dagbag.py:588} INFO - Filling up the DagBag from /opt/airflow/dags/env/Scripts/pyrsa-encrypt.exe
[2025-03-31T09:19:14.850+0000] {logging_mixin.py:190} INFO - [2025-03-31T09:19:14.849+0000] {dagbag.py:435} INFO - File /opt/airflow/dags/env/Scripts/pyrsa-encrypt.exe:__main__.py assumed to contain no DAGs. Skipping.
[2025-03-31T09:19:14.851+0000] {processor.py:927} WARNING - No viable dags retrieved from /opt/airflow/dags/env/Scripts/pyrsa-encrypt.exe
[2025-03-31T09:19:14.879+0000] {processor.py:208} INFO - Processing /opt/airflow/dags/env/Scripts/pyrsa-encrypt.exe took 0.061 seconds
[2025-03-31T09:19:46.489+0000] {processor.py:186} INFO - Started process (PID=8908) to work on /opt/airflow/dags/env/Scripts/pyrsa-encrypt.exe
[2025-03-31T09:19:46.491+0000] {processor.py:914} INFO - Processing file /opt/airflow/dags/env/Scripts/pyrsa-encrypt.exe for tasks to queue
[2025-03-31T09:19:46.495+0000] {logging_mixin.py:190} INFO - [2025-03-31T09:19:46.494+0000] {dagbag.py:588} INFO - Filling up the DagBag from /opt/airflow/dags/env/Scripts/pyrsa-encrypt.exe
[2025-03-31T09:19:46.515+0000] {logging_mixin.py:190} INFO - [2025-03-31T09:19:46.514+0000] {dagbag.py:435} INFO - File /opt/airflow/dags/env/Scripts/pyrsa-encrypt.exe:__main__.py assumed to contain no DAGs. Skipping.
[2025-03-31T09:19:46.516+0000] {processor.py:927} WARNING - No viable dags retrieved from /opt/airflow/dags/env/Scripts/pyrsa-encrypt.exe
[2025-03-31T09:19:46.547+0000] {processor.py:208} INFO - Processing /opt/airflow/dags/env/Scripts/pyrsa-encrypt.exe took 0.069 seconds
[2025-03-31T09:22:22.785+0000] {processor.py:186} INFO - Started process (PID=8918) to work on /opt/airflow/dags/env/Scripts/pyrsa-encrypt.exe
[2025-03-31T09:22:22.787+0000] {processor.py:914} INFO - Processing file /opt/airflow/dags/env/Scripts/pyrsa-encrypt.exe for tasks to queue
[2025-03-31T09:22:22.794+0000] {logging_mixin.py:190} INFO - [2025-03-31T09:22:22.793+0000] {dagbag.py:588} INFO - Filling up the DagBag from /opt/airflow/dags/env/Scripts/pyrsa-encrypt.exe
[2025-03-31T09:22:22.808+0000] {logging_mixin.py:190} INFO - [2025-03-31T09:22:22.807+0000] {dagbag.py:435} INFO - File /opt/airflow/dags/env/Scripts/pyrsa-encrypt.exe:__main__.py assumed to contain no DAGs. Skipping.
[2025-03-31T09:22:22.809+0000] {processor.py:927} WARNING - No viable dags retrieved from /opt/airflow/dags/env/Scripts/pyrsa-encrypt.exe
[2025-03-31T09:22:22.842+0000] {processor.py:208} INFO - Processing /opt/airflow/dags/env/Scripts/pyrsa-encrypt.exe took 0.065 seconds
[2025-03-31T09:22:53.114+0000] {processor.py:186} INFO - Started process (PID=8942) to work on /opt/airflow/dags/env/Scripts/pyrsa-encrypt.exe
[2025-03-31T09:22:53.117+0000] {processor.py:914} INFO - Processing file /opt/airflow/dags/env/Scripts/pyrsa-encrypt.exe for tasks to queue
[2025-03-31T09:22:53.132+0000] {logging_mixin.py:190} INFO - [2025-03-31T09:22:53.131+0000] {dagbag.py:588} INFO - Filling up the DagBag from /opt/airflow/dags/env/Scripts/pyrsa-encrypt.exe
[2025-03-31T09:22:53.151+0000] {logging_mixin.py:190} INFO - [2025-03-31T09:22:53.151+0000] {dagbag.py:435} INFO - File /opt/airflow/dags/env/Scripts/pyrsa-encrypt.exe:__main__.py assumed to contain no DAGs. Skipping.
[2025-03-31T09:22:53.153+0000] {processor.py:927} WARNING - No viable dags retrieved from /opt/airflow/dags/env/Scripts/pyrsa-encrypt.exe
[2025-03-31T09:22:53.218+0000] {processor.py:208} INFO - Processing /opt/airflow/dags/env/Scripts/pyrsa-encrypt.exe took 0.126 seconds
[2025-03-31T09:23:48.998+0000] {processor.py:186} INFO - Started process (PID=8974) to work on /opt/airflow/dags/env/Scripts/pyrsa-encrypt.exe
[2025-03-31T09:23:49.000+0000] {processor.py:914} INFO - Processing file /opt/airflow/dags/env/Scripts/pyrsa-encrypt.exe for tasks to queue
[2025-03-31T09:23:49.006+0000] {logging_mixin.py:190} INFO - [2025-03-31T09:23:49.005+0000] {dagbag.py:588} INFO - Filling up the DagBag from /opt/airflow/dags/env/Scripts/pyrsa-encrypt.exe
[2025-03-31T09:23:49.023+0000] {logging_mixin.py:190} INFO - [2025-03-31T09:23:49.022+0000] {dagbag.py:435} INFO - File /opt/airflow/dags/env/Scripts/pyrsa-encrypt.exe:__main__.py assumed to contain no DAGs. Skipping.
[2025-03-31T09:23:49.024+0000] {processor.py:927} WARNING - No viable dags retrieved from /opt/airflow/dags/env/Scripts/pyrsa-encrypt.exe
[2025-03-31T09:23:49.063+0000] {processor.py:208} INFO - Processing /opt/airflow/dags/env/Scripts/pyrsa-encrypt.exe took 0.079 seconds
[2025-03-31T09:24:20.511+0000] {processor.py:186} INFO - Started process (PID=8998) to work on /opt/airflow/dags/env/Scripts/pyrsa-encrypt.exe
[2025-03-31T09:24:20.514+0000] {processor.py:914} INFO - Processing file /opt/airflow/dags/env/Scripts/pyrsa-encrypt.exe for tasks to queue
[2025-03-31T09:24:20.523+0000] {logging_mixin.py:190} INFO - [2025-03-31T09:24:20.522+0000] {dagbag.py:588} INFO - Filling up the DagBag from /opt/airflow/dags/env/Scripts/pyrsa-encrypt.exe
[2025-03-31T09:24:20.541+0000] {logging_mixin.py:190} INFO - [2025-03-31T09:24:20.540+0000] {dagbag.py:435} INFO - File /opt/airflow/dags/env/Scripts/pyrsa-encrypt.exe:__main__.py assumed to contain no DAGs. Skipping.
[2025-03-31T09:24:20.543+0000] {processor.py:927} WARNING - No viable dags retrieved from /opt/airflow/dags/env/Scripts/pyrsa-encrypt.exe
[2025-03-31T09:24:20.585+0000] {processor.py:208} INFO - Processing /opt/airflow/dags/env/Scripts/pyrsa-encrypt.exe took 0.090 seconds
[2025-03-31T09:27:23.139+0000] {processor.py:186} INFO - Started process (PID=9029) to work on /opt/airflow/dags/env/Scripts/pyrsa-encrypt.exe
[2025-03-31T09:27:23.141+0000] {processor.py:914} INFO - Processing file /opt/airflow/dags/env/Scripts/pyrsa-encrypt.exe for tasks to queue
[2025-03-31T09:27:23.147+0000] {logging_mixin.py:190} INFO - [2025-03-31T09:27:23.146+0000] {dagbag.py:588} INFO - Filling up the DagBag from /opt/airflow/dags/env/Scripts/pyrsa-encrypt.exe
[2025-03-31T09:27:23.168+0000] {logging_mixin.py:190} INFO - [2025-03-31T09:27:23.167+0000] {dagbag.py:435} INFO - File /opt/airflow/dags/env/Scripts/pyrsa-encrypt.exe:__main__.py assumed to contain no DAGs. Skipping.
[2025-03-31T09:27:23.170+0000] {processor.py:927} WARNING - No viable dags retrieved from /opt/airflow/dags/env/Scripts/pyrsa-encrypt.exe
[2025-03-31T09:27:23.228+0000] {processor.py:208} INFO - Processing /opt/airflow/dags/env/Scripts/pyrsa-encrypt.exe took 0.100 seconds
[2025-03-31T09:27:55.272+0000] {processor.py:186} INFO - Started process (PID=9053) to work on /opt/airflow/dags/env/Scripts/pyrsa-encrypt.exe
[2025-03-31T09:27:55.273+0000] {processor.py:914} INFO - Processing file /opt/airflow/dags/env/Scripts/pyrsa-encrypt.exe for tasks to queue
[2025-03-31T09:27:55.278+0000] {logging_mixin.py:190} INFO - [2025-03-31T09:27:55.277+0000] {dagbag.py:588} INFO - Filling up the DagBag from /opt/airflow/dags/env/Scripts/pyrsa-encrypt.exe
[2025-03-31T09:27:55.292+0000] {logging_mixin.py:190} INFO - [2025-03-31T09:27:55.292+0000] {dagbag.py:435} INFO - File /opt/airflow/dags/env/Scripts/pyrsa-encrypt.exe:__main__.py assumed to contain no DAGs. Skipping.
[2025-03-31T09:27:55.294+0000] {processor.py:927} WARNING - No viable dags retrieved from /opt/airflow/dags/env/Scripts/pyrsa-encrypt.exe
[2025-03-31T09:27:55.322+0000] {processor.py:208} INFO - Processing /opt/airflow/dags/env/Scripts/pyrsa-encrypt.exe took 0.061 seconds
[2025-03-31T09:28:47.764+0000] {processor.py:186} INFO - Started process (PID=9084) to work on /opt/airflow/dags/env/Scripts/pyrsa-encrypt.exe
[2025-03-31T09:28:47.766+0000] {processor.py:914} INFO - Processing file /opt/airflow/dags/env/Scripts/pyrsa-encrypt.exe for tasks to queue
[2025-03-31T09:28:47.773+0000] {logging_mixin.py:190} INFO - [2025-03-31T09:28:47.772+0000] {dagbag.py:588} INFO - Filling up the DagBag from /opt/airflow/dags/env/Scripts/pyrsa-encrypt.exe
[2025-03-31T09:28:47.791+0000] {logging_mixin.py:190} INFO - [2025-03-31T09:28:47.791+0000] {dagbag.py:435} INFO - File /opt/airflow/dags/env/Scripts/pyrsa-encrypt.exe:__main__.py assumed to contain no DAGs. Skipping.
[2025-03-31T09:28:47.793+0000] {processor.py:927} WARNING - No viable dags retrieved from /opt/airflow/dags/env/Scripts/pyrsa-encrypt.exe
[2025-03-31T09:28:47.828+0000] {processor.py:208} INFO - Processing /opt/airflow/dags/env/Scripts/pyrsa-encrypt.exe took 0.078 seconds
[2025-03-31T09:29:18.350+0000] {processor.py:186} INFO - Started process (PID=9108) to work on /opt/airflow/dags/env/Scripts/pyrsa-encrypt.exe
[2025-03-31T09:29:18.356+0000] {processor.py:914} INFO - Processing file /opt/airflow/dags/env/Scripts/pyrsa-encrypt.exe for tasks to queue
[2025-03-31T09:29:18.364+0000] {logging_mixin.py:190} INFO - [2025-03-31T09:29:18.363+0000] {dagbag.py:588} INFO - Filling up the DagBag from /opt/airflow/dags/env/Scripts/pyrsa-encrypt.exe
[2025-03-31T09:29:18.382+0000] {logging_mixin.py:190} INFO - [2025-03-31T09:29:18.381+0000] {dagbag.py:435} INFO - File /opt/airflow/dags/env/Scripts/pyrsa-encrypt.exe:__main__.py assumed to contain no DAGs. Skipping.
[2025-03-31T09:29:18.384+0000] {processor.py:927} WARNING - No viable dags retrieved from /opt/airflow/dags/env/Scripts/pyrsa-encrypt.exe
[2025-03-31T09:29:18.448+0000] {processor.py:208} INFO - Processing /opt/airflow/dags/env/Scripts/pyrsa-encrypt.exe took 0.112 seconds
[2025-03-31T09:32:22.808+0000] {processor.py:186} INFO - Started process (PID=9140) to work on /opt/airflow/dags/env/Scripts/pyrsa-encrypt.exe
[2025-03-31T09:32:22.809+0000] {processor.py:914} INFO - Processing file /opt/airflow/dags/env/Scripts/pyrsa-encrypt.exe for tasks to queue
[2025-03-31T09:32:22.814+0000] {logging_mixin.py:190} INFO - [2025-03-31T09:32:22.814+0000] {dagbag.py:588} INFO - Filling up the DagBag from /opt/airflow/dags/env/Scripts/pyrsa-encrypt.exe
[2025-03-31T09:32:22.828+0000] {logging_mixin.py:190} INFO - [2025-03-31T09:32:22.828+0000] {dagbag.py:435} INFO - File /opt/airflow/dags/env/Scripts/pyrsa-encrypt.exe:__main__.py assumed to contain no DAGs. Skipping.
[2025-03-31T09:32:22.829+0000] {processor.py:927} WARNING - No viable dags retrieved from /opt/airflow/dags/env/Scripts/pyrsa-encrypt.exe
[2025-03-31T09:32:22.858+0000] {processor.py:208} INFO - Processing /opt/airflow/dags/env/Scripts/pyrsa-encrypt.exe took 0.061 seconds
[2025-03-31T09:32:54.644+0000] {processor.py:186} INFO - Started process (PID=9164) to work on /opt/airflow/dags/env/Scripts/pyrsa-encrypt.exe
[2025-03-31T09:32:54.645+0000] {processor.py:914} INFO - Processing file /opt/airflow/dags/env/Scripts/pyrsa-encrypt.exe for tasks to queue
[2025-03-31T09:32:54.652+0000] {logging_mixin.py:190} INFO - [2025-03-31T09:32:54.651+0000] {dagbag.py:588} INFO - Filling up the DagBag from /opt/airflow/dags/env/Scripts/pyrsa-encrypt.exe
[2025-03-31T09:32:54.671+0000] {logging_mixin.py:190} INFO - [2025-03-31T09:32:54.670+0000] {dagbag.py:435} INFO - File /opt/airflow/dags/env/Scripts/pyrsa-encrypt.exe:__main__.py assumed to contain no DAGs. Skipping.
[2025-03-31T09:32:54.672+0000] {processor.py:927} WARNING - No viable dags retrieved from /opt/airflow/dags/env/Scripts/pyrsa-encrypt.exe
[2025-03-31T09:32:54.711+0000] {processor.py:208} INFO - Processing /opt/airflow/dags/env/Scripts/pyrsa-encrypt.exe took 0.080 seconds
[2025-03-31T09:33:47.322+0000] {processor.py:186} INFO - Started process (PID=9196) to work on /opt/airflow/dags/env/Scripts/pyrsa-encrypt.exe
[2025-03-31T09:33:47.324+0000] {processor.py:914} INFO - Processing file /opt/airflow/dags/env/Scripts/pyrsa-encrypt.exe for tasks to queue
[2025-03-31T09:33:47.329+0000] {logging_mixin.py:190} INFO - [2025-03-31T09:33:47.328+0000] {dagbag.py:588} INFO - Filling up the DagBag from /opt/airflow/dags/env/Scripts/pyrsa-encrypt.exe
[2025-03-31T09:33:47.344+0000] {logging_mixin.py:190} INFO - [2025-03-31T09:33:47.344+0000] {dagbag.py:435} INFO - File /opt/airflow/dags/env/Scripts/pyrsa-encrypt.exe:__main__.py assumed to contain no DAGs. Skipping.
[2025-03-31T09:33:47.346+0000] {processor.py:927} WARNING - No viable dags retrieved from /opt/airflow/dags/env/Scripts/pyrsa-encrypt.exe
[2025-03-31T09:33:47.376+0000] {processor.py:208} INFO - Processing /opt/airflow/dags/env/Scripts/pyrsa-encrypt.exe took 0.065 seconds
[2025-03-31T09:34:18.395+0000] {processor.py:186} INFO - Started process (PID=9220) to work on /opt/airflow/dags/env/Scripts/pyrsa-encrypt.exe
[2025-03-31T09:34:18.397+0000] {processor.py:914} INFO - Processing file /opt/airflow/dags/env/Scripts/pyrsa-encrypt.exe for tasks to queue
[2025-03-31T09:34:18.404+0000] {logging_mixin.py:190} INFO - [2025-03-31T09:34:18.403+0000] {dagbag.py:588} INFO - Filling up the DagBag from /opt/airflow/dags/env/Scripts/pyrsa-encrypt.exe
[2025-03-31T09:34:18.423+0000] {logging_mixin.py:190} INFO - [2025-03-31T09:34:18.422+0000] {dagbag.py:435} INFO - File /opt/airflow/dags/env/Scripts/pyrsa-encrypt.exe:__main__.py assumed to contain no DAGs. Skipping.
[2025-03-31T09:34:18.424+0000] {processor.py:927} WARNING - No viable dags retrieved from /opt/airflow/dags/env/Scripts/pyrsa-encrypt.exe
[2025-03-31T09:34:18.459+0000] {processor.py:208} INFO - Processing /opt/airflow/dags/env/Scripts/pyrsa-encrypt.exe took 0.077 seconds
[2025-03-31T09:37:31.188+0000] {processor.py:186} INFO - Started process (PID=9253) to work on /opt/airflow/dags/env/Scripts/pyrsa-encrypt.exe
[2025-03-31T09:37:31.189+0000] {processor.py:914} INFO - Processing file /opt/airflow/dags/env/Scripts/pyrsa-encrypt.exe for tasks to queue
[2025-03-31T09:37:31.195+0000] {logging_mixin.py:190} INFO - [2025-03-31T09:37:31.194+0000] {dagbag.py:588} INFO - Filling up the DagBag from /opt/airflow/dags/env/Scripts/pyrsa-encrypt.exe
[2025-03-31T09:37:31.209+0000] {logging_mixin.py:190} INFO - [2025-03-31T09:37:31.208+0000] {dagbag.py:435} INFO - File /opt/airflow/dags/env/Scripts/pyrsa-encrypt.exe:__main__.py assumed to contain no DAGs. Skipping.
[2025-03-31T09:37:31.210+0000] {processor.py:927} WARNING - No viable dags retrieved from /opt/airflow/dags/env/Scripts/pyrsa-encrypt.exe
[2025-03-31T09:37:31.239+0000] {processor.py:208} INFO - Processing /opt/airflow/dags/env/Scripts/pyrsa-encrypt.exe took 0.063 seconds
[2025-03-31T09:38:03.007+0000] {processor.py:186} INFO - Started process (PID=9277) to work on /opt/airflow/dags/env/Scripts/pyrsa-encrypt.exe
[2025-03-31T09:38:03.009+0000] {processor.py:914} INFO - Processing file /opt/airflow/dags/env/Scripts/pyrsa-encrypt.exe for tasks to queue
[2025-03-31T09:38:03.014+0000] {logging_mixin.py:190} INFO - [2025-03-31T09:38:03.013+0000] {dagbag.py:588} INFO - Filling up the DagBag from /opt/airflow/dags/env/Scripts/pyrsa-encrypt.exe
[2025-03-31T09:38:03.030+0000] {logging_mixin.py:190} INFO - [2025-03-31T09:38:03.030+0000] {dagbag.py:435} INFO - File /opt/airflow/dags/env/Scripts/pyrsa-encrypt.exe:__main__.py assumed to contain no DAGs. Skipping.
[2025-03-31T09:38:03.031+0000] {processor.py:927} WARNING - No viable dags retrieved from /opt/airflow/dags/env/Scripts/pyrsa-encrypt.exe
[2025-03-31T09:38:03.064+0000] {processor.py:208} INFO - Processing /opt/airflow/dags/env/Scripts/pyrsa-encrypt.exe took 0.068 seconds
[2025-03-31T09:38:56.439+0000] {processor.py:186} INFO - Started process (PID=9303) to work on /opt/airflow/dags/env/Scripts/pyrsa-encrypt.exe
[2025-03-31T09:38:56.441+0000] {processor.py:914} INFO - Processing file /opt/airflow/dags/env/Scripts/pyrsa-encrypt.exe for tasks to queue
[2025-03-31T09:38:56.446+0000] {logging_mixin.py:190} INFO - [2025-03-31T09:38:56.446+0000] {dagbag.py:588} INFO - Filling up the DagBag from /opt/airflow/dags/env/Scripts/pyrsa-encrypt.exe
[2025-03-31T09:38:56.462+0000] {logging_mixin.py:190} INFO - [2025-03-31T09:38:56.461+0000] {dagbag.py:435} INFO - File /opt/airflow/dags/env/Scripts/pyrsa-encrypt.exe:__main__.py assumed to contain no DAGs. Skipping.
[2025-03-31T09:38:56.463+0000] {processor.py:927} WARNING - No viable dags retrieved from /opt/airflow/dags/env/Scripts/pyrsa-encrypt.exe
[2025-03-31T09:38:56.492+0000] {processor.py:208} INFO - Processing /opt/airflow/dags/env/Scripts/pyrsa-encrypt.exe took 0.067 seconds
[2025-03-31T09:39:27.303+0000] {processor.py:186} INFO - Started process (PID=9327) to work on /opt/airflow/dags/env/Scripts/pyrsa-encrypt.exe
[2025-03-31T09:39:27.305+0000] {processor.py:914} INFO - Processing file /opt/airflow/dags/env/Scripts/pyrsa-encrypt.exe for tasks to queue
[2025-03-31T09:39:27.312+0000] {logging_mixin.py:190} INFO - [2025-03-31T09:39:27.311+0000] {dagbag.py:588} INFO - Filling up the DagBag from /opt/airflow/dags/env/Scripts/pyrsa-encrypt.exe
[2025-03-31T09:39:27.328+0000] {logging_mixin.py:190} INFO - [2025-03-31T09:39:27.327+0000] {dagbag.py:435} INFO - File /opt/airflow/dags/env/Scripts/pyrsa-encrypt.exe:__main__.py assumed to contain no DAGs. Skipping.
[2025-03-31T09:39:27.329+0000] {processor.py:927} WARNING - No viable dags retrieved from /opt/airflow/dags/env/Scripts/pyrsa-encrypt.exe
[2025-03-31T09:39:27.361+0000] {processor.py:208} INFO - Processing /opt/airflow/dags/env/Scripts/pyrsa-encrypt.exe took 0.072 seconds
[2025-03-31T09:42:32.079+0000] {processor.py:186} INFO - Started process (PID=9354) to work on /opt/airflow/dags/env/Scripts/pyrsa-encrypt.exe
[2025-03-31T09:42:32.080+0000] {processor.py:914} INFO - Processing file /opt/airflow/dags/env/Scripts/pyrsa-encrypt.exe for tasks to queue
[2025-03-31T09:42:32.087+0000] {logging_mixin.py:190} INFO - [2025-03-31T09:42:32.086+0000] {dagbag.py:588} INFO - Filling up the DagBag from /opt/airflow/dags/env/Scripts/pyrsa-encrypt.exe
[2025-03-31T09:42:32.105+0000] {logging_mixin.py:190} INFO - [2025-03-31T09:42:32.104+0000] {dagbag.py:435} INFO - File /opt/airflow/dags/env/Scripts/pyrsa-encrypt.exe:__main__.py assumed to contain no DAGs. Skipping.
[2025-03-31T09:42:32.107+0000] {processor.py:927} WARNING - No viable dags retrieved from /opt/airflow/dags/env/Scripts/pyrsa-encrypt.exe
[2025-03-31T09:42:32.165+0000] {processor.py:208} INFO - Processing /opt/airflow/dags/env/Scripts/pyrsa-encrypt.exe took 0.096 seconds
[2025-03-31T09:43:03.378+0000] {processor.py:186} INFO - Started process (PID=9378) to work on /opt/airflow/dags/env/Scripts/pyrsa-encrypt.exe
[2025-03-31T09:43:03.380+0000] {processor.py:914} INFO - Processing file /opt/airflow/dags/env/Scripts/pyrsa-encrypt.exe for tasks to queue
[2025-03-31T09:43:03.389+0000] {logging_mixin.py:190} INFO - [2025-03-31T09:43:03.388+0000] {dagbag.py:588} INFO - Filling up the DagBag from /opt/airflow/dags/env/Scripts/pyrsa-encrypt.exe
[2025-03-31T09:43:03.406+0000] {logging_mixin.py:190} INFO - [2025-03-31T09:43:03.406+0000] {dagbag.py:435} INFO - File /opt/airflow/dags/env/Scripts/pyrsa-encrypt.exe:__main__.py assumed to contain no DAGs. Skipping.
[2025-03-31T09:43:03.408+0000] {processor.py:927} WARNING - No viable dags retrieved from /opt/airflow/dags/env/Scripts/pyrsa-encrypt.exe
[2025-03-31T09:43:03.445+0000] {processor.py:208} INFO - Processing /opt/airflow/dags/env/Scripts/pyrsa-encrypt.exe took 0.082 seconds
[2025-03-31T09:43:58.426+0000] {processor.py:186} INFO - Started process (PID=9404) to work on /opt/airflow/dags/env/Scripts/pyrsa-encrypt.exe
[2025-03-31T09:43:58.430+0000] {processor.py:914} INFO - Processing file /opt/airflow/dags/env/Scripts/pyrsa-encrypt.exe for tasks to queue
[2025-03-31T09:43:58.439+0000] {logging_mixin.py:190} INFO - [2025-03-31T09:43:58.438+0000] {dagbag.py:588} INFO - Filling up the DagBag from /opt/airflow/dags/env/Scripts/pyrsa-encrypt.exe
[2025-03-31T09:43:58.458+0000] {logging_mixin.py:190} INFO - [2025-03-31T09:43:58.458+0000] {dagbag.py:435} INFO - File /opt/airflow/dags/env/Scripts/pyrsa-encrypt.exe:__main__.py assumed to contain no DAGs. Skipping.
[2025-03-31T09:43:58.459+0000] {processor.py:927} WARNING - No viable dags retrieved from /opt/airflow/dags/env/Scripts/pyrsa-encrypt.exe
[2025-03-31T09:43:58.495+0000] {processor.py:208} INFO - Processing /opt/airflow/dags/env/Scripts/pyrsa-encrypt.exe took 0.087 seconds
[2025-03-31T09:44:29.383+0000] {processor.py:186} INFO - Started process (PID=9428) to work on /opt/airflow/dags/env/Scripts/pyrsa-encrypt.exe
[2025-03-31T09:44:29.385+0000] {processor.py:914} INFO - Processing file /opt/airflow/dags/env/Scripts/pyrsa-encrypt.exe for tasks to queue
[2025-03-31T09:44:29.394+0000] {logging_mixin.py:190} INFO - [2025-03-31T09:44:29.391+0000] {dagbag.py:588} INFO - Filling up the DagBag from /opt/airflow/dags/env/Scripts/pyrsa-encrypt.exe
[2025-03-31T09:44:29.413+0000] {logging_mixin.py:190} INFO - [2025-03-31T09:44:29.413+0000] {dagbag.py:435} INFO - File /opt/airflow/dags/env/Scripts/pyrsa-encrypt.exe:__main__.py assumed to contain no DAGs. Skipping.
[2025-03-31T09:44:29.415+0000] {processor.py:927} WARNING - No viable dags retrieved from /opt/airflow/dags/env/Scripts/pyrsa-encrypt.exe
[2025-03-31T09:44:29.451+0000] {processor.py:208} INFO - Processing /opt/airflow/dags/env/Scripts/pyrsa-encrypt.exe took 0.089 seconds
[2025-03-31T09:47:30.838+0000] {processor.py:186} INFO - Started process (PID=9454) to work on /opt/airflow/dags/env/Scripts/pyrsa-encrypt.exe
[2025-03-31T09:47:30.840+0000] {processor.py:914} INFO - Processing file /opt/airflow/dags/env/Scripts/pyrsa-encrypt.exe for tasks to queue
[2025-03-31T09:47:30.844+0000] {logging_mixin.py:190} INFO - [2025-03-31T09:47:30.843+0000] {dagbag.py:588} INFO - Filling up the DagBag from /opt/airflow/dags/env/Scripts/pyrsa-encrypt.exe
[2025-03-31T09:47:30.861+0000] {logging_mixin.py:190} INFO - [2025-03-31T09:47:30.861+0000] {dagbag.py:435} INFO - File /opt/airflow/dags/env/Scripts/pyrsa-encrypt.exe:__main__.py assumed to contain no DAGs. Skipping.
[2025-03-31T09:47:30.863+0000] {processor.py:927} WARNING - No viable dags retrieved from /opt/airflow/dags/env/Scripts/pyrsa-encrypt.exe
[2025-03-31T09:47:30.902+0000] {processor.py:208} INFO - Processing /opt/airflow/dags/env/Scripts/pyrsa-encrypt.exe took 0.075 seconds
[2025-03-31T09:48:02.599+0000] {processor.py:186} INFO - Started process (PID=9478) to work on /opt/airflow/dags/env/Scripts/pyrsa-encrypt.exe
[2025-03-31T09:48:02.601+0000] {processor.py:914} INFO - Processing file /opt/airflow/dags/env/Scripts/pyrsa-encrypt.exe for tasks to queue
[2025-03-31T09:48:02.606+0000] {logging_mixin.py:190} INFO - [2025-03-31T09:48:02.605+0000] {dagbag.py:588} INFO - Filling up the DagBag from /opt/airflow/dags/env/Scripts/pyrsa-encrypt.exe
[2025-03-31T09:48:02.620+0000] {logging_mixin.py:190} INFO - [2025-03-31T09:48:02.620+0000] {dagbag.py:435} INFO - File /opt/airflow/dags/env/Scripts/pyrsa-encrypt.exe:__main__.py assumed to contain no DAGs. Skipping.
[2025-03-31T09:48:02.622+0000] {processor.py:927} WARNING - No viable dags retrieved from /opt/airflow/dags/env/Scripts/pyrsa-encrypt.exe
[2025-03-31T09:48:02.652+0000] {processor.py:208} INFO - Processing /opt/airflow/dags/env/Scripts/pyrsa-encrypt.exe took 0.064 seconds
[2025-03-31T09:48:50.195+0000] {processor.py:186} INFO - Started process (PID=9506) to work on /opt/airflow/dags/env/Scripts/pyrsa-encrypt.exe
[2025-03-31T09:48:50.198+0000] {processor.py:914} INFO - Processing file /opt/airflow/dags/env/Scripts/pyrsa-encrypt.exe for tasks to queue
[2025-03-31T09:48:50.208+0000] {logging_mixin.py:190} INFO - [2025-03-31T09:48:50.206+0000] {dagbag.py:588} INFO - Filling up the DagBag from /opt/airflow/dags/env/Scripts/pyrsa-encrypt.exe
[2025-03-31T09:48:50.225+0000] {logging_mixin.py:190} INFO - [2025-03-31T09:48:50.224+0000] {dagbag.py:435} INFO - File /opt/airflow/dags/env/Scripts/pyrsa-encrypt.exe:__main__.py assumed to contain no DAGs. Skipping.
[2025-03-31T09:48:50.226+0000] {processor.py:927} WARNING - No viable dags retrieved from /opt/airflow/dags/env/Scripts/pyrsa-encrypt.exe
[2025-03-31T09:48:50.260+0000] {processor.py:208} INFO - Processing /opt/airflow/dags/env/Scripts/pyrsa-encrypt.exe took 0.076 seconds
[2025-03-31T09:49:21.918+0000] {processor.py:186} INFO - Started process (PID=9530) to work on /opt/airflow/dags/env/Scripts/pyrsa-encrypt.exe
[2025-03-31T09:49:21.920+0000] {processor.py:914} INFO - Processing file /opt/airflow/dags/env/Scripts/pyrsa-encrypt.exe for tasks to queue
[2025-03-31T09:49:21.925+0000] {logging_mixin.py:190} INFO - [2025-03-31T09:49:21.924+0000] {dagbag.py:588} INFO - Filling up the DagBag from /opt/airflow/dags/env/Scripts/pyrsa-encrypt.exe
[2025-03-31T09:49:21.939+0000] {logging_mixin.py:190} INFO - [2025-03-31T09:49:21.938+0000] {dagbag.py:435} INFO - File /opt/airflow/dags/env/Scripts/pyrsa-encrypt.exe:__main__.py assumed to contain no DAGs. Skipping.
[2025-03-31T09:49:21.940+0000] {processor.py:927} WARNING - No viable dags retrieved from /opt/airflow/dags/env/Scripts/pyrsa-encrypt.exe
[2025-03-31T09:49:21.970+0000] {processor.py:208} INFO - Processing /opt/airflow/dags/env/Scripts/pyrsa-encrypt.exe took 0.062 seconds
[2025-03-31T09:52:23.160+0000] {processor.py:186} INFO - Started process (PID=9562) to work on /opt/airflow/dags/env/Scripts/pyrsa-encrypt.exe
[2025-03-31T09:52:23.162+0000] {processor.py:914} INFO - Processing file /opt/airflow/dags/env/Scripts/pyrsa-encrypt.exe for tasks to queue
[2025-03-31T09:52:23.167+0000] {logging_mixin.py:190} INFO - [2025-03-31T09:52:23.166+0000] {dagbag.py:588} INFO - Filling up the DagBag from /opt/airflow/dags/env/Scripts/pyrsa-encrypt.exe
[2025-03-31T09:52:23.181+0000] {logging_mixin.py:190} INFO - [2025-03-31T09:52:23.180+0000] {dagbag.py:435} INFO - File /opt/airflow/dags/env/Scripts/pyrsa-encrypt.exe:__main__.py assumed to contain no DAGs. Skipping.
[2025-03-31T09:52:23.182+0000] {processor.py:927} WARNING - No viable dags retrieved from /opt/airflow/dags/env/Scripts/pyrsa-encrypt.exe
[2025-03-31T09:52:23.213+0000] {processor.py:208} INFO - Processing /opt/airflow/dags/env/Scripts/pyrsa-encrypt.exe took 0.063 seconds
[2025-03-31T09:52:53.606+0000] {processor.py:186} INFO - Started process (PID=9586) to work on /opt/airflow/dags/env/Scripts/pyrsa-encrypt.exe
[2025-03-31T09:52:53.609+0000] {processor.py:914} INFO - Processing file /opt/airflow/dags/env/Scripts/pyrsa-encrypt.exe for tasks to queue
[2025-03-31T09:52:53.616+0000] {logging_mixin.py:190} INFO - [2025-03-31T09:52:53.615+0000] {dagbag.py:588} INFO - Filling up the DagBag from /opt/airflow/dags/env/Scripts/pyrsa-encrypt.exe
[2025-03-31T09:52:53.633+0000] {logging_mixin.py:190} INFO - [2025-03-31T09:52:53.632+0000] {dagbag.py:435} INFO - File /opt/airflow/dags/env/Scripts/pyrsa-encrypt.exe:__main__.py assumed to contain no DAGs. Skipping.
[2025-03-31T09:52:53.634+0000] {processor.py:927} WARNING - No viable dags retrieved from /opt/airflow/dags/env/Scripts/pyrsa-encrypt.exe
[2025-03-31T09:52:53.663+0000] {processor.py:208} INFO - Processing /opt/airflow/dags/env/Scripts/pyrsa-encrypt.exe took 0.072 seconds
[2025-03-31T09:53:25.798+0000] {processor.py:186} INFO - Started process (PID=9610) to work on /opt/airflow/dags/env/Scripts/pyrsa-encrypt.exe
[2025-03-31T09:53:25.801+0000] {processor.py:914} INFO - Processing file /opt/airflow/dags/env/Scripts/pyrsa-encrypt.exe for tasks to queue
[2025-03-31T09:53:25.807+0000] {logging_mixin.py:190} INFO - [2025-03-31T09:53:25.806+0000] {dagbag.py:588} INFO - Filling up the DagBag from /opt/airflow/dags/env/Scripts/pyrsa-encrypt.exe
[2025-03-31T09:53:25.825+0000] {logging_mixin.py:190} INFO - [2025-03-31T09:53:25.824+0000] {dagbag.py:435} INFO - File /opt/airflow/dags/env/Scripts/pyrsa-encrypt.exe:__main__.py assumed to contain no DAGs. Skipping.
[2025-03-31T09:53:25.827+0000] {processor.py:927} WARNING - No viable dags retrieved from /opt/airflow/dags/env/Scripts/pyrsa-encrypt.exe
[2025-03-31T09:53:25.861+0000] {processor.py:208} INFO - Processing /opt/airflow/dags/env/Scripts/pyrsa-encrypt.exe took 0.075 seconds
[2025-03-31T09:53:48.486+0000] {processor.py:186} INFO - Started process (PID=9621) to work on /opt/airflow/dags/env/Scripts/pyrsa-encrypt.exe
[2025-03-31T09:53:48.488+0000] {processor.py:914} INFO - Processing file /opt/airflow/dags/env/Scripts/pyrsa-encrypt.exe for tasks to queue
[2025-03-31T09:53:48.492+0000] {logging_mixin.py:190} INFO - [2025-03-31T09:53:48.492+0000] {dagbag.py:588} INFO - Filling up the DagBag from /opt/airflow/dags/env/Scripts/pyrsa-encrypt.exe
[2025-03-31T09:53:48.506+0000] {logging_mixin.py:190} INFO - [2025-03-31T09:53:48.506+0000] {dagbag.py:435} INFO - File /opt/airflow/dags/env/Scripts/pyrsa-encrypt.exe:__main__.py assumed to contain no DAGs. Skipping.
[2025-03-31T09:53:48.508+0000] {processor.py:927} WARNING - No viable dags retrieved from /opt/airflow/dags/env/Scripts/pyrsa-encrypt.exe
[2025-03-31T09:53:48.537+0000] {processor.py:208} INFO - Processing /opt/airflow/dags/env/Scripts/pyrsa-encrypt.exe took 0.062 seconds
[2025-03-31T09:54:19.187+0000] {processor.py:186} INFO - Started process (PID=9645) to work on /opt/airflow/dags/env/Scripts/pyrsa-encrypt.exe
[2025-03-31T09:54:19.190+0000] {processor.py:914} INFO - Processing file /opt/airflow/dags/env/Scripts/pyrsa-encrypt.exe for tasks to queue
[2025-03-31T09:54:19.195+0000] {logging_mixin.py:190} INFO - [2025-03-31T09:54:19.194+0000] {dagbag.py:588} INFO - Filling up the DagBag from /opt/airflow/dags/env/Scripts/pyrsa-encrypt.exe
[2025-03-31T09:54:19.212+0000] {logging_mixin.py:190} INFO - [2025-03-31T09:54:19.211+0000] {dagbag.py:435} INFO - File /opt/airflow/dags/env/Scripts/pyrsa-encrypt.exe:__main__.py assumed to contain no DAGs. Skipping.
[2025-03-31T09:54:19.213+0000] {processor.py:927} WARNING - No viable dags retrieved from /opt/airflow/dags/env/Scripts/pyrsa-encrypt.exe
[2025-03-31T09:54:19.247+0000] {processor.py:208} INFO - Processing /opt/airflow/dags/env/Scripts/pyrsa-encrypt.exe took 0.074 seconds
[2025-03-31T09:54:49.977+0000] {processor.py:186} INFO - Started process (PID=9669) to work on /opt/airflow/dags/env/Scripts/pyrsa-encrypt.exe
[2025-03-31T09:54:49.979+0000] {processor.py:914} INFO - Processing file /opt/airflow/dags/env/Scripts/pyrsa-encrypt.exe for tasks to queue
[2025-03-31T09:54:49.984+0000] {logging_mixin.py:190} INFO - [2025-03-31T09:54:49.983+0000] {dagbag.py:588} INFO - Filling up the DagBag from /opt/airflow/dags/env/Scripts/pyrsa-encrypt.exe
[2025-03-31T09:54:49.998+0000] {logging_mixin.py:190} INFO - [2025-03-31T09:54:49.997+0000] {dagbag.py:435} INFO - File /opt/airflow/dags/env/Scripts/pyrsa-encrypt.exe:__main__.py assumed to contain no DAGs. Skipping.
[2025-03-31T09:54:49.999+0000] {processor.py:927} WARNING - No viable dags retrieved from /opt/airflow/dags/env/Scripts/pyrsa-encrypt.exe
[2025-03-31T09:54:50.028+0000] {processor.py:208} INFO - Processing /opt/airflow/dags/env/Scripts/pyrsa-encrypt.exe took 0.062 seconds
[2025-03-31T09:57:25.759+0000] {processor.py:186} INFO - Started process (PID=9680) to work on /opt/airflow/dags/env/Scripts/pyrsa-encrypt.exe
[2025-03-31T09:57:25.762+0000] {processor.py:914} INFO - Processing file /opt/airflow/dags/env/Scripts/pyrsa-encrypt.exe for tasks to queue
[2025-03-31T09:57:25.769+0000] {logging_mixin.py:190} INFO - [2025-03-31T09:57:25.768+0000] {dagbag.py:588} INFO - Filling up the DagBag from /opt/airflow/dags/env/Scripts/pyrsa-encrypt.exe
[2025-03-31T09:57:25.838+0000] {logging_mixin.py:190} INFO - [2025-03-31T09:57:25.828+0000] {dagbag.py:435} INFO - File /opt/airflow/dags/env/Scripts/pyrsa-encrypt.exe:__main__.py assumed to contain no DAGs. Skipping.
[2025-03-31T09:57:25.841+0000] {processor.py:927} WARNING - No viable dags retrieved from /opt/airflow/dags/env/Scripts/pyrsa-encrypt.exe
[2025-03-31T09:57:25.892+0000] {processor.py:208} INFO - Processing /opt/airflow/dags/env/Scripts/pyrsa-encrypt.exe took 0.147 seconds
[2025-03-31T09:57:57.666+0000] {processor.py:186} INFO - Started process (PID=9704) to work on /opt/airflow/dags/env/Scripts/pyrsa-encrypt.exe
[2025-03-31T09:57:57.668+0000] {processor.py:914} INFO - Processing file /opt/airflow/dags/env/Scripts/pyrsa-encrypt.exe for tasks to queue
[2025-03-31T09:57:57.676+0000] {logging_mixin.py:190} INFO - [2025-03-31T09:57:57.675+0000] {dagbag.py:588} INFO - Filling up the DagBag from /opt/airflow/dags/env/Scripts/pyrsa-encrypt.exe
[2025-03-31T09:57:57.695+0000] {logging_mixin.py:190} INFO - [2025-03-31T09:57:57.695+0000] {dagbag.py:435} INFO - File /opt/airflow/dags/env/Scripts/pyrsa-encrypt.exe:__main__.py assumed to contain no DAGs. Skipping.
[2025-03-31T09:57:57.697+0000] {processor.py:927} WARNING - No viable dags retrieved from /opt/airflow/dags/env/Scripts/pyrsa-encrypt.exe
[2025-03-31T09:57:57.748+0000] {processor.py:208} INFO - Processing /opt/airflow/dags/env/Scripts/pyrsa-encrypt.exe took 0.094 seconds
[2025-03-31T09:58:48.469+0000] {processor.py:186} INFO - Started process (PID=9737) to work on /opt/airflow/dags/env/Scripts/pyrsa-encrypt.exe
[2025-03-31T09:58:48.471+0000] {processor.py:914} INFO - Processing file /opt/airflow/dags/env/Scripts/pyrsa-encrypt.exe for tasks to queue
[2025-03-31T09:58:48.476+0000] {logging_mixin.py:190} INFO - [2025-03-31T09:58:48.476+0000] {dagbag.py:588} INFO - Filling up the DagBag from /opt/airflow/dags/env/Scripts/pyrsa-encrypt.exe
[2025-03-31T09:58:48.494+0000] {logging_mixin.py:190} INFO - [2025-03-31T09:58:48.493+0000] {dagbag.py:435} INFO - File /opt/airflow/dags/env/Scripts/pyrsa-encrypt.exe:__main__.py assumed to contain no DAGs. Skipping.
[2025-03-31T09:58:48.495+0000] {processor.py:927} WARNING - No viable dags retrieved from /opt/airflow/dags/env/Scripts/pyrsa-encrypt.exe
[2025-03-31T09:58:48.528+0000] {processor.py:208} INFO - Processing /opt/airflow/dags/env/Scripts/pyrsa-encrypt.exe took 0.076 seconds
[2025-03-31T09:59:19.211+0000] {processor.py:186} INFO - Started process (PID=9761) to work on /opt/airflow/dags/env/Scripts/pyrsa-encrypt.exe
[2025-03-31T09:59:19.213+0000] {processor.py:914} INFO - Processing file /opt/airflow/dags/env/Scripts/pyrsa-encrypt.exe for tasks to queue
[2025-03-31T09:59:19.218+0000] {logging_mixin.py:190} INFO - [2025-03-31T09:59:19.217+0000] {dagbag.py:588} INFO - Filling up the DagBag from /opt/airflow/dags/env/Scripts/pyrsa-encrypt.exe
[2025-03-31T09:59:19.233+0000] {logging_mixin.py:190} INFO - [2025-03-31T09:59:19.233+0000] {dagbag.py:435} INFO - File /opt/airflow/dags/env/Scripts/pyrsa-encrypt.exe:__main__.py assumed to contain no DAGs. Skipping.
[2025-03-31T09:59:19.234+0000] {processor.py:927} WARNING - No viable dags retrieved from /opt/airflow/dags/env/Scripts/pyrsa-encrypt.exe
[2025-03-31T09:59:19.263+0000] {processor.py:208} INFO - Processing /opt/airflow/dags/env/Scripts/pyrsa-encrypt.exe took 0.063 seconds
[2025-03-31T09:59:50.071+0000] {processor.py:186} INFO - Started process (PID=9785) to work on /opt/airflow/dags/env/Scripts/pyrsa-encrypt.exe
[2025-03-31T09:59:50.073+0000] {processor.py:914} INFO - Processing file /opt/airflow/dags/env/Scripts/pyrsa-encrypt.exe for tasks to queue
[2025-03-31T09:59:50.079+0000] {logging_mixin.py:190} INFO - [2025-03-31T09:59:50.079+0000] {dagbag.py:588} INFO - Filling up the DagBag from /opt/airflow/dags/env/Scripts/pyrsa-encrypt.exe
[2025-03-31T09:59:50.098+0000] {logging_mixin.py:190} INFO - [2025-03-31T09:59:50.098+0000] {dagbag.py:435} INFO - File /opt/airflow/dags/env/Scripts/pyrsa-encrypt.exe:__main__.py assumed to contain no DAGs. Skipping.
[2025-03-31T09:59:50.100+0000] {processor.py:927} WARNING - No viable dags retrieved from /opt/airflow/dags/env/Scripts/pyrsa-encrypt.exe
[2025-03-31T09:59:50.136+0000] {processor.py:208} INFO - Processing /opt/airflow/dags/env/Scripts/pyrsa-encrypt.exe took 0.077 seconds
[2025-03-31T10:02:27.442+0000] {processor.py:186} INFO - Started process (PID=9796) to work on /opt/airflow/dags/env/Scripts/pyrsa-encrypt.exe
[2025-03-31T10:02:27.444+0000] {processor.py:914} INFO - Processing file /opt/airflow/dags/env/Scripts/pyrsa-encrypt.exe for tasks to queue
[2025-03-31T10:02:27.453+0000] {logging_mixin.py:190} INFO - [2025-03-31T10:02:27.452+0000] {dagbag.py:588} INFO - Filling up the DagBag from /opt/airflow/dags/env/Scripts/pyrsa-encrypt.exe
[2025-03-31T10:02:27.471+0000] {logging_mixin.py:190} INFO - [2025-03-31T10:02:27.471+0000] {dagbag.py:435} INFO - File /opt/airflow/dags/env/Scripts/pyrsa-encrypt.exe:__main__.py assumed to contain no DAGs. Skipping.
[2025-03-31T10:02:27.473+0000] {processor.py:927} WARNING - No viable dags retrieved from /opt/airflow/dags/env/Scripts/pyrsa-encrypt.exe
[2025-03-31T10:02:27.515+0000] {processor.py:208} INFO - Processing /opt/airflow/dags/env/Scripts/pyrsa-encrypt.exe took 0.093 seconds
[2025-03-31T10:02:57.758+0000] {processor.py:186} INFO - Started process (PID=9820) to work on /opt/airflow/dags/env/Scripts/pyrsa-encrypt.exe
[2025-03-31T10:02:57.759+0000] {processor.py:914} INFO - Processing file /opt/airflow/dags/env/Scripts/pyrsa-encrypt.exe for tasks to queue
[2025-03-31T10:02:57.764+0000] {logging_mixin.py:190} INFO - [2025-03-31T10:02:57.763+0000] {dagbag.py:588} INFO - Filling up the DagBag from /opt/airflow/dags/env/Scripts/pyrsa-encrypt.exe
[2025-03-31T10:02:57.778+0000] {logging_mixin.py:190} INFO - [2025-03-31T10:02:57.778+0000] {dagbag.py:435} INFO - File /opt/airflow/dags/env/Scripts/pyrsa-encrypt.exe:__main__.py assumed to contain no DAGs. Skipping.
[2025-03-31T10:02:57.780+0000] {processor.py:927} WARNING - No viable dags retrieved from /opt/airflow/dags/env/Scripts/pyrsa-encrypt.exe
[2025-03-31T10:02:57.808+0000] {processor.py:208} INFO - Processing /opt/airflow/dags/env/Scripts/pyrsa-encrypt.exe took 0.061 seconds
[2025-03-31T10:03:49.476+0000] {processor.py:186} INFO - Started process (PID=9853) to work on /opt/airflow/dags/env/Scripts/pyrsa-encrypt.exe
[2025-03-31T10:03:49.478+0000] {processor.py:914} INFO - Processing file /opt/airflow/dags/env/Scripts/pyrsa-encrypt.exe for tasks to queue
[2025-03-31T10:03:49.484+0000] {logging_mixin.py:190} INFO - [2025-03-31T10:03:49.483+0000] {dagbag.py:588} INFO - Filling up the DagBag from /opt/airflow/dags/env/Scripts/pyrsa-encrypt.exe
[2025-03-31T10:03:49.501+0000] {logging_mixin.py:190} INFO - [2025-03-31T10:03:49.501+0000] {dagbag.py:435} INFO - File /opt/airflow/dags/env/Scripts/pyrsa-encrypt.exe:__main__.py assumed to contain no DAGs. Skipping.
[2025-03-31T10:03:49.503+0000] {processor.py:927} WARNING - No viable dags retrieved from /opt/airflow/dags/env/Scripts/pyrsa-encrypt.exe
[2025-03-31T10:03:49.537+0000] {processor.py:208} INFO - Processing /opt/airflow/dags/env/Scripts/pyrsa-encrypt.exe took 0.072 seconds
[2025-03-31T10:04:21.568+0000] {processor.py:186} INFO - Started process (PID=9877) to work on /opt/airflow/dags/env/Scripts/pyrsa-encrypt.exe
[2025-03-31T10:04:21.572+0000] {processor.py:914} INFO - Processing file /opt/airflow/dags/env/Scripts/pyrsa-encrypt.exe for tasks to queue
[2025-03-31T10:04:21.579+0000] {logging_mixin.py:190} INFO - [2025-03-31T10:04:21.578+0000] {dagbag.py:588} INFO - Filling up the DagBag from /opt/airflow/dags/env/Scripts/pyrsa-encrypt.exe
[2025-03-31T10:04:21.600+0000] {logging_mixin.py:190} INFO - [2025-03-31T10:04:21.600+0000] {dagbag.py:435} INFO - File /opt/airflow/dags/env/Scripts/pyrsa-encrypt.exe:__main__.py assumed to contain no DAGs. Skipping.
[2025-03-31T10:04:21.602+0000] {processor.py:927} WARNING - No viable dags retrieved from /opt/airflow/dags/env/Scripts/pyrsa-encrypt.exe
[2025-03-31T10:04:21.649+0000] {processor.py:208} INFO - Processing /opt/airflow/dags/env/Scripts/pyrsa-encrypt.exe took 0.095 seconds
[2025-03-31T10:04:52.537+0000] {processor.py:186} INFO - Started process (PID=9901) to work on /opt/airflow/dags/env/Scripts/pyrsa-encrypt.exe
[2025-03-31T10:04:52.539+0000] {processor.py:914} INFO - Processing file /opt/airflow/dags/env/Scripts/pyrsa-encrypt.exe for tasks to queue
[2025-03-31T10:04:52.546+0000] {logging_mixin.py:190} INFO - [2025-03-31T10:04:52.544+0000] {dagbag.py:588} INFO - Filling up the DagBag from /opt/airflow/dags/env/Scripts/pyrsa-encrypt.exe
[2025-03-31T10:04:52.566+0000] {logging_mixin.py:190} INFO - [2025-03-31T10:04:52.565+0000] {dagbag.py:435} INFO - File /opt/airflow/dags/env/Scripts/pyrsa-encrypt.exe:__main__.py assumed to contain no DAGs. Skipping.
[2025-03-31T10:04:52.568+0000] {processor.py:927} WARNING - No viable dags retrieved from /opt/airflow/dags/env/Scripts/pyrsa-encrypt.exe
[2025-03-31T10:04:52.613+0000] {processor.py:208} INFO - Processing /opt/airflow/dags/env/Scripts/pyrsa-encrypt.exe took 0.098 seconds
[2025-03-31T10:07:33.255+0000] {processor.py:186} INFO - Started process (PID=9911) to work on /opt/airflow/dags/env/Scripts/pyrsa-encrypt.exe
[2025-03-31T10:07:33.257+0000] {processor.py:914} INFO - Processing file /opt/airflow/dags/env/Scripts/pyrsa-encrypt.exe for tasks to queue
[2025-03-31T10:07:33.273+0000] {logging_mixin.py:190} INFO - [2025-03-31T10:07:33.272+0000] {dagbag.py:588} INFO - Filling up the DagBag from /opt/airflow/dags/env/Scripts/pyrsa-encrypt.exe
[2025-03-31T10:07:33.303+0000] {logging_mixin.py:190} INFO - [2025-03-31T10:07:33.303+0000] {dagbag.py:435} INFO - File /opt/airflow/dags/env/Scripts/pyrsa-encrypt.exe:__main__.py assumed to contain no DAGs. Skipping.
[2025-03-31T10:07:33.305+0000] {processor.py:927} WARNING - No viable dags retrieved from /opt/airflow/dags/env/Scripts/pyrsa-encrypt.exe
[2025-03-31T10:07:33.360+0000] {processor.py:208} INFO - Processing /opt/airflow/dags/env/Scripts/pyrsa-encrypt.exe took 0.141 seconds
[2025-03-31T10:08:03.815+0000] {processor.py:186} INFO - Started process (PID=9935) to work on /opt/airflow/dags/env/Scripts/pyrsa-encrypt.exe
[2025-03-31T10:08:03.817+0000] {processor.py:914} INFO - Processing file /opt/airflow/dags/env/Scripts/pyrsa-encrypt.exe for tasks to queue
[2025-03-31T10:08:03.822+0000] {logging_mixin.py:190} INFO - [2025-03-31T10:08:03.821+0000] {dagbag.py:588} INFO - Filling up the DagBag from /opt/airflow/dags/env/Scripts/pyrsa-encrypt.exe
[2025-03-31T10:08:03.835+0000] {logging_mixin.py:190} INFO - [2025-03-31T10:08:03.835+0000] {dagbag.py:435} INFO - File /opt/airflow/dags/env/Scripts/pyrsa-encrypt.exe:__main__.py assumed to contain no DAGs. Skipping.
[2025-03-31T10:08:03.837+0000] {processor.py:927} WARNING - No viable dags retrieved from /opt/airflow/dags/env/Scripts/pyrsa-encrypt.exe
[2025-03-31T10:08:03.865+0000] {processor.py:208} INFO - Processing /opt/airflow/dags/env/Scripts/pyrsa-encrypt.exe took 0.061 seconds
[2025-03-31T10:08:51.457+0000] {processor.py:186} INFO - Started process (PID=9964) to work on /opt/airflow/dags/env/Scripts/pyrsa-encrypt.exe
[2025-03-31T10:08:51.459+0000] {processor.py:914} INFO - Processing file /opt/airflow/dags/env/Scripts/pyrsa-encrypt.exe for tasks to queue
[2025-03-31T10:08:51.465+0000] {logging_mixin.py:190} INFO - [2025-03-31T10:08:51.464+0000] {dagbag.py:588} INFO - Filling up the DagBag from /opt/airflow/dags/env/Scripts/pyrsa-encrypt.exe
[2025-03-31T10:08:51.482+0000] {logging_mixin.py:190} INFO - [2025-03-31T10:08:51.481+0000] {dagbag.py:435} INFO - File /opt/airflow/dags/env/Scripts/pyrsa-encrypt.exe:__main__.py assumed to contain no DAGs. Skipping.
[2025-03-31T10:08:51.483+0000] {processor.py:927} WARNING - No viable dags retrieved from /opt/airflow/dags/env/Scripts/pyrsa-encrypt.exe
[2025-03-31T10:08:51.520+0000] {processor.py:208} INFO - Processing /opt/airflow/dags/env/Scripts/pyrsa-encrypt.exe took 0.076 seconds
[2025-03-31T10:09:22.511+0000] {processor.py:186} INFO - Started process (PID=9988) to work on /opt/airflow/dags/env/Scripts/pyrsa-encrypt.exe
[2025-03-31T10:09:22.512+0000] {processor.py:914} INFO - Processing file /opt/airflow/dags/env/Scripts/pyrsa-encrypt.exe for tasks to queue
[2025-03-31T10:09:22.518+0000] {logging_mixin.py:190} INFO - [2025-03-31T10:09:22.517+0000] {dagbag.py:588} INFO - Filling up the DagBag from /opt/airflow/dags/env/Scripts/pyrsa-encrypt.exe
[2025-03-31T10:09:22.531+0000] {logging_mixin.py:190} INFO - [2025-03-31T10:09:22.531+0000] {dagbag.py:435} INFO - File /opt/airflow/dags/env/Scripts/pyrsa-encrypt.exe:__main__.py assumed to contain no DAGs. Skipping.
[2025-03-31T10:09:22.533+0000] {processor.py:927} WARNING - No viable dags retrieved from /opt/airflow/dags/env/Scripts/pyrsa-encrypt.exe
[2025-03-31T10:09:22.562+0000] {processor.py:208} INFO - Processing /opt/airflow/dags/env/Scripts/pyrsa-encrypt.exe took 0.062 seconds
[2025-03-31T10:09:53.385+0000] {processor.py:186} INFO - Started process (PID=10012) to work on /opt/airflow/dags/env/Scripts/pyrsa-encrypt.exe
[2025-03-31T10:09:53.386+0000] {processor.py:914} INFO - Processing file /opt/airflow/dags/env/Scripts/pyrsa-encrypt.exe for tasks to queue
[2025-03-31T10:09:53.394+0000] {logging_mixin.py:190} INFO - [2025-03-31T10:09:53.393+0000] {dagbag.py:588} INFO - Filling up the DagBag from /opt/airflow/dags/env/Scripts/pyrsa-encrypt.exe
[2025-03-31T10:09:53.413+0000] {logging_mixin.py:190} INFO - [2025-03-31T10:09:53.413+0000] {dagbag.py:435} INFO - File /opt/airflow/dags/env/Scripts/pyrsa-encrypt.exe:__main__.py assumed to contain no DAGs. Skipping.
[2025-03-31T10:09:53.415+0000] {processor.py:927} WARNING - No viable dags retrieved from /opt/airflow/dags/env/Scripts/pyrsa-encrypt.exe
[2025-03-31T10:09:53.450+0000] {processor.py:208} INFO - Processing /opt/airflow/dags/env/Scripts/pyrsa-encrypt.exe took 0.076 seconds
[2025-03-31T10:12:27.011+0000] {processor.py:186} INFO - Started process (PID=10022) to work on /opt/airflow/dags/env/Scripts/pyrsa-encrypt.exe
[2025-03-31T10:12:27.013+0000] {processor.py:914} INFO - Processing file /opt/airflow/dags/env/Scripts/pyrsa-encrypt.exe for tasks to queue
[2025-03-31T10:12:27.018+0000] {logging_mixin.py:190} INFO - [2025-03-31T10:12:27.017+0000] {dagbag.py:588} INFO - Filling up the DagBag from /opt/airflow/dags/env/Scripts/pyrsa-encrypt.exe
[2025-03-31T10:12:27.032+0000] {logging_mixin.py:190} INFO - [2025-03-31T10:12:27.032+0000] {dagbag.py:435} INFO - File /opt/airflow/dags/env/Scripts/pyrsa-encrypt.exe:__main__.py assumed to contain no DAGs. Skipping.
[2025-03-31T10:12:27.033+0000] {processor.py:927} WARNING - No viable dags retrieved from /opt/airflow/dags/env/Scripts/pyrsa-encrypt.exe
[2025-03-31T10:12:27.064+0000] {processor.py:208} INFO - Processing /opt/airflow/dags/env/Scripts/pyrsa-encrypt.exe took 0.064 seconds
[2025-03-31T10:12:57.790+0000] {processor.py:186} INFO - Started process (PID=10046) to work on /opt/airflow/dags/env/Scripts/pyrsa-encrypt.exe
[2025-03-31T10:12:57.792+0000] {processor.py:914} INFO - Processing file /opt/airflow/dags/env/Scripts/pyrsa-encrypt.exe for tasks to queue
[2025-03-31T10:12:57.799+0000] {logging_mixin.py:190} INFO - [2025-03-31T10:12:57.798+0000] {dagbag.py:588} INFO - Filling up the DagBag from /opt/airflow/dags/env/Scripts/pyrsa-encrypt.exe
[2025-03-31T10:12:57.815+0000] {logging_mixin.py:190} INFO - [2025-03-31T10:12:57.814+0000] {dagbag.py:435} INFO - File /opt/airflow/dags/env/Scripts/pyrsa-encrypt.exe:__main__.py assumed to contain no DAGs. Skipping.
[2025-03-31T10:12:57.816+0000] {processor.py:927} WARNING - No viable dags retrieved from /opt/airflow/dags/env/Scripts/pyrsa-encrypt.exe
[2025-03-31T10:12:57.845+0000] {processor.py:208} INFO - Processing /opt/airflow/dags/env/Scripts/pyrsa-encrypt.exe took 0.068 seconds
[2025-03-31T10:13:29.047+0000] {processor.py:186} INFO - Started process (PID=10070) to work on /opt/airflow/dags/env/Scripts/pyrsa-encrypt.exe
[2025-03-31T10:13:29.049+0000] {processor.py:914} INFO - Processing file /opt/airflow/dags/env/Scripts/pyrsa-encrypt.exe for tasks to queue
[2025-03-31T10:13:29.055+0000] {logging_mixin.py:190} INFO - [2025-03-31T10:13:29.054+0000] {dagbag.py:588} INFO - Filling up the DagBag from /opt/airflow/dags/env/Scripts/pyrsa-encrypt.exe
[2025-03-31T10:13:29.078+0000] {logging_mixin.py:190} INFO - [2025-03-31T10:13:29.077+0000] {dagbag.py:435} INFO - File /opt/airflow/dags/env/Scripts/pyrsa-encrypt.exe:__main__.py assumed to contain no DAGs. Skipping.
[2025-03-31T10:13:29.080+0000] {processor.py:927} WARNING - No viable dags retrieved from /opt/airflow/dags/env/Scripts/pyrsa-encrypt.exe
[2025-03-31T10:13:29.124+0000] {processor.py:208} INFO - Processing /opt/airflow/dags/env/Scripts/pyrsa-encrypt.exe took 0.087 seconds
[2025-03-31T10:13:51.219+0000] {processor.py:186} INFO - Started process (PID=10081) to work on /opt/airflow/dags/env/Scripts/pyrsa-encrypt.exe
[2025-03-31T10:13:51.222+0000] {processor.py:914} INFO - Processing file /opt/airflow/dags/env/Scripts/pyrsa-encrypt.exe for tasks to queue
[2025-03-31T10:13:51.233+0000] {logging_mixin.py:190} INFO - [2025-03-31T10:13:51.232+0000] {dagbag.py:588} INFO - Filling up the DagBag from /opt/airflow/dags/env/Scripts/pyrsa-encrypt.exe
[2025-03-31T10:13:51.256+0000] {logging_mixin.py:190} INFO - [2025-03-31T10:13:51.255+0000] {dagbag.py:435} INFO - File /opt/airflow/dags/env/Scripts/pyrsa-encrypt.exe:__main__.py assumed to contain no DAGs. Skipping.
[2025-03-31T10:13:51.259+0000] {processor.py:927} WARNING - No viable dags retrieved from /opt/airflow/dags/env/Scripts/pyrsa-encrypt.exe
[2025-03-31T10:13:51.299+0000] {processor.py:208} INFO - Processing /opt/airflow/dags/env/Scripts/pyrsa-encrypt.exe took 0.101 seconds
[2025-03-31T10:14:22.903+0000] {processor.py:186} INFO - Started process (PID=10105) to work on /opt/airflow/dags/env/Scripts/pyrsa-encrypt.exe
[2025-03-31T10:14:22.907+0000] {processor.py:914} INFO - Processing file /opt/airflow/dags/env/Scripts/pyrsa-encrypt.exe for tasks to queue
[2025-03-31T10:14:22.916+0000] {logging_mixin.py:190} INFO - [2025-03-31T10:14:22.915+0000] {dagbag.py:588} INFO - Filling up the DagBag from /opt/airflow/dags/env/Scripts/pyrsa-encrypt.exe
[2025-03-31T10:14:22.942+0000] {logging_mixin.py:190} INFO - [2025-03-31T10:14:22.942+0000] {dagbag.py:435} INFO - File /opt/airflow/dags/env/Scripts/pyrsa-encrypt.exe:__main__.py assumed to contain no DAGs. Skipping.
[2025-03-31T10:14:22.944+0000] {processor.py:927} WARNING - No viable dags retrieved from /opt/airflow/dags/env/Scripts/pyrsa-encrypt.exe
[2025-03-31T10:14:22.984+0000] {processor.py:208} INFO - Processing /opt/airflow/dags/env/Scripts/pyrsa-encrypt.exe took 0.096 seconds
[2025-03-31T10:14:54.124+0000] {processor.py:186} INFO - Started process (PID=10129) to work on /opt/airflow/dags/env/Scripts/pyrsa-encrypt.exe
[2025-03-31T10:14:54.127+0000] {processor.py:914} INFO - Processing file /opt/airflow/dags/env/Scripts/pyrsa-encrypt.exe for tasks to queue
[2025-03-31T10:14:54.144+0000] {logging_mixin.py:190} INFO - [2025-03-31T10:14:54.143+0000] {dagbag.py:588} INFO - Filling up the DagBag from /opt/airflow/dags/env/Scripts/pyrsa-encrypt.exe
[2025-03-31T10:14:54.166+0000] {logging_mixin.py:190} INFO - [2025-03-31T10:14:54.165+0000] {dagbag.py:435} INFO - File /opt/airflow/dags/env/Scripts/pyrsa-encrypt.exe:__main__.py assumed to contain no DAGs. Skipping.
[2025-03-31T10:14:54.168+0000] {processor.py:927} WARNING - No viable dags retrieved from /opt/airflow/dags/env/Scripts/pyrsa-encrypt.exe
[2025-03-31T10:14:54.248+0000] {processor.py:208} INFO - Processing /opt/airflow/dags/env/Scripts/pyrsa-encrypt.exe took 0.141 seconds
[2025-03-31T10:17:33.345+0000] {processor.py:186} INFO - Started process (PID=10139) to work on /opt/airflow/dags/env/Scripts/pyrsa-encrypt.exe
[2025-03-31T10:17:33.347+0000] {processor.py:914} INFO - Processing file /opt/airflow/dags/env/Scripts/pyrsa-encrypt.exe for tasks to queue
[2025-03-31T10:17:33.352+0000] {logging_mixin.py:190} INFO - [2025-03-31T10:17:33.351+0000] {dagbag.py:588} INFO - Filling up the DagBag from /opt/airflow/dags/env/Scripts/pyrsa-encrypt.exe
[2025-03-31T10:17:33.367+0000] {logging_mixin.py:190} INFO - [2025-03-31T10:17:33.366+0000] {dagbag.py:435} INFO - File /opt/airflow/dags/env/Scripts/pyrsa-encrypt.exe:__main__.py assumed to contain no DAGs. Skipping.
[2025-03-31T10:17:33.368+0000] {processor.py:927} WARNING - No viable dags retrieved from /opt/airflow/dags/env/Scripts/pyrsa-encrypt.exe
[2025-03-31T10:17:33.397+0000] {processor.py:208} INFO - Processing /opt/airflow/dags/env/Scripts/pyrsa-encrypt.exe took 0.062 seconds
[2025-03-31T10:18:05.065+0000] {processor.py:186} INFO - Started process (PID=10163) to work on /opt/airflow/dags/env/Scripts/pyrsa-encrypt.exe
[2025-03-31T10:18:05.066+0000] {processor.py:914} INFO - Processing file /opt/airflow/dags/env/Scripts/pyrsa-encrypt.exe for tasks to queue
[2025-03-31T10:18:05.072+0000] {logging_mixin.py:190} INFO - [2025-03-31T10:18:05.071+0000] {dagbag.py:588} INFO - Filling up the DagBag from /opt/airflow/dags/env/Scripts/pyrsa-encrypt.exe
[2025-03-31T10:18:05.086+0000] {logging_mixin.py:190} INFO - [2025-03-31T10:18:05.085+0000] {dagbag.py:435} INFO - File /opt/airflow/dags/env/Scripts/pyrsa-encrypt.exe:__main__.py assumed to contain no DAGs. Skipping.
[2025-03-31T10:18:05.087+0000] {processor.py:927} WARNING - No viable dags retrieved from /opt/airflow/dags/env/Scripts/pyrsa-encrypt.exe
[2025-03-31T10:18:05.120+0000] {processor.py:208} INFO - Processing /opt/airflow/dags/env/Scripts/pyrsa-encrypt.exe took 0.063 seconds
[2025-03-31T10:18:53.452+0000] {processor.py:186} INFO - Started process (PID=10192) to work on /opt/airflow/dags/env/Scripts/pyrsa-encrypt.exe
[2025-03-31T10:18:53.454+0000] {processor.py:914} INFO - Processing file /opt/airflow/dags/env/Scripts/pyrsa-encrypt.exe for tasks to queue
[2025-03-31T10:18:53.461+0000] {logging_mixin.py:190} INFO - [2025-03-31T10:18:53.459+0000] {dagbag.py:588} INFO - Filling up the DagBag from /opt/airflow/dags/env/Scripts/pyrsa-encrypt.exe
[2025-03-31T10:18:53.477+0000] {logging_mixin.py:190} INFO - [2025-03-31T10:18:53.477+0000] {dagbag.py:435} INFO - File /opt/airflow/dags/env/Scripts/pyrsa-encrypt.exe:__main__.py assumed to contain no DAGs. Skipping.
[2025-03-31T10:18:53.479+0000] {processor.py:927} WARNING - No viable dags retrieved from /opt/airflow/dags/env/Scripts/pyrsa-encrypt.exe
[2025-03-31T10:18:53.514+0000] {processor.py:208} INFO - Processing /opt/airflow/dags/env/Scripts/pyrsa-encrypt.exe took 0.078 seconds
[2025-03-31T10:19:25.041+0000] {processor.py:186} INFO - Started process (PID=10216) to work on /opt/airflow/dags/env/Scripts/pyrsa-encrypt.exe
[2025-03-31T10:19:25.042+0000] {processor.py:914} INFO - Processing file /opt/airflow/dags/env/Scripts/pyrsa-encrypt.exe for tasks to queue
[2025-03-31T10:19:25.048+0000] {logging_mixin.py:190} INFO - [2025-03-31T10:19:25.047+0000] {dagbag.py:588} INFO - Filling up the DagBag from /opt/airflow/dags/env/Scripts/pyrsa-encrypt.exe
[2025-03-31T10:19:25.062+0000] {logging_mixin.py:190} INFO - [2025-03-31T10:19:25.061+0000] {dagbag.py:435} INFO - File /opt/airflow/dags/env/Scripts/pyrsa-encrypt.exe:__main__.py assumed to contain no DAGs. Skipping.
[2025-03-31T10:19:25.063+0000] {processor.py:927} WARNING - No viable dags retrieved from /opt/airflow/dags/env/Scripts/pyrsa-encrypt.exe
[2025-03-31T10:19:25.095+0000] {processor.py:208} INFO - Processing /opt/airflow/dags/env/Scripts/pyrsa-encrypt.exe took 0.063 seconds
[2025-03-31T10:43:22.619+0000] {processor.py:186} INFO - Started process (PID=10251) to work on /opt/airflow/dags/env/Scripts/pyrsa-encrypt.exe
[2025-03-31T10:43:22.621+0000] {processor.py:914} INFO - Processing file /opt/airflow/dags/env/Scripts/pyrsa-encrypt.exe for tasks to queue
[2025-03-31T10:43:22.628+0000] {logging_mixin.py:190} INFO - [2025-03-31T10:43:22.627+0000] {dagbag.py:588} INFO - Filling up the DagBag from /opt/airflow/dags/env/Scripts/pyrsa-encrypt.exe
[2025-03-31T10:43:22.646+0000] {logging_mixin.py:190} INFO - [2025-03-31T10:43:22.645+0000] {dagbag.py:435} INFO - File /opt/airflow/dags/env/Scripts/pyrsa-encrypt.exe:__main__.py assumed to contain no DAGs. Skipping.
[2025-03-31T10:43:22.648+0000] {processor.py:927} WARNING - No viable dags retrieved from /opt/airflow/dags/env/Scripts/pyrsa-encrypt.exe
[2025-03-31T10:43:22.684+0000] {processor.py:208} INFO - Processing /opt/airflow/dags/env/Scripts/pyrsa-encrypt.exe took 0.082 seconds
[2025-03-31T10:43:53.583+0000] {processor.py:186} INFO - Started process (PID=10275) to work on /opt/airflow/dags/env/Scripts/pyrsa-encrypt.exe
[2025-03-31T10:43:53.585+0000] {processor.py:914} INFO - Processing file /opt/airflow/dags/env/Scripts/pyrsa-encrypt.exe for tasks to queue
[2025-03-31T10:43:53.591+0000] {logging_mixin.py:190} INFO - [2025-03-31T10:43:53.590+0000] {dagbag.py:588} INFO - Filling up the DagBag from /opt/airflow/dags/env/Scripts/pyrsa-encrypt.exe
[2025-03-31T10:43:53.607+0000] {logging_mixin.py:190} INFO - [2025-03-31T10:43:53.606+0000] {dagbag.py:435} INFO - File /opt/airflow/dags/env/Scripts/pyrsa-encrypt.exe:__main__.py assumed to contain no DAGs. Skipping.
[2025-03-31T10:43:53.608+0000] {processor.py:927} WARNING - No viable dags retrieved from /opt/airflow/dags/env/Scripts/pyrsa-encrypt.exe
[2025-03-31T10:43:53.639+0000] {processor.py:208} INFO - Processing /opt/airflow/dags/env/Scripts/pyrsa-encrypt.exe took 0.068 seconds
[2025-03-31T10:44:51.611+0000] {processor.py:186} INFO - Started process (PID=10303) to work on /opt/airflow/dags/env/Scripts/pyrsa-encrypt.exe
[2025-03-31T10:44:51.618+0000] {processor.py:914} INFO - Processing file /opt/airflow/dags/env/Scripts/pyrsa-encrypt.exe for tasks to queue
[2025-03-31T10:44:51.627+0000] {logging_mixin.py:190} INFO - [2025-03-31T10:44:51.625+0000] {dagbag.py:588} INFO - Filling up the DagBag from /opt/airflow/dags/env/Scripts/pyrsa-encrypt.exe
[2025-03-31T10:44:51.668+0000] {logging_mixin.py:190} INFO - [2025-03-31T10:44:51.666+0000] {dagbag.py:435} INFO - File /opt/airflow/dags/env/Scripts/pyrsa-encrypt.exe:__main__.py assumed to contain no DAGs. Skipping.
[2025-03-31T10:44:51.671+0000] {processor.py:927} WARNING - No viable dags retrieved from /opt/airflow/dags/env/Scripts/pyrsa-encrypt.exe
[2025-03-31T10:44:51.725+0000] {processor.py:208} INFO - Processing /opt/airflow/dags/env/Scripts/pyrsa-encrypt.exe took 0.149 seconds
[2025-03-31T10:45:22.836+0000] {processor.py:186} INFO - Started process (PID=10327) to work on /opt/airflow/dags/env/Scripts/pyrsa-encrypt.exe
[2025-03-31T10:45:22.838+0000] {processor.py:914} INFO - Processing file /opt/airflow/dags/env/Scripts/pyrsa-encrypt.exe for tasks to queue
[2025-03-31T10:45:22.845+0000] {logging_mixin.py:190} INFO - [2025-03-31T10:45:22.844+0000] {dagbag.py:588} INFO - Filling up the DagBag from /opt/airflow/dags/env/Scripts/pyrsa-encrypt.exe
[2025-03-31T10:45:22.864+0000] {logging_mixin.py:190} INFO - [2025-03-31T10:45:22.863+0000] {dagbag.py:435} INFO - File /opt/airflow/dags/env/Scripts/pyrsa-encrypt.exe:__main__.py assumed to contain no DAGs. Skipping.
[2025-03-31T10:45:22.866+0000] {processor.py:927} WARNING - No viable dags retrieved from /opt/airflow/dags/env/Scripts/pyrsa-encrypt.exe
[2025-03-31T10:45:22.903+0000] {processor.py:208} INFO - Processing /opt/airflow/dags/env/Scripts/pyrsa-encrypt.exe took 0.078 seconds
[2025-03-31T11:02:25.813+0000] {processor.py:186} INFO - Started process (PID=10345) to work on /opt/airflow/dags/env/Scripts/pyrsa-encrypt.exe
[2025-03-31T11:02:25.816+0000] {processor.py:914} INFO - Processing file /opt/airflow/dags/env/Scripts/pyrsa-encrypt.exe for tasks to queue
[2025-03-31T11:02:25.842+0000] {logging_mixin.py:190} INFO - [2025-03-31T11:02:25.835+0000] {dagbag.py:588} INFO - Filling up the DagBag from /opt/airflow/dags/env/Scripts/pyrsa-encrypt.exe
[2025-03-31T11:02:25.900+0000] {logging_mixin.py:190} INFO - [2025-03-31T11:02:25.899+0000] {dagbag.py:435} INFO - File /opt/airflow/dags/env/Scripts/pyrsa-encrypt.exe:__main__.py assumed to contain no DAGs. Skipping.
[2025-03-31T11:02:25.903+0000] {processor.py:927} WARNING - No viable dags retrieved from /opt/airflow/dags/env/Scripts/pyrsa-encrypt.exe
[2025-03-31T11:02:25.965+0000] {processor.py:208} INFO - Processing /opt/airflow/dags/env/Scripts/pyrsa-encrypt.exe took 0.181 seconds
[2025-03-31T11:03:32.033+0000] {processor.py:186} INFO - Started process (PID=10357) to work on /opt/airflow/dags/env/Scripts/pyrsa-encrypt.exe
[2025-03-31T11:03:32.035+0000] {processor.py:914} INFO - Processing file /opt/airflow/dags/env/Scripts/pyrsa-encrypt.exe for tasks to queue
[2025-03-31T11:03:32.043+0000] {logging_mixin.py:190} INFO - [2025-03-31T11:03:32.041+0000] {dagbag.py:588} INFO - Filling up the DagBag from /opt/airflow/dags/env/Scripts/pyrsa-encrypt.exe
[2025-03-31T11:03:32.059+0000] {logging_mixin.py:190} INFO - [2025-03-31T11:03:32.058+0000] {dagbag.py:435} INFO - File /opt/airflow/dags/env/Scripts/pyrsa-encrypt.exe:__main__.py assumed to contain no DAGs. Skipping.
[2025-03-31T11:03:32.061+0000] {processor.py:927} WARNING - No viable dags retrieved from /opt/airflow/dags/env/Scripts/pyrsa-encrypt.exe
[2025-03-31T11:03:32.111+0000] {processor.py:208} INFO - Processing /opt/airflow/dags/env/Scripts/pyrsa-encrypt.exe took 0.087 seconds
[2025-03-31T11:17:31.825+0000] {processor.py:186} INFO - Started process (PID=10397) to work on /opt/airflow/dags/env/Scripts/pyrsa-encrypt.exe
[2025-03-31T11:17:31.827+0000] {processor.py:914} INFO - Processing file /opt/airflow/dags/env/Scripts/pyrsa-encrypt.exe for tasks to queue
[2025-03-31T11:17:31.833+0000] {logging_mixin.py:190} INFO - [2025-03-31T11:17:31.832+0000] {dagbag.py:588} INFO - Filling up the DagBag from /opt/airflow/dags/env/Scripts/pyrsa-encrypt.exe
[2025-03-31T11:17:31.848+0000] {logging_mixin.py:190} INFO - [2025-03-31T11:17:31.847+0000] {dagbag.py:435} INFO - File /opt/airflow/dags/env/Scripts/pyrsa-encrypt.exe:__main__.py assumed to contain no DAGs. Skipping.
[2025-03-31T11:17:31.849+0000] {processor.py:927} WARNING - No viable dags retrieved from /opt/airflow/dags/env/Scripts/pyrsa-encrypt.exe
[2025-03-31T11:17:31.881+0000] {processor.py:208} INFO - Processing /opt/airflow/dags/env/Scripts/pyrsa-encrypt.exe took 0.064 seconds
[2025-03-31T11:18:40.869+0000] {processor.py:186} INFO - Started process (PID=10403) to work on /opt/airflow/dags/env/Scripts/pyrsa-encrypt.exe
[2025-03-31T11:18:40.872+0000] {processor.py:914} INFO - Processing file /opt/airflow/dags/env/Scripts/pyrsa-encrypt.exe for tasks to queue
[2025-03-31T11:18:40.881+0000] {logging_mixin.py:190} INFO - [2025-03-31T11:18:40.878+0000] {dagbag.py:588} INFO - Filling up the DagBag from /opt/airflow/dags/env/Scripts/pyrsa-encrypt.exe
[2025-03-31T11:18:40.914+0000] {logging_mixin.py:190} INFO - [2025-03-31T11:18:40.913+0000] {dagbag.py:435} INFO - File /opt/airflow/dags/env/Scripts/pyrsa-encrypt.exe:__main__.py assumed to contain no DAGs. Skipping.
[2025-03-31T11:18:40.916+0000] {processor.py:927} WARNING - No viable dags retrieved from /opt/airflow/dags/env/Scripts/pyrsa-encrypt.exe
[2025-03-31T11:18:40.958+0000] {processor.py:208} INFO - Processing /opt/airflow/dags/env/Scripts/pyrsa-encrypt.exe took 0.103 seconds
