[2025-03-31T07:27:22.370+0000] {processor.py:186} INFO - Started process (PID=7691) to work on /opt/airflow/dags/env/Scripts/pyrsa-decrypt.exe
[2025-03-31T07:27:22.376+0000] {processor.py:914} INFO - Processing file /opt/airflow/dags/env/Scripts/pyrsa-decrypt.exe for tasks to queue
[2025-03-31T07:27:22.382+0000] {logging_mixin.py:190} INFO - [2025-03-31T07:27:22.381+0000] {dagbag.py:588} INFO - Filling up the DagBag from /opt/airflow/dags/env/Scripts/pyrsa-decrypt.exe
[2025-03-31T07:27:22.401+0000] {logging_mixin.py:190} INFO - [2025-03-31T07:27:22.400+0000] {dagbag.py:435} INFO - File /opt/airflow/dags/env/Scripts/pyrsa-decrypt.exe:__main__.py assumed to contain no DAGs. Skipping.
[2025-03-31T07:27:22.403+0000] {processor.py:927} WARNING - No viable dags retrieved from /opt/airflow/dags/env/Scripts/pyrsa-decrypt.exe
[2025-03-31T07:27:22.437+0000] {processor.py:208} INFO - Processing /opt/airflow/dags/env/Scripts/pyrsa-decrypt.exe took 0.079 seconds
[2025-03-31T07:27:53.681+0000] {processor.py:186} INFO - Started process (PID=7715) to work on /opt/airflow/dags/env/Scripts/pyrsa-decrypt.exe
[2025-03-31T07:27:53.683+0000] {processor.py:914} INFO - Processing file /opt/airflow/dags/env/Scripts/pyrsa-decrypt.exe for tasks to queue
[2025-03-31T07:27:53.689+0000] {logging_mixin.py:190} INFO - [2025-03-31T07:27:53.688+0000] {dagbag.py:588} INFO - Filling up the DagBag from /opt/airflow/dags/env/Scripts/pyrsa-decrypt.exe
[2025-03-31T07:27:53.709+0000] {logging_mixin.py:190} INFO - [2025-03-31T07:27:53.709+0000] {dagbag.py:435} INFO - File /opt/airflow/dags/env/Scripts/pyrsa-decrypt.exe:__main__.py assumed to contain no DAGs. Skipping.
[2025-03-31T07:27:53.711+0000] {processor.py:927} WARNING - No viable dags retrieved from /opt/airflow/dags/env/Scripts/pyrsa-decrypt.exe
[2025-03-31T07:27:53.773+0000] {processor.py:208} INFO - Processing /opt/airflow/dags/env/Scripts/pyrsa-decrypt.exe took 0.104 seconds
[2025-03-31T08:42:31.613+0000] {processor.py:186} INFO - Started process (PID=8043) to work on /opt/airflow/dags/env/Scripts/pyrsa-decrypt.exe
[2025-03-31T08:42:31.616+0000] {processor.py:914} INFO - Processing file /opt/airflow/dags/env/Scripts/pyrsa-decrypt.exe for tasks to queue
[2025-03-31T08:42:31.621+0000] {logging_mixin.py:190} INFO - [2025-03-31T08:42:31.621+0000] {dagbag.py:588} INFO - Filling up the DagBag from /opt/airflow/dags/env/Scripts/pyrsa-decrypt.exe
[2025-03-31T08:42:31.643+0000] {logging_mixin.py:190} INFO - [2025-03-31T08:42:31.642+0000] {dagbag.py:435} INFO - File /opt/airflow/dags/env/Scripts/pyrsa-decrypt.exe:__main__.py assumed to contain no DAGs. Skipping.
[2025-03-31T08:42:31.644+0000] {processor.py:927} WARNING - No viable dags retrieved from /opt/airflow/dags/env/Scripts/pyrsa-decrypt.exe
[2025-03-31T08:42:31.682+0000] {processor.py:208} INFO - Processing /opt/airflow/dags/env/Scripts/pyrsa-decrypt.exe took 0.085 seconds
[2025-03-31T08:43:02.666+0000] {processor.py:186} INFO - Started process (PID=8067) to work on /opt/airflow/dags/env/Scripts/pyrsa-decrypt.exe
[2025-03-31T08:43:02.668+0000] {processor.py:914} INFO - Processing file /opt/airflow/dags/env/Scripts/pyrsa-decrypt.exe for tasks to queue
[2025-03-31T08:43:02.673+0000] {logging_mixin.py:190} INFO - [2025-03-31T08:43:02.672+0000] {dagbag.py:588} INFO - Filling up the DagBag from /opt/airflow/dags/env/Scripts/pyrsa-decrypt.exe
[2025-03-31T08:43:02.691+0000] {logging_mixin.py:190} INFO - [2025-03-31T08:43:02.691+0000] {dagbag.py:435} INFO - File /opt/airflow/dags/env/Scripts/pyrsa-decrypt.exe:__main__.py assumed to contain no DAGs. Skipping.
[2025-03-31T08:43:02.693+0000] {processor.py:927} WARNING - No viable dags retrieved from /opt/airflow/dags/env/Scripts/pyrsa-decrypt.exe
[2025-03-31T08:43:02.733+0000] {processor.py:208} INFO - Processing /opt/airflow/dags/env/Scripts/pyrsa-decrypt.exe took 0.078 seconds
[2025-03-31T08:43:37.937+0000] {processor.py:186} INFO - Started process (PID=8083) to work on /opt/airflow/dags/env/Scripts/pyrsa-decrypt.exe
[2025-03-31T08:43:37.939+0000] {processor.py:914} INFO - Processing file /opt/airflow/dags/env/Scripts/pyrsa-decrypt.exe for tasks to queue
[2025-03-31T08:43:37.947+0000] {logging_mixin.py:190} INFO - [2025-03-31T08:43:37.946+0000] {dagbag.py:588} INFO - Filling up the DagBag from /opt/airflow/dags/env/Scripts/pyrsa-decrypt.exe
[2025-03-31T08:43:37.964+0000] {logging_mixin.py:190} INFO - [2025-03-31T08:43:37.964+0000] {dagbag.py:435} INFO - File /opt/airflow/dags/env/Scripts/pyrsa-decrypt.exe:__main__.py assumed to contain no DAGs. Skipping.
[2025-03-31T08:43:37.966+0000] {processor.py:927} WARNING - No viable dags retrieved from /opt/airflow/dags/env/Scripts/pyrsa-decrypt.exe
[2025-03-31T08:43:37.995+0000] {processor.py:208} INFO - Processing /opt/airflow/dags/env/Scripts/pyrsa-decrypt.exe took 0.071 seconds
[2025-03-31T08:44:09.337+0000] {processor.py:186} INFO - Started process (PID=8107) to work on /opt/airflow/dags/env/Scripts/pyrsa-decrypt.exe
[2025-03-31T08:44:09.339+0000] {processor.py:914} INFO - Processing file /opt/airflow/dags/env/Scripts/pyrsa-decrypt.exe for tasks to queue
[2025-03-31T08:44:09.345+0000] {logging_mixin.py:190} INFO - [2025-03-31T08:44:09.345+0000] {dagbag.py:588} INFO - Filling up the DagBag from /opt/airflow/dags/env/Scripts/pyrsa-decrypt.exe
[2025-03-31T08:44:09.363+0000] {logging_mixin.py:190} INFO - [2025-03-31T08:44:09.362+0000] {dagbag.py:435} INFO - File /opt/airflow/dags/env/Scripts/pyrsa-decrypt.exe:__main__.py assumed to contain no DAGs. Skipping.
[2025-03-31T08:44:09.364+0000] {processor.py:927} WARNING - No viable dags retrieved from /opt/airflow/dags/env/Scripts/pyrsa-decrypt.exe
[2025-03-31T08:44:09.400+0000] {processor.py:208} INFO - Processing /opt/airflow/dags/env/Scripts/pyrsa-decrypt.exe took 0.077 seconds
[2025-03-31T08:44:40.533+0000] {processor.py:186} INFO - Started process (PID=8131) to work on /opt/airflow/dags/env/Scripts/pyrsa-decrypt.exe
[2025-03-31T08:44:40.535+0000] {processor.py:914} INFO - Processing file /opt/airflow/dags/env/Scripts/pyrsa-decrypt.exe for tasks to queue
[2025-03-31T08:44:40.541+0000] {logging_mixin.py:190} INFO - [2025-03-31T08:44:40.540+0000] {dagbag.py:588} INFO - Filling up the DagBag from /opt/airflow/dags/env/Scripts/pyrsa-decrypt.exe
[2025-03-31T08:44:40.558+0000] {logging_mixin.py:190} INFO - [2025-03-31T08:44:40.558+0000] {dagbag.py:435} INFO - File /opt/airflow/dags/env/Scripts/pyrsa-decrypt.exe:__main__.py assumed to contain no DAGs. Skipping.
[2025-03-31T08:44:40.560+0000] {processor.py:927} WARNING - No viable dags retrieved from /opt/airflow/dags/env/Scripts/pyrsa-decrypt.exe
[2025-03-31T08:44:40.590+0000] {processor.py:208} INFO - Processing /opt/airflow/dags/env/Scripts/pyrsa-decrypt.exe took 0.066 seconds
[2025-03-31T08:47:19.446+0000] {processor.py:186} INFO - Started process (PID=8145) to work on /opt/airflow/dags/env/Scripts/pyrsa-decrypt.exe
[2025-03-31T08:47:19.448+0000] {processor.py:914} INFO - Processing file /opt/airflow/dags/env/Scripts/pyrsa-decrypt.exe for tasks to queue
[2025-03-31T08:47:19.453+0000] {logging_mixin.py:190} INFO - [2025-03-31T08:47:19.452+0000] {dagbag.py:588} INFO - Filling up the DagBag from /opt/airflow/dags/env/Scripts/pyrsa-decrypt.exe
[2025-03-31T08:47:19.468+0000] {logging_mixin.py:190} INFO - [2025-03-31T08:47:19.468+0000] {dagbag.py:435} INFO - File /opt/airflow/dags/env/Scripts/pyrsa-decrypt.exe:__main__.py assumed to contain no DAGs. Skipping.
[2025-03-31T08:47:19.469+0000] {processor.py:927} WARNING - No viable dags retrieved from /opt/airflow/dags/env/Scripts/pyrsa-decrypt.exe
[2025-03-31T08:47:19.499+0000] {processor.py:208} INFO - Processing /opt/airflow/dags/env/Scripts/pyrsa-decrypt.exe took 0.063 seconds
[2025-03-31T08:47:50.692+0000] {processor.py:186} INFO - Started process (PID=8169) to work on /opt/airflow/dags/env/Scripts/pyrsa-decrypt.exe
[2025-03-31T08:47:50.695+0000] {processor.py:914} INFO - Processing file /opt/airflow/dags/env/Scripts/pyrsa-decrypt.exe for tasks to queue
[2025-03-31T08:47:50.702+0000] {logging_mixin.py:190} INFO - [2025-03-31T08:47:50.701+0000] {dagbag.py:588} INFO - Filling up the DagBag from /opt/airflow/dags/env/Scripts/pyrsa-decrypt.exe
[2025-03-31T08:47:50.720+0000] {logging_mixin.py:190} INFO - [2025-03-31T08:47:50.720+0000] {dagbag.py:435} INFO - File /opt/airflow/dags/env/Scripts/pyrsa-decrypt.exe:__main__.py assumed to contain no DAGs. Skipping.
[2025-03-31T08:47:50.722+0000] {processor.py:927} WARNING - No viable dags retrieved from /opt/airflow/dags/env/Scripts/pyrsa-decrypt.exe
[2025-03-31T08:47:50.764+0000] {processor.py:208} INFO - Processing /opt/airflow/dags/env/Scripts/pyrsa-decrypt.exe took 0.084 seconds
[2025-03-31T08:48:43.630+0000] {processor.py:186} INFO - Started process (PID=8199) to work on /opt/airflow/dags/env/Scripts/pyrsa-decrypt.exe
[2025-03-31T08:48:43.632+0000] {processor.py:914} INFO - Processing file /opt/airflow/dags/env/Scripts/pyrsa-decrypt.exe for tasks to queue
[2025-03-31T08:48:43.637+0000] {logging_mixin.py:190} INFO - [2025-03-31T08:48:43.636+0000] {dagbag.py:588} INFO - Filling up the DagBag from /opt/airflow/dags/env/Scripts/pyrsa-decrypt.exe
[2025-03-31T08:48:43.652+0000] {logging_mixin.py:190} INFO - [2025-03-31T08:48:43.651+0000] {dagbag.py:435} INFO - File /opt/airflow/dags/env/Scripts/pyrsa-decrypt.exe:__main__.py assumed to contain no DAGs. Skipping.
[2025-03-31T08:48:43.653+0000] {processor.py:927} WARNING - No viable dags retrieved from /opt/airflow/dags/env/Scripts/pyrsa-decrypt.exe
[2025-03-31T08:48:43.684+0000] {processor.py:208} INFO - Processing /opt/airflow/dags/env/Scripts/pyrsa-decrypt.exe took 0.064 seconds
[2025-03-31T08:49:15.593+0000] {processor.py:186} INFO - Started process (PID=8223) to work on /opt/airflow/dags/env/Scripts/pyrsa-decrypt.exe
[2025-03-31T08:49:15.595+0000] {processor.py:914} INFO - Processing file /opt/airflow/dags/env/Scripts/pyrsa-decrypt.exe for tasks to queue
[2025-03-31T08:49:15.600+0000] {logging_mixin.py:190} INFO - [2025-03-31T08:49:15.599+0000] {dagbag.py:588} INFO - Filling up the DagBag from /opt/airflow/dags/env/Scripts/pyrsa-decrypt.exe
[2025-03-31T08:49:15.614+0000] {logging_mixin.py:190} INFO - [2025-03-31T08:49:15.614+0000] {dagbag.py:435} INFO - File /opt/airflow/dags/env/Scripts/pyrsa-decrypt.exe:__main__.py assumed to contain no DAGs. Skipping.
[2025-03-31T08:49:15.616+0000] {processor.py:927} WARNING - No viable dags retrieved from /opt/airflow/dags/env/Scripts/pyrsa-decrypt.exe
[2025-03-31T08:49:15.644+0000] {processor.py:208} INFO - Processing /opt/airflow/dags/env/Scripts/pyrsa-decrypt.exe took 0.061 seconds
[2025-03-31T08:52:19.094+0000] {processor.py:186} INFO - Started process (PID=8257) to work on /opt/airflow/dags/env/Scripts/pyrsa-decrypt.exe
[2025-03-31T08:52:19.097+0000] {processor.py:914} INFO - Processing file /opt/airflow/dags/env/Scripts/pyrsa-decrypt.exe for tasks to queue
[2025-03-31T08:52:19.107+0000] {logging_mixin.py:190} INFO - [2025-03-31T08:52:19.106+0000] {dagbag.py:588} INFO - Filling up the DagBag from /opt/airflow/dags/env/Scripts/pyrsa-decrypt.exe
[2025-03-31T08:52:19.131+0000] {logging_mixin.py:190} INFO - [2025-03-31T08:52:19.130+0000] {dagbag.py:435} INFO - File /opt/airflow/dags/env/Scripts/pyrsa-decrypt.exe:__main__.py assumed to contain no DAGs. Skipping.
[2025-03-31T08:52:19.133+0000] {processor.py:927} WARNING - No viable dags retrieved from /opt/airflow/dags/env/Scripts/pyrsa-decrypt.exe
[2025-03-31T08:52:19.172+0000] {processor.py:208} INFO - Processing /opt/airflow/dags/env/Scripts/pyrsa-decrypt.exe took 0.095 seconds
[2025-03-31T08:52:51.767+0000] {processor.py:186} INFO - Started process (PID=8281) to work on /opt/airflow/dags/env/Scripts/pyrsa-decrypt.exe
[2025-03-31T08:52:51.769+0000] {processor.py:914} INFO - Processing file /opt/airflow/dags/env/Scripts/pyrsa-decrypt.exe for tasks to queue
[2025-03-31T08:52:51.775+0000] {logging_mixin.py:190} INFO - [2025-03-31T08:52:51.775+0000] {dagbag.py:588} INFO - Filling up the DagBag from /opt/airflow/dags/env/Scripts/pyrsa-decrypt.exe
[2025-03-31T08:52:51.793+0000] {logging_mixin.py:190} INFO - [2025-03-31T08:52:51.792+0000] {dagbag.py:435} INFO - File /opt/airflow/dags/env/Scripts/pyrsa-decrypt.exe:__main__.py assumed to contain no DAGs. Skipping.
[2025-03-31T08:52:51.794+0000] {processor.py:927} WARNING - No viable dags retrieved from /opt/airflow/dags/env/Scripts/pyrsa-decrypt.exe
[2025-03-31T08:52:51.828+0000] {processor.py:208} INFO - Processing /opt/airflow/dags/env/Scripts/pyrsa-decrypt.exe took 0.075 seconds
[2025-03-31T08:53:48.391+0000] {processor.py:186} INFO - Started process (PID=8311) to work on /opt/airflow/dags/env/Scripts/pyrsa-decrypt.exe
[2025-03-31T08:53:48.393+0000] {processor.py:914} INFO - Processing file /opt/airflow/dags/env/Scripts/pyrsa-decrypt.exe for tasks to queue
[2025-03-31T08:53:48.398+0000] {logging_mixin.py:190} INFO - [2025-03-31T08:53:48.397+0000] {dagbag.py:588} INFO - Filling up the DagBag from /opt/airflow/dags/env/Scripts/pyrsa-decrypt.exe
[2025-03-31T08:53:48.412+0000] {logging_mixin.py:190} INFO - [2025-03-31T08:53:48.412+0000] {dagbag.py:435} INFO - File /opt/airflow/dags/env/Scripts/pyrsa-decrypt.exe:__main__.py assumed to contain no DAGs. Skipping.
[2025-03-31T08:53:48.414+0000] {processor.py:927} WARNING - No viable dags retrieved from /opt/airflow/dags/env/Scripts/pyrsa-decrypt.exe
[2025-03-31T08:53:48.442+0000] {processor.py:208} INFO - Processing /opt/airflow/dags/env/Scripts/pyrsa-decrypt.exe took 0.061 seconds
[2025-03-31T08:54:19.552+0000] {processor.py:186} INFO - Started process (PID=8335) to work on /opt/airflow/dags/env/Scripts/pyrsa-decrypt.exe
[2025-03-31T08:54:19.554+0000] {processor.py:914} INFO - Processing file /opt/airflow/dags/env/Scripts/pyrsa-decrypt.exe for tasks to queue
[2025-03-31T08:54:19.559+0000] {logging_mixin.py:190} INFO - [2025-03-31T08:54:19.558+0000] {dagbag.py:588} INFO - Filling up the DagBag from /opt/airflow/dags/env/Scripts/pyrsa-decrypt.exe
[2025-03-31T08:54:19.573+0000] {logging_mixin.py:190} INFO - [2025-03-31T08:54:19.573+0000] {dagbag.py:435} INFO - File /opt/airflow/dags/env/Scripts/pyrsa-decrypt.exe:__main__.py assumed to contain no DAGs. Skipping.
[2025-03-31T08:54:19.575+0000] {processor.py:927} WARNING - No viable dags retrieved from /opt/airflow/dags/env/Scripts/pyrsa-decrypt.exe
[2025-03-31T08:54:19.602+0000] {processor.py:208} INFO - Processing /opt/airflow/dags/env/Scripts/pyrsa-decrypt.exe took 0.062 seconds
[2025-03-31T08:57:16.328+0000] {processor.py:186} INFO - Started process (PID=8364) to work on /opt/airflow/dags/env/Scripts/pyrsa-decrypt.exe
[2025-03-31T08:57:16.330+0000] {processor.py:914} INFO - Processing file /opt/airflow/dags/env/Scripts/pyrsa-decrypt.exe for tasks to queue
[2025-03-31T08:57:16.336+0000] {logging_mixin.py:190} INFO - [2025-03-31T08:57:16.335+0000] {dagbag.py:588} INFO - Filling up the DagBag from /opt/airflow/dags/env/Scripts/pyrsa-decrypt.exe
[2025-03-31T08:57:16.352+0000] {logging_mixin.py:190} INFO - [2025-03-31T08:57:16.352+0000] {dagbag.py:435} INFO - File /opt/airflow/dags/env/Scripts/pyrsa-decrypt.exe:__main__.py assumed to contain no DAGs. Skipping.
[2025-03-31T08:57:16.354+0000] {processor.py:927} WARNING - No viable dags retrieved from /opt/airflow/dags/env/Scripts/pyrsa-decrypt.exe
[2025-03-31T08:57:16.391+0000] {processor.py:208} INFO - Processing /opt/airflow/dags/env/Scripts/pyrsa-decrypt.exe took 0.072 seconds
[2025-03-31T08:57:47.228+0000] {processor.py:186} INFO - Started process (PID=8388) to work on /opt/airflow/dags/env/Scripts/pyrsa-decrypt.exe
[2025-03-31T08:57:47.230+0000] {processor.py:914} INFO - Processing file /opt/airflow/dags/env/Scripts/pyrsa-decrypt.exe for tasks to queue
[2025-03-31T08:57:47.235+0000] {logging_mixin.py:190} INFO - [2025-03-31T08:57:47.234+0000] {dagbag.py:588} INFO - Filling up the DagBag from /opt/airflow/dags/env/Scripts/pyrsa-decrypt.exe
[2025-03-31T08:57:47.249+0000] {logging_mixin.py:190} INFO - [2025-03-31T08:57:47.248+0000] {dagbag.py:435} INFO - File /opt/airflow/dags/env/Scripts/pyrsa-decrypt.exe:__main__.py assumed to contain no DAGs. Skipping.
[2025-03-31T08:57:47.250+0000] {processor.py:927} WARNING - No viable dags retrieved from /opt/airflow/dags/env/Scripts/pyrsa-decrypt.exe
[2025-03-31T08:57:47.278+0000] {processor.py:208} INFO - Processing /opt/airflow/dags/env/Scripts/pyrsa-decrypt.exe took 0.061 seconds
[2025-03-31T08:58:18.257+0000] {processor.py:186} INFO - Started process (PID=8412) to work on /opt/airflow/dags/env/Scripts/pyrsa-decrypt.exe
[2025-03-31T08:58:18.259+0000] {processor.py:914} INFO - Processing file /opt/airflow/dags/env/Scripts/pyrsa-decrypt.exe for tasks to queue
[2025-03-31T08:58:18.266+0000] {logging_mixin.py:190} INFO - [2025-03-31T08:58:18.265+0000] {dagbag.py:588} INFO - Filling up the DagBag from /opt/airflow/dags/env/Scripts/pyrsa-decrypt.exe
[2025-03-31T08:58:18.285+0000] {logging_mixin.py:190} INFO - [2025-03-31T08:58:18.284+0000] {dagbag.py:435} INFO - File /opt/airflow/dags/env/Scripts/pyrsa-decrypt.exe:__main__.py assumed to contain no DAGs. Skipping.
[2025-03-31T08:58:18.286+0000] {processor.py:927} WARNING - No viable dags retrieved from /opt/airflow/dags/env/Scripts/pyrsa-decrypt.exe
[2025-03-31T08:58:18.326+0000] {processor.py:208} INFO - Processing /opt/airflow/dags/env/Scripts/pyrsa-decrypt.exe took 0.081 seconds
[2025-03-31T08:58:42.770+0000] {processor.py:186} INFO - Started process (PID=8423) to work on /opt/airflow/dags/env/Scripts/pyrsa-decrypt.exe
[2025-03-31T08:58:42.772+0000] {processor.py:914} INFO - Processing file /opt/airflow/dags/env/Scripts/pyrsa-decrypt.exe for tasks to queue
[2025-03-31T08:58:42.778+0000] {logging_mixin.py:190} INFO - [2025-03-31T08:58:42.777+0000] {dagbag.py:588} INFO - Filling up the DagBag from /opt/airflow/dags/env/Scripts/pyrsa-decrypt.exe
[2025-03-31T08:58:42.794+0000] {logging_mixin.py:190} INFO - [2025-03-31T08:58:42.793+0000] {dagbag.py:435} INFO - File /opt/airflow/dags/env/Scripts/pyrsa-decrypt.exe:__main__.py assumed to contain no DAGs. Skipping.
[2025-03-31T08:58:42.795+0000] {processor.py:927} WARNING - No viable dags retrieved from /opt/airflow/dags/env/Scripts/pyrsa-decrypt.exe
[2025-03-31T08:58:42.831+0000] {processor.py:208} INFO - Processing /opt/airflow/dags/env/Scripts/pyrsa-decrypt.exe took 0.076 seconds
[2025-03-31T08:59:13.759+0000] {processor.py:186} INFO - Started process (PID=8447) to work on /opt/airflow/dags/env/Scripts/pyrsa-decrypt.exe
[2025-03-31T08:59:13.761+0000] {processor.py:914} INFO - Processing file /opt/airflow/dags/env/Scripts/pyrsa-decrypt.exe for tasks to queue
[2025-03-31T08:59:13.766+0000] {logging_mixin.py:190} INFO - [2025-03-31T08:59:13.765+0000] {dagbag.py:588} INFO - Filling up the DagBag from /opt/airflow/dags/env/Scripts/pyrsa-decrypt.exe
[2025-03-31T08:59:13.780+0000] {logging_mixin.py:190} INFO - [2025-03-31T08:59:13.780+0000] {dagbag.py:435} INFO - File /opt/airflow/dags/env/Scripts/pyrsa-decrypt.exe:__main__.py assumed to contain no DAGs. Skipping.
[2025-03-31T08:59:13.782+0000] {processor.py:927} WARNING - No viable dags retrieved from /opt/airflow/dags/env/Scripts/pyrsa-decrypt.exe
[2025-03-31T08:59:13.819+0000] {processor.py:208} INFO - Processing /opt/airflow/dags/env/Scripts/pyrsa-decrypt.exe took 0.070 seconds
[2025-03-31T09:02:24.377+0000] {processor.py:186} INFO - Started process (PID=8481) to work on /opt/airflow/dags/env/Scripts/pyrsa-decrypt.exe
[2025-03-31T09:02:24.379+0000] {processor.py:914} INFO - Processing file /opt/airflow/dags/env/Scripts/pyrsa-decrypt.exe for tasks to queue
[2025-03-31T09:02:24.384+0000] {logging_mixin.py:190} INFO - [2025-03-31T09:02:24.384+0000] {dagbag.py:588} INFO - Filling up the DagBag from /opt/airflow/dags/env/Scripts/pyrsa-decrypt.exe
[2025-03-31T09:02:24.399+0000] {logging_mixin.py:190} INFO - [2025-03-31T09:02:24.398+0000] {dagbag.py:435} INFO - File /opt/airflow/dags/env/Scripts/pyrsa-decrypt.exe:__main__.py assumed to contain no DAGs. Skipping.
[2025-03-31T09:02:24.401+0000] {processor.py:927} WARNING - No viable dags retrieved from /opt/airflow/dags/env/Scripts/pyrsa-decrypt.exe
[2025-03-31T09:02:24.433+0000] {processor.py:208} INFO - Processing /opt/airflow/dags/env/Scripts/pyrsa-decrypt.exe took 0.067 seconds
[2025-03-31T09:02:55.473+0000] {processor.py:186} INFO - Started process (PID=8505) to work on /opt/airflow/dags/env/Scripts/pyrsa-decrypt.exe
[2025-03-31T09:02:55.475+0000] {processor.py:914} INFO - Processing file /opt/airflow/dags/env/Scripts/pyrsa-decrypt.exe for tasks to queue
[2025-03-31T09:02:55.482+0000] {logging_mixin.py:190} INFO - [2025-03-31T09:02:55.481+0000] {dagbag.py:588} INFO - Filling up the DagBag from /opt/airflow/dags/env/Scripts/pyrsa-decrypt.exe
[2025-03-31T09:02:55.499+0000] {logging_mixin.py:190} INFO - [2025-03-31T09:02:55.499+0000] {dagbag.py:435} INFO - File /opt/airflow/dags/env/Scripts/pyrsa-decrypt.exe:__main__.py assumed to contain no DAGs. Skipping.
[2025-03-31T09:02:55.501+0000] {processor.py:927} WARNING - No viable dags retrieved from /opt/airflow/dags/env/Scripts/pyrsa-decrypt.exe
[2025-03-31T09:02:55.538+0000] {processor.py:208} INFO - Processing /opt/airflow/dags/env/Scripts/pyrsa-decrypt.exe took 0.078 seconds
[2025-03-31T09:03:43.238+0000] {processor.py:186} INFO - Started process (PID=8524) to work on /opt/airflow/dags/env/Scripts/pyrsa-decrypt.exe
[2025-03-31T09:03:43.243+0000] {processor.py:914} INFO - Processing file /opt/airflow/dags/env/Scripts/pyrsa-decrypt.exe for tasks to queue
[2025-03-31T09:03:43.250+0000] {logging_mixin.py:190} INFO - [2025-03-31T09:03:43.249+0000] {dagbag.py:588} INFO - Filling up the DagBag from /opt/airflow/dags/env/Scripts/pyrsa-decrypt.exe
[2025-03-31T09:03:43.274+0000] {logging_mixin.py:190} INFO - [2025-03-31T09:03:43.273+0000] {dagbag.py:435} INFO - File /opt/airflow/dags/env/Scripts/pyrsa-decrypt.exe:__main__.py assumed to contain no DAGs. Skipping.
[2025-03-31T09:03:43.275+0000] {processor.py:927} WARNING - No viable dags retrieved from /opt/airflow/dags/env/Scripts/pyrsa-decrypt.exe
[2025-03-31T09:03:43.316+0000] {processor.py:208} INFO - Processing /opt/airflow/dags/env/Scripts/pyrsa-decrypt.exe took 0.098 seconds
[2025-03-31T09:04:13.620+0000] {processor.py:186} INFO - Started process (PID=8548) to work on /opt/airflow/dags/env/Scripts/pyrsa-decrypt.exe
[2025-03-31T09:04:13.622+0000] {processor.py:914} INFO - Processing file /opt/airflow/dags/env/Scripts/pyrsa-decrypt.exe for tasks to queue
[2025-03-31T09:04:13.628+0000] {logging_mixin.py:190} INFO - [2025-03-31T09:04:13.627+0000] {dagbag.py:588} INFO - Filling up the DagBag from /opt/airflow/dags/env/Scripts/pyrsa-decrypt.exe
[2025-03-31T09:04:13.645+0000] {logging_mixin.py:190} INFO - [2025-03-31T09:04:13.644+0000] {dagbag.py:435} INFO - File /opt/airflow/dags/env/Scripts/pyrsa-decrypt.exe:__main__.py assumed to contain no DAGs. Skipping.
[2025-03-31T09:04:13.646+0000] {processor.py:927} WARNING - No viable dags retrieved from /opt/airflow/dags/env/Scripts/pyrsa-decrypt.exe
[2025-03-31T09:04:13.682+0000] {processor.py:208} INFO - Processing /opt/airflow/dags/env/Scripts/pyrsa-decrypt.exe took 0.073 seconds
[2025-03-31T09:04:44.532+0000] {processor.py:186} INFO - Started process (PID=8572) to work on /opt/airflow/dags/env/Scripts/pyrsa-decrypt.exe
[2025-03-31T09:04:44.534+0000] {processor.py:914} INFO - Processing file /opt/airflow/dags/env/Scripts/pyrsa-decrypt.exe for tasks to queue
[2025-03-31T09:04:44.539+0000] {logging_mixin.py:190} INFO - [2025-03-31T09:04:44.539+0000] {dagbag.py:588} INFO - Filling up the DagBag from /opt/airflow/dags/env/Scripts/pyrsa-decrypt.exe
[2025-03-31T09:04:44.557+0000] {logging_mixin.py:190} INFO - [2025-03-31T09:04:44.556+0000] {dagbag.py:435} INFO - File /opt/airflow/dags/env/Scripts/pyrsa-decrypt.exe:__main__.py assumed to contain no DAGs. Skipping.
[2025-03-31T09:04:44.558+0000] {processor.py:927} WARNING - No viable dags retrieved from /opt/airflow/dags/env/Scripts/pyrsa-decrypt.exe
[2025-03-31T09:04:44.590+0000] {processor.py:208} INFO - Processing /opt/airflow/dags/env/Scripts/pyrsa-decrypt.exe took 0.072 seconds
[2025-03-31T09:07:24.197+0000] {processor.py:186} INFO - Started process (PID=8583) to work on /opt/airflow/dags/env/Scripts/pyrsa-decrypt.exe
[2025-03-31T09:07:24.199+0000] {processor.py:914} INFO - Processing file /opt/airflow/dags/env/Scripts/pyrsa-decrypt.exe for tasks to queue
[2025-03-31T09:07:24.212+0000] {logging_mixin.py:190} INFO - [2025-03-31T09:07:24.211+0000] {dagbag.py:588} INFO - Filling up the DagBag from /opt/airflow/dags/env/Scripts/pyrsa-decrypt.exe
[2025-03-31T09:07:24.233+0000] {logging_mixin.py:190} INFO - [2025-03-31T09:07:24.232+0000] {dagbag.py:435} INFO - File /opt/airflow/dags/env/Scripts/pyrsa-decrypt.exe:__main__.py assumed to contain no DAGs. Skipping.
[2025-03-31T09:07:24.235+0000] {processor.py:927} WARNING - No viable dags retrieved from /opt/airflow/dags/env/Scripts/pyrsa-decrypt.exe
[2025-03-31T09:07:24.281+0000] {processor.py:208} INFO - Processing /opt/airflow/dags/env/Scripts/pyrsa-decrypt.exe took 0.106 seconds
[2025-03-31T09:07:56.840+0000] {processor.py:186} INFO - Started process (PID=8607) to work on /opt/airflow/dags/env/Scripts/pyrsa-decrypt.exe
[2025-03-31T09:07:56.842+0000] {processor.py:914} INFO - Processing file /opt/airflow/dags/env/Scripts/pyrsa-decrypt.exe for tasks to queue
[2025-03-31T09:07:56.849+0000] {logging_mixin.py:190} INFO - [2025-03-31T09:07:56.848+0000] {dagbag.py:588} INFO - Filling up the DagBag from /opt/airflow/dags/env/Scripts/pyrsa-decrypt.exe
[2025-03-31T09:07:56.865+0000] {logging_mixin.py:190} INFO - [2025-03-31T09:07:56.865+0000] {dagbag.py:435} INFO - File /opt/airflow/dags/env/Scripts/pyrsa-decrypt.exe:__main__.py assumed to contain no DAGs. Skipping.
[2025-03-31T09:07:56.867+0000] {processor.py:927} WARNING - No viable dags retrieved from /opt/airflow/dags/env/Scripts/pyrsa-decrypt.exe
[2025-03-31T09:07:56.899+0000] {processor.py:208} INFO - Processing /opt/airflow/dags/env/Scripts/pyrsa-decrypt.exe took 0.070 seconds
[2025-03-31T09:08:51.447+0000] {processor.py:186} INFO - Started process (PID=8635) to work on /opt/airflow/dags/env/Scripts/pyrsa-decrypt.exe
[2025-03-31T09:08:51.449+0000] {processor.py:914} INFO - Processing file /opt/airflow/dags/env/Scripts/pyrsa-decrypt.exe for tasks to queue
[2025-03-31T09:08:51.454+0000] {logging_mixin.py:190} INFO - [2025-03-31T09:08:51.453+0000] {dagbag.py:588} INFO - Filling up the DagBag from /opt/airflow/dags/env/Scripts/pyrsa-decrypt.exe
[2025-03-31T09:08:51.468+0000] {logging_mixin.py:190} INFO - [2025-03-31T09:08:51.467+0000] {dagbag.py:435} INFO - File /opt/airflow/dags/env/Scripts/pyrsa-decrypt.exe:__main__.py assumed to contain no DAGs. Skipping.
[2025-03-31T09:08:51.469+0000] {processor.py:927} WARNING - No viable dags retrieved from /opt/airflow/dags/env/Scripts/pyrsa-decrypt.exe
[2025-03-31T09:08:51.499+0000] {processor.py:208} INFO - Processing /opt/airflow/dags/env/Scripts/pyrsa-decrypt.exe took 0.062 seconds
[2025-03-31T09:09:22.196+0000] {processor.py:186} INFO - Started process (PID=8659) to work on /opt/airflow/dags/env/Scripts/pyrsa-decrypt.exe
[2025-03-31T09:09:22.197+0000] {processor.py:914} INFO - Processing file /opt/airflow/dags/env/Scripts/pyrsa-decrypt.exe for tasks to queue
[2025-03-31T09:09:22.202+0000] {logging_mixin.py:190} INFO - [2025-03-31T09:09:22.201+0000] {dagbag.py:588} INFO - Filling up the DagBag from /opt/airflow/dags/env/Scripts/pyrsa-decrypt.exe
[2025-03-31T09:09:22.218+0000] {logging_mixin.py:190} INFO - [2025-03-31T09:09:22.218+0000] {dagbag.py:435} INFO - File /opt/airflow/dags/env/Scripts/pyrsa-decrypt.exe:__main__.py assumed to contain no DAGs. Skipping.
[2025-03-31T09:09:22.219+0000] {processor.py:927} WARNING - No viable dags retrieved from /opt/airflow/dags/env/Scripts/pyrsa-decrypt.exe
[2025-03-31T09:09:22.248+0000] {processor.py:208} INFO - Processing /opt/airflow/dags/env/Scripts/pyrsa-decrypt.exe took 0.063 seconds
[2025-03-31T09:12:18.674+0000] {processor.py:186} INFO - Started process (PID=8688) to work on /opt/airflow/dags/env/Scripts/pyrsa-decrypt.exe
[2025-03-31T09:12:18.677+0000] {processor.py:914} INFO - Processing file /opt/airflow/dags/env/Scripts/pyrsa-decrypt.exe for tasks to queue
[2025-03-31T09:12:18.684+0000] {logging_mixin.py:190} INFO - [2025-03-31T09:12:18.683+0000] {dagbag.py:588} INFO - Filling up the DagBag from /opt/airflow/dags/env/Scripts/pyrsa-decrypt.exe
[2025-03-31T09:12:18.700+0000] {logging_mixin.py:190} INFO - [2025-03-31T09:12:18.700+0000] {dagbag.py:435} INFO - File /opt/airflow/dags/env/Scripts/pyrsa-decrypt.exe:__main__.py assumed to contain no DAGs. Skipping.
[2025-03-31T09:12:18.702+0000] {processor.py:927} WARNING - No viable dags retrieved from /opt/airflow/dags/env/Scripts/pyrsa-decrypt.exe
[2025-03-31T09:12:18.737+0000] {processor.py:208} INFO - Processing /opt/airflow/dags/env/Scripts/pyrsa-decrypt.exe took 0.071 seconds
[2025-03-31T09:12:49.600+0000] {processor.py:186} INFO - Started process (PID=8712) to work on /opt/airflow/dags/env/Scripts/pyrsa-decrypt.exe
[2025-03-31T09:12:49.601+0000] {processor.py:914} INFO - Processing file /opt/airflow/dags/env/Scripts/pyrsa-decrypt.exe for tasks to queue
[2025-03-31T09:12:49.608+0000] {logging_mixin.py:190} INFO - [2025-03-31T09:12:49.607+0000] {dagbag.py:588} INFO - Filling up the DagBag from /opt/airflow/dags/env/Scripts/pyrsa-decrypt.exe
[2025-03-31T09:12:49.621+0000] {logging_mixin.py:190} INFO - [2025-03-31T09:12:49.620+0000] {dagbag.py:435} INFO - File /opt/airflow/dags/env/Scripts/pyrsa-decrypt.exe:__main__.py assumed to contain no DAGs. Skipping.
[2025-03-31T09:12:49.622+0000] {processor.py:927} WARNING - No viable dags retrieved from /opt/airflow/dags/env/Scripts/pyrsa-decrypt.exe
[2025-03-31T09:12:49.653+0000] {processor.py:208} INFO - Processing /opt/airflow/dags/env/Scripts/pyrsa-decrypt.exe took 0.062 seconds
[2025-03-31T09:13:45.940+0000] {processor.py:186} INFO - Started process (PID=8746) to work on /opt/airflow/dags/env/Scripts/pyrsa-decrypt.exe
[2025-03-31T09:13:45.942+0000] {processor.py:914} INFO - Processing file /opt/airflow/dags/env/Scripts/pyrsa-decrypt.exe for tasks to queue
[2025-03-31T09:13:45.947+0000] {logging_mixin.py:190} INFO - [2025-03-31T09:13:45.946+0000] {dagbag.py:588} INFO - Filling up the DagBag from /opt/airflow/dags/env/Scripts/pyrsa-decrypt.exe
[2025-03-31T09:13:45.963+0000] {logging_mixin.py:190} INFO - [2025-03-31T09:13:45.962+0000] {dagbag.py:435} INFO - File /opt/airflow/dags/env/Scripts/pyrsa-decrypt.exe:__main__.py assumed to contain no DAGs. Skipping.
[2025-03-31T09:13:45.964+0000] {processor.py:927} WARNING - No viable dags retrieved from /opt/airflow/dags/env/Scripts/pyrsa-decrypt.exe
[2025-03-31T09:13:46.002+0000] {processor.py:208} INFO - Processing /opt/airflow/dags/env/Scripts/pyrsa-decrypt.exe took 0.070 seconds
[2025-03-31T09:14:16.755+0000] {processor.py:186} INFO - Started process (PID=8770) to work on /opt/airflow/dags/env/Scripts/pyrsa-decrypt.exe
[2025-03-31T09:14:16.756+0000] {processor.py:914} INFO - Processing file /opt/airflow/dags/env/Scripts/pyrsa-decrypt.exe for tasks to queue
[2025-03-31T09:14:16.762+0000] {logging_mixin.py:190} INFO - [2025-03-31T09:14:16.761+0000] {dagbag.py:588} INFO - Filling up the DagBag from /opt/airflow/dags/env/Scripts/pyrsa-decrypt.exe
[2025-03-31T09:14:16.774+0000] {logging_mixin.py:190} INFO - [2025-03-31T09:14:16.774+0000] {dagbag.py:435} INFO - File /opt/airflow/dags/env/Scripts/pyrsa-decrypt.exe:__main__.py assumed to contain no DAGs. Skipping.
[2025-03-31T09:14:16.776+0000] {processor.py:927} WARNING - No viable dags retrieved from /opt/airflow/dags/env/Scripts/pyrsa-decrypt.exe
[2025-03-31T09:14:16.806+0000] {processor.py:208} INFO - Processing /opt/airflow/dags/env/Scripts/pyrsa-decrypt.exe took 0.059 seconds
[2025-03-31T09:17:08.501+0000] {processor.py:186} INFO - Started process (PID=8794) to work on /opt/airflow/dags/env/Scripts/pyrsa-decrypt.exe
[2025-03-31T09:17:08.503+0000] {processor.py:914} INFO - Processing file /opt/airflow/dags/env/Scripts/pyrsa-decrypt.exe for tasks to queue
[2025-03-31T09:17:08.509+0000] {logging_mixin.py:190} INFO - [2025-03-31T09:17:08.508+0000] {dagbag.py:588} INFO - Filling up the DagBag from /opt/airflow/dags/env/Scripts/pyrsa-decrypt.exe
[2025-03-31T09:17:08.526+0000] {logging_mixin.py:190} INFO - [2025-03-31T09:17:08.526+0000] {dagbag.py:435} INFO - File /opt/airflow/dags/env/Scripts/pyrsa-decrypt.exe:__main__.py assumed to contain no DAGs. Skipping.
[2025-03-31T09:17:08.528+0000] {processor.py:927} WARNING - No viable dags retrieved from /opt/airflow/dags/env/Scripts/pyrsa-decrypt.exe
[2025-03-31T09:17:08.563+0000] {processor.py:208} INFO - Processing /opt/airflow/dags/env/Scripts/pyrsa-decrypt.exe took 0.075 seconds
[2025-03-31T09:17:39.201+0000] {processor.py:186} INFO - Started process (PID=8818) to work on /opt/airflow/dags/env/Scripts/pyrsa-decrypt.exe
[2025-03-31T09:17:39.202+0000] {processor.py:914} INFO - Processing file /opt/airflow/dags/env/Scripts/pyrsa-decrypt.exe for tasks to queue
[2025-03-31T09:17:39.206+0000] {logging_mixin.py:190} INFO - [2025-03-31T09:17:39.206+0000] {dagbag.py:588} INFO - Filling up the DagBag from /opt/airflow/dags/env/Scripts/pyrsa-decrypt.exe
[2025-03-31T09:17:39.221+0000] {logging_mixin.py:190} INFO - [2025-03-31T09:17:39.220+0000] {dagbag.py:435} INFO - File /opt/airflow/dags/env/Scripts/pyrsa-decrypt.exe:__main__.py assumed to contain no DAGs. Skipping.
[2025-03-31T09:17:39.222+0000] {processor.py:927} WARNING - No viable dags retrieved from /opt/airflow/dags/env/Scripts/pyrsa-decrypt.exe
[2025-03-31T09:17:39.252+0000] {processor.py:208} INFO - Processing /opt/airflow/dags/env/Scripts/pyrsa-decrypt.exe took 0.061 seconds
[2025-03-31T09:18:09.655+0000] {processor.py:186} INFO - Started process (PID=8842) to work on /opt/airflow/dags/env/Scripts/pyrsa-decrypt.exe
[2025-03-31T09:18:09.657+0000] {processor.py:914} INFO - Processing file /opt/airflow/dags/env/Scripts/pyrsa-decrypt.exe for tasks to queue
[2025-03-31T09:18:09.663+0000] {logging_mixin.py:190} INFO - [2025-03-31T09:18:09.662+0000] {dagbag.py:588} INFO - Filling up the DagBag from /opt/airflow/dags/env/Scripts/pyrsa-decrypt.exe
[2025-03-31T09:18:09.678+0000] {logging_mixin.py:190} INFO - [2025-03-31T09:18:09.678+0000] {dagbag.py:435} INFO - File /opt/airflow/dags/env/Scripts/pyrsa-decrypt.exe:__main__.py assumed to contain no DAGs. Skipping.
[2025-03-31T09:18:09.680+0000] {processor.py:927} WARNING - No viable dags retrieved from /opt/airflow/dags/env/Scripts/pyrsa-decrypt.exe
[2025-03-31T09:18:09.718+0000] {processor.py:208} INFO - Processing /opt/airflow/dags/env/Scripts/pyrsa-decrypt.exe took 0.073 seconds
[2025-03-31T09:18:45.440+0000] {processor.py:186} INFO - Started process (PID=8861) to work on /opt/airflow/dags/env/Scripts/pyrsa-decrypt.exe
[2025-03-31T09:18:45.441+0000] {processor.py:914} INFO - Processing file /opt/airflow/dags/env/Scripts/pyrsa-decrypt.exe for tasks to queue
[2025-03-31T09:18:45.447+0000] {logging_mixin.py:190} INFO - [2025-03-31T09:18:45.446+0000] {dagbag.py:588} INFO - Filling up the DagBag from /opt/airflow/dags/env/Scripts/pyrsa-decrypt.exe
[2025-03-31T09:18:45.461+0000] {logging_mixin.py:190} INFO - [2025-03-31T09:18:45.461+0000] {dagbag.py:435} INFO - File /opt/airflow/dags/env/Scripts/pyrsa-decrypt.exe:__main__.py assumed to contain no DAGs. Skipping.
[2025-03-31T09:18:45.463+0000] {processor.py:927} WARNING - No viable dags retrieved from /opt/airflow/dags/env/Scripts/pyrsa-decrypt.exe
[2025-03-31T09:18:45.495+0000] {processor.py:208} INFO - Processing /opt/airflow/dags/env/Scripts/pyrsa-decrypt.exe took 0.063 seconds
[2025-03-31T09:19:16.179+0000] {processor.py:186} INFO - Started process (PID=8885) to work on /opt/airflow/dags/env/Scripts/pyrsa-decrypt.exe
[2025-03-31T09:19:16.180+0000] {processor.py:914} INFO - Processing file /opt/airflow/dags/env/Scripts/pyrsa-decrypt.exe for tasks to queue
[2025-03-31T09:19:16.185+0000] {logging_mixin.py:190} INFO - [2025-03-31T09:19:16.184+0000] {dagbag.py:588} INFO - Filling up the DagBag from /opt/airflow/dags/env/Scripts/pyrsa-decrypt.exe
[2025-03-31T09:19:16.199+0000] {logging_mixin.py:190} INFO - [2025-03-31T09:19:16.198+0000] {dagbag.py:435} INFO - File /opt/airflow/dags/env/Scripts/pyrsa-decrypt.exe:__main__.py assumed to contain no DAGs. Skipping.
[2025-03-31T09:19:16.200+0000] {processor.py:927} WARNING - No viable dags retrieved from /opt/airflow/dags/env/Scripts/pyrsa-decrypt.exe
[2025-03-31T09:19:16.230+0000] {processor.py:208} INFO - Processing /opt/airflow/dags/env/Scripts/pyrsa-decrypt.exe took 0.059 seconds
[2025-03-31T09:22:24.062+0000] {processor.py:186} INFO - Started process (PID=8919) to work on /opt/airflow/dags/env/Scripts/pyrsa-decrypt.exe
[2025-03-31T09:22:24.064+0000] {processor.py:914} INFO - Processing file /opt/airflow/dags/env/Scripts/pyrsa-decrypt.exe for tasks to queue
[2025-03-31T09:22:24.074+0000] {logging_mixin.py:190} INFO - [2025-03-31T09:22:24.071+0000] {dagbag.py:588} INFO - Filling up the DagBag from /opt/airflow/dags/env/Scripts/pyrsa-decrypt.exe
[2025-03-31T09:22:24.120+0000] {logging_mixin.py:190} INFO - [2025-03-31T09:22:24.120+0000] {dagbag.py:435} INFO - File /opt/airflow/dags/env/Scripts/pyrsa-decrypt.exe:__main__.py assumed to contain no DAGs. Skipping.
[2025-03-31T09:22:24.122+0000] {processor.py:927} WARNING - No viable dags retrieved from /opt/airflow/dags/env/Scripts/pyrsa-decrypt.exe
[2025-03-31T09:22:24.176+0000] {processor.py:208} INFO - Processing /opt/airflow/dags/env/Scripts/pyrsa-decrypt.exe took 0.125 seconds
[2025-03-31T09:22:54.635+0000] {processor.py:186} INFO - Started process (PID=8943) to work on /opt/airflow/dags/env/Scripts/pyrsa-decrypt.exe
[2025-03-31T09:22:54.637+0000] {processor.py:914} INFO - Processing file /opt/airflow/dags/env/Scripts/pyrsa-decrypt.exe for tasks to queue
[2025-03-31T09:22:54.649+0000] {logging_mixin.py:190} INFO - [2025-03-31T09:22:54.647+0000] {dagbag.py:588} INFO - Filling up the DagBag from /opt/airflow/dags/env/Scripts/pyrsa-decrypt.exe
[2025-03-31T09:22:54.666+0000] {logging_mixin.py:190} INFO - [2025-03-31T09:22:54.666+0000] {dagbag.py:435} INFO - File /opt/airflow/dags/env/Scripts/pyrsa-decrypt.exe:__main__.py assumed to contain no DAGs. Skipping.
[2025-03-31T09:22:54.668+0000] {processor.py:927} WARNING - No viable dags retrieved from /opt/airflow/dags/env/Scripts/pyrsa-decrypt.exe
[2025-03-31T09:22:54.727+0000] {processor.py:208} INFO - Processing /opt/airflow/dags/env/Scripts/pyrsa-decrypt.exe took 0.113 seconds
[2025-03-31T09:23:35.885+0000] {processor.py:186} INFO - Started process (PID=8964) to work on /opt/airflow/dags/env/Scripts/pyrsa-decrypt.exe
[2025-03-31T09:23:35.886+0000] {processor.py:914} INFO - Processing file /opt/airflow/dags/env/Scripts/pyrsa-decrypt.exe for tasks to queue
[2025-03-31T09:23:35.894+0000] {logging_mixin.py:190} INFO - [2025-03-31T09:23:35.893+0000] {dagbag.py:588} INFO - Filling up the DagBag from /opt/airflow/dags/env/Scripts/pyrsa-decrypt.exe
[2025-03-31T09:23:35.917+0000] {logging_mixin.py:190} INFO - [2025-03-31T09:23:35.917+0000] {dagbag.py:435} INFO - File /opt/airflow/dags/env/Scripts/pyrsa-decrypt.exe:__main__.py assumed to contain no DAGs. Skipping.
[2025-03-31T09:23:35.919+0000] {processor.py:927} WARNING - No viable dags retrieved from /opt/airflow/dags/env/Scripts/pyrsa-decrypt.exe
[2025-03-31T09:23:35.959+0000] {processor.py:208} INFO - Processing /opt/airflow/dags/env/Scripts/pyrsa-decrypt.exe took 0.092 seconds
[2025-03-31T09:24:06.604+0000] {processor.py:186} INFO - Started process (PID=8988) to work on /opt/airflow/dags/env/Scripts/pyrsa-decrypt.exe
[2025-03-31T09:24:06.605+0000] {processor.py:914} INFO - Processing file /opt/airflow/dags/env/Scripts/pyrsa-decrypt.exe for tasks to queue
[2025-03-31T09:24:06.611+0000] {logging_mixin.py:190} INFO - [2025-03-31T09:24:06.610+0000] {dagbag.py:588} INFO - Filling up the DagBag from /opt/airflow/dags/env/Scripts/pyrsa-decrypt.exe
[2025-03-31T09:24:06.629+0000] {logging_mixin.py:190} INFO - [2025-03-31T09:24:06.629+0000] {dagbag.py:435} INFO - File /opt/airflow/dags/env/Scripts/pyrsa-decrypt.exe:__main__.py assumed to contain no DAGs. Skipping.
[2025-03-31T09:24:06.631+0000] {processor.py:927} WARNING - No viable dags retrieved from /opt/airflow/dags/env/Scripts/pyrsa-decrypt.exe
[2025-03-31T09:24:06.666+0000] {processor.py:208} INFO - Processing /opt/airflow/dags/env/Scripts/pyrsa-decrypt.exe took 0.072 seconds
[2025-03-31T09:24:37.148+0000] {processor.py:186} INFO - Started process (PID=9012) to work on /opt/airflow/dags/env/Scripts/pyrsa-decrypt.exe
[2025-03-31T09:24:37.150+0000] {processor.py:914} INFO - Processing file /opt/airflow/dags/env/Scripts/pyrsa-decrypt.exe for tasks to queue
[2025-03-31T09:24:37.155+0000] {logging_mixin.py:190} INFO - [2025-03-31T09:24:37.154+0000] {dagbag.py:588} INFO - Filling up the DagBag from /opt/airflow/dags/env/Scripts/pyrsa-decrypt.exe
[2025-03-31T09:24:37.169+0000] {logging_mixin.py:190} INFO - [2025-03-31T09:24:37.169+0000] {dagbag.py:435} INFO - File /opt/airflow/dags/env/Scripts/pyrsa-decrypt.exe:__main__.py assumed to contain no DAGs. Skipping.
[2025-03-31T09:24:37.171+0000] {processor.py:927} WARNING - No viable dags retrieved from /opt/airflow/dags/env/Scripts/pyrsa-decrypt.exe
[2025-03-31T09:24:37.202+0000] {processor.py:208} INFO - Processing /opt/airflow/dags/env/Scripts/pyrsa-decrypt.exe took 0.065 seconds
[2025-03-31T09:27:24.648+0000] {processor.py:186} INFO - Started process (PID=9030) to work on /opt/airflow/dags/env/Scripts/pyrsa-decrypt.exe
[2025-03-31T09:27:24.649+0000] {processor.py:914} INFO - Processing file /opt/airflow/dags/env/Scripts/pyrsa-decrypt.exe for tasks to queue
[2025-03-31T09:27:24.654+0000] {logging_mixin.py:190} INFO - [2025-03-31T09:27:24.653+0000] {dagbag.py:588} INFO - Filling up the DagBag from /opt/airflow/dags/env/Scripts/pyrsa-decrypt.exe
[2025-03-31T09:27:24.668+0000] {logging_mixin.py:190} INFO - [2025-03-31T09:27:24.667+0000] {dagbag.py:435} INFO - File /opt/airflow/dags/env/Scripts/pyrsa-decrypt.exe:__main__.py assumed to contain no DAGs. Skipping.
[2025-03-31T09:27:24.669+0000] {processor.py:927} WARNING - No viable dags retrieved from /opt/airflow/dags/env/Scripts/pyrsa-decrypt.exe
[2025-03-31T09:27:24.697+0000] {processor.py:208} INFO - Processing /opt/airflow/dags/env/Scripts/pyrsa-decrypt.exe took 0.060 seconds
[2025-03-31T09:27:55.814+0000] {processor.py:186} INFO - Started process (PID=9054) to work on /opt/airflow/dags/env/Scripts/pyrsa-decrypt.exe
[2025-03-31T09:27:55.816+0000] {processor.py:914} INFO - Processing file /opt/airflow/dags/env/Scripts/pyrsa-decrypt.exe for tasks to queue
[2025-03-31T09:27:55.821+0000] {logging_mixin.py:190} INFO - [2025-03-31T09:27:55.820+0000] {dagbag.py:588} INFO - Filling up the DagBag from /opt/airflow/dags/env/Scripts/pyrsa-decrypt.exe
[2025-03-31T09:27:55.836+0000] {logging_mixin.py:190} INFO - [2025-03-31T09:27:55.835+0000] {dagbag.py:435} INFO - File /opt/airflow/dags/env/Scripts/pyrsa-decrypt.exe:__main__.py assumed to contain no DAGs. Skipping.
[2025-03-31T09:27:55.837+0000] {processor.py:927} WARNING - No viable dags retrieved from /opt/airflow/dags/env/Scripts/pyrsa-decrypt.exe
[2025-03-31T09:27:55.867+0000] {processor.py:208} INFO - Processing /opt/airflow/dags/env/Scripts/pyrsa-decrypt.exe took 0.066 seconds
[2025-03-31T09:28:49.171+0000] {processor.py:186} INFO - Started process (PID=9085) to work on /opt/airflow/dags/env/Scripts/pyrsa-decrypt.exe
[2025-03-31T09:28:49.173+0000] {processor.py:914} INFO - Processing file /opt/airflow/dags/env/Scripts/pyrsa-decrypt.exe for tasks to queue
[2025-03-31T09:28:49.179+0000] {logging_mixin.py:190} INFO - [2025-03-31T09:28:49.178+0000] {dagbag.py:588} INFO - Filling up the DagBag from /opt/airflow/dags/env/Scripts/pyrsa-decrypt.exe
[2025-03-31T09:28:49.195+0000] {logging_mixin.py:190} INFO - [2025-03-31T09:28:49.194+0000] {dagbag.py:435} INFO - File /opt/airflow/dags/env/Scripts/pyrsa-decrypt.exe:__main__.py assumed to contain no DAGs. Skipping.
[2025-03-31T09:28:49.196+0000] {processor.py:927} WARNING - No viable dags retrieved from /opt/airflow/dags/env/Scripts/pyrsa-decrypt.exe
[2025-03-31T09:28:49.225+0000] {processor.py:208} INFO - Processing /opt/airflow/dags/env/Scripts/pyrsa-decrypt.exe took 0.068 seconds
[2025-03-31T09:29:19.864+0000] {processor.py:186} INFO - Started process (PID=9109) to work on /opt/airflow/dags/env/Scripts/pyrsa-decrypt.exe
[2025-03-31T09:29:19.866+0000] {processor.py:914} INFO - Processing file /opt/airflow/dags/env/Scripts/pyrsa-decrypt.exe for tasks to queue
[2025-03-31T09:29:19.871+0000] {logging_mixin.py:190} INFO - [2025-03-31T09:29:19.870+0000] {dagbag.py:588} INFO - Filling up the DagBag from /opt/airflow/dags/env/Scripts/pyrsa-decrypt.exe
[2025-03-31T09:29:19.886+0000] {logging_mixin.py:190} INFO - [2025-03-31T09:29:19.886+0000] {dagbag.py:435} INFO - File /opt/airflow/dags/env/Scripts/pyrsa-decrypt.exe:__main__.py assumed to contain no DAGs. Skipping.
[2025-03-31T09:29:19.887+0000] {processor.py:927} WARNING - No viable dags retrieved from /opt/airflow/dags/env/Scripts/pyrsa-decrypt.exe
[2025-03-31T09:29:19.915+0000] {processor.py:208} INFO - Processing /opt/airflow/dags/env/Scripts/pyrsa-decrypt.exe took 0.065 seconds
[2025-03-31T09:32:24.138+0000] {processor.py:186} INFO - Started process (PID=9141) to work on /opt/airflow/dags/env/Scripts/pyrsa-decrypt.exe
[2025-03-31T09:32:24.140+0000] {processor.py:914} INFO - Processing file /opt/airflow/dags/env/Scripts/pyrsa-decrypt.exe for tasks to queue
[2025-03-31T09:32:24.152+0000] {logging_mixin.py:190} INFO - [2025-03-31T09:32:24.151+0000] {dagbag.py:588} INFO - Filling up the DagBag from /opt/airflow/dags/env/Scripts/pyrsa-decrypt.exe
[2025-03-31T09:32:24.170+0000] {logging_mixin.py:190} INFO - [2025-03-31T09:32:24.170+0000] {dagbag.py:435} INFO - File /opt/airflow/dags/env/Scripts/pyrsa-decrypt.exe:__main__.py assumed to contain no DAGs. Skipping.
[2025-03-31T09:32:24.172+0000] {processor.py:927} WARNING - No viable dags retrieved from /opt/airflow/dags/env/Scripts/pyrsa-decrypt.exe
[2025-03-31T09:32:24.207+0000] {processor.py:208} INFO - Processing /opt/airflow/dags/env/Scripts/pyrsa-decrypt.exe took 0.087 seconds
[2025-03-31T09:32:55.195+0000] {processor.py:186} INFO - Started process (PID=9165) to work on /opt/airflow/dags/env/Scripts/pyrsa-decrypt.exe
[2025-03-31T09:32:55.197+0000] {processor.py:914} INFO - Processing file /opt/airflow/dags/env/Scripts/pyrsa-decrypt.exe for tasks to queue
[2025-03-31T09:32:55.204+0000] {logging_mixin.py:190} INFO - [2025-03-31T09:32:55.203+0000] {dagbag.py:588} INFO - Filling up the DagBag from /opt/airflow/dags/env/Scripts/pyrsa-decrypt.exe
[2025-03-31T09:32:55.227+0000] {logging_mixin.py:190} INFO - [2025-03-31T09:32:55.226+0000] {dagbag.py:435} INFO - File /opt/airflow/dags/env/Scripts/pyrsa-decrypt.exe:__main__.py assumed to contain no DAGs. Skipping.
[2025-03-31T09:32:55.229+0000] {processor.py:927} WARNING - No viable dags retrieved from /opt/airflow/dags/env/Scripts/pyrsa-decrypt.exe
[2025-03-31T09:32:55.262+0000] {processor.py:208} INFO - Processing /opt/airflow/dags/env/Scripts/pyrsa-decrypt.exe took 0.090 seconds
[2025-03-31T09:33:48.586+0000] {processor.py:186} INFO - Started process (PID=9197) to work on /opt/airflow/dags/env/Scripts/pyrsa-decrypt.exe
[2025-03-31T09:33:48.588+0000] {processor.py:914} INFO - Processing file /opt/airflow/dags/env/Scripts/pyrsa-decrypt.exe for tasks to queue
[2025-03-31T09:33:48.595+0000] {logging_mixin.py:190} INFO - [2025-03-31T09:33:48.594+0000] {dagbag.py:588} INFO - Filling up the DagBag from /opt/airflow/dags/env/Scripts/pyrsa-decrypt.exe
[2025-03-31T09:33:48.611+0000] {logging_mixin.py:190} INFO - [2025-03-31T09:33:48.610+0000] {dagbag.py:435} INFO - File /opt/airflow/dags/env/Scripts/pyrsa-decrypt.exe:__main__.py assumed to contain no DAGs. Skipping.
[2025-03-31T09:33:48.613+0000] {processor.py:927} WARNING - No viable dags retrieved from /opt/airflow/dags/env/Scripts/pyrsa-decrypt.exe
[2025-03-31T09:33:48.646+0000] {processor.py:208} INFO - Processing /opt/airflow/dags/env/Scripts/pyrsa-decrypt.exe took 0.074 seconds
[2025-03-31T09:34:19.857+0000] {processor.py:186} INFO - Started process (PID=9221) to work on /opt/airflow/dags/env/Scripts/pyrsa-decrypt.exe
[2025-03-31T09:34:19.859+0000] {processor.py:914} INFO - Processing file /opt/airflow/dags/env/Scripts/pyrsa-decrypt.exe for tasks to queue
[2025-03-31T09:34:19.864+0000] {logging_mixin.py:190} INFO - [2025-03-31T09:34:19.863+0000] {dagbag.py:588} INFO - Filling up the DagBag from /opt/airflow/dags/env/Scripts/pyrsa-decrypt.exe
[2025-03-31T09:34:19.878+0000] {logging_mixin.py:190} INFO - [2025-03-31T09:34:19.878+0000] {dagbag.py:435} INFO - File /opt/airflow/dags/env/Scripts/pyrsa-decrypt.exe:__main__.py assumed to contain no DAGs. Skipping.
[2025-03-31T09:34:19.880+0000] {processor.py:927} WARNING - No viable dags retrieved from /opt/airflow/dags/env/Scripts/pyrsa-decrypt.exe
[2025-03-31T09:34:19.909+0000] {processor.py:208} INFO - Processing /opt/airflow/dags/env/Scripts/pyrsa-decrypt.exe took 0.064 seconds
[2025-03-31T09:37:32.512+0000] {processor.py:186} INFO - Started process (PID=9254) to work on /opt/airflow/dags/env/Scripts/pyrsa-decrypt.exe
[2025-03-31T09:37:32.515+0000] {processor.py:914} INFO - Processing file /opt/airflow/dags/env/Scripts/pyrsa-decrypt.exe for tasks to queue
[2025-03-31T09:37:32.521+0000] {logging_mixin.py:190} INFO - [2025-03-31T09:37:32.520+0000] {dagbag.py:588} INFO - Filling up the DagBag from /opt/airflow/dags/env/Scripts/pyrsa-decrypt.exe
[2025-03-31T09:37:32.556+0000] {logging_mixin.py:190} INFO - [2025-03-31T09:37:32.555+0000] {dagbag.py:435} INFO - File /opt/airflow/dags/env/Scripts/pyrsa-decrypt.exe:__main__.py assumed to contain no DAGs. Skipping.
[2025-03-31T09:37:32.557+0000] {processor.py:927} WARNING - No viable dags retrieved from /opt/airflow/dags/env/Scripts/pyrsa-decrypt.exe
[2025-03-31T09:37:32.608+0000] {processor.py:208} INFO - Processing /opt/airflow/dags/env/Scripts/pyrsa-decrypt.exe took 0.111 seconds
[2025-03-31T09:38:03.432+0000] {processor.py:186} INFO - Started process (PID=9278) to work on /opt/airflow/dags/env/Scripts/pyrsa-decrypt.exe
[2025-03-31T09:38:03.434+0000] {processor.py:914} INFO - Processing file /opt/airflow/dags/env/Scripts/pyrsa-decrypt.exe for tasks to queue
[2025-03-31T09:38:03.441+0000] {logging_mixin.py:190} INFO - [2025-03-31T09:38:03.440+0000] {dagbag.py:588} INFO - Filling up the DagBag from /opt/airflow/dags/env/Scripts/pyrsa-decrypt.exe
[2025-03-31T09:38:03.459+0000] {logging_mixin.py:190} INFO - [2025-03-31T09:38:03.459+0000] {dagbag.py:435} INFO - File /opt/airflow/dags/env/Scripts/pyrsa-decrypt.exe:__main__.py assumed to contain no DAGs. Skipping.
[2025-03-31T09:38:03.461+0000] {processor.py:927} WARNING - No viable dags retrieved from /opt/airflow/dags/env/Scripts/pyrsa-decrypt.exe
[2025-03-31T09:38:03.493+0000] {processor.py:208} INFO - Processing /opt/airflow/dags/env/Scripts/pyrsa-decrypt.exe took 0.076 seconds
[2025-03-31T09:38:57.687+0000] {processor.py:186} INFO - Started process (PID=9304) to work on /opt/airflow/dags/env/Scripts/pyrsa-decrypt.exe
[2025-03-31T09:38:57.689+0000] {processor.py:914} INFO - Processing file /opt/airflow/dags/env/Scripts/pyrsa-decrypt.exe for tasks to queue
[2025-03-31T09:38:57.696+0000] {logging_mixin.py:190} INFO - [2025-03-31T09:38:57.695+0000] {dagbag.py:588} INFO - Filling up the DagBag from /opt/airflow/dags/env/Scripts/pyrsa-decrypt.exe
[2025-03-31T09:38:57.715+0000] {logging_mixin.py:190} INFO - [2025-03-31T09:38:57.714+0000] {dagbag.py:435} INFO - File /opt/airflow/dags/env/Scripts/pyrsa-decrypt.exe:__main__.py assumed to contain no DAGs. Skipping.
[2025-03-31T09:38:57.716+0000] {processor.py:927} WARNING - No viable dags retrieved from /opt/airflow/dags/env/Scripts/pyrsa-decrypt.exe
[2025-03-31T09:38:57.753+0000] {processor.py:208} INFO - Processing /opt/airflow/dags/env/Scripts/pyrsa-decrypt.exe took 0.079 seconds
[2025-03-31T09:39:28.645+0000] {processor.py:186} INFO - Started process (PID=9328) to work on /opt/airflow/dags/env/Scripts/pyrsa-decrypt.exe
[2025-03-31T09:39:28.646+0000] {processor.py:914} INFO - Processing file /opt/airflow/dags/env/Scripts/pyrsa-decrypt.exe for tasks to queue
[2025-03-31T09:39:28.652+0000] {logging_mixin.py:190} INFO - [2025-03-31T09:39:28.651+0000] {dagbag.py:588} INFO - Filling up the DagBag from /opt/airflow/dags/env/Scripts/pyrsa-decrypt.exe
[2025-03-31T09:39:28.666+0000] {logging_mixin.py:190} INFO - [2025-03-31T09:39:28.666+0000] {dagbag.py:435} INFO - File /opt/airflow/dags/env/Scripts/pyrsa-decrypt.exe:__main__.py assumed to contain no DAGs. Skipping.
[2025-03-31T09:39:28.668+0000] {processor.py:927} WARNING - No viable dags retrieved from /opt/airflow/dags/env/Scripts/pyrsa-decrypt.exe
[2025-03-31T09:39:28.697+0000] {processor.py:208} INFO - Processing /opt/airflow/dags/env/Scripts/pyrsa-decrypt.exe took 0.064 seconds
[2025-03-31T09:42:33.443+0000] {processor.py:186} INFO - Started process (PID=9355) to work on /opt/airflow/dags/env/Scripts/pyrsa-decrypt.exe
[2025-03-31T09:42:33.445+0000] {processor.py:914} INFO - Processing file /opt/airflow/dags/env/Scripts/pyrsa-decrypt.exe for tasks to queue
[2025-03-31T09:42:33.451+0000] {logging_mixin.py:190} INFO - [2025-03-31T09:42:33.450+0000] {dagbag.py:588} INFO - Filling up the DagBag from /opt/airflow/dags/env/Scripts/pyrsa-decrypt.exe
[2025-03-31T09:42:33.466+0000] {logging_mixin.py:190} INFO - [2025-03-31T09:42:33.465+0000] {dagbag.py:435} INFO - File /opt/airflow/dags/env/Scripts/pyrsa-decrypt.exe:__main__.py assumed to contain no DAGs. Skipping.
[2025-03-31T09:42:33.467+0000] {processor.py:927} WARNING - No viable dags retrieved from /opt/airflow/dags/env/Scripts/pyrsa-decrypt.exe
[2025-03-31T09:42:33.496+0000] {processor.py:208} INFO - Processing /opt/airflow/dags/env/Scripts/pyrsa-decrypt.exe took 0.063 seconds
[2025-03-31T09:43:04.854+0000] {processor.py:186} INFO - Started process (PID=9379) to work on /opt/airflow/dags/env/Scripts/pyrsa-decrypt.exe
[2025-03-31T09:43:04.856+0000] {processor.py:914} INFO - Processing file /opt/airflow/dags/env/Scripts/pyrsa-decrypt.exe for tasks to queue
[2025-03-31T09:43:04.863+0000] {logging_mixin.py:190} INFO - [2025-03-31T09:43:04.862+0000] {dagbag.py:588} INFO - Filling up the DagBag from /opt/airflow/dags/env/Scripts/pyrsa-decrypt.exe
[2025-03-31T09:43:04.879+0000] {logging_mixin.py:190} INFO - [2025-03-31T09:43:04.879+0000] {dagbag.py:435} INFO - File /opt/airflow/dags/env/Scripts/pyrsa-decrypt.exe:__main__.py assumed to contain no DAGs. Skipping.
[2025-03-31T09:43:04.881+0000] {processor.py:927} WARNING - No viable dags retrieved from /opt/airflow/dags/env/Scripts/pyrsa-decrypt.exe
[2025-03-31T09:43:04.916+0000] {processor.py:208} INFO - Processing /opt/airflow/dags/env/Scripts/pyrsa-decrypt.exe took 0.072 seconds
[2025-03-31T09:43:59.768+0000] {processor.py:186} INFO - Started process (PID=9405) to work on /opt/airflow/dags/env/Scripts/pyrsa-decrypt.exe
[2025-03-31T09:43:59.770+0000] {processor.py:914} INFO - Processing file /opt/airflow/dags/env/Scripts/pyrsa-decrypt.exe for tasks to queue
[2025-03-31T09:43:59.775+0000] {logging_mixin.py:190} INFO - [2025-03-31T09:43:59.775+0000] {dagbag.py:588} INFO - Filling up the DagBag from /opt/airflow/dags/env/Scripts/pyrsa-decrypt.exe
[2025-03-31T09:43:59.790+0000] {logging_mixin.py:190} INFO - [2025-03-31T09:43:59.789+0000] {dagbag.py:435} INFO - File /opt/airflow/dags/env/Scripts/pyrsa-decrypt.exe:__main__.py assumed to contain no DAGs. Skipping.
[2025-03-31T09:43:59.791+0000] {processor.py:927} WARNING - No viable dags retrieved from /opt/airflow/dags/env/Scripts/pyrsa-decrypt.exe
[2025-03-31T09:43:59.820+0000] {processor.py:208} INFO - Processing /opt/airflow/dags/env/Scripts/pyrsa-decrypt.exe took 0.063 seconds
[2025-03-31T09:44:30.850+0000] {processor.py:186} INFO - Started process (PID=9429) to work on /opt/airflow/dags/env/Scripts/pyrsa-decrypt.exe
[2025-03-31T09:44:30.852+0000] {processor.py:914} INFO - Processing file /opt/airflow/dags/env/Scripts/pyrsa-decrypt.exe for tasks to queue
[2025-03-31T09:44:30.857+0000] {logging_mixin.py:190} INFO - [2025-03-31T09:44:30.856+0000] {dagbag.py:588} INFO - Filling up the DagBag from /opt/airflow/dags/env/Scripts/pyrsa-decrypt.exe
[2025-03-31T09:44:30.872+0000] {logging_mixin.py:190} INFO - [2025-03-31T09:44:30.871+0000] {dagbag.py:435} INFO - File /opt/airflow/dags/env/Scripts/pyrsa-decrypt.exe:__main__.py assumed to contain no DAGs. Skipping.
[2025-03-31T09:44:30.873+0000] {processor.py:927} WARNING - No viable dags retrieved from /opt/airflow/dags/env/Scripts/pyrsa-decrypt.exe
[2025-03-31T09:44:30.903+0000] {processor.py:208} INFO - Processing /opt/airflow/dags/env/Scripts/pyrsa-decrypt.exe took 0.065 seconds
[2025-03-31T09:47:32.198+0000] {processor.py:186} INFO - Started process (PID=9455) to work on /opt/airflow/dags/env/Scripts/pyrsa-decrypt.exe
[2025-03-31T09:47:32.207+0000] {processor.py:914} INFO - Processing file /opt/airflow/dags/env/Scripts/pyrsa-decrypt.exe for tasks to queue
[2025-03-31T09:47:32.213+0000] {logging_mixin.py:190} INFO - [2025-03-31T09:47:32.212+0000] {dagbag.py:588} INFO - Filling up the DagBag from /opt/airflow/dags/env/Scripts/pyrsa-decrypt.exe
[2025-03-31T09:47:32.229+0000] {logging_mixin.py:190} INFO - [2025-03-31T09:47:32.229+0000] {dagbag.py:435} INFO - File /opt/airflow/dags/env/Scripts/pyrsa-decrypt.exe:__main__.py assumed to contain no DAGs. Skipping.
[2025-03-31T09:47:32.231+0000] {processor.py:927} WARNING - No viable dags retrieved from /opt/airflow/dags/env/Scripts/pyrsa-decrypt.exe
[2025-03-31T09:47:32.261+0000] {processor.py:208} INFO - Processing /opt/airflow/dags/env/Scripts/pyrsa-decrypt.exe took 0.093 seconds
[2025-03-31T09:48:03.073+0000] {processor.py:186} INFO - Started process (PID=9479) to work on /opt/airflow/dags/env/Scripts/pyrsa-decrypt.exe
[2025-03-31T09:48:03.074+0000] {processor.py:914} INFO - Processing file /opt/airflow/dags/env/Scripts/pyrsa-decrypt.exe for tasks to queue
[2025-03-31T09:48:03.080+0000] {logging_mixin.py:190} INFO - [2025-03-31T09:48:03.079+0000] {dagbag.py:588} INFO - Filling up the DagBag from /opt/airflow/dags/env/Scripts/pyrsa-decrypt.exe
[2025-03-31T09:48:03.094+0000] {logging_mixin.py:190} INFO - [2025-03-31T09:48:03.093+0000] {dagbag.py:435} INFO - File /opt/airflow/dags/env/Scripts/pyrsa-decrypt.exe:__main__.py assumed to contain no DAGs. Skipping.
[2025-03-31T09:48:03.095+0000] {processor.py:927} WARNING - No viable dags retrieved from /opt/airflow/dags/env/Scripts/pyrsa-decrypt.exe
[2025-03-31T09:48:03.126+0000] {processor.py:208} INFO - Processing /opt/airflow/dags/env/Scripts/pyrsa-decrypt.exe took 0.062 seconds
[2025-03-31T09:48:51.554+0000] {processor.py:186} INFO - Started process (PID=9507) to work on /opt/airflow/dags/env/Scripts/pyrsa-decrypt.exe
[2025-03-31T09:48:51.556+0000] {processor.py:914} INFO - Processing file /opt/airflow/dags/env/Scripts/pyrsa-decrypt.exe for tasks to queue
[2025-03-31T09:48:51.563+0000] {logging_mixin.py:190} INFO - [2025-03-31T09:48:51.562+0000] {dagbag.py:588} INFO - Filling up the DagBag from /opt/airflow/dags/env/Scripts/pyrsa-decrypt.exe
[2025-03-31T09:48:51.580+0000] {logging_mixin.py:190} INFO - [2025-03-31T09:48:51.580+0000] {dagbag.py:435} INFO - File /opt/airflow/dags/env/Scripts/pyrsa-decrypt.exe:__main__.py assumed to contain no DAGs. Skipping.
[2025-03-31T09:48:51.582+0000] {processor.py:927} WARNING - No viable dags retrieved from /opt/airflow/dags/env/Scripts/pyrsa-decrypt.exe
[2025-03-31T09:48:51.620+0000] {processor.py:208} INFO - Processing /opt/airflow/dags/env/Scripts/pyrsa-decrypt.exe took 0.081 seconds
[2025-03-31T09:49:22.384+0000] {processor.py:186} INFO - Started process (PID=9531) to work on /opt/airflow/dags/env/Scripts/pyrsa-decrypt.exe
[2025-03-31T09:49:22.386+0000] {processor.py:914} INFO - Processing file /opt/airflow/dags/env/Scripts/pyrsa-decrypt.exe for tasks to queue
[2025-03-31T09:49:22.391+0000] {logging_mixin.py:190} INFO - [2025-03-31T09:49:22.391+0000] {dagbag.py:588} INFO - Filling up the DagBag from /opt/airflow/dags/env/Scripts/pyrsa-decrypt.exe
[2025-03-31T09:49:22.406+0000] {logging_mixin.py:190} INFO - [2025-03-31T09:49:22.405+0000] {dagbag.py:435} INFO - File /opt/airflow/dags/env/Scripts/pyrsa-decrypt.exe:__main__.py assumed to contain no DAGs. Skipping.
[2025-03-31T09:49:22.407+0000] {processor.py:927} WARNING - No viable dags retrieved from /opt/airflow/dags/env/Scripts/pyrsa-decrypt.exe
[2025-03-31T09:49:22.440+0000] {processor.py:208} INFO - Processing /opt/airflow/dags/env/Scripts/pyrsa-decrypt.exe took 0.071 seconds
[2025-03-31T09:52:24.412+0000] {processor.py:186} INFO - Started process (PID=9563) to work on /opt/airflow/dags/env/Scripts/pyrsa-decrypt.exe
[2025-03-31T09:52:24.414+0000] {processor.py:914} INFO - Processing file /opt/airflow/dags/env/Scripts/pyrsa-decrypt.exe for tasks to queue
[2025-03-31T09:52:24.420+0000] {logging_mixin.py:190} INFO - [2025-03-31T09:52:24.419+0000] {dagbag.py:588} INFO - Filling up the DagBag from /opt/airflow/dags/env/Scripts/pyrsa-decrypt.exe
[2025-03-31T09:52:24.439+0000] {logging_mixin.py:190} INFO - [2025-03-31T09:52:24.438+0000] {dagbag.py:435} INFO - File /opt/airflow/dags/env/Scripts/pyrsa-decrypt.exe:__main__.py assumed to contain no DAGs. Skipping.
[2025-03-31T09:52:24.441+0000] {processor.py:927} WARNING - No viable dags retrieved from /opt/airflow/dags/env/Scripts/pyrsa-decrypt.exe
[2025-03-31T09:52:24.486+0000] {processor.py:208} INFO - Processing /opt/airflow/dags/env/Scripts/pyrsa-decrypt.exe took 0.090 seconds
[2025-03-31T09:52:54.934+0000] {processor.py:186} INFO - Started process (PID=9587) to work on /opt/airflow/dags/env/Scripts/pyrsa-decrypt.exe
[2025-03-31T09:52:54.936+0000] {processor.py:914} INFO - Processing file /opt/airflow/dags/env/Scripts/pyrsa-decrypt.exe for tasks to queue
[2025-03-31T09:52:54.943+0000] {logging_mixin.py:190} INFO - [2025-03-31T09:52:54.942+0000] {dagbag.py:588} INFO - Filling up the DagBag from /opt/airflow/dags/env/Scripts/pyrsa-decrypt.exe
[2025-03-31T09:52:54.960+0000] {logging_mixin.py:190} INFO - [2025-03-31T09:52:54.960+0000] {dagbag.py:435} INFO - File /opt/airflow/dags/env/Scripts/pyrsa-decrypt.exe:__main__.py assumed to contain no DAGs. Skipping.
[2025-03-31T09:52:54.962+0000] {processor.py:927} WARNING - No viable dags retrieved from /opt/airflow/dags/env/Scripts/pyrsa-decrypt.exe
[2025-03-31T09:52:55.003+0000] {processor.py:208} INFO - Processing /opt/airflow/dags/env/Scripts/pyrsa-decrypt.exe took 0.077 seconds
[2025-03-31T09:53:27.147+0000] {processor.py:186} INFO - Started process (PID=9611) to work on /opt/airflow/dags/env/Scripts/pyrsa-decrypt.exe
[2025-03-31T09:53:27.149+0000] {processor.py:914} INFO - Processing file /opt/airflow/dags/env/Scripts/pyrsa-decrypt.exe for tasks to queue
[2025-03-31T09:53:27.155+0000] {logging_mixin.py:190} INFO - [2025-03-31T09:53:27.154+0000] {dagbag.py:588} INFO - Filling up the DagBag from /opt/airflow/dags/env/Scripts/pyrsa-decrypt.exe
[2025-03-31T09:53:27.170+0000] {logging_mixin.py:190} INFO - [2025-03-31T09:53:27.170+0000] {dagbag.py:435} INFO - File /opt/airflow/dags/env/Scripts/pyrsa-decrypt.exe:__main__.py assumed to contain no DAGs. Skipping.
[2025-03-31T09:53:27.171+0000] {processor.py:927} WARNING - No viable dags retrieved from /opt/airflow/dags/env/Scripts/pyrsa-decrypt.exe
[2025-03-31T09:53:27.207+0000] {processor.py:208} INFO - Processing /opt/airflow/dags/env/Scripts/pyrsa-decrypt.exe took 0.073 seconds
[2025-03-31T09:53:49.727+0000] {processor.py:186} INFO - Started process (PID=9622) to work on /opt/airflow/dags/env/Scripts/pyrsa-decrypt.exe
[2025-03-31T09:53:49.728+0000] {processor.py:914} INFO - Processing file /opt/airflow/dags/env/Scripts/pyrsa-decrypt.exe for tasks to queue
[2025-03-31T09:53:49.733+0000] {logging_mixin.py:190} INFO - [2025-03-31T09:53:49.732+0000] {dagbag.py:588} INFO - Filling up the DagBag from /opt/airflow/dags/env/Scripts/pyrsa-decrypt.exe
[2025-03-31T09:53:49.748+0000] {logging_mixin.py:190} INFO - [2025-03-31T09:53:49.748+0000] {dagbag.py:435} INFO - File /opt/airflow/dags/env/Scripts/pyrsa-decrypt.exe:__main__.py assumed to contain no DAGs. Skipping.
[2025-03-31T09:53:49.750+0000] {processor.py:927} WARNING - No viable dags retrieved from /opt/airflow/dags/env/Scripts/pyrsa-decrypt.exe
[2025-03-31T09:53:49.779+0000] {processor.py:208} INFO - Processing /opt/airflow/dags/env/Scripts/pyrsa-decrypt.exe took 0.063 seconds
[2025-03-31T09:54:20.551+0000] {processor.py:186} INFO - Started process (PID=9646) to work on /opt/airflow/dags/env/Scripts/pyrsa-decrypt.exe
[2025-03-31T09:54:20.553+0000] {processor.py:914} INFO - Processing file /opt/airflow/dags/env/Scripts/pyrsa-decrypt.exe for tasks to queue
[2025-03-31T09:54:20.558+0000] {logging_mixin.py:190} INFO - [2025-03-31T09:54:20.557+0000] {dagbag.py:588} INFO - Filling up the DagBag from /opt/airflow/dags/env/Scripts/pyrsa-decrypt.exe
[2025-03-31T09:54:20.572+0000] {logging_mixin.py:190} INFO - [2025-03-31T09:54:20.571+0000] {dagbag.py:435} INFO - File /opt/airflow/dags/env/Scripts/pyrsa-decrypt.exe:__main__.py assumed to contain no DAGs. Skipping.
[2025-03-31T09:54:20.573+0000] {processor.py:927} WARNING - No viable dags retrieved from /opt/airflow/dags/env/Scripts/pyrsa-decrypt.exe
[2025-03-31T09:54:20.605+0000] {processor.py:208} INFO - Processing /opt/airflow/dags/env/Scripts/pyrsa-decrypt.exe took 0.062 seconds
[2025-03-31T09:54:51.295+0000] {processor.py:186} INFO - Started process (PID=9670) to work on /opt/airflow/dags/env/Scripts/pyrsa-decrypt.exe
[2025-03-31T09:54:51.297+0000] {processor.py:914} INFO - Processing file /opt/airflow/dags/env/Scripts/pyrsa-decrypt.exe for tasks to queue
[2025-03-31T09:54:51.302+0000] {logging_mixin.py:190} INFO - [2025-03-31T09:54:51.302+0000] {dagbag.py:588} INFO - Filling up the DagBag from /opt/airflow/dags/env/Scripts/pyrsa-decrypt.exe
[2025-03-31T09:54:51.316+0000] {logging_mixin.py:190} INFO - [2025-03-31T09:54:51.316+0000] {dagbag.py:435} INFO - File /opt/airflow/dags/env/Scripts/pyrsa-decrypt.exe:__main__.py assumed to contain no DAGs. Skipping.
[2025-03-31T09:54:51.318+0000] {processor.py:927} WARNING - No viable dags retrieved from /opt/airflow/dags/env/Scripts/pyrsa-decrypt.exe
[2025-03-31T09:54:51.347+0000] {processor.py:208} INFO - Processing /opt/airflow/dags/env/Scripts/pyrsa-decrypt.exe took 0.062 seconds
[2025-03-31T09:57:27.252+0000] {processor.py:186} INFO - Started process (PID=9681) to work on /opt/airflow/dags/env/Scripts/pyrsa-decrypt.exe
[2025-03-31T09:57:27.254+0000] {processor.py:914} INFO - Processing file /opt/airflow/dags/env/Scripts/pyrsa-decrypt.exe for tasks to queue
[2025-03-31T09:57:27.259+0000] {logging_mixin.py:190} INFO - [2025-03-31T09:57:27.258+0000] {dagbag.py:588} INFO - Filling up the DagBag from /opt/airflow/dags/env/Scripts/pyrsa-decrypt.exe
[2025-03-31T09:57:27.272+0000] {logging_mixin.py:190} INFO - [2025-03-31T09:57:27.272+0000] {dagbag.py:435} INFO - File /opt/airflow/dags/env/Scripts/pyrsa-decrypt.exe:__main__.py assumed to contain no DAGs. Skipping.
[2025-03-31T09:57:27.273+0000] {processor.py:927} WARNING - No viable dags retrieved from /opt/airflow/dags/env/Scripts/pyrsa-decrypt.exe
[2025-03-31T09:57:27.302+0000] {processor.py:208} INFO - Processing /opt/airflow/dags/env/Scripts/pyrsa-decrypt.exe took 0.060 seconds
[2025-03-31T09:57:59.118+0000] {processor.py:186} INFO - Started process (PID=9705) to work on /opt/airflow/dags/env/Scripts/pyrsa-decrypt.exe
[2025-03-31T09:57:59.120+0000] {processor.py:914} INFO - Processing file /opt/airflow/dags/env/Scripts/pyrsa-decrypt.exe for tasks to queue
[2025-03-31T09:57:59.124+0000] {logging_mixin.py:190} INFO - [2025-03-31T09:57:59.124+0000] {dagbag.py:588} INFO - Filling up the DagBag from /opt/airflow/dags/env/Scripts/pyrsa-decrypt.exe
[2025-03-31T09:57:59.139+0000] {logging_mixin.py:190} INFO - [2025-03-31T09:57:59.138+0000] {dagbag.py:435} INFO - File /opt/airflow/dags/env/Scripts/pyrsa-decrypt.exe:__main__.py assumed to contain no DAGs. Skipping.
[2025-03-31T09:57:59.140+0000] {processor.py:927} WARNING - No viable dags retrieved from /opt/airflow/dags/env/Scripts/pyrsa-decrypt.exe
[2025-03-31T09:57:59.169+0000] {processor.py:208} INFO - Processing /opt/airflow/dags/env/Scripts/pyrsa-decrypt.exe took 0.062 seconds
[2025-03-31T09:58:49.818+0000] {processor.py:186} INFO - Started process (PID=9738) to work on /opt/airflow/dags/env/Scripts/pyrsa-decrypt.exe
[2025-03-31T09:58:49.819+0000] {processor.py:914} INFO - Processing file /opt/airflow/dags/env/Scripts/pyrsa-decrypt.exe for tasks to queue
[2025-03-31T09:58:49.825+0000] {logging_mixin.py:190} INFO - [2025-03-31T09:58:49.824+0000] {dagbag.py:588} INFO - Filling up the DagBag from /opt/airflow/dags/env/Scripts/pyrsa-decrypt.exe
[2025-03-31T09:58:49.839+0000] {logging_mixin.py:190} INFO - [2025-03-31T09:58:49.839+0000] {dagbag.py:435} INFO - File /opt/airflow/dags/env/Scripts/pyrsa-decrypt.exe:__main__.py assumed to contain no DAGs. Skipping.
[2025-03-31T09:58:49.841+0000] {processor.py:927} WARNING - No viable dags retrieved from /opt/airflow/dags/env/Scripts/pyrsa-decrypt.exe
[2025-03-31T09:58:49.871+0000] {processor.py:208} INFO - Processing /opt/airflow/dags/env/Scripts/pyrsa-decrypt.exe took 0.064 seconds
[2025-03-31T09:59:20.564+0000] {processor.py:186} INFO - Started process (PID=9762) to work on /opt/airflow/dags/env/Scripts/pyrsa-decrypt.exe
[2025-03-31T09:59:20.565+0000] {processor.py:914} INFO - Processing file /opt/airflow/dags/env/Scripts/pyrsa-decrypt.exe for tasks to queue
[2025-03-31T09:59:20.572+0000] {logging_mixin.py:190} INFO - [2025-03-31T09:59:20.571+0000] {dagbag.py:588} INFO - Filling up the DagBag from /opt/airflow/dags/env/Scripts/pyrsa-decrypt.exe
[2025-03-31T09:59:20.589+0000] {logging_mixin.py:190} INFO - [2025-03-31T09:59:20.589+0000] {dagbag.py:435} INFO - File /opt/airflow/dags/env/Scripts/pyrsa-decrypt.exe:__main__.py assumed to contain no DAGs. Skipping.
[2025-03-31T09:59:20.591+0000] {processor.py:927} WARNING - No viable dags retrieved from /opt/airflow/dags/env/Scripts/pyrsa-decrypt.exe
[2025-03-31T09:59:20.625+0000] {processor.py:208} INFO - Processing /opt/airflow/dags/env/Scripts/pyrsa-decrypt.exe took 0.074 seconds
[2025-03-31T09:59:51.202+0000] {processor.py:186} INFO - Started process (PID=9786) to work on /opt/airflow/dags/env/Scripts/pyrsa-decrypt.exe
[2025-03-31T09:59:51.203+0000] {processor.py:914} INFO - Processing file /opt/airflow/dags/env/Scripts/pyrsa-decrypt.exe for tasks to queue
[2025-03-31T09:59:51.209+0000] {logging_mixin.py:190} INFO - [2025-03-31T09:59:51.208+0000] {dagbag.py:588} INFO - Filling up the DagBag from /opt/airflow/dags/env/Scripts/pyrsa-decrypt.exe
[2025-03-31T09:59:51.223+0000] {logging_mixin.py:190} INFO - [2025-03-31T09:59:51.222+0000] {dagbag.py:435} INFO - File /opt/airflow/dags/env/Scripts/pyrsa-decrypt.exe:__main__.py assumed to contain no DAGs. Skipping.
[2025-03-31T09:59:51.224+0000] {processor.py:927} WARNING - No viable dags retrieved from /opt/airflow/dags/env/Scripts/pyrsa-decrypt.exe
[2025-03-31T09:59:51.255+0000] {processor.py:208} INFO - Processing /opt/airflow/dags/env/Scripts/pyrsa-decrypt.exe took 0.064 seconds
[2025-03-31T10:02:28.820+0000] {processor.py:186} INFO - Started process (PID=9797) to work on /opt/airflow/dags/env/Scripts/pyrsa-decrypt.exe
[2025-03-31T10:02:28.822+0000] {processor.py:914} INFO - Processing file /opt/airflow/dags/env/Scripts/pyrsa-decrypt.exe for tasks to queue
[2025-03-31T10:02:28.827+0000] {logging_mixin.py:190} INFO - [2025-03-31T10:02:28.827+0000] {dagbag.py:588} INFO - Filling up the DagBag from /opt/airflow/dags/env/Scripts/pyrsa-decrypt.exe
[2025-03-31T10:02:28.847+0000] {logging_mixin.py:190} INFO - [2025-03-31T10:02:28.847+0000] {dagbag.py:435} INFO - File /opt/airflow/dags/env/Scripts/pyrsa-decrypt.exe:__main__.py assumed to contain no DAGs. Skipping.
[2025-03-31T10:02:28.848+0000] {processor.py:927} WARNING - No viable dags retrieved from /opt/airflow/dags/env/Scripts/pyrsa-decrypt.exe
[2025-03-31T10:02:28.878+0000] {processor.py:208} INFO - Processing /opt/airflow/dags/env/Scripts/pyrsa-decrypt.exe took 0.068 seconds
[2025-03-31T10:02:59.141+0000] {processor.py:186} INFO - Started process (PID=9821) to work on /opt/airflow/dags/env/Scripts/pyrsa-decrypt.exe
[2025-03-31T10:02:59.143+0000] {processor.py:914} INFO - Processing file /opt/airflow/dags/env/Scripts/pyrsa-decrypt.exe for tasks to queue
[2025-03-31T10:02:59.150+0000] {logging_mixin.py:190} INFO - [2025-03-31T10:02:59.149+0000] {dagbag.py:588} INFO - Filling up the DagBag from /opt/airflow/dags/env/Scripts/pyrsa-decrypt.exe
[2025-03-31T10:02:59.167+0000] {logging_mixin.py:190} INFO - [2025-03-31T10:02:59.166+0000] {dagbag.py:435} INFO - File /opt/airflow/dags/env/Scripts/pyrsa-decrypt.exe:__main__.py assumed to contain no DAGs. Skipping.
[2025-03-31T10:02:59.168+0000] {processor.py:927} WARNING - No viable dags retrieved from /opt/airflow/dags/env/Scripts/pyrsa-decrypt.exe
[2025-03-31T10:02:59.213+0000] {processor.py:208} INFO - Processing /opt/airflow/dags/env/Scripts/pyrsa-decrypt.exe took 0.086 seconds
[2025-03-31T10:03:50.855+0000] {processor.py:186} INFO - Started process (PID=9854) to work on /opt/airflow/dags/env/Scripts/pyrsa-decrypt.exe
[2025-03-31T10:03:50.857+0000] {processor.py:914} INFO - Processing file /opt/airflow/dags/env/Scripts/pyrsa-decrypt.exe for tasks to queue
[2025-03-31T10:03:50.863+0000] {logging_mixin.py:190} INFO - [2025-03-31T10:03:50.862+0000] {dagbag.py:588} INFO - Filling up the DagBag from /opt/airflow/dags/env/Scripts/pyrsa-decrypt.exe
[2025-03-31T10:03:50.877+0000] {logging_mixin.py:190} INFO - [2025-03-31T10:03:50.877+0000] {dagbag.py:435} INFO - File /opt/airflow/dags/env/Scripts/pyrsa-decrypt.exe:__main__.py assumed to contain no DAGs. Skipping.
[2025-03-31T10:03:50.878+0000] {processor.py:927} WARNING - No viable dags retrieved from /opt/airflow/dags/env/Scripts/pyrsa-decrypt.exe
[2025-03-31T10:03:50.907+0000] {processor.py:208} INFO - Processing /opt/airflow/dags/env/Scripts/pyrsa-decrypt.exe took 0.066 seconds
[2025-03-31T10:04:23.056+0000] {processor.py:186} INFO - Started process (PID=9878) to work on /opt/airflow/dags/env/Scripts/pyrsa-decrypt.exe
[2025-03-31T10:04:23.061+0000] {processor.py:914} INFO - Processing file /opt/airflow/dags/env/Scripts/pyrsa-decrypt.exe for tasks to queue
[2025-03-31T10:04:23.069+0000] {logging_mixin.py:190} INFO - [2025-03-31T10:04:23.068+0000] {dagbag.py:588} INFO - Filling up the DagBag from /opt/airflow/dags/env/Scripts/pyrsa-decrypt.exe
[2025-03-31T10:04:23.087+0000] {logging_mixin.py:190} INFO - [2025-03-31T10:04:23.086+0000] {dagbag.py:435} INFO - File /opt/airflow/dags/env/Scripts/pyrsa-decrypt.exe:__main__.py assumed to contain no DAGs. Skipping.
[2025-03-31T10:04:23.088+0000] {processor.py:927} WARNING - No viable dags retrieved from /opt/airflow/dags/env/Scripts/pyrsa-decrypt.exe
[2025-03-31T10:04:23.125+0000] {processor.py:208} INFO - Processing /opt/airflow/dags/env/Scripts/pyrsa-decrypt.exe took 0.086 seconds
[2025-03-31T10:07:34.596+0000] {processor.py:186} INFO - Started process (PID=9912) to work on /opt/airflow/dags/env/Scripts/pyrsa-decrypt.exe
[2025-03-31T10:07:34.598+0000] {processor.py:914} INFO - Processing file /opt/airflow/dags/env/Scripts/pyrsa-decrypt.exe for tasks to queue
[2025-03-31T10:07:34.605+0000] {logging_mixin.py:190} INFO - [2025-03-31T10:07:34.604+0000] {dagbag.py:588} INFO - Filling up the DagBag from /opt/airflow/dags/env/Scripts/pyrsa-decrypt.exe
[2025-03-31T10:07:34.620+0000] {logging_mixin.py:190} INFO - [2025-03-31T10:07:34.619+0000] {dagbag.py:435} INFO - File /opt/airflow/dags/env/Scripts/pyrsa-decrypt.exe:__main__.py assumed to contain no DAGs. Skipping.
[2025-03-31T10:07:34.621+0000] {processor.py:927} WARNING - No viable dags retrieved from /opt/airflow/dags/env/Scripts/pyrsa-decrypt.exe
[2025-03-31T10:07:34.653+0000] {processor.py:208} INFO - Processing /opt/airflow/dags/env/Scripts/pyrsa-decrypt.exe took 0.071 seconds
[2025-03-31T10:08:05.560+0000] {processor.py:186} INFO - Started process (PID=9936) to work on /opt/airflow/dags/env/Scripts/pyrsa-decrypt.exe
[2025-03-31T10:08:05.565+0000] {processor.py:914} INFO - Processing file /opt/airflow/dags/env/Scripts/pyrsa-decrypt.exe for tasks to queue
[2025-03-31T10:08:05.573+0000] {logging_mixin.py:190} INFO - [2025-03-31T10:08:05.572+0000] {dagbag.py:588} INFO - Filling up the DagBag from /opt/airflow/dags/env/Scripts/pyrsa-decrypt.exe
[2025-03-31T10:08:05.606+0000] {logging_mixin.py:190} INFO - [2025-03-31T10:08:05.606+0000] {dagbag.py:435} INFO - File /opt/airflow/dags/env/Scripts/pyrsa-decrypt.exe:__main__.py assumed to contain no DAGs. Skipping.
[2025-03-31T10:08:05.608+0000] {processor.py:927} WARNING - No viable dags retrieved from /opt/airflow/dags/env/Scripts/pyrsa-decrypt.exe
[2025-03-31T10:08:05.665+0000] {processor.py:208} INFO - Processing /opt/airflow/dags/env/Scripts/pyrsa-decrypt.exe took 0.126 seconds
[2025-03-31T10:08:52.822+0000] {processor.py:186} INFO - Started process (PID=9965) to work on /opt/airflow/dags/env/Scripts/pyrsa-decrypt.exe
[2025-03-31T10:08:52.824+0000] {processor.py:914} INFO - Processing file /opt/airflow/dags/env/Scripts/pyrsa-decrypt.exe for tasks to queue
[2025-03-31T10:08:52.829+0000] {logging_mixin.py:190} INFO - [2025-03-31T10:08:52.828+0000] {dagbag.py:588} INFO - Filling up the DagBag from /opt/airflow/dags/env/Scripts/pyrsa-decrypt.exe
[2025-03-31T10:08:52.843+0000] {logging_mixin.py:190} INFO - [2025-03-31T10:08:52.842+0000] {dagbag.py:435} INFO - File /opt/airflow/dags/env/Scripts/pyrsa-decrypt.exe:__main__.py assumed to contain no DAGs. Skipping.
[2025-03-31T10:08:52.844+0000] {processor.py:927} WARNING - No viable dags retrieved from /opt/airflow/dags/env/Scripts/pyrsa-decrypt.exe
[2025-03-31T10:08:52.867+0000] {processor.py:208} INFO - Processing /opt/airflow/dags/env/Scripts/pyrsa-decrypt.exe took 0.057 seconds
[2025-03-31T10:09:23.972+0000] {processor.py:186} INFO - Started process (PID=9989) to work on /opt/airflow/dags/env/Scripts/pyrsa-decrypt.exe
[2025-03-31T10:09:23.973+0000] {processor.py:914} INFO - Processing file /opt/airflow/dags/env/Scripts/pyrsa-decrypt.exe for tasks to queue
[2025-03-31T10:09:23.979+0000] {logging_mixin.py:190} INFO - [2025-03-31T10:09:23.978+0000] {dagbag.py:588} INFO - Filling up the DagBag from /opt/airflow/dags/env/Scripts/pyrsa-decrypt.exe
[2025-03-31T10:09:23.993+0000] {logging_mixin.py:190} INFO - [2025-03-31T10:09:23.992+0000] {dagbag.py:435} INFO - File /opt/airflow/dags/env/Scripts/pyrsa-decrypt.exe:__main__.py assumed to contain no DAGs. Skipping.
[2025-03-31T10:09:23.994+0000] {processor.py:927} WARNING - No viable dags retrieved from /opt/airflow/dags/env/Scripts/pyrsa-decrypt.exe
[2025-03-31T10:09:24.023+0000] {processor.py:208} INFO - Processing /opt/airflow/dags/env/Scripts/pyrsa-decrypt.exe took 0.062 seconds
[2025-03-31T10:12:28.234+0000] {processor.py:186} INFO - Started process (PID=10023) to work on /opt/airflow/dags/env/Scripts/pyrsa-decrypt.exe
[2025-03-31T10:12:28.236+0000] {processor.py:914} INFO - Processing file /opt/airflow/dags/env/Scripts/pyrsa-decrypt.exe for tasks to queue
[2025-03-31T10:12:28.242+0000] {logging_mixin.py:190} INFO - [2025-03-31T10:12:28.241+0000] {dagbag.py:588} INFO - Filling up the DagBag from /opt/airflow/dags/env/Scripts/pyrsa-decrypt.exe
[2025-03-31T10:12:28.255+0000] {logging_mixin.py:190} INFO - [2025-03-31T10:12:28.254+0000] {dagbag.py:435} INFO - File /opt/airflow/dags/env/Scripts/pyrsa-decrypt.exe:__main__.py assumed to contain no DAGs. Skipping.
[2025-03-31T10:12:28.256+0000] {processor.py:927} WARNING - No viable dags retrieved from /opt/airflow/dags/env/Scripts/pyrsa-decrypt.exe
[2025-03-31T10:12:28.289+0000] {processor.py:208} INFO - Processing /opt/airflow/dags/env/Scripts/pyrsa-decrypt.exe took 0.063 seconds
[2025-03-31T10:12:59.137+0000] {processor.py:186} INFO - Started process (PID=10047) to work on /opt/airflow/dags/env/Scripts/pyrsa-decrypt.exe
[2025-03-31T10:12:59.139+0000] {processor.py:914} INFO - Processing file /opt/airflow/dags/env/Scripts/pyrsa-decrypt.exe for tasks to queue
[2025-03-31T10:12:59.144+0000] {logging_mixin.py:190} INFO - [2025-03-31T10:12:59.144+0000] {dagbag.py:588} INFO - Filling up the DagBag from /opt/airflow/dags/env/Scripts/pyrsa-decrypt.exe
[2025-03-31T10:12:59.158+0000] {logging_mixin.py:190} INFO - [2025-03-31T10:12:59.157+0000] {dagbag.py:435} INFO - File /opt/airflow/dags/env/Scripts/pyrsa-decrypt.exe:__main__.py assumed to contain no DAGs. Skipping.
[2025-03-31T10:12:59.159+0000] {processor.py:927} WARNING - No viable dags retrieved from /opt/airflow/dags/env/Scripts/pyrsa-decrypt.exe
[2025-03-31T10:12:59.188+0000] {processor.py:208} INFO - Processing /opt/airflow/dags/env/Scripts/pyrsa-decrypt.exe took 0.062 seconds
[2025-03-31T10:13:29.666+0000] {processor.py:186} INFO - Started process (PID=10071) to work on /opt/airflow/dags/env/Scripts/pyrsa-decrypt.exe
[2025-03-31T10:13:29.668+0000] {processor.py:914} INFO - Processing file /opt/airflow/dags/env/Scripts/pyrsa-decrypt.exe for tasks to queue
[2025-03-31T10:13:29.674+0000] {logging_mixin.py:190} INFO - [2025-03-31T10:13:29.673+0000] {dagbag.py:588} INFO - Filling up the DagBag from /opt/airflow/dags/env/Scripts/pyrsa-decrypt.exe
[2025-03-31T10:13:29.689+0000] {logging_mixin.py:190} INFO - [2025-03-31T10:13:29.688+0000] {dagbag.py:435} INFO - File /opt/airflow/dags/env/Scripts/pyrsa-decrypt.exe:__main__.py assumed to contain no DAGs. Skipping.
[2025-03-31T10:13:29.690+0000] {processor.py:927} WARNING - No viable dags retrieved from /opt/airflow/dags/env/Scripts/pyrsa-decrypt.exe
[2025-03-31T10:13:29.719+0000] {processor.py:208} INFO - Processing /opt/airflow/dags/env/Scripts/pyrsa-decrypt.exe took 0.067 seconds
[2025-03-31T10:13:52.604+0000] {processor.py:186} INFO - Started process (PID=10082) to work on /opt/airflow/dags/env/Scripts/pyrsa-decrypt.exe
[2025-03-31T10:13:52.606+0000] {processor.py:914} INFO - Processing file /opt/airflow/dags/env/Scripts/pyrsa-decrypt.exe for tasks to queue
[2025-03-31T10:13:52.612+0000] {logging_mixin.py:190} INFO - [2025-03-31T10:13:52.611+0000] {dagbag.py:588} INFO - Filling up the DagBag from /opt/airflow/dags/env/Scripts/pyrsa-decrypt.exe
[2025-03-31T10:13:52.626+0000] {logging_mixin.py:190} INFO - [2025-03-31T10:13:52.625+0000] {dagbag.py:435} INFO - File /opt/airflow/dags/env/Scripts/pyrsa-decrypt.exe:__main__.py assumed to contain no DAGs. Skipping.
[2025-03-31T10:13:52.627+0000] {processor.py:927} WARNING - No viable dags retrieved from /opt/airflow/dags/env/Scripts/pyrsa-decrypt.exe
[2025-03-31T10:13:52.660+0000] {processor.py:208} INFO - Processing /opt/airflow/dags/env/Scripts/pyrsa-decrypt.exe took 0.064 seconds
[2025-03-31T10:14:24.388+0000] {processor.py:186} INFO - Started process (PID=10106) to work on /opt/airflow/dags/env/Scripts/pyrsa-decrypt.exe
[2025-03-31T10:14:24.391+0000] {processor.py:914} INFO - Processing file /opt/airflow/dags/env/Scripts/pyrsa-decrypt.exe for tasks to queue
[2025-03-31T10:14:24.400+0000] {logging_mixin.py:190} INFO - [2025-03-31T10:14:24.399+0000] {dagbag.py:588} INFO - Filling up the DagBag from /opt/airflow/dags/env/Scripts/pyrsa-decrypt.exe
[2025-03-31T10:14:24.418+0000] {logging_mixin.py:190} INFO - [2025-03-31T10:14:24.418+0000] {dagbag.py:435} INFO - File /opt/airflow/dags/env/Scripts/pyrsa-decrypt.exe:__main__.py assumed to contain no DAGs. Skipping.
[2025-03-31T10:14:24.420+0000] {processor.py:927} WARNING - No viable dags retrieved from /opt/airflow/dags/env/Scripts/pyrsa-decrypt.exe
[2025-03-31T10:14:24.457+0000] {processor.py:208} INFO - Processing /opt/airflow/dags/env/Scripts/pyrsa-decrypt.exe took 0.087 seconds
[2025-03-31T10:17:34.635+0000] {processor.py:186} INFO - Started process (PID=10140) to work on /opt/airflow/dags/env/Scripts/pyrsa-decrypt.exe
[2025-03-31T10:17:34.637+0000] {processor.py:914} INFO - Processing file /opt/airflow/dags/env/Scripts/pyrsa-decrypt.exe for tasks to queue
[2025-03-31T10:17:34.644+0000] {logging_mixin.py:190} INFO - [2025-03-31T10:17:34.643+0000] {dagbag.py:588} INFO - Filling up the DagBag from /opt/airflow/dags/env/Scripts/pyrsa-decrypt.exe
[2025-03-31T10:17:34.663+0000] {logging_mixin.py:190} INFO - [2025-03-31T10:17:34.663+0000] {dagbag.py:435} INFO - File /opt/airflow/dags/env/Scripts/pyrsa-decrypt.exe:__main__.py assumed to contain no DAGs. Skipping.
[2025-03-31T10:17:34.664+0000] {processor.py:927} WARNING - No viable dags retrieved from /opt/airflow/dags/env/Scripts/pyrsa-decrypt.exe
[2025-03-31T10:17:34.707+0000] {processor.py:208} INFO - Processing /opt/airflow/dags/env/Scripts/pyrsa-decrypt.exe took 0.083 seconds
[2025-03-31T10:18:05.510+0000] {processor.py:186} INFO - Started process (PID=10164) to work on /opt/airflow/dags/env/Scripts/pyrsa-decrypt.exe
[2025-03-31T10:18:05.512+0000] {processor.py:914} INFO - Processing file /opt/airflow/dags/env/Scripts/pyrsa-decrypt.exe for tasks to queue
[2025-03-31T10:18:05.518+0000] {logging_mixin.py:190} INFO - [2025-03-31T10:18:05.518+0000] {dagbag.py:588} INFO - Filling up the DagBag from /opt/airflow/dags/env/Scripts/pyrsa-decrypt.exe
[2025-03-31T10:18:05.538+0000] {logging_mixin.py:190} INFO - [2025-03-31T10:18:05.537+0000] {dagbag.py:435} INFO - File /opt/airflow/dags/env/Scripts/pyrsa-decrypt.exe:__main__.py assumed to contain no DAGs. Skipping.
[2025-03-31T10:18:05.539+0000] {processor.py:927} WARNING - No viable dags retrieved from /opt/airflow/dags/env/Scripts/pyrsa-decrypt.exe
[2025-03-31T10:18:05.581+0000] {processor.py:208} INFO - Processing /opt/airflow/dags/env/Scripts/pyrsa-decrypt.exe took 0.087 seconds
[2025-03-31T10:18:54.883+0000] {processor.py:186} INFO - Started process (PID=10193) to work on /opt/airflow/dags/env/Scripts/pyrsa-decrypt.exe
[2025-03-31T10:18:54.885+0000] {processor.py:914} INFO - Processing file /opt/airflow/dags/env/Scripts/pyrsa-decrypt.exe for tasks to queue
[2025-03-31T10:18:54.891+0000] {logging_mixin.py:190} INFO - [2025-03-31T10:18:54.890+0000] {dagbag.py:588} INFO - Filling up the DagBag from /opt/airflow/dags/env/Scripts/pyrsa-decrypt.exe
[2025-03-31T10:18:54.905+0000] {logging_mixin.py:190} INFO - [2025-03-31T10:18:54.905+0000] {dagbag.py:435} INFO - File /opt/airflow/dags/env/Scripts/pyrsa-decrypt.exe:__main__.py assumed to contain no DAGs. Skipping.
[2025-03-31T10:18:54.906+0000] {processor.py:927} WARNING - No viable dags retrieved from /opt/airflow/dags/env/Scripts/pyrsa-decrypt.exe
[2025-03-31T10:18:54.937+0000] {processor.py:208} INFO - Processing /opt/airflow/dags/env/Scripts/pyrsa-decrypt.exe took 0.068 seconds
[2025-03-31T10:19:25.552+0000] {processor.py:186} INFO - Started process (PID=10217) to work on /opt/airflow/dags/env/Scripts/pyrsa-decrypt.exe
[2025-03-31T10:19:25.554+0000] {processor.py:914} INFO - Processing file /opt/airflow/dags/env/Scripts/pyrsa-decrypt.exe for tasks to queue
[2025-03-31T10:19:25.560+0000] {logging_mixin.py:190} INFO - [2025-03-31T10:19:25.559+0000] {dagbag.py:588} INFO - Filling up the DagBag from /opt/airflow/dags/env/Scripts/pyrsa-decrypt.exe
[2025-03-31T10:19:25.577+0000] {logging_mixin.py:190} INFO - [2025-03-31T10:19:25.577+0000] {dagbag.py:435} INFO - File /opt/airflow/dags/env/Scripts/pyrsa-decrypt.exe:__main__.py assumed to contain no DAGs. Skipping.
[2025-03-31T10:19:25.579+0000] {processor.py:927} WARNING - No viable dags retrieved from /opt/airflow/dags/env/Scripts/pyrsa-decrypt.exe
[2025-03-31T10:19:25.613+0000] {processor.py:208} INFO - Processing /opt/airflow/dags/env/Scripts/pyrsa-decrypt.exe took 0.074 seconds
[2025-03-31T10:43:23.182+0000] {processor.py:186} INFO - Started process (PID=10252) to work on /opt/airflow/dags/env/Scripts/pyrsa-decrypt.exe
[2025-03-31T10:43:23.184+0000] {processor.py:914} INFO - Processing file /opt/airflow/dags/env/Scripts/pyrsa-decrypt.exe for tasks to queue
[2025-03-31T10:43:23.190+0000] {logging_mixin.py:190} INFO - [2025-03-31T10:43:23.189+0000] {dagbag.py:588} INFO - Filling up the DagBag from /opt/airflow/dags/env/Scripts/pyrsa-decrypt.exe
[2025-03-31T10:43:23.205+0000] {logging_mixin.py:190} INFO - [2025-03-31T10:43:23.205+0000] {dagbag.py:435} INFO - File /opt/airflow/dags/env/Scripts/pyrsa-decrypt.exe:__main__.py assumed to contain no DAGs. Skipping.
[2025-03-31T10:43:23.207+0000] {processor.py:927} WARNING - No viable dags retrieved from /opt/airflow/dags/env/Scripts/pyrsa-decrypt.exe
[2025-03-31T10:43:23.239+0000] {processor.py:208} INFO - Processing /opt/airflow/dags/env/Scripts/pyrsa-decrypt.exe took 0.074 seconds
[2025-03-31T10:43:54.908+0000] {processor.py:186} INFO - Started process (PID=10276) to work on /opt/airflow/dags/env/Scripts/pyrsa-decrypt.exe
[2025-03-31T10:43:54.911+0000] {processor.py:914} INFO - Processing file /opt/airflow/dags/env/Scripts/pyrsa-decrypt.exe for tasks to queue
[2025-03-31T10:43:54.917+0000] {logging_mixin.py:190} INFO - [2025-03-31T10:43:54.916+0000] {dagbag.py:588} INFO - Filling up the DagBag from /opt/airflow/dags/env/Scripts/pyrsa-decrypt.exe
[2025-03-31T10:43:54.935+0000] {logging_mixin.py:190} INFO - [2025-03-31T10:43:54.935+0000] {dagbag.py:435} INFO - File /opt/airflow/dags/env/Scripts/pyrsa-decrypt.exe:__main__.py assumed to contain no DAGs. Skipping.
[2025-03-31T10:43:54.937+0000] {processor.py:927} WARNING - No viable dags retrieved from /opt/airflow/dags/env/Scripts/pyrsa-decrypt.exe
[2025-03-31T10:43:54.968+0000] {processor.py:208} INFO - Processing /opt/airflow/dags/env/Scripts/pyrsa-decrypt.exe took 0.073 seconds
[2025-03-31T10:44:53.177+0000] {processor.py:186} INFO - Started process (PID=10304) to work on /opt/airflow/dags/env/Scripts/pyrsa-decrypt.exe
[2025-03-31T10:44:53.180+0000] {processor.py:914} INFO - Processing file /opt/airflow/dags/env/Scripts/pyrsa-decrypt.exe for tasks to queue
[2025-03-31T10:44:53.191+0000] {logging_mixin.py:190} INFO - [2025-03-31T10:44:53.191+0000] {dagbag.py:588} INFO - Filling up the DagBag from /opt/airflow/dags/env/Scripts/pyrsa-decrypt.exe
[2025-03-31T10:44:53.211+0000] {logging_mixin.py:190} INFO - [2025-03-31T10:44:53.211+0000] {dagbag.py:435} INFO - File /opt/airflow/dags/env/Scripts/pyrsa-decrypt.exe:__main__.py assumed to contain no DAGs. Skipping.
[2025-03-31T10:44:53.213+0000] {processor.py:927} WARNING - No viable dags retrieved from /opt/airflow/dags/env/Scripts/pyrsa-decrypt.exe
[2025-03-31T10:44:53.251+0000] {processor.py:208} INFO - Processing /opt/airflow/dags/env/Scripts/pyrsa-decrypt.exe took 0.089 seconds
[2025-03-31T10:45:24.313+0000] {processor.py:186} INFO - Started process (PID=10328) to work on /opt/airflow/dags/env/Scripts/pyrsa-decrypt.exe
[2025-03-31T10:45:24.315+0000] {processor.py:914} INFO - Processing file /opt/airflow/dags/env/Scripts/pyrsa-decrypt.exe for tasks to queue
[2025-03-31T10:45:24.331+0000] {logging_mixin.py:190} INFO - [2025-03-31T10:45:24.330+0000] {dagbag.py:588} INFO - Filling up the DagBag from /opt/airflow/dags/env/Scripts/pyrsa-decrypt.exe
[2025-03-31T10:45:24.371+0000] {logging_mixin.py:190} INFO - [2025-03-31T10:45:24.370+0000] {dagbag.py:435} INFO - File /opt/airflow/dags/env/Scripts/pyrsa-decrypt.exe:__main__.py assumed to contain no DAGs. Skipping.
[2025-03-31T10:45:24.373+0000] {processor.py:927} WARNING - No viable dags retrieved from /opt/airflow/dags/env/Scripts/pyrsa-decrypt.exe
[2025-03-31T10:45:24.429+0000] {processor.py:208} INFO - Processing /opt/airflow/dags/env/Scripts/pyrsa-decrypt.exe took 0.139 seconds
[2025-03-31T11:02:26.701+0000] {processor.py:186} INFO - Started process (PID=10346) to work on /opt/airflow/dags/env/Scripts/pyrsa-decrypt.exe
[2025-03-31T11:02:26.703+0000] {processor.py:914} INFO - Processing file /opt/airflow/dags/env/Scripts/pyrsa-decrypt.exe for tasks to queue
[2025-03-31T11:02:26.710+0000] {logging_mixin.py:190} INFO - [2025-03-31T11:02:26.709+0000] {dagbag.py:588} INFO - Filling up the DagBag from /opt/airflow/dags/env/Scripts/pyrsa-decrypt.exe
[2025-03-31T11:02:26.731+0000] {logging_mixin.py:190} INFO - [2025-03-31T11:02:26.730+0000] {dagbag.py:435} INFO - File /opt/airflow/dags/env/Scripts/pyrsa-decrypt.exe:__main__.py assumed to contain no DAGs. Skipping.
[2025-03-31T11:02:26.733+0000] {processor.py:927} WARNING - No viable dags retrieved from /opt/airflow/dags/env/Scripts/pyrsa-decrypt.exe
[2025-03-31T11:02:26.765+0000] {processor.py:208} INFO - Processing /opt/airflow/dags/env/Scripts/pyrsa-decrypt.exe took 0.081 seconds
[2025-03-31T11:03:32.901+0000] {processor.py:186} INFO - Started process (PID=10358) to work on /opt/airflow/dags/env/Scripts/pyrsa-decrypt.exe
[2025-03-31T11:03:32.903+0000] {processor.py:914} INFO - Processing file /opt/airflow/dags/env/Scripts/pyrsa-decrypt.exe for tasks to queue
[2025-03-31T11:03:32.917+0000] {logging_mixin.py:190} INFO - [2025-03-31T11:03:32.916+0000] {dagbag.py:588} INFO - Filling up the DagBag from /opt/airflow/dags/env/Scripts/pyrsa-decrypt.exe
[2025-03-31T11:03:32.938+0000] {logging_mixin.py:190} INFO - [2025-03-31T11:03:32.938+0000] {dagbag.py:435} INFO - File /opt/airflow/dags/env/Scripts/pyrsa-decrypt.exe:__main__.py assumed to contain no DAGs. Skipping.
[2025-03-31T11:03:32.940+0000] {processor.py:927} WARNING - No viable dags retrieved from /opt/airflow/dags/env/Scripts/pyrsa-decrypt.exe
[2025-03-31T11:03:32.984+0000] {processor.py:208} INFO - Processing /opt/airflow/dags/env/Scripts/pyrsa-decrypt.exe took 0.113 seconds
[2025-03-31T11:17:32.636+0000] {processor.py:186} INFO - Started process (PID=10398) to work on /opt/airflow/dags/env/Scripts/pyrsa-decrypt.exe
[2025-03-31T11:17:32.639+0000] {processor.py:914} INFO - Processing file /opt/airflow/dags/env/Scripts/pyrsa-decrypt.exe for tasks to queue
[2025-03-31T11:17:32.650+0000] {logging_mixin.py:190} INFO - [2025-03-31T11:17:32.648+0000] {dagbag.py:588} INFO - Filling up the DagBag from /opt/airflow/dags/env/Scripts/pyrsa-decrypt.exe
[2025-03-31T11:17:32.670+0000] {logging_mixin.py:190} INFO - [2025-03-31T11:17:32.670+0000] {dagbag.py:435} INFO - File /opt/airflow/dags/env/Scripts/pyrsa-decrypt.exe:__main__.py assumed to contain no DAGs. Skipping.
[2025-03-31T11:17:32.672+0000] {processor.py:927} WARNING - No viable dags retrieved from /opt/airflow/dags/env/Scripts/pyrsa-decrypt.exe
[2025-03-31T11:17:32.725+0000] {processor.py:208} INFO - Processing /opt/airflow/dags/env/Scripts/pyrsa-decrypt.exe took 0.109 seconds
[2025-03-31T11:18:41.881+0000] {processor.py:186} INFO - Started process (PID=10404) to work on /opt/airflow/dags/env/Scripts/pyrsa-decrypt.exe
[2025-03-31T11:18:41.884+0000] {processor.py:914} INFO - Processing file /opt/airflow/dags/env/Scripts/pyrsa-decrypt.exe for tasks to queue
[2025-03-31T11:18:41.899+0000] {logging_mixin.py:190} INFO - [2025-03-31T11:18:41.898+0000] {dagbag.py:588} INFO - Filling up the DagBag from /opt/airflow/dags/env/Scripts/pyrsa-decrypt.exe
[2025-03-31T11:18:41.942+0000] {logging_mixin.py:190} INFO - [2025-03-31T11:18:41.942+0000] {dagbag.py:435} INFO - File /opt/airflow/dags/env/Scripts/pyrsa-decrypt.exe:__main__.py assumed to contain no DAGs. Skipping.
[2025-03-31T11:18:41.944+0000] {processor.py:927} WARNING - No viable dags retrieved from /opt/airflow/dags/env/Scripts/pyrsa-decrypt.exe
[2025-03-31T11:18:42.010+0000] {processor.py:208} INFO - Processing /opt/airflow/dags/env/Scripts/pyrsa-decrypt.exe took 0.150 seconds
