[2025-03-31T07:45:50.136+0000] {local_task_job_runner.py:123} INFO - ::group::Pre task execution logs
[2025-03-31T07:45:50.248+0000] {taskinstance.py:2614} INFO - Dependencies all met for dep_context=non-requeueable deps ti=<TaskInstance: ELT_google_playstore_review.view_score scheduled__2025-03-30T00:00:00+00:00 [queued]>
[2025-03-31T07:45:50.322+0000] {taskinstance.py:2614} INFO - Dependencies all met for dep_context=requeueable deps ti=<TaskInstance: ELT_google_playstore_review.view_score scheduled__2025-03-30T00:00:00+00:00 [queued]>
[2025-03-31T07:45:50.323+0000] {taskinstance.py:2867} INFO - Starting attempt 1 of 4
[2025-03-31T07:45:50.420+0000] {taskinstance.py:2890} INFO - Executing <Task(BashOperator): view_score> on 2025-03-30 00:00:00+00:00
[2025-03-31T07:45:50.457+0000] {standard_task_runner.py:104} INFO - Running: ['airflow', 'tasks', 'run', 'ELT_google_playstore_review', 'view_score', 'scheduled__2025-03-30T00:00:00+00:00', '--job-id', '65', '--raw', '--subdir', 'DAGS_FOLDER/bigquery.py', '--cfg-path', '/tmp/tmpktq1u4t5']
[2025-03-31T07:45:50.462+0000] {standard_task_runner.py:105} INFO - Job 65: Subtask view_score
[2025-03-31T07:45:50.482+0000] {logging_mixin.py:190} WARNING - /home/airflow/.local/lib/python3.12/site-packages/airflow/task/task_runner/standard_task_runner.py:70 DeprecationWarning: This process (pid=7901) is multi-threaded, use of fork() may lead to deadlocks in the child.
[2025-03-31T07:45:50.484+0000] {standard_task_runner.py:72} INFO - Started process 7907 to run task
[2025-03-31T07:45:50.746+0000] {task_command.py:467} INFO - Running <TaskInstance: ELT_google_playstore_review.view_score scheduled__2025-03-30T00:00:00+00:00 [running]> on host bcc3d85ef1af
[2025-03-31T07:45:51.283+0000] {taskinstance.py:3134} INFO - Exporting env vars: AIRFLOW_CTX_DAG_OWNER='airflow' AIRFLOW_CTX_DAG_ID='ELT_google_playstore_review' AIRFLOW_CTX_TASK_ID='view_score' AIRFLOW_CTX_EXECUTION_DATE='2025-03-30T00:00:00+00:00' AIRFLOW_CTX_TRY_NUMBER='1' AIRFLOW_CTX_DAG_RUN_ID='scheduled__2025-03-30T00:00:00+00:00'
[2025-03-31T07:45:51.286+0000] {taskinstance.py:732} INFO - ::endgroup::
[2025-03-31T07:45:51.393+0000] {subprocess.py:78} INFO - Tmp dir root location: /tmp
[2025-03-31T07:45:51.395+0000] {subprocess.py:88} INFO - Running command: ['/usr/bin/bash', '-c', 'dbt run --select stg_review --profiles-dir /opt/airflow/dags --project-dir /opt/airflow/dags']
[2025-03-31T07:45:51.460+0000] {subprocess.py:99} INFO - Output:
[2025-03-31T07:46:04.389+0000] {subprocess.py:106} INFO - [0m07:46:04  Running with dbt=1.9.3
[2025-03-31T07:46:10.558+0000] {subprocess.py:106} INFO - [0m07:46:10  Registered adapter: bigquery=1.9.1
[2025-03-31T07:46:12.552+0000] {subprocess.py:106} INFO - [0m07:46:12  [[33mWARNING[0m]: Configuration paths exist in your dbt_project.yml file which do not apply to any resources.
[2025-03-31T07:46:12.553+0000] {subprocess.py:106} INFO - There are 2 unused configuration paths:
[2025-03-31T07:46:12.554+0000] {subprocess.py:106} INFO - - models.staging
[2025-03-31T07:46:12.555+0000] {subprocess.py:106} INFO - - models.marts
[2025-03-31T07:46:13.700+0000] {subprocess.py:106} INFO - [0m07:46:13  Found 4 models, 3 data tests, 491 macros
[2025-03-31T07:46:13.708+0000] {subprocess.py:106} INFO - [0m07:46:13
[2025-03-31T07:46:13.714+0000] {subprocess.py:106} INFO - [0m07:46:13  Concurrency: 4 threads (target='dev')
[2025-03-31T07:46:13.717+0000] {subprocess.py:106} INFO - [0m07:46:13
[2025-03-31T07:46:16.962+0000] {subprocess.py:106} INFO - [0m07:46:16  1 of 1 START sql view model review_google_playstore.stg_review ................. [RUN]
[2025-03-31T07:46:34.810+0000] {subprocess.py:106} INFO - [0m07:46:34  1 of 1 OK created sql view model review_google_playstore.stg_review ............ [[32mCREATE VIEW (0 processed)[0m in 17.83s]
[2025-03-31T07:46:35.195+0000] {subprocess.py:106} INFO - [0m07:46:35
[2025-03-31T07:46:35.204+0000] {subprocess.py:106} INFO - [0m07:46:35  Finished running 1 view model in 0 hours 0 minutes and 21.48 seconds (21.48s).
[2025-03-31T07:46:35.908+0000] {subprocess.py:106} INFO - [0m07:46:35
[2025-03-31T07:46:35.916+0000] {subprocess.py:106} INFO - [0m07:46:35  [32mCompleted successfully[0m
[2025-03-31T07:46:35.917+0000] {subprocess.py:106} INFO - [0m07:46:35
[2025-03-31T07:46:35.920+0000] {subprocess.py:106} INFO - [0m07:46:35  Done. PASS=1 WARN=0 ERROR=0 SKIP=0 TOTAL=1
[2025-03-31T07:46:40.295+0000] {subprocess.py:110} INFO - Command exited with return code 0
[2025-03-31T07:46:40.444+0000] {taskinstance.py:341} INFO - ::group::Post task execution logs
[2025-03-31T07:46:40.453+0000] {taskinstance.py:353} INFO - Marking task as SUCCESS. dag_id=ELT_google_playstore_review, task_id=view_score, run_id=scheduled__2025-03-30T00:00:00+00:00, execution_date=20250330T000000, start_date=20250331T074550, end_date=20250331T074640
[2025-03-31T07:46:40.651+0000] {local_task_job_runner.py:266} INFO - Task exited with return code 0
[2025-03-31T07:46:40.782+0000] {taskinstance.py:3901} INFO - 0 downstream tasks scheduled from follow-on schedule check
[2025-03-31T07:46:40.794+0000] {local_task_job_runner.py:245} INFO - ::endgroup::
