[2025-03-31T07:41:27.916+0000] {local_task_job_runner.py:123} INFO - ::group::Pre task execution logs
[2025-03-31T07:41:27.969+0000] {taskinstance.py:2614} INFO - Dependencies all met for dep_context=non-requeueable deps ti=<TaskInstance: ELT_google_playstore_review.create_external_table manual__2025-03-31T07:32:00.293495+00:00 [queued]>
[2025-03-31T07:41:28.000+0000] {taskinstance.py:2614} INFO - Dependencies all met for dep_context=requeueable deps ti=<TaskInstance: ELT_google_playstore_review.create_external_table manual__2025-03-31T07:32:00.293495+00:00 [queued]>
[2025-03-31T07:41:28.003+0000] {taskinstance.py:2867} INFO - Starting attempt 2 of 4
[2025-03-31T07:41:28.066+0000] {taskinstance.py:2890} INFO - Executing <Task(BigQueryCreateExternalTableOperator): create_external_table> on 2025-03-31 07:32:00.293495+00:00
[2025-03-31T07:41:28.078+0000] {standard_task_runner.py:104} INFO - Running: ['airflow', 'tasks', 'run', 'ELT_google_playstore_review', 'create_external_table', 'manual__2025-03-31T07:32:00.293495+00:00', '--job-id', '58', '--raw', '--subdir', 'DAGS_FOLDER/bigquery.py', '--cfg-path', '/tmp/tmpbcsoscyx']
[2025-03-31T07:41:28.083+0000] {standard_task_runner.py:105} INFO - Job 58: Subtask create_external_table
[2025-03-31T07:41:28.088+0000] {logging_mixin.py:190} WARNING - /home/airflow/.local/lib/python3.12/site-packages/airflow/task/task_runner/standard_task_runner.py:70 DeprecationWarning: This process (pid=7789) is multi-threaded, use of fork() may lead to deadlocks in the child.
[2025-03-31T07:41:28.089+0000] {standard_task_runner.py:72} INFO - Started process 7802 to run task
[2025-03-31T07:41:28.210+0000] {task_command.py:467} INFO - Running <TaskInstance: ELT_google_playstore_review.create_external_table manual__2025-03-31T07:32:00.293495+00:00 [running]> on host bcc3d85ef1af
[2025-03-31T07:41:28.517+0000] {taskinstance.py:3134} INFO - Exporting env vars: AIRFLOW_CTX_DAG_OWNER='airflow' AIRFLOW_CTX_DAG_ID='ELT_google_playstore_review' AIRFLOW_CTX_TASK_ID='create_external_table' AIRFLOW_CTX_EXECUTION_DATE='2025-03-31T07:32:00.293495+00:00' AIRFLOW_CTX_TRY_NUMBER='2' AIRFLOW_CTX_DAG_RUN_ID='manual__2025-03-31T07:32:00.293495+00:00'
[2025-03-31T07:41:28.520+0000] {taskinstance.py:732} INFO - ::endgroup::
[2025-03-31T07:41:28.567+0000] {connection.py:277} WARNING - Connection schemes (type: google_cloud_platform) shall not contain '_' according to RFC3986.
[2025-03-31T07:41:28.576+0000] {base.py:84} INFO - Retrieving connection 'google_cloud_default'
[2025-03-31T07:41:29.564+0000] {local_task_job_runner.py:123} INFO - ::group::Pre task execution logs
[2025-03-31T07:41:29.581+0000] {taskinstance.py:2604} INFO - Dependencies not met for <TaskInstance: ELT_google_playstore_review.create_external_table manual__2025-03-31T07:32:00.293495+00:00 [running]>, dependency 'Task Instance State' FAILED: Task is in the 'running' state.
[2025-03-31T07:41:29.582+0000] {taskinstance.py:2604} INFO - Dependencies not met for <TaskInstance: ELT_google_playstore_review.create_external_table manual__2025-03-31T07:32:00.293495+00:00 [running]>, dependency 'Task Instance Not Running' FAILED: Task is in the running state
[2025-03-31T07:41:29.603+0000] {local_task_job_runner.py:166} INFO - Task is not able to be run
[2025-03-31T07:41:35.218+0000] {taskinstance.py:341} INFO - ::group::Post task execution logs
[2025-03-31T07:41:35.219+0000] {taskinstance.py:353} INFO - Marking task as SUCCESS. dag_id=ELT_google_playstore_review, task_id=create_external_table, run_id=manual__2025-03-31T07:32:00.293495+00:00, execution_date=20250331T073200, start_date=20250331T074127, end_date=20250331T074135
[2025-03-31T07:41:35.320+0000] {local_task_job_runner.py:266} INFO - Task exited with return code 0
[2025-03-31T07:41:35.374+0000] {taskinstance.py:3901} INFO - 1 downstream tasks scheduled from follow-on schedule check
[2025-03-31T07:41:35.389+0000] {local_task_job_runner.py:245} INFO - ::endgroup::
