[2025-03-27T09:02:02.478+0000] {processor.py:186} INFO - Started process (PID=666) to work on /opt/airflow/dags/env/Scripts/daff.exe
[2025-03-27T09:02:02.481+0000] {processor.py:914} INFO - Processing file /opt/airflow/dags/env/Scripts/daff.exe for tasks to queue
[2025-03-27T09:02:02.486+0000] {logging_mixin.py:190} INFO - [2025-03-27T09:02:02.485+0000] {dagbag.py:588} INFO - Filling up the DagBag from /opt/airflow/dags/env/Scripts/daff.exe
[2025-03-27T09:02:02.542+0000] {logging_mixin.py:190} INFO - [2025-03-27T09:02:02.541+0000] {dagbag.py:435} INFO - File /opt/airflow/dags/env/Scripts/daff.exe:__main__.py assumed to contain no DAGs. Skipping.
[2025-03-27T09:02:02.552+0000] {processor.py:927} WARNING - No viable dags retrieved from /opt/airflow/dags/env/Scripts/daff.exe
[2025-03-27T09:02:02.600+0000] {processor.py:208} INFO - Processing /opt/airflow/dags/env/Scripts/daff.exe took 0.132 seconds
[2025-03-27T17:13:38.097+0000] {processor.py:186} INFO - Started process (PID=701) to work on /opt/airflow/dags/env/Scripts/daff.exe
[2025-03-27T17:13:38.098+0000] {processor.py:914} INFO - Processing file /opt/airflow/dags/env/Scripts/daff.exe for tasks to queue
[2025-03-27T17:13:38.103+0000] {logging_mixin.py:190} INFO - [2025-03-27T17:13:38.103+0000] {dagbag.py:588} INFO - Filling up the DagBag from /opt/airflow/dags/env/Scripts/daff.exe
[2025-03-27T17:13:38.119+0000] {logging_mixin.py:190} INFO - [2025-03-27T17:13:38.119+0000] {dagbag.py:435} INFO - File /opt/airflow/dags/env/Scripts/daff.exe:__main__.py assumed to contain no DAGs. Skipping.
[2025-03-27T17:13:38.122+0000] {processor.py:927} WARNING - No viable dags retrieved from /opt/airflow/dags/env/Scripts/daff.exe
[2025-03-27T17:13:38.172+0000] {processor.py:208} INFO - Processing /opt/airflow/dags/env/Scripts/daff.exe took 0.084 seconds
[2025-03-27T17:18:29.880+0000] {processor.py:186} INFO - Started process (PID=731) to work on /opt/airflow/dags/env/Scripts/daff.exe
[2025-03-27T17:18:29.881+0000] {processor.py:914} INFO - Processing file /opt/airflow/dags/env/Scripts/daff.exe for tasks to queue
[2025-03-27T17:18:29.888+0000] {logging_mixin.py:190} INFO - [2025-03-27T17:18:29.887+0000] {dagbag.py:588} INFO - Filling up the DagBag from /opt/airflow/dags/env/Scripts/daff.exe
[2025-03-27T17:18:29.903+0000] {logging_mixin.py:190} INFO - [2025-03-27T17:18:29.903+0000] {dagbag.py:435} INFO - File /opt/airflow/dags/env/Scripts/daff.exe:__main__.py assumed to contain no DAGs. Skipping.
[2025-03-27T17:18:29.905+0000] {processor.py:927} WARNING - No viable dags retrieved from /opt/airflow/dags/env/Scripts/daff.exe
[2025-03-27T17:18:29.964+0000] {processor.py:208} INFO - Processing /opt/airflow/dags/env/Scripts/daff.exe took 0.093 seconds
[2025-03-27T17:33:37.993+0000] {processor.py:186} INFO - Started process (PID=765) to work on /opt/airflow/dags/env/Scripts/daff.exe
[2025-03-27T17:33:37.994+0000] {processor.py:914} INFO - Processing file /opt/airflow/dags/env/Scripts/daff.exe for tasks to queue
[2025-03-27T17:33:37.996+0000] {logging_mixin.py:190} INFO - [2025-03-27T17:33:37.996+0000] {dagbag.py:588} INFO - Filling up the DagBag from /opt/airflow/dags/env/Scripts/daff.exe
[2025-03-27T17:33:38.018+0000] {logging_mixin.py:190} INFO - [2025-03-27T17:33:38.017+0000] {dagbag.py:435} INFO - File /opt/airflow/dags/env/Scripts/daff.exe:__main__.py assumed to contain no DAGs. Skipping.
[2025-03-27T17:33:38.019+0000] {processor.py:927} WARNING - No viable dags retrieved from /opt/airflow/dags/env/Scripts/daff.exe
[2025-03-27T17:33:38.051+0000] {processor.py:208} INFO - Processing /opt/airflow/dags/env/Scripts/daff.exe took 0.070 seconds
[2025-03-27T17:34:10.118+0000] {processor.py:186} INFO - Started process (PID=789) to work on /opt/airflow/dags/env/Scripts/daff.exe
[2025-03-27T17:34:10.119+0000] {processor.py:914} INFO - Processing file /opt/airflow/dags/env/Scripts/daff.exe for tasks to queue
[2025-03-27T17:34:10.121+0000] {logging_mixin.py:190} INFO - [2025-03-27T17:34:10.120+0000] {dagbag.py:588} INFO - Filling up the DagBag from /opt/airflow/dags/env/Scripts/daff.exe
[2025-03-27T17:34:10.136+0000] {logging_mixin.py:190} INFO - [2025-03-27T17:34:10.136+0000] {dagbag.py:435} INFO - File /opt/airflow/dags/env/Scripts/daff.exe:__main__.py assumed to contain no DAGs. Skipping.
[2025-03-27T17:34:10.137+0000] {processor.py:927} WARNING - No viable dags retrieved from /opt/airflow/dags/env/Scripts/daff.exe
[2025-03-27T17:34:10.160+0000] {processor.py:208} INFO - Processing /opt/airflow/dags/env/Scripts/daff.exe took 0.050 seconds
[2025-03-27T17:39:00.624+0000] {processor.py:186} INFO - Started process (PID=834) to work on /opt/airflow/dags/env/Scripts/daff.exe
[2025-03-27T17:39:00.632+0000] {processor.py:914} INFO - Processing file /opt/airflow/dags/env/Scripts/daff.exe for tasks to queue
[2025-03-27T17:39:00.635+0000] {logging_mixin.py:190} INFO - [2025-03-27T17:39:00.635+0000] {dagbag.py:588} INFO - Filling up the DagBag from /opt/airflow/dags/env/Scripts/daff.exe
[2025-03-27T17:39:00.820+0000] {logging_mixin.py:190} INFO - [2025-03-27T17:39:00.820+0000] {dagbag.py:435} INFO - File /opt/airflow/dags/env/Scripts/daff.exe:__main__.py assumed to contain no DAGs. Skipping.
[2025-03-27T17:39:00.822+0000] {processor.py:927} WARNING - No viable dags retrieved from /opt/airflow/dags/env/Scripts/daff.exe
[2025-03-27T17:39:00.857+0000] {processor.py:208} INFO - Processing /opt/airflow/dags/env/Scripts/daff.exe took 0.251 seconds
[2025-03-27T17:49:35.678+0000] {processor.py:186} INFO - Started process (PID=883) to work on /opt/airflow/dags/env/Scripts/daff.exe
[2025-03-27T17:49:35.680+0000] {processor.py:914} INFO - Processing file /opt/airflow/dags/env/Scripts/daff.exe for tasks to queue
[2025-03-27T17:49:35.682+0000] {logging_mixin.py:190} INFO - [2025-03-27T17:49:35.681+0000] {dagbag.py:588} INFO - Filling up the DagBag from /opt/airflow/dags/env/Scripts/daff.exe
[2025-03-27T17:49:35.702+0000] {logging_mixin.py:190} INFO - [2025-03-27T17:49:35.702+0000] {dagbag.py:435} INFO - File /opt/airflow/dags/env/Scripts/daff.exe:__main__.py assumed to contain no DAGs. Skipping.
[2025-03-27T17:49:35.703+0000] {processor.py:927} WARNING - No viable dags retrieved from /opt/airflow/dags/env/Scripts/daff.exe
[2025-03-27T17:49:35.729+0000] {processor.py:208} INFO - Processing /opt/airflow/dags/env/Scripts/daff.exe took 0.058 seconds
