[2025-03-27T09:09:52.999+0000] {processor.py:186} INFO - Started process (PID=668) to work on /opt/airflow/dags/env/Scripts/daff.py
[2025-03-27T09:09:53.001+0000] {processor.py:914} INFO - Processing file /opt/airflow/dags/env/Scripts/daff.py for tasks to queue
[2025-03-27T09:09:53.006+0000] {logging_mixin.py:190} INFO - [2025-03-27T09:09:53.005+0000] {dagbag.py:588} INFO - Filling up the DagBag from /opt/airflow/dags/env/Scripts/daff.py
[2025-03-27T09:09:53.119+0000] {processor.py:927} WARNING - No viable dags retrieved from /opt/airflow/dags/env/Scripts/daff.py
[2025-03-27T09:09:53.348+0000] {processor.py:208} INFO - Processing /opt/airflow/dags/env/Scripts/daff.py took 0.361 seconds
[2025-03-27T17:18:02.633+0000] {processor.py:186} INFO - Started process (PID=708) to work on /opt/airflow/dags/env/Scripts/daff.py
[2025-03-27T17:18:02.637+0000] {processor.py:914} INFO - Processing file /opt/airflow/dags/env/Scripts/daff.py for tasks to queue
[2025-03-27T17:18:02.643+0000] {logging_mixin.py:190} INFO - [2025-03-27T17:18:02.642+0000] {dagbag.py:588} INFO - Filling up the DagBag from /opt/airflow/dags/env/Scripts/daff.py
[2025-03-27T17:18:02.703+0000] {processor.py:927} WARNING - No viable dags retrieved from /opt/airflow/dags/env/Scripts/daff.py
[2025-03-27T17:18:02.734+0000] {processor.py:208} INFO - Processing /opt/airflow/dags/env/Scripts/daff.py took 0.113 seconds
[2025-03-27T17:18:34.011+0000] {processor.py:186} INFO - Started process (PID=732) to work on /opt/airflow/dags/env/Scripts/daff.py
[2025-03-27T17:18:34.012+0000] {processor.py:914} INFO - Processing file /opt/airflow/dags/env/Scripts/daff.py for tasks to queue
[2025-03-27T17:18:34.017+0000] {logging_mixin.py:190} INFO - [2025-03-27T17:18:34.016+0000] {dagbag.py:588} INFO - Filling up the DagBag from /opt/airflow/dags/env/Scripts/daff.py
[2025-03-27T17:18:34.095+0000] {processor.py:927} WARNING - No viable dags retrieved from /opt/airflow/dags/env/Scripts/daff.py
[2025-03-27T17:18:34.137+0000] {processor.py:208} INFO - Processing /opt/airflow/dags/env/Scripts/daff.py took 0.138 seconds
[2025-03-27T17:33:38.926+0000] {processor.py:186} INFO - Started process (PID=766) to work on /opt/airflow/dags/env/Scripts/daff.py
[2025-03-27T17:33:38.927+0000] {processor.py:914} INFO - Processing file /opt/airflow/dags/env/Scripts/daff.py for tasks to queue
[2025-03-27T17:33:38.930+0000] {logging_mixin.py:190} INFO - [2025-03-27T17:33:38.929+0000] {dagbag.py:588} INFO - Filling up the DagBag from /opt/airflow/dags/env/Scripts/daff.py
[2025-03-27T17:33:39.034+0000] {processor.py:927} WARNING - No viable dags retrieved from /opt/airflow/dags/env/Scripts/daff.py
[2025-03-27T17:33:39.074+0000] {processor.py:208} INFO - Processing /opt/airflow/dags/env/Scripts/daff.py took 0.160 seconds
[2025-03-27T17:34:11.581+0000] {processor.py:186} INFO - Started process (PID=790) to work on /opt/airflow/dags/env/Scripts/daff.py
[2025-03-27T17:34:11.583+0000] {processor.py:914} INFO - Processing file /opt/airflow/dags/env/Scripts/daff.py for tasks to queue
[2025-03-27T17:34:11.585+0000] {logging_mixin.py:190} INFO - [2025-03-27T17:34:11.584+0000] {dagbag.py:588} INFO - Filling up the DagBag from /opt/airflow/dags/env/Scripts/daff.py
[2025-03-27T17:34:11.655+0000] {processor.py:927} WARNING - No viable dags retrieved from /opt/airflow/dags/env/Scripts/daff.py
[2025-03-27T17:34:11.677+0000] {processor.py:208} INFO - Processing /opt/airflow/dags/env/Scripts/daff.py took 0.103 seconds
[2025-03-27T17:39:13.267+0000] {processor.py:186} INFO - Started process (PID=842) to work on /opt/airflow/dags/env/Scripts/daff.py
[2025-03-27T17:39:13.268+0000] {processor.py:914} INFO - Processing file /opt/airflow/dags/env/Scripts/daff.py for tasks to queue
[2025-03-27T17:39:13.273+0000] {logging_mixin.py:190} INFO - [2025-03-27T17:39:13.272+0000] {dagbag.py:588} INFO - Filling up the DagBag from /opt/airflow/dags/env/Scripts/daff.py
[2025-03-27T17:39:13.348+0000] {processor.py:927} WARNING - No viable dags retrieved from /opt/airflow/dags/env/Scripts/daff.py
[2025-03-27T17:39:13.378+0000] {processor.py:208} INFO - Processing /opt/airflow/dags/env/Scripts/daff.py took 0.121 seconds
[2025-03-27T17:49:36.909+0000] {processor.py:186} INFO - Started process (PID=884) to work on /opt/airflow/dags/env/Scripts/daff.py
[2025-03-27T17:49:36.911+0000] {processor.py:914} INFO - Processing file /opt/airflow/dags/env/Scripts/daff.py for tasks to queue
[2025-03-27T17:49:36.914+0000] {logging_mixin.py:190} INFO - [2025-03-27T17:49:36.913+0000] {dagbag.py:588} INFO - Filling up the DagBag from /opt/airflow/dags/env/Scripts/daff.py
[2025-03-27T17:49:36.967+0000] {processor.py:927} WARNING - No viable dags retrieved from /opt/airflow/dags/env/Scripts/daff.py
[2025-03-27T17:49:36.991+0000] {processor.py:208} INFO - Processing /opt/airflow/dags/env/Scripts/daff.py took 0.092 seconds
