[2025-03-27T07:03:11.305+0000] {processor.py:186} INFO - Started process (PID=640) to work on /opt/airflow/dags/env/Scripts/dbt.exe
[2025-03-27T07:03:11.307+0000] {processor.py:914} INFO - Processing file /opt/airflow/dags/env/Scripts/dbt.exe for tasks to queue
[2025-03-27T07:03:11.321+0000] {logging_mixin.py:190} INFO - [2025-03-27T07:03:11.320+0000] {dagbag.py:588} INFO - Filling up the DagBag from /opt/airflow/dags/env/Scripts/dbt.exe
[2025-03-27T07:03:11.352+0000] {logging_mixin.py:190} INFO - [2025-03-27T07:03:11.352+0000] {dagbag.py:435} INFO - File /opt/airflow/dags/env/Scripts/dbt.exe:__main__.py assumed to contain no DAGs. Skipping.
[2025-03-27T07:03:11.355+0000] {processor.py:927} WARNING - No viable dags retrieved from /opt/airflow/dags/env/Scripts/dbt.exe
[2025-03-27T07:03:11.400+0000] {processor.py:208} INFO - Processing /opt/airflow/dags/env/Scripts/dbt.exe took 0.109 seconds
[2025-03-27T09:52:59.571+0000] {processor.py:186} INFO - Started process (PID=674) to work on /opt/airflow/dags/env/Scripts/dbt.exe
[2025-03-27T09:52:59.572+0000] {processor.py:914} INFO - Processing file /opt/airflow/dags/env/Scripts/dbt.exe for tasks to queue
[2025-03-27T09:52:59.577+0000] {logging_mixin.py:190} INFO - [2025-03-27T09:52:59.575+0000] {dagbag.py:588} INFO - Filling up the DagBag from /opt/airflow/dags/env/Scripts/dbt.exe
[2025-03-27T09:52:59.601+0000] {logging_mixin.py:190} INFO - [2025-03-27T09:52:59.601+0000] {dagbag.py:435} INFO - File /opt/airflow/dags/env/Scripts/dbt.exe:__main__.py assumed to contain no DAGs. Skipping.
[2025-03-27T09:52:59.603+0000] {processor.py:927} WARNING - No viable dags retrieved from /opt/airflow/dags/env/Scripts/dbt.exe
[2025-03-27T09:52:59.627+0000] {processor.py:208} INFO - Processing /opt/airflow/dags/env/Scripts/dbt.exe took 0.066 seconds
[2025-03-27T17:18:09.578+0000] {processor.py:186} INFO - Started process (PID=713) to work on /opt/airflow/dags/env/Scripts/dbt.exe
[2025-03-27T17:18:09.581+0000] {processor.py:914} INFO - Processing file /opt/airflow/dags/env/Scripts/dbt.exe for tasks to queue
[2025-03-27T17:18:09.589+0000] {logging_mixin.py:190} INFO - [2025-03-27T17:18:09.588+0000] {dagbag.py:588} INFO - Filling up the DagBag from /opt/airflow/dags/env/Scripts/dbt.exe
[2025-03-27T17:18:09.610+0000] {logging_mixin.py:190} INFO - [2025-03-27T17:18:09.609+0000] {dagbag.py:435} INFO - File /opt/airflow/dags/env/Scripts/dbt.exe:__main__.py assumed to contain no DAGs. Skipping.
[2025-03-27T17:18:09.611+0000] {processor.py:927} WARNING - No viable dags retrieved from /opt/airflow/dags/env/Scripts/dbt.exe
[2025-03-27T17:18:09.643+0000] {processor.py:208} INFO - Processing /opt/airflow/dags/env/Scripts/dbt.exe took 0.078 seconds
[2025-03-27T17:29:33.239+0000] {processor.py:186} INFO - Started process (PID=743) to work on /opt/airflow/dags/env/Scripts/dbt.exe
[2025-03-27T17:29:33.241+0000] {processor.py:914} INFO - Processing file /opt/airflow/dags/env/Scripts/dbt.exe for tasks to queue
[2025-03-27T17:29:33.244+0000] {logging_mixin.py:190} INFO - [2025-03-27T17:29:33.243+0000] {dagbag.py:588} INFO - Filling up the DagBag from /opt/airflow/dags/env/Scripts/dbt.exe
[2025-03-27T17:29:33.259+0000] {logging_mixin.py:190} INFO - [2025-03-27T17:29:33.259+0000] {dagbag.py:435} INFO - File /opt/airflow/dags/env/Scripts/dbt.exe:__main__.py assumed to contain no DAGs. Skipping.
[2025-03-27T17:29:33.261+0000] {processor.py:927} WARNING - No viable dags retrieved from /opt/airflow/dags/env/Scripts/dbt.exe
[2025-03-27T17:29:33.303+0000] {processor.py:208} INFO - Processing /opt/airflow/dags/env/Scripts/dbt.exe took 0.077 seconds
[2025-03-27T17:33:46.367+0000] {processor.py:186} INFO - Started process (PID=771) to work on /opt/airflow/dags/env/Scripts/dbt.exe
[2025-03-27T17:33:46.369+0000] {processor.py:914} INFO - Processing file /opt/airflow/dags/env/Scripts/dbt.exe for tasks to queue
[2025-03-27T17:33:46.371+0000] {logging_mixin.py:190} INFO - [2025-03-27T17:33:46.371+0000] {dagbag.py:588} INFO - Filling up the DagBag from /opt/airflow/dags/env/Scripts/dbt.exe
[2025-03-27T17:33:46.387+0000] {logging_mixin.py:190} INFO - [2025-03-27T17:33:46.387+0000] {dagbag.py:435} INFO - File /opt/airflow/dags/env/Scripts/dbt.exe:__main__.py assumed to contain no DAGs. Skipping.
[2025-03-27T17:33:46.388+0000] {processor.py:927} WARNING - No viable dags retrieved from /opt/airflow/dags/env/Scripts/dbt.exe
[2025-03-27T17:33:46.416+0000] {processor.py:208} INFO - Processing /opt/airflow/dags/env/Scripts/dbt.exe took 0.059 seconds
[2025-03-27T17:34:17.722+0000] {processor.py:186} INFO - Started process (PID=795) to work on /opt/airflow/dags/env/Scripts/dbt.exe
[2025-03-27T17:34:17.724+0000] {processor.py:914} INFO - Processing file /opt/airflow/dags/env/Scripts/dbt.exe for tasks to queue
[2025-03-27T17:34:17.726+0000] {logging_mixin.py:190} INFO - [2025-03-27T17:34:17.725+0000] {dagbag.py:588} INFO - Filling up the DagBag from /opt/airflow/dags/env/Scripts/dbt.exe
[2025-03-27T17:34:17.745+0000] {logging_mixin.py:190} INFO - [2025-03-27T17:34:17.745+0000] {dagbag.py:435} INFO - File /opt/airflow/dags/env/Scripts/dbt.exe:__main__.py assumed to contain no DAGs. Skipping.
[2025-03-27T17:34:17.747+0000] {processor.py:927} WARNING - No viable dags retrieved from /opt/airflow/dags/env/Scripts/dbt.exe
[2025-03-27T17:34:17.775+0000] {processor.py:208} INFO - Processing /opt/airflow/dags/env/Scripts/dbt.exe took 0.062 seconds
[2025-03-27T17:38:37.332+0000] {processor.py:186} INFO - Started process (PID=813) to work on /opt/airflow/dags/env/Scripts/dbt.exe
[2025-03-27T17:38:37.335+0000] {processor.py:914} INFO - Processing file /opt/airflow/dags/env/Scripts/dbt.exe for tasks to queue
[2025-03-27T17:38:37.343+0000] {logging_mixin.py:190} INFO - [2025-03-27T17:38:37.342+0000] {dagbag.py:588} INFO - Filling up the DagBag from /opt/airflow/dags/env/Scripts/dbt.exe
[2025-03-27T17:38:37.369+0000] {logging_mixin.py:190} INFO - [2025-03-27T17:38:37.368+0000] {dagbag.py:435} INFO - File /opt/airflow/dags/env/Scripts/dbt.exe:__main__.py assumed to contain no DAGs. Skipping.
[2025-03-27T17:38:37.370+0000] {processor.py:927} WARNING - No viable dags retrieved from /opt/airflow/dags/env/Scripts/dbt.exe
[2025-03-27T17:38:37.416+0000] {processor.py:208} INFO - Processing /opt/airflow/dags/env/Scripts/dbt.exe took 0.105 seconds
[2025-03-27T17:39:19.565+0000] {processor.py:186} INFO - Started process (PID=847) to work on /opt/airflow/dags/env/Scripts/dbt.exe
[2025-03-27T17:39:19.566+0000] {processor.py:914} INFO - Processing file /opt/airflow/dags/env/Scripts/dbt.exe for tasks to queue
[2025-03-27T17:39:19.569+0000] {logging_mixin.py:190} INFO - [2025-03-27T17:39:19.568+0000] {dagbag.py:588} INFO - Filling up the DagBag from /opt/airflow/dags/env/Scripts/dbt.exe
[2025-03-27T17:39:19.584+0000] {logging_mixin.py:190} INFO - [2025-03-27T17:39:19.584+0000] {dagbag.py:435} INFO - File /opt/airflow/dags/env/Scripts/dbt.exe:__main__.py assumed to contain no DAGs. Skipping.
[2025-03-27T17:39:19.585+0000] {processor.py:927} WARNING - No viable dags retrieved from /opt/airflow/dags/env/Scripts/dbt.exe
[2025-03-27T17:39:19.609+0000] {processor.py:208} INFO - Processing /opt/airflow/dags/env/Scripts/dbt.exe took 0.052 seconds
[2025-03-27T17:44:25.389+0000] {processor.py:186} INFO - Started process (PID=865) to work on /opt/airflow/dags/env/Scripts/dbt.exe
[2025-03-27T17:44:25.390+0000] {processor.py:914} INFO - Processing file /opt/airflow/dags/env/Scripts/dbt.exe for tasks to queue
[2025-03-27T17:44:25.392+0000] {logging_mixin.py:190} INFO - [2025-03-27T17:44:25.392+0000] {dagbag.py:588} INFO - Filling up the DagBag from /opt/airflow/dags/env/Scripts/dbt.exe
[2025-03-27T17:44:25.414+0000] {logging_mixin.py:190} INFO - [2025-03-27T17:44:25.414+0000] {dagbag.py:435} INFO - File /opt/airflow/dags/env/Scripts/dbt.exe:__main__.py assumed to contain no DAGs. Skipping.
[2025-03-27T17:44:25.416+0000] {processor.py:927} WARNING - No viable dags retrieved from /opt/airflow/dags/env/Scripts/dbt.exe
[2025-03-27T17:44:25.448+0000] {processor.py:208} INFO - Processing /opt/airflow/dags/env/Scripts/dbt.exe took 0.068 seconds
