[2025-03-27T07:09:27.357+0000] {processor.py:186} INFO - Started process (PID=641) to work on /opt/airflow/dags/env/Scripts/google-oauthlib-tool.exe
[2025-03-27T07:09:27.358+0000] {processor.py:914} INFO - Processing file /opt/airflow/dags/env/Scripts/google-oauthlib-tool.exe for tasks to queue
[2025-03-27T07:09:27.364+0000] {logging_mixin.py:190} INFO - [2025-03-27T07:09:27.363+0000] {dagbag.py:588} INFO - Filling up the DagBag from /opt/airflow/dags/env/Scripts/google-oauthlib-tool.exe
[2025-03-27T07:09:27.382+0000] {logging_mixin.py:190} INFO - [2025-03-27T07:09:27.381+0000] {dagbag.py:435} INFO - File /opt/airflow/dags/env/Scripts/google-oauthlib-tool.exe:__main__.py assumed to contain no DAGs. Skipping.
[2025-03-27T07:09:27.383+0000] {processor.py:927} WARNING - No viable dags retrieved from /opt/airflow/dags/env/Scripts/google-oauthlib-tool.exe
[2025-03-27T07:09:27.412+0000] {processor.py:208} INFO - Processing /opt/airflow/dags/env/Scripts/google-oauthlib-tool.exe took 0.063 seconds
[2025-03-27T16:56:58.109+0000] {processor.py:186} INFO - Started process (PID=675) to work on /opt/airflow/dags/env/Scripts/google-oauthlib-tool.exe
[2025-03-27T16:56:58.111+0000] {processor.py:914} INFO - Processing file /opt/airflow/dags/env/Scripts/google-oauthlib-tool.exe for tasks to queue
[2025-03-27T16:56:58.118+0000] {logging_mixin.py:190} INFO - [2025-03-27T16:56:58.116+0000] {dagbag.py:588} INFO - Filling up the DagBag from /opt/airflow/dags/env/Scripts/google-oauthlib-tool.exe
[2025-03-27T16:56:58.142+0000] {logging_mixin.py:190} INFO - [2025-03-27T16:56:58.141+0000] {dagbag.py:435} INFO - File /opt/airflow/dags/env/Scripts/google-oauthlib-tool.exe:__main__.py assumed to contain no DAGs. Skipping.
[2025-03-27T16:56:58.144+0000] {processor.py:927} WARNING - No viable dags retrieved from /opt/airflow/dags/env/Scripts/google-oauthlib-tool.exe
[2025-03-27T16:56:58.182+0000] {processor.py:208} INFO - Processing /opt/airflow/dags/env/Scripts/google-oauthlib-tool.exe took 0.084 seconds
[2025-03-27T17:18:10.933+0000] {processor.py:186} INFO - Started process (PID=714) to work on /opt/airflow/dags/env/Scripts/google-oauthlib-tool.exe
[2025-03-27T17:18:10.935+0000] {processor.py:914} INFO - Processing file /opt/airflow/dags/env/Scripts/google-oauthlib-tool.exe for tasks to queue
[2025-03-27T17:18:10.940+0000] {logging_mixin.py:190} INFO - [2025-03-27T17:18:10.939+0000] {dagbag.py:588} INFO - Filling up the DagBag from /opt/airflow/dags/env/Scripts/google-oauthlib-tool.exe
[2025-03-27T17:18:10.964+0000] {logging_mixin.py:190} INFO - [2025-03-27T17:18:10.964+0000] {dagbag.py:435} INFO - File /opt/airflow/dags/env/Scripts/google-oauthlib-tool.exe:__main__.py assumed to contain no DAGs. Skipping.
[2025-03-27T17:18:10.966+0000] {processor.py:927} WARNING - No viable dags retrieved from /opt/airflow/dags/env/Scripts/google-oauthlib-tool.exe
[2025-03-27T17:18:11.001+0000] {processor.py:208} INFO - Processing /opt/airflow/dags/env/Scripts/google-oauthlib-tool.exe took 0.084 seconds
[2025-03-27T17:33:17.297+0000] {processor.py:186} INFO - Started process (PID=748) to work on /opt/airflow/dags/env/Scripts/google-oauthlib-tool.exe
[2025-03-27T17:33:17.298+0000] {processor.py:914} INFO - Processing file /opt/airflow/dags/env/Scripts/google-oauthlib-tool.exe for tasks to queue
[2025-03-27T17:33:17.300+0000] {logging_mixin.py:190} INFO - [2025-03-27T17:33:17.299+0000] {dagbag.py:588} INFO - Filling up the DagBag from /opt/airflow/dags/env/Scripts/google-oauthlib-tool.exe
[2025-03-27T17:33:17.322+0000] {logging_mixin.py:190} INFO - [2025-03-27T17:33:17.321+0000] {dagbag.py:435} INFO - File /opt/airflow/dags/env/Scripts/google-oauthlib-tool.exe:__main__.py assumed to contain no DAGs. Skipping.
[2025-03-27T17:33:17.360+0000] {processor.py:927} WARNING - No viable dags retrieved from /opt/airflow/dags/env/Scripts/google-oauthlib-tool.exe
[2025-03-27T17:33:17.389+0000] {processor.py:208} INFO - Processing /opt/airflow/dags/env/Scripts/google-oauthlib-tool.exe took 0.100 seconds
[2025-03-27T17:33:47.742+0000] {processor.py:186} INFO - Started process (PID=772) to work on /opt/airflow/dags/env/Scripts/google-oauthlib-tool.exe
[2025-03-27T17:33:47.744+0000] {processor.py:914} INFO - Processing file /opt/airflow/dags/env/Scripts/google-oauthlib-tool.exe for tasks to queue
[2025-03-27T17:33:47.745+0000] {logging_mixin.py:190} INFO - [2025-03-27T17:33:47.745+0000] {dagbag.py:588} INFO - Filling up the DagBag from /opt/airflow/dags/env/Scripts/google-oauthlib-tool.exe
[2025-03-27T17:33:47.766+0000] {logging_mixin.py:190} INFO - [2025-03-27T17:33:47.766+0000] {dagbag.py:435} INFO - File /opt/airflow/dags/env/Scripts/google-oauthlib-tool.exe:__main__.py assumed to contain no DAGs. Skipping.
[2025-03-27T17:33:47.768+0000] {processor.py:927} WARNING - No viable dags retrieved from /opt/airflow/dags/env/Scripts/google-oauthlib-tool.exe
[2025-03-27T17:33:47.800+0000] {processor.py:208} INFO - Processing /opt/airflow/dags/env/Scripts/google-oauthlib-tool.exe took 0.067 seconds
[2025-03-27T17:34:19.176+0000] {processor.py:186} INFO - Started process (PID=796) to work on /opt/airflow/dags/env/Scripts/google-oauthlib-tool.exe
[2025-03-27T17:34:19.177+0000] {processor.py:914} INFO - Processing file /opt/airflow/dags/env/Scripts/google-oauthlib-tool.exe for tasks to queue
[2025-03-27T17:34:19.180+0000] {logging_mixin.py:190} INFO - [2025-03-27T17:34:19.180+0000] {dagbag.py:588} INFO - Filling up the DagBag from /opt/airflow/dags/env/Scripts/google-oauthlib-tool.exe
[2025-03-27T17:34:19.253+0000] {logging_mixin.py:190} INFO - [2025-03-27T17:34:19.252+0000] {dagbag.py:435} INFO - File /opt/airflow/dags/env/Scripts/google-oauthlib-tool.exe:__main__.py assumed to contain no DAGs. Skipping.
[2025-03-27T17:34:19.255+0000] {processor.py:927} WARNING - No viable dags retrieved from /opt/airflow/dags/env/Scripts/google-oauthlib-tool.exe
[2025-03-27T17:34:19.308+0000] {processor.py:208} INFO - Processing /opt/airflow/dags/env/Scripts/google-oauthlib-tool.exe took 0.155 seconds
[2025-03-27T17:38:38.737+0000] {processor.py:186} INFO - Started process (PID=814) to work on /opt/airflow/dags/env/Scripts/google-oauthlib-tool.exe
[2025-03-27T17:38:38.739+0000] {processor.py:914} INFO - Processing file /opt/airflow/dags/env/Scripts/google-oauthlib-tool.exe for tasks to queue
[2025-03-27T17:38:38.742+0000] {logging_mixin.py:190} INFO - [2025-03-27T17:38:38.741+0000] {dagbag.py:588} INFO - Filling up the DagBag from /opt/airflow/dags/env/Scripts/google-oauthlib-tool.exe
[2025-03-27T17:38:38.759+0000] {logging_mixin.py:190} INFO - [2025-03-27T17:38:38.758+0000] {dagbag.py:435} INFO - File /opt/airflow/dags/env/Scripts/google-oauthlib-tool.exe:__main__.py assumed to contain no DAGs. Skipping.
[2025-03-27T17:38:38.760+0000] {processor.py:927} WARNING - No viable dags retrieved from /opt/airflow/dags/env/Scripts/google-oauthlib-tool.exe
[2025-03-27T17:38:38.795+0000] {processor.py:208} INFO - Processing /opt/airflow/dags/env/Scripts/google-oauthlib-tool.exe took 0.079 seconds
[2025-03-27T17:39:20.824+0000] {processor.py:186} INFO - Started process (PID=848) to work on /opt/airflow/dags/env/Scripts/google-oauthlib-tool.exe
[2025-03-27T17:39:20.826+0000] {processor.py:914} INFO - Processing file /opt/airflow/dags/env/Scripts/google-oauthlib-tool.exe for tasks to queue
[2025-03-27T17:39:20.829+0000] {logging_mixin.py:190} INFO - [2025-03-27T17:39:20.828+0000] {dagbag.py:588} INFO - Filling up the DagBag from /opt/airflow/dags/env/Scripts/google-oauthlib-tool.exe
[2025-03-27T17:39:20.853+0000] {logging_mixin.py:190} INFO - [2025-03-27T17:39:20.853+0000] {dagbag.py:435} INFO - File /opt/airflow/dags/env/Scripts/google-oauthlib-tool.exe:__main__.py assumed to contain no DAGs. Skipping.
[2025-03-27T17:39:20.855+0000] {processor.py:927} WARNING - No viable dags retrieved from /opt/airflow/dags/env/Scripts/google-oauthlib-tool.exe
[2025-03-27T17:39:20.888+0000] {processor.py:208} INFO - Processing /opt/airflow/dags/env/Scripts/google-oauthlib-tool.exe took 0.073 seconds
[2025-03-27T17:44:26.666+0000] {processor.py:186} INFO - Started process (PID=866) to work on /opt/airflow/dags/env/Scripts/google-oauthlib-tool.exe
[2025-03-27T17:44:26.667+0000] {processor.py:914} INFO - Processing file /opt/airflow/dags/env/Scripts/google-oauthlib-tool.exe for tasks to queue
[2025-03-27T17:44:26.670+0000] {logging_mixin.py:190} INFO - [2025-03-27T17:44:26.669+0000] {dagbag.py:588} INFO - Filling up the DagBag from /opt/airflow/dags/env/Scripts/google-oauthlib-tool.exe
[2025-03-27T17:44:26.691+0000] {logging_mixin.py:190} INFO - [2025-03-27T17:44:26.690+0000] {dagbag.py:435} INFO - File /opt/airflow/dags/env/Scripts/google-oauthlib-tool.exe:__main__.py assumed to contain no DAGs. Skipping.
[2025-03-27T17:44:26.693+0000] {processor.py:927} WARNING - No viable dags retrieved from /opt/airflow/dags/env/Scripts/google-oauthlib-tool.exe
[2025-03-27T17:44:26.719+0000] {processor.py:208} INFO - Processing /opt/airflow/dags/env/Scripts/google-oauthlib-tool.exe took 0.063 seconds
