[2025-03-27T06:52:48.605+0000] {processor.py:186} INFO - Started process (PID=604) to work on /opt/airflow/dags/env/Scripts/pip3.11.exe
[2025-03-27T06:52:48.607+0000] {processor.py:914} INFO - Processing file /opt/airflow/dags/env/Scripts/pip3.11.exe for tasks to queue
[2025-03-27T06:52:48.612+0000] {logging_mixin.py:190} INFO - [2025-03-27T06:52:48.612+0000] {dagbag.py:588} INFO - Filling up the DagBag from /opt/airflow/dags/env/Scripts/pip3.11.exe
[2025-03-27T06:52:48.639+0000] {logging_mixin.py:190} INFO - [2025-03-27T06:52:48.639+0000] {dagbag.py:435} INFO - File /opt/airflow/dags/env/Scripts/pip3.11.exe:__main__.py assumed to contain no DAGs. Skipping.
[2025-03-27T06:52:48.641+0000] {processor.py:927} WARNING - No viable dags retrieved from /opt/airflow/dags/env/Scripts/pip3.11.exe
[2025-03-27T06:52:48.685+0000] {processor.py:208} INFO - Processing /opt/airflow/dags/env/Scripts/pip3.11.exe took 0.093 seconds
[2025-03-27T06:53:22.007+0000] {processor.py:186} INFO - Started process (PID=608) to work on /opt/airflow/dags/env/Scripts/pip3.11.exe
[2025-03-27T06:53:22.009+0000] {processor.py:914} INFO - Processing file /opt/airflow/dags/env/Scripts/pip3.11.exe for tasks to queue
[2025-03-27T06:53:22.024+0000] {logging_mixin.py:190} INFO - [2025-03-27T06:53:22.023+0000] {dagbag.py:588} INFO - Filling up the DagBag from /opt/airflow/dags/env/Scripts/pip3.11.exe
[2025-03-27T06:53:22.047+0000] {logging_mixin.py:190} INFO - [2025-03-27T06:53:22.046+0000] {dagbag.py:435} INFO - File /opt/airflow/dags/env/Scripts/pip3.11.exe:__main__.py assumed to contain no DAGs. Skipping.
[2025-03-27T06:53:22.048+0000] {processor.py:927} WARNING - No viable dags retrieved from /opt/airflow/dags/env/Scripts/pip3.11.exe
[2025-03-27T06:53:22.108+0000] {processor.py:208} INFO - Processing /opt/airflow/dags/env/Scripts/pip3.11.exe took 0.133 seconds
[2025-03-27T06:53:53.312+0000] {processor.py:186} INFO - Started process (PID=612) to work on /opt/airflow/dags/env/Scripts/pip3.11.exe
[2025-03-27T06:53:53.315+0000] {processor.py:914} INFO - Processing file /opt/airflow/dags/env/Scripts/pip3.11.exe for tasks to queue
[2025-03-27T06:53:53.330+0000] {logging_mixin.py:190} INFO - [2025-03-27T06:53:53.330+0000] {dagbag.py:588} INFO - Filling up the DagBag from /opt/airflow/dags/env/Scripts/pip3.11.exe
[2025-03-27T06:53:53.360+0000] {logging_mixin.py:190} INFO - [2025-03-27T06:53:53.360+0000] {dagbag.py:435} INFO - File /opt/airflow/dags/env/Scripts/pip3.11.exe:__main__.py assumed to contain no DAGs. Skipping.
[2025-03-27T06:53:53.362+0000] {processor.py:927} WARNING - No viable dags retrieved from /opt/airflow/dags/env/Scripts/pip3.11.exe
[2025-03-27T06:53:53.424+0000] {processor.py:208} INFO - Processing /opt/airflow/dags/env/Scripts/pip3.11.exe took 0.141 seconds
[2025-03-27T06:54:24.350+0000] {processor.py:186} INFO - Started process (PID=616) to work on /opt/airflow/dags/env/Scripts/pip3.11.exe
[2025-03-27T06:54:24.352+0000] {processor.py:914} INFO - Processing file /opt/airflow/dags/env/Scripts/pip3.11.exe for tasks to queue
[2025-03-27T06:54:24.364+0000] {logging_mixin.py:190} INFO - [2025-03-27T06:54:24.362+0000] {dagbag.py:588} INFO - Filling up the DagBag from /opt/airflow/dags/env/Scripts/pip3.11.exe
[2025-03-27T06:54:24.389+0000] {logging_mixin.py:190} INFO - [2025-03-27T06:54:24.389+0000] {dagbag.py:435} INFO - File /opt/airflow/dags/env/Scripts/pip3.11.exe:__main__.py assumed to contain no DAGs. Skipping.
[2025-03-27T06:54:24.391+0000] {processor.py:927} WARNING - No viable dags retrieved from /opt/airflow/dags/env/Scripts/pip3.11.exe
[2025-03-27T06:54:24.441+0000] {processor.py:208} INFO - Processing /opt/airflow/dags/env/Scripts/pip3.11.exe took 0.130 seconds
[2025-03-27T06:54:55.011+0000] {processor.py:186} INFO - Started process (PID=620) to work on /opt/airflow/dags/env/Scripts/pip3.11.exe
[2025-03-27T06:54:55.022+0000] {processor.py:914} INFO - Processing file /opt/airflow/dags/env/Scripts/pip3.11.exe for tasks to queue
[2025-03-27T06:54:55.027+0000] {logging_mixin.py:190} INFO - [2025-03-27T06:54:55.026+0000] {dagbag.py:588} INFO - Filling up the DagBag from /opt/airflow/dags/env/Scripts/pip3.11.exe
[2025-03-27T06:54:55.062+0000] {logging_mixin.py:190} INFO - [2025-03-27T06:54:55.061+0000] {dagbag.py:435} INFO - File /opt/airflow/dags/env/Scripts/pip3.11.exe:__main__.py assumed to contain no DAGs. Skipping.
[2025-03-27T06:54:55.064+0000] {processor.py:927} WARNING - No viable dags retrieved from /opt/airflow/dags/env/Scripts/pip3.11.exe
[2025-03-27T06:54:55.113+0000] {processor.py:208} INFO - Processing /opt/airflow/dags/env/Scripts/pip3.11.exe took 0.125 seconds
[2025-03-27T06:55:26.033+0000] {processor.py:186} INFO - Started process (PID=624) to work on /opt/airflow/dags/env/Scripts/pip3.11.exe
[2025-03-27T06:55:26.035+0000] {processor.py:914} INFO - Processing file /opt/airflow/dags/env/Scripts/pip3.11.exe for tasks to queue
[2025-03-27T06:55:26.038+0000] {logging_mixin.py:190} INFO - [2025-03-27T06:55:26.038+0000] {dagbag.py:588} INFO - Filling up the DagBag from /opt/airflow/dags/env/Scripts/pip3.11.exe
[2025-03-27T06:55:26.055+0000] {logging_mixin.py:190} INFO - [2025-03-27T06:55:26.055+0000] {dagbag.py:435} INFO - File /opt/airflow/dags/env/Scripts/pip3.11.exe:__main__.py assumed to contain no DAGs. Skipping.
[2025-03-27T06:55:26.056+0000] {processor.py:927} WARNING - No viable dags retrieved from /opt/airflow/dags/env/Scripts/pip3.11.exe
[2025-03-27T06:55:26.083+0000] {processor.py:208} INFO - Processing /opt/airflow/dags/env/Scripts/pip3.11.exe took 0.060 seconds
[2025-03-27T06:55:57.007+0000] {processor.py:186} INFO - Started process (PID=628) to work on /opt/airflow/dags/env/Scripts/pip3.11.exe
[2025-03-27T06:55:57.009+0000] {processor.py:914} INFO - Processing file /opt/airflow/dags/env/Scripts/pip3.11.exe for tasks to queue
[2025-03-27T06:55:57.014+0000] {logging_mixin.py:190} INFO - [2025-03-27T06:55:57.013+0000] {dagbag.py:588} INFO - Filling up the DagBag from /opt/airflow/dags/env/Scripts/pip3.11.exe
[2025-03-27T06:55:57.032+0000] {logging_mixin.py:190} INFO - [2025-03-27T06:55:57.031+0000] {dagbag.py:435} INFO - File /opt/airflow/dags/env/Scripts/pip3.11.exe:__main__.py assumed to contain no DAGs. Skipping.
[2025-03-27T06:55:57.033+0000] {processor.py:927} WARNING - No viable dags retrieved from /opt/airflow/dags/env/Scripts/pip3.11.exe
[2025-03-27T06:55:57.066+0000] {processor.py:208} INFO - Processing /opt/airflow/dags/env/Scripts/pip3.11.exe took 0.070 seconds
[2025-03-27T06:56:27.471+0000] {processor.py:186} INFO - Started process (PID=632) to work on /opt/airflow/dags/env/Scripts/pip3.11.exe
[2025-03-27T06:56:27.473+0000] {processor.py:914} INFO - Processing file /opt/airflow/dags/env/Scripts/pip3.11.exe for tasks to queue
[2025-03-27T06:56:27.486+0000] {logging_mixin.py:190} INFO - [2025-03-27T06:56:27.485+0000] {dagbag.py:588} INFO - Filling up the DagBag from /opt/airflow/dags/env/Scripts/pip3.11.exe
[2025-03-27T06:56:27.526+0000] {logging_mixin.py:190} INFO - [2025-03-27T06:56:27.525+0000] {dagbag.py:435} INFO - File /opt/airflow/dags/env/Scripts/pip3.11.exe:__main__.py assumed to contain no DAGs. Skipping.
[2025-03-27T06:56:27.529+0000] {processor.py:927} WARNING - No viable dags retrieved from /opt/airflow/dags/env/Scripts/pip3.11.exe
[2025-03-27T06:56:27.579+0000] {processor.py:208} INFO - Processing /opt/airflow/dags/env/Scripts/pip3.11.exe took 0.132 seconds
[2025-03-27T06:56:57.906+0000] {processor.py:186} INFO - Started process (PID=636) to work on /opt/airflow/dags/env/Scripts/pip3.11.exe
[2025-03-27T06:56:57.911+0000] {processor.py:914} INFO - Processing file /opt/airflow/dags/env/Scripts/pip3.11.exe for tasks to queue
[2025-03-27T06:56:57.923+0000] {logging_mixin.py:190} INFO - [2025-03-27T06:56:57.921+0000] {dagbag.py:588} INFO - Filling up the DagBag from /opt/airflow/dags/env/Scripts/pip3.11.exe
[2025-03-27T06:56:57.962+0000] {logging_mixin.py:190} INFO - [2025-03-27T06:56:57.962+0000] {dagbag.py:435} INFO - File /opt/airflow/dags/env/Scripts/pip3.11.exe:__main__.py assumed to contain no DAGs. Skipping.
[2025-03-27T06:56:57.965+0000] {processor.py:927} WARNING - No viable dags retrieved from /opt/airflow/dags/env/Scripts/pip3.11.exe
[2025-03-27T06:56:58.015+0000] {processor.py:208} INFO - Processing /opt/airflow/dags/env/Scripts/pip3.11.exe took 0.130 seconds
[2025-03-27T09:17:27.697+0000] {processor.py:186} INFO - Started process (PID=669) to work on /opt/airflow/dags/env/Scripts/pip3.11.exe
[2025-03-27T09:17:27.699+0000] {processor.py:914} INFO - Processing file /opt/airflow/dags/env/Scripts/pip3.11.exe for tasks to queue
[2025-03-27T09:17:27.703+0000] {logging_mixin.py:190} INFO - [2025-03-27T09:17:27.701+0000] {dagbag.py:588} INFO - Filling up the DagBag from /opt/airflow/dags/env/Scripts/pip3.11.exe
[2025-03-27T09:17:27.722+0000] {logging_mixin.py:190} INFO - [2025-03-27T09:17:27.722+0000] {dagbag.py:435} INFO - File /opt/airflow/dags/env/Scripts/pip3.11.exe:__main__.py assumed to contain no DAGs. Skipping.
[2025-03-27T09:17:27.724+0000] {processor.py:927} WARNING - No viable dags retrieved from /opt/airflow/dags/env/Scripts/pip3.11.exe
[2025-03-27T09:17:27.754+0000] {processor.py:208} INFO - Processing /opt/airflow/dags/env/Scripts/pip3.11.exe took 0.065 seconds
[2025-03-27T17:18:04.197+0000] {processor.py:186} INFO - Started process (PID=709) to work on /opt/airflow/dags/env/Scripts/pip3.11.exe
[2025-03-27T17:18:04.199+0000] {processor.py:914} INFO - Processing file /opt/airflow/dags/env/Scripts/pip3.11.exe for tasks to queue
[2025-03-27T17:18:04.205+0000] {logging_mixin.py:190} INFO - [2025-03-27T17:18:04.204+0000] {dagbag.py:588} INFO - Filling up the DagBag from /opt/airflow/dags/env/Scripts/pip3.11.exe
[2025-03-27T17:18:04.219+0000] {logging_mixin.py:190} INFO - [2025-03-27T17:18:04.219+0000] {dagbag.py:435} INFO - File /opt/airflow/dags/env/Scripts/pip3.11.exe:__main__.py assumed to contain no DAGs. Skipping.
[2025-03-27T17:18:04.221+0000] {processor.py:927} WARNING - No viable dags retrieved from /opt/airflow/dags/env/Scripts/pip3.11.exe
[2025-03-27T17:18:04.252+0000] {processor.py:208} INFO - Processing /opt/airflow/dags/env/Scripts/pip3.11.exe took 0.063 seconds
[2025-03-27T17:18:35.472+0000] {processor.py:186} INFO - Started process (PID=733) to work on /opt/airflow/dags/env/Scripts/pip3.11.exe
[2025-03-27T17:18:35.474+0000] {processor.py:914} INFO - Processing file /opt/airflow/dags/env/Scripts/pip3.11.exe for tasks to queue
[2025-03-27T17:18:35.479+0000] {logging_mixin.py:190} INFO - [2025-03-27T17:18:35.478+0000] {dagbag.py:588} INFO - Filling up the DagBag from /opt/airflow/dags/env/Scripts/pip3.11.exe
[2025-03-27T17:18:35.497+0000] {logging_mixin.py:190} INFO - [2025-03-27T17:18:35.497+0000] {dagbag.py:435} INFO - File /opt/airflow/dags/env/Scripts/pip3.11.exe:__main__.py assumed to contain no DAGs. Skipping.
[2025-03-27T17:18:35.499+0000] {processor.py:927} WARNING - No viable dags retrieved from /opt/airflow/dags/env/Scripts/pip3.11.exe
[2025-03-27T17:18:35.535+0000] {processor.py:208} INFO - Processing /opt/airflow/dags/env/Scripts/pip3.11.exe took 0.081 seconds
[2025-03-27T17:33:40.450+0000] {processor.py:186} INFO - Started process (PID=767) to work on /opt/airflow/dags/env/Scripts/pip3.11.exe
[2025-03-27T17:33:40.451+0000] {processor.py:914} INFO - Processing file /opt/airflow/dags/env/Scripts/pip3.11.exe for tasks to queue
[2025-03-27T17:33:40.455+0000] {logging_mixin.py:190} INFO - [2025-03-27T17:33:40.454+0000] {dagbag.py:588} INFO - Filling up the DagBag from /opt/airflow/dags/env/Scripts/pip3.11.exe
[2025-03-27T17:33:40.474+0000] {logging_mixin.py:190} INFO - [2025-03-27T17:33:40.474+0000] {dagbag.py:435} INFO - File /opt/airflow/dags/env/Scripts/pip3.11.exe:__main__.py assumed to contain no DAGs. Skipping.
[2025-03-27T17:33:40.475+0000] {processor.py:927} WARNING - No viable dags retrieved from /opt/airflow/dags/env/Scripts/pip3.11.exe
[2025-03-27T17:33:40.507+0000] {processor.py:208} INFO - Processing /opt/airflow/dags/env/Scripts/pip3.11.exe took 0.066 seconds
[2025-03-27T17:34:13.057+0000] {processor.py:186} INFO - Started process (PID=791) to work on /opt/airflow/dags/env/Scripts/pip3.11.exe
[2025-03-27T17:34:13.058+0000] {processor.py:914} INFO - Processing file /opt/airflow/dags/env/Scripts/pip3.11.exe for tasks to queue
[2025-03-27T17:34:13.061+0000] {logging_mixin.py:190} INFO - [2025-03-27T17:34:13.060+0000] {dagbag.py:588} INFO - Filling up the DagBag from /opt/airflow/dags/env/Scripts/pip3.11.exe
[2025-03-27T17:34:13.077+0000] {logging_mixin.py:190} INFO - [2025-03-27T17:34:13.077+0000] {dagbag.py:435} INFO - File /opt/airflow/dags/env/Scripts/pip3.11.exe:__main__.py assumed to contain no DAGs. Skipping.
[2025-03-27T17:34:13.079+0000] {processor.py:927} WARNING - No viable dags retrieved from /opt/airflow/dags/env/Scripts/pip3.11.exe
[2025-03-27T17:34:13.104+0000] {processor.py:208} INFO - Processing /opt/airflow/dags/env/Scripts/pip3.11.exe took 0.056 seconds
[2025-03-27T17:39:14.654+0000] {processor.py:186} INFO - Started process (PID=843) to work on /opt/airflow/dags/env/Scripts/pip3.11.exe
[2025-03-27T17:39:14.655+0000] {processor.py:914} INFO - Processing file /opt/airflow/dags/env/Scripts/pip3.11.exe for tasks to queue
[2025-03-27T17:39:14.657+0000] {logging_mixin.py:190} INFO - [2025-03-27T17:39:14.657+0000] {dagbag.py:588} INFO - Filling up the DagBag from /opt/airflow/dags/env/Scripts/pip3.11.exe
[2025-03-27T17:39:14.676+0000] {logging_mixin.py:190} INFO - [2025-03-27T17:39:14.676+0000] {dagbag.py:435} INFO - File /opt/airflow/dags/env/Scripts/pip3.11.exe:__main__.py assumed to contain no DAGs. Skipping.
[2025-03-27T17:39:14.677+0000] {processor.py:927} WARNING - No viable dags retrieved from /opt/airflow/dags/env/Scripts/pip3.11.exe
[2025-03-27T17:39:14.702+0000] {processor.py:208} INFO - Processing /opt/airflow/dags/env/Scripts/pip3.11.exe took 0.060 seconds
[2025-03-27T17:54:56.301+0000] {processor.py:186} INFO - Started process (PID=885) to work on /opt/airflow/dags/env/Scripts/pip3.11.exe
[2025-03-27T17:54:56.303+0000] {processor.py:914} INFO - Processing file /opt/airflow/dags/env/Scripts/pip3.11.exe for tasks to queue
[2025-03-27T17:54:56.307+0000] {logging_mixin.py:190} INFO - [2025-03-27T17:54:56.306+0000] {dagbag.py:588} INFO - Filling up the DagBag from /opt/airflow/dags/env/Scripts/pip3.11.exe
[2025-03-27T17:54:56.338+0000] {logging_mixin.py:190} INFO - [2025-03-27T17:54:56.338+0000] {dagbag.py:435} INFO - File /opt/airflow/dags/env/Scripts/pip3.11.exe:__main__.py assumed to contain no DAGs. Skipping.
[2025-03-27T17:54:56.340+0000] {processor.py:927} WARNING - No viable dags retrieved from /opt/airflow/dags/env/Scripts/pip3.11.exe
[2025-03-27T17:54:56.378+0000] {processor.py:208} INFO - Processing /opt/airflow/dags/env/Scripts/pip3.11.exe took 0.112 seconds
