[2025-03-27T08:05:15.584+0000] {processor.py:186} INFO - Started process (PID=651) to work on /opt/airflow/dags/env/Scripts/pybabel.exe
[2025-03-27T08:05:15.585+0000] {processor.py:914} INFO - Processing file /opt/airflow/dags/env/Scripts/pybabel.exe for tasks to queue
[2025-03-27T08:05:15.588+0000] {logging_mixin.py:190} INFO - [2025-03-27T08:05:15.588+0000] {dagbag.py:588} INFO - Filling up the DagBag from /opt/airflow/dags/env/Scripts/pybabel.exe
[2025-03-27T08:05:15.604+0000] {logging_mixin.py:190} INFO - [2025-03-27T08:05:15.603+0000] {dagbag.py:435} INFO - File /opt/airflow/dags/env/Scripts/pybabel.exe:__main__.py assumed to contain no DAGs. Skipping.
[2025-03-27T08:05:15.605+0000] {processor.py:927} WARNING - No viable dags retrieved from /opt/airflow/dags/env/Scripts/pybabel.exe
[2025-03-27T08:05:15.629+0000] {processor.py:208} INFO - Processing /opt/airflow/dags/env/Scripts/pybabel.exe took 0.053 seconds
[2025-03-27T17:13:29.590+0000] {processor.py:186} INFO - Started process (PID=693) to work on /opt/airflow/dags/env/Scripts/pybabel.exe
[2025-03-27T17:13:29.597+0000] {processor.py:914} INFO - Processing file /opt/airflow/dags/env/Scripts/pybabel.exe for tasks to queue
[2025-03-27T17:13:29.603+0000] {logging_mixin.py:190} INFO - [2025-03-27T17:13:29.602+0000] {dagbag.py:588} INFO - Filling up the DagBag from /opt/airflow/dags/env/Scripts/pybabel.exe
[2025-03-27T17:13:29.620+0000] {logging_mixin.py:190} INFO - [2025-03-27T17:13:29.619+0000] {dagbag.py:435} INFO - File /opt/airflow/dags/env/Scripts/pybabel.exe:__main__.py assumed to contain no DAGs. Skipping.
[2025-03-27T17:13:29.621+0000] {processor.py:927} WARNING - No viable dags retrieved from /opt/airflow/dags/env/Scripts/pybabel.exe
[2025-03-27T17:13:29.668+0000] {processor.py:208} INFO - Processing /opt/airflow/dags/env/Scripts/pybabel.exe took 0.093 seconds
[2025-03-27T17:18:20.448+0000] {processor.py:186} INFO - Started process (PID=723) to work on /opt/airflow/dags/env/Scripts/pybabel.exe
[2025-03-27T17:18:20.449+0000] {processor.py:914} INFO - Processing file /opt/airflow/dags/env/Scripts/pybabel.exe for tasks to queue
[2025-03-27T17:18:20.454+0000] {logging_mixin.py:190} INFO - [2025-03-27T17:18:20.453+0000] {dagbag.py:588} INFO - Filling up the DagBag from /opt/airflow/dags/env/Scripts/pybabel.exe
[2025-03-27T17:18:20.470+0000] {logging_mixin.py:190} INFO - [2025-03-27T17:18:20.470+0000] {dagbag.py:435} INFO - File /opt/airflow/dags/env/Scripts/pybabel.exe:__main__.py assumed to contain no DAGs. Skipping.
[2025-03-27T17:18:20.471+0000] {processor.py:927} WARNING - No viable dags retrieved from /opt/airflow/dags/env/Scripts/pybabel.exe
[2025-03-27T17:18:20.503+0000] {processor.py:208} INFO - Processing /opt/airflow/dags/env/Scripts/pybabel.exe took 0.067 seconds
[2025-03-27T17:33:28.100+0000] {processor.py:186} INFO - Started process (PID=757) to work on /opt/airflow/dags/env/Scripts/pybabel.exe
[2025-03-27T17:33:28.102+0000] {processor.py:914} INFO - Processing file /opt/airflow/dags/env/Scripts/pybabel.exe for tasks to queue
[2025-03-27T17:33:28.104+0000] {logging_mixin.py:190} INFO - [2025-03-27T17:33:28.104+0000] {dagbag.py:588} INFO - Filling up the DagBag from /opt/airflow/dags/env/Scripts/pybabel.exe
[2025-03-27T17:33:28.120+0000] {logging_mixin.py:190} INFO - [2025-03-27T17:33:28.120+0000] {dagbag.py:435} INFO - File /opt/airflow/dags/env/Scripts/pybabel.exe:__main__.py assumed to contain no DAGs. Skipping.
[2025-03-27T17:33:28.135+0000] {processor.py:927} WARNING - No viable dags retrieved from /opt/airflow/dags/env/Scripts/pybabel.exe
[2025-03-27T17:33:28.167+0000] {processor.py:208} INFO - Processing /opt/airflow/dags/env/Scripts/pybabel.exe took 0.074 seconds
[2025-03-27T17:34:00.016+0000] {processor.py:186} INFO - Started process (PID=781) to work on /opt/airflow/dags/env/Scripts/pybabel.exe
[2025-03-27T17:34:00.021+0000] {processor.py:914} INFO - Processing file /opt/airflow/dags/env/Scripts/pybabel.exe for tasks to queue
[2025-03-27T17:34:00.031+0000] {logging_mixin.py:190} INFO - [2025-03-27T17:34:00.023+0000] {dagbag.py:588} INFO - Filling up the DagBag from /opt/airflow/dags/env/Scripts/pybabel.exe
[2025-03-27T17:34:00.060+0000] {logging_mixin.py:190} INFO - [2025-03-27T17:34:00.059+0000] {dagbag.py:435} INFO - File /opt/airflow/dags/env/Scripts/pybabel.exe:__main__.py assumed to contain no DAGs. Skipping.
[2025-03-27T17:34:00.062+0000] {processor.py:927} WARNING - No viable dags retrieved from /opt/airflow/dags/env/Scripts/pybabel.exe
[2025-03-27T17:34:00.123+0000] {processor.py:208} INFO - Processing /opt/airflow/dags/env/Scripts/pybabel.exe took 0.128 seconds
[2025-03-27T17:34:31.711+0000] {processor.py:186} INFO - Started process (PID=805) to work on /opt/airflow/dags/env/Scripts/pybabel.exe
[2025-03-27T17:34:31.713+0000] {processor.py:914} INFO - Processing file /opt/airflow/dags/env/Scripts/pybabel.exe for tasks to queue
[2025-03-27T17:34:31.716+0000] {logging_mixin.py:190} INFO - [2025-03-27T17:34:31.715+0000] {dagbag.py:588} INFO - Filling up the DagBag from /opt/airflow/dags/env/Scripts/pybabel.exe
[2025-03-27T17:34:31.741+0000] {logging_mixin.py:190} INFO - [2025-03-27T17:34:31.741+0000] {dagbag.py:435} INFO - File /opt/airflow/dags/env/Scripts/pybabel.exe:__main__.py assumed to contain no DAGs. Skipping.
[2025-03-27T17:34:31.743+0000] {processor.py:927} WARNING - No viable dags retrieved from /opt/airflow/dags/env/Scripts/pybabel.exe
[2025-03-27T17:34:31.774+0000] {processor.py:208} INFO - Processing /opt/airflow/dags/env/Scripts/pybabel.exe took 0.092 seconds
[2025-03-27T17:38:52.072+0000] {processor.py:186} INFO - Started process (PID=823) to work on /opt/airflow/dags/env/Scripts/pybabel.exe
[2025-03-27T17:38:52.075+0000] {processor.py:914} INFO - Processing file /opt/airflow/dags/env/Scripts/pybabel.exe for tasks to queue
[2025-03-27T17:38:52.078+0000] {logging_mixin.py:190} INFO - [2025-03-27T17:38:52.078+0000] {dagbag.py:588} INFO - Filling up the DagBag from /opt/airflow/dags/env/Scripts/pybabel.exe
[2025-03-27T17:38:52.099+0000] {logging_mixin.py:190} INFO - [2025-03-27T17:38:52.098+0000] {dagbag.py:435} INFO - File /opt/airflow/dags/env/Scripts/pybabel.exe:__main__.py assumed to contain no DAGs. Skipping.
[2025-03-27T17:38:52.101+0000] {processor.py:927} WARNING - No viable dags retrieved from /opt/airflow/dags/env/Scripts/pybabel.exe
[2025-03-27T17:38:52.137+0000] {processor.py:208} INFO - Processing /opt/airflow/dags/env/Scripts/pybabel.exe took 0.081 seconds
[2025-03-27T17:39:31.461+0000] {processor.py:186} INFO - Started process (PID=858) to work on /opt/airflow/dags/env/Scripts/pybabel.exe
[2025-03-27T17:39:31.462+0000] {processor.py:914} INFO - Processing file /opt/airflow/dags/env/Scripts/pybabel.exe for tasks to queue
[2025-03-27T17:39:31.465+0000] {logging_mixin.py:190} INFO - [2025-03-27T17:39:31.464+0000] {dagbag.py:588} INFO - Filling up the DagBag from /opt/airflow/dags/env/Scripts/pybabel.exe
[2025-03-27T17:39:31.488+0000] {logging_mixin.py:190} INFO - [2025-03-27T17:39:31.488+0000] {dagbag.py:435} INFO - File /opt/airflow/dags/env/Scripts/pybabel.exe:__main__.py assumed to contain no DAGs. Skipping.
[2025-03-27T17:39:31.490+0000] {processor.py:927} WARNING - No viable dags retrieved from /opt/airflow/dags/env/Scripts/pybabel.exe
[2025-03-27T17:39:31.519+0000] {processor.py:208} INFO - Processing /opt/airflow/dags/env/Scripts/pybabel.exe took 0.067 seconds
[2025-03-27T17:49:27.408+0000] {processor.py:186} INFO - Started process (PID=876) to work on /opt/airflow/dags/env/Scripts/pybabel.exe
[2025-03-27T17:49:27.410+0000] {processor.py:914} INFO - Processing file /opt/airflow/dags/env/Scripts/pybabel.exe for tasks to queue
[2025-03-27T17:49:27.425+0000] {logging_mixin.py:190} INFO - [2025-03-27T17:49:27.417+0000] {dagbag.py:588} INFO - Filling up the DagBag from /opt/airflow/dags/env/Scripts/pybabel.exe
[2025-03-27T17:49:27.466+0000] {logging_mixin.py:190} INFO - [2025-03-27T17:49:27.466+0000] {dagbag.py:435} INFO - File /opt/airflow/dags/env/Scripts/pybabel.exe:__main__.py assumed to contain no DAGs. Skipping.
[2025-03-27T17:49:27.469+0000] {processor.py:927} WARNING - No viable dags retrieved from /opt/airflow/dags/env/Scripts/pybabel.exe
[2025-03-27T17:49:27.630+0000] {processor.py:208} INFO - Processing /opt/airflow/dags/env/Scripts/pybabel.exe took 0.228 seconds
