[2025-03-27T07:47:44.447+0000] {processor.py:186} INFO - Started process (PID=648) to work on /opt/airflow/dags/env/Scripts/pyrsa-priv2pub.exe
[2025-03-27T07:47:44.449+0000] {processor.py:914} INFO - Processing file /opt/airflow/dags/env/Scripts/pyrsa-priv2pub.exe for tasks to queue
[2025-03-27T07:47:44.458+0000] {logging_mixin.py:190} INFO - [2025-03-27T07:47:44.458+0000] {dagbag.py:588} INFO - Filling up the DagBag from /opt/airflow/dags/env/Scripts/pyrsa-priv2pub.exe
[2025-03-27T07:47:44.480+0000] {logging_mixin.py:190} INFO - [2025-03-27T07:47:44.480+0000] {dagbag.py:435} INFO - File /opt/airflow/dags/env/Scripts/pyrsa-priv2pub.exe:__main__.py assumed to contain no DAGs. Skipping.
[2025-03-27T07:47:44.481+0000] {processor.py:927} WARNING - No viable dags retrieved from /opt/airflow/dags/env/Scripts/pyrsa-priv2pub.exe
[2025-03-27T07:47:44.502+0000] {processor.py:208} INFO - Processing /opt/airflow/dags/env/Scripts/pyrsa-priv2pub.exe took 0.064 seconds
[2025-03-27T17:13:25.594+0000] {processor.py:186} INFO - Started process (PID=690) to work on /opt/airflow/dags/env/Scripts/pyrsa-priv2pub.exe
[2025-03-27T17:13:25.596+0000] {processor.py:914} INFO - Processing file /opt/airflow/dags/env/Scripts/pyrsa-priv2pub.exe for tasks to queue
[2025-03-27T17:13:25.607+0000] {logging_mixin.py:190} INFO - [2025-03-27T17:13:25.606+0000] {dagbag.py:588} INFO - Filling up the DagBag from /opt/airflow/dags/env/Scripts/pyrsa-priv2pub.exe
[2025-03-27T17:13:25.625+0000] {logging_mixin.py:190} INFO - [2025-03-27T17:13:25.625+0000] {dagbag.py:435} INFO - File /opt/airflow/dags/env/Scripts/pyrsa-priv2pub.exe:__main__.py assumed to contain no DAGs. Skipping.
[2025-03-27T17:13:25.627+0000] {processor.py:927} WARNING - No viable dags retrieved from /opt/airflow/dags/env/Scripts/pyrsa-priv2pub.exe
[2025-03-27T17:13:25.662+0000] {processor.py:208} INFO - Processing /opt/airflow/dags/env/Scripts/pyrsa-priv2pub.exe took 0.082 seconds
[2025-03-27T17:18:17.518+0000] {processor.py:186} INFO - Started process (PID=720) to work on /opt/airflow/dags/env/Scripts/pyrsa-priv2pub.exe
[2025-03-27T17:18:17.521+0000] {processor.py:914} INFO - Processing file /opt/airflow/dags/env/Scripts/pyrsa-priv2pub.exe for tasks to queue
[2025-03-27T17:18:17.528+0000] {logging_mixin.py:190} INFO - [2025-03-27T17:18:17.527+0000] {dagbag.py:588} INFO - Filling up the DagBag from /opt/airflow/dags/env/Scripts/pyrsa-priv2pub.exe
[2025-03-27T17:18:17.545+0000] {logging_mixin.py:190} INFO - [2025-03-27T17:18:17.544+0000] {dagbag.py:435} INFO - File /opt/airflow/dags/env/Scripts/pyrsa-priv2pub.exe:__main__.py assumed to contain no DAGs. Skipping.
[2025-03-27T17:18:17.546+0000] {processor.py:927} WARNING - No viable dags retrieved from /opt/airflow/dags/env/Scripts/pyrsa-priv2pub.exe
[2025-03-27T17:18:17.582+0000] {processor.py:208} INFO - Processing /opt/airflow/dags/env/Scripts/pyrsa-priv2pub.exe took 0.072 seconds
[2025-03-27T17:33:25.694+0000] {processor.py:186} INFO - Started process (PID=754) to work on /opt/airflow/dags/env/Scripts/pyrsa-priv2pub.exe
[2025-03-27T17:33:25.696+0000] {processor.py:914} INFO - Processing file /opt/airflow/dags/env/Scripts/pyrsa-priv2pub.exe for tasks to queue
[2025-03-27T17:33:25.699+0000] {logging_mixin.py:190} INFO - [2025-03-27T17:33:25.698+0000] {dagbag.py:588} INFO - Filling up the DagBag from /opt/airflow/dags/env/Scripts/pyrsa-priv2pub.exe
[2025-03-27T17:33:25.717+0000] {logging_mixin.py:190} INFO - [2025-03-27T17:33:25.716+0000] {dagbag.py:435} INFO - File /opt/airflow/dags/env/Scripts/pyrsa-priv2pub.exe:__main__.py assumed to contain no DAGs. Skipping.
[2025-03-27T17:33:25.718+0000] {processor.py:927} WARNING - No viable dags retrieved from /opt/airflow/dags/env/Scripts/pyrsa-priv2pub.exe
[2025-03-27T17:33:25.748+0000] {processor.py:208} INFO - Processing /opt/airflow/dags/env/Scripts/pyrsa-priv2pub.exe took 0.067 seconds
[2025-03-27T17:33:56.683+0000] {processor.py:186} INFO - Started process (PID=778) to work on /opt/airflow/dags/env/Scripts/pyrsa-priv2pub.exe
[2025-03-27T17:33:56.684+0000] {processor.py:914} INFO - Processing file /opt/airflow/dags/env/Scripts/pyrsa-priv2pub.exe for tasks to queue
[2025-03-27T17:33:56.686+0000] {logging_mixin.py:190} INFO - [2025-03-27T17:33:56.686+0000] {dagbag.py:588} INFO - Filling up the DagBag from /opt/airflow/dags/env/Scripts/pyrsa-priv2pub.exe
[2025-03-27T17:33:56.701+0000] {logging_mixin.py:190} INFO - [2025-03-27T17:33:56.701+0000] {dagbag.py:435} INFO - File /opt/airflow/dags/env/Scripts/pyrsa-priv2pub.exe:__main__.py assumed to contain no DAGs. Skipping.
[2025-03-27T17:33:56.703+0000] {processor.py:927} WARNING - No viable dags retrieved from /opt/airflow/dags/env/Scripts/pyrsa-priv2pub.exe
[2025-03-27T17:33:56.726+0000] {processor.py:208} INFO - Processing /opt/airflow/dags/env/Scripts/pyrsa-priv2pub.exe took 0.051 seconds
[2025-03-27T17:34:28.049+0000] {processor.py:186} INFO - Started process (PID=802) to work on /opt/airflow/dags/env/Scripts/pyrsa-priv2pub.exe
[2025-03-27T17:34:28.050+0000] {processor.py:914} INFO - Processing file /opt/airflow/dags/env/Scripts/pyrsa-priv2pub.exe for tasks to queue
[2025-03-27T17:34:28.052+0000] {logging_mixin.py:190} INFO - [2025-03-27T17:34:28.052+0000] {dagbag.py:588} INFO - Filling up the DagBag from /opt/airflow/dags/env/Scripts/pyrsa-priv2pub.exe
[2025-03-27T17:34:28.071+0000] {logging_mixin.py:190} INFO - [2025-03-27T17:34:28.070+0000] {dagbag.py:435} INFO - File /opt/airflow/dags/env/Scripts/pyrsa-priv2pub.exe:__main__.py assumed to contain no DAGs. Skipping.
[2025-03-27T17:34:28.072+0000] {processor.py:927} WARNING - No viable dags retrieved from /opt/airflow/dags/env/Scripts/pyrsa-priv2pub.exe
[2025-03-27T17:34:28.113+0000] {processor.py:208} INFO - Processing /opt/airflow/dags/env/Scripts/pyrsa-priv2pub.exe took 0.073 seconds
[2025-03-27T17:38:48.224+0000] {processor.py:186} INFO - Started process (PID=820) to work on /opt/airflow/dags/env/Scripts/pyrsa-priv2pub.exe
[2025-03-27T17:38:48.226+0000] {processor.py:914} INFO - Processing file /opt/airflow/dags/env/Scripts/pyrsa-priv2pub.exe for tasks to queue
[2025-03-27T17:38:48.230+0000] {logging_mixin.py:190} INFO - [2025-03-27T17:38:48.229+0000] {dagbag.py:588} INFO - Filling up the DagBag from /opt/airflow/dags/env/Scripts/pyrsa-priv2pub.exe
[2025-03-27T17:38:48.262+0000] {logging_mixin.py:190} INFO - [2025-03-27T17:38:48.261+0000] {dagbag.py:435} INFO - File /opt/airflow/dags/env/Scripts/pyrsa-priv2pub.exe:__main__.py assumed to contain no DAGs. Skipping.
[2025-03-27T17:38:48.264+0000] {processor.py:927} WARNING - No viable dags retrieved from /opt/airflow/dags/env/Scripts/pyrsa-priv2pub.exe
[2025-03-27T17:38:48.333+0000] {processor.py:208} INFO - Processing /opt/airflow/dags/env/Scripts/pyrsa-priv2pub.exe took 0.132 seconds
[2025-03-27T17:39:28.072+0000] {processor.py:186} INFO - Started process (PID=855) to work on /opt/airflow/dags/env/Scripts/pyrsa-priv2pub.exe
[2025-03-27T17:39:28.074+0000] {processor.py:914} INFO - Processing file /opt/airflow/dags/env/Scripts/pyrsa-priv2pub.exe for tasks to queue
[2025-03-27T17:39:28.075+0000] {logging_mixin.py:190} INFO - [2025-03-27T17:39:28.075+0000] {dagbag.py:588} INFO - Filling up the DagBag from /opt/airflow/dags/env/Scripts/pyrsa-priv2pub.exe
[2025-03-27T17:39:28.095+0000] {logging_mixin.py:190} INFO - [2025-03-27T17:39:28.095+0000] {dagbag.py:435} INFO - File /opt/airflow/dags/env/Scripts/pyrsa-priv2pub.exe:__main__.py assumed to contain no DAGs. Skipping.
[2025-03-27T17:39:28.096+0000] {processor.py:927} WARNING - No viable dags retrieved from /opt/airflow/dags/env/Scripts/pyrsa-priv2pub.exe
[2025-03-27T17:39:28.135+0000] {processor.py:208} INFO - Processing /opt/airflow/dags/env/Scripts/pyrsa-priv2pub.exe took 0.072 seconds
[2025-03-27T17:44:34.299+0000] {processor.py:186} INFO - Started process (PID=872) to work on /opt/airflow/dags/env/Scripts/pyrsa-priv2pub.exe
[2025-03-27T17:44:34.302+0000] {processor.py:914} INFO - Processing file /opt/airflow/dags/env/Scripts/pyrsa-priv2pub.exe for tasks to queue
[2025-03-27T17:44:34.305+0000] {logging_mixin.py:190} INFO - [2025-03-27T17:44:34.304+0000] {dagbag.py:588} INFO - Filling up the DagBag from /opt/airflow/dags/env/Scripts/pyrsa-priv2pub.exe
[2025-03-27T17:44:34.325+0000] {logging_mixin.py:190} INFO - [2025-03-27T17:44:34.324+0000] {dagbag.py:435} INFO - File /opt/airflow/dags/env/Scripts/pyrsa-priv2pub.exe:__main__.py assumed to contain no DAGs. Skipping.
[2025-03-27T17:44:34.327+0000] {processor.py:927} WARNING - No viable dags retrieved from /opt/airflow/dags/env/Scripts/pyrsa-priv2pub.exe
[2025-03-27T17:44:34.353+0000] {processor.py:208} INFO - Processing /opt/airflow/dags/env/Scripts/pyrsa-priv2pub.exe took 0.063 seconds
