[2025-03-27T07:42:26.705+0000] {processor.py:186} INFO - Started process (PID=647) to work on /opt/airflow/dags/env/Scripts/pyrsa-keygen.exe
[2025-03-27T07:42:26.707+0000] {processor.py:914} INFO - Processing file /opt/airflow/dags/env/Scripts/pyrsa-keygen.exe for tasks to queue
[2025-03-27T07:42:26.714+0000] {logging_mixin.py:190} INFO - [2025-03-27T07:42:26.713+0000] {dagbag.py:588} INFO - Filling up the DagBag from /opt/airflow/dags/env/Scripts/pyrsa-keygen.exe
[2025-03-27T07:42:26.754+0000] {logging_mixin.py:190} INFO - [2025-03-27T07:42:26.753+0000] {dagbag.py:435} INFO - File /opt/airflow/dags/env/Scripts/pyrsa-keygen.exe:__main__.py assumed to contain no DAGs. Skipping.
[2025-03-27T07:42:26.756+0000] {processor.py:927} WARNING - No viable dags retrieved from /opt/airflow/dags/env/Scripts/pyrsa-keygen.exe
[2025-03-27T07:42:26.804+0000] {processor.py:208} INFO - Processing /opt/airflow/dags/env/Scripts/pyrsa-keygen.exe took 0.110 seconds
[2025-03-27T17:13:24.229+0000] {processor.py:186} INFO - Started process (PID=689) to work on /opt/airflow/dags/env/Scripts/pyrsa-keygen.exe
[2025-03-27T17:13:24.231+0000] {processor.py:914} INFO - Processing file /opt/airflow/dags/env/Scripts/pyrsa-keygen.exe for tasks to queue
[2025-03-27T17:13:24.237+0000] {logging_mixin.py:190} INFO - [2025-03-27T17:13:24.236+0000] {dagbag.py:588} INFO - Filling up the DagBag from /opt/airflow/dags/env/Scripts/pyrsa-keygen.exe
[2025-03-27T17:13:24.253+0000] {logging_mixin.py:190} INFO - [2025-03-27T17:13:24.252+0000] {dagbag.py:435} INFO - File /opt/airflow/dags/env/Scripts/pyrsa-keygen.exe:__main__.py assumed to contain no DAGs. Skipping.
[2025-03-27T17:13:24.254+0000] {processor.py:927} WARNING - No viable dags retrieved from /opt/airflow/dags/env/Scripts/pyrsa-keygen.exe
[2025-03-27T17:13:24.287+0000] {processor.py:208} INFO - Processing /opt/airflow/dags/env/Scripts/pyrsa-keygen.exe took 0.073 seconds
[2025-03-27T17:18:16.242+0000] {processor.py:186} INFO - Started process (PID=719) to work on /opt/airflow/dags/env/Scripts/pyrsa-keygen.exe
[2025-03-27T17:18:16.244+0000] {processor.py:914} INFO - Processing file /opt/airflow/dags/env/Scripts/pyrsa-keygen.exe for tasks to queue
[2025-03-27T17:18:16.249+0000] {logging_mixin.py:190} INFO - [2025-03-27T17:18:16.248+0000] {dagbag.py:588} INFO - Filling up the DagBag from /opt/airflow/dags/env/Scripts/pyrsa-keygen.exe
[2025-03-27T17:18:16.263+0000] {logging_mixin.py:190} INFO - [2025-03-27T17:18:16.263+0000] {dagbag.py:435} INFO - File /opt/airflow/dags/env/Scripts/pyrsa-keygen.exe:__main__.py assumed to contain no DAGs. Skipping.
[2025-03-27T17:18:16.265+0000] {processor.py:927} WARNING - No viable dags retrieved from /opt/airflow/dags/env/Scripts/pyrsa-keygen.exe
[2025-03-27T17:18:16.296+0000] {processor.py:208} INFO - Processing /opt/airflow/dags/env/Scripts/pyrsa-keygen.exe took 0.065 seconds
[2025-03-27T17:33:24.198+0000] {processor.py:186} INFO - Started process (PID=753) to work on /opt/airflow/dags/env/Scripts/pyrsa-keygen.exe
[2025-03-27T17:33:24.209+0000] {processor.py:914} INFO - Processing file /opt/airflow/dags/env/Scripts/pyrsa-keygen.exe for tasks to queue
[2025-03-27T17:33:24.212+0000] {logging_mixin.py:190} INFO - [2025-03-27T17:33:24.211+0000] {dagbag.py:588} INFO - Filling up the DagBag from /opt/airflow/dags/env/Scripts/pyrsa-keygen.exe
[2025-03-27T17:33:24.255+0000] {logging_mixin.py:190} INFO - [2025-03-27T17:33:24.254+0000] {dagbag.py:435} INFO - File /opt/airflow/dags/env/Scripts/pyrsa-keygen.exe:__main__.py assumed to contain no DAGs. Skipping.
[2025-03-27T17:33:24.310+0000] {processor.py:927} WARNING - No viable dags retrieved from /opt/airflow/dags/env/Scripts/pyrsa-keygen.exe
[2025-03-27T17:33:24.372+0000] {processor.py:208} INFO - Processing /opt/airflow/dags/env/Scripts/pyrsa-keygen.exe took 0.193 seconds
[2025-03-27T17:33:55.371+0000] {processor.py:186} INFO - Started process (PID=777) to work on /opt/airflow/dags/env/Scripts/pyrsa-keygen.exe
[2025-03-27T17:33:55.373+0000] {processor.py:914} INFO - Processing file /opt/airflow/dags/env/Scripts/pyrsa-keygen.exe for tasks to queue
[2025-03-27T17:33:55.376+0000] {logging_mixin.py:190} INFO - [2025-03-27T17:33:55.375+0000] {dagbag.py:588} INFO - Filling up the DagBag from /opt/airflow/dags/env/Scripts/pyrsa-keygen.exe
[2025-03-27T17:33:55.393+0000] {logging_mixin.py:190} INFO - [2025-03-27T17:33:55.393+0000] {dagbag.py:435} INFO - File /opt/airflow/dags/env/Scripts/pyrsa-keygen.exe:__main__.py assumed to contain no DAGs. Skipping.
[2025-03-27T17:33:55.395+0000] {processor.py:927} WARNING - No viable dags retrieved from /opt/airflow/dags/env/Scripts/pyrsa-keygen.exe
[2025-03-27T17:33:55.421+0000] {processor.py:208} INFO - Processing /opt/airflow/dags/env/Scripts/pyrsa-keygen.exe took 0.058 seconds
[2025-03-27T17:34:26.779+0000] {processor.py:186} INFO - Started process (PID=801) to work on /opt/airflow/dags/env/Scripts/pyrsa-keygen.exe
[2025-03-27T17:34:26.780+0000] {processor.py:914} INFO - Processing file /opt/airflow/dags/env/Scripts/pyrsa-keygen.exe for tasks to queue
[2025-03-27T17:34:26.782+0000] {logging_mixin.py:190} INFO - [2025-03-27T17:34:26.781+0000] {dagbag.py:588} INFO - Filling up the DagBag from /opt/airflow/dags/env/Scripts/pyrsa-keygen.exe
[2025-03-27T17:34:26.797+0000] {logging_mixin.py:190} INFO - [2025-03-27T17:34:26.797+0000] {dagbag.py:435} INFO - File /opt/airflow/dags/env/Scripts/pyrsa-keygen.exe:__main__.py assumed to contain no DAGs. Skipping.
[2025-03-27T17:34:26.798+0000] {processor.py:927} WARNING - No viable dags retrieved from /opt/airflow/dags/env/Scripts/pyrsa-keygen.exe
[2025-03-27T17:34:26.833+0000] {processor.py:208} INFO - Processing /opt/airflow/dags/env/Scripts/pyrsa-keygen.exe took 0.061 seconds
[2025-03-27T17:38:46.619+0000] {processor.py:186} INFO - Started process (PID=819) to work on /opt/airflow/dags/env/Scripts/pyrsa-keygen.exe
[2025-03-27T17:38:46.621+0000] {processor.py:914} INFO - Processing file /opt/airflow/dags/env/Scripts/pyrsa-keygen.exe for tasks to queue
[2025-03-27T17:38:46.624+0000] {logging_mixin.py:190} INFO - [2025-03-27T17:38:46.623+0000] {dagbag.py:588} INFO - Filling up the DagBag from /opt/airflow/dags/env/Scripts/pyrsa-keygen.exe
[2025-03-27T17:38:46.656+0000] {logging_mixin.py:190} INFO - [2025-03-27T17:38:46.656+0000] {dagbag.py:435} INFO - File /opt/airflow/dags/env/Scripts/pyrsa-keygen.exe:__main__.py assumed to contain no DAGs. Skipping.
[2025-03-27T17:38:46.660+0000] {processor.py:927} WARNING - No viable dags retrieved from /opt/airflow/dags/env/Scripts/pyrsa-keygen.exe
[2025-03-27T17:38:46.712+0000] {processor.py:208} INFO - Processing /opt/airflow/dags/env/Scripts/pyrsa-keygen.exe took 0.109 seconds
[2025-03-27T17:39:26.124+0000] {processor.py:186} INFO - Started process (PID=853) to work on /opt/airflow/dags/env/Scripts/pyrsa-keygen.exe
[2025-03-27T17:39:26.125+0000] {processor.py:914} INFO - Processing file /opt/airflow/dags/env/Scripts/pyrsa-keygen.exe for tasks to queue
[2025-03-27T17:39:26.128+0000] {logging_mixin.py:190} INFO - [2025-03-27T17:39:26.127+0000] {dagbag.py:588} INFO - Filling up the DagBag from /opt/airflow/dags/env/Scripts/pyrsa-keygen.exe
[2025-03-27T17:39:26.144+0000] {logging_mixin.py:190} INFO - [2025-03-27T17:39:26.144+0000] {dagbag.py:435} INFO - File /opt/airflow/dags/env/Scripts/pyrsa-keygen.exe:__main__.py assumed to contain no DAGs. Skipping.
[2025-03-27T17:39:26.145+0000] {processor.py:927} WARNING - No viable dags retrieved from /opt/airflow/dags/env/Scripts/pyrsa-keygen.exe
[2025-03-27T17:39:26.171+0000] {processor.py:208} INFO - Processing /opt/airflow/dags/env/Scripts/pyrsa-keygen.exe took 0.054 seconds
[2025-03-27T17:44:32.937+0000] {processor.py:186} INFO - Started process (PID=871) to work on /opt/airflow/dags/env/Scripts/pyrsa-keygen.exe
[2025-03-27T17:44:32.939+0000] {processor.py:914} INFO - Processing file /opt/airflow/dags/env/Scripts/pyrsa-keygen.exe for tasks to queue
[2025-03-27T17:44:32.941+0000] {logging_mixin.py:190} INFO - [2025-03-27T17:44:32.941+0000] {dagbag.py:588} INFO - Filling up the DagBag from /opt/airflow/dags/env/Scripts/pyrsa-keygen.exe
[2025-03-27T17:44:32.973+0000] {logging_mixin.py:190} INFO - [2025-03-27T17:44:32.973+0000] {dagbag.py:435} INFO - File /opt/airflow/dags/env/Scripts/pyrsa-keygen.exe:__main__.py assumed to contain no DAGs. Skipping.
[2025-03-27T17:44:32.975+0000] {processor.py:927} WARNING - No viable dags retrieved from /opt/airflow/dags/env/Scripts/pyrsa-keygen.exe
[2025-03-27T17:44:33.007+0000] {processor.py:208} INFO - Processing /opt/airflow/dags/env/Scripts/pyrsa-keygen.exe took 0.078 seconds
