[2025-03-27T07:59:27.219+0000] {processor.py:186} INFO - Started process (PID=650) to work on /opt/airflow/dags/env/Scripts/pyrsa-decrypt.exe
[2025-03-27T07:59:27.220+0000] {processor.py:914} INFO - Processing file /opt/airflow/dags/env/Scripts/pyrsa-decrypt.exe for tasks to queue
[2025-03-27T07:59:27.224+0000] {logging_mixin.py:190} INFO - [2025-03-27T07:59:27.224+0000] {dagbag.py:588} INFO - Filling up the DagBag from /opt/airflow/dags/env/Scripts/pyrsa-decrypt.exe
[2025-03-27T07:59:27.246+0000] {logging_mixin.py:190} INFO - [2025-03-27T07:59:27.245+0000] {dagbag.py:435} INFO - File /opt/airflow/dags/env/Scripts/pyrsa-decrypt.exe:__main__.py assumed to contain no DAGs. Skipping.
[2025-03-27T07:59:27.247+0000] {processor.py:927} WARNING - No viable dags retrieved from /opt/airflow/dags/env/Scripts/pyrsa-decrypt.exe
[2025-03-27T07:59:27.283+0000] {processor.py:208} INFO - Processing /opt/airflow/dags/env/Scripts/pyrsa-decrypt.exe took 0.074 seconds
[2025-03-27T17:13:28.084+0000] {processor.py:186} INFO - Started process (PID=692) to work on /opt/airflow/dags/env/Scripts/pyrsa-decrypt.exe
[2025-03-27T17:13:28.087+0000] {processor.py:914} INFO - Processing file /opt/airflow/dags/env/Scripts/pyrsa-decrypt.exe for tasks to queue
[2025-03-27T17:13:28.092+0000] {logging_mixin.py:190} INFO - [2025-03-27T17:13:28.092+0000] {dagbag.py:588} INFO - Filling up the DagBag from /opt/airflow/dags/env/Scripts/pyrsa-decrypt.exe
[2025-03-27T17:13:28.110+0000] {logging_mixin.py:190} INFO - [2025-03-27T17:13:28.109+0000] {dagbag.py:435} INFO - File /opt/airflow/dags/env/Scripts/pyrsa-decrypt.exe:__main__.py assumed to contain no DAGs. Skipping.
[2025-03-27T17:13:28.112+0000] {processor.py:927} WARNING - No viable dags retrieved from /opt/airflow/dags/env/Scripts/pyrsa-decrypt.exe
[2025-03-27T17:13:28.181+0000] {processor.py:208} INFO - Processing /opt/airflow/dags/env/Scripts/pyrsa-decrypt.exe took 0.112 seconds
[2025-03-27T17:18:19.007+0000] {processor.py:186} INFO - Started process (PID=722) to work on /opt/airflow/dags/env/Scripts/pyrsa-decrypt.exe
[2025-03-27T17:18:19.009+0000] {processor.py:914} INFO - Processing file /opt/airflow/dags/env/Scripts/pyrsa-decrypt.exe for tasks to queue
[2025-03-27T17:18:19.015+0000] {logging_mixin.py:190} INFO - [2025-03-27T17:18:19.014+0000] {dagbag.py:588} INFO - Filling up the DagBag from /opt/airflow/dags/env/Scripts/pyrsa-decrypt.exe
[2025-03-27T17:18:19.035+0000] {logging_mixin.py:190} INFO - [2025-03-27T17:18:19.034+0000] {dagbag.py:435} INFO - File /opt/airflow/dags/env/Scripts/pyrsa-decrypt.exe:__main__.py assumed to contain no DAGs. Skipping.
[2025-03-27T17:18:19.037+0000] {processor.py:927} WARNING - No viable dags retrieved from /opt/airflow/dags/env/Scripts/pyrsa-decrypt.exe
[2025-03-27T17:18:19.094+0000] {processor.py:208} INFO - Processing /opt/airflow/dags/env/Scripts/pyrsa-decrypt.exe took 0.099 seconds
[2025-03-27T17:33:27.725+0000] {processor.py:186} INFO - Started process (PID=756) to work on /opt/airflow/dags/env/Scripts/pyrsa-decrypt.exe
[2025-03-27T17:33:27.726+0000] {processor.py:914} INFO - Processing file /opt/airflow/dags/env/Scripts/pyrsa-decrypt.exe for tasks to queue
[2025-03-27T17:33:27.729+0000] {logging_mixin.py:190} INFO - [2025-03-27T17:33:27.728+0000] {dagbag.py:588} INFO - Filling up the DagBag from /opt/airflow/dags/env/Scripts/pyrsa-decrypt.exe
[2025-03-27T17:33:27.741+0000] {logging_mixin.py:190} INFO - [2025-03-27T17:33:27.741+0000] {dagbag.py:435} INFO - File /opt/airflow/dags/env/Scripts/pyrsa-decrypt.exe:__main__.py assumed to contain no DAGs. Skipping.
[2025-03-27T17:33:27.743+0000] {processor.py:927} WARNING - No viable dags retrieved from /opt/airflow/dags/env/Scripts/pyrsa-decrypt.exe
[2025-03-27T17:33:27.768+0000] {processor.py:208} INFO - Processing /opt/airflow/dags/env/Scripts/pyrsa-decrypt.exe took 0.051 seconds
[2025-03-27T17:33:58.518+0000] {processor.py:186} INFO - Started process (PID=780) to work on /opt/airflow/dags/env/Scripts/pyrsa-decrypt.exe
[2025-03-27T17:33:58.520+0000] {processor.py:914} INFO - Processing file /opt/airflow/dags/env/Scripts/pyrsa-decrypt.exe for tasks to queue
[2025-03-27T17:33:58.523+0000] {logging_mixin.py:190} INFO - [2025-03-27T17:33:58.523+0000] {dagbag.py:588} INFO - Filling up the DagBag from /opt/airflow/dags/env/Scripts/pyrsa-decrypt.exe
[2025-03-27T17:33:58.549+0000] {logging_mixin.py:190} INFO - [2025-03-27T17:33:58.549+0000] {dagbag.py:435} INFO - File /opt/airflow/dags/env/Scripts/pyrsa-decrypt.exe:__main__.py assumed to contain no DAGs. Skipping.
[2025-03-27T17:33:58.553+0000] {processor.py:927} WARNING - No viable dags retrieved from /opt/airflow/dags/env/Scripts/pyrsa-decrypt.exe
[2025-03-27T17:33:58.621+0000] {processor.py:208} INFO - Processing /opt/airflow/dags/env/Scripts/pyrsa-decrypt.exe took 0.116 seconds
[2025-03-27T17:34:29.941+0000] {processor.py:186} INFO - Started process (PID=804) to work on /opt/airflow/dags/env/Scripts/pyrsa-decrypt.exe
[2025-03-27T17:34:29.943+0000] {processor.py:914} INFO - Processing file /opt/airflow/dags/env/Scripts/pyrsa-decrypt.exe for tasks to queue
[2025-03-27T17:34:29.946+0000] {logging_mixin.py:190} INFO - [2025-03-27T17:34:29.945+0000] {dagbag.py:588} INFO - Filling up the DagBag from /opt/airflow/dags/env/Scripts/pyrsa-decrypt.exe
[2025-03-27T17:34:29.966+0000] {logging_mixin.py:190} INFO - [2025-03-27T17:34:29.966+0000] {dagbag.py:435} INFO - File /opt/airflow/dags/env/Scripts/pyrsa-decrypt.exe:__main__.py assumed to contain no DAGs. Skipping.
[2025-03-27T17:34:29.967+0000] {processor.py:927} WARNING - No viable dags retrieved from /opt/airflow/dags/env/Scripts/pyrsa-decrypt.exe
[2025-03-27T17:34:29.997+0000] {processor.py:208} INFO - Processing /opt/airflow/dags/env/Scripts/pyrsa-decrypt.exe took 0.066 seconds
[2025-03-27T17:38:50.516+0000] {processor.py:186} INFO - Started process (PID=822) to work on /opt/airflow/dags/env/Scripts/pyrsa-decrypt.exe
[2025-03-27T17:38:50.527+0000] {processor.py:914} INFO - Processing file /opt/airflow/dags/env/Scripts/pyrsa-decrypt.exe for tasks to queue
[2025-03-27T17:38:50.530+0000] {logging_mixin.py:190} INFO - [2025-03-27T17:38:50.529+0000] {dagbag.py:588} INFO - Filling up the DagBag from /opt/airflow/dags/env/Scripts/pyrsa-decrypt.exe
[2025-03-27T17:38:50.562+0000] {logging_mixin.py:190} INFO - [2025-03-27T17:38:50.562+0000] {dagbag.py:435} INFO - File /opt/airflow/dags/env/Scripts/pyrsa-decrypt.exe:__main__.py assumed to contain no DAGs. Skipping.
[2025-03-27T17:38:50.565+0000] {processor.py:927} WARNING - No viable dags retrieved from /opt/airflow/dags/env/Scripts/pyrsa-decrypt.exe
[2025-03-27T17:38:50.621+0000] {processor.py:208} INFO - Processing /opt/airflow/dags/env/Scripts/pyrsa-decrypt.exe took 0.126 seconds
[2025-03-27T17:39:30.195+0000] {processor.py:186} INFO - Started process (PID=857) to work on /opt/airflow/dags/env/Scripts/pyrsa-decrypt.exe
[2025-03-27T17:39:30.196+0000] {processor.py:914} INFO - Processing file /opt/airflow/dags/env/Scripts/pyrsa-decrypt.exe for tasks to queue
[2025-03-27T17:39:30.198+0000] {logging_mixin.py:190} INFO - [2025-03-27T17:39:30.198+0000] {dagbag.py:588} INFO - Filling up the DagBag from /opt/airflow/dags/env/Scripts/pyrsa-decrypt.exe
[2025-03-27T17:39:30.218+0000] {logging_mixin.py:190} INFO - [2025-03-27T17:39:30.218+0000] {dagbag.py:435} INFO - File /opt/airflow/dags/env/Scripts/pyrsa-decrypt.exe:__main__.py assumed to contain no DAGs. Skipping.
[2025-03-27T17:39:30.219+0000] {processor.py:927} WARNING - No viable dags retrieved from /opt/airflow/dags/env/Scripts/pyrsa-decrypt.exe
[2025-03-27T17:39:30.248+0000] {processor.py:208} INFO - Processing /opt/airflow/dags/env/Scripts/pyrsa-decrypt.exe took 0.062 seconds
[2025-03-27T17:49:26.070+0000] {processor.py:186} INFO - Started process (PID=875) to work on /opt/airflow/dags/env/Scripts/pyrsa-decrypt.exe
[2025-03-27T17:49:26.071+0000] {processor.py:914} INFO - Processing file /opt/airflow/dags/env/Scripts/pyrsa-decrypt.exe for tasks to queue
[2025-03-27T17:49:26.073+0000] {logging_mixin.py:190} INFO - [2025-03-27T17:49:26.072+0000] {dagbag.py:588} INFO - Filling up the DagBag from /opt/airflow/dags/env/Scripts/pyrsa-decrypt.exe
[2025-03-27T17:49:26.088+0000] {logging_mixin.py:190} INFO - [2025-03-27T17:49:26.087+0000] {dagbag.py:435} INFO - File /opt/airflow/dags/env/Scripts/pyrsa-decrypt.exe:__main__.py assumed to contain no DAGs. Skipping.
[2025-03-27T17:49:26.089+0000] {processor.py:927} WARNING - No viable dags retrieved from /opt/airflow/dags/env/Scripts/pyrsa-decrypt.exe
[2025-03-27T17:49:26.133+0000] {processor.py:208} INFO - Processing /opt/airflow/dags/env/Scripts/pyrsa-decrypt.exe took 0.071 seconds
