[2025-03-27T07:31:52.226+0000] {processor.py:186} INFO - Started process (PID=645) to work on /opt/airflow/dags/env/Scripts/pyrsa-sign.exe
[2025-03-27T07:31:52.230+0000] {processor.py:914} INFO - Processing file /opt/airflow/dags/env/Scripts/pyrsa-sign.exe for tasks to queue
[2025-03-27T07:31:52.236+0000] {logging_mixin.py:190} INFO - [2025-03-27T07:31:52.235+0000] {dagbag.py:588} INFO - Filling up the DagBag from /opt/airflow/dags/env/Scripts/pyrsa-sign.exe
[2025-03-27T07:31:52.252+0000] {logging_mixin.py:190} INFO - [2025-03-27T07:31:52.252+0000] {dagbag.py:435} INFO - File /opt/airflow/dags/env/Scripts/pyrsa-sign.exe:__main__.py assumed to contain no DAGs. Skipping.
[2025-03-27T07:31:52.254+0000] {processor.py:927} WARNING - No viable dags retrieved from /opt/airflow/dags/env/Scripts/pyrsa-sign.exe
[2025-03-27T07:31:52.292+0000] {processor.py:208} INFO - Processing /opt/airflow/dags/env/Scripts/pyrsa-sign.exe took 0.105 seconds
[2025-03-27T17:13:21.326+0000] {processor.py:186} INFO - Started process (PID=687) to work on /opt/airflow/dags/env/Scripts/pyrsa-sign.exe
[2025-03-27T17:13:21.329+0000] {processor.py:914} INFO - Processing file /opt/airflow/dags/env/Scripts/pyrsa-sign.exe for tasks to queue
[2025-03-27T17:13:21.338+0000] {logging_mixin.py:190} INFO - [2025-03-27T17:13:21.336+0000] {dagbag.py:588} INFO - Filling up the DagBag from /opt/airflow/dags/env/Scripts/pyrsa-sign.exe
[2025-03-27T17:13:21.359+0000] {logging_mixin.py:190} INFO - [2025-03-27T17:13:21.358+0000] {dagbag.py:435} INFO - File /opt/airflow/dags/env/Scripts/pyrsa-sign.exe:__main__.py assumed to contain no DAGs. Skipping.
[2025-03-27T17:13:21.360+0000] {processor.py:927} WARNING - No viable dags retrieved from /opt/airflow/dags/env/Scripts/pyrsa-sign.exe
[2025-03-27T17:13:21.415+0000] {processor.py:208} INFO - Processing /opt/airflow/dags/env/Scripts/pyrsa-sign.exe took 0.108 seconds
[2025-03-27T17:18:13.580+0000] {processor.py:186} INFO - Started process (PID=717) to work on /opt/airflow/dags/env/Scripts/pyrsa-sign.exe
[2025-03-27T17:18:13.582+0000] {processor.py:914} INFO - Processing file /opt/airflow/dags/env/Scripts/pyrsa-sign.exe for tasks to queue
[2025-03-27T17:18:13.588+0000] {logging_mixin.py:190} INFO - [2025-03-27T17:18:13.587+0000] {dagbag.py:588} INFO - Filling up the DagBag from /opt/airflow/dags/env/Scripts/pyrsa-sign.exe
[2025-03-27T17:18:13.609+0000] {logging_mixin.py:190} INFO - [2025-03-27T17:18:13.608+0000] {dagbag.py:435} INFO - File /opt/airflow/dags/env/Scripts/pyrsa-sign.exe:__main__.py assumed to contain no DAGs. Skipping.
[2025-03-27T17:18:13.610+0000] {processor.py:927} WARNING - No viable dags retrieved from /opt/airflow/dags/env/Scripts/pyrsa-sign.exe
[2025-03-27T17:18:13.647+0000] {processor.py:208} INFO - Processing /opt/airflow/dags/env/Scripts/pyrsa-sign.exe took 0.081 seconds
[2025-03-27T17:33:21.543+0000] {processor.py:186} INFO - Started process (PID=751) to work on /opt/airflow/dags/env/Scripts/pyrsa-sign.exe
[2025-03-27T17:33:21.545+0000] {processor.py:914} INFO - Processing file /opt/airflow/dags/env/Scripts/pyrsa-sign.exe for tasks to queue
[2025-03-27T17:33:21.547+0000] {logging_mixin.py:190} INFO - [2025-03-27T17:33:21.546+0000] {dagbag.py:588} INFO - Filling up the DagBag from /opt/airflow/dags/env/Scripts/pyrsa-sign.exe
[2025-03-27T17:33:21.564+0000] {logging_mixin.py:190} INFO - [2025-03-27T17:33:21.564+0000] {dagbag.py:435} INFO - File /opt/airflow/dags/env/Scripts/pyrsa-sign.exe:__main__.py assumed to contain no DAGs. Skipping.
[2025-03-27T17:33:21.566+0000] {processor.py:927} WARNING - No viable dags retrieved from /opt/airflow/dags/env/Scripts/pyrsa-sign.exe
[2025-03-27T17:33:21.589+0000] {processor.py:208} INFO - Processing /opt/airflow/dags/env/Scripts/pyrsa-sign.exe took 0.055 seconds
[2025-03-27T17:33:52.748+0000] {processor.py:186} INFO - Started process (PID=775) to work on /opt/airflow/dags/env/Scripts/pyrsa-sign.exe
[2025-03-27T17:33:52.750+0000] {processor.py:914} INFO - Processing file /opt/airflow/dags/env/Scripts/pyrsa-sign.exe for tasks to queue
[2025-03-27T17:33:52.752+0000] {logging_mixin.py:190} INFO - [2025-03-27T17:33:52.752+0000] {dagbag.py:588} INFO - Filling up the DagBag from /opt/airflow/dags/env/Scripts/pyrsa-sign.exe
[2025-03-27T17:33:52.772+0000] {logging_mixin.py:190} INFO - [2025-03-27T17:33:52.772+0000] {dagbag.py:435} INFO - File /opt/airflow/dags/env/Scripts/pyrsa-sign.exe:__main__.py assumed to contain no DAGs. Skipping.
[2025-03-27T17:33:52.773+0000] {processor.py:927} WARNING - No viable dags retrieved from /opt/airflow/dags/env/Scripts/pyrsa-sign.exe
[2025-03-27T17:33:52.799+0000] {processor.py:208} INFO - Processing /opt/airflow/dags/env/Scripts/pyrsa-sign.exe took 0.059 seconds
[2025-03-27T17:34:24.144+0000] {processor.py:186} INFO - Started process (PID=799) to work on /opt/airflow/dags/env/Scripts/pyrsa-sign.exe
[2025-03-27T17:34:24.146+0000] {processor.py:914} INFO - Processing file /opt/airflow/dags/env/Scripts/pyrsa-sign.exe for tasks to queue
[2025-03-27T17:34:24.148+0000] {logging_mixin.py:190} INFO - [2025-03-27T17:34:24.147+0000] {dagbag.py:588} INFO - Filling up the DagBag from /opt/airflow/dags/env/Scripts/pyrsa-sign.exe
[2025-03-27T17:34:24.162+0000] {logging_mixin.py:190} INFO - [2025-03-27T17:34:24.162+0000] {dagbag.py:435} INFO - File /opt/airflow/dags/env/Scripts/pyrsa-sign.exe:__main__.py assumed to contain no DAGs. Skipping.
[2025-03-27T17:34:24.164+0000] {processor.py:927} WARNING - No viable dags retrieved from /opt/airflow/dags/env/Scripts/pyrsa-sign.exe
[2025-03-27T17:34:24.188+0000] {processor.py:208} INFO - Processing /opt/airflow/dags/env/Scripts/pyrsa-sign.exe took 0.055 seconds
[2025-03-27T17:38:42.948+0000] {processor.py:186} INFO - Started process (PID=817) to work on /opt/airflow/dags/env/Scripts/pyrsa-sign.exe
[2025-03-27T17:38:42.950+0000] {processor.py:914} INFO - Processing file /opt/airflow/dags/env/Scripts/pyrsa-sign.exe for tasks to queue
[2025-03-27T17:38:42.953+0000] {logging_mixin.py:190} INFO - [2025-03-27T17:38:42.952+0000] {dagbag.py:588} INFO - Filling up the DagBag from /opt/airflow/dags/env/Scripts/pyrsa-sign.exe
[2025-03-27T17:38:42.967+0000] {logging_mixin.py:190} INFO - [2025-03-27T17:38:42.967+0000] {dagbag.py:435} INFO - File /opt/airflow/dags/env/Scripts/pyrsa-sign.exe:__main__.py assumed to contain no DAGs. Skipping.
[2025-03-27T17:38:42.969+0000] {processor.py:927} WARNING - No viable dags retrieved from /opt/airflow/dags/env/Scripts/pyrsa-sign.exe
[2025-03-27T17:38:43.006+0000] {processor.py:208} INFO - Processing /opt/airflow/dags/env/Scripts/pyrsa-sign.exe took 0.072 seconds
[2025-03-27T17:39:23.553+0000] {processor.py:186} INFO - Started process (PID=851) to work on /opt/airflow/dags/env/Scripts/pyrsa-sign.exe
[2025-03-27T17:39:23.554+0000] {processor.py:914} INFO - Processing file /opt/airflow/dags/env/Scripts/pyrsa-sign.exe for tasks to queue
[2025-03-27T17:39:23.556+0000] {logging_mixin.py:190} INFO - [2025-03-27T17:39:23.556+0000] {dagbag.py:588} INFO - Filling up the DagBag from /opt/airflow/dags/env/Scripts/pyrsa-sign.exe
[2025-03-27T17:39:23.573+0000] {logging_mixin.py:190} INFO - [2025-03-27T17:39:23.573+0000] {dagbag.py:435} INFO - File /opt/airflow/dags/env/Scripts/pyrsa-sign.exe:__main__.py assumed to contain no DAGs. Skipping.
[2025-03-27T17:39:23.575+0000] {processor.py:927} WARNING - No viable dags retrieved from /opt/airflow/dags/env/Scripts/pyrsa-sign.exe
[2025-03-27T17:39:23.602+0000] {processor.py:208} INFO - Processing /opt/airflow/dags/env/Scripts/pyrsa-sign.exe took 0.057 seconds
[2025-03-27T17:44:30.448+0000] {processor.py:186} INFO - Started process (PID=869) to work on /opt/airflow/dags/env/Scripts/pyrsa-sign.exe
[2025-03-27T17:44:30.449+0000] {processor.py:914} INFO - Processing file /opt/airflow/dags/env/Scripts/pyrsa-sign.exe for tasks to queue
[2025-03-27T17:44:30.451+0000] {logging_mixin.py:190} INFO - [2025-03-27T17:44:30.450+0000] {dagbag.py:588} INFO - Filling up the DagBag from /opt/airflow/dags/env/Scripts/pyrsa-sign.exe
[2025-03-27T17:44:30.465+0000] {logging_mixin.py:190} INFO - [2025-03-27T17:44:30.465+0000] {dagbag.py:435} INFO - File /opt/airflow/dags/env/Scripts/pyrsa-sign.exe:__main__.py assumed to contain no DAGs. Skipping.
[2025-03-27T17:44:30.466+0000] {processor.py:927} WARNING - No viable dags retrieved from /opt/airflow/dags/env/Scripts/pyrsa-sign.exe
[2025-03-27T17:44:30.491+0000] {processor.py:208} INFO - Processing /opt/airflow/dags/env/Scripts/pyrsa-sign.exe took 0.050 seconds
