[2025-03-27T07:53:38.122+0000] {processor.py:186} INFO - Started process (PID=649) to work on /opt/airflow/dags/env/Scripts/pyrsa-encrypt.exe
[2025-03-27T07:53:38.123+0000] {processor.py:914} INFO - Processing file /opt/airflow/dags/env/Scripts/pyrsa-encrypt.exe for tasks to queue
[2025-03-27T07:53:38.126+0000] {logging_mixin.py:190} INFO - [2025-03-27T07:53:38.126+0000] {dagbag.py:588} INFO - Filling up the DagBag from /opt/airflow/dags/env/Scripts/pyrsa-encrypt.exe
[2025-03-27T07:53:38.149+0000] {logging_mixin.py:190} INFO - [2025-03-27T07:53:38.149+0000] {dagbag.py:435} INFO - File /opt/airflow/dags/env/Scripts/pyrsa-encrypt.exe:__main__.py assumed to contain no DAGs. Skipping.
[2025-03-27T07:53:38.150+0000] {processor.py:927} WARNING - No viable dags retrieved from /opt/airflow/dags/env/Scripts/pyrsa-encrypt.exe
[2025-03-27T07:53:38.178+0000] {processor.py:208} INFO - Processing /opt/airflow/dags/env/Scripts/pyrsa-encrypt.exe took 0.064 seconds
[2025-03-27T17:13:26.747+0000] {processor.py:186} INFO - Started process (PID=691) to work on /opt/airflow/dags/env/Scripts/pyrsa-encrypt.exe
[2025-03-27T17:13:26.749+0000] {processor.py:914} INFO - Processing file /opt/airflow/dags/env/Scripts/pyrsa-encrypt.exe for tasks to queue
[2025-03-27T17:13:26.754+0000] {logging_mixin.py:190} INFO - [2025-03-27T17:13:26.753+0000] {dagbag.py:588} INFO - Filling up the DagBag from /opt/airflow/dags/env/Scripts/pyrsa-encrypt.exe
[2025-03-27T17:13:26.772+0000] {logging_mixin.py:190} INFO - [2025-03-27T17:13:26.772+0000] {dagbag.py:435} INFO - File /opt/airflow/dags/env/Scripts/pyrsa-encrypt.exe:__main__.py assumed to contain no DAGs. Skipping.
[2025-03-27T17:13:26.773+0000] {processor.py:927} WARNING - No viable dags retrieved from /opt/airflow/dags/env/Scripts/pyrsa-encrypt.exe
[2025-03-27T17:13:26.804+0000] {processor.py:208} INFO - Processing /opt/airflow/dags/env/Scripts/pyrsa-encrypt.exe took 0.067 seconds
[2025-03-27T17:18:18.142+0000] {processor.py:186} INFO - Started process (PID=721) to work on /opt/airflow/dags/env/Scripts/pyrsa-encrypt.exe
[2025-03-27T17:18:18.144+0000] {processor.py:914} INFO - Processing file /opt/airflow/dags/env/Scripts/pyrsa-encrypt.exe for tasks to queue
[2025-03-27T17:18:18.151+0000] {logging_mixin.py:190} INFO - [2025-03-27T17:18:18.150+0000] {dagbag.py:588} INFO - Filling up the DagBag from /opt/airflow/dags/env/Scripts/pyrsa-encrypt.exe
[2025-03-27T17:18:18.167+0000] {logging_mixin.py:190} INFO - [2025-03-27T17:18:18.167+0000] {dagbag.py:435} INFO - File /opt/airflow/dags/env/Scripts/pyrsa-encrypt.exe:__main__.py assumed to contain no DAGs. Skipping.
[2025-03-27T17:18:18.169+0000] {processor.py:927} WARNING - No viable dags retrieved from /opt/airflow/dags/env/Scripts/pyrsa-encrypt.exe
[2025-03-27T17:18:18.210+0000] {processor.py:208} INFO - Processing /opt/airflow/dags/env/Scripts/pyrsa-encrypt.exe took 0.077 seconds
[2025-03-27T17:33:27.037+0000] {processor.py:186} INFO - Started process (PID=755) to work on /opt/airflow/dags/env/Scripts/pyrsa-encrypt.exe
[2025-03-27T17:33:27.038+0000] {processor.py:914} INFO - Processing file /opt/airflow/dags/env/Scripts/pyrsa-encrypt.exe for tasks to queue
[2025-03-27T17:33:27.041+0000] {logging_mixin.py:190} INFO - [2025-03-27T17:33:27.040+0000] {dagbag.py:588} INFO - Filling up the DagBag from /opt/airflow/dags/env/Scripts/pyrsa-encrypt.exe
[2025-03-27T17:33:27.057+0000] {logging_mixin.py:190} INFO - [2025-03-27T17:33:27.057+0000] {dagbag.py:435} INFO - File /opt/airflow/dags/env/Scripts/pyrsa-encrypt.exe:__main__.py assumed to contain no DAGs. Skipping.
[2025-03-27T17:33:27.058+0000] {processor.py:927} WARNING - No viable dags retrieved from /opt/airflow/dags/env/Scripts/pyrsa-encrypt.exe
[2025-03-27T17:33:27.089+0000] {processor.py:208} INFO - Processing /opt/airflow/dags/env/Scripts/pyrsa-encrypt.exe took 0.061 seconds
[2025-03-27T17:33:57.978+0000] {processor.py:186} INFO - Started process (PID=779) to work on /opt/airflow/dags/env/Scripts/pyrsa-encrypt.exe
[2025-03-27T17:33:57.980+0000] {processor.py:914} INFO - Processing file /opt/airflow/dags/env/Scripts/pyrsa-encrypt.exe for tasks to queue
[2025-03-27T17:33:57.983+0000] {logging_mixin.py:190} INFO - [2025-03-27T17:33:57.983+0000] {dagbag.py:588} INFO - Filling up the DagBag from /opt/airflow/dags/env/Scripts/pyrsa-encrypt.exe
[2025-03-27T17:33:58.013+0000] {logging_mixin.py:190} INFO - [2025-03-27T17:33:58.013+0000] {dagbag.py:435} INFO - File /opt/airflow/dags/env/Scripts/pyrsa-encrypt.exe:__main__.py assumed to contain no DAGs. Skipping.
[2025-03-27T17:33:58.015+0000] {processor.py:927} WARNING - No viable dags retrieved from /opt/airflow/dags/env/Scripts/pyrsa-encrypt.exe
[2025-03-27T17:33:58.044+0000] {processor.py:208} INFO - Processing /opt/airflow/dags/env/Scripts/pyrsa-encrypt.exe took 0.075 seconds
[2025-03-27T17:34:29.348+0000] {processor.py:186} INFO - Started process (PID=803) to work on /opt/airflow/dags/env/Scripts/pyrsa-encrypt.exe
[2025-03-27T17:34:29.350+0000] {processor.py:914} INFO - Processing file /opt/airflow/dags/env/Scripts/pyrsa-encrypt.exe for tasks to queue
[2025-03-27T17:34:29.352+0000] {logging_mixin.py:190} INFO - [2025-03-27T17:34:29.351+0000] {dagbag.py:588} INFO - Filling up the DagBag from /opt/airflow/dags/env/Scripts/pyrsa-encrypt.exe
[2025-03-27T17:34:29.395+0000] {logging_mixin.py:190} INFO - [2025-03-27T17:34:29.395+0000] {dagbag.py:435} INFO - File /opt/airflow/dags/env/Scripts/pyrsa-encrypt.exe:__main__.py assumed to contain no DAGs. Skipping.
[2025-03-27T17:34:29.397+0000] {processor.py:927} WARNING - No viable dags retrieved from /opt/airflow/dags/env/Scripts/pyrsa-encrypt.exe
[2025-03-27T17:34:29.426+0000] {processor.py:208} INFO - Processing /opt/airflow/dags/env/Scripts/pyrsa-encrypt.exe took 0.086 seconds
[2025-03-27T17:38:49.188+0000] {processor.py:186} INFO - Started process (PID=821) to work on /opt/airflow/dags/env/Scripts/pyrsa-encrypt.exe
[2025-03-27T17:38:49.190+0000] {processor.py:914} INFO - Processing file /opt/airflow/dags/env/Scripts/pyrsa-encrypt.exe for tasks to queue
[2025-03-27T17:38:49.203+0000] {logging_mixin.py:190} INFO - [2025-03-27T17:38:49.200+0000] {dagbag.py:588} INFO - Filling up the DagBag from /opt/airflow/dags/env/Scripts/pyrsa-encrypt.exe
[2025-03-27T17:38:49.246+0000] {logging_mixin.py:190} INFO - [2025-03-27T17:38:49.246+0000] {dagbag.py:435} INFO - File /opt/airflow/dags/env/Scripts/pyrsa-encrypt.exe:__main__.py assumed to contain no DAGs. Skipping.
[2025-03-27T17:38:49.249+0000] {processor.py:927} WARNING - No viable dags retrieved from /opt/airflow/dags/env/Scripts/pyrsa-encrypt.exe
[2025-03-27T17:38:49.317+0000] {processor.py:208} INFO - Processing /opt/airflow/dags/env/Scripts/pyrsa-encrypt.exe took 0.143 seconds
[2025-03-27T17:39:28.872+0000] {processor.py:186} INFO - Started process (PID=856) to work on /opt/airflow/dags/env/Scripts/pyrsa-encrypt.exe
[2025-03-27T17:39:28.873+0000] {processor.py:914} INFO - Processing file /opt/airflow/dags/env/Scripts/pyrsa-encrypt.exe for tasks to queue
[2025-03-27T17:39:28.876+0000] {logging_mixin.py:190} INFO - [2025-03-27T17:39:28.875+0000] {dagbag.py:588} INFO - Filling up the DagBag from /opt/airflow/dags/env/Scripts/pyrsa-encrypt.exe
[2025-03-27T17:39:28.896+0000] {logging_mixin.py:190} INFO - [2025-03-27T17:39:28.896+0000] {dagbag.py:435} INFO - File /opt/airflow/dags/env/Scripts/pyrsa-encrypt.exe:__main__.py assumed to contain no DAGs. Skipping.
[2025-03-27T17:39:28.897+0000] {processor.py:927} WARNING - No viable dags retrieved from /opt/airflow/dags/env/Scripts/pyrsa-encrypt.exe
[2025-03-27T17:39:28.927+0000] {processor.py:208} INFO - Processing /opt/airflow/dags/env/Scripts/pyrsa-encrypt.exe took 0.064 seconds
[2025-03-27T17:44:35.357+0000] {processor.py:186} INFO - Started process (PID=873) to work on /opt/airflow/dags/env/Scripts/pyrsa-encrypt.exe
[2025-03-27T17:44:35.358+0000] {processor.py:914} INFO - Processing file /opt/airflow/dags/env/Scripts/pyrsa-encrypt.exe for tasks to queue
[2025-03-27T17:44:35.361+0000] {logging_mixin.py:190} INFO - [2025-03-27T17:44:35.360+0000] {dagbag.py:588} INFO - Filling up the DagBag from /opt/airflow/dags/env/Scripts/pyrsa-encrypt.exe
[2025-03-27T17:44:35.381+0000] {logging_mixin.py:190} INFO - [2025-03-27T17:44:35.380+0000] {dagbag.py:435} INFO - File /opt/airflow/dags/env/Scripts/pyrsa-encrypt.exe:__main__.py assumed to contain no DAGs. Skipping.
[2025-03-27T17:44:35.382+0000] {processor.py:927} WARNING - No viable dags retrieved from /opt/airflow/dags/env/Scripts/pyrsa-encrypt.exe
[2025-03-27T17:44:35.431+0000] {processor.py:208} INFO - Processing /opt/airflow/dags/env/Scripts/pyrsa-encrypt.exe took 0.082 seconds
