[2025-03-27T07:37:11.056+0000] {processor.py:186} INFO - Started process (PID=646) to work on /opt/airflow/dags/env/Scripts/pyrsa-verify.exe
[2025-03-27T07:37:11.060+0000] {processor.py:914} INFO - Processing file /opt/airflow/dags/env/Scripts/pyrsa-verify.exe for tasks to queue
[2025-03-27T07:37:11.073+0000] {logging_mixin.py:190} INFO - [2025-03-27T07:37:11.072+0000] {dagbag.py:588} INFO - Filling up the DagBag from /opt/airflow/dags/env/Scripts/pyrsa-verify.exe
[2025-03-27T07:37:11.107+0000] {logging_mixin.py:190} INFO - [2025-03-27T07:37:11.106+0000] {dagbag.py:435} INFO - File /opt/airflow/dags/env/Scripts/pyrsa-verify.exe:__main__.py assumed to contain no DAGs. Skipping.
[2025-03-27T07:37:11.109+0000] {processor.py:927} WARNING - No viable dags retrieved from /opt/airflow/dags/env/Scripts/pyrsa-verify.exe
[2025-03-27T07:37:11.179+0000] {processor.py:208} INFO - Processing /opt/airflow/dags/env/Scripts/pyrsa-verify.exe took 0.165 seconds
[2025-03-27T17:13:22.848+0000] {processor.py:186} INFO - Started process (PID=688) to work on /opt/airflow/dags/env/Scripts/pyrsa-verify.exe
[2025-03-27T17:13:22.851+0000] {processor.py:914} INFO - Processing file /opt/airflow/dags/env/Scripts/pyrsa-verify.exe for tasks to queue
[2025-03-27T17:13:22.857+0000] {logging_mixin.py:190} INFO - [2025-03-27T17:13:22.856+0000] {dagbag.py:588} INFO - Filling up the DagBag from /opt/airflow/dags/env/Scripts/pyrsa-verify.exe
[2025-03-27T17:13:22.882+0000] {logging_mixin.py:190} INFO - [2025-03-27T17:13:22.881+0000] {dagbag.py:435} INFO - File /opt/airflow/dags/env/Scripts/pyrsa-verify.exe:__main__.py assumed to contain no DAGs. Skipping.
[2025-03-27T17:13:22.883+0000] {processor.py:927} WARNING - No viable dags retrieved from /opt/airflow/dags/env/Scripts/pyrsa-verify.exe
[2025-03-27T17:13:22.920+0000] {processor.py:208} INFO - Processing /opt/airflow/dags/env/Scripts/pyrsa-verify.exe took 0.087 seconds
[2025-03-27T17:18:14.983+0000] {processor.py:186} INFO - Started process (PID=718) to work on /opt/airflow/dags/env/Scripts/pyrsa-verify.exe
[2025-03-27T17:18:14.985+0000] {processor.py:914} INFO - Processing file /opt/airflow/dags/env/Scripts/pyrsa-verify.exe for tasks to queue
[2025-03-27T17:18:14.991+0000] {logging_mixin.py:190} INFO - [2025-03-27T17:18:14.990+0000] {dagbag.py:588} INFO - Filling up the DagBag from /opt/airflow/dags/env/Scripts/pyrsa-verify.exe
[2025-03-27T17:18:15.006+0000] {logging_mixin.py:190} INFO - [2025-03-27T17:18:15.005+0000] {dagbag.py:435} INFO - File /opt/airflow/dags/env/Scripts/pyrsa-verify.exe:__main__.py assumed to contain no DAGs. Skipping.
[2025-03-27T17:18:15.007+0000] {processor.py:927} WARNING - No viable dags retrieved from /opt/airflow/dags/env/Scripts/pyrsa-verify.exe
[2025-03-27T17:18:15.038+0000] {processor.py:208} INFO - Processing /opt/airflow/dags/env/Scripts/pyrsa-verify.exe took 0.062 seconds
[2025-03-27T17:33:22.708+0000] {processor.py:186} INFO - Started process (PID=752) to work on /opt/airflow/dags/env/Scripts/pyrsa-verify.exe
[2025-03-27T17:33:22.709+0000] {processor.py:914} INFO - Processing file /opt/airflow/dags/env/Scripts/pyrsa-verify.exe for tasks to queue
[2025-03-27T17:33:22.712+0000] {logging_mixin.py:190} INFO - [2025-03-27T17:33:22.711+0000] {dagbag.py:588} INFO - Filling up the DagBag from /opt/airflow/dags/env/Scripts/pyrsa-verify.exe
[2025-03-27T17:33:22.756+0000] {logging_mixin.py:190} INFO - [2025-03-27T17:33:22.756+0000] {dagbag.py:435} INFO - File /opt/airflow/dags/env/Scripts/pyrsa-verify.exe:__main__.py assumed to contain no DAGs. Skipping.
[2025-03-27T17:33:22.757+0000] {processor.py:927} WARNING - No viable dags retrieved from /opt/airflow/dags/env/Scripts/pyrsa-verify.exe
[2025-03-27T17:33:22.786+0000] {processor.py:208} INFO - Processing /opt/airflow/dags/env/Scripts/pyrsa-verify.exe took 0.091 seconds
[2025-03-27T17:33:54.013+0000] {processor.py:186} INFO - Started process (PID=776) to work on /opt/airflow/dags/env/Scripts/pyrsa-verify.exe
[2025-03-27T17:33:54.014+0000] {processor.py:914} INFO - Processing file /opt/airflow/dags/env/Scripts/pyrsa-verify.exe for tasks to queue
[2025-03-27T17:33:54.016+0000] {logging_mixin.py:190} INFO - [2025-03-27T17:33:54.016+0000] {dagbag.py:588} INFO - Filling up the DagBag from /opt/airflow/dags/env/Scripts/pyrsa-verify.exe
[2025-03-27T17:33:54.034+0000] {logging_mixin.py:190} INFO - [2025-03-27T17:33:54.033+0000] {dagbag.py:435} INFO - File /opt/airflow/dags/env/Scripts/pyrsa-verify.exe:__main__.py assumed to contain no DAGs. Skipping.
[2025-03-27T17:33:54.035+0000] {processor.py:927} WARNING - No viable dags retrieved from /opt/airflow/dags/env/Scripts/pyrsa-verify.exe
[2025-03-27T17:33:54.073+0000] {processor.py:208} INFO - Processing /opt/airflow/dags/env/Scripts/pyrsa-verify.exe took 0.067 seconds
[2025-03-27T17:34:25.452+0000] {processor.py:186} INFO - Started process (PID=800) to work on /opt/airflow/dags/env/Scripts/pyrsa-verify.exe
[2025-03-27T17:34:25.454+0000] {processor.py:914} INFO - Processing file /opt/airflow/dags/env/Scripts/pyrsa-verify.exe for tasks to queue
[2025-03-27T17:34:25.455+0000] {logging_mixin.py:190} INFO - [2025-03-27T17:34:25.455+0000] {dagbag.py:588} INFO - Filling up the DagBag from /opt/airflow/dags/env/Scripts/pyrsa-verify.exe
[2025-03-27T17:34:25.468+0000] {logging_mixin.py:190} INFO - [2025-03-27T17:34:25.468+0000] {dagbag.py:435} INFO - File /opt/airflow/dags/env/Scripts/pyrsa-verify.exe:__main__.py assumed to contain no DAGs. Skipping.
[2025-03-27T17:34:25.469+0000] {processor.py:927} WARNING - No viable dags retrieved from /opt/airflow/dags/env/Scripts/pyrsa-verify.exe
[2025-03-27T17:34:25.491+0000] {processor.py:208} INFO - Processing /opt/airflow/dags/env/Scripts/pyrsa-verify.exe took 0.046 seconds
[2025-03-27T17:38:44.076+0000] {processor.py:186} INFO - Started process (PID=818) to work on /opt/airflow/dags/env/Scripts/pyrsa-verify.exe
[2025-03-27T17:38:44.078+0000] {processor.py:914} INFO - Processing file /opt/airflow/dags/env/Scripts/pyrsa-verify.exe for tasks to queue
[2025-03-27T17:38:44.081+0000] {logging_mixin.py:190} INFO - [2025-03-27T17:38:44.080+0000] {dagbag.py:588} INFO - Filling up the DagBag from /opt/airflow/dags/env/Scripts/pyrsa-verify.exe
[2025-03-27T17:38:44.106+0000] {logging_mixin.py:190} INFO - [2025-03-27T17:38:44.106+0000] {dagbag.py:435} INFO - File /opt/airflow/dags/env/Scripts/pyrsa-verify.exe:__main__.py assumed to contain no DAGs. Skipping.
[2025-03-27T17:38:44.109+0000] {processor.py:927} WARNING - No viable dags retrieved from /opt/airflow/dags/env/Scripts/pyrsa-verify.exe
[2025-03-27T17:38:44.841+0000] {processor.py:208} INFO - Processing /opt/airflow/dags/env/Scripts/pyrsa-verify.exe took 0.782 seconds
[2025-03-27T17:39:24.878+0000] {processor.py:186} INFO - Started process (PID=852) to work on /opt/airflow/dags/env/Scripts/pyrsa-verify.exe
[2025-03-27T17:39:24.879+0000] {processor.py:914} INFO - Processing file /opt/airflow/dags/env/Scripts/pyrsa-verify.exe for tasks to queue
[2025-03-27T17:39:24.882+0000] {logging_mixin.py:190} INFO - [2025-03-27T17:39:24.882+0000] {dagbag.py:588} INFO - Filling up the DagBag from /opt/airflow/dags/env/Scripts/pyrsa-verify.exe
[2025-03-27T17:39:24.901+0000] {logging_mixin.py:190} INFO - [2025-03-27T17:39:24.901+0000] {dagbag.py:435} INFO - File /opt/airflow/dags/env/Scripts/pyrsa-verify.exe:__main__.py assumed to contain no DAGs. Skipping.
[2025-03-27T17:39:24.903+0000] {processor.py:927} WARNING - No viable dags retrieved from /opt/airflow/dags/env/Scripts/pyrsa-verify.exe
[2025-03-27T17:39:24.937+0000] {processor.py:208} INFO - Processing /opt/airflow/dags/env/Scripts/pyrsa-verify.exe took 0.068 seconds
[2025-03-27T17:44:31.738+0000] {processor.py:186} INFO - Started process (PID=870) to work on /opt/airflow/dags/env/Scripts/pyrsa-verify.exe
[2025-03-27T17:44:31.744+0000] {processor.py:914} INFO - Processing file /opt/airflow/dags/env/Scripts/pyrsa-verify.exe for tasks to queue
[2025-03-27T17:44:31.757+0000] {logging_mixin.py:190} INFO - [2025-03-27T17:44:31.756+0000] {dagbag.py:588} INFO - Filling up the DagBag from /opt/airflow/dags/env/Scripts/pyrsa-verify.exe
[2025-03-27T17:44:31.776+0000] {logging_mixin.py:190} INFO - [2025-03-27T17:44:31.776+0000] {dagbag.py:435} INFO - File /opt/airflow/dags/env/Scripts/pyrsa-verify.exe:__main__.py assumed to contain no DAGs. Skipping.
[2025-03-27T17:44:31.778+0000] {processor.py:927} WARNING - No viable dags retrieved from /opt/airflow/dags/env/Scripts/pyrsa-verify.exe
[2025-03-27T17:44:31.806+0000] {processor.py:208} INFO - Processing /opt/airflow/dags/env/Scripts/pyrsa-verify.exe took 0.078 seconds
