[2025-03-27T08:53:11.852+0000] {processor.py:186} INFO - Started process (PID=665) to work on /opt/airflow/dags/env/Scripts/sqlformat.exe
[2025-03-27T08:53:11.854+0000] {processor.py:914} INFO - Processing file /opt/airflow/dags/env/Scripts/sqlformat.exe for tasks to queue
[2025-03-27T08:53:11.859+0000] {logging_mixin.py:190} INFO - [2025-03-27T08:53:11.858+0000] {dagbag.py:588} INFO - Filling up the DagBag from /opt/airflow/dags/env/Scripts/sqlformat.exe
[2025-03-27T08:53:11.886+0000] {logging_mixin.py:190} INFO - [2025-03-27T08:53:11.885+0000] {dagbag.py:435} INFO - File /opt/airflow/dags/env/Scripts/sqlformat.exe:__main__.py assumed to contain no DAGs. Skipping.
[2025-03-27T08:53:11.889+0000] {processor.py:927} WARNING - No viable dags retrieved from /opt/airflow/dags/env/Scripts/sqlformat.exe
[2025-03-27T08:53:11.948+0000] {processor.py:208} INFO - Processing /opt/airflow/dags/env/Scripts/sqlformat.exe took 0.107 seconds
[2025-03-27T17:13:37.208+0000] {processor.py:186} INFO - Started process (PID=700) to work on /opt/airflow/dags/env/Scripts/sqlformat.exe
[2025-03-27T17:13:37.210+0000] {processor.py:914} INFO - Processing file /opt/airflow/dags/env/Scripts/sqlformat.exe for tasks to queue
[2025-03-27T17:13:37.215+0000] {logging_mixin.py:190} INFO - [2025-03-27T17:13:37.214+0000] {dagbag.py:588} INFO - Filling up the DagBag from /opt/airflow/dags/env/Scripts/sqlformat.exe
[2025-03-27T17:13:37.229+0000] {logging_mixin.py:190} INFO - [2025-03-27T17:13:37.229+0000] {dagbag.py:435} INFO - File /opt/airflow/dags/env/Scripts/sqlformat.exe:__main__.py assumed to contain no DAGs. Skipping.
[2025-03-27T17:13:37.230+0000] {processor.py:927} WARNING - No viable dags retrieved from /opt/airflow/dags/env/Scripts/sqlformat.exe
[2025-03-27T17:13:37.261+0000] {processor.py:208} INFO - Processing /opt/airflow/dags/env/Scripts/sqlformat.exe took 0.063 seconds
[2025-03-27T17:18:28.598+0000] {processor.py:186} INFO - Started process (PID=730) to work on /opt/airflow/dags/env/Scripts/sqlformat.exe
[2025-03-27T17:18:28.600+0000] {processor.py:914} INFO - Processing file /opt/airflow/dags/env/Scripts/sqlformat.exe for tasks to queue
[2025-03-27T17:18:28.604+0000] {logging_mixin.py:190} INFO - [2025-03-27T17:18:28.604+0000] {dagbag.py:588} INFO - Filling up the DagBag from /opt/airflow/dags/env/Scripts/sqlformat.exe
[2025-03-27T17:18:28.620+0000] {logging_mixin.py:190} INFO - [2025-03-27T17:18:28.619+0000] {dagbag.py:435} INFO - File /opt/airflow/dags/env/Scripts/sqlformat.exe:__main__.py assumed to contain no DAGs. Skipping.
[2025-03-27T17:18:28.621+0000] {processor.py:927} WARNING - No viable dags retrieved from /opt/airflow/dags/env/Scripts/sqlformat.exe
[2025-03-27T17:18:28.652+0000] {processor.py:208} INFO - Processing /opt/airflow/dags/env/Scripts/sqlformat.exe took 0.069 seconds
[2025-03-27T17:33:37.467+0000] {processor.py:186} INFO - Started process (PID=764) to work on /opt/airflow/dags/env/Scripts/sqlformat.exe
[2025-03-27T17:33:37.468+0000] {processor.py:914} INFO - Processing file /opt/airflow/dags/env/Scripts/sqlformat.exe for tasks to queue
[2025-03-27T17:33:37.470+0000] {logging_mixin.py:190} INFO - [2025-03-27T17:33:37.470+0000] {dagbag.py:588} INFO - Filling up the DagBag from /opt/airflow/dags/env/Scripts/sqlformat.exe
[2025-03-27T17:33:37.488+0000] {logging_mixin.py:190} INFO - [2025-03-27T17:33:37.487+0000] {dagbag.py:435} INFO - File /opt/airflow/dags/env/Scripts/sqlformat.exe:__main__.py assumed to contain no DAGs. Skipping.
[2025-03-27T17:33:37.489+0000] {processor.py:927} WARNING - No viable dags retrieved from /opt/airflow/dags/env/Scripts/sqlformat.exe
[2025-03-27T17:33:37.515+0000] {processor.py:208} INFO - Processing /opt/airflow/dags/env/Scripts/sqlformat.exe took 0.058 seconds
[2025-03-27T17:34:08.867+0000] {processor.py:186} INFO - Started process (PID=788) to work on /opt/airflow/dags/env/Scripts/sqlformat.exe
[2025-03-27T17:34:08.869+0000] {processor.py:914} INFO - Processing file /opt/airflow/dags/env/Scripts/sqlformat.exe for tasks to queue
[2025-03-27T17:34:08.870+0000] {logging_mixin.py:190} INFO - [2025-03-27T17:34:08.870+0000] {dagbag.py:588} INFO - Filling up the DagBag from /opt/airflow/dags/env/Scripts/sqlformat.exe
[2025-03-27T17:34:08.886+0000] {logging_mixin.py:190} INFO - [2025-03-27T17:34:08.886+0000] {dagbag.py:435} INFO - File /opt/airflow/dags/env/Scripts/sqlformat.exe:__main__.py assumed to contain no DAGs. Skipping.
[2025-03-27T17:34:08.888+0000] {processor.py:927} WARNING - No viable dags retrieved from /opt/airflow/dags/env/Scripts/sqlformat.exe
[2025-03-27T17:34:08.913+0000] {processor.py:208} INFO - Processing /opt/airflow/dags/env/Scripts/sqlformat.exe took 0.054 seconds
[2025-03-27T17:38:59.028+0000] {processor.py:186} INFO - Started process (PID=833) to work on /opt/airflow/dags/env/Scripts/sqlformat.exe
[2025-03-27T17:38:59.030+0000] {processor.py:914} INFO - Processing file /opt/airflow/dags/env/Scripts/sqlformat.exe for tasks to queue
[2025-03-27T17:38:59.032+0000] {logging_mixin.py:190} INFO - [2025-03-27T17:38:59.031+0000] {dagbag.py:588} INFO - Filling up the DagBag from /opt/airflow/dags/env/Scripts/sqlformat.exe
[2025-03-27T17:38:59.055+0000] {logging_mixin.py:190} INFO - [2025-03-27T17:38:59.054+0000] {dagbag.py:435} INFO - File /opt/airflow/dags/env/Scripts/sqlformat.exe:__main__.py assumed to contain no DAGs. Skipping.
[2025-03-27T17:38:59.056+0000] {processor.py:927} WARNING - No viable dags retrieved from /opt/airflow/dags/env/Scripts/sqlformat.exe
[2025-03-27T17:38:59.095+0000] {processor.py:208} INFO - Processing /opt/airflow/dags/env/Scripts/sqlformat.exe took 0.076 seconds
[2025-03-27T17:49:35.393+0000] {processor.py:186} INFO - Started process (PID=882) to work on /opt/airflow/dags/env/Scripts/sqlformat.exe
[2025-03-27T17:49:35.394+0000] {processor.py:914} INFO - Processing file /opt/airflow/dags/env/Scripts/sqlformat.exe for tasks to queue
[2025-03-27T17:49:35.396+0000] {logging_mixin.py:190} INFO - [2025-03-27T17:49:35.396+0000] {dagbag.py:588} INFO - Filling up the DagBag from /opt/airflow/dags/env/Scripts/sqlformat.exe
[2025-03-27T17:49:35.419+0000] {logging_mixin.py:190} INFO - [2025-03-27T17:49:35.419+0000] {dagbag.py:435} INFO - File /opt/airflow/dags/env/Scripts/sqlformat.exe:__main__.py assumed to contain no DAGs. Skipping.
[2025-03-27T17:49:35.421+0000] {processor.py:927} WARNING - No viable dags retrieved from /opt/airflow/dags/env/Scripts/sqlformat.exe
[2025-03-27T17:49:35.451+0000] {processor.py:208} INFO - Processing /opt/airflow/dags/env/Scripts/sqlformat.exe took 0.067 seconds
