[2025-03-30T01:11:33.810+0000] {local_task_job_runner.py:123} INFO - ::group::Pre task execution logs
[2025-03-30T01:11:33.861+0000] {taskinstance.py:2614} INFO - Dependencies all met for dep_context=non-requeueable deps ti=<TaskInstance: ELT_google_playstore_review.datamarts scheduled__2025-03-29T00:00:00+00:00 [queued]>
[2025-03-30T01:11:33.903+0000] {taskinstance.py:2614} INFO - Dependencies all met for dep_context=requeueable deps ti=<TaskInstance: ELT_google_playstore_review.datamarts scheduled__2025-03-29T00:00:00+00:00 [queued]>
[2025-03-30T01:11:33.905+0000] {taskinstance.py:2867} INFO - Starting attempt 3 of 4
[2025-03-30T01:11:33.998+0000] {taskinstance.py:2890} INFO - Executing <Task(BashOperator): datamarts> on 2025-03-29 00:00:00+00:00
[2025-03-30T01:11:34.020+0000] {standard_task_runner.py:104} INFO - Running: ['airflow', 'tasks', 'run', 'ELT_google_playstore_review', 'datamarts', 'scheduled__2025-03-29T00:00:00+00:00', '--job-id', '43', '--raw', '--subdir', 'DAGS_FOLDER/bigquery.py', '--cfg-path', '/tmp/tmp67cqk943']
[2025-03-30T01:11:34.024+0000] {standard_task_runner.py:105} INFO - Job 43: Subtask datamarts
[2025-03-30T01:11:34.040+0000] {logging_mixin.py:190} WARNING - /home/airflow/.local/lib/python3.12/site-packages/airflow/task/task_runner/standard_task_runner.py:70 DeprecationWarning: This process (pid=119) is multi-threaded, use of fork() may lead to deadlocks in the child.
[2025-03-30T01:11:34.044+0000] {standard_task_runner.py:72} INFO - Started process 125 to run task
[2025-03-30T01:11:34.212+0000] {task_command.py:467} INFO - Running <TaskInstance: ELT_google_playstore_review.datamarts scheduled__2025-03-29T00:00:00+00:00 [running]> on host 13bb3a5fb0e8
[2025-03-30T01:11:34.532+0000] {taskinstance.py:3134} INFO - Exporting env vars: AIRFLOW_CTX_DAG_OWNER='airflow' AIRFLOW_CTX_DAG_ID='ELT_google_playstore_review' AIRFLOW_CTX_TASK_ID='datamarts' AIRFLOW_CTX_EXECUTION_DATE='2025-03-29T00:00:00+00:00' AIRFLOW_CTX_TRY_NUMBER='3' AIRFLOW_CTX_DAG_RUN_ID='scheduled__2025-03-29T00:00:00+00:00'
[2025-03-30T01:11:34.535+0000] {taskinstance.py:732} INFO - ::endgroup::
[2025-03-30T01:11:34.582+0000] {subprocess.py:78} INFO - Tmp dir root location: /tmp
[2025-03-30T01:11:34.584+0000] {subprocess.py:88} INFO - Running command: ['/usr/bin/bash', '-c', 'dbt run --select datamart --profiles-dir /opt/airflow/dags --project-dir /opt/airflow/dags']
[2025-03-30T01:11:34.618+0000] {subprocess.py:99} INFO - Output:
[2025-03-30T01:11:44.366+0000] {subprocess.py:106} INFO - [0m01:11:44  Running with dbt=1.9.3
[2025-03-30T01:11:48.701+0000] {subprocess.py:106} INFO - [0m01:11:48  Registered adapter: bigquery=1.9.1
[2025-03-30T01:11:49.787+0000] {subprocess.py:106} INFO - [0m01:11:49  Unable to do partial parsing because a project config has changed
[2025-03-30T01:11:57.196+0000] {subprocess.py:106} INFO - [0m01:11:57  [[33mWARNING[0m]: Configuration paths exist in your dbt_project.yml file which do not apply to any resources.
[2025-03-30T01:11:57.196+0000] {subprocess.py:106} INFO - There are 2 unused configuration paths:
[2025-03-30T01:11:57.197+0000] {subprocess.py:106} INFO - - models.marts
[2025-03-30T01:11:57.198+0000] {subprocess.py:106} INFO - - models.staging
[2025-03-30T01:11:57.538+0000] {subprocess.py:106} INFO - [0m01:11:57  Found 4 models, 3 data tests, 491 macros
[2025-03-30T01:11:57.544+0000] {subprocess.py:106} INFO - [0m01:11:57
[2025-03-30T01:11:57.546+0000] {subprocess.py:106} INFO - [0m01:11:57  Concurrency: 4 threads (target='dev')
[2025-03-30T01:11:57.548+0000] {subprocess.py:106} INFO - [0m01:11:57
[2025-03-30T01:12:00.947+0000] {subprocess.py:106} INFO - [0m01:12:00  1 of 1 START sql incremental model review_google_playstore.datamart ............ [RUN]
[2025-03-30T01:12:05.977+0000] {subprocess.py:106} INFO - [0m01:12:05  1 of 1 OK created sql incremental model review_google_playstore.datamart ....... [[32mMERGE (50.0 rows, 44.6 KiB processed)[0m in 5.02s]
[2025-03-30T01:12:06.091+0000] {subprocess.py:106} INFO - [0m01:12:06
[2025-03-30T01:12:06.102+0000] {subprocess.py:106} INFO - [0m01:12:06  Finished running 1 incremental model in 0 hours 0 minutes and 8.53 seconds (8.53s).
[2025-03-30T01:12:06.294+0000] {subprocess.py:106} INFO - [0m01:12:06
[2025-03-30T01:12:06.296+0000] {subprocess.py:106} INFO - [0m01:12:06  [32mCompleted successfully[0m
[2025-03-30T01:12:06.298+0000] {subprocess.py:106} INFO - [0m01:12:06
[2025-03-30T01:12:06.302+0000] {subprocess.py:106} INFO - [0m01:12:06  Done. PASS=1 WARN=0 ERROR=0 SKIP=0 TOTAL=1
[2025-03-30T01:12:08.162+0000] {subprocess.py:110} INFO - Command exited with return code 0
[2025-03-30T01:12:08.225+0000] {taskinstance.py:341} INFO - ::group::Post task execution logs
[2025-03-30T01:12:08.226+0000] {taskinstance.py:353} INFO - Marking task as SUCCESS. dag_id=ELT_google_playstore_review, task_id=datamarts, run_id=scheduled__2025-03-29T00:00:00+00:00, execution_date=20250329T000000, start_date=20250330T011133, end_date=20250330T011208
[2025-03-30T01:12:08.326+0000] {local_task_job_runner.py:266} INFO - Task exited with return code 0
[2025-03-30T01:12:08.409+0000] {taskinstance.py:3901} INFO - 3 downstream tasks scheduled from follow-on schedule check
[2025-03-30T01:12:08.426+0000] {local_task_job_runner.py:245} INFO - ::endgroup::
