[2025-03-30T01:21:34.313+0000] {local_task_job_runner.py:123} INFO - ::group::Pre task execution logs
[2025-03-30T01:21:34.357+0000] {taskinstance.py:2614} INFO - Dependencies all met for dep_context=non-requeueable deps ti=<TaskInstance: ELT_google_playstore_review.transform_table scheduled__2025-03-29T00:00:00+00:00 [queued]>
[2025-03-30T01:21:34.415+0000] {taskinstance.py:2614} INFO - Dependencies all met for dep_context=requeueable deps ti=<TaskInstance: ELT_google_playstore_review.transform_table scheduled__2025-03-29T00:00:00+00:00 [queued]>
[2025-03-30T01:21:34.417+0000] {taskinstance.py:2867} INFO - Starting attempt 1 of 4
[2025-03-30T01:21:34.527+0000] {taskinstance.py:2890} INFO - Executing <Task(BashOperator): transform_table> on 2025-03-29 00:00:00+00:00
[2025-03-30T01:21:34.541+0000] {standard_task_runner.py:104} INFO - Running: ['airflow', 'tasks', 'run', 'ELT_google_playstore_review', 'transform_table', 'scheduled__2025-03-29T00:00:00+00:00', '--job-id', '44', '--raw', '--subdir', 'DAGS_FOLDER/bigquery.py', '--cfg-path', '/tmp/tmpbw0ybzl1']
[2025-03-30T01:21:34.550+0000] {standard_task_runner.py:105} INFO - Job 44: Subtask transform_table
[2025-03-30T01:21:34.558+0000] {logging_mixin.py:190} WARNING - /home/airflow/.local/lib/python3.12/site-packages/airflow/task/task_runner/standard_task_runner.py:70 DeprecationWarning: This process (pid=169) is multi-threaded, use of fork() may lead to deadlocks in the child.
[2025-03-30T01:21:34.560+0000] {standard_task_runner.py:72} INFO - Started process 179 to run task
[2025-03-30T01:21:34.725+0000] {task_command.py:467} INFO - Running <TaskInstance: ELT_google_playstore_review.transform_table scheduled__2025-03-29T00:00:00+00:00 [running]> on host 13bb3a5fb0e8
[2025-03-30T01:21:34.901+0000] {taskinstance.py:3134} INFO - Exporting env vars: AIRFLOW_CTX_DAG_OWNER='airflow' AIRFLOW_CTX_DAG_ID='ELT_google_playstore_review' AIRFLOW_CTX_TASK_ID='transform_table' AIRFLOW_CTX_EXECUTION_DATE='2025-03-29T00:00:00+00:00' AIRFLOW_CTX_TRY_NUMBER='1' AIRFLOW_CTX_DAG_RUN_ID='scheduled__2025-03-29T00:00:00+00:00'
[2025-03-30T01:21:34.903+0000] {taskinstance.py:732} INFO - ::endgroup::
[2025-03-30T01:21:34.922+0000] {subprocess.py:78} INFO - Tmp dir root location: /tmp
[2025-03-30T01:21:34.924+0000] {subprocess.py:88} INFO - Running command: ['/usr/bin/bash', '-c', 'dbt run --select core_transform --profiles-dir /opt/airflow/dags --project-dir /opt/airflow/dags']
[2025-03-30T01:21:34.936+0000] {subprocess.py:99} INFO - Output:
[2025-03-30T01:21:41.911+0000] {subprocess.py:106} INFO - [0m01:21:41  Running with dbt=1.9.3
[2025-03-30T01:21:44.408+0000] {subprocess.py:106} INFO - [0m01:21:44  Registered adapter: bigquery=1.9.1
[2025-03-30T01:21:45.293+0000] {subprocess.py:106} INFO - [0m01:21:45  [[33mWARNING[0m]: Configuration paths exist in your dbt_project.yml file which do not apply to any resources.
[2025-03-30T01:21:45.294+0000] {subprocess.py:106} INFO - There are 2 unused configuration paths:
[2025-03-30T01:21:45.295+0000] {subprocess.py:106} INFO - - models.marts
[2025-03-30T01:21:45.296+0000] {subprocess.py:106} INFO - - models.staging
[2025-03-30T01:21:45.642+0000] {subprocess.py:106} INFO - [0m01:21:45  Found 4 models, 3 data tests, 491 macros
[2025-03-30T01:21:45.647+0000] {subprocess.py:106} INFO - [0m01:21:45
[2025-03-30T01:21:45.648+0000] {subprocess.py:106} INFO - [0m01:21:45  Concurrency: 4 threads (target='dev')
[2025-03-30T01:21:45.649+0000] {subprocess.py:106} INFO - [0m01:21:45
[2025-03-30T01:21:48.521+0000] {subprocess.py:106} INFO - [0m01:21:48  1 of 1 START sql table model review_google_playstore.core_transform ............ [RUN]
[2025-03-30T01:21:55.122+0000] {subprocess.py:106} INFO - [0m01:21:55  1 of 1 OK created sql table model review_google_playstore.core_transform ....... [[32mCREATE TABLE (150.0 rows, 19.8 KiB processed)[0m in 6.57s]
[2025-03-30T01:21:55.274+0000] {subprocess.py:106} INFO - [0m01:21:55
[2025-03-30T01:21:55.279+0000] {subprocess.py:106} INFO - [0m01:21:55  Finished running 1 table model in 0 hours 0 minutes and 9.62 seconds (9.62s).
[2025-03-30T01:21:55.475+0000] {subprocess.py:106} INFO - [0m01:21:55
[2025-03-30T01:21:55.477+0000] {subprocess.py:106} INFO - [0m01:21:55  [32mCompleted successfully[0m
[2025-03-30T01:21:55.478+0000] {subprocess.py:106} INFO - [0m01:21:55
[2025-03-30T01:21:55.480+0000] {subprocess.py:106} INFO - [0m01:21:55  Done. PASS=1 WARN=0 ERROR=0 SKIP=0 TOTAL=1
[2025-03-30T01:21:59.689+0000] {subprocess.py:110} INFO - Command exited with return code 0
[2025-03-30T01:21:59.770+0000] {taskinstance.py:341} INFO - ::group::Post task execution logs
[2025-03-30T01:21:59.771+0000] {taskinstance.py:353} INFO - Marking task as SUCCESS. dag_id=ELT_google_playstore_review, task_id=transform_table, run_id=scheduled__2025-03-29T00:00:00+00:00, execution_date=20250329T000000, start_date=20250330T012134, end_date=20250330T012159
[2025-03-30T01:21:59.884+0000] {local_task_job_runner.py:266} INFO - Task exited with return code 0
[2025-03-30T01:21:59.903+0000] {taskinstance.py:3901} INFO - 0 downstream tasks scheduled from follow-on schedule check
[2025-03-30T01:21:59.905+0000] {local_task_job_runner.py:245} INFO - ::endgroup::
