[2025-03-31T07:47:14.552+0000] {local_task_job_runner.py:123} INFO - ::group::Pre task execution logs
[2025-03-31T07:47:14.668+0000] {taskinstance.py:2614} INFO - Dependencies all met for dep_context=non-requeueable deps ti=<TaskInstance: ELT_google_playstore_review.transform_table manual__2025-03-31T07:32:00.293495+00:00 [queued]>
[2025-03-31T07:47:14.752+0000] {taskinstance.py:2614} INFO - Dependencies all met for dep_context=requeueable deps ti=<TaskInstance: ELT_google_playstore_review.transform_table manual__2025-03-31T07:32:00.293495+00:00 [queued]>
[2025-03-31T07:47:14.754+0000] {taskinstance.py:2867} INFO - Starting attempt 1 of 4
[2025-03-31T07:47:14.896+0000] {taskinstance.py:2890} INFO - Executing <Task(BashOperator): transform_table> on 2025-03-31 07:32:00.293495+00:00
[2025-03-31T07:47:14.921+0000] {standard_task_runner.py:104} INFO - Running: ['airflow', 'tasks', 'run', 'ELT_google_playstore_review', 'transform_table', 'manual__2025-03-31T07:32:00.293495+00:00', '--job-id', '66', '--raw', '--subdir', 'DAGS_FOLDER/bigquery.py', '--cfg-path', '/tmp/tmp63ee7ctb']
[2025-03-31T07:47:14.937+0000] {standard_task_runner.py:105} INFO - Job 66: Subtask transform_table
[2025-03-31T07:47:14.960+0000] {logging_mixin.py:190} WARNING - /home/airflow/.local/lib/python3.12/site-packages/airflow/task/task_runner/standard_task_runner.py:70 DeprecationWarning: This process (pid=7925) is multi-threaded, use of fork() may lead to deadlocks in the child.
[2025-03-31T07:47:14.961+0000] {standard_task_runner.py:72} INFO - Started process 7931 to run task
[2025-03-31T07:47:15.218+0000] {task_command.py:467} INFO - Running <TaskInstance: ELT_google_playstore_review.transform_table manual__2025-03-31T07:32:00.293495+00:00 [running]> on host bcc3d85ef1af
[2025-03-31T07:47:15.765+0000] {taskinstance.py:3134} INFO - Exporting env vars: AIRFLOW_CTX_DAG_OWNER='airflow' AIRFLOW_CTX_DAG_ID='ELT_google_playstore_review' AIRFLOW_CTX_TASK_ID='transform_table' AIRFLOW_CTX_EXECUTION_DATE='2025-03-31T07:32:00.293495+00:00' AIRFLOW_CTX_TRY_NUMBER='1' AIRFLOW_CTX_DAG_RUN_ID='manual__2025-03-31T07:32:00.293495+00:00'
[2025-03-31T07:47:15.770+0000] {taskinstance.py:732} INFO - ::endgroup::
[2025-03-31T07:47:15.865+0000] {subprocess.py:78} INFO - Tmp dir root location: /tmp
[2025-03-31T07:47:15.867+0000] {subprocess.py:88} INFO - Running command: ['/usr/bin/bash', '-c', 'dbt run --select core_transform --profiles-dir /opt/airflow/dags --project-dir /opt/airflow/dags']
[2025-03-31T07:47:15.919+0000] {subprocess.py:99} INFO - Output:
[2025-03-31T07:47:35.840+0000] {subprocess.py:106} INFO - [0m07:47:35  Running with dbt=1.9.3
[2025-03-31T07:47:45.781+0000] {subprocess.py:106} INFO - [0m07:47:45  Registered adapter: bigquery=1.9.1
[2025-03-31T07:47:48.876+0000] {subprocess.py:106} INFO - [0m07:47:48  [[33mWARNING[0m]: Configuration paths exist in your dbt_project.yml file which do not apply to any resources.
[2025-03-31T07:47:48.878+0000] {subprocess.py:106} INFO - There are 2 unused configuration paths:
[2025-03-31T07:47:48.879+0000] {subprocess.py:106} INFO - - models.staging
[2025-03-31T07:47:48.880+0000] {subprocess.py:106} INFO - - models.marts
[2025-03-31T07:47:50.278+0000] {subprocess.py:106} INFO - [0m07:47:50  Found 4 models, 3 data tests, 491 macros
[2025-03-31T07:47:50.292+0000] {subprocess.py:106} INFO - [0m07:47:50
[2025-03-31T07:47:50.303+0000] {subprocess.py:106} INFO - [0m07:47:50  Concurrency: 4 threads (target='dev')
[2025-03-31T07:47:50.305+0000] {subprocess.py:106} INFO - [0m07:47:50
[2025-03-31T07:47:52.707+0000] {subprocess.py:106} INFO - [0m07:47:52  1 of 1 START sql table model review_google_playstore.core_transform ............ [RUN]
[2025-03-31T07:47:58.847+0000] {subprocess.py:106} INFO - [0m07:47:58  1 of 1 OK created sql table model review_google_playstore.core_transform ....... [[32mCREATE TABLE (200.0 rows, 26.7 KiB processed)[0m in 6.12s]
[2025-03-31T07:47:59.161+0000] {subprocess.py:106} INFO - [0m07:47:59
[2025-03-31T07:47:59.163+0000] {subprocess.py:106} INFO - [0m07:47:59  Finished running 1 table model in 0 hours 0 minutes and 8.85 seconds (8.85s).
[2025-03-31T07:47:59.960+0000] {subprocess.py:106} INFO - [0m07:47:59
[2025-03-31T07:47:59.969+0000] {subprocess.py:106} INFO - [0m07:47:59  [32mCompleted successfully[0m
[2025-03-31T07:47:59.975+0000] {subprocess.py:106} INFO - [0m07:47:59
[2025-03-31T07:47:59.978+0000] {subprocess.py:106} INFO - [0m07:47:59  Done. PASS=1 WARN=0 ERROR=0 SKIP=0 TOTAL=1
[2025-03-31T07:48:04.604+0000] {subprocess.py:110} INFO - Command exited with return code 0
[2025-03-31T07:48:04.702+0000] {taskinstance.py:341} INFO - ::group::Post task execution logs
[2025-03-31T07:48:04.703+0000] {taskinstance.py:353} INFO - Marking task as SUCCESS. dag_id=ELT_google_playstore_review, task_id=transform_table, run_id=manual__2025-03-31T07:32:00.293495+00:00, execution_date=20250331T073200, start_date=20250331T074714, end_date=20250331T074804
[2025-03-31T07:48:04.876+0000] {local_task_job_runner.py:266} INFO - Task exited with return code 0
[2025-03-31T07:48:04.926+0000] {taskinstance.py:3901} INFO - 0 downstream tasks scheduled from follow-on schedule check
[2025-03-31T07:48:04.929+0000] {local_task_job_runner.py:245} INFO - ::endgroup::
[2025-03-31T07:48:04.981+0000] {standard_task_runner.py:217} INFO - Process not found (most likely exited), stop collecting metrics
