[2025-03-30T01:22:52.641+0000] {local_task_job_runner.py:123} INFO - ::group::Pre task execution logs
[2025-03-30T01:22:52.674+0000] {taskinstance.py:2614} INFO - Dependencies all met for dep_context=non-requeueable deps ti=<TaskInstance: ELT_google_playstore_review.view_score scheduled__2025-03-29T00:00:00+00:00 [queued]>
[2025-03-30T01:22:52.695+0000] {taskinstance.py:2614} INFO - Dependencies all met for dep_context=requeueable deps ti=<TaskInstance: ELT_google_playstore_review.view_score scheduled__2025-03-29T00:00:00+00:00 [queued]>
[2025-03-30T01:22:52.696+0000] {taskinstance.py:2867} INFO - Starting attempt 1 of 4
[2025-03-30T01:22:52.743+0000] {taskinstance.py:2890} INFO - Executing <Task(BashOperator): view_score> on 2025-03-29 00:00:00+00:00
[2025-03-30T01:22:52.755+0000] {standard_task_runner.py:104} INFO - Running: ['airflow', 'tasks', 'run', 'ELT_google_playstore_review', 'view_score', 'scheduled__2025-03-29T00:00:00+00:00', '--job-id', '46', '--raw', '--subdir', 'DAGS_FOLDER/bigquery.py', '--cfg-path', '/tmp/tmpktb5aind']
[2025-03-30T01:22:52.759+0000] {standard_task_runner.py:105} INFO - Job 46: Subtask view_score
[2025-03-30T01:22:52.765+0000] {logging_mixin.py:190} WARNING - /home/airflow/.local/lib/python3.12/site-packages/airflow/task/task_runner/standard_task_runner.py:70 DeprecationWarning: This process (pid=224) is multi-threaded, use of fork() may lead to deadlocks in the child.
[2025-03-30T01:22:52.766+0000] {standard_task_runner.py:72} INFO - Started process 230 to run task
[2025-03-30T01:22:52.862+0000] {task_command.py:467} INFO - Running <TaskInstance: ELT_google_playstore_review.view_score scheduled__2025-03-29T00:00:00+00:00 [running]> on host 13bb3a5fb0e8
[2025-03-30T01:22:53.071+0000] {taskinstance.py:3134} INFO - Exporting env vars: AIRFLOW_CTX_DAG_OWNER='airflow' AIRFLOW_CTX_DAG_ID='ELT_google_playstore_review' AIRFLOW_CTX_TASK_ID='view_score' AIRFLOW_CTX_EXECUTION_DATE='2025-03-29T00:00:00+00:00' AIRFLOW_CTX_TRY_NUMBER='1' AIRFLOW_CTX_DAG_RUN_ID='scheduled__2025-03-29T00:00:00+00:00'
[2025-03-30T01:22:53.074+0000] {taskinstance.py:732} INFO - ::endgroup::
[2025-03-30T01:22:53.101+0000] {subprocess.py:78} INFO - Tmp dir root location: /tmp
[2025-03-30T01:22:53.103+0000] {subprocess.py:88} INFO - Running command: ['/usr/bin/bash', '-c', 'dbt run --select stg_review --profiles-dir /opt/airflow/dags --project-dir /opt/airflow/dags']
[2025-03-30T01:22:53.119+0000] {subprocess.py:99} INFO - Output:
[2025-03-30T01:22:57.561+0000] {subprocess.py:106} INFO - [0m01:22:57  Running with dbt=1.9.3
[2025-03-30T01:23:00.713+0000] {subprocess.py:106} INFO - [0m01:23:00  Registered adapter: bigquery=1.9.1
[2025-03-30T01:23:02.034+0000] {subprocess.py:106} INFO - [0m01:23:02  [[33mWARNING[0m]: Configuration paths exist in your dbt_project.yml file which do not apply to any resources.
[2025-03-30T01:23:02.035+0000] {subprocess.py:106} INFO - There are 2 unused configuration paths:
[2025-03-30T01:23:02.035+0000] {subprocess.py:106} INFO - - models.marts
[2025-03-30T01:23:02.036+0000] {subprocess.py:106} INFO - - models.staging
[2025-03-30T01:23:02.428+0000] {subprocess.py:106} INFO - [0m01:23:02  Found 4 models, 3 data tests, 491 macros
[2025-03-30T01:23:02.434+0000] {subprocess.py:106} INFO - [0m01:23:02
[2025-03-30T01:23:02.437+0000] {subprocess.py:106} INFO - [0m01:23:02  Concurrency: 4 threads (target='dev')
[2025-03-30T01:23:02.438+0000] {subprocess.py:106} INFO - [0m01:23:02
[2025-03-30T01:23:06.418+0000] {subprocess.py:106} INFO - [0m01:23:06  1 of 1 START sql view model review_google_playstore.stg_review ................. [RUN]
[2025-03-30T01:23:09.730+0000] {subprocess.py:106} INFO - [0m01:23:09  1 of 1 OK created sql view model review_google_playstore.stg_review ............ [[32mCREATE VIEW (0 processed)[0m in 3.31s]
[2025-03-30T01:23:09.791+0000] {subprocess.py:106} INFO - [0m01:23:09
[2025-03-30T01:23:09.792+0000] {subprocess.py:106} INFO - [0m01:23:09  Finished running 1 view model in 0 hours 0 minutes and 7.35 seconds (7.35s).
[2025-03-30T01:23:09.948+0000] {subprocess.py:106} INFO - [0m01:23:09
[2025-03-30T01:23:09.950+0000] {subprocess.py:106} INFO - [0m01:23:09  [32mCompleted successfully[0m
[2025-03-30T01:23:09.951+0000] {subprocess.py:106} INFO - [0m01:23:09
[2025-03-30T01:23:09.952+0000] {subprocess.py:106} INFO - [0m01:23:09  Done. PASS=1 WARN=0 ERROR=0 SKIP=0 TOTAL=1
[2025-03-30T01:23:15.827+0000] {subprocess.py:110} INFO - Command exited with return code 0
[2025-03-30T01:23:15.917+0000] {taskinstance.py:341} INFO - ::group::Post task execution logs
[2025-03-30T01:23:15.918+0000] {taskinstance.py:353} INFO - Marking task as SUCCESS. dag_id=ELT_google_playstore_review, task_id=view_score, run_id=scheduled__2025-03-29T00:00:00+00:00, execution_date=20250329T000000, start_date=20250330T012252, end_date=20250330T012315
[2025-03-30T01:23:16.028+0000] {local_task_job_runner.py:266} INFO - Task exited with return code 0
[2025-03-30T01:23:16.051+0000] {taskinstance.py:3901} INFO - 0 downstream tasks scheduled from follow-on schedule check
[2025-03-30T01:23:16.053+0000] {local_task_job_runner.py:245} INFO - ::endgroup::
