[2025-03-29T00:47:17.163+0000] {processor.py:186} INFO - Started process (PID=420) to work on /opt/airflow/dags/bigquery.py
[2025-03-29T00:47:17.165+0000] {processor.py:914} INFO - Processing file /opt/airflow/dags/bigquery.py for tasks to queue
[2025-03-29T00:47:17.170+0000] {logging_mixin.py:190} INFO - [2025-03-29T00:47:17.169+0000] {dagbag.py:588} INFO - Filling up the DagBag from /opt/airflow/dags/bigquery.py
[2025-03-29T00:47:17.211+0000] {processor.py:925} INFO - DAG(s) 'ELT_google_playstore_review' retrieved from /opt/airflow/dags/bigquery.py
[2025-03-29T00:47:17.254+0000] {logging_mixin.py:190} INFO - [2025-03-29T00:47:17.253+0000] {dag.py:3239} INFO - Sync 1 DAGs
[2025-03-29T00:47:17.295+0000] {logging_mixin.py:190} INFO - [2025-03-29T00:47:17.295+0000] {dag.py:4180} INFO - Setting next_dagrun for ELT_google_playstore_review to 2025-03-29 00:00:00+00:00, run_after=2025-03-30 00:00:00+00:00
[2025-03-29T00:47:17.355+0000] {processor.py:208} INFO - Processing /opt/airflow/dags/bigquery.py took 0.201 seconds
[2025-03-29T00:52:12.278+0000] {processor.py:186} INFO - Started process (PID=448) to work on /opt/airflow/dags/bigquery.py
[2025-03-29T00:52:12.280+0000] {processor.py:914} INFO - Processing file /opt/airflow/dags/bigquery.py for tasks to queue
[2025-03-29T00:52:12.284+0000] {logging_mixin.py:190} INFO - [2025-03-29T00:52:12.283+0000] {dagbag.py:588} INFO - Filling up the DagBag from /opt/airflow/dags/bigquery.py
[2025-03-29T00:52:12.319+0000] {processor.py:925} INFO - DAG(s) 'ELT_google_playstore_review' retrieved from /opt/airflow/dags/bigquery.py
[2025-03-29T00:52:12.369+0000] {logging_mixin.py:190} INFO - [2025-03-29T00:52:12.369+0000] {dag.py:3239} INFO - Sync 1 DAGs
[2025-03-29T00:52:12.410+0000] {logging_mixin.py:190} INFO - [2025-03-29T00:52:12.410+0000] {dag.py:4180} INFO - Setting next_dagrun for ELT_google_playstore_review to 2025-03-29 00:00:00+00:00, run_after=2025-03-30 00:00:00+00:00
[2025-03-29T00:52:12.487+0000] {processor.py:208} INFO - Processing /opt/airflow/dags/bigquery.py took 0.218 seconds
[2025-03-29T00:52:43.123+0000] {processor.py:186} INFO - Started process (PID=472) to work on /opt/airflow/dags/bigquery.py
[2025-03-29T00:52:43.124+0000] {processor.py:914} INFO - Processing file /opt/airflow/dags/bigquery.py for tasks to queue
[2025-03-29T00:52:43.127+0000] {logging_mixin.py:190} INFO - [2025-03-29T00:52:43.127+0000] {dagbag.py:588} INFO - Filling up the DagBag from /opt/airflow/dags/bigquery.py
[2025-03-29T00:52:43.159+0000] {processor.py:925} INFO - DAG(s) 'ELT_google_playstore_review' retrieved from /opt/airflow/dags/bigquery.py
[2025-03-29T00:52:43.202+0000] {logging_mixin.py:190} INFO - [2025-03-29T00:52:43.202+0000] {dag.py:3239} INFO - Sync 1 DAGs
[2025-03-29T00:52:43.235+0000] {logging_mixin.py:190} INFO - [2025-03-29T00:52:43.235+0000] {dag.py:4180} INFO - Setting next_dagrun for ELT_google_playstore_review to 2025-03-29 00:00:00+00:00, run_after=2025-03-30 00:00:00+00:00
[2025-03-29T00:52:43.303+0000] {processor.py:208} INFO - Processing /opt/airflow/dags/bigquery.py took 0.187 seconds
[2025-03-29T00:57:16.424+0000] {processor.py:186} INFO - Started process (PID=478) to work on /opt/airflow/dags/bigquery.py
[2025-03-29T00:57:16.426+0000] {processor.py:914} INFO - Processing file /opt/airflow/dags/bigquery.py for tasks to queue
[2025-03-29T00:57:16.429+0000] {logging_mixin.py:190} INFO - [2025-03-29T00:57:16.429+0000] {dagbag.py:588} INFO - Filling up the DagBag from /opt/airflow/dags/bigquery.py
[2025-03-29T00:57:16.465+0000] {processor.py:925} INFO - DAG(s) 'ELT_google_playstore_review' retrieved from /opt/airflow/dags/bigquery.py
[2025-03-29T00:57:16.511+0000] {logging_mixin.py:190} INFO - [2025-03-29T00:57:16.511+0000] {dag.py:3239} INFO - Sync 1 DAGs
[2025-03-29T00:57:16.551+0000] {logging_mixin.py:190} INFO - [2025-03-29T00:57:16.551+0000] {dag.py:4180} INFO - Setting next_dagrun for ELT_google_playstore_review to 2025-03-29 00:00:00+00:00, run_after=2025-03-30 00:00:00+00:00
[2025-03-29T00:57:16.625+0000] {processor.py:208} INFO - Processing /opt/airflow/dags/bigquery.py took 0.212 seconds
[2025-03-29T00:57:46.937+0000] {processor.py:186} INFO - Started process (PID=502) to work on /opt/airflow/dags/bigquery.py
[2025-03-29T00:57:46.938+0000] {processor.py:914} INFO - Processing file /opt/airflow/dags/bigquery.py for tasks to queue
[2025-03-29T00:57:46.942+0000] {logging_mixin.py:190} INFO - [2025-03-29T00:57:46.941+0000] {dagbag.py:588} INFO - Filling up the DagBag from /opt/airflow/dags/bigquery.py
[2025-03-29T00:57:46.980+0000] {processor.py:925} INFO - DAG(s) 'ELT_google_playstore_review' retrieved from /opt/airflow/dags/bigquery.py
[2025-03-29T00:57:47.020+0000] {logging_mixin.py:190} INFO - [2025-03-29T00:57:47.020+0000] {dag.py:3239} INFO - Sync 1 DAGs
[2025-03-29T00:57:47.058+0000] {logging_mixin.py:190} INFO - [2025-03-29T00:57:47.057+0000] {dag.py:4180} INFO - Setting next_dagrun for ELT_google_playstore_review to 2025-03-29 00:00:00+00:00, run_after=2025-03-30 00:00:00+00:00
[2025-03-29T00:57:47.129+0000] {processor.py:208} INFO - Processing /opt/airflow/dags/bigquery.py took 0.200 seconds
[2025-03-29T01:02:09.619+0000] {processor.py:186} INFO - Started process (PID=504) to work on /opt/airflow/dags/bigquery.py
[2025-03-29T01:02:09.620+0000] {processor.py:914} INFO - Processing file /opt/airflow/dags/bigquery.py for tasks to queue
[2025-03-29T01:02:09.623+0000] {logging_mixin.py:190} INFO - [2025-03-29T01:02:09.623+0000] {dagbag.py:588} INFO - Filling up the DagBag from /opt/airflow/dags/bigquery.py
[2025-03-29T01:02:09.655+0000] {processor.py:925} INFO - DAG(s) 'ELT_google_playstore_review' retrieved from /opt/airflow/dags/bigquery.py
[2025-03-29T01:02:09.693+0000] {logging_mixin.py:190} INFO - [2025-03-29T01:02:09.692+0000] {dag.py:3239} INFO - Sync 1 DAGs
[2025-03-29T01:02:09.728+0000] {logging_mixin.py:190} INFO - [2025-03-29T01:02:09.727+0000] {dag.py:4180} INFO - Setting next_dagrun for ELT_google_playstore_review to 2025-03-29 00:00:00+00:00, run_after=2025-03-30 00:00:00+00:00
[2025-03-29T01:02:09.794+0000] {processor.py:208} INFO - Processing /opt/airflow/dags/bigquery.py took 0.183 seconds
[2025-03-29T01:02:40.299+0000] {processor.py:186} INFO - Started process (PID=528) to work on /opt/airflow/dags/bigquery.py
[2025-03-29T01:02:40.300+0000] {processor.py:914} INFO - Processing file /opt/airflow/dags/bigquery.py for tasks to queue
[2025-03-29T01:02:40.304+0000] {logging_mixin.py:190} INFO - [2025-03-29T01:02:40.303+0000] {dagbag.py:588} INFO - Filling up the DagBag from /opt/airflow/dags/bigquery.py
[2025-03-29T01:02:40.333+0000] {processor.py:925} INFO - DAG(s) 'ELT_google_playstore_review' retrieved from /opt/airflow/dags/bigquery.py
[2025-03-29T01:02:40.369+0000] {logging_mixin.py:190} INFO - [2025-03-29T01:02:40.368+0000] {dag.py:3239} INFO - Sync 1 DAGs
[2025-03-29T01:02:40.400+0000] {logging_mixin.py:190} INFO - [2025-03-29T01:02:40.399+0000] {dag.py:4180} INFO - Setting next_dagrun for ELT_google_playstore_review to 2025-03-29 00:00:00+00:00, run_after=2025-03-30 00:00:00+00:00
[2025-03-29T01:02:40.454+0000] {processor.py:208} INFO - Processing /opt/airflow/dags/bigquery.py took 0.162 seconds
[2025-03-29T01:07:18.516+0000] {processor.py:186} INFO - Started process (PID=535) to work on /opt/airflow/dags/bigquery.py
[2025-03-29T01:07:18.517+0000] {processor.py:914} INFO - Processing file /opt/airflow/dags/bigquery.py for tasks to queue
[2025-03-29T01:07:18.520+0000] {logging_mixin.py:190} INFO - [2025-03-29T01:07:18.519+0000] {dagbag.py:588} INFO - Filling up the DagBag from /opt/airflow/dags/bigquery.py
[2025-03-29T01:07:18.550+0000] {processor.py:925} INFO - DAG(s) 'ELT_google_playstore_review' retrieved from /opt/airflow/dags/bigquery.py
[2025-03-29T01:07:18.589+0000] {logging_mixin.py:190} INFO - [2025-03-29T01:07:18.588+0000] {dag.py:3239} INFO - Sync 1 DAGs
[2025-03-29T01:07:18.620+0000] {logging_mixin.py:190} INFO - [2025-03-29T01:07:18.620+0000] {dag.py:4180} INFO - Setting next_dagrun for ELT_google_playstore_review to 2025-03-29 00:00:00+00:00, run_after=2025-03-30 00:00:00+00:00
[2025-03-29T01:07:18.675+0000] {processor.py:208} INFO - Processing /opt/airflow/dags/bigquery.py took 0.168 seconds
[2025-03-29T01:07:49.122+0000] {processor.py:186} INFO - Started process (PID=559) to work on /opt/airflow/dags/bigquery.py
[2025-03-29T01:07:49.124+0000] {processor.py:914} INFO - Processing file /opt/airflow/dags/bigquery.py for tasks to queue
[2025-03-29T01:07:49.127+0000] {logging_mixin.py:190} INFO - [2025-03-29T01:07:49.126+0000] {dagbag.py:588} INFO - Filling up the DagBag from /opt/airflow/dags/bigquery.py
[2025-03-29T01:07:49.157+0000] {processor.py:925} INFO - DAG(s) 'ELT_google_playstore_review' retrieved from /opt/airflow/dags/bigquery.py
[2025-03-29T01:07:49.198+0000] {logging_mixin.py:190} INFO - [2025-03-29T01:07:49.198+0000] {dag.py:3239} INFO - Sync 1 DAGs
[2025-03-29T01:07:49.232+0000] {logging_mixin.py:190} INFO - [2025-03-29T01:07:49.232+0000] {dag.py:4180} INFO - Setting next_dagrun for ELT_google_playstore_review to 2025-03-29 00:00:00+00:00, run_after=2025-03-30 00:00:00+00:00
[2025-03-29T01:07:49.290+0000] {processor.py:208} INFO - Processing /opt/airflow/dags/bigquery.py took 0.175 seconds
[2025-03-29T01:12:21.715+0000] {processor.py:186} INFO - Started process (PID=560) to work on /opt/airflow/dags/bigquery.py
[2025-03-29T01:12:21.716+0000] {processor.py:914} INFO - Processing file /opt/airflow/dags/bigquery.py for tasks to queue
[2025-03-29T01:12:21.719+0000] {logging_mixin.py:190} INFO - [2025-03-29T01:12:21.718+0000] {dagbag.py:588} INFO - Filling up the DagBag from /opt/airflow/dags/bigquery.py
[2025-03-29T01:12:21.749+0000] {processor.py:925} INFO - DAG(s) 'ELT_google_playstore_review' retrieved from /opt/airflow/dags/bigquery.py
[2025-03-29T01:12:21.784+0000] {logging_mixin.py:190} INFO - [2025-03-29T01:12:21.784+0000] {dag.py:3239} INFO - Sync 1 DAGs
[2025-03-29T01:12:21.815+0000] {logging_mixin.py:190} INFO - [2025-03-29T01:12:21.815+0000] {dag.py:4180} INFO - Setting next_dagrun for ELT_google_playstore_review to 2025-03-29 00:00:00+00:00, run_after=2025-03-30 00:00:00+00:00
[2025-03-29T01:12:21.879+0000] {processor.py:208} INFO - Processing /opt/airflow/dags/bigquery.py took 0.174 seconds
[2025-03-29T01:17:14.653+0000] {processor.py:186} INFO - Started process (PID=584) to work on /opt/airflow/dags/bigquery.py
[2025-03-29T01:17:14.654+0000] {processor.py:914} INFO - Processing file /opt/airflow/dags/bigquery.py for tasks to queue
[2025-03-29T01:17:14.657+0000] {logging_mixin.py:190} INFO - [2025-03-29T01:17:14.657+0000] {dagbag.py:588} INFO - Filling up the DagBag from /opt/airflow/dags/bigquery.py
[2025-03-29T01:17:14.689+0000] {processor.py:925} INFO - DAG(s) 'ELT_google_playstore_review' retrieved from /opt/airflow/dags/bigquery.py
[2025-03-29T01:17:14.730+0000] {logging_mixin.py:190} INFO - [2025-03-29T01:17:14.730+0000] {dag.py:3239} INFO - Sync 1 DAGs
[2025-03-29T01:17:14.767+0000] {logging_mixin.py:190} INFO - [2025-03-29T01:17:14.767+0000] {dag.py:4180} INFO - Setting next_dagrun for ELT_google_playstore_review to 2025-03-29 00:00:00+00:00, run_after=2025-03-30 00:00:00+00:00
[2025-03-29T01:17:14.838+0000] {processor.py:208} INFO - Processing /opt/airflow/dags/bigquery.py took 0.193 seconds
[2025-03-29T01:17:45.413+0000] {processor.py:186} INFO - Started process (PID=608) to work on /opt/airflow/dags/bigquery.py
[2025-03-29T01:17:45.414+0000] {processor.py:914} INFO - Processing file /opt/airflow/dags/bigquery.py for tasks to queue
[2025-03-29T01:17:45.417+0000] {logging_mixin.py:190} INFO - [2025-03-29T01:17:45.417+0000] {dagbag.py:588} INFO - Filling up the DagBag from /opt/airflow/dags/bigquery.py
[2025-03-29T01:17:45.447+0000] {processor.py:925} INFO - DAG(s) 'ELT_google_playstore_review' retrieved from /opt/airflow/dags/bigquery.py
[2025-03-29T01:17:45.486+0000] {logging_mixin.py:190} INFO - [2025-03-29T01:17:45.486+0000] {dag.py:3239} INFO - Sync 1 DAGs
[2025-03-29T01:17:45.518+0000] {logging_mixin.py:190} INFO - [2025-03-29T01:17:45.518+0000] {dag.py:4180} INFO - Setting next_dagrun for ELT_google_playstore_review to 2025-03-29 00:00:00+00:00, run_after=2025-03-30 00:00:00+00:00
[2025-03-29T01:17:45.580+0000] {processor.py:208} INFO - Processing /opt/airflow/dags/bigquery.py took 0.174 seconds
[2025-03-29T01:22:21.021+0000] {processor.py:186} INFO - Started process (PID=612) to work on /opt/airflow/dags/bigquery.py
[2025-03-29T01:22:21.023+0000] {processor.py:914} INFO - Processing file /opt/airflow/dags/bigquery.py for tasks to queue
[2025-03-29T01:22:21.026+0000] {logging_mixin.py:190} INFO - [2025-03-29T01:22:21.026+0000] {dagbag.py:588} INFO - Filling up the DagBag from /opt/airflow/dags/bigquery.py
[2025-03-29T01:22:21.060+0000] {processor.py:925} INFO - DAG(s) 'ELT_google_playstore_review' retrieved from /opt/airflow/dags/bigquery.py
[2025-03-29T01:22:21.104+0000] {logging_mixin.py:190} INFO - [2025-03-29T01:22:21.104+0000] {dag.py:3239} INFO - Sync 1 DAGs
[2025-03-29T01:22:21.141+0000] {logging_mixin.py:190} INFO - [2025-03-29T01:22:21.140+0000] {dag.py:4180} INFO - Setting next_dagrun for ELT_google_playstore_review to 2025-03-29 00:00:00+00:00, run_after=2025-03-30 00:00:00+00:00
[2025-03-29T01:22:21.204+0000] {processor.py:208} INFO - Processing /opt/airflow/dags/bigquery.py took 0.190 seconds
[2025-03-29T01:31:08.865+0000] {processor.py:186} INFO - Started process (PID=636) to work on /opt/airflow/dags/bigquery.py
[2025-03-29T01:31:08.868+0000] {processor.py:914} INFO - Processing file /opt/airflow/dags/bigquery.py for tasks to queue
[2025-03-29T01:31:08.873+0000] {logging_mixin.py:190} INFO - [2025-03-29T01:31:08.872+0000] {dagbag.py:588} INFO - Filling up the DagBag from /opt/airflow/dags/bigquery.py
[2025-03-29T01:31:08.933+0000] {processor.py:925} INFO - DAG(s) 'ELT_google_playstore_review' retrieved from /opt/airflow/dags/bigquery.py
[2025-03-29T01:31:09.020+0000] {logging_mixin.py:190} INFO - [2025-03-29T01:31:09.020+0000] {dag.py:3239} INFO - Sync 1 DAGs
[2025-03-29T01:31:09.099+0000] {logging_mixin.py:190} INFO - [2025-03-29T01:31:09.099+0000] {dag.py:4180} INFO - Setting next_dagrun for ELT_google_playstore_review to 2025-03-29 00:00:00+00:00, run_after=2025-03-30 00:00:00+00:00
[2025-03-29T01:31:09.271+0000] {processor.py:208} INFO - Processing /opt/airflow/dags/bigquery.py took 0.421 seconds
[2025-03-29T16:48:28.407+0000] {processor.py:186} INFO - Started process (PID=50) to work on /opt/airflow/dags/bigquery.py
[2025-03-29T16:48:28.408+0000] {processor.py:914} INFO - Processing file /opt/airflow/dags/bigquery.py for tasks to queue
[2025-03-29T16:48:28.412+0000] {logging_mixin.py:190} INFO - [2025-03-29T16:48:28.412+0000] {dagbag.py:588} INFO - Filling up the DagBag from /opt/airflow/dags/bigquery.py
[2025-03-29T16:48:28.438+0000] {logging_mixin.py:190} INFO - [2025-03-29T16:48:28.431+0000] {dagbag.py:387} ERROR - Failed to import: /opt/airflow/dags/bigquery.py
Traceback (most recent call last):
  File "/home/airflow/.local/lib/python3.12/site-packages/airflow/models/dagbag.py", line 383, in parse
    loader.exec_module(new_module)
  File "<frozen importlib._bootstrap_external>", line 999, in exec_module
  File "<frozen importlib._bootstrap>", line 488, in _call_with_frames_removed
  File "/opt/airflow/dags/bigquery.py", line 5, in <module>
    from google_play_scraper import reviews, Sort
ModuleNotFoundError: No module named 'google_play_scraper'
[2025-03-29T16:48:28.440+0000] {processor.py:927} WARNING - No viable dags retrieved from /opt/airflow/dags/bigquery.py
[2025-03-29T16:48:28.491+0000] {processor.py:208} INFO - Processing /opt/airflow/dags/bigquery.py took 0.092 seconds
[2025-03-29T16:53:12.024+0000] {processor.py:186} INFO - Started process (PID=74) to work on /opt/airflow/dags/bigquery.py
[2025-03-29T16:53:12.025+0000] {processor.py:914} INFO - Processing file /opt/airflow/dags/bigquery.py for tasks to queue
[2025-03-29T16:53:12.028+0000] {logging_mixin.py:190} INFO - [2025-03-29T16:53:12.028+0000] {dagbag.py:588} INFO - Filling up the DagBag from /opt/airflow/dags/bigquery.py
[2025-03-29T16:53:12.044+0000] {logging_mixin.py:190} INFO - [2025-03-29T16:53:12.041+0000] {dagbag.py:387} ERROR - Failed to import: /opt/airflow/dags/bigquery.py
Traceback (most recent call last):
  File "/home/airflow/.local/lib/python3.12/site-packages/airflow/models/dagbag.py", line 383, in parse
    loader.exec_module(new_module)
  File "<frozen importlib._bootstrap_external>", line 999, in exec_module
  File "<frozen importlib._bootstrap>", line 488, in _call_with_frames_removed
  File "/opt/airflow/dags/bigquery.py", line 5, in <module>
    from google_play_scraper import reviews, Sort
ModuleNotFoundError: No module named 'google_play_scraper'
[2025-03-29T16:53:12.046+0000] {processor.py:927} WARNING - No viable dags retrieved from /opt/airflow/dags/bigquery.py
[2025-03-29T16:53:12.102+0000] {processor.py:208} INFO - Processing /opt/airflow/dags/bigquery.py took 0.086 seconds
[2025-03-29T16:53:43.193+0000] {processor.py:186} INFO - Started process (PID=98) to work on /opt/airflow/dags/bigquery.py
[2025-03-29T16:53:43.194+0000] {processor.py:914} INFO - Processing file /opt/airflow/dags/bigquery.py for tasks to queue
[2025-03-29T16:53:43.197+0000] {logging_mixin.py:190} INFO - [2025-03-29T16:53:43.197+0000] {dagbag.py:588} INFO - Filling up the DagBag from /opt/airflow/dags/bigquery.py
[2025-03-29T16:53:43.213+0000] {logging_mixin.py:190} INFO - [2025-03-29T16:53:43.210+0000] {dagbag.py:387} ERROR - Failed to import: /opt/airflow/dags/bigquery.py
Traceback (most recent call last):
  File "/home/airflow/.local/lib/python3.12/site-packages/airflow/models/dagbag.py", line 383, in parse
    loader.exec_module(new_module)
  File "<frozen importlib._bootstrap_external>", line 999, in exec_module
  File "<frozen importlib._bootstrap>", line 488, in _call_with_frames_removed
  File "/opt/airflow/dags/bigquery.py", line 5, in <module>
    from google_play_scraper import reviews, Sort
ModuleNotFoundError: No module named 'google_play_scraper'
[2025-03-29T16:53:43.215+0000] {processor.py:927} WARNING - No viable dags retrieved from /opt/airflow/dags/bigquery.py
[2025-03-29T16:53:43.265+0000] {processor.py:208} INFO - Processing /opt/airflow/dags/bigquery.py took 0.079 seconds
[2025-03-29T16:58:00.542+0000] {processor.py:186} INFO - Started process (PID=120) to work on /opt/airflow/dags/bigquery.py
[2025-03-29T16:58:00.543+0000] {processor.py:914} INFO - Processing file /opt/airflow/dags/bigquery.py for tasks to queue
[2025-03-29T16:58:00.547+0000] {logging_mixin.py:190} INFO - [2025-03-29T16:58:00.547+0000] {dagbag.py:588} INFO - Filling up the DagBag from /opt/airflow/dags/bigquery.py
[2025-03-29T16:58:00.567+0000] {logging_mixin.py:190} INFO - [2025-03-29T16:58:00.562+0000] {dagbag.py:387} ERROR - Failed to import: /opt/airflow/dags/bigquery.py
Traceback (most recent call last):
  File "/home/airflow/.local/lib/python3.12/site-packages/airflow/models/dagbag.py", line 383, in parse
    loader.exec_module(new_module)
  File "<frozen importlib._bootstrap_external>", line 999, in exec_module
  File "<frozen importlib._bootstrap>", line 488, in _call_with_frames_removed
  File "/opt/airflow/dags/bigquery.py", line 5, in <module>
    from google_play_scraper import reviews, Sort
ModuleNotFoundError: No module named 'google_play_scraper'
[2025-03-29T16:58:00.569+0000] {processor.py:927} WARNING - No viable dags retrieved from /opt/airflow/dags/bigquery.py
[2025-03-29T16:58:00.621+0000] {processor.py:208} INFO - Processing /opt/airflow/dags/bigquery.py took 0.088 seconds
[2025-03-29T16:58:31.567+0000] {processor.py:186} INFO - Started process (PID=144) to work on /opt/airflow/dags/bigquery.py
[2025-03-29T16:58:31.569+0000] {processor.py:914} INFO - Processing file /opt/airflow/dags/bigquery.py for tasks to queue
[2025-03-29T16:58:31.572+0000] {logging_mixin.py:190} INFO - [2025-03-29T16:58:31.571+0000] {dagbag.py:588} INFO - Filling up the DagBag from /opt/airflow/dags/bigquery.py
[2025-03-29T16:58:31.589+0000] {logging_mixin.py:190} INFO - [2025-03-29T16:58:31.586+0000] {dagbag.py:387} ERROR - Failed to import: /opt/airflow/dags/bigquery.py
Traceback (most recent call last):
  File "/home/airflow/.local/lib/python3.12/site-packages/airflow/models/dagbag.py", line 383, in parse
    loader.exec_module(new_module)
  File "<frozen importlib._bootstrap_external>", line 999, in exec_module
  File "<frozen importlib._bootstrap>", line 488, in _call_with_frames_removed
  File "/opt/airflow/dags/bigquery.py", line 5, in <module>
    from google_play_scraper import reviews, Sort
ModuleNotFoundError: No module named 'google_play_scraper'
[2025-03-29T16:58:31.591+0000] {processor.py:927} WARNING - No viable dags retrieved from /opt/airflow/dags/bigquery.py
[2025-03-29T16:58:31.644+0000] {processor.py:208} INFO - Processing /opt/airflow/dags/bigquery.py took 0.084 seconds
[2025-03-29T16:59:01.828+0000] {processor.py:186} INFO - Started process (PID=168) to work on /opt/airflow/dags/bigquery.py
[2025-03-29T16:59:01.830+0000] {processor.py:914} INFO - Processing file /opt/airflow/dags/bigquery.py for tasks to queue
[2025-03-29T16:59:01.833+0000] {logging_mixin.py:190} INFO - [2025-03-29T16:59:01.833+0000] {dagbag.py:588} INFO - Filling up the DagBag from /opt/airflow/dags/bigquery.py
[2025-03-29T16:59:01.854+0000] {logging_mixin.py:190} INFO - [2025-03-29T16:59:01.849+0000] {dagbag.py:387} ERROR - Failed to import: /opt/airflow/dags/bigquery.py
Traceback (most recent call last):
  File "/home/airflow/.local/lib/python3.12/site-packages/airflow/models/dagbag.py", line 383, in parse
    loader.exec_module(new_module)
  File "<frozen importlib._bootstrap_external>", line 999, in exec_module
  File "<frozen importlib._bootstrap>", line 488, in _call_with_frames_removed
  File "/opt/airflow/dags/bigquery.py", line 5, in <module>
    from google_play_scraper import reviews, Sort
ModuleNotFoundError: No module named 'google_play_scraper'
[2025-03-29T16:59:01.856+0000] {processor.py:927} WARNING - No viable dags retrieved from /opt/airflow/dags/bigquery.py
[2025-03-29T16:59:01.910+0000] {processor.py:208} INFO - Processing /opt/airflow/dags/bigquery.py took 0.090 seconds
[2025-03-29T17:03:00.360+0000] {processor.py:186} INFO - Started process (PID=173) to work on /opt/airflow/dags/bigquery.py
[2025-03-29T17:03:00.361+0000] {processor.py:914} INFO - Processing file /opt/airflow/dags/bigquery.py for tasks to queue
[2025-03-29T17:03:00.364+0000] {logging_mixin.py:190} INFO - [2025-03-29T17:03:00.363+0000] {dagbag.py:588} INFO - Filling up the DagBag from /opt/airflow/dags/bigquery.py
[2025-03-29T17:03:00.380+0000] {logging_mixin.py:190} INFO - [2025-03-29T17:03:00.376+0000] {dagbag.py:387} ERROR - Failed to import: /opt/airflow/dags/bigquery.py
Traceback (most recent call last):
  File "/home/airflow/.local/lib/python3.12/site-packages/airflow/models/dagbag.py", line 383, in parse
    loader.exec_module(new_module)
  File "<frozen importlib._bootstrap_external>", line 999, in exec_module
  File "<frozen importlib._bootstrap>", line 488, in _call_with_frames_removed
  File "/opt/airflow/dags/bigquery.py", line 5, in <module>
    from google_play_scraper import reviews, Sort
ModuleNotFoundError: No module named 'google_play_scraper'
[2025-03-29T17:03:00.382+0000] {processor.py:927} WARNING - No viable dags retrieved from /opt/airflow/dags/bigquery.py
[2025-03-29T17:03:00.424+0000] {processor.py:208} INFO - Processing /opt/airflow/dags/bigquery.py took 0.073 seconds
[2025-03-29T17:03:30.611+0000] {processor.py:186} INFO - Started process (PID=197) to work on /opt/airflow/dags/bigquery.py
[2025-03-29T17:03:30.612+0000] {processor.py:914} INFO - Processing file /opt/airflow/dags/bigquery.py for tasks to queue
[2025-03-29T17:03:30.615+0000] {logging_mixin.py:190} INFO - [2025-03-29T17:03:30.615+0000] {dagbag.py:588} INFO - Filling up the DagBag from /opt/airflow/dags/bigquery.py
[2025-03-29T17:03:30.630+0000] {logging_mixin.py:190} INFO - [2025-03-29T17:03:30.627+0000] {dagbag.py:387} ERROR - Failed to import: /opt/airflow/dags/bigquery.py
Traceback (most recent call last):
  File "/home/airflow/.local/lib/python3.12/site-packages/airflow/models/dagbag.py", line 383, in parse
    loader.exec_module(new_module)
  File "<frozen importlib._bootstrap_external>", line 999, in exec_module
  File "<frozen importlib._bootstrap>", line 488, in _call_with_frames_removed
  File "/opt/airflow/dags/bigquery.py", line 5, in <module>
    from google_play_scraper import reviews, Sort
ModuleNotFoundError: No module named 'google_play_scraper'
[2025-03-29T17:03:30.632+0000] {processor.py:927} WARNING - No viable dags retrieved from /opt/airflow/dags/bigquery.py
[2025-03-29T17:03:30.670+0000] {processor.py:208} INFO - Processing /opt/airflow/dags/bigquery.py took 0.066 seconds
[2025-03-29T17:04:01.265+0000] {processor.py:186} INFO - Started process (PID=221) to work on /opt/airflow/dags/bigquery.py
[2025-03-29T17:04:01.267+0000] {processor.py:914} INFO - Processing file /opt/airflow/dags/bigquery.py for tasks to queue
[2025-03-29T17:04:01.270+0000] {logging_mixin.py:190} INFO - [2025-03-29T17:04:01.269+0000] {dagbag.py:588} INFO - Filling up the DagBag from /opt/airflow/dags/bigquery.py
[2025-03-29T17:04:01.285+0000] {logging_mixin.py:190} INFO - [2025-03-29T17:04:01.282+0000] {dagbag.py:387} ERROR - Failed to import: /opt/airflow/dags/bigquery.py
Traceback (most recent call last):
  File "/home/airflow/.local/lib/python3.12/site-packages/airflow/models/dagbag.py", line 383, in parse
    loader.exec_module(new_module)
  File "<frozen importlib._bootstrap_external>", line 999, in exec_module
  File "<frozen importlib._bootstrap>", line 488, in _call_with_frames_removed
  File "/opt/airflow/dags/bigquery.py", line 5, in <module>
    from google_play_scraper import reviews, Sort
ModuleNotFoundError: No module named 'google_play_scraper'
[2025-03-29T17:04:01.286+0000] {processor.py:927} WARNING - No viable dags retrieved from /opt/airflow/dags/bigquery.py
[2025-03-29T17:04:01.329+0000] {processor.py:208} INFO - Processing /opt/airflow/dags/bigquery.py took 0.071 seconds
[2025-03-29T17:07:59.479+0000] {processor.py:186} INFO - Started process (PID=227) to work on /opt/airflow/dags/bigquery.py
[2025-03-29T17:07:59.481+0000] {processor.py:914} INFO - Processing file /opt/airflow/dags/bigquery.py for tasks to queue
[2025-03-29T17:07:59.484+0000] {logging_mixin.py:190} INFO - [2025-03-29T17:07:59.484+0000] {dagbag.py:588} INFO - Filling up the DagBag from /opt/airflow/dags/bigquery.py
[2025-03-29T17:07:59.506+0000] {logging_mixin.py:190} INFO - [2025-03-29T17:07:59.501+0000] {dagbag.py:387} ERROR - Failed to import: /opt/airflow/dags/bigquery.py
Traceback (most recent call last):
  File "/home/airflow/.local/lib/python3.12/site-packages/airflow/models/dagbag.py", line 383, in parse
    loader.exec_module(new_module)
  File "<frozen importlib._bootstrap_external>", line 999, in exec_module
  File "<frozen importlib._bootstrap>", line 488, in _call_with_frames_removed
  File "/opt/airflow/dags/bigquery.py", line 5, in <module>
    from google_play_scraper import reviews, Sort
ModuleNotFoundError: No module named 'google_play_scraper'
[2025-03-29T17:07:59.508+0000] {processor.py:927} WARNING - No viable dags retrieved from /opt/airflow/dags/bigquery.py
[2025-03-29T17:07:59.566+0000] {processor.py:208} INFO - Processing /opt/airflow/dags/bigquery.py took 0.097 seconds
[2025-03-29T17:08:30.021+0000] {processor.py:186} INFO - Started process (PID=251) to work on /opt/airflow/dags/bigquery.py
[2025-03-29T17:08:30.022+0000] {processor.py:914} INFO - Processing file /opt/airflow/dags/bigquery.py for tasks to queue
[2025-03-29T17:08:30.026+0000] {logging_mixin.py:190} INFO - [2025-03-29T17:08:30.025+0000] {dagbag.py:588} INFO - Filling up the DagBag from /opt/airflow/dags/bigquery.py
[2025-03-29T17:08:30.041+0000] {logging_mixin.py:190} INFO - [2025-03-29T17:08:30.038+0000] {dagbag.py:387} ERROR - Failed to import: /opt/airflow/dags/bigquery.py
Traceback (most recent call last):
  File "/home/airflow/.local/lib/python3.12/site-packages/airflow/models/dagbag.py", line 383, in parse
    loader.exec_module(new_module)
  File "<frozen importlib._bootstrap_external>", line 999, in exec_module
  File "<frozen importlib._bootstrap>", line 488, in _call_with_frames_removed
  File "/opt/airflow/dags/bigquery.py", line 5, in <module>
    from google_play_scraper import reviews, Sort
ModuleNotFoundError: No module named 'google_play_scraper'
[2025-03-29T17:08:30.042+0000] {processor.py:927} WARNING - No viable dags retrieved from /opt/airflow/dags/bigquery.py
[2025-03-29T17:08:30.086+0000] {processor.py:208} INFO - Processing /opt/airflow/dags/bigquery.py took 0.072 seconds
[2025-03-29T17:09:00.288+0000] {processor.py:186} INFO - Started process (PID=275) to work on /opt/airflow/dags/bigquery.py
[2025-03-29T17:09:00.290+0000] {processor.py:914} INFO - Processing file /opt/airflow/dags/bigquery.py for tasks to queue
[2025-03-29T17:09:00.294+0000] {logging_mixin.py:190} INFO - [2025-03-29T17:09:00.293+0000] {dagbag.py:588} INFO - Filling up the DagBag from /opt/airflow/dags/bigquery.py
[2025-03-29T17:09:00.317+0000] {logging_mixin.py:190} INFO - [2025-03-29T17:09:00.312+0000] {dagbag.py:387} ERROR - Failed to import: /opt/airflow/dags/bigquery.py
Traceback (most recent call last):
  File "/home/airflow/.local/lib/python3.12/site-packages/airflow/models/dagbag.py", line 383, in parse
    loader.exec_module(new_module)
  File "<frozen importlib._bootstrap_external>", line 999, in exec_module
  File "<frozen importlib._bootstrap>", line 488, in _call_with_frames_removed
  File "/opt/airflow/dags/bigquery.py", line 5, in <module>
    from google_play_scraper import reviews, Sort
ModuleNotFoundError: No module named 'google_play_scraper'
[2025-03-29T17:09:00.319+0000] {processor.py:927} WARNING - No viable dags retrieved from /opt/airflow/dags/bigquery.py
[2025-03-29T17:09:00.364+0000] {processor.py:208} INFO - Processing /opt/airflow/dags/bigquery.py took 0.083 seconds
[2025-03-29T17:13:03.369+0000] {processor.py:186} INFO - Started process (PID=281) to work on /opt/airflow/dags/bigquery.py
[2025-03-29T17:13:03.370+0000] {processor.py:914} INFO - Processing file /opt/airflow/dags/bigquery.py for tasks to queue
[2025-03-29T17:13:03.373+0000] {logging_mixin.py:190} INFO - [2025-03-29T17:13:03.373+0000] {dagbag.py:588} INFO - Filling up the DagBag from /opt/airflow/dags/bigquery.py
[2025-03-29T17:13:03.389+0000] {logging_mixin.py:190} INFO - [2025-03-29T17:13:03.385+0000] {dagbag.py:387} ERROR - Failed to import: /opt/airflow/dags/bigquery.py
Traceback (most recent call last):
  File "/home/airflow/.local/lib/python3.12/site-packages/airflow/models/dagbag.py", line 383, in parse
    loader.exec_module(new_module)
  File "<frozen importlib._bootstrap_external>", line 999, in exec_module
  File "<frozen importlib._bootstrap>", line 488, in _call_with_frames_removed
  File "/opt/airflow/dags/bigquery.py", line 5, in <module>
    from google_play_scraper import reviews, Sort
ModuleNotFoundError: No module named 'google_play_scraper'
[2025-03-29T17:13:03.391+0000] {processor.py:927} WARNING - No viable dags retrieved from /opt/airflow/dags/bigquery.py
[2025-03-29T17:13:03.436+0000] {processor.py:208} INFO - Processing /opt/airflow/dags/bigquery.py took 0.074 seconds
[2025-03-29T17:13:33.938+0000] {processor.py:186} INFO - Started process (PID=305) to work on /opt/airflow/dags/bigquery.py
[2025-03-29T17:13:33.939+0000] {processor.py:914} INFO - Processing file /opt/airflow/dags/bigquery.py for tasks to queue
[2025-03-29T17:13:33.942+0000] {logging_mixin.py:190} INFO - [2025-03-29T17:13:33.942+0000] {dagbag.py:588} INFO - Filling up the DagBag from /opt/airflow/dags/bigquery.py
[2025-03-29T17:13:33.965+0000] {logging_mixin.py:190} INFO - [2025-03-29T17:13:33.960+0000] {dagbag.py:387} ERROR - Failed to import: /opt/airflow/dags/bigquery.py
Traceback (most recent call last):
  File "/home/airflow/.local/lib/python3.12/site-packages/airflow/models/dagbag.py", line 383, in parse
    loader.exec_module(new_module)
  File "<frozen importlib._bootstrap_external>", line 999, in exec_module
  File "<frozen importlib._bootstrap>", line 488, in _call_with_frames_removed
  File "/opt/airflow/dags/bigquery.py", line 5, in <module>
    from google_play_scraper import reviews, Sort
ModuleNotFoundError: No module named 'google_play_scraper'
[2025-03-29T17:13:33.967+0000] {processor.py:927} WARNING - No viable dags retrieved from /opt/airflow/dags/bigquery.py
[2025-03-29T17:13:34.019+0000] {processor.py:208} INFO - Processing /opt/airflow/dags/bigquery.py took 0.088 seconds
[2025-03-29T17:14:04.533+0000] {processor.py:186} INFO - Started process (PID=329) to work on /opt/airflow/dags/bigquery.py
[2025-03-29T17:14:04.534+0000] {processor.py:914} INFO - Processing file /opt/airflow/dags/bigquery.py for tasks to queue
[2025-03-29T17:14:04.538+0000] {logging_mixin.py:190} INFO - [2025-03-29T17:14:04.538+0000] {dagbag.py:588} INFO - Filling up the DagBag from /opt/airflow/dags/bigquery.py
[2025-03-29T17:14:04.559+0000] {logging_mixin.py:190} INFO - [2025-03-29T17:14:04.554+0000] {dagbag.py:387} ERROR - Failed to import: /opt/airflow/dags/bigquery.py
Traceback (most recent call last):
  File "/home/airflow/.local/lib/python3.12/site-packages/airflow/models/dagbag.py", line 383, in parse
    loader.exec_module(new_module)
  File "<frozen importlib._bootstrap_external>", line 999, in exec_module
  File "<frozen importlib._bootstrap>", line 488, in _call_with_frames_removed
  File "/opt/airflow/dags/bigquery.py", line 5, in <module>
    from google_play_scraper import reviews, Sort
ModuleNotFoundError: No module named 'google_play_scraper'
[2025-03-29T17:14:04.561+0000] {processor.py:927} WARNING - No viable dags retrieved from /opt/airflow/dags/bigquery.py
[2025-03-29T17:14:04.609+0000] {processor.py:208} INFO - Processing /opt/airflow/dags/bigquery.py took 0.089 seconds
[2025-03-29T17:18:05.492+0000] {processor.py:186} INFO - Started process (PID=333) to work on /opt/airflow/dags/bigquery.py
[2025-03-29T17:18:05.493+0000] {processor.py:914} INFO - Processing file /opt/airflow/dags/bigquery.py for tasks to queue
[2025-03-29T17:18:05.497+0000] {logging_mixin.py:190} INFO - [2025-03-29T17:18:05.496+0000] {dagbag.py:588} INFO - Filling up the DagBag from /opt/airflow/dags/bigquery.py
[2025-03-29T17:18:05.515+0000] {logging_mixin.py:190} INFO - [2025-03-29T17:18:05.510+0000] {dagbag.py:387} ERROR - Failed to import: /opt/airflow/dags/bigquery.py
Traceback (most recent call last):
  File "/home/airflow/.local/lib/python3.12/site-packages/airflow/models/dagbag.py", line 383, in parse
    loader.exec_module(new_module)
  File "<frozen importlib._bootstrap_external>", line 999, in exec_module
  File "<frozen importlib._bootstrap>", line 488, in _call_with_frames_removed
  File "/opt/airflow/dags/bigquery.py", line 5, in <module>
    from google_play_scraper import reviews, Sort
ModuleNotFoundError: No module named 'google_play_scraper'
[2025-03-29T17:18:05.517+0000] {processor.py:927} WARNING - No viable dags retrieved from /opt/airflow/dags/bigquery.py
[2025-03-29T17:18:05.573+0000] {processor.py:208} INFO - Processing /opt/airflow/dags/bigquery.py took 0.090 seconds
[2025-03-29T17:18:36.217+0000] {processor.py:186} INFO - Started process (PID=357) to work on /opt/airflow/dags/bigquery.py
[2025-03-29T17:18:36.218+0000] {processor.py:914} INFO - Processing file /opt/airflow/dags/bigquery.py for tasks to queue
[2025-03-29T17:18:36.221+0000] {logging_mixin.py:190} INFO - [2025-03-29T17:18:36.221+0000] {dagbag.py:588} INFO - Filling up the DagBag from /opt/airflow/dags/bigquery.py
[2025-03-29T17:18:36.245+0000] {logging_mixin.py:190} INFO - [2025-03-29T17:18:36.240+0000] {dagbag.py:387} ERROR - Failed to import: /opt/airflow/dags/bigquery.py
Traceback (most recent call last):
  File "/home/airflow/.local/lib/python3.12/site-packages/airflow/models/dagbag.py", line 383, in parse
    loader.exec_module(new_module)
  File "<frozen importlib._bootstrap_external>", line 999, in exec_module
  File "<frozen importlib._bootstrap>", line 488, in _call_with_frames_removed
  File "/opt/airflow/dags/bigquery.py", line 5, in <module>
    from google_play_scraper import reviews, Sort
ModuleNotFoundError: No module named 'google_play_scraper'
[2025-03-29T17:18:36.247+0000] {processor.py:927} WARNING - No viable dags retrieved from /opt/airflow/dags/bigquery.py
[2025-03-29T17:18:36.299+0000] {processor.py:208} INFO - Processing /opt/airflow/dags/bigquery.py took 0.091 seconds
[2025-03-29T17:19:06.819+0000] {processor.py:186} INFO - Started process (PID=381) to work on /opt/airflow/dags/bigquery.py
[2025-03-29T17:19:06.821+0000] {processor.py:914} INFO - Processing file /opt/airflow/dags/bigquery.py for tasks to queue
[2025-03-29T17:19:06.824+0000] {logging_mixin.py:190} INFO - [2025-03-29T17:19:06.823+0000] {dagbag.py:588} INFO - Filling up the DagBag from /opt/airflow/dags/bigquery.py
[2025-03-29T17:19:06.839+0000] {logging_mixin.py:190} INFO - [2025-03-29T17:19:06.836+0000] {dagbag.py:387} ERROR - Failed to import: /opt/airflow/dags/bigquery.py
Traceback (most recent call last):
  File "/home/airflow/.local/lib/python3.12/site-packages/airflow/models/dagbag.py", line 383, in parse
    loader.exec_module(new_module)
  File "<frozen importlib._bootstrap_external>", line 999, in exec_module
  File "<frozen importlib._bootstrap>", line 488, in _call_with_frames_removed
  File "/opt/airflow/dags/bigquery.py", line 5, in <module>
    from google_play_scraper import reviews, Sort
ModuleNotFoundError: No module named 'google_play_scraper'
[2025-03-29T17:19:06.840+0000] {processor.py:927} WARNING - No viable dags retrieved from /opt/airflow/dags/bigquery.py
[2025-03-29T17:19:06.880+0000] {processor.py:208} INFO - Processing /opt/airflow/dags/bigquery.py took 0.069 seconds
[2025-03-29T17:22:59.845+0000] {processor.py:186} INFO - Started process (PID=383) to work on /opt/airflow/dags/bigquery.py
[2025-03-29T17:22:59.846+0000] {processor.py:914} INFO - Processing file /opt/airflow/dags/bigquery.py for tasks to queue
[2025-03-29T17:22:59.849+0000] {logging_mixin.py:190} INFO - [2025-03-29T17:22:59.849+0000] {dagbag.py:588} INFO - Filling up the DagBag from /opt/airflow/dags/bigquery.py
[2025-03-29T17:22:59.865+0000] {logging_mixin.py:190} INFO - [2025-03-29T17:22:59.860+0000] {dagbag.py:387} ERROR - Failed to import: /opt/airflow/dags/bigquery.py
Traceback (most recent call last):
  File "/home/airflow/.local/lib/python3.12/site-packages/airflow/models/dagbag.py", line 383, in parse
    loader.exec_module(new_module)
  File "<frozen importlib._bootstrap_external>", line 999, in exec_module
  File "<frozen importlib._bootstrap>", line 488, in _call_with_frames_removed
  File "/opt/airflow/dags/bigquery.py", line 5, in <module>
    from google_play_scraper import reviews, Sort
ModuleNotFoundError: No module named 'google_play_scraper'
[2025-03-29T17:22:59.866+0000] {processor.py:927} WARNING - No viable dags retrieved from /opt/airflow/dags/bigquery.py
[2025-03-29T17:22:59.915+0000] {processor.py:208} INFO - Processing /opt/airflow/dags/bigquery.py took 0.077 seconds
[2025-03-29T17:23:30.352+0000] {processor.py:186} INFO - Started process (PID=407) to work on /opt/airflow/dags/bigquery.py
[2025-03-29T17:23:30.354+0000] {processor.py:914} INFO - Processing file /opt/airflow/dags/bigquery.py for tasks to queue
[2025-03-29T17:23:30.357+0000] {logging_mixin.py:190} INFO - [2025-03-29T17:23:30.357+0000] {dagbag.py:588} INFO - Filling up the DagBag from /opt/airflow/dags/bigquery.py
[2025-03-29T17:23:30.374+0000] {logging_mixin.py:190} INFO - [2025-03-29T17:23:30.370+0000] {dagbag.py:387} ERROR - Failed to import: /opt/airflow/dags/bigquery.py
Traceback (most recent call last):
  File "/home/airflow/.local/lib/python3.12/site-packages/airflow/models/dagbag.py", line 383, in parse
    loader.exec_module(new_module)
  File "<frozen importlib._bootstrap_external>", line 999, in exec_module
  File "<frozen importlib._bootstrap>", line 488, in _call_with_frames_removed
  File "/opt/airflow/dags/bigquery.py", line 5, in <module>
    from google_play_scraper import reviews, Sort
ModuleNotFoundError: No module named 'google_play_scraper'
[2025-03-29T17:23:30.376+0000] {processor.py:927} WARNING - No viable dags retrieved from /opt/airflow/dags/bigquery.py
[2025-03-29T17:23:30.429+0000] {processor.py:208} INFO - Processing /opt/airflow/dags/bigquery.py took 0.084 seconds
[2025-03-29T17:24:00.885+0000] {processor.py:186} INFO - Started process (PID=431) to work on /opt/airflow/dags/bigquery.py
[2025-03-29T17:24:00.887+0000] {processor.py:914} INFO - Processing file /opt/airflow/dags/bigquery.py for tasks to queue
[2025-03-29T17:24:00.891+0000] {logging_mixin.py:190} INFO - [2025-03-29T17:24:00.890+0000] {dagbag.py:588} INFO - Filling up the DagBag from /opt/airflow/dags/bigquery.py
[2025-03-29T17:24:00.910+0000] {logging_mixin.py:190} INFO - [2025-03-29T17:24:00.906+0000] {dagbag.py:387} ERROR - Failed to import: /opt/airflow/dags/bigquery.py
Traceback (most recent call last):
  File "/home/airflow/.local/lib/python3.12/site-packages/airflow/models/dagbag.py", line 383, in parse
    loader.exec_module(new_module)
  File "<frozen importlib._bootstrap_external>", line 999, in exec_module
  File "<frozen importlib._bootstrap>", line 488, in _call_with_frames_removed
  File "/opt/airflow/dags/bigquery.py", line 5, in <module>
    from google_play_scraper import reviews, Sort
ModuleNotFoundError: No module named 'google_play_scraper'
[2025-03-29T17:24:00.912+0000] {processor.py:927} WARNING - No viable dags retrieved from /opt/airflow/dags/bigquery.py
[2025-03-29T17:24:00.959+0000] {processor.py:208} INFO - Processing /opt/airflow/dags/bigquery.py took 0.083 seconds
[2025-03-29T17:28:04.099+0000] {processor.py:186} INFO - Started process (PID=441) to work on /opt/airflow/dags/bigquery.py
[2025-03-29T17:28:04.101+0000] {processor.py:914} INFO - Processing file /opt/airflow/dags/bigquery.py for tasks to queue
[2025-03-29T17:28:04.104+0000] {logging_mixin.py:190} INFO - [2025-03-29T17:28:04.104+0000] {dagbag.py:588} INFO - Filling up the DagBag from /opt/airflow/dags/bigquery.py
[2025-03-29T17:28:04.128+0000] {logging_mixin.py:190} INFO - [2025-03-29T17:28:04.122+0000] {dagbag.py:387} ERROR - Failed to import: /opt/airflow/dags/bigquery.py
Traceback (most recent call last):
  File "/home/airflow/.local/lib/python3.12/site-packages/airflow/models/dagbag.py", line 383, in parse
    loader.exec_module(new_module)
  File "<frozen importlib._bootstrap_external>", line 999, in exec_module
  File "<frozen importlib._bootstrap>", line 488, in _call_with_frames_removed
  File "/opt/airflow/dags/bigquery.py", line 5, in <module>
    from google_play_scraper import reviews, Sort
ModuleNotFoundError: No module named 'google_play_scraper'
[2025-03-29T17:28:04.130+0000] {processor.py:927} WARNING - No viable dags retrieved from /opt/airflow/dags/bigquery.py
[2025-03-29T17:28:04.194+0000] {processor.py:208} INFO - Processing /opt/airflow/dags/bigquery.py took 0.106 seconds
[2025-03-29T17:28:34.857+0000] {processor.py:186} INFO - Started process (PID=465) to work on /opt/airflow/dags/bigquery.py
[2025-03-29T17:28:34.859+0000] {processor.py:914} INFO - Processing file /opt/airflow/dags/bigquery.py for tasks to queue
[2025-03-29T17:28:34.862+0000] {logging_mixin.py:190} INFO - [2025-03-29T17:28:34.862+0000] {dagbag.py:588} INFO - Filling up the DagBag from /opt/airflow/dags/bigquery.py
[2025-03-29T17:28:34.877+0000] {logging_mixin.py:190} INFO - [2025-03-29T17:28:34.874+0000] {dagbag.py:387} ERROR - Failed to import: /opt/airflow/dags/bigquery.py
Traceback (most recent call last):
  File "/home/airflow/.local/lib/python3.12/site-packages/airflow/models/dagbag.py", line 383, in parse
    loader.exec_module(new_module)
  File "<frozen importlib._bootstrap_external>", line 999, in exec_module
  File "<frozen importlib._bootstrap>", line 488, in _call_with_frames_removed
  File "/opt/airflow/dags/bigquery.py", line 5, in <module>
    from google_play_scraper import reviews, Sort
ModuleNotFoundError: No module named 'google_play_scraper'
[2025-03-29T17:28:34.878+0000] {processor.py:927} WARNING - No viable dags retrieved from /opt/airflow/dags/bigquery.py
[2025-03-29T17:28:34.929+0000] {processor.py:208} INFO - Processing /opt/airflow/dags/bigquery.py took 0.080 seconds
[2025-03-29T17:29:05.982+0000] {processor.py:186} INFO - Started process (PID=489) to work on /opt/airflow/dags/bigquery.py
[2025-03-29T17:29:05.983+0000] {processor.py:914} INFO - Processing file /opt/airflow/dags/bigquery.py for tasks to queue
[2025-03-29T17:29:05.986+0000] {logging_mixin.py:190} INFO - [2025-03-29T17:29:05.986+0000] {dagbag.py:588} INFO - Filling up the DagBag from /opt/airflow/dags/bigquery.py
[2025-03-29T17:29:06.007+0000] {logging_mixin.py:190} INFO - [2025-03-29T17:29:06.003+0000] {dagbag.py:387} ERROR - Failed to import: /opt/airflow/dags/bigquery.py
Traceback (most recent call last):
  File "/home/airflow/.local/lib/python3.12/site-packages/airflow/models/dagbag.py", line 383, in parse
    loader.exec_module(new_module)
  File "<frozen importlib._bootstrap_external>", line 999, in exec_module
  File "<frozen importlib._bootstrap>", line 488, in _call_with_frames_removed
  File "/opt/airflow/dags/bigquery.py", line 5, in <module>
    from google_play_scraper import reviews, Sort
ModuleNotFoundError: No module named 'google_play_scraper'
[2025-03-29T17:29:06.009+0000] {processor.py:927} WARNING - No viable dags retrieved from /opt/airflow/dags/bigquery.py
[2025-03-29T17:29:06.057+0000] {processor.py:208} INFO - Processing /opt/airflow/dags/bigquery.py took 0.082 seconds
[2025-03-29T17:33:02.982+0000] {processor.py:186} INFO - Started process (PID=493) to work on /opt/airflow/dags/bigquery.py
[2025-03-29T17:33:02.983+0000] {processor.py:914} INFO - Processing file /opt/airflow/dags/bigquery.py for tasks to queue
[2025-03-29T17:33:02.987+0000] {logging_mixin.py:190} INFO - [2025-03-29T17:33:02.987+0000] {dagbag.py:588} INFO - Filling up the DagBag from /opt/airflow/dags/bigquery.py
[2025-03-29T17:33:03.013+0000] {logging_mixin.py:190} INFO - [2025-03-29T17:33:03.006+0000] {dagbag.py:387} ERROR - Failed to import: /opt/airflow/dags/bigquery.py
Traceback (most recent call last):
  File "/home/airflow/.local/lib/python3.12/site-packages/airflow/models/dagbag.py", line 383, in parse
    loader.exec_module(new_module)
  File "<frozen importlib._bootstrap_external>", line 999, in exec_module
  File "<frozen importlib._bootstrap>", line 488, in _call_with_frames_removed
  File "/opt/airflow/dags/bigquery.py", line 5, in <module>
    from google_play_scraper import reviews, Sort
ModuleNotFoundError: No module named 'google_play_scraper'
[2025-03-29T17:33:03.015+0000] {processor.py:927} WARNING - No viable dags retrieved from /opt/airflow/dags/bigquery.py
[2025-03-29T17:33:03.076+0000] {processor.py:208} INFO - Processing /opt/airflow/dags/bigquery.py took 0.101 seconds
[2025-03-29T17:33:33.705+0000] {processor.py:186} INFO - Started process (PID=517) to work on /opt/airflow/dags/bigquery.py
[2025-03-29T17:33:33.708+0000] {processor.py:914} INFO - Processing file /opt/airflow/dags/bigquery.py for tasks to queue
[2025-03-29T17:33:33.713+0000] {logging_mixin.py:190} INFO - [2025-03-29T17:33:33.712+0000] {dagbag.py:588} INFO - Filling up the DagBag from /opt/airflow/dags/bigquery.py
[2025-03-29T17:33:33.742+0000] {logging_mixin.py:190} INFO - [2025-03-29T17:33:33.734+0000] {dagbag.py:387} ERROR - Failed to import: /opt/airflow/dags/bigquery.py
Traceback (most recent call last):
  File "/home/airflow/.local/lib/python3.12/site-packages/airflow/models/dagbag.py", line 383, in parse
    loader.exec_module(new_module)
  File "<frozen importlib._bootstrap_external>", line 999, in exec_module
  File "<frozen importlib._bootstrap>", line 488, in _call_with_frames_removed
  File "/opt/airflow/dags/bigquery.py", line 5, in <module>
    from google_play_scraper import reviews, Sort
ModuleNotFoundError: No module named 'google_play_scraper'
[2025-03-29T17:33:33.744+0000] {processor.py:927} WARNING - No viable dags retrieved from /opt/airflow/dags/bigquery.py
[2025-03-29T17:33:33.823+0000] {processor.py:208} INFO - Processing /opt/airflow/dags/bigquery.py took 0.132 seconds
[2025-03-29T17:34:04.262+0000] {processor.py:186} INFO - Started process (PID=541) to work on /opt/airflow/dags/bigquery.py
[2025-03-29T17:34:04.263+0000] {processor.py:914} INFO - Processing file /opt/airflow/dags/bigquery.py for tasks to queue
[2025-03-29T17:34:04.266+0000] {logging_mixin.py:190} INFO - [2025-03-29T17:34:04.266+0000] {dagbag.py:588} INFO - Filling up the DagBag from /opt/airflow/dags/bigquery.py
[2025-03-29T17:34:04.282+0000] {logging_mixin.py:190} INFO - [2025-03-29T17:34:04.279+0000] {dagbag.py:387} ERROR - Failed to import: /opt/airflow/dags/bigquery.py
Traceback (most recent call last):
  File "/home/airflow/.local/lib/python3.12/site-packages/airflow/models/dagbag.py", line 383, in parse
    loader.exec_module(new_module)
  File "<frozen importlib._bootstrap_external>", line 999, in exec_module
  File "<frozen importlib._bootstrap>", line 488, in _call_with_frames_removed
  File "/opt/airflow/dags/bigquery.py", line 5, in <module>
    from google_play_scraper import reviews, Sort
ModuleNotFoundError: No module named 'google_play_scraper'
[2025-03-29T17:34:04.283+0000] {processor.py:927} WARNING - No viable dags retrieved from /opt/airflow/dags/bigquery.py
[2025-03-29T17:34:04.337+0000] {processor.py:208} INFO - Processing /opt/airflow/dags/bigquery.py took 0.082 seconds
[2025-03-29T17:38:00.958+0000] {processor.py:186} INFO - Started process (PID=547) to work on /opt/airflow/dags/bigquery.py
[2025-03-29T17:38:00.959+0000] {processor.py:914} INFO - Processing file /opt/airflow/dags/bigquery.py for tasks to queue
[2025-03-29T17:38:00.963+0000] {logging_mixin.py:190} INFO - [2025-03-29T17:38:00.963+0000] {dagbag.py:588} INFO - Filling up the DagBag from /opt/airflow/dags/bigquery.py
[2025-03-29T17:38:00.983+0000] {logging_mixin.py:190} INFO - [2025-03-29T17:38:00.978+0000] {dagbag.py:387} ERROR - Failed to import: /opt/airflow/dags/bigquery.py
Traceback (most recent call last):
  File "/home/airflow/.local/lib/python3.12/site-packages/airflow/models/dagbag.py", line 383, in parse
    loader.exec_module(new_module)
  File "<frozen importlib._bootstrap_external>", line 999, in exec_module
  File "<frozen importlib._bootstrap>", line 488, in _call_with_frames_removed
  File "/opt/airflow/dags/bigquery.py", line 5, in <module>
    from google_play_scraper import reviews, Sort
ModuleNotFoundError: No module named 'google_play_scraper'
[2025-03-29T17:38:00.988+0000] {processor.py:927} WARNING - No viable dags retrieved from /opt/airflow/dags/bigquery.py
[2025-03-29T17:38:01.040+0000] {processor.py:208} INFO - Processing /opt/airflow/dags/bigquery.py took 0.091 seconds
[2025-03-29T17:38:31.647+0000] {processor.py:186} INFO - Started process (PID=571) to work on /opt/airflow/dags/bigquery.py
[2025-03-29T17:38:31.648+0000] {processor.py:914} INFO - Processing file /opt/airflow/dags/bigquery.py for tasks to queue
[2025-03-29T17:38:31.651+0000] {logging_mixin.py:190} INFO - [2025-03-29T17:38:31.650+0000] {dagbag.py:588} INFO - Filling up the DagBag from /opt/airflow/dags/bigquery.py
[2025-03-29T17:38:31.670+0000] {logging_mixin.py:190} INFO - [2025-03-29T17:38:31.665+0000] {dagbag.py:387} ERROR - Failed to import: /opt/airflow/dags/bigquery.py
Traceback (most recent call last):
  File "/home/airflow/.local/lib/python3.12/site-packages/airflow/models/dagbag.py", line 383, in parse
    loader.exec_module(new_module)
  File "<frozen importlib._bootstrap_external>", line 999, in exec_module
  File "<frozen importlib._bootstrap>", line 488, in _call_with_frames_removed
  File "/opt/airflow/dags/bigquery.py", line 5, in <module>
    from google_play_scraper import reviews, Sort
ModuleNotFoundError: No module named 'google_play_scraper'
[2025-03-29T17:38:31.672+0000] {processor.py:927} WARNING - No viable dags retrieved from /opt/airflow/dags/bigquery.py
[2025-03-29T17:38:31.725+0000] {processor.py:208} INFO - Processing /opt/airflow/dags/bigquery.py took 0.087 seconds
[2025-03-29T17:39:02.247+0000] {processor.py:186} INFO - Started process (PID=595) to work on /opt/airflow/dags/bigquery.py
[2025-03-29T17:39:02.248+0000] {processor.py:914} INFO - Processing file /opt/airflow/dags/bigquery.py for tasks to queue
[2025-03-29T17:39:02.252+0000] {logging_mixin.py:190} INFO - [2025-03-29T17:39:02.251+0000] {dagbag.py:588} INFO - Filling up the DagBag from /opt/airflow/dags/bigquery.py
[2025-03-29T17:39:02.272+0000] {logging_mixin.py:190} INFO - [2025-03-29T17:39:02.267+0000] {dagbag.py:387} ERROR - Failed to import: /opt/airflow/dags/bigquery.py
Traceback (most recent call last):
  File "/home/airflow/.local/lib/python3.12/site-packages/airflow/models/dagbag.py", line 383, in parse
    loader.exec_module(new_module)
  File "<frozen importlib._bootstrap_external>", line 999, in exec_module
  File "<frozen importlib._bootstrap>", line 488, in _call_with_frames_removed
  File "/opt/airflow/dags/bigquery.py", line 5, in <module>
    from google_play_scraper import reviews, Sort
ModuleNotFoundError: No module named 'google_play_scraper'
[2025-03-29T17:39:02.274+0000] {processor.py:927} WARNING - No viable dags retrieved from /opt/airflow/dags/bigquery.py
[2025-03-29T17:39:02.317+0000] {processor.py:208} INFO - Processing /opt/airflow/dags/bigquery.py took 0.078 seconds
[2025-03-29T17:43:01.475+0000] {processor.py:186} INFO - Started process (PID=603) to work on /opt/airflow/dags/bigquery.py
[2025-03-29T17:43:01.477+0000] {processor.py:914} INFO - Processing file /opt/airflow/dags/bigquery.py for tasks to queue
[2025-03-29T17:43:01.480+0000] {logging_mixin.py:190} INFO - [2025-03-29T17:43:01.479+0000] {dagbag.py:588} INFO - Filling up the DagBag from /opt/airflow/dags/bigquery.py
[2025-03-29T17:43:01.496+0000] {logging_mixin.py:190} INFO - [2025-03-29T17:43:01.492+0000] {dagbag.py:387} ERROR - Failed to import: /opt/airflow/dags/bigquery.py
Traceback (most recent call last):
  File "/home/airflow/.local/lib/python3.12/site-packages/airflow/models/dagbag.py", line 383, in parse
    loader.exec_module(new_module)
  File "<frozen importlib._bootstrap_external>", line 999, in exec_module
  File "<frozen importlib._bootstrap>", line 488, in _call_with_frames_removed
  File "/opt/airflow/dags/bigquery.py", line 5, in <module>
    from google_play_scraper import reviews, Sort
ModuleNotFoundError: No module named 'google_play_scraper'
[2025-03-29T17:43:01.497+0000] {processor.py:927} WARNING - No viable dags retrieved from /opt/airflow/dags/bigquery.py
[2025-03-29T17:43:01.544+0000] {processor.py:208} INFO - Processing /opt/airflow/dags/bigquery.py took 0.076 seconds
[2025-03-29T17:43:32.022+0000] {processor.py:186} INFO - Started process (PID=627) to work on /opt/airflow/dags/bigquery.py
[2025-03-29T17:43:32.023+0000] {processor.py:914} INFO - Processing file /opt/airflow/dags/bigquery.py for tasks to queue
[2025-03-29T17:43:32.026+0000] {logging_mixin.py:190} INFO - [2025-03-29T17:43:32.026+0000] {dagbag.py:588} INFO - Filling up the DagBag from /opt/airflow/dags/bigquery.py
[2025-03-29T17:43:32.041+0000] {logging_mixin.py:190} INFO - [2025-03-29T17:43:32.038+0000] {dagbag.py:387} ERROR - Failed to import: /opt/airflow/dags/bigquery.py
Traceback (most recent call last):
  File "/home/airflow/.local/lib/python3.12/site-packages/airflow/models/dagbag.py", line 383, in parse
    loader.exec_module(new_module)
  File "<frozen importlib._bootstrap_external>", line 999, in exec_module
  File "<frozen importlib._bootstrap>", line 488, in _call_with_frames_removed
  File "/opt/airflow/dags/bigquery.py", line 5, in <module>
    from google_play_scraper import reviews, Sort
ModuleNotFoundError: No module named 'google_play_scraper'
[2025-03-29T17:43:32.043+0000] {processor.py:927} WARNING - No viable dags retrieved from /opt/airflow/dags/bigquery.py
[2025-03-29T17:43:32.085+0000] {processor.py:208} INFO - Processing /opt/airflow/dags/bigquery.py took 0.070 seconds
[2025-03-29T17:44:02.536+0000] {processor.py:186} INFO - Started process (PID=651) to work on /opt/airflow/dags/bigquery.py
[2025-03-29T17:44:02.538+0000] {processor.py:914} INFO - Processing file /opt/airflow/dags/bigquery.py for tasks to queue
[2025-03-29T17:44:02.541+0000] {logging_mixin.py:190} INFO - [2025-03-29T17:44:02.541+0000] {dagbag.py:588} INFO - Filling up the DagBag from /opt/airflow/dags/bigquery.py
[2025-03-29T17:44:02.559+0000] {logging_mixin.py:190} INFO - [2025-03-29T17:44:02.555+0000] {dagbag.py:387} ERROR - Failed to import: /opt/airflow/dags/bigquery.py
Traceback (most recent call last):
  File "/home/airflow/.local/lib/python3.12/site-packages/airflow/models/dagbag.py", line 383, in parse
    loader.exec_module(new_module)
  File "<frozen importlib._bootstrap_external>", line 999, in exec_module
  File "<frozen importlib._bootstrap>", line 488, in _call_with_frames_removed
  File "/opt/airflow/dags/bigquery.py", line 5, in <module>
    from google_play_scraper import reviews, Sort
ModuleNotFoundError: No module named 'google_play_scraper'
[2025-03-29T17:44:02.561+0000] {processor.py:927} WARNING - No viable dags retrieved from /opt/airflow/dags/bigquery.py
[2025-03-29T17:44:02.604+0000] {processor.py:208} INFO - Processing /opt/airflow/dags/bigquery.py took 0.075 seconds
[2025-03-29T17:48:04.693+0000] {processor.py:186} INFO - Started process (PID=658) to work on /opt/airflow/dags/bigquery.py
[2025-03-29T17:48:04.694+0000] {processor.py:914} INFO - Processing file /opt/airflow/dags/bigquery.py for tasks to queue
[2025-03-29T17:48:04.698+0000] {logging_mixin.py:190} INFO - [2025-03-29T17:48:04.697+0000] {dagbag.py:588} INFO - Filling up the DagBag from /opt/airflow/dags/bigquery.py
[2025-03-29T17:48:04.719+0000] {logging_mixin.py:190} INFO - [2025-03-29T17:48:04.713+0000] {dagbag.py:387} ERROR - Failed to import: /opt/airflow/dags/bigquery.py
Traceback (most recent call last):
  File "/home/airflow/.local/lib/python3.12/site-packages/airflow/models/dagbag.py", line 383, in parse
    loader.exec_module(new_module)
  File "<frozen importlib._bootstrap_external>", line 999, in exec_module
  File "<frozen importlib._bootstrap>", line 488, in _call_with_frames_removed
  File "/opt/airflow/dags/bigquery.py", line 5, in <module>
    from google_play_scraper import reviews, Sort
ModuleNotFoundError: No module named 'google_play_scraper'
[2025-03-29T17:48:04.721+0000] {processor.py:927} WARNING - No viable dags retrieved from /opt/airflow/dags/bigquery.py
[2025-03-29T17:48:04.774+0000] {processor.py:208} INFO - Processing /opt/airflow/dags/bigquery.py took 0.088 seconds
[2025-03-29T17:48:35.278+0000] {processor.py:186} INFO - Started process (PID=682) to work on /opt/airflow/dags/bigquery.py
[2025-03-29T17:48:35.280+0000] {processor.py:914} INFO - Processing file /opt/airflow/dags/bigquery.py for tasks to queue
[2025-03-29T17:48:35.283+0000] {logging_mixin.py:190} INFO - [2025-03-29T17:48:35.283+0000] {dagbag.py:588} INFO - Filling up the DagBag from /opt/airflow/dags/bigquery.py
[2025-03-29T17:48:35.306+0000] {logging_mixin.py:190} INFO - [2025-03-29T17:48:35.301+0000] {dagbag.py:387} ERROR - Failed to import: /opt/airflow/dags/bigquery.py
Traceback (most recent call last):
  File "/home/airflow/.local/lib/python3.12/site-packages/airflow/models/dagbag.py", line 383, in parse
    loader.exec_module(new_module)
  File "<frozen importlib._bootstrap_external>", line 999, in exec_module
  File "<frozen importlib._bootstrap>", line 488, in _call_with_frames_removed
  File "/opt/airflow/dags/bigquery.py", line 5, in <module>
    from google_play_scraper import reviews, Sort
ModuleNotFoundError: No module named 'google_play_scraper'
[2025-03-29T17:48:35.308+0000] {processor.py:927} WARNING - No viable dags retrieved from /opt/airflow/dags/bigquery.py
[2025-03-29T17:48:35.361+0000] {processor.py:208} INFO - Processing /opt/airflow/dags/bigquery.py took 0.093 seconds
[2025-03-29T17:49:05.720+0000] {processor.py:186} INFO - Started process (PID=706) to work on /opt/airflow/dags/bigquery.py
[2025-03-29T17:49:05.722+0000] {processor.py:914} INFO - Processing file /opt/airflow/dags/bigquery.py for tasks to queue
[2025-03-29T17:49:05.724+0000] {logging_mixin.py:190} INFO - [2025-03-29T17:49:05.724+0000] {dagbag.py:588} INFO - Filling up the DagBag from /opt/airflow/dags/bigquery.py
[2025-03-29T17:49:05.739+0000] {logging_mixin.py:190} INFO - [2025-03-29T17:49:05.736+0000] {dagbag.py:387} ERROR - Failed to import: /opt/airflow/dags/bigquery.py
Traceback (most recent call last):
  File "/home/airflow/.local/lib/python3.12/site-packages/airflow/models/dagbag.py", line 383, in parse
    loader.exec_module(new_module)
  File "<frozen importlib._bootstrap_external>", line 999, in exec_module
  File "<frozen importlib._bootstrap>", line 488, in _call_with_frames_removed
  File "/opt/airflow/dags/bigquery.py", line 5, in <module>
    from google_play_scraper import reviews, Sort
ModuleNotFoundError: No module named 'google_play_scraper'
[2025-03-29T17:49:05.741+0000] {processor.py:927} WARNING - No viable dags retrieved from /opt/airflow/dags/bigquery.py
[2025-03-29T17:49:05.784+0000] {processor.py:208} INFO - Processing /opt/airflow/dags/bigquery.py took 0.071 seconds
[2025-03-29T17:53:05.341+0000] {processor.py:186} INFO - Started process (PID=711) to work on /opt/airflow/dags/bigquery.py
[2025-03-29T17:53:05.343+0000] {processor.py:914} INFO - Processing file /opt/airflow/dags/bigquery.py for tasks to queue
[2025-03-29T17:53:05.346+0000] {logging_mixin.py:190} INFO - [2025-03-29T17:53:05.346+0000] {dagbag.py:588} INFO - Filling up the DagBag from /opt/airflow/dags/bigquery.py
[2025-03-29T17:53:05.366+0000] {logging_mixin.py:190} INFO - [2025-03-29T17:53:05.362+0000] {dagbag.py:387} ERROR - Failed to import: /opt/airflow/dags/bigquery.py
Traceback (most recent call last):
  File "/home/airflow/.local/lib/python3.12/site-packages/airflow/models/dagbag.py", line 383, in parse
    loader.exec_module(new_module)
  File "<frozen importlib._bootstrap_external>", line 999, in exec_module
  File "<frozen importlib._bootstrap>", line 488, in _call_with_frames_removed
  File "/opt/airflow/dags/bigquery.py", line 5, in <module>
    from google_play_scraper import reviews, Sort
ModuleNotFoundError: No module named 'google_play_scraper'
[2025-03-29T17:53:05.368+0000] {processor.py:927} WARNING - No viable dags retrieved from /opt/airflow/dags/bigquery.py
[2025-03-29T17:53:05.417+0000] {processor.py:208} INFO - Processing /opt/airflow/dags/bigquery.py took 0.086 seconds
[2025-03-29T17:53:35.842+0000] {processor.py:186} INFO - Started process (PID=735) to work on /opt/airflow/dags/bigquery.py
[2025-03-29T17:53:35.843+0000] {processor.py:914} INFO - Processing file /opt/airflow/dags/bigquery.py for tasks to queue
[2025-03-29T17:53:35.846+0000] {logging_mixin.py:190} INFO - [2025-03-29T17:53:35.846+0000] {dagbag.py:588} INFO - Filling up the DagBag from /opt/airflow/dags/bigquery.py
[2025-03-29T17:53:35.864+0000] {logging_mixin.py:190} INFO - [2025-03-29T17:53:35.860+0000] {dagbag.py:387} ERROR - Failed to import: /opt/airflow/dags/bigquery.py
Traceback (most recent call last):
  File "/home/airflow/.local/lib/python3.12/site-packages/airflow/models/dagbag.py", line 383, in parse
    loader.exec_module(new_module)
  File "<frozen importlib._bootstrap_external>", line 999, in exec_module
  File "<frozen importlib._bootstrap>", line 488, in _call_with_frames_removed
  File "/opt/airflow/dags/bigquery.py", line 5, in <module>
    from google_play_scraper import reviews, Sort
ModuleNotFoundError: No module named 'google_play_scraper'
[2025-03-29T17:53:35.865+0000] {processor.py:927} WARNING - No viable dags retrieved from /opt/airflow/dags/bigquery.py
[2025-03-29T17:53:35.910+0000] {processor.py:208} INFO - Processing /opt/airflow/dags/bigquery.py took 0.075 seconds
[2025-03-29T17:54:06.296+0000] {processor.py:186} INFO - Started process (PID=759) to work on /opt/airflow/dags/bigquery.py
[2025-03-29T17:54:06.298+0000] {processor.py:914} INFO - Processing file /opt/airflow/dags/bigquery.py for tasks to queue
[2025-03-29T17:54:06.301+0000] {logging_mixin.py:190} INFO - [2025-03-29T17:54:06.300+0000] {dagbag.py:588} INFO - Filling up the DagBag from /opt/airflow/dags/bigquery.py
[2025-03-29T17:54:06.316+0000] {logging_mixin.py:190} INFO - [2025-03-29T17:54:06.313+0000] {dagbag.py:387} ERROR - Failed to import: /opt/airflow/dags/bigquery.py
Traceback (most recent call last):
  File "/home/airflow/.local/lib/python3.12/site-packages/airflow/models/dagbag.py", line 383, in parse
    loader.exec_module(new_module)
  File "<frozen importlib._bootstrap_external>", line 999, in exec_module
  File "<frozen importlib._bootstrap>", line 488, in _call_with_frames_removed
  File "/opt/airflow/dags/bigquery.py", line 5, in <module>
    from google_play_scraper import reviews, Sort
ModuleNotFoundError: No module named 'google_play_scraper'
[2025-03-29T17:54:06.317+0000] {processor.py:927} WARNING - No viable dags retrieved from /opt/airflow/dags/bigquery.py
[2025-03-29T17:54:06.361+0000] {processor.py:208} INFO - Processing /opt/airflow/dags/bigquery.py took 0.072 seconds
[2025-03-29T17:58:06.870+0000] {processor.py:186} INFO - Started process (PID=763) to work on /opt/airflow/dags/bigquery.py
[2025-03-29T17:58:06.872+0000] {processor.py:914} INFO - Processing file /opt/airflow/dags/bigquery.py for tasks to queue
[2025-03-29T17:58:06.875+0000] {logging_mixin.py:190} INFO - [2025-03-29T17:58:06.875+0000] {dagbag.py:588} INFO - Filling up the DagBag from /opt/airflow/dags/bigquery.py
[2025-03-29T17:58:06.894+0000] {logging_mixin.py:190} INFO - [2025-03-29T17:58:06.890+0000] {dagbag.py:387} ERROR - Failed to import: /opt/airflow/dags/bigquery.py
Traceback (most recent call last):
  File "/home/airflow/.local/lib/python3.12/site-packages/airflow/models/dagbag.py", line 383, in parse
    loader.exec_module(new_module)
  File "<frozen importlib._bootstrap_external>", line 999, in exec_module
  File "<frozen importlib._bootstrap>", line 488, in _call_with_frames_removed
  File "/opt/airflow/dags/bigquery.py", line 5, in <module>
    from google_play_scraper import reviews, Sort
ModuleNotFoundError: No module named 'google_play_scraper'
[2025-03-29T17:58:06.895+0000] {processor.py:927} WARNING - No viable dags retrieved from /opt/airflow/dags/bigquery.py
[2025-03-29T17:58:06.950+0000] {processor.py:208} INFO - Processing /opt/airflow/dags/bigquery.py took 0.087 seconds
[2025-03-29T17:58:37.319+0000] {processor.py:186} INFO - Started process (PID=787) to work on /opt/airflow/dags/bigquery.py
[2025-03-29T17:58:37.321+0000] {processor.py:914} INFO - Processing file /opt/airflow/dags/bigquery.py for tasks to queue
[2025-03-29T17:58:37.324+0000] {logging_mixin.py:190} INFO - [2025-03-29T17:58:37.324+0000] {dagbag.py:588} INFO - Filling up the DagBag from /opt/airflow/dags/bigquery.py
[2025-03-29T17:58:37.344+0000] {logging_mixin.py:190} INFO - [2025-03-29T17:58:37.339+0000] {dagbag.py:387} ERROR - Failed to import: /opt/airflow/dags/bigquery.py
Traceback (most recent call last):
  File "/home/airflow/.local/lib/python3.12/site-packages/airflow/models/dagbag.py", line 383, in parse
    loader.exec_module(new_module)
  File "<frozen importlib._bootstrap_external>", line 999, in exec_module
  File "<frozen importlib._bootstrap>", line 488, in _call_with_frames_removed
  File "/opt/airflow/dags/bigquery.py", line 5, in <module>
    from google_play_scraper import reviews, Sort
ModuleNotFoundError: No module named 'google_play_scraper'
[2025-03-29T17:58:37.345+0000] {processor.py:927} WARNING - No viable dags retrieved from /opt/airflow/dags/bigquery.py
[2025-03-29T17:58:37.393+0000] {processor.py:208} INFO - Processing /opt/airflow/dags/bigquery.py took 0.080 seconds
[2025-03-29T17:59:07.790+0000] {processor.py:186} INFO - Started process (PID=811) to work on /opt/airflow/dags/bigquery.py
[2025-03-29T17:59:07.792+0000] {processor.py:914} INFO - Processing file /opt/airflow/dags/bigquery.py for tasks to queue
[2025-03-29T17:59:07.795+0000] {logging_mixin.py:190} INFO - [2025-03-29T17:59:07.794+0000] {dagbag.py:588} INFO - Filling up the DagBag from /opt/airflow/dags/bigquery.py
[2025-03-29T17:59:07.810+0000] {logging_mixin.py:190} INFO - [2025-03-29T17:59:07.807+0000] {dagbag.py:387} ERROR - Failed to import: /opt/airflow/dags/bigquery.py
Traceback (most recent call last):
  File "/home/airflow/.local/lib/python3.12/site-packages/airflow/models/dagbag.py", line 383, in parse
    loader.exec_module(new_module)
  File "<frozen importlib._bootstrap_external>", line 999, in exec_module
  File "<frozen importlib._bootstrap>", line 488, in _call_with_frames_removed
  File "/opt/airflow/dags/bigquery.py", line 5, in <module>
    from google_play_scraper import reviews, Sort
ModuleNotFoundError: No module named 'google_play_scraper'
[2025-03-29T17:59:07.811+0000] {processor.py:927} WARNING - No viable dags retrieved from /opt/airflow/dags/bigquery.py
[2025-03-29T17:59:07.854+0000] {processor.py:208} INFO - Processing /opt/airflow/dags/bigquery.py took 0.071 seconds
[2025-03-29T18:05:56.820+0000] {processor.py:186} INFO - Started process (PID=815) to work on /opt/airflow/dags/bigquery.py
[2025-03-29T18:05:56.823+0000] {processor.py:914} INFO - Processing file /opt/airflow/dags/bigquery.py for tasks to queue
[2025-03-29T18:05:56.837+0000] {logging_mixin.py:190} INFO - [2025-03-29T18:05:56.836+0000] {dagbag.py:588} INFO - Filling up the DagBag from /opt/airflow/dags/bigquery.py
[2025-03-29T18:05:56.877+0000] {logging_mixin.py:190} INFO - [2025-03-29T18:05:56.869+0000] {dagbag.py:387} ERROR - Failed to import: /opt/airflow/dags/bigquery.py
Traceback (most recent call last):
  File "/home/airflow/.local/lib/python3.12/site-packages/airflow/models/dagbag.py", line 383, in parse
    loader.exec_module(new_module)
  File "<frozen importlib._bootstrap_external>", line 999, in exec_module
  File "<frozen importlib._bootstrap>", line 488, in _call_with_frames_removed
  File "/opt/airflow/dags/bigquery.py", line 5, in <module>
    from google_play_scraper import reviews, Sort
ModuleNotFoundError: No module named 'google_play_scraper'
[2025-03-29T18:05:56.885+0000] {processor.py:927} WARNING - No viable dags retrieved from /opt/airflow/dags/bigquery.py
[2025-03-29T18:05:57.014+0000] {processor.py:208} INFO - Processing /opt/airflow/dags/bigquery.py took 0.228 seconds
[2025-03-29T18:40:59.069+0000] {processor.py:186} INFO - Started process (PID=839) to work on /opt/airflow/dags/bigquery.py
[2025-03-29T18:40:59.070+0000] {processor.py:914} INFO - Processing file /opt/airflow/dags/bigquery.py for tasks to queue
[2025-03-29T18:40:59.073+0000] {logging_mixin.py:190} INFO - [2025-03-29T18:40:59.072+0000] {dagbag.py:588} INFO - Filling up the DagBag from /opt/airflow/dags/bigquery.py
[2025-03-29T18:40:59.088+0000] {logging_mixin.py:190} INFO - [2025-03-29T18:40:59.085+0000] {dagbag.py:387} ERROR - Failed to import: /opt/airflow/dags/bigquery.py
Traceback (most recent call last):
  File "/home/airflow/.local/lib/python3.12/site-packages/airflow/models/dagbag.py", line 383, in parse
    loader.exec_module(new_module)
  File "<frozen importlib._bootstrap_external>", line 999, in exec_module
  File "<frozen importlib._bootstrap>", line 488, in _call_with_frames_removed
  File "/opt/airflow/dags/bigquery.py", line 5, in <module>
    from google_play_scraper import reviews, Sort
ModuleNotFoundError: No module named 'google_play_scraper'
[2025-03-29T18:40:59.089+0000] {processor.py:927} WARNING - No viable dags retrieved from /opt/airflow/dags/bigquery.py
[2025-03-29T18:40:59.134+0000] {processor.py:208} INFO - Processing /opt/airflow/dags/bigquery.py took 0.072 seconds
[2025-03-29T18:48:48.704+0000] {processor.py:186} INFO - Started process (PID=851) to work on /opt/airflow/dags/bigquery.py
[2025-03-29T18:48:48.709+0000] {processor.py:914} INFO - Processing file /opt/airflow/dags/bigquery.py for tasks to queue
[2025-03-29T18:48:48.721+0000] {logging_mixin.py:190} INFO - [2025-03-29T18:48:48.719+0000] {dagbag.py:588} INFO - Filling up the DagBag from /opt/airflow/dags/bigquery.py
[2025-03-29T18:48:48.764+0000] {logging_mixin.py:190} INFO - [2025-03-29T18:48:48.753+0000] {dagbag.py:387} ERROR - Failed to import: /opt/airflow/dags/bigquery.py
Traceback (most recent call last):
  File "/home/airflow/.local/lib/python3.12/site-packages/airflow/models/dagbag.py", line 383, in parse
    loader.exec_module(new_module)
  File "<frozen importlib._bootstrap_external>", line 999, in exec_module
  File "<frozen importlib._bootstrap>", line 488, in _call_with_frames_removed
  File "/opt/airflow/dags/bigquery.py", line 5, in <module>
    from google_play_scraper import reviews, Sort
ModuleNotFoundError: No module named 'google_play_scraper'
[2025-03-29T18:48:48.767+0000] {processor.py:927} WARNING - No viable dags retrieved from /opt/airflow/dags/bigquery.py
[2025-03-29T18:48:48.879+0000] {processor.py:208} INFO - Processing /opt/airflow/dags/bigquery.py took 0.202 seconds
[2025-03-29T21:05:42.855+0000] {processor.py:186} INFO - Started process (PID=875) to work on /opt/airflow/dags/bigquery.py
[2025-03-29T21:05:42.857+0000] {processor.py:914} INFO - Processing file /opt/airflow/dags/bigquery.py for tasks to queue
[2025-03-29T21:05:42.863+0000] {logging_mixin.py:190} INFO - [2025-03-29T21:05:42.862+0000] {dagbag.py:588} INFO - Filling up the DagBag from /opt/airflow/dags/bigquery.py
[2025-03-29T21:05:42.891+0000] {logging_mixin.py:190} INFO - [2025-03-29T21:05:42.884+0000] {dagbag.py:387} ERROR - Failed to import: /opt/airflow/dags/bigquery.py
Traceback (most recent call last):
  File "/home/airflow/.local/lib/python3.12/site-packages/airflow/models/dagbag.py", line 383, in parse
    loader.exec_module(new_module)
  File "<frozen importlib._bootstrap_external>", line 999, in exec_module
  File "<frozen importlib._bootstrap>", line 488, in _call_with_frames_removed
  File "/opt/airflow/dags/bigquery.py", line 5, in <module>
    from google_play_scraper import reviews, Sort
ModuleNotFoundError: No module named 'google_play_scraper'
[2025-03-29T21:05:42.893+0000] {processor.py:927} WARNING - No viable dags retrieved from /opt/airflow/dags/bigquery.py
[2025-03-29T21:05:43.001+0000] {processor.py:208} INFO - Processing /opt/airflow/dags/bigquery.py took 0.157 seconds
[2025-03-29T21:12:40.676+0000] {processor.py:186} INFO - Started process (PID=894) to work on /opt/airflow/dags/bigquery.py
[2025-03-29T21:12:40.679+0000] {processor.py:914} INFO - Processing file /opt/airflow/dags/bigquery.py for tasks to queue
[2025-03-29T21:12:40.686+0000] {logging_mixin.py:190} INFO - [2025-03-29T21:12:40.685+0000] {dagbag.py:588} INFO - Filling up the DagBag from /opt/airflow/dags/bigquery.py
[2025-03-29T21:12:40.722+0000] {logging_mixin.py:190} INFO - [2025-03-29T21:12:40.713+0000] {dagbag.py:387} ERROR - Failed to import: /opt/airflow/dags/bigquery.py
Traceback (most recent call last):
  File "/home/airflow/.local/lib/python3.12/site-packages/airflow/models/dagbag.py", line 383, in parse
    loader.exec_module(new_module)
  File "<frozen importlib._bootstrap_external>", line 999, in exec_module
  File "<frozen importlib._bootstrap>", line 488, in _call_with_frames_removed
  File "/opt/airflow/dags/bigquery.py", line 5, in <module>
    from google_play_scraper import reviews, Sort
ModuleNotFoundError: No module named 'google_play_scraper'
[2025-03-29T21:12:40.725+0000] {processor.py:927} WARNING - No viable dags retrieved from /opt/airflow/dags/bigquery.py
[2025-03-29T21:12:40.802+0000] {processor.py:208} INFO - Processing /opt/airflow/dags/bigquery.py took 0.141 seconds
