[2025-03-29T00:47:12.297+0000] {processor.py:186} INFO - Started process (PID=416) to work on /opt/airflow/dags/env/Scripts/daff.py
[2025-03-29T00:47:12.298+0000] {processor.py:914} INFO - Processing file /opt/airflow/dags/env/Scripts/daff.py for tasks to queue
[2025-03-29T00:47:12.302+0000] {logging_mixin.py:190} INFO - [2025-03-29T00:47:12.301+0000] {dagbag.py:588} INFO - Filling up the DagBag from /opt/airflow/dags/env/Scripts/daff.py
[2025-03-29T00:47:12.357+0000] {processor.py:927} WARNING - No viable dags retrieved from /opt/airflow/dags/env/Scripts/daff.py
[2025-03-29T00:47:12.379+0000] {processor.py:208} INFO - Processing /opt/airflow/dags/env/Scripts/daff.py took 0.090 seconds
[2025-03-29T00:52:34.824+0000] {processor.py:186} INFO - Started process (PID=468) to work on /opt/airflow/dags/env/Scripts/daff.py
[2025-03-29T00:52:34.825+0000] {processor.py:914} INFO - Processing file /opt/airflow/dags/env/Scripts/daff.py for tasks to queue
[2025-03-29T00:52:34.828+0000] {logging_mixin.py:190} INFO - [2025-03-29T00:52:34.828+0000] {dagbag.py:588} INFO - Filling up the DagBag from /opt/airflow/dags/env/Scripts/daff.py
[2025-03-29T00:52:34.881+0000] {processor.py:927} WARNING - No viable dags retrieved from /opt/airflow/dags/env/Scripts/daff.py
[2025-03-29T00:52:34.909+0000] {processor.py:208} INFO - Processing /opt/airflow/dags/env/Scripts/daff.py took 0.092 seconds
[2025-03-29T00:57:37.930+0000] {processor.py:186} INFO - Started process (PID=498) to work on /opt/airflow/dags/env/Scripts/daff.py
[2025-03-29T00:57:37.931+0000] {processor.py:914} INFO - Processing file /opt/airflow/dags/env/Scripts/daff.py for tasks to queue
[2025-03-29T00:57:37.934+0000] {logging_mixin.py:190} INFO - [2025-03-29T00:57:37.934+0000] {dagbag.py:588} INFO - Filling up the DagBag from /opt/airflow/dags/env/Scripts/daff.py
[2025-03-29T00:57:37.985+0000] {processor.py:927} WARNING - No viable dags retrieved from /opt/airflow/dags/env/Scripts/daff.py
[2025-03-29T00:57:38.009+0000] {processor.py:208} INFO - Processing /opt/airflow/dags/env/Scripts/daff.py took 0.086 seconds
[2025-03-29T01:02:32.206+0000] {processor.py:186} INFO - Started process (PID=524) to work on /opt/airflow/dags/env/Scripts/daff.py
[2025-03-29T01:02:32.208+0000] {processor.py:914} INFO - Processing file /opt/airflow/dags/env/Scripts/daff.py for tasks to queue
[2025-03-29T01:02:32.212+0000] {logging_mixin.py:190} INFO - [2025-03-29T01:02:32.211+0000] {dagbag.py:588} INFO - Filling up the DagBag from /opt/airflow/dags/env/Scripts/daff.py
[2025-03-29T01:02:32.284+0000] {processor.py:927} WARNING - No viable dags retrieved from /opt/airflow/dags/env/Scripts/daff.py
[2025-03-29T01:02:32.318+0000] {processor.py:208} INFO - Processing /opt/airflow/dags/env/Scripts/daff.py took 0.120 seconds
[2025-03-29T01:07:41.155+0000] {processor.py:186} INFO - Started process (PID=555) to work on /opt/airflow/dags/env/Scripts/daff.py
[2025-03-29T01:07:41.156+0000] {processor.py:914} INFO - Processing file /opt/airflow/dags/env/Scripts/daff.py for tasks to queue
[2025-03-29T01:07:41.159+0000] {logging_mixin.py:190} INFO - [2025-03-29T01:07:41.159+0000] {dagbag.py:588} INFO - Filling up the DagBag from /opt/airflow/dags/env/Scripts/daff.py
[2025-03-29T01:07:41.211+0000] {processor.py:927} WARNING - No viable dags retrieved from /opt/airflow/dags/env/Scripts/daff.py
[2025-03-29T01:07:41.234+0000] {processor.py:208} INFO - Processing /opt/airflow/dags/env/Scripts/daff.py took 0.087 seconds
[2025-03-29T01:12:44.402+0000] {processor.py:186} INFO - Started process (PID=580) to work on /opt/airflow/dags/env/Scripts/daff.py
[2025-03-29T01:12:44.404+0000] {processor.py:914} INFO - Processing file /opt/airflow/dags/env/Scripts/daff.py for tasks to queue
[2025-03-29T01:12:44.407+0000] {logging_mixin.py:190} INFO - [2025-03-29T01:12:44.406+0000] {dagbag.py:588} INFO - Filling up the DagBag from /opt/airflow/dags/env/Scripts/daff.py
[2025-03-29T01:12:44.459+0000] {processor.py:927} WARNING - No viable dags retrieved from /opt/airflow/dags/env/Scripts/daff.py
[2025-03-29T01:12:44.480+0000] {processor.py:208} INFO - Processing /opt/airflow/dags/env/Scripts/daff.py took 0.085 seconds
[2025-03-29T01:17:38.163+0000] {processor.py:186} INFO - Started process (PID=604) to work on /opt/airflow/dags/env/Scripts/daff.py
[2025-03-29T01:17:38.165+0000] {processor.py:914} INFO - Processing file /opt/airflow/dags/env/Scripts/daff.py for tasks to queue
[2025-03-29T01:17:38.168+0000] {logging_mixin.py:190} INFO - [2025-03-29T01:17:38.167+0000] {dagbag.py:588} INFO - Filling up the DagBag from /opt/airflow/dags/env/Scripts/daff.py
[2025-03-29T01:17:38.219+0000] {processor.py:927} WARNING - No viable dags retrieved from /opt/airflow/dags/env/Scripts/daff.py
[2025-03-29T01:17:38.243+0000] {processor.py:208} INFO - Processing /opt/airflow/dags/env/Scripts/daff.py took 0.087 seconds
[2025-03-29T01:22:43.722+0000] {processor.py:186} INFO - Started process (PID=632) to work on /opt/airflow/dags/env/Scripts/daff.py
[2025-03-29T01:22:43.723+0000] {processor.py:914} INFO - Processing file /opt/airflow/dags/env/Scripts/daff.py for tasks to queue
[2025-03-29T01:22:43.726+0000] {logging_mixin.py:190} INFO - [2025-03-29T01:22:43.726+0000] {dagbag.py:588} INFO - Filling up the DagBag from /opt/airflow/dags/env/Scripts/daff.py
[2025-03-29T01:22:43.772+0000] {processor.py:927} WARNING - No viable dags retrieved from /opt/airflow/dags/env/Scripts/daff.py
[2025-03-29T01:22:43.795+0000] {processor.py:208} INFO - Processing /opt/airflow/dags/env/Scripts/daff.py took 0.080 seconds
[2025-03-29T16:49:03.667+0000] {processor.py:186} INFO - Started process (PID=70) to work on /opt/airflow/dags/env/Scripts/daff.py
[2025-03-29T16:49:03.669+0000] {processor.py:914} INFO - Processing file /opt/airflow/dags/env/Scripts/daff.py for tasks to queue
[2025-03-29T16:49:03.672+0000] {logging_mixin.py:190} INFO - [2025-03-29T16:49:03.671+0000] {dagbag.py:588} INFO - Filling up the DagBag from /opt/airflow/dags/env/Scripts/daff.py
[2025-03-29T16:49:03.722+0000] {processor.py:927} WARNING - No viable dags retrieved from /opt/airflow/dags/env/Scripts/daff.py
[2025-03-29T16:49:03.750+0000] {processor.py:208} INFO - Processing /opt/airflow/dags/env/Scripts/daff.py took 0.089 seconds
[2025-03-29T16:53:34.195+0000] {processor.py:186} INFO - Started process (PID=94) to work on /opt/airflow/dags/env/Scripts/daff.py
[2025-03-29T16:53:34.196+0000] {processor.py:914} INFO - Processing file /opt/airflow/dags/env/Scripts/daff.py for tasks to queue
[2025-03-29T16:53:34.199+0000] {logging_mixin.py:190} INFO - [2025-03-29T16:53:34.199+0000] {dagbag.py:588} INFO - Filling up the DagBag from /opt/airflow/dags/env/Scripts/daff.py
[2025-03-29T16:53:34.257+0000] {processor.py:927} WARNING - No viable dags retrieved from /opt/airflow/dags/env/Scripts/daff.py
[2025-03-29T16:53:34.281+0000] {processor.py:208} INFO - Processing /opt/airflow/dags/env/Scripts/daff.py took 0.094 seconds
[2025-03-29T16:54:06.364+0000] {processor.py:186} INFO - Started process (PID=118) to work on /opt/airflow/dags/env/Scripts/daff.py
[2025-03-29T16:54:06.366+0000] {processor.py:914} INFO - Processing file /opt/airflow/dags/env/Scripts/daff.py for tasks to queue
[2025-03-29T16:54:06.369+0000] {logging_mixin.py:190} INFO - [2025-03-29T16:54:06.368+0000] {dagbag.py:588} INFO - Filling up the DagBag from /opt/airflow/dags/env/Scripts/daff.py
[2025-03-29T16:54:06.424+0000] {processor.py:927} WARNING - No viable dags retrieved from /opt/airflow/dags/env/Scripts/daff.py
[2025-03-29T16:54:06.697+0000] {processor.py:208} INFO - Processing /opt/airflow/dags/env/Scripts/daff.py took 0.341 seconds
[2025-03-29T16:58:23.932+0000] {processor.py:186} INFO - Started process (PID=140) to work on /opt/airflow/dags/env/Scripts/daff.py
[2025-03-29T16:58:23.934+0000] {processor.py:914} INFO - Processing file /opt/airflow/dags/env/Scripts/daff.py for tasks to queue
[2025-03-29T16:58:23.937+0000] {logging_mixin.py:190} INFO - [2025-03-29T16:58:23.937+0000] {dagbag.py:588} INFO - Filling up the DagBag from /opt/airflow/dags/env/Scripts/daff.py
[2025-03-29T16:58:23.988+0000] {processor.py:927} WARNING - No viable dags retrieved from /opt/airflow/dags/env/Scripts/daff.py
[2025-03-29T16:58:24.011+0000] {processor.py:208} INFO - Processing /opt/airflow/dags/env/Scripts/daff.py took 0.087 seconds
[2025-03-29T16:58:55.243+0000] {processor.py:186} INFO - Started process (PID=164) to work on /opt/airflow/dags/env/Scripts/daff.py
[2025-03-29T16:58:55.245+0000] {processor.py:914} INFO - Processing file /opt/airflow/dags/env/Scripts/daff.py for tasks to queue
[2025-03-29T16:58:55.250+0000] {logging_mixin.py:190} INFO - [2025-03-29T16:58:55.250+0000] {dagbag.py:588} INFO - Filling up the DagBag from /opt/airflow/dags/env/Scripts/daff.py
[2025-03-29T16:58:55.317+0000] {processor.py:927} WARNING - No viable dags retrieved from /opt/airflow/dags/env/Scripts/daff.py
[2025-03-29T16:58:55.358+0000] {processor.py:208} INFO - Processing /opt/airflow/dags/env/Scripts/daff.py took 0.126 seconds
[2025-03-29T17:03:21.759+0000] {processor.py:186} INFO - Started process (PID=193) to work on /opt/airflow/dags/env/Scripts/daff.py
[2025-03-29T17:03:21.760+0000] {processor.py:914} INFO - Processing file /opt/airflow/dags/env/Scripts/daff.py for tasks to queue
[2025-03-29T17:03:21.764+0000] {logging_mixin.py:190} INFO - [2025-03-29T17:03:21.763+0000] {dagbag.py:588} INFO - Filling up the DagBag from /opt/airflow/dags/env/Scripts/daff.py
[2025-03-29T17:03:21.815+0000] {processor.py:927} WARNING - No viable dags retrieved from /opt/airflow/dags/env/Scripts/daff.py
[2025-03-29T17:03:21.838+0000] {processor.py:208} INFO - Processing /opt/airflow/dags/env/Scripts/daff.py took 0.087 seconds
[2025-03-29T17:03:54.567+0000] {processor.py:186} INFO - Started process (PID=217) to work on /opt/airflow/dags/env/Scripts/daff.py
[2025-03-29T17:03:54.568+0000] {processor.py:914} INFO - Processing file /opt/airflow/dags/env/Scripts/daff.py for tasks to queue
[2025-03-29T17:03:54.571+0000] {logging_mixin.py:190} INFO - [2025-03-29T17:03:54.571+0000] {dagbag.py:588} INFO - Filling up the DagBag from /opt/airflow/dags/env/Scripts/daff.py
[2025-03-29T17:03:54.620+0000] {processor.py:927} WARNING - No viable dags retrieved from /opt/airflow/dags/env/Scripts/daff.py
[2025-03-29T17:03:54.644+0000] {processor.py:208} INFO - Processing /opt/airflow/dags/env/Scripts/daff.py took 0.084 seconds
[2025-03-29T17:08:21.772+0000] {processor.py:186} INFO - Started process (PID=247) to work on /opt/airflow/dags/env/Scripts/daff.py
[2025-03-29T17:08:21.774+0000] {processor.py:914} INFO - Processing file /opt/airflow/dags/env/Scripts/daff.py for tasks to queue
[2025-03-29T17:08:21.777+0000] {logging_mixin.py:190} INFO - [2025-03-29T17:08:21.776+0000] {dagbag.py:588} INFO - Filling up the DagBag from /opt/airflow/dags/env/Scripts/daff.py
[2025-03-29T17:08:21.832+0000] {processor.py:927} WARNING - No viable dags retrieved from /opt/airflow/dags/env/Scripts/daff.py
[2025-03-29T17:08:21.859+0000] {processor.py:208} INFO - Processing /opt/airflow/dags/env/Scripts/daff.py took 0.093 seconds
[2025-03-29T17:08:53.250+0000] {processor.py:186} INFO - Started process (PID=271) to work on /opt/airflow/dags/env/Scripts/daff.py
[2025-03-29T17:08:53.252+0000] {processor.py:914} INFO - Processing file /opt/airflow/dags/env/Scripts/daff.py for tasks to queue
[2025-03-29T17:08:53.255+0000] {logging_mixin.py:190} INFO - [2025-03-29T17:08:53.254+0000] {dagbag.py:588} INFO - Filling up the DagBag from /opt/airflow/dags/env/Scripts/daff.py
[2025-03-29T17:08:53.302+0000] {processor.py:927} WARNING - No viable dags retrieved from /opt/airflow/dags/env/Scripts/daff.py
[2025-03-29T17:08:53.326+0000] {processor.py:208} INFO - Processing /opt/airflow/dags/env/Scripts/daff.py took 0.082 seconds
[2025-03-29T17:13:24.648+0000] {processor.py:186} INFO - Started process (PID=301) to work on /opt/airflow/dags/env/Scripts/daff.py
[2025-03-29T17:13:24.649+0000] {processor.py:914} INFO - Processing file /opt/airflow/dags/env/Scripts/daff.py for tasks to queue
[2025-03-29T17:13:24.652+0000] {logging_mixin.py:190} INFO - [2025-03-29T17:13:24.652+0000] {dagbag.py:588} INFO - Filling up the DagBag from /opt/airflow/dags/env/Scripts/daff.py
[2025-03-29T17:13:24.710+0000] {processor.py:927} WARNING - No viable dags retrieved from /opt/airflow/dags/env/Scripts/daff.py
[2025-03-29T17:13:24.737+0000] {processor.py:208} INFO - Processing /opt/airflow/dags/env/Scripts/daff.py took 0.097 seconds
[2025-03-29T17:13:56.324+0000] {processor.py:186} INFO - Started process (PID=325) to work on /opt/airflow/dags/env/Scripts/daff.py
[2025-03-29T17:13:56.325+0000] {processor.py:914} INFO - Processing file /opt/airflow/dags/env/Scripts/daff.py for tasks to queue
[2025-03-29T17:13:56.328+0000] {logging_mixin.py:190} INFO - [2025-03-29T17:13:56.328+0000] {dagbag.py:588} INFO - Filling up the DagBag from /opt/airflow/dags/env/Scripts/daff.py
[2025-03-29T17:13:56.376+0000] {processor.py:927} WARNING - No viable dags retrieved from /opt/airflow/dags/env/Scripts/daff.py
[2025-03-29T17:13:56.400+0000] {processor.py:208} INFO - Processing /opt/airflow/dags/env/Scripts/daff.py took 0.082 seconds
[2025-03-29T17:18:28.187+0000] {processor.py:186} INFO - Started process (PID=353) to work on /opt/airflow/dags/env/Scripts/daff.py
[2025-03-29T17:18:28.188+0000] {processor.py:914} INFO - Processing file /opt/airflow/dags/env/Scripts/daff.py for tasks to queue
[2025-03-29T17:18:28.191+0000] {logging_mixin.py:190} INFO - [2025-03-29T17:18:28.190+0000] {dagbag.py:588} INFO - Filling up the DagBag from /opt/airflow/dags/env/Scripts/daff.py
[2025-03-29T17:18:28.244+0000] {processor.py:927} WARNING - No viable dags retrieved from /opt/airflow/dags/env/Scripts/daff.py
[2025-03-29T17:18:28.277+0000] {processor.py:208} INFO - Processing /opt/airflow/dags/env/Scripts/daff.py took 0.097 seconds
[2025-03-29T17:19:00.615+0000] {processor.py:186} INFO - Started process (PID=377) to work on /opt/airflow/dags/env/Scripts/daff.py
[2025-03-29T17:19:00.616+0000] {processor.py:914} INFO - Processing file /opt/airflow/dags/env/Scripts/daff.py for tasks to queue
[2025-03-29T17:19:00.619+0000] {logging_mixin.py:190} INFO - [2025-03-29T17:19:00.619+0000] {dagbag.py:588} INFO - Filling up the DagBag from /opt/airflow/dags/env/Scripts/daff.py
[2025-03-29T17:19:00.666+0000] {processor.py:927} WARNING - No viable dags retrieved from /opt/airflow/dags/env/Scripts/daff.py
[2025-03-29T17:19:00.691+0000] {processor.py:208} INFO - Processing /opt/airflow/dags/env/Scripts/daff.py took 0.083 seconds
[2025-03-29T17:23:21.086+0000] {processor.py:186} INFO - Started process (PID=403) to work on /opt/airflow/dags/env/Scripts/daff.py
[2025-03-29T17:23:21.087+0000] {processor.py:914} INFO - Processing file /opt/airflow/dags/env/Scripts/daff.py for tasks to queue
[2025-03-29T17:23:21.090+0000] {logging_mixin.py:190} INFO - [2025-03-29T17:23:21.090+0000] {dagbag.py:588} INFO - Filling up the DagBag from /opt/airflow/dags/env/Scripts/daff.py
[2025-03-29T17:23:21.137+0000] {processor.py:927} WARNING - No viable dags retrieved from /opt/airflow/dags/env/Scripts/daff.py
[2025-03-29T17:23:21.161+0000] {processor.py:208} INFO - Processing /opt/airflow/dags/env/Scripts/daff.py took 0.082 seconds
[2025-03-29T17:23:52.551+0000] {processor.py:186} INFO - Started process (PID=427) to work on /opt/airflow/dags/env/Scripts/daff.py
[2025-03-29T17:23:52.552+0000] {processor.py:914} INFO - Processing file /opt/airflow/dags/env/Scripts/daff.py for tasks to queue
[2025-03-29T17:23:52.556+0000] {logging_mixin.py:190} INFO - [2025-03-29T17:23:52.555+0000] {dagbag.py:588} INFO - Filling up the DagBag from /opt/airflow/dags/env/Scripts/daff.py
[2025-03-29T17:23:52.601+0000] {processor.py:927} WARNING - No viable dags retrieved from /opt/airflow/dags/env/Scripts/daff.py
[2025-03-29T17:23:52.624+0000] {processor.py:208} INFO - Processing /opt/airflow/dags/env/Scripts/daff.py took 0.080 seconds
[2025-03-29T17:28:26.884+0000] {processor.py:186} INFO - Started process (PID=460) to work on /opt/airflow/dags/env/Scripts/daff.py
[2025-03-29T17:28:26.885+0000] {processor.py:914} INFO - Processing file /opt/airflow/dags/env/Scripts/daff.py for tasks to queue
[2025-03-29T17:28:26.889+0000] {logging_mixin.py:190} INFO - [2025-03-29T17:28:26.888+0000] {dagbag.py:588} INFO - Filling up the DagBag from /opt/airflow/dags/env/Scripts/daff.py
[2025-03-29T17:28:26.944+0000] {processor.py:927} WARNING - No viable dags retrieved from /opt/airflow/dags/env/Scripts/daff.py
[2025-03-29T17:28:26.972+0000] {processor.py:208} INFO - Processing /opt/airflow/dags/env/Scripts/daff.py took 0.095 seconds
[2025-03-29T17:28:58.278+0000] {processor.py:186} INFO - Started process (PID=484) to work on /opt/airflow/dags/env/Scripts/daff.py
[2025-03-29T17:28:58.279+0000] {processor.py:914} INFO - Processing file /opt/airflow/dags/env/Scripts/daff.py for tasks to queue
[2025-03-29T17:28:58.282+0000] {logging_mixin.py:190} INFO - [2025-03-29T17:28:58.282+0000] {dagbag.py:588} INFO - Filling up the DagBag from /opt/airflow/dags/env/Scripts/daff.py
[2025-03-29T17:28:58.326+0000] {processor.py:927} WARNING - No viable dags retrieved from /opt/airflow/dags/env/Scripts/daff.py
[2025-03-29T17:28:58.354+0000] {processor.py:208} INFO - Processing /opt/airflow/dags/env/Scripts/daff.py took 0.083 seconds
[2025-03-29T17:33:24.406+0000] {processor.py:186} INFO - Started process (PID=513) to work on /opt/airflow/dags/env/Scripts/daff.py
[2025-03-29T17:33:24.407+0000] {processor.py:914} INFO - Processing file /opt/airflow/dags/env/Scripts/daff.py for tasks to queue
[2025-03-29T17:33:24.411+0000] {logging_mixin.py:190} INFO - [2025-03-29T17:33:24.410+0000] {dagbag.py:588} INFO - Filling up the DagBag from /opt/airflow/dags/env/Scripts/daff.py
[2025-03-29T17:33:24.457+0000] {processor.py:927} WARNING - No viable dags retrieved from /opt/airflow/dags/env/Scripts/daff.py
[2025-03-29T17:33:24.481+0000] {processor.py:208} INFO - Processing /opt/airflow/dags/env/Scripts/daff.py took 0.083 seconds
[2025-03-29T17:33:57.143+0000] {processor.py:186} INFO - Started process (PID=537) to work on /opt/airflow/dags/env/Scripts/daff.py
[2025-03-29T17:33:57.144+0000] {processor.py:914} INFO - Processing file /opt/airflow/dags/env/Scripts/daff.py for tasks to queue
[2025-03-29T17:33:57.147+0000] {logging_mixin.py:190} INFO - [2025-03-29T17:33:57.147+0000] {dagbag.py:588} INFO - Filling up the DagBag from /opt/airflow/dags/env/Scripts/daff.py
[2025-03-29T17:33:57.194+0000] {processor.py:927} WARNING - No viable dags retrieved from /opt/airflow/dags/env/Scripts/daff.py
[2025-03-29T17:33:57.219+0000] {processor.py:208} INFO - Processing /opt/airflow/dags/env/Scripts/daff.py took 0.082 seconds
[2025-03-29T17:38:22.306+0000] {processor.py:186} INFO - Started process (PID=567) to work on /opt/airflow/dags/env/Scripts/daff.py
[2025-03-29T17:38:22.307+0000] {processor.py:914} INFO - Processing file /opt/airflow/dags/env/Scripts/daff.py for tasks to queue
[2025-03-29T17:38:22.310+0000] {logging_mixin.py:190} INFO - [2025-03-29T17:38:22.309+0000] {dagbag.py:588} INFO - Filling up the DagBag from /opt/airflow/dags/env/Scripts/daff.py
[2025-03-29T17:38:22.358+0000] {processor.py:927} WARNING - No viable dags retrieved from /opt/airflow/dags/env/Scripts/daff.py
[2025-03-29T17:38:22.383+0000] {processor.py:208} INFO - Processing /opt/airflow/dags/env/Scripts/daff.py took 0.084 seconds
[2025-03-29T17:38:54.962+0000] {processor.py:186} INFO - Started process (PID=591) to work on /opt/airflow/dags/env/Scripts/daff.py
[2025-03-29T17:38:54.963+0000] {processor.py:914} INFO - Processing file /opt/airflow/dags/env/Scripts/daff.py for tasks to queue
[2025-03-29T17:38:54.967+0000] {logging_mixin.py:190} INFO - [2025-03-29T17:38:54.966+0000] {dagbag.py:588} INFO - Filling up the DagBag from /opt/airflow/dags/env/Scripts/daff.py
[2025-03-29T17:38:55.014+0000] {processor.py:927} WARNING - No viable dags retrieved from /opt/airflow/dags/env/Scripts/daff.py
[2025-03-29T17:38:55.039+0000] {processor.py:208} INFO - Processing /opt/airflow/dags/env/Scripts/daff.py took 0.083 seconds
[2025-03-29T17:43:22.668+0000] {processor.py:186} INFO - Started process (PID=623) to work on /opt/airflow/dags/env/Scripts/daff.py
[2025-03-29T17:43:22.670+0000] {processor.py:914} INFO - Processing file /opt/airflow/dags/env/Scripts/daff.py for tasks to queue
[2025-03-29T17:43:22.673+0000] {logging_mixin.py:190} INFO - [2025-03-29T17:43:22.673+0000] {dagbag.py:588} INFO - Filling up the DagBag from /opt/airflow/dags/env/Scripts/daff.py
[2025-03-29T17:43:22.723+0000] {processor.py:927} WARNING - No viable dags retrieved from /opt/airflow/dags/env/Scripts/daff.py
[2025-03-29T17:43:22.748+0000] {processor.py:208} INFO - Processing /opt/airflow/dags/env/Scripts/daff.py took 0.087 seconds
[2025-03-29T17:43:55.252+0000] {processor.py:186} INFO - Started process (PID=647) to work on /opt/airflow/dags/env/Scripts/daff.py
[2025-03-29T17:43:55.253+0000] {processor.py:914} INFO - Processing file /opt/airflow/dags/env/Scripts/daff.py for tasks to queue
[2025-03-29T17:43:55.256+0000] {logging_mixin.py:190} INFO - [2025-03-29T17:43:55.256+0000] {dagbag.py:588} INFO - Filling up the DagBag from /opt/airflow/dags/env/Scripts/daff.py
[2025-03-29T17:43:55.313+0000] {processor.py:927} WARNING - No viable dags retrieved from /opt/airflow/dags/env/Scripts/daff.py
[2025-03-29T17:43:55.343+0000] {processor.py:208} INFO - Processing /opt/airflow/dags/env/Scripts/daff.py took 0.098 seconds
[2025-03-29T17:48:25.964+0000] {processor.py:186} INFO - Started process (PID=678) to work on /opt/airflow/dags/env/Scripts/daff.py
[2025-03-29T17:48:25.965+0000] {processor.py:914} INFO - Processing file /opt/airflow/dags/env/Scripts/daff.py for tasks to queue
[2025-03-29T17:48:25.969+0000] {logging_mixin.py:190} INFO - [2025-03-29T17:48:25.968+0000] {dagbag.py:588} INFO - Filling up the DagBag from /opt/airflow/dags/env/Scripts/daff.py
[2025-03-29T17:48:26.026+0000] {processor.py:927} WARNING - No viable dags retrieved from /opt/airflow/dags/env/Scripts/daff.py
[2025-03-29T17:48:26.052+0000] {processor.py:208} INFO - Processing /opt/airflow/dags/env/Scripts/daff.py took 0.096 seconds
[2025-03-29T17:48:58.554+0000] {processor.py:186} INFO - Started process (PID=702) to work on /opt/airflow/dags/env/Scripts/daff.py
[2025-03-29T17:48:58.556+0000] {processor.py:914} INFO - Processing file /opt/airflow/dags/env/Scripts/daff.py for tasks to queue
[2025-03-29T17:48:58.559+0000] {logging_mixin.py:190} INFO - [2025-03-29T17:48:58.559+0000] {dagbag.py:588} INFO - Filling up the DagBag from /opt/airflow/dags/env/Scripts/daff.py
[2025-03-29T17:48:58.607+0000] {processor.py:927} WARNING - No viable dags retrieved from /opt/airflow/dags/env/Scripts/daff.py
[2025-03-29T17:48:58.634+0000] {processor.py:208} INFO - Processing /opt/airflow/dags/env/Scripts/daff.py took 0.086 seconds
[2025-03-29T17:53:27.763+0000] {processor.py:186} INFO - Started process (PID=731) to work on /opt/airflow/dags/env/Scripts/daff.py
[2025-03-29T17:53:27.765+0000] {processor.py:914} INFO - Processing file /opt/airflow/dags/env/Scripts/daff.py for tasks to queue
[2025-03-29T17:53:27.768+0000] {logging_mixin.py:190} INFO - [2025-03-29T17:53:27.767+0000] {dagbag.py:588} INFO - Filling up the DagBag from /opt/airflow/dags/env/Scripts/daff.py
[2025-03-29T17:53:27.816+0000] {processor.py:927} WARNING - No viable dags retrieved from /opt/airflow/dags/env/Scripts/daff.py
[2025-03-29T17:53:27.846+0000] {processor.py:208} INFO - Processing /opt/airflow/dags/env/Scripts/daff.py took 0.089 seconds
[2025-03-29T17:53:59.023+0000] {processor.py:186} INFO - Started process (PID=755) to work on /opt/airflow/dags/env/Scripts/daff.py
[2025-03-29T17:53:59.024+0000] {processor.py:914} INFO - Processing file /opt/airflow/dags/env/Scripts/daff.py for tasks to queue
[2025-03-29T17:53:59.028+0000] {logging_mixin.py:190} INFO - [2025-03-29T17:53:59.027+0000] {dagbag.py:588} INFO - Filling up the DagBag from /opt/airflow/dags/env/Scripts/daff.py
[2025-03-29T17:53:59.106+0000] {processor.py:927} WARNING - No viable dags retrieved from /opt/airflow/dags/env/Scripts/daff.py
[2025-03-29T17:53:59.146+0000] {processor.py:208} INFO - Processing /opt/airflow/dags/env/Scripts/daff.py took 0.132 seconds
[2025-03-29T17:58:29.143+0000] {processor.py:186} INFO - Started process (PID=783) to work on /opt/airflow/dags/env/Scripts/daff.py
[2025-03-29T17:58:29.144+0000] {processor.py:914} INFO - Processing file /opt/airflow/dags/env/Scripts/daff.py for tasks to queue
[2025-03-29T17:58:29.149+0000] {logging_mixin.py:190} INFO - [2025-03-29T17:58:29.148+0000] {dagbag.py:588} INFO - Filling up the DagBag from /opt/airflow/dags/env/Scripts/daff.py
[2025-03-29T17:58:29.227+0000] {processor.py:927} WARNING - No viable dags retrieved from /opt/airflow/dags/env/Scripts/daff.py
[2025-03-29T17:58:29.260+0000] {processor.py:208} INFO - Processing /opt/airflow/dags/env/Scripts/daff.py took 0.126 seconds
[2025-03-29T17:59:00.709+0000] {processor.py:186} INFO - Started process (PID=807) to work on /opt/airflow/dags/env/Scripts/daff.py
[2025-03-29T17:59:00.710+0000] {processor.py:914} INFO - Processing file /opt/airflow/dags/env/Scripts/daff.py for tasks to queue
[2025-03-29T17:59:00.713+0000] {logging_mixin.py:190} INFO - [2025-03-29T17:59:00.713+0000] {dagbag.py:588} INFO - Filling up the DagBag from /opt/airflow/dags/env/Scripts/daff.py
[2025-03-29T17:59:00.759+0000] {processor.py:927} WARNING - No viable dags retrieved from /opt/airflow/dags/env/Scripts/daff.py
[2025-03-29T17:59:00.781+0000] {processor.py:208} INFO - Processing /opt/airflow/dags/env/Scripts/daff.py took 0.080 seconds
[2025-03-29T18:40:55.255+0000] {processor.py:186} INFO - Started process (PID=835) to work on /opt/airflow/dags/env/Scripts/daff.py
[2025-03-29T18:40:55.257+0000] {processor.py:914} INFO - Processing file /opt/airflow/dags/env/Scripts/daff.py for tasks to queue
[2025-03-29T18:40:55.260+0000] {logging_mixin.py:190} INFO - [2025-03-29T18:40:55.259+0000] {dagbag.py:588} INFO - Filling up the DagBag from /opt/airflow/dags/env/Scripts/daff.py
[2025-03-29T18:40:55.311+0000] {processor.py:927} WARNING - No viable dags retrieved from /opt/airflow/dags/env/Scripts/daff.py
[2025-03-29T18:40:55.341+0000] {processor.py:208} INFO - Processing /opt/airflow/dags/env/Scripts/daff.py took 0.093 seconds
[2025-03-29T21:05:37.876+0000] {processor.py:186} INFO - Started process (PID=871) to work on /opt/airflow/dags/env/Scripts/daff.py
[2025-03-29T21:05:37.877+0000] {processor.py:914} INFO - Processing file /opt/airflow/dags/env/Scripts/daff.py for tasks to queue
[2025-03-29T21:05:37.881+0000] {logging_mixin.py:190} INFO - [2025-03-29T21:05:37.880+0000] {dagbag.py:588} INFO - Filling up the DagBag from /opt/airflow/dags/env/Scripts/daff.py
[2025-03-29T21:05:37.923+0000] {processor.py:927} WARNING - No viable dags retrieved from /opt/airflow/dags/env/Scripts/daff.py
[2025-03-29T21:05:37.948+0000] {processor.py:208} INFO - Processing /opt/airflow/dags/env/Scripts/daff.py took 0.078 seconds
[2025-03-29T23:40:11.401+0000] {processor.py:186} INFO - Started process (PID=914) to work on /opt/airflow/dags/env/Scripts/daff.py
[2025-03-29T23:40:11.405+0000] {processor.py:914} INFO - Processing file /opt/airflow/dags/env/Scripts/daff.py for tasks to queue
[2025-03-29T23:40:11.422+0000] {logging_mixin.py:190} INFO - [2025-03-29T23:40:11.420+0000] {dagbag.py:588} INFO - Filling up the DagBag from /opt/airflow/dags/env/Scripts/daff.py
[2025-03-29T23:40:12.241+0000] {processor.py:927} WARNING - No viable dags retrieved from /opt/airflow/dags/env/Scripts/daff.py
[2025-03-29T23:40:12.288+0000] {processor.py:208} INFO - Processing /opt/airflow/dags/env/Scripts/daff.py took 0.923 seconds
