[2025-03-29T00:47:18.251+0000] {processor.py:186} INFO - Started process (PID=421) to work on /opt/airflow/dags/env/Scripts/dbt.exe
[2025-03-29T00:47:18.253+0000] {processor.py:914} INFO - Processing file /opt/airflow/dags/env/Scripts/dbt.exe for tasks to queue
[2025-03-29T00:47:18.256+0000] {logging_mixin.py:190} INFO - [2025-03-29T00:47:18.256+0000] {dagbag.py:588} INFO - Filling up the DagBag from /opt/airflow/dags/env/Scripts/dbt.exe
[2025-03-29T00:47:18.271+0000] {logging_mixin.py:190} INFO - [2025-03-29T00:47:18.271+0000] {dagbag.py:435} INFO - File /opt/airflow/dags/env/Scripts/dbt.exe:__main__.py assumed to contain no DAGs. Skipping.
[2025-03-29T00:47:18.272+0000] {processor.py:927} WARNING - No viable dags retrieved from /opt/airflow/dags/env/Scripts/dbt.exe
[2025-03-29T00:47:18.294+0000] {processor.py:208} INFO - Processing /opt/airflow/dags/env/Scripts/dbt.exe took 0.050 seconds
[2025-03-29T00:52:13.934+0000] {processor.py:186} INFO - Started process (PID=449) to work on /opt/airflow/dags/env/Scripts/dbt.exe
[2025-03-29T00:52:13.935+0000] {processor.py:914} INFO - Processing file /opt/airflow/dags/env/Scripts/dbt.exe for tasks to queue
[2025-03-29T00:52:13.939+0000] {logging_mixin.py:190} INFO - [2025-03-29T00:52:13.938+0000] {dagbag.py:588} INFO - Filling up the DagBag from /opt/airflow/dags/env/Scripts/dbt.exe
[2025-03-29T00:52:13.953+0000] {logging_mixin.py:190} INFO - [2025-03-29T00:52:13.953+0000] {dagbag.py:435} INFO - File /opt/airflow/dags/env/Scripts/dbt.exe:__main__.py assumed to contain no DAGs. Skipping.
[2025-03-29T00:52:13.955+0000] {processor.py:927} WARNING - No viable dags retrieved from /opt/airflow/dags/env/Scripts/dbt.exe
[2025-03-29T00:52:13.987+0000] {processor.py:208} INFO - Processing /opt/airflow/dags/env/Scripts/dbt.exe took 0.060 seconds
[2025-03-29T00:52:45.285+0000] {processor.py:186} INFO - Started process (PID=473) to work on /opt/airflow/dags/env/Scripts/dbt.exe
[2025-03-29T00:52:45.286+0000] {processor.py:914} INFO - Processing file /opt/airflow/dags/env/Scripts/dbt.exe for tasks to queue
[2025-03-29T00:52:45.290+0000] {logging_mixin.py:190} INFO - [2025-03-29T00:52:45.289+0000] {dagbag.py:588} INFO - Filling up the DagBag from /opt/airflow/dags/env/Scripts/dbt.exe
[2025-03-29T00:52:45.306+0000] {logging_mixin.py:190} INFO - [2025-03-29T00:52:45.305+0000] {dagbag.py:435} INFO - File /opt/airflow/dags/env/Scripts/dbt.exe:__main__.py assumed to contain no DAGs. Skipping.
[2025-03-29T00:52:45.307+0000] {processor.py:927} WARNING - No viable dags retrieved from /opt/airflow/dags/env/Scripts/dbt.exe
[2025-03-29T00:52:45.330+0000] {processor.py:208} INFO - Processing /opt/airflow/dags/env/Scripts/dbt.exe took 0.054 seconds
[2025-03-29T00:57:17.977+0000] {processor.py:186} INFO - Started process (PID=479) to work on /opt/airflow/dags/env/Scripts/dbt.exe
[2025-03-29T00:57:17.978+0000] {processor.py:914} INFO - Processing file /opt/airflow/dags/env/Scripts/dbt.exe for tasks to queue
[2025-03-29T00:57:17.982+0000] {logging_mixin.py:190} INFO - [2025-03-29T00:57:17.981+0000] {dagbag.py:588} INFO - Filling up the DagBag from /opt/airflow/dags/env/Scripts/dbt.exe
[2025-03-29T00:57:18.003+0000] {logging_mixin.py:190} INFO - [2025-03-29T00:57:18.002+0000] {dagbag.py:435} INFO - File /opt/airflow/dags/env/Scripts/dbt.exe:__main__.py assumed to contain no DAGs. Skipping.
[2025-03-29T00:57:18.004+0000] {processor.py:927} WARNING - No viable dags retrieved from /opt/airflow/dags/env/Scripts/dbt.exe
[2025-03-29T00:57:18.029+0000] {processor.py:208} INFO - Processing /opt/airflow/dags/env/Scripts/dbt.exe took 0.061 seconds
[2025-03-29T00:57:48.593+0000] {processor.py:186} INFO - Started process (PID=503) to work on /opt/airflow/dags/env/Scripts/dbt.exe
[2025-03-29T00:57:48.594+0000] {processor.py:914} INFO - Processing file /opt/airflow/dags/env/Scripts/dbt.exe for tasks to queue
[2025-03-29T00:57:48.597+0000] {logging_mixin.py:190} INFO - [2025-03-29T00:57:48.596+0000] {dagbag.py:588} INFO - Filling up the DagBag from /opt/airflow/dags/env/Scripts/dbt.exe
[2025-03-29T00:57:48.610+0000] {logging_mixin.py:190} INFO - [2025-03-29T00:57:48.610+0000] {dagbag.py:435} INFO - File /opt/airflow/dags/env/Scripts/dbt.exe:__main__.py assumed to contain no DAGs. Skipping.
[2025-03-29T00:57:48.611+0000] {processor.py:927} WARNING - No viable dags retrieved from /opt/airflow/dags/env/Scripts/dbt.exe
[2025-03-29T00:57:48.633+0000] {processor.py:208} INFO - Processing /opt/airflow/dags/env/Scripts/dbt.exe took 0.047 seconds
[2025-03-29T01:02:11.095+0000] {processor.py:186} INFO - Started process (PID=505) to work on /opt/airflow/dags/env/Scripts/dbt.exe
[2025-03-29T01:02:11.097+0000] {processor.py:914} INFO - Processing file /opt/airflow/dags/env/Scripts/dbt.exe for tasks to queue
[2025-03-29T01:02:11.100+0000] {logging_mixin.py:190} INFO - [2025-03-29T01:02:11.099+0000] {dagbag.py:588} INFO - Filling up the DagBag from /opt/airflow/dags/env/Scripts/dbt.exe
[2025-03-29T01:02:11.115+0000] {logging_mixin.py:190} INFO - [2025-03-29T01:02:11.114+0000] {dagbag.py:435} INFO - File /opt/airflow/dags/env/Scripts/dbt.exe:__main__.py assumed to contain no DAGs. Skipping.
[2025-03-29T01:02:11.116+0000] {processor.py:927} WARNING - No viable dags retrieved from /opt/airflow/dags/env/Scripts/dbt.exe
[2025-03-29T01:02:11.139+0000] {processor.py:208} INFO - Processing /opt/airflow/dags/env/Scripts/dbt.exe took 0.051 seconds
[2025-03-29T01:02:42.471+0000] {processor.py:186} INFO - Started process (PID=529) to work on /opt/airflow/dags/env/Scripts/dbt.exe
[2025-03-29T01:02:42.473+0000] {processor.py:914} INFO - Processing file /opt/airflow/dags/env/Scripts/dbt.exe for tasks to queue
[2025-03-29T01:02:42.478+0000] {logging_mixin.py:190} INFO - [2025-03-29T01:02:42.477+0000] {dagbag.py:588} INFO - Filling up the DagBag from /opt/airflow/dags/env/Scripts/dbt.exe
[2025-03-29T01:02:42.497+0000] {logging_mixin.py:190} INFO - [2025-03-29T01:02:42.496+0000] {dagbag.py:435} INFO - File /opt/airflow/dags/env/Scripts/dbt.exe:__main__.py assumed to contain no DAGs. Skipping.
[2025-03-29T01:02:42.498+0000] {processor.py:927} WARNING - No viable dags retrieved from /opt/airflow/dags/env/Scripts/dbt.exe
[2025-03-29T01:02:42.524+0000] {processor.py:208} INFO - Processing /opt/airflow/dags/env/Scripts/dbt.exe took 0.065 seconds
[2025-03-29T01:07:19.958+0000] {processor.py:186} INFO - Started process (PID=536) to work on /opt/airflow/dags/env/Scripts/dbt.exe
[2025-03-29T01:07:19.960+0000] {processor.py:914} INFO - Processing file /opt/airflow/dags/env/Scripts/dbt.exe for tasks to queue
[2025-03-29T01:07:19.963+0000] {logging_mixin.py:190} INFO - [2025-03-29T01:07:19.962+0000] {dagbag.py:588} INFO - Filling up the DagBag from /opt/airflow/dags/env/Scripts/dbt.exe
[2025-03-29T01:07:19.978+0000] {logging_mixin.py:190} INFO - [2025-03-29T01:07:19.978+0000] {dagbag.py:435} INFO - File /opt/airflow/dags/env/Scripts/dbt.exe:__main__.py assumed to contain no DAGs. Skipping.
[2025-03-29T01:07:19.980+0000] {processor.py:927} WARNING - No viable dags retrieved from /opt/airflow/dags/env/Scripts/dbt.exe
[2025-03-29T01:07:20.006+0000] {processor.py:208} INFO - Processing /opt/airflow/dags/env/Scripts/dbt.exe took 0.055 seconds
[2025-03-29T01:12:23.224+0000] {processor.py:186} INFO - Started process (PID=561) to work on /opt/airflow/dags/env/Scripts/dbt.exe
[2025-03-29T01:12:23.225+0000] {processor.py:914} INFO - Processing file /opt/airflow/dags/env/Scripts/dbt.exe for tasks to queue
[2025-03-29T01:12:23.228+0000] {logging_mixin.py:190} INFO - [2025-03-29T01:12:23.228+0000] {dagbag.py:588} INFO - Filling up the DagBag from /opt/airflow/dags/env/Scripts/dbt.exe
[2025-03-29T01:12:23.245+0000] {logging_mixin.py:190} INFO - [2025-03-29T01:12:23.245+0000] {dagbag.py:435} INFO - File /opt/airflow/dags/env/Scripts/dbt.exe:__main__.py assumed to contain no DAGs. Skipping.
[2025-03-29T01:12:23.246+0000] {processor.py:927} WARNING - No viable dags retrieved from /opt/airflow/dags/env/Scripts/dbt.exe
[2025-03-29T01:12:23.269+0000] {processor.py:208} INFO - Processing /opt/airflow/dags/env/Scripts/dbt.exe took 0.053 seconds
[2025-03-29T01:17:16.219+0000] {processor.py:186} INFO - Started process (PID=585) to work on /opt/airflow/dags/env/Scripts/dbt.exe
[2025-03-29T01:17:16.220+0000] {processor.py:914} INFO - Processing file /opt/airflow/dags/env/Scripts/dbt.exe for tasks to queue
[2025-03-29T01:17:16.223+0000] {logging_mixin.py:190} INFO - [2025-03-29T01:17:16.223+0000] {dagbag.py:588} INFO - Filling up the DagBag from /opt/airflow/dags/env/Scripts/dbt.exe
[2025-03-29T01:17:16.236+0000] {logging_mixin.py:190} INFO - [2025-03-29T01:17:16.236+0000] {dagbag.py:435} INFO - File /opt/airflow/dags/env/Scripts/dbt.exe:__main__.py assumed to contain no DAGs. Skipping.
[2025-03-29T01:17:16.237+0000] {processor.py:927} WARNING - No viable dags retrieved from /opt/airflow/dags/env/Scripts/dbt.exe
[2025-03-29T01:17:16.259+0000] {processor.py:208} INFO - Processing /opt/airflow/dags/env/Scripts/dbt.exe took 0.047 seconds
[2025-03-29T01:17:47.290+0000] {processor.py:186} INFO - Started process (PID=609) to work on /opt/airflow/dags/env/Scripts/dbt.exe
[2025-03-29T01:17:47.292+0000] {processor.py:914} INFO - Processing file /opt/airflow/dags/env/Scripts/dbt.exe for tasks to queue
[2025-03-29T01:17:47.295+0000] {logging_mixin.py:190} INFO - [2025-03-29T01:17:47.295+0000] {dagbag.py:588} INFO - Filling up the DagBag from /opt/airflow/dags/env/Scripts/dbt.exe
[2025-03-29T01:17:47.317+0000] {logging_mixin.py:190} INFO - [2025-03-29T01:17:47.317+0000] {dagbag.py:435} INFO - File /opt/airflow/dags/env/Scripts/dbt.exe:__main__.py assumed to contain no DAGs. Skipping.
[2025-03-29T01:17:47.319+0000] {processor.py:927} WARNING - No viable dags retrieved from /opt/airflow/dags/env/Scripts/dbt.exe
[2025-03-29T01:17:47.343+0000] {processor.py:208} INFO - Processing /opt/airflow/dags/env/Scripts/dbt.exe took 0.061 seconds
[2025-03-29T01:22:22.625+0000] {processor.py:186} INFO - Started process (PID=613) to work on /opt/airflow/dags/env/Scripts/dbt.exe
[2025-03-29T01:22:22.627+0000] {processor.py:914} INFO - Processing file /opt/airflow/dags/env/Scripts/dbt.exe for tasks to queue
[2025-03-29T01:22:22.631+0000] {logging_mixin.py:190} INFO - [2025-03-29T01:22:22.630+0000] {dagbag.py:588} INFO - Filling up the DagBag from /opt/airflow/dags/env/Scripts/dbt.exe
[2025-03-29T01:22:22.649+0000] {logging_mixin.py:190} INFO - [2025-03-29T01:22:22.648+0000] {dagbag.py:435} INFO - File /opt/airflow/dags/env/Scripts/dbt.exe:__main__.py assumed to contain no DAGs. Skipping.
[2025-03-29T01:22:22.650+0000] {processor.py:927} WARNING - No viable dags retrieved from /opt/airflow/dags/env/Scripts/dbt.exe
[2025-03-29T01:22:22.675+0000] {processor.py:208} INFO - Processing /opt/airflow/dags/env/Scripts/dbt.exe took 0.058 seconds
[2025-03-29T01:39:57.651+0000] {processor.py:186} INFO - Started process (PID=637) to work on /opt/airflow/dags/env/Scripts/dbt.exe
[2025-03-29T01:39:57.653+0000] {processor.py:914} INFO - Processing file /opt/airflow/dags/env/Scripts/dbt.exe for tasks to queue
[2025-03-29T01:39:57.659+0000] {logging_mixin.py:190} INFO - [2025-03-29T01:39:57.658+0000] {dagbag.py:588} INFO - Filling up the DagBag from /opt/airflow/dags/env/Scripts/dbt.exe
[2025-03-29T01:39:57.688+0000] {logging_mixin.py:190} INFO - [2025-03-29T01:39:57.687+0000] {dagbag.py:435} INFO - File /opt/airflow/dags/env/Scripts/dbt.exe:__main__.py assumed to contain no DAGs. Skipping.
[2025-03-29T01:39:57.690+0000] {processor.py:927} WARNING - No viable dags retrieved from /opt/airflow/dags/env/Scripts/dbt.exe
[2025-03-29T01:39:57.732+0000] {processor.py:208} INFO - Processing /opt/airflow/dags/env/Scripts/dbt.exe took 0.095 seconds
[2025-03-29T16:48:29.918+0000] {processor.py:186} INFO - Started process (PID=51) to work on /opt/airflow/dags/env/Scripts/dbt.exe
[2025-03-29T16:48:29.920+0000] {processor.py:914} INFO - Processing file /opt/airflow/dags/env/Scripts/dbt.exe for tasks to queue
[2025-03-29T16:48:29.923+0000] {logging_mixin.py:190} INFO - [2025-03-29T16:48:29.923+0000] {dagbag.py:588} INFO - Filling up the DagBag from /opt/airflow/dags/env/Scripts/dbt.exe
[2025-03-29T16:48:29.935+0000] {logging_mixin.py:190} INFO - [2025-03-29T16:48:29.935+0000] {dagbag.py:435} INFO - File /opt/airflow/dags/env/Scripts/dbt.exe:__main__.py assumed to contain no DAGs. Skipping.
[2025-03-29T16:48:29.936+0000] {processor.py:927} WARNING - No viable dags retrieved from /opt/airflow/dags/env/Scripts/dbt.exe
[2025-03-29T16:48:29.960+0000] {processor.py:208} INFO - Processing /opt/airflow/dags/env/Scripts/dbt.exe took 0.048 seconds
[2025-03-29T16:53:13.244+0000] {processor.py:186} INFO - Started process (PID=75) to work on /opt/airflow/dags/env/Scripts/dbt.exe
[2025-03-29T16:53:13.245+0000] {processor.py:914} INFO - Processing file /opt/airflow/dags/env/Scripts/dbt.exe for tasks to queue
[2025-03-29T16:53:13.248+0000] {logging_mixin.py:190} INFO - [2025-03-29T16:53:13.248+0000] {dagbag.py:588} INFO - Filling up the DagBag from /opt/airflow/dags/env/Scripts/dbt.exe
[2025-03-29T16:53:13.261+0000] {logging_mixin.py:190} INFO - [2025-03-29T16:53:13.261+0000] {dagbag.py:435} INFO - File /opt/airflow/dags/env/Scripts/dbt.exe:__main__.py assumed to contain no DAGs. Skipping.
[2025-03-29T16:53:13.262+0000] {processor.py:927} WARNING - No viable dags retrieved from /opt/airflow/dags/env/Scripts/dbt.exe
[2025-03-29T16:53:13.286+0000] {processor.py:208} INFO - Processing /opt/airflow/dags/env/Scripts/dbt.exe took 0.050 seconds
[2025-03-29T16:53:44.436+0000] {processor.py:186} INFO - Started process (PID=99) to work on /opt/airflow/dags/env/Scripts/dbt.exe
[2025-03-29T16:53:44.437+0000] {processor.py:914} INFO - Processing file /opt/airflow/dags/env/Scripts/dbt.exe for tasks to queue
[2025-03-29T16:53:44.440+0000] {logging_mixin.py:190} INFO - [2025-03-29T16:53:44.439+0000] {dagbag.py:588} INFO - Filling up the DagBag from /opt/airflow/dags/env/Scripts/dbt.exe
[2025-03-29T16:53:44.451+0000] {logging_mixin.py:190} INFO - [2025-03-29T16:53:44.450+0000] {dagbag.py:435} INFO - File /opt/airflow/dags/env/Scripts/dbt.exe:__main__.py assumed to contain no DAGs. Skipping.
[2025-03-29T16:53:44.451+0000] {processor.py:927} WARNING - No viable dags retrieved from /opt/airflow/dags/env/Scripts/dbt.exe
[2025-03-29T16:53:44.475+0000] {processor.py:208} INFO - Processing /opt/airflow/dags/env/Scripts/dbt.exe took 0.046 seconds
[2025-03-29T16:58:01.858+0000] {processor.py:186} INFO - Started process (PID=121) to work on /opt/airflow/dags/env/Scripts/dbt.exe
[2025-03-29T16:58:01.859+0000] {processor.py:914} INFO - Processing file /opt/airflow/dags/env/Scripts/dbt.exe for tasks to queue
[2025-03-29T16:58:01.862+0000] {logging_mixin.py:190} INFO - [2025-03-29T16:58:01.861+0000] {dagbag.py:588} INFO - Filling up the DagBag from /opt/airflow/dags/env/Scripts/dbt.exe
[2025-03-29T16:58:01.873+0000] {logging_mixin.py:190} INFO - [2025-03-29T16:58:01.873+0000] {dagbag.py:435} INFO - File /opt/airflow/dags/env/Scripts/dbt.exe:__main__.py assumed to contain no DAGs. Skipping.
[2025-03-29T16:58:01.874+0000] {processor.py:927} WARNING - No viable dags retrieved from /opt/airflow/dags/env/Scripts/dbt.exe
[2025-03-29T16:58:01.899+0000] {processor.py:208} INFO - Processing /opt/airflow/dags/env/Scripts/dbt.exe took 0.048 seconds
[2025-03-29T16:58:32.821+0000] {processor.py:186} INFO - Started process (PID=145) to work on /opt/airflow/dags/env/Scripts/dbt.exe
[2025-03-29T16:58:32.822+0000] {processor.py:914} INFO - Processing file /opt/airflow/dags/env/Scripts/dbt.exe for tasks to queue
[2025-03-29T16:58:32.826+0000] {logging_mixin.py:190} INFO - [2025-03-29T16:58:32.826+0000] {dagbag.py:588} INFO - Filling up the DagBag from /opt/airflow/dags/env/Scripts/dbt.exe
[2025-03-29T16:58:32.841+0000] {logging_mixin.py:190} INFO - [2025-03-29T16:58:32.841+0000] {dagbag.py:435} INFO - File /opt/airflow/dags/env/Scripts/dbt.exe:__main__.py assumed to contain no DAGs. Skipping.
[2025-03-29T16:58:32.842+0000] {processor.py:927} WARNING - No viable dags retrieved from /opt/airflow/dags/env/Scripts/dbt.exe
[2025-03-29T16:58:32.869+0000] {processor.py:208} INFO - Processing /opt/airflow/dags/env/Scripts/dbt.exe took 0.056 seconds
[2025-03-29T16:59:03.199+0000] {processor.py:186} INFO - Started process (PID=169) to work on /opt/airflow/dags/env/Scripts/dbt.exe
[2025-03-29T16:59:03.200+0000] {processor.py:914} INFO - Processing file /opt/airflow/dags/env/Scripts/dbt.exe for tasks to queue
[2025-03-29T16:59:03.203+0000] {logging_mixin.py:190} INFO - [2025-03-29T16:59:03.202+0000] {dagbag.py:588} INFO - Filling up the DagBag from /opt/airflow/dags/env/Scripts/dbt.exe
[2025-03-29T16:59:03.214+0000] {logging_mixin.py:190} INFO - [2025-03-29T16:59:03.214+0000] {dagbag.py:435} INFO - File /opt/airflow/dags/env/Scripts/dbt.exe:__main__.py assumed to contain no DAGs. Skipping.
[2025-03-29T16:59:03.215+0000] {processor.py:927} WARNING - No viable dags retrieved from /opt/airflow/dags/env/Scripts/dbt.exe
[2025-03-29T16:59:03.238+0000] {processor.py:208} INFO - Processing /opt/airflow/dags/env/Scripts/dbt.exe took 0.047 seconds
[2025-03-29T17:03:01.700+0000] {processor.py:186} INFO - Started process (PID=174) to work on /opt/airflow/dags/env/Scripts/dbt.exe
[2025-03-29T17:03:01.702+0000] {processor.py:914} INFO - Processing file /opt/airflow/dags/env/Scripts/dbt.exe for tasks to queue
[2025-03-29T17:03:01.706+0000] {logging_mixin.py:190} INFO - [2025-03-29T17:03:01.705+0000] {dagbag.py:588} INFO - Filling up the DagBag from /opt/airflow/dags/env/Scripts/dbt.exe
[2025-03-29T17:03:01.723+0000] {logging_mixin.py:190} INFO - [2025-03-29T17:03:01.723+0000] {dagbag.py:435} INFO - File /opt/airflow/dags/env/Scripts/dbt.exe:__main__.py assumed to contain no DAGs. Skipping.
[2025-03-29T17:03:01.724+0000] {processor.py:927} WARNING - No viable dags retrieved from /opt/airflow/dags/env/Scripts/dbt.exe
[2025-03-29T17:03:01.756+0000] {processor.py:208} INFO - Processing /opt/airflow/dags/env/Scripts/dbt.exe took 0.061 seconds
[2025-03-29T17:03:32.180+0000] {processor.py:186} INFO - Started process (PID=198) to work on /opt/airflow/dags/env/Scripts/dbt.exe
[2025-03-29T17:03:32.181+0000] {processor.py:914} INFO - Processing file /opt/airflow/dags/env/Scripts/dbt.exe for tasks to queue
[2025-03-29T17:03:32.184+0000] {logging_mixin.py:190} INFO - [2025-03-29T17:03:32.184+0000] {dagbag.py:588} INFO - Filling up the DagBag from /opt/airflow/dags/env/Scripts/dbt.exe
[2025-03-29T17:03:32.196+0000] {logging_mixin.py:190} INFO - [2025-03-29T17:03:32.195+0000] {dagbag.py:435} INFO - File /opt/airflow/dags/env/Scripts/dbt.exe:__main__.py assumed to contain no DAGs. Skipping.
[2025-03-29T17:03:32.197+0000] {processor.py:927} WARNING - No viable dags retrieved from /opt/airflow/dags/env/Scripts/dbt.exe
[2025-03-29T17:03:32.220+0000] {processor.py:208} INFO - Processing /opt/airflow/dags/env/Scripts/dbt.exe took 0.047 seconds
[2025-03-29T17:04:02.815+0000] {processor.py:186} INFO - Started process (PID=222) to work on /opt/airflow/dags/env/Scripts/dbt.exe
[2025-03-29T17:04:02.816+0000] {processor.py:914} INFO - Processing file /opt/airflow/dags/env/Scripts/dbt.exe for tasks to queue
[2025-03-29T17:04:02.819+0000] {logging_mixin.py:190} INFO - [2025-03-29T17:04:02.819+0000] {dagbag.py:588} INFO - Filling up the DagBag from /opt/airflow/dags/env/Scripts/dbt.exe
[2025-03-29T17:04:02.831+0000] {logging_mixin.py:190} INFO - [2025-03-29T17:04:02.830+0000] {dagbag.py:435} INFO - File /opt/airflow/dags/env/Scripts/dbt.exe:__main__.py assumed to contain no DAGs. Skipping.
[2025-03-29T17:04:02.831+0000] {processor.py:927} WARNING - No viable dags retrieved from /opt/airflow/dags/env/Scripts/dbt.exe
[2025-03-29T17:04:02.855+0000] {processor.py:208} INFO - Processing /opt/airflow/dags/env/Scripts/dbt.exe took 0.047 seconds
[2025-03-29T17:08:00.869+0000] {processor.py:186} INFO - Started process (PID=228) to work on /opt/airflow/dags/env/Scripts/dbt.exe
[2025-03-29T17:08:00.870+0000] {processor.py:914} INFO - Processing file /opt/airflow/dags/env/Scripts/dbt.exe for tasks to queue
[2025-03-29T17:08:00.873+0000] {logging_mixin.py:190} INFO - [2025-03-29T17:08:00.873+0000] {dagbag.py:588} INFO - Filling up the DagBag from /opt/airflow/dags/env/Scripts/dbt.exe
[2025-03-29T17:08:00.887+0000] {logging_mixin.py:190} INFO - [2025-03-29T17:08:00.887+0000] {dagbag.py:435} INFO - File /opt/airflow/dags/env/Scripts/dbt.exe:__main__.py assumed to contain no DAGs. Skipping.
[2025-03-29T17:08:00.888+0000] {processor.py:927} WARNING - No viable dags retrieved from /opt/airflow/dags/env/Scripts/dbt.exe
[2025-03-29T17:08:00.913+0000] {processor.py:208} INFO - Processing /opt/airflow/dags/env/Scripts/dbt.exe took 0.050 seconds
[2025-03-29T17:08:32.074+0000] {processor.py:186} INFO - Started process (PID=252) to work on /opt/airflow/dags/env/Scripts/dbt.exe
[2025-03-29T17:08:32.076+0000] {processor.py:914} INFO - Processing file /opt/airflow/dags/env/Scripts/dbt.exe for tasks to queue
[2025-03-29T17:08:32.081+0000] {logging_mixin.py:190} INFO - [2025-03-29T17:08:32.080+0000] {dagbag.py:588} INFO - Filling up the DagBag from /opt/airflow/dags/env/Scripts/dbt.exe
[2025-03-29T17:08:32.103+0000] {logging_mixin.py:190} INFO - [2025-03-29T17:08:32.102+0000] {dagbag.py:435} INFO - File /opt/airflow/dags/env/Scripts/dbt.exe:__main__.py assumed to contain no DAGs. Skipping.
[2025-03-29T17:08:32.104+0000] {processor.py:927} WARNING - No viable dags retrieved from /opt/airflow/dags/env/Scripts/dbt.exe
[2025-03-29T17:08:32.166+0000] {processor.py:208} INFO - Processing /opt/airflow/dags/env/Scripts/dbt.exe took 0.111 seconds
[2025-03-29T17:09:02.345+0000] {processor.py:186} INFO - Started process (PID=276) to work on /opt/airflow/dags/env/Scripts/dbt.exe
[2025-03-29T17:09:02.346+0000] {processor.py:914} INFO - Processing file /opt/airflow/dags/env/Scripts/dbt.exe for tasks to queue
[2025-03-29T17:09:02.350+0000] {logging_mixin.py:190} INFO - [2025-03-29T17:09:02.349+0000] {dagbag.py:588} INFO - Filling up the DagBag from /opt/airflow/dags/env/Scripts/dbt.exe
[2025-03-29T17:09:02.365+0000] {logging_mixin.py:190} INFO - [2025-03-29T17:09:02.364+0000] {dagbag.py:435} INFO - File /opt/airflow/dags/env/Scripts/dbt.exe:__main__.py assumed to contain no DAGs. Skipping.
[2025-03-29T17:09:02.366+0000] {processor.py:927} WARNING - No viable dags retrieved from /opt/airflow/dags/env/Scripts/dbt.exe
[2025-03-29T17:09:02.394+0000] {processor.py:208} INFO - Processing /opt/airflow/dags/env/Scripts/dbt.exe took 0.060 seconds
[2025-03-29T17:13:04.730+0000] {processor.py:186} INFO - Started process (PID=282) to work on /opt/airflow/dags/env/Scripts/dbt.exe
[2025-03-29T17:13:04.732+0000] {processor.py:914} INFO - Processing file /opt/airflow/dags/env/Scripts/dbt.exe for tasks to queue
[2025-03-29T17:13:04.735+0000] {logging_mixin.py:190} INFO - [2025-03-29T17:13:04.734+0000] {dagbag.py:588} INFO - Filling up the DagBag from /opt/airflow/dags/env/Scripts/dbt.exe
[2025-03-29T17:13:04.750+0000] {logging_mixin.py:190} INFO - [2025-03-29T17:13:04.750+0000] {dagbag.py:435} INFO - File /opt/airflow/dags/env/Scripts/dbt.exe:__main__.py assumed to contain no DAGs. Skipping.
[2025-03-29T17:13:04.751+0000] {processor.py:927} WARNING - No viable dags retrieved from /opt/airflow/dags/env/Scripts/dbt.exe
[2025-03-29T17:13:04.774+0000] {processor.py:208} INFO - Processing /opt/airflow/dags/env/Scripts/dbt.exe took 0.050 seconds
[2025-03-29T17:13:35.234+0000] {processor.py:186} INFO - Started process (PID=306) to work on /opt/airflow/dags/env/Scripts/dbt.exe
[2025-03-29T17:13:35.236+0000] {processor.py:914} INFO - Processing file /opt/airflow/dags/env/Scripts/dbt.exe for tasks to queue
[2025-03-29T17:13:35.239+0000] {logging_mixin.py:190} INFO - [2025-03-29T17:13:35.239+0000] {dagbag.py:588} INFO - Filling up the DagBag from /opt/airflow/dags/env/Scripts/dbt.exe
[2025-03-29T17:13:35.253+0000] {logging_mixin.py:190} INFO - [2025-03-29T17:13:35.252+0000] {dagbag.py:435} INFO - File /opt/airflow/dags/env/Scripts/dbt.exe:__main__.py assumed to contain no DAGs. Skipping.
[2025-03-29T17:13:35.254+0000] {processor.py:927} WARNING - No viable dags retrieved from /opt/airflow/dags/env/Scripts/dbt.exe
[2025-03-29T17:13:35.280+0000] {processor.py:208} INFO - Processing /opt/airflow/dags/env/Scripts/dbt.exe took 0.052 seconds
[2025-03-29T17:14:05.935+0000] {processor.py:186} INFO - Started process (PID=330) to work on /opt/airflow/dags/env/Scripts/dbt.exe
[2025-03-29T17:14:05.936+0000] {processor.py:914} INFO - Processing file /opt/airflow/dags/env/Scripts/dbt.exe for tasks to queue
[2025-03-29T17:14:05.940+0000] {logging_mixin.py:190} INFO - [2025-03-29T17:14:05.940+0000] {dagbag.py:588} INFO - Filling up the DagBag from /opt/airflow/dags/env/Scripts/dbt.exe
[2025-03-29T17:14:05.952+0000] {logging_mixin.py:190} INFO - [2025-03-29T17:14:05.951+0000] {dagbag.py:435} INFO - File /opt/airflow/dags/env/Scripts/dbt.exe:__main__.py assumed to contain no DAGs. Skipping.
[2025-03-29T17:14:05.953+0000] {processor.py:927} WARNING - No viable dags retrieved from /opt/airflow/dags/env/Scripts/dbt.exe
[2025-03-29T17:14:05.977+0000] {processor.py:208} INFO - Processing /opt/airflow/dags/env/Scripts/dbt.exe took 0.050 seconds
[2025-03-29T17:18:07.053+0000] {processor.py:186} INFO - Started process (PID=334) to work on /opt/airflow/dags/env/Scripts/dbt.exe
[2025-03-29T17:18:07.055+0000] {processor.py:914} INFO - Processing file /opt/airflow/dags/env/Scripts/dbt.exe for tasks to queue
[2025-03-29T17:18:07.064+0000] {logging_mixin.py:190} INFO - [2025-03-29T17:18:07.064+0000] {dagbag.py:588} INFO - Filling up the DagBag from /opt/airflow/dags/env/Scripts/dbt.exe
[2025-03-29T17:18:07.126+0000] {logging_mixin.py:190} INFO - [2025-03-29T17:18:07.126+0000] {dagbag.py:435} INFO - File /opt/airflow/dags/env/Scripts/dbt.exe:__main__.py assumed to contain no DAGs. Skipping.
[2025-03-29T17:18:07.129+0000] {processor.py:927} WARNING - No viable dags retrieved from /opt/airflow/dags/env/Scripts/dbt.exe
[2025-03-29T17:18:07.179+0000] {processor.py:208} INFO - Processing /opt/airflow/dags/env/Scripts/dbt.exe took 0.145 seconds
[2025-03-29T17:18:38.416+0000] {processor.py:186} INFO - Started process (PID=358) to work on /opt/airflow/dags/env/Scripts/dbt.exe
[2025-03-29T17:18:38.417+0000] {processor.py:914} INFO - Processing file /opt/airflow/dags/env/Scripts/dbt.exe for tasks to queue
[2025-03-29T17:18:38.420+0000] {logging_mixin.py:190} INFO - [2025-03-29T17:18:38.419+0000] {dagbag.py:588} INFO - Filling up the DagBag from /opt/airflow/dags/env/Scripts/dbt.exe
[2025-03-29T17:18:38.431+0000] {logging_mixin.py:190} INFO - [2025-03-29T17:18:38.431+0000] {dagbag.py:435} INFO - File /opt/airflow/dags/env/Scripts/dbt.exe:__main__.py assumed to contain no DAGs. Skipping.
[2025-03-29T17:18:38.432+0000] {processor.py:927} WARNING - No viable dags retrieved from /opt/airflow/dags/env/Scripts/dbt.exe
[2025-03-29T17:18:38.455+0000] {processor.py:208} INFO - Processing /opt/airflow/dags/env/Scripts/dbt.exe took 0.046 seconds
[2025-03-29T17:19:09.654+0000] {processor.py:186} INFO - Started process (PID=382) to work on /opt/airflow/dags/env/Scripts/dbt.exe
[2025-03-29T17:19:09.656+0000] {processor.py:914} INFO - Processing file /opt/airflow/dags/env/Scripts/dbt.exe for tasks to queue
[2025-03-29T17:19:09.659+0000] {logging_mixin.py:190} INFO - [2025-03-29T17:19:09.658+0000] {dagbag.py:588} INFO - Filling up the DagBag from /opt/airflow/dags/env/Scripts/dbt.exe
[2025-03-29T17:19:09.671+0000] {logging_mixin.py:190} INFO - [2025-03-29T17:19:09.671+0000] {dagbag.py:435} INFO - File /opt/airflow/dags/env/Scripts/dbt.exe:__main__.py assumed to contain no DAGs. Skipping.
[2025-03-29T17:19:09.672+0000] {processor.py:927} WARNING - No viable dags retrieved from /opt/airflow/dags/env/Scripts/dbt.exe
[2025-03-29T17:19:09.698+0000] {processor.py:208} INFO - Processing /opt/airflow/dags/env/Scripts/dbt.exe took 0.051 seconds
[2025-03-29T17:23:01.147+0000] {processor.py:186} INFO - Started process (PID=384) to work on /opt/airflow/dags/env/Scripts/dbt.exe
[2025-03-29T17:23:01.148+0000] {processor.py:914} INFO - Processing file /opt/airflow/dags/env/Scripts/dbt.exe for tasks to queue
[2025-03-29T17:23:01.151+0000] {logging_mixin.py:190} INFO - [2025-03-29T17:23:01.150+0000] {dagbag.py:588} INFO - Filling up the DagBag from /opt/airflow/dags/env/Scripts/dbt.exe
[2025-03-29T17:23:01.162+0000] {logging_mixin.py:190} INFO - [2025-03-29T17:23:01.162+0000] {dagbag.py:435} INFO - File /opt/airflow/dags/env/Scripts/dbt.exe:__main__.py assumed to contain no DAGs. Skipping.
[2025-03-29T17:23:01.163+0000] {processor.py:927} WARNING - No viable dags retrieved from /opt/airflow/dags/env/Scripts/dbt.exe
[2025-03-29T17:23:01.187+0000] {processor.py:208} INFO - Processing /opt/airflow/dags/env/Scripts/dbt.exe took 0.048 seconds
[2025-03-29T17:23:31.551+0000] {processor.py:186} INFO - Started process (PID=408) to work on /opt/airflow/dags/env/Scripts/dbt.exe
[2025-03-29T17:23:31.552+0000] {processor.py:914} INFO - Processing file /opt/airflow/dags/env/Scripts/dbt.exe for tasks to queue
[2025-03-29T17:23:31.556+0000] {logging_mixin.py:190} INFO - [2025-03-29T17:23:31.555+0000] {dagbag.py:588} INFO - Filling up the DagBag from /opt/airflow/dags/env/Scripts/dbt.exe
[2025-03-29T17:23:31.567+0000] {logging_mixin.py:190} INFO - [2025-03-29T17:23:31.567+0000] {dagbag.py:435} INFO - File /opt/airflow/dags/env/Scripts/dbt.exe:__main__.py assumed to contain no DAGs. Skipping.
[2025-03-29T17:23:31.568+0000] {processor.py:927} WARNING - No viable dags retrieved from /opt/airflow/dags/env/Scripts/dbt.exe
[2025-03-29T17:23:31.592+0000] {processor.py:208} INFO - Processing /opt/airflow/dags/env/Scripts/dbt.exe took 0.048 seconds
[2025-03-29T17:24:02.155+0000] {processor.py:186} INFO - Started process (PID=432) to work on /opt/airflow/dags/env/Scripts/dbt.exe
[2025-03-29T17:24:02.156+0000] {processor.py:914} INFO - Processing file /opt/airflow/dags/env/Scripts/dbt.exe for tasks to queue
[2025-03-29T17:24:02.160+0000] {logging_mixin.py:190} INFO - [2025-03-29T17:24:02.159+0000] {dagbag.py:588} INFO - Filling up the DagBag from /opt/airflow/dags/env/Scripts/dbt.exe
[2025-03-29T17:24:02.170+0000] {logging_mixin.py:190} INFO - [2025-03-29T17:24:02.170+0000] {dagbag.py:435} INFO - File /opt/airflow/dags/env/Scripts/dbt.exe:__main__.py assumed to contain no DAGs. Skipping.
[2025-03-29T17:24:02.171+0000] {processor.py:927} WARNING - No viable dags retrieved from /opt/airflow/dags/env/Scripts/dbt.exe
[2025-03-29T17:24:02.194+0000] {processor.py:208} INFO - Processing /opt/airflow/dags/env/Scripts/dbt.exe took 0.046 seconds
[2025-03-29T17:28:05.412+0000] {processor.py:186} INFO - Started process (PID=442) to work on /opt/airflow/dags/env/Scripts/dbt.exe
[2025-03-29T17:28:05.413+0000] {processor.py:914} INFO - Processing file /opt/airflow/dags/env/Scripts/dbt.exe for tasks to queue
[2025-03-29T17:28:05.417+0000] {logging_mixin.py:190} INFO - [2025-03-29T17:28:05.416+0000] {dagbag.py:588} INFO - Filling up the DagBag from /opt/airflow/dags/env/Scripts/dbt.exe
[2025-03-29T17:28:05.429+0000] {logging_mixin.py:190} INFO - [2025-03-29T17:28:05.429+0000] {dagbag.py:435} INFO - File /opt/airflow/dags/env/Scripts/dbt.exe:__main__.py assumed to contain no DAGs. Skipping.
[2025-03-29T17:28:05.431+0000] {processor.py:927} WARNING - No viable dags retrieved from /opt/airflow/dags/env/Scripts/dbt.exe
[2025-03-29T17:28:05.452+0000] {processor.py:208} INFO - Processing /opt/airflow/dags/env/Scripts/dbt.exe took 0.049 seconds
[2025-03-29T17:28:36.152+0000] {processor.py:186} INFO - Started process (PID=466) to work on /opt/airflow/dags/env/Scripts/dbt.exe
[2025-03-29T17:28:36.153+0000] {processor.py:914} INFO - Processing file /opt/airflow/dags/env/Scripts/dbt.exe for tasks to queue
[2025-03-29T17:28:36.156+0000] {logging_mixin.py:190} INFO - [2025-03-29T17:28:36.156+0000] {dagbag.py:588} INFO - Filling up the DagBag from /opt/airflow/dags/env/Scripts/dbt.exe
[2025-03-29T17:28:36.166+0000] {logging_mixin.py:190} INFO - [2025-03-29T17:28:36.165+0000] {dagbag.py:435} INFO - File /opt/airflow/dags/env/Scripts/dbt.exe:__main__.py assumed to contain no DAGs. Skipping.
[2025-03-29T17:28:36.167+0000] {processor.py:927} WARNING - No viable dags retrieved from /opt/airflow/dags/env/Scripts/dbt.exe
[2025-03-29T17:28:36.188+0000] {processor.py:208} INFO - Processing /opt/airflow/dags/env/Scripts/dbt.exe took 0.042 seconds
[2025-03-29T17:29:07.225+0000] {processor.py:186} INFO - Started process (PID=490) to work on /opt/airflow/dags/env/Scripts/dbt.exe
[2025-03-29T17:29:07.226+0000] {processor.py:914} INFO - Processing file /opt/airflow/dags/env/Scripts/dbt.exe for tasks to queue
[2025-03-29T17:29:07.230+0000] {logging_mixin.py:190} INFO - [2025-03-29T17:29:07.229+0000] {dagbag.py:588} INFO - Filling up the DagBag from /opt/airflow/dags/env/Scripts/dbt.exe
[2025-03-29T17:29:07.242+0000] {logging_mixin.py:190} INFO - [2025-03-29T17:29:07.242+0000] {dagbag.py:435} INFO - File /opt/airflow/dags/env/Scripts/dbt.exe:__main__.py assumed to contain no DAGs. Skipping.
[2025-03-29T17:29:07.243+0000] {processor.py:927} WARNING - No viable dags retrieved from /opt/airflow/dags/env/Scripts/dbt.exe
[2025-03-29T17:29:07.268+0000] {processor.py:208} INFO - Processing /opt/airflow/dags/env/Scripts/dbt.exe took 0.050 seconds
[2025-03-29T17:33:04.440+0000] {processor.py:186} INFO - Started process (PID=494) to work on /opt/airflow/dags/env/Scripts/dbt.exe
[2025-03-29T17:33:04.442+0000] {processor.py:914} INFO - Processing file /opt/airflow/dags/env/Scripts/dbt.exe for tasks to queue
[2025-03-29T17:33:04.445+0000] {logging_mixin.py:190} INFO - [2025-03-29T17:33:04.444+0000] {dagbag.py:588} INFO - Filling up the DagBag from /opt/airflow/dags/env/Scripts/dbt.exe
[2025-03-29T17:33:04.456+0000] {logging_mixin.py:190} INFO - [2025-03-29T17:33:04.456+0000] {dagbag.py:435} INFO - File /opt/airflow/dags/env/Scripts/dbt.exe:__main__.py assumed to contain no DAGs. Skipping.
[2025-03-29T17:33:04.457+0000] {processor.py:927} WARNING - No viable dags retrieved from /opt/airflow/dags/env/Scripts/dbt.exe
[2025-03-29T17:33:04.482+0000] {processor.py:208} INFO - Processing /opt/airflow/dags/env/Scripts/dbt.exe took 0.049 seconds
[2025-03-29T17:33:34.873+0000] {processor.py:186} INFO - Started process (PID=518) to work on /opt/airflow/dags/env/Scripts/dbt.exe
[2025-03-29T17:33:34.874+0000] {processor.py:914} INFO - Processing file /opt/airflow/dags/env/Scripts/dbt.exe for tasks to queue
[2025-03-29T17:33:34.877+0000] {logging_mixin.py:190} INFO - [2025-03-29T17:33:34.877+0000] {dagbag.py:588} INFO - Filling up the DagBag from /opt/airflow/dags/env/Scripts/dbt.exe
[2025-03-29T17:33:34.890+0000] {logging_mixin.py:190} INFO - [2025-03-29T17:33:34.890+0000] {dagbag.py:435} INFO - File /opt/airflow/dags/env/Scripts/dbt.exe:__main__.py assumed to contain no DAGs. Skipping.
[2025-03-29T17:33:34.891+0000] {processor.py:927} WARNING - No viable dags retrieved from /opt/airflow/dags/env/Scripts/dbt.exe
[2025-03-29T17:33:34.917+0000] {processor.py:208} INFO - Processing /opt/airflow/dags/env/Scripts/dbt.exe took 0.051 seconds
[2025-03-29T17:34:05.546+0000] {processor.py:186} INFO - Started process (PID=542) to work on /opt/airflow/dags/env/Scripts/dbt.exe
[2025-03-29T17:34:05.547+0000] {processor.py:914} INFO - Processing file /opt/airflow/dags/env/Scripts/dbt.exe for tasks to queue
[2025-03-29T17:34:05.550+0000] {logging_mixin.py:190} INFO - [2025-03-29T17:34:05.550+0000] {dagbag.py:588} INFO - Filling up the DagBag from /opt/airflow/dags/env/Scripts/dbt.exe
[2025-03-29T17:34:05.563+0000] {logging_mixin.py:190} INFO - [2025-03-29T17:34:05.563+0000] {dagbag.py:435} INFO - File /opt/airflow/dags/env/Scripts/dbt.exe:__main__.py assumed to contain no DAGs. Skipping.
[2025-03-29T17:34:05.564+0000] {processor.py:927} WARNING - No viable dags retrieved from /opt/airflow/dags/env/Scripts/dbt.exe
[2025-03-29T17:34:05.589+0000] {processor.py:208} INFO - Processing /opt/airflow/dags/env/Scripts/dbt.exe took 0.050 seconds
[2025-03-29T17:38:02.393+0000] {processor.py:186} INFO - Started process (PID=548) to work on /opt/airflow/dags/env/Scripts/dbt.exe
[2025-03-29T17:38:02.394+0000] {processor.py:914} INFO - Processing file /opt/airflow/dags/env/Scripts/dbt.exe for tasks to queue
[2025-03-29T17:38:02.397+0000] {logging_mixin.py:190} INFO - [2025-03-29T17:38:02.397+0000] {dagbag.py:588} INFO - Filling up the DagBag from /opt/airflow/dags/env/Scripts/dbt.exe
[2025-03-29T17:38:02.410+0000] {logging_mixin.py:190} INFO - [2025-03-29T17:38:02.410+0000] {dagbag.py:435} INFO - File /opt/airflow/dags/env/Scripts/dbt.exe:__main__.py assumed to contain no DAGs. Skipping.
[2025-03-29T17:38:02.412+0000] {processor.py:927} WARNING - No viable dags retrieved from /opt/airflow/dags/env/Scripts/dbt.exe
[2025-03-29T17:38:02.438+0000] {processor.py:208} INFO - Processing /opt/airflow/dags/env/Scripts/dbt.exe took 0.053 seconds
[2025-03-29T17:38:32.818+0000] {processor.py:186} INFO - Started process (PID=572) to work on /opt/airflow/dags/env/Scripts/dbt.exe
[2025-03-29T17:38:32.820+0000] {processor.py:914} INFO - Processing file /opt/airflow/dags/env/Scripts/dbt.exe for tasks to queue
[2025-03-29T17:38:32.824+0000] {logging_mixin.py:190} INFO - [2025-03-29T17:38:32.823+0000] {dagbag.py:588} INFO - Filling up the DagBag from /opt/airflow/dags/env/Scripts/dbt.exe
[2025-03-29T17:38:32.837+0000] {logging_mixin.py:190} INFO - [2025-03-29T17:38:32.837+0000] {dagbag.py:435} INFO - File /opt/airflow/dags/env/Scripts/dbt.exe:__main__.py assumed to contain no DAGs. Skipping.
[2025-03-29T17:38:32.838+0000] {processor.py:927} WARNING - No viable dags retrieved from /opt/airflow/dags/env/Scripts/dbt.exe
[2025-03-29T17:38:32.861+0000] {processor.py:208} INFO - Processing /opt/airflow/dags/env/Scripts/dbt.exe took 0.054 seconds
[2025-03-29T17:39:03.573+0000] {processor.py:186} INFO - Started process (PID=596) to work on /opt/airflow/dags/env/Scripts/dbt.exe
[2025-03-29T17:39:03.574+0000] {processor.py:914} INFO - Processing file /opt/airflow/dags/env/Scripts/dbt.exe for tasks to queue
[2025-03-29T17:39:03.577+0000] {logging_mixin.py:190} INFO - [2025-03-29T17:39:03.577+0000] {dagbag.py:588} INFO - Filling up the DagBag from /opt/airflow/dags/env/Scripts/dbt.exe
[2025-03-29T17:39:03.588+0000] {logging_mixin.py:190} INFO - [2025-03-29T17:39:03.588+0000] {dagbag.py:435} INFO - File /opt/airflow/dags/env/Scripts/dbt.exe:__main__.py assumed to contain no DAGs. Skipping.
[2025-03-29T17:39:03.589+0000] {processor.py:927} WARNING - No viable dags retrieved from /opt/airflow/dags/env/Scripts/dbt.exe
[2025-03-29T17:39:03.612+0000] {processor.py:208} INFO - Processing /opt/airflow/dags/env/Scripts/dbt.exe took 0.047 seconds
[2025-03-29T17:43:02.788+0000] {processor.py:186} INFO - Started process (PID=604) to work on /opt/airflow/dags/env/Scripts/dbt.exe
[2025-03-29T17:43:02.790+0000] {processor.py:914} INFO - Processing file /opt/airflow/dags/env/Scripts/dbt.exe for tasks to queue
[2025-03-29T17:43:02.793+0000] {logging_mixin.py:190} INFO - [2025-03-29T17:43:02.792+0000] {dagbag.py:588} INFO - Filling up the DagBag from /opt/airflow/dags/env/Scripts/dbt.exe
[2025-03-29T17:43:02.806+0000] {logging_mixin.py:190} INFO - [2025-03-29T17:43:02.805+0000] {dagbag.py:435} INFO - File /opt/airflow/dags/env/Scripts/dbt.exe:__main__.py assumed to contain no DAGs. Skipping.
[2025-03-29T17:43:02.807+0000] {processor.py:927} WARNING - No viable dags retrieved from /opt/airflow/dags/env/Scripts/dbt.exe
[2025-03-29T17:43:02.833+0000] {processor.py:208} INFO - Processing /opt/airflow/dags/env/Scripts/dbt.exe took 0.052 seconds
[2025-03-29T17:43:33.174+0000] {processor.py:186} INFO - Started process (PID=628) to work on /opt/airflow/dags/env/Scripts/dbt.exe
[2025-03-29T17:43:33.175+0000] {processor.py:914} INFO - Processing file /opt/airflow/dags/env/Scripts/dbt.exe for tasks to queue
[2025-03-29T17:43:33.178+0000] {logging_mixin.py:190} INFO - [2025-03-29T17:43:33.178+0000] {dagbag.py:588} INFO - Filling up the DagBag from /opt/airflow/dags/env/Scripts/dbt.exe
[2025-03-29T17:43:33.189+0000] {logging_mixin.py:190} INFO - [2025-03-29T17:43:33.189+0000] {dagbag.py:435} INFO - File /opt/airflow/dags/env/Scripts/dbt.exe:__main__.py assumed to contain no DAGs. Skipping.
[2025-03-29T17:43:33.190+0000] {processor.py:927} WARNING - No viable dags retrieved from /opt/airflow/dags/env/Scripts/dbt.exe
[2025-03-29T17:43:33.213+0000] {processor.py:208} INFO - Processing /opt/airflow/dags/env/Scripts/dbt.exe took 0.048 seconds
[2025-03-29T17:44:03.804+0000] {processor.py:186} INFO - Started process (PID=652) to work on /opt/airflow/dags/env/Scripts/dbt.exe
[2025-03-29T17:44:03.805+0000] {processor.py:914} INFO - Processing file /opt/airflow/dags/env/Scripts/dbt.exe for tasks to queue
[2025-03-29T17:44:03.808+0000] {logging_mixin.py:190} INFO - [2025-03-29T17:44:03.808+0000] {dagbag.py:588} INFO - Filling up the DagBag from /opt/airflow/dags/env/Scripts/dbt.exe
[2025-03-29T17:44:03.820+0000] {logging_mixin.py:190} INFO - [2025-03-29T17:44:03.820+0000] {dagbag.py:435} INFO - File /opt/airflow/dags/env/Scripts/dbt.exe:__main__.py assumed to contain no DAGs. Skipping.
[2025-03-29T17:44:03.821+0000] {processor.py:927} WARNING - No viable dags retrieved from /opt/airflow/dags/env/Scripts/dbt.exe
[2025-03-29T17:44:03.844+0000] {processor.py:208} INFO - Processing /opt/airflow/dags/env/Scripts/dbt.exe took 0.047 seconds
[2025-03-29T17:48:06.034+0000] {processor.py:186} INFO - Started process (PID=659) to work on /opt/airflow/dags/env/Scripts/dbt.exe
[2025-03-29T17:48:06.035+0000] {processor.py:914} INFO - Processing file /opt/airflow/dags/env/Scripts/dbt.exe for tasks to queue
[2025-03-29T17:48:06.039+0000] {logging_mixin.py:190} INFO - [2025-03-29T17:48:06.038+0000] {dagbag.py:588} INFO - Filling up the DagBag from /opt/airflow/dags/env/Scripts/dbt.exe
[2025-03-29T17:48:06.055+0000] {logging_mixin.py:190} INFO - [2025-03-29T17:48:06.054+0000] {dagbag.py:435} INFO - File /opt/airflow/dags/env/Scripts/dbt.exe:__main__.py assumed to contain no DAGs. Skipping.
[2025-03-29T17:48:06.056+0000] {processor.py:927} WARNING - No viable dags retrieved from /opt/airflow/dags/env/Scripts/dbt.exe
[2025-03-29T17:48:06.086+0000] {processor.py:208} INFO - Processing /opt/airflow/dags/env/Scripts/dbt.exe took 0.060 seconds
[2025-03-29T17:48:36.354+0000] {processor.py:186} INFO - Started process (PID=683) to work on /opt/airflow/dags/env/Scripts/dbt.exe
[2025-03-29T17:48:36.355+0000] {processor.py:914} INFO - Processing file /opt/airflow/dags/env/Scripts/dbt.exe for tasks to queue
[2025-03-29T17:48:36.358+0000] {logging_mixin.py:190} INFO - [2025-03-29T17:48:36.357+0000] {dagbag.py:588} INFO - Filling up the DagBag from /opt/airflow/dags/env/Scripts/dbt.exe
[2025-03-29T17:48:36.369+0000] {logging_mixin.py:190} INFO - [2025-03-29T17:48:36.369+0000] {dagbag.py:435} INFO - File /opt/airflow/dags/env/Scripts/dbt.exe:__main__.py assumed to contain no DAGs. Skipping.
[2025-03-29T17:48:36.370+0000] {processor.py:927} WARNING - No viable dags retrieved from /opt/airflow/dags/env/Scripts/dbt.exe
[2025-03-29T17:48:36.398+0000] {processor.py:208} INFO - Processing /opt/airflow/dags/env/Scripts/dbt.exe took 0.051 seconds
[2025-03-29T17:49:07.233+0000] {processor.py:186} INFO - Started process (PID=707) to work on /opt/airflow/dags/env/Scripts/dbt.exe
[2025-03-29T17:49:07.234+0000] {processor.py:914} INFO - Processing file /opt/airflow/dags/env/Scripts/dbt.exe for tasks to queue
[2025-03-29T17:49:07.237+0000] {logging_mixin.py:190} INFO - [2025-03-29T17:49:07.237+0000] {dagbag.py:588} INFO - Filling up the DagBag from /opt/airflow/dags/env/Scripts/dbt.exe
[2025-03-29T17:49:07.248+0000] {logging_mixin.py:190} INFO - [2025-03-29T17:49:07.248+0000] {dagbag.py:435} INFO - File /opt/airflow/dags/env/Scripts/dbt.exe:__main__.py assumed to contain no DAGs. Skipping.
[2025-03-29T17:49:07.249+0000] {processor.py:927} WARNING - No viable dags retrieved from /opt/airflow/dags/env/Scripts/dbt.exe
[2025-03-29T17:49:07.273+0000] {processor.py:208} INFO - Processing /opt/airflow/dags/env/Scripts/dbt.exe took 0.047 seconds
[2025-03-29T17:53:06.813+0000] {processor.py:186} INFO - Started process (PID=712) to work on /opt/airflow/dags/env/Scripts/dbt.exe
[2025-03-29T17:53:06.814+0000] {processor.py:914} INFO - Processing file /opt/airflow/dags/env/Scripts/dbt.exe for tasks to queue
[2025-03-29T17:53:06.818+0000] {logging_mixin.py:190} INFO - [2025-03-29T17:53:06.817+0000] {dagbag.py:588} INFO - Filling up the DagBag from /opt/airflow/dags/env/Scripts/dbt.exe
[2025-03-29T17:53:06.832+0000] {logging_mixin.py:190} INFO - [2025-03-29T17:53:06.832+0000] {dagbag.py:435} INFO - File /opt/airflow/dags/env/Scripts/dbt.exe:__main__.py assumed to contain no DAGs. Skipping.
[2025-03-29T17:53:06.833+0000] {processor.py:927} WARNING - No viable dags retrieved from /opt/airflow/dags/env/Scripts/dbt.exe
[2025-03-29T17:53:06.859+0000] {processor.py:208} INFO - Processing /opt/airflow/dags/env/Scripts/dbt.exe took 0.056 seconds
[2025-03-29T17:53:37.948+0000] {processor.py:186} INFO - Started process (PID=736) to work on /opt/airflow/dags/env/Scripts/dbt.exe
[2025-03-29T17:53:37.949+0000] {processor.py:914} INFO - Processing file /opt/airflow/dags/env/Scripts/dbt.exe for tasks to queue
[2025-03-29T17:53:37.952+0000] {logging_mixin.py:190} INFO - [2025-03-29T17:53:37.952+0000] {dagbag.py:588} INFO - Filling up the DagBag from /opt/airflow/dags/env/Scripts/dbt.exe
[2025-03-29T17:53:37.965+0000] {logging_mixin.py:190} INFO - [2025-03-29T17:53:37.965+0000] {dagbag.py:435} INFO - File /opt/airflow/dags/env/Scripts/dbt.exe:__main__.py assumed to contain no DAGs. Skipping.
[2025-03-29T17:53:37.966+0000] {processor.py:927} WARNING - No viable dags retrieved from /opt/airflow/dags/env/Scripts/dbt.exe
[2025-03-29T17:53:37.994+0000] {processor.py:208} INFO - Processing /opt/airflow/dags/env/Scripts/dbt.exe took 0.053 seconds
[2025-03-29T17:54:09.194+0000] {processor.py:186} INFO - Started process (PID=760) to work on /opt/airflow/dags/env/Scripts/dbt.exe
[2025-03-29T17:54:09.195+0000] {processor.py:914} INFO - Processing file /opt/airflow/dags/env/Scripts/dbt.exe for tasks to queue
[2025-03-29T17:54:09.200+0000] {logging_mixin.py:190} INFO - [2025-03-29T17:54:09.199+0000] {dagbag.py:588} INFO - Filling up the DagBag from /opt/airflow/dags/env/Scripts/dbt.exe
[2025-03-29T17:54:09.219+0000] {logging_mixin.py:190} INFO - [2025-03-29T17:54:09.218+0000] {dagbag.py:435} INFO - File /opt/airflow/dags/env/Scripts/dbt.exe:__main__.py assumed to contain no DAGs. Skipping.
[2025-03-29T17:54:09.220+0000] {processor.py:927} WARNING - No viable dags retrieved from /opt/airflow/dags/env/Scripts/dbt.exe
[2025-03-29T17:54:09.249+0000] {processor.py:208} INFO - Processing /opt/airflow/dags/env/Scripts/dbt.exe took 0.066 seconds
[2025-03-29T17:58:08.195+0000] {processor.py:186} INFO - Started process (PID=764) to work on /opt/airflow/dags/env/Scripts/dbt.exe
[2025-03-29T17:58:08.196+0000] {processor.py:914} INFO - Processing file /opt/airflow/dags/env/Scripts/dbt.exe for tasks to queue
[2025-03-29T17:58:08.200+0000] {logging_mixin.py:190} INFO - [2025-03-29T17:58:08.199+0000] {dagbag.py:588} INFO - Filling up the DagBag from /opt/airflow/dags/env/Scripts/dbt.exe
[2025-03-29T17:58:08.212+0000] {logging_mixin.py:190} INFO - [2025-03-29T17:58:08.212+0000] {dagbag.py:435} INFO - File /opt/airflow/dags/env/Scripts/dbt.exe:__main__.py assumed to contain no DAGs. Skipping.
[2025-03-29T17:58:08.213+0000] {processor.py:927} WARNING - No viable dags retrieved from /opt/airflow/dags/env/Scripts/dbt.exe
[2025-03-29T17:58:08.238+0000] {processor.py:208} INFO - Processing /opt/airflow/dags/env/Scripts/dbt.exe took 0.050 seconds
[2025-03-29T17:58:39.445+0000] {processor.py:186} INFO - Started process (PID=788) to work on /opt/airflow/dags/env/Scripts/dbt.exe
[2025-03-29T17:58:39.446+0000] {processor.py:914} INFO - Processing file /opt/airflow/dags/env/Scripts/dbt.exe for tasks to queue
[2025-03-29T17:58:39.450+0000] {logging_mixin.py:190} INFO - [2025-03-29T17:58:39.450+0000] {dagbag.py:588} INFO - Filling up the DagBag from /opt/airflow/dags/env/Scripts/dbt.exe
[2025-03-29T17:58:39.466+0000] {logging_mixin.py:190} INFO - [2025-03-29T17:58:39.466+0000] {dagbag.py:435} INFO - File /opt/airflow/dags/env/Scripts/dbt.exe:__main__.py assumed to contain no DAGs. Skipping.
[2025-03-29T17:58:39.467+0000] {processor.py:927} WARNING - No viable dags retrieved from /opt/airflow/dags/env/Scripts/dbt.exe
[2025-03-29T17:58:39.489+0000] {processor.py:208} INFO - Processing /opt/airflow/dags/env/Scripts/dbt.exe took 0.054 seconds
[2025-03-29T17:59:09.819+0000] {processor.py:186} INFO - Started process (PID=812) to work on /opt/airflow/dags/env/Scripts/dbt.exe
[2025-03-29T17:59:09.821+0000] {processor.py:914} INFO - Processing file /opt/airflow/dags/env/Scripts/dbt.exe for tasks to queue
[2025-03-29T17:59:09.825+0000] {logging_mixin.py:190} INFO - [2025-03-29T17:59:09.824+0000] {dagbag.py:588} INFO - Filling up the DagBag from /opt/airflow/dags/env/Scripts/dbt.exe
[2025-03-29T17:59:09.842+0000] {logging_mixin.py:190} INFO - [2025-03-29T17:59:09.842+0000] {dagbag.py:435} INFO - File /opt/airflow/dags/env/Scripts/dbt.exe:__main__.py assumed to contain no DAGs. Skipping.
[2025-03-29T17:59:09.843+0000] {processor.py:927} WARNING - No viable dags retrieved from /opt/airflow/dags/env/Scripts/dbt.exe
[2025-03-29T17:59:09.875+0000] {processor.py:208} INFO - Processing /opt/airflow/dags/env/Scripts/dbt.exe took 0.069 seconds
[2025-03-29T18:13:11.412+0000] {processor.py:186} INFO - Started process (PID=816) to work on /opt/airflow/dags/env/Scripts/dbt.exe
[2025-03-29T18:13:11.415+0000] {processor.py:914} INFO - Processing file /opt/airflow/dags/env/Scripts/dbt.exe for tasks to queue
[2025-03-29T18:13:11.432+0000] {logging_mixin.py:190} INFO - [2025-03-29T18:13:11.431+0000] {dagbag.py:588} INFO - Filling up the DagBag from /opt/airflow/dags/env/Scripts/dbt.exe
[2025-03-29T18:13:11.458+0000] {logging_mixin.py:190} INFO - [2025-03-29T18:13:11.458+0000] {dagbag.py:435} INFO - File /opt/airflow/dags/env/Scripts/dbt.exe:__main__.py assumed to contain no DAGs. Skipping.
[2025-03-29T18:13:11.465+0000] {processor.py:927} WARNING - No viable dags retrieved from /opt/airflow/dags/env/Scripts/dbt.exe
[2025-03-29T18:13:11.547+0000] {processor.py:208} INFO - Processing /opt/airflow/dags/env/Scripts/dbt.exe took 0.175 seconds
[2025-03-29T18:41:00.379+0000] {processor.py:186} INFO - Started process (PID=840) to work on /opt/airflow/dags/env/Scripts/dbt.exe
[2025-03-29T18:41:00.381+0000] {processor.py:914} INFO - Processing file /opt/airflow/dags/env/Scripts/dbt.exe for tasks to queue
[2025-03-29T18:41:00.385+0000] {logging_mixin.py:190} INFO - [2025-03-29T18:41:00.384+0000] {dagbag.py:588} INFO - Filling up the DagBag from /opt/airflow/dags/env/Scripts/dbt.exe
[2025-03-29T18:41:00.402+0000] {logging_mixin.py:190} INFO - [2025-03-29T18:41:00.401+0000] {dagbag.py:435} INFO - File /opt/airflow/dags/env/Scripts/dbt.exe:__main__.py assumed to contain no DAGs. Skipping.
[2025-03-29T18:41:00.403+0000] {processor.py:927} WARNING - No viable dags retrieved from /opt/airflow/dags/env/Scripts/dbt.exe
[2025-03-29T18:41:00.444+0000] {processor.py:208} INFO - Processing /opt/airflow/dags/env/Scripts/dbt.exe took 0.076 seconds
[2025-03-29T18:56:09.504+0000] {processor.py:186} INFO - Started process (PID=852) to work on /opt/airflow/dags/env/Scripts/dbt.exe
[2025-03-29T18:56:09.506+0000] {processor.py:914} INFO - Processing file /opt/airflow/dags/env/Scripts/dbt.exe for tasks to queue
[2025-03-29T18:56:09.516+0000] {logging_mixin.py:190} INFO - [2025-03-29T18:56:09.515+0000] {dagbag.py:588} INFO - Filling up the DagBag from /opt/airflow/dags/env/Scripts/dbt.exe
[2025-03-29T18:56:09.544+0000] {logging_mixin.py:190} INFO - [2025-03-29T18:56:09.543+0000] {dagbag.py:435} INFO - File /opt/airflow/dags/env/Scripts/dbt.exe:__main__.py assumed to contain no DAGs. Skipping.
[2025-03-29T18:56:09.546+0000] {processor.py:927} WARNING - No viable dags retrieved from /opt/airflow/dags/env/Scripts/dbt.exe
[2025-03-29T18:56:09.596+0000] {processor.py:208} INFO - Processing /opt/airflow/dags/env/Scripts/dbt.exe took 0.111 seconds
[2025-03-29T21:05:44.260+0000] {processor.py:186} INFO - Started process (PID=876) to work on /opt/airflow/dags/env/Scripts/dbt.exe
[2025-03-29T21:05:44.262+0000] {processor.py:914} INFO - Processing file /opt/airflow/dags/env/Scripts/dbt.exe for tasks to queue
[2025-03-29T21:05:44.266+0000] {logging_mixin.py:190} INFO - [2025-03-29T21:05:44.265+0000] {dagbag.py:588} INFO - Filling up the DagBag from /opt/airflow/dags/env/Scripts/dbt.exe
[2025-03-29T21:05:44.285+0000] {logging_mixin.py:190} INFO - [2025-03-29T21:05:44.285+0000] {dagbag.py:435} INFO - File /opt/airflow/dags/env/Scripts/dbt.exe:__main__.py assumed to contain no DAGs. Skipping.
[2025-03-29T21:05:44.287+0000] {processor.py:927} WARNING - No viable dags retrieved from /opt/airflow/dags/env/Scripts/dbt.exe
[2025-03-29T21:05:44.318+0000] {processor.py:208} INFO - Processing /opt/airflow/dags/env/Scripts/dbt.exe took 0.068 seconds
[2025-03-29T21:20:18.266+0000] {processor.py:186} INFO - Started process (PID=895) to work on /opt/airflow/dags/env/Scripts/dbt.exe
[2025-03-29T21:20:18.277+0000] {processor.py:914} INFO - Processing file /opt/airflow/dags/env/Scripts/dbt.exe for tasks to queue
[2025-03-29T21:20:18.291+0000] {logging_mixin.py:190} INFO - [2025-03-29T21:20:18.290+0000] {dagbag.py:588} INFO - Filling up the DagBag from /opt/airflow/dags/env/Scripts/dbt.exe
[2025-03-29T21:20:18.321+0000] {logging_mixin.py:190} INFO - [2025-03-29T21:20:18.320+0000] {dagbag.py:435} INFO - File /opt/airflow/dags/env/Scripts/dbt.exe:__main__.py assumed to contain no DAGs. Skipping.
[2025-03-29T21:20:18.324+0000] {processor.py:927} WARNING - No viable dags retrieved from /opt/airflow/dags/env/Scripts/dbt.exe
[2025-03-29T21:20:18.426+0000] {processor.py:208} INFO - Processing /opt/airflow/dags/env/Scripts/dbt.exe took 0.191 seconds
