[2025-03-29T00:47:22.203+0000] {processor.py:186} INFO - Started process (PID=424) to work on /opt/airflow/dags/env/Scripts/deep.exe
[2025-03-29T00:47:22.205+0000] {processor.py:914} INFO - Processing file /opt/airflow/dags/env/Scripts/deep.exe for tasks to queue
[2025-03-29T00:47:22.208+0000] {logging_mixin.py:190} INFO - [2025-03-29T00:47:22.207+0000] {dagbag.py:588} INFO - Filling up the DagBag from /opt/airflow/dags/env/Scripts/deep.exe
[2025-03-29T00:47:22.224+0000] {logging_mixin.py:190} INFO - [2025-03-29T00:47:22.224+0000] {dagbag.py:435} INFO - File /opt/airflow/dags/env/Scripts/deep.exe:__main__.py assumed to contain no DAGs. Skipping.
[2025-03-29T00:47:22.225+0000] {processor.py:927} WARNING - No viable dags retrieved from /opt/airflow/dags/env/Scripts/deep.exe
[2025-03-29T00:47:22.249+0000] {processor.py:208} INFO - Processing /opt/airflow/dags/env/Scripts/deep.exe took 0.053 seconds
[2025-03-29T00:52:17.603+0000] {processor.py:186} INFO - Started process (PID=452) to work on /opt/airflow/dags/env/Scripts/deep.exe
[2025-03-29T00:52:17.604+0000] {processor.py:914} INFO - Processing file /opt/airflow/dags/env/Scripts/deep.exe for tasks to queue
[2025-03-29T00:52:17.607+0000] {logging_mixin.py:190} INFO - [2025-03-29T00:52:17.607+0000] {dagbag.py:588} INFO - Filling up the DagBag from /opt/airflow/dags/env/Scripts/deep.exe
[2025-03-29T00:52:17.623+0000] {logging_mixin.py:190} INFO - [2025-03-29T00:52:17.622+0000] {dagbag.py:435} INFO - File /opt/airflow/dags/env/Scripts/deep.exe:__main__.py assumed to contain no DAGs. Skipping.
[2025-03-29T00:52:17.624+0000] {processor.py:927} WARNING - No viable dags retrieved from /opt/airflow/dags/env/Scripts/deep.exe
[2025-03-29T00:52:17.649+0000] {processor.py:208} INFO - Processing /opt/airflow/dags/env/Scripts/deep.exe took 0.053 seconds
[2025-03-29T00:52:48.459+0000] {processor.py:186} INFO - Started process (PID=476) to work on /opt/airflow/dags/env/Scripts/deep.exe
[2025-03-29T00:52:48.461+0000] {processor.py:914} INFO - Processing file /opt/airflow/dags/env/Scripts/deep.exe for tasks to queue
[2025-03-29T00:52:48.465+0000] {logging_mixin.py:190} INFO - [2025-03-29T00:52:48.464+0000] {dagbag.py:588} INFO - Filling up the DagBag from /opt/airflow/dags/env/Scripts/deep.exe
[2025-03-29T00:52:48.489+0000] {logging_mixin.py:190} INFO - [2025-03-29T00:52:48.488+0000] {dagbag.py:435} INFO - File /opt/airflow/dags/env/Scripts/deep.exe:__main__.py assumed to contain no DAGs. Skipping.
[2025-03-29T00:52:48.490+0000] {processor.py:927} WARNING - No viable dags retrieved from /opt/airflow/dags/env/Scripts/deep.exe
[2025-03-29T00:52:48.522+0000] {processor.py:208} INFO - Processing /opt/airflow/dags/env/Scripts/deep.exe took 0.077 seconds
[2025-03-29T00:57:21.605+0000] {processor.py:186} INFO - Started process (PID=482) to work on /opt/airflow/dags/env/Scripts/deep.exe
[2025-03-29T00:57:21.606+0000] {processor.py:914} INFO - Processing file /opt/airflow/dags/env/Scripts/deep.exe for tasks to queue
[2025-03-29T00:57:21.609+0000] {logging_mixin.py:190} INFO - [2025-03-29T00:57:21.609+0000] {dagbag.py:588} INFO - Filling up the DagBag from /opt/airflow/dags/env/Scripts/deep.exe
[2025-03-29T00:57:21.622+0000] {logging_mixin.py:190} INFO - [2025-03-29T00:57:21.622+0000] {dagbag.py:435} INFO - File /opt/airflow/dags/env/Scripts/deep.exe:__main__.py assumed to contain no DAGs. Skipping.
[2025-03-29T00:57:21.623+0000] {processor.py:927} WARNING - No viable dags retrieved from /opt/airflow/dags/env/Scripts/deep.exe
[2025-03-29T00:57:21.645+0000] {processor.py:208} INFO - Processing /opt/airflow/dags/env/Scripts/deep.exe took 0.048 seconds
[2025-03-29T01:02:14.830+0000] {processor.py:186} INFO - Started process (PID=508) to work on /opt/airflow/dags/env/Scripts/deep.exe
[2025-03-29T01:02:14.831+0000] {processor.py:914} INFO - Processing file /opt/airflow/dags/env/Scripts/deep.exe for tasks to queue
[2025-03-29T01:02:14.835+0000] {logging_mixin.py:190} INFO - [2025-03-29T01:02:14.834+0000] {dagbag.py:588} INFO - Filling up the DagBag from /opt/airflow/dags/env/Scripts/deep.exe
[2025-03-29T01:02:14.847+0000] {logging_mixin.py:190} INFO - [2025-03-29T01:02:14.847+0000] {dagbag.py:435} INFO - File /opt/airflow/dags/env/Scripts/deep.exe:__main__.py assumed to contain no DAGs. Skipping.
[2025-03-29T01:02:14.848+0000] {processor.py:927} WARNING - No viable dags retrieved from /opt/airflow/dags/env/Scripts/deep.exe
[2025-03-29T01:02:14.871+0000] {processor.py:208} INFO - Processing /opt/airflow/dags/env/Scripts/deep.exe took 0.049 seconds
[2025-03-29T01:02:46.335+0000] {processor.py:186} INFO - Started process (PID=532) to work on /opt/airflow/dags/env/Scripts/deep.exe
[2025-03-29T01:02:46.337+0000] {processor.py:914} INFO - Processing file /opt/airflow/dags/env/Scripts/deep.exe for tasks to queue
[2025-03-29T01:02:46.340+0000] {logging_mixin.py:190} INFO - [2025-03-29T01:02:46.340+0000] {dagbag.py:588} INFO - Filling up the DagBag from /opt/airflow/dags/env/Scripts/deep.exe
[2025-03-29T01:02:46.357+0000] {logging_mixin.py:190} INFO - [2025-03-29T01:02:46.356+0000] {dagbag.py:435} INFO - File /opt/airflow/dags/env/Scripts/deep.exe:__main__.py assumed to contain no DAGs. Skipping.
[2025-03-29T01:02:46.358+0000] {processor.py:927} WARNING - No viable dags retrieved from /opt/airflow/dags/env/Scripts/deep.exe
[2025-03-29T01:02:46.385+0000] {processor.py:208} INFO - Processing /opt/airflow/dags/env/Scripts/deep.exe took 0.058 seconds
[2025-03-29T01:07:23.694+0000] {processor.py:186} INFO - Started process (PID=539) to work on /opt/airflow/dags/env/Scripts/deep.exe
[2025-03-29T01:07:23.695+0000] {processor.py:914} INFO - Processing file /opt/airflow/dags/env/Scripts/deep.exe for tasks to queue
[2025-03-29T01:07:23.699+0000] {logging_mixin.py:190} INFO - [2025-03-29T01:07:23.698+0000] {dagbag.py:588} INFO - Filling up the DagBag from /opt/airflow/dags/env/Scripts/deep.exe
[2025-03-29T01:07:23.714+0000] {logging_mixin.py:190} INFO - [2025-03-29T01:07:23.714+0000] {dagbag.py:435} INFO - File /opt/airflow/dags/env/Scripts/deep.exe:__main__.py assumed to contain no DAGs. Skipping.
[2025-03-29T01:07:23.716+0000] {processor.py:927} WARNING - No viable dags retrieved from /opt/airflow/dags/env/Scripts/deep.exe
[2025-03-29T01:07:23.737+0000] {processor.py:208} INFO - Processing /opt/airflow/dags/env/Scripts/deep.exe took 0.051 seconds
[2025-03-29T01:12:27.039+0000] {processor.py:186} INFO - Started process (PID=564) to work on /opt/airflow/dags/env/Scripts/deep.exe
[2025-03-29T01:12:27.040+0000] {processor.py:914} INFO - Processing file /opt/airflow/dags/env/Scripts/deep.exe for tasks to queue
[2025-03-29T01:12:27.043+0000] {logging_mixin.py:190} INFO - [2025-03-29T01:12:27.043+0000] {dagbag.py:588} INFO - Filling up the DagBag from /opt/airflow/dags/env/Scripts/deep.exe
[2025-03-29T01:12:27.057+0000] {logging_mixin.py:190} INFO - [2025-03-29T01:12:27.057+0000] {dagbag.py:435} INFO - File /opt/airflow/dags/env/Scripts/deep.exe:__main__.py assumed to contain no DAGs. Skipping.
[2025-03-29T01:12:27.059+0000] {processor.py:927} WARNING - No viable dags retrieved from /opt/airflow/dags/env/Scripts/deep.exe
[2025-03-29T01:12:27.080+0000] {processor.py:208} INFO - Processing /opt/airflow/dags/env/Scripts/deep.exe took 0.049 seconds
[2025-03-29T01:17:19.947+0000] {processor.py:186} INFO - Started process (PID=588) to work on /opt/airflow/dags/env/Scripts/deep.exe
[2025-03-29T01:17:19.949+0000] {processor.py:914} INFO - Processing file /opt/airflow/dags/env/Scripts/deep.exe for tasks to queue
[2025-03-29T01:17:19.952+0000] {logging_mixin.py:190} INFO - [2025-03-29T01:17:19.952+0000] {dagbag.py:588} INFO - Filling up the DagBag from /opt/airflow/dags/env/Scripts/deep.exe
[2025-03-29T01:17:19.973+0000] {logging_mixin.py:190} INFO - [2025-03-29T01:17:19.973+0000] {dagbag.py:435} INFO - File /opt/airflow/dags/env/Scripts/deep.exe:__main__.py assumed to contain no DAGs. Skipping.
[2025-03-29T01:17:19.975+0000] {processor.py:927} WARNING - No viable dags retrieved from /opt/airflow/dags/env/Scripts/deep.exe
[2025-03-29T01:17:20.005+0000] {processor.py:208} INFO - Processing /opt/airflow/dags/env/Scripts/deep.exe took 0.069 seconds
[2025-03-29T01:22:26.311+0000] {processor.py:186} INFO - Started process (PID=616) to work on /opt/airflow/dags/env/Scripts/deep.exe
[2025-03-29T01:22:26.312+0000] {processor.py:914} INFO - Processing file /opt/airflow/dags/env/Scripts/deep.exe for tasks to queue
[2025-03-29T01:22:26.315+0000] {logging_mixin.py:190} INFO - [2025-03-29T01:22:26.315+0000] {dagbag.py:588} INFO - Filling up the DagBag from /opt/airflow/dags/env/Scripts/deep.exe
[2025-03-29T01:22:26.331+0000] {logging_mixin.py:190} INFO - [2025-03-29T01:22:26.330+0000] {dagbag.py:435} INFO - File /opt/airflow/dags/env/Scripts/deep.exe:__main__.py assumed to contain no DAGs. Skipping.
[2025-03-29T01:22:26.332+0000] {processor.py:927} WARNING - No viable dags retrieved from /opt/airflow/dags/env/Scripts/deep.exe
[2025-03-29T01:22:26.355+0000] {processor.py:208} INFO - Processing /opt/airflow/dags/env/Scripts/deep.exe took 0.051 seconds
[2025-03-29T02:03:01.060+0000] {processor.py:186} INFO - Started process (PID=716) to work on /opt/airflow/dags/env/Scripts/deep.exe
[2025-03-29T02:03:01.061+0000] {processor.py:914} INFO - Processing file /opt/airflow/dags/env/Scripts/deep.exe for tasks to queue
[2025-03-29T02:03:01.066+0000] {logging_mixin.py:190} INFO - [2025-03-29T02:03:01.065+0000] {dagbag.py:588} INFO - Filling up the DagBag from /opt/airflow/dags/env/Scripts/deep.exe
[2025-03-29T02:03:01.084+0000] {logging_mixin.py:190} INFO - [2025-03-29T02:03:01.083+0000] {dagbag.py:435} INFO - File /opt/airflow/dags/env/Scripts/deep.exe:__main__.py assumed to contain no DAGs. Skipping.
[2025-03-29T02:03:01.085+0000] {processor.py:927} WARNING - No viable dags retrieved from /opt/airflow/dags/env/Scripts/deep.exe
[2025-03-29T02:03:01.113+0000] {processor.py:208} INFO - Processing /opt/airflow/dags/env/Scripts/deep.exe took 0.070 seconds
[2025-03-29T16:48:33.737+0000] {processor.py:186} INFO - Started process (PID=54) to work on /opt/airflow/dags/env/Scripts/deep.exe
[2025-03-29T16:48:33.740+0000] {processor.py:914} INFO - Processing file /opt/airflow/dags/env/Scripts/deep.exe for tasks to queue
[2025-03-29T16:48:33.753+0000] {logging_mixin.py:190} INFO - [2025-03-29T16:48:33.750+0000] {dagbag.py:588} INFO - Filling up the DagBag from /opt/airflow/dags/env/Scripts/deep.exe
[2025-03-29T16:48:33.777+0000] {logging_mixin.py:190} INFO - [2025-03-29T16:48:33.776+0000] {dagbag.py:435} INFO - File /opt/airflow/dags/env/Scripts/deep.exe:__main__.py assumed to contain no DAGs. Skipping.
[2025-03-29T16:48:33.779+0000] {processor.py:927} WARNING - No viable dags retrieved from /opt/airflow/dags/env/Scripts/deep.exe
[2025-03-29T16:48:33.848+0000] {processor.py:208} INFO - Processing /opt/airflow/dags/env/Scripts/deep.exe took 0.132 seconds
[2025-03-29T16:53:16.955+0000] {processor.py:186} INFO - Started process (PID=78) to work on /opt/airflow/dags/env/Scripts/deep.exe
[2025-03-29T16:53:16.956+0000] {processor.py:914} INFO - Processing file /opt/airflow/dags/env/Scripts/deep.exe for tasks to queue
[2025-03-29T16:53:16.959+0000] {logging_mixin.py:190} INFO - [2025-03-29T16:53:16.958+0000] {dagbag.py:588} INFO - Filling up the DagBag from /opt/airflow/dags/env/Scripts/deep.exe
[2025-03-29T16:53:16.970+0000] {logging_mixin.py:190} INFO - [2025-03-29T16:53:16.970+0000] {dagbag.py:435} INFO - File /opt/airflow/dags/env/Scripts/deep.exe:__main__.py assumed to contain no DAGs. Skipping.
[2025-03-29T16:53:16.971+0000] {processor.py:927} WARNING - No viable dags retrieved from /opt/airflow/dags/env/Scripts/deep.exe
[2025-03-29T16:53:16.995+0000] {processor.py:208} INFO - Processing /opt/airflow/dags/env/Scripts/deep.exe took 0.047 seconds
[2025-03-29T16:53:48.300+0000] {processor.py:186} INFO - Started process (PID=102) to work on /opt/airflow/dags/env/Scripts/deep.exe
[2025-03-29T16:53:48.301+0000] {processor.py:914} INFO - Processing file /opt/airflow/dags/env/Scripts/deep.exe for tasks to queue
[2025-03-29T16:53:48.304+0000] {logging_mixin.py:190} INFO - [2025-03-29T16:53:48.304+0000] {dagbag.py:588} INFO - Filling up the DagBag from /opt/airflow/dags/env/Scripts/deep.exe
[2025-03-29T16:53:48.318+0000] {logging_mixin.py:190} INFO - [2025-03-29T16:53:48.317+0000] {dagbag.py:435} INFO - File /opt/airflow/dags/env/Scripts/deep.exe:__main__.py assumed to contain no DAGs. Skipping.
[2025-03-29T16:53:48.319+0000] {processor.py:927} WARNING - No viable dags retrieved from /opt/airflow/dags/env/Scripts/deep.exe
[2025-03-29T16:53:48.346+0000] {processor.py:208} INFO - Processing /opt/airflow/dags/env/Scripts/deep.exe took 0.053 seconds
[2025-03-29T16:58:05.541+0000] {processor.py:186} INFO - Started process (PID=124) to work on /opt/airflow/dags/env/Scripts/deep.exe
[2025-03-29T16:58:05.542+0000] {processor.py:914} INFO - Processing file /opt/airflow/dags/env/Scripts/deep.exe for tasks to queue
[2025-03-29T16:58:05.545+0000] {logging_mixin.py:190} INFO - [2025-03-29T16:58:05.544+0000] {dagbag.py:588} INFO - Filling up the DagBag from /opt/airflow/dags/env/Scripts/deep.exe
[2025-03-29T16:58:05.557+0000] {logging_mixin.py:190} INFO - [2025-03-29T16:58:05.556+0000] {dagbag.py:435} INFO - File /opt/airflow/dags/env/Scripts/deep.exe:__main__.py assumed to contain no DAGs. Skipping.
[2025-03-29T16:58:05.557+0000] {processor.py:927} WARNING - No viable dags retrieved from /opt/airflow/dags/env/Scripts/deep.exe
[2025-03-29T16:58:05.581+0000] {processor.py:208} INFO - Processing /opt/airflow/dags/env/Scripts/deep.exe took 0.047 seconds
[2025-03-29T16:58:36.755+0000] {processor.py:186} INFO - Started process (PID=148) to work on /opt/airflow/dags/env/Scripts/deep.exe
[2025-03-29T16:58:36.757+0000] {processor.py:914} INFO - Processing file /opt/airflow/dags/env/Scripts/deep.exe for tasks to queue
[2025-03-29T16:58:36.760+0000] {logging_mixin.py:190} INFO - [2025-03-29T16:58:36.759+0000] {dagbag.py:588} INFO - Filling up the DagBag from /opt/airflow/dags/env/Scripts/deep.exe
[2025-03-29T16:58:36.773+0000] {logging_mixin.py:190} INFO - [2025-03-29T16:58:36.773+0000] {dagbag.py:435} INFO - File /opt/airflow/dags/env/Scripts/deep.exe:__main__.py assumed to contain no DAGs. Skipping.
[2025-03-29T16:58:36.774+0000] {processor.py:927} WARNING - No viable dags retrieved from /opt/airflow/dags/env/Scripts/deep.exe
[2025-03-29T16:58:36.797+0000] {processor.py:208} INFO - Processing /opt/airflow/dags/env/Scripts/deep.exe took 0.048 seconds
[2025-03-29T16:59:07.239+0000] {processor.py:186} INFO - Started process (PID=172) to work on /opt/airflow/dags/env/Scripts/deep.exe
[2025-03-29T16:59:07.241+0000] {processor.py:914} INFO - Processing file /opt/airflow/dags/env/Scripts/deep.exe for tasks to queue
[2025-03-29T16:59:07.244+0000] {logging_mixin.py:190} INFO - [2025-03-29T16:59:07.244+0000] {dagbag.py:588} INFO - Filling up the DagBag from /opt/airflow/dags/env/Scripts/deep.exe
[2025-03-29T16:59:07.263+0000] {logging_mixin.py:190} INFO - [2025-03-29T16:59:07.262+0000] {dagbag.py:435} INFO - File /opt/airflow/dags/env/Scripts/deep.exe:__main__.py assumed to contain no DAGs. Skipping.
[2025-03-29T16:59:07.264+0000] {processor.py:927} WARNING - No viable dags retrieved from /opt/airflow/dags/env/Scripts/deep.exe
[2025-03-29T16:59:07.295+0000] {processor.py:208} INFO - Processing /opt/airflow/dags/env/Scripts/deep.exe took 0.064 seconds
[2025-03-29T17:03:05.376+0000] {processor.py:186} INFO - Started process (PID=177) to work on /opt/airflow/dags/env/Scripts/deep.exe
[2025-03-29T17:03:05.377+0000] {processor.py:914} INFO - Processing file /opt/airflow/dags/env/Scripts/deep.exe for tasks to queue
[2025-03-29T17:03:05.380+0000] {logging_mixin.py:190} INFO - [2025-03-29T17:03:05.380+0000] {dagbag.py:588} INFO - Filling up the DagBag from /opt/airflow/dags/env/Scripts/deep.exe
[2025-03-29T17:03:05.391+0000] {logging_mixin.py:190} INFO - [2025-03-29T17:03:05.391+0000] {dagbag.py:435} INFO - File /opt/airflow/dags/env/Scripts/deep.exe:__main__.py assumed to contain no DAGs. Skipping.
[2025-03-29T17:03:05.392+0000] {processor.py:927} WARNING - No viable dags retrieved from /opt/airflow/dags/env/Scripts/deep.exe
[2025-03-29T17:03:05.429+0000] {processor.py:208} INFO - Processing /opt/airflow/dags/env/Scripts/deep.exe took 0.060 seconds
[2025-03-29T17:03:36.181+0000] {processor.py:186} INFO - Started process (PID=201) to work on /opt/airflow/dags/env/Scripts/deep.exe
[2025-03-29T17:03:36.182+0000] {processor.py:914} INFO - Processing file /opt/airflow/dags/env/Scripts/deep.exe for tasks to queue
[2025-03-29T17:03:36.185+0000] {logging_mixin.py:190} INFO - [2025-03-29T17:03:36.185+0000] {dagbag.py:588} INFO - Filling up the DagBag from /opt/airflow/dags/env/Scripts/deep.exe
[2025-03-29T17:03:36.196+0000] {logging_mixin.py:190} INFO - [2025-03-29T17:03:36.196+0000] {dagbag.py:435} INFO - File /opt/airflow/dags/env/Scripts/deep.exe:__main__.py assumed to contain no DAGs. Skipping.
[2025-03-29T17:03:36.197+0000] {processor.py:927} WARNING - No viable dags retrieved from /opt/airflow/dags/env/Scripts/deep.exe
[2025-03-29T17:03:36.221+0000] {processor.py:208} INFO - Processing /opt/airflow/dags/env/Scripts/deep.exe took 0.047 seconds
[2025-03-29T17:04:07.056+0000] {processor.py:186} INFO - Started process (PID=225) to work on /opt/airflow/dags/env/Scripts/deep.exe
[2025-03-29T17:04:07.058+0000] {processor.py:914} INFO - Processing file /opt/airflow/dags/env/Scripts/deep.exe for tasks to queue
[2025-03-29T17:04:07.061+0000] {logging_mixin.py:190} INFO - [2025-03-29T17:04:07.061+0000] {dagbag.py:588} INFO - Filling up the DagBag from /opt/airflow/dags/env/Scripts/deep.exe
[2025-03-29T17:04:07.074+0000] {logging_mixin.py:190} INFO - [2025-03-29T17:04:07.074+0000] {dagbag.py:435} INFO - File /opt/airflow/dags/env/Scripts/deep.exe:__main__.py assumed to contain no DAGs. Skipping.
[2025-03-29T17:04:07.075+0000] {processor.py:927} WARNING - No viable dags retrieved from /opt/airflow/dags/env/Scripts/deep.exe
[2025-03-29T17:04:07.104+0000] {processor.py:208} INFO - Processing /opt/airflow/dags/env/Scripts/deep.exe took 0.056 seconds
[2025-03-29T17:08:04.598+0000] {processor.py:186} INFO - Started process (PID=231) to work on /opt/airflow/dags/env/Scripts/deep.exe
[2025-03-29T17:08:04.599+0000] {processor.py:914} INFO - Processing file /opt/airflow/dags/env/Scripts/deep.exe for tasks to queue
[2025-03-29T17:08:04.602+0000] {logging_mixin.py:190} INFO - [2025-03-29T17:08:04.602+0000] {dagbag.py:588} INFO - Filling up the DagBag from /opt/airflow/dags/env/Scripts/deep.exe
[2025-03-29T17:08:04.613+0000] {logging_mixin.py:190} INFO - [2025-03-29T17:08:04.613+0000] {dagbag.py:435} INFO - File /opt/airflow/dags/env/Scripts/deep.exe:__main__.py assumed to contain no DAGs. Skipping.
[2025-03-29T17:08:04.614+0000] {processor.py:927} WARNING - No viable dags retrieved from /opt/airflow/dags/env/Scripts/deep.exe
[2025-03-29T17:08:04.637+0000] {processor.py:208} INFO - Processing /opt/airflow/dags/env/Scripts/deep.exe took 0.046 seconds
[2025-03-29T17:08:35.955+0000] {processor.py:186} INFO - Started process (PID=255) to work on /opt/airflow/dags/env/Scripts/deep.exe
[2025-03-29T17:08:35.957+0000] {processor.py:914} INFO - Processing file /opt/airflow/dags/env/Scripts/deep.exe for tasks to queue
[2025-03-29T17:08:35.961+0000] {logging_mixin.py:190} INFO - [2025-03-29T17:08:35.961+0000] {dagbag.py:588} INFO - Filling up the DagBag from /opt/airflow/dags/env/Scripts/deep.exe
[2025-03-29T17:08:35.974+0000] {logging_mixin.py:190} INFO - [2025-03-29T17:08:35.974+0000] {dagbag.py:435} INFO - File /opt/airflow/dags/env/Scripts/deep.exe:__main__.py assumed to contain no DAGs. Skipping.
[2025-03-29T17:08:35.975+0000] {processor.py:927} WARNING - No viable dags retrieved from /opt/airflow/dags/env/Scripts/deep.exe
[2025-03-29T17:08:36.001+0000] {processor.py:208} INFO - Processing /opt/airflow/dags/env/Scripts/deep.exe took 0.053 seconds
[2025-03-29T17:09:06.205+0000] {processor.py:186} INFO - Started process (PID=279) to work on /opt/airflow/dags/env/Scripts/deep.exe
[2025-03-29T17:09:06.206+0000] {processor.py:914} INFO - Processing file /opt/airflow/dags/env/Scripts/deep.exe for tasks to queue
[2025-03-29T17:09:06.210+0000] {logging_mixin.py:190} INFO - [2025-03-29T17:09:06.209+0000] {dagbag.py:588} INFO - Filling up the DagBag from /opt/airflow/dags/env/Scripts/deep.exe
[2025-03-29T17:09:06.225+0000] {logging_mixin.py:190} INFO - [2025-03-29T17:09:06.225+0000] {dagbag.py:435} INFO - File /opt/airflow/dags/env/Scripts/deep.exe:__main__.py assumed to contain no DAGs. Skipping.
[2025-03-29T17:09:06.226+0000] {processor.py:927} WARNING - No viable dags retrieved from /opt/airflow/dags/env/Scripts/deep.exe
[2025-03-29T17:09:06.253+0000] {processor.py:208} INFO - Processing /opt/airflow/dags/env/Scripts/deep.exe took 0.057 seconds
[2025-03-29T17:13:08.404+0000] {processor.py:186} INFO - Started process (PID=285) to work on /opt/airflow/dags/env/Scripts/deep.exe
[2025-03-29T17:13:08.405+0000] {processor.py:914} INFO - Processing file /opt/airflow/dags/env/Scripts/deep.exe for tasks to queue
[2025-03-29T17:13:08.409+0000] {logging_mixin.py:190} INFO - [2025-03-29T17:13:08.408+0000] {dagbag.py:588} INFO - Filling up the DagBag from /opt/airflow/dags/env/Scripts/deep.exe
[2025-03-29T17:13:08.424+0000] {logging_mixin.py:190} INFO - [2025-03-29T17:13:08.424+0000] {dagbag.py:435} INFO - File /opt/airflow/dags/env/Scripts/deep.exe:__main__.py assumed to contain no DAGs. Skipping.
[2025-03-29T17:13:08.426+0000] {processor.py:927} WARNING - No viable dags retrieved from /opt/airflow/dags/env/Scripts/deep.exe
[2025-03-29T17:13:08.460+0000] {processor.py:208} INFO - Processing /opt/airflow/dags/env/Scripts/deep.exe took 0.066 seconds
[2025-03-29T17:13:39.041+0000] {processor.py:186} INFO - Started process (PID=309) to work on /opt/airflow/dags/env/Scripts/deep.exe
[2025-03-29T17:13:39.043+0000] {processor.py:914} INFO - Processing file /opt/airflow/dags/env/Scripts/deep.exe for tasks to queue
[2025-03-29T17:13:39.047+0000] {logging_mixin.py:190} INFO - [2025-03-29T17:13:39.046+0000] {dagbag.py:588} INFO - Filling up the DagBag from /opt/airflow/dags/env/Scripts/deep.exe
[2025-03-29T17:13:39.060+0000] {logging_mixin.py:190} INFO - [2025-03-29T17:13:39.059+0000] {dagbag.py:435} INFO - File /opt/airflow/dags/env/Scripts/deep.exe:__main__.py assumed to contain no DAGs. Skipping.
[2025-03-29T17:13:39.061+0000] {processor.py:927} WARNING - No viable dags retrieved from /opt/airflow/dags/env/Scripts/deep.exe
[2025-03-29T17:13:39.084+0000] {processor.py:208} INFO - Processing /opt/airflow/dags/env/Scripts/deep.exe took 0.051 seconds
[2025-03-29T17:18:10.871+0000] {processor.py:186} INFO - Started process (PID=337) to work on /opt/airflow/dags/env/Scripts/deep.exe
[2025-03-29T17:18:10.873+0000] {processor.py:914} INFO - Processing file /opt/airflow/dags/env/Scripts/deep.exe for tasks to queue
[2025-03-29T17:18:10.876+0000] {logging_mixin.py:190} INFO - [2025-03-29T17:18:10.875+0000] {dagbag.py:588} INFO - Filling up the DagBag from /opt/airflow/dags/env/Scripts/deep.exe
[2025-03-29T17:18:10.888+0000] {logging_mixin.py:190} INFO - [2025-03-29T17:18:10.888+0000] {dagbag.py:435} INFO - File /opt/airflow/dags/env/Scripts/deep.exe:__main__.py assumed to contain no DAGs. Skipping.
[2025-03-29T17:18:10.890+0000] {processor.py:927} WARNING - No viable dags retrieved from /opt/airflow/dags/env/Scripts/deep.exe
[2025-03-29T17:18:10.913+0000] {processor.py:208} INFO - Processing /opt/airflow/dags/env/Scripts/deep.exe took 0.048 seconds
[2025-03-29T17:18:42.164+0000] {processor.py:186} INFO - Started process (PID=361) to work on /opt/airflow/dags/env/Scripts/deep.exe
[2025-03-29T17:18:42.166+0000] {processor.py:914} INFO - Processing file /opt/airflow/dags/env/Scripts/deep.exe for tasks to queue
[2025-03-29T17:18:42.170+0000] {logging_mixin.py:190} INFO - [2025-03-29T17:18:42.169+0000] {dagbag.py:588} INFO - Filling up the DagBag from /opt/airflow/dags/env/Scripts/deep.exe
[2025-03-29T17:18:42.187+0000] {logging_mixin.py:190} INFO - [2025-03-29T17:18:42.187+0000] {dagbag.py:435} INFO - File /opt/airflow/dags/env/Scripts/deep.exe:__main__.py assumed to contain no DAGs. Skipping.
[2025-03-29T17:18:42.189+0000] {processor.py:927} WARNING - No viable dags retrieved from /opt/airflow/dags/env/Scripts/deep.exe
[2025-03-29T17:18:42.216+0000] {processor.py:208} INFO - Processing /opt/airflow/dags/env/Scripts/deep.exe took 0.061 seconds
[2025-03-29T17:23:04.750+0000] {processor.py:186} INFO - Started process (PID=387) to work on /opt/airflow/dags/env/Scripts/deep.exe
[2025-03-29T17:23:04.751+0000] {processor.py:914} INFO - Processing file /opt/airflow/dags/env/Scripts/deep.exe for tasks to queue
[2025-03-29T17:23:04.754+0000] {logging_mixin.py:190} INFO - [2025-03-29T17:23:04.754+0000] {dagbag.py:588} INFO - Filling up the DagBag from /opt/airflow/dags/env/Scripts/deep.exe
[2025-03-29T17:23:04.767+0000] {logging_mixin.py:190} INFO - [2025-03-29T17:23:04.766+0000] {dagbag.py:435} INFO - File /opt/airflow/dags/env/Scripts/deep.exe:__main__.py assumed to contain no DAGs. Skipping.
[2025-03-29T17:23:04.768+0000] {processor.py:927} WARNING - No viable dags retrieved from /opt/airflow/dags/env/Scripts/deep.exe
[2025-03-29T17:23:04.793+0000] {processor.py:208} INFO - Processing /opt/airflow/dags/env/Scripts/deep.exe took 0.050 seconds
[2025-03-29T17:23:35.333+0000] {processor.py:186} INFO - Started process (PID=411) to work on /opt/airflow/dags/env/Scripts/deep.exe
[2025-03-29T17:23:35.334+0000] {processor.py:914} INFO - Processing file /opt/airflow/dags/env/Scripts/deep.exe for tasks to queue
[2025-03-29T17:23:35.338+0000] {logging_mixin.py:190} INFO - [2025-03-29T17:23:35.337+0000] {dagbag.py:588} INFO - Filling up the DagBag from /opt/airflow/dags/env/Scripts/deep.exe
[2025-03-29T17:23:35.353+0000] {logging_mixin.py:190} INFO - [2025-03-29T17:23:35.352+0000] {dagbag.py:435} INFO - File /opt/airflow/dags/env/Scripts/deep.exe:__main__.py assumed to contain no DAGs. Skipping.
[2025-03-29T17:23:35.354+0000] {processor.py:927} WARNING - No viable dags retrieved from /opt/airflow/dags/env/Scripts/deep.exe
[2025-03-29T17:23:35.377+0000] {processor.py:208} INFO - Processing /opt/airflow/dags/env/Scripts/deep.exe took 0.051 seconds
[2025-03-29T17:24:06.708+0000] {processor.py:186} INFO - Started process (PID=435) to work on /opt/airflow/dags/env/Scripts/deep.exe
[2025-03-29T17:24:06.709+0000] {processor.py:914} INFO - Processing file /opt/airflow/dags/env/Scripts/deep.exe for tasks to queue
[2025-03-29T17:24:06.712+0000] {logging_mixin.py:190} INFO - [2025-03-29T17:24:06.712+0000] {dagbag.py:588} INFO - Filling up the DagBag from /opt/airflow/dags/env/Scripts/deep.exe
[2025-03-29T17:24:06.723+0000] {logging_mixin.py:190} INFO - [2025-03-29T17:24:06.723+0000] {dagbag.py:435} INFO - File /opt/airflow/dags/env/Scripts/deep.exe:__main__.py assumed to contain no DAGs. Skipping.
[2025-03-29T17:24:06.724+0000] {processor.py:927} WARNING - No viable dags retrieved from /opt/airflow/dags/env/Scripts/deep.exe
[2025-03-29T17:24:06.747+0000] {processor.py:208} INFO - Processing /opt/airflow/dags/env/Scripts/deep.exe took 0.048 seconds
[2025-03-29T17:28:09.077+0000] {processor.py:186} INFO - Started process (PID=445) to work on /opt/airflow/dags/env/Scripts/deep.exe
[2025-03-29T17:28:09.078+0000] {processor.py:914} INFO - Processing file /opt/airflow/dags/env/Scripts/deep.exe for tasks to queue
[2025-03-29T17:28:09.083+0000] {logging_mixin.py:190} INFO - [2025-03-29T17:28:09.082+0000] {dagbag.py:588} INFO - Filling up the DagBag from /opt/airflow/dags/env/Scripts/deep.exe
[2025-03-29T17:28:09.101+0000] {logging_mixin.py:190} INFO - [2025-03-29T17:28:09.100+0000] {dagbag.py:435} INFO - File /opt/airflow/dags/env/Scripts/deep.exe:__main__.py assumed to contain no DAGs. Skipping.
[2025-03-29T17:28:09.102+0000] {processor.py:927} WARNING - No viable dags retrieved from /opt/airflow/dags/env/Scripts/deep.exe
[2025-03-29T17:28:09.136+0000] {processor.py:208} INFO - Processing /opt/airflow/dags/env/Scripts/deep.exe took 0.068 seconds
[2025-03-29T17:28:39.958+0000] {processor.py:186} INFO - Started process (PID=469) to work on /opt/airflow/dags/env/Scripts/deep.exe
[2025-03-29T17:28:39.960+0000] {processor.py:914} INFO - Processing file /opt/airflow/dags/env/Scripts/deep.exe for tasks to queue
[2025-03-29T17:28:39.963+0000] {logging_mixin.py:190} INFO - [2025-03-29T17:28:39.962+0000] {dagbag.py:588} INFO - Filling up the DagBag from /opt/airflow/dags/env/Scripts/deep.exe
[2025-03-29T17:28:39.976+0000] {logging_mixin.py:190} INFO - [2025-03-29T17:28:39.976+0000] {dagbag.py:435} INFO - File /opt/airflow/dags/env/Scripts/deep.exe:__main__.py assumed to contain no DAGs. Skipping.
[2025-03-29T17:28:39.977+0000] {processor.py:927} WARNING - No viable dags retrieved from /opt/airflow/dags/env/Scripts/deep.exe
[2025-03-29T17:28:40.001+0000] {processor.py:208} INFO - Processing /opt/airflow/dags/env/Scripts/deep.exe took 0.050 seconds
[2025-03-29T17:33:08.057+0000] {processor.py:186} INFO - Started process (PID=497) to work on /opt/airflow/dags/env/Scripts/deep.exe
[2025-03-29T17:33:08.058+0000] {processor.py:914} INFO - Processing file /opt/airflow/dags/env/Scripts/deep.exe for tasks to queue
[2025-03-29T17:33:08.061+0000] {logging_mixin.py:190} INFO - [2025-03-29T17:33:08.061+0000] {dagbag.py:588} INFO - Filling up the DagBag from /opt/airflow/dags/env/Scripts/deep.exe
[2025-03-29T17:33:08.074+0000] {logging_mixin.py:190} INFO - [2025-03-29T17:33:08.074+0000] {dagbag.py:435} INFO - File /opt/airflow/dags/env/Scripts/deep.exe:__main__.py assumed to contain no DAGs. Skipping.
[2025-03-29T17:33:08.075+0000] {processor.py:927} WARNING - No viable dags retrieved from /opt/airflow/dags/env/Scripts/deep.exe
[2025-03-29T17:33:08.100+0000] {processor.py:208} INFO - Processing /opt/airflow/dags/env/Scripts/deep.exe took 0.051 seconds
[2025-03-29T17:33:38.756+0000] {processor.py:186} INFO - Started process (PID=521) to work on /opt/airflow/dags/env/Scripts/deep.exe
[2025-03-29T17:33:38.758+0000] {processor.py:914} INFO - Processing file /opt/airflow/dags/env/Scripts/deep.exe for tasks to queue
[2025-03-29T17:33:38.761+0000] {logging_mixin.py:190} INFO - [2025-03-29T17:33:38.761+0000] {dagbag.py:588} INFO - Filling up the DagBag from /opt/airflow/dags/env/Scripts/deep.exe
[2025-03-29T17:33:38.776+0000] {logging_mixin.py:190} INFO - [2025-03-29T17:33:38.775+0000] {dagbag.py:435} INFO - File /opt/airflow/dags/env/Scripts/deep.exe:__main__.py assumed to contain no DAGs. Skipping.
[2025-03-29T17:33:38.777+0000] {processor.py:927} WARNING - No viable dags retrieved from /opt/airflow/dags/env/Scripts/deep.exe
[2025-03-29T17:33:38.804+0000] {processor.py:208} INFO - Processing /opt/airflow/dags/env/Scripts/deep.exe took 0.056 seconds
[2025-03-29T17:34:09.522+0000] {processor.py:186} INFO - Started process (PID=545) to work on /opt/airflow/dags/env/Scripts/deep.exe
[2025-03-29T17:34:09.524+0000] {processor.py:914} INFO - Processing file /opt/airflow/dags/env/Scripts/deep.exe for tasks to queue
[2025-03-29T17:34:09.528+0000] {logging_mixin.py:190} INFO - [2025-03-29T17:34:09.527+0000] {dagbag.py:588} INFO - Filling up the DagBag from /opt/airflow/dags/env/Scripts/deep.exe
[2025-03-29T17:34:09.543+0000] {logging_mixin.py:190} INFO - [2025-03-29T17:34:09.543+0000] {dagbag.py:435} INFO - File /opt/airflow/dags/env/Scripts/deep.exe:__main__.py assumed to contain no DAGs. Skipping.
[2025-03-29T17:34:09.545+0000] {processor.py:927} WARNING - No viable dags retrieved from /opt/airflow/dags/env/Scripts/deep.exe
[2025-03-29T17:34:09.572+0000] {processor.py:208} INFO - Processing /opt/airflow/dags/env/Scripts/deep.exe took 0.058 seconds
[2025-03-29T17:38:05.988+0000] {processor.py:186} INFO - Started process (PID=551) to work on /opt/airflow/dags/env/Scripts/deep.exe
[2025-03-29T17:38:05.990+0000] {processor.py:914} INFO - Processing file /opt/airflow/dags/env/Scripts/deep.exe for tasks to queue
[2025-03-29T17:38:05.993+0000] {logging_mixin.py:190} INFO - [2025-03-29T17:38:05.992+0000] {dagbag.py:588} INFO - Filling up the DagBag from /opt/airflow/dags/env/Scripts/deep.exe
[2025-03-29T17:38:06.007+0000] {logging_mixin.py:190} INFO - [2025-03-29T17:38:06.006+0000] {dagbag.py:435} INFO - File /opt/airflow/dags/env/Scripts/deep.exe:__main__.py assumed to contain no DAGs. Skipping.
[2025-03-29T17:38:06.007+0000] {processor.py:927} WARNING - No viable dags retrieved from /opt/airflow/dags/env/Scripts/deep.exe
[2025-03-29T17:38:06.032+0000] {processor.py:208} INFO - Processing /opt/airflow/dags/env/Scripts/deep.exe took 0.051 seconds
[2025-03-29T17:38:36.571+0000] {processor.py:186} INFO - Started process (PID=575) to work on /opt/airflow/dags/env/Scripts/deep.exe
[2025-03-29T17:38:36.573+0000] {processor.py:914} INFO - Processing file /opt/airflow/dags/env/Scripts/deep.exe for tasks to queue
[2025-03-29T17:38:36.576+0000] {logging_mixin.py:190} INFO - [2025-03-29T17:38:36.575+0000] {dagbag.py:588} INFO - Filling up the DagBag from /opt/airflow/dags/env/Scripts/deep.exe
[2025-03-29T17:38:36.587+0000] {logging_mixin.py:190} INFO - [2025-03-29T17:38:36.587+0000] {dagbag.py:435} INFO - File /opt/airflow/dags/env/Scripts/deep.exe:__main__.py assumed to contain no DAGs. Skipping.
[2025-03-29T17:38:36.588+0000] {processor.py:927} WARNING - No viable dags retrieved from /opt/airflow/dags/env/Scripts/deep.exe
[2025-03-29T17:38:36.614+0000] {processor.py:208} INFO - Processing /opt/airflow/dags/env/Scripts/deep.exe took 0.050 seconds
[2025-03-29T17:39:07.535+0000] {processor.py:186} INFO - Started process (PID=599) to work on /opt/airflow/dags/env/Scripts/deep.exe
[2025-03-29T17:39:07.536+0000] {processor.py:914} INFO - Processing file /opt/airflow/dags/env/Scripts/deep.exe for tasks to queue
[2025-03-29T17:39:07.540+0000] {logging_mixin.py:190} INFO - [2025-03-29T17:39:07.539+0000] {dagbag.py:588} INFO - Filling up the DagBag from /opt/airflow/dags/env/Scripts/deep.exe
[2025-03-29T17:39:07.552+0000] {logging_mixin.py:190} INFO - [2025-03-29T17:39:07.552+0000] {dagbag.py:435} INFO - File /opt/airflow/dags/env/Scripts/deep.exe:__main__.py assumed to contain no DAGs. Skipping.
[2025-03-29T17:39:07.553+0000] {processor.py:927} WARNING - No viable dags retrieved from /opt/airflow/dags/env/Scripts/deep.exe
[2025-03-29T17:39:07.578+0000] {processor.py:208} INFO - Processing /opt/airflow/dags/env/Scripts/deep.exe took 0.049 seconds
[2025-03-29T17:43:06.467+0000] {processor.py:186} INFO - Started process (PID=607) to work on /opt/airflow/dags/env/Scripts/deep.exe
[2025-03-29T17:43:06.468+0000] {processor.py:914} INFO - Processing file /opt/airflow/dags/env/Scripts/deep.exe for tasks to queue
[2025-03-29T17:43:06.473+0000] {logging_mixin.py:190} INFO - [2025-03-29T17:43:06.472+0000] {dagbag.py:588} INFO - Filling up the DagBag from /opt/airflow/dags/env/Scripts/deep.exe
[2025-03-29T17:43:06.489+0000] {logging_mixin.py:190} INFO - [2025-03-29T17:43:06.489+0000] {dagbag.py:435} INFO - File /opt/airflow/dags/env/Scripts/deep.exe:__main__.py assumed to contain no DAGs. Skipping.
[2025-03-29T17:43:06.491+0000] {processor.py:927} WARNING - No viable dags retrieved from /opt/airflow/dags/env/Scripts/deep.exe
[2025-03-29T17:43:06.534+0000] {processor.py:208} INFO - Processing /opt/airflow/dags/env/Scripts/deep.exe took 0.079 seconds
[2025-03-29T17:43:36.977+0000] {processor.py:186} INFO - Started process (PID=631) to work on /opt/airflow/dags/env/Scripts/deep.exe
[2025-03-29T17:43:36.978+0000] {processor.py:914} INFO - Processing file /opt/airflow/dags/env/Scripts/deep.exe for tasks to queue
[2025-03-29T17:43:36.981+0000] {logging_mixin.py:190} INFO - [2025-03-29T17:43:36.981+0000] {dagbag.py:588} INFO - Filling up the DagBag from /opt/airflow/dags/env/Scripts/deep.exe
[2025-03-29T17:43:37.000+0000] {logging_mixin.py:190} INFO - [2025-03-29T17:43:37.000+0000] {dagbag.py:435} INFO - File /opt/airflow/dags/env/Scripts/deep.exe:__main__.py assumed to contain no DAGs. Skipping.
[2025-03-29T17:43:37.001+0000] {processor.py:927} WARNING - No viable dags retrieved from /opt/airflow/dags/env/Scripts/deep.exe
[2025-03-29T17:43:37.043+0000] {processor.py:208} INFO - Processing /opt/airflow/dags/env/Scripts/deep.exe took 0.074 seconds
[2025-03-29T17:44:08.214+0000] {processor.py:186} INFO - Started process (PID=655) to work on /opt/airflow/dags/env/Scripts/deep.exe
[2025-03-29T17:44:08.215+0000] {processor.py:914} INFO - Processing file /opt/airflow/dags/env/Scripts/deep.exe for tasks to queue
[2025-03-29T17:44:08.219+0000] {logging_mixin.py:190} INFO - [2025-03-29T17:44:08.218+0000] {dagbag.py:588} INFO - Filling up the DagBag from /opt/airflow/dags/env/Scripts/deep.exe
[2025-03-29T17:44:08.232+0000] {logging_mixin.py:190} INFO - [2025-03-29T17:44:08.231+0000] {dagbag.py:435} INFO - File /opt/airflow/dags/env/Scripts/deep.exe:__main__.py assumed to contain no DAGs. Skipping.
[2025-03-29T17:44:08.233+0000] {processor.py:927} WARNING - No viable dags retrieved from /opt/airflow/dags/env/Scripts/deep.exe
[2025-03-29T17:44:08.261+0000] {processor.py:208} INFO - Processing /opt/airflow/dags/env/Scripts/deep.exe took 0.054 seconds
[2025-03-29T17:48:09.730+0000] {processor.py:186} INFO - Started process (PID=662) to work on /opt/airflow/dags/env/Scripts/deep.exe
[2025-03-29T17:48:09.732+0000] {processor.py:914} INFO - Processing file /opt/airflow/dags/env/Scripts/deep.exe for tasks to queue
[2025-03-29T17:48:09.735+0000] {logging_mixin.py:190} INFO - [2025-03-29T17:48:09.734+0000] {dagbag.py:588} INFO - Filling up the DagBag from /opt/airflow/dags/env/Scripts/deep.exe
[2025-03-29T17:48:09.748+0000] {logging_mixin.py:190} INFO - [2025-03-29T17:48:09.747+0000] {dagbag.py:435} INFO - File /opt/airflow/dags/env/Scripts/deep.exe:__main__.py assumed to contain no DAGs. Skipping.
[2025-03-29T17:48:09.749+0000] {processor.py:927} WARNING - No viable dags retrieved from /opt/airflow/dags/env/Scripts/deep.exe
[2025-03-29T17:48:09.782+0000] {processor.py:208} INFO - Processing /opt/airflow/dags/env/Scripts/deep.exe took 0.059 seconds
[2025-03-29T17:48:40.178+0000] {processor.py:186} INFO - Started process (PID=686) to work on /opt/airflow/dags/env/Scripts/deep.exe
[2025-03-29T17:48:40.179+0000] {processor.py:914} INFO - Processing file /opt/airflow/dags/env/Scripts/deep.exe for tasks to queue
[2025-03-29T17:48:40.185+0000] {logging_mixin.py:190} INFO - [2025-03-29T17:48:40.184+0000] {dagbag.py:588} INFO - Filling up the DagBag from /opt/airflow/dags/env/Scripts/deep.exe
[2025-03-29T17:48:40.201+0000] {logging_mixin.py:190} INFO - [2025-03-29T17:48:40.200+0000] {dagbag.py:435} INFO - File /opt/airflow/dags/env/Scripts/deep.exe:__main__.py assumed to contain no DAGs. Skipping.
[2025-03-29T17:48:40.203+0000] {processor.py:927} WARNING - No viable dags retrieved from /opt/airflow/dags/env/Scripts/deep.exe
[2025-03-29T17:48:40.235+0000] {processor.py:208} INFO - Processing /opt/airflow/dags/env/Scripts/deep.exe took 0.068 seconds
[2025-03-29T17:49:11.454+0000] {processor.py:186} INFO - Started process (PID=710) to work on /opt/airflow/dags/env/Scripts/deep.exe
[2025-03-29T17:49:11.455+0000] {processor.py:914} INFO - Processing file /opt/airflow/dags/env/Scripts/deep.exe for tasks to queue
[2025-03-29T17:49:11.458+0000] {logging_mixin.py:190} INFO - [2025-03-29T17:49:11.458+0000] {dagbag.py:588} INFO - Filling up the DagBag from /opt/airflow/dags/env/Scripts/deep.exe
[2025-03-29T17:49:11.469+0000] {logging_mixin.py:190} INFO - [2025-03-29T17:49:11.469+0000] {dagbag.py:435} INFO - File /opt/airflow/dags/env/Scripts/deep.exe:__main__.py assumed to contain no DAGs. Skipping.
[2025-03-29T17:49:11.470+0000] {processor.py:927} WARNING - No viable dags retrieved from /opt/airflow/dags/env/Scripts/deep.exe
[2025-03-29T17:49:11.493+0000] {processor.py:208} INFO - Processing /opt/airflow/dags/env/Scripts/deep.exe took 0.046 seconds
[2025-03-29T17:53:10.459+0000] {processor.py:186} INFO - Started process (PID=715) to work on /opt/airflow/dags/env/Scripts/deep.exe
[2025-03-29T17:53:10.460+0000] {processor.py:914} INFO - Processing file /opt/airflow/dags/env/Scripts/deep.exe for tasks to queue
[2025-03-29T17:53:10.463+0000] {logging_mixin.py:190} INFO - [2025-03-29T17:53:10.463+0000] {dagbag.py:588} INFO - Filling up the DagBag from /opt/airflow/dags/env/Scripts/deep.exe
[2025-03-29T17:53:10.476+0000] {logging_mixin.py:190} INFO - [2025-03-29T17:53:10.476+0000] {dagbag.py:435} INFO - File /opt/airflow/dags/env/Scripts/deep.exe:__main__.py assumed to contain no DAGs. Skipping.
[2025-03-29T17:53:10.477+0000] {processor.py:927} WARNING - No viable dags retrieved from /opt/airflow/dags/env/Scripts/deep.exe
[2025-03-29T17:53:10.501+0000] {processor.py:208} INFO - Processing /opt/airflow/dags/env/Scripts/deep.exe took 0.049 seconds
[2025-03-29T17:53:41.714+0000] {processor.py:186} INFO - Started process (PID=739) to work on /opt/airflow/dags/env/Scripts/deep.exe
[2025-03-29T17:53:41.715+0000] {processor.py:914} INFO - Processing file /opt/airflow/dags/env/Scripts/deep.exe for tasks to queue
[2025-03-29T17:53:41.720+0000] {logging_mixin.py:190} INFO - [2025-03-29T17:53:41.719+0000] {dagbag.py:588} INFO - Filling up the DagBag from /opt/airflow/dags/env/Scripts/deep.exe
[2025-03-29T17:53:41.732+0000] {logging_mixin.py:190} INFO - [2025-03-29T17:53:41.732+0000] {dagbag.py:435} INFO - File /opt/airflow/dags/env/Scripts/deep.exe:__main__.py assumed to contain no DAGs. Skipping.
[2025-03-29T17:53:41.733+0000] {processor.py:927} WARNING - No viable dags retrieved from /opt/airflow/dags/env/Scripts/deep.exe
[2025-03-29T17:53:41.759+0000] {processor.py:208} INFO - Processing /opt/airflow/dags/env/Scripts/deep.exe took 0.055 seconds
[2025-03-29T17:58:11.997+0000] {processor.py:186} INFO - Started process (PID=767) to work on /opt/airflow/dags/env/Scripts/deep.exe
[2025-03-29T17:58:11.999+0000] {processor.py:914} INFO - Processing file /opt/airflow/dags/env/Scripts/deep.exe for tasks to queue
[2025-03-29T17:58:12.003+0000] {logging_mixin.py:190} INFO - [2025-03-29T17:58:12.002+0000] {dagbag.py:588} INFO - Filling up the DagBag from /opt/airflow/dags/env/Scripts/deep.exe
[2025-03-29T17:58:12.018+0000] {logging_mixin.py:190} INFO - [2025-03-29T17:58:12.018+0000] {dagbag.py:435} INFO - File /opt/airflow/dags/env/Scripts/deep.exe:__main__.py assumed to contain no DAGs. Skipping.
[2025-03-29T17:58:12.019+0000] {processor.py:927} WARNING - No viable dags retrieved from /opt/airflow/dags/env/Scripts/deep.exe
[2025-03-29T17:58:12.043+0000] {processor.py:208} INFO - Processing /opt/airflow/dags/env/Scripts/deep.exe took 0.059 seconds
[2025-03-29T17:58:43.194+0000] {processor.py:186} INFO - Started process (PID=791) to work on /opt/airflow/dags/env/Scripts/deep.exe
[2025-03-29T17:58:43.195+0000] {processor.py:914} INFO - Processing file /opt/airflow/dags/env/Scripts/deep.exe for tasks to queue
[2025-03-29T17:58:43.199+0000] {logging_mixin.py:190} INFO - [2025-03-29T17:58:43.198+0000] {dagbag.py:588} INFO - Filling up the DagBag from /opt/airflow/dags/env/Scripts/deep.exe
[2025-03-29T17:58:43.211+0000] {logging_mixin.py:190} INFO - [2025-03-29T17:58:43.211+0000] {dagbag.py:435} INFO - File /opt/airflow/dags/env/Scripts/deep.exe:__main__.py assumed to contain no DAGs. Skipping.
[2025-03-29T17:58:43.212+0000] {processor.py:927} WARNING - No viable dags retrieved from /opt/airflow/dags/env/Scripts/deep.exe
[2025-03-29T17:58:43.236+0000] {processor.py:208} INFO - Processing /opt/airflow/dags/env/Scripts/deep.exe took 0.049 seconds
[2025-03-29T18:36:17.073+0000] {processor.py:186} INFO - Started process (PID=819) to work on /opt/airflow/dags/env/Scripts/deep.exe
[2025-03-29T18:36:17.075+0000] {processor.py:914} INFO - Processing file /opt/airflow/dags/env/Scripts/deep.exe for tasks to queue
[2025-03-29T18:36:17.078+0000] {logging_mixin.py:190} INFO - [2025-03-29T18:36:17.078+0000] {dagbag.py:588} INFO - Filling up the DagBag from /opt/airflow/dags/env/Scripts/deep.exe
[2025-03-29T18:36:17.091+0000] {logging_mixin.py:190} INFO - [2025-03-29T18:36:17.090+0000] {dagbag.py:435} INFO - File /opt/airflow/dags/env/Scripts/deep.exe:__main__.py assumed to contain no DAGs. Skipping.
[2025-03-29T18:36:17.092+0000] {processor.py:927} WARNING - No viable dags retrieved from /opt/airflow/dags/env/Scripts/deep.exe
[2025-03-29T18:36:17.116+0000] {processor.py:208} INFO - Processing /opt/airflow/dags/env/Scripts/deep.exe took 0.050 seconds
[2025-03-29T18:41:04.060+0000] {processor.py:186} INFO - Started process (PID=843) to work on /opt/airflow/dags/env/Scripts/deep.exe
[2025-03-29T18:41:04.061+0000] {processor.py:914} INFO - Processing file /opt/airflow/dags/env/Scripts/deep.exe for tasks to queue
[2025-03-29T18:41:04.064+0000] {logging_mixin.py:190} INFO - [2025-03-29T18:41:04.064+0000] {dagbag.py:588} INFO - Filling up the DagBag from /opt/airflow/dags/env/Scripts/deep.exe
[2025-03-29T18:41:04.075+0000] {logging_mixin.py:190} INFO - [2025-03-29T18:41:04.075+0000] {dagbag.py:435} INFO - File /opt/airflow/dags/env/Scripts/deep.exe:__main__.py assumed to contain no DAGs. Skipping.
[2025-03-29T18:41:04.076+0000] {processor.py:927} WARNING - No viable dags retrieved from /opt/airflow/dags/env/Scripts/deep.exe
[2025-03-29T18:41:04.099+0000] {processor.py:208} INFO - Processing /opt/airflow/dags/env/Scripts/deep.exe took 0.046 seconds
[2025-03-29T19:18:15.736+0000] {processor.py:186} INFO - Started process (PID=855) to work on /opt/airflow/dags/env/Scripts/deep.exe
[2025-03-29T19:18:15.737+0000] {processor.py:914} INFO - Processing file /opt/airflow/dags/env/Scripts/deep.exe for tasks to queue
[2025-03-29T19:18:15.745+0000] {logging_mixin.py:190} INFO - [2025-03-29T19:18:15.743+0000] {dagbag.py:588} INFO - Filling up the DagBag from /opt/airflow/dags/env/Scripts/deep.exe
[2025-03-29T19:18:15.766+0000] {logging_mixin.py:190} INFO - [2025-03-29T19:18:15.766+0000] {dagbag.py:435} INFO - File /opt/airflow/dags/env/Scripts/deep.exe:__main__.py assumed to contain no DAGs. Skipping.
[2025-03-29T19:18:15.768+0000] {processor.py:927} WARNING - No viable dags retrieved from /opt/airflow/dags/env/Scripts/deep.exe
[2025-03-29T19:18:15.812+0000] {processor.py:208} INFO - Processing /opt/airflow/dags/env/Scripts/deep.exe took 0.095 seconds
[2025-03-29T21:05:47.844+0000] {processor.py:186} INFO - Started process (PID=879) to work on /opt/airflow/dags/env/Scripts/deep.exe
[2025-03-29T21:05:47.846+0000] {processor.py:914} INFO - Processing file /opt/airflow/dags/env/Scripts/deep.exe for tasks to queue
[2025-03-29T21:05:47.849+0000] {logging_mixin.py:190} INFO - [2025-03-29T21:05:47.849+0000] {dagbag.py:588} INFO - Filling up the DagBag from /opt/airflow/dags/env/Scripts/deep.exe
[2025-03-29T21:05:47.863+0000] {logging_mixin.py:190} INFO - [2025-03-29T21:05:47.862+0000] {dagbag.py:435} INFO - File /opt/airflow/dags/env/Scripts/deep.exe:__main__.py assumed to contain no DAGs. Skipping.
[2025-03-29T21:05:47.864+0000] {processor.py:927} WARNING - No viable dags retrieved from /opt/airflow/dags/env/Scripts/deep.exe
[2025-03-29T21:05:47.888+0000] {processor.py:208} INFO - Processing /opt/airflow/dags/env/Scripts/deep.exe took 0.051 seconds
[2025-03-29T21:42:31.659+0000] {processor.py:186} INFO - Started process (PID=898) to work on /opt/airflow/dags/env/Scripts/deep.exe
[2025-03-29T21:42:31.662+0000] {processor.py:914} INFO - Processing file /opt/airflow/dags/env/Scripts/deep.exe for tasks to queue
[2025-03-29T21:42:31.668+0000] {logging_mixin.py:190} INFO - [2025-03-29T21:42:31.667+0000] {dagbag.py:588} INFO - Filling up the DagBag from /opt/airflow/dags/env/Scripts/deep.exe
[2025-03-29T21:42:31.697+0000] {logging_mixin.py:190} INFO - [2025-03-29T21:42:31.696+0000] {dagbag.py:435} INFO - File /opt/airflow/dags/env/Scripts/deep.exe:__main__.py assumed to contain no DAGs. Skipping.
[2025-03-29T21:42:31.699+0000] {processor.py:927} WARNING - No viable dags retrieved from /opt/airflow/dags/env/Scripts/deep.exe
[2025-03-29T21:42:31.787+0000] {processor.py:208} INFO - Processing /opt/airflow/dags/env/Scripts/deep.exe took 0.144 seconds
