[2025-03-29T00:27:58.518+0000] {processor.py:186} INFO - Started process (PID=383) to work on /opt/airflow/dags/env/Scripts/f2py.exe
[2025-03-29T00:27:58.520+0000] {processor.py:914} INFO - Processing file /opt/airflow/dags/env/Scripts/f2py.exe for tasks to queue
[2025-03-29T00:27:58.528+0000] {logging_mixin.py:190} INFO - [2025-03-29T00:27:58.526+0000] {dagbag.py:588} INFO - Filling up the DagBag from /opt/airflow/dags/env/Scripts/f2py.exe
[2025-03-29T00:27:58.555+0000] {logging_mixin.py:190} INFO - [2025-03-29T00:27:58.555+0000] {dagbag.py:435} INFO - File /opt/airflow/dags/env/Scripts/f2py.exe:__main__.py assumed to contain no DAGs. Skipping.
[2025-03-29T00:27:58.560+0000] {processor.py:927} WARNING - No viable dags retrieved from /opt/airflow/dags/env/Scripts/f2py.exe
[2025-03-29T00:27:58.603+0000] {processor.py:208} INFO - Processing /opt/airflow/dags/env/Scripts/f2py.exe took 0.100 seconds
[2025-03-29T00:47:32.865+0000] {processor.py:186} INFO - Started process (PID=434) to work on /opt/airflow/dags/env/Scripts/f2py.exe
[2025-03-29T00:47:32.867+0000] {processor.py:914} INFO - Processing file /opt/airflow/dags/env/Scripts/f2py.exe for tasks to queue
[2025-03-29T00:47:32.870+0000] {logging_mixin.py:190} INFO - [2025-03-29T00:47:32.869+0000] {dagbag.py:588} INFO - Filling up the DagBag from /opt/airflow/dags/env/Scripts/f2py.exe
[2025-03-29T00:47:32.883+0000] {logging_mixin.py:190} INFO - [2025-03-29T00:47:32.883+0000] {dagbag.py:435} INFO - File /opt/airflow/dags/env/Scripts/f2py.exe:__main__.py assumed to contain no DAGs. Skipping.
[2025-03-29T00:47:32.884+0000] {processor.py:927} WARNING - No viable dags retrieved from /opt/airflow/dags/env/Scripts/f2py.exe
[2025-03-29T00:47:32.905+0000] {processor.py:208} INFO - Processing /opt/airflow/dags/env/Scripts/f2py.exe took 0.047 seconds
[2025-03-29T00:52:28.135+0000] {processor.py:186} INFO - Started process (PID=462) to work on /opt/airflow/dags/env/Scripts/f2py.exe
[2025-03-29T00:52:28.136+0000] {processor.py:914} INFO - Processing file /opt/airflow/dags/env/Scripts/f2py.exe for tasks to queue
[2025-03-29T00:52:28.140+0000] {logging_mixin.py:190} INFO - [2025-03-29T00:52:28.140+0000] {dagbag.py:588} INFO - Filling up the DagBag from /opt/airflow/dags/env/Scripts/f2py.exe
[2025-03-29T00:52:28.155+0000] {logging_mixin.py:190} INFO - [2025-03-29T00:52:28.155+0000] {dagbag.py:435} INFO - File /opt/airflow/dags/env/Scripts/f2py.exe:__main__.py assumed to contain no DAGs. Skipping.
[2025-03-29T00:52:28.156+0000] {processor.py:927} WARNING - No viable dags retrieved from /opt/airflow/dags/env/Scripts/f2py.exe
[2025-03-29T00:52:28.177+0000] {processor.py:208} INFO - Processing /opt/airflow/dags/env/Scripts/f2py.exe took 0.049 seconds
[2025-03-29T00:57:31.946+0000] {processor.py:186} INFO - Started process (PID=492) to work on /opt/airflow/dags/env/Scripts/f2py.exe
[2025-03-29T00:57:31.948+0000] {processor.py:914} INFO - Processing file /opt/airflow/dags/env/Scripts/f2py.exe for tasks to queue
[2025-03-29T00:57:31.952+0000] {logging_mixin.py:190} INFO - [2025-03-29T00:57:31.951+0000] {dagbag.py:588} INFO - Filling up the DagBag from /opt/airflow/dags/env/Scripts/f2py.exe
[2025-03-29T00:57:31.972+0000] {logging_mixin.py:190} INFO - [2025-03-29T00:57:31.971+0000] {dagbag.py:435} INFO - File /opt/airflow/dags/env/Scripts/f2py.exe:__main__.py assumed to contain no DAGs. Skipping.
[2025-03-29T00:57:31.973+0000] {processor.py:927} WARNING - No viable dags retrieved from /opt/airflow/dags/env/Scripts/f2py.exe
[2025-03-29T00:57:32.001+0000] {processor.py:208} INFO - Processing /opt/airflow/dags/env/Scripts/f2py.exe took 0.063 seconds
[2025-03-29T01:02:25.363+0000] {processor.py:186} INFO - Started process (PID=518) to work on /opt/airflow/dags/env/Scripts/f2py.exe
[2025-03-29T01:02:25.364+0000] {processor.py:914} INFO - Processing file /opt/airflow/dags/env/Scripts/f2py.exe for tasks to queue
[2025-03-29T01:02:25.368+0000] {logging_mixin.py:190} INFO - [2025-03-29T01:02:25.368+0000] {dagbag.py:588} INFO - Filling up the DagBag from /opt/airflow/dags/env/Scripts/f2py.exe
[2025-03-29T01:02:25.383+0000] {logging_mixin.py:190} INFO - [2025-03-29T01:02:25.383+0000] {dagbag.py:435} INFO - File /opt/airflow/dags/env/Scripts/f2py.exe:__main__.py assumed to contain no DAGs. Skipping.
[2025-03-29T01:02:25.385+0000] {processor.py:927} WARNING - No viable dags retrieved from /opt/airflow/dags/env/Scripts/f2py.exe
[2025-03-29T01:02:25.407+0000] {processor.py:208} INFO - Processing /opt/airflow/dags/env/Scripts/f2py.exe took 0.051 seconds
[2025-03-29T01:07:34.300+0000] {processor.py:186} INFO - Started process (PID=549) to work on /opt/airflow/dags/env/Scripts/f2py.exe
[2025-03-29T01:07:34.302+0000] {processor.py:914} INFO - Processing file /opt/airflow/dags/env/Scripts/f2py.exe for tasks to queue
[2025-03-29T01:07:34.308+0000] {logging_mixin.py:190} INFO - [2025-03-29T01:07:34.307+0000] {dagbag.py:588} INFO - Filling up the DagBag from /opt/airflow/dags/env/Scripts/f2py.exe
[2025-03-29T01:07:34.339+0000] {logging_mixin.py:190} INFO - [2025-03-29T01:07:34.339+0000] {dagbag.py:435} INFO - File /opt/airflow/dags/env/Scripts/f2py.exe:__main__.py assumed to contain no DAGs. Skipping.
[2025-03-29T01:07:34.341+0000] {processor.py:927} WARNING - No viable dags retrieved from /opt/airflow/dags/env/Scripts/f2py.exe
[2025-03-29T01:07:34.372+0000] {processor.py:208} INFO - Processing /opt/airflow/dags/env/Scripts/f2py.exe took 0.085 seconds
[2025-03-29T01:12:37.592+0000] {processor.py:186} INFO - Started process (PID=574) to work on /opt/airflow/dags/env/Scripts/f2py.exe
[2025-03-29T01:12:37.594+0000] {processor.py:914} INFO - Processing file /opt/airflow/dags/env/Scripts/f2py.exe for tasks to queue
[2025-03-29T01:12:37.598+0000] {logging_mixin.py:190} INFO - [2025-03-29T01:12:37.597+0000] {dagbag.py:588} INFO - Filling up the DagBag from /opt/airflow/dags/env/Scripts/f2py.exe
[2025-03-29T01:12:37.619+0000] {logging_mixin.py:190} INFO - [2025-03-29T01:12:37.619+0000] {dagbag.py:435} INFO - File /opt/airflow/dags/env/Scripts/f2py.exe:__main__.py assumed to contain no DAGs. Skipping.
[2025-03-29T01:12:37.621+0000] {processor.py:927} WARNING - No viable dags retrieved from /opt/airflow/dags/env/Scripts/f2py.exe
[2025-03-29T01:12:37.649+0000] {processor.py:208} INFO - Processing /opt/airflow/dags/env/Scripts/f2py.exe took 0.067 seconds
[2025-03-29T01:17:30.494+0000] {processor.py:186} INFO - Started process (PID=598) to work on /opt/airflow/dags/env/Scripts/f2py.exe
[2025-03-29T01:17:30.495+0000] {processor.py:914} INFO - Processing file /opt/airflow/dags/env/Scripts/f2py.exe for tasks to queue
[2025-03-29T01:17:30.499+0000] {logging_mixin.py:190} INFO - [2025-03-29T01:17:30.498+0000] {dagbag.py:588} INFO - Filling up the DagBag from /opt/airflow/dags/env/Scripts/f2py.exe
[2025-03-29T01:17:30.514+0000] {logging_mixin.py:190} INFO - [2025-03-29T01:17:30.514+0000] {dagbag.py:435} INFO - File /opt/airflow/dags/env/Scripts/f2py.exe:__main__.py assumed to contain no DAGs. Skipping.
[2025-03-29T01:17:30.515+0000] {processor.py:927} WARNING - No viable dags retrieved from /opt/airflow/dags/env/Scripts/f2py.exe
[2025-03-29T01:17:30.536+0000] {processor.py:208} INFO - Processing /opt/airflow/dags/env/Scripts/f2py.exe took 0.050 seconds
[2025-03-29T01:22:36.842+0000] {processor.py:186} INFO - Started process (PID=626) to work on /opt/airflow/dags/env/Scripts/f2py.exe
[2025-03-29T01:22:36.843+0000] {processor.py:914} INFO - Processing file /opt/airflow/dags/env/Scripts/f2py.exe for tasks to queue
[2025-03-29T01:22:36.848+0000] {logging_mixin.py:190} INFO - [2025-03-29T01:22:36.847+0000] {dagbag.py:588} INFO - Filling up the DagBag from /opt/airflow/dags/env/Scripts/f2py.exe
[2025-03-29T01:22:36.867+0000] {logging_mixin.py:190} INFO - [2025-03-29T01:22:36.867+0000] {dagbag.py:435} INFO - File /opt/airflow/dags/env/Scripts/f2py.exe:__main__.py assumed to contain no DAGs. Skipping.
[2025-03-29T01:22:36.868+0000] {processor.py:927} WARNING - No viable dags retrieved from /opt/airflow/dags/env/Scripts/f2py.exe
[2025-03-29T01:22:36.889+0000] {processor.py:208} INFO - Processing /opt/airflow/dags/env/Scripts/f2py.exe took 0.055 seconds
[2025-03-29T16:48:57.131+0000] {processor.py:186} INFO - Started process (PID=64) to work on /opt/airflow/dags/env/Scripts/f2py.exe
[2025-03-29T16:48:57.133+0000] {processor.py:914} INFO - Processing file /opt/airflow/dags/env/Scripts/f2py.exe for tasks to queue
[2025-03-29T16:48:57.136+0000] {logging_mixin.py:190} INFO - [2025-03-29T16:48:57.136+0000] {dagbag.py:588} INFO - Filling up the DagBag from /opt/airflow/dags/env/Scripts/f2py.exe
[2025-03-29T16:48:57.150+0000] {logging_mixin.py:190} INFO - [2025-03-29T16:48:57.150+0000] {dagbag.py:435} INFO - File /opt/airflow/dags/env/Scripts/f2py.exe:__main__.py assumed to contain no DAGs. Skipping.
[2025-03-29T16:48:57.151+0000] {processor.py:927} WARNING - No viable dags retrieved from /opt/airflow/dags/env/Scripts/f2py.exe
[2025-03-29T16:48:57.178+0000] {processor.py:208} INFO - Processing /opt/airflow/dags/env/Scripts/f2py.exe took 0.053 seconds
[2025-03-29T16:53:27.485+0000] {processor.py:186} INFO - Started process (PID=88) to work on /opt/airflow/dags/env/Scripts/f2py.exe
[2025-03-29T16:53:27.487+0000] {processor.py:914} INFO - Processing file /opt/airflow/dags/env/Scripts/f2py.exe for tasks to queue
[2025-03-29T16:53:27.491+0000] {logging_mixin.py:190} INFO - [2025-03-29T16:53:27.490+0000] {dagbag.py:588} INFO - Filling up the DagBag from /opt/airflow/dags/env/Scripts/f2py.exe
[2025-03-29T16:53:27.502+0000] {logging_mixin.py:190} INFO - [2025-03-29T16:53:27.502+0000] {dagbag.py:435} INFO - File /opt/airflow/dags/env/Scripts/f2py.exe:__main__.py assumed to contain no DAGs. Skipping.
[2025-03-29T16:53:27.503+0000] {processor.py:927} WARNING - No viable dags retrieved from /opt/airflow/dags/env/Scripts/f2py.exe
[2025-03-29T16:53:27.528+0000] {processor.py:208} INFO - Processing /opt/airflow/dags/env/Scripts/f2py.exe took 0.050 seconds
[2025-03-29T16:53:59.050+0000] {processor.py:186} INFO - Started process (PID=112) to work on /opt/airflow/dags/env/Scripts/f2py.exe
[2025-03-29T16:53:59.052+0000] {processor.py:914} INFO - Processing file /opt/airflow/dags/env/Scripts/f2py.exe for tasks to queue
[2025-03-29T16:53:59.057+0000] {logging_mixin.py:190} INFO - [2025-03-29T16:53:59.056+0000] {dagbag.py:588} INFO - Filling up the DagBag from /opt/airflow/dags/env/Scripts/f2py.exe
[2025-03-29T16:53:59.071+0000] {logging_mixin.py:190} INFO - [2025-03-29T16:53:59.070+0000] {dagbag.py:435} INFO - File /opt/airflow/dags/env/Scripts/f2py.exe:__main__.py assumed to contain no DAGs. Skipping.
[2025-03-29T16:53:59.072+0000] {processor.py:927} WARNING - No viable dags retrieved from /opt/airflow/dags/env/Scripts/f2py.exe
[2025-03-29T16:53:59.101+0000] {processor.py:208} INFO - Processing /opt/airflow/dags/env/Scripts/f2py.exe took 0.059 seconds
[2025-03-29T16:58:16.017+0000] {processor.py:186} INFO - Started process (PID=134) to work on /opt/airflow/dags/env/Scripts/f2py.exe
[2025-03-29T16:58:16.018+0000] {processor.py:914} INFO - Processing file /opt/airflow/dags/env/Scripts/f2py.exe for tasks to queue
[2025-03-29T16:58:16.022+0000] {logging_mixin.py:190} INFO - [2025-03-29T16:58:16.021+0000] {dagbag.py:588} INFO - Filling up the DagBag from /opt/airflow/dags/env/Scripts/f2py.exe
[2025-03-29T16:58:16.035+0000] {logging_mixin.py:190} INFO - [2025-03-29T16:58:16.034+0000] {dagbag.py:435} INFO - File /opt/airflow/dags/env/Scripts/f2py.exe:__main__.py assumed to contain no DAGs. Skipping.
[2025-03-29T16:58:16.036+0000] {processor.py:927} WARNING - No viable dags retrieved from /opt/airflow/dags/env/Scripts/f2py.exe
[2025-03-29T16:58:16.072+0000] {processor.py:208} INFO - Processing /opt/airflow/dags/env/Scripts/f2py.exe took 0.064 seconds
[2025-03-29T16:58:47.392+0000] {processor.py:186} INFO - Started process (PID=158) to work on /opt/airflow/dags/env/Scripts/f2py.exe
[2025-03-29T16:58:47.394+0000] {processor.py:914} INFO - Processing file /opt/airflow/dags/env/Scripts/f2py.exe for tasks to queue
[2025-03-29T16:58:47.399+0000] {logging_mixin.py:190} INFO - [2025-03-29T16:58:47.398+0000] {dagbag.py:588} INFO - Filling up the DagBag from /opt/airflow/dags/env/Scripts/f2py.exe
[2025-03-29T16:58:47.415+0000] {logging_mixin.py:190} INFO - [2025-03-29T16:58:47.415+0000] {dagbag.py:435} INFO - File /opt/airflow/dags/env/Scripts/f2py.exe:__main__.py assumed to contain no DAGs. Skipping.
[2025-03-29T16:58:47.417+0000] {processor.py:927} WARNING - No viable dags retrieved from /opt/airflow/dags/env/Scripts/f2py.exe
[2025-03-29T16:58:47.445+0000] {processor.py:208} INFO - Processing /opt/airflow/dags/env/Scripts/f2py.exe took 0.065 seconds
[2025-03-29T17:03:15.648+0000] {processor.py:186} INFO - Started process (PID=187) to work on /opt/airflow/dags/env/Scripts/f2py.exe
[2025-03-29T17:03:15.649+0000] {processor.py:914} INFO - Processing file /opt/airflow/dags/env/Scripts/f2py.exe for tasks to queue
[2025-03-29T17:03:15.653+0000] {logging_mixin.py:190} INFO - [2025-03-29T17:03:15.652+0000] {dagbag.py:588} INFO - Filling up the DagBag from /opt/airflow/dags/env/Scripts/f2py.exe
[2025-03-29T17:03:15.665+0000] {logging_mixin.py:190} INFO - [2025-03-29T17:03:15.665+0000] {dagbag.py:435} INFO - File /opt/airflow/dags/env/Scripts/f2py.exe:__main__.py assumed to contain no DAGs. Skipping.
[2025-03-29T17:03:15.666+0000] {processor.py:927} WARNING - No viable dags retrieved from /opt/airflow/dags/env/Scripts/f2py.exe
[2025-03-29T17:03:15.692+0000] {processor.py:208} INFO - Processing /opt/airflow/dags/env/Scripts/f2py.exe took 0.052 seconds
[2025-03-29T17:03:47.803+0000] {processor.py:186} INFO - Started process (PID=211) to work on /opt/airflow/dags/env/Scripts/f2py.exe
[2025-03-29T17:03:47.805+0000] {processor.py:914} INFO - Processing file /opt/airflow/dags/env/Scripts/f2py.exe for tasks to queue
[2025-03-29T17:03:47.811+0000] {logging_mixin.py:190} INFO - [2025-03-29T17:03:47.810+0000] {dagbag.py:588} INFO - Filling up the DagBag from /opt/airflow/dags/env/Scripts/f2py.exe
[2025-03-29T17:03:47.827+0000] {logging_mixin.py:190} INFO - [2025-03-29T17:03:47.827+0000] {dagbag.py:435} INFO - File /opt/airflow/dags/env/Scripts/f2py.exe:__main__.py assumed to contain no DAGs. Skipping.
[2025-03-29T17:03:47.829+0000] {processor.py:927} WARNING - No viable dags retrieved from /opt/airflow/dags/env/Scripts/f2py.exe
[2025-03-29T17:03:47.855+0000] {processor.py:208} INFO - Processing /opt/airflow/dags/env/Scripts/f2py.exe took 0.065 seconds
[2025-03-29T17:08:15.110+0000] {processor.py:186} INFO - Started process (PID=241) to work on /opt/airflow/dags/env/Scripts/f2py.exe
[2025-03-29T17:08:15.111+0000] {processor.py:914} INFO - Processing file /opt/airflow/dags/env/Scripts/f2py.exe for tasks to queue
[2025-03-29T17:08:15.115+0000] {logging_mixin.py:190} INFO - [2025-03-29T17:08:15.115+0000] {dagbag.py:588} INFO - Filling up the DagBag from /opt/airflow/dags/env/Scripts/f2py.exe
[2025-03-29T17:08:15.129+0000] {logging_mixin.py:190} INFO - [2025-03-29T17:08:15.129+0000] {dagbag.py:435} INFO - File /opt/airflow/dags/env/Scripts/f2py.exe:__main__.py assumed to contain no DAGs. Skipping.
[2025-03-29T17:08:15.130+0000] {processor.py:927} WARNING - No viable dags retrieved from /opt/airflow/dags/env/Scripts/f2py.exe
[2025-03-29T17:08:15.154+0000] {processor.py:208} INFO - Processing /opt/airflow/dags/env/Scripts/f2py.exe took 0.051 seconds
[2025-03-29T17:08:46.520+0000] {processor.py:186} INFO - Started process (PID=265) to work on /opt/airflow/dags/env/Scripts/f2py.exe
[2025-03-29T17:08:46.521+0000] {processor.py:914} INFO - Processing file /opt/airflow/dags/env/Scripts/f2py.exe for tasks to queue
[2025-03-29T17:08:46.526+0000] {logging_mixin.py:190} INFO - [2025-03-29T17:08:46.525+0000] {dagbag.py:588} INFO - Filling up the DagBag from /opt/airflow/dags/env/Scripts/f2py.exe
[2025-03-29T17:08:46.539+0000] {logging_mixin.py:190} INFO - [2025-03-29T17:08:46.539+0000] {dagbag.py:435} INFO - File /opt/airflow/dags/env/Scripts/f2py.exe:__main__.py assumed to contain no DAGs. Skipping.
[2025-03-29T17:08:46.540+0000] {processor.py:927} WARNING - No viable dags retrieved from /opt/airflow/dags/env/Scripts/f2py.exe
[2025-03-29T17:08:46.573+0000] {processor.py:208} INFO - Processing /opt/airflow/dags/env/Scripts/f2py.exe took 0.060 seconds
[2025-03-29T17:13:18.692+0000] {processor.py:186} INFO - Started process (PID=295) to work on /opt/airflow/dags/env/Scripts/f2py.exe
[2025-03-29T17:13:18.694+0000] {processor.py:914} INFO - Processing file /opt/airflow/dags/env/Scripts/f2py.exe for tasks to queue
[2025-03-29T17:13:18.697+0000] {logging_mixin.py:190} INFO - [2025-03-29T17:13:18.697+0000] {dagbag.py:588} INFO - Filling up the DagBag from /opt/airflow/dags/env/Scripts/f2py.exe
[2025-03-29T17:13:18.708+0000] {logging_mixin.py:190} INFO - [2025-03-29T17:13:18.708+0000] {dagbag.py:435} INFO - File /opt/airflow/dags/env/Scripts/f2py.exe:__main__.py assumed to contain no DAGs. Skipping.
[2025-03-29T17:13:18.709+0000] {processor.py:927} WARNING - No viable dags retrieved from /opt/airflow/dags/env/Scripts/f2py.exe
[2025-03-29T17:13:18.732+0000] {processor.py:208} INFO - Processing /opt/airflow/dags/env/Scripts/f2py.exe took 0.048 seconds
[2025-03-29T17:13:50.504+0000] {processor.py:186} INFO - Started process (PID=319) to work on /opt/airflow/dags/env/Scripts/f2py.exe
[2025-03-29T17:13:50.506+0000] {processor.py:914} INFO - Processing file /opt/airflow/dags/env/Scripts/f2py.exe for tasks to queue
[2025-03-29T17:13:50.510+0000] {logging_mixin.py:190} INFO - [2025-03-29T17:13:50.509+0000] {dagbag.py:588} INFO - Filling up the DagBag from /opt/airflow/dags/env/Scripts/f2py.exe
[2025-03-29T17:13:50.521+0000] {logging_mixin.py:190} INFO - [2025-03-29T17:13:50.521+0000] {dagbag.py:435} INFO - File /opt/airflow/dags/env/Scripts/f2py.exe:__main__.py assumed to contain no DAGs. Skipping.
[2025-03-29T17:13:50.522+0000] {processor.py:927} WARNING - No viable dags retrieved from /opt/airflow/dags/env/Scripts/f2py.exe
[2025-03-29T17:13:50.546+0000] {processor.py:208} INFO - Processing /opt/airflow/dags/env/Scripts/f2py.exe took 0.049 seconds
[2025-03-29T17:18:21.400+0000] {processor.py:186} INFO - Started process (PID=347) to work on /opt/airflow/dags/env/Scripts/f2py.exe
[2025-03-29T17:18:21.401+0000] {processor.py:914} INFO - Processing file /opt/airflow/dags/env/Scripts/f2py.exe for tasks to queue
[2025-03-29T17:18:21.408+0000] {logging_mixin.py:190} INFO - [2025-03-29T17:18:21.407+0000] {dagbag.py:588} INFO - Filling up the DagBag from /opt/airflow/dags/env/Scripts/f2py.exe
[2025-03-29T17:18:21.425+0000] {logging_mixin.py:190} INFO - [2025-03-29T17:18:21.425+0000] {dagbag.py:435} INFO - File /opt/airflow/dags/env/Scripts/f2py.exe:__main__.py assumed to contain no DAGs. Skipping.
[2025-03-29T17:18:21.427+0000] {processor.py:927} WARNING - No viable dags retrieved from /opt/airflow/dags/env/Scripts/f2py.exe
[2025-03-29T17:18:21.454+0000] {processor.py:208} INFO - Processing /opt/airflow/dags/env/Scripts/f2py.exe took 0.063 seconds
[2025-03-29T17:18:52.778+0000] {processor.py:186} INFO - Started process (PID=371) to work on /opt/airflow/dags/env/Scripts/f2py.exe
[2025-03-29T17:18:52.779+0000] {processor.py:914} INFO - Processing file /opt/airflow/dags/env/Scripts/f2py.exe for tasks to queue
[2025-03-29T17:18:52.783+0000] {logging_mixin.py:190} INFO - [2025-03-29T17:18:52.782+0000] {dagbag.py:588} INFO - Filling up the DagBag from /opt/airflow/dags/env/Scripts/f2py.exe
[2025-03-29T17:18:52.796+0000] {logging_mixin.py:190} INFO - [2025-03-29T17:18:52.795+0000] {dagbag.py:435} INFO - File /opt/airflow/dags/env/Scripts/f2py.exe:__main__.py assumed to contain no DAGs. Skipping.
[2025-03-29T17:18:52.797+0000] {processor.py:927} WARNING - No viable dags retrieved from /opt/airflow/dags/env/Scripts/f2py.exe
[2025-03-29T17:18:52.819+0000] {processor.py:208} INFO - Processing /opt/airflow/dags/env/Scripts/f2py.exe took 0.047 seconds
[2025-03-29T17:23:15.117+0000] {processor.py:186} INFO - Started process (PID=397) to work on /opt/airflow/dags/env/Scripts/f2py.exe
[2025-03-29T17:23:15.118+0000] {processor.py:914} INFO - Processing file /opt/airflow/dags/env/Scripts/f2py.exe for tasks to queue
[2025-03-29T17:23:15.123+0000] {logging_mixin.py:190} INFO - [2025-03-29T17:23:15.122+0000] {dagbag.py:588} INFO - Filling up the DagBag from /opt/airflow/dags/env/Scripts/f2py.exe
[2025-03-29T17:23:15.139+0000] {logging_mixin.py:190} INFO - [2025-03-29T17:23:15.139+0000] {dagbag.py:435} INFO - File /opt/airflow/dags/env/Scripts/f2py.exe:__main__.py assumed to contain no DAGs. Skipping.
[2025-03-29T17:23:15.141+0000] {processor.py:927} WARNING - No viable dags retrieved from /opt/airflow/dags/env/Scripts/f2py.exe
[2025-03-29T17:23:15.167+0000] {processor.py:208} INFO - Processing /opt/airflow/dags/env/Scripts/f2py.exe took 0.058 seconds
[2025-03-29T17:23:46.841+0000] {processor.py:186} INFO - Started process (PID=421) to work on /opt/airflow/dags/env/Scripts/f2py.exe
[2025-03-29T17:23:46.843+0000] {processor.py:914} INFO - Processing file /opt/airflow/dags/env/Scripts/f2py.exe for tasks to queue
[2025-03-29T17:23:46.846+0000] {logging_mixin.py:190} INFO - [2025-03-29T17:23:46.846+0000] {dagbag.py:588} INFO - Filling up the DagBag from /opt/airflow/dags/env/Scripts/f2py.exe
[2025-03-29T17:23:46.858+0000] {logging_mixin.py:190} INFO - [2025-03-29T17:23:46.857+0000] {dagbag.py:435} INFO - File /opt/airflow/dags/env/Scripts/f2py.exe:__main__.py assumed to contain no DAGs. Skipping.
[2025-03-29T17:23:46.859+0000] {processor.py:927} WARNING - No viable dags retrieved from /opt/airflow/dags/env/Scripts/f2py.exe
[2025-03-29T17:23:46.889+0000] {processor.py:208} INFO - Processing /opt/airflow/dags/env/Scripts/f2py.exe took 0.054 seconds
[2025-03-29T17:28:19.271+0000] {processor.py:186} INFO - Started process (PID=454) to work on /opt/airflow/dags/env/Scripts/f2py.exe
[2025-03-29T17:28:19.273+0000] {processor.py:914} INFO - Processing file /opt/airflow/dags/env/Scripts/f2py.exe for tasks to queue
[2025-03-29T17:28:19.276+0000] {logging_mixin.py:190} INFO - [2025-03-29T17:28:19.276+0000] {dagbag.py:588} INFO - Filling up the DagBag from /opt/airflow/dags/env/Scripts/f2py.exe
[2025-03-29T17:28:19.296+0000] {logging_mixin.py:190} INFO - [2025-03-29T17:28:19.295+0000] {dagbag.py:435} INFO - File /opt/airflow/dags/env/Scripts/f2py.exe:__main__.py assumed to contain no DAGs. Skipping.
[2025-03-29T17:28:19.298+0000] {processor.py:927} WARNING - No viable dags retrieved from /opt/airflow/dags/env/Scripts/f2py.exe
[2025-03-29T17:28:19.335+0000] {processor.py:208} INFO - Processing /opt/airflow/dags/env/Scripts/f2py.exe took 0.070 seconds
[2025-03-29T17:28:50.379+0000] {processor.py:186} INFO - Started process (PID=478) to work on /opt/airflow/dags/env/Scripts/f2py.exe
[2025-03-29T17:28:50.380+0000] {processor.py:914} INFO - Processing file /opt/airflow/dags/env/Scripts/f2py.exe for tasks to queue
[2025-03-29T17:28:50.384+0000] {logging_mixin.py:190} INFO - [2025-03-29T17:28:50.383+0000] {dagbag.py:588} INFO - Filling up the DagBag from /opt/airflow/dags/env/Scripts/f2py.exe
[2025-03-29T17:28:50.399+0000] {logging_mixin.py:190} INFO - [2025-03-29T17:28:50.399+0000] {dagbag.py:435} INFO - File /opt/airflow/dags/env/Scripts/f2py.exe:__main__.py assumed to contain no DAGs. Skipping.
[2025-03-29T17:28:50.400+0000] {processor.py:927} WARNING - No viable dags retrieved from /opt/airflow/dags/env/Scripts/f2py.exe
[2025-03-29T17:28:50.424+0000] {processor.py:208} INFO - Processing /opt/airflow/dags/env/Scripts/f2py.exe took 0.052 seconds
[2025-03-29T17:33:18.382+0000] {processor.py:186} INFO - Started process (PID=507) to work on /opt/airflow/dags/env/Scripts/f2py.exe
[2025-03-29T17:33:18.383+0000] {processor.py:914} INFO - Processing file /opt/airflow/dags/env/Scripts/f2py.exe for tasks to queue
[2025-03-29T17:33:18.387+0000] {logging_mixin.py:190} INFO - [2025-03-29T17:33:18.387+0000] {dagbag.py:588} INFO - Filling up the DagBag from /opt/airflow/dags/env/Scripts/f2py.exe
[2025-03-29T17:33:18.403+0000] {logging_mixin.py:190} INFO - [2025-03-29T17:33:18.402+0000] {dagbag.py:435} INFO - File /opt/airflow/dags/env/Scripts/f2py.exe:__main__.py assumed to contain no DAGs. Skipping.
[2025-03-29T17:33:18.404+0000] {processor.py:927} WARNING - No viable dags retrieved from /opt/airflow/dags/env/Scripts/f2py.exe
[2025-03-29T17:33:18.432+0000] {processor.py:208} INFO - Processing /opt/airflow/dags/env/Scripts/f2py.exe took 0.057 seconds
[2025-03-29T17:33:50.309+0000] {processor.py:186} INFO - Started process (PID=531) to work on /opt/airflow/dags/env/Scripts/f2py.exe
[2025-03-29T17:33:50.311+0000] {processor.py:914} INFO - Processing file /opt/airflow/dags/env/Scripts/f2py.exe for tasks to queue
[2025-03-29T17:33:50.317+0000] {logging_mixin.py:190} INFO - [2025-03-29T17:33:50.316+0000] {dagbag.py:588} INFO - Filling up the DagBag from /opt/airflow/dags/env/Scripts/f2py.exe
[2025-03-29T17:33:50.334+0000] {logging_mixin.py:190} INFO - [2025-03-29T17:33:50.334+0000] {dagbag.py:435} INFO - File /opt/airflow/dags/env/Scripts/f2py.exe:__main__.py assumed to contain no DAGs. Skipping.
[2025-03-29T17:33:50.336+0000] {processor.py:927} WARNING - No viable dags retrieved from /opt/airflow/dags/env/Scripts/f2py.exe
[2025-03-29T17:33:50.384+0000] {processor.py:208} INFO - Processing /opt/airflow/dags/env/Scripts/f2py.exe took 0.087 seconds
[2025-03-29T17:38:16.377+0000] {processor.py:186} INFO - Started process (PID=561) to work on /opt/airflow/dags/env/Scripts/f2py.exe
[2025-03-29T17:38:16.378+0000] {processor.py:914} INFO - Processing file /opt/airflow/dags/env/Scripts/f2py.exe for tasks to queue
[2025-03-29T17:38:16.384+0000] {logging_mixin.py:190} INFO - [2025-03-29T17:38:16.384+0000] {dagbag.py:588} INFO - Filling up the DagBag from /opt/airflow/dags/env/Scripts/f2py.exe
[2025-03-29T17:38:16.404+0000] {logging_mixin.py:190} INFO - [2025-03-29T17:38:16.403+0000] {dagbag.py:435} INFO - File /opt/airflow/dags/env/Scripts/f2py.exe:__main__.py assumed to contain no DAGs. Skipping.
[2025-03-29T17:38:16.405+0000] {processor.py:927} WARNING - No viable dags retrieved from /opt/airflow/dags/env/Scripts/f2py.exe
[2025-03-29T17:38:16.437+0000] {processor.py:208} INFO - Processing /opt/airflow/dags/env/Scripts/f2py.exe took 0.069 seconds
[2025-03-29T17:38:48.221+0000] {processor.py:186} INFO - Started process (PID=585) to work on /opt/airflow/dags/env/Scripts/f2py.exe
[2025-03-29T17:38:48.223+0000] {processor.py:914} INFO - Processing file /opt/airflow/dags/env/Scripts/f2py.exe for tasks to queue
[2025-03-29T17:38:48.228+0000] {logging_mixin.py:190} INFO - [2025-03-29T17:38:48.227+0000] {dagbag.py:588} INFO - Filling up the DagBag from /opt/airflow/dags/env/Scripts/f2py.exe
[2025-03-29T17:38:48.245+0000] {logging_mixin.py:190} INFO - [2025-03-29T17:38:48.245+0000] {dagbag.py:435} INFO - File /opt/airflow/dags/env/Scripts/f2py.exe:__main__.py assumed to contain no DAGs. Skipping.
[2025-03-29T17:38:48.246+0000] {processor.py:927} WARNING - No viable dags retrieved from /opt/airflow/dags/env/Scripts/f2py.exe
[2025-03-29T17:38:48.274+0000] {processor.py:208} INFO - Processing /opt/airflow/dags/env/Scripts/f2py.exe took 0.065 seconds
[2025-03-29T17:43:16.753+0000] {processor.py:186} INFO - Started process (PID=617) to work on /opt/airflow/dags/env/Scripts/f2py.exe
[2025-03-29T17:43:16.755+0000] {processor.py:914} INFO - Processing file /opt/airflow/dags/env/Scripts/f2py.exe for tasks to queue
[2025-03-29T17:43:16.758+0000] {logging_mixin.py:190} INFO - [2025-03-29T17:43:16.758+0000] {dagbag.py:588} INFO - Filling up the DagBag from /opt/airflow/dags/env/Scripts/f2py.exe
[2025-03-29T17:43:16.771+0000] {logging_mixin.py:190} INFO - [2025-03-29T17:43:16.771+0000] {dagbag.py:435} INFO - File /opt/airflow/dags/env/Scripts/f2py.exe:__main__.py assumed to contain no DAGs. Skipping.
[2025-03-29T17:43:16.772+0000] {processor.py:927} WARNING - No viable dags retrieved from /opt/airflow/dags/env/Scripts/f2py.exe
[2025-03-29T17:43:16.795+0000] {processor.py:208} INFO - Processing /opt/airflow/dags/env/Scripts/f2py.exe took 0.048 seconds
[2025-03-29T17:43:48.581+0000] {processor.py:186} INFO - Started process (PID=641) to work on /opt/airflow/dags/env/Scripts/f2py.exe
[2025-03-29T17:43:48.583+0000] {processor.py:914} INFO - Processing file /opt/airflow/dags/env/Scripts/f2py.exe for tasks to queue
[2025-03-29T17:43:48.589+0000] {logging_mixin.py:190} INFO - [2025-03-29T17:43:48.588+0000] {dagbag.py:588} INFO - Filling up the DagBag from /opt/airflow/dags/env/Scripts/f2py.exe
[2025-03-29T17:43:48.613+0000] {logging_mixin.py:190} INFO - [2025-03-29T17:43:48.612+0000] {dagbag.py:435} INFO - File /opt/airflow/dags/env/Scripts/f2py.exe:__main__.py assumed to contain no DAGs. Skipping.
[2025-03-29T17:43:48.615+0000] {processor.py:927} WARNING - No viable dags retrieved from /opt/airflow/dags/env/Scripts/f2py.exe
[2025-03-29T17:43:48.643+0000] {processor.py:208} INFO - Processing /opt/airflow/dags/env/Scripts/f2py.exe took 0.073 seconds
[2025-03-29T17:48:19.992+0000] {processor.py:186} INFO - Started process (PID=672) to work on /opt/airflow/dags/env/Scripts/f2py.exe
[2025-03-29T17:48:19.993+0000] {processor.py:914} INFO - Processing file /opt/airflow/dags/env/Scripts/f2py.exe for tasks to queue
[2025-03-29T17:48:19.997+0000] {logging_mixin.py:190} INFO - [2025-03-29T17:48:19.997+0000] {dagbag.py:588} INFO - Filling up the DagBag from /opt/airflow/dags/env/Scripts/f2py.exe
[2025-03-29T17:48:20.010+0000] {logging_mixin.py:190} INFO - [2025-03-29T17:48:20.009+0000] {dagbag.py:435} INFO - File /opt/airflow/dags/env/Scripts/f2py.exe:__main__.py assumed to contain no DAGs. Skipping.
[2025-03-29T17:48:20.011+0000] {processor.py:927} WARNING - No viable dags retrieved from /opt/airflow/dags/env/Scripts/f2py.exe
[2025-03-29T17:48:20.033+0000] {processor.py:208} INFO - Processing /opt/airflow/dags/env/Scripts/f2py.exe took 0.048 seconds
[2025-03-29T17:48:51.706+0000] {processor.py:186} INFO - Started process (PID=696) to work on /opt/airflow/dags/env/Scripts/f2py.exe
[2025-03-29T17:48:51.708+0000] {processor.py:914} INFO - Processing file /opt/airflow/dags/env/Scripts/f2py.exe for tasks to queue
[2025-03-29T17:48:51.711+0000] {logging_mixin.py:190} INFO - [2025-03-29T17:48:51.711+0000] {dagbag.py:588} INFO - Filling up the DagBag from /opt/airflow/dags/env/Scripts/f2py.exe
[2025-03-29T17:48:51.727+0000] {logging_mixin.py:190} INFO - [2025-03-29T17:48:51.727+0000] {dagbag.py:435} INFO - File /opt/airflow/dags/env/Scripts/f2py.exe:__main__.py assumed to contain no DAGs. Skipping.
[2025-03-29T17:48:51.728+0000] {processor.py:927} WARNING - No viable dags retrieved from /opt/airflow/dags/env/Scripts/f2py.exe
[2025-03-29T17:48:51.753+0000] {processor.py:208} INFO - Processing /opt/airflow/dags/env/Scripts/f2py.exe took 0.053 seconds
[2025-03-29T17:53:20.996+0000] {processor.py:186} INFO - Started process (PID=725) to work on /opt/airflow/dags/env/Scripts/f2py.exe
[2025-03-29T17:53:20.998+0000] {processor.py:914} INFO - Processing file /opt/airflow/dags/env/Scripts/f2py.exe for tasks to queue
[2025-03-29T17:53:21.003+0000] {logging_mixin.py:190} INFO - [2025-03-29T17:53:21.002+0000] {dagbag.py:588} INFO - Filling up the DagBag from /opt/airflow/dags/env/Scripts/f2py.exe
[2025-03-29T17:53:21.019+0000] {logging_mixin.py:190} INFO - [2025-03-29T17:53:21.019+0000] {dagbag.py:435} INFO - File /opt/airflow/dags/env/Scripts/f2py.exe:__main__.py assumed to contain no DAGs. Skipping.
[2025-03-29T17:53:21.020+0000] {processor.py:927} WARNING - No viable dags retrieved from /opt/airflow/dags/env/Scripts/f2py.exe
[2025-03-29T17:53:21.051+0000] {processor.py:208} INFO - Processing /opt/airflow/dags/env/Scripts/f2py.exe took 0.065 seconds
[2025-03-29T17:53:52.249+0000] {processor.py:186} INFO - Started process (PID=749) to work on /opt/airflow/dags/env/Scripts/f2py.exe
[2025-03-29T17:53:52.251+0000] {processor.py:914} INFO - Processing file /opt/airflow/dags/env/Scripts/f2py.exe for tasks to queue
[2025-03-29T17:53:52.255+0000] {logging_mixin.py:190} INFO - [2025-03-29T17:53:52.254+0000] {dagbag.py:588} INFO - Filling up the DagBag from /opt/airflow/dags/env/Scripts/f2py.exe
[2025-03-29T17:53:52.272+0000] {logging_mixin.py:190} INFO - [2025-03-29T17:53:52.271+0000] {dagbag.py:435} INFO - File /opt/airflow/dags/env/Scripts/f2py.exe:__main__.py assumed to contain no DAGs. Skipping.
[2025-03-29T17:53:52.273+0000] {processor.py:927} WARNING - No viable dags retrieved from /opt/airflow/dags/env/Scripts/f2py.exe
[2025-03-29T17:53:52.300+0000] {processor.py:208} INFO - Processing /opt/airflow/dags/env/Scripts/f2py.exe took 0.058 seconds
[2025-03-29T17:58:22.438+0000] {processor.py:186} INFO - Started process (PID=777) to work on /opt/airflow/dags/env/Scripts/f2py.exe
[2025-03-29T17:58:22.439+0000] {processor.py:914} INFO - Processing file /opt/airflow/dags/env/Scripts/f2py.exe for tasks to queue
[2025-03-29T17:58:22.443+0000] {logging_mixin.py:190} INFO - [2025-03-29T17:58:22.443+0000] {dagbag.py:588} INFO - Filling up the DagBag from /opt/airflow/dags/env/Scripts/f2py.exe
[2025-03-29T17:58:22.456+0000] {logging_mixin.py:190} INFO - [2025-03-29T17:58:22.456+0000] {dagbag.py:435} INFO - File /opt/airflow/dags/env/Scripts/f2py.exe:__main__.py assumed to contain no DAGs. Skipping.
[2025-03-29T17:58:22.457+0000] {processor.py:927} WARNING - No viable dags retrieved from /opt/airflow/dags/env/Scripts/f2py.exe
[2025-03-29T17:58:22.482+0000] {processor.py:208} INFO - Processing /opt/airflow/dags/env/Scripts/f2py.exe took 0.050 seconds
[2025-03-29T17:58:53.752+0000] {processor.py:186} INFO - Started process (PID=801) to work on /opt/airflow/dags/env/Scripts/f2py.exe
[2025-03-29T17:58:53.753+0000] {processor.py:914} INFO - Processing file /opt/airflow/dags/env/Scripts/f2py.exe for tasks to queue
[2025-03-29T17:58:53.757+0000] {logging_mixin.py:190} INFO - [2025-03-29T17:58:53.757+0000] {dagbag.py:588} INFO - Filling up the DagBag from /opt/airflow/dags/env/Scripts/f2py.exe
[2025-03-29T17:58:53.769+0000] {logging_mixin.py:190} INFO - [2025-03-29T17:58:53.769+0000] {dagbag.py:435} INFO - File /opt/airflow/dags/env/Scripts/f2py.exe:__main__.py assumed to contain no DAGs. Skipping.
[2025-03-29T17:58:53.770+0000] {processor.py:927} WARNING - No viable dags retrieved from /opt/airflow/dags/env/Scripts/f2py.exe
[2025-03-29T17:58:53.796+0000] {processor.py:208} INFO - Processing /opt/airflow/dags/env/Scripts/f2py.exe took 0.051 seconds
[2025-03-29T18:40:48.495+0000] {processor.py:186} INFO - Started process (PID=829) to work on /opt/airflow/dags/env/Scripts/f2py.exe
[2025-03-29T18:40:48.497+0000] {processor.py:914} INFO - Processing file /opt/airflow/dags/env/Scripts/f2py.exe for tasks to queue
[2025-03-29T18:40:48.501+0000] {logging_mixin.py:190} INFO - [2025-03-29T18:40:48.501+0000] {dagbag.py:588} INFO - Filling up the DagBag from /opt/airflow/dags/env/Scripts/f2py.exe
[2025-03-29T18:40:48.521+0000] {logging_mixin.py:190} INFO - [2025-03-29T18:40:48.521+0000] {dagbag.py:435} INFO - File /opt/airflow/dags/env/Scripts/f2py.exe:__main__.py assumed to contain no DAGs. Skipping.
[2025-03-29T18:40:48.523+0000] {processor.py:927} WARNING - No viable dags retrieved from /opt/airflow/dags/env/Scripts/f2py.exe
[2025-03-29T18:40:48.554+0000] {processor.py:208} INFO - Processing /opt/airflow/dags/env/Scripts/f2py.exe took 0.068 seconds
[2025-03-29T20:31:28.349+0000] {processor.py:186} INFO - Started process (PID=865) to work on /opt/airflow/dags/env/Scripts/f2py.exe
[2025-03-29T20:31:28.351+0000] {processor.py:914} INFO - Processing file /opt/airflow/dags/env/Scripts/f2py.exe for tasks to queue
[2025-03-29T20:31:28.358+0000] {logging_mixin.py:190} INFO - [2025-03-29T20:31:28.357+0000] {dagbag.py:588} INFO - Filling up the DagBag from /opt/airflow/dags/env/Scripts/f2py.exe
[2025-03-29T20:31:28.379+0000] {logging_mixin.py:190} INFO - [2025-03-29T20:31:28.379+0000] {dagbag.py:435} INFO - File /opt/airflow/dags/env/Scripts/f2py.exe:__main__.py assumed to contain no DAGs. Skipping.
[2025-03-29T20:31:28.381+0000] {processor.py:927} WARNING - No viable dags retrieved from /opt/airflow/dags/env/Scripts/f2py.exe
[2025-03-29T20:31:28.425+0000] {processor.py:208} INFO - Processing /opt/airflow/dags/env/Scripts/f2py.exe took 0.092 seconds
[2025-03-29T21:05:58.362+0000] {processor.py:186} INFO - Started process (PID=889) to work on /opt/airflow/dags/env/Scripts/f2py.exe
[2025-03-29T21:05:58.363+0000] {processor.py:914} INFO - Processing file /opt/airflow/dags/env/Scripts/f2py.exe for tasks to queue
[2025-03-29T21:05:58.366+0000] {logging_mixin.py:190} INFO - [2025-03-29T21:05:58.365+0000] {dagbag.py:588} INFO - Filling up the DagBag from /opt/airflow/dags/env/Scripts/f2py.exe
[2025-03-29T21:05:58.377+0000] {logging_mixin.py:190} INFO - [2025-03-29T21:05:58.376+0000] {dagbag.py:435} INFO - File /opt/airflow/dags/env/Scripts/f2py.exe:__main__.py assumed to contain no DAGs. Skipping.
[2025-03-29T21:05:58.378+0000] {processor.py:927} WARNING - No viable dags retrieved from /opt/airflow/dags/env/Scripts/f2py.exe
[2025-03-29T21:05:58.402+0000] {processor.py:208} INFO - Processing /opt/airflow/dags/env/Scripts/f2py.exe took 0.047 seconds
[2025-03-29T22:55:06.886+0000] {processor.py:186} INFO - Started process (PID=908) to work on /opt/airflow/dags/env/Scripts/f2py.exe
[2025-03-29T22:55:06.889+0000] {processor.py:914} INFO - Processing file /opt/airflow/dags/env/Scripts/f2py.exe for tasks to queue
[2025-03-29T22:55:06.899+0000] {logging_mixin.py:190} INFO - [2025-03-29T22:55:06.898+0000] {dagbag.py:588} INFO - Filling up the DagBag from /opt/airflow/dags/env/Scripts/f2py.exe
[2025-03-29T22:55:06.932+0000] {logging_mixin.py:190} INFO - [2025-03-29T22:55:06.931+0000] {dagbag.py:435} INFO - File /opt/airflow/dags/env/Scripts/f2py.exe:__main__.py assumed to contain no DAGs. Skipping.
[2025-03-29T22:55:06.934+0000] {processor.py:927} WARNING - No viable dags retrieved from /opt/airflow/dags/env/Scripts/f2py.exe
[2025-03-29T22:55:07.020+0000] {processor.py:208} INFO - Processing /opt/airflow/dags/env/Scripts/f2py.exe took 0.175 seconds
