[2025-03-29T00:47:19.558+0000] {processor.py:186} INFO - Started process (PID=422) to work on /opt/airflow/dags/env/Scripts/google-oauthlib-tool.exe
[2025-03-29T00:47:19.559+0000] {processor.py:914} INFO - Processing file /opt/airflow/dags/env/Scripts/google-oauthlib-tool.exe for tasks to queue
[2025-03-29T00:47:19.562+0000] {logging_mixin.py:190} INFO - [2025-03-29T00:47:19.562+0000] {dagbag.py:588} INFO - Filling up the DagBag from /opt/airflow/dags/env/Scripts/google-oauthlib-tool.exe
[2025-03-29T00:47:19.578+0000] {logging_mixin.py:190} INFO - [2025-03-29T00:47:19.578+0000] {dagbag.py:435} INFO - File /opt/airflow/dags/env/Scripts/google-oauthlib-tool.exe:__main__.py assumed to contain no DAGs. Skipping.
[2025-03-29T00:47:19.579+0000] {processor.py:927} WARNING - No viable dags retrieved from /opt/airflow/dags/env/Scripts/google-oauthlib-tool.exe
[2025-03-29T00:47:19.603+0000] {processor.py:208} INFO - Processing /opt/airflow/dags/env/Scripts/google-oauthlib-tool.exe took 0.052 seconds
[2025-03-29T00:52:15.151+0000] {processor.py:186} INFO - Started process (PID=450) to work on /opt/airflow/dags/env/Scripts/google-oauthlib-tool.exe
[2025-03-29T00:52:15.152+0000] {processor.py:914} INFO - Processing file /opt/airflow/dags/env/Scripts/google-oauthlib-tool.exe for tasks to queue
[2025-03-29T00:52:15.155+0000] {logging_mixin.py:190} INFO - [2025-03-29T00:52:15.155+0000] {dagbag.py:588} INFO - Filling up the DagBag from /opt/airflow/dags/env/Scripts/google-oauthlib-tool.exe
[2025-03-29T00:52:15.170+0000] {logging_mixin.py:190} INFO - [2025-03-29T00:52:15.169+0000] {dagbag.py:435} INFO - File /opt/airflow/dags/env/Scripts/google-oauthlib-tool.exe:__main__.py assumed to contain no DAGs. Skipping.
[2025-03-29T00:52:15.171+0000] {processor.py:927} WARNING - No viable dags retrieved from /opt/airflow/dags/env/Scripts/google-oauthlib-tool.exe
[2025-03-29T00:52:15.193+0000] {processor.py:208} INFO - Processing /opt/airflow/dags/env/Scripts/google-oauthlib-tool.exe took 0.049 seconds
[2025-03-29T00:52:46.556+0000] {processor.py:186} INFO - Started process (PID=474) to work on /opt/airflow/dags/env/Scripts/google-oauthlib-tool.exe
[2025-03-29T00:52:46.558+0000] {processor.py:914} INFO - Processing file /opt/airflow/dags/env/Scripts/google-oauthlib-tool.exe for tasks to queue
[2025-03-29T00:52:46.561+0000] {logging_mixin.py:190} INFO - [2025-03-29T00:52:46.561+0000] {dagbag.py:588} INFO - Filling up the DagBag from /opt/airflow/dags/env/Scripts/google-oauthlib-tool.exe
[2025-03-29T00:52:46.578+0000] {logging_mixin.py:190} INFO - [2025-03-29T00:52:46.578+0000] {dagbag.py:435} INFO - File /opt/airflow/dags/env/Scripts/google-oauthlib-tool.exe:__main__.py assumed to contain no DAGs. Skipping.
[2025-03-29T00:52:46.580+0000] {processor.py:927} WARNING - No viable dags retrieved from /opt/airflow/dags/env/Scripts/google-oauthlib-tool.exe
[2025-03-29T00:52:46.606+0000] {processor.py:208} INFO - Processing /opt/airflow/dags/env/Scripts/google-oauthlib-tool.exe took 0.057 seconds
[2025-03-29T00:57:19.185+0000] {processor.py:186} INFO - Started process (PID=480) to work on /opt/airflow/dags/env/Scripts/google-oauthlib-tool.exe
[2025-03-29T00:57:19.187+0000] {processor.py:914} INFO - Processing file /opt/airflow/dags/env/Scripts/google-oauthlib-tool.exe for tasks to queue
[2025-03-29T00:57:19.190+0000] {logging_mixin.py:190} INFO - [2025-03-29T00:57:19.189+0000] {dagbag.py:588} INFO - Filling up the DagBag from /opt/airflow/dags/env/Scripts/google-oauthlib-tool.exe
[2025-03-29T00:57:19.205+0000] {logging_mixin.py:190} INFO - [2025-03-29T00:57:19.204+0000] {dagbag.py:435} INFO - File /opt/airflow/dags/env/Scripts/google-oauthlib-tool.exe:__main__.py assumed to contain no DAGs. Skipping.
[2025-03-29T00:57:19.206+0000] {processor.py:927} WARNING - No viable dags retrieved from /opt/airflow/dags/env/Scripts/google-oauthlib-tool.exe
[2025-03-29T00:57:19.229+0000] {processor.py:208} INFO - Processing /opt/airflow/dags/env/Scripts/google-oauthlib-tool.exe took 0.050 seconds
[2025-03-29T01:02:12.372+0000] {processor.py:186} INFO - Started process (PID=506) to work on /opt/airflow/dags/env/Scripts/google-oauthlib-tool.exe
[2025-03-29T01:02:12.373+0000] {processor.py:914} INFO - Processing file /opt/airflow/dags/env/Scripts/google-oauthlib-tool.exe for tasks to queue
[2025-03-29T01:02:12.377+0000] {logging_mixin.py:190} INFO - [2025-03-29T01:02:12.376+0000] {dagbag.py:588} INFO - Filling up the DagBag from /opt/airflow/dags/env/Scripts/google-oauthlib-tool.exe
[2025-03-29T01:02:12.394+0000] {logging_mixin.py:190} INFO - [2025-03-29T01:02:12.394+0000] {dagbag.py:435} INFO - File /opt/airflow/dags/env/Scripts/google-oauthlib-tool.exe:__main__.py assumed to contain no DAGs. Skipping.
[2025-03-29T01:02:12.395+0000] {processor.py:927} WARNING - No viable dags retrieved from /opt/airflow/dags/env/Scripts/google-oauthlib-tool.exe
[2025-03-29T01:02:12.431+0000] {processor.py:208} INFO - Processing /opt/airflow/dags/env/Scripts/google-oauthlib-tool.exe took 0.068 seconds
[2025-03-29T01:02:43.722+0000] {processor.py:186} INFO - Started process (PID=530) to work on /opt/airflow/dags/env/Scripts/google-oauthlib-tool.exe
[2025-03-29T01:02:43.723+0000] {processor.py:914} INFO - Processing file /opt/airflow/dags/env/Scripts/google-oauthlib-tool.exe for tasks to queue
[2025-03-29T01:02:43.727+0000] {logging_mixin.py:190} INFO - [2025-03-29T01:02:43.726+0000] {dagbag.py:588} INFO - Filling up the DagBag from /opt/airflow/dags/env/Scripts/google-oauthlib-tool.exe
[2025-03-29T01:02:43.739+0000] {logging_mixin.py:190} INFO - [2025-03-29T01:02:43.739+0000] {dagbag.py:435} INFO - File /opt/airflow/dags/env/Scripts/google-oauthlib-tool.exe:__main__.py assumed to contain no DAGs. Skipping.
[2025-03-29T01:02:43.740+0000] {processor.py:927} WARNING - No viable dags retrieved from /opt/airflow/dags/env/Scripts/google-oauthlib-tool.exe
[2025-03-29T01:02:43.764+0000] {processor.py:208} INFO - Processing /opt/airflow/dags/env/Scripts/google-oauthlib-tool.exe took 0.049 seconds
[2025-03-29T01:07:21.224+0000] {processor.py:186} INFO - Started process (PID=537) to work on /opt/airflow/dags/env/Scripts/google-oauthlib-tool.exe
[2025-03-29T01:07:21.226+0000] {processor.py:914} INFO - Processing file /opt/airflow/dags/env/Scripts/google-oauthlib-tool.exe for tasks to queue
[2025-03-29T01:07:21.230+0000] {logging_mixin.py:190} INFO - [2025-03-29T01:07:21.229+0000] {dagbag.py:588} INFO - Filling up the DagBag from /opt/airflow/dags/env/Scripts/google-oauthlib-tool.exe
[2025-03-29T01:07:21.248+0000] {logging_mixin.py:190} INFO - [2025-03-29T01:07:21.248+0000] {dagbag.py:435} INFO - File /opt/airflow/dags/env/Scripts/google-oauthlib-tool.exe:__main__.py assumed to contain no DAGs. Skipping.
[2025-03-29T01:07:21.250+0000] {processor.py:927} WARNING - No viable dags retrieved from /opt/airflow/dags/env/Scripts/google-oauthlib-tool.exe
[2025-03-29T01:07:21.284+0000] {processor.py:208} INFO - Processing /opt/airflow/dags/env/Scripts/google-oauthlib-tool.exe took 0.069 seconds
[2025-03-29T01:12:24.442+0000] {processor.py:186} INFO - Started process (PID=562) to work on /opt/airflow/dags/env/Scripts/google-oauthlib-tool.exe
[2025-03-29T01:12:24.444+0000] {processor.py:914} INFO - Processing file /opt/airflow/dags/env/Scripts/google-oauthlib-tool.exe for tasks to queue
[2025-03-29T01:12:24.447+0000] {logging_mixin.py:190} INFO - [2025-03-29T01:12:24.447+0000] {dagbag.py:588} INFO - Filling up the DagBag from /opt/airflow/dags/env/Scripts/google-oauthlib-tool.exe
[2025-03-29T01:12:24.463+0000] {logging_mixin.py:190} INFO - [2025-03-29T01:12:24.462+0000] {dagbag.py:435} INFO - File /opt/airflow/dags/env/Scripts/google-oauthlib-tool.exe:__main__.py assumed to contain no DAGs. Skipping.
[2025-03-29T01:12:24.464+0000] {processor.py:927} WARNING - No viable dags retrieved from /opt/airflow/dags/env/Scripts/google-oauthlib-tool.exe
[2025-03-29T01:12:24.491+0000] {processor.py:208} INFO - Processing /opt/airflow/dags/env/Scripts/google-oauthlib-tool.exe took 0.056 seconds
[2025-03-29T01:17:17.433+0000] {processor.py:186} INFO - Started process (PID=586) to work on /opt/airflow/dags/env/Scripts/google-oauthlib-tool.exe
[2025-03-29T01:17:17.434+0000] {processor.py:914} INFO - Processing file /opt/airflow/dags/env/Scripts/google-oauthlib-tool.exe for tasks to queue
[2025-03-29T01:17:17.437+0000] {logging_mixin.py:190} INFO - [2025-03-29T01:17:17.437+0000] {dagbag.py:588} INFO - Filling up the DagBag from /opt/airflow/dags/env/Scripts/google-oauthlib-tool.exe
[2025-03-29T01:17:17.455+0000] {logging_mixin.py:190} INFO - [2025-03-29T01:17:17.455+0000] {dagbag.py:435} INFO - File /opt/airflow/dags/env/Scripts/google-oauthlib-tool.exe:__main__.py assumed to contain no DAGs. Skipping.
[2025-03-29T01:17:17.457+0000] {processor.py:927} WARNING - No viable dags retrieved from /opt/airflow/dags/env/Scripts/google-oauthlib-tool.exe
[2025-03-29T01:17:17.483+0000] {processor.py:208} INFO - Processing /opt/airflow/dags/env/Scripts/google-oauthlib-tool.exe took 0.057 seconds
[2025-03-29T01:17:48.527+0000] {processor.py:186} INFO - Started process (PID=610) to work on /opt/airflow/dags/env/Scripts/google-oauthlib-tool.exe
[2025-03-29T01:17:48.529+0000] {processor.py:914} INFO - Processing file /opt/airflow/dags/env/Scripts/google-oauthlib-tool.exe for tasks to queue
[2025-03-29T01:17:48.532+0000] {logging_mixin.py:190} INFO - [2025-03-29T01:17:48.531+0000] {dagbag.py:588} INFO - Filling up the DagBag from /opt/airflow/dags/env/Scripts/google-oauthlib-tool.exe
[2025-03-29T01:17:48.547+0000] {logging_mixin.py:190} INFO - [2025-03-29T01:17:48.547+0000] {dagbag.py:435} INFO - File /opt/airflow/dags/env/Scripts/google-oauthlib-tool.exe:__main__.py assumed to contain no DAGs. Skipping.
[2025-03-29T01:17:48.548+0000] {processor.py:927} WARNING - No viable dags retrieved from /opt/airflow/dags/env/Scripts/google-oauthlib-tool.exe
[2025-03-29T01:17:48.572+0000] {processor.py:208} INFO - Processing /opt/airflow/dags/env/Scripts/google-oauthlib-tool.exe took 0.052 seconds
[2025-03-29T01:22:23.870+0000] {processor.py:186} INFO - Started process (PID=614) to work on /opt/airflow/dags/env/Scripts/google-oauthlib-tool.exe
[2025-03-29T01:22:23.871+0000] {processor.py:914} INFO - Processing file /opt/airflow/dags/env/Scripts/google-oauthlib-tool.exe for tasks to queue
[2025-03-29T01:22:23.875+0000] {logging_mixin.py:190} INFO - [2025-03-29T01:22:23.874+0000] {dagbag.py:588} INFO - Filling up the DagBag from /opt/airflow/dags/env/Scripts/google-oauthlib-tool.exe
[2025-03-29T01:22:23.891+0000] {logging_mixin.py:190} INFO - [2025-03-29T01:22:23.890+0000] {dagbag.py:435} INFO - File /opt/airflow/dags/env/Scripts/google-oauthlib-tool.exe:__main__.py assumed to contain no DAGs. Skipping.
[2025-03-29T01:22:23.893+0000] {processor.py:927} WARNING - No viable dags retrieved from /opt/airflow/dags/env/Scripts/google-oauthlib-tool.exe
[2025-03-29T01:22:23.918+0000] {processor.py:208} INFO - Processing /opt/airflow/dags/env/Scripts/google-oauthlib-tool.exe took 0.056 seconds
[2025-03-29T01:48:16.602+0000] {processor.py:186} INFO - Started process (PID=638) to work on /opt/airflow/dags/env/Scripts/google-oauthlib-tool.exe
[2025-03-29T01:48:16.606+0000] {processor.py:914} INFO - Processing file /opt/airflow/dags/env/Scripts/google-oauthlib-tool.exe for tasks to queue
[2025-03-29T01:48:16.612+0000] {logging_mixin.py:190} INFO - [2025-03-29T01:48:16.611+0000] {dagbag.py:588} INFO - Filling up the DagBag from /opt/airflow/dags/env/Scripts/google-oauthlib-tool.exe
[2025-03-29T01:48:16.662+0000] {logging_mixin.py:190} INFO - [2025-03-29T01:48:16.662+0000] {dagbag.py:435} INFO - File /opt/airflow/dags/env/Scripts/google-oauthlib-tool.exe:__main__.py assumed to contain no DAGs. Skipping.
[2025-03-29T01:48:16.666+0000] {processor.py:927} WARNING - No viable dags retrieved from /opt/airflow/dags/env/Scripts/google-oauthlib-tool.exe
[2025-03-29T01:48:16.742+0000] {processor.py:208} INFO - Processing /opt/airflow/dags/env/Scripts/google-oauthlib-tool.exe took 0.156 seconds
[2025-03-29T16:48:31.133+0000] {processor.py:186} INFO - Started process (PID=52) to work on /opt/airflow/dags/env/Scripts/google-oauthlib-tool.exe
[2025-03-29T16:48:31.134+0000] {processor.py:914} INFO - Processing file /opt/airflow/dags/env/Scripts/google-oauthlib-tool.exe for tasks to queue
[2025-03-29T16:48:31.139+0000] {logging_mixin.py:190} INFO - [2025-03-29T16:48:31.139+0000] {dagbag.py:588} INFO - Filling up the DagBag from /opt/airflow/dags/env/Scripts/google-oauthlib-tool.exe
[2025-03-29T16:48:31.152+0000] {logging_mixin.py:190} INFO - [2025-03-29T16:48:31.152+0000] {dagbag.py:435} INFO - File /opt/airflow/dags/env/Scripts/google-oauthlib-tool.exe:__main__.py assumed to contain no DAGs. Skipping.
[2025-03-29T16:48:31.154+0000] {processor.py:927} WARNING - No viable dags retrieved from /opt/airflow/dags/env/Scripts/google-oauthlib-tool.exe
[2025-03-29T16:48:31.177+0000] {processor.py:208} INFO - Processing /opt/airflow/dags/env/Scripts/google-oauthlib-tool.exe took 0.053 seconds
[2025-03-29T16:53:14.448+0000] {processor.py:186} INFO - Started process (PID=76) to work on /opt/airflow/dags/env/Scripts/google-oauthlib-tool.exe
[2025-03-29T16:53:14.449+0000] {processor.py:914} INFO - Processing file /opt/airflow/dags/env/Scripts/google-oauthlib-tool.exe for tasks to queue
[2025-03-29T16:53:14.452+0000] {logging_mixin.py:190} INFO - [2025-03-29T16:53:14.452+0000] {dagbag.py:588} INFO - Filling up the DagBag from /opt/airflow/dags/env/Scripts/google-oauthlib-tool.exe
[2025-03-29T16:53:14.465+0000] {logging_mixin.py:190} INFO - [2025-03-29T16:53:14.465+0000] {dagbag.py:435} INFO - File /opt/airflow/dags/env/Scripts/google-oauthlib-tool.exe:__main__.py assumed to contain no DAGs. Skipping.
[2025-03-29T16:53:14.467+0000] {processor.py:927} WARNING - No viable dags retrieved from /opt/airflow/dags/env/Scripts/google-oauthlib-tool.exe
[2025-03-29T16:53:14.491+0000] {processor.py:208} INFO - Processing /opt/airflow/dags/env/Scripts/google-oauthlib-tool.exe took 0.050 seconds
[2025-03-29T16:53:45.678+0000] {processor.py:186} INFO - Started process (PID=100) to work on /opt/airflow/dags/env/Scripts/google-oauthlib-tool.exe
[2025-03-29T16:53:45.680+0000] {processor.py:914} INFO - Processing file /opt/airflow/dags/env/Scripts/google-oauthlib-tool.exe for tasks to queue
[2025-03-29T16:53:45.683+0000] {logging_mixin.py:190} INFO - [2025-03-29T16:53:45.682+0000] {dagbag.py:588} INFO - Filling up the DagBag from /opt/airflow/dags/env/Scripts/google-oauthlib-tool.exe
[2025-03-29T16:53:45.696+0000] {logging_mixin.py:190} INFO - [2025-03-29T16:53:45.695+0000] {dagbag.py:435} INFO - File /opt/airflow/dags/env/Scripts/google-oauthlib-tool.exe:__main__.py assumed to contain no DAGs. Skipping.
[2025-03-29T16:53:45.697+0000] {processor.py:927} WARNING - No viable dags retrieved from /opt/airflow/dags/env/Scripts/google-oauthlib-tool.exe
[2025-03-29T16:53:45.721+0000] {processor.py:208} INFO - Processing /opt/airflow/dags/env/Scripts/google-oauthlib-tool.exe took 0.049 seconds
[2025-03-29T16:58:03.060+0000] {processor.py:186} INFO - Started process (PID=122) to work on /opt/airflow/dags/env/Scripts/google-oauthlib-tool.exe
[2025-03-29T16:58:03.062+0000] {processor.py:914} INFO - Processing file /opt/airflow/dags/env/Scripts/google-oauthlib-tool.exe for tasks to queue
[2025-03-29T16:58:03.065+0000] {logging_mixin.py:190} INFO - [2025-03-29T16:58:03.064+0000] {dagbag.py:588} INFO - Filling up the DagBag from /opt/airflow/dags/env/Scripts/google-oauthlib-tool.exe
[2025-03-29T16:58:03.077+0000] {logging_mixin.py:190} INFO - [2025-03-29T16:58:03.077+0000] {dagbag.py:435} INFO - File /opt/airflow/dags/env/Scripts/google-oauthlib-tool.exe:__main__.py assumed to contain no DAGs. Skipping.
[2025-03-29T16:58:03.078+0000] {processor.py:927} WARNING - No viable dags retrieved from /opt/airflow/dags/env/Scripts/google-oauthlib-tool.exe
[2025-03-29T16:58:03.101+0000] {processor.py:208} INFO - Processing /opt/airflow/dags/env/Scripts/google-oauthlib-tool.exe took 0.048 seconds
[2025-03-29T16:58:34.044+0000] {processor.py:186} INFO - Started process (PID=146) to work on /opt/airflow/dags/env/Scripts/google-oauthlib-tool.exe
[2025-03-29T16:58:34.045+0000] {processor.py:914} INFO - Processing file /opt/airflow/dags/env/Scripts/google-oauthlib-tool.exe for tasks to queue
[2025-03-29T16:58:34.049+0000] {logging_mixin.py:190} INFO - [2025-03-29T16:58:34.048+0000] {dagbag.py:588} INFO - Filling up the DagBag from /opt/airflow/dags/env/Scripts/google-oauthlib-tool.exe
[2025-03-29T16:58:34.064+0000] {logging_mixin.py:190} INFO - [2025-03-29T16:58:34.064+0000] {dagbag.py:435} INFO - File /opt/airflow/dags/env/Scripts/google-oauthlib-tool.exe:__main__.py assumed to contain no DAGs. Skipping.
[2025-03-29T16:58:34.065+0000] {processor.py:927} WARNING - No viable dags retrieved from /opt/airflow/dags/env/Scripts/google-oauthlib-tool.exe
[2025-03-29T16:58:34.091+0000] {processor.py:208} INFO - Processing /opt/airflow/dags/env/Scripts/google-oauthlib-tool.exe took 0.054 seconds
[2025-03-29T16:59:04.433+0000] {processor.py:186} INFO - Started process (PID=170) to work on /opt/airflow/dags/env/Scripts/google-oauthlib-tool.exe
[2025-03-29T16:59:04.434+0000] {processor.py:914} INFO - Processing file /opt/airflow/dags/env/Scripts/google-oauthlib-tool.exe for tasks to queue
[2025-03-29T16:59:04.438+0000] {logging_mixin.py:190} INFO - [2025-03-29T16:59:04.438+0000] {dagbag.py:588} INFO - Filling up the DagBag from /opt/airflow/dags/env/Scripts/google-oauthlib-tool.exe
[2025-03-29T16:59:04.449+0000] {logging_mixin.py:190} INFO - [2025-03-29T16:59:04.449+0000] {dagbag.py:435} INFO - File /opt/airflow/dags/env/Scripts/google-oauthlib-tool.exe:__main__.py assumed to contain no DAGs. Skipping.
[2025-03-29T16:59:04.450+0000] {processor.py:927} WARNING - No viable dags retrieved from /opt/airflow/dags/env/Scripts/google-oauthlib-tool.exe
[2025-03-29T16:59:04.478+0000] {processor.py:208} INFO - Processing /opt/airflow/dags/env/Scripts/google-oauthlib-tool.exe took 0.053 seconds
[2025-03-29T17:03:02.954+0000] {processor.py:186} INFO - Started process (PID=175) to work on /opt/airflow/dags/env/Scripts/google-oauthlib-tool.exe
[2025-03-29T17:03:02.956+0000] {processor.py:914} INFO - Processing file /opt/airflow/dags/env/Scripts/google-oauthlib-tool.exe for tasks to queue
[2025-03-29T17:03:02.960+0000] {logging_mixin.py:190} INFO - [2025-03-29T17:03:02.959+0000] {dagbag.py:588} INFO - Filling up the DagBag from /opt/airflow/dags/env/Scripts/google-oauthlib-tool.exe
[2025-03-29T17:03:02.975+0000] {logging_mixin.py:190} INFO - [2025-03-29T17:03:02.974+0000] {dagbag.py:435} INFO - File /opt/airflow/dags/env/Scripts/google-oauthlib-tool.exe:__main__.py assumed to contain no DAGs. Skipping.
[2025-03-29T17:03:02.976+0000] {processor.py:927} WARNING - No viable dags retrieved from /opt/airflow/dags/env/Scripts/google-oauthlib-tool.exe
[2025-03-29T17:03:03.003+0000] {processor.py:208} INFO - Processing /opt/airflow/dags/env/Scripts/google-oauthlib-tool.exe took 0.058 seconds
[2025-03-29T17:03:33.584+0000] {processor.py:186} INFO - Started process (PID=199) to work on /opt/airflow/dags/env/Scripts/google-oauthlib-tool.exe
[2025-03-29T17:03:33.588+0000] {processor.py:914} INFO - Processing file /opt/airflow/dags/env/Scripts/google-oauthlib-tool.exe for tasks to queue
[2025-03-29T17:03:33.593+0000] {logging_mixin.py:190} INFO - [2025-03-29T17:03:33.592+0000] {dagbag.py:588} INFO - Filling up the DagBag from /opt/airflow/dags/env/Scripts/google-oauthlib-tool.exe
[2025-03-29T17:03:33.612+0000] {logging_mixin.py:190} INFO - [2025-03-29T17:03:33.611+0000] {dagbag.py:435} INFO - File /opt/airflow/dags/env/Scripts/google-oauthlib-tool.exe:__main__.py assumed to contain no DAGs. Skipping.
[2025-03-29T17:03:33.614+0000] {processor.py:927} WARNING - No viable dags retrieved from /opt/airflow/dags/env/Scripts/google-oauthlib-tool.exe
[2025-03-29T17:03:33.652+0000] {processor.py:208} INFO - Processing /opt/airflow/dags/env/Scripts/google-oauthlib-tool.exe took 0.086 seconds
[2025-03-29T17:04:04.666+0000] {processor.py:186} INFO - Started process (PID=223) to work on /opt/airflow/dags/env/Scripts/google-oauthlib-tool.exe
[2025-03-29T17:04:04.667+0000] {processor.py:914} INFO - Processing file /opt/airflow/dags/env/Scripts/google-oauthlib-tool.exe for tasks to queue
[2025-03-29T17:04:04.670+0000] {logging_mixin.py:190} INFO - [2025-03-29T17:04:04.669+0000] {dagbag.py:588} INFO - Filling up the DagBag from /opt/airflow/dags/env/Scripts/google-oauthlib-tool.exe
[2025-03-29T17:04:04.681+0000] {logging_mixin.py:190} INFO - [2025-03-29T17:04:04.681+0000] {dagbag.py:435} INFO - File /opt/airflow/dags/env/Scripts/google-oauthlib-tool.exe:__main__.py assumed to contain no DAGs. Skipping.
[2025-03-29T17:04:04.682+0000] {processor.py:927} WARNING - No viable dags retrieved from /opt/airflow/dags/env/Scripts/google-oauthlib-tool.exe
[2025-03-29T17:04:04.706+0000] {processor.py:208} INFO - Processing /opt/airflow/dags/env/Scripts/google-oauthlib-tool.exe took 0.048 seconds
[2025-03-29T17:08:02.122+0000] {processor.py:186} INFO - Started process (PID=229) to work on /opt/airflow/dags/env/Scripts/google-oauthlib-tool.exe
[2025-03-29T17:08:02.123+0000] {processor.py:914} INFO - Processing file /opt/airflow/dags/env/Scripts/google-oauthlib-tool.exe for tasks to queue
[2025-03-29T17:08:02.126+0000] {logging_mixin.py:190} INFO - [2025-03-29T17:08:02.125+0000] {dagbag.py:588} INFO - Filling up the DagBag from /opt/airflow/dags/env/Scripts/google-oauthlib-tool.exe
[2025-03-29T17:08:02.137+0000] {logging_mixin.py:190} INFO - [2025-03-29T17:08:02.137+0000] {dagbag.py:435} INFO - File /opt/airflow/dags/env/Scripts/google-oauthlib-tool.exe:__main__.py assumed to contain no DAGs. Skipping.
[2025-03-29T17:08:02.138+0000] {processor.py:927} WARNING - No viable dags retrieved from /opt/airflow/dags/env/Scripts/google-oauthlib-tool.exe
[2025-03-29T17:08:02.163+0000] {processor.py:208} INFO - Processing /opt/airflow/dags/env/Scripts/google-oauthlib-tool.exe took 0.049 seconds
[2025-03-29T17:08:33.419+0000] {processor.py:186} INFO - Started process (PID=253) to work on /opt/airflow/dags/env/Scripts/google-oauthlib-tool.exe
[2025-03-29T17:08:33.420+0000] {processor.py:914} INFO - Processing file /opt/airflow/dags/env/Scripts/google-oauthlib-tool.exe for tasks to queue
[2025-03-29T17:08:33.423+0000] {logging_mixin.py:190} INFO - [2025-03-29T17:08:33.423+0000] {dagbag.py:588} INFO - Filling up the DagBag from /opt/airflow/dags/env/Scripts/google-oauthlib-tool.exe
[2025-03-29T17:08:33.436+0000] {logging_mixin.py:190} INFO - [2025-03-29T17:08:33.436+0000] {dagbag.py:435} INFO - File /opt/airflow/dags/env/Scripts/google-oauthlib-tool.exe:__main__.py assumed to contain no DAGs. Skipping.
[2025-03-29T17:08:33.437+0000] {processor.py:927} WARNING - No viable dags retrieved from /opt/airflow/dags/env/Scripts/google-oauthlib-tool.exe
[2025-03-29T17:08:33.462+0000] {processor.py:208} INFO - Processing /opt/airflow/dags/env/Scripts/google-oauthlib-tool.exe took 0.050 seconds
[2025-03-29T17:09:03.692+0000] {processor.py:186} INFO - Started process (PID=277) to work on /opt/airflow/dags/env/Scripts/google-oauthlib-tool.exe
[2025-03-29T17:09:03.694+0000] {processor.py:914} INFO - Processing file /opt/airflow/dags/env/Scripts/google-oauthlib-tool.exe for tasks to queue
[2025-03-29T17:09:03.698+0000] {logging_mixin.py:190} INFO - [2025-03-29T17:09:03.697+0000] {dagbag.py:588} INFO - Filling up the DagBag from /opt/airflow/dags/env/Scripts/google-oauthlib-tool.exe
[2025-03-29T17:09:03.710+0000] {logging_mixin.py:190} INFO - [2025-03-29T17:09:03.709+0000] {dagbag.py:435} INFO - File /opt/airflow/dags/env/Scripts/google-oauthlib-tool.exe:__main__.py assumed to contain no DAGs. Skipping.
[2025-03-29T17:09:03.711+0000] {processor.py:927} WARNING - No viable dags retrieved from /opt/airflow/dags/env/Scripts/google-oauthlib-tool.exe
[2025-03-29T17:09:03.737+0000] {processor.py:208} INFO - Processing /opt/airflow/dags/env/Scripts/google-oauthlib-tool.exe took 0.055 seconds
[2025-03-29T17:13:05.930+0000] {processor.py:186} INFO - Started process (PID=283) to work on /opt/airflow/dags/env/Scripts/google-oauthlib-tool.exe
[2025-03-29T17:13:05.932+0000] {processor.py:914} INFO - Processing file /opt/airflow/dags/env/Scripts/google-oauthlib-tool.exe for tasks to queue
[2025-03-29T17:13:05.935+0000] {logging_mixin.py:190} INFO - [2025-03-29T17:13:05.935+0000] {dagbag.py:588} INFO - Filling up the DagBag from /opt/airflow/dags/env/Scripts/google-oauthlib-tool.exe
[2025-03-29T17:13:05.949+0000] {logging_mixin.py:190} INFO - [2025-03-29T17:13:05.949+0000] {dagbag.py:435} INFO - File /opt/airflow/dags/env/Scripts/google-oauthlib-tool.exe:__main__.py assumed to contain no DAGs. Skipping.
[2025-03-29T17:13:05.950+0000] {processor.py:927} WARNING - No viable dags retrieved from /opt/airflow/dags/env/Scripts/google-oauthlib-tool.exe
[2025-03-29T17:13:05.979+0000] {processor.py:208} INFO - Processing /opt/airflow/dags/env/Scripts/google-oauthlib-tool.exe took 0.057 seconds
[2025-03-29T17:13:36.535+0000] {processor.py:186} INFO - Started process (PID=307) to work on /opt/airflow/dags/env/Scripts/google-oauthlib-tool.exe
[2025-03-29T17:13:36.536+0000] {processor.py:914} INFO - Processing file /opt/airflow/dags/env/Scripts/google-oauthlib-tool.exe for tasks to queue
[2025-03-29T17:13:36.540+0000] {logging_mixin.py:190} INFO - [2025-03-29T17:13:36.540+0000] {dagbag.py:588} INFO - Filling up the DagBag from /opt/airflow/dags/env/Scripts/google-oauthlib-tool.exe
[2025-03-29T17:13:36.553+0000] {logging_mixin.py:190} INFO - [2025-03-29T17:13:36.553+0000] {dagbag.py:435} INFO - File /opt/airflow/dags/env/Scripts/google-oauthlib-tool.exe:__main__.py assumed to contain no DAGs. Skipping.
[2025-03-29T17:13:36.554+0000] {processor.py:927} WARNING - No viable dags retrieved from /opt/airflow/dags/env/Scripts/google-oauthlib-tool.exe
[2025-03-29T17:13:36.579+0000] {processor.py:208} INFO - Processing /opt/airflow/dags/env/Scripts/google-oauthlib-tool.exe took 0.053 seconds
[2025-03-29T17:14:06.840+0000] {processor.py:186} INFO - Started process (PID=331) to work on /opt/airflow/dags/env/Scripts/google-oauthlib-tool.exe
[2025-03-29T17:14:06.842+0000] {processor.py:914} INFO - Processing file /opt/airflow/dags/env/Scripts/google-oauthlib-tool.exe for tasks to queue
[2025-03-29T17:14:06.847+0000] {logging_mixin.py:190} INFO - [2025-03-29T17:14:06.846+0000] {dagbag.py:588} INFO - Filling up the DagBag from /opt/airflow/dags/env/Scripts/google-oauthlib-tool.exe
[2025-03-29T17:14:06.861+0000] {logging_mixin.py:190} INFO - [2025-03-29T17:14:06.861+0000] {dagbag.py:435} INFO - File /opt/airflow/dags/env/Scripts/google-oauthlib-tool.exe:__main__.py assumed to contain no DAGs. Skipping.
[2025-03-29T17:14:06.863+0000] {processor.py:927} WARNING - No viable dags retrieved from /opt/airflow/dags/env/Scripts/google-oauthlib-tool.exe
[2025-03-29T17:14:06.893+0000] {processor.py:208} INFO - Processing /opt/airflow/dags/env/Scripts/google-oauthlib-tool.exe took 0.065 seconds
[2025-03-29T17:18:08.485+0000] {processor.py:186} INFO - Started process (PID=335) to work on /opt/airflow/dags/env/Scripts/google-oauthlib-tool.exe
[2025-03-29T17:18:08.487+0000] {processor.py:914} INFO - Processing file /opt/airflow/dags/env/Scripts/google-oauthlib-tool.exe for tasks to queue
[2025-03-29T17:18:08.490+0000] {logging_mixin.py:190} INFO - [2025-03-29T17:18:08.490+0000] {dagbag.py:588} INFO - Filling up the DagBag from /opt/airflow/dags/env/Scripts/google-oauthlib-tool.exe
[2025-03-29T17:18:08.507+0000] {logging_mixin.py:190} INFO - [2025-03-29T17:18:08.506+0000] {dagbag.py:435} INFO - File /opt/airflow/dags/env/Scripts/google-oauthlib-tool.exe:__main__.py assumed to contain no DAGs. Skipping.
[2025-03-29T17:18:08.508+0000] {processor.py:927} WARNING - No viable dags retrieved from /opt/airflow/dags/env/Scripts/google-oauthlib-tool.exe
[2025-03-29T17:18:08.536+0000] {processor.py:208} INFO - Processing /opt/airflow/dags/env/Scripts/google-oauthlib-tool.exe took 0.060 seconds
[2025-03-29T17:18:39.653+0000] {processor.py:186} INFO - Started process (PID=359) to work on /opt/airflow/dags/env/Scripts/google-oauthlib-tool.exe
[2025-03-29T17:18:39.654+0000] {processor.py:914} INFO - Processing file /opt/airflow/dags/env/Scripts/google-oauthlib-tool.exe for tasks to queue
[2025-03-29T17:18:39.657+0000] {logging_mixin.py:190} INFO - [2025-03-29T17:18:39.657+0000] {dagbag.py:588} INFO - Filling up the DagBag from /opt/airflow/dags/env/Scripts/google-oauthlib-tool.exe
[2025-03-29T17:18:39.668+0000] {logging_mixin.py:190} INFO - [2025-03-29T17:18:39.668+0000] {dagbag.py:435} INFO - File /opt/airflow/dags/env/Scripts/google-oauthlib-tool.exe:__main__.py assumed to contain no DAGs. Skipping.
[2025-03-29T17:18:39.669+0000] {processor.py:927} WARNING - No viable dags retrieved from /opt/airflow/dags/env/Scripts/google-oauthlib-tool.exe
[2025-03-29T17:18:39.693+0000] {processor.py:208} INFO - Processing /opt/airflow/dags/env/Scripts/google-oauthlib-tool.exe took 0.047 seconds
[2025-03-29T17:23:02.346+0000] {processor.py:186} INFO - Started process (PID=385) to work on /opt/airflow/dags/env/Scripts/google-oauthlib-tool.exe
[2025-03-29T17:23:02.348+0000] {processor.py:914} INFO - Processing file /opt/airflow/dags/env/Scripts/google-oauthlib-tool.exe for tasks to queue
[2025-03-29T17:23:02.351+0000] {logging_mixin.py:190} INFO - [2025-03-29T17:23:02.350+0000] {dagbag.py:588} INFO - Filling up the DagBag from /opt/airflow/dags/env/Scripts/google-oauthlib-tool.exe
[2025-03-29T17:23:02.364+0000] {logging_mixin.py:190} INFO - [2025-03-29T17:23:02.364+0000] {dagbag.py:435} INFO - File /opt/airflow/dags/env/Scripts/google-oauthlib-tool.exe:__main__.py assumed to contain no DAGs. Skipping.
[2025-03-29T17:23:02.365+0000] {processor.py:927} WARNING - No viable dags retrieved from /opt/airflow/dags/env/Scripts/google-oauthlib-tool.exe
[2025-03-29T17:23:02.390+0000] {processor.py:208} INFO - Processing /opt/airflow/dags/env/Scripts/google-oauthlib-tool.exe took 0.050 seconds
[2025-03-29T17:23:32.847+0000] {processor.py:186} INFO - Started process (PID=409) to work on /opt/airflow/dags/env/Scripts/google-oauthlib-tool.exe
[2025-03-29T17:23:32.849+0000] {processor.py:914} INFO - Processing file /opt/airflow/dags/env/Scripts/google-oauthlib-tool.exe for tasks to queue
[2025-03-29T17:23:32.852+0000] {logging_mixin.py:190} INFO - [2025-03-29T17:23:32.851+0000] {dagbag.py:588} INFO - Filling up the DagBag from /opt/airflow/dags/env/Scripts/google-oauthlib-tool.exe
[2025-03-29T17:23:32.864+0000] {logging_mixin.py:190} INFO - [2025-03-29T17:23:32.864+0000] {dagbag.py:435} INFO - File /opt/airflow/dags/env/Scripts/google-oauthlib-tool.exe:__main__.py assumed to contain no DAGs. Skipping.
[2025-03-29T17:23:32.865+0000] {processor.py:927} WARNING - No viable dags retrieved from /opt/airflow/dags/env/Scripts/google-oauthlib-tool.exe
[2025-03-29T17:23:32.890+0000] {processor.py:208} INFO - Processing /opt/airflow/dags/env/Scripts/google-oauthlib-tool.exe took 0.052 seconds
[2025-03-29T17:24:04.230+0000] {processor.py:186} INFO - Started process (PID=433) to work on /opt/airflow/dags/env/Scripts/google-oauthlib-tool.exe
[2025-03-29T17:24:04.232+0000] {processor.py:914} INFO - Processing file /opt/airflow/dags/env/Scripts/google-oauthlib-tool.exe for tasks to queue
[2025-03-29T17:24:04.235+0000] {logging_mixin.py:190} INFO - [2025-03-29T17:24:04.235+0000] {dagbag.py:588} INFO - Filling up the DagBag from /opt/airflow/dags/env/Scripts/google-oauthlib-tool.exe
[2025-03-29T17:24:04.251+0000] {logging_mixin.py:190} INFO - [2025-03-29T17:24:04.251+0000] {dagbag.py:435} INFO - File /opt/airflow/dags/env/Scripts/google-oauthlib-tool.exe:__main__.py assumed to contain no DAGs. Skipping.
[2025-03-29T17:24:04.252+0000] {processor.py:927} WARNING - No viable dags retrieved from /opt/airflow/dags/env/Scripts/google-oauthlib-tool.exe
[2025-03-29T17:24:04.280+0000] {processor.py:208} INFO - Processing /opt/airflow/dags/env/Scripts/google-oauthlib-tool.exe took 0.058 seconds
[2025-03-29T17:28:06.609+0000] {processor.py:186} INFO - Started process (PID=443) to work on /opt/airflow/dags/env/Scripts/google-oauthlib-tool.exe
[2025-03-29T17:28:06.610+0000] {processor.py:914} INFO - Processing file /opt/airflow/dags/env/Scripts/google-oauthlib-tool.exe for tasks to queue
[2025-03-29T17:28:06.613+0000] {logging_mixin.py:190} INFO - [2025-03-29T17:28:06.612+0000] {dagbag.py:588} INFO - Filling up the DagBag from /opt/airflow/dags/env/Scripts/google-oauthlib-tool.exe
[2025-03-29T17:28:06.625+0000] {logging_mixin.py:190} INFO - [2025-03-29T17:28:06.625+0000] {dagbag.py:435} INFO - File /opt/airflow/dags/env/Scripts/google-oauthlib-tool.exe:__main__.py assumed to contain no DAGs. Skipping.
[2025-03-29T17:28:06.626+0000] {processor.py:927} WARNING - No viable dags retrieved from /opt/airflow/dags/env/Scripts/google-oauthlib-tool.exe
[2025-03-29T17:28:06.650+0000] {processor.py:208} INFO - Processing /opt/airflow/dags/env/Scripts/google-oauthlib-tool.exe took 0.048 seconds
[2025-03-29T17:28:37.391+0000] {processor.py:186} INFO - Started process (PID=467) to work on /opt/airflow/dags/env/Scripts/google-oauthlib-tool.exe
[2025-03-29T17:28:37.392+0000] {processor.py:914} INFO - Processing file /opt/airflow/dags/env/Scripts/google-oauthlib-tool.exe for tasks to queue
[2025-03-29T17:28:37.395+0000] {logging_mixin.py:190} INFO - [2025-03-29T17:28:37.395+0000] {dagbag.py:588} INFO - Filling up the DagBag from /opt/airflow/dags/env/Scripts/google-oauthlib-tool.exe
[2025-03-29T17:28:37.408+0000] {logging_mixin.py:190} INFO - [2025-03-29T17:28:37.408+0000] {dagbag.py:435} INFO - File /opt/airflow/dags/env/Scripts/google-oauthlib-tool.exe:__main__.py assumed to contain no DAGs. Skipping.
[2025-03-29T17:28:37.409+0000] {processor.py:927} WARNING - No viable dags retrieved from /opt/airflow/dags/env/Scripts/google-oauthlib-tool.exe
[2025-03-29T17:28:37.434+0000] {processor.py:208} INFO - Processing /opt/airflow/dags/env/Scripts/google-oauthlib-tool.exe took 0.050 seconds
[2025-03-29T17:29:07.952+0000] {processor.py:186} INFO - Started process (PID=491) to work on /opt/airflow/dags/env/Scripts/google-oauthlib-tool.exe
[2025-03-29T17:29:07.953+0000] {processor.py:914} INFO - Processing file /opt/airflow/dags/env/Scripts/google-oauthlib-tool.exe for tasks to queue
[2025-03-29T17:29:07.956+0000] {logging_mixin.py:190} INFO - [2025-03-29T17:29:07.956+0000] {dagbag.py:588} INFO - Filling up the DagBag from /opt/airflow/dags/env/Scripts/google-oauthlib-tool.exe
[2025-03-29T17:29:07.968+0000] {logging_mixin.py:190} INFO - [2025-03-29T17:29:07.968+0000] {dagbag.py:435} INFO - File /opt/airflow/dags/env/Scripts/google-oauthlib-tool.exe:__main__.py assumed to contain no DAGs. Skipping.
[2025-03-29T17:29:07.970+0000] {processor.py:927} WARNING - No viable dags retrieved from /opt/airflow/dags/env/Scripts/google-oauthlib-tool.exe
[2025-03-29T17:29:07.998+0000] {processor.py:208} INFO - Processing /opt/airflow/dags/env/Scripts/google-oauthlib-tool.exe took 0.052 seconds
[2025-03-29T17:33:05.656+0000] {processor.py:186} INFO - Started process (PID=495) to work on /opt/airflow/dags/env/Scripts/google-oauthlib-tool.exe
[2025-03-29T17:33:05.657+0000] {processor.py:914} INFO - Processing file /opt/airflow/dags/env/Scripts/google-oauthlib-tool.exe for tasks to queue
[2025-03-29T17:33:05.660+0000] {logging_mixin.py:190} INFO - [2025-03-29T17:33:05.660+0000] {dagbag.py:588} INFO - Filling up the DagBag from /opt/airflow/dags/env/Scripts/google-oauthlib-tool.exe
[2025-03-29T17:33:05.674+0000] {logging_mixin.py:190} INFO - [2025-03-29T17:33:05.674+0000] {dagbag.py:435} INFO - File /opt/airflow/dags/env/Scripts/google-oauthlib-tool.exe:__main__.py assumed to contain no DAGs. Skipping.
[2025-03-29T17:33:05.675+0000] {processor.py:927} WARNING - No viable dags retrieved from /opt/airflow/dags/env/Scripts/google-oauthlib-tool.exe
[2025-03-29T17:33:05.707+0000] {processor.py:208} INFO - Processing /opt/airflow/dags/env/Scripts/google-oauthlib-tool.exe took 0.060 seconds
[2025-03-29T17:33:36.231+0000] {processor.py:186} INFO - Started process (PID=519) to work on /opt/airflow/dags/env/Scripts/google-oauthlib-tool.exe
[2025-03-29T17:33:36.232+0000] {processor.py:914} INFO - Processing file /opt/airflow/dags/env/Scripts/google-oauthlib-tool.exe for tasks to queue
[2025-03-29T17:33:36.236+0000] {logging_mixin.py:190} INFO - [2025-03-29T17:33:36.235+0000] {dagbag.py:588} INFO - Filling up the DagBag from /opt/airflow/dags/env/Scripts/google-oauthlib-tool.exe
[2025-03-29T17:33:36.249+0000] {logging_mixin.py:190} INFO - [2025-03-29T17:33:36.249+0000] {dagbag.py:435} INFO - File /opt/airflow/dags/env/Scripts/google-oauthlib-tool.exe:__main__.py assumed to contain no DAGs. Skipping.
[2025-03-29T17:33:36.251+0000] {processor.py:927} WARNING - No viable dags retrieved from /opt/airflow/dags/env/Scripts/google-oauthlib-tool.exe
[2025-03-29T17:33:36.277+0000] {processor.py:208} INFO - Processing /opt/airflow/dags/env/Scripts/google-oauthlib-tool.exe took 0.055 seconds
[2025-03-29T17:34:07.310+0000] {processor.py:186} INFO - Started process (PID=543) to work on /opt/airflow/dags/env/Scripts/google-oauthlib-tool.exe
[2025-03-29T17:34:07.313+0000] {processor.py:914} INFO - Processing file /opt/airflow/dags/env/Scripts/google-oauthlib-tool.exe for tasks to queue
[2025-03-29T17:34:07.317+0000] {logging_mixin.py:190} INFO - [2025-03-29T17:34:07.316+0000] {dagbag.py:588} INFO - Filling up the DagBag from /opt/airflow/dags/env/Scripts/google-oauthlib-tool.exe
[2025-03-29T17:34:07.329+0000] {logging_mixin.py:190} INFO - [2025-03-29T17:34:07.329+0000] {dagbag.py:435} INFO - File /opt/airflow/dags/env/Scripts/google-oauthlib-tool.exe:__main__.py assumed to contain no DAGs. Skipping.
[2025-03-29T17:34:07.330+0000] {processor.py:927} WARNING - No viable dags retrieved from /opt/airflow/dags/env/Scripts/google-oauthlib-tool.exe
[2025-03-29T17:34:07.353+0000] {processor.py:208} INFO - Processing /opt/airflow/dags/env/Scripts/google-oauthlib-tool.exe took 0.054 seconds
[2025-03-29T17:38:03.594+0000] {processor.py:186} INFO - Started process (PID=549) to work on /opt/airflow/dags/env/Scripts/google-oauthlib-tool.exe
[2025-03-29T17:38:03.595+0000] {processor.py:914} INFO - Processing file /opt/airflow/dags/env/Scripts/google-oauthlib-tool.exe for tasks to queue
[2025-03-29T17:38:03.598+0000] {logging_mixin.py:190} INFO - [2025-03-29T17:38:03.598+0000] {dagbag.py:588} INFO - Filling up the DagBag from /opt/airflow/dags/env/Scripts/google-oauthlib-tool.exe
[2025-03-29T17:38:03.611+0000] {logging_mixin.py:190} INFO - [2025-03-29T17:38:03.611+0000] {dagbag.py:435} INFO - File /opt/airflow/dags/env/Scripts/google-oauthlib-tool.exe:__main__.py assumed to contain no DAGs. Skipping.
[2025-03-29T17:38:03.612+0000] {processor.py:927} WARNING - No viable dags retrieved from /opt/airflow/dags/env/Scripts/google-oauthlib-tool.exe
[2025-03-29T17:38:03.636+0000] {processor.py:208} INFO - Processing /opt/airflow/dags/env/Scripts/google-oauthlib-tool.exe took 0.050 seconds
[2025-03-29T17:38:34.091+0000] {processor.py:186} INFO - Started process (PID=573) to work on /opt/airflow/dags/env/Scripts/google-oauthlib-tool.exe
[2025-03-29T17:38:34.092+0000] {processor.py:914} INFO - Processing file /opt/airflow/dags/env/Scripts/google-oauthlib-tool.exe for tasks to queue
[2025-03-29T17:38:34.095+0000] {logging_mixin.py:190} INFO - [2025-03-29T17:38:34.095+0000] {dagbag.py:588} INFO - Filling up the DagBag from /opt/airflow/dags/env/Scripts/google-oauthlib-tool.exe
[2025-03-29T17:38:34.106+0000] {logging_mixin.py:190} INFO - [2025-03-29T17:38:34.106+0000] {dagbag.py:435} INFO - File /opt/airflow/dags/env/Scripts/google-oauthlib-tool.exe:__main__.py assumed to contain no DAGs. Skipping.
[2025-03-29T17:38:34.107+0000] {processor.py:927} WARNING - No viable dags retrieved from /opt/airflow/dags/env/Scripts/google-oauthlib-tool.exe
[2025-03-29T17:38:34.131+0000] {processor.py:208} INFO - Processing /opt/airflow/dags/env/Scripts/google-oauthlib-tool.exe took 0.047 seconds
[2025-03-29T17:39:05.074+0000] {processor.py:186} INFO - Started process (PID=597) to work on /opt/airflow/dags/env/Scripts/google-oauthlib-tool.exe
[2025-03-29T17:39:05.076+0000] {processor.py:914} INFO - Processing file /opt/airflow/dags/env/Scripts/google-oauthlib-tool.exe for tasks to queue
[2025-03-29T17:39:05.079+0000] {logging_mixin.py:190} INFO - [2025-03-29T17:39:05.079+0000] {dagbag.py:588} INFO - Filling up the DagBag from /opt/airflow/dags/env/Scripts/google-oauthlib-tool.exe
[2025-03-29T17:39:05.095+0000] {logging_mixin.py:190} INFO - [2025-03-29T17:39:05.095+0000] {dagbag.py:435} INFO - File /opt/airflow/dags/env/Scripts/google-oauthlib-tool.exe:__main__.py assumed to contain no DAGs. Skipping.
[2025-03-29T17:39:05.096+0000] {processor.py:927} WARNING - No viable dags retrieved from /opt/airflow/dags/env/Scripts/google-oauthlib-tool.exe
[2025-03-29T17:39:05.123+0000] {processor.py:208} INFO - Processing /opt/airflow/dags/env/Scripts/google-oauthlib-tool.exe took 0.056 seconds
[2025-03-29T17:43:04.005+0000] {processor.py:186} INFO - Started process (PID=605) to work on /opt/airflow/dags/env/Scripts/google-oauthlib-tool.exe
[2025-03-29T17:43:04.006+0000] {processor.py:914} INFO - Processing file /opt/airflow/dags/env/Scripts/google-oauthlib-tool.exe for tasks to queue
[2025-03-29T17:43:04.009+0000] {logging_mixin.py:190} INFO - [2025-03-29T17:43:04.009+0000] {dagbag.py:588} INFO - Filling up the DagBag from /opt/airflow/dags/env/Scripts/google-oauthlib-tool.exe
[2025-03-29T17:43:04.020+0000] {logging_mixin.py:190} INFO - [2025-03-29T17:43:04.020+0000] {dagbag.py:435} INFO - File /opt/airflow/dags/env/Scripts/google-oauthlib-tool.exe:__main__.py assumed to contain no DAGs. Skipping.
[2025-03-29T17:43:04.021+0000] {processor.py:927} WARNING - No viable dags retrieved from /opt/airflow/dags/env/Scripts/google-oauthlib-tool.exe
[2025-03-29T17:43:04.048+0000] {processor.py:208} INFO - Processing /opt/airflow/dags/env/Scripts/google-oauthlib-tool.exe took 0.050 seconds
[2025-03-29T17:43:34.481+0000] {processor.py:186} INFO - Started process (PID=629) to work on /opt/airflow/dags/env/Scripts/google-oauthlib-tool.exe
[2025-03-29T17:43:34.483+0000] {processor.py:914} INFO - Processing file /opt/airflow/dags/env/Scripts/google-oauthlib-tool.exe for tasks to queue
[2025-03-29T17:43:34.487+0000] {logging_mixin.py:190} INFO - [2025-03-29T17:43:34.486+0000] {dagbag.py:588} INFO - Filling up the DagBag from /opt/airflow/dags/env/Scripts/google-oauthlib-tool.exe
[2025-03-29T17:43:34.498+0000] {logging_mixin.py:190} INFO - [2025-03-29T17:43:34.498+0000] {dagbag.py:435} INFO - File /opt/airflow/dags/env/Scripts/google-oauthlib-tool.exe:__main__.py assumed to contain no DAGs. Skipping.
[2025-03-29T17:43:34.500+0000] {processor.py:927} WARNING - No viable dags retrieved from /opt/airflow/dags/env/Scripts/google-oauthlib-tool.exe
[2025-03-29T17:43:34.523+0000] {processor.py:208} INFO - Processing /opt/airflow/dags/env/Scripts/google-oauthlib-tool.exe took 0.052 seconds
[2025-03-29T17:44:05.738+0000] {processor.py:186} INFO - Started process (PID=653) to work on /opt/airflow/dags/env/Scripts/google-oauthlib-tool.exe
[2025-03-29T17:44:05.739+0000] {processor.py:914} INFO - Processing file /opt/airflow/dags/env/Scripts/google-oauthlib-tool.exe for tasks to queue
[2025-03-29T17:44:05.744+0000] {logging_mixin.py:190} INFO - [2025-03-29T17:44:05.743+0000] {dagbag.py:588} INFO - Filling up the DagBag from /opt/airflow/dags/env/Scripts/google-oauthlib-tool.exe
[2025-03-29T17:44:05.758+0000] {logging_mixin.py:190} INFO - [2025-03-29T17:44:05.757+0000] {dagbag.py:435} INFO - File /opt/airflow/dags/env/Scripts/google-oauthlib-tool.exe:__main__.py assumed to contain no DAGs. Skipping.
[2025-03-29T17:44:05.759+0000] {processor.py:927} WARNING - No viable dags retrieved from /opt/airflow/dags/env/Scripts/google-oauthlib-tool.exe
[2025-03-29T17:44:05.789+0000] {processor.py:208} INFO - Processing /opt/airflow/dags/env/Scripts/google-oauthlib-tool.exe took 0.062 seconds
[2025-03-29T17:48:07.286+0000] {processor.py:186} INFO - Started process (PID=660) to work on /opt/airflow/dags/env/Scripts/google-oauthlib-tool.exe
[2025-03-29T17:48:07.288+0000] {processor.py:914} INFO - Processing file /opt/airflow/dags/env/Scripts/google-oauthlib-tool.exe for tasks to queue
[2025-03-29T17:48:07.292+0000] {logging_mixin.py:190} INFO - [2025-03-29T17:48:07.292+0000] {dagbag.py:588} INFO - Filling up the DagBag from /opt/airflow/dags/env/Scripts/google-oauthlib-tool.exe
[2025-03-29T17:48:07.310+0000] {logging_mixin.py:190} INFO - [2025-03-29T17:48:07.309+0000] {dagbag.py:435} INFO - File /opt/airflow/dags/env/Scripts/google-oauthlib-tool.exe:__main__.py assumed to contain no DAGs. Skipping.
[2025-03-29T17:48:07.311+0000] {processor.py:927} WARNING - No viable dags retrieved from /opt/airflow/dags/env/Scripts/google-oauthlib-tool.exe
[2025-03-29T17:48:07.345+0000] {processor.py:208} INFO - Processing /opt/airflow/dags/env/Scripts/google-oauthlib-tool.exe took 0.069 seconds
[2025-03-29T17:48:37.647+0000] {processor.py:186} INFO - Started process (PID=684) to work on /opt/airflow/dags/env/Scripts/google-oauthlib-tool.exe
[2025-03-29T17:48:37.648+0000] {processor.py:914} INFO - Processing file /opt/airflow/dags/env/Scripts/google-oauthlib-tool.exe for tasks to queue
[2025-03-29T17:48:37.651+0000] {logging_mixin.py:190} INFO - [2025-03-29T17:48:37.651+0000] {dagbag.py:588} INFO - Filling up the DagBag from /opt/airflow/dags/env/Scripts/google-oauthlib-tool.exe
[2025-03-29T17:48:37.662+0000] {logging_mixin.py:190} INFO - [2025-03-29T17:48:37.662+0000] {dagbag.py:435} INFO - File /opt/airflow/dags/env/Scripts/google-oauthlib-tool.exe:__main__.py assumed to contain no DAGs. Skipping.
[2025-03-29T17:48:37.663+0000] {processor.py:927} WARNING - No viable dags retrieved from /opt/airflow/dags/env/Scripts/google-oauthlib-tool.exe
[2025-03-29T17:48:37.687+0000] {processor.py:208} INFO - Processing /opt/airflow/dags/env/Scripts/google-oauthlib-tool.exe took 0.047 seconds
[2025-03-29T17:49:08.943+0000] {processor.py:186} INFO - Started process (PID=708) to work on /opt/airflow/dags/env/Scripts/google-oauthlib-tool.exe
[2025-03-29T17:49:08.944+0000] {processor.py:914} INFO - Processing file /opt/airflow/dags/env/Scripts/google-oauthlib-tool.exe for tasks to queue
[2025-03-29T17:49:08.947+0000] {logging_mixin.py:190} INFO - [2025-03-29T17:49:08.947+0000] {dagbag.py:588} INFO - Filling up the DagBag from /opt/airflow/dags/env/Scripts/google-oauthlib-tool.exe
[2025-03-29T17:49:08.957+0000] {logging_mixin.py:190} INFO - [2025-03-29T17:49:08.956+0000] {dagbag.py:435} INFO - File /opt/airflow/dags/env/Scripts/google-oauthlib-tool.exe:__main__.py assumed to contain no DAGs. Skipping.
[2025-03-29T17:49:08.958+0000] {processor.py:927} WARNING - No viable dags retrieved from /opt/airflow/dags/env/Scripts/google-oauthlib-tool.exe
[2025-03-29T17:49:08.979+0000] {processor.py:208} INFO - Processing /opt/airflow/dags/env/Scripts/google-oauthlib-tool.exe took 0.043 seconds
[2025-03-29T17:53:08.028+0000] {processor.py:186} INFO - Started process (PID=713) to work on /opt/airflow/dags/env/Scripts/google-oauthlib-tool.exe
[2025-03-29T17:53:08.029+0000] {processor.py:914} INFO - Processing file /opt/airflow/dags/env/Scripts/google-oauthlib-tool.exe for tasks to queue
[2025-03-29T17:53:08.033+0000] {logging_mixin.py:190} INFO - [2025-03-29T17:53:08.032+0000] {dagbag.py:588} INFO - Filling up the DagBag from /opt/airflow/dags/env/Scripts/google-oauthlib-tool.exe
[2025-03-29T17:53:08.046+0000] {logging_mixin.py:190} INFO - [2025-03-29T17:53:08.045+0000] {dagbag.py:435} INFO - File /opt/airflow/dags/env/Scripts/google-oauthlib-tool.exe:__main__.py assumed to contain no DAGs. Skipping.
[2025-03-29T17:53:08.047+0000] {processor.py:927} WARNING - No viable dags retrieved from /opt/airflow/dags/env/Scripts/google-oauthlib-tool.exe
[2025-03-29T17:53:08.073+0000] {processor.py:208} INFO - Processing /opt/airflow/dags/env/Scripts/google-oauthlib-tool.exe took 0.052 seconds
[2025-03-29T17:53:39.187+0000] {processor.py:186} INFO - Started process (PID=737) to work on /opt/airflow/dags/env/Scripts/google-oauthlib-tool.exe
[2025-03-29T17:53:39.188+0000] {processor.py:914} INFO - Processing file /opt/airflow/dags/env/Scripts/google-oauthlib-tool.exe for tasks to queue
[2025-03-29T17:53:39.192+0000] {logging_mixin.py:190} INFO - [2025-03-29T17:53:39.191+0000] {dagbag.py:588} INFO - Filling up the DagBag from /opt/airflow/dags/env/Scripts/google-oauthlib-tool.exe
[2025-03-29T17:53:39.207+0000] {logging_mixin.py:190} INFO - [2025-03-29T17:53:39.206+0000] {dagbag.py:435} INFO - File /opt/airflow/dags/env/Scripts/google-oauthlib-tool.exe:__main__.py assumed to contain no DAGs. Skipping.
[2025-03-29T17:53:39.208+0000] {processor.py:927} WARNING - No viable dags retrieved from /opt/airflow/dags/env/Scripts/google-oauthlib-tool.exe
[2025-03-29T17:53:39.232+0000] {processor.py:208} INFO - Processing /opt/airflow/dags/env/Scripts/google-oauthlib-tool.exe took 0.052 seconds
[2025-03-29T17:54:10.466+0000] {processor.py:186} INFO - Started process (PID=761) to work on /opt/airflow/dags/env/Scripts/google-oauthlib-tool.exe
[2025-03-29T17:54:10.467+0000] {processor.py:914} INFO - Processing file /opt/airflow/dags/env/Scripts/google-oauthlib-tool.exe for tasks to queue
[2025-03-29T17:54:10.471+0000] {logging_mixin.py:190} INFO - [2025-03-29T17:54:10.470+0000] {dagbag.py:588} INFO - Filling up the DagBag from /opt/airflow/dags/env/Scripts/google-oauthlib-tool.exe
[2025-03-29T17:54:10.485+0000] {logging_mixin.py:190} INFO - [2025-03-29T17:54:10.484+0000] {dagbag.py:435} INFO - File /opt/airflow/dags/env/Scripts/google-oauthlib-tool.exe:__main__.py assumed to contain no DAGs. Skipping.
[2025-03-29T17:54:10.486+0000] {processor.py:927} WARNING - No viable dags retrieved from /opt/airflow/dags/env/Scripts/google-oauthlib-tool.exe
[2025-03-29T17:54:10.511+0000] {processor.py:208} INFO - Processing /opt/airflow/dags/env/Scripts/google-oauthlib-tool.exe took 0.056 seconds
[2025-03-29T17:58:09.432+0000] {processor.py:186} INFO - Started process (PID=765) to work on /opt/airflow/dags/env/Scripts/google-oauthlib-tool.exe
[2025-03-29T17:58:09.448+0000] {processor.py:914} INFO - Processing file /opt/airflow/dags/env/Scripts/google-oauthlib-tool.exe for tasks to queue
[2025-03-29T17:58:09.456+0000] {logging_mixin.py:190} INFO - [2025-03-29T17:58:09.455+0000] {dagbag.py:588} INFO - Filling up the DagBag from /opt/airflow/dags/env/Scripts/google-oauthlib-tool.exe
[2025-03-29T17:58:09.484+0000] {logging_mixin.py:190} INFO - [2025-03-29T17:58:09.484+0000] {dagbag.py:435} INFO - File /opt/airflow/dags/env/Scripts/google-oauthlib-tool.exe:__main__.py assumed to contain no DAGs. Skipping.
[2025-03-29T17:58:09.486+0000] {processor.py:927} WARNING - No viable dags retrieved from /opt/airflow/dags/env/Scripts/google-oauthlib-tool.exe
[2025-03-29T17:58:09.521+0000] {processor.py:208} INFO - Processing /opt/airflow/dags/env/Scripts/google-oauthlib-tool.exe took 0.104 seconds
[2025-03-29T17:58:40.703+0000] {processor.py:186} INFO - Started process (PID=789) to work on /opt/airflow/dags/env/Scripts/google-oauthlib-tool.exe
[2025-03-29T17:58:40.704+0000] {processor.py:914} INFO - Processing file /opt/airflow/dags/env/Scripts/google-oauthlib-tool.exe for tasks to queue
[2025-03-29T17:58:40.709+0000] {logging_mixin.py:190} INFO - [2025-03-29T17:58:40.708+0000] {dagbag.py:588} INFO - Filling up the DagBag from /opt/airflow/dags/env/Scripts/google-oauthlib-tool.exe
[2025-03-29T17:58:40.724+0000] {logging_mixin.py:190} INFO - [2025-03-29T17:58:40.724+0000] {dagbag.py:435} INFO - File /opt/airflow/dags/env/Scripts/google-oauthlib-tool.exe:__main__.py assumed to contain no DAGs. Skipping.
[2025-03-29T17:58:40.725+0000] {processor.py:927} WARNING - No viable dags retrieved from /opt/airflow/dags/env/Scripts/google-oauthlib-tool.exe
[2025-03-29T17:58:40.754+0000] {processor.py:208} INFO - Processing /opt/airflow/dags/env/Scripts/google-oauthlib-tool.exe took 0.061 seconds
[2025-03-29T17:59:11.173+0000] {processor.py:186} INFO - Started process (PID=813) to work on /opt/airflow/dags/env/Scripts/google-oauthlib-tool.exe
[2025-03-29T17:59:11.175+0000] {processor.py:914} INFO - Processing file /opt/airflow/dags/env/Scripts/google-oauthlib-tool.exe for tasks to queue
[2025-03-29T17:59:11.178+0000] {logging_mixin.py:190} INFO - [2025-03-29T17:59:11.178+0000] {dagbag.py:588} INFO - Filling up the DagBag from /opt/airflow/dags/env/Scripts/google-oauthlib-tool.exe
[2025-03-29T17:59:11.191+0000] {logging_mixin.py:190} INFO - [2025-03-29T17:59:11.190+0000] {dagbag.py:435} INFO - File /opt/airflow/dags/env/Scripts/google-oauthlib-tool.exe:__main__.py assumed to contain no DAGs. Skipping.
[2025-03-29T17:59:11.192+0000] {processor.py:927} WARNING - No viable dags retrieved from /opt/airflow/dags/env/Scripts/google-oauthlib-tool.exe
[2025-03-29T17:59:11.216+0000] {processor.py:208} INFO - Processing /opt/airflow/dags/env/Scripts/google-oauthlib-tool.exe took 0.053 seconds
[2025-03-29T18:20:51.544+0000] {processor.py:186} INFO - Started process (PID=817) to work on /opt/airflow/dags/env/Scripts/google-oauthlib-tool.exe
[2025-03-29T18:20:51.546+0000] {processor.py:914} INFO - Processing file /opt/airflow/dags/env/Scripts/google-oauthlib-tool.exe for tasks to queue
[2025-03-29T18:20:51.553+0000] {logging_mixin.py:190} INFO - [2025-03-29T18:20:51.552+0000] {dagbag.py:588} INFO - Filling up the DagBag from /opt/airflow/dags/env/Scripts/google-oauthlib-tool.exe
[2025-03-29T18:20:51.573+0000] {logging_mixin.py:190} INFO - [2025-03-29T18:20:51.573+0000] {dagbag.py:435} INFO - File /opt/airflow/dags/env/Scripts/google-oauthlib-tool.exe:__main__.py assumed to contain no DAGs. Skipping.
[2025-03-29T18:20:51.575+0000] {processor.py:927} WARNING - No viable dags retrieved from /opt/airflow/dags/env/Scripts/google-oauthlib-tool.exe
[2025-03-29T18:20:51.643+0000] {processor.py:208} INFO - Processing /opt/airflow/dags/env/Scripts/google-oauthlib-tool.exe took 0.112 seconds
[2025-03-29T18:41:01.628+0000] {processor.py:186} INFO - Started process (PID=841) to work on /opt/airflow/dags/env/Scripts/google-oauthlib-tool.exe
[2025-03-29T18:41:01.630+0000] {processor.py:914} INFO - Processing file /opt/airflow/dags/env/Scripts/google-oauthlib-tool.exe for tasks to queue
[2025-03-29T18:41:01.634+0000] {logging_mixin.py:190} INFO - [2025-03-29T18:41:01.633+0000] {dagbag.py:588} INFO - Filling up the DagBag from /opt/airflow/dags/env/Scripts/google-oauthlib-tool.exe
[2025-03-29T18:41:01.650+0000] {logging_mixin.py:190} INFO - [2025-03-29T18:41:01.650+0000] {dagbag.py:435} INFO - File /opt/airflow/dags/env/Scripts/google-oauthlib-tool.exe:__main__.py assumed to contain no DAGs. Skipping.
[2025-03-29T18:41:01.652+0000] {processor.py:927} WARNING - No viable dags retrieved from /opt/airflow/dags/env/Scripts/google-oauthlib-tool.exe
[2025-03-29T18:41:01.680+0000] {processor.py:208} INFO - Processing /opt/airflow/dags/env/Scripts/google-oauthlib-tool.exe took 0.061 seconds
[2025-03-29T19:03:31.771+0000] {processor.py:186} INFO - Started process (PID=853) to work on /opt/airflow/dags/env/Scripts/google-oauthlib-tool.exe
[2025-03-29T19:03:31.774+0000] {processor.py:914} INFO - Processing file /opt/airflow/dags/env/Scripts/google-oauthlib-tool.exe for tasks to queue
[2025-03-29T19:03:31.779+0000] {logging_mixin.py:190} INFO - [2025-03-29T19:03:31.778+0000] {dagbag.py:588} INFO - Filling up the DagBag from /opt/airflow/dags/env/Scripts/google-oauthlib-tool.exe
[2025-03-29T19:03:31.804+0000] {logging_mixin.py:190} INFO - [2025-03-29T19:03:31.804+0000] {dagbag.py:435} INFO - File /opt/airflow/dags/env/Scripts/google-oauthlib-tool.exe:__main__.py assumed to contain no DAGs. Skipping.
[2025-03-29T19:03:31.806+0000] {processor.py:927} WARNING - No viable dags retrieved from /opt/airflow/dags/env/Scripts/google-oauthlib-tool.exe
[2025-03-29T19:03:31.849+0000] {processor.py:208} INFO - Processing /opt/airflow/dags/env/Scripts/google-oauthlib-tool.exe took 0.092 seconds
[2025-03-29T21:05:45.500+0000] {processor.py:186} INFO - Started process (PID=877) to work on /opt/airflow/dags/env/Scripts/google-oauthlib-tool.exe
[2025-03-29T21:05:45.503+0000] {processor.py:914} INFO - Processing file /opt/airflow/dags/env/Scripts/google-oauthlib-tool.exe for tasks to queue
[2025-03-29T21:05:45.507+0000] {logging_mixin.py:190} INFO - [2025-03-29T21:05:45.506+0000] {dagbag.py:588} INFO - Filling up the DagBag from /opt/airflow/dags/env/Scripts/google-oauthlib-tool.exe
[2025-03-29T21:05:45.522+0000] {logging_mixin.py:190} INFO - [2025-03-29T21:05:45.521+0000] {dagbag.py:435} INFO - File /opt/airflow/dags/env/Scripts/google-oauthlib-tool.exe:__main__.py assumed to contain no DAGs. Skipping.
[2025-03-29T21:05:45.523+0000] {processor.py:927} WARNING - No viable dags retrieved from /opt/airflow/dags/env/Scripts/google-oauthlib-tool.exe
[2025-03-29T21:05:45.548+0000] {processor.py:208} INFO - Processing /opt/airflow/dags/env/Scripts/google-oauthlib-tool.exe took 0.057 seconds
[2025-03-29T21:27:57.633+0000] {processor.py:186} INFO - Started process (PID=896) to work on /opt/airflow/dags/env/Scripts/google-oauthlib-tool.exe
[2025-03-29T21:27:57.635+0000] {processor.py:914} INFO - Processing file /opt/airflow/dags/env/Scripts/google-oauthlib-tool.exe for tasks to queue
[2025-03-29T21:27:57.642+0000] {logging_mixin.py:190} INFO - [2025-03-29T21:27:57.641+0000] {dagbag.py:588} INFO - Filling up the DagBag from /opt/airflow/dags/env/Scripts/google-oauthlib-tool.exe
[2025-03-29T21:27:57.666+0000] {logging_mixin.py:190} INFO - [2025-03-29T21:27:57.666+0000] {dagbag.py:435} INFO - File /opt/airflow/dags/env/Scripts/google-oauthlib-tool.exe:__main__.py assumed to contain no DAGs. Skipping.
[2025-03-29T21:27:57.694+0000] {processor.py:927} WARNING - No viable dags retrieved from /opt/airflow/dags/env/Scripts/google-oauthlib-tool.exe
[2025-03-29T21:27:57.792+0000] {processor.py:208} INFO - Processing /opt/airflow/dags/env/Scripts/google-oauthlib-tool.exe took 0.177 seconds
