[2025-03-29T00:47:20.859+0000] {processor.py:186} INFO - Started process (PID=423) to work on /opt/airflow/dags/env/Scripts/jsonschema.exe
[2025-03-29T00:47:20.860+0000] {processor.py:914} INFO - Processing file /opt/airflow/dags/env/Scripts/jsonschema.exe for tasks to queue
[2025-03-29T00:47:20.868+0000] {logging_mixin.py:190} INFO - [2025-03-29T00:47:20.867+0000] {dagbag.py:588} INFO - Filling up the DagBag from /opt/airflow/dags/env/Scripts/jsonschema.exe
[2025-03-29T00:47:20.888+0000] {logging_mixin.py:190} INFO - [2025-03-29T00:47:20.888+0000] {dagbag.py:435} INFO - File /opt/airflow/dags/env/Scripts/jsonschema.exe:__main__.py assumed to contain no DAGs. Skipping.
[2025-03-29T00:47:20.890+0000] {processor.py:927} WARNING - No viable dags retrieved from /opt/airflow/dags/env/Scripts/jsonschema.exe
[2025-03-29T00:47:20.934+0000] {processor.py:208} INFO - Processing /opt/airflow/dags/env/Scripts/jsonschema.exe took 0.084 seconds
[2025-03-29T00:52:16.365+0000] {processor.py:186} INFO - Started process (PID=451) to work on /opt/airflow/dags/env/Scripts/jsonschema.exe
[2025-03-29T00:52:16.367+0000] {processor.py:914} INFO - Processing file /opt/airflow/dags/env/Scripts/jsonschema.exe for tasks to queue
[2025-03-29T00:52:16.370+0000] {logging_mixin.py:190} INFO - [2025-03-29T00:52:16.369+0000] {dagbag.py:588} INFO - Filling up the DagBag from /opt/airflow/dags/env/Scripts/jsonschema.exe
[2025-03-29T00:52:16.385+0000] {logging_mixin.py:190} INFO - [2025-03-29T00:52:16.385+0000] {dagbag.py:435} INFO - File /opt/airflow/dags/env/Scripts/jsonschema.exe:__main__.py assumed to contain no DAGs. Skipping.
[2025-03-29T00:52:16.386+0000] {processor.py:927} WARNING - No viable dags retrieved from /opt/airflow/dags/env/Scripts/jsonschema.exe
[2025-03-29T00:52:16.414+0000] {processor.py:208} INFO - Processing /opt/airflow/dags/env/Scripts/jsonschema.exe took 0.055 seconds
[2025-03-29T00:52:47.774+0000] {processor.py:186} INFO - Started process (PID=475) to work on /opt/airflow/dags/env/Scripts/jsonschema.exe
[2025-03-29T00:52:47.776+0000] {processor.py:914} INFO - Processing file /opt/airflow/dags/env/Scripts/jsonschema.exe for tasks to queue
[2025-03-29T00:52:47.779+0000] {logging_mixin.py:190} INFO - [2025-03-29T00:52:47.778+0000] {dagbag.py:588} INFO - Filling up the DagBag from /opt/airflow/dags/env/Scripts/jsonschema.exe
[2025-03-29T00:52:47.793+0000] {logging_mixin.py:190} INFO - [2025-03-29T00:52:47.793+0000] {dagbag.py:435} INFO - File /opt/airflow/dags/env/Scripts/jsonschema.exe:__main__.py assumed to contain no DAGs. Skipping.
[2025-03-29T00:52:47.794+0000] {processor.py:927} WARNING - No viable dags retrieved from /opt/airflow/dags/env/Scripts/jsonschema.exe
[2025-03-29T00:52:47.819+0000] {processor.py:208} INFO - Processing /opt/airflow/dags/env/Scripts/jsonschema.exe took 0.051 seconds
[2025-03-29T00:57:20.393+0000] {processor.py:186} INFO - Started process (PID=481) to work on /opt/airflow/dags/env/Scripts/jsonschema.exe
[2025-03-29T00:57:20.394+0000] {processor.py:914} INFO - Processing file /opt/airflow/dags/env/Scripts/jsonschema.exe for tasks to queue
[2025-03-29T00:57:20.398+0000] {logging_mixin.py:190} INFO - [2025-03-29T00:57:20.397+0000] {dagbag.py:588} INFO - Filling up the DagBag from /opt/airflow/dags/env/Scripts/jsonschema.exe
[2025-03-29T00:57:20.413+0000] {logging_mixin.py:190} INFO - [2025-03-29T00:57:20.412+0000] {dagbag.py:435} INFO - File /opt/airflow/dags/env/Scripts/jsonschema.exe:__main__.py assumed to contain no DAGs. Skipping.
[2025-03-29T00:57:20.414+0000] {processor.py:927} WARNING - No viable dags retrieved from /opt/airflow/dags/env/Scripts/jsonschema.exe
[2025-03-29T00:57:20.443+0000] {processor.py:208} INFO - Processing /opt/airflow/dags/env/Scripts/jsonschema.exe took 0.056 seconds
[2025-03-29T01:02:13.613+0000] {processor.py:186} INFO - Started process (PID=507) to work on /opt/airflow/dags/env/Scripts/jsonschema.exe
[2025-03-29T01:02:13.614+0000] {processor.py:914} INFO - Processing file /opt/airflow/dags/env/Scripts/jsonschema.exe for tasks to queue
[2025-03-29T01:02:13.617+0000] {logging_mixin.py:190} INFO - [2025-03-29T01:02:13.617+0000] {dagbag.py:588} INFO - Filling up the DagBag from /opt/airflow/dags/env/Scripts/jsonschema.exe
[2025-03-29T01:02:13.630+0000] {logging_mixin.py:190} INFO - [2025-03-29T01:02:13.630+0000] {dagbag.py:435} INFO - File /opt/airflow/dags/env/Scripts/jsonschema.exe:__main__.py assumed to contain no DAGs. Skipping.
[2025-03-29T01:02:13.631+0000] {processor.py:927} WARNING - No viable dags retrieved from /opt/airflow/dags/env/Scripts/jsonschema.exe
[2025-03-29T01:02:13.654+0000] {processor.py:208} INFO - Processing /opt/airflow/dags/env/Scripts/jsonschema.exe took 0.048 seconds
[2025-03-29T01:02:44.990+0000] {processor.py:186} INFO - Started process (PID=531) to work on /opt/airflow/dags/env/Scripts/jsonschema.exe
[2025-03-29T01:02:44.991+0000] {processor.py:914} INFO - Processing file /opt/airflow/dags/env/Scripts/jsonschema.exe for tasks to queue
[2025-03-29T01:02:44.994+0000] {logging_mixin.py:190} INFO - [2025-03-29T01:02:44.994+0000] {dagbag.py:588} INFO - Filling up the DagBag from /opt/airflow/dags/env/Scripts/jsonschema.exe
[2025-03-29T01:02:45.007+0000] {logging_mixin.py:190} INFO - [2025-03-29T01:02:45.007+0000] {dagbag.py:435} INFO - File /opt/airflow/dags/env/Scripts/jsonschema.exe:__main__.py assumed to contain no DAGs. Skipping.
[2025-03-29T01:02:45.008+0000] {processor.py:927} WARNING - No viable dags retrieved from /opt/airflow/dags/env/Scripts/jsonschema.exe
[2025-03-29T01:02:45.034+0000] {processor.py:208} INFO - Processing /opt/airflow/dags/env/Scripts/jsonschema.exe took 0.050 seconds
[2025-03-29T01:07:22.467+0000] {processor.py:186} INFO - Started process (PID=538) to work on /opt/airflow/dags/env/Scripts/jsonschema.exe
[2025-03-29T01:07:22.469+0000] {processor.py:914} INFO - Processing file /opt/airflow/dags/env/Scripts/jsonschema.exe for tasks to queue
[2025-03-29T01:07:22.474+0000] {logging_mixin.py:190} INFO - [2025-03-29T01:07:22.473+0000] {dagbag.py:588} INFO - Filling up the DagBag from /opt/airflow/dags/env/Scripts/jsonschema.exe
[2025-03-29T01:07:22.499+0000] {logging_mixin.py:190} INFO - [2025-03-29T01:07:22.498+0000] {dagbag.py:435} INFO - File /opt/airflow/dags/env/Scripts/jsonschema.exe:__main__.py assumed to contain no DAGs. Skipping.
[2025-03-29T01:07:22.501+0000] {processor.py:927} WARNING - No viable dags retrieved from /opt/airflow/dags/env/Scripts/jsonschema.exe
[2025-03-29T01:07:22.530+0000] {processor.py:208} INFO - Processing /opt/airflow/dags/env/Scripts/jsonschema.exe took 0.075 seconds
[2025-03-29T01:12:25.720+0000] {processor.py:186} INFO - Started process (PID=563) to work on /opt/airflow/dags/env/Scripts/jsonschema.exe
[2025-03-29T01:12:25.722+0000] {processor.py:914} INFO - Processing file /opt/airflow/dags/env/Scripts/jsonschema.exe for tasks to queue
[2025-03-29T01:12:25.734+0000] {logging_mixin.py:190} INFO - [2025-03-29T01:12:25.733+0000] {dagbag.py:588} INFO - Filling up the DagBag from /opt/airflow/dags/env/Scripts/jsonschema.exe
[2025-03-29T01:12:25.760+0000] {logging_mixin.py:190} INFO - [2025-03-29T01:12:25.759+0000] {dagbag.py:435} INFO - File /opt/airflow/dags/env/Scripts/jsonschema.exe:__main__.py assumed to contain no DAGs. Skipping.
[2025-03-29T01:12:25.762+0000] {processor.py:927} WARNING - No viable dags retrieved from /opt/airflow/dags/env/Scripts/jsonschema.exe
[2025-03-29T01:12:25.795+0000] {processor.py:208} INFO - Processing /opt/airflow/dags/env/Scripts/jsonschema.exe took 0.087 seconds
[2025-03-29T01:17:18.673+0000] {processor.py:186} INFO - Started process (PID=587) to work on /opt/airflow/dags/env/Scripts/jsonschema.exe
[2025-03-29T01:17:18.675+0000] {processor.py:914} INFO - Processing file /opt/airflow/dags/env/Scripts/jsonschema.exe for tasks to queue
[2025-03-29T01:17:18.680+0000] {logging_mixin.py:190} INFO - [2025-03-29T01:17:18.679+0000] {dagbag.py:588} INFO - Filling up the DagBag from /opt/airflow/dags/env/Scripts/jsonschema.exe
[2025-03-29T01:17:18.706+0000] {logging_mixin.py:190} INFO - [2025-03-29T01:17:18.706+0000] {dagbag.py:435} INFO - File /opt/airflow/dags/env/Scripts/jsonschema.exe:__main__.py assumed to contain no DAGs. Skipping.
[2025-03-29T01:17:18.709+0000] {processor.py:927} WARNING - No viable dags retrieved from /opt/airflow/dags/env/Scripts/jsonschema.exe
[2025-03-29T01:17:18.742+0000] {processor.py:208} INFO - Processing /opt/airflow/dags/env/Scripts/jsonschema.exe took 0.078 seconds
[2025-03-29T01:17:49.627+0000] {processor.py:186} INFO - Started process (PID=611) to work on /opt/airflow/dags/env/Scripts/jsonschema.exe
[2025-03-29T01:17:49.628+0000] {processor.py:914} INFO - Processing file /opt/airflow/dags/env/Scripts/jsonschema.exe for tasks to queue
[2025-03-29T01:17:49.632+0000] {logging_mixin.py:190} INFO - [2025-03-29T01:17:49.632+0000] {dagbag.py:588} INFO - Filling up the DagBag from /opt/airflow/dags/env/Scripts/jsonschema.exe
[2025-03-29T01:17:49.647+0000] {logging_mixin.py:190} INFO - [2025-03-29T01:17:49.647+0000] {dagbag.py:435} INFO - File /opt/airflow/dags/env/Scripts/jsonschema.exe:__main__.py assumed to contain no DAGs. Skipping.
[2025-03-29T01:17:49.648+0000] {processor.py:927} WARNING - No viable dags retrieved from /opt/airflow/dags/env/Scripts/jsonschema.exe
[2025-03-29T01:17:49.672+0000] {processor.py:208} INFO - Processing /opt/airflow/dags/env/Scripts/jsonschema.exe took 0.052 seconds
[2025-03-29T01:22:25.098+0000] {processor.py:186} INFO - Started process (PID=615) to work on /opt/airflow/dags/env/Scripts/jsonschema.exe
[2025-03-29T01:22:25.099+0000] {processor.py:914} INFO - Processing file /opt/airflow/dags/env/Scripts/jsonschema.exe for tasks to queue
[2025-03-29T01:22:25.102+0000] {logging_mixin.py:190} INFO - [2025-03-29T01:22:25.102+0000] {dagbag.py:588} INFO - Filling up the DagBag from /opt/airflow/dags/env/Scripts/jsonschema.exe
[2025-03-29T01:22:25.118+0000] {logging_mixin.py:190} INFO - [2025-03-29T01:22:25.118+0000] {dagbag.py:435} INFO - File /opt/airflow/dags/env/Scripts/jsonschema.exe:__main__.py assumed to contain no DAGs. Skipping.
[2025-03-29T01:22:25.119+0000] {processor.py:927} WARNING - No viable dags retrieved from /opt/airflow/dags/env/Scripts/jsonschema.exe
[2025-03-29T01:22:25.146+0000] {processor.py:208} INFO - Processing /opt/airflow/dags/env/Scripts/jsonschema.exe took 0.055 seconds
[2025-03-29T01:55:54.567+0000] {processor.py:186} INFO - Started process (PID=646) to work on /opt/airflow/dags/env/Scripts/jsonschema.exe
[2025-03-29T01:55:54.569+0000] {processor.py:914} INFO - Processing file /opt/airflow/dags/env/Scripts/jsonschema.exe for tasks to queue
[2025-03-29T01:55:54.573+0000] {logging_mixin.py:190} INFO - [2025-03-29T01:55:54.573+0000] {dagbag.py:588} INFO - Filling up the DagBag from /opt/airflow/dags/env/Scripts/jsonschema.exe
[2025-03-29T01:55:54.591+0000] {logging_mixin.py:190} INFO - [2025-03-29T01:55:54.590+0000] {dagbag.py:435} INFO - File /opt/airflow/dags/env/Scripts/jsonschema.exe:__main__.py assumed to contain no DAGs. Skipping.
[2025-03-29T01:55:54.593+0000] {processor.py:927} WARNING - No viable dags retrieved from /opt/airflow/dags/env/Scripts/jsonschema.exe
[2025-03-29T01:55:54.622+0000] {processor.py:208} INFO - Processing /opt/airflow/dags/env/Scripts/jsonschema.exe took 0.062 seconds
[2025-03-29T16:48:32.327+0000] {processor.py:186} INFO - Started process (PID=53) to work on /opt/airflow/dags/env/Scripts/jsonschema.exe
[2025-03-29T16:48:32.328+0000] {processor.py:914} INFO - Processing file /opt/airflow/dags/env/Scripts/jsonschema.exe for tasks to queue
[2025-03-29T16:48:32.332+0000] {logging_mixin.py:190} INFO - [2025-03-29T16:48:32.332+0000] {dagbag.py:588} INFO - Filling up the DagBag from /opt/airflow/dags/env/Scripts/jsonschema.exe
[2025-03-29T16:48:32.343+0000] {logging_mixin.py:190} INFO - [2025-03-29T16:48:32.343+0000] {dagbag.py:435} INFO - File /opt/airflow/dags/env/Scripts/jsonschema.exe:__main__.py assumed to contain no DAGs. Skipping.
[2025-03-29T16:48:32.344+0000] {processor.py:927} WARNING - No viable dags retrieved from /opt/airflow/dags/env/Scripts/jsonschema.exe
[2025-03-29T16:48:32.366+0000] {processor.py:208} INFO - Processing /opt/airflow/dags/env/Scripts/jsonschema.exe took 0.046 seconds
[2025-03-29T16:53:15.679+0000] {processor.py:186} INFO - Started process (PID=77) to work on /opt/airflow/dags/env/Scripts/jsonschema.exe
[2025-03-29T16:53:15.681+0000] {processor.py:914} INFO - Processing file /opt/airflow/dags/env/Scripts/jsonschema.exe for tasks to queue
[2025-03-29T16:53:15.684+0000] {logging_mixin.py:190} INFO - [2025-03-29T16:53:15.683+0000] {dagbag.py:588} INFO - Filling up the DagBag from /opt/airflow/dags/env/Scripts/jsonschema.exe
[2025-03-29T16:53:15.699+0000] {logging_mixin.py:190} INFO - [2025-03-29T16:53:15.698+0000] {dagbag.py:435} INFO - File /opt/airflow/dags/env/Scripts/jsonschema.exe:__main__.py assumed to contain no DAGs. Skipping.
[2025-03-29T16:53:15.700+0000] {processor.py:927} WARNING - No viable dags retrieved from /opt/airflow/dags/env/Scripts/jsonschema.exe
[2025-03-29T16:53:15.725+0000] {processor.py:208} INFO - Processing /opt/airflow/dags/env/Scripts/jsonschema.exe took 0.054 seconds
[2025-03-29T16:53:46.989+0000] {processor.py:186} INFO - Started process (PID=101) to work on /opt/airflow/dags/env/Scripts/jsonschema.exe
[2025-03-29T16:53:46.990+0000] {processor.py:914} INFO - Processing file /opt/airflow/dags/env/Scripts/jsonschema.exe for tasks to queue
[2025-03-29T16:53:46.995+0000] {logging_mixin.py:190} INFO - [2025-03-29T16:53:46.995+0000] {dagbag.py:588} INFO - Filling up the DagBag from /opt/airflow/dags/env/Scripts/jsonschema.exe
[2025-03-29T16:53:47.012+0000] {logging_mixin.py:190} INFO - [2025-03-29T16:53:47.011+0000] {dagbag.py:435} INFO - File /opt/airflow/dags/env/Scripts/jsonschema.exe:__main__.py assumed to contain no DAGs. Skipping.
[2025-03-29T16:53:47.013+0000] {processor.py:927} WARNING - No viable dags retrieved from /opt/airflow/dags/env/Scripts/jsonschema.exe
[2025-03-29T16:53:47.054+0000] {processor.py:208} INFO - Processing /opt/airflow/dags/env/Scripts/jsonschema.exe took 0.077 seconds
[2025-03-29T16:58:04.295+0000] {processor.py:186} INFO - Started process (PID=123) to work on /opt/airflow/dags/env/Scripts/jsonschema.exe
[2025-03-29T16:58:04.296+0000] {processor.py:914} INFO - Processing file /opt/airflow/dags/env/Scripts/jsonschema.exe for tasks to queue
[2025-03-29T16:58:04.299+0000] {logging_mixin.py:190} INFO - [2025-03-29T16:58:04.299+0000] {dagbag.py:588} INFO - Filling up the DagBag from /opt/airflow/dags/env/Scripts/jsonschema.exe
[2025-03-29T16:58:04.310+0000] {logging_mixin.py:190} INFO - [2025-03-29T16:58:04.310+0000] {dagbag.py:435} INFO - File /opt/airflow/dags/env/Scripts/jsonschema.exe:__main__.py assumed to contain no DAGs. Skipping.
[2025-03-29T16:58:04.311+0000] {processor.py:927} WARNING - No viable dags retrieved from /opt/airflow/dags/env/Scripts/jsonschema.exe
[2025-03-29T16:58:04.335+0000] {processor.py:208} INFO - Processing /opt/airflow/dags/env/Scripts/jsonschema.exe took 0.047 seconds
[2025-03-29T16:58:35.299+0000] {processor.py:186} INFO - Started process (PID=147) to work on /opt/airflow/dags/env/Scripts/jsonschema.exe
[2025-03-29T16:58:35.301+0000] {processor.py:914} INFO - Processing file /opt/airflow/dags/env/Scripts/jsonschema.exe for tasks to queue
[2025-03-29T16:58:35.305+0000] {logging_mixin.py:190} INFO - [2025-03-29T16:58:35.304+0000] {dagbag.py:588} INFO - Filling up the DagBag from /opt/airflow/dags/env/Scripts/jsonschema.exe
[2025-03-29T16:58:35.323+0000] {logging_mixin.py:190} INFO - [2025-03-29T16:58:35.322+0000] {dagbag.py:435} INFO - File /opt/airflow/dags/env/Scripts/jsonschema.exe:__main__.py assumed to contain no DAGs. Skipping.
[2025-03-29T16:58:35.324+0000] {processor.py:927} WARNING - No viable dags retrieved from /opt/airflow/dags/env/Scripts/jsonschema.exe
[2025-03-29T16:58:35.355+0000] {processor.py:208} INFO - Processing /opt/airflow/dags/env/Scripts/jsonschema.exe took 0.064 seconds
[2025-03-29T16:59:05.663+0000] {processor.py:186} INFO - Started process (PID=171) to work on /opt/airflow/dags/env/Scripts/jsonschema.exe
[2025-03-29T16:59:05.664+0000] {processor.py:914} INFO - Processing file /opt/airflow/dags/env/Scripts/jsonschema.exe for tasks to queue
[2025-03-29T16:59:05.667+0000] {logging_mixin.py:190} INFO - [2025-03-29T16:59:05.667+0000] {dagbag.py:588} INFO - Filling up the DagBag from /opt/airflow/dags/env/Scripts/jsonschema.exe
[2025-03-29T16:59:05.679+0000] {logging_mixin.py:190} INFO - [2025-03-29T16:59:05.679+0000] {dagbag.py:435} INFO - File /opt/airflow/dags/env/Scripts/jsonschema.exe:__main__.py assumed to contain no DAGs. Skipping.
[2025-03-29T16:59:05.680+0000] {processor.py:927} WARNING - No viable dags retrieved from /opt/airflow/dags/env/Scripts/jsonschema.exe
[2025-03-29T16:59:05.704+0000] {processor.py:208} INFO - Processing /opt/airflow/dags/env/Scripts/jsonschema.exe took 0.049 seconds
[2025-03-29T17:03:04.163+0000] {processor.py:186} INFO - Started process (PID=176) to work on /opt/airflow/dags/env/Scripts/jsonschema.exe
[2025-03-29T17:03:04.164+0000] {processor.py:914} INFO - Processing file /opt/airflow/dags/env/Scripts/jsonschema.exe for tasks to queue
[2025-03-29T17:03:04.167+0000] {logging_mixin.py:190} INFO - [2025-03-29T17:03:04.167+0000] {dagbag.py:588} INFO - Filling up the DagBag from /opt/airflow/dags/env/Scripts/jsonschema.exe
[2025-03-29T17:03:04.179+0000] {logging_mixin.py:190} INFO - [2025-03-29T17:03:04.179+0000] {dagbag.py:435} INFO - File /opt/airflow/dags/env/Scripts/jsonschema.exe:__main__.py assumed to contain no DAGs. Skipping.
[2025-03-29T17:03:04.180+0000] {processor.py:927} WARNING - No viable dags retrieved from /opt/airflow/dags/env/Scripts/jsonschema.exe
[2025-03-29T17:03:04.206+0000] {processor.py:208} INFO - Processing /opt/airflow/dags/env/Scripts/jsonschema.exe took 0.050 seconds
[2025-03-29T17:03:34.948+0000] {processor.py:186} INFO - Started process (PID=200) to work on /opt/airflow/dags/env/Scripts/jsonschema.exe
[2025-03-29T17:03:34.949+0000] {processor.py:914} INFO - Processing file /opt/airflow/dags/env/Scripts/jsonschema.exe for tasks to queue
[2025-03-29T17:03:34.952+0000] {logging_mixin.py:190} INFO - [2025-03-29T17:03:34.952+0000] {dagbag.py:588} INFO - Filling up the DagBag from /opt/airflow/dags/env/Scripts/jsonschema.exe
[2025-03-29T17:03:34.963+0000] {logging_mixin.py:190} INFO - [2025-03-29T17:03:34.963+0000] {dagbag.py:435} INFO - File /opt/airflow/dags/env/Scripts/jsonschema.exe:__main__.py assumed to contain no DAGs. Skipping.
[2025-03-29T17:03:34.964+0000] {processor.py:927} WARNING - No viable dags retrieved from /opt/airflow/dags/env/Scripts/jsonschema.exe
[2025-03-29T17:03:34.988+0000] {processor.py:208} INFO - Processing /opt/airflow/dags/env/Scripts/jsonschema.exe took 0.047 seconds
[2025-03-29T17:04:05.899+0000] {processor.py:186} INFO - Started process (PID=224) to work on /opt/airflow/dags/env/Scripts/jsonschema.exe
[2025-03-29T17:04:05.900+0000] {processor.py:914} INFO - Processing file /opt/airflow/dags/env/Scripts/jsonschema.exe for tasks to queue
[2025-03-29T17:04:05.903+0000] {logging_mixin.py:190} INFO - [2025-03-29T17:04:05.903+0000] {dagbag.py:588} INFO - Filling up the DagBag from /opt/airflow/dags/env/Scripts/jsonschema.exe
[2025-03-29T17:04:05.914+0000] {logging_mixin.py:190} INFO - [2025-03-29T17:04:05.914+0000] {dagbag.py:435} INFO - File /opt/airflow/dags/env/Scripts/jsonschema.exe:__main__.py assumed to contain no DAGs. Skipping.
[2025-03-29T17:04:05.915+0000] {processor.py:927} WARNING - No viable dags retrieved from /opt/airflow/dags/env/Scripts/jsonschema.exe
[2025-03-29T17:04:05.938+0000] {processor.py:208} INFO - Processing /opt/airflow/dags/env/Scripts/jsonschema.exe took 0.046 seconds
[2025-03-29T17:08:03.380+0000] {processor.py:186} INFO - Started process (PID=230) to work on /opt/airflow/dags/env/Scripts/jsonschema.exe
[2025-03-29T17:08:03.381+0000] {processor.py:914} INFO - Processing file /opt/airflow/dags/env/Scripts/jsonschema.exe for tasks to queue
[2025-03-29T17:08:03.385+0000] {logging_mixin.py:190} INFO - [2025-03-29T17:08:03.384+0000] {dagbag.py:588} INFO - Filling up the DagBag from /opt/airflow/dags/env/Scripts/jsonschema.exe
[2025-03-29T17:08:03.401+0000] {logging_mixin.py:190} INFO - [2025-03-29T17:08:03.401+0000] {dagbag.py:435} INFO - File /opt/airflow/dags/env/Scripts/jsonschema.exe:__main__.py assumed to contain no DAGs. Skipping.
[2025-03-29T17:08:03.402+0000] {processor.py:927} WARNING - No viable dags retrieved from /opt/airflow/dags/env/Scripts/jsonschema.exe
[2025-03-29T17:08:03.431+0000] {processor.py:208} INFO - Processing /opt/airflow/dags/env/Scripts/jsonschema.exe took 0.060 seconds
[2025-03-29T17:08:34.655+0000] {processor.py:186} INFO - Started process (PID=254) to work on /opt/airflow/dags/env/Scripts/jsonschema.exe
[2025-03-29T17:08:34.656+0000] {processor.py:914} INFO - Processing file /opt/airflow/dags/env/Scripts/jsonschema.exe for tasks to queue
[2025-03-29T17:08:34.659+0000] {logging_mixin.py:190} INFO - [2025-03-29T17:08:34.659+0000] {dagbag.py:588} INFO - Filling up the DagBag from /opt/airflow/dags/env/Scripts/jsonschema.exe
[2025-03-29T17:08:34.672+0000] {logging_mixin.py:190} INFO - [2025-03-29T17:08:34.672+0000] {dagbag.py:435} INFO - File /opt/airflow/dags/env/Scripts/jsonschema.exe:__main__.py assumed to contain no DAGs. Skipping.
[2025-03-29T17:08:34.673+0000] {processor.py:927} WARNING - No viable dags retrieved from /opt/airflow/dags/env/Scripts/jsonschema.exe
[2025-03-29T17:08:34.697+0000] {processor.py:208} INFO - Processing /opt/airflow/dags/env/Scripts/jsonschema.exe took 0.049 seconds
[2025-03-29T17:09:04.931+0000] {processor.py:186} INFO - Started process (PID=278) to work on /opt/airflow/dags/env/Scripts/jsonschema.exe
[2025-03-29T17:09:04.932+0000] {processor.py:914} INFO - Processing file /opt/airflow/dags/env/Scripts/jsonschema.exe for tasks to queue
[2025-03-29T17:09:04.936+0000] {logging_mixin.py:190} INFO - [2025-03-29T17:09:04.935+0000] {dagbag.py:588} INFO - Filling up the DagBag from /opt/airflow/dags/env/Scripts/jsonschema.exe
[2025-03-29T17:09:04.949+0000] {logging_mixin.py:190} INFO - [2025-03-29T17:09:04.948+0000] {dagbag.py:435} INFO - File /opt/airflow/dags/env/Scripts/jsonschema.exe:__main__.py assumed to contain no DAGs. Skipping.
[2025-03-29T17:09:04.950+0000] {processor.py:927} WARNING - No viable dags retrieved from /opt/airflow/dags/env/Scripts/jsonschema.exe
[2025-03-29T17:09:04.976+0000] {processor.py:208} INFO - Processing /opt/airflow/dags/env/Scripts/jsonschema.exe took 0.053 seconds
[2025-03-29T17:13:07.174+0000] {processor.py:186} INFO - Started process (PID=284) to work on /opt/airflow/dags/env/Scripts/jsonschema.exe
[2025-03-29T17:13:07.176+0000] {processor.py:914} INFO - Processing file /opt/airflow/dags/env/Scripts/jsonschema.exe for tasks to queue
[2025-03-29T17:13:07.181+0000] {logging_mixin.py:190} INFO - [2025-03-29T17:13:07.181+0000] {dagbag.py:588} INFO - Filling up the DagBag from /opt/airflow/dags/env/Scripts/jsonschema.exe
[2025-03-29T17:13:07.195+0000] {logging_mixin.py:190} INFO - [2025-03-29T17:13:07.195+0000] {dagbag.py:435} INFO - File /opt/airflow/dags/env/Scripts/jsonschema.exe:__main__.py assumed to contain no DAGs. Skipping.
[2025-03-29T17:13:07.198+0000] {processor.py:927} WARNING - No viable dags retrieved from /opt/airflow/dags/env/Scripts/jsonschema.exe
[2025-03-29T17:13:07.240+0000] {processor.py:208} INFO - Processing /opt/airflow/dags/env/Scripts/jsonschema.exe took 0.076 seconds
[2025-03-29T17:13:37.773+0000] {processor.py:186} INFO - Started process (PID=308) to work on /opt/airflow/dags/env/Scripts/jsonschema.exe
[2025-03-29T17:13:37.774+0000] {processor.py:914} INFO - Processing file /opt/airflow/dags/env/Scripts/jsonschema.exe for tasks to queue
[2025-03-29T17:13:37.778+0000] {logging_mixin.py:190} INFO - [2025-03-29T17:13:37.777+0000] {dagbag.py:588} INFO - Filling up the DagBag from /opt/airflow/dags/env/Scripts/jsonschema.exe
[2025-03-29T17:13:37.792+0000] {logging_mixin.py:190} INFO - [2025-03-29T17:13:37.792+0000] {dagbag.py:435} INFO - File /opt/airflow/dags/env/Scripts/jsonschema.exe:__main__.py assumed to contain no DAGs. Skipping.
[2025-03-29T17:13:37.793+0000] {processor.py:927} WARNING - No viable dags retrieved from /opt/airflow/dags/env/Scripts/jsonschema.exe
[2025-03-29T17:13:37.822+0000] {processor.py:208} INFO - Processing /opt/airflow/dags/env/Scripts/jsonschema.exe took 0.057 seconds
[2025-03-29T17:14:08.662+0000] {processor.py:186} INFO - Started process (PID=332) to work on /opt/airflow/dags/env/Scripts/jsonschema.exe
[2025-03-29T17:14:08.664+0000] {processor.py:914} INFO - Processing file /opt/airflow/dags/env/Scripts/jsonschema.exe for tasks to queue
[2025-03-29T17:14:08.671+0000] {logging_mixin.py:190} INFO - [2025-03-29T17:14:08.670+0000] {dagbag.py:588} INFO - Filling up the DagBag from /opt/airflow/dags/env/Scripts/jsonschema.exe
[2025-03-29T17:14:08.691+0000] {logging_mixin.py:190} INFO - [2025-03-29T17:14:08.691+0000] {dagbag.py:435} INFO - File /opt/airflow/dags/env/Scripts/jsonschema.exe:__main__.py assumed to contain no DAGs. Skipping.
[2025-03-29T17:14:08.693+0000] {processor.py:927} WARNING - No viable dags retrieved from /opt/airflow/dags/env/Scripts/jsonschema.exe
[2025-03-29T17:14:08.719+0000] {processor.py:208} INFO - Processing /opt/airflow/dags/env/Scripts/jsonschema.exe took 0.069 seconds
[2025-03-29T17:18:09.702+0000] {processor.py:186} INFO - Started process (PID=336) to work on /opt/airflow/dags/env/Scripts/jsonschema.exe
[2025-03-29T17:18:09.704+0000] {processor.py:914} INFO - Processing file /opt/airflow/dags/env/Scripts/jsonschema.exe for tasks to queue
[2025-03-29T17:18:09.707+0000] {logging_mixin.py:190} INFO - [2025-03-29T17:18:09.707+0000] {dagbag.py:588} INFO - Filling up the DagBag from /opt/airflow/dags/env/Scripts/jsonschema.exe
[2025-03-29T17:18:09.725+0000] {logging_mixin.py:190} INFO - [2025-03-29T17:18:09.724+0000] {dagbag.py:435} INFO - File /opt/airflow/dags/env/Scripts/jsonschema.exe:__main__.py assumed to contain no DAGs. Skipping.
[2025-03-29T17:18:09.726+0000] {processor.py:927} WARNING - No viable dags retrieved from /opt/airflow/dags/env/Scripts/jsonschema.exe
[2025-03-29T17:18:09.755+0000] {processor.py:208} INFO - Processing /opt/airflow/dags/env/Scripts/jsonschema.exe took 0.062 seconds
[2025-03-29T17:18:40.887+0000] {processor.py:186} INFO - Started process (PID=360) to work on /opt/airflow/dags/env/Scripts/jsonschema.exe
[2025-03-29T17:18:40.888+0000] {processor.py:914} INFO - Processing file /opt/airflow/dags/env/Scripts/jsonschema.exe for tasks to queue
[2025-03-29T17:18:40.891+0000] {logging_mixin.py:190} INFO - [2025-03-29T17:18:40.891+0000] {dagbag.py:588} INFO - Filling up the DagBag from /opt/airflow/dags/env/Scripts/jsonschema.exe
[2025-03-29T17:18:40.904+0000] {logging_mixin.py:190} INFO - [2025-03-29T17:18:40.904+0000] {dagbag.py:435} INFO - File /opt/airflow/dags/env/Scripts/jsonschema.exe:__main__.py assumed to contain no DAGs. Skipping.
[2025-03-29T17:18:40.905+0000] {processor.py:927} WARNING - No viable dags retrieved from /opt/airflow/dags/env/Scripts/jsonschema.exe
[2025-03-29T17:18:40.930+0000] {processor.py:208} INFO - Processing /opt/airflow/dags/env/Scripts/jsonschema.exe took 0.050 seconds
[2025-03-29T17:23:03.546+0000] {processor.py:186} INFO - Started process (PID=386) to work on /opt/airflow/dags/env/Scripts/jsonschema.exe
[2025-03-29T17:23:03.548+0000] {processor.py:914} INFO - Processing file /opt/airflow/dags/env/Scripts/jsonschema.exe for tasks to queue
[2025-03-29T17:23:03.551+0000] {logging_mixin.py:190} INFO - [2025-03-29T17:23:03.551+0000] {dagbag.py:588} INFO - Filling up the DagBag from /opt/airflow/dags/env/Scripts/jsonschema.exe
[2025-03-29T17:23:03.566+0000] {logging_mixin.py:190} INFO - [2025-03-29T17:23:03.566+0000] {dagbag.py:435} INFO - File /opt/airflow/dags/env/Scripts/jsonschema.exe:__main__.py assumed to contain no DAGs. Skipping.
[2025-03-29T17:23:03.567+0000] {processor.py:927} WARNING - No viable dags retrieved from /opt/airflow/dags/env/Scripts/jsonschema.exe
[2025-03-29T17:23:03.591+0000] {processor.py:208} INFO - Processing /opt/airflow/dags/env/Scripts/jsonschema.exe took 0.052 seconds
[2025-03-29T17:23:34.086+0000] {processor.py:186} INFO - Started process (PID=410) to work on /opt/airflow/dags/env/Scripts/jsonschema.exe
[2025-03-29T17:23:34.087+0000] {processor.py:914} INFO - Processing file /opt/airflow/dags/env/Scripts/jsonschema.exe for tasks to queue
[2025-03-29T17:23:34.090+0000] {logging_mixin.py:190} INFO - [2025-03-29T17:23:34.090+0000] {dagbag.py:588} INFO - Filling up the DagBag from /opt/airflow/dags/env/Scripts/jsonschema.exe
[2025-03-29T17:23:34.101+0000] {logging_mixin.py:190} INFO - [2025-03-29T17:23:34.101+0000] {dagbag.py:435} INFO - File /opt/airflow/dags/env/Scripts/jsonschema.exe:__main__.py assumed to contain no DAGs. Skipping.
[2025-03-29T17:23:34.102+0000] {processor.py:927} WARNING - No viable dags retrieved from /opt/airflow/dags/env/Scripts/jsonschema.exe
[2025-03-29T17:23:34.126+0000] {processor.py:208} INFO - Processing /opt/airflow/dags/env/Scripts/jsonschema.exe took 0.048 seconds
[2025-03-29T17:24:05.467+0000] {processor.py:186} INFO - Started process (PID=434) to work on /opt/airflow/dags/env/Scripts/jsonschema.exe
[2025-03-29T17:24:05.468+0000] {processor.py:914} INFO - Processing file /opt/airflow/dags/env/Scripts/jsonschema.exe for tasks to queue
[2025-03-29T17:24:05.472+0000] {logging_mixin.py:190} INFO - [2025-03-29T17:24:05.471+0000] {dagbag.py:588} INFO - Filling up the DagBag from /opt/airflow/dags/env/Scripts/jsonschema.exe
[2025-03-29T17:24:05.483+0000] {logging_mixin.py:190} INFO - [2025-03-29T17:24:05.482+0000] {dagbag.py:435} INFO - File /opt/airflow/dags/env/Scripts/jsonschema.exe:__main__.py assumed to contain no DAGs. Skipping.
[2025-03-29T17:24:05.483+0000] {processor.py:927} WARNING - No viable dags retrieved from /opt/airflow/dags/env/Scripts/jsonschema.exe
[2025-03-29T17:24:05.507+0000] {processor.py:208} INFO - Processing /opt/airflow/dags/env/Scripts/jsonschema.exe took 0.047 seconds
[2025-03-29T17:28:07.813+0000] {processor.py:186} INFO - Started process (PID=444) to work on /opt/airflow/dags/env/Scripts/jsonschema.exe
[2025-03-29T17:28:07.814+0000] {processor.py:914} INFO - Processing file /opt/airflow/dags/env/Scripts/jsonschema.exe for tasks to queue
[2025-03-29T17:28:07.817+0000] {logging_mixin.py:190} INFO - [2025-03-29T17:28:07.816+0000] {dagbag.py:588} INFO - Filling up the DagBag from /opt/airflow/dags/env/Scripts/jsonschema.exe
[2025-03-29T17:28:07.828+0000] {logging_mixin.py:190} INFO - [2025-03-29T17:28:07.828+0000] {dagbag.py:435} INFO - File /opt/airflow/dags/env/Scripts/jsonschema.exe:__main__.py assumed to contain no DAGs. Skipping.
[2025-03-29T17:28:07.829+0000] {processor.py:927} WARNING - No viable dags retrieved from /opt/airflow/dags/env/Scripts/jsonschema.exe
[2025-03-29T17:28:07.853+0000] {processor.py:208} INFO - Processing /opt/airflow/dags/env/Scripts/jsonschema.exe took 0.047 seconds
[2025-03-29T17:28:38.658+0000] {processor.py:186} INFO - Started process (PID=468) to work on /opt/airflow/dags/env/Scripts/jsonschema.exe
[2025-03-29T17:28:38.659+0000] {processor.py:914} INFO - Processing file /opt/airflow/dags/env/Scripts/jsonschema.exe for tasks to queue
[2025-03-29T17:28:38.662+0000] {logging_mixin.py:190} INFO - [2025-03-29T17:28:38.662+0000] {dagbag.py:588} INFO - Filling up the DagBag from /opt/airflow/dags/env/Scripts/jsonschema.exe
[2025-03-29T17:28:38.675+0000] {logging_mixin.py:190} INFO - [2025-03-29T17:28:38.675+0000] {dagbag.py:435} INFO - File /opt/airflow/dags/env/Scripts/jsonschema.exe:__main__.py assumed to contain no DAGs. Skipping.
[2025-03-29T17:28:38.676+0000] {processor.py:927} WARNING - No viable dags retrieved from /opt/airflow/dags/env/Scripts/jsonschema.exe
[2025-03-29T17:28:38.700+0000] {processor.py:208} INFO - Processing /opt/airflow/dags/env/Scripts/jsonschema.exe took 0.049 seconds
[2025-03-29T17:29:09.234+0000] {processor.py:186} INFO - Started process (PID=492) to work on /opt/airflow/dags/env/Scripts/jsonschema.exe
[2025-03-29T17:29:09.236+0000] {processor.py:914} INFO - Processing file /opt/airflow/dags/env/Scripts/jsonschema.exe for tasks to queue
[2025-03-29T17:29:09.239+0000] {logging_mixin.py:190} INFO - [2025-03-29T17:29:09.238+0000] {dagbag.py:588} INFO - Filling up the DagBag from /opt/airflow/dags/env/Scripts/jsonschema.exe
[2025-03-29T17:29:09.251+0000] {logging_mixin.py:190} INFO - [2025-03-29T17:29:09.250+0000] {dagbag.py:435} INFO - File /opt/airflow/dags/env/Scripts/jsonschema.exe:__main__.py assumed to contain no DAGs. Skipping.
[2025-03-29T17:29:09.252+0000] {processor.py:927} WARNING - No viable dags retrieved from /opt/airflow/dags/env/Scripts/jsonschema.exe
[2025-03-29T17:29:09.281+0000] {processor.py:208} INFO - Processing /opt/airflow/dags/env/Scripts/jsonschema.exe took 0.054 seconds
[2025-03-29T17:33:06.852+0000] {processor.py:186} INFO - Started process (PID=496) to work on /opt/airflow/dags/env/Scripts/jsonschema.exe
[2025-03-29T17:33:06.854+0000] {processor.py:914} INFO - Processing file /opt/airflow/dags/env/Scripts/jsonschema.exe for tasks to queue
[2025-03-29T17:33:06.857+0000] {logging_mixin.py:190} INFO - [2025-03-29T17:33:06.856+0000] {dagbag.py:588} INFO - Filling up the DagBag from /opt/airflow/dags/env/Scripts/jsonschema.exe
[2025-03-29T17:33:06.868+0000] {logging_mixin.py:190} INFO - [2025-03-29T17:33:06.868+0000] {dagbag.py:435} INFO - File /opt/airflow/dags/env/Scripts/jsonschema.exe:__main__.py assumed to contain no DAGs. Skipping.
[2025-03-29T17:33:06.869+0000] {processor.py:927} WARNING - No viable dags retrieved from /opt/airflow/dags/env/Scripts/jsonschema.exe
[2025-03-29T17:33:06.892+0000] {processor.py:208} INFO - Processing /opt/airflow/dags/env/Scripts/jsonschema.exe took 0.046 seconds
[2025-03-29T17:33:37.474+0000] {processor.py:186} INFO - Started process (PID=520) to work on /opt/airflow/dags/env/Scripts/jsonschema.exe
[2025-03-29T17:33:37.476+0000] {processor.py:914} INFO - Processing file /opt/airflow/dags/env/Scripts/jsonschema.exe for tasks to queue
[2025-03-29T17:33:37.479+0000] {logging_mixin.py:190} INFO - [2025-03-29T17:33:37.478+0000] {dagbag.py:588} INFO - Filling up the DagBag from /opt/airflow/dags/env/Scripts/jsonschema.exe
[2025-03-29T17:33:37.492+0000] {logging_mixin.py:190} INFO - [2025-03-29T17:33:37.491+0000] {dagbag.py:435} INFO - File /opt/airflow/dags/env/Scripts/jsonschema.exe:__main__.py assumed to contain no DAGs. Skipping.
[2025-03-29T17:33:37.492+0000] {processor.py:927} WARNING - No viable dags retrieved from /opt/airflow/dags/env/Scripts/jsonschema.exe
[2025-03-29T17:33:37.517+0000] {processor.py:208} INFO - Processing /opt/airflow/dags/env/Scripts/jsonschema.exe took 0.049 seconds
[2025-03-29T17:34:08.212+0000] {processor.py:186} INFO - Started process (PID=544) to work on /opt/airflow/dags/env/Scripts/jsonschema.exe
[2025-03-29T17:34:08.213+0000] {processor.py:914} INFO - Processing file /opt/airflow/dags/env/Scripts/jsonschema.exe for tasks to queue
[2025-03-29T17:34:08.216+0000] {logging_mixin.py:190} INFO - [2025-03-29T17:34:08.216+0000] {dagbag.py:588} INFO - Filling up the DagBag from /opt/airflow/dags/env/Scripts/jsonschema.exe
[2025-03-29T17:34:08.228+0000] {logging_mixin.py:190} INFO - [2025-03-29T17:34:08.228+0000] {dagbag.py:435} INFO - File /opt/airflow/dags/env/Scripts/jsonschema.exe:__main__.py assumed to contain no DAGs. Skipping.
[2025-03-29T17:34:08.229+0000] {processor.py:927} WARNING - No viable dags retrieved from /opt/airflow/dags/env/Scripts/jsonschema.exe
[2025-03-29T17:34:08.253+0000] {processor.py:208} INFO - Processing /opt/airflow/dags/env/Scripts/jsonschema.exe took 0.047 seconds
[2025-03-29T17:38:04.797+0000] {processor.py:186} INFO - Started process (PID=550) to work on /opt/airflow/dags/env/Scripts/jsonschema.exe
[2025-03-29T17:38:04.799+0000] {processor.py:914} INFO - Processing file /opt/airflow/dags/env/Scripts/jsonschema.exe for tasks to queue
[2025-03-29T17:38:04.802+0000] {logging_mixin.py:190} INFO - [2025-03-29T17:38:04.802+0000] {dagbag.py:588} INFO - Filling up the DagBag from /opt/airflow/dags/env/Scripts/jsonschema.exe
[2025-03-29T17:38:04.818+0000] {logging_mixin.py:190} INFO - [2025-03-29T17:38:04.818+0000] {dagbag.py:435} INFO - File /opt/airflow/dags/env/Scripts/jsonschema.exe:__main__.py assumed to contain no DAGs. Skipping.
[2025-03-29T17:38:04.819+0000] {processor.py:927} WARNING - No viable dags retrieved from /opt/airflow/dags/env/Scripts/jsonschema.exe
[2025-03-29T17:38:04.844+0000] {processor.py:208} INFO - Processing /opt/airflow/dags/env/Scripts/jsonschema.exe took 0.056 seconds
[2025-03-29T17:38:35.354+0000] {processor.py:186} INFO - Started process (PID=574) to work on /opt/airflow/dags/env/Scripts/jsonschema.exe
[2025-03-29T17:38:35.356+0000] {processor.py:914} INFO - Processing file /opt/airflow/dags/env/Scripts/jsonschema.exe for tasks to queue
[2025-03-29T17:38:35.359+0000] {logging_mixin.py:190} INFO - [2025-03-29T17:38:35.358+0000] {dagbag.py:588} INFO - Filling up the DagBag from /opt/airflow/dags/env/Scripts/jsonschema.exe
[2025-03-29T17:38:35.372+0000] {logging_mixin.py:190} INFO - [2025-03-29T17:38:35.371+0000] {dagbag.py:435} INFO - File /opt/airflow/dags/env/Scripts/jsonschema.exe:__main__.py assumed to contain no DAGs. Skipping.
[2025-03-29T17:38:35.373+0000] {processor.py:927} WARNING - No viable dags retrieved from /opt/airflow/dags/env/Scripts/jsonschema.exe
[2025-03-29T17:38:35.401+0000] {processor.py:208} INFO - Processing /opt/airflow/dags/env/Scripts/jsonschema.exe took 0.057 seconds
[2025-03-29T17:39:06.303+0000] {processor.py:186} INFO - Started process (PID=598) to work on /opt/airflow/dags/env/Scripts/jsonschema.exe
[2025-03-29T17:39:06.304+0000] {processor.py:914} INFO - Processing file /opt/airflow/dags/env/Scripts/jsonschema.exe for tasks to queue
[2025-03-29T17:39:06.307+0000] {logging_mixin.py:190} INFO - [2025-03-29T17:39:06.307+0000] {dagbag.py:588} INFO - Filling up the DagBag from /opt/airflow/dags/env/Scripts/jsonschema.exe
[2025-03-29T17:39:06.320+0000] {logging_mixin.py:190} INFO - [2025-03-29T17:39:06.320+0000] {dagbag.py:435} INFO - File /opt/airflow/dags/env/Scripts/jsonschema.exe:__main__.py assumed to contain no DAGs. Skipping.
[2025-03-29T17:39:06.321+0000] {processor.py:927} WARNING - No viable dags retrieved from /opt/airflow/dags/env/Scripts/jsonschema.exe
[2025-03-29T17:39:06.347+0000] {processor.py:208} INFO - Processing /opt/airflow/dags/env/Scripts/jsonschema.exe took 0.051 seconds
[2025-03-29T17:43:05.212+0000] {processor.py:186} INFO - Started process (PID=606) to work on /opt/airflow/dags/env/Scripts/jsonschema.exe
[2025-03-29T17:43:05.213+0000] {processor.py:914} INFO - Processing file /opt/airflow/dags/env/Scripts/jsonschema.exe for tasks to queue
[2025-03-29T17:43:05.216+0000] {logging_mixin.py:190} INFO - [2025-03-29T17:43:05.216+0000] {dagbag.py:588} INFO - Filling up the DagBag from /opt/airflow/dags/env/Scripts/jsonschema.exe
[2025-03-29T17:43:05.227+0000] {logging_mixin.py:190} INFO - [2025-03-29T17:43:05.227+0000] {dagbag.py:435} INFO - File /opt/airflow/dags/env/Scripts/jsonschema.exe:__main__.py assumed to contain no DAGs. Skipping.
[2025-03-29T17:43:05.228+0000] {processor.py:927} WARNING - No viable dags retrieved from /opt/airflow/dags/env/Scripts/jsonschema.exe
[2025-03-29T17:43:05.254+0000] {processor.py:208} INFO - Processing /opt/airflow/dags/env/Scripts/jsonschema.exe took 0.049 seconds
[2025-03-29T17:43:35.721+0000] {processor.py:186} INFO - Started process (PID=630) to work on /opt/airflow/dags/env/Scripts/jsonschema.exe
[2025-03-29T17:43:35.723+0000] {processor.py:914} INFO - Processing file /opt/airflow/dags/env/Scripts/jsonschema.exe for tasks to queue
[2025-03-29T17:43:35.726+0000] {logging_mixin.py:190} INFO - [2025-03-29T17:43:35.725+0000] {dagbag.py:588} INFO - Filling up the DagBag from /opt/airflow/dags/env/Scripts/jsonschema.exe
[2025-03-29T17:43:35.737+0000] {logging_mixin.py:190} INFO - [2025-03-29T17:43:35.737+0000] {dagbag.py:435} INFO - File /opt/airflow/dags/env/Scripts/jsonschema.exe:__main__.py assumed to contain no DAGs. Skipping.
[2025-03-29T17:43:35.738+0000] {processor.py:927} WARNING - No viable dags retrieved from /opt/airflow/dags/env/Scripts/jsonschema.exe
[2025-03-29T17:43:35.761+0000] {processor.py:208} INFO - Processing /opt/airflow/dags/env/Scripts/jsonschema.exe took 0.047 seconds
[2025-03-29T17:44:06.986+0000] {processor.py:186} INFO - Started process (PID=654) to work on /opt/airflow/dags/env/Scripts/jsonschema.exe
[2025-03-29T17:44:06.988+0000] {processor.py:914} INFO - Processing file /opt/airflow/dags/env/Scripts/jsonschema.exe for tasks to queue
[2025-03-29T17:44:06.991+0000] {logging_mixin.py:190} INFO - [2025-03-29T17:44:06.991+0000] {dagbag.py:588} INFO - Filling up the DagBag from /opt/airflow/dags/env/Scripts/jsonschema.exe
[2025-03-29T17:44:07.004+0000] {logging_mixin.py:190} INFO - [2025-03-29T17:44:07.004+0000] {dagbag.py:435} INFO - File /opt/airflow/dags/env/Scripts/jsonschema.exe:__main__.py assumed to contain no DAGs. Skipping.
[2025-03-29T17:44:07.006+0000] {processor.py:927} WARNING - No viable dags retrieved from /opt/airflow/dags/env/Scripts/jsonschema.exe
[2025-03-29T17:44:07.030+0000] {processor.py:208} INFO - Processing /opt/airflow/dags/env/Scripts/jsonschema.exe took 0.053 seconds
[2025-03-29T17:48:08.503+0000] {processor.py:186} INFO - Started process (PID=661) to work on /opt/airflow/dags/env/Scripts/jsonschema.exe
[2025-03-29T17:48:08.504+0000] {processor.py:914} INFO - Processing file /opt/airflow/dags/env/Scripts/jsonschema.exe for tasks to queue
[2025-03-29T17:48:08.508+0000] {logging_mixin.py:190} INFO - [2025-03-29T17:48:08.507+0000] {dagbag.py:588} INFO - Filling up the DagBag from /opt/airflow/dags/env/Scripts/jsonschema.exe
[2025-03-29T17:48:08.522+0000] {logging_mixin.py:190} INFO - [2025-03-29T17:48:08.522+0000] {dagbag.py:435} INFO - File /opt/airflow/dags/env/Scripts/jsonschema.exe:__main__.py assumed to contain no DAGs. Skipping.
[2025-03-29T17:48:08.523+0000] {processor.py:927} WARNING - No viable dags retrieved from /opt/airflow/dags/env/Scripts/jsonschema.exe
[2025-03-29T17:48:08.554+0000] {processor.py:208} INFO - Processing /opt/airflow/dags/env/Scripts/jsonschema.exe took 0.061 seconds
[2025-03-29T17:48:38.889+0000] {processor.py:186} INFO - Started process (PID=685) to work on /opt/airflow/dags/env/Scripts/jsonschema.exe
[2025-03-29T17:48:38.890+0000] {processor.py:914} INFO - Processing file /opt/airflow/dags/env/Scripts/jsonschema.exe for tasks to queue
[2025-03-29T17:48:38.893+0000] {logging_mixin.py:190} INFO - [2025-03-29T17:48:38.893+0000] {dagbag.py:588} INFO - Filling up the DagBag from /opt/airflow/dags/env/Scripts/jsonschema.exe
[2025-03-29T17:48:38.905+0000] {logging_mixin.py:190} INFO - [2025-03-29T17:48:38.904+0000] {dagbag.py:435} INFO - File /opt/airflow/dags/env/Scripts/jsonschema.exe:__main__.py assumed to contain no DAGs. Skipping.
[2025-03-29T17:48:38.905+0000] {processor.py:927} WARNING - No viable dags retrieved from /opt/airflow/dags/env/Scripts/jsonschema.exe
[2025-03-29T17:48:38.930+0000] {processor.py:208} INFO - Processing /opt/airflow/dags/env/Scripts/jsonschema.exe took 0.048 seconds
[2025-03-29T17:49:10.208+0000] {processor.py:186} INFO - Started process (PID=709) to work on /opt/airflow/dags/env/Scripts/jsonschema.exe
[2025-03-29T17:49:10.210+0000] {processor.py:914} INFO - Processing file /opt/airflow/dags/env/Scripts/jsonschema.exe for tasks to queue
[2025-03-29T17:49:10.214+0000] {logging_mixin.py:190} INFO - [2025-03-29T17:49:10.213+0000] {dagbag.py:588} INFO - Filling up the DagBag from /opt/airflow/dags/env/Scripts/jsonschema.exe
[2025-03-29T17:49:10.227+0000] {logging_mixin.py:190} INFO - [2025-03-29T17:49:10.227+0000] {dagbag.py:435} INFO - File /opt/airflow/dags/env/Scripts/jsonschema.exe:__main__.py assumed to contain no DAGs. Skipping.
[2025-03-29T17:49:10.228+0000] {processor.py:927} WARNING - No viable dags retrieved from /opt/airflow/dags/env/Scripts/jsonschema.exe
[2025-03-29T17:49:10.257+0000] {processor.py:208} INFO - Processing /opt/airflow/dags/env/Scripts/jsonschema.exe took 0.059 seconds
[2025-03-29T17:53:09.242+0000] {processor.py:186} INFO - Started process (PID=714) to work on /opt/airflow/dags/env/Scripts/jsonschema.exe
[2025-03-29T17:53:09.243+0000] {processor.py:914} INFO - Processing file /opt/airflow/dags/env/Scripts/jsonschema.exe for tasks to queue
[2025-03-29T17:53:09.247+0000] {logging_mixin.py:190} INFO - [2025-03-29T17:53:09.246+0000] {dagbag.py:588} INFO - Filling up the DagBag from /opt/airflow/dags/env/Scripts/jsonschema.exe
[2025-03-29T17:53:09.265+0000] {logging_mixin.py:190} INFO - [2025-03-29T17:53:09.265+0000] {dagbag.py:435} INFO - File /opt/airflow/dags/env/Scripts/jsonschema.exe:__main__.py assumed to contain no DAGs. Skipping.
[2025-03-29T17:53:09.267+0000] {processor.py:927} WARNING - No viable dags retrieved from /opt/airflow/dags/env/Scripts/jsonschema.exe
[2025-03-29T17:53:09.297+0000] {processor.py:208} INFO - Processing /opt/airflow/dags/env/Scripts/jsonschema.exe took 0.063 seconds
[2025-03-29T17:53:40.437+0000] {processor.py:186} INFO - Started process (PID=738) to work on /opt/airflow/dags/env/Scripts/jsonschema.exe
[2025-03-29T17:53:40.438+0000] {processor.py:914} INFO - Processing file /opt/airflow/dags/env/Scripts/jsonschema.exe for tasks to queue
[2025-03-29T17:53:40.442+0000] {logging_mixin.py:190} INFO - [2025-03-29T17:53:40.441+0000] {dagbag.py:588} INFO - Filling up the DagBag from /opt/airflow/dags/env/Scripts/jsonschema.exe
[2025-03-29T17:53:40.459+0000] {logging_mixin.py:190} INFO - [2025-03-29T17:53:40.459+0000] {dagbag.py:435} INFO - File /opt/airflow/dags/env/Scripts/jsonschema.exe:__main__.py assumed to contain no DAGs. Skipping.
[2025-03-29T17:53:40.460+0000] {processor.py:927} WARNING - No viable dags retrieved from /opt/airflow/dags/env/Scripts/jsonschema.exe
[2025-03-29T17:53:40.495+0000] {processor.py:208} INFO - Processing /opt/airflow/dags/env/Scripts/jsonschema.exe took 0.067 seconds
[2025-03-29T17:54:11.721+0000] {processor.py:186} INFO - Started process (PID=762) to work on /opt/airflow/dags/env/Scripts/jsonschema.exe
[2025-03-29T17:54:11.722+0000] {processor.py:914} INFO - Processing file /opt/airflow/dags/env/Scripts/jsonschema.exe for tasks to queue
[2025-03-29T17:54:11.725+0000] {logging_mixin.py:190} INFO - [2025-03-29T17:54:11.725+0000] {dagbag.py:588} INFO - Filling up the DagBag from /opt/airflow/dags/env/Scripts/jsonschema.exe
[2025-03-29T17:54:11.736+0000] {logging_mixin.py:190} INFO - [2025-03-29T17:54:11.736+0000] {dagbag.py:435} INFO - File /opt/airflow/dags/env/Scripts/jsonschema.exe:__main__.py assumed to contain no DAGs. Skipping.
[2025-03-29T17:54:11.737+0000] {processor.py:927} WARNING - No viable dags retrieved from /opt/airflow/dags/env/Scripts/jsonschema.exe
[2025-03-29T17:54:11.760+0000] {processor.py:208} INFO - Processing /opt/airflow/dags/env/Scripts/jsonschema.exe took 0.046 seconds
[2025-03-29T17:58:10.743+0000] {processor.py:186} INFO - Started process (PID=766) to work on /opt/airflow/dags/env/Scripts/jsonschema.exe
[2025-03-29T17:58:10.744+0000] {processor.py:914} INFO - Processing file /opt/airflow/dags/env/Scripts/jsonschema.exe for tasks to queue
[2025-03-29T17:58:10.747+0000] {logging_mixin.py:190} INFO - [2025-03-29T17:58:10.746+0000] {dagbag.py:588} INFO - Filling up the DagBag from /opt/airflow/dags/env/Scripts/jsonschema.exe
[2025-03-29T17:58:10.758+0000] {logging_mixin.py:190} INFO - [2025-03-29T17:58:10.758+0000] {dagbag.py:435} INFO - File /opt/airflow/dags/env/Scripts/jsonschema.exe:__main__.py assumed to contain no DAGs. Skipping.
[2025-03-29T17:58:10.759+0000] {processor.py:927} WARNING - No viable dags retrieved from /opt/airflow/dags/env/Scripts/jsonschema.exe
[2025-03-29T17:58:10.783+0000] {processor.py:208} INFO - Processing /opt/airflow/dags/env/Scripts/jsonschema.exe took 0.048 seconds
[2025-03-29T17:58:41.949+0000] {processor.py:186} INFO - Started process (PID=790) to work on /opt/airflow/dags/env/Scripts/jsonschema.exe
[2025-03-29T17:58:41.950+0000] {processor.py:914} INFO - Processing file /opt/airflow/dags/env/Scripts/jsonschema.exe for tasks to queue
[2025-03-29T17:58:41.953+0000] {logging_mixin.py:190} INFO - [2025-03-29T17:58:41.952+0000] {dagbag.py:588} INFO - Filling up the DagBag from /opt/airflow/dags/env/Scripts/jsonschema.exe
[2025-03-29T17:58:41.965+0000] {logging_mixin.py:190} INFO - [2025-03-29T17:58:41.965+0000] {dagbag.py:435} INFO - File /opt/airflow/dags/env/Scripts/jsonschema.exe:__main__.py assumed to contain no DAGs. Skipping.
[2025-03-29T17:58:41.966+0000] {processor.py:927} WARNING - No viable dags retrieved from /opt/airflow/dags/env/Scripts/jsonschema.exe
[2025-03-29T17:58:41.991+0000] {processor.py:208} INFO - Processing /opt/airflow/dags/env/Scripts/jsonschema.exe took 0.049 seconds
[2025-03-29T17:59:12.411+0000] {processor.py:186} INFO - Started process (PID=814) to work on /opt/airflow/dags/env/Scripts/jsonschema.exe
[2025-03-29T17:59:12.413+0000] {processor.py:914} INFO - Processing file /opt/airflow/dags/env/Scripts/jsonschema.exe for tasks to queue
[2025-03-29T17:59:12.416+0000] {logging_mixin.py:190} INFO - [2025-03-29T17:59:12.415+0000] {dagbag.py:588} INFO - Filling up the DagBag from /opt/airflow/dags/env/Scripts/jsonschema.exe
[2025-03-29T17:59:12.427+0000] {logging_mixin.py:190} INFO - [2025-03-29T17:59:12.427+0000] {dagbag.py:435} INFO - File /opt/airflow/dags/env/Scripts/jsonschema.exe:__main__.py assumed to contain no DAGs. Skipping.
[2025-03-29T17:59:12.428+0000] {processor.py:927} WARNING - No viable dags retrieved from /opt/airflow/dags/env/Scripts/jsonschema.exe
[2025-03-29T17:59:12.454+0000] {processor.py:208} INFO - Processing /opt/airflow/dags/env/Scripts/jsonschema.exe took 0.050 seconds
[2025-03-29T18:28:42.545+0000] {processor.py:186} INFO - Started process (PID=818) to work on /opt/airflow/dags/env/Scripts/jsonschema.exe
[2025-03-29T18:28:42.547+0000] {processor.py:914} INFO - Processing file /opt/airflow/dags/env/Scripts/jsonschema.exe for tasks to queue
[2025-03-29T18:28:42.560+0000] {logging_mixin.py:190} INFO - [2025-03-29T18:28:42.560+0000] {dagbag.py:588} INFO - Filling up the DagBag from /opt/airflow/dags/env/Scripts/jsonschema.exe
[2025-03-29T18:28:42.585+0000] {logging_mixin.py:190} INFO - [2025-03-29T18:28:42.585+0000] {dagbag.py:435} INFO - File /opt/airflow/dags/env/Scripts/jsonschema.exe:__main__.py assumed to contain no DAGs. Skipping.
[2025-03-29T18:28:42.587+0000] {processor.py:927} WARNING - No viable dags retrieved from /opt/airflow/dags/env/Scripts/jsonschema.exe
[2025-03-29T18:28:42.665+0000] {processor.py:208} INFO - Processing /opt/airflow/dags/env/Scripts/jsonschema.exe took 0.157 seconds
[2025-03-29T18:41:02.864+0000] {processor.py:186} INFO - Started process (PID=842) to work on /opt/airflow/dags/env/Scripts/jsonschema.exe
[2025-03-29T18:41:02.865+0000] {processor.py:914} INFO - Processing file /opt/airflow/dags/env/Scripts/jsonschema.exe for tasks to queue
[2025-03-29T18:41:02.868+0000] {logging_mixin.py:190} INFO - [2025-03-29T18:41:02.867+0000] {dagbag.py:588} INFO - Filling up the DagBag from /opt/airflow/dags/env/Scripts/jsonschema.exe
[2025-03-29T18:41:02.881+0000] {logging_mixin.py:190} INFO - [2025-03-29T18:41:02.881+0000] {dagbag.py:435} INFO - File /opt/airflow/dags/env/Scripts/jsonschema.exe:__main__.py assumed to contain no DAGs. Skipping.
[2025-03-29T18:41:02.882+0000] {processor.py:927} WARNING - No viable dags retrieved from /opt/airflow/dags/env/Scripts/jsonschema.exe
[2025-03-29T18:41:02.903+0000] {processor.py:208} INFO - Processing /opt/airflow/dags/env/Scripts/jsonschema.exe took 0.049 seconds
[2025-03-29T19:10:55.693+0000] {processor.py:186} INFO - Started process (PID=854) to work on /opt/airflow/dags/env/Scripts/jsonschema.exe
[2025-03-29T19:10:55.704+0000] {processor.py:914} INFO - Processing file /opt/airflow/dags/env/Scripts/jsonschema.exe for tasks to queue
[2025-03-29T19:10:55.721+0000] {logging_mixin.py:190} INFO - [2025-03-29T19:10:55.720+0000] {dagbag.py:588} INFO - Filling up the DagBag from /opt/airflow/dags/env/Scripts/jsonschema.exe
[2025-03-29T19:10:55.747+0000] {logging_mixin.py:190} INFO - [2025-03-29T19:10:55.747+0000] {dagbag.py:435} INFO - File /opt/airflow/dags/env/Scripts/jsonschema.exe:__main__.py assumed to contain no DAGs. Skipping.
[2025-03-29T19:10:55.750+0000] {processor.py:927} WARNING - No viable dags retrieved from /opt/airflow/dags/env/Scripts/jsonschema.exe
[2025-03-29T19:10:55.834+0000] {processor.py:208} INFO - Processing /opt/airflow/dags/env/Scripts/jsonschema.exe took 0.170 seconds
[2025-03-29T21:05:46.594+0000] {processor.py:186} INFO - Started process (PID=878) to work on /opt/airflow/dags/env/Scripts/jsonschema.exe
[2025-03-29T21:05:46.596+0000] {processor.py:914} INFO - Processing file /opt/airflow/dags/env/Scripts/jsonschema.exe for tasks to queue
[2025-03-29T21:05:46.599+0000] {logging_mixin.py:190} INFO - [2025-03-29T21:05:46.599+0000] {dagbag.py:588} INFO - Filling up the DagBag from /opt/airflow/dags/env/Scripts/jsonschema.exe
[2025-03-29T21:05:46.617+0000] {logging_mixin.py:190} INFO - [2025-03-29T21:05:46.617+0000] {dagbag.py:435} INFO - File /opt/airflow/dags/env/Scripts/jsonschema.exe:__main__.py assumed to contain no DAGs. Skipping.
[2025-03-29T21:05:46.618+0000] {processor.py:927} WARNING - No viable dags retrieved from /opt/airflow/dags/env/Scripts/jsonschema.exe
[2025-03-29T21:05:46.646+0000] {processor.py:208} INFO - Processing /opt/airflow/dags/env/Scripts/jsonschema.exe took 0.060 seconds
[2025-03-29T21:35:12.220+0000] {processor.py:186} INFO - Started process (PID=897) to work on /opt/airflow/dags/env/Scripts/jsonschema.exe
[2025-03-29T21:35:12.222+0000] {processor.py:914} INFO - Processing file /opt/airflow/dags/env/Scripts/jsonschema.exe for tasks to queue
[2025-03-29T21:35:12.228+0000] {logging_mixin.py:190} INFO - [2025-03-29T21:35:12.228+0000] {dagbag.py:588} INFO - Filling up the DagBag from /opt/airflow/dags/env/Scripts/jsonschema.exe
[2025-03-29T21:35:12.249+0000] {logging_mixin.py:190} INFO - [2025-03-29T21:35:12.248+0000] {dagbag.py:435} INFO - File /opt/airflow/dags/env/Scripts/jsonschema.exe:__main__.py assumed to contain no DAGs. Skipping.
[2025-03-29T21:35:12.250+0000] {processor.py:927} WARNING - No viable dags retrieved from /opt/airflow/dags/env/Scripts/jsonschema.exe
[2025-03-29T21:35:12.300+0000] {processor.py:208} INFO - Processing /opt/airflow/dags/env/Scripts/jsonschema.exe took 0.093 seconds
