[2025-03-29T00:11:17.346+0000] {processor.py:186} INFO - Started process (PID=365) to work on /opt/airflow/dags/env/Scripts/normalizer.exe
[2025-03-29T00:11:17.348+0000] {processor.py:914} INFO - Processing file /opt/airflow/dags/env/Scripts/normalizer.exe for tasks to queue
[2025-03-29T00:11:17.354+0000] {logging_mixin.py:190} INFO - [2025-03-29T00:11:17.353+0000] {dagbag.py:588} INFO - Filling up the DagBag from /opt/airflow/dags/env/Scripts/normalizer.exe
[2025-03-29T00:11:17.380+0000] {logging_mixin.py:190} INFO - [2025-03-29T00:11:17.380+0000] {dagbag.py:435} INFO - File /opt/airflow/dags/env/Scripts/normalizer.exe:__main__.py assumed to contain no DAGs. Skipping.
[2025-03-29T00:11:17.383+0000] {processor.py:927} WARNING - No viable dags retrieved from /opt/airflow/dags/env/Scripts/normalizer.exe
[2025-03-29T00:11:17.419+0000] {processor.py:208} INFO - Processing /opt/airflow/dags/env/Scripts/normalizer.exe took 0.087 seconds
[2025-03-29T00:47:30.338+0000] {processor.py:186} INFO - Started process (PID=432) to work on /opt/airflow/dags/env/Scripts/normalizer.exe
[2025-03-29T00:47:30.339+0000] {processor.py:914} INFO - Processing file /opt/airflow/dags/env/Scripts/normalizer.exe for tasks to queue
[2025-03-29T00:47:30.342+0000] {logging_mixin.py:190} INFO - [2025-03-29T00:47:30.342+0000] {dagbag.py:588} INFO - Filling up the DagBag from /opt/airflow/dags/env/Scripts/normalizer.exe
[2025-03-29T00:47:30.358+0000] {logging_mixin.py:190} INFO - [2025-03-29T00:47:30.358+0000] {dagbag.py:435} INFO - File /opt/airflow/dags/env/Scripts/normalizer.exe:__main__.py assumed to contain no DAGs. Skipping.
[2025-03-29T00:47:30.359+0000] {processor.py:927} WARNING - No viable dags retrieved from /opt/airflow/dags/env/Scripts/normalizer.exe
[2025-03-29T00:47:30.383+0000] {processor.py:208} INFO - Processing /opt/airflow/dags/env/Scripts/normalizer.exe took 0.054 seconds
[2025-03-29T00:52:26.627+0000] {processor.py:186} INFO - Started process (PID=460) to work on /opt/airflow/dags/env/Scripts/normalizer.exe
[2025-03-29T00:52:26.629+0000] {processor.py:914} INFO - Processing file /opt/airflow/dags/env/Scripts/normalizer.exe for tasks to queue
[2025-03-29T00:52:26.635+0000] {logging_mixin.py:190} INFO - [2025-03-29T00:52:26.634+0000] {dagbag.py:588} INFO - Filling up the DagBag from /opt/airflow/dags/env/Scripts/normalizer.exe
[2025-03-29T00:52:26.662+0000] {logging_mixin.py:190} INFO - [2025-03-29T00:52:26.662+0000] {dagbag.py:435} INFO - File /opt/airflow/dags/env/Scripts/normalizer.exe:__main__.py assumed to contain no DAGs. Skipping.
[2025-03-29T00:52:26.664+0000] {processor.py:927} WARNING - No viable dags retrieved from /opt/airflow/dags/env/Scripts/normalizer.exe
[2025-03-29T00:52:26.693+0000] {processor.py:208} INFO - Processing /opt/airflow/dags/env/Scripts/normalizer.exe took 0.079 seconds
[2025-03-29T00:57:29.729+0000] {processor.py:186} INFO - Started process (PID=490) to work on /opt/airflow/dags/env/Scripts/normalizer.exe
[2025-03-29T00:57:29.731+0000] {processor.py:914} INFO - Processing file /opt/airflow/dags/env/Scripts/normalizer.exe for tasks to queue
[2025-03-29T00:57:29.734+0000] {logging_mixin.py:190} INFO - [2025-03-29T00:57:29.734+0000] {dagbag.py:588} INFO - Filling up the DagBag from /opt/airflow/dags/env/Scripts/normalizer.exe
[2025-03-29T00:57:29.747+0000] {logging_mixin.py:190} INFO - [2025-03-29T00:57:29.746+0000] {dagbag.py:435} INFO - File /opt/airflow/dags/env/Scripts/normalizer.exe:__main__.py assumed to contain no DAGs. Skipping.
[2025-03-29T00:57:29.748+0000] {processor.py:927} WARNING - No viable dags retrieved from /opt/airflow/dags/env/Scripts/normalizer.exe
[2025-03-29T00:57:29.769+0000] {processor.py:208} INFO - Processing /opt/airflow/dags/env/Scripts/normalizer.exe took 0.046 seconds
[2025-03-29T01:02:23.865+0000] {processor.py:186} INFO - Started process (PID=516) to work on /opt/airflow/dags/env/Scripts/normalizer.exe
[2025-03-29T01:02:23.867+0000] {processor.py:914} INFO - Processing file /opt/airflow/dags/env/Scripts/normalizer.exe for tasks to queue
[2025-03-29T01:02:23.870+0000] {logging_mixin.py:190} INFO - [2025-03-29T01:02:23.870+0000] {dagbag.py:588} INFO - Filling up the DagBag from /opt/airflow/dags/env/Scripts/normalizer.exe
[2025-03-29T01:02:23.890+0000] {logging_mixin.py:190} INFO - [2025-03-29T01:02:23.890+0000] {dagbag.py:435} INFO - File /opt/airflow/dags/env/Scripts/normalizer.exe:__main__.py assumed to contain no DAGs. Skipping.
[2025-03-29T01:02:23.893+0000] {processor.py:927} WARNING - No viable dags retrieved from /opt/airflow/dags/env/Scripts/normalizer.exe
[2025-03-29T01:02:23.921+0000] {processor.py:208} INFO - Processing /opt/airflow/dags/env/Scripts/normalizer.exe took 0.063 seconds
[2025-03-29T01:07:32.713+0000] {processor.py:186} INFO - Started process (PID=547) to work on /opt/airflow/dags/env/Scripts/normalizer.exe
[2025-03-29T01:07:32.714+0000] {processor.py:914} INFO - Processing file /opt/airflow/dags/env/Scripts/normalizer.exe for tasks to queue
[2025-03-29T01:07:32.718+0000] {logging_mixin.py:190} INFO - [2025-03-29T01:07:32.718+0000] {dagbag.py:588} INFO - Filling up the DagBag from /opt/airflow/dags/env/Scripts/normalizer.exe
[2025-03-29T01:07:32.733+0000] {logging_mixin.py:190} INFO - [2025-03-29T01:07:32.733+0000] {dagbag.py:435} INFO - File /opt/airflow/dags/env/Scripts/normalizer.exe:__main__.py assumed to contain no DAGs. Skipping.
[2025-03-29T01:07:32.735+0000] {processor.py:927} WARNING - No viable dags retrieved from /opt/airflow/dags/env/Scripts/normalizer.exe
[2025-03-29T01:07:32.756+0000] {processor.py:208} INFO - Processing /opt/airflow/dags/env/Scripts/normalizer.exe took 0.050 seconds
[2025-03-29T01:12:36.099+0000] {processor.py:186} INFO - Started process (PID=572) to work on /opt/airflow/dags/env/Scripts/normalizer.exe
[2025-03-29T01:12:36.100+0000] {processor.py:914} INFO - Processing file /opt/airflow/dags/env/Scripts/normalizer.exe for tasks to queue
[2025-03-29T01:12:36.104+0000] {logging_mixin.py:190} INFO - [2025-03-29T01:12:36.103+0000] {dagbag.py:588} INFO - Filling up the DagBag from /opt/airflow/dags/env/Scripts/normalizer.exe
[2025-03-29T01:12:36.119+0000] {logging_mixin.py:190} INFO - [2025-03-29T01:12:36.119+0000] {dagbag.py:435} INFO - File /opt/airflow/dags/env/Scripts/normalizer.exe:__main__.py assumed to contain no DAGs. Skipping.
[2025-03-29T01:12:36.120+0000] {processor.py:927} WARNING - No viable dags retrieved from /opt/airflow/dags/env/Scripts/normalizer.exe
[2025-03-29T01:12:36.142+0000] {processor.py:208} INFO - Processing /opt/airflow/dags/env/Scripts/normalizer.exe took 0.050 seconds
[2025-03-29T01:17:28.989+0000] {processor.py:186} INFO - Started process (PID=596) to work on /opt/airflow/dags/env/Scripts/normalizer.exe
[2025-03-29T01:17:28.991+0000] {processor.py:914} INFO - Processing file /opt/airflow/dags/env/Scripts/normalizer.exe for tasks to queue
[2025-03-29T01:17:28.997+0000] {logging_mixin.py:190} INFO - [2025-03-29T01:17:28.996+0000] {dagbag.py:588} INFO - Filling up the DagBag from /opt/airflow/dags/env/Scripts/normalizer.exe
[2025-03-29T01:17:29.014+0000] {logging_mixin.py:190} INFO - [2025-03-29T01:17:29.014+0000] {dagbag.py:435} INFO - File /opt/airflow/dags/env/Scripts/normalizer.exe:__main__.py assumed to contain no DAGs. Skipping.
[2025-03-29T01:17:29.015+0000] {processor.py:927} WARNING - No viable dags retrieved from /opt/airflow/dags/env/Scripts/normalizer.exe
[2025-03-29T01:17:29.041+0000] {processor.py:208} INFO - Processing /opt/airflow/dags/env/Scripts/normalizer.exe took 0.075 seconds
[2025-03-29T01:22:35.286+0000] {processor.py:186} INFO - Started process (PID=624) to work on /opt/airflow/dags/env/Scripts/normalizer.exe
[2025-03-29T01:22:35.287+0000] {processor.py:914} INFO - Processing file /opt/airflow/dags/env/Scripts/normalizer.exe for tasks to queue
[2025-03-29T01:22:35.292+0000] {logging_mixin.py:190} INFO - [2025-03-29T01:22:35.291+0000] {dagbag.py:588} INFO - Filling up the DagBag from /opt/airflow/dags/env/Scripts/normalizer.exe
[2025-03-29T01:22:35.312+0000] {logging_mixin.py:190} INFO - [2025-03-29T01:22:35.311+0000] {dagbag.py:435} INFO - File /opt/airflow/dags/env/Scripts/normalizer.exe:__main__.py assumed to contain no DAGs. Skipping.
[2025-03-29T01:22:35.313+0000] {processor.py:927} WARNING - No viable dags retrieved from /opt/airflow/dags/env/Scripts/normalizer.exe
[2025-03-29T01:22:35.341+0000] {processor.py:208} INFO - Processing /opt/airflow/dags/env/Scripts/normalizer.exe took 0.063 seconds
[2025-03-29T16:48:54.677+0000] {processor.py:186} INFO - Started process (PID=62) to work on /opt/airflow/dags/env/Scripts/normalizer.exe
[2025-03-29T16:48:54.679+0000] {processor.py:914} INFO - Processing file /opt/airflow/dags/env/Scripts/normalizer.exe for tasks to queue
[2025-03-29T16:48:54.682+0000] {logging_mixin.py:190} INFO - [2025-03-29T16:48:54.681+0000] {dagbag.py:588} INFO - Filling up the DagBag from /opt/airflow/dags/env/Scripts/normalizer.exe
[2025-03-29T16:48:54.698+0000] {logging_mixin.py:190} INFO - [2025-03-29T16:48:54.697+0000] {dagbag.py:435} INFO - File /opt/airflow/dags/env/Scripts/normalizer.exe:__main__.py assumed to contain no DAGs. Skipping.
[2025-03-29T16:48:54.699+0000] {processor.py:927} WARNING - No viable dags retrieved from /opt/airflow/dags/env/Scripts/normalizer.exe
[2025-03-29T16:48:54.732+0000] {processor.py:208} INFO - Processing /opt/airflow/dags/env/Scripts/normalizer.exe took 0.066 seconds
[2025-03-29T16:53:25.856+0000] {processor.py:186} INFO - Started process (PID=86) to work on /opt/airflow/dags/env/Scripts/normalizer.exe
[2025-03-29T16:53:25.859+0000] {processor.py:914} INFO - Processing file /opt/airflow/dags/env/Scripts/normalizer.exe for tasks to queue
[2025-03-29T16:53:25.865+0000] {logging_mixin.py:190} INFO - [2025-03-29T16:53:25.863+0000] {dagbag.py:588} INFO - Filling up the DagBag from /opt/airflow/dags/env/Scripts/normalizer.exe
[2025-03-29T16:53:25.887+0000] {logging_mixin.py:190} INFO - [2025-03-29T16:53:25.887+0000] {dagbag.py:435} INFO - File /opt/airflow/dags/env/Scripts/normalizer.exe:__main__.py assumed to contain no DAGs. Skipping.
[2025-03-29T16:53:25.889+0000] {processor.py:927} WARNING - No viable dags retrieved from /opt/airflow/dags/env/Scripts/normalizer.exe
[2025-03-29T16:53:25.919+0000] {processor.py:208} INFO - Processing /opt/airflow/dags/env/Scripts/normalizer.exe took 0.073 seconds
[2025-03-29T16:53:56.354+0000] {processor.py:186} INFO - Started process (PID=110) to work on /opt/airflow/dags/env/Scripts/normalizer.exe
[2025-03-29T16:53:56.355+0000] {processor.py:914} INFO - Processing file /opt/airflow/dags/env/Scripts/normalizer.exe for tasks to queue
[2025-03-29T16:53:56.358+0000] {logging_mixin.py:190} INFO - [2025-03-29T16:53:56.358+0000] {dagbag.py:588} INFO - Filling up the DagBag from /opt/airflow/dags/env/Scripts/normalizer.exe
[2025-03-29T16:53:56.370+0000] {logging_mixin.py:190} INFO - [2025-03-29T16:53:56.370+0000] {dagbag.py:435} INFO - File /opt/airflow/dags/env/Scripts/normalizer.exe:__main__.py assumed to contain no DAGs. Skipping.
[2025-03-29T16:53:56.372+0000] {processor.py:927} WARNING - No viable dags retrieved from /opt/airflow/dags/env/Scripts/normalizer.exe
[2025-03-29T16:53:56.395+0000] {processor.py:208} INFO - Processing /opt/airflow/dags/env/Scripts/normalizer.exe took 0.048 seconds
[2025-03-29T16:58:14.360+0000] {processor.py:186} INFO - Started process (PID=132) to work on /opt/airflow/dags/env/Scripts/normalizer.exe
[2025-03-29T16:58:14.361+0000] {processor.py:914} INFO - Processing file /opt/airflow/dags/env/Scripts/normalizer.exe for tasks to queue
[2025-03-29T16:58:14.364+0000] {logging_mixin.py:190} INFO - [2025-03-29T16:58:14.364+0000] {dagbag.py:588} INFO - Filling up the DagBag from /opt/airflow/dags/env/Scripts/normalizer.exe
[2025-03-29T16:58:14.378+0000] {logging_mixin.py:190} INFO - [2025-03-29T16:58:14.378+0000] {dagbag.py:435} INFO - File /opt/airflow/dags/env/Scripts/normalizer.exe:__main__.py assumed to contain no DAGs. Skipping.
[2025-03-29T16:58:14.379+0000] {processor.py:927} WARNING - No viable dags retrieved from /opt/airflow/dags/env/Scripts/normalizer.exe
[2025-03-29T16:58:14.407+0000] {processor.py:208} INFO - Processing /opt/airflow/dags/env/Scripts/normalizer.exe took 0.055 seconds
[2025-03-29T16:58:44.827+0000] {processor.py:186} INFO - Started process (PID=156) to work on /opt/airflow/dags/env/Scripts/normalizer.exe
[2025-03-29T16:58:44.828+0000] {processor.py:914} INFO - Processing file /opt/airflow/dags/env/Scripts/normalizer.exe for tasks to queue
[2025-03-29T16:58:44.832+0000] {logging_mixin.py:190} INFO - [2025-03-29T16:58:44.831+0000] {dagbag.py:588} INFO - Filling up the DagBag from /opt/airflow/dags/env/Scripts/normalizer.exe
[2025-03-29T16:58:44.845+0000] {logging_mixin.py:190} INFO - [2025-03-29T16:58:44.845+0000] {dagbag.py:435} INFO - File /opt/airflow/dags/env/Scripts/normalizer.exe:__main__.py assumed to contain no DAGs. Skipping.
[2025-03-29T16:58:44.846+0000] {processor.py:927} WARNING - No viable dags retrieved from /opt/airflow/dags/env/Scripts/normalizer.exe
[2025-03-29T16:58:44.871+0000] {processor.py:208} INFO - Processing /opt/airflow/dags/env/Scripts/normalizer.exe took 0.051 seconds
[2025-03-29T17:03:13.353+0000] {processor.py:186} INFO - Started process (PID=185) to work on /opt/airflow/dags/env/Scripts/normalizer.exe
[2025-03-29T17:03:13.354+0000] {processor.py:914} INFO - Processing file /opt/airflow/dags/env/Scripts/normalizer.exe for tasks to queue
[2025-03-29T17:03:13.359+0000] {logging_mixin.py:190} INFO - [2025-03-29T17:03:13.358+0000] {dagbag.py:588} INFO - Filling up the DagBag from /opt/airflow/dags/env/Scripts/normalizer.exe
[2025-03-29T17:03:13.376+0000] {logging_mixin.py:190} INFO - [2025-03-29T17:03:13.375+0000] {dagbag.py:435} INFO - File /opt/airflow/dags/env/Scripts/normalizer.exe:__main__.py assumed to contain no DAGs. Skipping.
[2025-03-29T17:03:13.377+0000] {processor.py:927} WARNING - No viable dags retrieved from /opt/airflow/dags/env/Scripts/normalizer.exe
[2025-03-29T17:03:13.405+0000] {processor.py:208} INFO - Processing /opt/airflow/dags/env/Scripts/normalizer.exe took 0.062 seconds
[2025-03-29T17:03:46.017+0000] {processor.py:186} INFO - Started process (PID=209) to work on /opt/airflow/dags/env/Scripts/normalizer.exe
[2025-03-29T17:03:46.019+0000] {processor.py:914} INFO - Processing file /opt/airflow/dags/env/Scripts/normalizer.exe for tasks to queue
[2025-03-29T17:03:46.023+0000] {logging_mixin.py:190} INFO - [2025-03-29T17:03:46.023+0000] {dagbag.py:588} INFO - Filling up the DagBag from /opt/airflow/dags/env/Scripts/normalizer.exe
[2025-03-29T17:03:46.036+0000] {logging_mixin.py:190} INFO - [2025-03-29T17:03:46.036+0000] {dagbag.py:435} INFO - File /opt/airflow/dags/env/Scripts/normalizer.exe:__main__.py assumed to contain no DAGs. Skipping.
[2025-03-29T17:03:46.038+0000] {processor.py:927} WARNING - No viable dags retrieved from /opt/airflow/dags/env/Scripts/normalizer.exe
[2025-03-29T17:03:46.061+0000] {processor.py:208} INFO - Processing /opt/airflow/dags/env/Scripts/normalizer.exe took 0.052 seconds
[2025-03-29T17:08:13.561+0000] {processor.py:186} INFO - Started process (PID=239) to work on /opt/airflow/dags/env/Scripts/normalizer.exe
[2025-03-29T17:08:13.562+0000] {processor.py:914} INFO - Processing file /opt/airflow/dags/env/Scripts/normalizer.exe for tasks to queue
[2025-03-29T17:08:13.566+0000] {logging_mixin.py:190} INFO - [2025-03-29T17:08:13.566+0000] {dagbag.py:588} INFO - Filling up the DagBag from /opt/airflow/dags/env/Scripts/normalizer.exe
[2025-03-29T17:08:13.579+0000] {logging_mixin.py:190} INFO - [2025-03-29T17:08:13.579+0000] {dagbag.py:435} INFO - File /opt/airflow/dags/env/Scripts/normalizer.exe:__main__.py assumed to contain no DAGs. Skipping.
[2025-03-29T17:08:13.580+0000] {processor.py:927} WARNING - No viable dags retrieved from /opt/airflow/dags/env/Scripts/normalizer.exe
[2025-03-29T17:08:13.603+0000] {processor.py:208} INFO - Processing /opt/airflow/dags/env/Scripts/normalizer.exe took 0.049 seconds
[2025-03-29T17:08:45.047+0000] {processor.py:186} INFO - Started process (PID=263) to work on /opt/airflow/dags/env/Scripts/normalizer.exe
[2025-03-29T17:08:45.049+0000] {processor.py:914} INFO - Processing file /opt/airflow/dags/env/Scripts/normalizer.exe for tasks to queue
[2025-03-29T17:08:45.053+0000] {logging_mixin.py:190} INFO - [2025-03-29T17:08:45.053+0000] {dagbag.py:588} INFO - Filling up the DagBag from /opt/airflow/dags/env/Scripts/normalizer.exe
[2025-03-29T17:08:45.070+0000] {logging_mixin.py:190} INFO - [2025-03-29T17:08:45.069+0000] {dagbag.py:435} INFO - File /opt/airflow/dags/env/Scripts/normalizer.exe:__main__.py assumed to contain no DAGs. Skipping.
[2025-03-29T17:08:45.071+0000] {processor.py:927} WARNING - No viable dags retrieved from /opt/airflow/dags/env/Scripts/normalizer.exe
[2025-03-29T17:08:45.098+0000] {processor.py:208} INFO - Processing /opt/airflow/dags/env/Scripts/normalizer.exe took 0.060 seconds
[2025-03-29T17:13:16.430+0000] {processor.py:186} INFO - Started process (PID=293) to work on /opt/airflow/dags/env/Scripts/normalizer.exe
[2025-03-29T17:13:16.431+0000] {processor.py:914} INFO - Processing file /opt/airflow/dags/env/Scripts/normalizer.exe for tasks to queue
[2025-03-29T17:13:16.435+0000] {logging_mixin.py:190} INFO - [2025-03-29T17:13:16.435+0000] {dagbag.py:588} INFO - Filling up the DagBag from /opt/airflow/dags/env/Scripts/normalizer.exe
[2025-03-29T17:13:16.446+0000] {logging_mixin.py:190} INFO - [2025-03-29T17:13:16.446+0000] {dagbag.py:435} INFO - File /opt/airflow/dags/env/Scripts/normalizer.exe:__main__.py assumed to contain no DAGs. Skipping.
[2025-03-29T17:13:16.447+0000] {processor.py:927} WARNING - No viable dags retrieved from /opt/airflow/dags/env/Scripts/normalizer.exe
[2025-03-29T17:13:16.472+0000] {processor.py:208} INFO - Processing /opt/airflow/dags/env/Scripts/normalizer.exe took 0.049 seconds
[2025-03-29T17:13:48.271+0000] {processor.py:186} INFO - Started process (PID=317) to work on /opt/airflow/dags/env/Scripts/normalizer.exe
[2025-03-29T17:13:48.273+0000] {processor.py:914} INFO - Processing file /opt/airflow/dags/env/Scripts/normalizer.exe for tasks to queue
[2025-03-29T17:13:48.277+0000] {logging_mixin.py:190} INFO - [2025-03-29T17:13:48.276+0000] {dagbag.py:588} INFO - Filling up the DagBag from /opt/airflow/dags/env/Scripts/normalizer.exe
[2025-03-29T17:13:48.291+0000] {logging_mixin.py:190} INFO - [2025-03-29T17:13:48.290+0000] {dagbag.py:435} INFO - File /opt/airflow/dags/env/Scripts/normalizer.exe:__main__.py assumed to contain no DAGs. Skipping.
[2025-03-29T17:13:48.292+0000] {processor.py:927} WARNING - No viable dags retrieved from /opt/airflow/dags/env/Scripts/normalizer.exe
[2025-03-29T17:13:48.317+0000] {processor.py:208} INFO - Processing /opt/airflow/dags/env/Scripts/normalizer.exe took 0.056 seconds
[2025-03-29T17:18:19.860+0000] {processor.py:186} INFO - Started process (PID=345) to work on /opt/airflow/dags/env/Scripts/normalizer.exe
[2025-03-29T17:18:19.861+0000] {processor.py:914} INFO - Processing file /opt/airflow/dags/env/Scripts/normalizer.exe for tasks to queue
[2025-03-29T17:18:19.866+0000] {logging_mixin.py:190} INFO - [2025-03-29T17:18:19.865+0000] {dagbag.py:588} INFO - Filling up the DagBag from /opt/airflow/dags/env/Scripts/normalizer.exe
[2025-03-29T17:18:19.880+0000] {logging_mixin.py:190} INFO - [2025-03-29T17:18:19.880+0000] {dagbag.py:435} INFO - File /opt/airflow/dags/env/Scripts/normalizer.exe:__main__.py assumed to contain no DAGs. Skipping.
[2025-03-29T17:18:19.881+0000] {processor.py:927} WARNING - No viable dags retrieved from /opt/airflow/dags/env/Scripts/normalizer.exe
[2025-03-29T17:18:19.904+0000] {processor.py:208} INFO - Processing /opt/airflow/dags/env/Scripts/normalizer.exe took 0.053 seconds
[2025-03-29T17:18:51.303+0000] {processor.py:186} INFO - Started process (PID=369) to work on /opt/airflow/dags/env/Scripts/normalizer.exe
[2025-03-29T17:18:51.305+0000] {processor.py:914} INFO - Processing file /opt/airflow/dags/env/Scripts/normalizer.exe for tasks to queue
[2025-03-29T17:18:51.310+0000] {logging_mixin.py:190} INFO - [2025-03-29T17:18:51.309+0000] {dagbag.py:588} INFO - Filling up the DagBag from /opt/airflow/dags/env/Scripts/normalizer.exe
[2025-03-29T17:18:51.326+0000] {logging_mixin.py:190} INFO - [2025-03-29T17:18:51.326+0000] {dagbag.py:435} INFO - File /opt/airflow/dags/env/Scripts/normalizer.exe:__main__.py assumed to contain no DAGs. Skipping.
[2025-03-29T17:18:51.328+0000] {processor.py:927} WARNING - No viable dags retrieved from /opt/airflow/dags/env/Scripts/normalizer.exe
[2025-03-29T17:18:51.355+0000] {processor.py:208} INFO - Processing /opt/airflow/dags/env/Scripts/normalizer.exe took 0.061 seconds
[2025-03-29T17:23:12.896+0000] {processor.py:186} INFO - Started process (PID=395) to work on /opt/airflow/dags/env/Scripts/normalizer.exe
[2025-03-29T17:23:12.898+0000] {processor.py:914} INFO - Processing file /opt/airflow/dags/env/Scripts/normalizer.exe for tasks to queue
[2025-03-29T17:23:12.902+0000] {logging_mixin.py:190} INFO - [2025-03-29T17:23:12.901+0000] {dagbag.py:588} INFO - Filling up the DagBag from /opt/airflow/dags/env/Scripts/normalizer.exe
[2025-03-29T17:23:12.915+0000] {logging_mixin.py:190} INFO - [2025-03-29T17:23:12.915+0000] {dagbag.py:435} INFO - File /opt/airflow/dags/env/Scripts/normalizer.exe:__main__.py assumed to contain no DAGs. Skipping.
[2025-03-29T17:23:12.916+0000] {processor.py:927} WARNING - No viable dags retrieved from /opt/airflow/dags/env/Scripts/normalizer.exe
[2025-03-29T17:23:12.944+0000] {processor.py:208} INFO - Processing /opt/airflow/dags/env/Scripts/normalizer.exe took 0.056 seconds
[2025-03-29T17:23:44.420+0000] {processor.py:186} INFO - Started process (PID=419) to work on /opt/airflow/dags/env/Scripts/normalizer.exe
[2025-03-29T17:23:44.422+0000] {processor.py:914} INFO - Processing file /opt/airflow/dags/env/Scripts/normalizer.exe for tasks to queue
[2025-03-29T17:23:44.426+0000] {logging_mixin.py:190} INFO - [2025-03-29T17:23:44.425+0000] {dagbag.py:588} INFO - Filling up the DagBag from /opt/airflow/dags/env/Scripts/normalizer.exe
[2025-03-29T17:23:44.440+0000] {logging_mixin.py:190} INFO - [2025-03-29T17:23:44.439+0000] {dagbag.py:435} INFO - File /opt/airflow/dags/env/Scripts/normalizer.exe:__main__.py assumed to contain no DAGs. Skipping.
[2025-03-29T17:23:44.442+0000] {processor.py:927} WARNING - No viable dags retrieved from /opt/airflow/dags/env/Scripts/normalizer.exe
[2025-03-29T17:23:44.469+0000] {processor.py:208} INFO - Processing /opt/airflow/dags/env/Scripts/normalizer.exe took 0.057 seconds
[2025-03-29T17:28:17.765+0000] {processor.py:186} INFO - Started process (PID=452) to work on /opt/airflow/dags/env/Scripts/normalizer.exe
[2025-03-29T17:28:17.767+0000] {processor.py:914} INFO - Processing file /opt/airflow/dags/env/Scripts/normalizer.exe for tasks to queue
[2025-03-29T17:28:17.770+0000] {logging_mixin.py:190} INFO - [2025-03-29T17:28:17.770+0000] {dagbag.py:588} INFO - Filling up the DagBag from /opt/airflow/dags/env/Scripts/normalizer.exe
[2025-03-29T17:28:17.784+0000] {logging_mixin.py:190} INFO - [2025-03-29T17:28:17.783+0000] {dagbag.py:435} INFO - File /opt/airflow/dags/env/Scripts/normalizer.exe:__main__.py assumed to contain no DAGs. Skipping.
[2025-03-29T17:28:17.785+0000] {processor.py:927} WARNING - No viable dags retrieved from /opt/airflow/dags/env/Scripts/normalizer.exe
[2025-03-29T17:28:17.809+0000] {processor.py:208} INFO - Processing /opt/airflow/dags/env/Scripts/normalizer.exe took 0.051 seconds
[2025-03-29T17:28:48.391+0000] {processor.py:186} INFO - Started process (PID=476) to work on /opt/airflow/dags/env/Scripts/normalizer.exe
[2025-03-29T17:28:48.392+0000] {processor.py:914} INFO - Processing file /opt/airflow/dags/env/Scripts/normalizer.exe for tasks to queue
[2025-03-29T17:28:48.396+0000] {logging_mixin.py:190} INFO - [2025-03-29T17:28:48.395+0000] {dagbag.py:588} INFO - Filling up the DagBag from /opt/airflow/dags/env/Scripts/normalizer.exe
[2025-03-29T17:28:48.409+0000] {logging_mixin.py:190} INFO - [2025-03-29T17:28:48.409+0000] {dagbag.py:435} INFO - File /opt/airflow/dags/env/Scripts/normalizer.exe:__main__.py assumed to contain no DAGs. Skipping.
[2025-03-29T17:28:48.410+0000] {processor.py:927} WARNING - No viable dags retrieved from /opt/airflow/dags/env/Scripts/normalizer.exe
[2025-03-29T17:28:48.433+0000] {processor.py:208} INFO - Processing /opt/airflow/dags/env/Scripts/normalizer.exe took 0.050 seconds
[2025-03-29T17:33:16.131+0000] {processor.py:186} INFO - Started process (PID=505) to work on /opt/airflow/dags/env/Scripts/normalizer.exe
[2025-03-29T17:33:16.132+0000] {processor.py:914} INFO - Processing file /opt/airflow/dags/env/Scripts/normalizer.exe for tasks to queue
[2025-03-29T17:33:16.136+0000] {logging_mixin.py:190} INFO - [2025-03-29T17:33:16.135+0000] {dagbag.py:588} INFO - Filling up the DagBag from /opt/airflow/dags/env/Scripts/normalizer.exe
[2025-03-29T17:33:16.148+0000] {logging_mixin.py:190} INFO - [2025-03-29T17:33:16.148+0000] {dagbag.py:435} INFO - File /opt/airflow/dags/env/Scripts/normalizer.exe:__main__.py assumed to contain no DAGs. Skipping.
[2025-03-29T17:33:16.150+0000] {processor.py:927} WARNING - No viable dags retrieved from /opt/airflow/dags/env/Scripts/normalizer.exe
[2025-03-29T17:33:16.176+0000] {processor.py:208} INFO - Processing /opt/airflow/dags/env/Scripts/normalizer.exe took 0.052 seconds
[2025-03-29T17:33:47.763+0000] {processor.py:186} INFO - Started process (PID=529) to work on /opt/airflow/dags/env/Scripts/normalizer.exe
[2025-03-29T17:33:47.764+0000] {processor.py:914} INFO - Processing file /opt/airflow/dags/env/Scripts/normalizer.exe for tasks to queue
[2025-03-29T17:33:47.768+0000] {logging_mixin.py:190} INFO - [2025-03-29T17:33:47.767+0000] {dagbag.py:588} INFO - Filling up the DagBag from /opt/airflow/dags/env/Scripts/normalizer.exe
[2025-03-29T17:33:47.778+0000] {logging_mixin.py:190} INFO - [2025-03-29T17:33:47.778+0000] {dagbag.py:435} INFO - File /opt/airflow/dags/env/Scripts/normalizer.exe:__main__.py assumed to contain no DAGs. Skipping.
[2025-03-29T17:33:47.779+0000] {processor.py:927} WARNING - No viable dags retrieved from /opt/airflow/dags/env/Scripts/normalizer.exe
[2025-03-29T17:33:47.802+0000] {processor.py:208} INFO - Processing /opt/airflow/dags/env/Scripts/normalizer.exe took 0.046 seconds
[2025-03-29T17:38:14.078+0000] {processor.py:186} INFO - Started process (PID=559) to work on /opt/airflow/dags/env/Scripts/normalizer.exe
[2025-03-29T17:38:14.079+0000] {processor.py:914} INFO - Processing file /opt/airflow/dags/env/Scripts/normalizer.exe for tasks to queue
[2025-03-29T17:38:14.084+0000] {logging_mixin.py:190} INFO - [2025-03-29T17:38:14.083+0000] {dagbag.py:588} INFO - Filling up the DagBag from /opt/airflow/dags/env/Scripts/normalizer.exe
[2025-03-29T17:38:14.097+0000] {logging_mixin.py:190} INFO - [2025-03-29T17:38:14.096+0000] {dagbag.py:435} INFO - File /opt/airflow/dags/env/Scripts/normalizer.exe:__main__.py assumed to contain no DAGs. Skipping.
[2025-03-29T17:38:14.098+0000] {processor.py:927} WARNING - No viable dags retrieved from /opt/airflow/dags/env/Scripts/normalizer.exe
[2025-03-29T17:38:14.123+0000] {processor.py:208} INFO - Processing /opt/airflow/dags/env/Scripts/normalizer.exe took 0.053 seconds
[2025-03-29T17:38:45.724+0000] {processor.py:186} INFO - Started process (PID=583) to work on /opt/airflow/dags/env/Scripts/normalizer.exe
[2025-03-29T17:38:45.725+0000] {processor.py:914} INFO - Processing file /opt/airflow/dags/env/Scripts/normalizer.exe for tasks to queue
[2025-03-29T17:38:45.730+0000] {logging_mixin.py:190} INFO - [2025-03-29T17:38:45.729+0000] {dagbag.py:588} INFO - Filling up the DagBag from /opt/airflow/dags/env/Scripts/normalizer.exe
[2025-03-29T17:38:45.751+0000] {logging_mixin.py:190} INFO - [2025-03-29T17:38:45.751+0000] {dagbag.py:435} INFO - File /opt/airflow/dags/env/Scripts/normalizer.exe:__main__.py assumed to contain no DAGs. Skipping.
[2025-03-29T17:38:45.753+0000] {processor.py:927} WARNING - No viable dags retrieved from /opt/airflow/dags/env/Scripts/normalizer.exe
[2025-03-29T17:38:45.783+0000] {processor.py:208} INFO - Processing /opt/airflow/dags/env/Scripts/normalizer.exe took 0.065 seconds
[2025-03-29T17:43:14.434+0000] {processor.py:186} INFO - Started process (PID=615) to work on /opt/airflow/dags/env/Scripts/normalizer.exe
[2025-03-29T17:43:14.435+0000] {processor.py:914} INFO - Processing file /opt/airflow/dags/env/Scripts/normalizer.exe for tasks to queue
[2025-03-29T17:43:14.439+0000] {logging_mixin.py:190} INFO - [2025-03-29T17:43:14.438+0000] {dagbag.py:588} INFO - Filling up the DagBag from /opt/airflow/dags/env/Scripts/normalizer.exe
[2025-03-29T17:43:14.450+0000] {logging_mixin.py:190} INFO - [2025-03-29T17:43:14.449+0000] {dagbag.py:435} INFO - File /opt/airflow/dags/env/Scripts/normalizer.exe:__main__.py assumed to contain no DAGs. Skipping.
[2025-03-29T17:43:14.451+0000] {processor.py:927} WARNING - No viable dags retrieved from /opt/airflow/dags/env/Scripts/normalizer.exe
[2025-03-29T17:43:14.475+0000] {processor.py:208} INFO - Processing /opt/airflow/dags/env/Scripts/normalizer.exe took 0.048 seconds
[2025-03-29T17:43:46.076+0000] {processor.py:186} INFO - Started process (PID=639) to work on /opt/airflow/dags/env/Scripts/normalizer.exe
[2025-03-29T17:43:46.077+0000] {processor.py:914} INFO - Processing file /opt/airflow/dags/env/Scripts/normalizer.exe for tasks to queue
[2025-03-29T17:43:46.081+0000] {logging_mixin.py:190} INFO - [2025-03-29T17:43:46.081+0000] {dagbag.py:588} INFO - Filling up the DagBag from /opt/airflow/dags/env/Scripts/normalizer.exe
[2025-03-29T17:43:46.093+0000] {logging_mixin.py:190} INFO - [2025-03-29T17:43:46.093+0000] {dagbag.py:435} INFO - File /opt/airflow/dags/env/Scripts/normalizer.exe:__main__.py assumed to contain no DAGs. Skipping.
[2025-03-29T17:43:46.094+0000] {processor.py:927} WARNING - No viable dags retrieved from /opt/airflow/dags/env/Scripts/normalizer.exe
[2025-03-29T17:43:46.118+0000] {processor.py:208} INFO - Processing /opt/airflow/dags/env/Scripts/normalizer.exe took 0.048 seconds
[2025-03-29T17:48:17.618+0000] {processor.py:186} INFO - Started process (PID=670) to work on /opt/airflow/dags/env/Scripts/normalizer.exe
[2025-03-29T17:48:17.619+0000] {processor.py:914} INFO - Processing file /opt/airflow/dags/env/Scripts/normalizer.exe for tasks to queue
[2025-03-29T17:48:17.623+0000] {logging_mixin.py:190} INFO - [2025-03-29T17:48:17.623+0000] {dagbag.py:588} INFO - Filling up the DagBag from /opt/airflow/dags/env/Scripts/normalizer.exe
[2025-03-29T17:48:17.636+0000] {logging_mixin.py:190} INFO - [2025-03-29T17:48:17.636+0000] {dagbag.py:435} INFO - File /opt/airflow/dags/env/Scripts/normalizer.exe:__main__.py assumed to contain no DAGs. Skipping.
[2025-03-29T17:48:17.637+0000] {processor.py:927} WARNING - No viable dags retrieved from /opt/airflow/dags/env/Scripts/normalizer.exe
[2025-03-29T17:48:17.661+0000] {processor.py:208} INFO - Processing /opt/airflow/dags/env/Scripts/normalizer.exe took 0.050 seconds
[2025-03-29T17:48:49.242+0000] {processor.py:186} INFO - Started process (PID=694) to work on /opt/airflow/dags/env/Scripts/normalizer.exe
[2025-03-29T17:48:49.243+0000] {processor.py:914} INFO - Processing file /opt/airflow/dags/env/Scripts/normalizer.exe for tasks to queue
[2025-03-29T17:48:49.246+0000] {logging_mixin.py:190} INFO - [2025-03-29T17:48:49.246+0000] {dagbag.py:588} INFO - Filling up the DagBag from /opt/airflow/dags/env/Scripts/normalizer.exe
[2025-03-29T17:48:49.257+0000] {logging_mixin.py:190} INFO - [2025-03-29T17:48:49.257+0000] {dagbag.py:435} INFO - File /opt/airflow/dags/env/Scripts/normalizer.exe:__main__.py assumed to contain no DAGs. Skipping.
[2025-03-29T17:48:49.258+0000] {processor.py:927} WARNING - No viable dags retrieved from /opt/airflow/dags/env/Scripts/normalizer.exe
[2025-03-29T17:48:49.282+0000] {processor.py:208} INFO - Processing /opt/airflow/dags/env/Scripts/normalizer.exe took 0.047 seconds
[2025-03-29T17:53:19.374+0000] {processor.py:186} INFO - Started process (PID=723) to work on /opt/airflow/dags/env/Scripts/normalizer.exe
[2025-03-29T17:53:19.375+0000] {processor.py:914} INFO - Processing file /opt/airflow/dags/env/Scripts/normalizer.exe for tasks to queue
[2025-03-29T17:53:19.380+0000] {logging_mixin.py:190} INFO - [2025-03-29T17:53:19.379+0000] {dagbag.py:588} INFO - Filling up the DagBag from /opt/airflow/dags/env/Scripts/normalizer.exe
[2025-03-29T17:53:19.394+0000] {logging_mixin.py:190} INFO - [2025-03-29T17:53:19.394+0000] {dagbag.py:435} INFO - File /opt/airflow/dags/env/Scripts/normalizer.exe:__main__.py assumed to contain no DAGs. Skipping.
[2025-03-29T17:53:19.396+0000] {processor.py:927} WARNING - No viable dags retrieved from /opt/airflow/dags/env/Scripts/normalizer.exe
[2025-03-29T17:53:19.422+0000] {processor.py:208} INFO - Processing /opt/airflow/dags/env/Scripts/normalizer.exe took 0.055 seconds
[2025-03-29T17:53:50.809+0000] {processor.py:186} INFO - Started process (PID=747) to work on /opt/airflow/dags/env/Scripts/normalizer.exe
[2025-03-29T17:53:50.810+0000] {processor.py:914} INFO - Processing file /opt/airflow/dags/env/Scripts/normalizer.exe for tasks to queue
[2025-03-29T17:53:50.814+0000] {logging_mixin.py:190} INFO - [2025-03-29T17:53:50.813+0000] {dagbag.py:588} INFO - Filling up the DagBag from /opt/airflow/dags/env/Scripts/normalizer.exe
[2025-03-29T17:53:50.825+0000] {logging_mixin.py:190} INFO - [2025-03-29T17:53:50.824+0000] {dagbag.py:435} INFO - File /opt/airflow/dags/env/Scripts/normalizer.exe:__main__.py assumed to contain no DAGs. Skipping.
[2025-03-29T17:53:50.826+0000] {processor.py:927} WARNING - No viable dags retrieved from /opt/airflow/dags/env/Scripts/normalizer.exe
[2025-03-29T17:53:50.849+0000] {processor.py:208} INFO - Processing /opt/airflow/dags/env/Scripts/normalizer.exe took 0.047 seconds
[2025-03-29T17:58:20.886+0000] {processor.py:186} INFO - Started process (PID=775) to work on /opt/airflow/dags/env/Scripts/normalizer.exe
[2025-03-29T17:58:20.887+0000] {processor.py:914} INFO - Processing file /opt/airflow/dags/env/Scripts/normalizer.exe for tasks to queue
[2025-03-29T17:58:20.892+0000] {logging_mixin.py:190} INFO - [2025-03-29T17:58:20.891+0000] {dagbag.py:588} INFO - Filling up the DagBag from /opt/airflow/dags/env/Scripts/normalizer.exe
[2025-03-29T17:58:20.910+0000] {logging_mixin.py:190} INFO - [2025-03-29T17:58:20.909+0000] {dagbag.py:435} INFO - File /opt/airflow/dags/env/Scripts/normalizer.exe:__main__.py assumed to contain no DAGs. Skipping.
[2025-03-29T17:58:20.911+0000] {processor.py:927} WARNING - No viable dags retrieved from /opt/airflow/dags/env/Scripts/normalizer.exe
[2025-03-29T17:58:20.938+0000] {processor.py:208} INFO - Processing /opt/airflow/dags/env/Scripts/normalizer.exe took 0.061 seconds
[2025-03-29T17:58:52.320+0000] {processor.py:186} INFO - Started process (PID=799) to work on /opt/airflow/dags/env/Scripts/normalizer.exe
[2025-03-29T17:58:52.322+0000] {processor.py:914} INFO - Processing file /opt/airflow/dags/env/Scripts/normalizer.exe for tasks to queue
[2025-03-29T17:58:52.327+0000] {logging_mixin.py:190} INFO - [2025-03-29T17:58:52.326+0000] {dagbag.py:588} INFO - Filling up the DagBag from /opt/airflow/dags/env/Scripts/normalizer.exe
[2025-03-29T17:58:52.345+0000] {logging_mixin.py:190} INFO - [2025-03-29T17:58:52.344+0000] {dagbag.py:435} INFO - File /opt/airflow/dags/env/Scripts/normalizer.exe:__main__.py assumed to contain no DAGs. Skipping.
[2025-03-29T17:58:52.346+0000] {processor.py:927} WARNING - No viable dags retrieved from /opt/airflow/dags/env/Scripts/normalizer.exe
[2025-03-29T17:58:52.377+0000] {processor.py:208} INFO - Processing /opt/airflow/dags/env/Scripts/normalizer.exe took 0.067 seconds
[2025-03-29T18:40:46.877+0000] {processor.py:186} INFO - Started process (PID=827) to work on /opt/airflow/dags/env/Scripts/normalizer.exe
[2025-03-29T18:40:46.878+0000] {processor.py:914} INFO - Processing file /opt/airflow/dags/env/Scripts/normalizer.exe for tasks to queue
[2025-03-29T18:40:46.882+0000] {logging_mixin.py:190} INFO - [2025-03-29T18:40:46.882+0000] {dagbag.py:588} INFO - Filling up the DagBag from /opt/airflow/dags/env/Scripts/normalizer.exe
[2025-03-29T18:40:46.895+0000] {logging_mixin.py:190} INFO - [2025-03-29T18:40:46.894+0000] {dagbag.py:435} INFO - File /opt/airflow/dags/env/Scripts/normalizer.exe:__main__.py assumed to contain no DAGs. Skipping.
[2025-03-29T18:40:46.896+0000] {processor.py:927} WARNING - No viable dags retrieved from /opt/airflow/dags/env/Scripts/normalizer.exe
[2025-03-29T18:40:46.919+0000] {processor.py:208} INFO - Processing /opt/airflow/dags/env/Scripts/normalizer.exe took 0.049 seconds
[2025-03-29T20:16:51.312+0000] {processor.py:186} INFO - Started process (PID=863) to work on /opt/airflow/dags/env/Scripts/normalizer.exe
[2025-03-29T20:16:51.315+0000] {processor.py:914} INFO - Processing file /opt/airflow/dags/env/Scripts/normalizer.exe for tasks to queue
[2025-03-29T20:16:51.332+0000] {logging_mixin.py:190} INFO - [2025-03-29T20:16:51.331+0000] {dagbag.py:588} INFO - Filling up the DagBag from /opt/airflow/dags/env/Scripts/normalizer.exe
[2025-03-29T20:16:51.417+0000] {logging_mixin.py:190} INFO - [2025-03-29T20:16:51.416+0000] {dagbag.py:435} INFO - File /opt/airflow/dags/env/Scripts/normalizer.exe:__main__.py assumed to contain no DAGs. Skipping.
[2025-03-29T20:16:51.419+0000] {processor.py:927} WARNING - No viable dags retrieved from /opt/airflow/dags/env/Scripts/normalizer.exe
[2025-03-29T20:16:51.466+0000] {processor.py:208} INFO - Processing /opt/airflow/dags/env/Scripts/normalizer.exe took 0.169 seconds
[2025-03-29T21:05:56.798+0000] {processor.py:186} INFO - Started process (PID=887) to work on /opt/airflow/dags/env/Scripts/normalizer.exe
[2025-03-29T21:05:56.799+0000] {processor.py:914} INFO - Processing file /opt/airflow/dags/env/Scripts/normalizer.exe for tasks to queue
[2025-03-29T21:05:56.802+0000] {logging_mixin.py:190} INFO - [2025-03-29T21:05:56.802+0000] {dagbag.py:588} INFO - Filling up the DagBag from /opt/airflow/dags/env/Scripts/normalizer.exe
[2025-03-29T21:05:56.813+0000] {logging_mixin.py:190} INFO - [2025-03-29T21:05:56.813+0000] {dagbag.py:435} INFO - File /opt/airflow/dags/env/Scripts/normalizer.exe:__main__.py assumed to contain no DAGs. Skipping.
[2025-03-29T21:05:56.814+0000] {processor.py:927} WARNING - No viable dags retrieved from /opt/airflow/dags/env/Scripts/normalizer.exe
[2025-03-29T21:05:56.837+0000] {processor.py:208} INFO - Processing /opt/airflow/dags/env/Scripts/normalizer.exe took 0.047 seconds
[2025-03-29T22:40:10.771+0000] {processor.py:186} INFO - Started process (PID=906) to work on /opt/airflow/dags/env/Scripts/normalizer.exe
[2025-03-29T22:40:10.773+0000] {processor.py:914} INFO - Processing file /opt/airflow/dags/env/Scripts/normalizer.exe for tasks to queue
[2025-03-29T22:40:10.779+0000] {logging_mixin.py:190} INFO - [2025-03-29T22:40:10.779+0000] {dagbag.py:588} INFO - Filling up the DagBag from /opt/airflow/dags/env/Scripts/normalizer.exe
[2025-03-29T22:40:10.804+0000] {logging_mixin.py:190} INFO - [2025-03-29T22:40:10.804+0000] {dagbag.py:435} INFO - File /opt/airflow/dags/env/Scripts/normalizer.exe:__main__.py assumed to contain no DAGs. Skipping.
[2025-03-29T22:40:10.806+0000] {processor.py:927} WARNING - No viable dags retrieved from /opt/airflow/dags/env/Scripts/normalizer.exe
[2025-03-29T22:40:10.852+0000] {processor.py:208} INFO - Processing /opt/airflow/dags/env/Scripts/normalizer.exe took 0.095 seconds
