[2025-03-29T00:19:39.591+0000] {processor.py:186} INFO - Started process (PID=374) to work on /opt/airflow/dags/env/Scripts/numpy-config.exe
[2025-03-29T00:19:39.597+0000] {processor.py:914} INFO - Processing file /opt/airflow/dags/env/Scripts/numpy-config.exe for tasks to queue
[2025-03-29T00:19:39.604+0000] {logging_mixin.py:190} INFO - [2025-03-29T00:19:39.602+0000] {dagbag.py:588} INFO - Filling up the DagBag from /opt/airflow/dags/env/Scripts/numpy-config.exe
[2025-03-29T00:19:39.629+0000] {logging_mixin.py:190} INFO - [2025-03-29T00:19:39.628+0000] {dagbag.py:435} INFO - File /opt/airflow/dags/env/Scripts/numpy-config.exe:__main__.py assumed to contain no DAGs. Skipping.
[2025-03-29T00:19:39.631+0000] {processor.py:927} WARNING - No viable dags retrieved from /opt/airflow/dags/env/Scripts/numpy-config.exe
[2025-03-29T00:19:39.681+0000] {processor.py:208} INFO - Processing /opt/airflow/dags/env/Scripts/numpy-config.exe took 0.106 seconds
[2025-03-29T00:47:31.599+0000] {processor.py:186} INFO - Started process (PID=433) to work on /opt/airflow/dags/env/Scripts/numpy-config.exe
[2025-03-29T00:47:31.600+0000] {processor.py:914} INFO - Processing file /opt/airflow/dags/env/Scripts/numpy-config.exe for tasks to queue
[2025-03-29T00:47:31.603+0000] {logging_mixin.py:190} INFO - [2025-03-29T00:47:31.603+0000] {dagbag.py:588} INFO - Filling up the DagBag from /opt/airflow/dags/env/Scripts/numpy-config.exe
[2025-03-29T00:47:31.618+0000] {logging_mixin.py:190} INFO - [2025-03-29T00:47:31.617+0000] {dagbag.py:435} INFO - File /opt/airflow/dags/env/Scripts/numpy-config.exe:__main__.py assumed to contain no DAGs. Skipping.
[2025-03-29T00:47:31.619+0000] {processor.py:927} WARNING - No viable dags retrieved from /opt/airflow/dags/env/Scripts/numpy-config.exe
[2025-03-29T00:47:31.639+0000] {processor.py:208} INFO - Processing /opt/airflow/dags/env/Scripts/numpy-config.exe took 0.048 seconds
[2025-03-29T00:52:27.860+0000] {processor.py:186} INFO - Started process (PID=461) to work on /opt/airflow/dags/env/Scripts/numpy-config.exe
[2025-03-29T00:52:27.862+0000] {processor.py:914} INFO - Processing file /opt/airflow/dags/env/Scripts/numpy-config.exe for tasks to queue
[2025-03-29T00:52:27.865+0000] {logging_mixin.py:190} INFO - [2025-03-29T00:52:27.865+0000] {dagbag.py:588} INFO - Filling up the DagBag from /opt/airflow/dags/env/Scripts/numpy-config.exe
[2025-03-29T00:52:27.880+0000] {logging_mixin.py:190} INFO - [2025-03-29T00:52:27.880+0000] {dagbag.py:435} INFO - File /opt/airflow/dags/env/Scripts/numpy-config.exe:__main__.py assumed to contain no DAGs. Skipping.
[2025-03-29T00:52:27.881+0000] {processor.py:927} WARNING - No viable dags retrieved from /opt/airflow/dags/env/Scripts/numpy-config.exe
[2025-03-29T00:52:27.905+0000] {processor.py:208} INFO - Processing /opt/airflow/dags/env/Scripts/numpy-config.exe took 0.052 seconds
[2025-03-29T00:57:30.937+0000] {processor.py:186} INFO - Started process (PID=491) to work on /opt/airflow/dags/env/Scripts/numpy-config.exe
[2025-03-29T00:57:30.939+0000] {processor.py:914} INFO - Processing file /opt/airflow/dags/env/Scripts/numpy-config.exe for tasks to queue
[2025-03-29T00:57:30.942+0000] {logging_mixin.py:190} INFO - [2025-03-29T00:57:30.942+0000] {dagbag.py:588} INFO - Filling up the DagBag from /opt/airflow/dags/env/Scripts/numpy-config.exe
[2025-03-29T00:57:30.955+0000] {logging_mixin.py:190} INFO - [2025-03-29T00:57:30.955+0000] {dagbag.py:435} INFO - File /opt/airflow/dags/env/Scripts/numpy-config.exe:__main__.py assumed to contain no DAGs. Skipping.
[2025-03-29T00:57:30.956+0000] {processor.py:927} WARNING - No viable dags retrieved from /opt/airflow/dags/env/Scripts/numpy-config.exe
[2025-03-29T00:57:30.978+0000] {processor.py:208} INFO - Processing /opt/airflow/dags/env/Scripts/numpy-config.exe took 0.048 seconds
[2025-03-29T01:02:25.038+0000] {processor.py:186} INFO - Started process (PID=517) to work on /opt/airflow/dags/env/Scripts/numpy-config.exe
[2025-03-29T01:02:25.040+0000] {processor.py:914} INFO - Processing file /opt/airflow/dags/env/Scripts/numpy-config.exe for tasks to queue
[2025-03-29T01:02:25.043+0000] {logging_mixin.py:190} INFO - [2025-03-29T01:02:25.043+0000] {dagbag.py:588} INFO - Filling up the DagBag from /opt/airflow/dags/env/Scripts/numpy-config.exe
[2025-03-29T01:02:25.059+0000] {logging_mixin.py:190} INFO - [2025-03-29T01:02:25.059+0000] {dagbag.py:435} INFO - File /opt/airflow/dags/env/Scripts/numpy-config.exe:__main__.py assumed to contain no DAGs. Skipping.
[2025-03-29T01:02:25.060+0000] {processor.py:927} WARNING - No viable dags retrieved from /opt/airflow/dags/env/Scripts/numpy-config.exe
[2025-03-29T01:02:25.080+0000] {processor.py:208} INFO - Processing /opt/airflow/dags/env/Scripts/numpy-config.exe took 0.049 seconds
[2025-03-29T01:07:33.908+0000] {processor.py:186} INFO - Started process (PID=548) to work on /opt/airflow/dags/env/Scripts/numpy-config.exe
[2025-03-29T01:07:33.909+0000] {processor.py:914} INFO - Processing file /opt/airflow/dags/env/Scripts/numpy-config.exe for tasks to queue
[2025-03-29T01:07:33.913+0000] {logging_mixin.py:190} INFO - [2025-03-29T01:07:33.912+0000] {dagbag.py:588} INFO - Filling up the DagBag from /opt/airflow/dags/env/Scripts/numpy-config.exe
[2025-03-29T01:07:33.929+0000] {logging_mixin.py:190} INFO - [2025-03-29T01:07:33.928+0000] {dagbag.py:435} INFO - File /opt/airflow/dags/env/Scripts/numpy-config.exe:__main__.py assumed to contain no DAGs. Skipping.
[2025-03-29T01:07:33.930+0000] {processor.py:927} WARNING - No viable dags retrieved from /opt/airflow/dags/env/Scripts/numpy-config.exe
[2025-03-29T01:07:33.954+0000] {processor.py:208} INFO - Processing /opt/airflow/dags/env/Scripts/numpy-config.exe took 0.053 seconds
[2025-03-29T01:12:37.163+0000] {processor.py:186} INFO - Started process (PID=573) to work on /opt/airflow/dags/env/Scripts/numpy-config.exe
[2025-03-29T01:12:37.164+0000] {processor.py:914} INFO - Processing file /opt/airflow/dags/env/Scripts/numpy-config.exe for tasks to queue
[2025-03-29T01:12:37.168+0000] {logging_mixin.py:190} INFO - [2025-03-29T01:12:37.167+0000] {dagbag.py:588} INFO - Filling up the DagBag from /opt/airflow/dags/env/Scripts/numpy-config.exe
[2025-03-29T01:12:37.183+0000] {logging_mixin.py:190} INFO - [2025-03-29T01:12:37.183+0000] {dagbag.py:435} INFO - File /opt/airflow/dags/env/Scripts/numpy-config.exe:__main__.py assumed to contain no DAGs. Skipping.
[2025-03-29T01:12:37.184+0000] {processor.py:927} WARNING - No viable dags retrieved from /opt/airflow/dags/env/Scripts/numpy-config.exe
[2025-03-29T01:12:37.208+0000] {processor.py:208} INFO - Processing /opt/airflow/dags/env/Scripts/numpy-config.exe took 0.052 seconds
[2025-03-29T01:17:30.158+0000] {processor.py:186} INFO - Started process (PID=597) to work on /opt/airflow/dags/env/Scripts/numpy-config.exe
[2025-03-29T01:17:30.160+0000] {processor.py:914} INFO - Processing file /opt/airflow/dags/env/Scripts/numpy-config.exe for tasks to queue
[2025-03-29T01:17:30.163+0000] {logging_mixin.py:190} INFO - [2025-03-29T01:17:30.163+0000] {dagbag.py:588} INFO - Filling up the DagBag from /opt/airflow/dags/env/Scripts/numpy-config.exe
[2025-03-29T01:17:30.179+0000] {logging_mixin.py:190} INFO - [2025-03-29T01:17:30.179+0000] {dagbag.py:435} INFO - File /opt/airflow/dags/env/Scripts/numpy-config.exe:__main__.py assumed to contain no DAGs. Skipping.
[2025-03-29T01:17:30.180+0000] {processor.py:927} WARNING - No viable dags retrieved from /opt/airflow/dags/env/Scripts/numpy-config.exe
[2025-03-29T01:17:30.207+0000] {processor.py:208} INFO - Processing /opt/airflow/dags/env/Scripts/numpy-config.exe took 0.056 seconds
[2025-03-29T01:22:36.493+0000] {processor.py:186} INFO - Started process (PID=625) to work on /opt/airflow/dags/env/Scripts/numpy-config.exe
[2025-03-29T01:22:36.494+0000] {processor.py:914} INFO - Processing file /opt/airflow/dags/env/Scripts/numpy-config.exe for tasks to queue
[2025-03-29T01:22:36.498+0000] {logging_mixin.py:190} INFO - [2025-03-29T01:22:36.497+0000] {dagbag.py:588} INFO - Filling up the DagBag from /opt/airflow/dags/env/Scripts/numpy-config.exe
[2025-03-29T01:22:36.513+0000] {logging_mixin.py:190} INFO - [2025-03-29T01:22:36.513+0000] {dagbag.py:435} INFO - File /opt/airflow/dags/env/Scripts/numpy-config.exe:__main__.py assumed to contain no DAGs. Skipping.
[2025-03-29T01:22:36.514+0000] {processor.py:927} WARNING - No viable dags retrieved from /opt/airflow/dags/env/Scripts/numpy-config.exe
[2025-03-29T01:22:36.534+0000] {processor.py:208} INFO - Processing /opt/airflow/dags/env/Scripts/numpy-config.exe took 0.048 seconds
[2025-03-29T16:48:55.914+0000] {processor.py:186} INFO - Started process (PID=63) to work on /opt/airflow/dags/env/Scripts/numpy-config.exe
[2025-03-29T16:48:55.916+0000] {processor.py:914} INFO - Processing file /opt/airflow/dags/env/Scripts/numpy-config.exe for tasks to queue
[2025-03-29T16:48:55.920+0000] {logging_mixin.py:190} INFO - [2025-03-29T16:48:55.919+0000] {dagbag.py:588} INFO - Filling up the DagBag from /opt/airflow/dags/env/Scripts/numpy-config.exe
[2025-03-29T16:48:55.936+0000] {logging_mixin.py:190} INFO - [2025-03-29T16:48:55.936+0000] {dagbag.py:435} INFO - File /opt/airflow/dags/env/Scripts/numpy-config.exe:__main__.py assumed to contain no DAGs. Skipping.
[2025-03-29T16:48:55.938+0000] {processor.py:927} WARNING - No viable dags retrieved from /opt/airflow/dags/env/Scripts/numpy-config.exe
[2025-03-29T16:48:55.968+0000] {processor.py:208} INFO - Processing /opt/airflow/dags/env/Scripts/numpy-config.exe took 0.063 seconds
[2025-03-29T16:53:26.224+0000] {processor.py:186} INFO - Started process (PID=87) to work on /opt/airflow/dags/env/Scripts/numpy-config.exe
[2025-03-29T16:53:26.225+0000] {processor.py:914} INFO - Processing file /opt/airflow/dags/env/Scripts/numpy-config.exe for tasks to queue
[2025-03-29T16:53:26.231+0000] {logging_mixin.py:190} INFO - [2025-03-29T16:53:26.230+0000] {dagbag.py:588} INFO - Filling up the DagBag from /opt/airflow/dags/env/Scripts/numpy-config.exe
[2025-03-29T16:53:26.247+0000] {logging_mixin.py:190} INFO - [2025-03-29T16:53:26.246+0000] {dagbag.py:435} INFO - File /opt/airflow/dags/env/Scripts/numpy-config.exe:__main__.py assumed to contain no DAGs. Skipping.
[2025-03-29T16:53:26.248+0000] {processor.py:927} WARNING - No viable dags retrieved from /opt/airflow/dags/env/Scripts/numpy-config.exe
[2025-03-29T16:53:26.273+0000] {processor.py:208} INFO - Processing /opt/airflow/dags/env/Scripts/numpy-config.exe took 0.059 seconds
[2025-03-29T16:53:57.621+0000] {processor.py:186} INFO - Started process (PID=111) to work on /opt/airflow/dags/env/Scripts/numpy-config.exe
[2025-03-29T16:53:57.623+0000] {processor.py:914} INFO - Processing file /opt/airflow/dags/env/Scripts/numpy-config.exe for tasks to queue
[2025-03-29T16:53:57.628+0000] {logging_mixin.py:190} INFO - [2025-03-29T16:53:57.626+0000] {dagbag.py:588} INFO - Filling up the DagBag from /opt/airflow/dags/env/Scripts/numpy-config.exe
[2025-03-29T16:53:57.650+0000] {logging_mixin.py:190} INFO - [2025-03-29T16:53:57.649+0000] {dagbag.py:435} INFO - File /opt/airflow/dags/env/Scripts/numpy-config.exe:__main__.py assumed to contain no DAGs. Skipping.
[2025-03-29T16:53:57.651+0000] {processor.py:927} WARNING - No viable dags retrieved from /opt/airflow/dags/env/Scripts/numpy-config.exe
[2025-03-29T16:53:57.690+0000] {processor.py:208} INFO - Processing /opt/airflow/dags/env/Scripts/numpy-config.exe took 0.081 seconds
[2025-03-29T16:58:14.756+0000] {processor.py:186} INFO - Started process (PID=133) to work on /opt/airflow/dags/env/Scripts/numpy-config.exe
[2025-03-29T16:58:14.757+0000] {processor.py:914} INFO - Processing file /opt/airflow/dags/env/Scripts/numpy-config.exe for tasks to queue
[2025-03-29T16:58:14.761+0000] {logging_mixin.py:190} INFO - [2025-03-29T16:58:14.760+0000] {dagbag.py:588} INFO - Filling up the DagBag from /opt/airflow/dags/env/Scripts/numpy-config.exe
[2025-03-29T16:58:14.774+0000] {logging_mixin.py:190} INFO - [2025-03-29T16:58:14.773+0000] {dagbag.py:435} INFO - File /opt/airflow/dags/env/Scripts/numpy-config.exe:__main__.py assumed to contain no DAGs. Skipping.
[2025-03-29T16:58:14.775+0000] {processor.py:927} WARNING - No viable dags retrieved from /opt/airflow/dags/env/Scripts/numpy-config.exe
[2025-03-29T16:58:14.819+0000] {processor.py:208} INFO - Processing /opt/airflow/dags/env/Scripts/numpy-config.exe took 0.070 seconds
[2025-03-29T16:58:46.034+0000] {processor.py:186} INFO - Started process (PID=157) to work on /opt/airflow/dags/env/Scripts/numpy-config.exe
[2025-03-29T16:58:46.035+0000] {processor.py:914} INFO - Processing file /opt/airflow/dags/env/Scripts/numpy-config.exe for tasks to queue
[2025-03-29T16:58:46.039+0000] {logging_mixin.py:190} INFO - [2025-03-29T16:58:46.039+0000] {dagbag.py:588} INFO - Filling up the DagBag from /opt/airflow/dags/env/Scripts/numpy-config.exe
[2025-03-29T16:58:46.052+0000] {logging_mixin.py:190} INFO - [2025-03-29T16:58:46.052+0000] {dagbag.py:435} INFO - File /opt/airflow/dags/env/Scripts/numpy-config.exe:__main__.py assumed to contain no DAGs. Skipping.
[2025-03-29T16:58:46.054+0000] {processor.py:927} WARNING - No viable dags retrieved from /opt/airflow/dags/env/Scripts/numpy-config.exe
[2025-03-29T16:58:46.084+0000] {processor.py:208} INFO - Processing /opt/airflow/dags/env/Scripts/numpy-config.exe took 0.057 seconds
[2025-03-29T17:03:14.539+0000] {processor.py:186} INFO - Started process (PID=186) to work on /opt/airflow/dags/env/Scripts/numpy-config.exe
[2025-03-29T17:03:14.540+0000] {processor.py:914} INFO - Processing file /opt/airflow/dags/env/Scripts/numpy-config.exe for tasks to queue
[2025-03-29T17:03:14.544+0000] {logging_mixin.py:190} INFO - [2025-03-29T17:03:14.543+0000] {dagbag.py:588} INFO - Filling up the DagBag from /opt/airflow/dags/env/Scripts/numpy-config.exe
[2025-03-29T17:03:14.557+0000] {logging_mixin.py:190} INFO - [2025-03-29T17:03:14.557+0000] {dagbag.py:435} INFO - File /opt/airflow/dags/env/Scripts/numpy-config.exe:__main__.py assumed to contain no DAGs. Skipping.
[2025-03-29T17:03:14.558+0000] {processor.py:927} WARNING - No viable dags retrieved from /opt/airflow/dags/env/Scripts/numpy-config.exe
[2025-03-29T17:03:14.583+0000] {processor.py:208} INFO - Processing /opt/airflow/dags/env/Scripts/numpy-config.exe took 0.051 seconds
[2025-03-29T17:03:47.247+0000] {processor.py:186} INFO - Started process (PID=210) to work on /opt/airflow/dags/env/Scripts/numpy-config.exe
[2025-03-29T17:03:47.248+0000] {processor.py:914} INFO - Processing file /opt/airflow/dags/env/Scripts/numpy-config.exe for tasks to queue
[2025-03-29T17:03:47.252+0000] {logging_mixin.py:190} INFO - [2025-03-29T17:03:47.252+0000] {dagbag.py:588} INFO - Filling up the DagBag from /opt/airflow/dags/env/Scripts/numpy-config.exe
[2025-03-29T17:03:47.266+0000] {logging_mixin.py:190} INFO - [2025-03-29T17:03:47.266+0000] {dagbag.py:435} INFO - File /opt/airflow/dags/env/Scripts/numpy-config.exe:__main__.py assumed to contain no DAGs. Skipping.
[2025-03-29T17:03:47.267+0000] {processor.py:927} WARNING - No viable dags retrieved from /opt/airflow/dags/env/Scripts/numpy-config.exe
[2025-03-29T17:03:47.295+0000] {processor.py:208} INFO - Processing /opt/airflow/dags/env/Scripts/numpy-config.exe took 0.056 seconds
[2025-03-29T17:08:14.790+0000] {processor.py:186} INFO - Started process (PID=240) to work on /opt/airflow/dags/env/Scripts/numpy-config.exe
[2025-03-29T17:08:14.792+0000] {processor.py:914} INFO - Processing file /opt/airflow/dags/env/Scripts/numpy-config.exe for tasks to queue
[2025-03-29T17:08:14.796+0000] {logging_mixin.py:190} INFO - [2025-03-29T17:08:14.796+0000] {dagbag.py:588} INFO - Filling up the DagBag from /opt/airflow/dags/env/Scripts/numpy-config.exe
[2025-03-29T17:08:14.809+0000] {logging_mixin.py:190} INFO - [2025-03-29T17:08:14.808+0000] {dagbag.py:435} INFO - File /opt/airflow/dags/env/Scripts/numpy-config.exe:__main__.py assumed to contain no DAGs. Skipping.
[2025-03-29T17:08:14.810+0000] {processor.py:927} WARNING - No viable dags retrieved from /opt/airflow/dags/env/Scripts/numpy-config.exe
[2025-03-29T17:08:14.834+0000] {processor.py:208} INFO - Processing /opt/airflow/dags/env/Scripts/numpy-config.exe took 0.052 seconds
[2025-03-29T17:08:46.260+0000] {processor.py:186} INFO - Started process (PID=264) to work on /opt/airflow/dags/env/Scripts/numpy-config.exe
[2025-03-29T17:08:46.262+0000] {processor.py:914} INFO - Processing file /opt/airflow/dags/env/Scripts/numpy-config.exe for tasks to queue
[2025-03-29T17:08:46.266+0000] {logging_mixin.py:190} INFO - [2025-03-29T17:08:46.265+0000] {dagbag.py:588} INFO - Filling up the DagBag from /opt/airflow/dags/env/Scripts/numpy-config.exe
[2025-03-29T17:08:46.279+0000] {logging_mixin.py:190} INFO - [2025-03-29T17:08:46.278+0000] {dagbag.py:435} INFO - File /opt/airflow/dags/env/Scripts/numpy-config.exe:__main__.py assumed to contain no DAGs. Skipping.
[2025-03-29T17:08:46.280+0000] {processor.py:927} WARNING - No viable dags retrieved from /opt/airflow/dags/env/Scripts/numpy-config.exe
[2025-03-29T17:08:46.303+0000] {processor.py:208} INFO - Processing /opt/airflow/dags/env/Scripts/numpy-config.exe took 0.049 seconds
[2025-03-29T17:13:17.647+0000] {processor.py:186} INFO - Started process (PID=294) to work on /opt/airflow/dags/env/Scripts/numpy-config.exe
[2025-03-29T17:13:17.648+0000] {processor.py:914} INFO - Processing file /opt/airflow/dags/env/Scripts/numpy-config.exe for tasks to queue
[2025-03-29T17:13:17.652+0000] {logging_mixin.py:190} INFO - [2025-03-29T17:13:17.652+0000] {dagbag.py:588} INFO - Filling up the DagBag from /opt/airflow/dags/env/Scripts/numpy-config.exe
[2025-03-29T17:13:17.667+0000] {logging_mixin.py:190} INFO - [2025-03-29T17:13:17.667+0000] {dagbag.py:435} INFO - File /opt/airflow/dags/env/Scripts/numpy-config.exe:__main__.py assumed to contain no DAGs. Skipping.
[2025-03-29T17:13:17.668+0000] {processor.py:927} WARNING - No viable dags retrieved from /opt/airflow/dags/env/Scripts/numpy-config.exe
[2025-03-29T17:13:17.697+0000] {processor.py:208} INFO - Processing /opt/airflow/dags/env/Scripts/numpy-config.exe took 0.059 seconds
[2025-03-29T17:13:49.257+0000] {processor.py:186} INFO - Started process (PID=318) to work on /opt/airflow/dags/env/Scripts/numpy-config.exe
[2025-03-29T17:13:49.258+0000] {processor.py:914} INFO - Processing file /opt/airflow/dags/env/Scripts/numpy-config.exe for tasks to queue
[2025-03-29T17:13:49.262+0000] {logging_mixin.py:190} INFO - [2025-03-29T17:13:49.262+0000] {dagbag.py:588} INFO - Filling up the DagBag from /opt/airflow/dags/env/Scripts/numpy-config.exe
[2025-03-29T17:13:49.275+0000] {logging_mixin.py:190} INFO - [2025-03-29T17:13:49.275+0000] {dagbag.py:435} INFO - File /opt/airflow/dags/env/Scripts/numpy-config.exe:__main__.py assumed to contain no DAGs. Skipping.
[2025-03-29T17:13:49.276+0000] {processor.py:927} WARNING - No viable dags retrieved from /opt/airflow/dags/env/Scripts/numpy-config.exe
[2025-03-29T17:13:49.303+0000] {processor.py:208} INFO - Processing /opt/airflow/dags/env/Scripts/numpy-config.exe took 0.053 seconds
[2025-03-29T17:18:20.939+0000] {processor.py:186} INFO - Started process (PID=346) to work on /opt/airflow/dags/env/Scripts/numpy-config.exe
[2025-03-29T17:18:20.940+0000] {processor.py:914} INFO - Processing file /opt/airflow/dags/env/Scripts/numpy-config.exe for tasks to queue
[2025-03-29T17:18:20.944+0000] {logging_mixin.py:190} INFO - [2025-03-29T17:18:20.943+0000] {dagbag.py:588} INFO - Filling up the DagBag from /opt/airflow/dags/env/Scripts/numpy-config.exe
[2025-03-29T17:18:20.957+0000] {logging_mixin.py:190} INFO - [2025-03-29T17:18:20.956+0000] {dagbag.py:435} INFO - File /opt/airflow/dags/env/Scripts/numpy-config.exe:__main__.py assumed to contain no DAGs. Skipping.
[2025-03-29T17:18:20.958+0000] {processor.py:927} WARNING - No viable dags retrieved from /opt/airflow/dags/env/Scripts/numpy-config.exe
[2025-03-29T17:18:20.981+0000] {processor.py:208} INFO - Processing /opt/airflow/dags/env/Scripts/numpy-config.exe took 0.049 seconds
[2025-03-29T17:18:51.554+0000] {processor.py:186} INFO - Started process (PID=370) to work on /opt/airflow/dags/env/Scripts/numpy-config.exe
[2025-03-29T17:18:51.555+0000] {processor.py:914} INFO - Processing file /opt/airflow/dags/env/Scripts/numpy-config.exe for tasks to queue
[2025-03-29T17:18:51.561+0000] {logging_mixin.py:190} INFO - [2025-03-29T17:18:51.560+0000] {dagbag.py:588} INFO - Filling up the DagBag from /opt/airflow/dags/env/Scripts/numpy-config.exe
[2025-03-29T17:18:51.575+0000] {logging_mixin.py:190} INFO - [2025-03-29T17:18:51.574+0000] {dagbag.py:435} INFO - File /opt/airflow/dags/env/Scripts/numpy-config.exe:__main__.py assumed to contain no DAGs. Skipping.
[2025-03-29T17:18:51.576+0000] {processor.py:927} WARNING - No viable dags retrieved from /opt/airflow/dags/env/Scripts/numpy-config.exe
[2025-03-29T17:18:51.603+0000] {processor.py:208} INFO - Processing /opt/airflow/dags/env/Scripts/numpy-config.exe took 0.057 seconds
[2025-03-29T17:23:14.095+0000] {processor.py:186} INFO - Started process (PID=396) to work on /opt/airflow/dags/env/Scripts/numpy-config.exe
[2025-03-29T17:23:14.096+0000] {processor.py:914} INFO - Processing file /opt/airflow/dags/env/Scripts/numpy-config.exe for tasks to queue
[2025-03-29T17:23:14.100+0000] {logging_mixin.py:190} INFO - [2025-03-29T17:23:14.099+0000] {dagbag.py:588} INFO - Filling up the DagBag from /opt/airflow/dags/env/Scripts/numpy-config.exe
[2025-03-29T17:23:14.115+0000] {logging_mixin.py:190} INFO - [2025-03-29T17:23:14.114+0000] {dagbag.py:435} INFO - File /opt/airflow/dags/env/Scripts/numpy-config.exe:__main__.py assumed to contain no DAGs. Skipping.
[2025-03-29T17:23:14.116+0000] {processor.py:927} WARNING - No viable dags retrieved from /opt/airflow/dags/env/Scripts/numpy-config.exe
[2025-03-29T17:23:14.141+0000] {processor.py:208} INFO - Processing /opt/airflow/dags/env/Scripts/numpy-config.exe took 0.053 seconds
[2025-03-29T17:23:45.591+0000] {processor.py:186} INFO - Started process (PID=420) to work on /opt/airflow/dags/env/Scripts/numpy-config.exe
[2025-03-29T17:23:45.593+0000] {processor.py:914} INFO - Processing file /opt/airflow/dags/env/Scripts/numpy-config.exe for tasks to queue
[2025-03-29T17:23:45.596+0000] {logging_mixin.py:190} INFO - [2025-03-29T17:23:45.596+0000] {dagbag.py:588} INFO - Filling up the DagBag from /opt/airflow/dags/env/Scripts/numpy-config.exe
[2025-03-29T17:23:45.610+0000] {logging_mixin.py:190} INFO - [2025-03-29T17:23:45.609+0000] {dagbag.py:435} INFO - File /opt/airflow/dags/env/Scripts/numpy-config.exe:__main__.py assumed to contain no DAGs. Skipping.
[2025-03-29T17:23:45.611+0000] {processor.py:927} WARNING - No viable dags retrieved from /opt/airflow/dags/env/Scripts/numpy-config.exe
[2025-03-29T17:23:45.634+0000] {processor.py:208} INFO - Processing /opt/airflow/dags/env/Scripts/numpy-config.exe took 0.050 seconds
[2025-03-29T17:28:18.003+0000] {processor.py:186} INFO - Started process (PID=453) to work on /opt/airflow/dags/env/Scripts/numpy-config.exe
[2025-03-29T17:28:18.004+0000] {processor.py:914} INFO - Processing file /opt/airflow/dags/env/Scripts/numpy-config.exe for tasks to queue
[2025-03-29T17:28:18.008+0000] {logging_mixin.py:190} INFO - [2025-03-29T17:28:18.007+0000] {dagbag.py:588} INFO - Filling up the DagBag from /opt/airflow/dags/env/Scripts/numpy-config.exe
[2025-03-29T17:28:18.021+0000] {logging_mixin.py:190} INFO - [2025-03-29T17:28:18.021+0000] {dagbag.py:435} INFO - File /opt/airflow/dags/env/Scripts/numpy-config.exe:__main__.py assumed to contain no DAGs. Skipping.
[2025-03-29T17:28:18.022+0000] {processor.py:927} WARNING - No viable dags retrieved from /opt/airflow/dags/env/Scripts/numpy-config.exe
[2025-03-29T17:28:18.049+0000] {processor.py:208} INFO - Processing /opt/airflow/dags/env/Scripts/numpy-config.exe took 0.054 seconds
[2025-03-29T17:28:49.097+0000] {processor.py:186} INFO - Started process (PID=477) to work on /opt/airflow/dags/env/Scripts/numpy-config.exe
[2025-03-29T17:28:49.099+0000] {processor.py:914} INFO - Processing file /opt/airflow/dags/env/Scripts/numpy-config.exe for tasks to queue
[2025-03-29T17:28:49.104+0000] {logging_mixin.py:190} INFO - [2025-03-29T17:28:49.104+0000] {dagbag.py:588} INFO - Filling up the DagBag from /opt/airflow/dags/env/Scripts/numpy-config.exe
[2025-03-29T17:28:49.125+0000] {logging_mixin.py:190} INFO - [2025-03-29T17:28:49.125+0000] {dagbag.py:435} INFO - File /opt/airflow/dags/env/Scripts/numpy-config.exe:__main__.py assumed to contain no DAGs. Skipping.
[2025-03-29T17:28:49.127+0000] {processor.py:927} WARNING - No viable dags retrieved from /opt/airflow/dags/env/Scripts/numpy-config.exe
[2025-03-29T17:28:49.156+0000] {processor.py:208} INFO - Processing /opt/airflow/dags/env/Scripts/numpy-config.exe took 0.069 seconds
[2025-03-29T17:33:17.367+0000] {processor.py:186} INFO - Started process (PID=506) to work on /opt/airflow/dags/env/Scripts/numpy-config.exe
[2025-03-29T17:33:17.369+0000] {processor.py:914} INFO - Processing file /opt/airflow/dags/env/Scripts/numpy-config.exe for tasks to queue
[2025-03-29T17:33:17.373+0000] {logging_mixin.py:190} INFO - [2025-03-29T17:33:17.372+0000] {dagbag.py:588} INFO - Filling up the DagBag from /opt/airflow/dags/env/Scripts/numpy-config.exe
[2025-03-29T17:33:17.393+0000] {logging_mixin.py:190} INFO - [2025-03-29T17:33:17.392+0000] {dagbag.py:435} INFO - File /opt/airflow/dags/env/Scripts/numpy-config.exe:__main__.py assumed to contain no DAGs. Skipping.
[2025-03-29T17:33:17.395+0000] {processor.py:927} WARNING - No viable dags retrieved from /opt/airflow/dags/env/Scripts/numpy-config.exe
[2025-03-29T17:33:17.430+0000] {processor.py:208} INFO - Processing /opt/airflow/dags/env/Scripts/numpy-config.exe took 0.072 seconds
[2025-03-29T17:33:49.011+0000] {processor.py:186} INFO - Started process (PID=530) to work on /opt/airflow/dags/env/Scripts/numpy-config.exe
[2025-03-29T17:33:49.014+0000] {processor.py:914} INFO - Processing file /opt/airflow/dags/env/Scripts/numpy-config.exe for tasks to queue
[2025-03-29T17:33:49.020+0000] {logging_mixin.py:190} INFO - [2025-03-29T17:33:49.019+0000] {dagbag.py:588} INFO - Filling up the DagBag from /opt/airflow/dags/env/Scripts/numpy-config.exe
[2025-03-29T17:33:49.037+0000] {logging_mixin.py:190} INFO - [2025-03-29T17:33:49.037+0000] {dagbag.py:435} INFO - File /opt/airflow/dags/env/Scripts/numpy-config.exe:__main__.py assumed to contain no DAGs. Skipping.
[2025-03-29T17:33:49.039+0000] {processor.py:927} WARNING - No viable dags retrieved from /opt/airflow/dags/env/Scripts/numpy-config.exe
[2025-03-29T17:33:49.067+0000] {processor.py:208} INFO - Processing /opt/airflow/dags/env/Scripts/numpy-config.exe took 0.066 seconds
[2025-03-29T17:38:15.338+0000] {processor.py:186} INFO - Started process (PID=560) to work on /opt/airflow/dags/env/Scripts/numpy-config.exe
[2025-03-29T17:38:15.340+0000] {processor.py:914} INFO - Processing file /opt/airflow/dags/env/Scripts/numpy-config.exe for tasks to queue
[2025-03-29T17:38:15.350+0000] {logging_mixin.py:190} INFO - [2025-03-29T17:38:15.349+0000] {dagbag.py:588} INFO - Filling up the DagBag from /opt/airflow/dags/env/Scripts/numpy-config.exe
[2025-03-29T17:38:15.375+0000] {logging_mixin.py:190} INFO - [2025-03-29T17:38:15.374+0000] {dagbag.py:435} INFO - File /opt/airflow/dags/env/Scripts/numpy-config.exe:__main__.py assumed to contain no DAGs. Skipping.
[2025-03-29T17:38:15.376+0000] {processor.py:927} WARNING - No viable dags retrieved from /opt/airflow/dags/env/Scripts/numpy-config.exe
[2025-03-29T17:38:15.412+0000] {processor.py:208} INFO - Processing /opt/airflow/dags/env/Scripts/numpy-config.exe took 0.094 seconds
[2025-03-29T17:38:46.967+0000] {processor.py:186} INFO - Started process (PID=584) to work on /opt/airflow/dags/env/Scripts/numpy-config.exe
[2025-03-29T17:38:46.969+0000] {processor.py:914} INFO - Processing file /opt/airflow/dags/env/Scripts/numpy-config.exe for tasks to queue
[2025-03-29T17:38:46.974+0000] {logging_mixin.py:190} INFO - [2025-03-29T17:38:46.973+0000] {dagbag.py:588} INFO - Filling up the DagBag from /opt/airflow/dags/env/Scripts/numpy-config.exe
[2025-03-29T17:38:46.990+0000] {logging_mixin.py:190} INFO - [2025-03-29T17:38:46.990+0000] {dagbag.py:435} INFO - File /opt/airflow/dags/env/Scripts/numpy-config.exe:__main__.py assumed to contain no DAGs. Skipping.
[2025-03-29T17:38:46.992+0000] {processor.py:927} WARNING - No viable dags retrieved from /opt/airflow/dags/env/Scripts/numpy-config.exe
[2025-03-29T17:38:47.023+0000] {processor.py:208} INFO - Processing /opt/airflow/dags/env/Scripts/numpy-config.exe took 0.064 seconds
[2025-03-29T17:43:15.638+0000] {processor.py:186} INFO - Started process (PID=616) to work on /opt/airflow/dags/env/Scripts/numpy-config.exe
[2025-03-29T17:43:15.639+0000] {processor.py:914} INFO - Processing file /opt/airflow/dags/env/Scripts/numpy-config.exe for tasks to queue
[2025-03-29T17:43:15.643+0000] {logging_mixin.py:190} INFO - [2025-03-29T17:43:15.642+0000] {dagbag.py:588} INFO - Filling up the DagBag from /opt/airflow/dags/env/Scripts/numpy-config.exe
[2025-03-29T17:43:15.654+0000] {logging_mixin.py:190} INFO - [2025-03-29T17:43:15.654+0000] {dagbag.py:435} INFO - File /opt/airflow/dags/env/Scripts/numpy-config.exe:__main__.py assumed to contain no DAGs. Skipping.
[2025-03-29T17:43:15.655+0000] {processor.py:927} WARNING - No viable dags retrieved from /opt/airflow/dags/env/Scripts/numpy-config.exe
[2025-03-29T17:43:15.678+0000] {processor.py:208} INFO - Processing /opt/airflow/dags/env/Scripts/numpy-config.exe took 0.048 seconds
[2025-03-29T17:43:47.257+0000] {processor.py:186} INFO - Started process (PID=640) to work on /opt/airflow/dags/env/Scripts/numpy-config.exe
[2025-03-29T17:43:47.259+0000] {processor.py:914} INFO - Processing file /opt/airflow/dags/env/Scripts/numpy-config.exe for tasks to queue
[2025-03-29T17:43:47.262+0000] {logging_mixin.py:190} INFO - [2025-03-29T17:43:47.262+0000] {dagbag.py:588} INFO - Filling up the DagBag from /opt/airflow/dags/env/Scripts/numpy-config.exe
[2025-03-29T17:43:47.274+0000] {logging_mixin.py:190} INFO - [2025-03-29T17:43:47.273+0000] {dagbag.py:435} INFO - File /opt/airflow/dags/env/Scripts/numpy-config.exe:__main__.py assumed to contain no DAGs. Skipping.
[2025-03-29T17:43:47.274+0000] {processor.py:927} WARNING - No viable dags retrieved from /opt/airflow/dags/env/Scripts/numpy-config.exe
[2025-03-29T17:43:47.300+0000] {processor.py:208} INFO - Processing /opt/airflow/dags/env/Scripts/numpy-config.exe took 0.049 seconds
[2025-03-29T17:48:18.821+0000] {processor.py:186} INFO - Started process (PID=671) to work on /opt/airflow/dags/env/Scripts/numpy-config.exe
[2025-03-29T17:48:18.823+0000] {processor.py:914} INFO - Processing file /opt/airflow/dags/env/Scripts/numpy-config.exe for tasks to queue
[2025-03-29T17:48:18.826+0000] {logging_mixin.py:190} INFO - [2025-03-29T17:48:18.826+0000] {dagbag.py:588} INFO - Filling up the DagBag from /opt/airflow/dags/env/Scripts/numpy-config.exe
[2025-03-29T17:48:18.838+0000] {logging_mixin.py:190} INFO - [2025-03-29T17:48:18.837+0000] {dagbag.py:435} INFO - File /opt/airflow/dags/env/Scripts/numpy-config.exe:__main__.py assumed to contain no DAGs. Skipping.
[2025-03-29T17:48:18.838+0000] {processor.py:927} WARNING - No viable dags retrieved from /opt/airflow/dags/env/Scripts/numpy-config.exe
[2025-03-29T17:48:18.861+0000] {processor.py:208} INFO - Processing /opt/airflow/dags/env/Scripts/numpy-config.exe took 0.046 seconds
[2025-03-29T17:48:50.474+0000] {processor.py:186} INFO - Started process (PID=695) to work on /opt/airflow/dags/env/Scripts/numpy-config.exe
[2025-03-29T17:48:50.475+0000] {processor.py:914} INFO - Processing file /opt/airflow/dags/env/Scripts/numpy-config.exe for tasks to queue
[2025-03-29T17:48:50.481+0000] {logging_mixin.py:190} INFO - [2025-03-29T17:48:50.480+0000] {dagbag.py:588} INFO - Filling up the DagBag from /opt/airflow/dags/env/Scripts/numpy-config.exe
[2025-03-29T17:48:50.500+0000] {logging_mixin.py:190} INFO - [2025-03-29T17:48:50.499+0000] {dagbag.py:435} INFO - File /opt/airflow/dags/env/Scripts/numpy-config.exe:__main__.py assumed to contain no DAGs. Skipping.
[2025-03-29T17:48:50.501+0000] {processor.py:927} WARNING - No viable dags retrieved from /opt/airflow/dags/env/Scripts/numpy-config.exe
[2025-03-29T17:48:50.527+0000] {processor.py:208} INFO - Processing /opt/airflow/dags/env/Scripts/numpy-config.exe took 0.062 seconds
[2025-03-29T17:53:20.578+0000] {processor.py:186} INFO - Started process (PID=724) to work on /opt/airflow/dags/env/Scripts/numpy-config.exe
[2025-03-29T17:53:20.580+0000] {processor.py:914} INFO - Processing file /opt/airflow/dags/env/Scripts/numpy-config.exe for tasks to queue
[2025-03-29T17:53:20.584+0000] {logging_mixin.py:190} INFO - [2025-03-29T17:53:20.584+0000] {dagbag.py:588} INFO - Filling up the DagBag from /opt/airflow/dags/env/Scripts/numpy-config.exe
[2025-03-29T17:53:20.601+0000] {logging_mixin.py:190} INFO - [2025-03-29T17:53:20.600+0000] {dagbag.py:435} INFO - File /opt/airflow/dags/env/Scripts/numpy-config.exe:__main__.py assumed to contain no DAGs. Skipping.
[2025-03-29T17:53:20.602+0000] {processor.py:927} WARNING - No viable dags retrieved from /opt/airflow/dags/env/Scripts/numpy-config.exe
[2025-03-29T17:53:20.637+0000] {processor.py:208} INFO - Processing /opt/airflow/dags/env/Scripts/numpy-config.exe took 0.071 seconds
[2025-03-29T17:53:51.060+0000] {processor.py:186} INFO - Started process (PID=748) to work on /opt/airflow/dags/env/Scripts/numpy-config.exe
[2025-03-29T17:53:51.062+0000] {processor.py:914} INFO - Processing file /opt/airflow/dags/env/Scripts/numpy-config.exe for tasks to queue
[2025-03-29T17:53:51.066+0000] {logging_mixin.py:190} INFO - [2025-03-29T17:53:51.066+0000] {dagbag.py:588} INFO - Filling up the DagBag from /opt/airflow/dags/env/Scripts/numpy-config.exe
[2025-03-29T17:53:51.080+0000] {logging_mixin.py:190} INFO - [2025-03-29T17:53:51.080+0000] {dagbag.py:435} INFO - File /opt/airflow/dags/env/Scripts/numpy-config.exe:__main__.py assumed to contain no DAGs. Skipping.
[2025-03-29T17:53:51.081+0000] {processor.py:927} WARNING - No viable dags retrieved from /opt/airflow/dags/env/Scripts/numpy-config.exe
[2025-03-29T17:53:51.105+0000] {processor.py:208} INFO - Processing /opt/airflow/dags/env/Scripts/numpy-config.exe took 0.052 seconds
[2025-03-29T17:58:22.076+0000] {processor.py:186} INFO - Started process (PID=776) to work on /opt/airflow/dags/env/Scripts/numpy-config.exe
[2025-03-29T17:58:22.077+0000] {processor.py:914} INFO - Processing file /opt/airflow/dags/env/Scripts/numpy-config.exe for tasks to queue
[2025-03-29T17:58:22.080+0000] {logging_mixin.py:190} INFO - [2025-03-29T17:58:22.080+0000] {dagbag.py:588} INFO - Filling up the DagBag from /opt/airflow/dags/env/Scripts/numpy-config.exe
[2025-03-29T17:58:22.092+0000] {logging_mixin.py:190} INFO - [2025-03-29T17:58:22.092+0000] {dagbag.py:435} INFO - File /opt/airflow/dags/env/Scripts/numpy-config.exe:__main__.py assumed to contain no DAGs. Skipping.
[2025-03-29T17:58:22.093+0000] {processor.py:927} WARNING - No viable dags retrieved from /opt/airflow/dags/env/Scripts/numpy-config.exe
[2025-03-29T17:58:22.116+0000] {processor.py:208} INFO - Processing /opt/airflow/dags/env/Scripts/numpy-config.exe took 0.047 seconds
[2025-03-29T17:58:52.549+0000] {processor.py:186} INFO - Started process (PID=800) to work on /opt/airflow/dags/env/Scripts/numpy-config.exe
[2025-03-29T17:58:52.551+0000] {processor.py:914} INFO - Processing file /opt/airflow/dags/env/Scripts/numpy-config.exe for tasks to queue
[2025-03-29T17:58:52.555+0000] {logging_mixin.py:190} INFO - [2025-03-29T17:58:52.555+0000] {dagbag.py:588} INFO - Filling up the DagBag from /opt/airflow/dags/env/Scripts/numpy-config.exe
[2025-03-29T17:58:52.569+0000] {logging_mixin.py:190} INFO - [2025-03-29T17:58:52.569+0000] {dagbag.py:435} INFO - File /opt/airflow/dags/env/Scripts/numpy-config.exe:__main__.py assumed to contain no DAGs. Skipping.
[2025-03-29T17:58:52.570+0000] {processor.py:927} WARNING - No viable dags retrieved from /opt/airflow/dags/env/Scripts/numpy-config.exe
[2025-03-29T17:58:52.599+0000] {processor.py:208} INFO - Processing /opt/airflow/dags/env/Scripts/numpy-config.exe took 0.056 seconds
[2025-03-29T18:40:48.095+0000] {processor.py:186} INFO - Started process (PID=828) to work on /opt/airflow/dags/env/Scripts/numpy-config.exe
[2025-03-29T18:40:48.097+0000] {processor.py:914} INFO - Processing file /opt/airflow/dags/env/Scripts/numpy-config.exe for tasks to queue
[2025-03-29T18:40:48.101+0000] {logging_mixin.py:190} INFO - [2025-03-29T18:40:48.100+0000] {dagbag.py:588} INFO - Filling up the DagBag from /opt/airflow/dags/env/Scripts/numpy-config.exe
[2025-03-29T18:40:48.114+0000] {logging_mixin.py:190} INFO - [2025-03-29T18:40:48.113+0000] {dagbag.py:435} INFO - File /opt/airflow/dags/env/Scripts/numpy-config.exe:__main__.py assumed to contain no DAGs. Skipping.
[2025-03-29T18:40:48.115+0000] {processor.py:927} WARNING - No viable dags retrieved from /opt/airflow/dags/env/Scripts/numpy-config.exe
[2025-03-29T18:40:48.137+0000] {processor.py:208} INFO - Processing /opt/airflow/dags/env/Scripts/numpy-config.exe took 0.050 seconds
[2025-03-29T20:24:08.476+0000] {processor.py:186} INFO - Started process (PID=864) to work on /opt/airflow/dags/env/Scripts/numpy-config.exe
[2025-03-29T20:24:08.478+0000] {processor.py:914} INFO - Processing file /opt/airflow/dags/env/Scripts/numpy-config.exe for tasks to queue
[2025-03-29T20:24:08.485+0000] {logging_mixin.py:190} INFO - [2025-03-29T20:24:08.484+0000] {dagbag.py:588} INFO - Filling up the DagBag from /opt/airflow/dags/env/Scripts/numpy-config.exe
[2025-03-29T20:24:08.508+0000] {logging_mixin.py:190} INFO - [2025-03-29T20:24:08.507+0000] {dagbag.py:435} INFO - File /opt/airflow/dags/env/Scripts/numpy-config.exe:__main__.py assumed to contain no DAGs. Skipping.
[2025-03-29T20:24:08.510+0000] {processor.py:927} WARNING - No viable dags retrieved from /opt/airflow/dags/env/Scripts/numpy-config.exe
[2025-03-29T20:24:08.587+0000] {processor.py:208} INFO - Processing /opt/airflow/dags/env/Scripts/numpy-config.exe took 0.127 seconds
[2025-03-29T21:05:57.115+0000] {processor.py:186} INFO - Started process (PID=888) to work on /opt/airflow/dags/env/Scripts/numpy-config.exe
[2025-03-29T21:05:57.116+0000] {processor.py:914} INFO - Processing file /opt/airflow/dags/env/Scripts/numpy-config.exe for tasks to queue
[2025-03-29T21:05:57.119+0000] {logging_mixin.py:190} INFO - [2025-03-29T21:05:57.119+0000] {dagbag.py:588} INFO - Filling up the DagBag from /opt/airflow/dags/env/Scripts/numpy-config.exe
[2025-03-29T21:05:57.131+0000] {logging_mixin.py:190} INFO - [2025-03-29T21:05:57.131+0000] {dagbag.py:435} INFO - File /opt/airflow/dags/env/Scripts/numpy-config.exe:__main__.py assumed to contain no DAGs. Skipping.
[2025-03-29T21:05:57.132+0000] {processor.py:927} WARNING - No viable dags retrieved from /opt/airflow/dags/env/Scripts/numpy-config.exe
[2025-03-29T21:05:57.155+0000] {processor.py:208} INFO - Processing /opt/airflow/dags/env/Scripts/numpy-config.exe took 0.047 seconds
[2025-03-29T22:47:37.040+0000] {processor.py:186} INFO - Started process (PID=907) to work on /opt/airflow/dags/env/Scripts/numpy-config.exe
[2025-03-29T22:47:37.051+0000] {processor.py:914} INFO - Processing file /opt/airflow/dags/env/Scripts/numpy-config.exe for tasks to queue
[2025-03-29T22:47:37.065+0000] {logging_mixin.py:190} INFO - [2025-03-29T22:47:37.056+0000] {dagbag.py:588} INFO - Filling up the DagBag from /opt/airflow/dags/env/Scripts/numpy-config.exe
[2025-03-29T22:47:37.086+0000] {logging_mixin.py:190} INFO - [2025-03-29T22:47:37.086+0000] {dagbag.py:435} INFO - File /opt/airflow/dags/env/Scripts/numpy-config.exe:__main__.py assumed to contain no DAGs. Skipping.
[2025-03-29T22:47:37.088+0000] {processor.py:927} WARNING - No viable dags retrieved from /opt/airflow/dags/env/Scripts/numpy-config.exe
[2025-03-29T22:47:37.161+0000] {processor.py:208} INFO - Processing /opt/airflow/dags/env/Scripts/numpy-config.exe took 0.150 seconds
