[2025-03-29T00:47:15.782+0000] {processor.py:186} INFO - Started process (PID=419) to work on /opt/airflow/dags/env/Scripts/pip.exe
[2025-03-29T00:47:15.783+0000] {processor.py:914} INFO - Processing file /opt/airflow/dags/env/Scripts/pip.exe for tasks to queue
[2025-03-29T00:47:15.787+0000] {logging_mixin.py:190} INFO - [2025-03-29T00:47:15.786+0000] {dagbag.py:588} INFO - Filling up the DagBag from /opt/airflow/dags/env/Scripts/pip.exe
[2025-03-29T00:47:15.802+0000] {logging_mixin.py:190} INFO - [2025-03-29T00:47:15.802+0000] {dagbag.py:435} INFO - File /opt/airflow/dags/env/Scripts/pip.exe:__main__.py assumed to contain no DAGs. Skipping.
[2025-03-29T00:47:15.803+0000] {processor.py:927} WARNING - No viable dags retrieved from /opt/airflow/dags/env/Scripts/pip.exe
[2025-03-29T00:47:15.826+0000] {processor.py:208} INFO - Processing /opt/airflow/dags/env/Scripts/pip.exe took 0.051 seconds
[2025-03-29T00:52:38.589+0000] {processor.py:186} INFO - Started process (PID=471) to work on /opt/airflow/dags/env/Scripts/pip.exe
[2025-03-29T00:52:38.590+0000] {processor.py:914} INFO - Processing file /opt/airflow/dags/env/Scripts/pip.exe for tasks to queue
[2025-03-29T00:52:38.595+0000] {logging_mixin.py:190} INFO - [2025-03-29T00:52:38.594+0000] {dagbag.py:588} INFO - Filling up the DagBag from /opt/airflow/dags/env/Scripts/pip.exe
[2025-03-29T00:52:38.612+0000] {logging_mixin.py:190} INFO - [2025-03-29T00:52:38.612+0000] {dagbag.py:435} INFO - File /opt/airflow/dags/env/Scripts/pip.exe:__main__.py assumed to contain no DAGs. Skipping.
[2025-03-29T00:52:38.613+0000] {processor.py:927} WARNING - No viable dags retrieved from /opt/airflow/dags/env/Scripts/pip.exe
[2025-03-29T00:52:38.642+0000] {processor.py:208} INFO - Processing /opt/airflow/dags/env/Scripts/pip.exe took 0.060 seconds
[2025-03-29T00:57:41.829+0000] {processor.py:186} INFO - Started process (PID=501) to work on /opt/airflow/dags/env/Scripts/pip.exe
[2025-03-29T00:57:41.830+0000] {processor.py:914} INFO - Processing file /opt/airflow/dags/env/Scripts/pip.exe for tasks to queue
[2025-03-29T00:57:41.834+0000] {logging_mixin.py:190} INFO - [2025-03-29T00:57:41.833+0000] {dagbag.py:588} INFO - Filling up the DagBag from /opt/airflow/dags/env/Scripts/pip.exe
[2025-03-29T00:57:41.850+0000] {logging_mixin.py:190} INFO - [2025-03-29T00:57:41.849+0000] {dagbag.py:435} INFO - File /opt/airflow/dags/env/Scripts/pip.exe:__main__.py assumed to contain no DAGs. Skipping.
[2025-03-29T00:57:41.851+0000] {processor.py:927} WARNING - No viable dags retrieved from /opt/airflow/dags/env/Scripts/pip.exe
[2025-03-29T00:57:41.878+0000] {processor.py:208} INFO - Processing /opt/airflow/dags/env/Scripts/pip.exe took 0.058 seconds
[2025-03-29T01:02:35.941+0000] {processor.py:186} INFO - Started process (PID=527) to work on /opt/airflow/dags/env/Scripts/pip.exe
[2025-03-29T01:02:35.942+0000] {processor.py:914} INFO - Processing file /opt/airflow/dags/env/Scripts/pip.exe for tasks to queue
[2025-03-29T01:02:35.946+0000] {logging_mixin.py:190} INFO - [2025-03-29T01:02:35.945+0000] {dagbag.py:588} INFO - Filling up the DagBag from /opt/airflow/dags/env/Scripts/pip.exe
[2025-03-29T01:02:35.962+0000] {logging_mixin.py:190} INFO - [2025-03-29T01:02:35.961+0000] {dagbag.py:435} INFO - File /opt/airflow/dags/env/Scripts/pip.exe:__main__.py assumed to contain no DAGs. Skipping.
[2025-03-29T01:02:35.963+0000] {processor.py:927} WARNING - No viable dags retrieved from /opt/airflow/dags/env/Scripts/pip.exe
[2025-03-29T01:02:35.984+0000] {processor.py:208} INFO - Processing /opt/airflow/dags/env/Scripts/pip.exe took 0.051 seconds
[2025-03-29T01:07:44.942+0000] {processor.py:186} INFO - Started process (PID=558) to work on /opt/airflow/dags/env/Scripts/pip.exe
[2025-03-29T01:07:44.944+0000] {processor.py:914} INFO - Processing file /opt/airflow/dags/env/Scripts/pip.exe for tasks to queue
[2025-03-29T01:07:44.947+0000] {logging_mixin.py:190} INFO - [2025-03-29T01:07:44.947+0000] {dagbag.py:588} INFO - Filling up the DagBag from /opt/airflow/dags/env/Scripts/pip.exe
[2025-03-29T01:07:44.964+0000] {logging_mixin.py:190} INFO - [2025-03-29T01:07:44.964+0000] {dagbag.py:435} INFO - File /opt/airflow/dags/env/Scripts/pip.exe:__main__.py assumed to contain no DAGs. Skipping.
[2025-03-29T01:07:44.966+0000] {processor.py:927} WARNING - No viable dags retrieved from /opt/airflow/dags/env/Scripts/pip.exe
[2025-03-29T01:07:44.988+0000] {processor.py:208} INFO - Processing /opt/airflow/dags/env/Scripts/pip.exe took 0.053 seconds
[2025-03-29T01:12:48.163+0000] {processor.py:186} INFO - Started process (PID=583) to work on /opt/airflow/dags/env/Scripts/pip.exe
[2025-03-29T01:12:48.164+0000] {processor.py:914} INFO - Processing file /opt/airflow/dags/env/Scripts/pip.exe for tasks to queue
[2025-03-29T01:12:48.167+0000] {logging_mixin.py:190} INFO - [2025-03-29T01:12:48.167+0000] {dagbag.py:588} INFO - Filling up the DagBag from /opt/airflow/dags/env/Scripts/pip.exe
[2025-03-29T01:12:48.182+0000] {logging_mixin.py:190} INFO - [2025-03-29T01:12:48.182+0000] {dagbag.py:435} INFO - File /opt/airflow/dags/env/Scripts/pip.exe:__main__.py assumed to contain no DAGs. Skipping.
[2025-03-29T01:12:48.183+0000] {processor.py:927} WARNING - No viable dags retrieved from /opt/airflow/dags/env/Scripts/pip.exe
[2025-03-29T01:12:48.205+0000] {processor.py:208} INFO - Processing /opt/airflow/dags/env/Scripts/pip.exe took 0.049 seconds
[2025-03-29T01:17:41.992+0000] {processor.py:186} INFO - Started process (PID=607) to work on /opt/airflow/dags/env/Scripts/pip.exe
[2025-03-29T01:17:41.994+0000] {processor.py:914} INFO - Processing file /opt/airflow/dags/env/Scripts/pip.exe for tasks to queue
[2025-03-29T01:17:41.997+0000] {logging_mixin.py:190} INFO - [2025-03-29T01:17:41.997+0000] {dagbag.py:588} INFO - Filling up the DagBag from /opt/airflow/dags/env/Scripts/pip.exe
[2025-03-29T01:17:42.016+0000] {logging_mixin.py:190} INFO - [2025-03-29T01:17:42.016+0000] {dagbag.py:435} INFO - File /opt/airflow/dags/env/Scripts/pip.exe:__main__.py assumed to contain no DAGs. Skipping.
[2025-03-29T01:17:42.017+0000] {processor.py:927} WARNING - No viable dags retrieved from /opt/airflow/dags/env/Scripts/pip.exe
[2025-03-29T01:17:42.045+0000] {processor.py:208} INFO - Processing /opt/airflow/dags/env/Scripts/pip.exe took 0.060 seconds
[2025-03-29T01:22:47.372+0000] {processor.py:186} INFO - Started process (PID=635) to work on /opt/airflow/dags/env/Scripts/pip.exe
[2025-03-29T01:22:47.374+0000] {processor.py:914} INFO - Processing file /opt/airflow/dags/env/Scripts/pip.exe for tasks to queue
[2025-03-29T01:22:47.377+0000] {logging_mixin.py:190} INFO - [2025-03-29T01:22:47.377+0000] {dagbag.py:588} INFO - Filling up the DagBag from /opt/airflow/dags/env/Scripts/pip.exe
[2025-03-29T01:22:47.392+0000] {logging_mixin.py:190} INFO - [2025-03-29T01:22:47.392+0000] {dagbag.py:435} INFO - File /opt/airflow/dags/env/Scripts/pip.exe:__main__.py assumed to contain no DAGs. Skipping.
[2025-03-29T01:22:47.394+0000] {processor.py:927} WARNING - No viable dags retrieved from /opt/airflow/dags/env/Scripts/pip.exe
[2025-03-29T01:22:47.417+0000] {processor.py:208} INFO - Processing /opt/airflow/dags/env/Scripts/pip.exe took 0.051 seconds
[2025-03-29T16:53:10.554+0000] {processor.py:186} INFO - Started process (PID=73) to work on /opt/airflow/dags/env/Scripts/pip.exe
[2025-03-29T16:53:10.556+0000] {processor.py:914} INFO - Processing file /opt/airflow/dags/env/Scripts/pip.exe for tasks to queue
[2025-03-29T16:53:10.560+0000] {logging_mixin.py:190} INFO - [2025-03-29T16:53:10.559+0000] {dagbag.py:588} INFO - Filling up the DagBag from /opt/airflow/dags/env/Scripts/pip.exe
[2025-03-29T16:53:10.572+0000] {logging_mixin.py:190} INFO - [2025-03-29T16:53:10.572+0000] {dagbag.py:435} INFO - File /opt/airflow/dags/env/Scripts/pip.exe:__main__.py assumed to contain no DAGs. Skipping.
[2025-03-29T16:53:10.574+0000] {processor.py:927} WARNING - No viable dags retrieved from /opt/airflow/dags/env/Scripts/pip.exe
[2025-03-29T16:53:10.602+0000] {processor.py:208} INFO - Processing /opt/airflow/dags/env/Scripts/pip.exe took 0.057 seconds
[2025-03-29T16:53:41.129+0000] {processor.py:186} INFO - Started process (PID=97) to work on /opt/airflow/dags/env/Scripts/pip.exe
[2025-03-29T16:53:41.139+0000] {processor.py:914} INFO - Processing file /opt/airflow/dags/env/Scripts/pip.exe for tasks to queue
[2025-03-29T16:53:41.142+0000] {logging_mixin.py:190} INFO - [2025-03-29T16:53:41.141+0000] {dagbag.py:588} INFO - Filling up the DagBag from /opt/airflow/dags/env/Scripts/pip.exe
[2025-03-29T16:53:41.153+0000] {logging_mixin.py:190} INFO - [2025-03-29T16:53:41.153+0000] {dagbag.py:435} INFO - File /opt/airflow/dags/env/Scripts/pip.exe:__main__.py assumed to contain no DAGs. Skipping.
[2025-03-29T16:53:41.154+0000] {processor.py:927} WARNING - No viable dags retrieved from /opt/airflow/dags/env/Scripts/pip.exe
[2025-03-29T16:53:41.178+0000] {processor.py:208} INFO - Processing /opt/airflow/dags/env/Scripts/pip.exe took 0.056 seconds
[2025-03-29T16:58:26.367+0000] {processor.py:186} INFO - Started process (PID=142) to work on /opt/airflow/dags/env/Scripts/pip.exe
[2025-03-29T16:58:26.369+0000] {processor.py:914} INFO - Processing file /opt/airflow/dags/env/Scripts/pip.exe for tasks to queue
[2025-03-29T16:58:26.372+0000] {logging_mixin.py:190} INFO - [2025-03-29T16:58:26.371+0000] {dagbag.py:588} INFO - Filling up the DagBag from /opt/airflow/dags/env/Scripts/pip.exe
[2025-03-29T16:58:26.385+0000] {logging_mixin.py:190} INFO - [2025-03-29T16:58:26.384+0000] {dagbag.py:435} INFO - File /opt/airflow/dags/env/Scripts/pip.exe:__main__.py assumed to contain no DAGs. Skipping.
[2025-03-29T16:58:26.386+0000] {processor.py:927} WARNING - No viable dags retrieved from /opt/airflow/dags/env/Scripts/pip.exe
[2025-03-29T16:58:26.413+0000] {processor.py:208} INFO - Processing /opt/airflow/dags/env/Scripts/pip.exe took 0.052 seconds
[2025-03-29T16:58:57.794+0000] {processor.py:186} INFO - Started process (PID=166) to work on /opt/airflow/dags/env/Scripts/pip.exe
[2025-03-29T16:58:57.795+0000] {processor.py:914} INFO - Processing file /opt/airflow/dags/env/Scripts/pip.exe for tasks to queue
[2025-03-29T16:58:57.798+0000] {logging_mixin.py:190} INFO - [2025-03-29T16:58:57.798+0000] {dagbag.py:588} INFO - Filling up the DagBag from /opt/airflow/dags/env/Scripts/pip.exe
[2025-03-29T16:58:57.812+0000] {logging_mixin.py:190} INFO - [2025-03-29T16:58:57.812+0000] {dagbag.py:435} INFO - File /opt/airflow/dags/env/Scripts/pip.exe:__main__.py assumed to contain no DAGs. Skipping.
[2025-03-29T16:58:57.813+0000] {processor.py:927} WARNING - No viable dags retrieved from /opt/airflow/dags/env/Scripts/pip.exe
[2025-03-29T16:58:57.843+0000] {processor.py:208} INFO - Processing /opt/airflow/dags/env/Scripts/pip.exe took 0.059 seconds
[2025-03-29T17:03:25.532+0000] {processor.py:186} INFO - Started process (PID=196) to work on /opt/airflow/dags/env/Scripts/pip.exe
[2025-03-29T17:03:25.533+0000] {processor.py:914} INFO - Processing file /opt/airflow/dags/env/Scripts/pip.exe for tasks to queue
[2025-03-29T17:03:25.536+0000] {logging_mixin.py:190} INFO - [2025-03-29T17:03:25.536+0000] {dagbag.py:588} INFO - Filling up the DagBag from /opt/airflow/dags/env/Scripts/pip.exe
[2025-03-29T17:03:25.547+0000] {logging_mixin.py:190} INFO - [2025-03-29T17:03:25.547+0000] {dagbag.py:435} INFO - File /opt/airflow/dags/env/Scripts/pip.exe:__main__.py assumed to contain no DAGs. Skipping.
[2025-03-29T17:03:25.548+0000] {processor.py:927} WARNING - No viable dags retrieved from /opt/airflow/dags/env/Scripts/pip.exe
[2025-03-29T17:03:25.573+0000] {processor.py:208} INFO - Processing /opt/airflow/dags/env/Scripts/pip.exe took 0.048 seconds
[2025-03-29T17:03:58.226+0000] {processor.py:186} INFO - Started process (PID=220) to work on /opt/airflow/dags/env/Scripts/pip.exe
[2025-03-29T17:03:58.227+0000] {processor.py:914} INFO - Processing file /opt/airflow/dags/env/Scripts/pip.exe for tasks to queue
[2025-03-29T17:03:58.230+0000] {logging_mixin.py:190} INFO - [2025-03-29T17:03:58.229+0000] {dagbag.py:588} INFO - Filling up the DagBag from /opt/airflow/dags/env/Scripts/pip.exe
[2025-03-29T17:03:58.241+0000] {logging_mixin.py:190} INFO - [2025-03-29T17:03:58.240+0000] {dagbag.py:435} INFO - File /opt/airflow/dags/env/Scripts/pip.exe:__main__.py assumed to contain no DAGs. Skipping.
[2025-03-29T17:03:58.242+0000] {processor.py:927} WARNING - No viable dags retrieved from /opt/airflow/dags/env/Scripts/pip.exe
[2025-03-29T17:03:58.263+0000] {processor.py:208} INFO - Processing /opt/airflow/dags/env/Scripts/pip.exe took 0.045 seconds
[2025-03-29T17:08:25.545+0000] {processor.py:186} INFO - Started process (PID=250) to work on /opt/airflow/dags/env/Scripts/pip.exe
[2025-03-29T17:08:25.547+0000] {processor.py:914} INFO - Processing file /opt/airflow/dags/env/Scripts/pip.exe for tasks to queue
[2025-03-29T17:08:25.550+0000] {logging_mixin.py:190} INFO - [2025-03-29T17:08:25.549+0000] {dagbag.py:588} INFO - Filling up the DagBag from /opt/airflow/dags/env/Scripts/pip.exe
[2025-03-29T17:08:25.561+0000] {logging_mixin.py:190} INFO - [2025-03-29T17:08:25.560+0000] {dagbag.py:435} INFO - File /opt/airflow/dags/env/Scripts/pip.exe:__main__.py assumed to contain no DAGs. Skipping.
[2025-03-29T17:08:25.562+0000] {processor.py:927} WARNING - No viable dags retrieved from /opt/airflow/dags/env/Scripts/pip.exe
[2025-03-29T17:08:25.585+0000] {processor.py:208} INFO - Processing /opt/airflow/dags/env/Scripts/pip.exe took 0.046 seconds
[2025-03-29T17:08:56.981+0000] {processor.py:186} INFO - Started process (PID=274) to work on /opt/airflow/dags/env/Scripts/pip.exe
[2025-03-29T17:08:56.983+0000] {processor.py:914} INFO - Processing file /opt/airflow/dags/env/Scripts/pip.exe for tasks to queue
[2025-03-29T17:08:56.989+0000] {logging_mixin.py:190} INFO - [2025-03-29T17:08:56.988+0000] {dagbag.py:588} INFO - Filling up the DagBag from /opt/airflow/dags/env/Scripts/pip.exe
[2025-03-29T17:08:57.008+0000] {logging_mixin.py:190} INFO - [2025-03-29T17:08:57.008+0000] {dagbag.py:435} INFO - File /opt/airflow/dags/env/Scripts/pip.exe:__main__.py assumed to contain no DAGs. Skipping.
[2025-03-29T17:08:57.010+0000] {processor.py:927} WARNING - No viable dags retrieved from /opt/airflow/dags/env/Scripts/pip.exe
[2025-03-29T17:08:57.048+0000] {processor.py:208} INFO - Processing /opt/airflow/dags/env/Scripts/pip.exe took 0.085 seconds
[2025-03-29T17:13:28.522+0000] {processor.py:186} INFO - Started process (PID=304) to work on /opt/airflow/dags/env/Scripts/pip.exe
[2025-03-29T17:13:28.524+0000] {processor.py:914} INFO - Processing file /opt/airflow/dags/env/Scripts/pip.exe for tasks to queue
[2025-03-29T17:13:28.529+0000] {logging_mixin.py:190} INFO - [2025-03-29T17:13:28.529+0000] {dagbag.py:588} INFO - Filling up the DagBag from /opt/airflow/dags/env/Scripts/pip.exe
[2025-03-29T17:13:28.550+0000] {logging_mixin.py:190} INFO - [2025-03-29T17:13:28.550+0000] {dagbag.py:435} INFO - File /opt/airflow/dags/env/Scripts/pip.exe:__main__.py assumed to contain no DAGs. Skipping.
[2025-03-29T17:13:28.551+0000] {processor.py:927} WARNING - No viable dags retrieved from /opt/airflow/dags/env/Scripts/pip.exe
[2025-03-29T17:13:28.585+0000] {processor.py:208} INFO - Processing /opt/airflow/dags/env/Scripts/pip.exe took 0.081 seconds
[2025-03-29T17:14:00.096+0000] {processor.py:186} INFO - Started process (PID=328) to work on /opt/airflow/dags/env/Scripts/pip.exe
[2025-03-29T17:14:00.098+0000] {processor.py:914} INFO - Processing file /opt/airflow/dags/env/Scripts/pip.exe for tasks to queue
[2025-03-29T17:14:00.105+0000] {logging_mixin.py:190} INFO - [2025-03-29T17:14:00.103+0000] {dagbag.py:588} INFO - Filling up the DagBag from /opt/airflow/dags/env/Scripts/pip.exe
[2025-03-29T17:14:00.128+0000] {logging_mixin.py:190} INFO - [2025-03-29T17:14:00.128+0000] {dagbag.py:435} INFO - File /opt/airflow/dags/env/Scripts/pip.exe:__main__.py assumed to contain no DAGs. Skipping.
[2025-03-29T17:14:00.130+0000] {processor.py:927} WARNING - No viable dags retrieved from /opt/airflow/dags/env/Scripts/pip.exe
[2025-03-29T17:14:00.172+0000] {processor.py:208} INFO - Processing /opt/airflow/dags/env/Scripts/pip.exe took 0.088 seconds
[2025-03-29T17:18:31.887+0000] {processor.py:186} INFO - Started process (PID=356) to work on /opt/airflow/dags/env/Scripts/pip.exe
[2025-03-29T17:18:31.888+0000] {processor.py:914} INFO - Processing file /opt/airflow/dags/env/Scripts/pip.exe for tasks to queue
[2025-03-29T17:18:31.891+0000] {logging_mixin.py:190} INFO - [2025-03-29T17:18:31.891+0000] {dagbag.py:588} INFO - Filling up the DagBag from /opt/airflow/dags/env/Scripts/pip.exe
[2025-03-29T17:18:31.902+0000] {logging_mixin.py:190} INFO - [2025-03-29T17:18:31.902+0000] {dagbag.py:435} INFO - File /opt/airflow/dags/env/Scripts/pip.exe:__main__.py assumed to contain no DAGs. Skipping.
[2025-03-29T17:18:31.903+0000] {processor.py:927} WARNING - No viable dags retrieved from /opt/airflow/dags/env/Scripts/pip.exe
[2025-03-29T17:18:31.929+0000] {processor.py:208} INFO - Processing /opt/airflow/dags/env/Scripts/pip.exe took 0.049 seconds
[2025-03-29T17:19:04.409+0000] {processor.py:186} INFO - Started process (PID=380) to work on /opt/airflow/dags/env/Scripts/pip.exe
[2025-03-29T17:19:04.410+0000] {processor.py:914} INFO - Processing file /opt/airflow/dags/env/Scripts/pip.exe for tasks to queue
[2025-03-29T17:19:04.413+0000] {logging_mixin.py:190} INFO - [2025-03-29T17:19:04.413+0000] {dagbag.py:588} INFO - Filling up the DagBag from /opt/airflow/dags/env/Scripts/pip.exe
[2025-03-29T17:19:04.425+0000] {logging_mixin.py:190} INFO - [2025-03-29T17:19:04.424+0000] {dagbag.py:435} INFO - File /opt/airflow/dags/env/Scripts/pip.exe:__main__.py assumed to contain no DAGs. Skipping.
[2025-03-29T17:19:04.426+0000] {processor.py:927} WARNING - No viable dags retrieved from /opt/airflow/dags/env/Scripts/pip.exe
[2025-03-29T17:19:04.454+0000] {processor.py:208} INFO - Processing /opt/airflow/dags/env/Scripts/pip.exe took 0.053 seconds
[2025-03-29T17:23:24.808+0000] {processor.py:186} INFO - Started process (PID=406) to work on /opt/airflow/dags/env/Scripts/pip.exe
[2025-03-29T17:23:24.810+0000] {processor.py:914} INFO - Processing file /opt/airflow/dags/env/Scripts/pip.exe for tasks to queue
[2025-03-29T17:23:24.813+0000] {logging_mixin.py:190} INFO - [2025-03-29T17:23:24.813+0000] {dagbag.py:588} INFO - Filling up the DagBag from /opt/airflow/dags/env/Scripts/pip.exe
[2025-03-29T17:23:24.832+0000] {logging_mixin.py:190} INFO - [2025-03-29T17:23:24.831+0000] {dagbag.py:435} INFO - File /opt/airflow/dags/env/Scripts/pip.exe:__main__.py assumed to contain no DAGs. Skipping.
[2025-03-29T17:23:24.833+0000] {processor.py:927} WARNING - No viable dags retrieved from /opt/airflow/dags/env/Scripts/pip.exe
[2025-03-29T17:23:24.858+0000] {processor.py:208} INFO - Processing /opt/airflow/dags/env/Scripts/pip.exe took 0.058 seconds
[2025-03-29T17:23:56.324+0000] {processor.py:186} INFO - Started process (PID=430) to work on /opt/airflow/dags/env/Scripts/pip.exe
[2025-03-29T17:23:56.326+0000] {processor.py:914} INFO - Processing file /opt/airflow/dags/env/Scripts/pip.exe for tasks to queue
[2025-03-29T17:23:56.330+0000] {logging_mixin.py:190} INFO - [2025-03-29T17:23:56.330+0000] {dagbag.py:588} INFO - Filling up the DagBag from /opt/airflow/dags/env/Scripts/pip.exe
[2025-03-29T17:23:56.347+0000] {logging_mixin.py:190} INFO - [2025-03-29T17:23:56.346+0000] {dagbag.py:435} INFO - File /opt/airflow/dags/env/Scripts/pip.exe:__main__.py assumed to contain no DAGs. Skipping.
[2025-03-29T17:23:56.348+0000] {processor.py:927} WARNING - No viable dags retrieved from /opt/airflow/dags/env/Scripts/pip.exe
[2025-03-29T17:23:56.380+0000] {processor.py:208} INFO - Processing /opt/airflow/dags/env/Scripts/pip.exe took 0.067 seconds
[2025-03-29T17:28:30.775+0000] {processor.py:186} INFO - Started process (PID=463) to work on /opt/airflow/dags/env/Scripts/pip.exe
[2025-03-29T17:28:30.777+0000] {processor.py:914} INFO - Processing file /opt/airflow/dags/env/Scripts/pip.exe for tasks to queue
[2025-03-29T17:28:30.780+0000] {logging_mixin.py:190} INFO - [2025-03-29T17:28:30.779+0000] {dagbag.py:588} INFO - Filling up the DagBag from /opt/airflow/dags/env/Scripts/pip.exe
[2025-03-29T17:28:30.792+0000] {logging_mixin.py:190} INFO - [2025-03-29T17:28:30.792+0000] {dagbag.py:435} INFO - File /opt/airflow/dags/env/Scripts/pip.exe:__main__.py assumed to contain no DAGs. Skipping.
[2025-03-29T17:28:30.793+0000] {processor.py:927} WARNING - No viable dags retrieved from /opt/airflow/dags/env/Scripts/pip.exe
[2025-03-29T17:28:30.817+0000] {processor.py:208} INFO - Processing /opt/airflow/dags/env/Scripts/pip.exe took 0.049 seconds
[2025-03-29T17:29:02.137+0000] {processor.py:186} INFO - Started process (PID=487) to work on /opt/airflow/dags/env/Scripts/pip.exe
[2025-03-29T17:29:02.139+0000] {processor.py:914} INFO - Processing file /opt/airflow/dags/env/Scripts/pip.exe for tasks to queue
[2025-03-29T17:29:02.142+0000] {logging_mixin.py:190} INFO - [2025-03-29T17:29:02.142+0000] {dagbag.py:588} INFO - Filling up the DagBag from /opt/airflow/dags/env/Scripts/pip.exe
[2025-03-29T17:29:02.157+0000] {logging_mixin.py:190} INFO - [2025-03-29T17:29:02.157+0000] {dagbag.py:435} INFO - File /opt/airflow/dags/env/Scripts/pip.exe:__main__.py assumed to contain no DAGs. Skipping.
[2025-03-29T17:29:02.159+0000] {processor.py:927} WARNING - No viable dags retrieved from /opt/airflow/dags/env/Scripts/pip.exe
[2025-03-29T17:29:02.185+0000] {processor.py:208} INFO - Processing /opt/airflow/dags/env/Scripts/pip.exe took 0.056 seconds
[2025-03-29T17:33:28.069+0000] {processor.py:186} INFO - Started process (PID=516) to work on /opt/airflow/dags/env/Scripts/pip.exe
[2025-03-29T17:33:28.070+0000] {processor.py:914} INFO - Processing file /opt/airflow/dags/env/Scripts/pip.exe for tasks to queue
[2025-03-29T17:33:28.073+0000] {logging_mixin.py:190} INFO - [2025-03-29T17:33:28.073+0000] {dagbag.py:588} INFO - Filling up the DagBag from /opt/airflow/dags/env/Scripts/pip.exe
[2025-03-29T17:33:28.087+0000] {logging_mixin.py:190} INFO - [2025-03-29T17:33:28.087+0000] {dagbag.py:435} INFO - File /opt/airflow/dags/env/Scripts/pip.exe:__main__.py assumed to contain no DAGs. Skipping.
[2025-03-29T17:33:28.088+0000] {processor.py:927} WARNING - No viable dags retrieved from /opt/airflow/dags/env/Scripts/pip.exe
[2025-03-29T17:33:28.113+0000] {processor.py:208} INFO - Processing /opt/airflow/dags/env/Scripts/pip.exe took 0.051 seconds
[2025-03-29T17:34:00.832+0000] {processor.py:186} INFO - Started process (PID=540) to work on /opt/airflow/dags/env/Scripts/pip.exe
[2025-03-29T17:34:00.833+0000] {processor.py:914} INFO - Processing file /opt/airflow/dags/env/Scripts/pip.exe for tasks to queue
[2025-03-29T17:34:00.837+0000] {logging_mixin.py:190} INFO - [2025-03-29T17:34:00.836+0000] {dagbag.py:588} INFO - Filling up the DagBag from /opt/airflow/dags/env/Scripts/pip.exe
[2025-03-29T17:34:00.850+0000] {logging_mixin.py:190} INFO - [2025-03-29T17:34:00.849+0000] {dagbag.py:435} INFO - File /opt/airflow/dags/env/Scripts/pip.exe:__main__.py assumed to contain no DAGs. Skipping.
[2025-03-29T17:34:00.851+0000] {processor.py:927} WARNING - No viable dags retrieved from /opt/airflow/dags/env/Scripts/pip.exe
[2025-03-29T17:34:00.881+0000] {processor.py:208} INFO - Processing /opt/airflow/dags/env/Scripts/pip.exe took 0.056 seconds
[2025-03-29T17:38:25.968+0000] {processor.py:186} INFO - Started process (PID=570) to work on /opt/airflow/dags/env/Scripts/pip.exe
[2025-03-29T17:38:25.969+0000] {processor.py:914} INFO - Processing file /opt/airflow/dags/env/Scripts/pip.exe for tasks to queue
[2025-03-29T17:38:25.972+0000] {logging_mixin.py:190} INFO - [2025-03-29T17:38:25.972+0000] {dagbag.py:588} INFO - Filling up the DagBag from /opt/airflow/dags/env/Scripts/pip.exe
[2025-03-29T17:38:25.985+0000] {logging_mixin.py:190} INFO - [2025-03-29T17:38:25.985+0000] {dagbag.py:435} INFO - File /opt/airflow/dags/env/Scripts/pip.exe:__main__.py assumed to contain no DAGs. Skipping.
[2025-03-29T17:38:25.986+0000] {processor.py:927} WARNING - No viable dags retrieved from /opt/airflow/dags/env/Scripts/pip.exe
[2025-03-29T17:38:26.010+0000] {processor.py:208} INFO - Processing /opt/airflow/dags/env/Scripts/pip.exe took 0.049 seconds
[2025-03-29T17:38:58.610+0000] {processor.py:186} INFO - Started process (PID=594) to work on /opt/airflow/dags/env/Scripts/pip.exe
[2025-03-29T17:38:58.611+0000] {processor.py:914} INFO - Processing file /opt/airflow/dags/env/Scripts/pip.exe for tasks to queue
[2025-03-29T17:38:58.614+0000] {logging_mixin.py:190} INFO - [2025-03-29T17:38:58.614+0000] {dagbag.py:588} INFO - Filling up the DagBag from /opt/airflow/dags/env/Scripts/pip.exe
[2025-03-29T17:38:58.628+0000] {logging_mixin.py:190} INFO - [2025-03-29T17:38:58.627+0000] {dagbag.py:435} INFO - File /opt/airflow/dags/env/Scripts/pip.exe:__main__.py assumed to contain no DAGs. Skipping.
[2025-03-29T17:38:58.629+0000] {processor.py:927} WARNING - No viable dags retrieved from /opt/airflow/dags/env/Scripts/pip.exe
[2025-03-29T17:38:58.654+0000] {processor.py:208} INFO - Processing /opt/airflow/dags/env/Scripts/pip.exe took 0.051 seconds
[2025-03-29T17:43:26.453+0000] {processor.py:186} INFO - Started process (PID=626) to work on /opt/airflow/dags/env/Scripts/pip.exe
[2025-03-29T17:43:26.454+0000] {processor.py:914} INFO - Processing file /opt/airflow/dags/env/Scripts/pip.exe for tasks to queue
[2025-03-29T17:43:26.457+0000] {logging_mixin.py:190} INFO - [2025-03-29T17:43:26.457+0000] {dagbag.py:588} INFO - Filling up the DagBag from /opt/airflow/dags/env/Scripts/pip.exe
[2025-03-29T17:43:26.470+0000] {logging_mixin.py:190} INFO - [2025-03-29T17:43:26.470+0000] {dagbag.py:435} INFO - File /opt/airflow/dags/env/Scripts/pip.exe:__main__.py assumed to contain no DAGs. Skipping.
[2025-03-29T17:43:26.471+0000] {processor.py:927} WARNING - No viable dags retrieved from /opt/airflow/dags/env/Scripts/pip.exe
[2025-03-29T17:43:26.496+0000] {processor.py:208} INFO - Processing /opt/airflow/dags/env/Scripts/pip.exe took 0.050 seconds
[2025-03-29T17:43:59.083+0000] {processor.py:186} INFO - Started process (PID=650) to work on /opt/airflow/dags/env/Scripts/pip.exe
[2025-03-29T17:43:59.084+0000] {processor.py:914} INFO - Processing file /opt/airflow/dags/env/Scripts/pip.exe for tasks to queue
[2025-03-29T17:43:59.090+0000] {logging_mixin.py:190} INFO - [2025-03-29T17:43:59.089+0000] {dagbag.py:588} INFO - Filling up the DagBag from /opt/airflow/dags/env/Scripts/pip.exe
[2025-03-29T17:43:59.111+0000] {logging_mixin.py:190} INFO - [2025-03-29T17:43:59.110+0000] {dagbag.py:435} INFO - File /opt/airflow/dags/env/Scripts/pip.exe:__main__.py assumed to contain no DAGs. Skipping.
[2025-03-29T17:43:59.114+0000] {processor.py:927} WARNING - No viable dags retrieved from /opt/airflow/dags/env/Scripts/pip.exe
[2025-03-29T17:43:59.146+0000] {processor.py:208} INFO - Processing /opt/airflow/dags/env/Scripts/pip.exe took 0.076 seconds
[2025-03-29T17:48:29.936+0000] {processor.py:186} INFO - Started process (PID=681) to work on /opt/airflow/dags/env/Scripts/pip.exe
[2025-03-29T17:48:29.937+0000] {processor.py:914} INFO - Processing file /opt/airflow/dags/env/Scripts/pip.exe for tasks to queue
[2025-03-29T17:48:29.940+0000] {logging_mixin.py:190} INFO - [2025-03-29T17:48:29.940+0000] {dagbag.py:588} INFO - Filling up the DagBag from /opt/airflow/dags/env/Scripts/pip.exe
[2025-03-29T17:48:29.954+0000] {logging_mixin.py:190} INFO - [2025-03-29T17:48:29.954+0000] {dagbag.py:435} INFO - File /opt/airflow/dags/env/Scripts/pip.exe:__main__.py assumed to contain no DAGs. Skipping.
[2025-03-29T17:48:29.955+0000] {processor.py:927} WARNING - No viable dags retrieved from /opt/airflow/dags/env/Scripts/pip.exe
[2025-03-29T17:48:29.980+0000] {processor.py:208} INFO - Processing /opt/airflow/dags/env/Scripts/pip.exe took 0.051 seconds
[2025-03-29T17:49:02.318+0000] {processor.py:186} INFO - Started process (PID=705) to work on /opt/airflow/dags/env/Scripts/pip.exe
[2025-03-29T17:49:02.319+0000] {processor.py:914} INFO - Processing file /opt/airflow/dags/env/Scripts/pip.exe for tasks to queue
[2025-03-29T17:49:02.323+0000] {logging_mixin.py:190} INFO - [2025-03-29T17:49:02.322+0000] {dagbag.py:588} INFO - Filling up the DagBag from /opt/airflow/dags/env/Scripts/pip.exe
[2025-03-29T17:49:02.334+0000] {logging_mixin.py:190} INFO - [2025-03-29T17:49:02.334+0000] {dagbag.py:435} INFO - File /opt/airflow/dags/env/Scripts/pip.exe:__main__.py assumed to contain no DAGs. Skipping.
[2025-03-29T17:49:02.336+0000] {processor.py:927} WARNING - No viable dags retrieved from /opt/airflow/dags/env/Scripts/pip.exe
[2025-03-29T17:49:02.361+0000] {processor.py:208} INFO - Processing /opt/airflow/dags/env/Scripts/pip.exe took 0.053 seconds
[2025-03-29T17:53:31.487+0000] {processor.py:186} INFO - Started process (PID=734) to work on /opt/airflow/dags/env/Scripts/pip.exe
[2025-03-29T17:53:31.489+0000] {processor.py:914} INFO - Processing file /opt/airflow/dags/env/Scripts/pip.exe for tasks to queue
[2025-03-29T17:53:31.492+0000] {logging_mixin.py:190} INFO - [2025-03-29T17:53:31.491+0000] {dagbag.py:588} INFO - Filling up the DagBag from /opt/airflow/dags/env/Scripts/pip.exe
[2025-03-29T17:53:31.503+0000] {logging_mixin.py:190} INFO - [2025-03-29T17:53:31.503+0000] {dagbag.py:435} INFO - File /opt/airflow/dags/env/Scripts/pip.exe:__main__.py assumed to contain no DAGs. Skipping.
[2025-03-29T17:53:31.504+0000] {processor.py:927} WARNING - No viable dags retrieved from /opt/airflow/dags/env/Scripts/pip.exe
[2025-03-29T17:53:31.528+0000] {processor.py:208} INFO - Processing /opt/airflow/dags/env/Scripts/pip.exe took 0.048 seconds
[2025-03-29T17:54:02.822+0000] {processor.py:186} INFO - Started process (PID=758) to work on /opt/airflow/dags/env/Scripts/pip.exe
[2025-03-29T17:54:02.824+0000] {processor.py:914} INFO - Processing file /opt/airflow/dags/env/Scripts/pip.exe for tasks to queue
[2025-03-29T17:54:02.827+0000] {logging_mixin.py:190} INFO - [2025-03-29T17:54:02.826+0000] {dagbag.py:588} INFO - Filling up the DagBag from /opt/airflow/dags/env/Scripts/pip.exe
[2025-03-29T17:54:02.839+0000] {logging_mixin.py:190} INFO - [2025-03-29T17:54:02.839+0000] {dagbag.py:435} INFO - File /opt/airflow/dags/env/Scripts/pip.exe:__main__.py assumed to contain no DAGs. Skipping.
[2025-03-29T17:54:02.840+0000] {processor.py:927} WARNING - No viable dags retrieved from /opt/airflow/dags/env/Scripts/pip.exe
[2025-03-29T17:54:02.868+0000] {processor.py:208} INFO - Processing /opt/airflow/dags/env/Scripts/pip.exe took 0.052 seconds
[2025-03-29T17:58:32.924+0000] {processor.py:186} INFO - Started process (PID=786) to work on /opt/airflow/dags/env/Scripts/pip.exe
[2025-03-29T17:58:32.925+0000] {processor.py:914} INFO - Processing file /opt/airflow/dags/env/Scripts/pip.exe for tasks to queue
[2025-03-29T17:58:32.928+0000] {logging_mixin.py:190} INFO - [2025-03-29T17:58:32.928+0000] {dagbag.py:588} INFO - Filling up the DagBag from /opt/airflow/dags/env/Scripts/pip.exe
[2025-03-29T17:58:32.941+0000] {logging_mixin.py:190} INFO - [2025-03-29T17:58:32.941+0000] {dagbag.py:435} INFO - File /opt/airflow/dags/env/Scripts/pip.exe:__main__.py assumed to contain no DAGs. Skipping.
[2025-03-29T17:58:32.942+0000] {processor.py:927} WARNING - No viable dags retrieved from /opt/airflow/dags/env/Scripts/pip.exe
[2025-03-29T17:58:32.965+0000] {processor.py:208} INFO - Processing /opt/airflow/dags/env/Scripts/pip.exe took 0.048 seconds
[2025-03-29T17:59:04.444+0000] {processor.py:186} INFO - Started process (PID=810) to work on /opt/airflow/dags/env/Scripts/pip.exe
[2025-03-29T17:59:04.445+0000] {processor.py:914} INFO - Processing file /opt/airflow/dags/env/Scripts/pip.exe for tasks to queue
[2025-03-29T17:59:04.449+0000] {logging_mixin.py:190} INFO - [2025-03-29T17:59:04.448+0000] {dagbag.py:588} INFO - Filling up the DagBag from /opt/airflow/dags/env/Scripts/pip.exe
[2025-03-29T17:59:04.463+0000] {logging_mixin.py:190} INFO - [2025-03-29T17:59:04.463+0000] {dagbag.py:435} INFO - File /opt/airflow/dags/env/Scripts/pip.exe:__main__.py assumed to contain no DAGs. Skipping.
[2025-03-29T17:59:04.464+0000] {processor.py:927} WARNING - No viable dags retrieved from /opt/airflow/dags/env/Scripts/pip.exe
[2025-03-29T17:59:04.494+0000] {processor.py:208} INFO - Processing /opt/airflow/dags/env/Scripts/pip.exe took 0.058 seconds
[2025-03-29T18:40:58.352+0000] {processor.py:186} INFO - Started process (PID=838) to work on /opt/airflow/dags/env/Scripts/pip.exe
[2025-03-29T18:40:58.353+0000] {processor.py:914} INFO - Processing file /opt/airflow/dags/env/Scripts/pip.exe for tasks to queue
[2025-03-29T18:40:58.357+0000] {logging_mixin.py:190} INFO - [2025-03-29T18:40:58.356+0000] {dagbag.py:588} INFO - Filling up the DagBag from /opt/airflow/dags/env/Scripts/pip.exe
[2025-03-29T18:40:58.375+0000] {logging_mixin.py:190} INFO - [2025-03-29T18:40:58.375+0000] {dagbag.py:435} INFO - File /opt/airflow/dags/env/Scripts/pip.exe:__main__.py assumed to contain no DAGs. Skipping.
[2025-03-29T18:40:58.377+0000] {processor.py:927} WARNING - No viable dags retrieved from /opt/airflow/dags/env/Scripts/pip.exe
[2025-03-29T18:40:58.404+0000] {processor.py:208} INFO - Processing /opt/airflow/dags/env/Scripts/pip.exe took 0.062 seconds
[2025-03-29T21:05:41.522+0000] {processor.py:186} INFO - Started process (PID=874) to work on /opt/airflow/dags/env/Scripts/pip.exe
[2025-03-29T21:05:41.524+0000] {processor.py:914} INFO - Processing file /opt/airflow/dags/env/Scripts/pip.exe for tasks to queue
[2025-03-29T21:05:41.527+0000] {logging_mixin.py:190} INFO - [2025-03-29T21:05:41.526+0000] {dagbag.py:588} INFO - Filling up the DagBag from /opt/airflow/dags/env/Scripts/pip.exe
[2025-03-29T21:05:41.540+0000] {logging_mixin.py:190} INFO - [2025-03-29T21:05:41.540+0000] {dagbag.py:435} INFO - File /opt/airflow/dags/env/Scripts/pip.exe:__main__.py assumed to contain no DAGs. Skipping.
[2025-03-29T21:05:41.541+0000] {processor.py:927} WARNING - No viable dags retrieved from /opt/airflow/dags/env/Scripts/pip.exe
[2025-03-29T21:05:41.565+0000] {processor.py:208} INFO - Processing /opt/airflow/dags/env/Scripts/pip.exe took 0.050 seconds
