[2025-03-29T00:47:14.513+0000] {processor.py:186} INFO - Started process (PID=418) to work on /opt/airflow/dags/env/Scripts/pip3.exe
[2025-03-29T00:47:14.514+0000] {processor.py:914} INFO - Processing file /opt/airflow/dags/env/Scripts/pip3.exe for tasks to queue
[2025-03-29T00:47:14.518+0000] {logging_mixin.py:190} INFO - [2025-03-29T00:47:14.517+0000] {dagbag.py:588} INFO - Filling up the DagBag from /opt/airflow/dags/env/Scripts/pip3.exe
[2025-03-29T00:47:14.533+0000] {logging_mixin.py:190} INFO - [2025-03-29T00:47:14.532+0000] {dagbag.py:435} INFO - File /opt/airflow/dags/env/Scripts/pip3.exe:__main__.py assumed to contain no DAGs. Skipping.
[2025-03-29T00:47:14.534+0000] {processor.py:927} WARNING - No viable dags retrieved from /opt/airflow/dags/env/Scripts/pip3.exe
[2025-03-29T00:47:14.557+0000] {processor.py:208} INFO - Processing /opt/airflow/dags/env/Scripts/pip3.exe took 0.051 seconds
[2025-03-29T00:52:37.355+0000] {processor.py:186} INFO - Started process (PID=470) to work on /opt/airflow/dags/env/Scripts/pip3.exe
[2025-03-29T00:52:37.357+0000] {processor.py:914} INFO - Processing file /opt/airflow/dags/env/Scripts/pip3.exe for tasks to queue
[2025-03-29T00:52:37.360+0000] {logging_mixin.py:190} INFO - [2025-03-29T00:52:37.359+0000] {dagbag.py:588} INFO - Filling up the DagBag from /opt/airflow/dags/env/Scripts/pip3.exe
[2025-03-29T00:52:37.375+0000] {logging_mixin.py:190} INFO - [2025-03-29T00:52:37.375+0000] {dagbag.py:435} INFO - File /opt/airflow/dags/env/Scripts/pip3.exe:__main__.py assumed to contain no DAGs. Skipping.
[2025-03-29T00:52:37.376+0000] {processor.py:927} WARNING - No viable dags retrieved from /opt/airflow/dags/env/Scripts/pip3.exe
[2025-03-29T00:52:37.400+0000] {processor.py:208} INFO - Processing /opt/airflow/dags/env/Scripts/pip3.exe took 0.052 seconds
[2025-03-29T00:57:40.602+0000] {processor.py:186} INFO - Started process (PID=500) to work on /opt/airflow/dags/env/Scripts/pip3.exe
[2025-03-29T00:57:40.604+0000] {processor.py:914} INFO - Processing file /opt/airflow/dags/env/Scripts/pip3.exe for tasks to queue
[2025-03-29T00:57:40.607+0000] {logging_mixin.py:190} INFO - [2025-03-29T00:57:40.606+0000] {dagbag.py:588} INFO - Filling up the DagBag from /opt/airflow/dags/env/Scripts/pip3.exe
[2025-03-29T00:57:40.620+0000] {logging_mixin.py:190} INFO - [2025-03-29T00:57:40.620+0000] {dagbag.py:435} INFO - File /opt/airflow/dags/env/Scripts/pip3.exe:__main__.py assumed to contain no DAGs. Skipping.
[2025-03-29T00:57:40.621+0000] {processor.py:927} WARNING - No viable dags retrieved from /opt/airflow/dags/env/Scripts/pip3.exe
[2025-03-29T00:57:40.642+0000] {processor.py:208} INFO - Processing /opt/airflow/dags/env/Scripts/pip3.exe took 0.050 seconds
[2025-03-29T01:02:34.724+0000] {processor.py:186} INFO - Started process (PID=526) to work on /opt/airflow/dags/env/Scripts/pip3.exe
[2025-03-29T01:02:34.726+0000] {processor.py:914} INFO - Processing file /opt/airflow/dags/env/Scripts/pip3.exe for tasks to queue
[2025-03-29T01:02:34.729+0000] {logging_mixin.py:190} INFO - [2025-03-29T01:02:34.728+0000] {dagbag.py:588} INFO - Filling up the DagBag from /opt/airflow/dags/env/Scripts/pip3.exe
[2025-03-29T01:02:34.745+0000] {logging_mixin.py:190} INFO - [2025-03-29T01:02:34.745+0000] {dagbag.py:435} INFO - File /opt/airflow/dags/env/Scripts/pip3.exe:__main__.py assumed to contain no DAGs. Skipping.
[2025-03-29T01:02:34.746+0000] {processor.py:927} WARNING - No viable dags retrieved from /opt/airflow/dags/env/Scripts/pip3.exe
[2025-03-29T01:02:34.773+0000] {processor.py:208} INFO - Processing /opt/airflow/dags/env/Scripts/pip3.exe took 0.055 seconds
[2025-03-29T01:07:43.713+0000] {processor.py:186} INFO - Started process (PID=557) to work on /opt/airflow/dags/env/Scripts/pip3.exe
[2025-03-29T01:07:43.714+0000] {processor.py:914} INFO - Processing file /opt/airflow/dags/env/Scripts/pip3.exe for tasks to queue
[2025-03-29T01:07:43.717+0000] {logging_mixin.py:190} INFO - [2025-03-29T01:07:43.717+0000] {dagbag.py:588} INFO - Filling up the DagBag from /opt/airflow/dags/env/Scripts/pip3.exe
[2025-03-29T01:07:43.733+0000] {logging_mixin.py:190} INFO - [2025-03-29T01:07:43.733+0000] {dagbag.py:435} INFO - File /opt/airflow/dags/env/Scripts/pip3.exe:__main__.py assumed to contain no DAGs. Skipping.
[2025-03-29T01:07:43.734+0000] {processor.py:927} WARNING - No viable dags retrieved from /opt/airflow/dags/env/Scripts/pip3.exe
[2025-03-29T01:07:43.762+0000] {processor.py:208} INFO - Processing /opt/airflow/dags/env/Scripts/pip3.exe took 0.055 seconds
[2025-03-29T01:12:46.959+0000] {processor.py:186} INFO - Started process (PID=582) to work on /opt/airflow/dags/env/Scripts/pip3.exe
[2025-03-29T01:12:46.961+0000] {processor.py:914} INFO - Processing file /opt/airflow/dags/env/Scripts/pip3.exe for tasks to queue
[2025-03-29T01:12:46.971+0000] {logging_mixin.py:190} INFO - [2025-03-29T01:12:46.970+0000] {dagbag.py:588} INFO - Filling up the DagBag from /opt/airflow/dags/env/Scripts/pip3.exe
[2025-03-29T01:12:46.987+0000] {logging_mixin.py:190} INFO - [2025-03-29T01:12:46.987+0000] {dagbag.py:435} INFO - File /opt/airflow/dags/env/Scripts/pip3.exe:__main__.py assumed to contain no DAGs. Skipping.
[2025-03-29T01:12:46.988+0000] {processor.py:927} WARNING - No viable dags retrieved from /opt/airflow/dags/env/Scripts/pip3.exe
[2025-03-29T01:12:47.010+0000] {processor.py:208} INFO - Processing /opt/airflow/dags/env/Scripts/pip3.exe took 0.060 seconds
[2025-03-29T01:17:40.745+0000] {processor.py:186} INFO - Started process (PID=606) to work on /opt/airflow/dags/env/Scripts/pip3.exe
[2025-03-29T01:17:40.747+0000] {processor.py:914} INFO - Processing file /opt/airflow/dags/env/Scripts/pip3.exe for tasks to queue
[2025-03-29T01:17:40.750+0000] {logging_mixin.py:190} INFO - [2025-03-29T01:17:40.749+0000] {dagbag.py:588} INFO - Filling up the DagBag from /opt/airflow/dags/env/Scripts/pip3.exe
[2025-03-29T01:17:40.765+0000] {logging_mixin.py:190} INFO - [2025-03-29T01:17:40.764+0000] {dagbag.py:435} INFO - File /opt/airflow/dags/env/Scripts/pip3.exe:__main__.py assumed to contain no DAGs. Skipping.
[2025-03-29T01:17:40.766+0000] {processor.py:927} WARNING - No viable dags retrieved from /opt/airflow/dags/env/Scripts/pip3.exe
[2025-03-29T01:17:40.787+0000] {processor.py:208} INFO - Processing /opt/airflow/dags/env/Scripts/pip3.exe took 0.049 seconds
[2025-03-29T01:22:46.162+0000] {processor.py:186} INFO - Started process (PID=634) to work on /opt/airflow/dags/env/Scripts/pip3.exe
[2025-03-29T01:22:46.163+0000] {processor.py:914} INFO - Processing file /opt/airflow/dags/env/Scripts/pip3.exe for tasks to queue
[2025-03-29T01:22:46.166+0000] {logging_mixin.py:190} INFO - [2025-03-29T01:22:46.166+0000] {dagbag.py:588} INFO - Filling up the DagBag from /opt/airflow/dags/env/Scripts/pip3.exe
[2025-03-29T01:22:46.183+0000] {logging_mixin.py:190} INFO - [2025-03-29T01:22:46.182+0000] {dagbag.py:435} INFO - File /opt/airflow/dags/env/Scripts/pip3.exe:__main__.py assumed to contain no DAGs. Skipping.
[2025-03-29T01:22:46.184+0000] {processor.py:927} WARNING - No viable dags retrieved from /opt/airflow/dags/env/Scripts/pip3.exe
[2025-03-29T01:22:46.206+0000] {processor.py:208} INFO - Processing /opt/airflow/dags/env/Scripts/pip3.exe took 0.052 seconds
[2025-03-29T16:49:05.808+0000] {processor.py:186} INFO - Started process (PID=72) to work on /opt/airflow/dags/env/Scripts/pip3.exe
[2025-03-29T16:49:05.810+0000] {processor.py:914} INFO - Processing file /opt/airflow/dags/env/Scripts/pip3.exe for tasks to queue
[2025-03-29T16:49:05.814+0000] {logging_mixin.py:190} INFO - [2025-03-29T16:49:05.813+0000] {dagbag.py:588} INFO - Filling up the DagBag from /opt/airflow/dags/env/Scripts/pip3.exe
[2025-03-29T16:49:05.833+0000] {logging_mixin.py:190} INFO - [2025-03-29T16:49:05.833+0000] {dagbag.py:435} INFO - File /opt/airflow/dags/env/Scripts/pip3.exe:__main__.py assumed to contain no DAGs. Skipping.
[2025-03-29T16:49:05.835+0000] {processor.py:927} WARNING - No viable dags retrieved from /opt/airflow/dags/env/Scripts/pip3.exe
[2025-03-29T16:49:05.882+0000] {processor.py:208} INFO - Processing /opt/airflow/dags/env/Scripts/pip3.exe took 0.095 seconds
[2025-03-29T16:53:36.700+0000] {processor.py:186} INFO - Started process (PID=96) to work on /opt/airflow/dags/env/Scripts/pip3.exe
[2025-03-29T16:53:36.702+0000] {processor.py:914} INFO - Processing file /opt/airflow/dags/env/Scripts/pip3.exe for tasks to queue
[2025-03-29T16:53:36.704+0000] {logging_mixin.py:190} INFO - [2025-03-29T16:53:36.704+0000] {dagbag.py:588} INFO - Filling up the DagBag from /opt/airflow/dags/env/Scripts/pip3.exe
[2025-03-29T16:53:36.718+0000] {logging_mixin.py:190} INFO - [2025-03-29T16:53:36.718+0000] {dagbag.py:435} INFO - File /opt/airflow/dags/env/Scripts/pip3.exe:__main__.py assumed to contain no DAGs. Skipping.
[2025-03-29T16:53:36.719+0000] {processor.py:927} WARNING - No viable dags retrieved from /opt/airflow/dags/env/Scripts/pip3.exe
[2025-03-29T16:53:36.742+0000] {processor.py:208} INFO - Processing /opt/airflow/dags/env/Scripts/pip3.exe took 0.049 seconds
[2025-03-29T16:58:25.114+0000] {processor.py:186} INFO - Started process (PID=141) to work on /opt/airflow/dags/env/Scripts/pip3.exe
[2025-03-29T16:58:25.115+0000] {processor.py:914} INFO - Processing file /opt/airflow/dags/env/Scripts/pip3.exe for tasks to queue
[2025-03-29T16:58:25.118+0000] {logging_mixin.py:190} INFO - [2025-03-29T16:58:25.118+0000] {dagbag.py:588} INFO - Filling up the DagBag from /opt/airflow/dags/env/Scripts/pip3.exe
[2025-03-29T16:58:25.131+0000] {logging_mixin.py:190} INFO - [2025-03-29T16:58:25.131+0000] {dagbag.py:435} INFO - File /opt/airflow/dags/env/Scripts/pip3.exe:__main__.py assumed to contain no DAGs. Skipping.
[2025-03-29T16:58:25.132+0000] {processor.py:927} WARNING - No viable dags retrieved from /opt/airflow/dags/env/Scripts/pip3.exe
[2025-03-29T16:58:25.156+0000] {processor.py:208} INFO - Processing /opt/airflow/dags/env/Scripts/pip3.exe took 0.049 seconds
[2025-03-29T16:58:56.539+0000] {processor.py:186} INFO - Started process (PID=165) to work on /opt/airflow/dags/env/Scripts/pip3.exe
[2025-03-29T16:58:56.540+0000] {processor.py:914} INFO - Processing file /opt/airflow/dags/env/Scripts/pip3.exe for tasks to queue
[2025-03-29T16:58:56.544+0000] {logging_mixin.py:190} INFO - [2025-03-29T16:58:56.544+0000] {dagbag.py:588} INFO - Filling up the DagBag from /opt/airflow/dags/env/Scripts/pip3.exe
[2025-03-29T16:58:56.559+0000] {logging_mixin.py:190} INFO - [2025-03-29T16:58:56.558+0000] {dagbag.py:435} INFO - File /opt/airflow/dags/env/Scripts/pip3.exe:__main__.py assumed to contain no DAGs. Skipping.
[2025-03-29T16:58:56.560+0000] {processor.py:927} WARNING - No viable dags retrieved from /opt/airflow/dags/env/Scripts/pip3.exe
[2025-03-29T16:58:56.584+0000] {processor.py:208} INFO - Processing /opt/airflow/dags/env/Scripts/pip3.exe took 0.052 seconds
[2025-03-29T17:03:24.308+0000] {processor.py:186} INFO - Started process (PID=195) to work on /opt/airflow/dags/env/Scripts/pip3.exe
[2025-03-29T17:03:24.309+0000] {processor.py:914} INFO - Processing file /opt/airflow/dags/env/Scripts/pip3.exe for tasks to queue
[2025-03-29T17:03:24.312+0000] {logging_mixin.py:190} INFO - [2025-03-29T17:03:24.311+0000] {dagbag.py:588} INFO - Filling up the DagBag from /opt/airflow/dags/env/Scripts/pip3.exe
[2025-03-29T17:03:24.323+0000] {logging_mixin.py:190} INFO - [2025-03-29T17:03:24.323+0000] {dagbag.py:435} INFO - File /opt/airflow/dags/env/Scripts/pip3.exe:__main__.py assumed to contain no DAGs. Skipping.
[2025-03-29T17:03:24.324+0000] {processor.py:927} WARNING - No viable dags retrieved from /opt/airflow/dags/env/Scripts/pip3.exe
[2025-03-29T17:03:24.348+0000] {processor.py:208} INFO - Processing /opt/airflow/dags/env/Scripts/pip3.exe took 0.047 seconds
[2025-03-29T17:03:57.034+0000] {processor.py:186} INFO - Started process (PID=219) to work on /opt/airflow/dags/env/Scripts/pip3.exe
[2025-03-29T17:03:57.036+0000] {processor.py:914} INFO - Processing file /opt/airflow/dags/env/Scripts/pip3.exe for tasks to queue
[2025-03-29T17:03:57.040+0000] {logging_mixin.py:190} INFO - [2025-03-29T17:03:57.039+0000] {dagbag.py:588} INFO - Filling up the DagBag from /opt/airflow/dags/env/Scripts/pip3.exe
[2025-03-29T17:03:57.053+0000] {logging_mixin.py:190} INFO - [2025-03-29T17:03:57.052+0000] {dagbag.py:435} INFO - File /opt/airflow/dags/env/Scripts/pip3.exe:__main__.py assumed to contain no DAGs. Skipping.
[2025-03-29T17:03:57.054+0000] {processor.py:927} WARNING - No viable dags retrieved from /opt/airflow/dags/env/Scripts/pip3.exe
[2025-03-29T17:03:57.079+0000] {processor.py:208} INFO - Processing /opt/airflow/dags/env/Scripts/pip3.exe took 0.053 seconds
[2025-03-29T17:08:24.343+0000] {processor.py:186} INFO - Started process (PID=249) to work on /opt/airflow/dags/env/Scripts/pip3.exe
[2025-03-29T17:08:24.344+0000] {processor.py:914} INFO - Processing file /opt/airflow/dags/env/Scripts/pip3.exe for tasks to queue
[2025-03-29T17:08:24.348+0000] {logging_mixin.py:190} INFO - [2025-03-29T17:08:24.347+0000] {dagbag.py:588} INFO - Filling up the DagBag from /opt/airflow/dags/env/Scripts/pip3.exe
[2025-03-29T17:08:24.362+0000] {logging_mixin.py:190} INFO - [2025-03-29T17:08:24.361+0000] {dagbag.py:435} INFO - File /opt/airflow/dags/env/Scripts/pip3.exe:__main__.py assumed to contain no DAGs. Skipping.
[2025-03-29T17:08:24.364+0000] {processor.py:927} WARNING - No viable dags retrieved from /opt/airflow/dags/env/Scripts/pip3.exe
[2025-03-29T17:08:24.390+0000] {processor.py:208} INFO - Processing /opt/airflow/dags/env/Scripts/pip3.exe took 0.054 seconds
[2025-03-29T17:08:55.713+0000] {processor.py:186} INFO - Started process (PID=273) to work on /opt/airflow/dags/env/Scripts/pip3.exe
[2025-03-29T17:08:55.715+0000] {processor.py:914} INFO - Processing file /opt/airflow/dags/env/Scripts/pip3.exe for tasks to queue
[2025-03-29T17:08:55.718+0000] {logging_mixin.py:190} INFO - [2025-03-29T17:08:55.718+0000] {dagbag.py:588} INFO - Filling up the DagBag from /opt/airflow/dags/env/Scripts/pip3.exe
[2025-03-29T17:08:55.736+0000] {logging_mixin.py:190} INFO - [2025-03-29T17:08:55.735+0000] {dagbag.py:435} INFO - File /opt/airflow/dags/env/Scripts/pip3.exe:__main__.py assumed to contain no DAGs. Skipping.
[2025-03-29T17:08:55.737+0000] {processor.py:927} WARNING - No viable dags retrieved from /opt/airflow/dags/env/Scripts/pip3.exe
[2025-03-29T17:08:55.765+0000] {processor.py:208} INFO - Processing /opt/airflow/dags/env/Scripts/pip3.exe took 0.060 seconds
[2025-03-29T17:13:27.265+0000] {processor.py:186} INFO - Started process (PID=303) to work on /opt/airflow/dags/env/Scripts/pip3.exe
[2025-03-29T17:13:27.266+0000] {processor.py:914} INFO - Processing file /opt/airflow/dags/env/Scripts/pip3.exe for tasks to queue
[2025-03-29T17:13:27.270+0000] {logging_mixin.py:190} INFO - [2025-03-29T17:13:27.269+0000] {dagbag.py:588} INFO - Filling up the DagBag from /opt/airflow/dags/env/Scripts/pip3.exe
[2025-03-29T17:13:27.286+0000] {logging_mixin.py:190} INFO - [2025-03-29T17:13:27.286+0000] {dagbag.py:435} INFO - File /opt/airflow/dags/env/Scripts/pip3.exe:__main__.py assumed to contain no DAGs. Skipping.
[2025-03-29T17:13:27.287+0000] {processor.py:927} WARNING - No viable dags retrieved from /opt/airflow/dags/env/Scripts/pip3.exe
[2025-03-29T17:13:27.314+0000] {processor.py:208} INFO - Processing /opt/airflow/dags/env/Scripts/pip3.exe took 0.058 seconds
[2025-03-29T17:13:58.815+0000] {processor.py:186} INFO - Started process (PID=327) to work on /opt/airflow/dags/env/Scripts/pip3.exe
[2025-03-29T17:13:58.816+0000] {processor.py:914} INFO - Processing file /opt/airflow/dags/env/Scripts/pip3.exe for tasks to queue
[2025-03-29T17:13:58.819+0000] {logging_mixin.py:190} INFO - [2025-03-29T17:13:58.819+0000] {dagbag.py:588} INFO - Filling up the DagBag from /opt/airflow/dags/env/Scripts/pip3.exe
[2025-03-29T17:13:58.832+0000] {logging_mixin.py:190} INFO - [2025-03-29T17:13:58.831+0000] {dagbag.py:435} INFO - File /opt/airflow/dags/env/Scripts/pip3.exe:__main__.py assumed to contain no DAGs. Skipping.
[2025-03-29T17:13:58.833+0000] {processor.py:927} WARNING - No viable dags retrieved from /opt/airflow/dags/env/Scripts/pip3.exe
[2025-03-29T17:13:58.858+0000] {processor.py:208} INFO - Processing /opt/airflow/dags/env/Scripts/pip3.exe took 0.050 seconds
[2025-03-29T17:18:30.688+0000] {processor.py:186} INFO - Started process (PID=355) to work on /opt/airflow/dags/env/Scripts/pip3.exe
[2025-03-29T17:18:30.689+0000] {processor.py:914} INFO - Processing file /opt/airflow/dags/env/Scripts/pip3.exe for tasks to queue
[2025-03-29T17:18:30.692+0000] {logging_mixin.py:190} INFO - [2025-03-29T17:18:30.692+0000] {dagbag.py:588} INFO - Filling up the DagBag from /opt/airflow/dags/env/Scripts/pip3.exe
[2025-03-29T17:18:30.707+0000] {logging_mixin.py:190} INFO - [2025-03-29T17:18:30.707+0000] {dagbag.py:435} INFO - File /opt/airflow/dags/env/Scripts/pip3.exe:__main__.py assumed to contain no DAGs. Skipping.
[2025-03-29T17:18:30.708+0000] {processor.py:927} WARNING - No viable dags retrieved from /opt/airflow/dags/env/Scripts/pip3.exe
[2025-03-29T17:18:30.733+0000] {processor.py:208} INFO - Processing /opt/airflow/dags/env/Scripts/pip3.exe took 0.052 seconds
[2025-03-29T17:19:03.135+0000] {processor.py:186} INFO - Started process (PID=379) to work on /opt/airflow/dags/env/Scripts/pip3.exe
[2025-03-29T17:19:03.136+0000] {processor.py:914} INFO - Processing file /opt/airflow/dags/env/Scripts/pip3.exe for tasks to queue
[2025-03-29T17:19:03.139+0000] {logging_mixin.py:190} INFO - [2025-03-29T17:19:03.139+0000] {dagbag.py:588} INFO - Filling up the DagBag from /opt/airflow/dags/env/Scripts/pip3.exe
[2025-03-29T17:19:03.151+0000] {logging_mixin.py:190} INFO - [2025-03-29T17:19:03.150+0000] {dagbag.py:435} INFO - File /opt/airflow/dags/env/Scripts/pip3.exe:__main__.py assumed to contain no DAGs. Skipping.
[2025-03-29T17:19:03.152+0000] {processor.py:927} WARNING - No viable dags retrieved from /opt/airflow/dags/env/Scripts/pip3.exe
[2025-03-29T17:19:03.176+0000] {processor.py:208} INFO - Processing /opt/airflow/dags/env/Scripts/pip3.exe took 0.049 seconds
[2025-03-29T17:23:23.580+0000] {processor.py:186} INFO - Started process (PID=405) to work on /opt/airflow/dags/env/Scripts/pip3.exe
[2025-03-29T17:23:23.582+0000] {processor.py:914} INFO - Processing file /opt/airflow/dags/env/Scripts/pip3.exe for tasks to queue
[2025-03-29T17:23:23.586+0000] {logging_mixin.py:190} INFO - [2025-03-29T17:23:23.585+0000] {dagbag.py:588} INFO - Filling up the DagBag from /opt/airflow/dags/env/Scripts/pip3.exe
[2025-03-29T17:23:23.602+0000] {logging_mixin.py:190} INFO - [2025-03-29T17:23:23.601+0000] {dagbag.py:435} INFO - File /opt/airflow/dags/env/Scripts/pip3.exe:__main__.py assumed to contain no DAGs. Skipping.
[2025-03-29T17:23:23.603+0000] {processor.py:927} WARNING - No viable dags retrieved from /opt/airflow/dags/env/Scripts/pip3.exe
[2025-03-29T17:23:23.631+0000] {processor.py:208} INFO - Processing /opt/airflow/dags/env/Scripts/pip3.exe took 0.062 seconds
[2025-03-29T17:23:55.044+0000] {processor.py:186} INFO - Started process (PID=429) to work on /opt/airflow/dags/env/Scripts/pip3.exe
[2025-03-29T17:23:55.045+0000] {processor.py:914} INFO - Processing file /opt/airflow/dags/env/Scripts/pip3.exe for tasks to queue
[2025-03-29T17:23:55.048+0000] {logging_mixin.py:190} INFO - [2025-03-29T17:23:55.048+0000] {dagbag.py:588} INFO - Filling up the DagBag from /opt/airflow/dags/env/Scripts/pip3.exe
[2025-03-29T17:23:55.059+0000] {logging_mixin.py:190} INFO - [2025-03-29T17:23:55.059+0000] {dagbag.py:435} INFO - File /opt/airflow/dags/env/Scripts/pip3.exe:__main__.py assumed to contain no DAGs. Skipping.
[2025-03-29T17:23:55.060+0000] {processor.py:927} WARNING - No viable dags retrieved from /opt/airflow/dags/env/Scripts/pip3.exe
[2025-03-29T17:23:55.084+0000] {processor.py:208} INFO - Processing /opt/airflow/dags/env/Scripts/pip3.exe took 0.047 seconds
[2025-03-29T17:28:29.571+0000] {processor.py:186} INFO - Started process (PID=462) to work on /opt/airflow/dags/env/Scripts/pip3.exe
[2025-03-29T17:28:29.572+0000] {processor.py:914} INFO - Processing file /opt/airflow/dags/env/Scripts/pip3.exe for tasks to queue
[2025-03-29T17:28:29.575+0000] {logging_mixin.py:190} INFO - [2025-03-29T17:28:29.575+0000] {dagbag.py:588} INFO - Filling up the DagBag from /opt/airflow/dags/env/Scripts/pip3.exe
[2025-03-29T17:28:29.588+0000] {logging_mixin.py:190} INFO - [2025-03-29T17:28:29.588+0000] {dagbag.py:435} INFO - File /opt/airflow/dags/env/Scripts/pip3.exe:__main__.py assumed to contain no DAGs. Skipping.
[2025-03-29T17:28:29.589+0000] {processor.py:927} WARNING - No viable dags retrieved from /opt/airflow/dags/env/Scripts/pip3.exe
[2025-03-29T17:28:29.613+0000] {processor.py:208} INFO - Processing /opt/airflow/dags/env/Scripts/pip3.exe took 0.050 seconds
[2025-03-29T17:29:00.833+0000] {processor.py:186} INFO - Started process (PID=486) to work on /opt/airflow/dags/env/Scripts/pip3.exe
[2025-03-29T17:29:00.834+0000] {processor.py:914} INFO - Processing file /opt/airflow/dags/env/Scripts/pip3.exe for tasks to queue
[2025-03-29T17:29:00.837+0000] {logging_mixin.py:190} INFO - [2025-03-29T17:29:00.837+0000] {dagbag.py:588} INFO - Filling up the DagBag from /opt/airflow/dags/env/Scripts/pip3.exe
[2025-03-29T17:29:00.851+0000] {logging_mixin.py:190} INFO - [2025-03-29T17:29:00.851+0000] {dagbag.py:435} INFO - File /opt/airflow/dags/env/Scripts/pip3.exe:__main__.py assumed to contain no DAGs. Skipping.
[2025-03-29T17:29:00.853+0000] {processor.py:927} WARNING - No viable dags retrieved from /opt/airflow/dags/env/Scripts/pip3.exe
[2025-03-29T17:29:00.877+0000] {processor.py:208} INFO - Processing /opt/airflow/dags/env/Scripts/pip3.exe took 0.051 seconds
[2025-03-29T17:33:26.867+0000] {processor.py:186} INFO - Started process (PID=515) to work on /opt/airflow/dags/env/Scripts/pip3.exe
[2025-03-29T17:33:26.868+0000] {processor.py:914} INFO - Processing file /opt/airflow/dags/env/Scripts/pip3.exe for tasks to queue
[2025-03-29T17:33:26.871+0000] {logging_mixin.py:190} INFO - [2025-03-29T17:33:26.871+0000] {dagbag.py:588} INFO - Filling up the DagBag from /opt/airflow/dags/env/Scripts/pip3.exe
[2025-03-29T17:33:26.883+0000] {logging_mixin.py:190} INFO - [2025-03-29T17:33:26.882+0000] {dagbag.py:435} INFO - File /opt/airflow/dags/env/Scripts/pip3.exe:__main__.py assumed to contain no DAGs. Skipping.
[2025-03-29T17:33:26.884+0000] {processor.py:927} WARNING - No viable dags retrieved from /opt/airflow/dags/env/Scripts/pip3.exe
[2025-03-29T17:33:26.908+0000] {processor.py:208} INFO - Processing /opt/airflow/dags/env/Scripts/pip3.exe took 0.048 seconds
[2025-03-29T17:33:59.588+0000] {processor.py:186} INFO - Started process (PID=539) to work on /opt/airflow/dags/env/Scripts/pip3.exe
[2025-03-29T17:33:59.590+0000] {processor.py:914} INFO - Processing file /opt/airflow/dags/env/Scripts/pip3.exe for tasks to queue
[2025-03-29T17:33:59.596+0000] {logging_mixin.py:190} INFO - [2025-03-29T17:33:59.596+0000] {dagbag.py:588} INFO - Filling up the DagBag from /opt/airflow/dags/env/Scripts/pip3.exe
[2025-03-29T17:33:59.613+0000] {logging_mixin.py:190} INFO - [2025-03-29T17:33:59.612+0000] {dagbag.py:435} INFO - File /opt/airflow/dags/env/Scripts/pip3.exe:__main__.py assumed to contain no DAGs. Skipping.
[2025-03-29T17:33:59.614+0000] {processor.py:927} WARNING - No viable dags retrieved from /opt/airflow/dags/env/Scripts/pip3.exe
[2025-03-29T17:33:59.647+0000] {processor.py:208} INFO - Processing /opt/airflow/dags/env/Scripts/pip3.exe took 0.068 seconds
[2025-03-29T17:38:24.757+0000] {processor.py:186} INFO - Started process (PID=569) to work on /opt/airflow/dags/env/Scripts/pip3.exe
[2025-03-29T17:38:24.758+0000] {processor.py:914} INFO - Processing file /opt/airflow/dags/env/Scripts/pip3.exe for tasks to queue
[2025-03-29T17:38:24.761+0000] {logging_mixin.py:190} INFO - [2025-03-29T17:38:24.761+0000] {dagbag.py:588} INFO - Filling up the DagBag from /opt/airflow/dags/env/Scripts/pip3.exe
[2025-03-29T17:38:24.775+0000] {logging_mixin.py:190} INFO - [2025-03-29T17:38:24.774+0000] {dagbag.py:435} INFO - File /opt/airflow/dags/env/Scripts/pip3.exe:__main__.py assumed to contain no DAGs. Skipping.
[2025-03-29T17:38:24.776+0000] {processor.py:927} WARNING - No viable dags retrieved from /opt/airflow/dags/env/Scripts/pip3.exe
[2025-03-29T17:38:24.800+0000] {processor.py:208} INFO - Processing /opt/airflow/dags/env/Scripts/pip3.exe took 0.050 seconds
[2025-03-29T17:38:57.402+0000] {processor.py:186} INFO - Started process (PID=593) to work on /opt/airflow/dags/env/Scripts/pip3.exe
[2025-03-29T17:38:57.404+0000] {processor.py:914} INFO - Processing file /opt/airflow/dags/env/Scripts/pip3.exe for tasks to queue
[2025-03-29T17:38:57.407+0000] {logging_mixin.py:190} INFO - [2025-03-29T17:38:57.406+0000] {dagbag.py:588} INFO - Filling up the DagBag from /opt/airflow/dags/env/Scripts/pip3.exe
[2025-03-29T17:38:57.419+0000] {logging_mixin.py:190} INFO - [2025-03-29T17:38:57.419+0000] {dagbag.py:435} INFO - File /opt/airflow/dags/env/Scripts/pip3.exe:__main__.py assumed to contain no DAGs. Skipping.
[2025-03-29T17:38:57.420+0000] {processor.py:927} WARNING - No viable dags retrieved from /opt/airflow/dags/env/Scripts/pip3.exe
[2025-03-29T17:38:57.445+0000] {processor.py:208} INFO - Processing /opt/airflow/dags/env/Scripts/pip3.exe took 0.050 seconds
[2025-03-29T17:43:25.254+0000] {processor.py:186} INFO - Started process (PID=625) to work on /opt/airflow/dags/env/Scripts/pip3.exe
[2025-03-29T17:43:25.255+0000] {processor.py:914} INFO - Processing file /opt/airflow/dags/env/Scripts/pip3.exe for tasks to queue
[2025-03-29T17:43:25.259+0000] {logging_mixin.py:190} INFO - [2025-03-29T17:43:25.259+0000] {dagbag.py:588} INFO - Filling up the DagBag from /opt/airflow/dags/env/Scripts/pip3.exe
[2025-03-29T17:43:25.277+0000] {logging_mixin.py:190} INFO - [2025-03-29T17:43:25.277+0000] {dagbag.py:435} INFO - File /opt/airflow/dags/env/Scripts/pip3.exe:__main__.py assumed to contain no DAGs. Skipping.
[2025-03-29T17:43:25.278+0000] {processor.py:927} WARNING - No viable dags retrieved from /opt/airflow/dags/env/Scripts/pip3.exe
[2025-03-29T17:43:25.308+0000] {processor.py:208} INFO - Processing /opt/airflow/dags/env/Scripts/pip3.exe took 0.062 seconds
[2025-03-29T17:43:57.801+0000] {processor.py:186} INFO - Started process (PID=649) to work on /opt/airflow/dags/env/Scripts/pip3.exe
[2025-03-29T17:43:57.802+0000] {processor.py:914} INFO - Processing file /opt/airflow/dags/env/Scripts/pip3.exe for tasks to queue
[2025-03-29T17:43:57.806+0000] {logging_mixin.py:190} INFO - [2025-03-29T17:43:57.805+0000] {dagbag.py:588} INFO - Filling up the DagBag from /opt/airflow/dags/env/Scripts/pip3.exe
[2025-03-29T17:43:57.818+0000] {logging_mixin.py:190} INFO - [2025-03-29T17:43:57.818+0000] {dagbag.py:435} INFO - File /opt/airflow/dags/env/Scripts/pip3.exe:__main__.py assumed to contain no DAGs. Skipping.
[2025-03-29T17:43:57.819+0000] {processor.py:927} WARNING - No viable dags retrieved from /opt/airflow/dags/env/Scripts/pip3.exe
[2025-03-29T17:43:57.842+0000] {processor.py:208} INFO - Processing /opt/airflow/dags/env/Scripts/pip3.exe took 0.048 seconds
[2025-03-29T17:48:28.711+0000] {processor.py:186} INFO - Started process (PID=680) to work on /opt/airflow/dags/env/Scripts/pip3.exe
[2025-03-29T17:48:28.713+0000] {processor.py:914} INFO - Processing file /opt/airflow/dags/env/Scripts/pip3.exe for tasks to queue
[2025-03-29T17:48:28.718+0000] {logging_mixin.py:190} INFO - [2025-03-29T17:48:28.717+0000] {dagbag.py:588} INFO - Filling up the DagBag from /opt/airflow/dags/env/Scripts/pip3.exe
[2025-03-29T17:48:28.738+0000] {logging_mixin.py:190} INFO - [2025-03-29T17:48:28.737+0000] {dagbag.py:435} INFO - File /opt/airflow/dags/env/Scripts/pip3.exe:__main__.py assumed to contain no DAGs. Skipping.
[2025-03-29T17:48:28.740+0000] {processor.py:927} WARNING - No viable dags retrieved from /opt/airflow/dags/env/Scripts/pip3.exe
[2025-03-29T17:48:28.779+0000] {processor.py:208} INFO - Processing /opt/airflow/dags/env/Scripts/pip3.exe took 0.078 seconds
[2025-03-29T17:49:01.277+0000] {processor.py:186} INFO - Started process (PID=704) to work on /opt/airflow/dags/env/Scripts/pip3.exe
[2025-03-29T17:49:01.278+0000] {processor.py:914} INFO - Processing file /opt/airflow/dags/env/Scripts/pip3.exe for tasks to queue
[2025-03-29T17:49:01.281+0000] {logging_mixin.py:190} INFO - [2025-03-29T17:49:01.281+0000] {dagbag.py:588} INFO - Filling up the DagBag from /opt/airflow/dags/env/Scripts/pip3.exe
[2025-03-29T17:49:01.292+0000] {logging_mixin.py:190} INFO - [2025-03-29T17:49:01.292+0000] {dagbag.py:435} INFO - File /opt/airflow/dags/env/Scripts/pip3.exe:__main__.py assumed to contain no DAGs. Skipping.
[2025-03-29T17:49:01.293+0000] {processor.py:927} WARNING - No viable dags retrieved from /opt/airflow/dags/env/Scripts/pip3.exe
[2025-03-29T17:49:01.318+0000] {processor.py:208} INFO - Processing /opt/airflow/dags/env/Scripts/pip3.exe took 0.047 seconds
[2025-03-29T17:53:30.287+0000] {processor.py:186} INFO - Started process (PID=733) to work on /opt/airflow/dags/env/Scripts/pip3.exe
[2025-03-29T17:53:30.288+0000] {processor.py:914} INFO - Processing file /opt/airflow/dags/env/Scripts/pip3.exe for tasks to queue
[2025-03-29T17:53:30.292+0000] {logging_mixin.py:190} INFO - [2025-03-29T17:53:30.291+0000] {dagbag.py:588} INFO - Filling up the DagBag from /opt/airflow/dags/env/Scripts/pip3.exe
[2025-03-29T17:53:30.311+0000] {logging_mixin.py:190} INFO - [2025-03-29T17:53:30.311+0000] {dagbag.py:435} INFO - File /opt/airflow/dags/env/Scripts/pip3.exe:__main__.py assumed to contain no DAGs. Skipping.
[2025-03-29T17:53:30.313+0000] {processor.py:927} WARNING - No viable dags retrieved from /opt/airflow/dags/env/Scripts/pip3.exe
[2025-03-29T17:53:30.342+0000] {processor.py:208} INFO - Processing /opt/airflow/dags/env/Scripts/pip3.exe took 0.062 seconds
[2025-03-29T17:54:01.657+0000] {processor.py:186} INFO - Started process (PID=757) to work on /opt/airflow/dags/env/Scripts/pip3.exe
[2025-03-29T17:54:01.658+0000] {processor.py:914} INFO - Processing file /opt/airflow/dags/env/Scripts/pip3.exe for tasks to queue
[2025-03-29T17:54:01.662+0000] {logging_mixin.py:190} INFO - [2025-03-29T17:54:01.661+0000] {dagbag.py:588} INFO - Filling up the DagBag from /opt/airflow/dags/env/Scripts/pip3.exe
[2025-03-29T17:54:01.677+0000] {logging_mixin.py:190} INFO - [2025-03-29T17:54:01.677+0000] {dagbag.py:435} INFO - File /opt/airflow/dags/env/Scripts/pip3.exe:__main__.py assumed to contain no DAGs. Skipping.
[2025-03-29T17:54:01.679+0000] {processor.py:927} WARNING - No viable dags retrieved from /opt/airflow/dags/env/Scripts/pip3.exe
[2025-03-29T17:54:01.705+0000] {processor.py:208} INFO - Processing /opt/airflow/dags/env/Scripts/pip3.exe took 0.056 seconds
[2025-03-29T17:58:31.720+0000] {processor.py:186} INFO - Started process (PID=785) to work on /opt/airflow/dags/env/Scripts/pip3.exe
[2025-03-29T17:58:31.721+0000] {processor.py:914} INFO - Processing file /opt/airflow/dags/env/Scripts/pip3.exe for tasks to queue
[2025-03-29T17:58:31.724+0000] {logging_mixin.py:190} INFO - [2025-03-29T17:58:31.724+0000] {dagbag.py:588} INFO - Filling up the DagBag from /opt/airflow/dags/env/Scripts/pip3.exe
[2025-03-29T17:58:31.735+0000] {logging_mixin.py:190} INFO - [2025-03-29T17:58:31.735+0000] {dagbag.py:435} INFO - File /opt/airflow/dags/env/Scripts/pip3.exe:__main__.py assumed to contain no DAGs. Skipping.
[2025-03-29T17:58:31.736+0000] {processor.py:927} WARNING - No viable dags retrieved from /opt/airflow/dags/env/Scripts/pip3.exe
[2025-03-29T17:58:31.759+0000] {processor.py:208} INFO - Processing /opt/airflow/dags/env/Scripts/pip3.exe took 0.046 seconds
[2025-03-29T17:59:03.158+0000] {processor.py:186} INFO - Started process (PID=809) to work on /opt/airflow/dags/env/Scripts/pip3.exe
[2025-03-29T17:59:03.159+0000] {processor.py:914} INFO - Processing file /opt/airflow/dags/env/Scripts/pip3.exe for tasks to queue
[2025-03-29T17:59:03.162+0000] {logging_mixin.py:190} INFO - [2025-03-29T17:59:03.162+0000] {dagbag.py:588} INFO - Filling up the DagBag from /opt/airflow/dags/env/Scripts/pip3.exe
[2025-03-29T17:59:03.175+0000] {logging_mixin.py:190} INFO - [2025-03-29T17:59:03.175+0000] {dagbag.py:435} INFO - File /opt/airflow/dags/env/Scripts/pip3.exe:__main__.py assumed to contain no DAGs. Skipping.
[2025-03-29T17:59:03.176+0000] {processor.py:927} WARNING - No viable dags retrieved from /opt/airflow/dags/env/Scripts/pip3.exe
[2025-03-29T17:59:03.200+0000] {processor.py:208} INFO - Processing /opt/airflow/dags/env/Scripts/pip3.exe took 0.049 seconds
[2025-03-29T18:40:57.803+0000] {processor.py:186} INFO - Started process (PID=837) to work on /opt/airflow/dags/env/Scripts/pip3.exe
[2025-03-29T18:40:57.804+0000] {processor.py:914} INFO - Processing file /opt/airflow/dags/env/Scripts/pip3.exe for tasks to queue
[2025-03-29T18:40:57.809+0000] {logging_mixin.py:190} INFO - [2025-03-29T18:40:57.808+0000] {dagbag.py:588} INFO - Filling up the DagBag from /opt/airflow/dags/env/Scripts/pip3.exe
[2025-03-29T18:40:57.826+0000] {logging_mixin.py:190} INFO - [2025-03-29T18:40:57.826+0000] {dagbag.py:435} INFO - File /opt/airflow/dags/env/Scripts/pip3.exe:__main__.py assumed to contain no DAGs. Skipping.
[2025-03-29T18:40:57.828+0000] {processor.py:927} WARNING - No viable dags retrieved from /opt/airflow/dags/env/Scripts/pip3.exe
[2025-03-29T18:40:57.882+0000] {processor.py:208} INFO - Processing /opt/airflow/dags/env/Scripts/pip3.exe took 0.091 seconds
[2025-03-29T21:05:40.289+0000] {processor.py:186} INFO - Started process (PID=873) to work on /opt/airflow/dags/env/Scripts/pip3.exe
[2025-03-29T21:05:40.291+0000] {processor.py:914} INFO - Processing file /opt/airflow/dags/env/Scripts/pip3.exe for tasks to queue
[2025-03-29T21:05:40.294+0000] {logging_mixin.py:190} INFO - [2025-03-29T21:05:40.293+0000] {dagbag.py:588} INFO - Filling up the DagBag from /opt/airflow/dags/env/Scripts/pip3.exe
[2025-03-29T21:05:40.311+0000] {logging_mixin.py:190} INFO - [2025-03-29T21:05:40.311+0000] {dagbag.py:435} INFO - File /opt/airflow/dags/env/Scripts/pip3.exe:__main__.py assumed to contain no DAGs. Skipping.
[2025-03-29T21:05:40.312+0000] {processor.py:927} WARNING - No viable dags retrieved from /opt/airflow/dags/env/Scripts/pip3.exe
[2025-03-29T21:05:40.336+0000] {processor.py:208} INFO - Processing /opt/airflow/dags/env/Scripts/pip3.exe took 0.053 seconds
[2025-03-29T23:55:05.060+0000] {processor.py:186} INFO - Started process (PID=916) to work on /opt/airflow/dags/env/Scripts/pip3.exe
[2025-03-29T23:55:05.062+0000] {processor.py:914} INFO - Processing file /opt/airflow/dags/env/Scripts/pip3.exe for tasks to queue
[2025-03-29T23:55:05.070+0000] {logging_mixin.py:190} INFO - [2025-03-29T23:55:05.067+0000] {dagbag.py:588} INFO - Filling up the DagBag from /opt/airflow/dags/env/Scripts/pip3.exe
[2025-03-29T23:55:05.092+0000] {logging_mixin.py:190} INFO - [2025-03-29T23:55:05.091+0000] {dagbag.py:435} INFO - File /opt/airflow/dags/env/Scripts/pip3.exe:__main__.py assumed to contain no DAGs. Skipping.
[2025-03-29T23:55:05.094+0000] {processor.py:927} WARNING - No viable dags retrieved from /opt/airflow/dags/env/Scripts/pip3.exe
[2025-03-29T23:55:05.138+0000] {processor.py:208} INFO - Processing /opt/airflow/dags/env/Scripts/pip3.exe took 0.093 seconds
