[2025-03-29T00:02:47.668+0000] {processor.py:186} INFO - Started process (PID=356) to work on /opt/airflow/dags/env/Scripts/pybabel.exe
[2025-03-29T00:02:47.670+0000] {processor.py:914} INFO - Processing file /opt/airflow/dags/env/Scripts/pybabel.exe for tasks to queue
[2025-03-29T00:02:48.088+0000] {logging_mixin.py:190} INFO - [2025-03-29T00:02:47.675+0000] {dagbag.py:588} INFO - Filling up the DagBag from /opt/airflow/dags/env/Scripts/pybabel.exe
[2025-03-29T00:02:48.111+0000] {logging_mixin.py:190} INFO - [2025-03-29T00:02:48.110+0000] {dagbag.py:435} INFO - File /opt/airflow/dags/env/Scripts/pybabel.exe:__main__.py assumed to contain no DAGs. Skipping.
[2025-03-29T00:02:48.113+0000] {processor.py:927} WARNING - No viable dags retrieved from /opt/airflow/dags/env/Scripts/pybabel.exe
[2025-03-29T00:02:48.146+0000] {processor.py:208} INFO - Processing /opt/airflow/dags/env/Scripts/pybabel.exe took 0.491 seconds
[2025-03-29T00:47:28.935+0000] {processor.py:186} INFO - Started process (PID=431) to work on /opt/airflow/dags/env/Scripts/pybabel.exe
[2025-03-29T00:47:28.938+0000] {processor.py:914} INFO - Processing file /opt/airflow/dags/env/Scripts/pybabel.exe for tasks to queue
[2025-03-29T00:47:28.943+0000] {logging_mixin.py:190} INFO - [2025-03-29T00:47:28.942+0000] {dagbag.py:588} INFO - Filling up the DagBag from /opt/airflow/dags/env/Scripts/pybabel.exe
[2025-03-29T00:47:28.967+0000] {logging_mixin.py:190} INFO - [2025-03-29T00:47:28.967+0000] {dagbag.py:435} INFO - File /opt/airflow/dags/env/Scripts/pybabel.exe:__main__.py assumed to contain no DAGs. Skipping.
[2025-03-29T00:47:28.970+0000] {processor.py:927} WARNING - No viable dags retrieved from /opt/airflow/dags/env/Scripts/pybabel.exe
[2025-03-29T00:47:29.013+0000] {processor.py:208} INFO - Processing /opt/airflow/dags/env/Scripts/pybabel.exe took 0.088 seconds
[2025-03-29T00:52:25.362+0000] {processor.py:186} INFO - Started process (PID=459) to work on /opt/airflow/dags/env/Scripts/pybabel.exe
[2025-03-29T00:52:25.364+0000] {processor.py:914} INFO - Processing file /opt/airflow/dags/env/Scripts/pybabel.exe for tasks to queue
[2025-03-29T00:52:25.368+0000] {logging_mixin.py:190} INFO - [2025-03-29T00:52:25.367+0000] {dagbag.py:588} INFO - Filling up the DagBag from /opt/airflow/dags/env/Scripts/pybabel.exe
[2025-03-29T00:52:25.387+0000] {logging_mixin.py:190} INFO - [2025-03-29T00:52:25.387+0000] {dagbag.py:435} INFO - File /opt/airflow/dags/env/Scripts/pybabel.exe:__main__.py assumed to contain no DAGs. Skipping.
[2025-03-29T00:52:25.388+0000] {processor.py:927} WARNING - No viable dags retrieved from /opt/airflow/dags/env/Scripts/pybabel.exe
[2025-03-29T00:52:25.418+0000] {processor.py:208} INFO - Processing /opt/airflow/dags/env/Scripts/pybabel.exe took 0.063 seconds
[2025-03-29T00:57:28.508+0000] {processor.py:186} INFO - Started process (PID=489) to work on /opt/airflow/dags/env/Scripts/pybabel.exe
[2025-03-29T00:57:28.510+0000] {processor.py:914} INFO - Processing file /opt/airflow/dags/env/Scripts/pybabel.exe for tasks to queue
[2025-03-29T00:57:28.514+0000] {logging_mixin.py:190} INFO - [2025-03-29T00:57:28.513+0000] {dagbag.py:588} INFO - Filling up the DagBag from /opt/airflow/dags/env/Scripts/pybabel.exe
[2025-03-29T00:57:28.525+0000] {logging_mixin.py:190} INFO - [2025-03-29T00:57:28.525+0000] {dagbag.py:435} INFO - File /opt/airflow/dags/env/Scripts/pybabel.exe:__main__.py assumed to contain no DAGs. Skipping.
[2025-03-29T00:57:28.526+0000] {processor.py:927} WARNING - No viable dags retrieved from /opt/airflow/dags/env/Scripts/pybabel.exe
[2025-03-29T00:57:28.550+0000] {processor.py:208} INFO - Processing /opt/airflow/dags/env/Scripts/pybabel.exe took 0.050 seconds
[2025-03-29T01:02:22.642+0000] {processor.py:186} INFO - Started process (PID=515) to work on /opt/airflow/dags/env/Scripts/pybabel.exe
[2025-03-29T01:02:22.644+0000] {processor.py:914} INFO - Processing file /opt/airflow/dags/env/Scripts/pybabel.exe for tasks to queue
[2025-03-29T01:02:22.649+0000] {logging_mixin.py:190} INFO - [2025-03-29T01:02:22.648+0000] {dagbag.py:588} INFO - Filling up the DagBag from /opt/airflow/dags/env/Scripts/pybabel.exe
[2025-03-29T01:02:22.670+0000] {logging_mixin.py:190} INFO - [2025-03-29T01:02:22.670+0000] {dagbag.py:435} INFO - File /opt/airflow/dags/env/Scripts/pybabel.exe:__main__.py assumed to contain no DAGs. Skipping.
[2025-03-29T01:02:22.671+0000] {processor.py:927} WARNING - No viable dags retrieved from /opt/airflow/dags/env/Scripts/pybabel.exe
[2025-03-29T01:02:22.697+0000] {processor.py:208} INFO - Processing /opt/airflow/dags/env/Scripts/pybabel.exe took 0.064 seconds
[2025-03-29T01:07:31.489+0000] {processor.py:186} INFO - Started process (PID=546) to work on /opt/airflow/dags/env/Scripts/pybabel.exe
[2025-03-29T01:07:31.490+0000] {processor.py:914} INFO - Processing file /opt/airflow/dags/env/Scripts/pybabel.exe for tasks to queue
[2025-03-29T01:07:31.494+0000] {logging_mixin.py:190} INFO - [2025-03-29T01:07:31.494+0000] {dagbag.py:588} INFO - Filling up the DagBag from /opt/airflow/dags/env/Scripts/pybabel.exe
[2025-03-29T01:07:31.509+0000] {logging_mixin.py:190} INFO - [2025-03-29T01:07:31.509+0000] {dagbag.py:435} INFO - File /opt/airflow/dags/env/Scripts/pybabel.exe:__main__.py assumed to contain no DAGs. Skipping.
[2025-03-29T01:07:31.510+0000] {processor.py:927} WARNING - No viable dags retrieved from /opt/airflow/dags/env/Scripts/pybabel.exe
[2025-03-29T01:07:31.535+0000] {processor.py:208} INFO - Processing /opt/airflow/dags/env/Scripts/pybabel.exe took 0.053 seconds
[2025-03-29T01:12:34.889+0000] {processor.py:186} INFO - Started process (PID=571) to work on /opt/airflow/dags/env/Scripts/pybabel.exe
[2025-03-29T01:12:34.891+0000] {processor.py:914} INFO - Processing file /opt/airflow/dags/env/Scripts/pybabel.exe for tasks to queue
[2025-03-29T01:12:34.895+0000] {logging_mixin.py:190} INFO - [2025-03-29T01:12:34.895+0000] {dagbag.py:588} INFO - Filling up the DagBag from /opt/airflow/dags/env/Scripts/pybabel.exe
[2025-03-29T01:12:34.915+0000] {logging_mixin.py:190} INFO - [2025-03-29T01:12:34.915+0000] {dagbag.py:435} INFO - File /opt/airflow/dags/env/Scripts/pybabel.exe:__main__.py assumed to contain no DAGs. Skipping.
[2025-03-29T01:12:34.917+0000] {processor.py:927} WARNING - No viable dags retrieved from /opt/airflow/dags/env/Scripts/pybabel.exe
[2025-03-29T01:12:34.940+0000] {processor.py:208} INFO - Processing /opt/airflow/dags/env/Scripts/pybabel.exe took 0.060 seconds
[2025-03-29T01:17:27.737+0000] {processor.py:186} INFO - Started process (PID=595) to work on /opt/airflow/dags/env/Scripts/pybabel.exe
[2025-03-29T01:17:27.738+0000] {processor.py:914} INFO - Processing file /opt/airflow/dags/env/Scripts/pybabel.exe for tasks to queue
[2025-03-29T01:17:27.742+0000] {logging_mixin.py:190} INFO - [2025-03-29T01:17:27.742+0000] {dagbag.py:588} INFO - Filling up the DagBag from /opt/airflow/dags/env/Scripts/pybabel.exe
[2025-03-29T01:17:27.758+0000] {logging_mixin.py:190} INFO - [2025-03-29T01:17:27.757+0000] {dagbag.py:435} INFO - File /opt/airflow/dags/env/Scripts/pybabel.exe:__main__.py assumed to contain no DAGs. Skipping.
[2025-03-29T01:17:27.759+0000] {processor.py:927} WARNING - No viable dags retrieved from /opt/airflow/dags/env/Scripts/pybabel.exe
[2025-03-29T01:17:27.782+0000] {processor.py:208} INFO - Processing /opt/airflow/dags/env/Scripts/pybabel.exe took 0.053 seconds
[2025-03-29T01:22:34.048+0000] {processor.py:186} INFO - Started process (PID=623) to work on /opt/airflow/dags/env/Scripts/pybabel.exe
[2025-03-29T01:22:34.050+0000] {processor.py:914} INFO - Processing file /opt/airflow/dags/env/Scripts/pybabel.exe for tasks to queue
[2025-03-29T01:22:34.056+0000] {logging_mixin.py:190} INFO - [2025-03-29T01:22:34.056+0000] {dagbag.py:588} INFO - Filling up the DagBag from /opt/airflow/dags/env/Scripts/pybabel.exe
[2025-03-29T01:22:34.079+0000] {logging_mixin.py:190} INFO - [2025-03-29T01:22:34.079+0000] {dagbag.py:435} INFO - File /opt/airflow/dags/env/Scripts/pybabel.exe:__main__.py assumed to contain no DAGs. Skipping.
[2025-03-29T01:22:34.081+0000] {processor.py:927} WARNING - No viable dags retrieved from /opt/airflow/dags/env/Scripts/pybabel.exe
[2025-03-29T01:22:34.112+0000] {processor.py:208} INFO - Processing /opt/airflow/dags/env/Scripts/pybabel.exe took 0.075 seconds
[2025-03-29T16:48:53.403+0000] {processor.py:186} INFO - Started process (PID=61) to work on /opt/airflow/dags/env/Scripts/pybabel.exe
[2025-03-29T16:48:53.405+0000] {processor.py:914} INFO - Processing file /opt/airflow/dags/env/Scripts/pybabel.exe for tasks to queue
[2025-03-29T16:48:53.410+0000] {logging_mixin.py:190} INFO - [2025-03-29T16:48:53.409+0000] {dagbag.py:588} INFO - Filling up the DagBag from /opt/airflow/dags/env/Scripts/pybabel.exe
[2025-03-29T16:48:53.426+0000] {logging_mixin.py:190} INFO - [2025-03-29T16:48:53.425+0000] {dagbag.py:435} INFO - File /opt/airflow/dags/env/Scripts/pybabel.exe:__main__.py assumed to contain no DAGs. Skipping.
[2025-03-29T16:48:53.427+0000] {processor.py:927} WARNING - No viable dags retrieved from /opt/airflow/dags/env/Scripts/pybabel.exe
[2025-03-29T16:48:53.455+0000] {processor.py:208} INFO - Processing /opt/airflow/dags/env/Scripts/pybabel.exe took 0.060 seconds
[2025-03-29T16:53:24.644+0000] {processor.py:186} INFO - Started process (PID=85) to work on /opt/airflow/dags/env/Scripts/pybabel.exe
[2025-03-29T16:53:24.645+0000] {processor.py:914} INFO - Processing file /opt/airflow/dags/env/Scripts/pybabel.exe for tasks to queue
[2025-03-29T16:53:24.649+0000] {logging_mixin.py:190} INFO - [2025-03-29T16:53:24.649+0000] {dagbag.py:588} INFO - Filling up the DagBag from /opt/airflow/dags/env/Scripts/pybabel.exe
[2025-03-29T16:53:24.665+0000] {logging_mixin.py:190} INFO - [2025-03-29T16:53:24.665+0000] {dagbag.py:435} INFO - File /opt/airflow/dags/env/Scripts/pybabel.exe:__main__.py assumed to contain no DAGs. Skipping.
[2025-03-29T16:53:24.667+0000] {processor.py:927} WARNING - No viable dags retrieved from /opt/airflow/dags/env/Scripts/pybabel.exe
[2025-03-29T16:53:24.700+0000] {processor.py:208} INFO - Processing /opt/airflow/dags/env/Scripts/pybabel.exe took 0.067 seconds
[2025-03-29T16:53:56.120+0000] {processor.py:186} INFO - Started process (PID=109) to work on /opt/airflow/dags/env/Scripts/pybabel.exe
[2025-03-29T16:53:56.121+0000] {processor.py:914} INFO - Processing file /opt/airflow/dags/env/Scripts/pybabel.exe for tasks to queue
[2025-03-29T16:53:56.124+0000] {logging_mixin.py:190} INFO - [2025-03-29T16:53:56.123+0000] {dagbag.py:588} INFO - Filling up the DagBag from /opt/airflow/dags/env/Scripts/pybabel.exe
[2025-03-29T16:53:56.133+0000] {logging_mixin.py:190} INFO - [2025-03-29T16:53:56.133+0000] {dagbag.py:435} INFO - File /opt/airflow/dags/env/Scripts/pybabel.exe:__main__.py assumed to contain no DAGs. Skipping.
[2025-03-29T16:53:56.134+0000] {processor.py:927} WARNING - No viable dags retrieved from /opt/airflow/dags/env/Scripts/pybabel.exe
[2025-03-29T16:53:56.156+0000] {processor.py:208} INFO - Processing /opt/airflow/dags/env/Scripts/pybabel.exe took 0.043 seconds
[2025-03-29T16:58:13.163+0000] {processor.py:186} INFO - Started process (PID=131) to work on /opt/airflow/dags/env/Scripts/pybabel.exe
[2025-03-29T16:58:13.164+0000] {processor.py:914} INFO - Processing file /opt/airflow/dags/env/Scripts/pybabel.exe for tasks to queue
[2025-03-29T16:58:13.168+0000] {logging_mixin.py:190} INFO - [2025-03-29T16:58:13.168+0000] {dagbag.py:588} INFO - Filling up the DagBag from /opt/airflow/dags/env/Scripts/pybabel.exe
[2025-03-29T16:58:13.181+0000] {logging_mixin.py:190} INFO - [2025-03-29T16:58:13.181+0000] {dagbag.py:435} INFO - File /opt/airflow/dags/env/Scripts/pybabel.exe:__main__.py assumed to contain no DAGs. Skipping.
[2025-03-29T16:58:13.182+0000] {processor.py:927} WARNING - No viable dags retrieved from /opt/airflow/dags/env/Scripts/pybabel.exe
[2025-03-29T16:58:13.209+0000] {processor.py:208} INFO - Processing /opt/airflow/dags/env/Scripts/pybabel.exe took 0.055 seconds
[2025-03-29T16:58:44.578+0000] {processor.py:186} INFO - Started process (PID=155) to work on /opt/airflow/dags/env/Scripts/pybabel.exe
[2025-03-29T16:58:44.579+0000] {processor.py:914} INFO - Processing file /opt/airflow/dags/env/Scripts/pybabel.exe for tasks to queue
[2025-03-29T16:58:44.583+0000] {logging_mixin.py:190} INFO - [2025-03-29T16:58:44.583+0000] {dagbag.py:588} INFO - Filling up the DagBag from /opt/airflow/dags/env/Scripts/pybabel.exe
[2025-03-29T16:58:44.596+0000] {logging_mixin.py:190} INFO - [2025-03-29T16:58:44.596+0000] {dagbag.py:435} INFO - File /opt/airflow/dags/env/Scripts/pybabel.exe:__main__.py assumed to contain no DAGs. Skipping.
[2025-03-29T16:58:44.597+0000] {processor.py:927} WARNING - No viable dags retrieved from /opt/airflow/dags/env/Scripts/pybabel.exe
[2025-03-29T16:58:44.620+0000] {processor.py:208} INFO - Processing /opt/airflow/dags/env/Scripts/pybabel.exe took 0.049 seconds
[2025-03-29T17:03:12.139+0000] {processor.py:186} INFO - Started process (PID=184) to work on /opt/airflow/dags/env/Scripts/pybabel.exe
[2025-03-29T17:03:12.140+0000] {processor.py:914} INFO - Processing file /opt/airflow/dags/env/Scripts/pybabel.exe for tasks to queue
[2025-03-29T17:03:12.144+0000] {logging_mixin.py:190} INFO - [2025-03-29T17:03:12.143+0000] {dagbag.py:588} INFO - Filling up the DagBag from /opt/airflow/dags/env/Scripts/pybabel.exe
[2025-03-29T17:03:12.157+0000] {logging_mixin.py:190} INFO - [2025-03-29T17:03:12.157+0000] {dagbag.py:435} INFO - File /opt/airflow/dags/env/Scripts/pybabel.exe:__main__.py assumed to contain no DAGs. Skipping.
[2025-03-29T17:03:12.158+0000] {processor.py:927} WARNING - No viable dags retrieved from /opt/airflow/dags/env/Scripts/pybabel.exe
[2025-03-29T17:03:12.183+0000] {processor.py:208} INFO - Processing /opt/airflow/dags/env/Scripts/pybabel.exe took 0.051 seconds
[2025-03-29T17:03:44.936+0000] {processor.py:186} INFO - Started process (PID=208) to work on /opt/airflow/dags/env/Scripts/pybabel.exe
[2025-03-29T17:03:44.937+0000] {processor.py:914} INFO - Processing file /opt/airflow/dags/env/Scripts/pybabel.exe for tasks to queue
[2025-03-29T17:03:44.941+0000] {logging_mixin.py:190} INFO - [2025-03-29T17:03:44.941+0000] {dagbag.py:588} INFO - Filling up the DagBag from /opt/airflow/dags/env/Scripts/pybabel.exe
[2025-03-29T17:03:44.954+0000] {logging_mixin.py:190} INFO - [2025-03-29T17:03:44.954+0000] {dagbag.py:435} INFO - File /opt/airflow/dags/env/Scripts/pybabel.exe:__main__.py assumed to contain no DAGs. Skipping.
[2025-03-29T17:03:44.955+0000] {processor.py:927} WARNING - No viable dags retrieved from /opt/airflow/dags/env/Scripts/pybabel.exe
[2025-03-29T17:03:44.978+0000] {processor.py:208} INFO - Processing /opt/airflow/dags/env/Scripts/pybabel.exe took 0.049 seconds
[2025-03-29T17:08:12.330+0000] {processor.py:186} INFO - Started process (PID=238) to work on /opt/airflow/dags/env/Scripts/pybabel.exe
[2025-03-29T17:08:12.331+0000] {processor.py:914} INFO - Processing file /opt/airflow/dags/env/Scripts/pybabel.exe for tasks to queue
[2025-03-29T17:08:12.335+0000] {logging_mixin.py:190} INFO - [2025-03-29T17:08:12.334+0000] {dagbag.py:588} INFO - Filling up the DagBag from /opt/airflow/dags/env/Scripts/pybabel.exe
[2025-03-29T17:08:12.349+0000] {logging_mixin.py:190} INFO - [2025-03-29T17:08:12.348+0000] {dagbag.py:435} INFO - File /opt/airflow/dags/env/Scripts/pybabel.exe:__main__.py assumed to contain no DAGs. Skipping.
[2025-03-29T17:08:12.350+0000] {processor.py:927} WARNING - No viable dags retrieved from /opt/airflow/dags/env/Scripts/pybabel.exe
[2025-03-29T17:08:12.375+0000] {processor.py:208} INFO - Processing /opt/airflow/dags/env/Scripts/pybabel.exe took 0.052 seconds
[2025-03-29T17:08:43.755+0000] {processor.py:186} INFO - Started process (PID=262) to work on /opt/airflow/dags/env/Scripts/pybabel.exe
[2025-03-29T17:08:43.756+0000] {processor.py:914} INFO - Processing file /opt/airflow/dags/env/Scripts/pybabel.exe for tasks to queue
[2025-03-29T17:08:43.760+0000] {logging_mixin.py:190} INFO - [2025-03-29T17:08:43.760+0000] {dagbag.py:588} INFO - Filling up the DagBag from /opt/airflow/dags/env/Scripts/pybabel.exe
[2025-03-29T17:08:43.771+0000] {logging_mixin.py:190} INFO - [2025-03-29T17:08:43.771+0000] {dagbag.py:435} INFO - File /opt/airflow/dags/env/Scripts/pybabel.exe:__main__.py assumed to contain no DAGs. Skipping.
[2025-03-29T17:08:43.773+0000] {processor.py:927} WARNING - No viable dags retrieved from /opt/airflow/dags/env/Scripts/pybabel.exe
[2025-03-29T17:08:43.804+0000] {processor.py:208} INFO - Processing /opt/airflow/dags/env/Scripts/pybabel.exe took 0.056 seconds
[2025-03-29T17:13:15.216+0000] {processor.py:186} INFO - Started process (PID=292) to work on /opt/airflow/dags/env/Scripts/pybabel.exe
[2025-03-29T17:13:15.218+0000] {processor.py:914} INFO - Processing file /opt/airflow/dags/env/Scripts/pybabel.exe for tasks to queue
[2025-03-29T17:13:15.224+0000] {logging_mixin.py:190} INFO - [2025-03-29T17:13:15.223+0000] {dagbag.py:588} INFO - Filling up the DagBag from /opt/airflow/dags/env/Scripts/pybabel.exe
[2025-03-29T17:13:15.239+0000] {logging_mixin.py:190} INFO - [2025-03-29T17:13:15.238+0000] {dagbag.py:435} INFO - File /opt/airflow/dags/env/Scripts/pybabel.exe:__main__.py assumed to contain no DAGs. Skipping.
[2025-03-29T17:13:15.240+0000] {processor.py:927} WARNING - No viable dags retrieved from /opt/airflow/dags/env/Scripts/pybabel.exe
[2025-03-29T17:13:15.265+0000] {processor.py:208} INFO - Processing /opt/airflow/dags/env/Scripts/pybabel.exe took 0.058 seconds
[2025-03-29T17:13:46.918+0000] {processor.py:186} INFO - Started process (PID=316) to work on /opt/airflow/dags/env/Scripts/pybabel.exe
[2025-03-29T17:13:46.920+0000] {processor.py:914} INFO - Processing file /opt/airflow/dags/env/Scripts/pybabel.exe for tasks to queue
[2025-03-29T17:13:46.924+0000] {logging_mixin.py:190} INFO - [2025-03-29T17:13:46.924+0000] {dagbag.py:588} INFO - Filling up the DagBag from /opt/airflow/dags/env/Scripts/pybabel.exe
[2025-03-29T17:13:46.944+0000] {logging_mixin.py:190} INFO - [2025-03-29T17:13:46.943+0000] {dagbag.py:435} INFO - File /opt/airflow/dags/env/Scripts/pybabel.exe:__main__.py assumed to contain no DAGs. Skipping.
[2025-03-29T17:13:46.945+0000] {processor.py:927} WARNING - No viable dags retrieved from /opt/airflow/dags/env/Scripts/pybabel.exe
[2025-03-29T17:13:46.987+0000] {processor.py:208} INFO - Processing /opt/airflow/dags/env/Scripts/pybabel.exe took 0.083 seconds
[2025-03-29T17:18:18.601+0000] {processor.py:186} INFO - Started process (PID=344) to work on /opt/airflow/dags/env/Scripts/pybabel.exe
[2025-03-29T17:18:18.603+0000] {processor.py:914} INFO - Processing file /opt/airflow/dags/env/Scripts/pybabel.exe for tasks to queue
[2025-03-29T17:18:18.608+0000] {logging_mixin.py:190} INFO - [2025-03-29T17:18:18.607+0000] {dagbag.py:588} INFO - Filling up the DagBag from /opt/airflow/dags/env/Scripts/pybabel.exe
[2025-03-29T17:18:18.625+0000] {logging_mixin.py:190} INFO - [2025-03-29T17:18:18.625+0000] {dagbag.py:435} INFO - File /opt/airflow/dags/env/Scripts/pybabel.exe:__main__.py assumed to contain no DAGs. Skipping.
[2025-03-29T17:18:18.627+0000] {processor.py:927} WARNING - No viable dags retrieved from /opt/airflow/dags/env/Scripts/pybabel.exe
[2025-03-29T17:18:18.658+0000] {processor.py:208} INFO - Processing /opt/airflow/dags/env/Scripts/pybabel.exe took 0.066 seconds
[2025-03-29T17:18:50.023+0000] {processor.py:186} INFO - Started process (PID=368) to work on /opt/airflow/dags/env/Scripts/pybabel.exe
[2025-03-29T17:18:50.025+0000] {processor.py:914} INFO - Processing file /opt/airflow/dags/env/Scripts/pybabel.exe for tasks to queue
[2025-03-29T17:18:50.030+0000] {logging_mixin.py:190} INFO - [2025-03-29T17:18:50.029+0000] {dagbag.py:588} INFO - Filling up the DagBag from /opt/airflow/dags/env/Scripts/pybabel.exe
[2025-03-29T17:18:50.045+0000] {logging_mixin.py:190} INFO - [2025-03-29T17:18:50.045+0000] {dagbag.py:435} INFO - File /opt/airflow/dags/env/Scripts/pybabel.exe:__main__.py assumed to contain no DAGs. Skipping.
[2025-03-29T17:18:50.046+0000] {processor.py:927} WARNING - No viable dags retrieved from /opt/airflow/dags/env/Scripts/pybabel.exe
[2025-03-29T17:18:50.071+0000] {processor.py:208} INFO - Processing /opt/airflow/dags/env/Scripts/pybabel.exe took 0.059 seconds
[2025-03-29T17:23:11.687+0000] {processor.py:186} INFO - Started process (PID=394) to work on /opt/airflow/dags/env/Scripts/pybabel.exe
[2025-03-29T17:23:11.689+0000] {processor.py:914} INFO - Processing file /opt/airflow/dags/env/Scripts/pybabel.exe for tasks to queue
[2025-03-29T17:23:11.695+0000] {logging_mixin.py:190} INFO - [2025-03-29T17:23:11.694+0000] {dagbag.py:588} INFO - Filling up the DagBag from /opt/airflow/dags/env/Scripts/pybabel.exe
[2025-03-29T17:23:11.716+0000] {logging_mixin.py:190} INFO - [2025-03-29T17:23:11.716+0000] {dagbag.py:435} INFO - File /opt/airflow/dags/env/Scripts/pybabel.exe:__main__.py assumed to contain no DAGs. Skipping.
[2025-03-29T17:23:11.717+0000] {processor.py:927} WARNING - No viable dags retrieved from /opt/airflow/dags/env/Scripts/pybabel.exe
[2025-03-29T17:23:11.746+0000] {processor.py:208} INFO - Processing /opt/airflow/dags/env/Scripts/pybabel.exe took 0.072 seconds
[2025-03-29T17:23:43.116+0000] {processor.py:186} INFO - Started process (PID=418) to work on /opt/airflow/dags/env/Scripts/pybabel.exe
[2025-03-29T17:23:43.118+0000] {processor.py:914} INFO - Processing file /opt/airflow/dags/env/Scripts/pybabel.exe for tasks to queue
[2025-03-29T17:23:43.121+0000] {logging_mixin.py:190} INFO - [2025-03-29T17:23:43.121+0000] {dagbag.py:588} INFO - Filling up the DagBag from /opt/airflow/dags/env/Scripts/pybabel.exe
[2025-03-29T17:23:43.132+0000] {logging_mixin.py:190} INFO - [2025-03-29T17:23:43.132+0000] {dagbag.py:435} INFO - File /opt/airflow/dags/env/Scripts/pybabel.exe:__main__.py assumed to contain no DAGs. Skipping.
[2025-03-29T17:23:43.133+0000] {processor.py:927} WARNING - No viable dags retrieved from /opt/airflow/dags/env/Scripts/pybabel.exe
[2025-03-29T17:23:43.156+0000] {processor.py:208} INFO - Processing /opt/airflow/dags/env/Scripts/pybabel.exe took 0.046 seconds
[2025-03-29T17:28:16.542+0000] {processor.py:186} INFO - Started process (PID=451) to work on /opt/airflow/dags/env/Scripts/pybabel.exe
[2025-03-29T17:28:16.543+0000] {processor.py:914} INFO - Processing file /opt/airflow/dags/env/Scripts/pybabel.exe for tasks to queue
[2025-03-29T17:28:16.547+0000] {logging_mixin.py:190} INFO - [2025-03-29T17:28:16.547+0000] {dagbag.py:588} INFO - Filling up the DagBag from /opt/airflow/dags/env/Scripts/pybabel.exe
[2025-03-29T17:28:16.560+0000] {logging_mixin.py:190} INFO - [2025-03-29T17:28:16.560+0000] {dagbag.py:435} INFO - File /opt/airflow/dags/env/Scripts/pybabel.exe:__main__.py assumed to contain no DAGs. Skipping.
[2025-03-29T17:28:16.561+0000] {processor.py:927} WARNING - No viable dags retrieved from /opt/airflow/dags/env/Scripts/pybabel.exe
[2025-03-29T17:28:16.585+0000] {processor.py:208} INFO - Processing /opt/airflow/dags/env/Scripts/pybabel.exe took 0.050 seconds
[2025-03-29T17:28:47.564+0000] {processor.py:186} INFO - Started process (PID=475) to work on /opt/airflow/dags/env/Scripts/pybabel.exe
[2025-03-29T17:28:47.566+0000] {processor.py:914} INFO - Processing file /opt/airflow/dags/env/Scripts/pybabel.exe for tasks to queue
[2025-03-29T17:28:47.575+0000] {logging_mixin.py:190} INFO - [2025-03-29T17:28:47.574+0000] {dagbag.py:588} INFO - Filling up the DagBag from /opt/airflow/dags/env/Scripts/pybabel.exe
[2025-03-29T17:28:47.593+0000] {logging_mixin.py:190} INFO - [2025-03-29T17:28:47.593+0000] {dagbag.py:435} INFO - File /opt/airflow/dags/env/Scripts/pybabel.exe:__main__.py assumed to contain no DAGs. Skipping.
[2025-03-29T17:28:47.596+0000] {processor.py:927} WARNING - No viable dags retrieved from /opt/airflow/dags/env/Scripts/pybabel.exe
[2025-03-29T17:28:47.635+0000] {processor.py:208} INFO - Processing /opt/airflow/dags/env/Scripts/pybabel.exe took 0.079 seconds
[2025-03-29T17:33:14.930+0000] {processor.py:186} INFO - Started process (PID=504) to work on /opt/airflow/dags/env/Scripts/pybabel.exe
[2025-03-29T17:33:14.932+0000] {processor.py:914} INFO - Processing file /opt/airflow/dags/env/Scripts/pybabel.exe for tasks to queue
[2025-03-29T17:33:14.935+0000] {logging_mixin.py:190} INFO - [2025-03-29T17:33:14.935+0000] {dagbag.py:588} INFO - Filling up the DagBag from /opt/airflow/dags/env/Scripts/pybabel.exe
[2025-03-29T17:33:14.946+0000] {logging_mixin.py:190} INFO - [2025-03-29T17:33:14.946+0000] {dagbag.py:435} INFO - File /opt/airflow/dags/env/Scripts/pybabel.exe:__main__.py assumed to contain no DAGs. Skipping.
[2025-03-29T17:33:14.951+0000] {processor.py:927} WARNING - No viable dags retrieved from /opt/airflow/dags/env/Scripts/pybabel.exe
[2025-03-29T17:33:14.974+0000] {processor.py:208} INFO - Processing /opt/airflow/dags/env/Scripts/pybabel.exe took 0.051 seconds
[2025-03-29T17:33:46.502+0000] {processor.py:186} INFO - Started process (PID=528) to work on /opt/airflow/dags/env/Scripts/pybabel.exe
[2025-03-29T17:33:46.503+0000] {processor.py:914} INFO - Processing file /opt/airflow/dags/env/Scripts/pybabel.exe for tasks to queue
[2025-03-29T17:33:46.507+0000] {logging_mixin.py:190} INFO - [2025-03-29T17:33:46.506+0000] {dagbag.py:588} INFO - Filling up the DagBag from /opt/airflow/dags/env/Scripts/pybabel.exe
[2025-03-29T17:33:46.518+0000] {logging_mixin.py:190} INFO - [2025-03-29T17:33:46.518+0000] {dagbag.py:435} INFO - File /opt/airflow/dags/env/Scripts/pybabel.exe:__main__.py assumed to contain no DAGs. Skipping.
[2025-03-29T17:33:46.519+0000] {processor.py:927} WARNING - No viable dags retrieved from /opt/airflow/dags/env/Scripts/pybabel.exe
[2025-03-29T17:33:46.542+0000] {processor.py:208} INFO - Processing /opt/airflow/dags/env/Scripts/pybabel.exe took 0.047 seconds
[2025-03-29T17:38:12.876+0000] {processor.py:186} INFO - Started process (PID=558) to work on /opt/airflow/dags/env/Scripts/pybabel.exe
[2025-03-29T17:38:12.877+0000] {processor.py:914} INFO - Processing file /opt/airflow/dags/env/Scripts/pybabel.exe for tasks to queue
[2025-03-29T17:38:12.881+0000] {logging_mixin.py:190} INFO - [2025-03-29T17:38:12.880+0000] {dagbag.py:588} INFO - Filling up the DagBag from /opt/airflow/dags/env/Scripts/pybabel.exe
[2025-03-29T17:38:12.894+0000] {logging_mixin.py:190} INFO - [2025-03-29T17:38:12.894+0000] {dagbag.py:435} INFO - File /opt/airflow/dags/env/Scripts/pybabel.exe:__main__.py assumed to contain no DAGs. Skipping.
[2025-03-29T17:38:12.895+0000] {processor.py:927} WARNING - No viable dags retrieved from /opt/airflow/dags/env/Scripts/pybabel.exe
[2025-03-29T17:38:12.919+0000] {processor.py:208} INFO - Processing /opt/airflow/dags/env/Scripts/pybabel.exe took 0.050 seconds
[2025-03-29T17:38:44.507+0000] {processor.py:186} INFO - Started process (PID=582) to work on /opt/airflow/dags/env/Scripts/pybabel.exe
[2025-03-29T17:38:44.509+0000] {processor.py:914} INFO - Processing file /opt/airflow/dags/env/Scripts/pybabel.exe for tasks to queue
[2025-03-29T17:38:44.514+0000] {logging_mixin.py:190} INFO - [2025-03-29T17:38:44.513+0000] {dagbag.py:588} INFO - Filling up the DagBag from /opt/airflow/dags/env/Scripts/pybabel.exe
[2025-03-29T17:38:44.531+0000] {logging_mixin.py:190} INFO - [2025-03-29T17:38:44.531+0000] {dagbag.py:435} INFO - File /opt/airflow/dags/env/Scripts/pybabel.exe:__main__.py assumed to contain no DAGs. Skipping.
[2025-03-29T17:38:44.533+0000] {processor.py:927} WARNING - No viable dags retrieved from /opt/airflow/dags/env/Scripts/pybabel.exe
[2025-03-29T17:38:44.563+0000] {processor.py:208} INFO - Processing /opt/airflow/dags/env/Scripts/pybabel.exe took 0.063 seconds
[2025-03-29T17:43:13.232+0000] {processor.py:186} INFO - Started process (PID=614) to work on /opt/airflow/dags/env/Scripts/pybabel.exe
[2025-03-29T17:43:13.233+0000] {processor.py:914} INFO - Processing file /opt/airflow/dags/env/Scripts/pybabel.exe for tasks to queue
[2025-03-29T17:43:13.237+0000] {logging_mixin.py:190} INFO - [2025-03-29T17:43:13.237+0000] {dagbag.py:588} INFO - Filling up the DagBag from /opt/airflow/dags/env/Scripts/pybabel.exe
[2025-03-29T17:43:13.254+0000] {logging_mixin.py:190} INFO - [2025-03-29T17:43:13.254+0000] {dagbag.py:435} INFO - File /opt/airflow/dags/env/Scripts/pybabel.exe:__main__.py assumed to contain no DAGs. Skipping.
[2025-03-29T17:43:13.255+0000] {processor.py:927} WARNING - No viable dags retrieved from /opt/airflow/dags/env/Scripts/pybabel.exe
[2025-03-29T17:43:13.286+0000] {processor.py:208} INFO - Processing /opt/airflow/dags/env/Scripts/pybabel.exe took 0.063 seconds
[2025-03-29T17:43:44.782+0000] {processor.py:186} INFO - Started process (PID=638) to work on /opt/airflow/dags/env/Scripts/pybabel.exe
[2025-03-29T17:43:44.783+0000] {processor.py:914} INFO - Processing file /opt/airflow/dags/env/Scripts/pybabel.exe for tasks to queue
[2025-03-29T17:43:44.787+0000] {logging_mixin.py:190} INFO - [2025-03-29T17:43:44.786+0000] {dagbag.py:588} INFO - Filling up the DagBag from /opt/airflow/dags/env/Scripts/pybabel.exe
[2025-03-29T17:43:44.800+0000] {logging_mixin.py:190} INFO - [2025-03-29T17:43:44.800+0000] {dagbag.py:435} INFO - File /opt/airflow/dags/env/Scripts/pybabel.exe:__main__.py assumed to contain no DAGs. Skipping.
[2025-03-29T17:43:44.801+0000] {processor.py:927} WARNING - No viable dags retrieved from /opt/airflow/dags/env/Scripts/pybabel.exe
[2025-03-29T17:43:44.829+0000] {processor.py:208} INFO - Processing /opt/airflow/dags/env/Scripts/pybabel.exe took 0.057 seconds
[2025-03-29T17:48:16.418+0000] {processor.py:186} INFO - Started process (PID=669) to work on /opt/airflow/dags/env/Scripts/pybabel.exe
[2025-03-29T17:48:16.420+0000] {processor.py:914} INFO - Processing file /opt/airflow/dags/env/Scripts/pybabel.exe for tasks to queue
[2025-03-29T17:48:16.423+0000] {logging_mixin.py:190} INFO - [2025-03-29T17:48:16.423+0000] {dagbag.py:588} INFO - Filling up the DagBag from /opt/airflow/dags/env/Scripts/pybabel.exe
[2025-03-29T17:48:16.436+0000] {logging_mixin.py:190} INFO - [2025-03-29T17:48:16.436+0000] {dagbag.py:435} INFO - File /opt/airflow/dags/env/Scripts/pybabel.exe:__main__.py assumed to contain no DAGs. Skipping.
[2025-03-29T17:48:16.437+0000] {processor.py:927} WARNING - No viable dags retrieved from /opt/airflow/dags/env/Scripts/pybabel.exe
[2025-03-29T17:48:16.461+0000] {processor.py:208} INFO - Processing /opt/airflow/dags/env/Scripts/pybabel.exe took 0.049 seconds
[2025-03-29T17:48:48.001+0000] {processor.py:186} INFO - Started process (PID=693) to work on /opt/airflow/dags/env/Scripts/pybabel.exe
[2025-03-29T17:48:48.002+0000] {processor.py:914} INFO - Processing file /opt/airflow/dags/env/Scripts/pybabel.exe for tasks to queue
[2025-03-29T17:48:48.007+0000] {logging_mixin.py:190} INFO - [2025-03-29T17:48:48.006+0000] {dagbag.py:588} INFO - Filling up the DagBag from /opt/airflow/dags/env/Scripts/pybabel.exe
[2025-03-29T17:48:48.021+0000] {logging_mixin.py:190} INFO - [2025-03-29T17:48:48.020+0000] {dagbag.py:435} INFO - File /opt/airflow/dags/env/Scripts/pybabel.exe:__main__.py assumed to contain no DAGs. Skipping.
[2025-03-29T17:48:48.022+0000] {processor.py:927} WARNING - No viable dags retrieved from /opt/airflow/dags/env/Scripts/pybabel.exe
[2025-03-29T17:48:48.047+0000] {processor.py:208} INFO - Processing /opt/airflow/dags/env/Scripts/pybabel.exe took 0.055 seconds
[2025-03-29T17:53:18.168+0000] {processor.py:186} INFO - Started process (PID=722) to work on /opt/airflow/dags/env/Scripts/pybabel.exe
[2025-03-29T17:53:18.169+0000] {processor.py:914} INFO - Processing file /opt/airflow/dags/env/Scripts/pybabel.exe for tasks to queue
[2025-03-29T17:53:18.173+0000] {logging_mixin.py:190} INFO - [2025-03-29T17:53:18.172+0000] {dagbag.py:588} INFO - Filling up the DagBag from /opt/airflow/dags/env/Scripts/pybabel.exe
[2025-03-29T17:53:18.186+0000] {logging_mixin.py:190} INFO - [2025-03-29T17:53:18.186+0000] {dagbag.py:435} INFO - File /opt/airflow/dags/env/Scripts/pybabel.exe:__main__.py assumed to contain no DAGs. Skipping.
[2025-03-29T17:53:18.187+0000] {processor.py:927} WARNING - No viable dags retrieved from /opt/airflow/dags/env/Scripts/pybabel.exe
[2025-03-29T17:53:18.209+0000] {processor.py:208} INFO - Processing /opt/airflow/dags/env/Scripts/pybabel.exe took 0.048 seconds
[2025-03-29T17:53:49.561+0000] {processor.py:186} INFO - Started process (PID=746) to work on /opt/airflow/dags/env/Scripts/pybabel.exe
[2025-03-29T17:53:49.563+0000] {processor.py:914} INFO - Processing file /opt/airflow/dags/env/Scripts/pybabel.exe for tasks to queue
[2025-03-29T17:53:49.569+0000] {logging_mixin.py:190} INFO - [2025-03-29T17:53:49.568+0000] {dagbag.py:588} INFO - Filling up the DagBag from /opt/airflow/dags/env/Scripts/pybabel.exe
[2025-03-29T17:53:49.586+0000] {logging_mixin.py:190} INFO - [2025-03-29T17:53:49.585+0000] {dagbag.py:435} INFO - File /opt/airflow/dags/env/Scripts/pybabel.exe:__main__.py assumed to contain no DAGs. Skipping.
[2025-03-29T17:53:49.587+0000] {processor.py:927} WARNING - No viable dags retrieved from /opt/airflow/dags/env/Scripts/pybabel.exe
[2025-03-29T17:53:49.621+0000] {processor.py:208} INFO - Processing /opt/airflow/dags/env/Scripts/pybabel.exe took 0.070 seconds
[2025-03-29T17:58:19.654+0000] {processor.py:186} INFO - Started process (PID=774) to work on /opt/airflow/dags/env/Scripts/pybabel.exe
[2025-03-29T17:58:19.656+0000] {processor.py:914} INFO - Processing file /opt/airflow/dags/env/Scripts/pybabel.exe for tasks to queue
[2025-03-29T17:58:19.659+0000] {logging_mixin.py:190} INFO - [2025-03-29T17:58:19.659+0000] {dagbag.py:588} INFO - Filling up the DagBag from /opt/airflow/dags/env/Scripts/pybabel.exe
[2025-03-29T17:58:19.674+0000] {logging_mixin.py:190} INFO - [2025-03-29T17:58:19.673+0000] {dagbag.py:435} INFO - File /opt/airflow/dags/env/Scripts/pybabel.exe:__main__.py assumed to contain no DAGs. Skipping.
[2025-03-29T17:58:19.675+0000] {processor.py:927} WARNING - No viable dags retrieved from /opt/airflow/dags/env/Scripts/pybabel.exe
[2025-03-29T17:58:19.698+0000] {processor.py:208} INFO - Processing /opt/airflow/dags/env/Scripts/pybabel.exe took 0.051 seconds
[2025-03-29T17:58:51.036+0000] {processor.py:186} INFO - Started process (PID=798) to work on /opt/airflow/dags/env/Scripts/pybabel.exe
[2025-03-29T17:58:51.037+0000] {processor.py:914} INFO - Processing file /opt/airflow/dags/env/Scripts/pybabel.exe for tasks to queue
[2025-03-29T17:58:51.040+0000] {logging_mixin.py:190} INFO - [2025-03-29T17:58:51.040+0000] {dagbag.py:588} INFO - Filling up the DagBag from /opt/airflow/dags/env/Scripts/pybabel.exe
[2025-03-29T17:58:51.051+0000] {logging_mixin.py:190} INFO - [2025-03-29T17:58:51.051+0000] {dagbag.py:435} INFO - File /opt/airflow/dags/env/Scripts/pybabel.exe:__main__.py assumed to contain no DAGs. Skipping.
[2025-03-29T17:58:51.052+0000] {processor.py:927} WARNING - No viable dags retrieved from /opt/airflow/dags/env/Scripts/pybabel.exe
[2025-03-29T17:58:51.076+0000] {processor.py:208} INFO - Processing /opt/airflow/dags/env/Scripts/pybabel.exe took 0.048 seconds
[2025-03-29T18:40:45.672+0000] {processor.py:186} INFO - Started process (PID=826) to work on /opt/airflow/dags/env/Scripts/pybabel.exe
[2025-03-29T18:40:45.673+0000] {processor.py:914} INFO - Processing file /opt/airflow/dags/env/Scripts/pybabel.exe for tasks to queue
[2025-03-29T18:40:45.677+0000] {logging_mixin.py:190} INFO - [2025-03-29T18:40:45.676+0000] {dagbag.py:588} INFO - Filling up the DagBag from /opt/airflow/dags/env/Scripts/pybabel.exe
[2025-03-29T18:40:45.690+0000] {logging_mixin.py:190} INFO - [2025-03-29T18:40:45.689+0000] {dagbag.py:435} INFO - File /opt/airflow/dags/env/Scripts/pybabel.exe:__main__.py assumed to contain no DAGs. Skipping.
[2025-03-29T18:40:45.691+0000] {processor.py:927} WARNING - No viable dags retrieved from /opt/airflow/dags/env/Scripts/pybabel.exe
[2025-03-29T18:40:45.714+0000] {processor.py:208} INFO - Processing /opt/airflow/dags/env/Scripts/pybabel.exe took 0.050 seconds
[2025-03-29T18:41:16.306+0000] {processor.py:186} INFO - Started process (PID=850) to work on /opt/airflow/dags/env/Scripts/pybabel.exe
[2025-03-29T18:41:16.309+0000] {processor.py:914} INFO - Processing file /opt/airflow/dags/env/Scripts/pybabel.exe for tasks to queue
[2025-03-29T18:41:16.325+0000] {logging_mixin.py:190} INFO - [2025-03-29T18:41:16.323+0000] {dagbag.py:588} INFO - Filling up the DagBag from /opt/airflow/dags/env/Scripts/pybabel.exe
[2025-03-29T18:41:16.348+0000] {logging_mixin.py:190} INFO - [2025-03-29T18:41:16.348+0000] {dagbag.py:435} INFO - File /opt/airflow/dags/env/Scripts/pybabel.exe:__main__.py assumed to contain no DAGs. Skipping.
[2025-03-29T18:41:16.350+0000] {processor.py:927} WARNING - No viable dags retrieved from /opt/airflow/dags/env/Scripts/pybabel.exe
[2025-03-29T18:41:16.412+0000] {processor.py:208} INFO - Processing /opt/airflow/dags/env/Scripts/pybabel.exe took 0.138 seconds
[2025-03-29T20:09:32.180+0000] {processor.py:186} INFO - Started process (PID=862) to work on /opt/airflow/dags/env/Scripts/pybabel.exe
[2025-03-29T20:09:32.190+0000] {processor.py:914} INFO - Processing file /opt/airflow/dags/env/Scripts/pybabel.exe for tasks to queue
[2025-03-29T20:09:32.199+0000] {logging_mixin.py:190} INFO - [2025-03-29T20:09:32.198+0000] {dagbag.py:588} INFO - Filling up the DagBag from /opt/airflow/dags/env/Scripts/pybabel.exe
[2025-03-29T20:09:32.259+0000] {logging_mixin.py:190} INFO - [2025-03-29T20:09:32.258+0000] {dagbag.py:435} INFO - File /opt/airflow/dags/env/Scripts/pybabel.exe:__main__.py assumed to contain no DAGs. Skipping.
[2025-03-29T20:09:32.261+0000] {processor.py:927} WARNING - No viable dags retrieved from /opt/airflow/dags/env/Scripts/pybabel.exe
[2025-03-29T20:09:32.339+0000] {processor.py:208} INFO - Processing /opt/airflow/dags/env/Scripts/pybabel.exe took 0.194 seconds
[2025-03-29T21:05:55.569+0000] {processor.py:186} INFO - Started process (PID=886) to work on /opt/airflow/dags/env/Scripts/pybabel.exe
[2025-03-29T21:05:55.570+0000] {processor.py:914} INFO - Processing file /opt/airflow/dags/env/Scripts/pybabel.exe for tasks to queue
[2025-03-29T21:05:55.574+0000] {logging_mixin.py:190} INFO - [2025-03-29T21:05:55.574+0000] {dagbag.py:588} INFO - Filling up the DagBag from /opt/airflow/dags/env/Scripts/pybabel.exe
[2025-03-29T21:05:55.590+0000] {logging_mixin.py:190} INFO - [2025-03-29T21:05:55.590+0000] {dagbag.py:435} INFO - File /opt/airflow/dags/env/Scripts/pybabel.exe:__main__.py assumed to contain no DAGs. Skipping.
[2025-03-29T21:05:55.592+0000] {processor.py:927} WARNING - No viable dags retrieved from /opt/airflow/dags/env/Scripts/pybabel.exe
[2025-03-29T21:05:55.622+0000] {processor.py:208} INFO - Processing /opt/airflow/dags/env/Scripts/pybabel.exe took 0.062 seconds
[2025-03-29T22:32:45.985+0000] {processor.py:186} INFO - Started process (PID=905) to work on /opt/airflow/dags/env/Scripts/pybabel.exe
[2025-03-29T22:32:45.987+0000] {processor.py:914} INFO - Processing file /opt/airflow/dags/env/Scripts/pybabel.exe for tasks to queue
[2025-03-29T22:32:45.993+0000] {logging_mixin.py:190} INFO - [2025-03-29T22:32:45.992+0000] {dagbag.py:588} INFO - Filling up the DagBag from /opt/airflow/dags/env/Scripts/pybabel.exe
[2025-03-29T22:32:46.017+0000] {logging_mixin.py:190} INFO - [2025-03-29T22:32:46.017+0000] {dagbag.py:435} INFO - File /opt/airflow/dags/env/Scripts/pybabel.exe:__main__.py assumed to contain no DAGs. Skipping.
[2025-03-29T22:32:46.019+0000] {processor.py:927} WARNING - No viable dags retrieved from /opt/airflow/dags/env/Scripts/pybabel.exe
[2025-03-29T22:32:46.063+0000] {processor.py:208} INFO - Processing /opt/airflow/dags/env/Scripts/pybabel.exe took 0.093 seconds
