[2025-03-29T00:47:23.236+0000] {processor.py:186} INFO - Started process (PID=425) to work on /opt/airflow/dags/env/Scripts/pyrsa-sign.exe
[2025-03-29T00:47:23.237+0000] {processor.py:914} INFO - Processing file /opt/airflow/dags/env/Scripts/pyrsa-sign.exe for tasks to queue
[2025-03-29T00:47:23.241+0000] {logging_mixin.py:190} INFO - [2025-03-29T00:47:23.240+0000] {dagbag.py:588} INFO - Filling up the DagBag from /opt/airflow/dags/env/Scripts/pyrsa-sign.exe
[2025-03-29T00:47:23.257+0000] {logging_mixin.py:190} INFO - [2025-03-29T00:47:23.256+0000] {dagbag.py:435} INFO - File /opt/airflow/dags/env/Scripts/pyrsa-sign.exe:__main__.py assumed to contain no DAGs. Skipping.
[2025-03-29T00:47:23.258+0000] {processor.py:927} WARNING - No viable dags retrieved from /opt/airflow/dags/env/Scripts/pyrsa-sign.exe
[2025-03-29T00:47:23.285+0000] {processor.py:208} INFO - Processing /opt/airflow/dags/env/Scripts/pyrsa-sign.exe took 0.056 seconds
[2025-03-29T00:52:18.881+0000] {processor.py:186} INFO - Started process (PID=453) to work on /opt/airflow/dags/env/Scripts/pyrsa-sign.exe
[2025-03-29T00:52:18.883+0000] {processor.py:914} INFO - Processing file /opt/airflow/dags/env/Scripts/pyrsa-sign.exe for tasks to queue
[2025-03-29T00:52:18.886+0000] {logging_mixin.py:190} INFO - [2025-03-29T00:52:18.886+0000] {dagbag.py:588} INFO - Filling up the DagBag from /opt/airflow/dags/env/Scripts/pyrsa-sign.exe
[2025-03-29T00:52:18.910+0000] {logging_mixin.py:190} INFO - [2025-03-29T00:52:18.910+0000] {dagbag.py:435} INFO - File /opt/airflow/dags/env/Scripts/pyrsa-sign.exe:__main__.py assumed to contain no DAGs. Skipping.
[2025-03-29T00:52:18.912+0000] {processor.py:927} WARNING - No viable dags retrieved from /opt/airflow/dags/env/Scripts/pyrsa-sign.exe
[2025-03-29T00:52:18.939+0000] {processor.py:208} INFO - Processing /opt/airflow/dags/env/Scripts/pyrsa-sign.exe took 0.066 seconds
[2025-03-29T00:57:21.942+0000] {processor.py:186} INFO - Started process (PID=483) to work on /opt/airflow/dags/env/Scripts/pyrsa-sign.exe
[2025-03-29T00:57:21.944+0000] {processor.py:914} INFO - Processing file /opt/airflow/dags/env/Scripts/pyrsa-sign.exe for tasks to queue
[2025-03-29T00:57:21.948+0000] {logging_mixin.py:190} INFO - [2025-03-29T00:57:21.948+0000] {dagbag.py:588} INFO - Filling up the DagBag from /opt/airflow/dags/env/Scripts/pyrsa-sign.exe
[2025-03-29T00:57:21.965+0000] {logging_mixin.py:190} INFO - [2025-03-29T00:57:21.964+0000] {dagbag.py:435} INFO - File /opt/airflow/dags/env/Scripts/pyrsa-sign.exe:__main__.py assumed to contain no DAGs. Skipping.
[2025-03-29T00:57:21.966+0000] {processor.py:927} WARNING - No viable dags retrieved from /opt/airflow/dags/env/Scripts/pyrsa-sign.exe
[2025-03-29T00:57:21.996+0000] {processor.py:208} INFO - Processing /opt/airflow/dags/env/Scripts/pyrsa-sign.exe took 0.066 seconds
[2025-03-29T01:02:16.121+0000] {processor.py:186} INFO - Started process (PID=509) to work on /opt/airflow/dags/env/Scripts/pyrsa-sign.exe
[2025-03-29T01:02:16.122+0000] {processor.py:914} INFO - Processing file /opt/airflow/dags/env/Scripts/pyrsa-sign.exe for tasks to queue
[2025-03-29T01:02:16.125+0000] {logging_mixin.py:190} INFO - [2025-03-29T01:02:16.124+0000] {dagbag.py:588} INFO - Filling up the DagBag from /opt/airflow/dags/env/Scripts/pyrsa-sign.exe
[2025-03-29T01:02:16.138+0000] {logging_mixin.py:190} INFO - [2025-03-29T01:02:16.138+0000] {dagbag.py:435} INFO - File /opt/airflow/dags/env/Scripts/pyrsa-sign.exe:__main__.py assumed to contain no DAGs. Skipping.
[2025-03-29T01:02:16.139+0000] {processor.py:927} WARNING - No viable dags retrieved from /opt/airflow/dags/env/Scripts/pyrsa-sign.exe
[2025-03-29T01:02:16.162+0000] {processor.py:208} INFO - Processing /opt/airflow/dags/env/Scripts/pyrsa-sign.exe took 0.049 seconds
[2025-03-29T01:02:47.639+0000] {processor.py:186} INFO - Started process (PID=533) to work on /opt/airflow/dags/env/Scripts/pyrsa-sign.exe
[2025-03-29T01:02:47.640+0000] {processor.py:914} INFO - Processing file /opt/airflow/dags/env/Scripts/pyrsa-sign.exe for tasks to queue
[2025-03-29T01:02:47.643+0000] {logging_mixin.py:190} INFO - [2025-03-29T01:02:47.643+0000] {dagbag.py:588} INFO - Filling up the DagBag from /opt/airflow/dags/env/Scripts/pyrsa-sign.exe
[2025-03-29T01:02:47.659+0000] {logging_mixin.py:190} INFO - [2025-03-29T01:02:47.658+0000] {dagbag.py:435} INFO - File /opt/airflow/dags/env/Scripts/pyrsa-sign.exe:__main__.py assumed to contain no DAGs. Skipping.
[2025-03-29T01:02:47.660+0000] {processor.py:927} WARNING - No viable dags retrieved from /opt/airflow/dags/env/Scripts/pyrsa-sign.exe
[2025-03-29T01:02:47.681+0000] {processor.py:208} INFO - Processing /opt/airflow/dags/env/Scripts/pyrsa-sign.exe took 0.050 seconds
[2025-03-29T01:07:24.960+0000] {processor.py:186} INFO - Started process (PID=540) to work on /opt/airflow/dags/env/Scripts/pyrsa-sign.exe
[2025-03-29T01:07:24.962+0000] {processor.py:914} INFO - Processing file /opt/airflow/dags/env/Scripts/pyrsa-sign.exe for tasks to queue
[2025-03-29T01:07:24.965+0000] {logging_mixin.py:190} INFO - [2025-03-29T01:07:24.965+0000] {dagbag.py:588} INFO - Filling up the DagBag from /opt/airflow/dags/env/Scripts/pyrsa-sign.exe
[2025-03-29T01:07:24.980+0000] {logging_mixin.py:190} INFO - [2025-03-29T01:07:24.980+0000] {dagbag.py:435} INFO - File /opt/airflow/dags/env/Scripts/pyrsa-sign.exe:__main__.py assumed to contain no DAGs. Skipping.
[2025-03-29T01:07:24.981+0000] {processor.py:927} WARNING - No viable dags retrieved from /opt/airflow/dags/env/Scripts/pyrsa-sign.exe
[2025-03-29T01:07:25.004+0000] {processor.py:208} INFO - Processing /opt/airflow/dags/env/Scripts/pyrsa-sign.exe took 0.051 seconds
[2025-03-29T01:12:28.294+0000] {processor.py:186} INFO - Started process (PID=565) to work on /opt/airflow/dags/env/Scripts/pyrsa-sign.exe
[2025-03-29T01:12:28.295+0000] {processor.py:914} INFO - Processing file /opt/airflow/dags/env/Scripts/pyrsa-sign.exe for tasks to queue
[2025-03-29T01:12:28.298+0000] {logging_mixin.py:190} INFO - [2025-03-29T01:12:28.298+0000] {dagbag.py:588} INFO - Filling up the DagBag from /opt/airflow/dags/env/Scripts/pyrsa-sign.exe
[2025-03-29T01:12:28.314+0000] {logging_mixin.py:190} INFO - [2025-03-29T01:12:28.313+0000] {dagbag.py:435} INFO - File /opt/airflow/dags/env/Scripts/pyrsa-sign.exe:__main__.py assumed to contain no DAGs. Skipping.
[2025-03-29T01:12:28.315+0000] {processor.py:927} WARNING - No viable dags retrieved from /opt/airflow/dags/env/Scripts/pyrsa-sign.exe
[2025-03-29T01:12:28.337+0000] {processor.py:208} INFO - Processing /opt/airflow/dags/env/Scripts/pyrsa-sign.exe took 0.050 seconds
[2025-03-29T01:17:21.222+0000] {processor.py:186} INFO - Started process (PID=589) to work on /opt/airflow/dags/env/Scripts/pyrsa-sign.exe
[2025-03-29T01:17:21.223+0000] {processor.py:914} INFO - Processing file /opt/airflow/dags/env/Scripts/pyrsa-sign.exe for tasks to queue
[2025-03-29T01:17:21.227+0000] {logging_mixin.py:190} INFO - [2025-03-29T01:17:21.227+0000] {dagbag.py:588} INFO - Filling up the DagBag from /opt/airflow/dags/env/Scripts/pyrsa-sign.exe
[2025-03-29T01:17:21.245+0000] {logging_mixin.py:190} INFO - [2025-03-29T01:17:21.244+0000] {dagbag.py:435} INFO - File /opt/airflow/dags/env/Scripts/pyrsa-sign.exe:__main__.py assumed to contain no DAGs. Skipping.
[2025-03-29T01:17:21.246+0000] {processor.py:927} WARNING - No viable dags retrieved from /opt/airflow/dags/env/Scripts/pyrsa-sign.exe
[2025-03-29T01:17:21.285+0000] {processor.py:208} INFO - Processing /opt/airflow/dags/env/Scripts/pyrsa-sign.exe took 0.073 seconds
[2025-03-29T01:22:27.573+0000] {processor.py:186} INFO - Started process (PID=617) to work on /opt/airflow/dags/env/Scripts/pyrsa-sign.exe
[2025-03-29T01:22:27.575+0000] {processor.py:914} INFO - Processing file /opt/airflow/dags/env/Scripts/pyrsa-sign.exe for tasks to queue
[2025-03-29T01:22:27.578+0000] {logging_mixin.py:190} INFO - [2025-03-29T01:22:27.577+0000] {dagbag.py:588} INFO - Filling up the DagBag from /opt/airflow/dags/env/Scripts/pyrsa-sign.exe
[2025-03-29T01:22:27.593+0000] {logging_mixin.py:190} INFO - [2025-03-29T01:22:27.592+0000] {dagbag.py:435} INFO - File /opt/airflow/dags/env/Scripts/pyrsa-sign.exe:__main__.py assumed to contain no DAGs. Skipping.
[2025-03-29T01:22:27.594+0000] {processor.py:927} WARNING - No viable dags retrieved from /opt/airflow/dags/env/Scripts/pyrsa-sign.exe
[2025-03-29T01:22:27.618+0000] {processor.py:208} INFO - Processing /opt/airflow/dags/env/Scripts/pyrsa-sign.exe took 0.052 seconds
[2025-03-29T16:48:35.268+0000] {processor.py:186} INFO - Started process (PID=55) to work on /opt/airflow/dags/env/Scripts/pyrsa-sign.exe
[2025-03-29T16:48:35.271+0000] {processor.py:914} INFO - Processing file /opt/airflow/dags/env/Scripts/pyrsa-sign.exe for tasks to queue
[2025-03-29T16:48:35.284+0000] {logging_mixin.py:190} INFO - [2025-03-29T16:48:35.282+0000] {dagbag.py:588} INFO - Filling up the DagBag from /opt/airflow/dags/env/Scripts/pyrsa-sign.exe
[2025-03-29T16:48:35.305+0000] {logging_mixin.py:190} INFO - [2025-03-29T16:48:35.305+0000] {dagbag.py:435} INFO - File /opt/airflow/dags/env/Scripts/pyrsa-sign.exe:__main__.py assumed to contain no DAGs. Skipping.
[2025-03-29T16:48:35.307+0000] {processor.py:927} WARNING - No viable dags retrieved from /opt/airflow/dags/env/Scripts/pyrsa-sign.exe
[2025-03-29T16:48:35.407+0000] {processor.py:208} INFO - Processing /opt/airflow/dags/env/Scripts/pyrsa-sign.exe took 0.157 seconds
[2025-03-29T16:53:18.189+0000] {processor.py:186} INFO - Started process (PID=79) to work on /opt/airflow/dags/env/Scripts/pyrsa-sign.exe
[2025-03-29T16:53:18.190+0000] {processor.py:914} INFO - Processing file /opt/airflow/dags/env/Scripts/pyrsa-sign.exe for tasks to queue
[2025-03-29T16:53:18.194+0000] {logging_mixin.py:190} INFO - [2025-03-29T16:53:18.193+0000] {dagbag.py:588} INFO - Filling up the DagBag from /opt/airflow/dags/env/Scripts/pyrsa-sign.exe
[2025-03-29T16:53:18.209+0000] {logging_mixin.py:190} INFO - [2025-03-29T16:53:18.209+0000] {dagbag.py:435} INFO - File /opt/airflow/dags/env/Scripts/pyrsa-sign.exe:__main__.py assumed to contain no DAGs. Skipping.
[2025-03-29T16:53:18.210+0000] {processor.py:927} WARNING - No viable dags retrieved from /opt/airflow/dags/env/Scripts/pyrsa-sign.exe
[2025-03-29T16:53:18.236+0000] {processor.py:208} INFO - Processing /opt/airflow/dags/env/Scripts/pyrsa-sign.exe took 0.055 seconds
[2025-03-29T16:53:49.546+0000] {processor.py:186} INFO - Started process (PID=103) to work on /opt/airflow/dags/env/Scripts/pyrsa-sign.exe
[2025-03-29T16:53:49.548+0000] {processor.py:914} INFO - Processing file /opt/airflow/dags/env/Scripts/pyrsa-sign.exe for tasks to queue
[2025-03-29T16:53:49.552+0000] {logging_mixin.py:190} INFO - [2025-03-29T16:53:49.551+0000] {dagbag.py:588} INFO - Filling up the DagBag from /opt/airflow/dags/env/Scripts/pyrsa-sign.exe
[2025-03-29T16:53:49.570+0000] {logging_mixin.py:190} INFO - [2025-03-29T16:53:49.569+0000] {dagbag.py:435} INFO - File /opt/airflow/dags/env/Scripts/pyrsa-sign.exe:__main__.py assumed to contain no DAGs. Skipping.
[2025-03-29T16:53:49.571+0000] {processor.py:927} WARNING - No viable dags retrieved from /opt/airflow/dags/env/Scripts/pyrsa-sign.exe
[2025-03-29T16:53:49.602+0000] {processor.py:208} INFO - Processing /opt/airflow/dags/env/Scripts/pyrsa-sign.exe took 0.063 seconds
[2025-03-29T16:58:06.744+0000] {processor.py:186} INFO - Started process (PID=125) to work on /opt/airflow/dags/env/Scripts/pyrsa-sign.exe
[2025-03-29T16:58:06.745+0000] {processor.py:914} INFO - Processing file /opt/airflow/dags/env/Scripts/pyrsa-sign.exe for tasks to queue
[2025-03-29T16:58:06.748+0000] {logging_mixin.py:190} INFO - [2025-03-29T16:58:06.748+0000] {dagbag.py:588} INFO - Filling up the DagBag from /opt/airflow/dags/env/Scripts/pyrsa-sign.exe
[2025-03-29T16:58:06.764+0000] {logging_mixin.py:190} INFO - [2025-03-29T16:58:06.764+0000] {dagbag.py:435} INFO - File /opt/airflow/dags/env/Scripts/pyrsa-sign.exe:__main__.py assumed to contain no DAGs. Skipping.
[2025-03-29T16:58:06.765+0000] {processor.py:927} WARNING - No viable dags retrieved from /opt/airflow/dags/env/Scripts/pyrsa-sign.exe
[2025-03-29T16:58:06.792+0000] {processor.py:208} INFO - Processing /opt/airflow/dags/env/Scripts/pyrsa-sign.exe took 0.055 seconds
[2025-03-29T16:58:37.987+0000] {processor.py:186} INFO - Started process (PID=149) to work on /opt/airflow/dags/env/Scripts/pyrsa-sign.exe
[2025-03-29T16:58:37.988+0000] {processor.py:914} INFO - Processing file /opt/airflow/dags/env/Scripts/pyrsa-sign.exe for tasks to queue
[2025-03-29T16:58:37.991+0000] {logging_mixin.py:190} INFO - [2025-03-29T16:58:37.991+0000] {dagbag.py:588} INFO - Filling up the DagBag from /opt/airflow/dags/env/Scripts/pyrsa-sign.exe
[2025-03-29T16:58:38.005+0000] {logging_mixin.py:190} INFO - [2025-03-29T16:58:38.004+0000] {dagbag.py:435} INFO - File /opt/airflow/dags/env/Scripts/pyrsa-sign.exe:__main__.py assumed to contain no DAGs. Skipping.
[2025-03-29T16:58:38.006+0000] {processor.py:927} WARNING - No viable dags retrieved from /opt/airflow/dags/env/Scripts/pyrsa-sign.exe
[2025-03-29T16:58:38.030+0000] {processor.py:208} INFO - Processing /opt/airflow/dags/env/Scripts/pyrsa-sign.exe took 0.050 seconds
[2025-03-29T17:03:05.635+0000] {processor.py:186} INFO - Started process (PID=178) to work on /opt/airflow/dags/env/Scripts/pyrsa-sign.exe
[2025-03-29T17:03:05.636+0000] {processor.py:914} INFO - Processing file /opt/airflow/dags/env/Scripts/pyrsa-sign.exe for tasks to queue
[2025-03-29T17:03:05.640+0000] {logging_mixin.py:190} INFO - [2025-03-29T17:03:05.639+0000] {dagbag.py:588} INFO - Filling up the DagBag from /opt/airflow/dags/env/Scripts/pyrsa-sign.exe
[2025-03-29T17:03:05.653+0000] {logging_mixin.py:190} INFO - [2025-03-29T17:03:05.652+0000] {dagbag.py:435} INFO - File /opt/airflow/dags/env/Scripts/pyrsa-sign.exe:__main__.py assumed to contain no DAGs. Skipping.
[2025-03-29T17:03:05.654+0000] {processor.py:927} WARNING - No viable dags retrieved from /opt/airflow/dags/env/Scripts/pyrsa-sign.exe
[2025-03-29T17:03:05.678+0000] {processor.py:208} INFO - Processing /opt/airflow/dags/env/Scripts/pyrsa-sign.exe took 0.050 seconds
[2025-03-29T17:03:37.408+0000] {processor.py:186} INFO - Started process (PID=202) to work on /opt/airflow/dags/env/Scripts/pyrsa-sign.exe
[2025-03-29T17:03:37.410+0000] {processor.py:914} INFO - Processing file /opt/airflow/dags/env/Scripts/pyrsa-sign.exe for tasks to queue
[2025-03-29T17:03:37.413+0000] {logging_mixin.py:190} INFO - [2025-03-29T17:03:37.412+0000] {dagbag.py:588} INFO - Filling up the DagBag from /opt/airflow/dags/env/Scripts/pyrsa-sign.exe
[2025-03-29T17:03:37.426+0000] {logging_mixin.py:190} INFO - [2025-03-29T17:03:37.425+0000] {dagbag.py:435} INFO - File /opt/airflow/dags/env/Scripts/pyrsa-sign.exe:__main__.py assumed to contain no DAGs. Skipping.
[2025-03-29T17:03:37.427+0000] {processor.py:927} WARNING - No viable dags retrieved from /opt/airflow/dags/env/Scripts/pyrsa-sign.exe
[2025-03-29T17:03:37.450+0000] {processor.py:208} INFO - Processing /opt/airflow/dags/env/Scripts/pyrsa-sign.exe took 0.048 seconds
[2025-03-29T17:04:08.344+0000] {processor.py:186} INFO - Started process (PID=226) to work on /opt/airflow/dags/env/Scripts/pyrsa-sign.exe
[2025-03-29T17:04:08.345+0000] {processor.py:914} INFO - Processing file /opt/airflow/dags/env/Scripts/pyrsa-sign.exe for tasks to queue
[2025-03-29T17:04:08.348+0000] {logging_mixin.py:190} INFO - [2025-03-29T17:04:08.348+0000] {dagbag.py:588} INFO - Filling up the DagBag from /opt/airflow/dags/env/Scripts/pyrsa-sign.exe
[2025-03-29T17:04:08.361+0000] {logging_mixin.py:190} INFO - [2025-03-29T17:04:08.361+0000] {dagbag.py:435} INFO - File /opt/airflow/dags/env/Scripts/pyrsa-sign.exe:__main__.py assumed to contain no DAGs. Skipping.
[2025-03-29T17:04:08.362+0000] {processor.py:927} WARNING - No viable dags retrieved from /opt/airflow/dags/env/Scripts/pyrsa-sign.exe
[2025-03-29T17:04:08.386+0000] {processor.py:208} INFO - Processing /opt/airflow/dags/env/Scripts/pyrsa-sign.exe took 0.051 seconds
[2025-03-29T17:08:05.833+0000] {processor.py:186} INFO - Started process (PID=232) to work on /opt/airflow/dags/env/Scripts/pyrsa-sign.exe
[2025-03-29T17:08:05.835+0000] {processor.py:914} INFO - Processing file /opt/airflow/dags/env/Scripts/pyrsa-sign.exe for tasks to queue
[2025-03-29T17:08:05.838+0000] {logging_mixin.py:190} INFO - [2025-03-29T17:08:05.837+0000] {dagbag.py:588} INFO - Filling up the DagBag from /opt/airflow/dags/env/Scripts/pyrsa-sign.exe
[2025-03-29T17:08:05.849+0000] {logging_mixin.py:190} INFO - [2025-03-29T17:08:05.848+0000] {dagbag.py:435} INFO - File /opt/airflow/dags/env/Scripts/pyrsa-sign.exe:__main__.py assumed to contain no DAGs. Skipping.
[2025-03-29T17:08:05.850+0000] {processor.py:927} WARNING - No viable dags retrieved from /opt/airflow/dags/env/Scripts/pyrsa-sign.exe
[2025-03-29T17:08:05.873+0000] {processor.py:208} INFO - Processing /opt/airflow/dags/env/Scripts/pyrsa-sign.exe took 0.046 seconds
[2025-03-29T17:08:37.308+0000] {processor.py:186} INFO - Started process (PID=256) to work on /opt/airflow/dags/env/Scripts/pyrsa-sign.exe
[2025-03-29T17:08:37.309+0000] {processor.py:914} INFO - Processing file /opt/airflow/dags/env/Scripts/pyrsa-sign.exe for tasks to queue
[2025-03-29T17:08:37.314+0000] {logging_mixin.py:190} INFO - [2025-03-29T17:08:37.313+0000] {dagbag.py:588} INFO - Filling up the DagBag from /opt/airflow/dags/env/Scripts/pyrsa-sign.exe
[2025-03-29T17:08:37.335+0000] {logging_mixin.py:190} INFO - [2025-03-29T17:08:37.335+0000] {dagbag.py:435} INFO - File /opt/airflow/dags/env/Scripts/pyrsa-sign.exe:__main__.py assumed to contain no DAGs. Skipping.
[2025-03-29T17:08:37.337+0000] {processor.py:927} WARNING - No viable dags retrieved from /opt/airflow/dags/env/Scripts/pyrsa-sign.exe
[2025-03-29T17:08:37.372+0000] {processor.py:208} INFO - Processing /opt/airflow/dags/env/Scripts/pyrsa-sign.exe took 0.073 seconds
[2025-03-29T17:09:07.634+0000] {processor.py:186} INFO - Started process (PID=280) to work on /opt/airflow/dags/env/Scripts/pyrsa-sign.exe
[2025-03-29T17:09:07.636+0000] {processor.py:914} INFO - Processing file /opt/airflow/dags/env/Scripts/pyrsa-sign.exe for tasks to queue
[2025-03-29T17:09:07.639+0000] {logging_mixin.py:190} INFO - [2025-03-29T17:09:07.639+0000] {dagbag.py:588} INFO - Filling up the DagBag from /opt/airflow/dags/env/Scripts/pyrsa-sign.exe
[2025-03-29T17:09:07.653+0000] {logging_mixin.py:190} INFO - [2025-03-29T17:09:07.653+0000] {dagbag.py:435} INFO - File /opt/airflow/dags/env/Scripts/pyrsa-sign.exe:__main__.py assumed to contain no DAGs. Skipping.
[2025-03-29T17:09:07.654+0000] {processor.py:927} WARNING - No viable dags retrieved from /opt/airflow/dags/env/Scripts/pyrsa-sign.exe
[2025-03-29T17:09:07.678+0000] {processor.py:208} INFO - Processing /opt/airflow/dags/env/Scripts/pyrsa-sign.exe took 0.051 seconds
[2025-03-29T17:13:08.686+0000] {processor.py:186} INFO - Started process (PID=286) to work on /opt/airflow/dags/env/Scripts/pyrsa-sign.exe
[2025-03-29T17:13:08.688+0000] {processor.py:914} INFO - Processing file /opt/airflow/dags/env/Scripts/pyrsa-sign.exe for tasks to queue
[2025-03-29T17:13:08.691+0000] {logging_mixin.py:190} INFO - [2025-03-29T17:13:08.690+0000] {dagbag.py:588} INFO - Filling up the DagBag from /opt/airflow/dags/env/Scripts/pyrsa-sign.exe
[2025-03-29T17:13:08.700+0000] {logging_mixin.py:190} INFO - [2025-03-29T17:13:08.700+0000] {dagbag.py:435} INFO - File /opt/airflow/dags/env/Scripts/pyrsa-sign.exe:__main__.py assumed to contain no DAGs. Skipping.
[2025-03-29T17:13:08.701+0000] {processor.py:927} WARNING - No viable dags retrieved from /opt/airflow/dags/env/Scripts/pyrsa-sign.exe
[2025-03-29T17:13:08.724+0000] {processor.py:208} INFO - Processing /opt/airflow/dags/env/Scripts/pyrsa-sign.exe took 0.045 seconds
[2025-03-29T17:13:40.320+0000] {processor.py:186} INFO - Started process (PID=310) to work on /opt/airflow/dags/env/Scripts/pyrsa-sign.exe
[2025-03-29T17:13:40.322+0000] {processor.py:914} INFO - Processing file /opt/airflow/dags/env/Scripts/pyrsa-sign.exe for tasks to queue
[2025-03-29T17:13:40.327+0000] {logging_mixin.py:190} INFO - [2025-03-29T17:13:40.326+0000] {dagbag.py:588} INFO - Filling up the DagBag from /opt/airflow/dags/env/Scripts/pyrsa-sign.exe
[2025-03-29T17:13:40.344+0000] {logging_mixin.py:190} INFO - [2025-03-29T17:13:40.344+0000] {dagbag.py:435} INFO - File /opt/airflow/dags/env/Scripts/pyrsa-sign.exe:__main__.py assumed to contain no DAGs. Skipping.
[2025-03-29T17:13:40.346+0000] {processor.py:927} WARNING - No viable dags retrieved from /opt/airflow/dags/env/Scripts/pyrsa-sign.exe
[2025-03-29T17:13:40.377+0000] {processor.py:208} INFO - Processing /opt/airflow/dags/env/Scripts/pyrsa-sign.exe took 0.070 seconds
[2025-03-29T17:18:12.119+0000] {processor.py:186} INFO - Started process (PID=338) to work on /opt/airflow/dags/env/Scripts/pyrsa-sign.exe
[2025-03-29T17:18:12.120+0000] {processor.py:914} INFO - Processing file /opt/airflow/dags/env/Scripts/pyrsa-sign.exe for tasks to queue
[2025-03-29T17:18:12.124+0000] {logging_mixin.py:190} INFO - [2025-03-29T17:18:12.123+0000] {dagbag.py:588} INFO - Filling up the DagBag from /opt/airflow/dags/env/Scripts/pyrsa-sign.exe
[2025-03-29T17:18:12.137+0000] {logging_mixin.py:190} INFO - [2025-03-29T17:18:12.136+0000] {dagbag.py:435} INFO - File /opt/airflow/dags/env/Scripts/pyrsa-sign.exe:__main__.py assumed to contain no DAGs. Skipping.
[2025-03-29T17:18:12.138+0000] {processor.py:927} WARNING - No viable dags retrieved from /opt/airflow/dags/env/Scripts/pyrsa-sign.exe
[2025-03-29T17:18:12.162+0000] {processor.py:208} INFO - Processing /opt/airflow/dags/env/Scripts/pyrsa-sign.exe took 0.050 seconds
[2025-03-29T17:18:43.473+0000] {processor.py:186} INFO - Started process (PID=362) to work on /opt/airflow/dags/env/Scripts/pyrsa-sign.exe
[2025-03-29T17:18:43.474+0000] {processor.py:914} INFO - Processing file /opt/airflow/dags/env/Scripts/pyrsa-sign.exe for tasks to queue
[2025-03-29T17:18:43.478+0000] {logging_mixin.py:190} INFO - [2025-03-29T17:18:43.477+0000] {dagbag.py:588} INFO - Filling up the DagBag from /opt/airflow/dags/env/Scripts/pyrsa-sign.exe
[2025-03-29T17:18:43.489+0000] {logging_mixin.py:190} INFO - [2025-03-29T17:18:43.489+0000] {dagbag.py:435} INFO - File /opt/airflow/dags/env/Scripts/pyrsa-sign.exe:__main__.py assumed to contain no DAGs. Skipping.
[2025-03-29T17:18:43.490+0000] {processor.py:927} WARNING - No viable dags retrieved from /opt/airflow/dags/env/Scripts/pyrsa-sign.exe
[2025-03-29T17:18:43.514+0000] {processor.py:208} INFO - Processing /opt/airflow/dags/env/Scripts/pyrsa-sign.exe took 0.050 seconds
[2025-03-29T17:23:05.107+0000] {processor.py:186} INFO - Started process (PID=388) to work on /opt/airflow/dags/env/Scripts/pyrsa-sign.exe
[2025-03-29T17:23:05.109+0000] {processor.py:914} INFO - Processing file /opt/airflow/dags/env/Scripts/pyrsa-sign.exe for tasks to queue
[2025-03-29T17:23:05.113+0000] {logging_mixin.py:190} INFO - [2025-03-29T17:23:05.112+0000] {dagbag.py:588} INFO - Filling up the DagBag from /opt/airflow/dags/env/Scripts/pyrsa-sign.exe
[2025-03-29T17:23:05.131+0000] {logging_mixin.py:190} INFO - [2025-03-29T17:23:05.130+0000] {dagbag.py:435} INFO - File /opt/airflow/dags/env/Scripts/pyrsa-sign.exe:__main__.py assumed to contain no DAGs. Skipping.
[2025-03-29T17:23:05.132+0000] {processor.py:927} WARNING - No viable dags retrieved from /opt/airflow/dags/env/Scripts/pyrsa-sign.exe
[2025-03-29T17:23:05.162+0000] {processor.py:208} INFO - Processing /opt/airflow/dags/env/Scripts/pyrsa-sign.exe took 0.063 seconds
[2025-03-29T17:23:36.545+0000] {processor.py:186} INFO - Started process (PID=412) to work on /opt/airflow/dags/env/Scripts/pyrsa-sign.exe
[2025-03-29T17:23:36.546+0000] {processor.py:914} INFO - Processing file /opt/airflow/dags/env/Scripts/pyrsa-sign.exe for tasks to queue
[2025-03-29T17:23:36.549+0000] {logging_mixin.py:190} INFO - [2025-03-29T17:23:36.548+0000] {dagbag.py:588} INFO - Filling up the DagBag from /opt/airflow/dags/env/Scripts/pyrsa-sign.exe
[2025-03-29T17:23:36.560+0000] {logging_mixin.py:190} INFO - [2025-03-29T17:23:36.560+0000] {dagbag.py:435} INFO - File /opt/airflow/dags/env/Scripts/pyrsa-sign.exe:__main__.py assumed to contain no DAGs. Skipping.
[2025-03-29T17:23:36.561+0000] {processor.py:927} WARNING - No viable dags retrieved from /opt/airflow/dags/env/Scripts/pyrsa-sign.exe
[2025-03-29T17:23:36.585+0000] {processor.py:208} INFO - Processing /opt/airflow/dags/env/Scripts/pyrsa-sign.exe took 0.048 seconds
[2025-03-29T17:24:07.706+0000] {processor.py:186} INFO - Started process (PID=436) to work on /opt/airflow/dags/env/Scripts/pyrsa-sign.exe
[2025-03-29T17:24:07.707+0000] {processor.py:914} INFO - Processing file /opt/airflow/dags/env/Scripts/pyrsa-sign.exe for tasks to queue
[2025-03-29T17:24:07.710+0000] {logging_mixin.py:190} INFO - [2025-03-29T17:24:07.710+0000] {dagbag.py:588} INFO - Filling up the DagBag from /opt/airflow/dags/env/Scripts/pyrsa-sign.exe
[2025-03-29T17:24:07.725+0000] {logging_mixin.py:190} INFO - [2025-03-29T17:24:07.725+0000] {dagbag.py:435} INFO - File /opt/airflow/dags/env/Scripts/pyrsa-sign.exe:__main__.py assumed to contain no DAGs. Skipping.
[2025-03-29T17:24:07.726+0000] {processor.py:927} WARNING - No viable dags retrieved from /opt/airflow/dags/env/Scripts/pyrsa-sign.exe
[2025-03-29T17:24:07.751+0000] {processor.py:208} INFO - Processing /opt/airflow/dags/env/Scripts/pyrsa-sign.exe took 0.052 seconds
[2025-03-29T17:28:10.306+0000] {processor.py:186} INFO - Started process (PID=446) to work on /opt/airflow/dags/env/Scripts/pyrsa-sign.exe
[2025-03-29T17:28:10.307+0000] {processor.py:914} INFO - Processing file /opt/airflow/dags/env/Scripts/pyrsa-sign.exe for tasks to queue
[2025-03-29T17:28:10.312+0000] {logging_mixin.py:190} INFO - [2025-03-29T17:28:10.311+0000] {dagbag.py:588} INFO - Filling up the DagBag from /opt/airflow/dags/env/Scripts/pyrsa-sign.exe
[2025-03-29T17:28:10.326+0000] {logging_mixin.py:190} INFO - [2025-03-29T17:28:10.325+0000] {dagbag.py:435} INFO - File /opt/airflow/dags/env/Scripts/pyrsa-sign.exe:__main__.py assumed to contain no DAGs. Skipping.
[2025-03-29T17:28:10.327+0000] {processor.py:927} WARNING - No viable dags retrieved from /opt/airflow/dags/env/Scripts/pyrsa-sign.exe
[2025-03-29T17:28:10.354+0000] {processor.py:208} INFO - Processing /opt/airflow/dags/env/Scripts/pyrsa-sign.exe took 0.060 seconds
[2025-03-29T17:28:41.209+0000] {processor.py:186} INFO - Started process (PID=470) to work on /opt/airflow/dags/env/Scripts/pyrsa-sign.exe
[2025-03-29T17:28:41.210+0000] {processor.py:914} INFO - Processing file /opt/airflow/dags/env/Scripts/pyrsa-sign.exe for tasks to queue
[2025-03-29T17:28:41.213+0000] {logging_mixin.py:190} INFO - [2025-03-29T17:28:41.212+0000] {dagbag.py:588} INFO - Filling up the DagBag from /opt/airflow/dags/env/Scripts/pyrsa-sign.exe
[2025-03-29T17:28:41.229+0000] {logging_mixin.py:190} INFO - [2025-03-29T17:28:41.228+0000] {dagbag.py:435} INFO - File /opt/airflow/dags/env/Scripts/pyrsa-sign.exe:__main__.py assumed to contain no DAGs. Skipping.
[2025-03-29T17:28:41.231+0000] {processor.py:927} WARNING - No viable dags retrieved from /opt/airflow/dags/env/Scripts/pyrsa-sign.exe
[2025-03-29T17:28:41.266+0000] {processor.py:208} INFO - Processing /opt/airflow/dags/env/Scripts/pyrsa-sign.exe took 0.065 seconds
[2025-03-29T17:33:08.365+0000] {processor.py:186} INFO - Started process (PID=498) to work on /opt/airflow/dags/env/Scripts/pyrsa-sign.exe
[2025-03-29T17:33:08.367+0000] {processor.py:914} INFO - Processing file /opt/airflow/dags/env/Scripts/pyrsa-sign.exe for tasks to queue
[2025-03-29T17:33:08.370+0000] {logging_mixin.py:190} INFO - [2025-03-29T17:33:08.370+0000] {dagbag.py:588} INFO - Filling up the DagBag from /opt/airflow/dags/env/Scripts/pyrsa-sign.exe
[2025-03-29T17:33:08.384+0000] {logging_mixin.py:190} INFO - [2025-03-29T17:33:08.384+0000] {dagbag.py:435} INFO - File /opt/airflow/dags/env/Scripts/pyrsa-sign.exe:__main__.py assumed to contain no DAGs. Skipping.
[2025-03-29T17:33:08.385+0000] {processor.py:927} WARNING - No viable dags retrieved from /opt/airflow/dags/env/Scripts/pyrsa-sign.exe
[2025-03-29T17:33:08.410+0000] {processor.py:208} INFO - Processing /opt/airflow/dags/env/Scripts/pyrsa-sign.exe took 0.051 seconds
[2025-03-29T17:33:39.975+0000] {processor.py:186} INFO - Started process (PID=522) to work on /opt/airflow/dags/env/Scripts/pyrsa-sign.exe
[2025-03-29T17:33:39.976+0000] {processor.py:914} INFO - Processing file /opt/airflow/dags/env/Scripts/pyrsa-sign.exe for tasks to queue
[2025-03-29T17:33:39.979+0000] {logging_mixin.py:190} INFO - [2025-03-29T17:33:39.979+0000] {dagbag.py:588} INFO - Filling up the DagBag from /opt/airflow/dags/env/Scripts/pyrsa-sign.exe
[2025-03-29T17:33:39.990+0000] {logging_mixin.py:190} INFO - [2025-03-29T17:33:39.990+0000] {dagbag.py:435} INFO - File /opt/airflow/dags/env/Scripts/pyrsa-sign.exe:__main__.py assumed to contain no DAGs. Skipping.
[2025-03-29T17:33:39.991+0000] {processor.py:927} WARNING - No viable dags retrieved from /opt/airflow/dags/env/Scripts/pyrsa-sign.exe
[2025-03-29T17:33:40.015+0000] {processor.py:208} INFO - Processing /opt/airflow/dags/env/Scripts/pyrsa-sign.exe took 0.047 seconds
[2025-03-29T17:34:10.770+0000] {processor.py:186} INFO - Started process (PID=546) to work on /opt/airflow/dags/env/Scripts/pyrsa-sign.exe
[2025-03-29T17:34:10.772+0000] {processor.py:914} INFO - Processing file /opt/airflow/dags/env/Scripts/pyrsa-sign.exe for tasks to queue
[2025-03-29T17:34:10.775+0000] {logging_mixin.py:190} INFO - [2025-03-29T17:34:10.774+0000] {dagbag.py:588} INFO - Filling up the DagBag from /opt/airflow/dags/env/Scripts/pyrsa-sign.exe
[2025-03-29T17:34:10.788+0000] {logging_mixin.py:190} INFO - [2025-03-29T17:34:10.787+0000] {dagbag.py:435} INFO - File /opt/airflow/dags/env/Scripts/pyrsa-sign.exe:__main__.py assumed to contain no DAGs. Skipping.
[2025-03-29T17:34:10.789+0000] {processor.py:927} WARNING - No viable dags retrieved from /opt/airflow/dags/env/Scripts/pyrsa-sign.exe
[2025-03-29T17:34:10.814+0000] {processor.py:208} INFO - Processing /opt/airflow/dags/env/Scripts/pyrsa-sign.exe took 0.051 seconds
[2025-03-29T17:38:06.338+0000] {processor.py:186} INFO - Started process (PID=552) to work on /opt/airflow/dags/env/Scripts/pyrsa-sign.exe
[2025-03-29T17:38:06.339+0000] {processor.py:914} INFO - Processing file /opt/airflow/dags/env/Scripts/pyrsa-sign.exe for tasks to queue
[2025-03-29T17:38:06.342+0000] {logging_mixin.py:190} INFO - [2025-03-29T17:38:06.342+0000] {dagbag.py:588} INFO - Filling up the DagBag from /opt/airflow/dags/env/Scripts/pyrsa-sign.exe
[2025-03-29T17:38:06.355+0000] {logging_mixin.py:190} INFO - [2025-03-29T17:38:06.355+0000] {dagbag.py:435} INFO - File /opt/airflow/dags/env/Scripts/pyrsa-sign.exe:__main__.py assumed to contain no DAGs. Skipping.
[2025-03-29T17:38:06.356+0000] {processor.py:927} WARNING - No viable dags retrieved from /opt/airflow/dags/env/Scripts/pyrsa-sign.exe
[2025-03-29T17:38:06.380+0000] {processor.py:208} INFO - Processing /opt/airflow/dags/env/Scripts/pyrsa-sign.exe took 0.049 seconds
[2025-03-29T17:38:37.772+0000] {processor.py:186} INFO - Started process (PID=576) to work on /opt/airflow/dags/env/Scripts/pyrsa-sign.exe
[2025-03-29T17:38:37.773+0000] {processor.py:914} INFO - Processing file /opt/airflow/dags/env/Scripts/pyrsa-sign.exe for tasks to queue
[2025-03-29T17:38:37.777+0000] {logging_mixin.py:190} INFO - [2025-03-29T17:38:37.776+0000] {dagbag.py:588} INFO - Filling up the DagBag from /opt/airflow/dags/env/Scripts/pyrsa-sign.exe
[2025-03-29T17:38:37.789+0000] {logging_mixin.py:190} INFO - [2025-03-29T17:38:37.789+0000] {dagbag.py:435} INFO - File /opt/airflow/dags/env/Scripts/pyrsa-sign.exe:__main__.py assumed to contain no DAGs. Skipping.
[2025-03-29T17:38:37.790+0000] {processor.py:927} WARNING - No viable dags retrieved from /opt/airflow/dags/env/Scripts/pyrsa-sign.exe
[2025-03-29T17:38:37.815+0000] {processor.py:208} INFO - Processing /opt/airflow/dags/env/Scripts/pyrsa-sign.exe took 0.050 seconds
[2025-03-29T17:39:08.474+0000] {processor.py:186} INFO - Started process (PID=600) to work on /opt/airflow/dags/env/Scripts/pyrsa-sign.exe
[2025-03-29T17:39:08.476+0000] {processor.py:914} INFO - Processing file /opt/airflow/dags/env/Scripts/pyrsa-sign.exe for tasks to queue
[2025-03-29T17:39:08.479+0000] {logging_mixin.py:190} INFO - [2025-03-29T17:39:08.478+0000] {dagbag.py:588} INFO - Filling up the DagBag from /opt/airflow/dags/env/Scripts/pyrsa-sign.exe
[2025-03-29T17:39:08.492+0000] {logging_mixin.py:190} INFO - [2025-03-29T17:39:08.492+0000] {dagbag.py:435} INFO - File /opt/airflow/dags/env/Scripts/pyrsa-sign.exe:__main__.py assumed to contain no DAGs. Skipping.
[2025-03-29T17:39:08.493+0000] {processor.py:927} WARNING - No viable dags retrieved from /opt/airflow/dags/env/Scripts/pyrsa-sign.exe
[2025-03-29T17:39:08.518+0000] {processor.py:208} INFO - Processing /opt/airflow/dags/env/Scripts/pyrsa-sign.exe took 0.050 seconds
[2025-03-29T17:43:06.743+0000] {processor.py:186} INFO - Started process (PID=608) to work on /opt/airflow/dags/env/Scripts/pyrsa-sign.exe
[2025-03-29T17:43:06.744+0000] {processor.py:914} INFO - Processing file /opt/airflow/dags/env/Scripts/pyrsa-sign.exe for tasks to queue
[2025-03-29T17:43:06.747+0000] {logging_mixin.py:190} INFO - [2025-03-29T17:43:06.747+0000] {dagbag.py:588} INFO - Filling up the DagBag from /opt/airflow/dags/env/Scripts/pyrsa-sign.exe
[2025-03-29T17:43:06.758+0000] {logging_mixin.py:190} INFO - [2025-03-29T17:43:06.758+0000] {dagbag.py:435} INFO - File /opt/airflow/dags/env/Scripts/pyrsa-sign.exe:__main__.py assumed to contain no DAGs. Skipping.
[2025-03-29T17:43:06.759+0000] {processor.py:927} WARNING - No viable dags retrieved from /opt/airflow/dags/env/Scripts/pyrsa-sign.exe
[2025-03-29T17:43:06.782+0000] {processor.py:208} INFO - Processing /opt/airflow/dags/env/Scripts/pyrsa-sign.exe took 0.046 seconds
[2025-03-29T17:43:38.241+0000] {processor.py:186} INFO - Started process (PID=632) to work on /opt/airflow/dags/env/Scripts/pyrsa-sign.exe
[2025-03-29T17:43:38.243+0000] {processor.py:914} INFO - Processing file /opt/airflow/dags/env/Scripts/pyrsa-sign.exe for tasks to queue
[2025-03-29T17:43:38.246+0000] {logging_mixin.py:190} INFO - [2025-03-29T17:43:38.246+0000] {dagbag.py:588} INFO - Filling up the DagBag from /opt/airflow/dags/env/Scripts/pyrsa-sign.exe
[2025-03-29T17:43:38.260+0000] {logging_mixin.py:190} INFO - [2025-03-29T17:43:38.260+0000] {dagbag.py:435} INFO - File /opt/airflow/dags/env/Scripts/pyrsa-sign.exe:__main__.py assumed to contain no DAGs. Skipping.
[2025-03-29T17:43:38.262+0000] {processor.py:927} WARNING - No viable dags retrieved from /opt/airflow/dags/env/Scripts/pyrsa-sign.exe
[2025-03-29T17:43:38.288+0000] {processor.py:208} INFO - Processing /opt/airflow/dags/env/Scripts/pyrsa-sign.exe took 0.056 seconds
[2025-03-29T17:44:08.740+0000] {processor.py:186} INFO - Started process (PID=656) to work on /opt/airflow/dags/env/Scripts/pyrsa-sign.exe
[2025-03-29T17:44:08.741+0000] {processor.py:914} INFO - Processing file /opt/airflow/dags/env/Scripts/pyrsa-sign.exe for tasks to queue
[2025-03-29T17:44:08.744+0000] {logging_mixin.py:190} INFO - [2025-03-29T17:44:08.744+0000] {dagbag.py:588} INFO - Filling up the DagBag from /opt/airflow/dags/env/Scripts/pyrsa-sign.exe
[2025-03-29T17:44:08.765+0000] {logging_mixin.py:190} INFO - [2025-03-29T17:44:08.765+0000] {dagbag.py:435} INFO - File /opt/airflow/dags/env/Scripts/pyrsa-sign.exe:__main__.py assumed to contain no DAGs. Skipping.
[2025-03-29T17:44:08.767+0000] {processor.py:927} WARNING - No viable dags retrieved from /opt/airflow/dags/env/Scripts/pyrsa-sign.exe
[2025-03-29T17:44:08.795+0000] {processor.py:208} INFO - Processing /opt/airflow/dags/env/Scripts/pyrsa-sign.exe took 0.063 seconds
[2025-03-29T17:48:09.970+0000] {processor.py:186} INFO - Started process (PID=663) to work on /opt/airflow/dags/env/Scripts/pyrsa-sign.exe
[2025-03-29T17:48:09.971+0000] {processor.py:914} INFO - Processing file /opt/airflow/dags/env/Scripts/pyrsa-sign.exe for tasks to queue
[2025-03-29T17:48:09.975+0000] {logging_mixin.py:190} INFO - [2025-03-29T17:48:09.974+0000] {dagbag.py:588} INFO - Filling up the DagBag from /opt/airflow/dags/env/Scripts/pyrsa-sign.exe
[2025-03-29T17:48:09.986+0000] {logging_mixin.py:190} INFO - [2025-03-29T17:48:09.986+0000] {dagbag.py:435} INFO - File /opt/airflow/dags/env/Scripts/pyrsa-sign.exe:__main__.py assumed to contain no DAGs. Skipping.
[2025-03-29T17:48:09.987+0000] {processor.py:927} WARNING - No viable dags retrieved from /opt/airflow/dags/env/Scripts/pyrsa-sign.exe
[2025-03-29T17:48:10.010+0000] {processor.py:208} INFO - Processing /opt/airflow/dags/env/Scripts/pyrsa-sign.exe took 0.047 seconds
[2025-03-29T17:48:41.438+0000] {processor.py:186} INFO - Started process (PID=687) to work on /opt/airflow/dags/env/Scripts/pyrsa-sign.exe
[2025-03-29T17:48:41.439+0000] {processor.py:914} INFO - Processing file /opt/airflow/dags/env/Scripts/pyrsa-sign.exe for tasks to queue
[2025-03-29T17:48:41.443+0000] {logging_mixin.py:190} INFO - [2025-03-29T17:48:41.443+0000] {dagbag.py:588} INFO - Filling up the DagBag from /opt/airflow/dags/env/Scripts/pyrsa-sign.exe
[2025-03-29T17:48:41.457+0000] {logging_mixin.py:190} INFO - [2025-03-29T17:48:41.457+0000] {dagbag.py:435} INFO - File /opt/airflow/dags/env/Scripts/pyrsa-sign.exe:__main__.py assumed to contain no DAGs. Skipping.
[2025-03-29T17:48:41.458+0000] {processor.py:927} WARNING - No viable dags retrieved from /opt/airflow/dags/env/Scripts/pyrsa-sign.exe
[2025-03-29T17:48:41.487+0000] {processor.py:208} INFO - Processing /opt/airflow/dags/env/Scripts/pyrsa-sign.exe took 0.058 seconds
[2025-03-29T17:53:11.730+0000] {processor.py:186} INFO - Started process (PID=716) to work on /opt/airflow/dags/env/Scripts/pyrsa-sign.exe
[2025-03-29T17:53:11.731+0000] {processor.py:914} INFO - Processing file /opt/airflow/dags/env/Scripts/pyrsa-sign.exe for tasks to queue
[2025-03-29T17:53:11.734+0000] {logging_mixin.py:190} INFO - [2025-03-29T17:53:11.734+0000] {dagbag.py:588} INFO - Filling up the DagBag from /opt/airflow/dags/env/Scripts/pyrsa-sign.exe
[2025-03-29T17:53:11.748+0000] {logging_mixin.py:190} INFO - [2025-03-29T17:53:11.748+0000] {dagbag.py:435} INFO - File /opt/airflow/dags/env/Scripts/pyrsa-sign.exe:__main__.py assumed to contain no DAGs. Skipping.
[2025-03-29T17:53:11.749+0000] {processor.py:927} WARNING - No viable dags retrieved from /opt/airflow/dags/env/Scripts/pyrsa-sign.exe
[2025-03-29T17:53:11.774+0000] {processor.py:208} INFO - Processing /opt/airflow/dags/env/Scripts/pyrsa-sign.exe took 0.052 seconds
[2025-03-29T17:53:43.050+0000] {processor.py:186} INFO - Started process (PID=740) to work on /opt/airflow/dags/env/Scripts/pyrsa-sign.exe
[2025-03-29T17:53:43.051+0000] {processor.py:914} INFO - Processing file /opt/airflow/dags/env/Scripts/pyrsa-sign.exe for tasks to queue
[2025-03-29T17:53:43.054+0000] {logging_mixin.py:190} INFO - [2025-03-29T17:53:43.054+0000] {dagbag.py:588} INFO - Filling up the DagBag from /opt/airflow/dags/env/Scripts/pyrsa-sign.exe
[2025-03-29T17:53:43.069+0000] {logging_mixin.py:190} INFO - [2025-03-29T17:53:43.069+0000] {dagbag.py:435} INFO - File /opt/airflow/dags/env/Scripts/pyrsa-sign.exe:__main__.py assumed to contain no DAGs. Skipping.
[2025-03-29T17:53:43.070+0000] {processor.py:927} WARNING - No viable dags retrieved from /opt/airflow/dags/env/Scripts/pyrsa-sign.exe
[2025-03-29T17:53:43.092+0000] {processor.py:208} INFO - Processing /opt/airflow/dags/env/Scripts/pyrsa-sign.exe took 0.050 seconds
[2025-03-29T17:58:13.238+0000] {processor.py:186} INFO - Started process (PID=768) to work on /opt/airflow/dags/env/Scripts/pyrsa-sign.exe
[2025-03-29T17:58:13.240+0000] {processor.py:914} INFO - Processing file /opt/airflow/dags/env/Scripts/pyrsa-sign.exe for tasks to queue
[2025-03-29T17:58:13.243+0000] {logging_mixin.py:190} INFO - [2025-03-29T17:58:13.242+0000] {dagbag.py:588} INFO - Filling up the DagBag from /opt/airflow/dags/env/Scripts/pyrsa-sign.exe
[2025-03-29T17:58:13.257+0000] {logging_mixin.py:190} INFO - [2025-03-29T17:58:13.256+0000] {dagbag.py:435} INFO - File /opt/airflow/dags/env/Scripts/pyrsa-sign.exe:__main__.py assumed to contain no DAGs. Skipping.
[2025-03-29T17:58:13.257+0000] {processor.py:927} WARNING - No viable dags retrieved from /opt/airflow/dags/env/Scripts/pyrsa-sign.exe
[2025-03-29T17:58:13.282+0000] {processor.py:208} INFO - Processing /opt/airflow/dags/env/Scripts/pyrsa-sign.exe took 0.052 seconds
[2025-03-29T17:58:44.475+0000] {processor.py:186} INFO - Started process (PID=792) to work on /opt/airflow/dags/env/Scripts/pyrsa-sign.exe
[2025-03-29T17:58:44.476+0000] {processor.py:914} INFO - Processing file /opt/airflow/dags/env/Scripts/pyrsa-sign.exe for tasks to queue
[2025-03-29T17:58:44.480+0000] {logging_mixin.py:190} INFO - [2025-03-29T17:58:44.479+0000] {dagbag.py:588} INFO - Filling up the DagBag from /opt/airflow/dags/env/Scripts/pyrsa-sign.exe
[2025-03-29T17:58:44.497+0000] {logging_mixin.py:190} INFO - [2025-03-29T17:58:44.497+0000] {dagbag.py:435} INFO - File /opt/airflow/dags/env/Scripts/pyrsa-sign.exe:__main__.py assumed to contain no DAGs. Skipping.
[2025-03-29T17:58:44.498+0000] {processor.py:927} WARNING - No viable dags retrieved from /opt/airflow/dags/env/Scripts/pyrsa-sign.exe
[2025-03-29T17:58:44.526+0000] {processor.py:208} INFO - Processing /opt/airflow/dags/env/Scripts/pyrsa-sign.exe took 0.059 seconds
[2025-03-29T18:40:38.015+0000] {processor.py:186} INFO - Started process (PID=820) to work on /opt/airflow/dags/env/Scripts/pyrsa-sign.exe
[2025-03-29T18:40:38.016+0000] {processor.py:914} INFO - Processing file /opt/airflow/dags/env/Scripts/pyrsa-sign.exe for tasks to queue
[2025-03-29T18:40:38.019+0000] {logging_mixin.py:190} INFO - [2025-03-29T18:40:38.019+0000] {dagbag.py:588} INFO - Filling up the DagBag from /opt/airflow/dags/env/Scripts/pyrsa-sign.exe
[2025-03-29T18:40:38.032+0000] {logging_mixin.py:190} INFO - [2025-03-29T18:40:38.031+0000] {dagbag.py:435} INFO - File /opt/airflow/dags/env/Scripts/pyrsa-sign.exe:__main__.py assumed to contain no DAGs. Skipping.
[2025-03-29T18:40:38.032+0000] {processor.py:927} WARNING - No viable dags retrieved from /opt/airflow/dags/env/Scripts/pyrsa-sign.exe
[2025-03-29T18:40:38.059+0000] {processor.py:208} INFO - Processing /opt/airflow/dags/env/Scripts/pyrsa-sign.exe took 0.052 seconds
[2025-03-29T18:41:08.552+0000] {processor.py:186} INFO - Started process (PID=844) to work on /opt/airflow/dags/env/Scripts/pyrsa-sign.exe
[2025-03-29T18:41:08.554+0000] {processor.py:914} INFO - Processing file /opt/airflow/dags/env/Scripts/pyrsa-sign.exe for tasks to queue
[2025-03-29T18:41:08.558+0000] {logging_mixin.py:190} INFO - [2025-03-29T18:41:08.557+0000] {dagbag.py:588} INFO - Filling up the DagBag from /opt/airflow/dags/env/Scripts/pyrsa-sign.exe
[2025-03-29T18:41:08.571+0000] {logging_mixin.py:190} INFO - [2025-03-29T18:41:08.570+0000] {dagbag.py:435} INFO - File /opt/airflow/dags/env/Scripts/pyrsa-sign.exe:__main__.py assumed to contain no DAGs. Skipping.
[2025-03-29T18:41:08.572+0000] {processor.py:927} WARNING - No viable dags retrieved from /opt/airflow/dags/env/Scripts/pyrsa-sign.exe
[2025-03-29T18:41:08.595+0000] {processor.py:208} INFO - Processing /opt/airflow/dags/env/Scripts/pyrsa-sign.exe took 0.050 seconds
[2025-03-29T19:25:33.763+0000] {processor.py:186} INFO - Started process (PID=856) to work on /opt/airflow/dags/env/Scripts/pyrsa-sign.exe
[2025-03-29T19:25:33.765+0000] {processor.py:914} INFO - Processing file /opt/airflow/dags/env/Scripts/pyrsa-sign.exe for tasks to queue
[2025-03-29T19:25:33.771+0000] {logging_mixin.py:190} INFO - [2025-03-29T19:25:33.770+0000] {dagbag.py:588} INFO - Filling up the DagBag from /opt/airflow/dags/env/Scripts/pyrsa-sign.exe
[2025-03-29T19:25:33.796+0000] {logging_mixin.py:190} INFO - [2025-03-29T19:25:33.795+0000] {dagbag.py:435} INFO - File /opt/airflow/dags/env/Scripts/pyrsa-sign.exe:__main__.py assumed to contain no DAGs. Skipping.
[2025-03-29T19:25:33.799+0000] {processor.py:927} WARNING - No viable dags retrieved from /opt/airflow/dags/env/Scripts/pyrsa-sign.exe
[2025-03-29T19:25:33.844+0000] {processor.py:208} INFO - Processing /opt/airflow/dags/env/Scripts/pyrsa-sign.exe took 0.095 seconds
[2025-03-29T21:05:49.045+0000] {processor.py:186} INFO - Started process (PID=880) to work on /opt/airflow/dags/env/Scripts/pyrsa-sign.exe
[2025-03-29T21:05:49.046+0000] {processor.py:914} INFO - Processing file /opt/airflow/dags/env/Scripts/pyrsa-sign.exe for tasks to queue
[2025-03-29T21:05:49.050+0000] {logging_mixin.py:190} INFO - [2025-03-29T21:05:49.050+0000] {dagbag.py:588} INFO - Filling up the DagBag from /opt/airflow/dags/env/Scripts/pyrsa-sign.exe
[2025-03-29T21:05:49.061+0000] {logging_mixin.py:190} INFO - [2025-03-29T21:05:49.061+0000] {dagbag.py:435} INFO - File /opt/airflow/dags/env/Scripts/pyrsa-sign.exe:__main__.py assumed to contain no DAGs. Skipping.
[2025-03-29T21:05:49.062+0000] {processor.py:927} WARNING - No viable dags retrieved from /opt/airflow/dags/env/Scripts/pyrsa-sign.exe
[2025-03-29T21:05:49.086+0000] {processor.py:208} INFO - Processing /opt/airflow/dags/env/Scripts/pyrsa-sign.exe took 0.048 seconds
[2025-03-29T21:49:51.358+0000] {processor.py:186} INFO - Started process (PID=899) to work on /opt/airflow/dags/env/Scripts/pyrsa-sign.exe
[2025-03-29T21:49:51.360+0000] {processor.py:914} INFO - Processing file /opt/airflow/dags/env/Scripts/pyrsa-sign.exe for tasks to queue
[2025-03-29T21:49:51.366+0000] {logging_mixin.py:190} INFO - [2025-03-29T21:49:51.365+0000] {dagbag.py:588} INFO - Filling up the DagBag from /opt/airflow/dags/env/Scripts/pyrsa-sign.exe
[2025-03-29T21:49:51.390+0000] {logging_mixin.py:190} INFO - [2025-03-29T21:49:51.390+0000] {dagbag.py:435} INFO - File /opt/airflow/dags/env/Scripts/pyrsa-sign.exe:__main__.py assumed to contain no DAGs. Skipping.
[2025-03-29T21:49:51.392+0000] {processor.py:927} WARNING - No viable dags retrieved from /opt/airflow/dags/env/Scripts/pyrsa-sign.exe
[2025-03-29T21:49:51.434+0000] {processor.py:208} INFO - Processing /opt/airflow/dags/env/Scripts/pyrsa-sign.exe took 0.092 seconds
