[2025-03-29T00:47:28.570+0000] {processor.py:186} INFO - Started process (PID=430) to work on /opt/airflow/dags/env/Scripts/pyrsa-decrypt.exe
[2025-03-29T00:47:28.571+0000] {processor.py:914} INFO - Processing file /opt/airflow/dags/env/Scripts/pyrsa-decrypt.exe for tasks to queue
[2025-03-29T00:47:28.575+0000] {logging_mixin.py:190} INFO - [2025-03-29T00:47:28.575+0000] {dagbag.py:588} INFO - Filling up the DagBag from /opt/airflow/dags/env/Scripts/pyrsa-decrypt.exe
[2025-03-29T00:47:28.593+0000] {logging_mixin.py:190} INFO - [2025-03-29T00:47:28.593+0000] {dagbag.py:435} INFO - File /opt/airflow/dags/env/Scripts/pyrsa-decrypt.exe:__main__.py assumed to contain no DAGs. Skipping.
[2025-03-29T00:47:28.595+0000] {processor.py:927} WARNING - No viable dags retrieved from /opt/airflow/dags/env/Scripts/pyrsa-decrypt.exe
[2025-03-29T00:47:28.622+0000] {processor.py:208} INFO - Processing /opt/airflow/dags/env/Scripts/pyrsa-decrypt.exe took 0.060 seconds
[2025-03-29T00:52:24.145+0000] {processor.py:186} INFO - Started process (PID=458) to work on /opt/airflow/dags/env/Scripts/pyrsa-decrypt.exe
[2025-03-29T00:52:24.147+0000] {processor.py:914} INFO - Processing file /opt/airflow/dags/env/Scripts/pyrsa-decrypt.exe for tasks to queue
[2025-03-29T00:52:24.150+0000] {logging_mixin.py:190} INFO - [2025-03-29T00:52:24.150+0000] {dagbag.py:588} INFO - Filling up the DagBag from /opt/airflow/dags/env/Scripts/pyrsa-decrypt.exe
[2025-03-29T00:52:24.166+0000] {logging_mixin.py:190} INFO - [2025-03-29T00:52:24.166+0000] {dagbag.py:435} INFO - File /opt/airflow/dags/env/Scripts/pyrsa-decrypt.exe:__main__.py assumed to contain no DAGs. Skipping.
[2025-03-29T00:52:24.167+0000] {processor.py:927} WARNING - No viable dags retrieved from /opt/airflow/dags/env/Scripts/pyrsa-decrypt.exe
[2025-03-29T00:52:24.190+0000] {processor.py:208} INFO - Processing /opt/airflow/dags/env/Scripts/pyrsa-decrypt.exe took 0.052 seconds
[2025-03-29T00:57:27.218+0000] {processor.py:186} INFO - Started process (PID=488) to work on /opt/airflow/dags/env/Scripts/pyrsa-decrypt.exe
[2025-03-29T00:57:27.219+0000] {processor.py:914} INFO - Processing file /opt/airflow/dags/env/Scripts/pyrsa-decrypt.exe for tasks to queue
[2025-03-29T00:57:27.224+0000] {logging_mixin.py:190} INFO - [2025-03-29T00:57:27.223+0000] {dagbag.py:588} INFO - Filling up the DagBag from /opt/airflow/dags/env/Scripts/pyrsa-decrypt.exe
[2025-03-29T00:57:27.245+0000] {logging_mixin.py:190} INFO - [2025-03-29T00:57:27.245+0000] {dagbag.py:435} INFO - File /opt/airflow/dags/env/Scripts/pyrsa-decrypt.exe:__main__.py assumed to contain no DAGs. Skipping.
[2025-03-29T00:57:27.247+0000] {processor.py:927} WARNING - No viable dags retrieved from /opt/airflow/dags/env/Scripts/pyrsa-decrypt.exe
[2025-03-29T00:57:27.275+0000] {processor.py:208} INFO - Processing /opt/airflow/dags/env/Scripts/pyrsa-decrypt.exe took 0.068 seconds
[2025-03-29T01:02:21.363+0000] {processor.py:186} INFO - Started process (PID=514) to work on /opt/airflow/dags/env/Scripts/pyrsa-decrypt.exe
[2025-03-29T01:02:21.364+0000] {processor.py:914} INFO - Processing file /opt/airflow/dags/env/Scripts/pyrsa-decrypt.exe for tasks to queue
[2025-03-29T01:02:21.368+0000] {logging_mixin.py:190} INFO - [2025-03-29T01:02:21.367+0000] {dagbag.py:588} INFO - Filling up the DagBag from /opt/airflow/dags/env/Scripts/pyrsa-decrypt.exe
[2025-03-29T01:02:21.381+0000] {logging_mixin.py:190} INFO - [2025-03-29T01:02:21.380+0000] {dagbag.py:435} INFO - File /opt/airflow/dags/env/Scripts/pyrsa-decrypt.exe:__main__.py assumed to contain no DAGs. Skipping.
[2025-03-29T01:02:21.382+0000] {processor.py:927} WARNING - No viable dags retrieved from /opt/airflow/dags/env/Scripts/pyrsa-decrypt.exe
[2025-03-29T01:02:21.404+0000] {processor.py:208} INFO - Processing /opt/airflow/dags/env/Scripts/pyrsa-decrypt.exe took 0.048 seconds
[2025-03-29T01:07:30.278+0000] {processor.py:186} INFO - Started process (PID=545) to work on /opt/airflow/dags/env/Scripts/pyrsa-decrypt.exe
[2025-03-29T01:07:30.279+0000] {processor.py:914} INFO - Processing file /opt/airflow/dags/env/Scripts/pyrsa-decrypt.exe for tasks to queue
[2025-03-29T01:07:30.283+0000] {logging_mixin.py:190} INFO - [2025-03-29T01:07:30.282+0000] {dagbag.py:588} INFO - Filling up the DagBag from /opt/airflow/dags/env/Scripts/pyrsa-decrypt.exe
[2025-03-29T01:07:30.298+0000] {logging_mixin.py:190} INFO - [2025-03-29T01:07:30.297+0000] {dagbag.py:435} INFO - File /opt/airflow/dags/env/Scripts/pyrsa-decrypt.exe:__main__.py assumed to contain no DAGs. Skipping.
[2025-03-29T01:07:30.299+0000] {processor.py:927} WARNING - No viable dags retrieved from /opt/airflow/dags/env/Scripts/pyrsa-decrypt.exe
[2025-03-29T01:07:30.323+0000] {processor.py:208} INFO - Processing /opt/airflow/dags/env/Scripts/pyrsa-decrypt.exe took 0.052 seconds
[2025-03-29T01:12:33.606+0000] {processor.py:186} INFO - Started process (PID=570) to work on /opt/airflow/dags/env/Scripts/pyrsa-decrypt.exe
[2025-03-29T01:12:33.608+0000] {processor.py:914} INFO - Processing file /opt/airflow/dags/env/Scripts/pyrsa-decrypt.exe for tasks to queue
[2025-03-29T01:12:33.612+0000] {logging_mixin.py:190} INFO - [2025-03-29T01:12:33.611+0000] {dagbag.py:588} INFO - Filling up the DagBag from /opt/airflow/dags/env/Scripts/pyrsa-decrypt.exe
[2025-03-29T01:12:33.633+0000] {logging_mixin.py:190} INFO - [2025-03-29T01:12:33.632+0000] {dagbag.py:435} INFO - File /opt/airflow/dags/env/Scripts/pyrsa-decrypt.exe:__main__.py assumed to contain no DAGs. Skipping.
[2025-03-29T01:12:33.634+0000] {processor.py:927} WARNING - No viable dags retrieved from /opt/airflow/dags/env/Scripts/pyrsa-decrypt.exe
[2025-03-29T01:12:33.667+0000] {processor.py:208} INFO - Processing /opt/airflow/dags/env/Scripts/pyrsa-decrypt.exe took 0.069 seconds
[2025-03-29T01:17:26.522+0000] {processor.py:186} INFO - Started process (PID=594) to work on /opt/airflow/dags/env/Scripts/pyrsa-decrypt.exe
[2025-03-29T01:17:26.523+0000] {processor.py:914} INFO - Processing file /opt/airflow/dags/env/Scripts/pyrsa-decrypt.exe for tasks to queue
[2025-03-29T01:17:26.530+0000] {logging_mixin.py:190} INFO - [2025-03-29T01:17:26.529+0000] {dagbag.py:588} INFO - Filling up the DagBag from /opt/airflow/dags/env/Scripts/pyrsa-decrypt.exe
[2025-03-29T01:17:26.553+0000] {logging_mixin.py:190} INFO - [2025-03-29T01:17:26.552+0000] {dagbag.py:435} INFO - File /opt/airflow/dags/env/Scripts/pyrsa-decrypt.exe:__main__.py assumed to contain no DAGs. Skipping.
[2025-03-29T01:17:26.554+0000] {processor.py:927} WARNING - No viable dags retrieved from /opt/airflow/dags/env/Scripts/pyrsa-decrypt.exe
[2025-03-29T01:17:26.586+0000] {processor.py:208} INFO - Processing /opt/airflow/dags/env/Scripts/pyrsa-decrypt.exe took 0.076 seconds
[2025-03-29T01:22:32.806+0000] {processor.py:186} INFO - Started process (PID=622) to work on /opt/airflow/dags/env/Scripts/pyrsa-decrypt.exe
[2025-03-29T01:22:32.807+0000] {processor.py:914} INFO - Processing file /opt/airflow/dags/env/Scripts/pyrsa-decrypt.exe for tasks to queue
[2025-03-29T01:22:32.810+0000] {logging_mixin.py:190} INFO - [2025-03-29T01:22:32.810+0000] {dagbag.py:588} INFO - Filling up the DagBag from /opt/airflow/dags/env/Scripts/pyrsa-decrypt.exe
[2025-03-29T01:22:32.824+0000] {logging_mixin.py:190} INFO - [2025-03-29T01:22:32.824+0000] {dagbag.py:435} INFO - File /opt/airflow/dags/env/Scripts/pyrsa-decrypt.exe:__main__.py assumed to contain no DAGs. Skipping.
[2025-03-29T01:22:32.825+0000] {processor.py:927} WARNING - No viable dags retrieved from /opt/airflow/dags/env/Scripts/pyrsa-decrypt.exe
[2025-03-29T01:22:32.848+0000] {processor.py:208} INFO - Processing /opt/airflow/dags/env/Scripts/pyrsa-decrypt.exe took 0.049 seconds
[2025-03-29T16:48:53.104+0000] {processor.py:186} INFO - Started process (PID=60) to work on /opt/airflow/dags/env/Scripts/pyrsa-decrypt.exe
[2025-03-29T16:48:53.105+0000] {processor.py:914} INFO - Processing file /opt/airflow/dags/env/Scripts/pyrsa-decrypt.exe for tasks to queue
[2025-03-29T16:48:53.108+0000] {logging_mixin.py:190} INFO - [2025-03-29T16:48:53.108+0000] {dagbag.py:588} INFO - Filling up the DagBag from /opt/airflow/dags/env/Scripts/pyrsa-decrypt.exe
[2025-03-29T16:48:53.121+0000] {logging_mixin.py:190} INFO - [2025-03-29T16:48:53.121+0000] {dagbag.py:435} INFO - File /opt/airflow/dags/env/Scripts/pyrsa-decrypt.exe:__main__.py assumed to contain no DAGs. Skipping.
[2025-03-29T16:48:53.122+0000] {processor.py:927} WARNING - No viable dags retrieved from /opt/airflow/dags/env/Scripts/pyrsa-decrypt.exe
[2025-03-29T16:48:53.146+0000] {processor.py:208} INFO - Processing /opt/airflow/dags/env/Scripts/pyrsa-decrypt.exe took 0.049 seconds
[2025-03-29T16:53:23.406+0000] {processor.py:186} INFO - Started process (PID=84) to work on /opt/airflow/dags/env/Scripts/pyrsa-decrypt.exe
[2025-03-29T16:53:23.407+0000] {processor.py:914} INFO - Processing file /opt/airflow/dags/env/Scripts/pyrsa-decrypt.exe for tasks to queue
[2025-03-29T16:53:23.410+0000] {logging_mixin.py:190} INFO - [2025-03-29T16:53:23.410+0000] {dagbag.py:588} INFO - Filling up the DagBag from /opt/airflow/dags/env/Scripts/pyrsa-decrypt.exe
[2025-03-29T16:53:23.421+0000] {logging_mixin.py:190} INFO - [2025-03-29T16:53:23.421+0000] {dagbag.py:435} INFO - File /opt/airflow/dags/env/Scripts/pyrsa-decrypt.exe:__main__.py assumed to contain no DAGs. Skipping.
[2025-03-29T16:53:23.422+0000] {processor.py:927} WARNING - No viable dags retrieved from /opt/airflow/dags/env/Scripts/pyrsa-decrypt.exe
[2025-03-29T16:53:23.447+0000] {processor.py:208} INFO - Processing /opt/airflow/dags/env/Scripts/pyrsa-decrypt.exe took 0.047 seconds
[2025-03-29T16:53:54.846+0000] {processor.py:186} INFO - Started process (PID=108) to work on /opt/airflow/dags/env/Scripts/pyrsa-decrypt.exe
[2025-03-29T16:53:54.848+0000] {processor.py:914} INFO - Processing file /opt/airflow/dags/env/Scripts/pyrsa-decrypt.exe for tasks to queue
[2025-03-29T16:53:54.852+0000] {logging_mixin.py:190} INFO - [2025-03-29T16:53:54.851+0000] {dagbag.py:588} INFO - Filling up the DagBag from /opt/airflow/dags/env/Scripts/pyrsa-decrypt.exe
[2025-03-29T16:53:54.865+0000] {logging_mixin.py:190} INFO - [2025-03-29T16:53:54.865+0000] {dagbag.py:435} INFO - File /opt/airflow/dags/env/Scripts/pyrsa-decrypt.exe:__main__.py assumed to contain no DAGs. Skipping.
[2025-03-29T16:53:54.866+0000] {processor.py:927} WARNING - No viable dags retrieved from /opt/airflow/dags/env/Scripts/pyrsa-decrypt.exe
[2025-03-29T16:53:54.895+0000] {processor.py:208} INFO - Processing /opt/airflow/dags/env/Scripts/pyrsa-decrypt.exe took 0.059 seconds
[2025-03-29T16:58:11.956+0000] {processor.py:186} INFO - Started process (PID=130) to work on /opt/airflow/dags/env/Scripts/pyrsa-decrypt.exe
[2025-03-29T16:58:11.957+0000] {processor.py:914} INFO - Processing file /opt/airflow/dags/env/Scripts/pyrsa-decrypt.exe for tasks to queue
[2025-03-29T16:58:11.961+0000] {logging_mixin.py:190} INFO - [2025-03-29T16:58:11.960+0000] {dagbag.py:588} INFO - Filling up the DagBag from /opt/airflow/dags/env/Scripts/pyrsa-decrypt.exe
[2025-03-29T16:58:11.973+0000] {logging_mixin.py:190} INFO - [2025-03-29T16:58:11.973+0000] {dagbag.py:435} INFO - File /opt/airflow/dags/env/Scripts/pyrsa-decrypt.exe:__main__.py assumed to contain no DAGs. Skipping.
[2025-03-29T16:58:11.974+0000] {processor.py:927} WARNING - No viable dags retrieved from /opt/airflow/dags/env/Scripts/pyrsa-decrypt.exe
[2025-03-29T16:58:11.998+0000] {processor.py:208} INFO - Processing /opt/airflow/dags/env/Scripts/pyrsa-decrypt.exe took 0.049 seconds
[2025-03-29T16:58:43.357+0000] {processor.py:186} INFO - Started process (PID=154) to work on /opt/airflow/dags/env/Scripts/pyrsa-decrypt.exe
[2025-03-29T16:58:43.359+0000] {processor.py:914} INFO - Processing file /opt/airflow/dags/env/Scripts/pyrsa-decrypt.exe for tasks to queue
[2025-03-29T16:58:43.363+0000] {logging_mixin.py:190} INFO - [2025-03-29T16:58:43.363+0000] {dagbag.py:588} INFO - Filling up the DagBag from /opt/airflow/dags/env/Scripts/pyrsa-decrypt.exe
[2025-03-29T16:58:43.379+0000] {logging_mixin.py:190} INFO - [2025-03-29T16:58:43.378+0000] {dagbag.py:435} INFO - File /opt/airflow/dags/env/Scripts/pyrsa-decrypt.exe:__main__.py assumed to contain no DAGs. Skipping.
[2025-03-29T16:58:43.380+0000] {processor.py:927} WARNING - No viable dags retrieved from /opt/airflow/dags/env/Scripts/pyrsa-decrypt.exe
[2025-03-29T16:58:43.403+0000] {processor.py:208} INFO - Processing /opt/airflow/dags/env/Scripts/pyrsa-decrypt.exe took 0.056 seconds
[2025-03-29T17:03:10.884+0000] {processor.py:186} INFO - Started process (PID=183) to work on /opt/airflow/dags/env/Scripts/pyrsa-decrypt.exe
[2025-03-29T17:03:10.885+0000] {processor.py:914} INFO - Processing file /opt/airflow/dags/env/Scripts/pyrsa-decrypt.exe for tasks to queue
[2025-03-29T17:03:10.889+0000] {logging_mixin.py:190} INFO - [2025-03-29T17:03:10.888+0000] {dagbag.py:588} INFO - Filling up the DagBag from /opt/airflow/dags/env/Scripts/pyrsa-decrypt.exe
[2025-03-29T17:03:10.900+0000] {logging_mixin.py:190} INFO - [2025-03-29T17:03:10.900+0000] {dagbag.py:435} INFO - File /opt/airflow/dags/env/Scripts/pyrsa-decrypt.exe:__main__.py assumed to contain no DAGs. Skipping.
[2025-03-29T17:03:10.901+0000] {processor.py:927} WARNING - No viable dags retrieved from /opt/airflow/dags/env/Scripts/pyrsa-decrypt.exe
[2025-03-29T17:03:10.924+0000] {processor.py:208} INFO - Processing /opt/airflow/dags/env/Scripts/pyrsa-decrypt.exe took 0.047 seconds
[2025-03-29T17:03:43.706+0000] {processor.py:186} INFO - Started process (PID=207) to work on /opt/airflow/dags/env/Scripts/pyrsa-decrypt.exe
[2025-03-29T17:03:43.707+0000] {processor.py:914} INFO - Processing file /opt/airflow/dags/env/Scripts/pyrsa-decrypt.exe for tasks to queue
[2025-03-29T17:03:43.710+0000] {logging_mixin.py:190} INFO - [2025-03-29T17:03:43.710+0000] {dagbag.py:588} INFO - Filling up the DagBag from /opt/airflow/dags/env/Scripts/pyrsa-decrypt.exe
[2025-03-29T17:03:43.721+0000] {logging_mixin.py:190} INFO - [2025-03-29T17:03:43.721+0000] {dagbag.py:435} INFO - File /opt/airflow/dags/env/Scripts/pyrsa-decrypt.exe:__main__.py assumed to contain no DAGs. Skipping.
[2025-03-29T17:03:43.722+0000] {processor.py:927} WARNING - No viable dags retrieved from /opt/airflow/dags/env/Scripts/pyrsa-decrypt.exe
[2025-03-29T17:03:43.744+0000] {processor.py:208} INFO - Processing /opt/airflow/dags/env/Scripts/pyrsa-decrypt.exe took 0.045 seconds
[2025-03-29T17:08:11.127+0000] {processor.py:186} INFO - Started process (PID=237) to work on /opt/airflow/dags/env/Scripts/pyrsa-decrypt.exe
[2025-03-29T17:08:11.128+0000] {processor.py:914} INFO - Processing file /opt/airflow/dags/env/Scripts/pyrsa-decrypt.exe for tasks to queue
[2025-03-29T17:08:11.133+0000] {logging_mixin.py:190} INFO - [2025-03-29T17:08:11.132+0000] {dagbag.py:588} INFO - Filling up the DagBag from /opt/airflow/dags/env/Scripts/pyrsa-decrypt.exe
[2025-03-29T17:08:11.145+0000] {logging_mixin.py:190} INFO - [2025-03-29T17:08:11.145+0000] {dagbag.py:435} INFO - File /opt/airflow/dags/env/Scripts/pyrsa-decrypt.exe:__main__.py assumed to contain no DAGs. Skipping.
[2025-03-29T17:08:11.146+0000] {processor.py:927} WARNING - No viable dags retrieved from /opt/airflow/dags/env/Scripts/pyrsa-decrypt.exe
[2025-03-29T17:08:11.168+0000] {processor.py:208} INFO - Processing /opt/airflow/dags/env/Scripts/pyrsa-decrypt.exe took 0.048 seconds
[2025-03-29T17:08:42.537+0000] {processor.py:186} INFO - Started process (PID=261) to work on /opt/airflow/dags/env/Scripts/pyrsa-decrypt.exe
[2025-03-29T17:08:42.539+0000] {processor.py:914} INFO - Processing file /opt/airflow/dags/env/Scripts/pyrsa-decrypt.exe for tasks to queue
[2025-03-29T17:08:42.544+0000] {logging_mixin.py:190} INFO - [2025-03-29T17:08:42.543+0000] {dagbag.py:588} INFO - Filling up the DagBag from /opt/airflow/dags/env/Scripts/pyrsa-decrypt.exe
[2025-03-29T17:08:42.570+0000] {logging_mixin.py:190} INFO - [2025-03-29T17:08:42.570+0000] {dagbag.py:435} INFO - File /opt/airflow/dags/env/Scripts/pyrsa-decrypt.exe:__main__.py assumed to contain no DAGs. Skipping.
[2025-03-29T17:08:42.572+0000] {processor.py:927} WARNING - No viable dags retrieved from /opt/airflow/dags/env/Scripts/pyrsa-decrypt.exe
[2025-03-29T17:08:42.603+0000] {processor.py:208} INFO - Processing /opt/airflow/dags/env/Scripts/pyrsa-decrypt.exe took 0.079 seconds
[2025-03-29T17:13:13.964+0000] {processor.py:186} INFO - Started process (PID=291) to work on /opt/airflow/dags/env/Scripts/pyrsa-decrypt.exe
[2025-03-29T17:13:13.967+0000] {processor.py:914} INFO - Processing file /opt/airflow/dags/env/Scripts/pyrsa-decrypt.exe for tasks to queue
[2025-03-29T17:13:13.972+0000] {logging_mixin.py:190} INFO - [2025-03-29T17:13:13.971+0000] {dagbag.py:588} INFO - Filling up the DagBag from /opt/airflow/dags/env/Scripts/pyrsa-decrypt.exe
[2025-03-29T17:13:13.988+0000] {logging_mixin.py:190} INFO - [2025-03-29T17:13:13.988+0000] {dagbag.py:435} INFO - File /opt/airflow/dags/env/Scripts/pyrsa-decrypt.exe:__main__.py assumed to contain no DAGs. Skipping.
[2025-03-29T17:13:13.989+0000] {processor.py:927} WARNING - No viable dags retrieved from /opt/airflow/dags/env/Scripts/pyrsa-decrypt.exe
[2025-03-29T17:13:14.021+0000] {processor.py:208} INFO - Processing /opt/airflow/dags/env/Scripts/pyrsa-decrypt.exe took 0.074 seconds
[2025-03-29T17:13:45.596+0000] {processor.py:186} INFO - Started process (PID=315) to work on /opt/airflow/dags/env/Scripts/pyrsa-decrypt.exe
[2025-03-29T17:13:45.597+0000] {processor.py:914} INFO - Processing file /opt/airflow/dags/env/Scripts/pyrsa-decrypt.exe for tasks to queue
[2025-03-29T17:13:45.602+0000] {logging_mixin.py:190} INFO - [2025-03-29T17:13:45.602+0000] {dagbag.py:588} INFO - Filling up the DagBag from /opt/airflow/dags/env/Scripts/pyrsa-decrypt.exe
[2025-03-29T17:13:45.618+0000] {logging_mixin.py:190} INFO - [2025-03-29T17:13:45.618+0000] {dagbag.py:435} INFO - File /opt/airflow/dags/env/Scripts/pyrsa-decrypt.exe:__main__.py assumed to contain no DAGs. Skipping.
[2025-03-29T17:13:45.620+0000] {processor.py:927} WARNING - No viable dags retrieved from /opt/airflow/dags/env/Scripts/pyrsa-decrypt.exe
[2025-03-29T17:13:45.648+0000] {processor.py:208} INFO - Processing /opt/airflow/dags/env/Scripts/pyrsa-decrypt.exe took 0.060 seconds
[2025-03-29T17:18:17.375+0000] {processor.py:186} INFO - Started process (PID=343) to work on /opt/airflow/dags/env/Scripts/pyrsa-decrypt.exe
[2025-03-29T17:18:17.376+0000] {processor.py:914} INFO - Processing file /opt/airflow/dags/env/Scripts/pyrsa-decrypt.exe for tasks to queue
[2025-03-29T17:18:17.380+0000] {logging_mixin.py:190} INFO - [2025-03-29T17:18:17.380+0000] {dagbag.py:588} INFO - Filling up the DagBag from /opt/airflow/dags/env/Scripts/pyrsa-decrypt.exe
[2025-03-29T17:18:17.393+0000] {logging_mixin.py:190} INFO - [2025-03-29T17:18:17.393+0000] {dagbag.py:435} INFO - File /opt/airflow/dags/env/Scripts/pyrsa-decrypt.exe:__main__.py assumed to contain no DAGs. Skipping.
[2025-03-29T17:18:17.394+0000] {processor.py:927} WARNING - No viable dags retrieved from /opt/airflow/dags/env/Scripts/pyrsa-decrypt.exe
[2025-03-29T17:18:17.420+0000] {processor.py:208} INFO - Processing /opt/airflow/dags/env/Scripts/pyrsa-decrypt.exe took 0.052 seconds
[2025-03-29T17:18:48.791+0000] {processor.py:186} INFO - Started process (PID=367) to work on /opt/airflow/dags/env/Scripts/pyrsa-decrypt.exe
[2025-03-29T17:18:48.793+0000] {processor.py:914} INFO - Processing file /opt/airflow/dags/env/Scripts/pyrsa-decrypt.exe for tasks to queue
[2025-03-29T17:18:48.798+0000] {logging_mixin.py:190} INFO - [2025-03-29T17:18:48.797+0000] {dagbag.py:588} INFO - Filling up the DagBag from /opt/airflow/dags/env/Scripts/pyrsa-decrypt.exe
[2025-03-29T17:18:48.818+0000] {logging_mixin.py:190} INFO - [2025-03-29T17:18:48.818+0000] {dagbag.py:435} INFO - File /opt/airflow/dags/env/Scripts/pyrsa-decrypt.exe:__main__.py assumed to contain no DAGs. Skipping.
[2025-03-29T17:18:48.820+0000] {processor.py:927} WARNING - No viable dags retrieved from /opt/airflow/dags/env/Scripts/pyrsa-decrypt.exe
[2025-03-29T17:18:48.852+0000] {processor.py:208} INFO - Processing /opt/airflow/dags/env/Scripts/pyrsa-decrypt.exe took 0.070 seconds
[2025-03-29T17:23:10.363+0000] {processor.py:186} INFO - Started process (PID=393) to work on /opt/airflow/dags/env/Scripts/pyrsa-decrypt.exe
[2025-03-29T17:23:10.364+0000] {processor.py:914} INFO - Processing file /opt/airflow/dags/env/Scripts/pyrsa-decrypt.exe for tasks to queue
[2025-03-29T17:23:10.368+0000] {logging_mixin.py:190} INFO - [2025-03-29T17:23:10.367+0000] {dagbag.py:588} INFO - Filling up the DagBag from /opt/airflow/dags/env/Scripts/pyrsa-decrypt.exe
[2025-03-29T17:23:10.382+0000] {logging_mixin.py:190} INFO - [2025-03-29T17:23:10.381+0000] {dagbag.py:435} INFO - File /opt/airflow/dags/env/Scripts/pyrsa-decrypt.exe:__main__.py assumed to contain no DAGs. Skipping.
[2025-03-29T17:23:10.383+0000] {processor.py:927} WARNING - No viable dags retrieved from /opt/airflow/dags/env/Scripts/pyrsa-decrypt.exe
[2025-03-29T17:23:10.418+0000] {processor.py:208} INFO - Processing /opt/airflow/dags/env/Scripts/pyrsa-decrypt.exe took 0.063 seconds
[2025-03-29T17:23:41.863+0000] {processor.py:186} INFO - Started process (PID=417) to work on /opt/airflow/dags/env/Scripts/pyrsa-decrypt.exe
[2025-03-29T17:23:41.864+0000] {processor.py:914} INFO - Processing file /opt/airflow/dags/env/Scripts/pyrsa-decrypt.exe for tasks to queue
[2025-03-29T17:23:41.868+0000] {logging_mixin.py:190} INFO - [2025-03-29T17:23:41.868+0000] {dagbag.py:588} INFO - Filling up the DagBag from /opt/airflow/dags/env/Scripts/pyrsa-decrypt.exe
[2025-03-29T17:23:41.881+0000] {logging_mixin.py:190} INFO - [2025-03-29T17:23:41.880+0000] {dagbag.py:435} INFO - File /opt/airflow/dags/env/Scripts/pyrsa-decrypt.exe:__main__.py assumed to contain no DAGs. Skipping.
[2025-03-29T17:23:41.882+0000] {processor.py:927} WARNING - No viable dags retrieved from /opt/airflow/dags/env/Scripts/pyrsa-decrypt.exe
[2025-03-29T17:23:41.905+0000] {processor.py:208} INFO - Processing /opt/airflow/dags/env/Scripts/pyrsa-decrypt.exe took 0.048 seconds
[2025-03-29T17:28:15.323+0000] {processor.py:186} INFO - Started process (PID=450) to work on /opt/airflow/dags/env/Scripts/pyrsa-decrypt.exe
[2025-03-29T17:28:15.325+0000] {processor.py:914} INFO - Processing file /opt/airflow/dags/env/Scripts/pyrsa-decrypt.exe for tasks to queue
[2025-03-29T17:28:15.329+0000] {logging_mixin.py:190} INFO - [2025-03-29T17:28:15.329+0000] {dagbag.py:588} INFO - Filling up the DagBag from /opt/airflow/dags/env/Scripts/pyrsa-decrypt.exe
[2025-03-29T17:28:15.345+0000] {logging_mixin.py:190} INFO - [2025-03-29T17:28:15.345+0000] {dagbag.py:435} INFO - File /opt/airflow/dags/env/Scripts/pyrsa-decrypt.exe:__main__.py assumed to contain no DAGs. Skipping.
[2025-03-29T17:28:15.347+0000] {processor.py:927} WARNING - No viable dags retrieved from /opt/airflow/dags/env/Scripts/pyrsa-decrypt.exe
[2025-03-29T17:28:15.377+0000] {processor.py:208} INFO - Processing /opt/airflow/dags/env/Scripts/pyrsa-decrypt.exe took 0.062 seconds
[2025-03-29T17:28:46.336+0000] {processor.py:186} INFO - Started process (PID=474) to work on /opt/airflow/dags/env/Scripts/pyrsa-decrypt.exe
[2025-03-29T17:28:46.338+0000] {processor.py:914} INFO - Processing file /opt/airflow/dags/env/Scripts/pyrsa-decrypt.exe for tasks to queue
[2025-03-29T17:28:46.341+0000] {logging_mixin.py:190} INFO - [2025-03-29T17:28:46.341+0000] {dagbag.py:588} INFO - Filling up the DagBag from /opt/airflow/dags/env/Scripts/pyrsa-decrypt.exe
[2025-03-29T17:28:46.353+0000] {logging_mixin.py:190} INFO - [2025-03-29T17:28:46.353+0000] {dagbag.py:435} INFO - File /opt/airflow/dags/env/Scripts/pyrsa-decrypt.exe:__main__.py assumed to contain no DAGs. Skipping.
[2025-03-29T17:28:46.354+0000] {processor.py:927} WARNING - No viable dags retrieved from /opt/airflow/dags/env/Scripts/pyrsa-decrypt.exe
[2025-03-29T17:28:46.378+0000] {processor.py:208} INFO - Processing /opt/airflow/dags/env/Scripts/pyrsa-decrypt.exe took 0.049 seconds
[2025-03-29T17:33:13.637+0000] {processor.py:186} INFO - Started process (PID=503) to work on /opt/airflow/dags/env/Scripts/pyrsa-decrypt.exe
[2025-03-29T17:33:13.639+0000] {processor.py:914} INFO - Processing file /opt/airflow/dags/env/Scripts/pyrsa-decrypt.exe for tasks to queue
[2025-03-29T17:33:13.642+0000] {logging_mixin.py:190} INFO - [2025-03-29T17:33:13.642+0000] {dagbag.py:588} INFO - Filling up the DagBag from /opt/airflow/dags/env/Scripts/pyrsa-decrypt.exe
[2025-03-29T17:33:13.654+0000] {logging_mixin.py:190} INFO - [2025-03-29T17:33:13.654+0000] {dagbag.py:435} INFO - File /opt/airflow/dags/env/Scripts/pyrsa-decrypt.exe:__main__.py assumed to contain no DAGs. Skipping.
[2025-03-29T17:33:13.655+0000] {processor.py:927} WARNING - No viable dags retrieved from /opt/airflow/dags/env/Scripts/pyrsa-decrypt.exe
[2025-03-29T17:33:13.679+0000] {processor.py:208} INFO - Processing /opt/airflow/dags/env/Scripts/pyrsa-decrypt.exe took 0.048 seconds
[2025-03-29T17:33:45.257+0000] {processor.py:186} INFO - Started process (PID=527) to work on /opt/airflow/dags/env/Scripts/pyrsa-decrypt.exe
[2025-03-29T17:33:45.259+0000] {processor.py:914} INFO - Processing file /opt/airflow/dags/env/Scripts/pyrsa-decrypt.exe for tasks to queue
[2025-03-29T17:33:45.262+0000] {logging_mixin.py:190} INFO - [2025-03-29T17:33:45.262+0000] {dagbag.py:588} INFO - Filling up the DagBag from /opt/airflow/dags/env/Scripts/pyrsa-decrypt.exe
[2025-03-29T17:33:45.274+0000] {logging_mixin.py:190} INFO - [2025-03-29T17:33:45.273+0000] {dagbag.py:435} INFO - File /opt/airflow/dags/env/Scripts/pyrsa-decrypt.exe:__main__.py assumed to contain no DAGs. Skipping.
[2025-03-29T17:33:45.275+0000] {processor.py:927} WARNING - No viable dags retrieved from /opt/airflow/dags/env/Scripts/pyrsa-decrypt.exe
[2025-03-29T17:33:45.300+0000] {processor.py:208} INFO - Processing /opt/airflow/dags/env/Scripts/pyrsa-decrypt.exe took 0.050 seconds
[2025-03-29T17:38:11.633+0000] {processor.py:186} INFO - Started process (PID=557) to work on /opt/airflow/dags/env/Scripts/pyrsa-decrypt.exe
[2025-03-29T17:38:11.635+0000] {processor.py:914} INFO - Processing file /opt/airflow/dags/env/Scripts/pyrsa-decrypt.exe for tasks to queue
[2025-03-29T17:38:11.639+0000] {logging_mixin.py:190} INFO - [2025-03-29T17:38:11.638+0000] {dagbag.py:588} INFO - Filling up the DagBag from /opt/airflow/dags/env/Scripts/pyrsa-decrypt.exe
[2025-03-29T17:38:11.656+0000] {logging_mixin.py:190} INFO - [2025-03-29T17:38:11.655+0000] {dagbag.py:435} INFO - File /opt/airflow/dags/env/Scripts/pyrsa-decrypt.exe:__main__.py assumed to contain no DAGs. Skipping.
[2025-03-29T17:38:11.658+0000] {processor.py:927} WARNING - No viable dags retrieved from /opt/airflow/dags/env/Scripts/pyrsa-decrypt.exe
[2025-03-29T17:38:11.681+0000] {processor.py:208} INFO - Processing /opt/airflow/dags/env/Scripts/pyrsa-decrypt.exe took 0.057 seconds
[2025-03-29T17:38:43.174+0000] {processor.py:186} INFO - Started process (PID=581) to work on /opt/airflow/dags/env/Scripts/pyrsa-decrypt.exe
[2025-03-29T17:38:43.175+0000] {processor.py:914} INFO - Processing file /opt/airflow/dags/env/Scripts/pyrsa-decrypt.exe for tasks to queue
[2025-03-29T17:38:43.180+0000] {logging_mixin.py:190} INFO - [2025-03-29T17:38:43.179+0000] {dagbag.py:588} INFO - Filling up the DagBag from /opt/airflow/dags/env/Scripts/pyrsa-decrypt.exe
[2025-03-29T17:38:43.196+0000] {logging_mixin.py:190} INFO - [2025-03-29T17:38:43.195+0000] {dagbag.py:435} INFO - File /opt/airflow/dags/env/Scripts/pyrsa-decrypt.exe:__main__.py assumed to contain no DAGs. Skipping.
[2025-03-29T17:38:43.197+0000] {processor.py:927} WARNING - No viable dags retrieved from /opt/airflow/dags/env/Scripts/pyrsa-decrypt.exe
[2025-03-29T17:38:43.226+0000] {processor.py:208} INFO - Processing /opt/airflow/dags/env/Scripts/pyrsa-decrypt.exe took 0.062 seconds
[2025-03-29T17:43:12.004+0000] {processor.py:186} INFO - Started process (PID=613) to work on /opt/airflow/dags/env/Scripts/pyrsa-decrypt.exe
[2025-03-29T17:43:12.005+0000] {processor.py:914} INFO - Processing file /opt/airflow/dags/env/Scripts/pyrsa-decrypt.exe for tasks to queue
[2025-03-29T17:43:12.010+0000] {logging_mixin.py:190} INFO - [2025-03-29T17:43:12.009+0000] {dagbag.py:588} INFO - Filling up the DagBag from /opt/airflow/dags/env/Scripts/pyrsa-decrypt.exe
[2025-03-29T17:43:12.025+0000] {logging_mixin.py:190} INFO - [2025-03-29T17:43:12.025+0000] {dagbag.py:435} INFO - File /opt/airflow/dags/env/Scripts/pyrsa-decrypt.exe:__main__.py assumed to contain no DAGs. Skipping.
[2025-03-29T17:43:12.027+0000] {processor.py:927} WARNING - No viable dags retrieved from /opt/airflow/dags/env/Scripts/pyrsa-decrypt.exe
[2025-03-29T17:43:12.054+0000] {processor.py:208} INFO - Processing /opt/airflow/dags/env/Scripts/pyrsa-decrypt.exe took 0.060 seconds
[2025-03-29T17:43:43.531+0000] {processor.py:186} INFO - Started process (PID=637) to work on /opt/airflow/dags/env/Scripts/pyrsa-decrypt.exe
[2025-03-29T17:43:43.532+0000] {processor.py:914} INFO - Processing file /opt/airflow/dags/env/Scripts/pyrsa-decrypt.exe for tasks to queue
[2025-03-29T17:43:43.536+0000] {logging_mixin.py:190} INFO - [2025-03-29T17:43:43.535+0000] {dagbag.py:588} INFO - Filling up the DagBag from /opt/airflow/dags/env/Scripts/pyrsa-decrypt.exe
[2025-03-29T17:43:43.548+0000] {logging_mixin.py:190} INFO - [2025-03-29T17:43:43.548+0000] {dagbag.py:435} INFO - File /opt/airflow/dags/env/Scripts/pyrsa-decrypt.exe:__main__.py assumed to contain no DAGs. Skipping.
[2025-03-29T17:43:43.549+0000] {processor.py:927} WARNING - No viable dags retrieved from /opt/airflow/dags/env/Scripts/pyrsa-decrypt.exe
[2025-03-29T17:43:43.573+0000] {processor.py:208} INFO - Processing /opt/airflow/dags/env/Scripts/pyrsa-decrypt.exe took 0.050 seconds
[2025-03-29T17:48:15.203+0000] {processor.py:186} INFO - Started process (PID=668) to work on /opt/airflow/dags/env/Scripts/pyrsa-decrypt.exe
[2025-03-29T17:48:15.205+0000] {processor.py:914} INFO - Processing file /opt/airflow/dags/env/Scripts/pyrsa-decrypt.exe for tasks to queue
[2025-03-29T17:48:15.211+0000] {logging_mixin.py:190} INFO - [2025-03-29T17:48:15.211+0000] {dagbag.py:588} INFO - Filling up the DagBag from /opt/airflow/dags/env/Scripts/pyrsa-decrypt.exe
[2025-03-29T17:48:15.225+0000] {logging_mixin.py:190} INFO - [2025-03-29T17:48:15.225+0000] {dagbag.py:435} INFO - File /opt/airflow/dags/env/Scripts/pyrsa-decrypt.exe:__main__.py assumed to contain no DAGs. Skipping.
[2025-03-29T17:48:15.227+0000] {processor.py:927} WARNING - No viable dags retrieved from /opt/airflow/dags/env/Scripts/pyrsa-decrypt.exe
[2025-03-29T17:48:15.254+0000] {processor.py:208} INFO - Processing /opt/airflow/dags/env/Scripts/pyrsa-decrypt.exe took 0.060 seconds
[2025-03-29T17:48:46.729+0000] {processor.py:186} INFO - Started process (PID=692) to work on /opt/airflow/dags/env/Scripts/pyrsa-decrypt.exe
[2025-03-29T17:48:46.732+0000] {processor.py:914} INFO - Processing file /opt/airflow/dags/env/Scripts/pyrsa-decrypt.exe for tasks to queue
[2025-03-29T17:48:46.736+0000] {logging_mixin.py:190} INFO - [2025-03-29T17:48:46.736+0000] {dagbag.py:588} INFO - Filling up the DagBag from /opt/airflow/dags/env/Scripts/pyrsa-decrypt.exe
[2025-03-29T17:48:46.752+0000] {logging_mixin.py:190} INFO - [2025-03-29T17:48:46.752+0000] {dagbag.py:435} INFO - File /opt/airflow/dags/env/Scripts/pyrsa-decrypt.exe:__main__.py assumed to contain no DAGs. Skipping.
[2025-03-29T17:48:46.753+0000] {processor.py:927} WARNING - No viable dags retrieved from /opt/airflow/dags/env/Scripts/pyrsa-decrypt.exe
[2025-03-29T17:48:46.782+0000] {processor.py:208} INFO - Processing /opt/airflow/dags/env/Scripts/pyrsa-decrypt.exe took 0.065 seconds
[2025-03-29T17:53:16.967+0000] {processor.py:186} INFO - Started process (PID=721) to work on /opt/airflow/dags/env/Scripts/pyrsa-decrypt.exe
[2025-03-29T17:53:16.968+0000] {processor.py:914} INFO - Processing file /opt/airflow/dags/env/Scripts/pyrsa-decrypt.exe for tasks to queue
[2025-03-29T17:53:16.971+0000] {logging_mixin.py:190} INFO - [2025-03-29T17:53:16.971+0000] {dagbag.py:588} INFO - Filling up the DagBag from /opt/airflow/dags/env/Scripts/pyrsa-decrypt.exe
[2025-03-29T17:53:16.982+0000] {logging_mixin.py:190} INFO - [2025-03-29T17:53:16.982+0000] {dagbag.py:435} INFO - File /opt/airflow/dags/env/Scripts/pyrsa-decrypt.exe:__main__.py assumed to contain no DAGs. Skipping.
[2025-03-29T17:53:16.983+0000] {processor.py:927} WARNING - No viable dags retrieved from /opt/airflow/dags/env/Scripts/pyrsa-decrypt.exe
[2025-03-29T17:53:17.007+0000] {processor.py:208} INFO - Processing /opt/airflow/dags/env/Scripts/pyrsa-decrypt.exe took 0.048 seconds
[2025-03-29T17:53:48.246+0000] {processor.py:186} INFO - Started process (PID=745) to work on /opt/airflow/dags/env/Scripts/pyrsa-decrypt.exe
[2025-03-29T17:53:48.247+0000] {processor.py:914} INFO - Processing file /opt/airflow/dags/env/Scripts/pyrsa-decrypt.exe for tasks to queue
[2025-03-29T17:53:48.251+0000] {logging_mixin.py:190} INFO - [2025-03-29T17:53:48.250+0000] {dagbag.py:588} INFO - Filling up the DagBag from /opt/airflow/dags/env/Scripts/pyrsa-decrypt.exe
[2025-03-29T17:53:48.263+0000] {logging_mixin.py:190} INFO - [2025-03-29T17:53:48.263+0000] {dagbag.py:435} INFO - File /opt/airflow/dags/env/Scripts/pyrsa-decrypt.exe:__main__.py assumed to contain no DAGs. Skipping.
[2025-03-29T17:53:48.264+0000] {processor.py:927} WARNING - No viable dags retrieved from /opt/airflow/dags/env/Scripts/pyrsa-decrypt.exe
[2025-03-29T17:53:48.289+0000] {processor.py:208} INFO - Processing /opt/airflow/dags/env/Scripts/pyrsa-decrypt.exe took 0.050 seconds
[2025-03-29T17:58:18.448+0000] {processor.py:186} INFO - Started process (PID=773) to work on /opt/airflow/dags/env/Scripts/pyrsa-decrypt.exe
[2025-03-29T17:58:18.449+0000] {processor.py:914} INFO - Processing file /opt/airflow/dags/env/Scripts/pyrsa-decrypt.exe for tasks to queue
[2025-03-29T17:58:18.452+0000] {logging_mixin.py:190} INFO - [2025-03-29T17:58:18.452+0000] {dagbag.py:588} INFO - Filling up the DagBag from /opt/airflow/dags/env/Scripts/pyrsa-decrypt.exe
[2025-03-29T17:58:18.464+0000] {logging_mixin.py:190} INFO - [2025-03-29T17:58:18.464+0000] {dagbag.py:435} INFO - File /opt/airflow/dags/env/Scripts/pyrsa-decrypt.exe:__main__.py assumed to contain no DAGs. Skipping.
[2025-03-29T17:58:18.465+0000] {processor.py:927} WARNING - No viable dags retrieved from /opt/airflow/dags/env/Scripts/pyrsa-decrypt.exe
[2025-03-29T17:58:18.488+0000] {processor.py:208} INFO - Processing /opt/airflow/dags/env/Scripts/pyrsa-decrypt.exe took 0.047 seconds
[2025-03-29T17:58:49.757+0000] {processor.py:186} INFO - Started process (PID=797) to work on /opt/airflow/dags/env/Scripts/pyrsa-decrypt.exe
[2025-03-29T17:58:49.758+0000] {processor.py:914} INFO - Processing file /opt/airflow/dags/env/Scripts/pyrsa-decrypt.exe for tasks to queue
[2025-03-29T17:58:49.762+0000] {logging_mixin.py:190} INFO - [2025-03-29T17:58:49.762+0000] {dagbag.py:588} INFO - Filling up the DagBag from /opt/airflow/dags/env/Scripts/pyrsa-decrypt.exe
[2025-03-29T17:58:49.773+0000] {logging_mixin.py:190} INFO - [2025-03-29T17:58:49.773+0000] {dagbag.py:435} INFO - File /opt/airflow/dags/env/Scripts/pyrsa-decrypt.exe:__main__.py assumed to contain no DAGs. Skipping.
[2025-03-29T17:58:49.774+0000] {processor.py:927} WARNING - No viable dags retrieved from /opt/airflow/dags/env/Scripts/pyrsa-decrypt.exe
[2025-03-29T17:58:49.798+0000] {processor.py:208} INFO - Processing /opt/airflow/dags/env/Scripts/pyrsa-decrypt.exe took 0.047 seconds
[2025-03-29T18:40:44.469+0000] {processor.py:186} INFO - Started process (PID=825) to work on /opt/airflow/dags/env/Scripts/pyrsa-decrypt.exe
[2025-03-29T18:40:44.470+0000] {processor.py:914} INFO - Processing file /opt/airflow/dags/env/Scripts/pyrsa-decrypt.exe for tasks to queue
[2025-03-29T18:40:44.474+0000] {logging_mixin.py:190} INFO - [2025-03-29T18:40:44.474+0000] {dagbag.py:588} INFO - Filling up the DagBag from /opt/airflow/dags/env/Scripts/pyrsa-decrypt.exe
[2025-03-29T18:40:44.486+0000] {logging_mixin.py:190} INFO - [2025-03-29T18:40:44.486+0000] {dagbag.py:435} INFO - File /opt/airflow/dags/env/Scripts/pyrsa-decrypt.exe:__main__.py assumed to contain no DAGs. Skipping.
[2025-03-29T18:40:44.487+0000] {processor.py:927} WARNING - No viable dags retrieved from /opt/airflow/dags/env/Scripts/pyrsa-decrypt.exe
[2025-03-29T18:40:44.510+0000] {processor.py:208} INFO - Processing /opt/airflow/dags/env/Scripts/pyrsa-decrypt.exe took 0.049 seconds
[2025-03-29T18:41:14.908+0000] {processor.py:186} INFO - Started process (PID=849) to work on /opt/airflow/dags/env/Scripts/pyrsa-decrypt.exe
[2025-03-29T18:41:14.909+0000] {processor.py:914} INFO - Processing file /opt/airflow/dags/env/Scripts/pyrsa-decrypt.exe for tasks to queue
[2025-03-29T18:41:14.915+0000] {logging_mixin.py:190} INFO - [2025-03-29T18:41:14.914+0000] {dagbag.py:588} INFO - Filling up the DagBag from /opt/airflow/dags/env/Scripts/pyrsa-decrypt.exe
[2025-03-29T18:41:14.931+0000] {logging_mixin.py:190} INFO - [2025-03-29T18:41:14.931+0000] {dagbag.py:435} INFO - File /opt/airflow/dags/env/Scripts/pyrsa-decrypt.exe:__main__.py assumed to contain no DAGs. Skipping.
[2025-03-29T18:41:14.933+0000] {processor.py:927} WARNING - No viable dags retrieved from /opt/airflow/dags/env/Scripts/pyrsa-decrypt.exe
[2025-03-29T18:41:14.961+0000] {processor.py:208} INFO - Processing /opt/airflow/dags/env/Scripts/pyrsa-decrypt.exe took 0.062 seconds
[2025-03-29T20:02:15.696+0000] {processor.py:186} INFO - Started process (PID=861) to work on /opt/airflow/dags/env/Scripts/pyrsa-decrypt.exe
[2025-03-29T20:02:15.698+0000] {processor.py:914} INFO - Processing file /opt/airflow/dags/env/Scripts/pyrsa-decrypt.exe for tasks to queue
[2025-03-29T20:02:15.705+0000] {logging_mixin.py:190} INFO - [2025-03-29T20:02:15.704+0000] {dagbag.py:588} INFO - Filling up the DagBag from /opt/airflow/dags/env/Scripts/pyrsa-decrypt.exe
[2025-03-29T20:02:15.730+0000] {logging_mixin.py:190} INFO - [2025-03-29T20:02:15.729+0000] {dagbag.py:435} INFO - File /opt/airflow/dags/env/Scripts/pyrsa-decrypt.exe:__main__.py assumed to contain no DAGs. Skipping.
[2025-03-29T20:02:15.734+0000] {processor.py:927} WARNING - No viable dags retrieved from /opt/airflow/dags/env/Scripts/pyrsa-decrypt.exe
[2025-03-29T20:02:15.848+0000] {processor.py:208} INFO - Processing /opt/airflow/dags/env/Scripts/pyrsa-decrypt.exe took 0.168 seconds
[2025-03-29T21:05:54.369+0000] {processor.py:186} INFO - Started process (PID=885) to work on /opt/airflow/dags/env/Scripts/pyrsa-decrypt.exe
[2025-03-29T21:05:54.371+0000] {processor.py:914} INFO - Processing file /opt/airflow/dags/env/Scripts/pyrsa-decrypt.exe for tasks to queue
[2025-03-29T21:05:54.378+0000] {logging_mixin.py:190} INFO - [2025-03-29T21:05:54.377+0000] {dagbag.py:588} INFO - Filling up the DagBag from /opt/airflow/dags/env/Scripts/pyrsa-decrypt.exe
[2025-03-29T21:05:54.396+0000] {logging_mixin.py:190} INFO - [2025-03-29T21:05:54.396+0000] {dagbag.py:435} INFO - File /opt/airflow/dags/env/Scripts/pyrsa-decrypt.exe:__main__.py assumed to contain no DAGs. Skipping.
[2025-03-29T21:05:54.398+0000] {processor.py:927} WARNING - No viable dags retrieved from /opt/airflow/dags/env/Scripts/pyrsa-decrypt.exe
[2025-03-29T21:05:54.424+0000] {processor.py:208} INFO - Processing /opt/airflow/dags/env/Scripts/pyrsa-decrypt.exe took 0.066 seconds
[2025-03-29T22:26:19.707+0000] {processor.py:186} INFO - Started process (PID=904) to work on /opt/airflow/dags/env/Scripts/pyrsa-decrypt.exe
[2025-03-29T22:26:19.711+0000] {processor.py:914} INFO - Processing file /opt/airflow/dags/env/Scripts/pyrsa-decrypt.exe for tasks to queue
[2025-03-29T22:26:19.717+0000] {logging_mixin.py:190} INFO - [2025-03-29T22:26:19.716+0000] {dagbag.py:588} INFO - Filling up the DagBag from /opt/airflow/dags/env/Scripts/pyrsa-decrypt.exe
[2025-03-29T22:26:19.742+0000] {logging_mixin.py:190} INFO - [2025-03-29T22:26:19.742+0000] {dagbag.py:435} INFO - File /opt/airflow/dags/env/Scripts/pyrsa-decrypt.exe:__main__.py assumed to contain no DAGs. Skipping.
[2025-03-29T22:26:19.745+0000] {processor.py:927} WARNING - No viable dags retrieved from /opt/airflow/dags/env/Scripts/pyrsa-decrypt.exe
[2025-03-29T22:26:19.799+0000] {processor.py:208} INFO - Processing /opt/airflow/dags/env/Scripts/pyrsa-decrypt.exe took 0.114 seconds
