[2025-03-29T00:47:24.922+0000] {processor.py:186} INFO - Started process (PID=427) to work on /opt/airflow/dags/env/Scripts/pyrsa-keygen.exe
[2025-03-29T00:47:24.924+0000] {processor.py:914} INFO - Processing file /opt/airflow/dags/env/Scripts/pyrsa-keygen.exe for tasks to queue
[2025-03-29T00:47:24.928+0000] {logging_mixin.py:190} INFO - [2025-03-29T00:47:24.928+0000] {dagbag.py:588} INFO - Filling up the DagBag from /opt/airflow/dags/env/Scripts/pyrsa-keygen.exe
[2025-03-29T00:47:24.948+0000] {logging_mixin.py:190} INFO - [2025-03-29T00:47:24.948+0000] {dagbag.py:435} INFO - File /opt/airflow/dags/env/Scripts/pyrsa-keygen.exe:__main__.py assumed to contain no DAGs. Skipping.
[2025-03-29T00:47:24.949+0000] {processor.py:927} WARNING - No viable dags retrieved from /opt/airflow/dags/env/Scripts/pyrsa-keygen.exe
[2025-03-29T00:47:24.972+0000] {processor.py:208} INFO - Processing /opt/airflow/dags/env/Scripts/pyrsa-keygen.exe took 0.057 seconds
[2025-03-29T00:52:21.381+0000] {processor.py:186} INFO - Started process (PID=455) to work on /opt/airflow/dags/env/Scripts/pyrsa-keygen.exe
[2025-03-29T00:52:21.382+0000] {processor.py:914} INFO - Processing file /opt/airflow/dags/env/Scripts/pyrsa-keygen.exe for tasks to queue
[2025-03-29T00:52:21.388+0000] {logging_mixin.py:190} INFO - [2025-03-29T00:52:21.386+0000] {dagbag.py:588} INFO - Filling up the DagBag from /opt/airflow/dags/env/Scripts/pyrsa-keygen.exe
[2025-03-29T00:52:21.409+0000] {logging_mixin.py:190} INFO - [2025-03-29T00:52:21.408+0000] {dagbag.py:435} INFO - File /opt/airflow/dags/env/Scripts/pyrsa-keygen.exe:__main__.py assumed to contain no DAGs. Skipping.
[2025-03-29T00:52:21.411+0000] {processor.py:927} WARNING - No viable dags retrieved from /opt/airflow/dags/env/Scripts/pyrsa-keygen.exe
[2025-03-29T00:52:21.433+0000] {processor.py:208} INFO - Processing /opt/airflow/dags/env/Scripts/pyrsa-keygen.exe took 0.064 seconds
[2025-03-29T00:57:24.434+0000] {processor.py:186} INFO - Started process (PID=485) to work on /opt/airflow/dags/env/Scripts/pyrsa-keygen.exe
[2025-03-29T00:57:24.436+0000] {processor.py:914} INFO - Processing file /opt/airflow/dags/env/Scripts/pyrsa-keygen.exe for tasks to queue
[2025-03-29T00:57:24.439+0000] {logging_mixin.py:190} INFO - [2025-03-29T00:57:24.438+0000] {dagbag.py:588} INFO - Filling up the DagBag from /opt/airflow/dags/env/Scripts/pyrsa-keygen.exe
[2025-03-29T00:57:24.454+0000] {logging_mixin.py:190} INFO - [2025-03-29T00:57:24.454+0000] {dagbag.py:435} INFO - File /opt/airflow/dags/env/Scripts/pyrsa-keygen.exe:__main__.py assumed to contain no DAGs. Skipping.
[2025-03-29T00:57:24.456+0000] {processor.py:927} WARNING - No viable dags retrieved from /opt/airflow/dags/env/Scripts/pyrsa-keygen.exe
[2025-03-29T00:57:24.479+0000] {processor.py:208} INFO - Processing /opt/airflow/dags/env/Scripts/pyrsa-keygen.exe took 0.052 seconds
[2025-03-29T01:02:18.556+0000] {processor.py:186} INFO - Started process (PID=511) to work on /opt/airflow/dags/env/Scripts/pyrsa-keygen.exe
[2025-03-29T01:02:18.558+0000] {processor.py:914} INFO - Processing file /opt/airflow/dags/env/Scripts/pyrsa-keygen.exe for tasks to queue
[2025-03-29T01:02:18.561+0000] {logging_mixin.py:190} INFO - [2025-03-29T01:02:18.561+0000] {dagbag.py:588} INFO - Filling up the DagBag from /opt/airflow/dags/env/Scripts/pyrsa-keygen.exe
[2025-03-29T01:02:18.574+0000] {logging_mixin.py:190} INFO - [2025-03-29T01:02:18.573+0000] {dagbag.py:435} INFO - File /opt/airflow/dags/env/Scripts/pyrsa-keygen.exe:__main__.py assumed to contain no DAGs. Skipping.
[2025-03-29T01:02:18.575+0000] {processor.py:927} WARNING - No viable dags retrieved from /opt/airflow/dags/env/Scripts/pyrsa-keygen.exe
[2025-03-29T01:02:18.602+0000] {processor.py:208} INFO - Processing /opt/airflow/dags/env/Scripts/pyrsa-keygen.exe took 0.052 seconds
[2025-03-29T01:07:27.381+0000] {processor.py:186} INFO - Started process (PID=542) to work on /opt/airflow/dags/env/Scripts/pyrsa-keygen.exe
[2025-03-29T01:07:27.382+0000] {processor.py:914} INFO - Processing file /opt/airflow/dags/env/Scripts/pyrsa-keygen.exe for tasks to queue
[2025-03-29T01:07:27.385+0000] {logging_mixin.py:190} INFO - [2025-03-29T01:07:27.385+0000] {dagbag.py:588} INFO - Filling up the DagBag from /opt/airflow/dags/env/Scripts/pyrsa-keygen.exe
[2025-03-29T01:07:27.400+0000] {logging_mixin.py:190} INFO - [2025-03-29T01:07:27.400+0000] {dagbag.py:435} INFO - File /opt/airflow/dags/env/Scripts/pyrsa-keygen.exe:__main__.py assumed to contain no DAGs. Skipping.
[2025-03-29T01:07:27.402+0000] {processor.py:927} WARNING - No viable dags retrieved from /opt/airflow/dags/env/Scripts/pyrsa-keygen.exe
[2025-03-29T01:07:27.424+0000] {processor.py:208} INFO - Processing /opt/airflow/dags/env/Scripts/pyrsa-keygen.exe took 0.050 seconds
[2025-03-29T01:12:30.740+0000] {processor.py:186} INFO - Started process (PID=567) to work on /opt/airflow/dags/env/Scripts/pyrsa-keygen.exe
[2025-03-29T01:12:30.741+0000] {processor.py:914} INFO - Processing file /opt/airflow/dags/env/Scripts/pyrsa-keygen.exe for tasks to queue
[2025-03-29T01:12:30.745+0000] {logging_mixin.py:190} INFO - [2025-03-29T01:12:30.744+0000] {dagbag.py:588} INFO - Filling up the DagBag from /opt/airflow/dags/env/Scripts/pyrsa-keygen.exe
[2025-03-29T01:12:30.761+0000] {logging_mixin.py:190} INFO - [2025-03-29T01:12:30.760+0000] {dagbag.py:435} INFO - File /opt/airflow/dags/env/Scripts/pyrsa-keygen.exe:__main__.py assumed to contain no DAGs. Skipping.
[2025-03-29T01:12:30.762+0000] {processor.py:927} WARNING - No viable dags retrieved from /opt/airflow/dags/env/Scripts/pyrsa-keygen.exe
[2025-03-29T01:12:30.786+0000] {processor.py:208} INFO - Processing /opt/airflow/dags/env/Scripts/pyrsa-keygen.exe took 0.053 seconds
[2025-03-29T01:17:23.662+0000] {processor.py:186} INFO - Started process (PID=591) to work on /opt/airflow/dags/env/Scripts/pyrsa-keygen.exe
[2025-03-29T01:17:23.663+0000] {processor.py:914} INFO - Processing file /opt/airflow/dags/env/Scripts/pyrsa-keygen.exe for tasks to queue
[2025-03-29T01:17:23.666+0000] {logging_mixin.py:190} INFO - [2025-03-29T01:17:23.666+0000] {dagbag.py:588} INFO - Filling up the DagBag from /opt/airflow/dags/env/Scripts/pyrsa-keygen.exe
[2025-03-29T01:17:23.681+0000] {logging_mixin.py:190} INFO - [2025-03-29T01:17:23.681+0000] {dagbag.py:435} INFO - File /opt/airflow/dags/env/Scripts/pyrsa-keygen.exe:__main__.py assumed to contain no DAGs. Skipping.
[2025-03-29T01:17:23.683+0000] {processor.py:927} WARNING - No viable dags retrieved from /opt/airflow/dags/env/Scripts/pyrsa-keygen.exe
[2025-03-29T01:17:23.705+0000] {processor.py:208} INFO - Processing /opt/airflow/dags/env/Scripts/pyrsa-keygen.exe took 0.050 seconds
[2025-03-29T01:22:30.028+0000] {processor.py:186} INFO - Started process (PID=619) to work on /opt/airflow/dags/env/Scripts/pyrsa-keygen.exe
[2025-03-29T01:22:30.029+0000] {processor.py:914} INFO - Processing file /opt/airflow/dags/env/Scripts/pyrsa-keygen.exe for tasks to queue
[2025-03-29T01:22:30.032+0000] {logging_mixin.py:190} INFO - [2025-03-29T01:22:30.032+0000] {dagbag.py:588} INFO - Filling up the DagBag from /opt/airflow/dags/env/Scripts/pyrsa-keygen.exe
[2025-03-29T01:22:30.046+0000] {logging_mixin.py:190} INFO - [2025-03-29T01:22:30.045+0000] {dagbag.py:435} INFO - File /opt/airflow/dags/env/Scripts/pyrsa-keygen.exe:__main__.py assumed to contain no DAGs. Skipping.
[2025-03-29T01:22:30.047+0000] {processor.py:927} WARNING - No viable dags retrieved from /opt/airflow/dags/env/Scripts/pyrsa-keygen.exe
[2025-03-29T01:22:30.069+0000] {processor.py:208} INFO - Processing /opt/airflow/dags/env/Scripts/pyrsa-keygen.exe took 0.048 seconds
[2025-03-29T16:48:49.418+0000] {processor.py:186} INFO - Started process (PID=57) to work on /opt/airflow/dags/env/Scripts/pyrsa-keygen.exe
[2025-03-29T16:48:49.422+0000] {processor.py:914} INFO - Processing file /opt/airflow/dags/env/Scripts/pyrsa-keygen.exe for tasks to queue
[2025-03-29T16:48:49.428+0000] {logging_mixin.py:190} INFO - [2025-03-29T16:48:49.428+0000] {dagbag.py:588} INFO - Filling up the DagBag from /opt/airflow/dags/env/Scripts/pyrsa-keygen.exe
[2025-03-29T16:48:49.445+0000] {logging_mixin.py:190} INFO - [2025-03-29T16:48:49.445+0000] {dagbag.py:435} INFO - File /opt/airflow/dags/env/Scripts/pyrsa-keygen.exe:__main__.py assumed to contain no DAGs. Skipping.
[2025-03-29T16:48:49.447+0000] {processor.py:927} WARNING - No viable dags retrieved from /opt/airflow/dags/env/Scripts/pyrsa-keygen.exe
[2025-03-29T16:48:49.479+0000] {processor.py:208} INFO - Processing /opt/airflow/dags/env/Scripts/pyrsa-keygen.exe took 0.073 seconds
[2025-03-29T16:53:20.662+0000] {processor.py:186} INFO - Started process (PID=81) to work on /opt/airflow/dags/env/Scripts/pyrsa-keygen.exe
[2025-03-29T16:53:20.664+0000] {processor.py:914} INFO - Processing file /opt/airflow/dags/env/Scripts/pyrsa-keygen.exe for tasks to queue
[2025-03-29T16:53:20.668+0000] {logging_mixin.py:190} INFO - [2025-03-29T16:53:20.667+0000] {dagbag.py:588} INFO - Filling up the DagBag from /opt/airflow/dags/env/Scripts/pyrsa-keygen.exe
[2025-03-29T16:53:20.684+0000] {logging_mixin.py:190} INFO - [2025-03-29T16:53:20.683+0000] {dagbag.py:435} INFO - File /opt/airflow/dags/env/Scripts/pyrsa-keygen.exe:__main__.py assumed to contain no DAGs. Skipping.
[2025-03-29T16:53:20.685+0000] {processor.py:927} WARNING - No viable dags retrieved from /opt/airflow/dags/env/Scripts/pyrsa-keygen.exe
[2025-03-29T16:53:20.716+0000] {processor.py:208} INFO - Processing /opt/airflow/dags/env/Scripts/pyrsa-keygen.exe took 0.062 seconds
[2025-03-29T16:53:51.393+0000] {processor.py:186} INFO - Started process (PID=105) to work on /opt/airflow/dags/env/Scripts/pyrsa-keygen.exe
[2025-03-29T16:53:51.395+0000] {processor.py:914} INFO - Processing file /opt/airflow/dags/env/Scripts/pyrsa-keygen.exe for tasks to queue
[2025-03-29T16:53:51.400+0000] {logging_mixin.py:190} INFO - [2025-03-29T16:53:51.399+0000] {dagbag.py:588} INFO - Filling up the DagBag from /opt/airflow/dags/env/Scripts/pyrsa-keygen.exe
[2025-03-29T16:53:51.416+0000] {logging_mixin.py:190} INFO - [2025-03-29T16:53:51.416+0000] {dagbag.py:435} INFO - File /opt/airflow/dags/env/Scripts/pyrsa-keygen.exe:__main__.py assumed to contain no DAGs. Skipping.
[2025-03-29T16:53:51.417+0000] {processor.py:927} WARNING - No viable dags retrieved from /opt/airflow/dags/env/Scripts/pyrsa-keygen.exe
[2025-03-29T16:53:51.447+0000] {processor.py:208} INFO - Processing /opt/airflow/dags/env/Scripts/pyrsa-keygen.exe took 0.064 seconds
[2025-03-29T16:58:09.217+0000] {processor.py:186} INFO - Started process (PID=127) to work on /opt/airflow/dags/env/Scripts/pyrsa-keygen.exe
[2025-03-29T16:58:09.218+0000] {processor.py:914} INFO - Processing file /opt/airflow/dags/env/Scripts/pyrsa-keygen.exe for tasks to queue
[2025-03-29T16:58:09.222+0000] {logging_mixin.py:190} INFO - [2025-03-29T16:58:09.222+0000] {dagbag.py:588} INFO - Filling up the DagBag from /opt/airflow/dags/env/Scripts/pyrsa-keygen.exe
[2025-03-29T16:58:09.236+0000] {logging_mixin.py:190} INFO - [2025-03-29T16:58:09.235+0000] {dagbag.py:435} INFO - File /opt/airflow/dags/env/Scripts/pyrsa-keygen.exe:__main__.py assumed to contain no DAGs. Skipping.
[2025-03-29T16:58:09.237+0000] {processor.py:927} WARNING - No viable dags retrieved from /opt/airflow/dags/env/Scripts/pyrsa-keygen.exe
[2025-03-29T16:58:09.265+0000] {processor.py:208} INFO - Processing /opt/airflow/dags/env/Scripts/pyrsa-keygen.exe took 0.056 seconds
[2025-03-29T16:58:40.287+0000] {processor.py:186} INFO - Started process (PID=151) to work on /opt/airflow/dags/env/Scripts/pyrsa-keygen.exe
[2025-03-29T16:58:40.289+0000] {processor.py:914} INFO - Processing file /opt/airflow/dags/env/Scripts/pyrsa-keygen.exe for tasks to queue
[2025-03-29T16:58:40.293+0000] {logging_mixin.py:190} INFO - [2025-03-29T16:58:40.292+0000] {dagbag.py:588} INFO - Filling up the DagBag from /opt/airflow/dags/env/Scripts/pyrsa-keygen.exe
[2025-03-29T16:58:40.309+0000] {logging_mixin.py:190} INFO - [2025-03-29T16:58:40.309+0000] {dagbag.py:435} INFO - File /opt/airflow/dags/env/Scripts/pyrsa-keygen.exe:__main__.py assumed to contain no DAGs. Skipping.
[2025-03-29T16:58:40.311+0000] {processor.py:927} WARNING - No viable dags retrieved from /opt/airflow/dags/env/Scripts/pyrsa-keygen.exe
[2025-03-29T16:58:40.335+0000] {processor.py:208} INFO - Processing /opt/airflow/dags/env/Scripts/pyrsa-keygen.exe took 0.057 seconds
[2025-03-29T17:03:08.105+0000] {processor.py:186} INFO - Started process (PID=180) to work on /opt/airflow/dags/env/Scripts/pyrsa-keygen.exe
[2025-03-29T17:03:08.107+0000] {processor.py:914} INFO - Processing file /opt/airflow/dags/env/Scripts/pyrsa-keygen.exe for tasks to queue
[2025-03-29T17:03:08.111+0000] {logging_mixin.py:190} INFO - [2025-03-29T17:03:08.110+0000] {dagbag.py:588} INFO - Filling up the DagBag from /opt/airflow/dags/env/Scripts/pyrsa-keygen.exe
[2025-03-29T17:03:08.124+0000] {logging_mixin.py:190} INFO - [2025-03-29T17:03:08.123+0000] {dagbag.py:435} INFO - File /opt/airflow/dags/env/Scripts/pyrsa-keygen.exe:__main__.py assumed to contain no DAGs. Skipping.
[2025-03-29T17:03:08.125+0000] {processor.py:927} WARNING - No viable dags retrieved from /opt/airflow/dags/env/Scripts/pyrsa-keygen.exe
[2025-03-29T17:03:08.148+0000] {processor.py:208} INFO - Processing /opt/airflow/dags/env/Scripts/pyrsa-keygen.exe took 0.050 seconds
[2025-03-29T17:03:39.889+0000] {processor.py:186} INFO - Started process (PID=204) to work on /opt/airflow/dags/env/Scripts/pyrsa-keygen.exe
[2025-03-29T17:03:39.891+0000] {processor.py:914} INFO - Processing file /opt/airflow/dags/env/Scripts/pyrsa-keygen.exe for tasks to queue
[2025-03-29T17:03:39.894+0000] {logging_mixin.py:190} INFO - [2025-03-29T17:03:39.894+0000] {dagbag.py:588} INFO - Filling up the DagBag from /opt/airflow/dags/env/Scripts/pyrsa-keygen.exe
[2025-03-29T17:03:39.905+0000] {logging_mixin.py:190} INFO - [2025-03-29T17:03:39.905+0000] {dagbag.py:435} INFO - File /opt/airflow/dags/env/Scripts/pyrsa-keygen.exe:__main__.py assumed to contain no DAGs. Skipping.
[2025-03-29T17:03:39.906+0000] {processor.py:927} WARNING - No viable dags retrieved from /opt/airflow/dags/env/Scripts/pyrsa-keygen.exe
[2025-03-29T17:03:39.929+0000] {processor.py:208} INFO - Processing /opt/airflow/dags/env/Scripts/pyrsa-keygen.exe took 0.047 seconds
[2025-03-29T17:08:08.249+0000] {processor.py:186} INFO - Started process (PID=234) to work on /opt/airflow/dags/env/Scripts/pyrsa-keygen.exe
[2025-03-29T17:08:08.250+0000] {processor.py:914} INFO - Processing file /opt/airflow/dags/env/Scripts/pyrsa-keygen.exe for tasks to queue
[2025-03-29T17:08:08.253+0000] {logging_mixin.py:190} INFO - [2025-03-29T17:08:08.253+0000] {dagbag.py:588} INFO - Filling up the DagBag from /opt/airflow/dags/env/Scripts/pyrsa-keygen.exe
[2025-03-29T17:08:08.265+0000] {logging_mixin.py:190} INFO - [2025-03-29T17:08:08.265+0000] {dagbag.py:435} INFO - File /opt/airflow/dags/env/Scripts/pyrsa-keygen.exe:__main__.py assumed to contain no DAGs. Skipping.
[2025-03-29T17:08:08.266+0000] {processor.py:927} WARNING - No viable dags retrieved from /opt/airflow/dags/env/Scripts/pyrsa-keygen.exe
[2025-03-29T17:08:08.295+0000] {processor.py:208} INFO - Processing /opt/airflow/dags/env/Scripts/pyrsa-keygen.exe took 0.056 seconds
[2025-03-29T17:08:39.764+0000] {processor.py:186} INFO - Started process (PID=258) to work on /opt/airflow/dags/env/Scripts/pyrsa-keygen.exe
[2025-03-29T17:08:39.766+0000] {processor.py:914} INFO - Processing file /opt/airflow/dags/env/Scripts/pyrsa-keygen.exe for tasks to queue
[2025-03-29T17:08:39.769+0000] {logging_mixin.py:190} INFO - [2025-03-29T17:08:39.769+0000] {dagbag.py:588} INFO - Filling up the DagBag from /opt/airflow/dags/env/Scripts/pyrsa-keygen.exe
[2025-03-29T17:08:39.780+0000] {logging_mixin.py:190} INFO - [2025-03-29T17:08:39.780+0000] {dagbag.py:435} INFO - File /opt/airflow/dags/env/Scripts/pyrsa-keygen.exe:__main__.py assumed to contain no DAGs. Skipping.
[2025-03-29T17:08:39.781+0000] {processor.py:927} WARNING - No viable dags retrieved from /opt/airflow/dags/env/Scripts/pyrsa-keygen.exe
[2025-03-29T17:08:39.803+0000] {processor.py:208} INFO - Processing /opt/airflow/dags/env/Scripts/pyrsa-keygen.exe took 0.046 seconds
[2025-03-29T17:13:11.134+0000] {processor.py:186} INFO - Started process (PID=288) to work on /opt/airflow/dags/env/Scripts/pyrsa-keygen.exe
[2025-03-29T17:13:11.135+0000] {processor.py:914} INFO - Processing file /opt/airflow/dags/env/Scripts/pyrsa-keygen.exe for tasks to queue
[2025-03-29T17:13:11.138+0000] {logging_mixin.py:190} INFO - [2025-03-29T17:13:11.138+0000] {dagbag.py:588} INFO - Filling up the DagBag from /opt/airflow/dags/env/Scripts/pyrsa-keygen.exe
[2025-03-29T17:13:11.151+0000] {logging_mixin.py:190} INFO - [2025-03-29T17:13:11.151+0000] {dagbag.py:435} INFO - File /opt/airflow/dags/env/Scripts/pyrsa-keygen.exe:__main__.py assumed to contain no DAGs. Skipping.
[2025-03-29T17:13:11.152+0000] {processor.py:927} WARNING - No viable dags retrieved from /opt/airflow/dags/env/Scripts/pyrsa-keygen.exe
[2025-03-29T17:13:11.178+0000] {processor.py:208} INFO - Processing /opt/airflow/dags/env/Scripts/pyrsa-keygen.exe took 0.052 seconds
[2025-03-29T17:13:42.826+0000] {processor.py:186} INFO - Started process (PID=312) to work on /opt/airflow/dags/env/Scripts/pyrsa-keygen.exe
[2025-03-29T17:13:42.828+0000] {processor.py:914} INFO - Processing file /opt/airflow/dags/env/Scripts/pyrsa-keygen.exe for tasks to queue
[2025-03-29T17:13:42.831+0000] {logging_mixin.py:190} INFO - [2025-03-29T17:13:42.831+0000] {dagbag.py:588} INFO - Filling up the DagBag from /opt/airflow/dags/env/Scripts/pyrsa-keygen.exe
[2025-03-29T17:13:42.847+0000] {logging_mixin.py:190} INFO - [2025-03-29T17:13:42.847+0000] {dagbag.py:435} INFO - File /opt/airflow/dags/env/Scripts/pyrsa-keygen.exe:__main__.py assumed to contain no DAGs. Skipping.
[2025-03-29T17:13:42.848+0000] {processor.py:927} WARNING - No viable dags retrieved from /opt/airflow/dags/env/Scripts/pyrsa-keygen.exe
[2025-03-29T17:13:42.878+0000] {processor.py:208} INFO - Processing /opt/airflow/dags/env/Scripts/pyrsa-keygen.exe took 0.062 seconds
[2025-03-29T17:18:14.559+0000] {processor.py:186} INFO - Started process (PID=340) to work on /opt/airflow/dags/env/Scripts/pyrsa-keygen.exe
[2025-03-29T17:18:14.560+0000] {processor.py:914} INFO - Processing file /opt/airflow/dags/env/Scripts/pyrsa-keygen.exe for tasks to queue
[2025-03-29T17:18:14.563+0000] {logging_mixin.py:190} INFO - [2025-03-29T17:18:14.563+0000] {dagbag.py:588} INFO - Filling up the DagBag from /opt/airflow/dags/env/Scripts/pyrsa-keygen.exe
[2025-03-29T17:18:14.574+0000] {logging_mixin.py:190} INFO - [2025-03-29T17:18:14.574+0000] {dagbag.py:435} INFO - File /opt/airflow/dags/env/Scripts/pyrsa-keygen.exe:__main__.py assumed to contain no DAGs. Skipping.
[2025-03-29T17:18:14.575+0000] {processor.py:927} WARNING - No viable dags retrieved from /opt/airflow/dags/env/Scripts/pyrsa-keygen.exe
[2025-03-29T17:18:14.600+0000] {processor.py:208} INFO - Processing /opt/airflow/dags/env/Scripts/pyrsa-keygen.exe took 0.048 seconds
[2025-03-29T17:18:45.947+0000] {processor.py:186} INFO - Started process (PID=364) to work on /opt/airflow/dags/env/Scripts/pyrsa-keygen.exe
[2025-03-29T17:18:45.949+0000] {processor.py:914} INFO - Processing file /opt/airflow/dags/env/Scripts/pyrsa-keygen.exe for tasks to queue
[2025-03-29T17:18:45.952+0000] {logging_mixin.py:190} INFO - [2025-03-29T17:18:45.951+0000] {dagbag.py:588} INFO - Filling up the DagBag from /opt/airflow/dags/env/Scripts/pyrsa-keygen.exe
[2025-03-29T17:18:45.965+0000] {logging_mixin.py:190} INFO - [2025-03-29T17:18:45.965+0000] {dagbag.py:435} INFO - File /opt/airflow/dags/env/Scripts/pyrsa-keygen.exe:__main__.py assumed to contain no DAGs. Skipping.
[2025-03-29T17:18:45.966+0000] {processor.py:927} WARNING - No viable dags retrieved from /opt/airflow/dags/env/Scripts/pyrsa-keygen.exe
[2025-03-29T17:18:45.990+0000] {processor.py:208} INFO - Processing /opt/airflow/dags/env/Scripts/pyrsa-keygen.exe took 0.049 seconds
[2025-03-29T17:23:07.546+0000] {processor.py:186} INFO - Started process (PID=390) to work on /opt/airflow/dags/env/Scripts/pyrsa-keygen.exe
[2025-03-29T17:23:07.547+0000] {processor.py:914} INFO - Processing file /opt/airflow/dags/env/Scripts/pyrsa-keygen.exe for tasks to queue
[2025-03-29T17:23:07.551+0000] {logging_mixin.py:190} INFO - [2025-03-29T17:23:07.550+0000] {dagbag.py:588} INFO - Filling up the DagBag from /opt/airflow/dags/env/Scripts/pyrsa-keygen.exe
[2025-03-29T17:23:07.562+0000] {logging_mixin.py:190} INFO - [2025-03-29T17:23:07.561+0000] {dagbag.py:435} INFO - File /opt/airflow/dags/env/Scripts/pyrsa-keygen.exe:__main__.py assumed to contain no DAGs. Skipping.
[2025-03-29T17:23:07.562+0000] {processor.py:927} WARNING - No viable dags retrieved from /opt/airflow/dags/env/Scripts/pyrsa-keygen.exe
[2025-03-29T17:23:07.587+0000] {processor.py:208} INFO - Processing /opt/airflow/dags/env/Scripts/pyrsa-keygen.exe took 0.048 seconds
[2025-03-29T17:23:39.139+0000] {processor.py:186} INFO - Started process (PID=414) to work on /opt/airflow/dags/env/Scripts/pyrsa-keygen.exe
[2025-03-29T17:23:39.141+0000] {processor.py:914} INFO - Processing file /opt/airflow/dags/env/Scripts/pyrsa-keygen.exe for tasks to queue
[2025-03-29T17:23:39.144+0000] {logging_mixin.py:190} INFO - [2025-03-29T17:23:39.144+0000] {dagbag.py:588} INFO - Filling up the DagBag from /opt/airflow/dags/env/Scripts/pyrsa-keygen.exe
[2025-03-29T17:23:39.164+0000] {logging_mixin.py:190} INFO - [2025-03-29T17:23:39.164+0000] {dagbag.py:435} INFO - File /opt/airflow/dags/env/Scripts/pyrsa-keygen.exe:__main__.py assumed to contain no DAGs. Skipping.
[2025-03-29T17:23:39.166+0000] {processor.py:927} WARNING - No viable dags retrieved from /opt/airflow/dags/env/Scripts/pyrsa-keygen.exe
[2025-03-29T17:23:39.196+0000] {processor.py:208} INFO - Processing /opt/airflow/dags/env/Scripts/pyrsa-keygen.exe took 0.065 seconds
[2025-03-29T17:24:09.525+0000] {processor.py:186} INFO - Started process (PID=438) to work on /opt/airflow/dags/env/Scripts/pyrsa-keygen.exe
[2025-03-29T17:24:09.527+0000] {processor.py:914} INFO - Processing file /opt/airflow/dags/env/Scripts/pyrsa-keygen.exe for tasks to queue
[2025-03-29T17:24:09.536+0000] {logging_mixin.py:190} INFO - [2025-03-29T17:24:09.535+0000] {dagbag.py:588} INFO - Filling up the DagBag from /opt/airflow/dags/env/Scripts/pyrsa-keygen.exe
[2025-03-29T17:24:09.555+0000] {logging_mixin.py:190} INFO - [2025-03-29T17:24:09.555+0000] {dagbag.py:435} INFO - File /opt/airflow/dags/env/Scripts/pyrsa-keygen.exe:__main__.py assumed to contain no DAGs. Skipping.
[2025-03-29T17:24:09.557+0000] {processor.py:927} WARNING - No viable dags retrieved from /opt/airflow/dags/env/Scripts/pyrsa-keygen.exe
[2025-03-29T17:24:09.589+0000] {processor.py:208} INFO - Processing /opt/airflow/dags/env/Scripts/pyrsa-keygen.exe took 0.072 seconds
[2025-03-29T17:28:12.854+0000] {processor.py:186} INFO - Started process (PID=448) to work on /opt/airflow/dags/env/Scripts/pyrsa-keygen.exe
[2025-03-29T17:28:12.855+0000] {processor.py:914} INFO - Processing file /opt/airflow/dags/env/Scripts/pyrsa-keygen.exe for tasks to queue
[2025-03-29T17:28:12.860+0000] {logging_mixin.py:190} INFO - [2025-03-29T17:28:12.859+0000] {dagbag.py:588} INFO - Filling up the DagBag from /opt/airflow/dags/env/Scripts/pyrsa-keygen.exe
[2025-03-29T17:28:12.876+0000] {logging_mixin.py:190} INFO - [2025-03-29T17:28:12.875+0000] {dagbag.py:435} INFO - File /opt/airflow/dags/env/Scripts/pyrsa-keygen.exe:__main__.py assumed to contain no DAGs. Skipping.
[2025-03-29T17:28:12.877+0000] {processor.py:927} WARNING - No viable dags retrieved from /opt/airflow/dags/env/Scripts/pyrsa-keygen.exe
[2025-03-29T17:28:12.908+0000] {processor.py:208} INFO - Processing /opt/airflow/dags/env/Scripts/pyrsa-keygen.exe took 0.065 seconds
[2025-03-29T17:28:43.406+0000] {processor.py:186} INFO - Started process (PID=472) to work on /opt/airflow/dags/env/Scripts/pyrsa-keygen.exe
[2025-03-29T17:28:43.408+0000] {processor.py:914} INFO - Processing file /opt/airflow/dags/env/Scripts/pyrsa-keygen.exe for tasks to queue
[2025-03-29T17:28:43.411+0000] {logging_mixin.py:190} INFO - [2025-03-29T17:28:43.410+0000] {dagbag.py:588} INFO - Filling up the DagBag from /opt/airflow/dags/env/Scripts/pyrsa-keygen.exe
[2025-03-29T17:28:43.423+0000] {logging_mixin.py:190} INFO - [2025-03-29T17:28:43.423+0000] {dagbag.py:435} INFO - File /opt/airflow/dags/env/Scripts/pyrsa-keygen.exe:__main__.py assumed to contain no DAGs. Skipping.
[2025-03-29T17:28:43.424+0000] {processor.py:927} WARNING - No viable dags retrieved from /opt/airflow/dags/env/Scripts/pyrsa-keygen.exe
[2025-03-29T17:28:43.460+0000] {processor.py:208} INFO - Processing /opt/airflow/dags/env/Scripts/pyrsa-keygen.exe took 0.061 seconds
[2025-03-29T17:33:10.870+0000] {processor.py:186} INFO - Started process (PID=500) to work on /opt/airflow/dags/env/Scripts/pyrsa-keygen.exe
[2025-03-29T17:33:10.871+0000] {processor.py:914} INFO - Processing file /opt/airflow/dags/env/Scripts/pyrsa-keygen.exe for tasks to queue
[2025-03-29T17:33:10.876+0000] {logging_mixin.py:190} INFO - [2025-03-29T17:33:10.875+0000] {dagbag.py:588} INFO - Filling up the DagBag from /opt/airflow/dags/env/Scripts/pyrsa-keygen.exe
[2025-03-29T17:33:10.893+0000] {logging_mixin.py:190} INFO - [2025-03-29T17:33:10.892+0000] {dagbag.py:435} INFO - File /opt/airflow/dags/env/Scripts/pyrsa-keygen.exe:__main__.py assumed to contain no DAGs. Skipping.
[2025-03-29T17:33:10.894+0000] {processor.py:927} WARNING - No viable dags retrieved from /opt/airflow/dags/env/Scripts/pyrsa-keygen.exe
[2025-03-29T17:33:10.926+0000] {processor.py:208} INFO - Processing /opt/airflow/dags/env/Scripts/pyrsa-keygen.exe took 0.066 seconds
[2025-03-29T17:33:42.467+0000] {processor.py:186} INFO - Started process (PID=524) to work on /opt/airflow/dags/env/Scripts/pyrsa-keygen.exe
[2025-03-29T17:33:42.469+0000] {processor.py:914} INFO - Processing file /opt/airflow/dags/env/Scripts/pyrsa-keygen.exe for tasks to queue
[2025-03-29T17:33:42.472+0000] {logging_mixin.py:190} INFO - [2025-03-29T17:33:42.472+0000] {dagbag.py:588} INFO - Filling up the DagBag from /opt/airflow/dags/env/Scripts/pyrsa-keygen.exe
[2025-03-29T17:33:42.489+0000] {logging_mixin.py:190} INFO - [2025-03-29T17:33:42.488+0000] {dagbag.py:435} INFO - File /opt/airflow/dags/env/Scripts/pyrsa-keygen.exe:__main__.py assumed to contain no DAGs. Skipping.
[2025-03-29T17:33:42.490+0000] {processor.py:927} WARNING - No viable dags retrieved from /opt/airflow/dags/env/Scripts/pyrsa-keygen.exe
[2025-03-29T17:33:42.518+0000] {processor.py:208} INFO - Processing /opt/airflow/dags/env/Scripts/pyrsa-keygen.exe took 0.060 seconds
[2025-03-29T17:38:08.881+0000] {processor.py:186} INFO - Started process (PID=554) to work on /opt/airflow/dags/env/Scripts/pyrsa-keygen.exe
[2025-03-29T17:38:08.882+0000] {processor.py:914} INFO - Processing file /opt/airflow/dags/env/Scripts/pyrsa-keygen.exe for tasks to queue
[2025-03-29T17:38:08.885+0000] {logging_mixin.py:190} INFO - [2025-03-29T17:38:08.885+0000] {dagbag.py:588} INFO - Filling up the DagBag from /opt/airflow/dags/env/Scripts/pyrsa-keygen.exe
[2025-03-29T17:38:08.897+0000] {logging_mixin.py:190} INFO - [2025-03-29T17:38:08.897+0000] {dagbag.py:435} INFO - File /opt/airflow/dags/env/Scripts/pyrsa-keygen.exe:__main__.py assumed to contain no DAGs. Skipping.
[2025-03-29T17:38:08.898+0000] {processor.py:927} WARNING - No viable dags retrieved from /opt/airflow/dags/env/Scripts/pyrsa-keygen.exe
[2025-03-29T17:38:08.919+0000] {processor.py:208} INFO - Processing /opt/airflow/dags/env/Scripts/pyrsa-keygen.exe took 0.047 seconds
[2025-03-29T17:38:39.467+0000] {processor.py:186} INFO - Started process (PID=578) to work on /opt/airflow/dags/env/Scripts/pyrsa-keygen.exe
[2025-03-29T17:38:39.468+0000] {processor.py:914} INFO - Processing file /opt/airflow/dags/env/Scripts/pyrsa-keygen.exe for tasks to queue
[2025-03-29T17:38:39.471+0000] {logging_mixin.py:190} INFO - [2025-03-29T17:38:39.471+0000] {dagbag.py:588} INFO - Filling up the DagBag from /opt/airflow/dags/env/Scripts/pyrsa-keygen.exe
[2025-03-29T17:38:39.484+0000] {logging_mixin.py:190} INFO - [2025-03-29T17:38:39.484+0000] {dagbag.py:435} INFO - File /opt/airflow/dags/env/Scripts/pyrsa-keygen.exe:__main__.py assumed to contain no DAGs. Skipping.
[2025-03-29T17:38:39.485+0000] {processor.py:927} WARNING - No viable dags retrieved from /opt/airflow/dags/env/Scripts/pyrsa-keygen.exe
[2025-03-29T17:38:39.514+0000] {processor.py:208} INFO - Processing /opt/airflow/dags/env/Scripts/pyrsa-keygen.exe took 0.057 seconds
[2025-03-29T17:39:10.370+0000] {processor.py:186} INFO - Started process (PID=602) to work on /opt/airflow/dags/env/Scripts/pyrsa-keygen.exe
[2025-03-29T17:39:10.371+0000] {processor.py:914} INFO - Processing file /opt/airflow/dags/env/Scripts/pyrsa-keygen.exe for tasks to queue
[2025-03-29T17:39:10.375+0000] {logging_mixin.py:190} INFO - [2025-03-29T17:39:10.374+0000] {dagbag.py:588} INFO - Filling up the DagBag from /opt/airflow/dags/env/Scripts/pyrsa-keygen.exe
[2025-03-29T17:39:10.387+0000] {logging_mixin.py:190} INFO - [2025-03-29T17:39:10.386+0000] {dagbag.py:435} INFO - File /opt/airflow/dags/env/Scripts/pyrsa-keygen.exe:__main__.py assumed to contain no DAGs. Skipping.
[2025-03-29T17:39:10.388+0000] {processor.py:927} WARNING - No viable dags retrieved from /opt/airflow/dags/env/Scripts/pyrsa-keygen.exe
[2025-03-29T17:39:10.411+0000] {processor.py:208} INFO - Processing /opt/airflow/dags/env/Scripts/pyrsa-keygen.exe took 0.048 seconds
[2025-03-29T17:43:09.158+0000] {processor.py:186} INFO - Started process (PID=610) to work on /opt/airflow/dags/env/Scripts/pyrsa-keygen.exe
[2025-03-29T17:43:09.159+0000] {processor.py:914} INFO - Processing file /opt/airflow/dags/env/Scripts/pyrsa-keygen.exe for tasks to queue
[2025-03-29T17:43:09.162+0000] {logging_mixin.py:190} INFO - [2025-03-29T17:43:09.161+0000] {dagbag.py:588} INFO - Filling up the DagBag from /opt/airflow/dags/env/Scripts/pyrsa-keygen.exe
[2025-03-29T17:43:09.173+0000] {logging_mixin.py:190} INFO - [2025-03-29T17:43:09.173+0000] {dagbag.py:435} INFO - File /opt/airflow/dags/env/Scripts/pyrsa-keygen.exe:__main__.py assumed to contain no DAGs. Skipping.
[2025-03-29T17:43:09.174+0000] {processor.py:927} WARNING - No viable dags retrieved from /opt/airflow/dags/env/Scripts/pyrsa-keygen.exe
[2025-03-29T17:43:09.198+0000] {processor.py:208} INFO - Processing /opt/airflow/dags/env/Scripts/pyrsa-keygen.exe took 0.047 seconds
[2025-03-29T17:43:40.768+0000] {processor.py:186} INFO - Started process (PID=634) to work on /opt/airflow/dags/env/Scripts/pyrsa-keygen.exe
[2025-03-29T17:43:40.770+0000] {processor.py:914} INFO - Processing file /opt/airflow/dags/env/Scripts/pyrsa-keygen.exe for tasks to queue
[2025-03-29T17:43:40.773+0000] {logging_mixin.py:190} INFO - [2025-03-29T17:43:40.772+0000] {dagbag.py:588} INFO - Filling up the DagBag from /opt/airflow/dags/env/Scripts/pyrsa-keygen.exe
[2025-03-29T17:43:40.784+0000] {logging_mixin.py:190} INFO - [2025-03-29T17:43:40.783+0000] {dagbag.py:435} INFO - File /opt/airflow/dags/env/Scripts/pyrsa-keygen.exe:__main__.py assumed to contain no DAGs. Skipping.
[2025-03-29T17:43:40.784+0000] {processor.py:927} WARNING - No viable dags retrieved from /opt/airflow/dags/env/Scripts/pyrsa-keygen.exe
[2025-03-29T17:43:40.808+0000] {processor.py:208} INFO - Processing /opt/airflow/dags/env/Scripts/pyrsa-keygen.exe took 0.046 seconds
[2025-03-29T17:48:12.389+0000] {processor.py:186} INFO - Started process (PID=665) to work on /opt/airflow/dags/env/Scripts/pyrsa-keygen.exe
[2025-03-29T17:48:12.390+0000] {processor.py:914} INFO - Processing file /opt/airflow/dags/env/Scripts/pyrsa-keygen.exe for tasks to queue
[2025-03-29T17:48:12.393+0000] {logging_mixin.py:190} INFO - [2025-03-29T17:48:12.392+0000] {dagbag.py:588} INFO - Filling up the DagBag from /opt/airflow/dags/env/Scripts/pyrsa-keygen.exe
[2025-03-29T17:48:12.404+0000] {logging_mixin.py:190} INFO - [2025-03-29T17:48:12.404+0000] {dagbag.py:435} INFO - File /opt/airflow/dags/env/Scripts/pyrsa-keygen.exe:__main__.py assumed to contain no DAGs. Skipping.
[2025-03-29T17:48:12.405+0000] {processor.py:927} WARNING - No viable dags retrieved from /opt/airflow/dags/env/Scripts/pyrsa-keygen.exe
[2025-03-29T17:48:12.430+0000] {processor.py:208} INFO - Processing /opt/airflow/dags/env/Scripts/pyrsa-keygen.exe took 0.048 seconds
[2025-03-29T17:48:43.987+0000] {processor.py:186} INFO - Started process (PID=689) to work on /opt/airflow/dags/env/Scripts/pyrsa-keygen.exe
[2025-03-29T17:48:43.989+0000] {processor.py:914} INFO - Processing file /opt/airflow/dags/env/Scripts/pyrsa-keygen.exe for tasks to queue
[2025-03-29T17:48:43.992+0000] {logging_mixin.py:190} INFO - [2025-03-29T17:48:43.992+0000] {dagbag.py:588} INFO - Filling up the DagBag from /opt/airflow/dags/env/Scripts/pyrsa-keygen.exe
[2025-03-29T17:48:44.005+0000] {logging_mixin.py:190} INFO - [2025-03-29T17:48:44.005+0000] {dagbag.py:435} INFO - File /opt/airflow/dags/env/Scripts/pyrsa-keygen.exe:__main__.py assumed to contain no DAGs. Skipping.
[2025-03-29T17:48:44.006+0000] {processor.py:927} WARNING - No viable dags retrieved from /opt/airflow/dags/env/Scripts/pyrsa-keygen.exe
[2025-03-29T17:48:44.031+0000] {processor.py:208} INFO - Processing /opt/airflow/dags/env/Scripts/pyrsa-keygen.exe took 0.050 seconds
[2025-03-29T17:53:14.138+0000] {processor.py:186} INFO - Started process (PID=718) to work on /opt/airflow/dags/env/Scripts/pyrsa-keygen.exe
[2025-03-29T17:53:14.140+0000] {processor.py:914} INFO - Processing file /opt/airflow/dags/env/Scripts/pyrsa-keygen.exe for tasks to queue
[2025-03-29T17:53:14.144+0000] {logging_mixin.py:190} INFO - [2025-03-29T17:53:14.144+0000] {dagbag.py:588} INFO - Filling up the DagBag from /opt/airflow/dags/env/Scripts/pyrsa-keygen.exe
[2025-03-29T17:53:14.162+0000] {logging_mixin.py:190} INFO - [2025-03-29T17:53:14.161+0000] {dagbag.py:435} INFO - File /opt/airflow/dags/env/Scripts/pyrsa-keygen.exe:__main__.py assumed to contain no DAGs. Skipping.
[2025-03-29T17:53:14.163+0000] {processor.py:927} WARNING - No viable dags retrieved from /opt/airflow/dags/env/Scripts/pyrsa-keygen.exe
[2025-03-29T17:53:14.191+0000] {processor.py:208} INFO - Processing /opt/airflow/dags/env/Scripts/pyrsa-keygen.exe took 0.064 seconds
[2025-03-29T17:53:45.550+0000] {processor.py:186} INFO - Started process (PID=742) to work on /opt/airflow/dags/env/Scripts/pyrsa-keygen.exe
[2025-03-29T17:53:45.551+0000] {processor.py:914} INFO - Processing file /opt/airflow/dags/env/Scripts/pyrsa-keygen.exe for tasks to queue
[2025-03-29T17:53:45.555+0000] {logging_mixin.py:190} INFO - [2025-03-29T17:53:45.555+0000] {dagbag.py:588} INFO - Filling up the DagBag from /opt/airflow/dags/env/Scripts/pyrsa-keygen.exe
[2025-03-29T17:53:45.568+0000] {logging_mixin.py:190} INFO - [2025-03-29T17:53:45.567+0000] {dagbag.py:435} INFO - File /opt/airflow/dags/env/Scripts/pyrsa-keygen.exe:__main__.py assumed to contain no DAGs. Skipping.
[2025-03-29T17:53:45.569+0000] {processor.py:927} WARNING - No viable dags retrieved from /opt/airflow/dags/env/Scripts/pyrsa-keygen.exe
[2025-03-29T17:53:45.594+0000] {processor.py:208} INFO - Processing /opt/airflow/dags/env/Scripts/pyrsa-keygen.exe took 0.051 seconds
[2025-03-29T17:58:15.641+0000] {processor.py:186} INFO - Started process (PID=770) to work on /opt/airflow/dags/env/Scripts/pyrsa-keygen.exe
[2025-03-29T17:58:15.642+0000] {processor.py:914} INFO - Processing file /opt/airflow/dags/env/Scripts/pyrsa-keygen.exe for tasks to queue
[2025-03-29T17:58:15.645+0000] {logging_mixin.py:190} INFO - [2025-03-29T17:58:15.645+0000] {dagbag.py:588} INFO - Filling up the DagBag from /opt/airflow/dags/env/Scripts/pyrsa-keygen.exe
[2025-03-29T17:58:15.656+0000] {logging_mixin.py:190} INFO - [2025-03-29T17:58:15.656+0000] {dagbag.py:435} INFO - File /opt/airflow/dags/env/Scripts/pyrsa-keygen.exe:__main__.py assumed to contain no DAGs. Skipping.
[2025-03-29T17:58:15.657+0000] {processor.py:927} WARNING - No viable dags retrieved from /opt/airflow/dags/env/Scripts/pyrsa-keygen.exe
[2025-03-29T17:58:15.682+0000] {processor.py:208} INFO - Processing /opt/airflow/dags/env/Scripts/pyrsa-keygen.exe took 0.048 seconds
[2025-03-29T17:58:47.115+0000] {processor.py:186} INFO - Started process (PID=794) to work on /opt/airflow/dags/env/Scripts/pyrsa-keygen.exe
[2025-03-29T17:58:47.117+0000] {processor.py:914} INFO - Processing file /opt/airflow/dags/env/Scripts/pyrsa-keygen.exe for tasks to queue
[2025-03-29T17:58:47.120+0000] {logging_mixin.py:190} INFO - [2025-03-29T17:58:47.120+0000] {dagbag.py:588} INFO - Filling up the DagBag from /opt/airflow/dags/env/Scripts/pyrsa-keygen.exe
[2025-03-29T17:58:47.134+0000] {logging_mixin.py:190} INFO - [2025-03-29T17:58:47.133+0000] {dagbag.py:435} INFO - File /opt/airflow/dags/env/Scripts/pyrsa-keygen.exe:__main__.py assumed to contain no DAGs. Skipping.
[2025-03-29T17:58:47.135+0000] {processor.py:927} WARNING - No viable dags retrieved from /opt/airflow/dags/env/Scripts/pyrsa-keygen.exe
[2025-03-29T17:58:47.161+0000] {processor.py:208} INFO - Processing /opt/airflow/dags/env/Scripts/pyrsa-keygen.exe took 0.053 seconds
[2025-03-29T18:40:40.555+0000] {processor.py:186} INFO - Started process (PID=822) to work on /opt/airflow/dags/env/Scripts/pyrsa-keygen.exe
[2025-03-29T18:40:40.556+0000] {processor.py:914} INFO - Processing file /opt/airflow/dags/env/Scripts/pyrsa-keygen.exe for tasks to queue
[2025-03-29T18:40:40.560+0000] {logging_mixin.py:190} INFO - [2025-03-29T18:40:40.559+0000] {dagbag.py:588} INFO - Filling up the DagBag from /opt/airflow/dags/env/Scripts/pyrsa-keygen.exe
[2025-03-29T18:40:40.571+0000] {logging_mixin.py:190} INFO - [2025-03-29T18:40:40.571+0000] {dagbag.py:435} INFO - File /opt/airflow/dags/env/Scripts/pyrsa-keygen.exe:__main__.py assumed to contain no DAGs. Skipping.
[2025-03-29T18:40:40.572+0000] {processor.py:927} WARNING - No viable dags retrieved from /opt/airflow/dags/env/Scripts/pyrsa-keygen.exe
[2025-03-29T18:40:40.598+0000] {processor.py:208} INFO - Processing /opt/airflow/dags/env/Scripts/pyrsa-keygen.exe took 0.049 seconds
[2025-03-29T18:41:10.866+0000] {processor.py:186} INFO - Started process (PID=846) to work on /opt/airflow/dags/env/Scripts/pyrsa-keygen.exe
[2025-03-29T18:41:10.867+0000] {processor.py:914} INFO - Processing file /opt/airflow/dags/env/Scripts/pyrsa-keygen.exe for tasks to queue
[2025-03-29T18:41:10.871+0000] {logging_mixin.py:190} INFO - [2025-03-29T18:41:10.870+0000] {dagbag.py:588} INFO - Filling up the DagBag from /opt/airflow/dags/env/Scripts/pyrsa-keygen.exe
[2025-03-29T18:41:10.884+0000] {logging_mixin.py:190} INFO - [2025-03-29T18:41:10.884+0000] {dagbag.py:435} INFO - File /opt/airflow/dags/env/Scripts/pyrsa-keygen.exe:__main__.py assumed to contain no DAGs. Skipping.
[2025-03-29T18:41:10.885+0000] {processor.py:927} WARNING - No viable dags retrieved from /opt/airflow/dags/env/Scripts/pyrsa-keygen.exe
[2025-03-29T18:41:10.907+0000] {processor.py:208} INFO - Processing /opt/airflow/dags/env/Scripts/pyrsa-keygen.exe took 0.049 seconds
[2025-03-29T19:40:08.825+0000] {processor.py:186} INFO - Started process (PID=858) to work on /opt/airflow/dags/env/Scripts/pyrsa-keygen.exe
[2025-03-29T19:40:08.827+0000] {processor.py:914} INFO - Processing file /opt/airflow/dags/env/Scripts/pyrsa-keygen.exe for tasks to queue
[2025-03-29T19:40:08.833+0000] {logging_mixin.py:190} INFO - [2025-03-29T19:40:08.832+0000] {dagbag.py:588} INFO - Filling up the DagBag from /opt/airflow/dags/env/Scripts/pyrsa-keygen.exe
[2025-03-29T19:40:08.853+0000] {logging_mixin.py:190} INFO - [2025-03-29T19:40:08.853+0000] {dagbag.py:435} INFO - File /opt/airflow/dags/env/Scripts/pyrsa-keygen.exe:__main__.py assumed to contain no DAGs. Skipping.
[2025-03-29T19:40:08.856+0000] {processor.py:927} WARNING - No viable dags retrieved from /opt/airflow/dags/env/Scripts/pyrsa-keygen.exe
[2025-03-29T19:40:08.899+0000] {processor.py:208} INFO - Processing /opt/airflow/dags/env/Scripts/pyrsa-keygen.exe took 0.091 seconds
[2025-03-29T21:05:51.487+0000] {processor.py:186} INFO - Started process (PID=882) to work on /opt/airflow/dags/env/Scripts/pyrsa-keygen.exe
[2025-03-29T21:05:51.488+0000] {processor.py:914} INFO - Processing file /opt/airflow/dags/env/Scripts/pyrsa-keygen.exe for tasks to queue
[2025-03-29T21:05:51.492+0000] {logging_mixin.py:190} INFO - [2025-03-29T21:05:51.492+0000] {dagbag.py:588} INFO - Filling up the DagBag from /opt/airflow/dags/env/Scripts/pyrsa-keygen.exe
[2025-03-29T21:05:51.506+0000] {logging_mixin.py:190} INFO - [2025-03-29T21:05:51.505+0000] {dagbag.py:435} INFO - File /opt/airflow/dags/env/Scripts/pyrsa-keygen.exe:__main__.py assumed to contain no DAGs. Skipping.
[2025-03-29T21:05:51.507+0000] {processor.py:927} WARNING - No viable dags retrieved from /opt/airflow/dags/env/Scripts/pyrsa-keygen.exe
[2025-03-29T21:05:51.530+0000] {processor.py:208} INFO - Processing /opt/airflow/dags/env/Scripts/pyrsa-keygen.exe took 0.050 seconds
[2025-03-29T22:04:32.657+0000] {processor.py:186} INFO - Started process (PID=901) to work on /opt/airflow/dags/env/Scripts/pyrsa-keygen.exe
[2025-03-29T22:04:32.662+0000] {processor.py:914} INFO - Processing file /opt/airflow/dags/env/Scripts/pyrsa-keygen.exe for tasks to queue
[2025-03-29T22:04:32.671+0000] {logging_mixin.py:190} INFO - [2025-03-29T22:04:32.670+0000] {dagbag.py:588} INFO - Filling up the DagBag from /opt/airflow/dags/env/Scripts/pyrsa-keygen.exe
[2025-03-29T22:04:32.696+0000] {logging_mixin.py:190} INFO - [2025-03-29T22:04:32.695+0000] {dagbag.py:435} INFO - File /opt/airflow/dags/env/Scripts/pyrsa-keygen.exe:__main__.py assumed to contain no DAGs. Skipping.
[2025-03-29T22:04:32.698+0000] {processor.py:927} WARNING - No viable dags retrieved from /opt/airflow/dags/env/Scripts/pyrsa-keygen.exe
[2025-03-29T22:04:32.748+0000] {processor.py:208} INFO - Processing /opt/airflow/dags/env/Scripts/pyrsa-keygen.exe took 0.107 seconds
