[2025-03-29T00:47:27.469+0000] {processor.py:186} INFO - Started process (PID=429) to work on /opt/airflow/dags/env/Scripts/pyrsa-encrypt.exe
[2025-03-29T00:47:27.471+0000] {processor.py:914} INFO - Processing file /opt/airflow/dags/env/Scripts/pyrsa-encrypt.exe for tasks to queue
[2025-03-29T00:47:27.475+0000] {logging_mixin.py:190} INFO - [2025-03-29T00:47:27.474+0000] {dagbag.py:588} INFO - Filling up the DagBag from /opt/airflow/dags/env/Scripts/pyrsa-encrypt.exe
[2025-03-29T00:47:27.489+0000] {logging_mixin.py:190} INFO - [2025-03-29T00:47:27.489+0000] {dagbag.py:435} INFO - File /opt/airflow/dags/env/Scripts/pyrsa-encrypt.exe:__main__.py assumed to contain no DAGs. Skipping.
[2025-03-29T00:47:27.491+0000] {processor.py:927} WARNING - No viable dags retrieved from /opt/airflow/dags/env/Scripts/pyrsa-encrypt.exe
[2025-03-29T00:47:27.512+0000] {processor.py:208} INFO - Processing /opt/airflow/dags/env/Scripts/pyrsa-encrypt.exe took 0.049 seconds
[2025-03-29T00:52:22.877+0000] {processor.py:186} INFO - Started process (PID=457) to work on /opt/airflow/dags/env/Scripts/pyrsa-encrypt.exe
[2025-03-29T00:52:22.879+0000] {processor.py:914} INFO - Processing file /opt/airflow/dags/env/Scripts/pyrsa-encrypt.exe for tasks to queue
[2025-03-29T00:52:22.883+0000] {logging_mixin.py:190} INFO - [2025-03-29T00:52:22.883+0000] {dagbag.py:588} INFO - Filling up the DagBag from /opt/airflow/dags/env/Scripts/pyrsa-encrypt.exe
[2025-03-29T00:52:22.898+0000] {logging_mixin.py:190} INFO - [2025-03-29T00:52:22.898+0000] {dagbag.py:435} INFO - File /opt/airflow/dags/env/Scripts/pyrsa-encrypt.exe:__main__.py assumed to contain no DAGs. Skipping.
[2025-03-29T00:52:22.899+0000] {processor.py:927} WARNING - No viable dags retrieved from /opt/airflow/dags/env/Scripts/pyrsa-encrypt.exe
[2025-03-29T00:52:22.920+0000] {processor.py:208} INFO - Processing /opt/airflow/dags/env/Scripts/pyrsa-encrypt.exe took 0.059 seconds
[2025-03-29T00:57:26.852+0000] {processor.py:186} INFO - Started process (PID=487) to work on /opt/airflow/dags/env/Scripts/pyrsa-encrypt.exe
[2025-03-29T00:57:26.853+0000] {processor.py:914} INFO - Processing file /opt/airflow/dags/env/Scripts/pyrsa-encrypt.exe for tasks to queue
[2025-03-29T00:57:26.857+0000] {logging_mixin.py:190} INFO - [2025-03-29T00:57:26.856+0000] {dagbag.py:588} INFO - Filling up the DagBag from /opt/airflow/dags/env/Scripts/pyrsa-encrypt.exe
[2025-03-29T00:57:26.878+0000] {logging_mixin.py:190} INFO - [2025-03-29T00:57:26.878+0000] {dagbag.py:435} INFO - File /opt/airflow/dags/env/Scripts/pyrsa-encrypt.exe:__main__.py assumed to contain no DAGs. Skipping.
[2025-03-29T00:57:26.879+0000] {processor.py:927} WARNING - No viable dags retrieved from /opt/airflow/dags/env/Scripts/pyrsa-encrypt.exe
[2025-03-29T00:57:26.904+0000] {processor.py:208} INFO - Processing /opt/airflow/dags/env/Scripts/pyrsa-encrypt.exe took 0.061 seconds
[2025-03-29T01:02:20.038+0000] {processor.py:186} INFO - Started process (PID=513) to work on /opt/airflow/dags/env/Scripts/pyrsa-encrypt.exe
[2025-03-29T01:02:20.040+0000] {processor.py:914} INFO - Processing file /opt/airflow/dags/env/Scripts/pyrsa-encrypt.exe for tasks to queue
[2025-03-29T01:02:20.044+0000] {logging_mixin.py:190} INFO - [2025-03-29T01:02:20.044+0000] {dagbag.py:588} INFO - Filling up the DagBag from /opt/airflow/dags/env/Scripts/pyrsa-encrypt.exe
[2025-03-29T01:02:20.061+0000] {logging_mixin.py:190} INFO - [2025-03-29T01:02:20.061+0000] {dagbag.py:435} INFO - File /opt/airflow/dags/env/Scripts/pyrsa-encrypt.exe:__main__.py assumed to contain no DAGs. Skipping.
[2025-03-29T01:02:20.062+0000] {processor.py:927} WARNING - No viable dags retrieved from /opt/airflow/dags/env/Scripts/pyrsa-encrypt.exe
[2025-03-29T01:02:20.089+0000] {processor.py:208} INFO - Processing /opt/airflow/dags/env/Scripts/pyrsa-encrypt.exe took 0.059 seconds
[2025-03-29T01:07:28.913+0000] {processor.py:186} INFO - Started process (PID=544) to work on /opt/airflow/dags/env/Scripts/pyrsa-encrypt.exe
[2025-03-29T01:07:28.915+0000] {processor.py:914} INFO - Processing file /opt/airflow/dags/env/Scripts/pyrsa-encrypt.exe for tasks to queue
[2025-03-29T01:07:28.920+0000] {logging_mixin.py:190} INFO - [2025-03-29T01:07:28.920+0000] {dagbag.py:588} INFO - Filling up the DagBag from /opt/airflow/dags/env/Scripts/pyrsa-encrypt.exe
[2025-03-29T01:07:28.948+0000] {logging_mixin.py:190} INFO - [2025-03-29T01:07:28.947+0000] {dagbag.py:435} INFO - File /opt/airflow/dags/env/Scripts/pyrsa-encrypt.exe:__main__.py assumed to contain no DAGs. Skipping.
[2025-03-29T01:07:28.950+0000] {processor.py:927} WARNING - No viable dags retrieved from /opt/airflow/dags/env/Scripts/pyrsa-encrypt.exe
[2025-03-29T01:07:28.977+0000] {processor.py:208} INFO - Processing /opt/airflow/dags/env/Scripts/pyrsa-encrypt.exe took 0.077 seconds
[2025-03-29T01:12:32.320+0000] {processor.py:186} INFO - Started process (PID=569) to work on /opt/airflow/dags/env/Scripts/pyrsa-encrypt.exe
[2025-03-29T01:12:32.322+0000] {processor.py:914} INFO - Processing file /opt/airflow/dags/env/Scripts/pyrsa-encrypt.exe for tasks to queue
[2025-03-29T01:12:32.327+0000] {logging_mixin.py:190} INFO - [2025-03-29T01:12:32.326+0000] {dagbag.py:588} INFO - Filling up the DagBag from /opt/airflow/dags/env/Scripts/pyrsa-encrypt.exe
[2025-03-29T01:12:32.346+0000] {logging_mixin.py:190} INFO - [2025-03-29T01:12:32.345+0000] {dagbag.py:435} INFO - File /opt/airflow/dags/env/Scripts/pyrsa-encrypt.exe:__main__.py assumed to contain no DAGs. Skipping.
[2025-03-29T01:12:32.347+0000] {processor.py:927} WARNING - No viable dags retrieved from /opt/airflow/dags/env/Scripts/pyrsa-encrypt.exe
[2025-03-29T01:12:32.372+0000] {processor.py:208} INFO - Processing /opt/airflow/dags/env/Scripts/pyrsa-encrypt.exe took 0.065 seconds
[2025-03-29T01:17:25.185+0000] {processor.py:186} INFO - Started process (PID=593) to work on /opt/airflow/dags/env/Scripts/pyrsa-encrypt.exe
[2025-03-29T01:17:25.186+0000] {processor.py:914} INFO - Processing file /opt/airflow/dags/env/Scripts/pyrsa-encrypt.exe for tasks to queue
[2025-03-29T01:17:25.191+0000] {logging_mixin.py:190} INFO - [2025-03-29T01:17:25.190+0000] {dagbag.py:588} INFO - Filling up the DagBag from /opt/airflow/dags/env/Scripts/pyrsa-encrypt.exe
[2025-03-29T01:17:25.211+0000] {logging_mixin.py:190} INFO - [2025-03-29T01:17:25.211+0000] {dagbag.py:435} INFO - File /opt/airflow/dags/env/Scripts/pyrsa-encrypt.exe:__main__.py assumed to contain no DAGs. Skipping.
[2025-03-29T01:17:25.213+0000] {processor.py:927} WARNING - No viable dags retrieved from /opt/airflow/dags/env/Scripts/pyrsa-encrypt.exe
[2025-03-29T01:17:25.245+0000] {processor.py:208} INFO - Processing /opt/airflow/dags/env/Scripts/pyrsa-encrypt.exe took 0.068 seconds
[2025-03-29T01:22:31.537+0000] {processor.py:186} INFO - Started process (PID=621) to work on /opt/airflow/dags/env/Scripts/pyrsa-encrypt.exe
[2025-03-29T01:22:31.538+0000] {processor.py:914} INFO - Processing file /opt/airflow/dags/env/Scripts/pyrsa-encrypt.exe for tasks to queue
[2025-03-29T01:22:31.542+0000] {logging_mixin.py:190} INFO - [2025-03-29T01:22:31.541+0000] {dagbag.py:588} INFO - Filling up the DagBag from /opt/airflow/dags/env/Scripts/pyrsa-encrypt.exe
[2025-03-29T01:22:31.556+0000] {logging_mixin.py:190} INFO - [2025-03-29T01:22:31.556+0000] {dagbag.py:435} INFO - File /opt/airflow/dags/env/Scripts/pyrsa-encrypt.exe:__main__.py assumed to contain no DAGs. Skipping.
[2025-03-29T01:22:31.557+0000] {processor.py:927} WARNING - No viable dags retrieved from /opt/airflow/dags/env/Scripts/pyrsa-encrypt.exe
[2025-03-29T01:22:31.583+0000] {processor.py:208} INFO - Processing /opt/airflow/dags/env/Scripts/pyrsa-encrypt.exe took 0.056 seconds
[2025-03-29T16:48:51.883+0000] {processor.py:186} INFO - Started process (PID=59) to work on /opt/airflow/dags/env/Scripts/pyrsa-encrypt.exe
[2025-03-29T16:48:51.885+0000] {processor.py:914} INFO - Processing file /opt/airflow/dags/env/Scripts/pyrsa-encrypt.exe for tasks to queue
[2025-03-29T16:48:51.888+0000] {logging_mixin.py:190} INFO - [2025-03-29T16:48:51.887+0000] {dagbag.py:588} INFO - Filling up the DagBag from /opt/airflow/dags/env/Scripts/pyrsa-encrypt.exe
[2025-03-29T16:48:51.902+0000] {logging_mixin.py:190} INFO - [2025-03-29T16:48:51.902+0000] {dagbag.py:435} INFO - File /opt/airflow/dags/env/Scripts/pyrsa-encrypt.exe:__main__.py assumed to contain no DAGs. Skipping.
[2025-03-29T16:48:51.903+0000] {processor.py:927} WARNING - No viable dags retrieved from /opt/airflow/dags/env/Scripts/pyrsa-encrypt.exe
[2025-03-29T16:48:51.927+0000] {processor.py:208} INFO - Processing /opt/airflow/dags/env/Scripts/pyrsa-encrypt.exe took 0.051 seconds
[2025-03-29T16:53:22.203+0000] {processor.py:186} INFO - Started process (PID=83) to work on /opt/airflow/dags/env/Scripts/pyrsa-encrypt.exe
[2025-03-29T16:53:22.204+0000] {processor.py:914} INFO - Processing file /opt/airflow/dags/env/Scripts/pyrsa-encrypt.exe for tasks to queue
[2025-03-29T16:53:22.207+0000] {logging_mixin.py:190} INFO - [2025-03-29T16:53:22.207+0000] {dagbag.py:588} INFO - Filling up the DagBag from /opt/airflow/dags/env/Scripts/pyrsa-encrypt.exe
[2025-03-29T16:53:22.221+0000] {logging_mixin.py:190} INFO - [2025-03-29T16:53:22.221+0000] {dagbag.py:435} INFO - File /opt/airflow/dags/env/Scripts/pyrsa-encrypt.exe:__main__.py assumed to contain no DAGs. Skipping.
[2025-03-29T16:53:22.222+0000] {processor.py:927} WARNING - No viable dags retrieved from /opt/airflow/dags/env/Scripts/pyrsa-encrypt.exe
[2025-03-29T16:53:22.249+0000] {processor.py:208} INFO - Processing /opt/airflow/dags/env/Scripts/pyrsa-encrypt.exe took 0.053 seconds
[2025-03-29T16:53:53.566+0000] {processor.py:186} INFO - Started process (PID=107) to work on /opt/airflow/dags/env/Scripts/pyrsa-encrypt.exe
[2025-03-29T16:53:53.568+0000] {processor.py:914} INFO - Processing file /opt/airflow/dags/env/Scripts/pyrsa-encrypt.exe for tasks to queue
[2025-03-29T16:53:53.572+0000] {logging_mixin.py:190} INFO - [2025-03-29T16:53:53.571+0000] {dagbag.py:588} INFO - Filling up the DagBag from /opt/airflow/dags/env/Scripts/pyrsa-encrypt.exe
[2025-03-29T16:53:53.592+0000] {logging_mixin.py:190} INFO - [2025-03-29T16:53:53.591+0000] {dagbag.py:435} INFO - File /opt/airflow/dags/env/Scripts/pyrsa-encrypt.exe:__main__.py assumed to contain no DAGs. Skipping.
[2025-03-29T16:53:53.594+0000] {processor.py:927} WARNING - No viable dags retrieved from /opt/airflow/dags/env/Scripts/pyrsa-encrypt.exe
[2025-03-29T16:53:53.632+0000] {processor.py:208} INFO - Processing /opt/airflow/dags/env/Scripts/pyrsa-encrypt.exe took 0.072 seconds
[2025-03-29T16:58:10.756+0000] {processor.py:186} INFO - Started process (PID=129) to work on /opt/airflow/dags/env/Scripts/pyrsa-encrypt.exe
[2025-03-29T16:58:10.757+0000] {processor.py:914} INFO - Processing file /opt/airflow/dags/env/Scripts/pyrsa-encrypt.exe for tasks to queue
[2025-03-29T16:58:10.761+0000] {logging_mixin.py:190} INFO - [2025-03-29T16:58:10.760+0000] {dagbag.py:588} INFO - Filling up the DagBag from /opt/airflow/dags/env/Scripts/pyrsa-encrypt.exe
[2025-03-29T16:58:10.773+0000] {logging_mixin.py:190} INFO - [2025-03-29T16:58:10.773+0000] {dagbag.py:435} INFO - File /opt/airflow/dags/env/Scripts/pyrsa-encrypt.exe:__main__.py assumed to contain no DAGs. Skipping.
[2025-03-29T16:58:10.774+0000] {processor.py:927} WARNING - No viable dags retrieved from /opt/airflow/dags/env/Scripts/pyrsa-encrypt.exe
[2025-03-29T16:58:10.799+0000] {processor.py:208} INFO - Processing /opt/airflow/dags/env/Scripts/pyrsa-encrypt.exe took 0.051 seconds
[2025-03-29T16:58:42.080+0000] {processor.py:186} INFO - Started process (PID=153) to work on /opt/airflow/dags/env/Scripts/pyrsa-encrypt.exe
[2025-03-29T16:58:42.082+0000] {processor.py:914} INFO - Processing file /opt/airflow/dags/env/Scripts/pyrsa-encrypt.exe for tasks to queue
[2025-03-29T16:58:42.086+0000] {logging_mixin.py:190} INFO - [2025-03-29T16:58:42.086+0000] {dagbag.py:588} INFO - Filling up the DagBag from /opt/airflow/dags/env/Scripts/pyrsa-encrypt.exe
[2025-03-29T16:58:42.099+0000] {logging_mixin.py:190} INFO - [2025-03-29T16:58:42.099+0000] {dagbag.py:435} INFO - File /opt/airflow/dags/env/Scripts/pyrsa-encrypt.exe:__main__.py assumed to contain no DAGs. Skipping.
[2025-03-29T16:58:42.101+0000] {processor.py:927} WARNING - No viable dags retrieved from /opt/airflow/dags/env/Scripts/pyrsa-encrypt.exe
[2025-03-29T16:58:42.129+0000] {processor.py:208} INFO - Processing /opt/airflow/dags/env/Scripts/pyrsa-encrypt.exe took 0.057 seconds
[2025-03-29T17:03:10.594+0000] {processor.py:186} INFO - Started process (PID=182) to work on /opt/airflow/dags/env/Scripts/pyrsa-encrypt.exe
[2025-03-29T17:03:10.595+0000] {processor.py:914} INFO - Processing file /opt/airflow/dags/env/Scripts/pyrsa-encrypt.exe for tasks to queue
[2025-03-29T17:03:10.599+0000] {logging_mixin.py:190} INFO - [2025-03-29T17:03:10.598+0000] {dagbag.py:588} INFO - Filling up the DagBag from /opt/airflow/dags/env/Scripts/pyrsa-encrypt.exe
[2025-03-29T17:03:10.613+0000] {logging_mixin.py:190} INFO - [2025-03-29T17:03:10.613+0000] {dagbag.py:435} INFO - File /opt/airflow/dags/env/Scripts/pyrsa-encrypt.exe:__main__.py assumed to contain no DAGs. Skipping.
[2025-03-29T17:03:10.614+0000] {processor.py:927} WARNING - No viable dags retrieved from /opt/airflow/dags/env/Scripts/pyrsa-encrypt.exe
[2025-03-29T17:03:10.640+0000] {processor.py:208} INFO - Processing /opt/airflow/dags/env/Scripts/pyrsa-encrypt.exe took 0.055 seconds
[2025-03-29T17:03:42.417+0000] {processor.py:186} INFO - Started process (PID=206) to work on /opt/airflow/dags/env/Scripts/pyrsa-encrypt.exe
[2025-03-29T17:03:42.419+0000] {processor.py:914} INFO - Processing file /opt/airflow/dags/env/Scripts/pyrsa-encrypt.exe for tasks to queue
[2025-03-29T17:03:42.423+0000] {logging_mixin.py:190} INFO - [2025-03-29T17:03:42.422+0000] {dagbag.py:588} INFO - Filling up the DagBag from /opt/airflow/dags/env/Scripts/pyrsa-encrypt.exe
[2025-03-29T17:03:42.438+0000] {logging_mixin.py:190} INFO - [2025-03-29T17:03:42.438+0000] {dagbag.py:435} INFO - File /opt/airflow/dags/env/Scripts/pyrsa-encrypt.exe:__main__.py assumed to contain no DAGs. Skipping.
[2025-03-29T17:03:42.439+0000] {processor.py:927} WARNING - No viable dags retrieved from /opt/airflow/dags/env/Scripts/pyrsa-encrypt.exe
[2025-03-29T17:03:42.466+0000] {processor.py:208} INFO - Processing /opt/airflow/dags/env/Scripts/pyrsa-encrypt.exe took 0.056 seconds
[2025-03-29T17:08:09.840+0000] {processor.py:186} INFO - Started process (PID=236) to work on /opt/airflow/dags/env/Scripts/pyrsa-encrypt.exe
[2025-03-29T17:08:09.841+0000] {processor.py:914} INFO - Processing file /opt/airflow/dags/env/Scripts/pyrsa-encrypt.exe for tasks to queue
[2025-03-29T17:08:09.846+0000] {logging_mixin.py:190} INFO - [2025-03-29T17:08:09.845+0000] {dagbag.py:588} INFO - Filling up the DagBag from /opt/airflow/dags/env/Scripts/pyrsa-encrypt.exe
[2025-03-29T17:08:09.863+0000] {logging_mixin.py:190} INFO - [2025-03-29T17:08:09.863+0000] {dagbag.py:435} INFO - File /opt/airflow/dags/env/Scripts/pyrsa-encrypt.exe:__main__.py assumed to contain no DAGs. Skipping.
[2025-03-29T17:08:09.864+0000] {processor.py:927} WARNING - No viable dags retrieved from /opt/airflow/dags/env/Scripts/pyrsa-encrypt.exe
[2025-03-29T17:08:09.893+0000] {processor.py:208} INFO - Processing /opt/airflow/dags/env/Scripts/pyrsa-encrypt.exe took 0.061 seconds
[2025-03-29T17:08:41.256+0000] {processor.py:186} INFO - Started process (PID=260) to work on /opt/airflow/dags/env/Scripts/pyrsa-encrypt.exe
[2025-03-29T17:08:41.258+0000] {processor.py:914} INFO - Processing file /opt/airflow/dags/env/Scripts/pyrsa-encrypt.exe for tasks to queue
[2025-03-29T17:08:41.261+0000] {logging_mixin.py:190} INFO - [2025-03-29T17:08:41.261+0000] {dagbag.py:588} INFO - Filling up the DagBag from /opt/airflow/dags/env/Scripts/pyrsa-encrypt.exe
[2025-03-29T17:08:41.274+0000] {logging_mixin.py:190} INFO - [2025-03-29T17:08:41.274+0000] {dagbag.py:435} INFO - File /opt/airflow/dags/env/Scripts/pyrsa-encrypt.exe:__main__.py assumed to contain no DAGs. Skipping.
[2025-03-29T17:08:41.275+0000] {processor.py:927} WARNING - No viable dags retrieved from /opt/airflow/dags/env/Scripts/pyrsa-encrypt.exe
[2025-03-29T17:08:41.299+0000] {processor.py:208} INFO - Processing /opt/airflow/dags/env/Scripts/pyrsa-encrypt.exe took 0.051 seconds
[2025-03-29T17:13:13.542+0000] {processor.py:186} INFO - Started process (PID=290) to work on /opt/airflow/dags/env/Scripts/pyrsa-encrypt.exe
[2025-03-29T17:13:13.544+0000] {processor.py:914} INFO - Processing file /opt/airflow/dags/env/Scripts/pyrsa-encrypt.exe for tasks to queue
[2025-03-29T17:13:13.548+0000] {logging_mixin.py:190} INFO - [2025-03-29T17:13:13.548+0000] {dagbag.py:588} INFO - Filling up the DagBag from /opt/airflow/dags/env/Scripts/pyrsa-encrypt.exe
[2025-03-29T17:13:13.562+0000] {logging_mixin.py:190} INFO - [2025-03-29T17:13:13.561+0000] {dagbag.py:435} INFO - File /opt/airflow/dags/env/Scripts/pyrsa-encrypt.exe:__main__.py assumed to contain no DAGs. Skipping.
[2025-03-29T17:13:13.563+0000] {processor.py:927} WARNING - No viable dags retrieved from /opt/airflow/dags/env/Scripts/pyrsa-encrypt.exe
[2025-03-29T17:13:13.589+0000] {processor.py:208} INFO - Processing /opt/airflow/dags/env/Scripts/pyrsa-encrypt.exe took 0.057 seconds
[2025-03-29T17:13:45.279+0000] {processor.py:186} INFO - Started process (PID=314) to work on /opt/airflow/dags/env/Scripts/pyrsa-encrypt.exe
[2025-03-29T17:13:45.281+0000] {processor.py:914} INFO - Processing file /opt/airflow/dags/env/Scripts/pyrsa-encrypt.exe for tasks to queue
[2025-03-29T17:13:45.286+0000] {logging_mixin.py:190} INFO - [2025-03-29T17:13:45.285+0000] {dagbag.py:588} INFO - Filling up the DagBag from /opt/airflow/dags/env/Scripts/pyrsa-encrypt.exe
[2025-03-29T17:13:45.302+0000] {logging_mixin.py:190} INFO - [2025-03-29T17:13:45.302+0000] {dagbag.py:435} INFO - File /opt/airflow/dags/env/Scripts/pyrsa-encrypt.exe:__main__.py assumed to contain no DAGs. Skipping.
[2025-03-29T17:13:45.304+0000] {processor.py:927} WARNING - No viable dags retrieved from /opt/airflow/dags/env/Scripts/pyrsa-encrypt.exe
[2025-03-29T17:13:45.331+0000] {processor.py:208} INFO - Processing /opt/airflow/dags/env/Scripts/pyrsa-encrypt.exe took 0.059 seconds
[2025-03-29T17:18:16.129+0000] {processor.py:186} INFO - Started process (PID=342) to work on /opt/airflow/dags/env/Scripts/pyrsa-encrypt.exe
[2025-03-29T17:18:16.131+0000] {processor.py:914} INFO - Processing file /opt/airflow/dags/env/Scripts/pyrsa-encrypt.exe for tasks to queue
[2025-03-29T17:18:16.135+0000] {logging_mixin.py:190} INFO - [2025-03-29T17:18:16.135+0000] {dagbag.py:588} INFO - Filling up the DagBag from /opt/airflow/dags/env/Scripts/pyrsa-encrypt.exe
[2025-03-29T17:18:16.146+0000] {logging_mixin.py:190} INFO - [2025-03-29T17:18:16.146+0000] {dagbag.py:435} INFO - File /opt/airflow/dags/env/Scripts/pyrsa-encrypt.exe:__main__.py assumed to contain no DAGs. Skipping.
[2025-03-29T17:18:16.147+0000] {processor.py:927} WARNING - No viable dags retrieved from /opt/airflow/dags/env/Scripts/pyrsa-encrypt.exe
[2025-03-29T17:18:16.172+0000] {processor.py:208} INFO - Processing /opt/airflow/dags/env/Scripts/pyrsa-encrypt.exe took 0.049 seconds
[2025-03-29T17:18:47.456+0000] {processor.py:186} INFO - Started process (PID=366) to work on /opt/airflow/dags/env/Scripts/pyrsa-encrypt.exe
[2025-03-29T17:18:47.458+0000] {processor.py:914} INFO - Processing file /opt/airflow/dags/env/Scripts/pyrsa-encrypt.exe for tasks to queue
[2025-03-29T17:18:47.462+0000] {logging_mixin.py:190} INFO - [2025-03-29T17:18:47.461+0000] {dagbag.py:588} INFO - Filling up the DagBag from /opt/airflow/dags/env/Scripts/pyrsa-encrypt.exe
[2025-03-29T17:18:47.479+0000] {logging_mixin.py:190} INFO - [2025-03-29T17:18:47.479+0000] {dagbag.py:435} INFO - File /opt/airflow/dags/env/Scripts/pyrsa-encrypt.exe:__main__.py assumed to contain no DAGs. Skipping.
[2025-03-29T17:18:47.481+0000] {processor.py:927} WARNING - No viable dags retrieved from /opt/airflow/dags/env/Scripts/pyrsa-encrypt.exe
[2025-03-29T17:18:47.511+0000] {processor.py:208} INFO - Processing /opt/airflow/dags/env/Scripts/pyrsa-encrypt.exe took 0.063 seconds
[2025-03-29T17:23:09.942+0000] {processor.py:186} INFO - Started process (PID=392) to work on /opt/airflow/dags/env/Scripts/pyrsa-encrypt.exe
[2025-03-29T17:23:09.943+0000] {processor.py:914} INFO - Processing file /opt/airflow/dags/env/Scripts/pyrsa-encrypt.exe for tasks to queue
[2025-03-29T17:23:09.947+0000] {logging_mixin.py:190} INFO - [2025-03-29T17:23:09.946+0000] {dagbag.py:588} INFO - Filling up the DagBag from /opt/airflow/dags/env/Scripts/pyrsa-encrypt.exe
[2025-03-29T17:23:09.959+0000] {logging_mixin.py:190} INFO - [2025-03-29T17:23:09.959+0000] {dagbag.py:435} INFO - File /opt/airflow/dags/env/Scripts/pyrsa-encrypt.exe:__main__.py assumed to contain no DAGs. Skipping.
[2025-03-29T17:23:09.960+0000] {processor.py:927} WARNING - No viable dags retrieved from /opt/airflow/dags/env/Scripts/pyrsa-encrypt.exe
[2025-03-29T17:23:09.985+0000] {processor.py:208} INFO - Processing /opt/airflow/dags/env/Scripts/pyrsa-encrypt.exe took 0.050 seconds
[2025-03-29T17:23:40.596+0000] {processor.py:186} INFO - Started process (PID=416) to work on /opt/airflow/dags/env/Scripts/pyrsa-encrypt.exe
[2025-03-29T17:23:40.598+0000] {processor.py:914} INFO - Processing file /opt/airflow/dags/env/Scripts/pyrsa-encrypt.exe for tasks to queue
[2025-03-29T17:23:40.601+0000] {logging_mixin.py:190} INFO - [2025-03-29T17:23:40.601+0000] {dagbag.py:588} INFO - Filling up the DagBag from /opt/airflow/dags/env/Scripts/pyrsa-encrypt.exe
[2025-03-29T17:23:40.614+0000] {logging_mixin.py:190} INFO - [2025-03-29T17:23:40.614+0000] {dagbag.py:435} INFO - File /opt/airflow/dags/env/Scripts/pyrsa-encrypt.exe:__main__.py assumed to contain no DAGs. Skipping.
[2025-03-29T17:23:40.615+0000] {processor.py:927} WARNING - No viable dags retrieved from /opt/airflow/dags/env/Scripts/pyrsa-encrypt.exe
[2025-03-29T17:23:40.639+0000] {processor.py:208} INFO - Processing /opt/airflow/dags/env/Scripts/pyrsa-encrypt.exe took 0.049 seconds
[2025-03-29T17:28:02.694+0000] {processor.py:186} INFO - Started process (PID=440) to work on /opt/airflow/dags/env/Scripts/pyrsa-encrypt.exe
[2025-03-29T17:28:02.695+0000] {processor.py:914} INFO - Processing file /opt/airflow/dags/env/Scripts/pyrsa-encrypt.exe for tasks to queue
[2025-03-29T17:28:02.698+0000] {logging_mixin.py:190} INFO - [2025-03-29T17:28:02.698+0000] {dagbag.py:588} INFO - Filling up the DagBag from /opt/airflow/dags/env/Scripts/pyrsa-encrypt.exe
[2025-03-29T17:28:02.710+0000] {logging_mixin.py:190} INFO - [2025-03-29T17:28:02.710+0000] {dagbag.py:435} INFO - File /opt/airflow/dags/env/Scripts/pyrsa-encrypt.exe:__main__.py assumed to contain no DAGs. Skipping.
[2025-03-29T17:28:02.711+0000] {processor.py:927} WARNING - No viable dags retrieved from /opt/airflow/dags/env/Scripts/pyrsa-encrypt.exe
[2025-03-29T17:28:02.735+0000] {processor.py:208} INFO - Processing /opt/airflow/dags/env/Scripts/pyrsa-encrypt.exe took 0.049 seconds
[2025-03-29T17:28:33.147+0000] {processor.py:186} INFO - Started process (PID=464) to work on /opt/airflow/dags/env/Scripts/pyrsa-encrypt.exe
[2025-03-29T17:28:33.148+0000] {processor.py:914} INFO - Processing file /opt/airflow/dags/env/Scripts/pyrsa-encrypt.exe for tasks to queue
[2025-03-29T17:28:33.151+0000] {logging_mixin.py:190} INFO - [2025-03-29T17:28:33.151+0000] {dagbag.py:588} INFO - Filling up the DagBag from /opt/airflow/dags/env/Scripts/pyrsa-encrypt.exe
[2025-03-29T17:28:33.165+0000] {logging_mixin.py:190} INFO - [2025-03-29T17:28:33.164+0000] {dagbag.py:435} INFO - File /opt/airflow/dags/env/Scripts/pyrsa-encrypt.exe:__main__.py assumed to contain no DAGs. Skipping.
[2025-03-29T17:28:33.166+0000] {processor.py:927} WARNING - No viable dags retrieved from /opt/airflow/dags/env/Scripts/pyrsa-encrypt.exe
[2025-03-29T17:28:33.190+0000] {processor.py:208} INFO - Processing /opt/airflow/dags/env/Scripts/pyrsa-encrypt.exe took 0.051 seconds
[2025-03-29T17:29:03.633+0000] {processor.py:186} INFO - Started process (PID=488) to work on /opt/airflow/dags/env/Scripts/pyrsa-encrypt.exe
[2025-03-29T17:29:03.634+0000] {processor.py:914} INFO - Processing file /opt/airflow/dags/env/Scripts/pyrsa-encrypt.exe for tasks to queue
[2025-03-29T17:29:03.637+0000] {logging_mixin.py:190} INFO - [2025-03-29T17:29:03.637+0000] {dagbag.py:588} INFO - Filling up the DagBag from /opt/airflow/dags/env/Scripts/pyrsa-encrypt.exe
[2025-03-29T17:29:03.650+0000] {logging_mixin.py:190} INFO - [2025-03-29T17:29:03.650+0000] {dagbag.py:435} INFO - File /opt/airflow/dags/env/Scripts/pyrsa-encrypt.exe:__main__.py assumed to contain no DAGs. Skipping.
[2025-03-29T17:29:03.651+0000] {processor.py:927} WARNING - No viable dags retrieved from /opt/airflow/dags/env/Scripts/pyrsa-encrypt.exe
[2025-03-29T17:29:03.678+0000] {processor.py:208} INFO - Processing /opt/airflow/dags/env/Scripts/pyrsa-encrypt.exe took 0.052 seconds
[2025-03-29T17:33:13.333+0000] {processor.py:186} INFO - Started process (PID=502) to work on /opt/airflow/dags/env/Scripts/pyrsa-encrypt.exe
[2025-03-29T17:33:13.335+0000] {processor.py:914} INFO - Processing file /opt/airflow/dags/env/Scripts/pyrsa-encrypt.exe for tasks to queue
[2025-03-29T17:33:13.339+0000] {logging_mixin.py:190} INFO - [2025-03-29T17:33:13.339+0000] {dagbag.py:588} INFO - Filling up the DagBag from /opt/airflow/dags/env/Scripts/pyrsa-encrypt.exe
[2025-03-29T17:33:13.358+0000] {logging_mixin.py:190} INFO - [2025-03-29T17:33:13.357+0000] {dagbag.py:435} INFO - File /opt/airflow/dags/env/Scripts/pyrsa-encrypt.exe:__main__.py assumed to contain no DAGs. Skipping.
[2025-03-29T17:33:13.360+0000] {processor.py:927} WARNING - No viable dags retrieved from /opt/airflow/dags/env/Scripts/pyrsa-encrypt.exe
[2025-03-29T17:33:13.389+0000] {processor.py:208} INFO - Processing /opt/airflow/dags/env/Scripts/pyrsa-encrypt.exe took 0.066 seconds
[2025-03-29T17:33:44.046+0000] {processor.py:186} INFO - Started process (PID=526) to work on /opt/airflow/dags/env/Scripts/pyrsa-encrypt.exe
[2025-03-29T17:33:44.047+0000] {processor.py:914} INFO - Processing file /opt/airflow/dags/env/Scripts/pyrsa-encrypt.exe for tasks to queue
[2025-03-29T17:33:44.052+0000] {logging_mixin.py:190} INFO - [2025-03-29T17:33:44.051+0000] {dagbag.py:588} INFO - Filling up the DagBag from /opt/airflow/dags/env/Scripts/pyrsa-encrypt.exe
[2025-03-29T17:33:44.071+0000] {logging_mixin.py:190} INFO - [2025-03-29T17:33:44.070+0000] {dagbag.py:435} INFO - File /opt/airflow/dags/env/Scripts/pyrsa-encrypt.exe:__main__.py assumed to contain no DAGs. Skipping.
[2025-03-29T17:33:44.072+0000] {processor.py:927} WARNING - No viable dags retrieved from /opt/airflow/dags/env/Scripts/pyrsa-encrypt.exe
[2025-03-29T17:33:44.108+0000] {processor.py:208} INFO - Processing /opt/airflow/dags/env/Scripts/pyrsa-encrypt.exe took 0.070 seconds
[2025-03-29T17:38:11.309+0000] {processor.py:186} INFO - Started process (PID=556) to work on /opt/airflow/dags/env/Scripts/pyrsa-encrypt.exe
[2025-03-29T17:38:11.310+0000] {processor.py:914} INFO - Processing file /opt/airflow/dags/env/Scripts/pyrsa-encrypt.exe for tasks to queue
[2025-03-29T17:38:11.314+0000] {logging_mixin.py:190} INFO - [2025-03-29T17:38:11.313+0000] {dagbag.py:588} INFO - Filling up the DagBag from /opt/airflow/dags/env/Scripts/pyrsa-encrypt.exe
[2025-03-29T17:38:11.327+0000] {logging_mixin.py:190} INFO - [2025-03-29T17:38:11.326+0000] {dagbag.py:435} INFO - File /opt/airflow/dags/env/Scripts/pyrsa-encrypt.exe:__main__.py assumed to contain no DAGs. Skipping.
[2025-03-29T17:38:11.328+0000] {processor.py:927} WARNING - No viable dags retrieved from /opt/airflow/dags/env/Scripts/pyrsa-encrypt.exe
[2025-03-29T17:38:11.354+0000] {processor.py:208} INFO - Processing /opt/airflow/dags/env/Scripts/pyrsa-encrypt.exe took 0.055 seconds
[2025-03-29T17:38:41.936+0000] {processor.py:186} INFO - Started process (PID=580) to work on /opt/airflow/dags/env/Scripts/pyrsa-encrypt.exe
[2025-03-29T17:38:41.937+0000] {processor.py:914} INFO - Processing file /opt/airflow/dags/env/Scripts/pyrsa-encrypt.exe for tasks to queue
[2025-03-29T17:38:41.941+0000] {logging_mixin.py:190} INFO - [2025-03-29T17:38:41.940+0000] {dagbag.py:588} INFO - Filling up the DagBag from /opt/airflow/dags/env/Scripts/pyrsa-encrypt.exe
[2025-03-29T17:38:41.952+0000] {logging_mixin.py:190} INFO - [2025-03-29T17:38:41.951+0000] {dagbag.py:435} INFO - File /opt/airflow/dags/env/Scripts/pyrsa-encrypt.exe:__main__.py assumed to contain no DAGs. Skipping.
[2025-03-29T17:38:41.953+0000] {processor.py:927} WARNING - No viable dags retrieved from /opt/airflow/dags/env/Scripts/pyrsa-encrypt.exe
[2025-03-29T17:38:41.975+0000] {processor.py:208} INFO - Processing /opt/airflow/dags/env/Scripts/pyrsa-encrypt.exe took 0.046 seconds
[2025-03-29T17:43:11.624+0000] {processor.py:186} INFO - Started process (PID=612) to work on /opt/airflow/dags/env/Scripts/pyrsa-encrypt.exe
[2025-03-29T17:43:11.625+0000] {processor.py:914} INFO - Processing file /opt/airflow/dags/env/Scripts/pyrsa-encrypt.exe for tasks to queue
[2025-03-29T17:43:11.629+0000] {logging_mixin.py:190} INFO - [2025-03-29T17:43:11.628+0000] {dagbag.py:588} INFO - Filling up the DagBag from /opt/airflow/dags/env/Scripts/pyrsa-encrypt.exe
[2025-03-29T17:43:11.641+0000] {logging_mixin.py:190} INFO - [2025-03-29T17:43:11.641+0000] {dagbag.py:435} INFO - File /opt/airflow/dags/env/Scripts/pyrsa-encrypt.exe:__main__.py assumed to contain no DAGs. Skipping.
[2025-03-29T17:43:11.642+0000] {processor.py:927} WARNING - No viable dags retrieved from /opt/airflow/dags/env/Scripts/pyrsa-encrypt.exe
[2025-03-29T17:43:11.663+0000] {processor.py:208} INFO - Processing /opt/airflow/dags/env/Scripts/pyrsa-encrypt.exe took 0.051 seconds
[2025-03-29T17:43:42.253+0000] {processor.py:186} INFO - Started process (PID=636) to work on /opt/airflow/dags/env/Scripts/pyrsa-encrypt.exe
[2025-03-29T17:43:42.254+0000] {processor.py:914} INFO - Processing file /opt/airflow/dags/env/Scripts/pyrsa-encrypt.exe for tasks to queue
[2025-03-29T17:43:42.258+0000] {logging_mixin.py:190} INFO - [2025-03-29T17:43:42.257+0000] {dagbag.py:588} INFO - Filling up the DagBag from /opt/airflow/dags/env/Scripts/pyrsa-encrypt.exe
[2025-03-29T17:43:42.269+0000] {logging_mixin.py:190} INFO - [2025-03-29T17:43:42.269+0000] {dagbag.py:435} INFO - File /opt/airflow/dags/env/Scripts/pyrsa-encrypt.exe:__main__.py assumed to contain no DAGs. Skipping.
[2025-03-29T17:43:42.270+0000] {processor.py:927} WARNING - No viable dags retrieved from /opt/airflow/dags/env/Scripts/pyrsa-encrypt.exe
[2025-03-29T17:43:42.293+0000] {processor.py:208} INFO - Processing /opt/airflow/dags/env/Scripts/pyrsa-encrypt.exe took 0.047 seconds
[2025-03-29T17:48:14.821+0000] {processor.py:186} INFO - Started process (PID=667) to work on /opt/airflow/dags/env/Scripts/pyrsa-encrypt.exe
[2025-03-29T17:48:14.822+0000] {processor.py:914} INFO - Processing file /opt/airflow/dags/env/Scripts/pyrsa-encrypt.exe for tasks to queue
[2025-03-29T17:48:14.826+0000] {logging_mixin.py:190} INFO - [2025-03-29T17:48:14.825+0000] {dagbag.py:588} INFO - Filling up the DagBag from /opt/airflow/dags/env/Scripts/pyrsa-encrypt.exe
[2025-03-29T17:48:14.837+0000] {logging_mixin.py:190} INFO - [2025-03-29T17:48:14.836+0000] {dagbag.py:435} INFO - File /opt/airflow/dags/env/Scripts/pyrsa-encrypt.exe:__main__.py assumed to contain no DAGs. Skipping.
[2025-03-29T17:48:14.838+0000] {processor.py:927} WARNING - No viable dags retrieved from /opt/airflow/dags/env/Scripts/pyrsa-encrypt.exe
[2025-03-29T17:48:14.861+0000] {processor.py:208} INFO - Processing /opt/airflow/dags/env/Scripts/pyrsa-encrypt.exe took 0.046 seconds
[2025-03-29T17:48:45.656+0000] {processor.py:186} INFO - Started process (PID=691) to work on /opt/airflow/dags/env/Scripts/pyrsa-encrypt.exe
[2025-03-29T17:48:45.658+0000] {processor.py:914} INFO - Processing file /opt/airflow/dags/env/Scripts/pyrsa-encrypt.exe for tasks to queue
[2025-03-29T17:48:45.661+0000] {logging_mixin.py:190} INFO - [2025-03-29T17:48:45.661+0000] {dagbag.py:588} INFO - Filling up the DagBag from /opt/airflow/dags/env/Scripts/pyrsa-encrypt.exe
[2025-03-29T17:48:45.675+0000] {logging_mixin.py:190} INFO - [2025-03-29T17:48:45.674+0000] {dagbag.py:435} INFO - File /opt/airflow/dags/env/Scripts/pyrsa-encrypt.exe:__main__.py assumed to contain no DAGs. Skipping.
[2025-03-29T17:48:45.676+0000] {processor.py:927} WARNING - No viable dags retrieved from /opt/airflow/dags/env/Scripts/pyrsa-encrypt.exe
[2025-03-29T17:48:45.699+0000] {processor.py:208} INFO - Processing /opt/airflow/dags/env/Scripts/pyrsa-encrypt.exe took 0.052 seconds
[2025-03-29T17:53:15.713+0000] {processor.py:186} INFO - Started process (PID=720) to work on /opt/airflow/dags/env/Scripts/pyrsa-encrypt.exe
[2025-03-29T17:53:15.714+0000] {processor.py:914} INFO - Processing file /opt/airflow/dags/env/Scripts/pyrsa-encrypt.exe for tasks to queue
[2025-03-29T17:53:15.720+0000] {logging_mixin.py:190} INFO - [2025-03-29T17:53:15.719+0000] {dagbag.py:588} INFO - Filling up the DagBag from /opt/airflow/dags/env/Scripts/pyrsa-encrypt.exe
[2025-03-29T17:53:15.737+0000] {logging_mixin.py:190} INFO - [2025-03-29T17:53:15.737+0000] {dagbag.py:435} INFO - File /opt/airflow/dags/env/Scripts/pyrsa-encrypt.exe:__main__.py assumed to contain no DAGs. Skipping.
[2025-03-29T17:53:15.738+0000] {processor.py:927} WARNING - No viable dags retrieved from /opt/airflow/dags/env/Scripts/pyrsa-encrypt.exe
[2025-03-29T17:53:15.769+0000] {processor.py:208} INFO - Processing /opt/airflow/dags/env/Scripts/pyrsa-encrypt.exe took 0.065 seconds
[2025-03-29T17:53:46.965+0000] {processor.py:186} INFO - Started process (PID=744) to work on /opt/airflow/dags/env/Scripts/pyrsa-encrypt.exe
[2025-03-29T17:53:46.967+0000] {processor.py:914} INFO - Processing file /opt/airflow/dags/env/Scripts/pyrsa-encrypt.exe for tasks to queue
[2025-03-29T17:53:46.971+0000] {logging_mixin.py:190} INFO - [2025-03-29T17:53:46.970+0000] {dagbag.py:588} INFO - Filling up the DagBag from /opt/airflow/dags/env/Scripts/pyrsa-encrypt.exe
[2025-03-29T17:53:46.983+0000] {logging_mixin.py:190} INFO - [2025-03-29T17:53:46.983+0000] {dagbag.py:435} INFO - File /opt/airflow/dags/env/Scripts/pyrsa-encrypt.exe:__main__.py assumed to contain no DAGs. Skipping.
[2025-03-29T17:53:46.984+0000] {processor.py:927} WARNING - No viable dags retrieved from /opt/airflow/dags/env/Scripts/pyrsa-encrypt.exe
[2025-03-29T17:53:47.008+0000] {processor.py:208} INFO - Processing /opt/airflow/dags/env/Scripts/pyrsa-encrypt.exe took 0.050 seconds
[2025-03-29T17:58:17.180+0000] {processor.py:186} INFO - Started process (PID=772) to work on /opt/airflow/dags/env/Scripts/pyrsa-encrypt.exe
[2025-03-29T17:58:17.181+0000] {processor.py:914} INFO - Processing file /opt/airflow/dags/env/Scripts/pyrsa-encrypt.exe for tasks to queue
[2025-03-29T17:58:17.186+0000] {logging_mixin.py:190} INFO - [2025-03-29T17:58:17.186+0000] {dagbag.py:588} INFO - Filling up the DagBag from /opt/airflow/dags/env/Scripts/pyrsa-encrypt.exe
[2025-03-29T17:58:17.203+0000] {logging_mixin.py:190} INFO - [2025-03-29T17:58:17.203+0000] {dagbag.py:435} INFO - File /opt/airflow/dags/env/Scripts/pyrsa-encrypt.exe:__main__.py assumed to contain no DAGs. Skipping.
[2025-03-29T17:58:17.205+0000] {processor.py:927} WARNING - No viable dags retrieved from /opt/airflow/dags/env/Scripts/pyrsa-encrypt.exe
[2025-03-29T17:58:17.238+0000] {processor.py:208} INFO - Processing /opt/airflow/dags/env/Scripts/pyrsa-encrypt.exe took 0.069 seconds
[2025-03-29T17:58:48.478+0000] {processor.py:186} INFO - Started process (PID=796) to work on /opt/airflow/dags/env/Scripts/pyrsa-encrypt.exe
[2025-03-29T17:58:48.480+0000] {processor.py:914} INFO - Processing file /opt/airflow/dags/env/Scripts/pyrsa-encrypt.exe for tasks to queue
[2025-03-29T17:58:48.484+0000] {logging_mixin.py:190} INFO - [2025-03-29T17:58:48.483+0000] {dagbag.py:588} INFO - Filling up the DagBag from /opt/airflow/dags/env/Scripts/pyrsa-encrypt.exe
[2025-03-29T17:58:48.501+0000] {logging_mixin.py:190} INFO - [2025-03-29T17:58:48.500+0000] {dagbag.py:435} INFO - File /opt/airflow/dags/env/Scripts/pyrsa-encrypt.exe:__main__.py assumed to contain no DAGs. Skipping.
[2025-03-29T17:58:48.502+0000] {processor.py:927} WARNING - No viable dags retrieved from /opt/airflow/dags/env/Scripts/pyrsa-encrypt.exe
[2025-03-29T17:58:48.526+0000] {processor.py:208} INFO - Processing /opt/airflow/dags/env/Scripts/pyrsa-encrypt.exe took 0.056 seconds
[2025-03-29T18:40:43.115+0000] {processor.py:186} INFO - Started process (PID=824) to work on /opt/airflow/dags/env/Scripts/pyrsa-encrypt.exe
[2025-03-29T18:40:43.117+0000] {processor.py:914} INFO - Processing file /opt/airflow/dags/env/Scripts/pyrsa-encrypt.exe for tasks to queue
[2025-03-29T18:40:43.128+0000] {logging_mixin.py:190} INFO - [2025-03-29T18:40:43.127+0000] {dagbag.py:588} INFO - Filling up the DagBag from /opt/airflow/dags/env/Scripts/pyrsa-encrypt.exe
[2025-03-29T18:40:43.150+0000] {logging_mixin.py:190} INFO - [2025-03-29T18:40:43.150+0000] {dagbag.py:435} INFO - File /opt/airflow/dags/env/Scripts/pyrsa-encrypt.exe:__main__.py assumed to contain no DAGs. Skipping.
[2025-03-29T18:40:43.152+0000] {processor.py:927} WARNING - No viable dags retrieved from /opt/airflow/dags/env/Scripts/pyrsa-encrypt.exe
[2025-03-29T18:40:43.187+0000] {processor.py:208} INFO - Processing /opt/airflow/dags/env/Scripts/pyrsa-encrypt.exe took 0.093 seconds
[2025-03-29T18:41:14.484+0000] {processor.py:186} INFO - Started process (PID=848) to work on /opt/airflow/dags/env/Scripts/pyrsa-encrypt.exe
[2025-03-29T18:41:14.485+0000] {processor.py:914} INFO - Processing file /opt/airflow/dags/env/Scripts/pyrsa-encrypt.exe for tasks to queue
[2025-03-29T18:41:14.489+0000] {logging_mixin.py:190} INFO - [2025-03-29T18:41:14.488+0000] {dagbag.py:588} INFO - Filling up the DagBag from /opt/airflow/dags/env/Scripts/pyrsa-encrypt.exe
[2025-03-29T18:41:14.500+0000] {logging_mixin.py:190} INFO - [2025-03-29T18:41:14.500+0000] {dagbag.py:435} INFO - File /opt/airflow/dags/env/Scripts/pyrsa-encrypt.exe:__main__.py assumed to contain no DAGs. Skipping.
[2025-03-29T18:41:14.501+0000] {processor.py:927} WARNING - No viable dags retrieved from /opt/airflow/dags/env/Scripts/pyrsa-encrypt.exe
[2025-03-29T18:41:14.523+0000] {processor.py:208} INFO - Processing /opt/airflow/dags/env/Scripts/pyrsa-encrypt.exe took 0.046 seconds
[2025-03-29T19:54:56.050+0000] {processor.py:186} INFO - Started process (PID=860) to work on /opt/airflow/dags/env/Scripts/pyrsa-encrypt.exe
[2025-03-29T19:54:56.053+0000] {processor.py:914} INFO - Processing file /opt/airflow/dags/env/Scripts/pyrsa-encrypt.exe for tasks to queue
[2025-03-29T19:54:56.059+0000] {logging_mixin.py:190} INFO - [2025-03-29T19:54:56.058+0000] {dagbag.py:588} INFO - Filling up the DagBag from /opt/airflow/dags/env/Scripts/pyrsa-encrypt.exe
[2025-03-29T19:54:56.083+0000] {logging_mixin.py:190} INFO - [2025-03-29T19:54:56.083+0000] {dagbag.py:435} INFO - File /opt/airflow/dags/env/Scripts/pyrsa-encrypt.exe:__main__.py assumed to contain no DAGs. Skipping.
[2025-03-29T19:54:56.085+0000] {processor.py:927} WARNING - No viable dags retrieved from /opt/airflow/dags/env/Scripts/pyrsa-encrypt.exe
[2025-03-29T19:54:56.131+0000] {processor.py:208} INFO - Processing /opt/airflow/dags/env/Scripts/pyrsa-encrypt.exe took 0.096 seconds
[2025-03-29T21:05:53.137+0000] {processor.py:186} INFO - Started process (PID=884) to work on /opt/airflow/dags/env/Scripts/pyrsa-encrypt.exe
[2025-03-29T21:05:53.139+0000] {processor.py:914} INFO - Processing file /opt/airflow/dags/env/Scripts/pyrsa-encrypt.exe for tasks to queue
[2025-03-29T21:05:53.144+0000] {logging_mixin.py:190} INFO - [2025-03-29T21:05:53.143+0000] {dagbag.py:588} INFO - Filling up the DagBag from /opt/airflow/dags/env/Scripts/pyrsa-encrypt.exe
[2025-03-29T21:05:53.159+0000] {logging_mixin.py:190} INFO - [2025-03-29T21:05:53.159+0000] {dagbag.py:435} INFO - File /opt/airflow/dags/env/Scripts/pyrsa-encrypt.exe:__main__.py assumed to contain no DAGs. Skipping.
[2025-03-29T21:05:53.160+0000] {processor.py:927} WARNING - No viable dags retrieved from /opt/airflow/dags/env/Scripts/pyrsa-encrypt.exe
[2025-03-29T21:05:53.185+0000] {processor.py:208} INFO - Processing /opt/airflow/dags/env/Scripts/pyrsa-encrypt.exe took 0.056 seconds
[2025-03-29T22:19:00.997+0000] {processor.py:186} INFO - Started process (PID=903) to work on /opt/airflow/dags/env/Scripts/pyrsa-encrypt.exe
[2025-03-29T22:19:01.000+0000] {processor.py:914} INFO - Processing file /opt/airflow/dags/env/Scripts/pyrsa-encrypt.exe for tasks to queue
[2025-03-29T22:19:01.006+0000] {logging_mixin.py:190} INFO - [2025-03-29T22:19:01.005+0000] {dagbag.py:588} INFO - Filling up the DagBag from /opt/airflow/dags/env/Scripts/pyrsa-encrypt.exe
[2025-03-29T22:19:01.030+0000] {logging_mixin.py:190} INFO - [2025-03-29T22:19:01.029+0000] {dagbag.py:435} INFO - File /opt/airflow/dags/env/Scripts/pyrsa-encrypt.exe:__main__.py assumed to contain no DAGs. Skipping.
[2025-03-29T22:19:01.032+0000] {processor.py:927} WARNING - No viable dags retrieved from /opt/airflow/dags/env/Scripts/pyrsa-encrypt.exe
[2025-03-29T22:19:01.076+0000] {processor.py:208} INFO - Processing /opt/airflow/dags/env/Scripts/pyrsa-encrypt.exe took 0.099 seconds
