[2025-03-29T00:47:26.202+0000] {processor.py:186} INFO - Started process (PID=428) to work on /opt/airflow/dags/env/Scripts/pyrsa-priv2pub.exe
[2025-03-29T00:47:26.203+0000] {processor.py:914} INFO - Processing file /opt/airflow/dags/env/Scripts/pyrsa-priv2pub.exe for tasks to queue
[2025-03-29T00:47:26.208+0000] {logging_mixin.py:190} INFO - [2025-03-29T00:47:26.207+0000] {dagbag.py:588} INFO - Filling up the DagBag from /opt/airflow/dags/env/Scripts/pyrsa-priv2pub.exe
[2025-03-29T00:47:26.229+0000] {logging_mixin.py:190} INFO - [2025-03-29T00:47:26.229+0000] {dagbag.py:435} INFO - File /opt/airflow/dags/env/Scripts/pyrsa-priv2pub.exe:__main__.py assumed to contain no DAGs. Skipping.
[2025-03-29T00:47:26.231+0000] {processor.py:927} WARNING - No viable dags retrieved from /opt/airflow/dags/env/Scripts/pyrsa-priv2pub.exe
[2025-03-29T00:47:26.258+0000] {processor.py:208} INFO - Processing /opt/airflow/dags/env/Scripts/pyrsa-priv2pub.exe took 0.066 seconds
[2025-03-29T00:52:22.575+0000] {processor.py:186} INFO - Started process (PID=456) to work on /opt/airflow/dags/env/Scripts/pyrsa-priv2pub.exe
[2025-03-29T00:52:22.576+0000] {processor.py:914} INFO - Processing file /opt/airflow/dags/env/Scripts/pyrsa-priv2pub.exe for tasks to queue
[2025-03-29T00:52:22.580+0000] {logging_mixin.py:190} INFO - [2025-03-29T00:52:22.579+0000] {dagbag.py:588} INFO - Filling up the DagBag from /opt/airflow/dags/env/Scripts/pyrsa-priv2pub.exe
[2025-03-29T00:52:22.595+0000] {logging_mixin.py:190} INFO - [2025-03-29T00:52:22.594+0000] {dagbag.py:435} INFO - File /opt/airflow/dags/env/Scripts/pyrsa-priv2pub.exe:__main__.py assumed to contain no DAGs. Skipping.
[2025-03-29T00:52:22.596+0000] {processor.py:927} WARNING - No viable dags retrieved from /opt/airflow/dags/env/Scripts/pyrsa-priv2pub.exe
[2025-03-29T00:52:22.618+0000] {processor.py:208} INFO - Processing /opt/airflow/dags/env/Scripts/pyrsa-priv2pub.exe took 0.051 seconds
[2025-03-29T00:57:25.638+0000] {processor.py:186} INFO - Started process (PID=486) to work on /opt/airflow/dags/env/Scripts/pyrsa-priv2pub.exe
[2025-03-29T00:57:25.639+0000] {processor.py:914} INFO - Processing file /opt/airflow/dags/env/Scripts/pyrsa-priv2pub.exe for tasks to queue
[2025-03-29T00:57:25.643+0000] {logging_mixin.py:190} INFO - [2025-03-29T00:57:25.642+0000] {dagbag.py:588} INFO - Filling up the DagBag from /opt/airflow/dags/env/Scripts/pyrsa-priv2pub.exe
[2025-03-29T00:57:25.656+0000] {logging_mixin.py:190} INFO - [2025-03-29T00:57:25.655+0000] {dagbag.py:435} INFO - File /opt/airflow/dags/env/Scripts/pyrsa-priv2pub.exe:__main__.py assumed to contain no DAGs. Skipping.
[2025-03-29T00:57:25.657+0000] {processor.py:927} WARNING - No viable dags retrieved from /opt/airflow/dags/env/Scripts/pyrsa-priv2pub.exe
[2025-03-29T00:57:25.678+0000] {processor.py:208} INFO - Processing /opt/airflow/dags/env/Scripts/pyrsa-priv2pub.exe took 0.047 seconds
[2025-03-29T01:02:19.770+0000] {processor.py:186} INFO - Started process (PID=512) to work on /opt/airflow/dags/env/Scripts/pyrsa-priv2pub.exe
[2025-03-29T01:02:19.771+0000] {processor.py:914} INFO - Processing file /opt/airflow/dags/env/Scripts/pyrsa-priv2pub.exe for tasks to queue
[2025-03-29T01:02:19.775+0000] {logging_mixin.py:190} INFO - [2025-03-29T01:02:19.774+0000] {dagbag.py:588} INFO - Filling up the DagBag from /opt/airflow/dags/env/Scripts/pyrsa-priv2pub.exe
[2025-03-29T01:02:19.788+0000] {logging_mixin.py:190} INFO - [2025-03-29T01:02:19.788+0000] {dagbag.py:435} INFO - File /opt/airflow/dags/env/Scripts/pyrsa-priv2pub.exe:__main__.py assumed to contain no DAGs. Skipping.
[2025-03-29T01:02:19.789+0000] {processor.py:927} WARNING - No viable dags retrieved from /opt/airflow/dags/env/Scripts/pyrsa-priv2pub.exe
[2025-03-29T01:02:19.809+0000] {processor.py:208} INFO - Processing /opt/airflow/dags/env/Scripts/pyrsa-priv2pub.exe took 0.046 seconds
[2025-03-29T01:07:28.586+0000] {processor.py:186} INFO - Started process (PID=543) to work on /opt/airflow/dags/env/Scripts/pyrsa-priv2pub.exe
[2025-03-29T01:07:28.587+0000] {processor.py:914} INFO - Processing file /opt/airflow/dags/env/Scripts/pyrsa-priv2pub.exe for tasks to queue
[2025-03-29T01:07:28.591+0000] {logging_mixin.py:190} INFO - [2025-03-29T01:07:28.590+0000] {dagbag.py:588} INFO - Filling up the DagBag from /opt/airflow/dags/env/Scripts/pyrsa-priv2pub.exe
[2025-03-29T01:07:28.606+0000] {logging_mixin.py:190} INFO - [2025-03-29T01:07:28.605+0000] {dagbag.py:435} INFO - File /opt/airflow/dags/env/Scripts/pyrsa-priv2pub.exe:__main__.py assumed to contain no DAGs. Skipping.
[2025-03-29T01:07:28.607+0000] {processor.py:927} WARNING - No viable dags retrieved from /opt/airflow/dags/env/Scripts/pyrsa-priv2pub.exe
[2025-03-29T01:07:28.629+0000] {processor.py:208} INFO - Processing /opt/airflow/dags/env/Scripts/pyrsa-priv2pub.exe took 0.050 seconds
[2025-03-29T01:12:31.956+0000] {processor.py:186} INFO - Started process (PID=568) to work on /opt/airflow/dags/env/Scripts/pyrsa-priv2pub.exe
[2025-03-29T01:12:31.958+0000] {processor.py:914} INFO - Processing file /opt/airflow/dags/env/Scripts/pyrsa-priv2pub.exe for tasks to queue
[2025-03-29T01:12:31.964+0000] {logging_mixin.py:190} INFO - [2025-03-29T01:12:31.963+0000] {dagbag.py:588} INFO - Filling up the DagBag from /opt/airflow/dags/env/Scripts/pyrsa-priv2pub.exe
[2025-03-29T01:12:31.987+0000] {logging_mixin.py:190} INFO - [2025-03-29T01:12:31.987+0000] {dagbag.py:435} INFO - File /opt/airflow/dags/env/Scripts/pyrsa-priv2pub.exe:__main__.py assumed to contain no DAGs. Skipping.
[2025-03-29T01:12:31.990+0000] {processor.py:927} WARNING - No viable dags retrieved from /opt/airflow/dags/env/Scripts/pyrsa-priv2pub.exe
[2025-03-29T01:12:32.021+0000] {processor.py:208} INFO - Processing /opt/airflow/dags/env/Scripts/pyrsa-priv2pub.exe took 0.075 seconds
[2025-03-29T01:17:24.867+0000] {processor.py:186} INFO - Started process (PID=592) to work on /opt/airflow/dags/env/Scripts/pyrsa-priv2pub.exe
[2025-03-29T01:17:24.868+0000] {processor.py:914} INFO - Processing file /opt/airflow/dags/env/Scripts/pyrsa-priv2pub.exe for tasks to queue
[2025-03-29T01:17:24.871+0000] {logging_mixin.py:190} INFO - [2025-03-29T01:17:24.871+0000] {dagbag.py:588} INFO - Filling up the DagBag from /opt/airflow/dags/env/Scripts/pyrsa-priv2pub.exe
[2025-03-29T01:17:24.891+0000] {logging_mixin.py:190} INFO - [2025-03-29T01:17:24.890+0000] {dagbag.py:435} INFO - File /opt/airflow/dags/env/Scripts/pyrsa-priv2pub.exe:__main__.py assumed to contain no DAGs. Skipping.
[2025-03-29T01:17:24.893+0000] {processor.py:927} WARNING - No viable dags retrieved from /opt/airflow/dags/env/Scripts/pyrsa-priv2pub.exe
[2025-03-29T01:17:24.921+0000] {processor.py:208} INFO - Processing /opt/airflow/dags/env/Scripts/pyrsa-priv2pub.exe took 0.061 seconds
[2025-03-29T01:22:31.272+0000] {processor.py:186} INFO - Started process (PID=620) to work on /opt/airflow/dags/env/Scripts/pyrsa-priv2pub.exe
[2025-03-29T01:22:31.273+0000] {processor.py:914} INFO - Processing file /opt/airflow/dags/env/Scripts/pyrsa-priv2pub.exe for tasks to queue
[2025-03-29T01:22:31.277+0000] {logging_mixin.py:190} INFO - [2025-03-29T01:22:31.276+0000] {dagbag.py:588} INFO - Filling up the DagBag from /opt/airflow/dags/env/Scripts/pyrsa-priv2pub.exe
[2025-03-29T01:22:31.293+0000] {logging_mixin.py:190} INFO - [2025-03-29T01:22:31.293+0000] {dagbag.py:435} INFO - File /opt/airflow/dags/env/Scripts/pyrsa-priv2pub.exe:__main__.py assumed to contain no DAGs. Skipping.
[2025-03-29T01:22:31.294+0000] {processor.py:927} WARNING - No viable dags retrieved from /opt/airflow/dags/env/Scripts/pyrsa-priv2pub.exe
[2025-03-29T01:22:31.320+0000] {processor.py:208} INFO - Processing /opt/airflow/dags/env/Scripts/pyrsa-priv2pub.exe took 0.056 seconds
[2025-03-29T16:48:50.637+0000] {processor.py:186} INFO - Started process (PID=58) to work on /opt/airflow/dags/env/Scripts/pyrsa-priv2pub.exe
[2025-03-29T16:48:50.639+0000] {processor.py:914} INFO - Processing file /opt/airflow/dags/env/Scripts/pyrsa-priv2pub.exe for tasks to queue
[2025-03-29T16:48:50.642+0000] {logging_mixin.py:190} INFO - [2025-03-29T16:48:50.641+0000] {dagbag.py:588} INFO - Filling up the DagBag from /opt/airflow/dags/env/Scripts/pyrsa-priv2pub.exe
[2025-03-29T16:48:50.654+0000] {logging_mixin.py:190} INFO - [2025-03-29T16:48:50.653+0000] {dagbag.py:435} INFO - File /opt/airflow/dags/env/Scripts/pyrsa-priv2pub.exe:__main__.py assumed to contain no DAGs. Skipping.
[2025-03-29T16:48:50.655+0000] {processor.py:927} WARNING - No viable dags retrieved from /opt/airflow/dags/env/Scripts/pyrsa-priv2pub.exe
[2025-03-29T16:48:50.678+0000] {processor.py:208} INFO - Processing /opt/airflow/dags/env/Scripts/pyrsa-priv2pub.exe took 0.048 seconds
[2025-03-29T16:53:20.952+0000] {processor.py:186} INFO - Started process (PID=82) to work on /opt/airflow/dags/env/Scripts/pyrsa-priv2pub.exe
[2025-03-29T16:53:20.954+0000] {processor.py:914} INFO - Processing file /opt/airflow/dags/env/Scripts/pyrsa-priv2pub.exe for tasks to queue
[2025-03-29T16:53:20.957+0000] {logging_mixin.py:190} INFO - [2025-03-29T16:53:20.956+0000] {dagbag.py:588} INFO - Filling up the DagBag from /opt/airflow/dags/env/Scripts/pyrsa-priv2pub.exe
[2025-03-29T16:53:20.970+0000] {logging_mixin.py:190} INFO - [2025-03-29T16:53:20.970+0000] {dagbag.py:435} INFO - File /opt/airflow/dags/env/Scripts/pyrsa-priv2pub.exe:__main__.py assumed to contain no DAGs. Skipping.
[2025-03-29T16:53:20.971+0000] {processor.py:927} WARNING - No viable dags retrieved from /opt/airflow/dags/env/Scripts/pyrsa-priv2pub.exe
[2025-03-29T16:53:20.995+0000] {processor.py:208} INFO - Processing /opt/airflow/dags/env/Scripts/pyrsa-priv2pub.exe took 0.049 seconds
[2025-03-29T16:53:52.261+0000] {processor.py:186} INFO - Started process (PID=106) to work on /opt/airflow/dags/env/Scripts/pyrsa-priv2pub.exe
[2025-03-29T16:53:52.263+0000] {processor.py:914} INFO - Processing file /opt/airflow/dags/env/Scripts/pyrsa-priv2pub.exe for tasks to queue
[2025-03-29T16:53:52.266+0000] {logging_mixin.py:190} INFO - [2025-03-29T16:53:52.265+0000] {dagbag.py:588} INFO - Filling up the DagBag from /opt/airflow/dags/env/Scripts/pyrsa-priv2pub.exe
[2025-03-29T16:53:52.277+0000] {logging_mixin.py:190} INFO - [2025-03-29T16:53:52.276+0000] {dagbag.py:435} INFO - File /opt/airflow/dags/env/Scripts/pyrsa-priv2pub.exe:__main__.py assumed to contain no DAGs. Skipping.
[2025-03-29T16:53:52.277+0000] {processor.py:927} WARNING - No viable dags retrieved from /opt/airflow/dags/env/Scripts/pyrsa-priv2pub.exe
[2025-03-29T16:53:52.301+0000] {processor.py:208} INFO - Processing /opt/airflow/dags/env/Scripts/pyrsa-priv2pub.exe took 0.046 seconds
[2025-03-29T16:58:09.505+0000] {processor.py:186} INFO - Started process (PID=128) to work on /opt/airflow/dags/env/Scripts/pyrsa-priv2pub.exe
[2025-03-29T16:58:09.507+0000] {processor.py:914} INFO - Processing file /opt/airflow/dags/env/Scripts/pyrsa-priv2pub.exe for tasks to queue
[2025-03-29T16:58:09.514+0000] {logging_mixin.py:190} INFO - [2025-03-29T16:58:09.514+0000] {dagbag.py:588} INFO - Filling up the DagBag from /opt/airflow/dags/env/Scripts/pyrsa-priv2pub.exe
[2025-03-29T16:58:09.533+0000] {logging_mixin.py:190} INFO - [2025-03-29T16:58:09.532+0000] {dagbag.py:435} INFO - File /opt/airflow/dags/env/Scripts/pyrsa-priv2pub.exe:__main__.py assumed to contain no DAGs. Skipping.
[2025-03-29T16:58:09.534+0000] {processor.py:927} WARNING - No viable dags retrieved from /opt/airflow/dags/env/Scripts/pyrsa-priv2pub.exe
[2025-03-29T16:58:09.566+0000] {processor.py:208} INFO - Processing /opt/airflow/dags/env/Scripts/pyrsa-priv2pub.exe took 0.070 seconds
[2025-03-29T16:58:40.734+0000] {processor.py:186} INFO - Started process (PID=152) to work on /opt/airflow/dags/env/Scripts/pyrsa-priv2pub.exe
[2025-03-29T16:58:40.735+0000] {processor.py:914} INFO - Processing file /opt/airflow/dags/env/Scripts/pyrsa-priv2pub.exe for tasks to queue
[2025-03-29T16:58:40.738+0000] {logging_mixin.py:190} INFO - [2025-03-29T16:58:40.738+0000] {dagbag.py:588} INFO - Filling up the DagBag from /opt/airflow/dags/env/Scripts/pyrsa-priv2pub.exe
[2025-03-29T16:58:40.750+0000] {logging_mixin.py:190} INFO - [2025-03-29T16:58:40.750+0000] {dagbag.py:435} INFO - File /opt/airflow/dags/env/Scripts/pyrsa-priv2pub.exe:__main__.py assumed to contain no DAGs. Skipping.
[2025-03-29T16:58:40.751+0000] {processor.py:927} WARNING - No viable dags retrieved from /opt/airflow/dags/env/Scripts/pyrsa-priv2pub.exe
[2025-03-29T16:58:40.775+0000] {processor.py:208} INFO - Processing /opt/airflow/dags/env/Scripts/pyrsa-priv2pub.exe took 0.048 seconds
[2025-03-29T17:03:09.313+0000] {processor.py:186} INFO - Started process (PID=181) to work on /opt/airflow/dags/env/Scripts/pyrsa-priv2pub.exe
[2025-03-29T17:03:09.314+0000] {processor.py:914} INFO - Processing file /opt/airflow/dags/env/Scripts/pyrsa-priv2pub.exe for tasks to queue
[2025-03-29T17:03:09.319+0000] {logging_mixin.py:190} INFO - [2025-03-29T17:03:09.318+0000] {dagbag.py:588} INFO - Filling up the DagBag from /opt/airflow/dags/env/Scripts/pyrsa-priv2pub.exe
[2025-03-29T17:03:09.335+0000] {logging_mixin.py:190} INFO - [2025-03-29T17:03:09.335+0000] {dagbag.py:435} INFO - File /opt/airflow/dags/env/Scripts/pyrsa-priv2pub.exe:__main__.py assumed to contain no DAGs. Skipping.
[2025-03-29T17:03:09.336+0000] {processor.py:927} WARNING - No viable dags retrieved from /opt/airflow/dags/env/Scripts/pyrsa-priv2pub.exe
[2025-03-29T17:03:09.371+0000] {processor.py:208} INFO - Processing /opt/airflow/dags/env/Scripts/pyrsa-priv2pub.exe took 0.065 seconds
[2025-03-29T17:03:41.161+0000] {processor.py:186} INFO - Started process (PID=205) to work on /opt/airflow/dags/env/Scripts/pyrsa-priv2pub.exe
[2025-03-29T17:03:41.163+0000] {processor.py:914} INFO - Processing file /opt/airflow/dags/env/Scripts/pyrsa-priv2pub.exe for tasks to queue
[2025-03-29T17:03:41.169+0000] {logging_mixin.py:190} INFO - [2025-03-29T17:03:41.168+0000] {dagbag.py:588} INFO - Filling up the DagBag from /opt/airflow/dags/env/Scripts/pyrsa-priv2pub.exe
[2025-03-29T17:03:41.185+0000] {logging_mixin.py:190} INFO - [2025-03-29T17:03:41.185+0000] {dagbag.py:435} INFO - File /opt/airflow/dags/env/Scripts/pyrsa-priv2pub.exe:__main__.py assumed to contain no DAGs. Skipping.
[2025-03-29T17:03:41.187+0000] {processor.py:927} WARNING - No viable dags retrieved from /opt/airflow/dags/env/Scripts/pyrsa-priv2pub.exe
[2025-03-29T17:03:41.231+0000] {processor.py:208} INFO - Processing /opt/airflow/dags/env/Scripts/pyrsa-priv2pub.exe took 0.078 seconds
[2025-03-29T17:08:09.548+0000] {processor.py:186} INFO - Started process (PID=235) to work on /opt/airflow/dags/env/Scripts/pyrsa-priv2pub.exe
[2025-03-29T17:08:09.549+0000] {processor.py:914} INFO - Processing file /opt/airflow/dags/env/Scripts/pyrsa-priv2pub.exe for tasks to queue
[2025-03-29T17:08:09.552+0000] {logging_mixin.py:190} INFO - [2025-03-29T17:08:09.552+0000] {dagbag.py:588} INFO - Filling up the DagBag from /opt/airflow/dags/env/Scripts/pyrsa-priv2pub.exe
[2025-03-29T17:08:09.567+0000] {logging_mixin.py:190} INFO - [2025-03-29T17:08:09.566+0000] {dagbag.py:435} INFO - File /opt/airflow/dags/env/Scripts/pyrsa-priv2pub.exe:__main__.py assumed to contain no DAGs. Skipping.
[2025-03-29T17:08:09.568+0000] {processor.py:927} WARNING - No viable dags retrieved from /opt/airflow/dags/env/Scripts/pyrsa-priv2pub.exe
[2025-03-29T17:08:09.589+0000] {processor.py:208} INFO - Processing /opt/airflow/dags/env/Scripts/pyrsa-priv2pub.exe took 0.049 seconds
[2025-03-29T17:08:40.450+0000] {processor.py:186} INFO - Started process (PID=259) to work on /opt/airflow/dags/env/Scripts/pyrsa-priv2pub.exe
[2025-03-29T17:08:40.452+0000] {processor.py:914} INFO - Processing file /opt/airflow/dags/env/Scripts/pyrsa-priv2pub.exe for tasks to queue
[2025-03-29T17:08:40.455+0000] {logging_mixin.py:190} INFO - [2025-03-29T17:08:40.455+0000] {dagbag.py:588} INFO - Filling up the DagBag from /opt/airflow/dags/env/Scripts/pyrsa-priv2pub.exe
[2025-03-29T17:08:40.471+0000] {logging_mixin.py:190} INFO - [2025-03-29T17:08:40.471+0000] {dagbag.py:435} INFO - File /opt/airflow/dags/env/Scripts/pyrsa-priv2pub.exe:__main__.py assumed to contain no DAGs. Skipping.
[2025-03-29T17:08:40.472+0000] {processor.py:927} WARNING - No viable dags retrieved from /opt/airflow/dags/env/Scripts/pyrsa-priv2pub.exe
[2025-03-29T17:08:40.499+0000] {processor.py:208} INFO - Processing /opt/airflow/dags/env/Scripts/pyrsa-priv2pub.exe took 0.057 seconds
[2025-03-29T17:13:12.328+0000] {processor.py:186} INFO - Started process (PID=289) to work on /opt/airflow/dags/env/Scripts/pyrsa-priv2pub.exe
[2025-03-29T17:13:12.329+0000] {processor.py:914} INFO - Processing file /opt/airflow/dags/env/Scripts/pyrsa-priv2pub.exe for tasks to queue
[2025-03-29T17:13:12.332+0000] {logging_mixin.py:190} INFO - [2025-03-29T17:13:12.332+0000] {dagbag.py:588} INFO - Filling up the DagBag from /opt/airflow/dags/env/Scripts/pyrsa-priv2pub.exe
[2025-03-29T17:13:12.344+0000] {logging_mixin.py:190} INFO - [2025-03-29T17:13:12.344+0000] {dagbag.py:435} INFO - File /opt/airflow/dags/env/Scripts/pyrsa-priv2pub.exe:__main__.py assumed to contain no DAGs. Skipping.
[2025-03-29T17:13:12.345+0000] {processor.py:927} WARNING - No viable dags retrieved from /opt/airflow/dags/env/Scripts/pyrsa-priv2pub.exe
[2025-03-29T17:13:12.368+0000] {processor.py:208} INFO - Processing /opt/airflow/dags/env/Scripts/pyrsa-priv2pub.exe took 0.047 seconds
[2025-03-29T17:13:44.067+0000] {processor.py:186} INFO - Started process (PID=313) to work on /opt/airflow/dags/env/Scripts/pyrsa-priv2pub.exe
[2025-03-29T17:13:44.068+0000] {processor.py:914} INFO - Processing file /opt/airflow/dags/env/Scripts/pyrsa-priv2pub.exe for tasks to queue
[2025-03-29T17:13:44.071+0000] {logging_mixin.py:190} INFO - [2025-03-29T17:13:44.070+0000] {dagbag.py:588} INFO - Filling up the DagBag from /opt/airflow/dags/env/Scripts/pyrsa-priv2pub.exe
[2025-03-29T17:13:44.086+0000] {logging_mixin.py:190} INFO - [2025-03-29T17:13:44.085+0000] {dagbag.py:435} INFO - File /opt/airflow/dags/env/Scripts/pyrsa-priv2pub.exe:__main__.py assumed to contain no DAGs. Skipping.
[2025-03-29T17:13:44.088+0000] {processor.py:927} WARNING - No viable dags retrieved from /opt/airflow/dags/env/Scripts/pyrsa-priv2pub.exe
[2025-03-29T17:13:44.112+0000] {processor.py:208} INFO - Processing /opt/airflow/dags/env/Scripts/pyrsa-priv2pub.exe took 0.052 seconds
[2025-03-29T17:18:15.786+0000] {processor.py:186} INFO - Started process (PID=341) to work on /opt/airflow/dags/env/Scripts/pyrsa-priv2pub.exe
[2025-03-29T17:18:15.787+0000] {processor.py:914} INFO - Processing file /opt/airflow/dags/env/Scripts/pyrsa-priv2pub.exe for tasks to queue
[2025-03-29T17:18:15.790+0000] {logging_mixin.py:190} INFO - [2025-03-29T17:18:15.790+0000] {dagbag.py:588} INFO - Filling up the DagBag from /opt/airflow/dags/env/Scripts/pyrsa-priv2pub.exe
[2025-03-29T17:18:15.805+0000] {logging_mixin.py:190} INFO - [2025-03-29T17:18:15.804+0000] {dagbag.py:435} INFO - File /opt/airflow/dags/env/Scripts/pyrsa-priv2pub.exe:__main__.py assumed to contain no DAGs. Skipping.
[2025-03-29T17:18:15.807+0000] {processor.py:927} WARNING - No viable dags retrieved from /opt/airflow/dags/env/Scripts/pyrsa-priv2pub.exe
[2025-03-29T17:18:15.836+0000] {processor.py:208} INFO - Processing /opt/airflow/dags/env/Scripts/pyrsa-priv2pub.exe took 0.058 seconds
[2025-03-29T17:18:46.561+0000] {processor.py:186} INFO - Started process (PID=365) to work on /opt/airflow/dags/env/Scripts/pyrsa-priv2pub.exe
[2025-03-29T17:18:46.563+0000] {processor.py:914} INFO - Processing file /opt/airflow/dags/env/Scripts/pyrsa-priv2pub.exe for tasks to queue
[2025-03-29T17:18:46.567+0000] {logging_mixin.py:190} INFO - [2025-03-29T17:18:46.566+0000] {dagbag.py:588} INFO - Filling up the DagBag from /opt/airflow/dags/env/Scripts/pyrsa-priv2pub.exe
[2025-03-29T17:18:46.584+0000] {logging_mixin.py:190} INFO - [2025-03-29T17:18:46.584+0000] {dagbag.py:435} INFO - File /opt/airflow/dags/env/Scripts/pyrsa-priv2pub.exe:__main__.py assumed to contain no DAGs. Skipping.
[2025-03-29T17:18:46.586+0000] {processor.py:927} WARNING - No viable dags retrieved from /opt/airflow/dags/env/Scripts/pyrsa-priv2pub.exe
[2025-03-29T17:18:46.614+0000] {processor.py:208} INFO - Processing /opt/airflow/dags/env/Scripts/pyrsa-priv2pub.exe took 0.061 seconds
[2025-03-29T17:23:08.748+0000] {processor.py:186} INFO - Started process (PID=391) to work on /opt/airflow/dags/env/Scripts/pyrsa-priv2pub.exe
[2025-03-29T17:23:08.749+0000] {processor.py:914} INFO - Processing file /opt/airflow/dags/env/Scripts/pyrsa-priv2pub.exe for tasks to queue
[2025-03-29T17:23:08.752+0000] {logging_mixin.py:190} INFO - [2025-03-29T17:23:08.752+0000] {dagbag.py:588} INFO - Filling up the DagBag from /opt/airflow/dags/env/Scripts/pyrsa-priv2pub.exe
[2025-03-29T17:23:08.765+0000] {logging_mixin.py:190} INFO - [2025-03-29T17:23:08.765+0000] {dagbag.py:435} INFO - File /opt/airflow/dags/env/Scripts/pyrsa-priv2pub.exe:__main__.py assumed to contain no DAGs. Skipping.
[2025-03-29T17:23:08.766+0000] {processor.py:927} WARNING - No viable dags retrieved from /opt/airflow/dags/env/Scripts/pyrsa-priv2pub.exe
[2025-03-29T17:23:08.790+0000] {processor.py:208} INFO - Processing /opt/airflow/dags/env/Scripts/pyrsa-priv2pub.exe took 0.049 seconds
[2025-03-29T17:23:40.371+0000] {processor.py:186} INFO - Started process (PID=415) to work on /opt/airflow/dags/env/Scripts/pyrsa-priv2pub.exe
[2025-03-29T17:23:40.372+0000] {processor.py:914} INFO - Processing file /opt/airflow/dags/env/Scripts/pyrsa-priv2pub.exe for tasks to queue
[2025-03-29T17:23:40.376+0000] {logging_mixin.py:190} INFO - [2025-03-29T17:23:40.375+0000] {dagbag.py:588} INFO - Filling up the DagBag from /opt/airflow/dags/env/Scripts/pyrsa-priv2pub.exe
[2025-03-29T17:23:40.387+0000] {logging_mixin.py:190} INFO - [2025-03-29T17:23:40.387+0000] {dagbag.py:435} INFO - File /opt/airflow/dags/env/Scripts/pyrsa-priv2pub.exe:__main__.py assumed to contain no DAGs. Skipping.
[2025-03-29T17:23:40.388+0000] {processor.py:927} WARNING - No viable dags retrieved from /opt/airflow/dags/env/Scripts/pyrsa-priv2pub.exe
[2025-03-29T17:23:40.414+0000] {processor.py:208} INFO - Processing /opt/airflow/dags/env/Scripts/pyrsa-priv2pub.exe took 0.050 seconds
[2025-03-29T17:24:10.808+0000] {processor.py:186} INFO - Started process (PID=439) to work on /opt/airflow/dags/env/Scripts/pyrsa-priv2pub.exe
[2025-03-29T17:24:10.809+0000] {processor.py:914} INFO - Processing file /opt/airflow/dags/env/Scripts/pyrsa-priv2pub.exe for tasks to queue
[2025-03-29T17:24:10.813+0000] {logging_mixin.py:190} INFO - [2025-03-29T17:24:10.813+0000] {dagbag.py:588} INFO - Filling up the DagBag from /opt/airflow/dags/env/Scripts/pyrsa-priv2pub.exe
[2025-03-29T17:24:10.827+0000] {logging_mixin.py:190} INFO - [2025-03-29T17:24:10.826+0000] {dagbag.py:435} INFO - File /opt/airflow/dags/env/Scripts/pyrsa-priv2pub.exe:__main__.py assumed to contain no DAGs. Skipping.
[2025-03-29T17:24:10.828+0000] {processor.py:927} WARNING - No viable dags retrieved from /opt/airflow/dags/env/Scripts/pyrsa-priv2pub.exe
[2025-03-29T17:24:10.853+0000] {processor.py:208} INFO - Processing /opt/airflow/dags/env/Scripts/pyrsa-priv2pub.exe took 0.053 seconds
[2025-03-29T17:28:14.118+0000] {processor.py:186} INFO - Started process (PID=449) to work on /opt/airflow/dags/env/Scripts/pyrsa-priv2pub.exe
[2025-03-29T17:28:14.120+0000] {processor.py:914} INFO - Processing file /opt/airflow/dags/env/Scripts/pyrsa-priv2pub.exe for tasks to queue
[2025-03-29T17:28:14.123+0000] {logging_mixin.py:190} INFO - [2025-03-29T17:28:14.122+0000] {dagbag.py:588} INFO - Filling up the DagBag from /opt/airflow/dags/env/Scripts/pyrsa-priv2pub.exe
[2025-03-29T17:28:14.137+0000] {logging_mixin.py:190} INFO - [2025-03-29T17:28:14.137+0000] {dagbag.py:435} INFO - File /opt/airflow/dags/env/Scripts/pyrsa-priv2pub.exe:__main__.py assumed to contain no DAGs. Skipping.
[2025-03-29T17:28:14.138+0000] {processor.py:927} WARNING - No viable dags retrieved from /opt/airflow/dags/env/Scripts/pyrsa-priv2pub.exe
[2025-03-29T17:28:14.162+0000] {processor.py:208} INFO - Processing /opt/airflow/dags/env/Scripts/pyrsa-priv2pub.exe took 0.053 seconds
[2025-03-29T17:28:45.104+0000] {processor.py:186} INFO - Started process (PID=473) to work on /opt/airflow/dags/env/Scripts/pyrsa-priv2pub.exe
[2025-03-29T17:28:45.105+0000] {processor.py:914} INFO - Processing file /opt/airflow/dags/env/Scripts/pyrsa-priv2pub.exe for tasks to queue
[2025-03-29T17:28:45.109+0000] {logging_mixin.py:190} INFO - [2025-03-29T17:28:45.108+0000] {dagbag.py:588} INFO - Filling up the DagBag from /opt/airflow/dags/env/Scripts/pyrsa-priv2pub.exe
[2025-03-29T17:28:45.122+0000] {logging_mixin.py:190} INFO - [2025-03-29T17:28:45.122+0000] {dagbag.py:435} INFO - File /opt/airflow/dags/env/Scripts/pyrsa-priv2pub.exe:__main__.py assumed to contain no DAGs. Skipping.
[2025-03-29T17:28:45.123+0000] {processor.py:927} WARNING - No viable dags retrieved from /opt/airflow/dags/env/Scripts/pyrsa-priv2pub.exe
[2025-03-29T17:28:45.146+0000] {processor.py:208} INFO - Processing /opt/airflow/dags/env/Scripts/pyrsa-priv2pub.exe took 0.049 seconds
[2025-03-29T17:33:12.093+0000] {processor.py:186} INFO - Started process (PID=501) to work on /opt/airflow/dags/env/Scripts/pyrsa-priv2pub.exe
[2025-03-29T17:33:12.094+0000] {processor.py:914} INFO - Processing file /opt/airflow/dags/env/Scripts/pyrsa-priv2pub.exe for tasks to queue
[2025-03-29T17:33:12.097+0000] {logging_mixin.py:190} INFO - [2025-03-29T17:33:12.097+0000] {dagbag.py:588} INFO - Filling up the DagBag from /opt/airflow/dags/env/Scripts/pyrsa-priv2pub.exe
[2025-03-29T17:33:12.110+0000] {logging_mixin.py:190} INFO - [2025-03-29T17:33:12.110+0000] {dagbag.py:435} INFO - File /opt/airflow/dags/env/Scripts/pyrsa-priv2pub.exe:__main__.py assumed to contain no DAGs. Skipping.
[2025-03-29T17:33:12.111+0000] {processor.py:927} WARNING - No viable dags retrieved from /opt/airflow/dags/env/Scripts/pyrsa-priv2pub.exe
[2025-03-29T17:33:12.136+0000] {processor.py:208} INFO - Processing /opt/airflow/dags/env/Scripts/pyrsa-priv2pub.exe took 0.052 seconds
[2025-03-29T17:33:43.806+0000] {processor.py:186} INFO - Started process (PID=525) to work on /opt/airflow/dags/env/Scripts/pyrsa-priv2pub.exe
[2025-03-29T17:33:43.807+0000] {processor.py:914} INFO - Processing file /opt/airflow/dags/env/Scripts/pyrsa-priv2pub.exe for tasks to queue
[2025-03-29T17:33:43.812+0000] {logging_mixin.py:190} INFO - [2025-03-29T17:33:43.811+0000] {dagbag.py:588} INFO - Filling up the DagBag from /opt/airflow/dags/env/Scripts/pyrsa-priv2pub.exe
[2025-03-29T17:33:43.826+0000] {logging_mixin.py:190} INFO - [2025-03-29T17:33:43.826+0000] {dagbag.py:435} INFO - File /opt/airflow/dags/env/Scripts/pyrsa-priv2pub.exe:__main__.py assumed to contain no DAGs. Skipping.
[2025-03-29T17:33:43.827+0000] {processor.py:927} WARNING - No viable dags retrieved from /opt/airflow/dags/env/Scripts/pyrsa-priv2pub.exe
[2025-03-29T17:33:43.850+0000] {processor.py:208} INFO - Processing /opt/airflow/dags/env/Scripts/pyrsa-priv2pub.exe took 0.055 seconds
[2025-03-29T17:38:10.098+0000] {processor.py:186} INFO - Started process (PID=555) to work on /opt/airflow/dags/env/Scripts/pyrsa-priv2pub.exe
[2025-03-29T17:38:10.099+0000] {processor.py:914} INFO - Processing file /opt/airflow/dags/env/Scripts/pyrsa-priv2pub.exe for tasks to queue
[2025-03-29T17:38:10.102+0000] {logging_mixin.py:190} INFO - [2025-03-29T17:38:10.102+0000] {dagbag.py:588} INFO - Filling up the DagBag from /opt/airflow/dags/env/Scripts/pyrsa-priv2pub.exe
[2025-03-29T17:38:10.116+0000] {logging_mixin.py:190} INFO - [2025-03-29T17:38:10.116+0000] {dagbag.py:435} INFO - File /opt/airflow/dags/env/Scripts/pyrsa-priv2pub.exe:__main__.py assumed to contain no DAGs. Skipping.
[2025-03-29T17:38:10.117+0000] {processor.py:927} WARNING - No viable dags retrieved from /opt/airflow/dags/env/Scripts/pyrsa-priv2pub.exe
[2025-03-29T17:38:10.141+0000] {processor.py:208} INFO - Processing /opt/airflow/dags/env/Scripts/pyrsa-priv2pub.exe took 0.050 seconds
[2025-03-29T17:38:40.721+0000] {processor.py:186} INFO - Started process (PID=579) to work on /opt/airflow/dags/env/Scripts/pyrsa-priv2pub.exe
[2025-03-29T17:38:40.722+0000] {processor.py:914} INFO - Processing file /opt/airflow/dags/env/Scripts/pyrsa-priv2pub.exe for tasks to queue
[2025-03-29T17:38:40.725+0000] {logging_mixin.py:190} INFO - [2025-03-29T17:38:40.725+0000] {dagbag.py:588} INFO - Filling up the DagBag from /opt/airflow/dags/env/Scripts/pyrsa-priv2pub.exe
[2025-03-29T17:38:40.738+0000] {logging_mixin.py:190} INFO - [2025-03-29T17:38:40.738+0000] {dagbag.py:435} INFO - File /opt/airflow/dags/env/Scripts/pyrsa-priv2pub.exe:__main__.py assumed to contain no DAGs. Skipping.
[2025-03-29T17:38:40.739+0000] {processor.py:927} WARNING - No viable dags retrieved from /opt/airflow/dags/env/Scripts/pyrsa-priv2pub.exe
[2025-03-29T17:38:40.762+0000] {processor.py:208} INFO - Processing /opt/airflow/dags/env/Scripts/pyrsa-priv2pub.exe took 0.048 seconds
[2025-03-29T17:43:10.379+0000] {processor.py:186} INFO - Started process (PID=611) to work on /opt/airflow/dags/env/Scripts/pyrsa-priv2pub.exe
[2025-03-29T17:43:10.380+0000] {processor.py:914} INFO - Processing file /opt/airflow/dags/env/Scripts/pyrsa-priv2pub.exe for tasks to queue
[2025-03-29T17:43:10.383+0000] {logging_mixin.py:190} INFO - [2025-03-29T17:43:10.382+0000] {dagbag.py:588} INFO - Filling up the DagBag from /opt/airflow/dags/env/Scripts/pyrsa-priv2pub.exe
[2025-03-29T17:43:10.394+0000] {logging_mixin.py:190} INFO - [2025-03-29T17:43:10.394+0000] {dagbag.py:435} INFO - File /opt/airflow/dags/env/Scripts/pyrsa-priv2pub.exe:__main__.py assumed to contain no DAGs. Skipping.
[2025-03-29T17:43:10.395+0000] {processor.py:927} WARNING - No viable dags retrieved from /opt/airflow/dags/env/Scripts/pyrsa-priv2pub.exe
[2025-03-29T17:43:10.419+0000] {processor.py:208} INFO - Processing /opt/airflow/dags/env/Scripts/pyrsa-priv2pub.exe took 0.048 seconds
[2025-03-29T17:43:42.003+0000] {processor.py:186} INFO - Started process (PID=635) to work on /opt/airflow/dags/env/Scripts/pyrsa-priv2pub.exe
[2025-03-29T17:43:42.005+0000] {processor.py:914} INFO - Processing file /opt/airflow/dags/env/Scripts/pyrsa-priv2pub.exe for tasks to queue
[2025-03-29T17:43:42.008+0000] {logging_mixin.py:190} INFO - [2025-03-29T17:43:42.007+0000] {dagbag.py:588} INFO - Filling up the DagBag from /opt/airflow/dags/env/Scripts/pyrsa-priv2pub.exe
[2025-03-29T17:43:42.019+0000] {logging_mixin.py:190} INFO - [2025-03-29T17:43:42.019+0000] {dagbag.py:435} INFO - File /opt/airflow/dags/env/Scripts/pyrsa-priv2pub.exe:__main__.py assumed to contain no DAGs. Skipping.
[2025-03-29T17:43:42.020+0000] {processor.py:927} WARNING - No viable dags retrieved from /opt/airflow/dags/env/Scripts/pyrsa-priv2pub.exe
[2025-03-29T17:43:42.044+0000] {processor.py:208} INFO - Processing /opt/airflow/dags/env/Scripts/pyrsa-priv2pub.exe took 0.048 seconds
[2025-03-29T17:48:13.621+0000] {processor.py:186} INFO - Started process (PID=666) to work on /opt/airflow/dags/env/Scripts/pyrsa-priv2pub.exe
[2025-03-29T17:48:13.622+0000] {processor.py:914} INFO - Processing file /opt/airflow/dags/env/Scripts/pyrsa-priv2pub.exe for tasks to queue
[2025-03-29T17:48:13.625+0000] {logging_mixin.py:190} INFO - [2025-03-29T17:48:13.624+0000] {dagbag.py:588} INFO - Filling up the DagBag from /opt/airflow/dags/env/Scripts/pyrsa-priv2pub.exe
[2025-03-29T17:48:13.637+0000] {logging_mixin.py:190} INFO - [2025-03-29T17:48:13.637+0000] {dagbag.py:435} INFO - File /opt/airflow/dags/env/Scripts/pyrsa-priv2pub.exe:__main__.py assumed to contain no DAGs. Skipping.
[2025-03-29T17:48:13.638+0000] {processor.py:927} WARNING - No viable dags retrieved from /opt/airflow/dags/env/Scripts/pyrsa-priv2pub.exe
[2025-03-29T17:48:13.663+0000] {processor.py:208} INFO - Processing /opt/airflow/dags/env/Scripts/pyrsa-priv2pub.exe took 0.050 seconds
[2025-03-29T17:48:45.221+0000] {processor.py:186} INFO - Started process (PID=690) to work on /opt/airflow/dags/env/Scripts/pyrsa-priv2pub.exe
[2025-03-29T17:48:45.222+0000] {processor.py:914} INFO - Processing file /opt/airflow/dags/env/Scripts/pyrsa-priv2pub.exe for tasks to queue
[2025-03-29T17:48:45.225+0000] {logging_mixin.py:190} INFO - [2025-03-29T17:48:45.225+0000] {dagbag.py:588} INFO - Filling up the DagBag from /opt/airflow/dags/env/Scripts/pyrsa-priv2pub.exe
[2025-03-29T17:48:45.237+0000] {logging_mixin.py:190} INFO - [2025-03-29T17:48:45.237+0000] {dagbag.py:435} INFO - File /opt/airflow/dags/env/Scripts/pyrsa-priv2pub.exe:__main__.py assumed to contain no DAGs. Skipping.
[2025-03-29T17:48:45.238+0000] {processor.py:927} WARNING - No viable dags retrieved from /opt/airflow/dags/env/Scripts/pyrsa-priv2pub.exe
[2025-03-29T17:48:45.261+0000] {processor.py:208} INFO - Processing /opt/airflow/dags/env/Scripts/pyrsa-priv2pub.exe took 0.046 seconds
[2025-03-29T17:53:15.341+0000] {processor.py:186} INFO - Started process (PID=719) to work on /opt/airflow/dags/env/Scripts/pyrsa-priv2pub.exe
[2025-03-29T17:53:15.343+0000] {processor.py:914} INFO - Processing file /opt/airflow/dags/env/Scripts/pyrsa-priv2pub.exe for tasks to queue
[2025-03-29T17:53:15.346+0000] {logging_mixin.py:190} INFO - [2025-03-29T17:53:15.345+0000] {dagbag.py:588} INFO - Filling up the DagBag from /opt/airflow/dags/env/Scripts/pyrsa-priv2pub.exe
[2025-03-29T17:53:15.357+0000] {logging_mixin.py:190} INFO - [2025-03-29T17:53:15.357+0000] {dagbag.py:435} INFO - File /opt/airflow/dags/env/Scripts/pyrsa-priv2pub.exe:__main__.py assumed to contain no DAGs. Skipping.
[2025-03-29T17:53:15.358+0000] {processor.py:927} WARNING - No viable dags retrieved from /opt/airflow/dags/env/Scripts/pyrsa-priv2pub.exe
[2025-03-29T17:53:15.381+0000] {processor.py:208} INFO - Processing /opt/airflow/dags/env/Scripts/pyrsa-priv2pub.exe took 0.049 seconds
[2025-03-29T17:53:46.408+0000] {processor.py:186} INFO - Started process (PID=743) to work on /opt/airflow/dags/env/Scripts/pyrsa-priv2pub.exe
[2025-03-29T17:53:46.410+0000] {processor.py:914} INFO - Processing file /opt/airflow/dags/env/Scripts/pyrsa-priv2pub.exe for tasks to queue
[2025-03-29T17:53:46.413+0000] {logging_mixin.py:190} INFO - [2025-03-29T17:53:46.413+0000] {dagbag.py:588} INFO - Filling up the DagBag from /opt/airflow/dags/env/Scripts/pyrsa-priv2pub.exe
[2025-03-29T17:53:46.426+0000] {logging_mixin.py:190} INFO - [2025-03-29T17:53:46.426+0000] {dagbag.py:435} INFO - File /opt/airflow/dags/env/Scripts/pyrsa-priv2pub.exe:__main__.py assumed to contain no DAGs. Skipping.
[2025-03-29T17:53:46.427+0000] {processor.py:927} WARNING - No viable dags retrieved from /opt/airflow/dags/env/Scripts/pyrsa-priv2pub.exe
[2025-03-29T17:53:46.455+0000] {processor.py:208} INFO - Processing /opt/airflow/dags/env/Scripts/pyrsa-priv2pub.exe took 0.054 seconds
[2025-03-29T17:58:16.846+0000] {processor.py:186} INFO - Started process (PID=771) to work on /opt/airflow/dags/env/Scripts/pyrsa-priv2pub.exe
[2025-03-29T17:58:16.847+0000] {processor.py:914} INFO - Processing file /opt/airflow/dags/env/Scripts/pyrsa-priv2pub.exe for tasks to queue
[2025-03-29T17:58:16.850+0000] {logging_mixin.py:190} INFO - [2025-03-29T17:58:16.850+0000] {dagbag.py:588} INFO - Filling up the DagBag from /opt/airflow/dags/env/Scripts/pyrsa-priv2pub.exe
[2025-03-29T17:58:16.862+0000] {logging_mixin.py:190} INFO - [2025-03-29T17:58:16.861+0000] {dagbag.py:435} INFO - File /opt/airflow/dags/env/Scripts/pyrsa-priv2pub.exe:__main__.py assumed to contain no DAGs. Skipping.
[2025-03-29T17:58:16.863+0000] {processor.py:927} WARNING - No viable dags retrieved from /opt/airflow/dags/env/Scripts/pyrsa-priv2pub.exe
[2025-03-29T17:58:16.885+0000] {processor.py:208} INFO - Processing /opt/airflow/dags/env/Scripts/pyrsa-priv2pub.exe took 0.046 seconds
[2025-03-29T17:58:47.764+0000] {processor.py:186} INFO - Started process (PID=795) to work on /opt/airflow/dags/env/Scripts/pyrsa-priv2pub.exe
[2025-03-29T17:58:47.765+0000] {processor.py:914} INFO - Processing file /opt/airflow/dags/env/Scripts/pyrsa-priv2pub.exe for tasks to queue
[2025-03-29T17:58:47.769+0000] {logging_mixin.py:190} INFO - [2025-03-29T17:58:47.769+0000] {dagbag.py:588} INFO - Filling up the DagBag from /opt/airflow/dags/env/Scripts/pyrsa-priv2pub.exe
[2025-03-29T17:58:47.782+0000] {logging_mixin.py:190} INFO - [2025-03-29T17:58:47.782+0000] {dagbag.py:435} INFO - File /opt/airflow/dags/env/Scripts/pyrsa-priv2pub.exe:__main__.py assumed to contain no DAGs. Skipping.
[2025-03-29T17:58:47.783+0000] {processor.py:927} WARNING - No viable dags retrieved from /opt/airflow/dags/env/Scripts/pyrsa-priv2pub.exe
[2025-03-29T17:58:47.808+0000] {processor.py:208} INFO - Processing /opt/airflow/dags/env/Scripts/pyrsa-priv2pub.exe took 0.050 seconds
[2025-03-29T18:40:41.827+0000] {processor.py:186} INFO - Started process (PID=823) to work on /opt/airflow/dags/env/Scripts/pyrsa-priv2pub.exe
[2025-03-29T18:40:41.829+0000] {processor.py:914} INFO - Processing file /opt/airflow/dags/env/Scripts/pyrsa-priv2pub.exe for tasks to queue
[2025-03-29T18:40:41.834+0000] {logging_mixin.py:190} INFO - [2025-03-29T18:40:41.833+0000] {dagbag.py:588} INFO - Filling up the DagBag from /opt/airflow/dags/env/Scripts/pyrsa-priv2pub.exe
[2025-03-29T18:40:41.853+0000] {logging_mixin.py:190} INFO - [2025-03-29T18:40:41.853+0000] {dagbag.py:435} INFO - File /opt/airflow/dags/env/Scripts/pyrsa-priv2pub.exe:__main__.py assumed to contain no DAGs. Skipping.
[2025-03-29T18:40:41.855+0000] {processor.py:927} WARNING - No viable dags retrieved from /opt/airflow/dags/env/Scripts/pyrsa-priv2pub.exe
[2025-03-29T18:40:41.891+0000] {processor.py:208} INFO - Processing /opt/airflow/dags/env/Scripts/pyrsa-priv2pub.exe took 0.075 seconds
[2025-03-29T18:41:12.097+0000] {processor.py:186} INFO - Started process (PID=847) to work on /opt/airflow/dags/env/Scripts/pyrsa-priv2pub.exe
[2025-03-29T18:41:12.098+0000] {processor.py:914} INFO - Processing file /opt/airflow/dags/env/Scripts/pyrsa-priv2pub.exe for tasks to queue
[2025-03-29T18:41:12.102+0000] {logging_mixin.py:190} INFO - [2025-03-29T18:41:12.102+0000] {dagbag.py:588} INFO - Filling up the DagBag from /opt/airflow/dags/env/Scripts/pyrsa-priv2pub.exe
[2025-03-29T18:41:12.113+0000] {logging_mixin.py:190} INFO - [2025-03-29T18:41:12.113+0000] {dagbag.py:435} INFO - File /opt/airflow/dags/env/Scripts/pyrsa-priv2pub.exe:__main__.py assumed to contain no DAGs. Skipping.
[2025-03-29T18:41:12.114+0000] {processor.py:927} WARNING - No viable dags retrieved from /opt/airflow/dags/env/Scripts/pyrsa-priv2pub.exe
[2025-03-29T18:41:12.138+0000] {processor.py:208} INFO - Processing /opt/airflow/dags/env/Scripts/pyrsa-priv2pub.exe took 0.047 seconds
[2025-03-29T19:47:34.541+0000] {processor.py:186} INFO - Started process (PID=859) to work on /opt/airflow/dags/env/Scripts/pyrsa-priv2pub.exe
[2025-03-29T19:47:34.543+0000] {processor.py:914} INFO - Processing file /opt/airflow/dags/env/Scripts/pyrsa-priv2pub.exe for tasks to queue
[2025-03-29T19:47:34.549+0000] {logging_mixin.py:190} INFO - [2025-03-29T19:47:34.548+0000] {dagbag.py:588} INFO - Filling up the DagBag from /opt/airflow/dags/env/Scripts/pyrsa-priv2pub.exe
[2025-03-29T19:47:34.573+0000] {logging_mixin.py:190} INFO - [2025-03-29T19:47:34.572+0000] {dagbag.py:435} INFO - File /opt/airflow/dags/env/Scripts/pyrsa-priv2pub.exe:__main__.py assumed to contain no DAGs. Skipping.
[2025-03-29T19:47:34.575+0000] {processor.py:927} WARNING - No viable dags retrieved from /opt/airflow/dags/env/Scripts/pyrsa-priv2pub.exe
[2025-03-29T19:47:34.619+0000] {processor.py:208} INFO - Processing /opt/airflow/dags/env/Scripts/pyrsa-priv2pub.exe took 0.093 seconds
[2025-03-29T21:05:51.851+0000] {processor.py:186} INFO - Started process (PID=883) to work on /opt/airflow/dags/env/Scripts/pyrsa-priv2pub.exe
[2025-03-29T21:05:51.856+0000] {processor.py:914} INFO - Processing file /opt/airflow/dags/env/Scripts/pyrsa-priv2pub.exe for tasks to queue
[2025-03-29T21:05:51.861+0000] {logging_mixin.py:190} INFO - [2025-03-29T21:05:51.860+0000] {dagbag.py:588} INFO - Filling up the DagBag from /opt/airflow/dags/env/Scripts/pyrsa-priv2pub.exe
[2025-03-29T21:05:51.878+0000] {logging_mixin.py:190} INFO - [2025-03-29T21:05:51.877+0000] {dagbag.py:435} INFO - File /opt/airflow/dags/env/Scripts/pyrsa-priv2pub.exe:__main__.py assumed to contain no DAGs. Skipping.
[2025-03-29T21:05:51.879+0000] {processor.py:927} WARNING - No viable dags retrieved from /opt/airflow/dags/env/Scripts/pyrsa-priv2pub.exe
[2025-03-29T21:05:51.911+0000] {processor.py:208} INFO - Processing /opt/airflow/dags/env/Scripts/pyrsa-priv2pub.exe took 0.070 seconds
[2025-03-29T22:11:46.057+0000] {processor.py:186} INFO - Started process (PID=902) to work on /opt/airflow/dags/env/Scripts/pyrsa-priv2pub.exe
[2025-03-29T22:11:46.059+0000] {processor.py:914} INFO - Processing file /opt/airflow/dags/env/Scripts/pyrsa-priv2pub.exe for tasks to queue
[2025-03-29T22:11:46.065+0000] {logging_mixin.py:190} INFO - [2025-03-29T22:11:46.064+0000] {dagbag.py:588} INFO - Filling up the DagBag from /opt/airflow/dags/env/Scripts/pyrsa-priv2pub.exe
[2025-03-29T22:11:46.091+0000] {logging_mixin.py:190} INFO - [2025-03-29T22:11:46.090+0000] {dagbag.py:435} INFO - File /opt/airflow/dags/env/Scripts/pyrsa-priv2pub.exe:__main__.py assumed to contain no DAGs. Skipping.
[2025-03-29T22:11:46.093+0000] {processor.py:927} WARNING - No viable dags retrieved from /opt/airflow/dags/env/Scripts/pyrsa-priv2pub.exe
[2025-03-29T22:11:46.144+0000] {processor.py:208} INFO - Processing /opt/airflow/dags/env/Scripts/pyrsa-priv2pub.exe took 0.100 seconds
