[2025-03-29T00:47:23.584+0000] {processor.py:186} INFO - Started process (PID=426) to work on /opt/airflow/dags/env/Scripts/pyrsa-verify.exe
[2025-03-29T00:47:23.586+0000] {processor.py:914} INFO - Processing file /opt/airflow/dags/env/Scripts/pyrsa-verify.exe for tasks to queue
[2025-03-29T00:47:23.591+0000] {logging_mixin.py:190} INFO - [2025-03-29T00:47:23.590+0000] {dagbag.py:588} INFO - Filling up the DagBag from /opt/airflow/dags/env/Scripts/pyrsa-verify.exe
[2025-03-29T00:47:23.609+0000] {logging_mixin.py:190} INFO - [2025-03-29T00:47:23.609+0000] {dagbag.py:435} INFO - File /opt/airflow/dags/env/Scripts/pyrsa-verify.exe:__main__.py assumed to contain no DAGs. Skipping.
[2025-03-29T00:47:23.611+0000] {processor.py:927} WARNING - No viable dags retrieved from /opt/airflow/dags/env/Scripts/pyrsa-verify.exe
[2025-03-29T00:47:23.640+0000] {processor.py:208} INFO - Processing /opt/airflow/dags/env/Scripts/pyrsa-verify.exe took 0.064 seconds
[2025-03-29T00:52:20.142+0000] {processor.py:186} INFO - Started process (PID=454) to work on /opt/airflow/dags/env/Scripts/pyrsa-verify.exe
[2025-03-29T00:52:20.144+0000] {processor.py:914} INFO - Processing file /opt/airflow/dags/env/Scripts/pyrsa-verify.exe for tasks to queue
[2025-03-29T00:52:20.147+0000] {logging_mixin.py:190} INFO - [2025-03-29T00:52:20.147+0000] {dagbag.py:588} INFO - Filling up the DagBag from /opt/airflow/dags/env/Scripts/pyrsa-verify.exe
[2025-03-29T00:52:20.165+0000] {logging_mixin.py:190} INFO - [2025-03-29T00:52:20.165+0000] {dagbag.py:435} INFO - File /opt/airflow/dags/env/Scripts/pyrsa-verify.exe:__main__.py assumed to contain no DAGs. Skipping.
[2025-03-29T00:52:20.166+0000] {processor.py:927} WARNING - No viable dags retrieved from /opt/airflow/dags/env/Scripts/pyrsa-verify.exe
[2025-03-29T00:52:20.187+0000] {processor.py:208} INFO - Processing /opt/airflow/dags/env/Scripts/pyrsa-verify.exe took 0.053 seconds
[2025-03-29T00:57:23.208+0000] {processor.py:186} INFO - Started process (PID=484) to work on /opt/airflow/dags/env/Scripts/pyrsa-verify.exe
[2025-03-29T00:57:23.210+0000] {processor.py:914} INFO - Processing file /opt/airflow/dags/env/Scripts/pyrsa-verify.exe for tasks to queue
[2025-03-29T00:57:23.213+0000] {logging_mixin.py:190} INFO - [2025-03-29T00:57:23.212+0000] {dagbag.py:588} INFO - Filling up the DagBag from /opt/airflow/dags/env/Scripts/pyrsa-verify.exe
[2025-03-29T00:57:23.226+0000] {logging_mixin.py:190} INFO - [2025-03-29T00:57:23.226+0000] {dagbag.py:435} INFO - File /opt/airflow/dags/env/Scripts/pyrsa-verify.exe:__main__.py assumed to contain no DAGs. Skipping.
[2025-03-29T00:57:23.227+0000] {processor.py:927} WARNING - No viable dags retrieved from /opt/airflow/dags/env/Scripts/pyrsa-verify.exe
[2025-03-29T00:57:23.250+0000] {processor.py:208} INFO - Processing /opt/airflow/dags/env/Scripts/pyrsa-verify.exe took 0.049 seconds
[2025-03-29T01:02:17.347+0000] {processor.py:186} INFO - Started process (PID=510) to work on /opt/airflow/dags/env/Scripts/pyrsa-verify.exe
[2025-03-29T01:02:17.348+0000] {processor.py:914} INFO - Processing file /opt/airflow/dags/env/Scripts/pyrsa-verify.exe for tasks to queue
[2025-03-29T01:02:17.351+0000] {logging_mixin.py:190} INFO - [2025-03-29T01:02:17.351+0000] {dagbag.py:588} INFO - Filling up the DagBag from /opt/airflow/dags/env/Scripts/pyrsa-verify.exe
[2025-03-29T01:02:17.364+0000] {logging_mixin.py:190} INFO - [2025-03-29T01:02:17.364+0000] {dagbag.py:435} INFO - File /opt/airflow/dags/env/Scripts/pyrsa-verify.exe:__main__.py assumed to contain no DAGs. Skipping.
[2025-03-29T01:02:17.365+0000] {processor.py:927} WARNING - No viable dags retrieved from /opt/airflow/dags/env/Scripts/pyrsa-verify.exe
[2025-03-29T01:02:17.387+0000] {processor.py:208} INFO - Processing /opt/airflow/dags/env/Scripts/pyrsa-verify.exe took 0.048 seconds
[2025-03-29T01:02:48.851+0000] {processor.py:186} INFO - Started process (PID=534) to work on /opt/airflow/dags/env/Scripts/pyrsa-verify.exe
[2025-03-29T01:02:48.853+0000] {processor.py:914} INFO - Processing file /opt/airflow/dags/env/Scripts/pyrsa-verify.exe for tasks to queue
[2025-03-29T01:02:48.856+0000] {logging_mixin.py:190} INFO - [2025-03-29T01:02:48.855+0000] {dagbag.py:588} INFO - Filling up the DagBag from /opt/airflow/dags/env/Scripts/pyrsa-verify.exe
[2025-03-29T01:02:48.871+0000] {logging_mixin.py:190} INFO - [2025-03-29T01:02:48.871+0000] {dagbag.py:435} INFO - File /opt/airflow/dags/env/Scripts/pyrsa-verify.exe:__main__.py assumed to contain no DAGs. Skipping.
[2025-03-29T01:02:48.873+0000] {processor.py:927} WARNING - No viable dags retrieved from /opt/airflow/dags/env/Scripts/pyrsa-verify.exe
[2025-03-29T01:02:48.896+0000] {processor.py:208} INFO - Processing /opt/airflow/dags/env/Scripts/pyrsa-verify.exe took 0.051 seconds
[2025-03-29T01:07:26.170+0000] {processor.py:186} INFO - Started process (PID=541) to work on /opt/airflow/dags/env/Scripts/pyrsa-verify.exe
[2025-03-29T01:07:26.172+0000] {processor.py:914} INFO - Processing file /opt/airflow/dags/env/Scripts/pyrsa-verify.exe for tasks to queue
[2025-03-29T01:07:26.175+0000] {logging_mixin.py:190} INFO - [2025-03-29T01:07:26.175+0000] {dagbag.py:588} INFO - Filling up the DagBag from /opt/airflow/dags/env/Scripts/pyrsa-verify.exe
[2025-03-29T01:07:26.191+0000] {logging_mixin.py:190} INFO - [2025-03-29T01:07:26.190+0000] {dagbag.py:435} INFO - File /opt/airflow/dags/env/Scripts/pyrsa-verify.exe:__main__.py assumed to contain no DAGs. Skipping.
[2025-03-29T01:07:26.192+0000] {processor.py:927} WARNING - No viable dags retrieved from /opt/airflow/dags/env/Scripts/pyrsa-verify.exe
[2025-03-29T01:07:26.215+0000] {processor.py:208} INFO - Processing /opt/airflow/dags/env/Scripts/pyrsa-verify.exe took 0.051 seconds
[2025-03-29T01:12:29.510+0000] {processor.py:186} INFO - Started process (PID=566) to work on /opt/airflow/dags/env/Scripts/pyrsa-verify.exe
[2025-03-29T01:12:29.511+0000] {processor.py:914} INFO - Processing file /opt/airflow/dags/env/Scripts/pyrsa-verify.exe for tasks to queue
[2025-03-29T01:12:29.514+0000] {logging_mixin.py:190} INFO - [2025-03-29T01:12:29.514+0000] {dagbag.py:588} INFO - Filling up the DagBag from /opt/airflow/dags/env/Scripts/pyrsa-verify.exe
[2025-03-29T01:12:29.529+0000] {logging_mixin.py:190} INFO - [2025-03-29T01:12:29.529+0000] {dagbag.py:435} INFO - File /opt/airflow/dags/env/Scripts/pyrsa-verify.exe:__main__.py assumed to contain no DAGs. Skipping.
[2025-03-29T01:12:29.530+0000] {processor.py:927} WARNING - No viable dags retrieved from /opt/airflow/dags/env/Scripts/pyrsa-verify.exe
[2025-03-29T01:12:29.565+0000] {processor.py:208} INFO - Processing /opt/airflow/dags/env/Scripts/pyrsa-verify.exe took 0.062 seconds
[2025-03-29T01:17:22.450+0000] {processor.py:186} INFO - Started process (PID=590) to work on /opt/airflow/dags/env/Scripts/pyrsa-verify.exe
[2025-03-29T01:17:22.452+0000] {processor.py:914} INFO - Processing file /opt/airflow/dags/env/Scripts/pyrsa-verify.exe for tasks to queue
[2025-03-29T01:17:22.455+0000] {logging_mixin.py:190} INFO - [2025-03-29T01:17:22.454+0000] {dagbag.py:588} INFO - Filling up the DagBag from /opt/airflow/dags/env/Scripts/pyrsa-verify.exe
[2025-03-29T01:17:22.470+0000] {logging_mixin.py:190} INFO - [2025-03-29T01:17:22.469+0000] {dagbag.py:435} INFO - File /opt/airflow/dags/env/Scripts/pyrsa-verify.exe:__main__.py assumed to contain no DAGs. Skipping.
[2025-03-29T01:17:22.471+0000] {processor.py:927} WARNING - No viable dags retrieved from /opt/airflow/dags/env/Scripts/pyrsa-verify.exe
[2025-03-29T01:17:22.492+0000] {processor.py:208} INFO - Processing /opt/airflow/dags/env/Scripts/pyrsa-verify.exe took 0.050 seconds
[2025-03-29T01:22:28.812+0000] {processor.py:186} INFO - Started process (PID=618) to work on /opt/airflow/dags/env/Scripts/pyrsa-verify.exe
[2025-03-29T01:22:28.814+0000] {processor.py:914} INFO - Processing file /opt/airflow/dags/env/Scripts/pyrsa-verify.exe for tasks to queue
[2025-03-29T01:22:28.817+0000] {logging_mixin.py:190} INFO - [2025-03-29T01:22:28.817+0000] {dagbag.py:588} INFO - Filling up the DagBag from /opt/airflow/dags/env/Scripts/pyrsa-verify.exe
[2025-03-29T01:22:28.831+0000] {logging_mixin.py:190} INFO - [2025-03-29T01:22:28.831+0000] {dagbag.py:435} INFO - File /opt/airflow/dags/env/Scripts/pyrsa-verify.exe:__main__.py assumed to contain no DAGs. Skipping.
[2025-03-29T01:22:28.833+0000] {processor.py:927} WARNING - No viable dags retrieved from /opt/airflow/dags/env/Scripts/pyrsa-verify.exe
[2025-03-29T01:22:28.854+0000] {processor.py:208} INFO - Processing /opt/airflow/dags/env/Scripts/pyrsa-verify.exe took 0.048 seconds
[2025-03-29T16:48:40.766+0000] {processor.py:186} INFO - Started process (PID=56) to work on /opt/airflow/dags/env/Scripts/pyrsa-verify.exe
[2025-03-29T16:48:40.781+0000] {processor.py:914} INFO - Processing file /opt/airflow/dags/env/Scripts/pyrsa-verify.exe for tasks to queue
[2025-03-29T16:48:40.807+0000] {logging_mixin.py:190} INFO - [2025-03-29T16:48:40.806+0000] {dagbag.py:588} INFO - Filling up the DagBag from /opt/airflow/dags/env/Scripts/pyrsa-verify.exe
[2025-03-29T16:48:41.841+0000] {logging_mixin.py:190} INFO - [2025-03-29T16:48:41.841+0000] {dagbag.py:435} INFO - File /opt/airflow/dags/env/Scripts/pyrsa-verify.exe:__main__.py assumed to contain no DAGs. Skipping.
[2025-03-29T16:48:41.892+0000] {processor.py:927} WARNING - No viable dags retrieved from /opt/airflow/dags/env/Scripts/pyrsa-verify.exe
[2025-03-29T16:48:43.183+0000] {processor.py:208} INFO - Processing /opt/airflow/dags/env/Scripts/pyrsa-verify.exe took 2.428 seconds
[2025-03-29T16:53:19.415+0000] {processor.py:186} INFO - Started process (PID=80) to work on /opt/airflow/dags/env/Scripts/pyrsa-verify.exe
[2025-03-29T16:53:19.417+0000] {processor.py:914} INFO - Processing file /opt/airflow/dags/env/Scripts/pyrsa-verify.exe for tasks to queue
[2025-03-29T16:53:19.420+0000] {logging_mixin.py:190} INFO - [2025-03-29T16:53:19.420+0000] {dagbag.py:588} INFO - Filling up the DagBag from /opt/airflow/dags/env/Scripts/pyrsa-verify.exe
[2025-03-29T16:53:19.435+0000] {logging_mixin.py:190} INFO - [2025-03-29T16:53:19.434+0000] {dagbag.py:435} INFO - File /opt/airflow/dags/env/Scripts/pyrsa-verify.exe:__main__.py assumed to contain no DAGs. Skipping.
[2025-03-29T16:53:19.436+0000] {processor.py:927} WARNING - No viable dags retrieved from /opt/airflow/dags/env/Scripts/pyrsa-verify.exe
[2025-03-29T16:53:19.463+0000] {processor.py:208} INFO - Processing /opt/airflow/dags/env/Scripts/pyrsa-verify.exe took 0.055 seconds
[2025-03-29T16:53:50.843+0000] {processor.py:186} INFO - Started process (PID=104) to work on /opt/airflow/dags/env/Scripts/pyrsa-verify.exe
[2025-03-29T16:53:50.844+0000] {processor.py:914} INFO - Processing file /opt/airflow/dags/env/Scripts/pyrsa-verify.exe for tasks to queue
[2025-03-29T16:53:50.850+0000] {logging_mixin.py:190} INFO - [2025-03-29T16:53:50.848+0000] {dagbag.py:588} INFO - Filling up the DagBag from /opt/airflow/dags/env/Scripts/pyrsa-verify.exe
[2025-03-29T16:53:50.866+0000] {logging_mixin.py:190} INFO - [2025-03-29T16:53:50.866+0000] {dagbag.py:435} INFO - File /opt/airflow/dags/env/Scripts/pyrsa-verify.exe:__main__.py assumed to contain no DAGs. Skipping.
[2025-03-29T16:53:50.868+0000] {processor.py:927} WARNING - No viable dags retrieved from /opt/airflow/dags/env/Scripts/pyrsa-verify.exe
[2025-03-29T16:53:50.897+0000] {processor.py:208} INFO - Processing /opt/airflow/dags/env/Scripts/pyrsa-verify.exe took 0.066 seconds
[2025-03-29T16:58:07.990+0000] {processor.py:186} INFO - Started process (PID=126) to work on /opt/airflow/dags/env/Scripts/pyrsa-verify.exe
[2025-03-29T16:58:07.992+0000] {processor.py:914} INFO - Processing file /opt/airflow/dags/env/Scripts/pyrsa-verify.exe for tasks to queue
[2025-03-29T16:58:07.997+0000] {logging_mixin.py:190} INFO - [2025-03-29T16:58:07.996+0000] {dagbag.py:588} INFO - Filling up the DagBag from /opt/airflow/dags/env/Scripts/pyrsa-verify.exe
[2025-03-29T16:58:08.018+0000] {logging_mixin.py:190} INFO - [2025-03-29T16:58:08.017+0000] {dagbag.py:435} INFO - File /opt/airflow/dags/env/Scripts/pyrsa-verify.exe:__main__.py assumed to contain no DAGs. Skipping.
[2025-03-29T16:58:08.019+0000] {processor.py:927} WARNING - No viable dags retrieved from /opt/airflow/dags/env/Scripts/pyrsa-verify.exe
[2025-03-29T16:58:08.051+0000] {processor.py:208} INFO - Processing /opt/airflow/dags/env/Scripts/pyrsa-verify.exe took 0.071 seconds
[2025-03-29T16:58:39.261+0000] {processor.py:186} INFO - Started process (PID=150) to work on /opt/airflow/dags/env/Scripts/pyrsa-verify.exe
[2025-03-29T16:58:39.262+0000] {processor.py:914} INFO - Processing file /opt/airflow/dags/env/Scripts/pyrsa-verify.exe for tasks to queue
[2025-03-29T16:58:39.267+0000] {logging_mixin.py:190} INFO - [2025-03-29T16:58:39.266+0000] {dagbag.py:588} INFO - Filling up the DagBag from /opt/airflow/dags/env/Scripts/pyrsa-verify.exe
[2025-03-29T16:58:39.280+0000] {logging_mixin.py:190} INFO - [2025-03-29T16:58:39.280+0000] {dagbag.py:435} INFO - File /opt/airflow/dags/env/Scripts/pyrsa-verify.exe:__main__.py assumed to contain no DAGs. Skipping.
[2025-03-29T16:58:39.281+0000] {processor.py:927} WARNING - No viable dags retrieved from /opt/airflow/dags/env/Scripts/pyrsa-verify.exe
[2025-03-29T16:58:39.307+0000] {processor.py:208} INFO - Processing /opt/airflow/dags/env/Scripts/pyrsa-verify.exe took 0.053 seconds
[2025-03-29T17:03:06.886+0000] {processor.py:186} INFO - Started process (PID=179) to work on /opt/airflow/dags/env/Scripts/pyrsa-verify.exe
[2025-03-29T17:03:06.887+0000] {processor.py:914} INFO - Processing file /opt/airflow/dags/env/Scripts/pyrsa-verify.exe for tasks to queue
[2025-03-29T17:03:06.890+0000] {logging_mixin.py:190} INFO - [2025-03-29T17:03:06.890+0000] {dagbag.py:588} INFO - Filling up the DagBag from /opt/airflow/dags/env/Scripts/pyrsa-verify.exe
[2025-03-29T17:03:06.903+0000] {logging_mixin.py:190} INFO - [2025-03-29T17:03:06.903+0000] {dagbag.py:435} INFO - File /opt/airflow/dags/env/Scripts/pyrsa-verify.exe:__main__.py assumed to contain no DAGs. Skipping.
[2025-03-29T17:03:06.904+0000] {processor.py:927} WARNING - No viable dags retrieved from /opt/airflow/dags/env/Scripts/pyrsa-verify.exe
[2025-03-29T17:03:06.929+0000] {processor.py:208} INFO - Processing /opt/airflow/dags/env/Scripts/pyrsa-verify.exe took 0.050 seconds
[2025-03-29T17:03:38.688+0000] {processor.py:186} INFO - Started process (PID=203) to work on /opt/airflow/dags/env/Scripts/pyrsa-verify.exe
[2025-03-29T17:03:38.689+0000] {processor.py:914} INFO - Processing file /opt/airflow/dags/env/Scripts/pyrsa-verify.exe for tasks to queue
[2025-03-29T17:03:38.692+0000] {logging_mixin.py:190} INFO - [2025-03-29T17:03:38.691+0000] {dagbag.py:588} INFO - Filling up the DagBag from /opt/airflow/dags/env/Scripts/pyrsa-verify.exe
[2025-03-29T17:03:38.704+0000] {logging_mixin.py:190} INFO - [2025-03-29T17:03:38.704+0000] {dagbag.py:435} INFO - File /opt/airflow/dags/env/Scripts/pyrsa-verify.exe:__main__.py assumed to contain no DAGs. Skipping.
[2025-03-29T17:03:38.705+0000] {processor.py:927} WARNING - No viable dags retrieved from /opt/airflow/dags/env/Scripts/pyrsa-verify.exe
[2025-03-29T17:03:38.728+0000] {processor.py:208} INFO - Processing /opt/airflow/dags/env/Scripts/pyrsa-verify.exe took 0.047 seconds
[2025-03-29T17:08:07.036+0000] {processor.py:186} INFO - Started process (PID=233) to work on /opt/airflow/dags/env/Scripts/pyrsa-verify.exe
[2025-03-29T17:08:07.037+0000] {processor.py:914} INFO - Processing file /opt/airflow/dags/env/Scripts/pyrsa-verify.exe for tasks to queue
[2025-03-29T17:08:07.040+0000] {logging_mixin.py:190} INFO - [2025-03-29T17:08:07.040+0000] {dagbag.py:588} INFO - Filling up the DagBag from /opt/airflow/dags/env/Scripts/pyrsa-verify.exe
[2025-03-29T17:08:07.051+0000] {logging_mixin.py:190} INFO - [2025-03-29T17:08:07.051+0000] {dagbag.py:435} INFO - File /opt/airflow/dags/env/Scripts/pyrsa-verify.exe:__main__.py assumed to contain no DAGs. Skipping.
[2025-03-29T17:08:07.052+0000] {processor.py:927} WARNING - No viable dags retrieved from /opt/airflow/dags/env/Scripts/pyrsa-verify.exe
[2025-03-29T17:08:07.075+0000] {processor.py:208} INFO - Processing /opt/airflow/dags/env/Scripts/pyrsa-verify.exe took 0.046 seconds
[2025-03-29T17:08:38.520+0000] {processor.py:186} INFO - Started process (PID=257) to work on /opt/airflow/dags/env/Scripts/pyrsa-verify.exe
[2025-03-29T17:08:38.522+0000] {processor.py:914} INFO - Processing file /opt/airflow/dags/env/Scripts/pyrsa-verify.exe for tasks to queue
[2025-03-29T17:08:38.525+0000] {logging_mixin.py:190} INFO - [2025-03-29T17:08:38.524+0000] {dagbag.py:588} INFO - Filling up the DagBag from /opt/airflow/dags/env/Scripts/pyrsa-verify.exe
[2025-03-29T17:08:38.541+0000] {logging_mixin.py:190} INFO - [2025-03-29T17:08:38.541+0000] {dagbag.py:435} INFO - File /opt/airflow/dags/env/Scripts/pyrsa-verify.exe:__main__.py assumed to contain no DAGs. Skipping.
[2025-03-29T17:08:38.542+0000] {processor.py:927} WARNING - No viable dags retrieved from /opt/airflow/dags/env/Scripts/pyrsa-verify.exe
[2025-03-29T17:08:38.566+0000] {processor.py:208} INFO - Processing /opt/airflow/dags/env/Scripts/pyrsa-verify.exe took 0.055 seconds
[2025-03-29T17:13:09.920+0000] {processor.py:186} INFO - Started process (PID=287) to work on /opt/airflow/dags/env/Scripts/pyrsa-verify.exe
[2025-03-29T17:13:09.921+0000] {processor.py:914} INFO - Processing file /opt/airflow/dags/env/Scripts/pyrsa-verify.exe for tasks to queue
[2025-03-29T17:13:09.924+0000] {logging_mixin.py:190} INFO - [2025-03-29T17:13:09.924+0000] {dagbag.py:588} INFO - Filling up the DagBag from /opt/airflow/dags/env/Scripts/pyrsa-verify.exe
[2025-03-29T17:13:09.935+0000] {logging_mixin.py:190} INFO - [2025-03-29T17:13:09.935+0000] {dagbag.py:435} INFO - File /opt/airflow/dags/env/Scripts/pyrsa-verify.exe:__main__.py assumed to contain no DAGs. Skipping.
[2025-03-29T17:13:09.937+0000] {processor.py:927} WARNING - No viable dags retrieved from /opt/airflow/dags/env/Scripts/pyrsa-verify.exe
[2025-03-29T17:13:09.961+0000] {processor.py:208} INFO - Processing /opt/airflow/dags/env/Scripts/pyrsa-verify.exe took 0.049 seconds
[2025-03-29T17:13:41.595+0000] {processor.py:186} INFO - Started process (PID=311) to work on /opt/airflow/dags/env/Scripts/pyrsa-verify.exe
[2025-03-29T17:13:41.596+0000] {processor.py:914} INFO - Processing file /opt/airflow/dags/env/Scripts/pyrsa-verify.exe for tasks to queue
[2025-03-29T17:13:41.599+0000] {logging_mixin.py:190} INFO - [2025-03-29T17:13:41.598+0000] {dagbag.py:588} INFO - Filling up the DagBag from /opt/airflow/dags/env/Scripts/pyrsa-verify.exe
[2025-03-29T17:13:41.610+0000] {logging_mixin.py:190} INFO - [2025-03-29T17:13:41.610+0000] {dagbag.py:435} INFO - File /opt/airflow/dags/env/Scripts/pyrsa-verify.exe:__main__.py assumed to contain no DAGs. Skipping.
[2025-03-29T17:13:41.611+0000] {processor.py:927} WARNING - No viable dags retrieved from /opt/airflow/dags/env/Scripts/pyrsa-verify.exe
[2025-03-29T17:13:41.635+0000] {processor.py:208} INFO - Processing /opt/airflow/dags/env/Scripts/pyrsa-verify.exe took 0.048 seconds
[2025-03-29T17:18:13.361+0000] {processor.py:186} INFO - Started process (PID=339) to work on /opt/airflow/dags/env/Scripts/pyrsa-verify.exe
[2025-03-29T17:18:13.363+0000] {processor.py:914} INFO - Processing file /opt/airflow/dags/env/Scripts/pyrsa-verify.exe for tasks to queue
[2025-03-29T17:18:13.366+0000] {logging_mixin.py:190} INFO - [2025-03-29T17:18:13.365+0000] {dagbag.py:588} INFO - Filling up the DagBag from /opt/airflow/dags/env/Scripts/pyrsa-verify.exe
[2025-03-29T17:18:13.379+0000] {logging_mixin.py:190} INFO - [2025-03-29T17:18:13.378+0000] {dagbag.py:435} INFO - File /opt/airflow/dags/env/Scripts/pyrsa-verify.exe:__main__.py assumed to contain no DAGs. Skipping.
[2025-03-29T17:18:13.379+0000] {processor.py:927} WARNING - No viable dags retrieved from /opt/airflow/dags/env/Scripts/pyrsa-verify.exe
[2025-03-29T17:18:13.408+0000] {processor.py:208} INFO - Processing /opt/airflow/dags/env/Scripts/pyrsa-verify.exe took 0.054 seconds
[2025-03-29T17:18:44.712+0000] {processor.py:186} INFO - Started process (PID=363) to work on /opt/airflow/dags/env/Scripts/pyrsa-verify.exe
[2025-03-29T17:18:44.713+0000] {processor.py:914} INFO - Processing file /opt/airflow/dags/env/Scripts/pyrsa-verify.exe for tasks to queue
[2025-03-29T17:18:44.716+0000] {logging_mixin.py:190} INFO - [2025-03-29T17:18:44.716+0000] {dagbag.py:588} INFO - Filling up the DagBag from /opt/airflow/dags/env/Scripts/pyrsa-verify.exe
[2025-03-29T17:18:44.727+0000] {logging_mixin.py:190} INFO - [2025-03-29T17:18:44.727+0000] {dagbag.py:435} INFO - File /opt/airflow/dags/env/Scripts/pyrsa-verify.exe:__main__.py assumed to contain no DAGs. Skipping.
[2025-03-29T17:18:44.728+0000] {processor.py:927} WARNING - No viable dags retrieved from /opt/airflow/dags/env/Scripts/pyrsa-verify.exe
[2025-03-29T17:18:44.755+0000] {processor.py:208} INFO - Processing /opt/airflow/dags/env/Scripts/pyrsa-verify.exe took 0.050 seconds
[2025-03-29T17:23:06.348+0000] {processor.py:186} INFO - Started process (PID=389) to work on /opt/airflow/dags/env/Scripts/pyrsa-verify.exe
[2025-03-29T17:23:06.349+0000] {processor.py:914} INFO - Processing file /opt/airflow/dags/env/Scripts/pyrsa-verify.exe for tasks to queue
[2025-03-29T17:23:06.352+0000] {logging_mixin.py:190} INFO - [2025-03-29T17:23:06.352+0000] {dagbag.py:588} INFO - Filling up the DagBag from /opt/airflow/dags/env/Scripts/pyrsa-verify.exe
[2025-03-29T17:23:06.363+0000] {logging_mixin.py:190} INFO - [2025-03-29T17:23:06.363+0000] {dagbag.py:435} INFO - File /opt/airflow/dags/env/Scripts/pyrsa-verify.exe:__main__.py assumed to contain no DAGs. Skipping.
[2025-03-29T17:23:06.364+0000] {processor.py:927} WARNING - No viable dags retrieved from /opt/airflow/dags/env/Scripts/pyrsa-verify.exe
[2025-03-29T17:23:06.388+0000] {processor.py:208} INFO - Processing /opt/airflow/dags/env/Scripts/pyrsa-verify.exe took 0.047 seconds
[2025-03-29T17:23:37.903+0000] {processor.py:186} INFO - Started process (PID=413) to work on /opt/airflow/dags/env/Scripts/pyrsa-verify.exe
[2025-03-29T17:23:37.905+0000] {processor.py:914} INFO - Processing file /opt/airflow/dags/env/Scripts/pyrsa-verify.exe for tasks to queue
[2025-03-29T17:23:37.908+0000] {logging_mixin.py:190} INFO - [2025-03-29T17:23:37.907+0000] {dagbag.py:588} INFO - Filling up the DagBag from /opt/airflow/dags/env/Scripts/pyrsa-verify.exe
[2025-03-29T17:23:37.924+0000] {logging_mixin.py:190} INFO - [2025-03-29T17:23:37.924+0000] {dagbag.py:435} INFO - File /opt/airflow/dags/env/Scripts/pyrsa-verify.exe:__main__.py assumed to contain no DAGs. Skipping.
[2025-03-29T17:23:37.926+0000] {processor.py:927} WARNING - No viable dags retrieved from /opt/airflow/dags/env/Scripts/pyrsa-verify.exe
[2025-03-29T17:23:37.952+0000] {processor.py:208} INFO - Processing /opt/airflow/dags/env/Scripts/pyrsa-verify.exe took 0.056 seconds
[2025-03-29T17:24:08.221+0000] {processor.py:186} INFO - Started process (PID=437) to work on /opt/airflow/dags/env/Scripts/pyrsa-verify.exe
[2025-03-29T17:24:08.223+0000] {processor.py:914} INFO - Processing file /opt/airflow/dags/env/Scripts/pyrsa-verify.exe for tasks to queue
[2025-03-29T17:24:08.226+0000] {logging_mixin.py:190} INFO - [2025-03-29T17:24:08.225+0000] {dagbag.py:588} INFO - Filling up the DagBag from /opt/airflow/dags/env/Scripts/pyrsa-verify.exe
[2025-03-29T17:24:08.238+0000] {logging_mixin.py:190} INFO - [2025-03-29T17:24:08.237+0000] {dagbag.py:435} INFO - File /opt/airflow/dags/env/Scripts/pyrsa-verify.exe:__main__.py assumed to contain no DAGs. Skipping.
[2025-03-29T17:24:08.238+0000] {processor.py:927} WARNING - No viable dags retrieved from /opt/airflow/dags/env/Scripts/pyrsa-verify.exe
[2025-03-29T17:24:08.263+0000] {processor.py:208} INFO - Processing /opt/airflow/dags/env/Scripts/pyrsa-verify.exe took 0.049 seconds
[2025-03-29T17:28:11.494+0000] {processor.py:186} INFO - Started process (PID=447) to work on /opt/airflow/dags/env/Scripts/pyrsa-verify.exe
[2025-03-29T17:28:11.506+0000] {processor.py:914} INFO - Processing file /opt/airflow/dags/env/Scripts/pyrsa-verify.exe for tasks to queue
[2025-03-29T17:28:11.511+0000] {logging_mixin.py:190} INFO - [2025-03-29T17:28:11.510+0000] {dagbag.py:588} INFO - Filling up the DagBag from /opt/airflow/dags/env/Scripts/pyrsa-verify.exe
[2025-03-29T17:28:11.530+0000] {logging_mixin.py:190} INFO - [2025-03-29T17:28:11.529+0000] {dagbag.py:435} INFO - File /opt/airflow/dags/env/Scripts/pyrsa-verify.exe:__main__.py assumed to contain no DAGs. Skipping.
[2025-03-29T17:28:11.532+0000] {processor.py:927} WARNING - No viable dags retrieved from /opt/airflow/dags/env/Scripts/pyrsa-verify.exe
[2025-03-29T17:28:11.584+0000] {processor.py:208} INFO - Processing /opt/airflow/dags/env/Scripts/pyrsa-verify.exe took 0.099 seconds
[2025-03-29T17:28:42.483+0000] {processor.py:186} INFO - Started process (PID=471) to work on /opt/airflow/dags/env/Scripts/pyrsa-verify.exe
[2025-03-29T17:28:42.484+0000] {processor.py:914} INFO - Processing file /opt/airflow/dags/env/Scripts/pyrsa-verify.exe for tasks to queue
[2025-03-29T17:28:42.487+0000] {logging_mixin.py:190} INFO - [2025-03-29T17:28:42.487+0000] {dagbag.py:588} INFO - Filling up the DagBag from /opt/airflow/dags/env/Scripts/pyrsa-verify.exe
[2025-03-29T17:28:42.498+0000] {logging_mixin.py:190} INFO - [2025-03-29T17:28:42.498+0000] {dagbag.py:435} INFO - File /opt/airflow/dags/env/Scripts/pyrsa-verify.exe:__main__.py assumed to contain no DAGs. Skipping.
[2025-03-29T17:28:42.499+0000] {processor.py:927} WARNING - No viable dags retrieved from /opt/airflow/dags/env/Scripts/pyrsa-verify.exe
[2025-03-29T17:28:42.523+0000] {processor.py:208} INFO - Processing /opt/airflow/dags/env/Scripts/pyrsa-verify.exe took 0.047 seconds
[2025-03-29T17:33:09.644+0000] {processor.py:186} INFO - Started process (PID=499) to work on /opt/airflow/dags/env/Scripts/pyrsa-verify.exe
[2025-03-29T17:33:09.646+0000] {processor.py:914} INFO - Processing file /opt/airflow/dags/env/Scripts/pyrsa-verify.exe for tasks to queue
[2025-03-29T17:33:09.649+0000] {logging_mixin.py:190} INFO - [2025-03-29T17:33:09.649+0000] {dagbag.py:588} INFO - Filling up the DagBag from /opt/airflow/dags/env/Scripts/pyrsa-verify.exe
[2025-03-29T17:33:09.662+0000] {logging_mixin.py:190} INFO - [2025-03-29T17:33:09.662+0000] {dagbag.py:435} INFO - File /opt/airflow/dags/env/Scripts/pyrsa-verify.exe:__main__.py assumed to contain no DAGs. Skipping.
[2025-03-29T17:33:09.663+0000] {processor.py:927} WARNING - No viable dags retrieved from /opt/airflow/dags/env/Scripts/pyrsa-verify.exe
[2025-03-29T17:33:09.687+0000] {processor.py:208} INFO - Processing /opt/airflow/dags/env/Scripts/pyrsa-verify.exe took 0.050 seconds
[2025-03-29T17:33:41.266+0000] {processor.py:186} INFO - Started process (PID=523) to work on /opt/airflow/dags/env/Scripts/pyrsa-verify.exe
[2025-03-29T17:33:41.267+0000] {processor.py:914} INFO - Processing file /opt/airflow/dags/env/Scripts/pyrsa-verify.exe for tasks to queue
[2025-03-29T17:33:41.270+0000] {logging_mixin.py:190} INFO - [2025-03-29T17:33:41.270+0000] {dagbag.py:588} INFO - Filling up the DagBag from /opt/airflow/dags/env/Scripts/pyrsa-verify.exe
[2025-03-29T17:33:41.282+0000] {logging_mixin.py:190} INFO - [2025-03-29T17:33:41.282+0000] {dagbag.py:435} INFO - File /opt/airflow/dags/env/Scripts/pyrsa-verify.exe:__main__.py assumed to contain no DAGs. Skipping.
[2025-03-29T17:33:41.283+0000] {processor.py:927} WARNING - No viable dags retrieved from /opt/airflow/dags/env/Scripts/pyrsa-verify.exe
[2025-03-29T17:33:41.308+0000] {processor.py:208} INFO - Processing /opt/airflow/dags/env/Scripts/pyrsa-verify.exe took 0.050 seconds
[2025-03-29T17:38:07.641+0000] {processor.py:186} INFO - Started process (PID=553) to work on /opt/airflow/dags/env/Scripts/pyrsa-verify.exe
[2025-03-29T17:38:07.643+0000] {processor.py:914} INFO - Processing file /opt/airflow/dags/env/Scripts/pyrsa-verify.exe for tasks to queue
[2025-03-29T17:38:07.646+0000] {logging_mixin.py:190} INFO - [2025-03-29T17:38:07.646+0000] {dagbag.py:588} INFO - Filling up the DagBag from /opt/airflow/dags/env/Scripts/pyrsa-verify.exe
[2025-03-29T17:38:07.664+0000] {logging_mixin.py:190} INFO - [2025-03-29T17:38:07.663+0000] {dagbag.py:435} INFO - File /opt/airflow/dags/env/Scripts/pyrsa-verify.exe:__main__.py assumed to contain no DAGs. Skipping.
[2025-03-29T17:38:07.665+0000] {processor.py:927} WARNING - No viable dags retrieved from /opt/airflow/dags/env/Scripts/pyrsa-verify.exe
[2025-03-29T17:38:07.695+0000] {processor.py:208} INFO - Processing /opt/airflow/dags/env/Scripts/pyrsa-verify.exe took 0.062 seconds
[2025-03-29T17:38:38.103+0000] {processor.py:186} INFO - Started process (PID=577) to work on /opt/airflow/dags/env/Scripts/pyrsa-verify.exe
[2025-03-29T17:38:38.105+0000] {processor.py:914} INFO - Processing file /opt/airflow/dags/env/Scripts/pyrsa-verify.exe for tasks to queue
[2025-03-29T17:38:38.110+0000] {logging_mixin.py:190} INFO - [2025-03-29T17:38:38.109+0000] {dagbag.py:588} INFO - Filling up the DagBag from /opt/airflow/dags/env/Scripts/pyrsa-verify.exe
[2025-03-29T17:38:38.125+0000] {logging_mixin.py:190} INFO - [2025-03-29T17:38:38.124+0000] {dagbag.py:435} INFO - File /opt/airflow/dags/env/Scripts/pyrsa-verify.exe:__main__.py assumed to contain no DAGs. Skipping.
[2025-03-29T17:38:38.126+0000] {processor.py:927} WARNING - No viable dags retrieved from /opt/airflow/dags/env/Scripts/pyrsa-verify.exe
[2025-03-29T17:38:38.165+0000] {processor.py:208} INFO - Processing /opt/airflow/dags/env/Scripts/pyrsa-verify.exe took 0.074 seconds
[2025-03-29T17:39:09.068+0000] {processor.py:186} INFO - Started process (PID=601) to work on /opt/airflow/dags/env/Scripts/pyrsa-verify.exe
[2025-03-29T17:39:09.069+0000] {processor.py:914} INFO - Processing file /opt/airflow/dags/env/Scripts/pyrsa-verify.exe for tasks to queue
[2025-03-29T17:39:09.073+0000] {logging_mixin.py:190} INFO - [2025-03-29T17:39:09.073+0000] {dagbag.py:588} INFO - Filling up the DagBag from /opt/airflow/dags/env/Scripts/pyrsa-verify.exe
[2025-03-29T17:39:09.090+0000] {logging_mixin.py:190} INFO - [2025-03-29T17:39:09.090+0000] {dagbag.py:435} INFO - File /opt/airflow/dags/env/Scripts/pyrsa-verify.exe:__main__.py assumed to contain no DAGs. Skipping.
[2025-03-29T17:39:09.091+0000] {processor.py:927} WARNING - No viable dags retrieved from /opt/airflow/dags/env/Scripts/pyrsa-verify.exe
[2025-03-29T17:39:09.118+0000] {processor.py:208} INFO - Processing /opt/airflow/dags/env/Scripts/pyrsa-verify.exe took 0.059 seconds
[2025-03-29T17:43:07.957+0000] {processor.py:186} INFO - Started process (PID=609) to work on /opt/airflow/dags/env/Scripts/pyrsa-verify.exe
[2025-03-29T17:43:07.959+0000] {processor.py:914} INFO - Processing file /opt/airflow/dags/env/Scripts/pyrsa-verify.exe for tasks to queue
[2025-03-29T17:43:07.962+0000] {logging_mixin.py:190} INFO - [2025-03-29T17:43:07.961+0000] {dagbag.py:588} INFO - Filling up the DagBag from /opt/airflow/dags/env/Scripts/pyrsa-verify.exe
[2025-03-29T17:43:07.974+0000] {logging_mixin.py:190} INFO - [2025-03-29T17:43:07.974+0000] {dagbag.py:435} INFO - File /opt/airflow/dags/env/Scripts/pyrsa-verify.exe:__main__.py assumed to contain no DAGs. Skipping.
[2025-03-29T17:43:07.976+0000] {processor.py:927} WARNING - No viable dags retrieved from /opt/airflow/dags/env/Scripts/pyrsa-verify.exe
[2025-03-29T17:43:08.000+0000] {processor.py:208} INFO - Processing /opt/airflow/dags/env/Scripts/pyrsa-verify.exe took 0.050 seconds
[2025-03-29T17:43:39.566+0000] {processor.py:186} INFO - Started process (PID=633) to work on /opt/airflow/dags/env/Scripts/pyrsa-verify.exe
[2025-03-29T17:43:39.567+0000] {processor.py:914} INFO - Processing file /opt/airflow/dags/env/Scripts/pyrsa-verify.exe for tasks to queue
[2025-03-29T17:43:39.573+0000] {logging_mixin.py:190} INFO - [2025-03-29T17:43:39.572+0000] {dagbag.py:588} INFO - Filling up the DagBag from /opt/airflow/dags/env/Scripts/pyrsa-verify.exe
[2025-03-29T17:43:39.587+0000] {logging_mixin.py:190} INFO - [2025-03-29T17:43:39.587+0000] {dagbag.py:435} INFO - File /opt/airflow/dags/env/Scripts/pyrsa-verify.exe:__main__.py assumed to contain no DAGs. Skipping.
[2025-03-29T17:43:39.588+0000] {processor.py:927} WARNING - No viable dags retrieved from /opt/airflow/dags/env/Scripts/pyrsa-verify.exe
[2025-03-29T17:43:39.609+0000] {processor.py:208} INFO - Processing /opt/airflow/dags/env/Scripts/pyrsa-verify.exe took 0.049 seconds
[2025-03-29T17:44:10.881+0000] {processor.py:186} INFO - Started process (PID=657) to work on /opt/airflow/dags/env/Scripts/pyrsa-verify.exe
[2025-03-29T17:44:10.883+0000] {processor.py:914} INFO - Processing file /opt/airflow/dags/env/Scripts/pyrsa-verify.exe for tasks to queue
[2025-03-29T17:44:10.886+0000] {logging_mixin.py:190} INFO - [2025-03-29T17:44:10.885+0000] {dagbag.py:588} INFO - Filling up the DagBag from /opt/airflow/dags/env/Scripts/pyrsa-verify.exe
[2025-03-29T17:44:10.899+0000] {logging_mixin.py:190} INFO - [2025-03-29T17:44:10.899+0000] {dagbag.py:435} INFO - File /opt/airflow/dags/env/Scripts/pyrsa-verify.exe:__main__.py assumed to contain no DAGs. Skipping.
[2025-03-29T17:44:10.900+0000] {processor.py:927} WARNING - No viable dags retrieved from /opt/airflow/dags/env/Scripts/pyrsa-verify.exe
[2025-03-29T17:44:10.924+0000] {processor.py:208} INFO - Processing /opt/airflow/dags/env/Scripts/pyrsa-verify.exe took 0.051 seconds
[2025-03-29T17:48:11.184+0000] {processor.py:186} INFO - Started process (PID=664) to work on /opt/airflow/dags/env/Scripts/pyrsa-verify.exe
[2025-03-29T17:48:11.185+0000] {processor.py:914} INFO - Processing file /opt/airflow/dags/env/Scripts/pyrsa-verify.exe for tasks to queue
[2025-03-29T17:48:11.188+0000] {logging_mixin.py:190} INFO - [2025-03-29T17:48:11.188+0000] {dagbag.py:588} INFO - Filling up the DagBag from /opt/airflow/dags/env/Scripts/pyrsa-verify.exe
[2025-03-29T17:48:11.201+0000] {logging_mixin.py:190} INFO - [2025-03-29T17:48:11.201+0000] {dagbag.py:435} INFO - File /opt/airflow/dags/env/Scripts/pyrsa-verify.exe:__main__.py assumed to contain no DAGs. Skipping.
[2025-03-29T17:48:11.202+0000] {processor.py:927} WARNING - No viable dags retrieved from /opt/airflow/dags/env/Scripts/pyrsa-verify.exe
[2025-03-29T17:48:11.225+0000] {processor.py:208} INFO - Processing /opt/airflow/dags/env/Scripts/pyrsa-verify.exe took 0.048 seconds
[2025-03-29T17:48:42.745+0000] {processor.py:186} INFO - Started process (PID=688) to work on /opt/airflow/dags/env/Scripts/pyrsa-verify.exe
[2025-03-29T17:48:42.747+0000] {processor.py:914} INFO - Processing file /opt/airflow/dags/env/Scripts/pyrsa-verify.exe for tasks to queue
[2025-03-29T17:48:42.750+0000] {logging_mixin.py:190} INFO - [2025-03-29T17:48:42.749+0000] {dagbag.py:588} INFO - Filling up the DagBag from /opt/airflow/dags/env/Scripts/pyrsa-verify.exe
[2025-03-29T17:48:42.774+0000] {logging_mixin.py:190} INFO - [2025-03-29T17:48:42.773+0000] {dagbag.py:435} INFO - File /opt/airflow/dags/env/Scripts/pyrsa-verify.exe:__main__.py assumed to contain no DAGs. Skipping.
[2025-03-29T17:48:42.775+0000] {processor.py:927} WARNING - No viable dags retrieved from /opt/airflow/dags/env/Scripts/pyrsa-verify.exe
[2025-03-29T17:48:42.821+0000] {processor.py:208} INFO - Processing /opt/airflow/dags/env/Scripts/pyrsa-verify.exe took 0.086 seconds
[2025-03-29T17:53:12.928+0000] {processor.py:186} INFO - Started process (PID=717) to work on /opt/airflow/dags/env/Scripts/pyrsa-verify.exe
[2025-03-29T17:53:12.929+0000] {processor.py:914} INFO - Processing file /opt/airflow/dags/env/Scripts/pyrsa-verify.exe for tasks to queue
[2025-03-29T17:53:12.932+0000] {logging_mixin.py:190} INFO - [2025-03-29T17:53:12.932+0000] {dagbag.py:588} INFO - Filling up the DagBag from /opt/airflow/dags/env/Scripts/pyrsa-verify.exe
[2025-03-29T17:53:12.945+0000] {logging_mixin.py:190} INFO - [2025-03-29T17:53:12.945+0000] {dagbag.py:435} INFO - File /opt/airflow/dags/env/Scripts/pyrsa-verify.exe:__main__.py assumed to contain no DAGs. Skipping.
[2025-03-29T17:53:12.946+0000] {processor.py:927} WARNING - No viable dags retrieved from /opt/airflow/dags/env/Scripts/pyrsa-verify.exe
[2025-03-29T17:53:12.970+0000] {processor.py:208} INFO - Processing /opt/airflow/dags/env/Scripts/pyrsa-verify.exe took 0.049 seconds
[2025-03-29T17:53:44.347+0000] {processor.py:186} INFO - Started process (PID=741) to work on /opt/airflow/dags/env/Scripts/pyrsa-verify.exe
[2025-03-29T17:53:44.348+0000] {processor.py:914} INFO - Processing file /opt/airflow/dags/env/Scripts/pyrsa-verify.exe for tasks to queue
[2025-03-29T17:53:44.351+0000] {logging_mixin.py:190} INFO - [2025-03-29T17:53:44.350+0000] {dagbag.py:588} INFO - Filling up the DagBag from /opt/airflow/dags/env/Scripts/pyrsa-verify.exe
[2025-03-29T17:53:44.363+0000] {logging_mixin.py:190} INFO - [2025-03-29T17:53:44.362+0000] {dagbag.py:435} INFO - File /opt/airflow/dags/env/Scripts/pyrsa-verify.exe:__main__.py assumed to contain no DAGs. Skipping.
[2025-03-29T17:53:44.364+0000] {processor.py:927} WARNING - No viable dags retrieved from /opt/airflow/dags/env/Scripts/pyrsa-verify.exe
[2025-03-29T17:53:44.387+0000] {processor.py:208} INFO - Processing /opt/airflow/dags/env/Scripts/pyrsa-verify.exe took 0.047 seconds
[2025-03-29T17:58:14.439+0000] {processor.py:186} INFO - Started process (PID=769) to work on /opt/airflow/dags/env/Scripts/pyrsa-verify.exe
[2025-03-29T17:58:14.441+0000] {processor.py:914} INFO - Processing file /opt/airflow/dags/env/Scripts/pyrsa-verify.exe for tasks to queue
[2025-03-29T17:58:14.444+0000] {logging_mixin.py:190} INFO - [2025-03-29T17:58:14.443+0000] {dagbag.py:588} INFO - Filling up the DagBag from /opt/airflow/dags/env/Scripts/pyrsa-verify.exe
[2025-03-29T17:58:14.456+0000] {logging_mixin.py:190} INFO - [2025-03-29T17:58:14.455+0000] {dagbag.py:435} INFO - File /opt/airflow/dags/env/Scripts/pyrsa-verify.exe:__main__.py assumed to contain no DAGs. Skipping.
[2025-03-29T17:58:14.456+0000] {processor.py:927} WARNING - No viable dags retrieved from /opt/airflow/dags/env/Scripts/pyrsa-verify.exe
[2025-03-29T17:58:14.481+0000] {processor.py:208} INFO - Processing /opt/airflow/dags/env/Scripts/pyrsa-verify.exe took 0.049 seconds
[2025-03-29T17:58:45.806+0000] {processor.py:186} INFO - Started process (PID=793) to work on /opt/airflow/dags/env/Scripts/pyrsa-verify.exe
[2025-03-29T17:58:45.808+0000] {processor.py:914} INFO - Processing file /opt/airflow/dags/env/Scripts/pyrsa-verify.exe for tasks to queue
[2025-03-29T17:58:45.813+0000] {logging_mixin.py:190} INFO - [2025-03-29T17:58:45.813+0000] {dagbag.py:588} INFO - Filling up the DagBag from /opt/airflow/dags/env/Scripts/pyrsa-verify.exe
[2025-03-29T17:58:45.835+0000] {logging_mixin.py:190} INFO - [2025-03-29T17:58:45.835+0000] {dagbag.py:435} INFO - File /opt/airflow/dags/env/Scripts/pyrsa-verify.exe:__main__.py assumed to contain no DAGs. Skipping.
[2025-03-29T17:58:45.836+0000] {processor.py:927} WARNING - No viable dags retrieved from /opt/airflow/dags/env/Scripts/pyrsa-verify.exe
[2025-03-29T17:58:45.864+0000] {processor.py:208} INFO - Processing /opt/airflow/dags/env/Scripts/pyrsa-verify.exe took 0.076 seconds
[2025-03-29T18:40:39.332+0000] {processor.py:186} INFO - Started process (PID=821) to work on /opt/airflow/dags/env/Scripts/pyrsa-verify.exe
[2025-03-29T18:40:39.333+0000] {processor.py:914} INFO - Processing file /opt/airflow/dags/env/Scripts/pyrsa-verify.exe for tasks to queue
[2025-03-29T18:40:39.337+0000] {logging_mixin.py:190} INFO - [2025-03-29T18:40:39.336+0000] {dagbag.py:588} INFO - Filling up the DagBag from /opt/airflow/dags/env/Scripts/pyrsa-verify.exe
[2025-03-29T18:40:39.352+0000] {logging_mixin.py:190} INFO - [2025-03-29T18:40:39.352+0000] {dagbag.py:435} INFO - File /opt/airflow/dags/env/Scripts/pyrsa-verify.exe:__main__.py assumed to contain no DAGs. Skipping.
[2025-03-29T18:40:39.353+0000] {processor.py:927} WARNING - No viable dags retrieved from /opt/airflow/dags/env/Scripts/pyrsa-verify.exe
[2025-03-29T18:40:39.378+0000] {processor.py:208} INFO - Processing /opt/airflow/dags/env/Scripts/pyrsa-verify.exe took 0.053 seconds
[2025-03-29T18:41:09.571+0000] {processor.py:186} INFO - Started process (PID=845) to work on /opt/airflow/dags/env/Scripts/pyrsa-verify.exe
[2025-03-29T18:41:09.573+0000] {processor.py:914} INFO - Processing file /opt/airflow/dags/env/Scripts/pyrsa-verify.exe for tasks to queue
[2025-03-29T18:41:09.577+0000] {logging_mixin.py:190} INFO - [2025-03-29T18:41:09.576+0000] {dagbag.py:588} INFO - Filling up the DagBag from /opt/airflow/dags/env/Scripts/pyrsa-verify.exe
[2025-03-29T18:41:09.590+0000] {logging_mixin.py:190} INFO - [2025-03-29T18:41:09.590+0000] {dagbag.py:435} INFO - File /opt/airflow/dags/env/Scripts/pyrsa-verify.exe:__main__.py assumed to contain no DAGs. Skipping.
[2025-03-29T18:41:09.591+0000] {processor.py:927} WARNING - No viable dags retrieved from /opt/airflow/dags/env/Scripts/pyrsa-verify.exe
[2025-03-29T18:41:09.616+0000] {processor.py:208} INFO - Processing /opt/airflow/dags/env/Scripts/pyrsa-verify.exe took 0.052 seconds
[2025-03-29T19:32:50.233+0000] {processor.py:186} INFO - Started process (PID=857) to work on /opt/airflow/dags/env/Scripts/pyrsa-verify.exe
[2025-03-29T19:32:50.235+0000] {processor.py:914} INFO - Processing file /opt/airflow/dags/env/Scripts/pyrsa-verify.exe for tasks to queue
[2025-03-29T19:32:50.241+0000] {logging_mixin.py:190} INFO - [2025-03-29T19:32:50.240+0000] {dagbag.py:588} INFO - Filling up the DagBag from /opt/airflow/dags/env/Scripts/pyrsa-verify.exe
[2025-03-29T19:32:50.262+0000] {logging_mixin.py:190} INFO - [2025-03-29T19:32:50.262+0000] {dagbag.py:435} INFO - File /opt/airflow/dags/env/Scripts/pyrsa-verify.exe:__main__.py assumed to contain no DAGs. Skipping.
[2025-03-29T19:32:50.264+0000] {processor.py:927} WARNING - No viable dags retrieved from /opt/airflow/dags/env/Scripts/pyrsa-verify.exe
[2025-03-29T19:32:50.324+0000] {processor.py:208} INFO - Processing /opt/airflow/dags/env/Scripts/pyrsa-verify.exe took 0.107 seconds
[2025-03-29T21:05:50.250+0000] {processor.py:186} INFO - Started process (PID=881) to work on /opt/airflow/dags/env/Scripts/pyrsa-verify.exe
[2025-03-29T21:05:50.251+0000] {processor.py:914} INFO - Processing file /opt/airflow/dags/env/Scripts/pyrsa-verify.exe for tasks to queue
[2025-03-29T21:05:50.255+0000] {logging_mixin.py:190} INFO - [2025-03-29T21:05:50.255+0000] {dagbag.py:588} INFO - Filling up the DagBag from /opt/airflow/dags/env/Scripts/pyrsa-verify.exe
[2025-03-29T21:05:50.266+0000] {logging_mixin.py:190} INFO - [2025-03-29T21:05:50.266+0000] {dagbag.py:435} INFO - File /opt/airflow/dags/env/Scripts/pyrsa-verify.exe:__main__.py assumed to contain no DAGs. Skipping.
[2025-03-29T21:05:50.267+0000] {processor.py:927} WARNING - No viable dags retrieved from /opt/airflow/dags/env/Scripts/pyrsa-verify.exe
[2025-03-29T21:05:50.290+0000] {processor.py:208} INFO - Processing /opt/airflow/dags/env/Scripts/pyrsa-verify.exe took 0.047 seconds
[2025-03-29T21:57:04.406+0000] {processor.py:186} INFO - Started process (PID=900) to work on /opt/airflow/dags/env/Scripts/pyrsa-verify.exe
[2025-03-29T21:57:04.408+0000] {processor.py:914} INFO - Processing file /opt/airflow/dags/env/Scripts/pyrsa-verify.exe for tasks to queue
[2025-03-29T21:57:04.414+0000] {logging_mixin.py:190} INFO - [2025-03-29T21:57:04.413+0000] {dagbag.py:588} INFO - Filling up the DagBag from /opt/airflow/dags/env/Scripts/pyrsa-verify.exe
[2025-03-29T21:57:04.450+0000] {logging_mixin.py:190} INFO - [2025-03-29T21:57:04.450+0000] {dagbag.py:435} INFO - File /opt/airflow/dags/env/Scripts/pyrsa-verify.exe:__main__.py assumed to contain no DAGs. Skipping.
[2025-03-29T21:57:04.453+0000] {processor.py:927} WARNING - No viable dags retrieved from /opt/airflow/dags/env/Scripts/pyrsa-verify.exe
[2025-03-29T21:57:04.503+0000] {processor.py:208} INFO - Processing /opt/airflow/dags/env/Scripts/pyrsa-verify.exe took 0.114 seconds
