[2025-03-31T07:57:23.616+0000] {local_task_job_runner.py:123} INFO - ::group::Pre task execution logs
[2025-03-31T07:57:23.749+0000] {taskinstance.py:2614} INFO - Dependencies all met for dep_context=non-requeueable deps ti=<TaskInstance: ELT_google_playstore_review.transform_table scheduled__2025-03-30T00:00:00+00:00 [queued]>
[2025-03-31T07:57:23.813+0000] {taskinstance.py:2614} INFO - Dependencies all met for dep_context=requeueable deps ti=<TaskInstance: ELT_google_playstore_review.transform_table scheduled__2025-03-30T00:00:00+00:00 [queued]>
[2025-03-31T07:57:23.814+0000] {taskinstance.py:2867} INFO - Starting attempt 2 of 4
[2025-03-31T07:57:23.936+0000] {taskinstance.py:2890} INFO - Executing <Task(BashOperator): transform_table> on 2025-03-30 00:00:00+00:00
[2025-03-31T07:57:23.964+0000] {standard_task_runner.py:104} INFO - Running: ['airflow', 'tasks', 'run', 'ELT_google_playstore_review', 'transform_table', 'scheduled__2025-03-30T00:00:00+00:00', '--job-id', '69', '--raw', '--subdir', 'DAGS_FOLDER/bigquery.py', '--cfg-path', '/tmp/tmplzs9315c']
[2025-03-31T07:57:23.984+0000] {standard_task_runner.py:105} INFO - Job 69: Subtask transform_table
[2025-03-31T07:57:24.003+0000] {logging_mixin.py:190} WARNING - /home/airflow/.local/lib/python3.12/site-packages/airflow/task/task_runner/standard_task_runner.py:70 DeprecationWarning: This process (pid=8000) is multi-threaded, use of fork() may lead to deadlocks in the child.
[2025-03-31T07:57:24.016+0000] {standard_task_runner.py:72} INFO - Started process 8006 to run task
[2025-03-31T07:57:24.326+0000] {task_command.py:467} INFO - Running <TaskInstance: ELT_google_playstore_review.transform_table scheduled__2025-03-30T00:00:00+00:00 [running]> on host bcc3d85ef1af
[2025-03-31T07:57:24.847+0000] {taskinstance.py:3134} INFO - Exporting env vars: AIRFLOW_CTX_DAG_OWNER='airflow' AIRFLOW_CTX_DAG_ID='ELT_google_playstore_review' AIRFLOW_CTX_TASK_ID='transform_table' AIRFLOW_CTX_EXECUTION_DATE='2025-03-30T00:00:00+00:00' AIRFLOW_CTX_TRY_NUMBER='2' AIRFLOW_CTX_DAG_RUN_ID='scheduled__2025-03-30T00:00:00+00:00'
[2025-03-31T07:57:24.855+0000] {taskinstance.py:732} INFO - ::endgroup::
[2025-03-31T07:57:24.968+0000] {subprocess.py:78} INFO - Tmp dir root location: /tmp
[2025-03-31T07:57:24.970+0000] {subprocess.py:88} INFO - Running command: ['/usr/bin/bash', '-c', 'dbt run --select core_transform --profiles-dir /opt/airflow/dags --project-dir /opt/airflow/dags']
[2025-03-31T07:57:25.032+0000] {subprocess.py:99} INFO - Output:
[2025-03-31T07:57:42.519+0000] {subprocess.py:106} INFO - [0m07:57:42  Running with dbt=1.9.3
[2025-03-31T07:57:48.167+0000] {subprocess.py:106} INFO - [0m07:57:48  Registered adapter: bigquery=1.9.1
[2025-03-31T07:57:50.589+0000] {subprocess.py:106} INFO - [0m07:57:50  [[33mWARNING[0m]: Configuration paths exist in your dbt_project.yml file which do not apply to any resources.
[2025-03-31T07:57:50.590+0000] {subprocess.py:106} INFO - There are 2 unused configuration paths:
[2025-03-31T07:57:50.591+0000] {subprocess.py:106} INFO - - models.staging
[2025-03-31T07:57:50.592+0000] {subprocess.py:106} INFO - - models.marts
[2025-03-31T07:57:51.431+0000] {subprocess.py:106} INFO - [0m07:57:51  Found 4 models, 3 data tests, 491 macros
[2025-03-31T07:57:51.441+0000] {subprocess.py:106} INFO - [0m07:57:51
[2025-03-31T07:57:51.443+0000] {subprocess.py:106} INFO - [0m07:57:51  Concurrency: 4 threads (target='dev')
[2025-03-31T07:57:51.445+0000] {subprocess.py:106} INFO - [0m07:57:51
[2025-03-31T07:57:53.291+0000] {subprocess.py:106} INFO - [0m07:57:53  1 of 1 START sql table model review_google_playstore.core_transform ............ [RUN]
[2025-03-31T07:57:57.711+0000] {subprocess.py:106} INFO - [0m07:57:57  1 of 1 OK created sql table model review_google_playstore.core_transform ....... [[32mCREATE TABLE (200.0 rows, 26.7 KiB processed)[0m in 4.40s]
[2025-03-31T07:57:57.935+0000] {subprocess.py:106} INFO - [0m07:57:57
[2025-03-31T07:57:57.937+0000] {subprocess.py:106} INFO - [0m07:57:57  Finished running 1 table model in 0 hours 0 minutes and 6.49 seconds (6.49s).
[2025-03-31T07:57:58.380+0000] {subprocess.py:106} INFO - [0m07:57:58
[2025-03-31T07:57:58.382+0000] {subprocess.py:106} INFO - [0m07:57:58  [32mCompleted successfully[0m
[2025-03-31T07:57:58.384+0000] {subprocess.py:106} INFO - [0m07:57:58
[2025-03-31T07:57:58.390+0000] {subprocess.py:106} INFO - [0m07:57:58  Done. PASS=1 WARN=0 ERROR=0 SKIP=0 TOTAL=1
[2025-03-31T07:58:01.258+0000] {subprocess.py:110} INFO - Command exited with return code 0
[2025-03-31T07:58:01.429+0000] {taskinstance.py:341} INFO - ::group::Post task execution logs
[2025-03-31T07:58:01.431+0000] {taskinstance.py:353} INFO - Marking task as SUCCESS. dag_id=ELT_google_playstore_review, task_id=transform_table, run_id=scheduled__2025-03-30T00:00:00+00:00, execution_date=20250330T000000, start_date=20250331T075723, end_date=20250331T075801
[2025-03-31T07:58:01.630+0000] {local_task_job_runner.py:266} INFO - Task exited with return code 0
[2025-03-31T07:58:01.678+0000] {taskinstance.py:3901} INFO - 0 downstream tasks scheduled from follow-on schedule check
[2025-03-31T07:58:01.681+0000] {local_task_job_runner.py:245} INFO - ::endgroup::
