[2025-03-31T07:43:12.211+0000] {local_task_job_runner.py:123} INFO - ::group::Pre task execution logs
[2025-03-31T07:43:12.339+0000] {taskinstance.py:2614} INFO - Dependencies all met for dep_context=non-requeueable deps ti=<TaskInstance: ELT_google_playstore_review.transform_table scheduled__2025-03-30T00:00:00+00:00 [queued]>
[2025-03-31T07:43:12.409+0000] {taskinstance.py:2614} INFO - Dependencies all met for dep_context=requeueable deps ti=<TaskInstance: ELT_google_playstore_review.transform_table scheduled__2025-03-30T00:00:00+00:00 [queued]>
[2025-03-31T07:43:12.418+0000] {taskinstance.py:2867} INFO - Starting attempt 1 of 4
[2025-03-31T07:43:12.596+0000] {taskinstance.py:2890} INFO - Executing <Task(BashOperator): transform_table> on 2025-03-30 00:00:00+00:00
[2025-03-31T07:43:12.613+0000] {standard_task_runner.py:104} INFO - Running: ['airflow', 'tasks', 'run', 'ELT_google_playstore_review', 'transform_table', 'scheduled__2025-03-30T00:00:00+00:00', '--job-id', '63', '--raw', '--subdir', 'DAGS_FOLDER/bigquery.py', '--cfg-path', '/tmp/tmprx_4s62i']
[2025-03-31T07:43:12.629+0000] {standard_task_runner.py:105} INFO - Job 63: Subtask transform_table
[2025-03-31T07:43:12.652+0000] {logging_mixin.py:190} WARNING - /home/airflow/.local/lib/python3.12/site-packages/airflow/task/task_runner/standard_task_runner.py:70 DeprecationWarning: This process (pid=7861) is multi-threaded, use of fork() may lead to deadlocks in the child.
[2025-03-31T07:43:12.667+0000] {standard_task_runner.py:72} INFO - Started process 7867 to run task
[2025-03-31T07:43:12.922+0000] {task_command.py:467} INFO - Running <TaskInstance: ELT_google_playstore_review.transform_table scheduled__2025-03-30T00:00:00+00:00 [running]> on host bcc3d85ef1af
[2025-03-31T07:43:13.449+0000] {taskinstance.py:3134} INFO - Exporting env vars: AIRFLOW_CTX_DAG_OWNER='airflow' AIRFLOW_CTX_DAG_ID='ELT_google_playstore_review' AIRFLOW_CTX_TASK_ID='transform_table' AIRFLOW_CTX_EXECUTION_DATE='2025-03-30T00:00:00+00:00' AIRFLOW_CTX_TRY_NUMBER='1' AIRFLOW_CTX_DAG_RUN_ID='scheduled__2025-03-30T00:00:00+00:00'
[2025-03-31T07:43:13.452+0000] {taskinstance.py:732} INFO - ::endgroup::
[2025-03-31T07:43:13.540+0000] {subprocess.py:78} INFO - Tmp dir root location: /tmp
[2025-03-31T07:43:13.544+0000] {subprocess.py:88} INFO - Running command: ['/usr/bin/bash', '-c', 'dbt run --select core_transform --profiles-dir /opt/airflow/dags --project-dir /opt/airflow/dags']
[2025-03-31T07:43:13.618+0000] {subprocess.py:99} INFO - Output:
[2025-03-31T07:43:34.239+0000] {subprocess.py:106} INFO - [0m07:43:34  Running with dbt=1.9.3
[2025-03-31T07:43:44.127+0000] {subprocess.py:106} INFO - [0m07:43:44  Registered adapter: bigquery=1.9.1
[2025-03-31T07:43:47.137+0000] {subprocess.py:106} INFO - [0m07:43:47  [[33mWARNING[0m]: Configuration paths exist in your dbt_project.yml file which do not apply to any resources.
[2025-03-31T07:43:47.138+0000] {subprocess.py:106} INFO - There are 2 unused configuration paths:
[2025-03-31T07:43:47.139+0000] {subprocess.py:106} INFO - - models.marts
[2025-03-31T07:43:47.140+0000] {subprocess.py:106} INFO - - models.staging
[2025-03-31T07:43:48.606+0000] {subprocess.py:106} INFO - [0m07:43:48  Found 4 models, 3 data tests, 491 macros
[2025-03-31T07:43:48.616+0000] {subprocess.py:106} INFO - [0m07:43:48
[2025-03-31T07:43:48.632+0000] {subprocess.py:106} INFO - [0m07:43:48  Concurrency: 4 threads (target='dev')
[2025-03-31T07:43:48.651+0000] {subprocess.py:106} INFO - [0m07:43:48
[2025-03-31T07:44:00.154+0000] {subprocess.py:106} INFO - [0m07:44:00
[2025-03-31T07:44:00.156+0000] {subprocess.py:106} INFO - [0m07:44:00  Finished running  in 0 hours 0 minutes and 11.50 seconds (11.50s).
[2025-03-31T07:44:00.171+0000] {subprocess.py:106} INFO - [0m07:44:00  Encountered an error:
[2025-03-31T07:44:00.172+0000] {subprocess.py:106} INFO - Runtime Error
[2025-03-31T07:44:00.174+0000] {subprocess.py:106} INFO -   ('Connection aborted.', RemoteDisconnected('Remote end closed connection without response'))
[2025-03-31T07:44:05.977+0000] {subprocess.py:110} INFO - Command exited with return code 2
[2025-03-31T07:44:06.030+0000] {taskinstance.py:3313} ERROR - Task failed with exception
Traceback (most recent call last):
  File "/home/airflow/.local/lib/python3.12/site-packages/airflow/models/taskinstance.py", line 768, in _execute_task
    result = _execute_callable(context=context, **execute_callable_kwargs)
             ^^^^^^^^^^^^^^^^^^^^^^^^^^^^^^^^^^^^^^^^^^^^^^^^^^^^^^^^^^^^^
  File "/home/airflow/.local/lib/python3.12/site-packages/airflow/models/taskinstance.py", line 734, in _execute_callable
    return ExecutionCallableRunner(
           ^^^^^^^^^^^^^^^^^^^^^^^^
  File "/home/airflow/.local/lib/python3.12/site-packages/airflow/utils/operator_helpers.py", line 252, in run
    return self.func(*args, **kwargs)
           ^^^^^^^^^^^^^^^^^^^^^^^^^^
  File "/home/airflow/.local/lib/python3.12/site-packages/airflow/models/baseoperator.py", line 424, in wrapper
    return func(self, *args, **kwargs)
           ^^^^^^^^^^^^^^^^^^^^^^^^^^^
  File "/home/airflow/.local/lib/python3.12/site-packages/airflow/operators/bash.py", line 276, in execute
    raise AirflowException(
airflow.exceptions.AirflowException: Bash command failed. The command returned a non-zero exit code 2.
[2025-03-31T07:44:06.081+0000] {taskinstance.py:1226} INFO - Marking task as UP_FOR_RETRY. dag_id=ELT_google_playstore_review, task_id=transform_table, run_id=scheduled__2025-03-30T00:00:00+00:00, execution_date=20250330T000000, start_date=20250331T074312, end_date=20250331T074406
[2025-03-31T07:44:06.304+0000] {taskinstance.py:341} INFO - ::group::Post task execution logs
[2025-03-31T07:44:06.306+0000] {standard_task_runner.py:124} ERROR - Failed to execute job 63 for task transform_table (Bash command failed. The command returned a non-zero exit code 2.; 7867)
Traceback (most recent call last):
  File "/home/airflow/.local/lib/python3.12/site-packages/airflow/task/task_runner/standard_task_runner.py", line 117, in _start_by_fork
    ret = args.func(args, dag=self.dag)
          ^^^^^^^^^^^^^^^^^^^^^^^^^^^^^
  File "/home/airflow/.local/lib/python3.12/site-packages/airflow/cli/cli_config.py", line 49, in command
    return func(*args, **kwargs)
           ^^^^^^^^^^^^^^^^^^^^^
  File "/home/airflow/.local/lib/python3.12/site-packages/airflow/utils/cli.py", line 116, in wrapper
    return f(*args, **kwargs)
           ^^^^^^^^^^^^^^^^^^
  File "/home/airflow/.local/lib/python3.12/site-packages/airflow/cli/commands/task_command.py", line 483, in task_run
    task_return_code = _run_task_by_selected_method(args, _dag, ti)
                       ^^^^^^^^^^^^^^^^^^^^^^^^^^^^^^^^^^^^^^^^^^^^
  File "/home/airflow/.local/lib/python3.12/site-packages/airflow/cli/commands/task_command.py", line 256, in _run_task_by_selected_method
    return _run_raw_task(args, ti)
           ^^^^^^^^^^^^^^^^^^^^^^^
  File "/home/airflow/.local/lib/python3.12/site-packages/airflow/cli/commands/task_command.py", line 341, in _run_raw_task
    return ti._run_raw_task(
           ^^^^^^^^^^^^^^^^^
  File "/home/airflow/.local/lib/python3.12/site-packages/airflow/utils/session.py", line 97, in wrapper
    return func(*args, session=session, **kwargs)
           ^^^^^^^^^^^^^^^^^^^^^^^^^^^^^^^^^^^^^^
  File "/home/airflow/.local/lib/python3.12/site-packages/airflow/models/taskinstance.py", line 3006, in _run_raw_task
    return _run_raw_task(
           ^^^^^^^^^^^^^^
  File "/home/airflow/.local/lib/python3.12/site-packages/airflow/models/taskinstance.py", line 274, in _run_raw_task
    TaskInstance._execute_task_with_callbacks(
  File "/home/airflow/.local/lib/python3.12/site-packages/airflow/models/taskinstance.py", line 3161, in _execute_task_with_callbacks
    result = self._execute_task(context, task_orig)
             ^^^^^^^^^^^^^^^^^^^^^^^^^^^^^^^^^^^^^^
  File "/home/airflow/.local/lib/python3.12/site-packages/airflow/models/taskinstance.py", line 3185, in _execute_task
    return _execute_task(self, context, task_orig)
           ^^^^^^^^^^^^^^^^^^^^^^^^^^^^^^^^^^^^^^^
  File "/home/airflow/.local/lib/python3.12/site-packages/airflow/models/taskinstance.py", line 768, in _execute_task
    result = _execute_callable(context=context, **execute_callable_kwargs)
             ^^^^^^^^^^^^^^^^^^^^^^^^^^^^^^^^^^^^^^^^^^^^^^^^^^^^^^^^^^^^^
  File "/home/airflow/.local/lib/python3.12/site-packages/airflow/models/taskinstance.py", line 734, in _execute_callable
    return ExecutionCallableRunner(
           ^^^^^^^^^^^^^^^^^^^^^^^^
  File "/home/airflow/.local/lib/python3.12/site-packages/airflow/utils/operator_helpers.py", line 252, in run
    return self.func(*args, **kwargs)
           ^^^^^^^^^^^^^^^^^^^^^^^^^^
  File "/home/airflow/.local/lib/python3.12/site-packages/airflow/models/baseoperator.py", line 424, in wrapper
    return func(self, *args, **kwargs)
           ^^^^^^^^^^^^^^^^^^^^^^^^^^^
  File "/home/airflow/.local/lib/python3.12/site-packages/airflow/operators/bash.py", line 276, in execute
    raise AirflowException(
airflow.exceptions.AirflowException: Bash command failed. The command returned a non-zero exit code 2.
[2025-03-31T07:44:06.391+0000] {local_task_job_runner.py:266} INFO - Task exited with return code 1
[2025-03-31T07:44:06.496+0000] {taskinstance.py:3901} INFO - 0 downstream tasks scheduled from follow-on schedule check
[2025-03-31T07:44:06.501+0000] {local_task_job_runner.py:245} INFO - ::endgroup::
