[2025-03-30T01:22:09.693+0000] {local_task_job_runner.py:123} INFO - ::group::Pre task execution logs
[2025-03-30T01:22:09.753+0000] {taskinstance.py:2614} INFO - Dependencies all met for dep_context=non-requeueable deps ti=<TaskInstance: ELT_google_playstore_review.view_newdata scheduled__2025-03-29T00:00:00+00:00 [queued]>
[2025-03-30T01:22:09.791+0000] {taskinstance.py:2614} INFO - Dependencies all met for dep_context=requeueable deps ti=<TaskInstance: ELT_google_playstore_review.view_newdata scheduled__2025-03-29T00:00:00+00:00 [queued]>
[2025-03-30T01:22:09.795+0000] {taskinstance.py:2867} INFO - Starting attempt 1 of 4
[2025-03-30T01:22:09.895+0000] {taskinstance.py:2890} INFO - Executing <Task(BashOperator): view_newdata> on 2025-03-29 00:00:00+00:00
[2025-03-30T01:22:09.909+0000] {standard_task_runner.py:104} INFO - Running: ['airflow', 'tasks', 'run', 'ELT_google_playstore_review', 'view_newdata', 'scheduled__2025-03-29T00:00:00+00:00', '--job-id', '45', '--raw', '--subdir', 'DAGS_FOLDER/bigquery.py', '--cfg-path', '/tmp/tmpgipu5fva']
[2025-03-30T01:22:09.929+0000] {standard_task_runner.py:105} INFO - Job 45: Subtask view_newdata
[2025-03-30T01:22:09.937+0000] {logging_mixin.py:190} WARNING - /home/airflow/.local/lib/python3.12/site-packages/airflow/task/task_runner/standard_task_runner.py:70 DeprecationWarning: This process (pid=200) is multi-threaded, use of fork() may lead to deadlocks in the child.
[2025-03-30T01:22:09.958+0000] {standard_task_runner.py:72} INFO - Started process 206 to run task
[2025-03-30T01:22:10.122+0000] {task_command.py:467} INFO - Running <TaskInstance: ELT_google_playstore_review.view_newdata scheduled__2025-03-29T00:00:00+00:00 [running]> on host 13bb3a5fb0e8
[2025-03-30T01:22:10.332+0000] {taskinstance.py:3134} INFO - Exporting env vars: AIRFLOW_CTX_DAG_OWNER='airflow' AIRFLOW_CTX_DAG_ID='ELT_google_playstore_review' AIRFLOW_CTX_TASK_ID='view_newdata' AIRFLOW_CTX_EXECUTION_DATE='2025-03-29T00:00:00+00:00' AIRFLOW_CTX_TRY_NUMBER='1' AIRFLOW_CTX_DAG_RUN_ID='scheduled__2025-03-29T00:00:00+00:00'
[2025-03-30T01:22:10.334+0000] {taskinstance.py:732} INFO - ::endgroup::
[2025-03-30T01:22:10.364+0000] {subprocess.py:78} INFO - Tmp dir root location: /tmp
[2025-03-30T01:22:10.365+0000] {subprocess.py:88} INFO - Running command: ['/usr/bin/bash', '-c', 'dbt run --select view_newdata --profiles-dir /opt/airflow/dags --project-dir /opt/airflow/dags']
[2025-03-30T01:22:10.382+0000] {subprocess.py:99} INFO - Output:
[2025-03-30T01:22:15.585+0000] {subprocess.py:106} INFO - [0m01:22:15  Running with dbt=1.9.3
[2025-03-30T01:22:17.771+0000] {subprocess.py:106} INFO - [0m01:22:17  Registered adapter: bigquery=1.9.1
[2025-03-30T01:22:18.704+0000] {subprocess.py:106} INFO - [0m01:22:18  [[33mWARNING[0m]: Configuration paths exist in your dbt_project.yml file which do not apply to any resources.
[2025-03-30T01:22:18.704+0000] {subprocess.py:106} INFO - There are 2 unused configuration paths:
[2025-03-30T01:22:18.705+0000] {subprocess.py:106} INFO - - models.marts
[2025-03-30T01:22:18.706+0000] {subprocess.py:106} INFO - - models.staging
[2025-03-30T01:22:18.982+0000] {subprocess.py:106} INFO - [0m01:22:18  Found 4 models, 3 data tests, 491 macros
[2025-03-30T01:22:18.985+0000] {subprocess.py:106} INFO - [0m01:22:18
[2025-03-30T01:22:18.986+0000] {subprocess.py:106} INFO - [0m01:22:18  Concurrency: 4 threads (target='dev')
[2025-03-30T01:22:18.987+0000] {subprocess.py:106} INFO - [0m01:22:18
[2025-03-30T01:22:36.994+0000] {subprocess.py:106} INFO - [0m01:22:36  1 of 1 START sql view model review_google_playstore.view_newdata ............... [RUN]
[2025-03-30T01:22:39.043+0000] {subprocess.py:106} INFO - [0m01:22:39  1 of 1 OK created sql view model review_google_playstore.view_newdata .......... [[32mCREATE VIEW (0 processed)[0m in 2.04s]
[2025-03-30T01:22:39.125+0000] {subprocess.py:106} INFO - [0m01:22:39
[2025-03-30T01:22:39.127+0000] {subprocess.py:106} INFO - [0m01:22:39  Finished running 1 view model in 0 hours 0 minutes and 20.14 seconds (20.14s).
[2025-03-30T01:22:39.341+0000] {subprocess.py:106} INFO - [0m01:22:39
[2025-03-30T01:22:39.343+0000] {subprocess.py:106} INFO - [0m01:22:39  [32mCompleted successfully[0m
[2025-03-30T01:22:39.345+0000] {subprocess.py:106} INFO - [0m01:22:39
[2025-03-30T01:22:39.346+0000] {subprocess.py:106} INFO - [0m01:22:39  Done. PASS=1 WARN=0 ERROR=0 SKIP=0 TOTAL=1
[2025-03-30T01:22:44.929+0000] {subprocess.py:110} INFO - Command exited with return code 0
[2025-03-30T01:22:45.048+0000] {taskinstance.py:341} INFO - ::group::Post task execution logs
[2025-03-30T01:22:45.049+0000] {taskinstance.py:353} INFO - Marking task as SUCCESS. dag_id=ELT_google_playstore_review, task_id=view_newdata, run_id=scheduled__2025-03-29T00:00:00+00:00, execution_date=20250329T000000, start_date=20250330T012209, end_date=20250330T012245
[2025-03-30T01:22:45.175+0000] {local_task_job_runner.py:266} INFO - Task exited with return code 0
[2025-03-30T01:22:45.192+0000] {taskinstance.py:3901} INFO - 0 downstream tasks scheduled from follow-on schedule check
[2025-03-30T01:22:45.194+0000] {local_task_job_runner.py:245} INFO - ::endgroup::
