[2025-03-28T03:46:02.179+0000] {processor.py:186} INFO - Started process (PID=244) to work on /opt/airflow/dags/env/Scripts/daff.exe
[2025-03-28T03:46:02.181+0000] {processor.py:914} INFO - Processing file /opt/airflow/dags/env/Scripts/daff.exe for tasks to queue
[2025-03-28T03:46:02.186+0000] {logging_mixin.py:190} INFO - [2025-03-28T03:46:02.185+0000] {dagbag.py:588} INFO - Filling up the DagBag from /opt/airflow/dags/env/Scripts/daff.exe
[2025-03-28T03:46:02.207+0000] {logging_mixin.py:190} INFO - [2025-03-28T03:46:02.206+0000] {dagbag.py:435} INFO - File /opt/airflow/dags/env/Scripts/daff.exe:__main__.py assumed to contain no DAGs. Skipping.
[2025-03-28T03:46:02.209+0000] {processor.py:927} WARNING - No viable dags retrieved from /opt/airflow/dags/env/Scripts/daff.exe
[2025-03-28T03:46:02.237+0000] {processor.py:208} INFO - Processing /opt/airflow/dags/env/Scripts/daff.exe took 0.085 seconds
[2025-03-28T05:05:31.614+0000] {processor.py:186} INFO - Started process (PID=322) to work on /opt/airflow/dags/env/Scripts/daff.exe
[2025-03-28T05:05:31.615+0000] {processor.py:914} INFO - Processing file /opt/airflow/dags/env/Scripts/daff.exe for tasks to queue
[2025-03-28T05:05:31.620+0000] {logging_mixin.py:190} INFO - [2025-03-28T05:05:31.619+0000] {dagbag.py:588} INFO - Filling up the DagBag from /opt/airflow/dags/env/Scripts/daff.exe
[2025-03-28T05:05:31.638+0000] {logging_mixin.py:190} INFO - [2025-03-28T05:05:31.638+0000] {dagbag.py:435} INFO - File /opt/airflow/dags/env/Scripts/daff.exe:__main__.py assumed to contain no DAGs. Skipping.
[2025-03-28T05:05:31.640+0000] {processor.py:927} WARNING - No viable dags retrieved from /opt/airflow/dags/env/Scripts/daff.exe
[2025-03-28T05:05:31.668+0000] {processor.py:208} INFO - Processing /opt/airflow/dags/env/Scripts/daff.exe took 0.071 seconds
[2025-03-28T05:06:01.977+0000] {processor.py:186} INFO - Started process (PID=346) to work on /opt/airflow/dags/env/Scripts/daff.exe
[2025-03-28T05:06:01.978+0000] {processor.py:914} INFO - Processing file /opt/airflow/dags/env/Scripts/daff.exe for tasks to queue
[2025-03-28T05:06:01.981+0000] {logging_mixin.py:190} INFO - [2025-03-28T05:06:01.981+0000] {dagbag.py:588} INFO - Filling up the DagBag from /opt/airflow/dags/env/Scripts/daff.exe
[2025-03-28T05:06:02.002+0000] {logging_mixin.py:190} INFO - [2025-03-28T05:06:02.001+0000] {dagbag.py:435} INFO - File /opt/airflow/dags/env/Scripts/daff.exe:__main__.py assumed to contain no DAGs. Skipping.
[2025-03-28T05:06:02.003+0000] {processor.py:927} WARNING - No viable dags retrieved from /opt/airflow/dags/env/Scripts/daff.exe
[2025-03-28T05:06:02.036+0000] {processor.py:208} INFO - Processing /opt/airflow/dags/env/Scripts/daff.exe took 0.073 seconds
[2025-03-28T05:17:56.678+0000] {processor.py:186} INFO - Started process (PID=396) to work on /opt/airflow/dags/env/Scripts/daff.exe
[2025-03-28T05:17:56.680+0000] {processor.py:914} INFO - Processing file /opt/airflow/dags/env/Scripts/daff.exe for tasks to queue
[2025-03-28T05:17:56.683+0000] {logging_mixin.py:190} INFO - [2025-03-28T05:17:56.683+0000] {dagbag.py:588} INFO - Filling up the DagBag from /opt/airflow/dags/env/Scripts/daff.exe
[2025-03-28T05:17:56.696+0000] {logging_mixin.py:190} INFO - [2025-03-28T05:17:56.695+0000] {dagbag.py:435} INFO - File /opt/airflow/dags/env/Scripts/daff.exe:__main__.py assumed to contain no DAGs. Skipping.
[2025-03-28T05:17:56.697+0000] {processor.py:927} WARNING - No viable dags retrieved from /opt/airflow/dags/env/Scripts/daff.exe
[2025-03-28T05:17:56.718+0000] {processor.py:208} INFO - Processing /opt/airflow/dags/env/Scripts/daff.exe took 0.051 seconds
[2025-03-28T05:18:30.886+0000] {processor.py:186} INFO - Started process (PID=420) to work on /opt/airflow/dags/env/Scripts/daff.exe
[2025-03-28T05:18:30.897+0000] {processor.py:914} INFO - Processing file /opt/airflow/dags/env/Scripts/daff.exe for tasks to queue
[2025-03-28T05:18:30.912+0000] {logging_mixin.py:190} INFO - [2025-03-28T05:18:30.903+0000] {dagbag.py:588} INFO - Filling up the DagBag from /opt/airflow/dags/env/Scripts/daff.exe
[2025-03-28T05:18:30.940+0000] {logging_mixin.py:190} INFO - [2025-03-28T05:18:30.940+0000] {dagbag.py:435} INFO - File /opt/airflow/dags/env/Scripts/daff.exe:__main__.py assumed to contain no DAGs. Skipping.
[2025-03-28T05:18:30.943+0000] {processor.py:927} WARNING - No viable dags retrieved from /opt/airflow/dags/env/Scripts/daff.exe
[2025-03-28T05:18:31.003+0000] {processor.py:208} INFO - Processing /opt/airflow/dags/env/Scripts/daff.exe took 0.165 seconds
[2025-03-28T05:34:41.505+0000] {processor.py:186} INFO - Started process (PID=445) to work on /opt/airflow/dags/env/Scripts/daff.exe
[2025-03-28T05:34:41.509+0000] {processor.py:914} INFO - Processing file /opt/airflow/dags/env/Scripts/daff.exe for tasks to queue
[2025-03-28T05:34:41.515+0000] {logging_mixin.py:190} INFO - [2025-03-28T05:34:41.514+0000] {dagbag.py:588} INFO - Filling up the DagBag from /opt/airflow/dags/env/Scripts/daff.exe
[2025-03-28T05:34:41.554+0000] {logging_mixin.py:190} INFO - [2025-03-28T05:34:41.554+0000] {dagbag.py:435} INFO - File /opt/airflow/dags/env/Scripts/daff.exe:__main__.py assumed to contain no DAGs. Skipping.
[2025-03-28T05:34:41.556+0000] {processor.py:927} WARNING - No viable dags retrieved from /opt/airflow/dags/env/Scripts/daff.exe
[2025-03-28T05:34:41.606+0000] {processor.py:208} INFO - Processing /opt/airflow/dags/env/Scripts/daff.exe took 0.130 seconds
[2025-03-28T05:35:14.809+0000] {processor.py:186} INFO - Started process (PID=474) to work on /opt/airflow/dags/env/Scripts/daff.exe
[2025-03-28T05:35:14.811+0000] {processor.py:914} INFO - Processing file /opt/airflow/dags/env/Scripts/daff.exe for tasks to queue
[2025-03-28T05:35:14.814+0000] {logging_mixin.py:190} INFO - [2025-03-28T05:35:14.814+0000] {dagbag.py:588} INFO - Filling up the DagBag from /opt/airflow/dags/env/Scripts/daff.exe
[2025-03-28T05:35:14.828+0000] {logging_mixin.py:190} INFO - [2025-03-28T05:35:14.828+0000] {dagbag.py:435} INFO - File /opt/airflow/dags/env/Scripts/daff.exe:__main__.py assumed to contain no DAGs. Skipping.
[2025-03-28T05:35:14.830+0000] {processor.py:927} WARNING - No viable dags retrieved from /opt/airflow/dags/env/Scripts/daff.exe
[2025-03-28T05:35:14.858+0000] {processor.py:208} INFO - Processing /opt/airflow/dags/env/Scripts/daff.exe took 0.067 seconds
[2025-03-28T05:45:09.520+0000] {processor.py:186} INFO - Started process (PID=509) to work on /opt/airflow/dags/env/Scripts/daff.exe
[2025-03-28T05:45:09.521+0000] {processor.py:914} INFO - Processing file /opt/airflow/dags/env/Scripts/daff.exe for tasks to queue
[2025-03-28T05:45:09.524+0000] {logging_mixin.py:190} INFO - [2025-03-28T05:45:09.524+0000] {dagbag.py:588} INFO - Filling up the DagBag from /opt/airflow/dags/env/Scripts/daff.exe
[2025-03-28T05:45:09.544+0000] {logging_mixin.py:190} INFO - [2025-03-28T05:45:09.544+0000] {dagbag.py:435} INFO - File /opt/airflow/dags/env/Scripts/daff.exe:__main__.py assumed to contain no DAGs. Skipping.
[2025-03-28T05:45:09.547+0000] {processor.py:927} WARNING - No viable dags retrieved from /opt/airflow/dags/env/Scripts/daff.exe
[2025-03-28T05:45:09.584+0000] {processor.py:208} INFO - Processing /opt/airflow/dags/env/Scripts/daff.exe took 0.076 seconds
[2025-03-28T06:00:54.736+0000] {processor.py:186} INFO - Started process (PID=663) to work on /opt/airflow/dags/env/Scripts/daff.exe
[2025-03-28T06:00:54.737+0000] {processor.py:914} INFO - Processing file /opt/airflow/dags/env/Scripts/daff.exe for tasks to queue
[2025-03-28T06:00:54.740+0000] {logging_mixin.py:190} INFO - [2025-03-28T06:00:54.740+0000] {dagbag.py:588} INFO - Filling up the DagBag from /opt/airflow/dags/env/Scripts/daff.exe
[2025-03-28T06:00:54.758+0000] {logging_mixin.py:190} INFO - [2025-03-28T06:00:54.758+0000] {dagbag.py:435} INFO - File /opt/airflow/dags/env/Scripts/daff.exe:__main__.py assumed to contain no DAGs. Skipping.
[2025-03-28T06:00:54.759+0000] {processor.py:927} WARNING - No viable dags retrieved from /opt/airflow/dags/env/Scripts/daff.exe
[2025-03-28T06:00:54.785+0000] {processor.py:208} INFO - Processing /opt/airflow/dags/env/Scripts/daff.exe took 0.062 seconds
[2025-03-28T06:10:56.533+0000] {processor.py:186} INFO - Started process (PID=687) to work on /opt/airflow/dags/env/Scripts/daff.exe
[2025-03-28T06:10:56.536+0000] {processor.py:914} INFO - Processing file /opt/airflow/dags/env/Scripts/daff.exe for tasks to queue
[2025-03-28T06:10:56.539+0000] {logging_mixin.py:190} INFO - [2025-03-28T06:10:56.538+0000] {dagbag.py:588} INFO - Filling up the DagBag from /opt/airflow/dags/env/Scripts/daff.exe
[2025-03-28T06:10:56.564+0000] {logging_mixin.py:190} INFO - [2025-03-28T06:10:56.563+0000] {dagbag.py:435} INFO - File /opt/airflow/dags/env/Scripts/daff.exe:__main__.py assumed to contain no DAGs. Skipping.
[2025-03-28T06:10:56.566+0000] {processor.py:927} WARNING - No viable dags retrieved from /opt/airflow/dags/env/Scripts/daff.exe
[2025-03-28T06:10:56.612+0000] {processor.py:208} INFO - Processing /opt/airflow/dags/env/Scripts/daff.exe took 0.103 seconds
[2025-03-28T06:47:10.557+0000] {processor.py:186} INFO - Started process (PID=944) to work on /opt/airflow/dags/env/Scripts/daff.exe
[2025-03-28T06:47:10.559+0000] {processor.py:914} INFO - Processing file /opt/airflow/dags/env/Scripts/daff.exe for tasks to queue
[2025-03-28T06:47:10.564+0000] {logging_mixin.py:190} INFO - [2025-03-28T06:47:10.563+0000] {dagbag.py:588} INFO - Filling up the DagBag from /opt/airflow/dags/env/Scripts/daff.exe
[2025-03-28T06:47:10.595+0000] {logging_mixin.py:190} INFO - [2025-03-28T06:47:10.595+0000] {dagbag.py:435} INFO - File /opt/airflow/dags/env/Scripts/daff.exe:__main__.py assumed to contain no DAGs. Skipping.
[2025-03-28T06:47:10.597+0000] {processor.py:927} WARNING - No viable dags retrieved from /opt/airflow/dags/env/Scripts/daff.exe
[2025-03-28T06:47:10.670+0000] {processor.py:208} INFO - Processing /opt/airflow/dags/env/Scripts/daff.exe took 0.154 seconds
[2025-03-28T08:42:50.606+0000] {processor.py:186} INFO - Started process (PID=1246) to work on /opt/airflow/dags/env/Scripts/daff.exe
[2025-03-28T08:42:50.607+0000] {processor.py:914} INFO - Processing file /opt/airflow/dags/env/Scripts/daff.exe for tasks to queue
[2025-03-28T08:42:50.609+0000] {logging_mixin.py:190} INFO - [2025-03-28T08:42:50.609+0000] {dagbag.py:588} INFO - Filling up the DagBag from /opt/airflow/dags/env/Scripts/daff.exe
[2025-03-28T08:42:50.626+0000] {logging_mixin.py:190} INFO - [2025-03-28T08:42:50.626+0000] {dagbag.py:435} INFO - File /opt/airflow/dags/env/Scripts/daff.exe:__main__.py assumed to contain no DAGs. Skipping.
[2025-03-28T08:42:50.627+0000] {processor.py:927} WARNING - No viable dags retrieved from /opt/airflow/dags/env/Scripts/daff.exe
[2025-03-28T08:42:50.653+0000] {processor.py:208} INFO - Processing /opt/airflow/dags/env/Scripts/daff.exe took 0.061 seconds
[2025-03-28T08:47:55.132+0000] {processor.py:186} INFO - Started process (PID=1271) to work on /opt/airflow/dags/env/Scripts/daff.exe
[2025-03-28T08:47:55.133+0000] {processor.py:914} INFO - Processing file /opt/airflow/dags/env/Scripts/daff.exe for tasks to queue
[2025-03-28T08:47:55.136+0000] {logging_mixin.py:190} INFO - [2025-03-28T08:47:55.135+0000] {dagbag.py:588} INFO - Filling up the DagBag from /opt/airflow/dags/env/Scripts/daff.exe
[2025-03-28T08:47:55.153+0000] {logging_mixin.py:190} INFO - [2025-03-28T08:47:55.152+0000] {dagbag.py:435} INFO - File /opt/airflow/dags/env/Scripts/daff.exe:__main__.py assumed to contain no DAGs. Skipping.
[2025-03-28T08:47:55.154+0000] {processor.py:927} WARNING - No viable dags retrieved from /opt/airflow/dags/env/Scripts/daff.exe
[2025-03-28T08:47:55.179+0000] {processor.py:208} INFO - Processing /opt/airflow/dags/env/Scripts/daff.exe took 0.068 seconds
[2025-03-28T09:31:03.985+0000] {processor.py:186} INFO - Started process (PID=1448) to work on /opt/airflow/dags/env/Scripts/daff.exe
[2025-03-28T09:31:03.989+0000] {processor.py:914} INFO - Processing file /opt/airflow/dags/env/Scripts/daff.exe for tasks to queue
[2025-03-28T09:31:03.994+0000] {logging_mixin.py:190} INFO - [2025-03-28T09:31:03.993+0000] {dagbag.py:588} INFO - Filling up the DagBag from /opt/airflow/dags/env/Scripts/daff.exe
[2025-03-28T09:31:04.018+0000] {logging_mixin.py:190} INFO - [2025-03-28T09:31:04.017+0000] {dagbag.py:435} INFO - File /opt/airflow/dags/env/Scripts/daff.exe:__main__.py assumed to contain no DAGs. Skipping.
[2025-03-28T09:31:04.020+0000] {processor.py:927} WARNING - No viable dags retrieved from /opt/airflow/dags/env/Scripts/daff.exe
[2025-03-28T09:31:04.084+0000] {processor.py:208} INFO - Processing /opt/airflow/dags/env/Scripts/daff.exe took 0.133 seconds
[2025-03-28T09:31:35.250+0000] {processor.py:186} INFO - Started process (PID=1472) to work on /opt/airflow/dags/env/Scripts/daff.exe
[2025-03-28T09:31:35.262+0000] {processor.py:914} INFO - Processing file /opt/airflow/dags/env/Scripts/daff.exe for tasks to queue
[2025-03-28T09:31:35.266+0000] {logging_mixin.py:190} INFO - [2025-03-28T09:31:35.265+0000] {dagbag.py:588} INFO - Filling up the DagBag from /opt/airflow/dags/env/Scripts/daff.exe
[2025-03-28T09:31:35.297+0000] {logging_mixin.py:190} INFO - [2025-03-28T09:31:35.297+0000] {dagbag.py:435} INFO - File /opt/airflow/dags/env/Scripts/daff.exe:__main__.py assumed to contain no DAGs. Skipping.
[2025-03-28T09:31:35.301+0000] {processor.py:927} WARNING - No viable dags retrieved from /opt/airflow/dags/env/Scripts/daff.exe
[2025-03-28T09:31:35.350+0000] {processor.py:208} INFO - Processing /opt/airflow/dags/env/Scripts/daff.exe took 0.124 seconds
[2025-03-28T09:42:06.906+0000] {processor.py:186} INFO - Started process (PID=1498) to work on /opt/airflow/dags/env/Scripts/daff.exe
[2025-03-28T09:42:06.908+0000] {processor.py:914} INFO - Processing file /opt/airflow/dags/env/Scripts/daff.exe for tasks to queue
[2025-03-28T09:42:06.911+0000] {logging_mixin.py:190} INFO - [2025-03-28T09:42:06.910+0000] {dagbag.py:588} INFO - Filling up the DagBag from /opt/airflow/dags/env/Scripts/daff.exe
[2025-03-28T09:42:06.928+0000] {logging_mixin.py:190} INFO - [2025-03-28T09:42:06.928+0000] {dagbag.py:435} INFO - File /opt/airflow/dags/env/Scripts/daff.exe:__main__.py assumed to contain no DAGs. Skipping.
[2025-03-28T09:42:06.930+0000] {processor.py:927} WARNING - No viable dags retrieved from /opt/airflow/dags/env/Scripts/daff.exe
[2025-03-28T09:42:06.957+0000] {processor.py:208} INFO - Processing /opt/airflow/dags/env/Scripts/daff.exe took 0.069 seconds
[2025-03-28T09:47:20.943+0000] {processor.py:186} INFO - Started process (PID=1532) to work on /opt/airflow/dags/env/Scripts/daff.exe
[2025-03-28T09:47:20.945+0000] {processor.py:914} INFO - Processing file /opt/airflow/dags/env/Scripts/daff.exe for tasks to queue
[2025-03-28T09:47:20.948+0000] {logging_mixin.py:190} INFO - [2025-03-28T09:47:20.948+0000] {dagbag.py:588} INFO - Filling up the DagBag from /opt/airflow/dags/env/Scripts/daff.exe
[2025-03-28T09:47:20.968+0000] {logging_mixin.py:190} INFO - [2025-03-28T09:47:20.968+0000] {dagbag.py:435} INFO - File /opt/airflow/dags/env/Scripts/daff.exe:__main__.py assumed to contain no DAGs. Skipping.
[2025-03-28T09:47:20.970+0000] {processor.py:927} WARNING - No viable dags retrieved from /opt/airflow/dags/env/Scripts/daff.exe
[2025-03-28T09:47:21.007+0000] {processor.py:208} INFO - Processing /opt/airflow/dags/env/Scripts/daff.exe took 0.081 seconds
[2025-03-28T09:52:32.204+0000] {processor.py:186} INFO - Started process (PID=1562) to work on /opt/airflow/dags/env/Scripts/daff.exe
[2025-03-28T09:52:32.207+0000] {processor.py:914} INFO - Processing file /opt/airflow/dags/env/Scripts/daff.exe for tasks to queue
[2025-03-28T09:52:32.211+0000] {logging_mixin.py:190} INFO - [2025-03-28T09:52:32.210+0000] {dagbag.py:588} INFO - Filling up the DagBag from /opt/airflow/dags/env/Scripts/daff.exe
[2025-03-28T09:52:32.233+0000] {logging_mixin.py:190} INFO - [2025-03-28T09:52:32.233+0000] {dagbag.py:435} INFO - File /opt/airflow/dags/env/Scripts/daff.exe:__main__.py assumed to contain no DAGs. Skipping.
[2025-03-28T09:52:32.235+0000] {processor.py:927} WARNING - No viable dags retrieved from /opt/airflow/dags/env/Scripts/daff.exe
[2025-03-28T09:52:32.285+0000] {processor.py:208} INFO - Processing /opt/airflow/dags/env/Scripts/daff.exe took 0.111 seconds
[2025-03-28T10:09:14.182+0000] {processor.py:186} INFO - Started process (PID=1587) to work on /opt/airflow/dags/env/Scripts/daff.exe
[2025-03-28T10:09:14.183+0000] {processor.py:914} INFO - Processing file /opt/airflow/dags/env/Scripts/daff.exe for tasks to queue
[2025-03-28T10:09:14.185+0000] {logging_mixin.py:190} INFO - [2025-03-28T10:09:14.185+0000] {dagbag.py:588} INFO - Filling up the DagBag from /opt/airflow/dags/env/Scripts/daff.exe
[2025-03-28T10:09:14.199+0000] {logging_mixin.py:190} INFO - [2025-03-28T10:09:14.199+0000] {dagbag.py:435} INFO - File /opt/airflow/dags/env/Scripts/daff.exe:__main__.py assumed to contain no DAGs. Skipping.
[2025-03-28T10:09:14.200+0000] {processor.py:927} WARNING - No viable dags retrieved from /opt/airflow/dags/env/Scripts/daff.exe
[2025-03-28T10:09:14.224+0000] {processor.py:208} INFO - Processing /opt/airflow/dags/env/Scripts/daff.exe took 0.055 seconds
[2025-03-28T10:09:45.698+0000] {processor.py:186} INFO - Started process (PID=1612) to work on /opt/airflow/dags/env/Scripts/daff.exe
[2025-03-28T10:09:45.699+0000] {processor.py:914} INFO - Processing file /opt/airflow/dags/env/Scripts/daff.exe for tasks to queue
[2025-03-28T10:09:45.701+0000] {logging_mixin.py:190} INFO - [2025-03-28T10:09:45.701+0000] {dagbag.py:588} INFO - Filling up the DagBag from /opt/airflow/dags/env/Scripts/daff.exe
[2025-03-28T10:09:45.713+0000] {logging_mixin.py:190} INFO - [2025-03-28T10:09:45.713+0000] {dagbag.py:435} INFO - File /opt/airflow/dags/env/Scripts/daff.exe:__main__.py assumed to contain no DAGs. Skipping.
[2025-03-28T10:09:45.714+0000] {processor.py:927} WARNING - No viable dags retrieved from /opt/airflow/dags/env/Scripts/daff.exe
[2025-03-28T10:09:45.738+0000] {processor.py:208} INFO - Processing /opt/airflow/dags/env/Scripts/daff.exe took 0.051 seconds
[2025-03-28T10:27:07.577+0000] {processor.py:186} INFO - Started process (PID=1636) to work on /opt/airflow/dags/env/Scripts/daff.exe
[2025-03-28T10:27:07.579+0000] {processor.py:914} INFO - Processing file /opt/airflow/dags/env/Scripts/daff.exe for tasks to queue
[2025-03-28T10:27:07.582+0000] {logging_mixin.py:190} INFO - [2025-03-28T10:27:07.581+0000] {dagbag.py:588} INFO - Filling up the DagBag from /opt/airflow/dags/env/Scripts/daff.exe
[2025-03-28T10:27:07.598+0000] {logging_mixin.py:190} INFO - [2025-03-28T10:27:07.597+0000] {dagbag.py:435} INFO - File /opt/airflow/dags/env/Scripts/daff.exe:__main__.py assumed to contain no DAGs. Skipping.
[2025-03-28T10:27:07.599+0000] {processor.py:927} WARNING - No viable dags retrieved from /opt/airflow/dags/env/Scripts/daff.exe
[2025-03-28T10:27:07.630+0000] {processor.py:208} INFO - Processing /opt/airflow/dags/env/Scripts/daff.exe took 0.074 seconds
[2025-03-28T10:31:29.686+0000] {processor.py:186} INFO - Started process (PID=1662) to work on /opt/airflow/dags/env/Scripts/daff.exe
[2025-03-28T10:31:29.688+0000] {processor.py:914} INFO - Processing file /opt/airflow/dags/env/Scripts/daff.exe for tasks to queue
[2025-03-28T10:31:29.691+0000] {logging_mixin.py:190} INFO - [2025-03-28T10:31:29.690+0000] {dagbag.py:588} INFO - Filling up the DagBag from /opt/airflow/dags/env/Scripts/daff.exe
[2025-03-28T10:31:29.706+0000] {logging_mixin.py:190} INFO - [2025-03-28T10:31:29.705+0000] {dagbag.py:435} INFO - File /opt/airflow/dags/env/Scripts/daff.exe:__main__.py assumed to contain no DAGs. Skipping.
[2025-03-28T10:31:29.707+0000] {processor.py:927} WARNING - No viable dags retrieved from /opt/airflow/dags/env/Scripts/daff.exe
[2025-03-28T10:31:29.758+0000] {processor.py:208} INFO - Processing /opt/airflow/dags/env/Scripts/daff.exe took 0.092 seconds
[2025-03-28T10:32:02.960+0000] {processor.py:186} INFO - Started process (PID=1686) to work on /opt/airflow/dags/env/Scripts/daff.exe
[2025-03-28T10:32:02.962+0000] {processor.py:914} INFO - Processing file /opt/airflow/dags/env/Scripts/daff.exe for tasks to queue
[2025-03-28T10:32:02.972+0000] {logging_mixin.py:190} INFO - [2025-03-28T10:32:02.972+0000] {dagbag.py:588} INFO - Filling up the DagBag from /opt/airflow/dags/env/Scripts/daff.exe
[2025-03-28T10:32:02.992+0000] {logging_mixin.py:190} INFO - [2025-03-28T10:32:02.991+0000] {dagbag.py:435} INFO - File /opt/airflow/dags/env/Scripts/daff.exe:__main__.py assumed to contain no DAGs. Skipping.
[2025-03-28T10:32:02.994+0000] {processor.py:927} WARNING - No viable dags retrieved from /opt/airflow/dags/env/Scripts/daff.exe
[2025-03-28T10:32:03.042+0000] {processor.py:208} INFO - Processing /opt/airflow/dags/env/Scripts/daff.exe took 0.126 seconds
[2025-03-28T10:36:46.136+0000] {processor.py:186} INFO - Started process (PID=1716) to work on /opt/airflow/dags/env/Scripts/daff.exe
[2025-03-28T10:36:46.138+0000] {processor.py:914} INFO - Processing file /opt/airflow/dags/env/Scripts/daff.exe for tasks to queue
[2025-03-28T10:36:46.141+0000] {logging_mixin.py:190} INFO - [2025-03-28T10:36:46.140+0000] {dagbag.py:588} INFO - Filling up the DagBag from /opt/airflow/dags/env/Scripts/daff.exe
[2025-03-28T10:36:46.166+0000] {logging_mixin.py:190} INFO - [2025-03-28T10:36:46.166+0000] {dagbag.py:435} INFO - File /opt/airflow/dags/env/Scripts/daff.exe:__main__.py assumed to contain no DAGs. Skipping.
[2025-03-28T10:36:46.168+0000] {processor.py:927} WARNING - No viable dags retrieved from /opt/airflow/dags/env/Scripts/daff.exe
[2025-03-28T10:36:46.209+0000] {processor.py:208} INFO - Processing /opt/airflow/dags/env/Scripts/daff.exe took 0.090 seconds
[2025-03-28T10:44:24.551+0000] {processor.py:186} INFO - Started process (PID=1740) to work on /opt/airflow/dags/env/Scripts/daff.exe
[2025-03-28T10:44:24.553+0000] {processor.py:914} INFO - Processing file /opt/airflow/dags/env/Scripts/daff.exe for tasks to queue
[2025-03-28T10:44:24.556+0000] {logging_mixin.py:190} INFO - [2025-03-28T10:44:24.555+0000] {dagbag.py:588} INFO - Filling up the DagBag from /opt/airflow/dags/env/Scripts/daff.exe
[2025-03-28T10:44:24.576+0000] {logging_mixin.py:190} INFO - [2025-03-28T10:44:24.576+0000] {dagbag.py:435} INFO - File /opt/airflow/dags/env/Scripts/daff.exe:__main__.py assumed to contain no DAGs. Skipping.
[2025-03-28T10:44:24.578+0000] {processor.py:927} WARNING - No viable dags retrieved from /opt/airflow/dags/env/Scripts/daff.exe
[2025-03-28T10:44:24.624+0000] {processor.py:208} INFO - Processing /opt/airflow/dags/env/Scripts/daff.exe took 0.097 seconds
[2025-03-28T11:52:32.465+0000] {processor.py:186} INFO - Started process (PID=1761) to work on /opt/airflow/dags/env/Scripts/daff.exe
[2025-03-28T11:52:32.466+0000] {processor.py:914} INFO - Processing file /opt/airflow/dags/env/Scripts/daff.exe for tasks to queue
[2025-03-28T11:52:32.468+0000] {logging_mixin.py:190} INFO - [2025-03-28T11:52:32.467+0000] {dagbag.py:588} INFO - Filling up the DagBag from /opt/airflow/dags/env/Scripts/daff.exe
[2025-03-28T11:52:32.482+0000] {logging_mixin.py:190} INFO - [2025-03-28T11:52:32.482+0000] {dagbag.py:435} INFO - File /opt/airflow/dags/env/Scripts/daff.exe:__main__.py assumed to contain no DAGs. Skipping.
[2025-03-28T11:52:32.483+0000] {processor.py:927} WARNING - No viable dags retrieved from /opt/airflow/dags/env/Scripts/daff.exe
[2025-03-28T11:52:32.506+0000] {processor.py:208} INFO - Processing /opt/airflow/dags/env/Scripts/daff.exe took 0.054 seconds
[2025-03-28T11:53:11.782+0000] {processor.py:186} INFO - Started process (PID=1785) to work on /opt/airflow/dags/env/Scripts/daff.exe
[2025-03-28T11:53:11.784+0000] {processor.py:914} INFO - Processing file /opt/airflow/dags/env/Scripts/daff.exe for tasks to queue
[2025-03-28T11:53:11.788+0000] {logging_mixin.py:190} INFO - [2025-03-28T11:53:11.787+0000] {dagbag.py:588} INFO - Filling up the DagBag from /opt/airflow/dags/env/Scripts/daff.exe
[2025-03-28T11:53:11.813+0000] {logging_mixin.py:190} INFO - [2025-03-28T11:53:11.813+0000] {dagbag.py:435} INFO - File /opt/airflow/dags/env/Scripts/daff.exe:__main__.py assumed to contain no DAGs. Skipping.
[2025-03-28T11:53:11.815+0000] {processor.py:927} WARNING - No viable dags retrieved from /opt/airflow/dags/env/Scripts/daff.exe
[2025-03-28T11:53:11.862+0000] {processor.py:208} INFO - Processing /opt/airflow/dags/env/Scripts/daff.exe took 0.103 seconds
[2025-03-28T12:52:16.758+0000] {processor.py:186} INFO - Started process (PID=1808) to work on /opt/airflow/dags/env/Scripts/daff.exe
[2025-03-28T12:52:16.760+0000] {processor.py:914} INFO - Processing file /opt/airflow/dags/env/Scripts/daff.exe for tasks to queue
[2025-03-28T12:52:16.762+0000] {logging_mixin.py:190} INFO - [2025-03-28T12:52:16.761+0000] {dagbag.py:588} INFO - Filling up the DagBag from /opt/airflow/dags/env/Scripts/daff.exe
[2025-03-28T12:52:16.780+0000] {logging_mixin.py:190} INFO - [2025-03-28T12:52:16.780+0000] {dagbag.py:435} INFO - File /opt/airflow/dags/env/Scripts/daff.exe:__main__.py assumed to contain no DAGs. Skipping.
[2025-03-28T12:52:16.782+0000] {processor.py:927} WARNING - No viable dags retrieved from /opt/airflow/dags/env/Scripts/daff.exe
[2025-03-28T12:52:16.813+0000] {processor.py:208} INFO - Processing /opt/airflow/dags/env/Scripts/daff.exe took 0.069 seconds
[2025-03-28T12:52:47.866+0000] {processor.py:186} INFO - Started process (PID=1832) to work on /opt/airflow/dags/env/Scripts/daff.exe
[2025-03-28T12:52:47.867+0000] {processor.py:914} INFO - Processing file /opt/airflow/dags/env/Scripts/daff.exe for tasks to queue
[2025-03-28T12:52:47.869+0000] {logging_mixin.py:190} INFO - [2025-03-28T12:52:47.869+0000] {dagbag.py:588} INFO - Filling up the DagBag from /opt/airflow/dags/env/Scripts/daff.exe
[2025-03-28T12:52:47.882+0000] {logging_mixin.py:190} INFO - [2025-03-28T12:52:47.882+0000] {dagbag.py:435} INFO - File /opt/airflow/dags/env/Scripts/daff.exe:__main__.py assumed to contain no DAGs. Skipping.
[2025-03-28T12:52:47.883+0000] {processor.py:927} WARNING - No viable dags retrieved from /opt/airflow/dags/env/Scripts/daff.exe
[2025-03-28T12:52:47.905+0000] {processor.py:208} INFO - Processing /opt/airflow/dags/env/Scripts/daff.exe took 0.051 seconds
[2025-03-28T12:57:09.311+0000] {processor.py:186} INFO - Started process (PID=1858) to work on /opt/airflow/dags/env/Scripts/daff.exe
[2025-03-28T12:57:09.313+0000] {processor.py:914} INFO - Processing file /opt/airflow/dags/env/Scripts/daff.exe for tasks to queue
[2025-03-28T12:57:09.315+0000] {logging_mixin.py:190} INFO - [2025-03-28T12:57:09.314+0000] {dagbag.py:588} INFO - Filling up the DagBag from /opt/airflow/dags/env/Scripts/daff.exe
[2025-03-28T12:57:09.328+0000] {logging_mixin.py:190} INFO - [2025-03-28T12:57:09.328+0000] {dagbag.py:435} INFO - File /opt/airflow/dags/env/Scripts/daff.exe:__main__.py assumed to contain no DAGs. Skipping.
[2025-03-28T12:57:09.329+0000] {processor.py:927} WARNING - No viable dags retrieved from /opt/airflow/dags/env/Scripts/daff.exe
[2025-03-28T12:57:09.350+0000] {processor.py:208} INFO - Processing /opt/airflow/dags/env/Scripts/daff.exe took 0.052 seconds
[2025-03-28T12:57:39.590+0000] {processor.py:186} INFO - Started process (PID=1882) to work on /opt/airflow/dags/env/Scripts/daff.exe
[2025-03-28T12:57:39.591+0000] {processor.py:914} INFO - Processing file /opt/airflow/dags/env/Scripts/daff.exe for tasks to queue
[2025-03-28T12:57:39.594+0000] {logging_mixin.py:190} INFO - [2025-03-28T12:57:39.593+0000] {dagbag.py:588} INFO - Filling up the DagBag from /opt/airflow/dags/env/Scripts/daff.exe
[2025-03-28T12:57:39.617+0000] {logging_mixin.py:190} INFO - [2025-03-28T12:57:39.616+0000] {dagbag.py:435} INFO - File /opt/airflow/dags/env/Scripts/daff.exe:__main__.py assumed to contain no DAGs. Skipping.
[2025-03-28T12:57:39.618+0000] {processor.py:927} WARNING - No viable dags retrieved from /opt/airflow/dags/env/Scripts/daff.exe
[2025-03-28T12:57:39.666+0000] {processor.py:208} INFO - Processing /opt/airflow/dags/env/Scripts/daff.exe took 0.096 seconds
[2025-03-28T13:02:10.097+0000] {processor.py:186} INFO - Started process (PID=1911) to work on /opt/airflow/dags/env/Scripts/daff.exe
[2025-03-28T13:02:10.098+0000] {processor.py:914} INFO - Processing file /opt/airflow/dags/env/Scripts/daff.exe for tasks to queue
[2025-03-28T13:02:10.100+0000] {logging_mixin.py:190} INFO - [2025-03-28T13:02:10.099+0000] {dagbag.py:588} INFO - Filling up the DagBag from /opt/airflow/dags/env/Scripts/daff.exe
[2025-03-28T13:02:10.111+0000] {logging_mixin.py:190} INFO - [2025-03-28T13:02:10.111+0000] {dagbag.py:435} INFO - File /opt/airflow/dags/env/Scripts/daff.exe:__main__.py assumed to contain no DAGs. Skipping.
[2025-03-28T13:02:10.112+0000] {processor.py:927} WARNING - No viable dags retrieved from /opt/airflow/dags/env/Scripts/daff.exe
[2025-03-28T13:02:10.135+0000] {processor.py:208} INFO - Processing /opt/airflow/dags/env/Scripts/daff.exe took 0.049 seconds
[2025-03-28T13:02:41.399+0000] {processor.py:186} INFO - Started process (PID=1935) to work on /opt/airflow/dags/env/Scripts/daff.exe
[2025-03-28T13:02:41.400+0000] {processor.py:914} INFO - Processing file /opt/airflow/dags/env/Scripts/daff.exe for tasks to queue
[2025-03-28T13:02:41.402+0000] {logging_mixin.py:190} INFO - [2025-03-28T13:02:41.401+0000] {dagbag.py:588} INFO - Filling up the DagBag from /opt/airflow/dags/env/Scripts/daff.exe
[2025-03-28T13:02:41.416+0000] {logging_mixin.py:190} INFO - [2025-03-28T13:02:41.415+0000] {dagbag.py:435} INFO - File /opt/airflow/dags/env/Scripts/daff.exe:__main__.py assumed to contain no DAGs. Skipping.
[2025-03-28T13:02:41.417+0000] {processor.py:927} WARNING - No viable dags retrieved from /opt/airflow/dags/env/Scripts/daff.exe
[2025-03-28T13:02:41.439+0000] {processor.py:208} INFO - Processing /opt/airflow/dags/env/Scripts/daff.exe took 0.055 seconds
[2025-03-28T13:07:07.493+0000] {processor.py:186} INFO - Started process (PID=1962) to work on /opt/airflow/dags/env/Scripts/daff.exe
[2025-03-28T13:07:07.494+0000] {processor.py:914} INFO - Processing file /opt/airflow/dags/env/Scripts/daff.exe for tasks to queue
[2025-03-28T13:07:07.497+0000] {logging_mixin.py:190} INFO - [2025-03-28T13:07:07.496+0000] {dagbag.py:588} INFO - Filling up the DagBag from /opt/airflow/dags/env/Scripts/daff.exe
[2025-03-28T13:07:07.512+0000] {logging_mixin.py:190} INFO - [2025-03-28T13:07:07.511+0000] {dagbag.py:435} INFO - File /opt/airflow/dags/env/Scripts/daff.exe:__main__.py assumed to contain no DAGs. Skipping.
[2025-03-28T13:07:07.513+0000] {processor.py:927} WARNING - No viable dags retrieved from /opt/airflow/dags/env/Scripts/daff.exe
[2025-03-28T13:07:07.539+0000] {processor.py:208} INFO - Processing /opt/airflow/dags/env/Scripts/daff.exe took 0.060 seconds
[2025-03-28T13:07:39.150+0000] {processor.py:186} INFO - Started process (PID=1986) to work on /opt/airflow/dags/env/Scripts/daff.exe
[2025-03-28T13:07:39.151+0000] {processor.py:914} INFO - Processing file /opt/airflow/dags/env/Scripts/daff.exe for tasks to queue
[2025-03-28T13:07:39.153+0000] {logging_mixin.py:190} INFO - [2025-03-28T13:07:39.153+0000] {dagbag.py:588} INFO - Filling up the DagBag from /opt/airflow/dags/env/Scripts/daff.exe
[2025-03-28T13:07:39.167+0000] {logging_mixin.py:190} INFO - [2025-03-28T13:07:39.167+0000] {dagbag.py:435} INFO - File /opt/airflow/dags/env/Scripts/daff.exe:__main__.py assumed to contain no DAGs. Skipping.
[2025-03-28T13:07:39.168+0000] {processor.py:927} WARNING - No viable dags retrieved from /opt/airflow/dags/env/Scripts/daff.exe
[2025-03-28T13:07:39.189+0000] {processor.py:208} INFO - Processing /opt/airflow/dags/env/Scripts/daff.exe took 0.052 seconds
[2025-03-28T13:12:04.977+0000] {processor.py:186} INFO - Started process (PID=2016) to work on /opt/airflow/dags/env/Scripts/daff.exe
[2025-03-28T13:12:04.979+0000] {processor.py:914} INFO - Processing file /opt/airflow/dags/env/Scripts/daff.exe for tasks to queue
[2025-03-28T13:12:04.981+0000] {logging_mixin.py:190} INFO - [2025-03-28T13:12:04.981+0000] {dagbag.py:588} INFO - Filling up the DagBag from /opt/airflow/dags/env/Scripts/daff.exe
[2025-03-28T13:12:04.999+0000] {logging_mixin.py:190} INFO - [2025-03-28T13:12:04.999+0000] {dagbag.py:435} INFO - File /opt/airflow/dags/env/Scripts/daff.exe:__main__.py assumed to contain no DAGs. Skipping.
[2025-03-28T13:12:05.000+0000] {processor.py:927} WARNING - No viable dags retrieved from /opt/airflow/dags/env/Scripts/daff.exe
[2025-03-28T13:12:05.023+0000] {processor.py:208} INFO - Processing /opt/airflow/dags/env/Scripts/daff.exe took 0.069 seconds
[2025-03-28T13:12:36.692+0000] {processor.py:186} INFO - Started process (PID=2040) to work on /opt/airflow/dags/env/Scripts/daff.exe
[2025-03-28T13:12:36.693+0000] {processor.py:914} INFO - Processing file /opt/airflow/dags/env/Scripts/daff.exe for tasks to queue
[2025-03-28T13:12:36.695+0000] {logging_mixin.py:190} INFO - [2025-03-28T13:12:36.694+0000] {dagbag.py:588} INFO - Filling up the DagBag from /opt/airflow/dags/env/Scripts/daff.exe
[2025-03-28T13:12:36.713+0000] {logging_mixin.py:190} INFO - [2025-03-28T13:12:36.712+0000] {dagbag.py:435} INFO - File /opt/airflow/dags/env/Scripts/daff.exe:__main__.py assumed to contain no DAGs. Skipping.
[2025-03-28T13:12:36.714+0000] {processor.py:927} WARNING - No viable dags retrieved from /opt/airflow/dags/env/Scripts/daff.exe
[2025-03-28T13:12:36.742+0000] {processor.py:208} INFO - Processing /opt/airflow/dags/env/Scripts/daff.exe took 0.066 seconds
[2025-03-28T13:17:09.834+0000] {processor.py:186} INFO - Started process (PID=2072) to work on /opt/airflow/dags/env/Scripts/daff.exe
[2025-03-28T13:17:09.835+0000] {processor.py:914} INFO - Processing file /opt/airflow/dags/env/Scripts/daff.exe for tasks to queue
[2025-03-28T13:17:09.837+0000] {logging_mixin.py:190} INFO - [2025-03-28T13:17:09.836+0000] {dagbag.py:588} INFO - Filling up the DagBag from /opt/airflow/dags/env/Scripts/daff.exe
[2025-03-28T13:17:09.848+0000] {logging_mixin.py:190} INFO - [2025-03-28T13:17:09.848+0000] {dagbag.py:435} INFO - File /opt/airflow/dags/env/Scripts/daff.exe:__main__.py assumed to contain no DAGs. Skipping.
[2025-03-28T13:17:09.849+0000] {processor.py:927} WARNING - No viable dags retrieved from /opt/airflow/dags/env/Scripts/daff.exe
[2025-03-28T13:17:09.871+0000] {processor.py:208} INFO - Processing /opt/airflow/dags/env/Scripts/daff.exe took 0.048 seconds
[2025-03-28T13:17:41.952+0000] {processor.py:186} INFO - Started process (PID=2096) to work on /opt/airflow/dags/env/Scripts/daff.exe
[2025-03-28T13:17:41.953+0000] {processor.py:914} INFO - Processing file /opt/airflow/dags/env/Scripts/daff.exe for tasks to queue
[2025-03-28T13:17:41.955+0000] {logging_mixin.py:190} INFO - [2025-03-28T13:17:41.955+0000] {dagbag.py:588} INFO - Filling up the DagBag from /opt/airflow/dags/env/Scripts/daff.exe
[2025-03-28T13:17:41.974+0000] {logging_mixin.py:190} INFO - [2025-03-28T13:17:41.974+0000] {dagbag.py:435} INFO - File /opt/airflow/dags/env/Scripts/daff.exe:__main__.py assumed to contain no DAGs. Skipping.
[2025-03-28T13:17:41.976+0000] {processor.py:927} WARNING - No viable dags retrieved from /opt/airflow/dags/env/Scripts/daff.exe
[2025-03-28T13:17:42.010+0000] {processor.py:208} INFO - Processing /opt/airflow/dags/env/Scripts/daff.exe took 0.074 seconds
[2025-03-28T13:22:10.334+0000] {processor.py:186} INFO - Started process (PID=2124) to work on /opt/airflow/dags/env/Scripts/daff.exe
[2025-03-28T13:22:10.335+0000] {processor.py:914} INFO - Processing file /opt/airflow/dags/env/Scripts/daff.exe for tasks to queue
[2025-03-28T13:22:10.337+0000] {logging_mixin.py:190} INFO - [2025-03-28T13:22:10.337+0000] {dagbag.py:588} INFO - Filling up the DagBag from /opt/airflow/dags/env/Scripts/daff.exe
[2025-03-28T13:22:10.352+0000] {logging_mixin.py:190} INFO - [2025-03-28T13:22:10.351+0000] {dagbag.py:435} INFO - File /opt/airflow/dags/env/Scripts/daff.exe:__main__.py assumed to contain no DAGs. Skipping.
[2025-03-28T13:22:10.353+0000] {processor.py:927} WARNING - No viable dags retrieved from /opt/airflow/dags/env/Scripts/daff.exe
[2025-03-28T13:22:10.379+0000] {processor.py:208} INFO - Processing /opt/airflow/dags/env/Scripts/daff.exe took 0.060 seconds
[2025-03-28T13:22:42.882+0000] {processor.py:186} INFO - Started process (PID=2148) to work on /opt/airflow/dags/env/Scripts/daff.exe
[2025-03-28T13:22:42.884+0000] {processor.py:914} INFO - Processing file /opt/airflow/dags/env/Scripts/daff.exe for tasks to queue
[2025-03-28T13:22:42.886+0000] {logging_mixin.py:190} INFO - [2025-03-28T13:22:42.885+0000] {dagbag.py:588} INFO - Filling up the DagBag from /opt/airflow/dags/env/Scripts/daff.exe
[2025-03-28T13:22:42.904+0000] {logging_mixin.py:190} INFO - [2025-03-28T13:22:42.903+0000] {dagbag.py:435} INFO - File /opt/airflow/dags/env/Scripts/daff.exe:__main__.py assumed to contain no DAGs. Skipping.
[2025-03-28T13:22:42.905+0000] {processor.py:927} WARNING - No viable dags retrieved from /opt/airflow/dags/env/Scripts/daff.exe
[2025-03-28T13:22:42.933+0000] {processor.py:208} INFO - Processing /opt/airflow/dags/env/Scripts/daff.exe took 0.064 seconds
[2025-03-28T13:27:06.185+0000] {processor.py:186} INFO - Started process (PID=2176) to work on /opt/airflow/dags/env/Scripts/daff.exe
[2025-03-28T13:27:06.187+0000] {processor.py:914} INFO - Processing file /opt/airflow/dags/env/Scripts/daff.exe for tasks to queue
[2025-03-28T13:27:06.189+0000] {logging_mixin.py:190} INFO - [2025-03-28T13:27:06.188+0000] {dagbag.py:588} INFO - Filling up the DagBag from /opt/airflow/dags/env/Scripts/daff.exe
[2025-03-28T13:27:06.206+0000] {logging_mixin.py:190} INFO - [2025-03-28T13:27:06.205+0000] {dagbag.py:435} INFO - File /opt/airflow/dags/env/Scripts/daff.exe:__main__.py assumed to contain no DAGs. Skipping.
[2025-03-28T13:27:06.207+0000] {processor.py:927} WARNING - No viable dags retrieved from /opt/airflow/dags/env/Scripts/daff.exe
[2025-03-28T13:27:06.234+0000] {processor.py:208} INFO - Processing /opt/airflow/dags/env/Scripts/daff.exe took 0.068 seconds
[2025-03-28T13:27:37.929+0000] {processor.py:186} INFO - Started process (PID=2200) to work on /opt/airflow/dags/env/Scripts/daff.exe
[2025-03-28T13:27:37.930+0000] {processor.py:914} INFO - Processing file /opt/airflow/dags/env/Scripts/daff.exe for tasks to queue
[2025-03-28T13:27:37.932+0000] {logging_mixin.py:190} INFO - [2025-03-28T13:27:37.932+0000] {dagbag.py:588} INFO - Filling up the DagBag from /opt/airflow/dags/env/Scripts/daff.exe
[2025-03-28T13:27:37.947+0000] {logging_mixin.py:190} INFO - [2025-03-28T13:27:37.947+0000] {dagbag.py:435} INFO - File /opt/airflow/dags/env/Scripts/daff.exe:__main__.py assumed to contain no DAGs. Skipping.
[2025-03-28T13:27:37.948+0000] {processor.py:927} WARNING - No viable dags retrieved from /opt/airflow/dags/env/Scripts/daff.exe
[2025-03-28T13:27:37.977+0000] {processor.py:208} INFO - Processing /opt/airflow/dags/env/Scripts/daff.exe took 0.066 seconds
[2025-03-28T13:32:08.647+0000] {processor.py:186} INFO - Started process (PID=2232) to work on /opt/airflow/dags/env/Scripts/daff.exe
[2025-03-28T13:32:08.649+0000] {processor.py:914} INFO - Processing file /opt/airflow/dags/env/Scripts/daff.exe for tasks to queue
[2025-03-28T13:32:08.651+0000] {logging_mixin.py:190} INFO - [2025-03-28T13:32:08.650+0000] {dagbag.py:588} INFO - Filling up the DagBag from /opt/airflow/dags/env/Scripts/daff.exe
[2025-03-28T13:32:08.668+0000] {logging_mixin.py:190} INFO - [2025-03-28T13:32:08.668+0000] {dagbag.py:435} INFO - File /opt/airflow/dags/env/Scripts/daff.exe:__main__.py assumed to contain no DAGs. Skipping.
[2025-03-28T13:32:08.670+0000] {processor.py:927} WARNING - No viable dags retrieved from /opt/airflow/dags/env/Scripts/daff.exe
[2025-03-28T13:32:08.697+0000] {processor.py:208} INFO - Processing /opt/airflow/dags/env/Scripts/daff.exe took 0.065 seconds
[2025-03-28T13:32:40.401+0000] {processor.py:186} INFO - Started process (PID=2256) to work on /opt/airflow/dags/env/Scripts/daff.exe
[2025-03-28T13:32:40.403+0000] {processor.py:914} INFO - Processing file /opt/airflow/dags/env/Scripts/daff.exe for tasks to queue
[2025-03-28T13:32:40.404+0000] {logging_mixin.py:190} INFO - [2025-03-28T13:32:40.404+0000] {dagbag.py:588} INFO - Filling up the DagBag from /opt/airflow/dags/env/Scripts/daff.exe
[2025-03-28T13:32:40.416+0000] {logging_mixin.py:190} INFO - [2025-03-28T13:32:40.415+0000] {dagbag.py:435} INFO - File /opt/airflow/dags/env/Scripts/daff.exe:__main__.py assumed to contain no DAGs. Skipping.
[2025-03-28T13:32:40.416+0000] {processor.py:927} WARNING - No viable dags retrieved from /opt/airflow/dags/env/Scripts/daff.exe
[2025-03-28T13:32:40.438+0000] {processor.py:208} INFO - Processing /opt/airflow/dags/env/Scripts/daff.exe took 0.048 seconds
[2025-03-28T13:37:11.889+0000] {processor.py:186} INFO - Started process (PID=2286) to work on /opt/airflow/dags/env/Scripts/daff.exe
[2025-03-28T13:37:11.891+0000] {processor.py:914} INFO - Processing file /opt/airflow/dags/env/Scripts/daff.exe for tasks to queue
[2025-03-28T13:37:11.893+0000] {logging_mixin.py:190} INFO - [2025-03-28T13:37:11.892+0000] {dagbag.py:588} INFO - Filling up the DagBag from /opt/airflow/dags/env/Scripts/daff.exe
[2025-03-28T13:37:11.906+0000] {logging_mixin.py:190} INFO - [2025-03-28T13:37:11.905+0000] {dagbag.py:435} INFO - File /opt/airflow/dags/env/Scripts/daff.exe:__main__.py assumed to contain no DAGs. Skipping.
[2025-03-28T13:37:11.907+0000] {processor.py:927} WARNING - No viable dags retrieved from /opt/airflow/dags/env/Scripts/daff.exe
[2025-03-28T13:37:11.929+0000] {processor.py:208} INFO - Processing /opt/airflow/dags/env/Scripts/daff.exe took 0.051 seconds
[2025-03-28T13:37:43.955+0000] {processor.py:186} INFO - Started process (PID=2310) to work on /opt/airflow/dags/env/Scripts/daff.exe
[2025-03-28T13:37:43.956+0000] {processor.py:914} INFO - Processing file /opt/airflow/dags/env/Scripts/daff.exe for tasks to queue
[2025-03-28T13:37:43.958+0000] {logging_mixin.py:190} INFO - [2025-03-28T13:37:43.957+0000] {dagbag.py:588} INFO - Filling up the DagBag from /opt/airflow/dags/env/Scripts/daff.exe
[2025-03-28T13:37:43.969+0000] {logging_mixin.py:190} INFO - [2025-03-28T13:37:43.969+0000] {dagbag.py:435} INFO - File /opt/airflow/dags/env/Scripts/daff.exe:__main__.py assumed to contain no DAGs. Skipping.
[2025-03-28T13:37:43.970+0000] {processor.py:927} WARNING - No viable dags retrieved from /opt/airflow/dags/env/Scripts/daff.exe
[2025-03-28T13:37:43.993+0000] {processor.py:208} INFO - Processing /opt/airflow/dags/env/Scripts/daff.exe took 0.050 seconds
[2025-03-28T13:42:06.925+0000] {processor.py:186} INFO - Started process (PID=2337) to work on /opt/airflow/dags/env/Scripts/daff.exe
[2025-03-28T13:42:06.928+0000] {processor.py:914} INFO - Processing file /opt/airflow/dags/env/Scripts/daff.exe for tasks to queue
[2025-03-28T13:42:06.931+0000] {logging_mixin.py:190} INFO - [2025-03-28T13:42:06.930+0000] {dagbag.py:588} INFO - Filling up the DagBag from /opt/airflow/dags/env/Scripts/daff.exe
[2025-03-28T13:42:06.951+0000] {logging_mixin.py:190} INFO - [2025-03-28T13:42:06.951+0000] {dagbag.py:435} INFO - File /opt/airflow/dags/env/Scripts/daff.exe:__main__.py assumed to contain no DAGs. Skipping.
[2025-03-28T13:42:06.953+0000] {processor.py:927} WARNING - No viable dags retrieved from /opt/airflow/dags/env/Scripts/daff.exe
[2025-03-28T13:42:06.980+0000] {processor.py:208} INFO - Processing /opt/airflow/dags/env/Scripts/daff.exe took 0.076 seconds
[2025-03-28T13:42:39.633+0000] {processor.py:186} INFO - Started process (PID=2361) to work on /opt/airflow/dags/env/Scripts/daff.exe
[2025-03-28T13:42:39.635+0000] {processor.py:914} INFO - Processing file /opt/airflow/dags/env/Scripts/daff.exe for tasks to queue
[2025-03-28T13:42:39.637+0000] {logging_mixin.py:190} INFO - [2025-03-28T13:42:39.636+0000] {dagbag.py:588} INFO - Filling up the DagBag from /opt/airflow/dags/env/Scripts/daff.exe
[2025-03-28T13:42:39.655+0000] {logging_mixin.py:190} INFO - [2025-03-28T13:42:39.654+0000] {dagbag.py:435} INFO - File /opt/airflow/dags/env/Scripts/daff.exe:__main__.py assumed to contain no DAGs. Skipping.
[2025-03-28T13:42:39.656+0000] {processor.py:927} WARNING - No viable dags retrieved from /opt/airflow/dags/env/Scripts/daff.exe
[2025-03-28T13:42:39.688+0000] {processor.py:208} INFO - Processing /opt/airflow/dags/env/Scripts/daff.exe took 0.067 seconds
[2025-03-28T13:47:05.862+0000] {processor.py:186} INFO - Started process (PID=2392) to work on /opt/airflow/dags/env/Scripts/daff.exe
[2025-03-28T13:47:05.863+0000] {processor.py:914} INFO - Processing file /opt/airflow/dags/env/Scripts/daff.exe for tasks to queue
[2025-03-28T13:47:05.866+0000] {logging_mixin.py:190} INFO - [2025-03-28T13:47:05.865+0000] {dagbag.py:588} INFO - Filling up the DagBag from /opt/airflow/dags/env/Scripts/daff.exe
[2025-03-28T13:47:05.882+0000] {logging_mixin.py:190} INFO - [2025-03-28T13:47:05.882+0000] {dagbag.py:435} INFO - File /opt/airflow/dags/env/Scripts/daff.exe:__main__.py assumed to contain no DAGs. Skipping.
[2025-03-28T13:47:05.884+0000] {processor.py:927} WARNING - No viable dags retrieved from /opt/airflow/dags/env/Scripts/daff.exe
[2025-03-28T13:47:05.911+0000] {processor.py:208} INFO - Processing /opt/airflow/dags/env/Scripts/daff.exe took 0.062 seconds
[2025-03-28T13:47:36.549+0000] {processor.py:186} INFO - Started process (PID=2416) to work on /opt/airflow/dags/env/Scripts/daff.exe
[2025-03-28T13:47:36.550+0000] {processor.py:914} INFO - Processing file /opt/airflow/dags/env/Scripts/daff.exe for tasks to queue
[2025-03-28T13:47:36.552+0000] {logging_mixin.py:190} INFO - [2025-03-28T13:47:36.552+0000] {dagbag.py:588} INFO - Filling up the DagBag from /opt/airflow/dags/env/Scripts/daff.exe
[2025-03-28T13:47:36.568+0000] {logging_mixin.py:190} INFO - [2025-03-28T13:47:36.567+0000] {dagbag.py:435} INFO - File /opt/airflow/dags/env/Scripts/daff.exe:__main__.py assumed to contain no DAGs. Skipping.
[2025-03-28T13:47:36.569+0000] {processor.py:927} WARNING - No viable dags retrieved from /opt/airflow/dags/env/Scripts/daff.exe
[2025-03-28T13:47:36.597+0000] {processor.py:208} INFO - Processing /opt/airflow/dags/env/Scripts/daff.exe took 0.062 seconds
[2025-03-28T13:52:08.773+0000] {processor.py:186} INFO - Started process (PID=2450) to work on /opt/airflow/dags/env/Scripts/daff.exe
[2025-03-28T13:52:08.774+0000] {processor.py:914} INFO - Processing file /opt/airflow/dags/env/Scripts/daff.exe for tasks to queue
[2025-03-28T13:52:08.776+0000] {logging_mixin.py:190} INFO - [2025-03-28T13:52:08.776+0000] {dagbag.py:588} INFO - Filling up the DagBag from /opt/airflow/dags/env/Scripts/daff.exe
[2025-03-28T13:52:08.790+0000] {logging_mixin.py:190} INFO - [2025-03-28T13:52:08.790+0000] {dagbag.py:435} INFO - File /opt/airflow/dags/env/Scripts/daff.exe:__main__.py assumed to contain no DAGs. Skipping.
[2025-03-28T13:52:08.791+0000] {processor.py:927} WARNING - No viable dags retrieved from /opt/airflow/dags/env/Scripts/daff.exe
[2025-03-28T13:52:08.819+0000] {processor.py:208} INFO - Processing /opt/airflow/dags/env/Scripts/daff.exe took 0.057 seconds
[2025-03-28T13:52:41.482+0000] {processor.py:186} INFO - Started process (PID=2474) to work on /opt/airflow/dags/env/Scripts/daff.exe
[2025-03-28T13:52:41.483+0000] {processor.py:914} INFO - Processing file /opt/airflow/dags/env/Scripts/daff.exe for tasks to queue
[2025-03-28T13:52:41.486+0000] {logging_mixin.py:190} INFO - [2025-03-28T13:52:41.485+0000] {dagbag.py:588} INFO - Filling up the DagBag from /opt/airflow/dags/env/Scripts/daff.exe
[2025-03-28T13:52:41.498+0000] {logging_mixin.py:190} INFO - [2025-03-28T13:52:41.498+0000] {dagbag.py:435} INFO - File /opt/airflow/dags/env/Scripts/daff.exe:__main__.py assumed to contain no DAGs. Skipping.
[2025-03-28T13:52:41.499+0000] {processor.py:927} WARNING - No viable dags retrieved from /opt/airflow/dags/env/Scripts/daff.exe
[2025-03-28T13:52:41.534+0000] {processor.py:208} INFO - Processing /opt/airflow/dags/env/Scripts/daff.exe took 0.064 seconds
[2025-03-28T13:57:11.639+0000] {processor.py:186} INFO - Started process (PID=2505) to work on /opt/airflow/dags/env/Scripts/daff.exe
[2025-03-28T13:57:11.640+0000] {processor.py:914} INFO - Processing file /opt/airflow/dags/env/Scripts/daff.exe for tasks to queue
[2025-03-28T13:57:11.643+0000] {logging_mixin.py:190} INFO - [2025-03-28T13:57:11.643+0000] {dagbag.py:588} INFO - Filling up the DagBag from /opt/airflow/dags/env/Scripts/daff.exe
[2025-03-28T13:57:11.658+0000] {logging_mixin.py:190} INFO - [2025-03-28T13:57:11.657+0000] {dagbag.py:435} INFO - File /opt/airflow/dags/env/Scripts/daff.exe:__main__.py assumed to contain no DAGs. Skipping.
[2025-03-28T13:57:11.659+0000] {processor.py:927} WARNING - No viable dags retrieved from /opt/airflow/dags/env/Scripts/daff.exe
[2025-03-28T13:57:11.680+0000] {processor.py:208} INFO - Processing /opt/airflow/dags/env/Scripts/daff.exe took 0.059 seconds
[2025-03-28T13:57:43.305+0000] {processor.py:186} INFO - Started process (PID=2529) to work on /opt/airflow/dags/env/Scripts/daff.exe
[2025-03-28T13:57:43.306+0000] {processor.py:914} INFO - Processing file /opt/airflow/dags/env/Scripts/daff.exe for tasks to queue
[2025-03-28T13:57:43.308+0000] {logging_mixin.py:190} INFO - [2025-03-28T13:57:43.308+0000] {dagbag.py:588} INFO - Filling up the DagBag from /opt/airflow/dags/env/Scripts/daff.exe
[2025-03-28T13:57:43.324+0000] {logging_mixin.py:190} INFO - [2025-03-28T13:57:43.324+0000] {dagbag.py:435} INFO - File /opt/airflow/dags/env/Scripts/daff.exe:__main__.py assumed to contain no DAGs. Skipping.
[2025-03-28T13:57:43.326+0000] {processor.py:927} WARNING - No viable dags retrieved from /opt/airflow/dags/env/Scripts/daff.exe
[2025-03-28T13:57:43.350+0000] {processor.py:208} INFO - Processing /opt/airflow/dags/env/Scripts/daff.exe took 0.058 seconds
[2025-03-28T14:02:08.860+0000] {processor.py:186} INFO - Started process (PID=2558) to work on /opt/airflow/dags/env/Scripts/daff.exe
[2025-03-28T14:02:08.861+0000] {processor.py:914} INFO - Processing file /opt/airflow/dags/env/Scripts/daff.exe for tasks to queue
[2025-03-28T14:02:08.863+0000] {logging_mixin.py:190} INFO - [2025-03-28T14:02:08.863+0000] {dagbag.py:588} INFO - Filling up the DagBag from /opt/airflow/dags/env/Scripts/daff.exe
[2025-03-28T14:02:08.874+0000] {logging_mixin.py:190} INFO - [2025-03-28T14:02:08.874+0000] {dagbag.py:435} INFO - File /opt/airflow/dags/env/Scripts/daff.exe:__main__.py assumed to contain no DAGs. Skipping.
[2025-03-28T14:02:08.875+0000] {processor.py:927} WARNING - No viable dags retrieved from /opt/airflow/dags/env/Scripts/daff.exe
[2025-03-28T14:02:08.897+0000] {processor.py:208} INFO - Processing /opt/airflow/dags/env/Scripts/daff.exe took 0.049 seconds
[2025-03-28T14:02:40.496+0000] {processor.py:186} INFO - Started process (PID=2582) to work on /opt/airflow/dags/env/Scripts/daff.exe
[2025-03-28T14:02:40.497+0000] {processor.py:914} INFO - Processing file /opt/airflow/dags/env/Scripts/daff.exe for tasks to queue
[2025-03-28T14:02:40.499+0000] {logging_mixin.py:190} INFO - [2025-03-28T14:02:40.498+0000] {dagbag.py:588} INFO - Filling up the DagBag from /opt/airflow/dags/env/Scripts/daff.exe
[2025-03-28T14:02:40.511+0000] {logging_mixin.py:190} INFO - [2025-03-28T14:02:40.511+0000] {dagbag.py:435} INFO - File /opt/airflow/dags/env/Scripts/daff.exe:__main__.py assumed to contain no DAGs. Skipping.
[2025-03-28T14:02:40.512+0000] {processor.py:927} WARNING - No viable dags retrieved from /opt/airflow/dags/env/Scripts/daff.exe
[2025-03-28T14:02:40.532+0000] {processor.py:208} INFO - Processing /opt/airflow/dags/env/Scripts/daff.exe took 0.048 seconds
[2025-03-28T14:07:12.679+0000] {processor.py:186} INFO - Started process (PID=2613) to work on /opt/airflow/dags/env/Scripts/daff.exe
[2025-03-28T14:07:12.681+0000] {processor.py:914} INFO - Processing file /opt/airflow/dags/env/Scripts/daff.exe for tasks to queue
[2025-03-28T14:07:12.683+0000] {logging_mixin.py:190} INFO - [2025-03-28T14:07:12.682+0000] {dagbag.py:588} INFO - Filling up the DagBag from /opt/airflow/dags/env/Scripts/daff.exe
[2025-03-28T14:07:12.700+0000] {logging_mixin.py:190} INFO - [2025-03-28T14:07:12.699+0000] {dagbag.py:435} INFO - File /opt/airflow/dags/env/Scripts/daff.exe:__main__.py assumed to contain no DAGs. Skipping.
[2025-03-28T14:07:12.701+0000] {processor.py:927} WARNING - No viable dags retrieved from /opt/airflow/dags/env/Scripts/daff.exe
[2025-03-28T14:07:12.728+0000] {processor.py:208} INFO - Processing /opt/airflow/dags/env/Scripts/daff.exe took 0.063 seconds
[2025-03-28T14:07:44.909+0000] {processor.py:186} INFO - Started process (PID=2637) to work on /opt/airflow/dags/env/Scripts/daff.exe
[2025-03-28T14:07:44.910+0000] {processor.py:914} INFO - Processing file /opt/airflow/dags/env/Scripts/daff.exe for tasks to queue
[2025-03-28T14:07:44.912+0000] {logging_mixin.py:190} INFO - [2025-03-28T14:07:44.911+0000] {dagbag.py:588} INFO - Filling up the DagBag from /opt/airflow/dags/env/Scripts/daff.exe
[2025-03-28T14:07:44.925+0000] {logging_mixin.py:190} INFO - [2025-03-28T14:07:44.924+0000] {dagbag.py:435} INFO - File /opt/airflow/dags/env/Scripts/daff.exe:__main__.py assumed to contain no DAGs. Skipping.
[2025-03-28T14:07:44.926+0000] {processor.py:927} WARNING - No viable dags retrieved from /opt/airflow/dags/env/Scripts/daff.exe
[2025-03-28T14:07:44.950+0000] {processor.py:208} INFO - Processing /opt/airflow/dags/env/Scripts/daff.exe took 0.056 seconds
[2025-03-28T14:12:12.894+0000] {processor.py:186} INFO - Started process (PID=2665) to work on /opt/airflow/dags/env/Scripts/daff.exe
[2025-03-28T14:12:12.895+0000] {processor.py:914} INFO - Processing file /opt/airflow/dags/env/Scripts/daff.exe for tasks to queue
[2025-03-28T14:12:12.897+0000] {logging_mixin.py:190} INFO - [2025-03-28T14:12:12.896+0000] {dagbag.py:588} INFO - Filling up the DagBag from /opt/airflow/dags/env/Scripts/daff.exe
[2025-03-28T14:12:12.909+0000] {logging_mixin.py:190} INFO - [2025-03-28T14:12:12.909+0000] {dagbag.py:435} INFO - File /opt/airflow/dags/env/Scripts/daff.exe:__main__.py assumed to contain no DAGs. Skipping.
[2025-03-28T14:12:12.910+0000] {processor.py:927} WARNING - No viable dags retrieved from /opt/airflow/dags/env/Scripts/daff.exe
[2025-03-28T14:12:12.931+0000] {processor.py:208} INFO - Processing /opt/airflow/dags/env/Scripts/daff.exe took 0.049 seconds
[2025-03-28T14:12:44.160+0000] {processor.py:186} INFO - Started process (PID=2689) to work on /opt/airflow/dags/env/Scripts/daff.exe
[2025-03-28T14:12:44.162+0000] {processor.py:914} INFO - Processing file /opt/airflow/dags/env/Scripts/daff.exe for tasks to queue
[2025-03-28T14:12:44.164+0000] {logging_mixin.py:190} INFO - [2025-03-28T14:12:44.163+0000] {dagbag.py:588} INFO - Filling up the DagBag from /opt/airflow/dags/env/Scripts/daff.exe
[2025-03-28T14:12:44.177+0000] {logging_mixin.py:190} INFO - [2025-03-28T14:12:44.177+0000] {dagbag.py:435} INFO - File /opt/airflow/dags/env/Scripts/daff.exe:__main__.py assumed to contain no DAGs. Skipping.
[2025-03-28T14:12:44.178+0000] {processor.py:927} WARNING - No viable dags retrieved from /opt/airflow/dags/env/Scripts/daff.exe
[2025-03-28T14:12:44.203+0000] {processor.py:208} INFO - Processing /opt/airflow/dags/env/Scripts/daff.exe took 0.054 seconds
[2025-03-28T14:17:18.541+0000] {processor.py:186} INFO - Started process (PID=2717) to work on /opt/airflow/dags/env/Scripts/daff.exe
[2025-03-28T14:17:18.542+0000] {processor.py:914} INFO - Processing file /opt/airflow/dags/env/Scripts/daff.exe for tasks to queue
[2025-03-28T14:17:18.545+0000] {logging_mixin.py:190} INFO - [2025-03-28T14:17:18.544+0000] {dagbag.py:588} INFO - Filling up the DagBag from /opt/airflow/dags/env/Scripts/daff.exe
[2025-03-28T14:17:18.562+0000] {logging_mixin.py:190} INFO - [2025-03-28T14:17:18.562+0000] {dagbag.py:435} INFO - File /opt/airflow/dags/env/Scripts/daff.exe:__main__.py assumed to contain no DAGs. Skipping.
[2025-03-28T14:17:18.563+0000] {processor.py:927} WARNING - No viable dags retrieved from /opt/airflow/dags/env/Scripts/daff.exe
[2025-03-28T14:17:18.588+0000] {processor.py:208} INFO - Processing /opt/airflow/dags/env/Scripts/daff.exe took 0.063 seconds
[2025-03-28T14:17:50.478+0000] {processor.py:186} INFO - Started process (PID=2741) to work on /opt/airflow/dags/env/Scripts/daff.exe
[2025-03-28T14:17:50.480+0000] {processor.py:914} INFO - Processing file /opt/airflow/dags/env/Scripts/daff.exe for tasks to queue
[2025-03-28T14:17:50.482+0000] {logging_mixin.py:190} INFO - [2025-03-28T14:17:50.481+0000] {dagbag.py:588} INFO - Filling up the DagBag from /opt/airflow/dags/env/Scripts/daff.exe
[2025-03-28T14:17:50.495+0000] {logging_mixin.py:190} INFO - [2025-03-28T14:17:50.495+0000] {dagbag.py:435} INFO - File /opt/airflow/dags/env/Scripts/daff.exe:__main__.py assumed to contain no DAGs. Skipping.
[2025-03-28T14:17:50.496+0000] {processor.py:927} WARNING - No viable dags retrieved from /opt/airflow/dags/env/Scripts/daff.exe
[2025-03-28T14:17:50.518+0000] {processor.py:208} INFO - Processing /opt/airflow/dags/env/Scripts/daff.exe took 0.051 seconds
[2025-03-28T14:22:13.276+0000] {processor.py:186} INFO - Started process (PID=2766) to work on /opt/airflow/dags/env/Scripts/daff.exe
[2025-03-28T14:22:13.277+0000] {processor.py:914} INFO - Processing file /opt/airflow/dags/env/Scripts/daff.exe for tasks to queue
[2025-03-28T14:22:13.279+0000] {logging_mixin.py:190} INFO - [2025-03-28T14:22:13.279+0000] {dagbag.py:588} INFO - Filling up the DagBag from /opt/airflow/dags/env/Scripts/daff.exe
[2025-03-28T14:22:13.292+0000] {logging_mixin.py:190} INFO - [2025-03-28T14:22:13.292+0000] {dagbag.py:435} INFO - File /opt/airflow/dags/env/Scripts/daff.exe:__main__.py assumed to contain no DAGs. Skipping.
[2025-03-28T14:22:13.293+0000] {processor.py:927} WARNING - No viable dags retrieved from /opt/airflow/dags/env/Scripts/daff.exe
[2025-03-28T14:22:13.314+0000] {processor.py:208} INFO - Processing /opt/airflow/dags/env/Scripts/daff.exe took 0.049 seconds
[2025-03-28T14:22:45.394+0000] {processor.py:186} INFO - Started process (PID=2790) to work on /opt/airflow/dags/env/Scripts/daff.exe
[2025-03-28T14:22:45.395+0000] {processor.py:914} INFO - Processing file /opt/airflow/dags/env/Scripts/daff.exe for tasks to queue
[2025-03-28T14:22:45.398+0000] {logging_mixin.py:190} INFO - [2025-03-28T14:22:45.397+0000] {dagbag.py:588} INFO - Filling up the DagBag from /opt/airflow/dags/env/Scripts/daff.exe
[2025-03-28T14:22:45.410+0000] {logging_mixin.py:190} INFO - [2025-03-28T14:22:45.410+0000] {dagbag.py:435} INFO - File /opt/airflow/dags/env/Scripts/daff.exe:__main__.py assumed to contain no DAGs. Skipping.
[2025-03-28T14:22:45.411+0000] {processor.py:927} WARNING - No viable dags retrieved from /opt/airflow/dags/env/Scripts/daff.exe
[2025-03-28T14:22:45.434+0000] {processor.py:208} INFO - Processing /opt/airflow/dags/env/Scripts/daff.exe took 0.051 seconds
[2025-03-28T14:27:12.522+0000] {processor.py:186} INFO - Started process (PID=2819) to work on /opt/airflow/dags/env/Scripts/daff.exe
[2025-03-28T14:27:12.523+0000] {processor.py:914} INFO - Processing file /opt/airflow/dags/env/Scripts/daff.exe for tasks to queue
[2025-03-28T14:27:12.526+0000] {logging_mixin.py:190} INFO - [2025-03-28T14:27:12.525+0000] {dagbag.py:588} INFO - Filling up the DagBag from /opt/airflow/dags/env/Scripts/daff.exe
[2025-03-28T14:27:12.540+0000] {logging_mixin.py:190} INFO - [2025-03-28T14:27:12.540+0000] {dagbag.py:435} INFO - File /opt/airflow/dags/env/Scripts/daff.exe:__main__.py assumed to contain no DAGs. Skipping.
[2025-03-28T14:27:12.541+0000] {processor.py:927} WARNING - No viable dags retrieved from /opt/airflow/dags/env/Scripts/daff.exe
[2025-03-28T14:27:12.569+0000] {processor.py:208} INFO - Processing /opt/airflow/dags/env/Scripts/daff.exe took 0.059 seconds
[2025-03-28T14:27:45.560+0000] {processor.py:186} INFO - Started process (PID=2843) to work on /opt/airflow/dags/env/Scripts/daff.exe
[2025-03-28T14:27:45.561+0000] {processor.py:914} INFO - Processing file /opt/airflow/dags/env/Scripts/daff.exe for tasks to queue
[2025-03-28T14:27:45.563+0000] {logging_mixin.py:190} INFO - [2025-03-28T14:27:45.562+0000] {dagbag.py:588} INFO - Filling up the DagBag from /opt/airflow/dags/env/Scripts/daff.exe
[2025-03-28T14:27:45.578+0000] {logging_mixin.py:190} INFO - [2025-03-28T14:27:45.578+0000] {dagbag.py:435} INFO - File /opt/airflow/dags/env/Scripts/daff.exe:__main__.py assumed to contain no DAGs. Skipping.
[2025-03-28T14:27:45.580+0000] {processor.py:927} WARNING - No viable dags retrieved from /opt/airflow/dags/env/Scripts/daff.exe
[2025-03-28T14:27:45.617+0000] {processor.py:208} INFO - Processing /opt/airflow/dags/env/Scripts/daff.exe took 0.069 seconds
[2025-03-28T14:32:10.566+0000] {processor.py:186} INFO - Started process (PID=2873) to work on /opt/airflow/dags/env/Scripts/daff.exe
[2025-03-28T14:32:10.567+0000] {processor.py:914} INFO - Processing file /opt/airflow/dags/env/Scripts/daff.exe for tasks to queue
[2025-03-28T14:32:10.569+0000] {logging_mixin.py:190} INFO - [2025-03-28T14:32:10.569+0000] {dagbag.py:588} INFO - Filling up the DagBag from /opt/airflow/dags/env/Scripts/daff.exe
[2025-03-28T14:32:10.587+0000] {logging_mixin.py:190} INFO - [2025-03-28T14:32:10.587+0000] {dagbag.py:435} INFO - File /opt/airflow/dags/env/Scripts/daff.exe:__main__.py assumed to contain no DAGs. Skipping.
[2025-03-28T14:32:10.589+0000] {processor.py:927} WARNING - No viable dags retrieved from /opt/airflow/dags/env/Scripts/daff.exe
[2025-03-28T14:32:10.618+0000] {processor.py:208} INFO - Processing /opt/airflow/dags/env/Scripts/daff.exe took 0.065 seconds
[2025-03-28T14:32:42.380+0000] {processor.py:186} INFO - Started process (PID=2897) to work on /opt/airflow/dags/env/Scripts/daff.exe
[2025-03-28T14:32:42.381+0000] {processor.py:914} INFO - Processing file /opt/airflow/dags/env/Scripts/daff.exe for tasks to queue
[2025-03-28T14:32:42.382+0000] {logging_mixin.py:190} INFO - [2025-03-28T14:32:42.382+0000] {dagbag.py:588} INFO - Filling up the DagBag from /opt/airflow/dags/env/Scripts/daff.exe
[2025-03-28T14:32:42.393+0000] {logging_mixin.py:190} INFO - [2025-03-28T14:32:42.393+0000] {dagbag.py:435} INFO - File /opt/airflow/dags/env/Scripts/daff.exe:__main__.py assumed to contain no DAGs. Skipping.
[2025-03-28T14:32:42.394+0000] {processor.py:927} WARNING - No viable dags retrieved from /opt/airflow/dags/env/Scripts/daff.exe
[2025-03-28T14:32:42.417+0000] {processor.py:208} INFO - Processing /opt/airflow/dags/env/Scripts/daff.exe took 0.048 seconds
[2025-03-28T14:37:24.211+0000] {processor.py:186} INFO - Started process (PID=2929) to work on /opt/airflow/dags/env/Scripts/daff.exe
[2025-03-28T14:37:24.212+0000] {processor.py:914} INFO - Processing file /opt/airflow/dags/env/Scripts/daff.exe for tasks to queue
[2025-03-28T14:37:24.214+0000] {logging_mixin.py:190} INFO - [2025-03-28T14:37:24.213+0000] {dagbag.py:588} INFO - Filling up the DagBag from /opt/airflow/dags/env/Scripts/daff.exe
[2025-03-28T14:37:24.227+0000] {logging_mixin.py:190} INFO - [2025-03-28T14:37:24.226+0000] {dagbag.py:435} INFO - File /opt/airflow/dags/env/Scripts/daff.exe:__main__.py assumed to contain no DAGs. Skipping.
[2025-03-28T14:37:24.228+0000] {processor.py:927} WARNING - No viable dags retrieved from /opt/airflow/dags/env/Scripts/daff.exe
[2025-03-28T14:37:24.251+0000] {processor.py:208} INFO - Processing /opt/airflow/dags/env/Scripts/daff.exe took 0.051 seconds
[2025-03-28T14:37:56.767+0000] {processor.py:186} INFO - Started process (PID=2953) to work on /opt/airflow/dags/env/Scripts/daff.exe
[2025-03-28T14:37:56.769+0000] {processor.py:914} INFO - Processing file /opt/airflow/dags/env/Scripts/daff.exe for tasks to queue
[2025-03-28T14:37:56.770+0000] {logging_mixin.py:190} INFO - [2025-03-28T14:37:56.770+0000] {dagbag.py:588} INFO - Filling up the DagBag from /opt/airflow/dags/env/Scripts/daff.exe
[2025-03-28T14:37:56.784+0000] {logging_mixin.py:190} INFO - [2025-03-28T14:37:56.783+0000] {dagbag.py:435} INFO - File /opt/airflow/dags/env/Scripts/daff.exe:__main__.py assumed to contain no DAGs. Skipping.
[2025-03-28T14:37:56.785+0000] {processor.py:927} WARNING - No viable dags retrieved from /opt/airflow/dags/env/Scripts/daff.exe
[2025-03-28T14:37:56.806+0000] {processor.py:208} INFO - Processing /opt/airflow/dags/env/Scripts/daff.exe took 0.050 seconds
[2025-03-28T15:05:03.339+0000] {processor.py:186} INFO - Started process (PID=116) to work on /opt/airflow/dags/env/Scripts/daff.exe
[2025-03-28T15:05:03.351+0000] {processor.py:914} INFO - Processing file /opt/airflow/dags/env/Scripts/daff.exe for tasks to queue
[2025-03-28T15:05:03.357+0000] {logging_mixin.py:190} INFO - [2025-03-28T15:05:03.356+0000] {dagbag.py:588} INFO - Filling up the DagBag from /opt/airflow/dags/env/Scripts/daff.exe
[2025-03-28T15:05:03.387+0000] {logging_mixin.py:190} INFO - [2025-03-28T15:05:03.386+0000] {dagbag.py:435} INFO - File /opt/airflow/dags/env/Scripts/daff.exe:__main__.py assumed to contain no DAGs. Skipping.
[2025-03-28T15:05:03.389+0000] {processor.py:927} WARNING - No viable dags retrieved from /opt/airflow/dags/env/Scripts/daff.exe
[2025-03-28T15:05:03.477+0000] {processor.py:208} INFO - Processing /opt/airflow/dags/env/Scripts/daff.exe took 0.157 seconds
[2025-03-28T15:16:35.494+0000] {processor.py:186} INFO - Started process (PID=174) to work on /opt/airflow/dags/env/Scripts/daff.exe
[2025-03-28T15:16:35.495+0000] {processor.py:914} INFO - Processing file /opt/airflow/dags/env/Scripts/daff.exe for tasks to queue
[2025-03-28T15:16:35.499+0000] {logging_mixin.py:190} INFO - [2025-03-28T15:16:35.499+0000] {dagbag.py:588} INFO - Filling up the DagBag from /opt/airflow/dags/env/Scripts/daff.exe
[2025-03-28T15:16:35.516+0000] {logging_mixin.py:190} INFO - [2025-03-28T15:16:35.515+0000] {dagbag.py:435} INFO - File /opt/airflow/dags/env/Scripts/daff.exe:__main__.py assumed to contain no DAGs. Skipping.
[2025-03-28T15:16:35.517+0000] {processor.py:927} WARNING - No viable dags retrieved from /opt/airflow/dags/env/Scripts/daff.exe
[2025-03-28T15:16:35.546+0000] {processor.py:208} INFO - Processing /opt/airflow/dags/env/Scripts/daff.exe took 0.060 seconds
[2025-03-28T15:53:06.013+0000] {processor.py:186} INFO - Started process (PID=245) to work on /opt/airflow/dags/env/Scripts/daff.exe
[2025-03-28T15:53:06.017+0000] {processor.py:914} INFO - Processing file /opt/airflow/dags/env/Scripts/daff.exe for tasks to queue
[2025-03-28T15:53:06.032+0000] {logging_mixin.py:190} INFO - [2025-03-28T15:53:06.027+0000] {dagbag.py:588} INFO - Filling up the DagBag from /opt/airflow/dags/env/Scripts/daff.exe
[2025-03-28T15:53:06.088+0000] {logging_mixin.py:190} INFO - [2025-03-28T15:53:06.088+0000] {dagbag.py:435} INFO - File /opt/airflow/dags/env/Scripts/daff.exe:__main__.py assumed to contain no DAGs. Skipping.
[2025-03-28T15:53:06.091+0000] {processor.py:927} WARNING - No viable dags retrieved from /opt/airflow/dags/env/Scripts/daff.exe
[2025-03-28T15:53:06.152+0000] {processor.py:208} INFO - Processing /opt/airflow/dags/env/Scripts/daff.exe took 0.171 seconds
[2025-03-28T18:44:14.302+0000] {processor.py:186} INFO - Started process (PID=313) to work on /opt/airflow/dags/env/Scripts/daff.exe
[2025-03-28T18:44:14.304+0000] {processor.py:914} INFO - Processing file /opt/airflow/dags/env/Scripts/daff.exe for tasks to queue
[2025-03-28T18:44:14.310+0000] {logging_mixin.py:190} INFO - [2025-03-28T18:44:14.308+0000] {dagbag.py:588} INFO - Filling up the DagBag from /opt/airflow/dags/env/Scripts/daff.exe
[2025-03-28T18:44:14.333+0000] {logging_mixin.py:190} INFO - [2025-03-28T18:44:14.332+0000] {dagbag.py:435} INFO - File /opt/airflow/dags/env/Scripts/daff.exe:__main__.py assumed to contain no DAGs. Skipping.
[2025-03-28T18:44:14.334+0000] {processor.py:927} WARNING - No viable dags retrieved from /opt/airflow/dags/env/Scripts/daff.exe
[2025-03-28T18:44:14.372+0000] {processor.py:208} INFO - Processing /opt/airflow/dags/env/Scripts/daff.exe took 0.083 seconds
[2025-03-28T21:51:20.978+0000] {processor.py:186} INFO - Started process (PID=339) to work on /opt/airflow/dags/env/Scripts/daff.exe
[2025-03-28T21:51:20.980+0000] {processor.py:914} INFO - Processing file /opt/airflow/dags/env/Scripts/daff.exe for tasks to queue
[2025-03-28T21:51:20.987+0000] {logging_mixin.py:190} INFO - [2025-03-28T21:51:20.985+0000] {dagbag.py:588} INFO - Filling up the DagBag from /opt/airflow/dags/env/Scripts/daff.exe
[2025-03-28T21:51:21.016+0000] {logging_mixin.py:190} INFO - [2025-03-28T21:51:21.015+0000] {dagbag.py:435} INFO - File /opt/airflow/dags/env/Scripts/daff.exe:__main__.py assumed to contain no DAGs. Skipping.
[2025-03-28T21:51:21.018+0000] {processor.py:927} WARNING - No viable dags retrieved from /opt/airflow/dags/env/Scripts/daff.exe
[2025-03-28T21:51:21.059+0000] {processor.py:208} INFO - Processing /opt/airflow/dags/env/Scripts/daff.exe took 0.095 seconds
