[2025-03-28T03:46:03.747+0000] {processor.py:186} INFO - Started process (PID=245) to work on /opt/airflow/dags/env/Scripts/daff.py
[2025-03-28T03:46:03.749+0000] {processor.py:914} INFO - Processing file /opt/airflow/dags/env/Scripts/daff.py for tasks to queue
[2025-03-28T03:46:03.753+0000] {logging_mixin.py:190} INFO - [2025-03-28T03:46:03.752+0000] {dagbag.py:588} INFO - Filling up the DagBag from /opt/airflow/dags/env/Scripts/daff.py
[2025-03-28T03:46:03.916+0000] {processor.py:927} WARNING - No viable dags retrieved from /opt/airflow/dags/env/Scripts/daff.py
[2025-03-28T03:46:03.946+0000] {processor.py:208} INFO - Processing /opt/airflow/dags/env/Scripts/daff.py took 0.218 seconds
[2025-03-28T05:05:33.024+0000] {processor.py:186} INFO - Started process (PID=323) to work on /opt/airflow/dags/env/Scripts/daff.py
[2025-03-28T05:05:33.025+0000] {processor.py:914} INFO - Processing file /opt/airflow/dags/env/Scripts/daff.py for tasks to queue
[2025-03-28T05:05:33.029+0000] {logging_mixin.py:190} INFO - [2025-03-28T05:05:33.028+0000] {dagbag.py:588} INFO - Filling up the DagBag from /opt/airflow/dags/env/Scripts/daff.py
[2025-03-28T05:05:33.089+0000] {processor.py:927} WARNING - No viable dags retrieved from /opt/airflow/dags/env/Scripts/daff.py
[2025-03-28T05:05:33.111+0000] {processor.py:208} INFO - Processing /opt/airflow/dags/env/Scripts/daff.py took 0.100 seconds
[2025-03-28T05:06:04.909+0000] {processor.py:186} INFO - Started process (PID=347) to work on /opt/airflow/dags/env/Scripts/daff.py
[2025-03-28T05:06:04.911+0000] {processor.py:914} INFO - Processing file /opt/airflow/dags/env/Scripts/daff.py for tasks to queue
[2025-03-28T05:06:04.915+0000] {logging_mixin.py:190} INFO - [2025-03-28T05:06:04.915+0000] {dagbag.py:588} INFO - Filling up the DagBag from /opt/airflow/dags/env/Scripts/daff.py
[2025-03-28T05:06:04.977+0000] {processor.py:927} WARNING - No viable dags retrieved from /opt/airflow/dags/env/Scripts/daff.py
[2025-03-28T05:06:05.008+0000] {processor.py:208} INFO - Processing /opt/airflow/dags/env/Scripts/daff.py took 0.118 seconds
[2025-03-28T05:17:58.182+0000] {processor.py:186} INFO - Started process (PID=397) to work on /opt/airflow/dags/env/Scripts/daff.py
[2025-03-28T05:17:58.184+0000] {processor.py:914} INFO - Processing file /opt/airflow/dags/env/Scripts/daff.py for tasks to queue
[2025-03-28T05:17:58.188+0000] {logging_mixin.py:190} INFO - [2025-03-28T05:17:58.187+0000] {dagbag.py:588} INFO - Filling up the DagBag from /opt/airflow/dags/env/Scripts/daff.py
[2025-03-28T05:17:58.232+0000] {processor.py:927} WARNING - No viable dags retrieved from /opt/airflow/dags/env/Scripts/daff.py
[2025-03-28T05:17:58.254+0000] {processor.py:208} INFO - Processing /opt/airflow/dags/env/Scripts/daff.py took 0.086 seconds
[2025-03-28T05:18:32.077+0000] {processor.py:186} INFO - Started process (PID=421) to work on /opt/airflow/dags/env/Scripts/daff.py
[2025-03-28T05:18:32.078+0000] {processor.py:914} INFO - Processing file /opt/airflow/dags/env/Scripts/daff.py for tasks to queue
[2025-03-28T05:18:32.082+0000] {logging_mixin.py:190} INFO - [2025-03-28T05:18:32.082+0000] {dagbag.py:588} INFO - Filling up the DagBag from /opt/airflow/dags/env/Scripts/daff.py
[2025-03-28T05:18:32.152+0000] {processor.py:927} WARNING - No viable dags retrieved from /opt/airflow/dags/env/Scripts/daff.py
[2025-03-28T05:18:32.196+0000] {processor.py:208} INFO - Processing /opt/airflow/dags/env/Scripts/daff.py took 0.134 seconds
[2025-03-28T05:34:43.084+0000] {processor.py:186} INFO - Started process (PID=446) to work on /opt/airflow/dags/env/Scripts/daff.py
[2025-03-28T05:34:43.085+0000] {processor.py:914} INFO - Processing file /opt/airflow/dags/env/Scripts/daff.py for tasks to queue
[2025-03-28T05:34:43.091+0000] {logging_mixin.py:190} INFO - [2025-03-28T05:34:43.090+0000] {dagbag.py:588} INFO - Filling up the DagBag from /opt/airflow/dags/env/Scripts/daff.py
[2025-03-28T05:34:43.157+0000] {processor.py:927} WARNING - No viable dags retrieved from /opt/airflow/dags/env/Scripts/daff.py
[2025-03-28T05:34:43.196+0000] {processor.py:208} INFO - Processing /opt/airflow/dags/env/Scripts/daff.py took 0.133 seconds
[2025-03-28T05:40:34.233+0000] {processor.py:186} INFO - Started process (PID=489) to work on /opt/airflow/dags/env/Scripts/daff.py
[2025-03-28T05:40:34.236+0000] {processor.py:914} INFO - Processing file /opt/airflow/dags/env/Scripts/daff.py for tasks to queue
[2025-03-28T05:40:34.244+0000] {logging_mixin.py:190} INFO - [2025-03-28T05:40:34.243+0000] {dagbag.py:588} INFO - Filling up the DagBag from /opt/airflow/dags/env/Scripts/daff.py
[2025-03-28T05:40:34.301+0000] {processor.py:927} WARNING - No viable dags retrieved from /opt/airflow/dags/env/Scripts/daff.py
[2025-03-28T05:40:34.328+0000] {processor.py:208} INFO - Processing /opt/airflow/dags/env/Scripts/daff.py took 0.125 seconds
[2025-03-28T05:45:11.007+0000] {processor.py:186} INFO - Started process (PID=510) to work on /opt/airflow/dags/env/Scripts/daff.py
[2025-03-28T05:45:11.008+0000] {processor.py:914} INFO - Processing file /opt/airflow/dags/env/Scripts/daff.py for tasks to queue
[2025-03-28T05:45:11.011+0000] {logging_mixin.py:190} INFO - [2025-03-28T05:45:11.011+0000] {dagbag.py:588} INFO - Filling up the DagBag from /opt/airflow/dags/env/Scripts/daff.py
[2025-03-28T05:45:11.063+0000] {processor.py:927} WARNING - No viable dags retrieved from /opt/airflow/dags/env/Scripts/daff.py
[2025-03-28T05:45:11.084+0000] {processor.py:208} INFO - Processing /opt/airflow/dags/env/Scripts/daff.py took 0.090 seconds
[2025-03-28T06:00:56.174+0000] {processor.py:186} INFO - Started process (PID=664) to work on /opt/airflow/dags/env/Scripts/daff.py
[2025-03-28T06:00:56.175+0000] {processor.py:914} INFO - Processing file /opt/airflow/dags/env/Scripts/daff.py for tasks to queue
[2025-03-28T06:00:56.179+0000] {logging_mixin.py:190} INFO - [2025-03-28T06:00:56.178+0000] {dagbag.py:588} INFO - Filling up the DagBag from /opt/airflow/dags/env/Scripts/daff.py
[2025-03-28T06:00:56.228+0000] {processor.py:927} WARNING - No viable dags retrieved from /opt/airflow/dags/env/Scripts/daff.py
[2025-03-28T06:00:56.257+0000] {processor.py:208} INFO - Processing /opt/airflow/dags/env/Scripts/daff.py took 0.095 seconds
[2025-03-28T06:10:57.864+0000] {processor.py:186} INFO - Started process (PID=688) to work on /opt/airflow/dags/env/Scripts/daff.py
[2025-03-28T06:10:57.866+0000] {processor.py:914} INFO - Processing file /opt/airflow/dags/env/Scripts/daff.py for tasks to queue
[2025-03-28T06:10:57.871+0000] {logging_mixin.py:190} INFO - [2025-03-28T06:10:57.870+0000] {dagbag.py:588} INFO - Filling up the DagBag from /opt/airflow/dags/env/Scripts/daff.py
[2025-03-28T06:10:57.971+0000] {processor.py:927} WARNING - No viable dags retrieved from /opt/airflow/dags/env/Scripts/daff.py
[2025-03-28T06:10:58.040+0000] {processor.py:208} INFO - Processing /opt/airflow/dags/env/Scripts/daff.py took 0.202 seconds
[2025-03-28T06:47:12.473+0000] {processor.py:186} INFO - Started process (PID=945) to work on /opt/airflow/dags/env/Scripts/daff.py
[2025-03-28T06:47:12.474+0000] {processor.py:914} INFO - Processing file /opt/airflow/dags/env/Scripts/daff.py for tasks to queue
[2025-03-28T06:47:12.477+0000] {logging_mixin.py:190} INFO - [2025-03-28T06:47:12.476+0000] {dagbag.py:588} INFO - Filling up the DagBag from /opt/airflow/dags/env/Scripts/daff.py
[2025-03-28T06:47:12.559+0000] {processor.py:927} WARNING - No viable dags retrieved from /opt/airflow/dags/env/Scripts/daff.py
[2025-03-28T06:47:12.609+0000] {processor.py:208} INFO - Processing /opt/airflow/dags/env/Scripts/daff.py took 0.152 seconds
[2025-03-28T08:42:52.027+0000] {processor.py:186} INFO - Started process (PID=1247) to work on /opt/airflow/dags/env/Scripts/daff.py
[2025-03-28T08:42:52.029+0000] {processor.py:914} INFO - Processing file /opt/airflow/dags/env/Scripts/daff.py for tasks to queue
[2025-03-28T08:42:52.031+0000] {logging_mixin.py:190} INFO - [2025-03-28T08:42:52.031+0000] {dagbag.py:588} INFO - Filling up the DagBag from /opt/airflow/dags/env/Scripts/daff.py
[2025-03-28T08:42:52.101+0000] {processor.py:927} WARNING - No viable dags retrieved from /opt/airflow/dags/env/Scripts/daff.py
[2025-03-28T08:42:52.135+0000] {processor.py:208} INFO - Processing /opt/airflow/dags/env/Scripts/daff.py took 0.122 seconds
[2025-03-28T08:47:56.076+0000] {processor.py:186} INFO - Started process (PID=1272) to work on /opt/airflow/dags/env/Scripts/daff.py
[2025-03-28T08:47:56.078+0000] {processor.py:914} INFO - Processing file /opt/airflow/dags/env/Scripts/daff.py for tasks to queue
[2025-03-28T08:47:56.080+0000] {logging_mixin.py:190} INFO - [2025-03-28T08:47:56.080+0000] {dagbag.py:588} INFO - Filling up the DagBag from /opt/airflow/dags/env/Scripts/daff.py
[2025-03-28T08:47:56.149+0000] {processor.py:927} WARNING - No viable dags retrieved from /opt/airflow/dags/env/Scripts/daff.py
[2025-03-28T08:47:56.179+0000] {processor.py:208} INFO - Processing /opt/airflow/dags/env/Scripts/daff.py took 0.117 seconds
[2025-03-28T09:31:05.123+0000] {processor.py:186} INFO - Started process (PID=1449) to work on /opt/airflow/dags/env/Scripts/daff.py
[2025-03-28T09:31:05.125+0000] {processor.py:914} INFO - Processing file /opt/airflow/dags/env/Scripts/daff.py for tasks to queue
[2025-03-28T09:31:05.129+0000] {logging_mixin.py:190} INFO - [2025-03-28T09:31:05.127+0000] {dagbag.py:588} INFO - Filling up the DagBag from /opt/airflow/dags/env/Scripts/daff.py
[2025-03-28T09:31:05.207+0000] {processor.py:927} WARNING - No viable dags retrieved from /opt/airflow/dags/env/Scripts/daff.py
[2025-03-28T09:31:05.252+0000] {processor.py:208} INFO - Processing /opt/airflow/dags/env/Scripts/daff.py took 0.152 seconds
[2025-03-28T09:31:36.634+0000] {processor.py:186} INFO - Started process (PID=1473) to work on /opt/airflow/dags/env/Scripts/daff.py
[2025-03-28T09:31:36.636+0000] {processor.py:914} INFO - Processing file /opt/airflow/dags/env/Scripts/daff.py for tasks to queue
[2025-03-28T09:31:36.640+0000] {logging_mixin.py:190} INFO - [2025-03-28T09:31:36.639+0000] {dagbag.py:588} INFO - Filling up the DagBag from /opt/airflow/dags/env/Scripts/daff.py
[2025-03-28T09:31:36.716+0000] {processor.py:927} WARNING - No viable dags retrieved from /opt/airflow/dags/env/Scripts/daff.py
[2025-03-28T09:31:36.762+0000] {processor.py:208} INFO - Processing /opt/airflow/dags/env/Scripts/daff.py took 0.150 seconds
[2025-03-28T09:42:08.378+0000] {processor.py:186} INFO - Started process (PID=1499) to work on /opt/airflow/dags/env/Scripts/daff.py
[2025-03-28T09:42:08.379+0000] {processor.py:914} INFO - Processing file /opt/airflow/dags/env/Scripts/daff.py for tasks to queue
[2025-03-28T09:42:08.382+0000] {logging_mixin.py:190} INFO - [2025-03-28T09:42:08.381+0000] {dagbag.py:588} INFO - Filling up the DagBag from /opt/airflow/dags/env/Scripts/daff.py
[2025-03-28T09:42:08.431+0000] {processor.py:927} WARNING - No viable dags retrieved from /opt/airflow/dags/env/Scripts/daff.py
[2025-03-28T09:42:08.464+0000] {processor.py:208} INFO - Processing /opt/airflow/dags/env/Scripts/daff.py took 0.097 seconds
[2025-03-28T09:47:22.471+0000] {processor.py:186} INFO - Started process (PID=1533) to work on /opt/airflow/dags/env/Scripts/daff.py
[2025-03-28T09:47:22.472+0000] {processor.py:914} INFO - Processing file /opt/airflow/dags/env/Scripts/daff.py for tasks to queue
[2025-03-28T09:47:22.474+0000] {logging_mixin.py:190} INFO - [2025-03-28T09:47:22.474+0000] {dagbag.py:588} INFO - Filling up the DagBag from /opt/airflow/dags/env/Scripts/daff.py
[2025-03-28T09:47:22.524+0000] {processor.py:927} WARNING - No viable dags retrieved from /opt/airflow/dags/env/Scripts/daff.py
[2025-03-28T09:47:22.548+0000] {processor.py:208} INFO - Processing /opt/airflow/dags/env/Scripts/daff.py took 0.089 seconds
[2025-03-28T09:52:34.031+0000] {processor.py:186} INFO - Started process (PID=1563) to work on /opt/airflow/dags/env/Scripts/daff.py
[2025-03-28T09:52:34.033+0000] {processor.py:914} INFO - Processing file /opt/airflow/dags/env/Scripts/daff.py for tasks to queue
[2025-03-28T09:52:34.036+0000] {logging_mixin.py:190} INFO - [2025-03-28T09:52:34.036+0000] {dagbag.py:588} INFO - Filling up the DagBag from /opt/airflow/dags/env/Scripts/daff.py
[2025-03-28T09:52:34.123+0000] {processor.py:927} WARNING - No viable dags retrieved from /opt/airflow/dags/env/Scripts/daff.py
[2025-03-28T09:52:34.161+0000] {processor.py:208} INFO - Processing /opt/airflow/dags/env/Scripts/daff.py took 0.152 seconds
[2025-03-28T10:09:14.796+0000] {processor.py:186} INFO - Started process (PID=1588) to work on /opt/airflow/dags/env/Scripts/daff.py
[2025-03-28T10:09:14.798+0000] {processor.py:914} INFO - Processing file /opt/airflow/dags/env/Scripts/daff.py for tasks to queue
[2025-03-28T10:09:14.800+0000] {logging_mixin.py:190} INFO - [2025-03-28T10:09:14.800+0000] {dagbag.py:588} INFO - Filling up the DagBag from /opt/airflow/dags/env/Scripts/daff.py
[2025-03-28T10:09:14.864+0000] {processor.py:927} WARNING - No viable dags retrieved from /opt/airflow/dags/env/Scripts/daff.py
[2025-03-28T10:09:14.891+0000] {processor.py:208} INFO - Processing /opt/airflow/dags/env/Scripts/daff.py took 0.112 seconds
[2025-03-28T10:09:46.737+0000] {processor.py:186} INFO - Started process (PID=1613) to work on /opt/airflow/dags/env/Scripts/daff.py
[2025-03-28T10:09:46.739+0000] {processor.py:914} INFO - Processing file /opt/airflow/dags/env/Scripts/daff.py for tasks to queue
[2025-03-28T10:09:46.741+0000] {logging_mixin.py:190} INFO - [2025-03-28T10:09:46.740+0000] {dagbag.py:588} INFO - Filling up the DagBag from /opt/airflow/dags/env/Scripts/daff.py
[2025-03-28T10:09:46.788+0000] {processor.py:927} WARNING - No viable dags retrieved from /opt/airflow/dags/env/Scripts/daff.py
[2025-03-28T10:09:46.814+0000] {processor.py:208} INFO - Processing /opt/airflow/dags/env/Scripts/daff.py took 0.088 seconds
[2025-03-28T10:27:08.494+0000] {processor.py:186} INFO - Started process (PID=1637) to work on /opt/airflow/dags/env/Scripts/daff.py
[2025-03-28T10:27:08.496+0000] {processor.py:914} INFO - Processing file /opt/airflow/dags/env/Scripts/daff.py for tasks to queue
[2025-03-28T10:27:08.499+0000] {logging_mixin.py:190} INFO - [2025-03-28T10:27:08.499+0000] {dagbag.py:588} INFO - Filling up the DagBag from /opt/airflow/dags/env/Scripts/daff.py
[2025-03-28T10:27:08.578+0000] {processor.py:927} WARNING - No viable dags retrieved from /opt/airflow/dags/env/Scripts/daff.py
[2025-03-28T10:27:08.613+0000] {processor.py:208} INFO - Processing /opt/airflow/dags/env/Scripts/daff.py took 0.145 seconds
[2025-03-28T10:31:31.429+0000] {processor.py:186} INFO - Started process (PID=1663) to work on /opt/airflow/dags/env/Scripts/daff.py
[2025-03-28T10:31:31.431+0000] {processor.py:914} INFO - Processing file /opt/airflow/dags/env/Scripts/daff.py for tasks to queue
[2025-03-28T10:31:31.434+0000] {logging_mixin.py:190} INFO - [2025-03-28T10:31:31.433+0000] {dagbag.py:588} INFO - Filling up the DagBag from /opt/airflow/dags/env/Scripts/daff.py
[2025-03-28T10:31:31.496+0000] {processor.py:927} WARNING - No viable dags retrieved from /opt/airflow/dags/env/Scripts/daff.py
[2025-03-28T10:31:31.525+0000] {processor.py:208} INFO - Processing /opt/airflow/dags/env/Scripts/daff.py took 0.111 seconds
[2025-03-28T10:32:04.695+0000] {processor.py:186} INFO - Started process (PID=1687) to work on /opt/airflow/dags/env/Scripts/daff.py
[2025-03-28T10:32:04.697+0000] {processor.py:914} INFO - Processing file /opt/airflow/dags/env/Scripts/daff.py for tasks to queue
[2025-03-28T10:32:04.701+0000] {logging_mixin.py:190} INFO - [2025-03-28T10:32:04.700+0000] {dagbag.py:588} INFO - Filling up the DagBag from /opt/airflow/dags/env/Scripts/daff.py
[2025-03-28T10:32:04.775+0000] {processor.py:927} WARNING - No viable dags retrieved from /opt/airflow/dags/env/Scripts/daff.py
[2025-03-28T10:32:04.815+0000] {processor.py:208} INFO - Processing /opt/airflow/dags/env/Scripts/daff.py took 0.144 seconds
[2025-03-28T10:36:47.183+0000] {processor.py:186} INFO - Started process (PID=1717) to work on /opt/airflow/dags/env/Scripts/daff.py
[2025-03-28T10:36:47.185+0000] {processor.py:914} INFO - Processing file /opt/airflow/dags/env/Scripts/daff.py for tasks to queue
[2025-03-28T10:36:47.189+0000] {logging_mixin.py:190} INFO - [2025-03-28T10:36:47.188+0000] {dagbag.py:588} INFO - Filling up the DagBag from /opt/airflow/dags/env/Scripts/daff.py
[2025-03-28T10:36:47.283+0000] {processor.py:927} WARNING - No viable dags retrieved from /opt/airflow/dags/env/Scripts/daff.py
[2025-03-28T10:36:47.332+0000] {processor.py:208} INFO - Processing /opt/airflow/dags/env/Scripts/daff.py took 0.171 seconds
[2025-03-28T11:52:33.999+0000] {processor.py:186} INFO - Started process (PID=1762) to work on /opt/airflow/dags/env/Scripts/daff.py
[2025-03-28T11:52:34.001+0000] {processor.py:914} INFO - Processing file /opt/airflow/dags/env/Scripts/daff.py for tasks to queue
[2025-03-28T11:52:34.003+0000] {logging_mixin.py:190} INFO - [2025-03-28T11:52:34.003+0000] {dagbag.py:588} INFO - Filling up the DagBag from /opt/airflow/dags/env/Scripts/daff.py
[2025-03-28T11:52:34.062+0000] {processor.py:927} WARNING - No viable dags retrieved from /opt/airflow/dags/env/Scripts/daff.py
[2025-03-28T11:52:34.087+0000] {processor.py:208} INFO - Processing /opt/airflow/dags/env/Scripts/daff.py took 0.107 seconds
[2025-03-28T11:53:12.817+0000] {processor.py:186} INFO - Started process (PID=1786) to work on /opt/airflow/dags/env/Scripts/daff.py
[2025-03-28T11:53:12.819+0000] {processor.py:914} INFO - Processing file /opt/airflow/dags/env/Scripts/daff.py for tasks to queue
[2025-03-28T11:53:12.822+0000] {logging_mixin.py:190} INFO - [2025-03-28T11:53:12.821+0000] {dagbag.py:588} INFO - Filling up the DagBag from /opt/airflow/dags/env/Scripts/daff.py
[2025-03-28T11:53:12.910+0000] {processor.py:927} WARNING - No viable dags retrieved from /opt/airflow/dags/env/Scripts/daff.py
[2025-03-28T11:53:12.951+0000] {processor.py:208} INFO - Processing /opt/airflow/dags/env/Scripts/daff.py took 0.157 seconds
[2025-03-28T12:52:18.221+0000] {processor.py:186} INFO - Started process (PID=1809) to work on /opt/airflow/dags/env/Scripts/daff.py
[2025-03-28T12:52:18.222+0000] {processor.py:914} INFO - Processing file /opt/airflow/dags/env/Scripts/daff.py for tasks to queue
[2025-03-28T12:52:18.225+0000] {logging_mixin.py:190} INFO - [2025-03-28T12:52:18.224+0000] {dagbag.py:588} INFO - Filling up the DagBag from /opt/airflow/dags/env/Scripts/daff.py
[2025-03-28T12:52:18.278+0000] {processor.py:927} WARNING - No viable dags retrieved from /opt/airflow/dags/env/Scripts/daff.py
[2025-03-28T12:52:18.301+0000] {processor.py:208} INFO - Processing /opt/airflow/dags/env/Scripts/daff.py took 0.091 seconds
[2025-03-28T12:52:49.307+0000] {processor.py:186} INFO - Started process (PID=1833) to work on /opt/airflow/dags/env/Scripts/daff.py
[2025-03-28T12:52:49.308+0000] {processor.py:914} INFO - Processing file /opt/airflow/dags/env/Scripts/daff.py for tasks to queue
[2025-03-28T12:52:49.310+0000] {logging_mixin.py:190} INFO - [2025-03-28T12:52:49.309+0000] {dagbag.py:588} INFO - Filling up the DagBag from /opt/airflow/dags/env/Scripts/daff.py
[2025-03-28T12:52:49.358+0000] {processor.py:927} WARNING - No viable dags retrieved from /opt/airflow/dags/env/Scripts/daff.py
[2025-03-28T12:52:49.385+0000] {processor.py:208} INFO - Processing /opt/airflow/dags/env/Scripts/daff.py took 0.091 seconds
[2025-03-28T12:57:10.680+0000] {processor.py:186} INFO - Started process (PID=1859) to work on /opt/airflow/dags/env/Scripts/daff.py
[2025-03-28T12:57:10.681+0000] {processor.py:914} INFO - Processing file /opt/airflow/dags/env/Scripts/daff.py for tasks to queue
[2025-03-28T12:57:10.683+0000] {logging_mixin.py:190} INFO - [2025-03-28T12:57:10.682+0000] {dagbag.py:588} INFO - Filling up the DagBag from /opt/airflow/dags/env/Scripts/daff.py
[2025-03-28T12:57:10.729+0000] {processor.py:927} WARNING - No viable dags retrieved from /opt/airflow/dags/env/Scripts/daff.py
[2025-03-28T12:57:10.757+0000] {processor.py:208} INFO - Processing /opt/airflow/dags/env/Scripts/daff.py took 0.089 seconds
[2025-03-28T12:57:41.186+0000] {processor.py:186} INFO - Started process (PID=1883) to work on /opt/airflow/dags/env/Scripts/daff.py
[2025-03-28T12:57:41.188+0000] {processor.py:914} INFO - Processing file /opt/airflow/dags/env/Scripts/daff.py for tasks to queue
[2025-03-28T12:57:41.190+0000] {logging_mixin.py:190} INFO - [2025-03-28T12:57:41.189+0000] {dagbag.py:588} INFO - Filling up the DagBag from /opt/airflow/dags/env/Scripts/daff.py
[2025-03-28T12:57:41.238+0000] {processor.py:927} WARNING - No viable dags retrieved from /opt/airflow/dags/env/Scripts/daff.py
[2025-03-28T12:57:41.260+0000] {processor.py:208} INFO - Processing /opt/airflow/dags/env/Scripts/daff.py took 0.086 seconds
[2025-03-28T13:02:11.620+0000] {processor.py:186} INFO - Started process (PID=1912) to work on /opt/airflow/dags/env/Scripts/daff.py
[2025-03-28T13:02:11.621+0000] {processor.py:914} INFO - Processing file /opt/airflow/dags/env/Scripts/daff.py for tasks to queue
[2025-03-28T13:02:11.623+0000] {logging_mixin.py:190} INFO - [2025-03-28T13:02:11.623+0000] {dagbag.py:588} INFO - Filling up the DagBag from /opt/airflow/dags/env/Scripts/daff.py
[2025-03-28T13:02:11.666+0000] {processor.py:927} WARNING - No viable dags retrieved from /opt/airflow/dags/env/Scripts/daff.py
[2025-03-28T13:02:11.688+0000] {processor.py:208} INFO - Processing /opt/airflow/dags/env/Scripts/daff.py took 0.079 seconds
[2025-03-28T13:02:42.894+0000] {processor.py:186} INFO - Started process (PID=1936) to work on /opt/airflow/dags/env/Scripts/daff.py
[2025-03-28T13:02:42.896+0000] {processor.py:914} INFO - Processing file /opt/airflow/dags/env/Scripts/daff.py for tasks to queue
[2025-03-28T13:02:42.898+0000] {logging_mixin.py:190} INFO - [2025-03-28T13:02:42.898+0000] {dagbag.py:588} INFO - Filling up the DagBag from /opt/airflow/dags/env/Scripts/daff.py
[2025-03-28T13:02:42.962+0000] {processor.py:927} WARNING - No viable dags retrieved from /opt/airflow/dags/env/Scripts/daff.py
[2025-03-28T13:02:42.991+0000] {processor.py:208} INFO - Processing /opt/airflow/dags/env/Scripts/daff.py took 0.112 seconds
[2025-03-28T13:07:08.475+0000] {processor.py:186} INFO - Started process (PID=1963) to work on /opt/airflow/dags/env/Scripts/daff.py
[2025-03-28T13:07:08.476+0000] {processor.py:914} INFO - Processing file /opt/airflow/dags/env/Scripts/daff.py for tasks to queue
[2025-03-28T13:07:08.479+0000] {logging_mixin.py:190} INFO - [2025-03-28T13:07:08.478+0000] {dagbag.py:588} INFO - Filling up the DagBag from /opt/airflow/dags/env/Scripts/daff.py
[2025-03-28T13:07:08.542+0000] {processor.py:927} WARNING - No viable dags retrieved from /opt/airflow/dags/env/Scripts/daff.py
[2025-03-28T13:07:08.578+0000] {processor.py:208} INFO - Processing /opt/airflow/dags/env/Scripts/daff.py took 0.119 seconds
[2025-03-28T13:07:40.026+0000] {processor.py:186} INFO - Started process (PID=1987) to work on /opt/airflow/dags/env/Scripts/daff.py
[2025-03-28T13:07:40.028+0000] {processor.py:914} INFO - Processing file /opt/airflow/dags/env/Scripts/daff.py for tasks to queue
[2025-03-28T13:07:40.030+0000] {logging_mixin.py:190} INFO - [2025-03-28T13:07:40.030+0000] {dagbag.py:588} INFO - Filling up the DagBag from /opt/airflow/dags/env/Scripts/daff.py
[2025-03-28T13:07:40.089+0000] {processor.py:927} WARNING - No viable dags retrieved from /opt/airflow/dags/env/Scripts/daff.py
[2025-03-28T13:07:40.115+0000] {processor.py:208} INFO - Processing /opt/airflow/dags/env/Scripts/daff.py took 0.102 seconds
[2025-03-28T13:12:05.905+0000] {processor.py:186} INFO - Started process (PID=2017) to work on /opt/airflow/dags/env/Scripts/daff.py
[2025-03-28T13:12:05.906+0000] {processor.py:914} INFO - Processing file /opt/airflow/dags/env/Scripts/daff.py for tasks to queue
[2025-03-28T13:12:05.908+0000] {logging_mixin.py:190} INFO - [2025-03-28T13:12:05.907+0000] {dagbag.py:588} INFO - Filling up the DagBag from /opt/airflow/dags/env/Scripts/daff.py
[2025-03-28T13:12:05.967+0000] {processor.py:927} WARNING - No viable dags retrieved from /opt/airflow/dags/env/Scripts/daff.py
[2025-03-28T13:12:05.995+0000] {processor.py:208} INFO - Processing /opt/airflow/dags/env/Scripts/daff.py took 0.103 seconds
[2025-03-28T13:12:37.763+0000] {processor.py:186} INFO - Started process (PID=2041) to work on /opt/airflow/dags/env/Scripts/daff.py
[2025-03-28T13:12:37.765+0000] {processor.py:914} INFO - Processing file /opt/airflow/dags/env/Scripts/daff.py for tasks to queue
[2025-03-28T13:12:37.767+0000] {logging_mixin.py:190} INFO - [2025-03-28T13:12:37.766+0000] {dagbag.py:588} INFO - Filling up the DagBag from /opt/airflow/dags/env/Scripts/daff.py
[2025-03-28T13:12:37.815+0000] {processor.py:927} WARNING - No viable dags retrieved from /opt/airflow/dags/env/Scripts/daff.py
[2025-03-28T13:12:37.837+0000] {processor.py:208} INFO - Processing /opt/airflow/dags/env/Scripts/daff.py took 0.086 seconds
[2025-03-28T13:17:10.660+0000] {processor.py:186} INFO - Started process (PID=2073) to work on /opt/airflow/dags/env/Scripts/daff.py
[2025-03-28T13:17:10.661+0000] {processor.py:914} INFO - Processing file /opt/airflow/dags/env/Scripts/daff.py for tasks to queue
[2025-03-28T13:17:10.664+0000] {logging_mixin.py:190} INFO - [2025-03-28T13:17:10.663+0000] {dagbag.py:588} INFO - Filling up the DagBag from /opt/airflow/dags/env/Scripts/daff.py
[2025-03-28T13:17:10.713+0000] {processor.py:927} WARNING - No viable dags retrieved from /opt/airflow/dags/env/Scripts/daff.py
[2025-03-28T13:17:10.738+0000] {processor.py:208} INFO - Processing /opt/airflow/dags/env/Scripts/daff.py took 0.090 seconds
[2025-03-28T13:17:43.424+0000] {processor.py:186} INFO - Started process (PID=2097) to work on /opt/airflow/dags/env/Scripts/daff.py
[2025-03-28T13:17:43.426+0000] {processor.py:914} INFO - Processing file /opt/airflow/dags/env/Scripts/daff.py for tasks to queue
[2025-03-28T13:17:43.428+0000] {logging_mixin.py:190} INFO - [2025-03-28T13:17:43.427+0000] {dagbag.py:588} INFO - Filling up the DagBag from /opt/airflow/dags/env/Scripts/daff.py
[2025-03-28T13:17:43.476+0000] {processor.py:927} WARNING - No viable dags retrieved from /opt/airflow/dags/env/Scripts/daff.py
[2025-03-28T13:17:43.496+0000] {processor.py:208} INFO - Processing /opt/airflow/dags/env/Scripts/daff.py took 0.083 seconds
[2025-03-28T13:22:11.778+0000] {processor.py:186} INFO - Started process (PID=2125) to work on /opt/airflow/dags/env/Scripts/daff.py
[2025-03-28T13:22:11.779+0000] {processor.py:914} INFO - Processing file /opt/airflow/dags/env/Scripts/daff.py for tasks to queue
[2025-03-28T13:22:11.782+0000] {logging_mixin.py:190} INFO - [2025-03-28T13:22:11.781+0000] {dagbag.py:588} INFO - Filling up the DagBag from /opt/airflow/dags/env/Scripts/daff.py
[2025-03-28T13:22:11.830+0000] {processor.py:927} WARNING - No viable dags retrieved from /opt/airflow/dags/env/Scripts/daff.py
[2025-03-28T13:22:11.851+0000] {processor.py:208} INFO - Processing /opt/airflow/dags/env/Scripts/daff.py took 0.086 seconds
[2025-03-28T13:22:44.280+0000] {processor.py:186} INFO - Started process (PID=2149) to work on /opt/airflow/dags/env/Scripts/daff.py
[2025-03-28T13:22:44.282+0000] {processor.py:914} INFO - Processing file /opt/airflow/dags/env/Scripts/daff.py for tasks to queue
[2025-03-28T13:22:44.284+0000] {logging_mixin.py:190} INFO - [2025-03-28T13:22:44.283+0000] {dagbag.py:588} INFO - Filling up the DagBag from /opt/airflow/dags/env/Scripts/daff.py
[2025-03-28T13:22:44.331+0000] {processor.py:927} WARNING - No viable dags retrieved from /opt/airflow/dags/env/Scripts/daff.py
[2025-03-28T13:22:44.354+0000] {processor.py:208} INFO - Processing /opt/airflow/dags/env/Scripts/daff.py took 0.085 seconds
[2025-03-28T13:27:07.153+0000] {processor.py:186} INFO - Started process (PID=2177) to work on /opt/airflow/dags/env/Scripts/daff.py
[2025-03-28T13:27:07.154+0000] {processor.py:914} INFO - Processing file /opt/airflow/dags/env/Scripts/daff.py for tasks to queue
[2025-03-28T13:27:07.156+0000] {logging_mixin.py:190} INFO - [2025-03-28T13:27:07.156+0000] {dagbag.py:588} INFO - Filling up the DagBag from /opt/airflow/dags/env/Scripts/daff.py
[2025-03-28T13:27:07.223+0000] {processor.py:927} WARNING - No viable dags retrieved from /opt/airflow/dags/env/Scripts/daff.py
[2025-03-28T13:27:07.251+0000] {processor.py:208} INFO - Processing /opt/airflow/dags/env/Scripts/daff.py took 0.111 seconds
[2025-03-28T13:27:39.180+0000] {processor.py:186} INFO - Started process (PID=2201) to work on /opt/airflow/dags/env/Scripts/daff.py
[2025-03-28T13:27:39.181+0000] {processor.py:914} INFO - Processing file /opt/airflow/dags/env/Scripts/daff.py for tasks to queue
[2025-03-28T13:27:39.183+0000] {logging_mixin.py:190} INFO - [2025-03-28T13:27:39.182+0000] {dagbag.py:588} INFO - Filling up the DagBag from /opt/airflow/dags/env/Scripts/daff.py
[2025-03-28T13:27:39.227+0000] {processor.py:927} WARNING - No viable dags retrieved from /opt/airflow/dags/env/Scripts/daff.py
[2025-03-28T13:27:39.245+0000] {processor.py:208} INFO - Processing /opt/airflow/dags/env/Scripts/daff.py took 0.449 seconds
[2025-03-28T13:32:09.769+0000] {processor.py:186} INFO - Started process (PID=2233) to work on /opt/airflow/dags/env/Scripts/daff.py
[2025-03-28T13:32:09.770+0000] {processor.py:914} INFO - Processing file /opt/airflow/dags/env/Scripts/daff.py for tasks to queue
[2025-03-28T13:32:09.773+0000] {logging_mixin.py:190} INFO - [2025-03-28T13:32:09.772+0000] {dagbag.py:588} INFO - Filling up the DagBag from /opt/airflow/dags/env/Scripts/daff.py
[2025-03-28T13:32:09.833+0000] {processor.py:927} WARNING - No viable dags retrieved from /opt/airflow/dags/env/Scripts/daff.py
[2025-03-28T13:32:09.859+0000] {processor.py:208} INFO - Processing /opt/airflow/dags/env/Scripts/daff.py took 0.107 seconds
[2025-03-28T13:32:41.410+0000] {processor.py:186} INFO - Started process (PID=2257) to work on /opt/airflow/dags/env/Scripts/daff.py
[2025-03-28T13:32:41.412+0000] {processor.py:914} INFO - Processing file /opt/airflow/dags/env/Scripts/daff.py for tasks to queue
[2025-03-28T13:32:41.414+0000] {logging_mixin.py:190} INFO - [2025-03-28T13:32:41.414+0000] {dagbag.py:588} INFO - Filling up the DagBag from /opt/airflow/dags/env/Scripts/daff.py
[2025-03-28T13:32:41.472+0000] {processor.py:927} WARNING - No viable dags retrieved from /opt/airflow/dags/env/Scripts/daff.py
[2025-03-28T13:32:41.500+0000] {processor.py:208} INFO - Processing /opt/airflow/dags/env/Scripts/daff.py took 0.102 seconds
[2025-03-28T13:37:12.694+0000] {processor.py:186} INFO - Started process (PID=2287) to work on /opt/airflow/dags/env/Scripts/daff.py
[2025-03-28T13:37:12.695+0000] {processor.py:914} INFO - Processing file /opt/airflow/dags/env/Scripts/daff.py for tasks to queue
[2025-03-28T13:37:12.697+0000] {logging_mixin.py:190} INFO - [2025-03-28T13:37:12.697+0000] {dagbag.py:588} INFO - Filling up the DagBag from /opt/airflow/dags/env/Scripts/daff.py
[2025-03-28T13:37:12.743+0000] {processor.py:927} WARNING - No viable dags retrieved from /opt/airflow/dags/env/Scripts/daff.py
[2025-03-28T13:37:12.763+0000] {processor.py:208} INFO - Processing /opt/airflow/dags/env/Scripts/daff.py took 0.081 seconds
[2025-03-28T13:37:45.498+0000] {processor.py:186} INFO - Started process (PID=2311) to work on /opt/airflow/dags/env/Scripts/daff.py
[2025-03-28T13:37:45.499+0000] {processor.py:914} INFO - Processing file /opt/airflow/dags/env/Scripts/daff.py for tasks to queue
[2025-03-28T13:37:45.501+0000] {logging_mixin.py:190} INFO - [2025-03-28T13:37:45.500+0000] {dagbag.py:588} INFO - Filling up the DagBag from /opt/airflow/dags/env/Scripts/daff.py
[2025-03-28T13:37:45.548+0000] {processor.py:927} WARNING - No viable dags retrieved from /opt/airflow/dags/env/Scripts/daff.py
[2025-03-28T13:37:45.569+0000] {processor.py:208} INFO - Processing /opt/airflow/dags/env/Scripts/daff.py took 0.082 seconds
[2025-03-28T13:42:08.389+0000] {processor.py:186} INFO - Started process (PID=2338) to work on /opt/airflow/dags/env/Scripts/daff.py
[2025-03-28T13:42:08.390+0000] {processor.py:914} INFO - Processing file /opt/airflow/dags/env/Scripts/daff.py for tasks to queue
[2025-03-28T13:42:08.393+0000] {logging_mixin.py:190} INFO - [2025-03-28T13:42:08.392+0000] {dagbag.py:588} INFO - Filling up the DagBag from /opt/airflow/dags/env/Scripts/daff.py
[2025-03-28T13:42:08.448+0000] {processor.py:927} WARNING - No viable dags retrieved from /opt/airflow/dags/env/Scripts/daff.py
[2025-03-28T13:42:08.478+0000] {processor.py:208} INFO - Processing /opt/airflow/dags/env/Scripts/daff.py took 0.101 seconds
[2025-03-28T13:42:41.109+0000] {processor.py:186} INFO - Started process (PID=2362) to work on /opt/airflow/dags/env/Scripts/daff.py
[2025-03-28T13:42:41.110+0000] {processor.py:914} INFO - Processing file /opt/airflow/dags/env/Scripts/daff.py for tasks to queue
[2025-03-28T13:42:41.112+0000] {logging_mixin.py:190} INFO - [2025-03-28T13:42:41.112+0000] {dagbag.py:588} INFO - Filling up the DagBag from /opt/airflow/dags/env/Scripts/daff.py
[2025-03-28T13:42:41.157+0000] {processor.py:927} WARNING - No viable dags retrieved from /opt/airflow/dags/env/Scripts/daff.py
[2025-03-28T13:42:41.180+0000] {processor.py:208} INFO - Processing /opt/airflow/dags/env/Scripts/daff.py took 0.082 seconds
[2025-03-28T13:47:06.736+0000] {processor.py:186} INFO - Started process (PID=2393) to work on /opt/airflow/dags/env/Scripts/daff.py
[2025-03-28T13:47:06.737+0000] {processor.py:914} INFO - Processing file /opt/airflow/dags/env/Scripts/daff.py for tasks to queue
[2025-03-28T13:47:06.739+0000] {logging_mixin.py:190} INFO - [2025-03-28T13:47:06.739+0000] {dagbag.py:588} INFO - Filling up the DagBag from /opt/airflow/dags/env/Scripts/daff.py
[2025-03-28T13:47:06.786+0000] {processor.py:927} WARNING - No viable dags retrieved from /opt/airflow/dags/env/Scripts/daff.py
[2025-03-28T13:47:06.807+0000] {processor.py:208} INFO - Processing /opt/airflow/dags/env/Scripts/daff.py took 0.082 seconds
[2025-03-28T13:47:38.026+0000] {processor.py:186} INFO - Started process (PID=2417) to work on /opt/airflow/dags/env/Scripts/daff.py
[2025-03-28T13:47:38.028+0000] {processor.py:914} INFO - Processing file /opt/airflow/dags/env/Scripts/daff.py for tasks to queue
[2025-03-28T13:47:38.030+0000] {logging_mixin.py:190} INFO - [2025-03-28T13:47:38.029+0000] {dagbag.py:588} INFO - Filling up the DagBag from /opt/airflow/dags/env/Scripts/daff.py
[2025-03-28T13:47:38.076+0000] {processor.py:927} WARNING - No viable dags retrieved from /opt/airflow/dags/env/Scripts/daff.py
[2025-03-28T13:47:38.098+0000] {processor.py:208} INFO - Processing /opt/airflow/dags/env/Scripts/daff.py took 0.083 seconds
[2025-03-28T13:52:10.301+0000] {processor.py:186} INFO - Started process (PID=2451) to work on /opt/airflow/dags/env/Scripts/daff.py
[2025-03-28T13:52:10.302+0000] {processor.py:914} INFO - Processing file /opt/airflow/dags/env/Scripts/daff.py for tasks to queue
[2025-03-28T13:52:10.304+0000] {logging_mixin.py:190} INFO - [2025-03-28T13:52:10.304+0000] {dagbag.py:588} INFO - Filling up the DagBag from /opt/airflow/dags/env/Scripts/daff.py
[2025-03-28T13:52:10.353+0000] {processor.py:927} WARNING - No viable dags retrieved from /opt/airflow/dags/env/Scripts/daff.py
[2025-03-28T13:52:10.376+0000] {processor.py:208} INFO - Processing /opt/airflow/dags/env/Scripts/daff.py took 0.086 seconds
[2025-03-28T13:52:42.934+0000] {processor.py:186} INFO - Started process (PID=2475) to work on /opt/airflow/dags/env/Scripts/daff.py
[2025-03-28T13:52:42.936+0000] {processor.py:914} INFO - Processing file /opt/airflow/dags/env/Scripts/daff.py for tasks to queue
[2025-03-28T13:52:42.939+0000] {logging_mixin.py:190} INFO - [2025-03-28T13:52:42.938+0000] {dagbag.py:588} INFO - Filling up the DagBag from /opt/airflow/dags/env/Scripts/daff.py
[2025-03-28T13:52:43.011+0000] {processor.py:927} WARNING - No viable dags retrieved from /opt/airflow/dags/env/Scripts/daff.py
[2025-03-28T13:52:43.037+0000] {processor.py:208} INFO - Processing /opt/airflow/dags/env/Scripts/daff.py took 0.124 seconds
[2025-03-28T13:57:12.702+0000] {processor.py:186} INFO - Started process (PID=2506) to work on /opt/airflow/dags/env/Scripts/daff.py
[2025-03-28T13:57:12.704+0000] {processor.py:914} INFO - Processing file /opt/airflow/dags/env/Scripts/daff.py for tasks to queue
[2025-03-28T13:57:12.706+0000] {logging_mixin.py:190} INFO - [2025-03-28T13:57:12.706+0000] {dagbag.py:588} INFO - Filling up the DagBag from /opt/airflow/dags/env/Scripts/daff.py
[2025-03-28T13:57:12.773+0000] {processor.py:927} WARNING - No viable dags retrieved from /opt/airflow/dags/env/Scripts/daff.py
[2025-03-28T13:57:12.804+0000] {processor.py:208} INFO - Processing /opt/airflow/dags/env/Scripts/daff.py took 0.118 seconds
[2025-03-28T13:57:44.103+0000] {processor.py:186} INFO - Started process (PID=2530) to work on /opt/airflow/dags/env/Scripts/daff.py
[2025-03-28T13:57:44.105+0000] {processor.py:914} INFO - Processing file /opt/airflow/dags/env/Scripts/daff.py for tasks to queue
[2025-03-28T13:57:44.107+0000] {logging_mixin.py:190} INFO - [2025-03-28T13:57:44.106+0000] {dagbag.py:588} INFO - Filling up the DagBag from /opt/airflow/dags/env/Scripts/daff.py
[2025-03-28T13:57:44.188+0000] {processor.py:927} WARNING - No viable dags retrieved from /opt/airflow/dags/env/Scripts/daff.py
[2025-03-28T13:57:44.223+0000] {processor.py:208} INFO - Processing /opt/airflow/dags/env/Scripts/daff.py took 0.130 seconds
[2025-03-28T14:02:09.780+0000] {processor.py:186} INFO - Started process (PID=2559) to work on /opt/airflow/dags/env/Scripts/daff.py
[2025-03-28T14:02:09.781+0000] {processor.py:914} INFO - Processing file /opt/airflow/dags/env/Scripts/daff.py for tasks to queue
[2025-03-28T14:02:09.783+0000] {logging_mixin.py:190} INFO - [2025-03-28T14:02:09.783+0000] {dagbag.py:588} INFO - Filling up the DagBag from /opt/airflow/dags/env/Scripts/daff.py
[2025-03-28T14:02:09.830+0000] {processor.py:927} WARNING - No viable dags retrieved from /opt/airflow/dags/env/Scripts/daff.py
[2025-03-28T14:02:09.856+0000] {processor.py:208} INFO - Processing /opt/airflow/dags/env/Scripts/daff.py took 0.087 seconds
[2025-03-28T14:02:41.230+0000] {processor.py:186} INFO - Started process (PID=2583) to work on /opt/airflow/dags/env/Scripts/daff.py
[2025-03-28T14:02:41.231+0000] {processor.py:914} INFO - Processing file /opt/airflow/dags/env/Scripts/daff.py for tasks to queue
[2025-03-28T14:02:41.233+0000] {logging_mixin.py:190} INFO - [2025-03-28T14:02:41.233+0000] {dagbag.py:588} INFO - Filling up the DagBag from /opt/airflow/dags/env/Scripts/daff.py
[2025-03-28T14:02:41.279+0000] {processor.py:927} WARNING - No viable dags retrieved from /opt/airflow/dags/env/Scripts/daff.py
[2025-03-28T14:02:41.300+0000] {processor.py:208} INFO - Processing /opt/airflow/dags/env/Scripts/daff.py took 0.081 seconds
[2025-03-28T14:07:13.542+0000] {processor.py:186} INFO - Started process (PID=2614) to work on /opt/airflow/dags/env/Scripts/daff.py
[2025-03-28T14:07:13.543+0000] {processor.py:914} INFO - Processing file /opt/airflow/dags/env/Scripts/daff.py for tasks to queue
[2025-03-28T14:07:13.545+0000] {logging_mixin.py:190} INFO - [2025-03-28T14:07:13.545+0000] {dagbag.py:588} INFO - Filling up the DagBag from /opt/airflow/dags/env/Scripts/daff.py
[2025-03-28T14:07:13.593+0000] {processor.py:927} WARNING - No viable dags retrieved from /opt/airflow/dags/env/Scripts/daff.py
[2025-03-28T14:07:13.618+0000] {processor.py:208} INFO - Processing /opt/airflow/dags/env/Scripts/daff.py took 0.088 seconds
[2025-03-28T14:07:46.330+0000] {processor.py:186} INFO - Started process (PID=2638) to work on /opt/airflow/dags/env/Scripts/daff.py
[2025-03-28T14:07:46.331+0000] {processor.py:914} INFO - Processing file /opt/airflow/dags/env/Scripts/daff.py for tasks to queue
[2025-03-28T14:07:46.333+0000] {logging_mixin.py:190} INFO - [2025-03-28T14:07:46.332+0000] {dagbag.py:588} INFO - Filling up the DagBag from /opt/airflow/dags/env/Scripts/daff.py
[2025-03-28T14:07:46.373+0000] {processor.py:927} WARNING - No viable dags retrieved from /opt/airflow/dags/env/Scripts/daff.py
[2025-03-28T14:07:46.394+0000] {processor.py:208} INFO - Processing /opt/airflow/dags/env/Scripts/daff.py took 0.075 seconds
[2025-03-28T14:12:14.426+0000] {processor.py:186} INFO - Started process (PID=2666) to work on /opt/airflow/dags/env/Scripts/daff.py
[2025-03-28T14:12:14.428+0000] {processor.py:914} INFO - Processing file /opt/airflow/dags/env/Scripts/daff.py for tasks to queue
[2025-03-28T14:12:14.431+0000] {logging_mixin.py:190} INFO - [2025-03-28T14:12:14.430+0000] {dagbag.py:588} INFO - Filling up the DagBag from /opt/airflow/dags/env/Scripts/daff.py
[2025-03-28T14:12:14.488+0000] {processor.py:927} WARNING - No viable dags retrieved from /opt/airflow/dags/env/Scripts/daff.py
[2025-03-28T14:12:14.512+0000] {processor.py:208} INFO - Processing /opt/airflow/dags/env/Scripts/daff.py took 0.107 seconds
[2025-03-28T14:12:45.619+0000] {processor.py:186} INFO - Started process (PID=2690) to work on /opt/airflow/dags/env/Scripts/daff.py
[2025-03-28T14:12:45.620+0000] {processor.py:914} INFO - Processing file /opt/airflow/dags/env/Scripts/daff.py for tasks to queue
[2025-03-28T14:12:45.622+0000] {logging_mixin.py:190} INFO - [2025-03-28T14:12:45.622+0000] {dagbag.py:588} INFO - Filling up the DagBag from /opt/airflow/dags/env/Scripts/daff.py
[2025-03-28T14:12:45.677+0000] {processor.py:927} WARNING - No viable dags retrieved from /opt/airflow/dags/env/Scripts/daff.py
[2025-03-28T14:12:45.698+0000] {processor.py:208} INFO - Processing /opt/airflow/dags/env/Scripts/daff.py took 0.091 seconds
[2025-03-28T14:17:19.456+0000] {processor.py:186} INFO - Started process (PID=2718) to work on /opt/airflow/dags/env/Scripts/daff.py
[2025-03-28T14:17:19.458+0000] {processor.py:914} INFO - Processing file /opt/airflow/dags/env/Scripts/daff.py for tasks to queue
[2025-03-28T14:17:19.461+0000] {logging_mixin.py:190} INFO - [2025-03-28T14:17:19.460+0000] {dagbag.py:588} INFO - Filling up the DagBag from /opt/airflow/dags/env/Scripts/daff.py
[2025-03-28T14:17:19.721+0000] {processor.py:927} WARNING - No viable dags retrieved from /opt/airflow/dags/env/Scripts/daff.py
[2025-03-28T14:17:19.750+0000] {processor.py:208} INFO - Processing /opt/airflow/dags/env/Scripts/daff.py took 0.315 seconds
[2025-03-28T14:17:51.269+0000] {processor.py:186} INFO - Started process (PID=2742) to work on /opt/airflow/dags/env/Scripts/daff.py
[2025-03-28T14:17:51.271+0000] {processor.py:914} INFO - Processing file /opt/airflow/dags/env/Scripts/daff.py for tasks to queue
[2025-03-28T14:17:51.465+0000] {logging_mixin.py:190} INFO - [2025-03-28T14:17:51.464+0000] {dagbag.py:588} INFO - Filling up the DagBag from /opt/airflow/dags/env/Scripts/daff.py
[2025-03-28T14:17:51.521+0000] {processor.py:927} WARNING - No viable dags retrieved from /opt/airflow/dags/env/Scripts/daff.py
[2025-03-28T14:17:51.539+0000] {processor.py:208} INFO - Processing /opt/airflow/dags/env/Scripts/daff.py took 0.281 seconds
[2025-03-28T14:22:14.296+0000] {processor.py:186} INFO - Started process (PID=2767) to work on /opt/airflow/dags/env/Scripts/daff.py
[2025-03-28T14:22:14.297+0000] {processor.py:914} INFO - Processing file /opt/airflow/dags/env/Scripts/daff.py for tasks to queue
[2025-03-28T14:22:14.299+0000] {logging_mixin.py:190} INFO - [2025-03-28T14:22:14.299+0000] {dagbag.py:588} INFO - Filling up the DagBag from /opt/airflow/dags/env/Scripts/daff.py
[2025-03-28T14:22:14.340+0000] {processor.py:927} WARNING - No viable dags retrieved from /opt/airflow/dags/env/Scripts/daff.py
[2025-03-28T14:22:14.363+0000] {processor.py:208} INFO - Processing /opt/airflow/dags/env/Scripts/daff.py took 0.077 seconds
[2025-03-28T14:22:47.020+0000] {processor.py:186} INFO - Started process (PID=2791) to work on /opt/airflow/dags/env/Scripts/daff.py
[2025-03-28T14:22:47.022+0000] {processor.py:914} INFO - Processing file /opt/airflow/dags/env/Scripts/daff.py for tasks to queue
[2025-03-28T14:22:47.024+0000] {logging_mixin.py:190} INFO - [2025-03-28T14:22:47.024+0000] {dagbag.py:588} INFO - Filling up the DagBag from /opt/airflow/dags/env/Scripts/daff.py
[2025-03-28T14:22:47.078+0000] {processor.py:927} WARNING - No viable dags retrieved from /opt/airflow/dags/env/Scripts/daff.py
[2025-03-28T14:22:47.104+0000] {processor.py:208} INFO - Processing /opt/airflow/dags/env/Scripts/daff.py took 0.096 seconds
[2025-03-28T14:27:13.310+0000] {processor.py:186} INFO - Started process (PID=2820) to work on /opt/airflow/dags/env/Scripts/daff.py
[2025-03-28T14:27:13.311+0000] {processor.py:914} INFO - Processing file /opt/airflow/dags/env/Scripts/daff.py for tasks to queue
[2025-03-28T14:27:13.313+0000] {logging_mixin.py:190} INFO - [2025-03-28T14:27:13.313+0000] {dagbag.py:588} INFO - Filling up the DagBag from /opt/airflow/dags/env/Scripts/daff.py
[2025-03-28T14:27:13.359+0000] {processor.py:927} WARNING - No viable dags retrieved from /opt/airflow/dags/env/Scripts/daff.py
[2025-03-28T14:27:13.382+0000] {processor.py:208} INFO - Processing /opt/airflow/dags/env/Scripts/daff.py took 0.083 seconds
[2025-03-28T14:27:47.031+0000] {processor.py:186} INFO - Started process (PID=2844) to work on /opt/airflow/dags/env/Scripts/daff.py
[2025-03-28T14:27:47.032+0000] {processor.py:914} INFO - Processing file /opt/airflow/dags/env/Scripts/daff.py for tasks to queue
[2025-03-28T14:27:47.034+0000] {logging_mixin.py:190} INFO - [2025-03-28T14:27:47.034+0000] {dagbag.py:588} INFO - Filling up the DagBag from /opt/airflow/dags/env/Scripts/daff.py
[2025-03-28T14:27:47.080+0000] {processor.py:927} WARNING - No viable dags retrieved from /opt/airflow/dags/env/Scripts/daff.py
[2025-03-28T14:27:47.102+0000] {processor.py:208} INFO - Processing /opt/airflow/dags/env/Scripts/daff.py took 0.082 seconds
[2025-03-28T14:32:11.590+0000] {processor.py:186} INFO - Started process (PID=2874) to work on /opt/airflow/dags/env/Scripts/daff.py
[2025-03-28T14:32:11.591+0000] {processor.py:914} INFO - Processing file /opt/airflow/dags/env/Scripts/daff.py for tasks to queue
[2025-03-28T14:32:11.594+0000] {logging_mixin.py:190} INFO - [2025-03-28T14:32:11.593+0000] {dagbag.py:588} INFO - Filling up the DagBag from /opt/airflow/dags/env/Scripts/daff.py
[2025-03-28T14:32:11.658+0000] {processor.py:927} WARNING - No viable dags retrieved from /opt/airflow/dags/env/Scripts/daff.py
[2025-03-28T14:32:11.684+0000] {processor.py:208} INFO - Processing /opt/airflow/dags/env/Scripts/daff.py took 0.109 seconds
[2025-03-28T14:32:43.257+0000] {processor.py:186} INFO - Started process (PID=2898) to work on /opt/airflow/dags/env/Scripts/daff.py
[2025-03-28T14:32:43.258+0000] {processor.py:914} INFO - Processing file /opt/airflow/dags/env/Scripts/daff.py for tasks to queue
[2025-03-28T14:32:43.261+0000] {logging_mixin.py:190} INFO - [2025-03-28T14:32:43.260+0000] {dagbag.py:588} INFO - Filling up the DagBag from /opt/airflow/dags/env/Scripts/daff.py
[2025-03-28T14:32:43.317+0000] {processor.py:927} WARNING - No viable dags retrieved from /opt/airflow/dags/env/Scripts/daff.py
[2025-03-28T14:32:43.342+0000] {processor.py:208} INFO - Processing /opt/airflow/dags/env/Scripts/daff.py took 0.098 seconds
[2025-03-28T14:37:25.669+0000] {processor.py:186} INFO - Started process (PID=2930) to work on /opt/airflow/dags/env/Scripts/daff.py
[2025-03-28T14:37:25.670+0000] {processor.py:914} INFO - Processing file /opt/airflow/dags/env/Scripts/daff.py for tasks to queue
[2025-03-28T14:37:25.672+0000] {logging_mixin.py:190} INFO - [2025-03-28T14:37:25.672+0000] {dagbag.py:588} INFO - Filling up the DagBag from /opt/airflow/dags/env/Scripts/daff.py
[2025-03-28T14:37:25.728+0000] {processor.py:927} WARNING - No viable dags retrieved from /opt/airflow/dags/env/Scripts/daff.py
[2025-03-28T14:37:25.753+0000] {processor.py:208} INFO - Processing /opt/airflow/dags/env/Scripts/daff.py took 0.099 seconds
[2025-03-28T14:37:58.118+0000] {processor.py:186} INFO - Started process (PID=2954) to work on /opt/airflow/dags/env/Scripts/daff.py
[2025-03-28T14:37:58.119+0000] {processor.py:914} INFO - Processing file /opt/airflow/dags/env/Scripts/daff.py for tasks to queue
[2025-03-28T14:37:58.121+0000] {logging_mixin.py:190} INFO - [2025-03-28T14:37:58.121+0000] {dagbag.py:588} INFO - Filling up the DagBag from /opt/airflow/dags/env/Scripts/daff.py
[2025-03-28T14:37:58.161+0000] {processor.py:927} WARNING - No viable dags retrieved from /opt/airflow/dags/env/Scripts/daff.py
[2025-03-28T14:37:58.182+0000] {processor.py:208} INFO - Processing /opt/airflow/dags/env/Scripts/daff.py took 0.075 seconds
[2025-03-28T15:05:05.363+0000] {processor.py:186} INFO - Started process (PID=117) to work on /opt/airflow/dags/env/Scripts/daff.py
[2025-03-28T15:05:05.366+0000] {processor.py:914} INFO - Processing file /opt/airflow/dags/env/Scripts/daff.py for tasks to queue
[2025-03-28T15:05:05.378+0000] {logging_mixin.py:190} INFO - [2025-03-28T15:05:05.375+0000] {dagbag.py:588} INFO - Filling up the DagBag from /opt/airflow/dags/env/Scripts/daff.py
[2025-03-28T15:05:05.532+0000] {processor.py:927} WARNING - No viable dags retrieved from /opt/airflow/dags/env/Scripts/daff.py
[2025-03-28T15:05:05.611+0000] {processor.py:208} INFO - Processing /opt/airflow/dags/env/Scripts/daff.py took 0.268 seconds
[2025-03-28T15:16:36.984+0000] {processor.py:186} INFO - Started process (PID=175) to work on /opt/airflow/dags/env/Scripts/daff.py
[2025-03-28T15:16:36.985+0000] {processor.py:914} INFO - Processing file /opt/airflow/dags/env/Scripts/daff.py for tasks to queue
[2025-03-28T15:16:36.989+0000] {logging_mixin.py:190} INFO - [2025-03-28T15:16:36.988+0000] {dagbag.py:588} INFO - Filling up the DagBag from /opt/airflow/dags/env/Scripts/daff.py
[2025-03-28T15:16:37.041+0000] {processor.py:927} WARNING - No viable dags retrieved from /opt/airflow/dags/env/Scripts/daff.py
[2025-03-28T15:16:37.064+0000] {processor.py:208} INFO - Processing /opt/airflow/dags/env/Scripts/daff.py took 0.087 seconds
[2025-03-28T18:52:18.570+0000] {processor.py:186} INFO - Started process (PID=314) to work on /opt/airflow/dags/env/Scripts/daff.py
[2025-03-28T18:52:18.572+0000] {processor.py:914} INFO - Processing file /opt/airflow/dags/env/Scripts/daff.py for tasks to queue
[2025-03-28T18:52:18.578+0000] {logging_mixin.py:190} INFO - [2025-03-28T18:52:18.577+0000] {dagbag.py:588} INFO - Filling up the DagBag from /opt/airflow/dags/env/Scripts/daff.py
[2025-03-28T18:52:18.679+0000] {processor.py:927} WARNING - No viable dags retrieved from /opt/airflow/dags/env/Scripts/daff.py
[2025-03-28T18:52:18.720+0000] {processor.py:208} INFO - Processing /opt/airflow/dags/env/Scripts/daff.py took 0.164 seconds
[2025-03-28T21:59:35.985+0000] {processor.py:186} INFO - Started process (PID=340) to work on /opt/airflow/dags/env/Scripts/daff.py
[2025-03-28T21:59:35.989+0000] {processor.py:914} INFO - Processing file /opt/airflow/dags/env/Scripts/daff.py for tasks to queue
[2025-03-28T21:59:35.995+0000] {logging_mixin.py:190} INFO - [2025-03-28T21:59:35.994+0000] {dagbag.py:588} INFO - Filling up the DagBag from /opt/airflow/dags/env/Scripts/daff.py
[2025-03-28T21:59:36.137+0000] {processor.py:927} WARNING - No viable dags retrieved from /opt/airflow/dags/env/Scripts/daff.py
[2025-03-28T21:59:36.186+0000] {processor.py:208} INFO - Processing /opt/airflow/dags/env/Scripts/daff.py took 0.218 seconds
