[2025-03-28T02:20:43.107+0000] {processor.py:186} INFO - Started process (PID=196) to work on /opt/airflow/dags/env/Scripts/dbt.exe
[2025-03-28T02:20:43.108+0000] {processor.py:914} INFO - Processing file /opt/airflow/dags/env/Scripts/dbt.exe for tasks to queue
[2025-03-28T02:20:43.111+0000] {logging_mixin.py:190} INFO - [2025-03-28T02:20:43.110+0000] {dagbag.py:588} INFO - Filling up the DagBag from /opt/airflow/dags/env/Scripts/dbt.exe
[2025-03-28T02:20:43.141+0000] {logging_mixin.py:190} INFO - [2025-03-28T02:20:43.141+0000] {dagbag.py:435} INFO - File /opt/airflow/dags/env/Scripts/dbt.exe:__main__.py assumed to contain no DAGs. Skipping.
[2025-03-28T02:20:43.143+0000] {processor.py:927} WARNING - No viable dags retrieved from /opt/airflow/dags/env/Scripts/dbt.exe
[2025-03-28T02:20:43.194+0000] {processor.py:208} INFO - Processing /opt/airflow/dags/env/Scripts/dbt.exe took 0.951 seconds
[2025-03-28T03:46:10.680+0000] {processor.py:186} INFO - Started process (PID=250) to work on /opt/airflow/dags/env/Scripts/dbt.exe
[2025-03-28T03:46:10.683+0000] {processor.py:914} INFO - Processing file /opt/airflow/dags/env/Scripts/dbt.exe for tasks to queue
[2025-03-28T03:46:10.695+0000] {logging_mixin.py:190} INFO - [2025-03-28T03:46:10.695+0000] {dagbag.py:588} INFO - Filling up the DagBag from /opt/airflow/dags/env/Scripts/dbt.exe
[2025-03-28T03:46:10.723+0000] {logging_mixin.py:190} INFO - [2025-03-28T03:46:10.723+0000] {dagbag.py:435} INFO - File /opt/airflow/dags/env/Scripts/dbt.exe:__main__.py assumed to contain no DAGs. Skipping.
[2025-03-28T03:46:10.728+0000] {processor.py:927} WARNING - No viable dags retrieved from /opt/airflow/dags/env/Scripts/dbt.exe
[2025-03-28T03:46:10.782+0000] {processor.py:208} INFO - Processing /opt/airflow/dags/env/Scripts/dbt.exe took 0.138 seconds
[2025-03-28T04:30:59.681+0000] {processor.py:186} INFO - Started process (PID=286) to work on /opt/airflow/dags/env/Scripts/dbt.exe
[2025-03-28T04:30:59.683+0000] {processor.py:914} INFO - Processing file /opt/airflow/dags/env/Scripts/dbt.exe for tasks to queue
[2025-03-28T04:30:59.688+0000] {logging_mixin.py:190} INFO - [2025-03-28T04:30:59.687+0000] {dagbag.py:588} INFO - Filling up the DagBag from /opt/airflow/dags/env/Scripts/dbt.exe
[2025-03-28T04:30:59.742+0000] {logging_mixin.py:190} INFO - [2025-03-28T04:30:59.742+0000] {dagbag.py:435} INFO - File /opt/airflow/dags/env/Scripts/dbt.exe:__main__.py assumed to contain no DAGs. Skipping.
[2025-03-28T04:30:59.745+0000] {processor.py:927} WARNING - No viable dags retrieved from /opt/airflow/dags/env/Scripts/dbt.exe
[2025-03-28T04:30:59.787+0000] {processor.py:208} INFO - Processing /opt/airflow/dags/env/Scripts/dbt.exe took 0.127 seconds
[2025-03-28T05:05:39.253+0000] {processor.py:186} INFO - Started process (PID=328) to work on /opt/airflow/dags/env/Scripts/dbt.exe
[2025-03-28T05:05:39.256+0000] {processor.py:914} INFO - Processing file /opt/airflow/dags/env/Scripts/dbt.exe for tasks to queue
[2025-03-28T05:05:39.262+0000] {logging_mixin.py:190} INFO - [2025-03-28T05:05:39.262+0000] {dagbag.py:588} INFO - Filling up the DagBag from /opt/airflow/dags/env/Scripts/dbt.exe
[2025-03-28T05:05:39.284+0000] {logging_mixin.py:190} INFO - [2025-03-28T05:05:39.283+0000] {dagbag.py:435} INFO - File /opt/airflow/dags/env/Scripts/dbt.exe:__main__.py assumed to contain no DAGs. Skipping.
[2025-03-28T05:05:39.285+0000] {processor.py:927} WARNING - No viable dags retrieved from /opt/airflow/dags/env/Scripts/dbt.exe
[2025-03-28T05:05:39.327+0000] {processor.py:208} INFO - Processing /opt/airflow/dags/env/Scripts/dbt.exe took 0.105 seconds
[2025-03-28T05:06:23.230+0000] {processor.py:186} INFO - Started process (PID=352) to work on /opt/airflow/dags/env/Scripts/dbt.exe
[2025-03-28T05:06:23.233+0000] {processor.py:914} INFO - Processing file /opt/airflow/dags/env/Scripts/dbt.exe for tasks to queue
[2025-03-28T05:06:23.250+0000] {logging_mixin.py:190} INFO - [2025-03-28T05:06:23.249+0000] {dagbag.py:588} INFO - Filling up the DagBag from /opt/airflow/dags/env/Scripts/dbt.exe
[2025-03-28T05:06:23.280+0000] {logging_mixin.py:190} INFO - [2025-03-28T05:06:23.280+0000] {dagbag.py:435} INFO - File /opt/airflow/dags/env/Scripts/dbt.exe:__main__.py assumed to contain no DAGs. Skipping.
[2025-03-28T05:06:23.283+0000] {processor.py:927} WARNING - No viable dags retrieved from /opt/airflow/dags/env/Scripts/dbt.exe
[2025-03-28T05:06:23.375+0000] {processor.py:208} INFO - Processing /opt/airflow/dags/env/Scripts/dbt.exe took 0.188 seconds
[2025-03-28T05:17:44.827+0000] {processor.py:186} INFO - Started process (PID=385) to work on /opt/airflow/dags/env/Scripts/dbt.exe
[2025-03-28T05:17:44.828+0000] {processor.py:914} INFO - Processing file /opt/airflow/dags/env/Scripts/dbt.exe for tasks to queue
[2025-03-28T05:17:44.832+0000] {logging_mixin.py:190} INFO - [2025-03-28T05:17:44.831+0000] {dagbag.py:588} INFO - Filling up the DagBag from /opt/airflow/dags/env/Scripts/dbt.exe
[2025-03-28T05:17:44.852+0000] {logging_mixin.py:190} INFO - [2025-03-28T05:17:44.851+0000] {dagbag.py:435} INFO - File /opt/airflow/dags/env/Scripts/dbt.exe:__main__.py assumed to contain no DAGs. Skipping.
[2025-03-28T05:17:44.853+0000] {processor.py:927} WARNING - No viable dags retrieved from /opt/airflow/dags/env/Scripts/dbt.exe
[2025-03-28T05:17:44.883+0000] {processor.py:208} INFO - Processing /opt/airflow/dags/env/Scripts/dbt.exe took 0.068 seconds
[2025-03-28T05:18:15.579+0000] {processor.py:186} INFO - Started process (PID=409) to work on /opt/airflow/dags/env/Scripts/dbt.exe
[2025-03-28T05:18:15.581+0000] {processor.py:914} INFO - Processing file /opt/airflow/dags/env/Scripts/dbt.exe for tasks to queue
[2025-03-28T05:18:15.585+0000] {logging_mixin.py:190} INFO - [2025-03-28T05:18:15.585+0000] {dagbag.py:588} INFO - Filling up the DagBag from /opt/airflow/dags/env/Scripts/dbt.exe
[2025-03-28T05:18:15.607+0000] {logging_mixin.py:190} INFO - [2025-03-28T05:18:15.606+0000] {dagbag.py:435} INFO - File /opt/airflow/dags/env/Scripts/dbt.exe:__main__.py assumed to contain no DAGs. Skipping.
[2025-03-28T05:18:15.609+0000] {processor.py:927} WARNING - No viable dags retrieved from /opt/airflow/dags/env/Scripts/dbt.exe
[2025-03-28T05:18:15.634+0000] {processor.py:208} INFO - Processing /opt/airflow/dags/env/Scripts/dbt.exe took 0.070 seconds
[2025-03-28T05:23:19.458+0000] {processor.py:186} INFO - Started process (PID=424) to work on /opt/airflow/dags/env/Scripts/dbt.exe
[2025-03-28T05:23:19.460+0000] {processor.py:914} INFO - Processing file /opt/airflow/dags/env/Scripts/dbt.exe for tasks to queue
[2025-03-28T05:23:19.468+0000] {logging_mixin.py:190} INFO - [2025-03-28T05:23:19.467+0000] {dagbag.py:588} INFO - Filling up the DagBag from /opt/airflow/dags/env/Scripts/dbt.exe
[2025-03-28T05:23:19.495+0000] {logging_mixin.py:190} INFO - [2025-03-28T05:23:19.495+0000] {dagbag.py:435} INFO - File /opt/airflow/dags/env/Scripts/dbt.exe:__main__.py assumed to contain no DAGs. Skipping.
[2025-03-28T05:23:19.497+0000] {processor.py:927} WARNING - No viable dags retrieved from /opt/airflow/dags/env/Scripts/dbt.exe
[2025-03-28T05:23:19.551+0000] {processor.py:208} INFO - Processing /opt/airflow/dags/env/Scripts/dbt.exe took 0.116 seconds
[2025-03-28T05:34:52.680+0000] {processor.py:186} INFO - Started process (PID=451) to work on /opt/airflow/dags/env/Scripts/dbt.exe
[2025-03-28T05:34:52.683+0000] {processor.py:914} INFO - Processing file /opt/airflow/dags/env/Scripts/dbt.exe for tasks to queue
[2025-03-28T05:34:52.690+0000] {logging_mixin.py:190} INFO - [2025-03-28T05:34:52.689+0000] {dagbag.py:588} INFO - Filling up the DagBag from /opt/airflow/dags/env/Scripts/dbt.exe
[2025-03-28T05:34:52.716+0000] {logging_mixin.py:190} INFO - [2025-03-28T05:34:52.715+0000] {dagbag.py:435} INFO - File /opt/airflow/dags/env/Scripts/dbt.exe:__main__.py assumed to contain no DAGs. Skipping.
[2025-03-28T05:34:52.720+0000] {processor.py:927} WARNING - No viable dags retrieved from /opt/airflow/dags/env/Scripts/dbt.exe
[2025-03-28T05:34:52.766+0000] {processor.py:208} INFO - Processing /opt/airflow/dags/env/Scripts/dbt.exe took 0.122 seconds
[2025-03-28T05:44:48.960+0000] {processor.py:186} INFO - Started process (PID=491) to work on /opt/airflow/dags/env/Scripts/dbt.exe
[2025-03-28T05:44:48.963+0000] {processor.py:914} INFO - Processing file /opt/airflow/dags/env/Scripts/dbt.exe for tasks to queue
[2025-03-28T05:44:48.970+0000] {logging_mixin.py:190} INFO - [2025-03-28T05:44:48.969+0000] {dagbag.py:588} INFO - Filling up the DagBag from /opt/airflow/dags/env/Scripts/dbt.exe
[2025-03-28T05:44:48.992+0000] {logging_mixin.py:190} INFO - [2025-03-28T05:44:48.992+0000] {dagbag.py:435} INFO - File /opt/airflow/dags/env/Scripts/dbt.exe:__main__.py assumed to contain no DAGs. Skipping.
[2025-03-28T05:44:48.994+0000] {processor.py:927} WARNING - No viable dags retrieved from /opt/airflow/dags/env/Scripts/dbt.exe
[2025-03-28T05:44:49.019+0000] {processor.py:208} INFO - Processing /opt/airflow/dags/env/Scripts/dbt.exe took 0.081 seconds
[2025-03-28T05:45:29.887+0000] {processor.py:186} INFO - Started process (PID=515) to work on /opt/airflow/dags/env/Scripts/dbt.exe
[2025-03-28T05:45:29.891+0000] {processor.py:914} INFO - Processing file /opt/airflow/dags/env/Scripts/dbt.exe for tasks to queue
[2025-03-28T05:45:29.901+0000] {logging_mixin.py:190} INFO - [2025-03-28T05:45:29.900+0000] {dagbag.py:588} INFO - Filling up the DagBag from /opt/airflow/dags/env/Scripts/dbt.exe
[2025-03-28T05:45:29.942+0000] {logging_mixin.py:190} INFO - [2025-03-28T05:45:29.942+0000] {dagbag.py:435} INFO - File /opt/airflow/dags/env/Scripts/dbt.exe:__main__.py assumed to contain no DAGs. Skipping.
[2025-03-28T05:45:29.945+0000] {processor.py:927} WARNING - No viable dags retrieved from /opt/airflow/dags/env/Scripts/dbt.exe
[2025-03-28T05:45:30.007+0000] {processor.py:208} INFO - Processing /opt/airflow/dags/env/Scripts/dbt.exe took 0.153 seconds
[2025-03-28T06:00:36.624+0000] {processor.py:186} INFO - Started process (PID=647) to work on /opt/airflow/dags/env/Scripts/dbt.exe
[2025-03-28T06:00:36.625+0000] {processor.py:914} INFO - Processing file /opt/airflow/dags/env/Scripts/dbt.exe for tasks to queue
[2025-03-28T06:00:36.629+0000] {logging_mixin.py:190} INFO - [2025-03-28T06:00:36.628+0000] {dagbag.py:588} INFO - Filling up the DagBag from /opt/airflow/dags/env/Scripts/dbt.exe
[2025-03-28T06:00:36.642+0000] {logging_mixin.py:190} INFO - [2025-03-28T06:00:36.642+0000] {dagbag.py:435} INFO - File /opt/airflow/dags/env/Scripts/dbt.exe:__main__.py assumed to contain no DAGs. Skipping.
[2025-03-28T06:00:36.643+0000] {processor.py:927} WARNING - No viable dags retrieved from /opt/airflow/dags/env/Scripts/dbt.exe
[2025-03-28T06:00:36.670+0000] {processor.py:208} INFO - Processing /opt/airflow/dags/env/Scripts/dbt.exe took 0.059 seconds
[2025-03-28T06:05:54.393+0000] {processor.py:186} INFO - Started process (PID=669) to work on /opt/airflow/dags/env/Scripts/dbt.exe
[2025-03-28T06:05:54.394+0000] {processor.py:914} INFO - Processing file /opt/airflow/dags/env/Scripts/dbt.exe for tasks to queue
[2025-03-28T06:05:54.396+0000] {logging_mixin.py:190} INFO - [2025-03-28T06:05:54.396+0000] {dagbag.py:588} INFO - Filling up the DagBag from /opt/airflow/dags/env/Scripts/dbt.exe
[2025-03-28T06:05:54.409+0000] {logging_mixin.py:190} INFO - [2025-03-28T06:05:54.409+0000] {dagbag.py:435} INFO - File /opt/airflow/dags/env/Scripts/dbt.exe:__main__.py assumed to contain no DAGs. Skipping.
[2025-03-28T06:05:54.410+0000] {processor.py:927} WARNING - No viable dags retrieved from /opt/airflow/dags/env/Scripts/dbt.exe
[2025-03-28T06:05:54.435+0000] {processor.py:208} INFO - Processing /opt/airflow/dags/env/Scripts/dbt.exe took 0.054 seconds
[2025-03-28T06:26:23.365+0000] {processor.py:186} INFO - Started process (PID=818) to work on /opt/airflow/dags/env/Scripts/dbt.exe
[2025-03-28T06:26:23.367+0000] {processor.py:914} INFO - Processing file /opt/airflow/dags/env/Scripts/dbt.exe for tasks to queue
[2025-03-28T06:26:23.369+0000] {logging_mixin.py:190} INFO - [2025-03-28T06:26:23.369+0000] {dagbag.py:588} INFO - Filling up the DagBag from /opt/airflow/dags/env/Scripts/dbt.exe
[2025-03-28T06:26:23.385+0000] {logging_mixin.py:190} INFO - [2025-03-28T06:26:23.385+0000] {dagbag.py:435} INFO - File /opt/airflow/dags/env/Scripts/dbt.exe:__main__.py assumed to contain no DAGs. Skipping.
[2025-03-28T06:26:23.386+0000] {processor.py:927} WARNING - No viable dags retrieved from /opt/airflow/dags/env/Scripts/dbt.exe
[2025-03-28T06:26:23.411+0000] {processor.py:208} INFO - Processing /opt/airflow/dags/env/Scripts/dbt.exe took 0.061 seconds
[2025-03-28T06:47:19.078+0000] {processor.py:186} INFO - Started process (PID=950) to work on /opt/airflow/dags/env/Scripts/dbt.exe
[2025-03-28T06:47:19.097+0000] {processor.py:914} INFO - Processing file /opt/airflow/dags/env/Scripts/dbt.exe for tasks to queue
[2025-03-28T06:47:19.101+0000] {logging_mixin.py:190} INFO - [2025-03-28T06:47:19.100+0000] {dagbag.py:588} INFO - Filling up the DagBag from /opt/airflow/dags/env/Scripts/dbt.exe
[2025-03-28T06:47:19.145+0000] {logging_mixin.py:190} INFO - [2025-03-28T06:47:19.145+0000] {dagbag.py:435} INFO - File /opt/airflow/dags/env/Scripts/dbt.exe:__main__.py assumed to contain no DAGs. Skipping.
[2025-03-28T06:47:19.151+0000] {processor.py:927} WARNING - No viable dags retrieved from /opt/airflow/dags/env/Scripts/dbt.exe
[2025-03-28T06:47:19.211+0000] {processor.py:208} INFO - Processing /opt/airflow/dags/env/Scripts/dbt.exe took 0.166 seconds
[2025-03-28T07:02:37.980+0000] {processor.py:186} INFO - Started process (PID=1068) to work on /opt/airflow/dags/env/Scripts/dbt.exe
[2025-03-28T07:02:37.981+0000] {processor.py:914} INFO - Processing file /opt/airflow/dags/env/Scripts/dbt.exe for tasks to queue
[2025-03-28T07:02:37.983+0000] {logging_mixin.py:190} INFO - [2025-03-28T07:02:37.983+0000] {dagbag.py:588} INFO - Filling up the DagBag from /opt/airflow/dags/env/Scripts/dbt.exe
[2025-03-28T07:02:37.998+0000] {logging_mixin.py:190} INFO - [2025-03-28T07:02:37.998+0000] {dagbag.py:435} INFO - File /opt/airflow/dags/env/Scripts/dbt.exe:__main__.py assumed to contain no DAGs. Skipping.
[2025-03-28T07:02:37.999+0000] {processor.py:927} WARNING - No viable dags retrieved from /opt/airflow/dags/env/Scripts/dbt.exe
[2025-03-28T07:02:38.025+0000] {processor.py:208} INFO - Processing /opt/airflow/dags/env/Scripts/dbt.exe took 0.058 seconds
[2025-03-28T08:47:34.538+0000] {processor.py:186} INFO - Started process (PID=1253) to work on /opt/airflow/dags/env/Scripts/dbt.exe
[2025-03-28T08:47:34.540+0000] {processor.py:914} INFO - Processing file /opt/airflow/dags/env/Scripts/dbt.exe for tasks to queue
[2025-03-28T08:47:34.542+0000] {logging_mixin.py:190} INFO - [2025-03-28T08:47:34.541+0000] {dagbag.py:588} INFO - Filling up the DagBag from /opt/airflow/dags/env/Scripts/dbt.exe
[2025-03-28T08:47:34.556+0000] {logging_mixin.py:190} INFO - [2025-03-28T08:47:34.555+0000] {dagbag.py:435} INFO - File /opt/airflow/dags/env/Scripts/dbt.exe:__main__.py assumed to contain no DAGs. Skipping.
[2025-03-28T08:47:34.557+0000] {processor.py:927} WARNING - No viable dags retrieved from /opt/airflow/dags/env/Scripts/dbt.exe
[2025-03-28T08:47:34.580+0000] {processor.py:208} INFO - Processing /opt/airflow/dags/env/Scripts/dbt.exe took 0.057 seconds
[2025-03-28T09:15:53.013+0000] {processor.py:186} INFO - Started process (PID=1387) to work on /opt/airflow/dags/env/Scripts/dbt.exe
[2025-03-28T09:15:53.016+0000] {processor.py:914} INFO - Processing file /opt/airflow/dags/env/Scripts/dbt.exe for tasks to queue
[2025-03-28T09:15:53.022+0000] {logging_mixin.py:190} INFO - [2025-03-28T09:15:53.021+0000] {dagbag.py:588} INFO - Filling up the DagBag from /opt/airflow/dags/env/Scripts/dbt.exe
[2025-03-28T09:15:53.083+0000] {logging_mixin.py:190} INFO - [2025-03-28T09:15:53.083+0000] {dagbag.py:435} INFO - File /opt/airflow/dags/env/Scripts/dbt.exe:__main__.py assumed to contain no DAGs. Skipping.
[2025-03-28T09:15:53.085+0000] {processor.py:927} WARNING - No viable dags retrieved from /opt/airflow/dags/env/Scripts/dbt.exe
[2025-03-28T09:15:53.207+0000] {processor.py:208} INFO - Processing /opt/airflow/dags/env/Scripts/dbt.exe took 0.239 seconds
[2025-03-28T09:31:10.611+0000] {processor.py:186} INFO - Started process (PID=1454) to work on /opt/airflow/dags/env/Scripts/dbt.exe
[2025-03-28T09:31:10.613+0000] {processor.py:914} INFO - Processing file /opt/airflow/dags/env/Scripts/dbt.exe for tasks to queue
[2025-03-28T09:31:10.615+0000] {logging_mixin.py:190} INFO - [2025-03-28T09:31:10.614+0000] {dagbag.py:588} INFO - Filling up the DagBag from /opt/airflow/dags/env/Scripts/dbt.exe
[2025-03-28T09:31:10.631+0000] {logging_mixin.py:190} INFO - [2025-03-28T09:31:10.631+0000] {dagbag.py:435} INFO - File /opt/airflow/dags/env/Scripts/dbt.exe:__main__.py assumed to contain no DAGs. Skipping.
[2025-03-28T09:31:10.633+0000] {processor.py:927} WARNING - No viable dags retrieved from /opt/airflow/dags/env/Scripts/dbt.exe
[2025-03-28T09:31:10.666+0000] {processor.py:208} INFO - Processing /opt/airflow/dags/env/Scripts/dbt.exe took 0.077 seconds
[2025-03-28T09:31:55.320+0000] {processor.py:186} INFO - Started process (PID=1478) to work on /opt/airflow/dags/env/Scripts/dbt.exe
[2025-03-28T09:31:55.333+0000] {processor.py:914} INFO - Processing file /opt/airflow/dags/env/Scripts/dbt.exe for tasks to queue
[2025-03-28T09:31:55.380+0000] {logging_mixin.py:190} INFO - [2025-03-28T09:31:55.379+0000] {dagbag.py:588} INFO - Filling up the DagBag from /opt/airflow/dags/env/Scripts/dbt.exe
[2025-03-28T09:31:55.593+0000] {logging_mixin.py:190} INFO - [2025-03-28T09:31:55.592+0000] {dagbag.py:435} INFO - File /opt/airflow/dags/env/Scripts/dbt.exe:__main__.py assumed to contain no DAGs. Skipping.
[2025-03-28T09:31:55.597+0000] {processor.py:927} WARNING - No viable dags retrieved from /opt/airflow/dags/env/Scripts/dbt.exe
[2025-03-28T09:31:55.704+0000] {processor.py:208} INFO - Processing /opt/airflow/dags/env/Scripts/dbt.exe took 0.423 seconds
[2025-03-28T09:41:46.341+0000] {processor.py:186} INFO - Started process (PID=1480) to work on /opt/airflow/dags/env/Scripts/dbt.exe
[2025-03-28T09:41:46.342+0000] {processor.py:914} INFO - Processing file /opt/airflow/dags/env/Scripts/dbt.exe for tasks to queue
[2025-03-28T09:41:46.344+0000] {logging_mixin.py:190} INFO - [2025-03-28T09:41:46.344+0000] {dagbag.py:588} INFO - Filling up the DagBag from /opt/airflow/dags/env/Scripts/dbt.exe
[2025-03-28T09:41:46.357+0000] {logging_mixin.py:190} INFO - [2025-03-28T09:41:46.357+0000] {dagbag.py:435} INFO - File /opt/airflow/dags/env/Scripts/dbt.exe:__main__.py assumed to contain no DAGs. Skipping.
[2025-03-28T09:41:46.358+0000] {processor.py:927} WARNING - No viable dags retrieved from /opt/airflow/dags/env/Scripts/dbt.exe
[2025-03-28T09:41:46.382+0000] {processor.py:208} INFO - Processing /opt/airflow/dags/env/Scripts/dbt.exe took 0.055 seconds
[2025-03-28T09:42:16.934+0000] {processor.py:186} INFO - Started process (PID=1504) to work on /opt/airflow/dags/env/Scripts/dbt.exe
[2025-03-28T09:42:16.935+0000] {processor.py:914} INFO - Processing file /opt/airflow/dags/env/Scripts/dbt.exe for tasks to queue
[2025-03-28T09:42:16.937+0000] {logging_mixin.py:190} INFO - [2025-03-28T09:42:16.936+0000] {dagbag.py:588} INFO - Filling up the DagBag from /opt/airflow/dags/env/Scripts/dbt.exe
[2025-03-28T09:42:16.948+0000] {logging_mixin.py:190} INFO - [2025-03-28T09:42:16.948+0000] {dagbag.py:435} INFO - File /opt/airflow/dags/env/Scripts/dbt.exe:__main__.py assumed to contain no DAGs. Skipping.
[2025-03-28T09:42:16.949+0000] {processor.py:927} WARNING - No viable dags retrieved from /opt/airflow/dags/env/Scripts/dbt.exe
[2025-03-28T09:42:16.970+0000] {processor.py:208} INFO - Processing /opt/airflow/dags/env/Scripts/dbt.exe took 0.048 seconds
[2025-03-28T09:47:03.772+0000] {processor.py:186} INFO - Started process (PID=1516) to work on /opt/airflow/dags/env/Scripts/dbt.exe
[2025-03-28T09:47:03.773+0000] {processor.py:914} INFO - Processing file /opt/airflow/dags/env/Scripts/dbt.exe for tasks to queue
[2025-03-28T09:47:03.775+0000] {logging_mixin.py:190} INFO - [2025-03-28T09:47:03.775+0000] {dagbag.py:588} INFO - Filling up the DagBag from /opt/airflow/dags/env/Scripts/dbt.exe
[2025-03-28T09:47:03.788+0000] {logging_mixin.py:190} INFO - [2025-03-28T09:47:03.788+0000] {dagbag.py:435} INFO - File /opt/airflow/dags/env/Scripts/dbt.exe:__main__.py assumed to contain no DAGs. Skipping.
[2025-03-28T09:47:03.789+0000] {processor.py:927} WARNING - No viable dags retrieved from /opt/airflow/dags/env/Scripts/dbt.exe
[2025-03-28T09:47:03.813+0000] {processor.py:208} INFO - Processing /opt/airflow/dags/env/Scripts/dbt.exe took 0.052 seconds
[2025-03-28T09:47:34.206+0000] {processor.py:186} INFO - Started process (PID=1540) to work on /opt/airflow/dags/env/Scripts/dbt.exe
[2025-03-28T09:47:34.208+0000] {processor.py:914} INFO - Processing file /opt/airflow/dags/env/Scripts/dbt.exe for tasks to queue
[2025-03-28T09:47:34.210+0000] {logging_mixin.py:190} INFO - [2025-03-28T09:47:34.209+0000] {dagbag.py:588} INFO - Filling up the DagBag from /opt/airflow/dags/env/Scripts/dbt.exe
[2025-03-28T09:47:34.223+0000] {logging_mixin.py:190} INFO - [2025-03-28T09:47:34.223+0000] {dagbag.py:435} INFO - File /opt/airflow/dags/env/Scripts/dbt.exe:__main__.py assumed to contain no DAGs. Skipping.
[2025-03-28T09:47:34.224+0000] {processor.py:927} WARNING - No viable dags retrieved from /opt/airflow/dags/env/Scripts/dbt.exe
[2025-03-28T09:47:34.249+0000] {processor.py:208} INFO - Processing /opt/airflow/dags/env/Scripts/dbt.exe took 0.055 seconds
[2025-03-28T09:52:09.056+0000] {processor.py:186} INFO - Started process (PID=1544) to work on /opt/airflow/dags/env/Scripts/dbt.exe
[2025-03-28T09:52:09.059+0000] {processor.py:914} INFO - Processing file /opt/airflow/dags/env/Scripts/dbt.exe for tasks to queue
[2025-03-28T09:52:09.062+0000] {logging_mixin.py:190} INFO - [2025-03-28T09:52:09.061+0000] {dagbag.py:588} INFO - Filling up the DagBag from /opt/airflow/dags/env/Scripts/dbt.exe
[2025-03-28T09:52:09.087+0000] {logging_mixin.py:190} INFO - [2025-03-28T09:52:09.086+0000] {dagbag.py:435} INFO - File /opt/airflow/dags/env/Scripts/dbt.exe:__main__.py assumed to contain no DAGs. Skipping.
[2025-03-28T09:52:09.089+0000] {processor.py:927} WARNING - No viable dags retrieved from /opt/airflow/dags/env/Scripts/dbt.exe
[2025-03-28T09:52:09.131+0000] {processor.py:208} INFO - Processing /opt/airflow/dags/env/Scripts/dbt.exe took 0.097 seconds
[2025-03-28T10:04:42.755+0000] {processor.py:186} INFO - Started process (PID=1569) to work on /opt/airflow/dags/env/Scripts/dbt.exe
[2025-03-28T10:04:42.756+0000] {processor.py:914} INFO - Processing file /opt/airflow/dags/env/Scripts/dbt.exe for tasks to queue
[2025-03-28T10:04:42.758+0000] {logging_mixin.py:190} INFO - [2025-03-28T10:04:42.758+0000] {dagbag.py:588} INFO - Filling up the DagBag from /opt/airflow/dags/env/Scripts/dbt.exe
[2025-03-28T10:04:42.771+0000] {logging_mixin.py:190} INFO - [2025-03-28T10:04:42.771+0000] {dagbag.py:435} INFO - File /opt/airflow/dags/env/Scripts/dbt.exe:__main__.py assumed to contain no DAGs. Skipping.
[2025-03-28T10:04:42.772+0000] {processor.py:927} WARNING - No viable dags retrieved from /opt/airflow/dags/env/Scripts/dbt.exe
[2025-03-28T10:04:42.796+0000] {processor.py:208} INFO - Processing /opt/airflow/dags/env/Scripts/dbt.exe took 0.054 seconds
[2025-03-28T10:09:20.202+0000] {processor.py:186} INFO - Started process (PID=1593) to work on /opt/airflow/dags/env/Scripts/dbt.exe
[2025-03-28T10:09:20.203+0000] {processor.py:914} INFO - Processing file /opt/airflow/dags/env/Scripts/dbt.exe for tasks to queue
[2025-03-28T10:09:20.205+0000] {logging_mixin.py:190} INFO - [2025-03-28T10:09:20.205+0000] {dagbag.py:588} INFO - Filling up the DagBag from /opt/airflow/dags/env/Scripts/dbt.exe
[2025-03-28T10:09:20.229+0000] {logging_mixin.py:190} INFO - [2025-03-28T10:09:20.229+0000] {dagbag.py:435} INFO - File /opt/airflow/dags/env/Scripts/dbt.exe:__main__.py assumed to contain no DAGs. Skipping.
[2025-03-28T10:09:20.231+0000] {processor.py:927} WARNING - No viable dags retrieved from /opt/airflow/dags/env/Scripts/dbt.exe
[2025-03-28T10:09:20.266+0000] {processor.py:208} INFO - Processing /opt/airflow/dags/env/Scripts/dbt.exe took 0.081 seconds
[2025-03-28T10:22:14.581+0000] {processor.py:186} INFO - Started process (PID=1616) to work on /opt/airflow/dags/env/Scripts/dbt.exe
[2025-03-28T10:22:14.583+0000] {processor.py:914} INFO - Processing file /opt/airflow/dags/env/Scripts/dbt.exe for tasks to queue
[2025-03-28T10:22:14.585+0000] {logging_mixin.py:190} INFO - [2025-03-28T10:22:14.585+0000] {dagbag.py:588} INFO - Filling up the DagBag from /opt/airflow/dags/env/Scripts/dbt.exe
[2025-03-28T10:22:14.601+0000] {logging_mixin.py:190} INFO - [2025-03-28T10:22:14.600+0000] {dagbag.py:435} INFO - File /opt/airflow/dags/env/Scripts/dbt.exe:__main__.py assumed to contain no DAGs. Skipping.
[2025-03-28T10:22:14.602+0000] {processor.py:927} WARNING - No viable dags retrieved from /opt/airflow/dags/env/Scripts/dbt.exe
[2025-03-28T10:22:14.672+0000] {processor.py:208} INFO - Processing /opt/airflow/dags/env/Scripts/dbt.exe took 0.113 seconds
[2025-03-28T10:27:15.089+0000] {processor.py:186} INFO - Started process (PID=1642) to work on /opt/airflow/dags/env/Scripts/dbt.exe
[2025-03-28T10:27:15.090+0000] {processor.py:914} INFO - Processing file /opt/airflow/dags/env/Scripts/dbt.exe for tasks to queue
[2025-03-28T10:27:15.094+0000] {logging_mixin.py:190} INFO - [2025-03-28T10:27:15.093+0000] {dagbag.py:588} INFO - Filling up the DagBag from /opt/airflow/dags/env/Scripts/dbt.exe
[2025-03-28T10:27:15.113+0000] {logging_mixin.py:190} INFO - [2025-03-28T10:27:15.113+0000] {dagbag.py:435} INFO - File /opt/airflow/dags/env/Scripts/dbt.exe:__main__.py assumed to contain no DAGs. Skipping.
[2025-03-28T10:27:15.115+0000] {processor.py:927} WARNING - No viable dags retrieved from /opt/airflow/dags/env/Scripts/dbt.exe
[2025-03-28T10:27:15.153+0000] {processor.py:208} INFO - Processing /opt/airflow/dags/env/Scripts/dbt.exe took 0.087 seconds
[2025-03-28T10:31:08.706+0000] {processor.py:186} INFO - Started process (PID=1644) to work on /opt/airflow/dags/env/Scripts/dbt.exe
[2025-03-28T10:31:08.708+0000] {processor.py:914} INFO - Processing file /opt/airflow/dags/env/Scripts/dbt.exe for tasks to queue
[2025-03-28T10:31:08.715+0000] {logging_mixin.py:190} INFO - [2025-03-28T10:31:08.711+0000] {dagbag.py:588} INFO - Filling up the DagBag from /opt/airflow/dags/env/Scripts/dbt.exe
[2025-03-28T10:31:08.739+0000] {logging_mixin.py:190} INFO - [2025-03-28T10:31:08.738+0000] {dagbag.py:435} INFO - File /opt/airflow/dags/env/Scripts/dbt.exe:__main__.py assumed to contain no DAGs. Skipping.
[2025-03-28T10:31:08.741+0000] {processor.py:927} WARNING - No viable dags retrieved from /opt/airflow/dags/env/Scripts/dbt.exe
[2025-03-28T10:31:08.779+0000] {processor.py:208} INFO - Processing /opt/airflow/dags/env/Scripts/dbt.exe took 0.102 seconds
[2025-03-28T10:31:39.034+0000] {processor.py:186} INFO - Started process (PID=1668) to work on /opt/airflow/dags/env/Scripts/dbt.exe
[2025-03-28T10:31:39.036+0000] {processor.py:914} INFO - Processing file /opt/airflow/dags/env/Scripts/dbt.exe for tasks to queue
[2025-03-28T10:31:39.039+0000] {logging_mixin.py:190} INFO - [2025-03-28T10:31:39.038+0000] {dagbag.py:588} INFO - Filling up the DagBag from /opt/airflow/dags/env/Scripts/dbt.exe
[2025-03-28T10:31:39.053+0000] {logging_mixin.py:190} INFO - [2025-03-28T10:31:39.052+0000] {dagbag.py:435} INFO - File /opt/airflow/dags/env/Scripts/dbt.exe:__main__.py assumed to contain no DAGs. Skipping.
[2025-03-28T10:31:39.054+0000] {processor.py:927} WARNING - No viable dags retrieved from /opt/airflow/dags/env/Scripts/dbt.exe
[2025-03-28T10:31:39.085+0000] {processor.py:208} INFO - Processing /opt/airflow/dags/env/Scripts/dbt.exe took 0.070 seconds
[2025-03-28T10:32:10.405+0000] {processor.py:186} INFO - Started process (PID=1692) to work on /opt/airflow/dags/env/Scripts/dbt.exe
[2025-03-28T10:32:10.407+0000] {processor.py:914} INFO - Processing file /opt/airflow/dags/env/Scripts/dbt.exe for tasks to queue
[2025-03-28T10:32:10.410+0000] {logging_mixin.py:190} INFO - [2025-03-28T10:32:10.410+0000] {dagbag.py:588} INFO - Filling up the DagBag from /opt/airflow/dags/env/Scripts/dbt.exe
[2025-03-28T10:32:10.439+0000] {logging_mixin.py:190} INFO - [2025-03-28T10:32:10.437+0000] {dagbag.py:435} INFO - File /opt/airflow/dags/env/Scripts/dbt.exe:__main__.py assumed to contain no DAGs. Skipping.
[2025-03-28T10:32:10.441+0000] {processor.py:927} WARNING - No viable dags retrieved from /opt/airflow/dags/env/Scripts/dbt.exe
[2025-03-28T10:32:10.519+0000] {processor.py:208} INFO - Processing /opt/airflow/dags/env/Scripts/dbt.exe took 0.138 seconds
[2025-03-28T10:36:13.628+0000] {processor.py:186} INFO - Started process (PID=1698) to work on /opt/airflow/dags/env/Scripts/dbt.exe
[2025-03-28T10:36:13.629+0000] {processor.py:914} INFO - Processing file /opt/airflow/dags/env/Scripts/dbt.exe for tasks to queue
[2025-03-28T10:36:13.631+0000] {logging_mixin.py:190} INFO - [2025-03-28T10:36:13.631+0000] {dagbag.py:588} INFO - Filling up the DagBag from /opt/airflow/dags/env/Scripts/dbt.exe
[2025-03-28T10:36:13.644+0000] {logging_mixin.py:190} INFO - [2025-03-28T10:36:13.644+0000] {dagbag.py:435} INFO - File /opt/airflow/dags/env/Scripts/dbt.exe:__main__.py assumed to contain no DAGs. Skipping.
[2025-03-28T10:36:13.645+0000] {processor.py:927} WARNING - No viable dags retrieved from /opt/airflow/dags/env/Scripts/dbt.exe
[2025-03-28T10:36:13.669+0000] {processor.py:208} INFO - Processing /opt/airflow/dags/env/Scripts/dbt.exe took 0.053 seconds
[2025-03-28T10:36:54.219+0000] {processor.py:186} INFO - Started process (PID=1722) to work on /opt/airflow/dags/env/Scripts/dbt.exe
[2025-03-28T10:36:54.222+0000] {processor.py:914} INFO - Processing file /opt/airflow/dags/env/Scripts/dbt.exe for tasks to queue
[2025-03-28T10:36:54.226+0000] {logging_mixin.py:190} INFO - [2025-03-28T10:36:54.225+0000] {dagbag.py:588} INFO - Filling up the DagBag from /opt/airflow/dags/env/Scripts/dbt.exe
[2025-03-28T10:36:54.250+0000] {logging_mixin.py:190} INFO - [2025-03-28T10:36:54.249+0000] {dagbag.py:435} INFO - File /opt/airflow/dags/env/Scripts/dbt.exe:__main__.py assumed to contain no DAGs. Skipping.
[2025-03-28T10:36:54.252+0000] {processor.py:927} WARNING - No viable dags retrieved from /opt/airflow/dags/env/Scripts/dbt.exe
[2025-03-28T10:36:54.294+0000] {processor.py:208} INFO - Processing /opt/airflow/dags/env/Scripts/dbt.exe took 0.098 seconds
[2025-03-28T10:58:39.224+0000] {processor.py:186} INFO - Started process (PID=1742) to work on /opt/airflow/dags/env/Scripts/dbt.exe
[2025-03-28T10:58:39.226+0000] {processor.py:914} INFO - Processing file /opt/airflow/dags/env/Scripts/dbt.exe for tasks to queue
[2025-03-28T10:58:39.233+0000] {logging_mixin.py:190} INFO - [2025-03-28T10:58:39.229+0000] {dagbag.py:588} INFO - Filling up the DagBag from /opt/airflow/dags/env/Scripts/dbt.exe
[2025-03-28T10:58:39.263+0000] {logging_mixin.py:190} INFO - [2025-03-28T10:58:39.262+0000] {dagbag.py:435} INFO - File /opt/airflow/dags/env/Scripts/dbt.exe:__main__.py assumed to contain no DAGs. Skipping.
[2025-03-28T10:58:39.265+0000] {processor.py:927} WARNING - No viable dags retrieved from /opt/airflow/dags/env/Scripts/dbt.exe
[2025-03-28T10:58:39.307+0000] {processor.py:208} INFO - Processing /opt/airflow/dags/env/Scripts/dbt.exe took 0.107 seconds
[2025-03-28T11:52:39.008+0000] {processor.py:186} INFO - Started process (PID=1767) to work on /opt/airflow/dags/env/Scripts/dbt.exe
[2025-03-28T11:52:39.009+0000] {processor.py:914} INFO - Processing file /opt/airflow/dags/env/Scripts/dbt.exe for tasks to queue
[2025-03-28T11:52:39.011+0000] {logging_mixin.py:190} INFO - [2025-03-28T11:52:39.010+0000] {dagbag.py:588} INFO - Filling up the DagBag from /opt/airflow/dags/env/Scripts/dbt.exe
[2025-03-28T11:52:39.024+0000] {logging_mixin.py:190} INFO - [2025-03-28T11:52:39.024+0000] {dagbag.py:435} INFO - File /opt/airflow/dags/env/Scripts/dbt.exe:__main__.py assumed to contain no DAGs. Skipping.
[2025-03-28T11:52:39.025+0000] {processor.py:927} WARNING - No viable dags retrieved from /opt/airflow/dags/env/Scripts/dbt.exe
[2025-03-28T11:52:39.049+0000] {processor.py:208} INFO - Processing /opt/airflow/dags/env/Scripts/dbt.exe took 0.053 seconds
[2025-03-28T12:07:24.890+0000] {processor.py:186} INFO - Started process (PID=1790) to work on /opt/airflow/dags/env/Scripts/dbt.exe
[2025-03-28T12:07:24.893+0000] {processor.py:914} INFO - Processing file /opt/airflow/dags/env/Scripts/dbt.exe for tasks to queue
[2025-03-28T12:07:24.896+0000] {logging_mixin.py:190} INFO - [2025-03-28T12:07:24.895+0000] {dagbag.py:588} INFO - Filling up the DagBag from /opt/airflow/dags/env/Scripts/dbt.exe
[2025-03-28T12:07:24.956+0000] {logging_mixin.py:190} INFO - [2025-03-28T12:07:24.956+0000] {dagbag.py:435} INFO - File /opt/airflow/dags/env/Scripts/dbt.exe:__main__.py assumed to contain no DAGs. Skipping.
[2025-03-28T12:07:24.959+0000] {processor.py:927} WARNING - No viable dags retrieved from /opt/airflow/dags/env/Scripts/dbt.exe
[2025-03-28T12:07:25.038+0000] {processor.py:208} INFO - Processing /opt/airflow/dags/env/Scripts/dbt.exe took 0.185 seconds
[2025-03-28T12:52:23.146+0000] {processor.py:186} INFO - Started process (PID=1814) to work on /opt/airflow/dags/env/Scripts/dbt.exe
[2025-03-28T12:52:23.147+0000] {processor.py:914} INFO - Processing file /opt/airflow/dags/env/Scripts/dbt.exe for tasks to queue
[2025-03-28T12:52:23.149+0000] {logging_mixin.py:190} INFO - [2025-03-28T12:52:23.149+0000] {dagbag.py:588} INFO - Filling up the DagBag from /opt/airflow/dags/env/Scripts/dbt.exe
[2025-03-28T12:52:23.165+0000] {logging_mixin.py:190} INFO - [2025-03-28T12:52:23.164+0000] {dagbag.py:435} INFO - File /opt/airflow/dags/env/Scripts/dbt.exe:__main__.py assumed to contain no DAGs. Skipping.
[2025-03-28T12:52:23.166+0000] {processor.py:927} WARNING - No viable dags retrieved from /opt/airflow/dags/env/Scripts/dbt.exe
[2025-03-28T12:52:23.194+0000] {processor.py:208} INFO - Processing /opt/airflow/dags/env/Scripts/dbt.exe took 0.060 seconds
[2025-03-28T12:52:53.751+0000] {processor.py:186} INFO - Started process (PID=1838) to work on /opt/airflow/dags/env/Scripts/dbt.exe
[2025-03-28T12:52:53.753+0000] {processor.py:914} INFO - Processing file /opt/airflow/dags/env/Scripts/dbt.exe for tasks to queue
[2025-03-28T12:52:53.755+0000] {logging_mixin.py:190} INFO - [2025-03-28T12:52:53.754+0000] {dagbag.py:588} INFO - Filling up the DagBag from /opt/airflow/dags/env/Scripts/dbt.exe
[2025-03-28T12:52:53.773+0000] {logging_mixin.py:190} INFO - [2025-03-28T12:52:53.772+0000] {dagbag.py:435} INFO - File /opt/airflow/dags/env/Scripts/dbt.exe:__main__.py assumed to contain no DAGs. Skipping.
[2025-03-28T12:52:53.774+0000] {processor.py:927} WARNING - No viable dags retrieved from /opt/airflow/dags/env/Scripts/dbt.exe
[2025-03-28T12:52:53.801+0000] {processor.py:208} INFO - Processing /opt/airflow/dags/env/Scripts/dbt.exe took 0.063 seconds
[2025-03-28T12:56:48.835+0000] {processor.py:186} INFO - Started process (PID=1840) to work on /opt/airflow/dags/env/Scripts/dbt.exe
[2025-03-28T12:56:48.836+0000] {processor.py:914} INFO - Processing file /opt/airflow/dags/env/Scripts/dbt.exe for tasks to queue
[2025-03-28T12:56:48.839+0000] {logging_mixin.py:190} INFO - [2025-03-28T12:56:48.838+0000] {dagbag.py:588} INFO - Filling up the DagBag from /opt/airflow/dags/env/Scripts/dbt.exe
[2025-03-28T12:56:48.856+0000] {logging_mixin.py:190} INFO - [2025-03-28T12:56:48.855+0000] {dagbag.py:435} INFO - File /opt/airflow/dags/env/Scripts/dbt.exe:__main__.py assumed to contain no DAGs. Skipping.
[2025-03-28T12:56:48.857+0000] {processor.py:927} WARNING - No viable dags retrieved from /opt/airflow/dags/env/Scripts/dbt.exe
[2025-03-28T12:56:48.883+0000] {processor.py:208} INFO - Processing /opt/airflow/dags/env/Scripts/dbt.exe took 0.069 seconds
[2025-03-28T12:57:19.818+0000] {processor.py:186} INFO - Started process (PID=1864) to work on /opt/airflow/dags/env/Scripts/dbt.exe
[2025-03-28T12:57:19.820+0000] {processor.py:914} INFO - Processing file /opt/airflow/dags/env/Scripts/dbt.exe for tasks to queue
[2025-03-28T12:57:19.822+0000] {logging_mixin.py:190} INFO - [2025-03-28T12:57:19.821+0000] {dagbag.py:588} INFO - Filling up the DagBag from /opt/airflow/dags/env/Scripts/dbt.exe
[2025-03-28T12:57:19.839+0000] {logging_mixin.py:190} INFO - [2025-03-28T12:57:19.839+0000] {dagbag.py:435} INFO - File /opt/airflow/dags/env/Scripts/dbt.exe:__main__.py assumed to contain no DAGs. Skipping.
[2025-03-28T12:57:19.841+0000] {processor.py:927} WARNING - No viable dags retrieved from /opt/airflow/dags/env/Scripts/dbt.exe
[2025-03-28T12:57:19.868+0000] {processor.py:208} INFO - Processing /opt/airflow/dags/env/Scripts/dbt.exe took 0.063 seconds
[2025-03-28T12:57:50.160+0000] {processor.py:186} INFO - Started process (PID=1888) to work on /opt/airflow/dags/env/Scripts/dbt.exe
[2025-03-28T12:57:50.161+0000] {processor.py:914} INFO - Processing file /opt/airflow/dags/env/Scripts/dbt.exe for tasks to queue
[2025-03-28T12:57:50.163+0000] {logging_mixin.py:190} INFO - [2025-03-28T12:57:50.162+0000] {dagbag.py:588} INFO - Filling up the DagBag from /opt/airflow/dags/env/Scripts/dbt.exe
[2025-03-28T12:57:50.175+0000] {logging_mixin.py:190} INFO - [2025-03-28T12:57:50.175+0000] {dagbag.py:435} INFO - File /opt/airflow/dags/env/Scripts/dbt.exe:__main__.py assumed to contain no DAGs. Skipping.
[2025-03-28T12:57:50.176+0000] {processor.py:927} WARNING - No viable dags retrieved from /opt/airflow/dags/env/Scripts/dbt.exe
[2025-03-28T12:57:50.197+0000] {processor.py:208} INFO - Processing /opt/airflow/dags/env/Scripts/dbt.exe took 0.049 seconds
[2025-03-28T13:01:50.592+0000] {processor.py:186} INFO - Started process (PID=1893) to work on /opt/airflow/dags/env/Scripts/dbt.exe
[2025-03-28T13:01:50.593+0000] {processor.py:914} INFO - Processing file /opt/airflow/dags/env/Scripts/dbt.exe for tasks to queue
[2025-03-28T13:01:50.595+0000] {logging_mixin.py:190} INFO - [2025-03-28T13:01:50.595+0000] {dagbag.py:588} INFO - Filling up the DagBag from /opt/airflow/dags/env/Scripts/dbt.exe
[2025-03-28T13:01:50.612+0000] {logging_mixin.py:190} INFO - [2025-03-28T13:01:50.612+0000] {dagbag.py:435} INFO - File /opt/airflow/dags/env/Scripts/dbt.exe:__main__.py assumed to contain no DAGs. Skipping.
[2025-03-28T13:01:50.613+0000] {processor.py:927} WARNING - No viable dags retrieved from /opt/airflow/dags/env/Scripts/dbt.exe
[2025-03-28T13:01:50.643+0000] {processor.py:208} INFO - Processing /opt/airflow/dags/env/Scripts/dbt.exe took 0.063 seconds
[2025-03-28T13:02:21.726+0000] {processor.py:186} INFO - Started process (PID=1917) to work on /opt/airflow/dags/env/Scripts/dbt.exe
[2025-03-28T13:02:21.727+0000] {processor.py:914} INFO - Processing file /opt/airflow/dags/env/Scripts/dbt.exe for tasks to queue
[2025-03-28T13:02:21.729+0000] {logging_mixin.py:190} INFO - [2025-03-28T13:02:21.728+0000] {dagbag.py:588} INFO - Filling up the DagBag from /opt/airflow/dags/env/Scripts/dbt.exe
[2025-03-28T13:02:21.740+0000] {logging_mixin.py:190} INFO - [2025-03-28T13:02:21.739+0000] {dagbag.py:435} INFO - File /opt/airflow/dags/env/Scripts/dbt.exe:__main__.py assumed to contain no DAGs. Skipping.
[2025-03-28T13:02:21.740+0000] {processor.py:927} WARNING - No viable dags retrieved from /opt/airflow/dags/env/Scripts/dbt.exe
[2025-03-28T13:02:21.762+0000] {processor.py:208} INFO - Processing /opt/airflow/dags/env/Scripts/dbt.exe took 0.048 seconds
[2025-03-28T13:02:52.016+0000] {processor.py:186} INFO - Started process (PID=1941) to work on /opt/airflow/dags/env/Scripts/dbt.exe
[2025-03-28T13:02:52.018+0000] {processor.py:914} INFO - Processing file /opt/airflow/dags/env/Scripts/dbt.exe for tasks to queue
[2025-03-28T13:02:52.019+0000] {logging_mixin.py:190} INFO - [2025-03-28T13:02:52.019+0000] {dagbag.py:588} INFO - Filling up the DagBag from /opt/airflow/dags/env/Scripts/dbt.exe
[2025-03-28T13:02:52.031+0000] {logging_mixin.py:190} INFO - [2025-03-28T13:02:52.030+0000] {dagbag.py:435} INFO - File /opt/airflow/dags/env/Scripts/dbt.exe:__main__.py assumed to contain no DAGs. Skipping.
[2025-03-28T13:02:52.031+0000] {processor.py:927} WARNING - No viable dags retrieved from /opt/airflow/dags/env/Scripts/dbt.exe
[2025-03-28T13:02:52.052+0000] {processor.py:208} INFO - Processing /opt/airflow/dags/env/Scripts/dbt.exe took 0.047 seconds
[2025-03-28T13:06:48.395+0000] {processor.py:186} INFO - Started process (PID=1944) to work on /opt/airflow/dags/env/Scripts/dbt.exe
[2025-03-28T13:06:48.396+0000] {processor.py:914} INFO - Processing file /opt/airflow/dags/env/Scripts/dbt.exe for tasks to queue
[2025-03-28T13:06:48.398+0000] {logging_mixin.py:190} INFO - [2025-03-28T13:06:48.398+0000] {dagbag.py:588} INFO - Filling up the DagBag from /opt/airflow/dags/env/Scripts/dbt.exe
[2025-03-28T13:06:48.410+0000] {logging_mixin.py:190} INFO - [2025-03-28T13:06:48.409+0000] {dagbag.py:435} INFO - File /opt/airflow/dags/env/Scripts/dbt.exe:__main__.py assumed to contain no DAGs. Skipping.
[2025-03-28T13:06:48.411+0000] {processor.py:927} WARNING - No viable dags retrieved from /opt/airflow/dags/env/Scripts/dbt.exe
[2025-03-28T13:06:48.432+0000] {processor.py:208} INFO - Processing /opt/airflow/dags/env/Scripts/dbt.exe took 0.048 seconds
[2025-03-28T13:07:18.775+0000] {processor.py:186} INFO - Started process (PID=1968) to work on /opt/airflow/dags/env/Scripts/dbt.exe
[2025-03-28T13:07:18.776+0000] {processor.py:914} INFO - Processing file /opt/airflow/dags/env/Scripts/dbt.exe for tasks to queue
[2025-03-28T13:07:18.778+0000] {logging_mixin.py:190} INFO - [2025-03-28T13:07:18.778+0000] {dagbag.py:588} INFO - Filling up the DagBag from /opt/airflow/dags/env/Scripts/dbt.exe
[2025-03-28T13:07:18.791+0000] {logging_mixin.py:190} INFO - [2025-03-28T13:07:18.790+0000] {dagbag.py:435} INFO - File /opt/airflow/dags/env/Scripts/dbt.exe:__main__.py assumed to contain no DAGs. Skipping.
[2025-03-28T13:07:18.792+0000] {processor.py:927} WARNING - No viable dags retrieved from /opt/airflow/dags/env/Scripts/dbt.exe
[2025-03-28T13:07:18.818+0000] {processor.py:208} INFO - Processing /opt/airflow/dags/env/Scripts/dbt.exe took 0.054 seconds
[2025-03-28T13:07:49.277+0000] {processor.py:186} INFO - Started process (PID=1992) to work on /opt/airflow/dags/env/Scripts/dbt.exe
[2025-03-28T13:07:49.279+0000] {processor.py:914} INFO - Processing file /opt/airflow/dags/env/Scripts/dbt.exe for tasks to queue
[2025-03-28T13:07:49.280+0000] {logging_mixin.py:190} INFO - [2025-03-28T13:07:49.280+0000] {dagbag.py:588} INFO - Filling up the DagBag from /opt/airflow/dags/env/Scripts/dbt.exe
[2025-03-28T13:07:49.293+0000] {logging_mixin.py:190} INFO - [2025-03-28T13:07:49.293+0000] {dagbag.py:435} INFO - File /opt/airflow/dags/env/Scripts/dbt.exe:__main__.py assumed to contain no DAGs. Skipping.
[2025-03-28T13:07:49.294+0000] {processor.py:927} WARNING - No viable dags retrieved from /opt/airflow/dags/env/Scripts/dbt.exe
[2025-03-28T13:07:49.315+0000] {processor.py:208} INFO - Processing /opt/airflow/dags/env/Scripts/dbt.exe took 0.048 seconds
[2025-03-28T13:11:45.870+0000] {processor.py:186} INFO - Started process (PID=1998) to work on /opt/airflow/dags/env/Scripts/dbt.exe
[2025-03-28T13:11:45.871+0000] {processor.py:914} INFO - Processing file /opt/airflow/dags/env/Scripts/dbt.exe for tasks to queue
[2025-03-28T13:11:45.873+0000] {logging_mixin.py:190} INFO - [2025-03-28T13:11:45.872+0000] {dagbag.py:588} INFO - Filling up the DagBag from /opt/airflow/dags/env/Scripts/dbt.exe
[2025-03-28T13:11:45.891+0000] {logging_mixin.py:190} INFO - [2025-03-28T13:11:45.890+0000] {dagbag.py:435} INFO - File /opt/airflow/dags/env/Scripts/dbt.exe:__main__.py assumed to contain no DAGs. Skipping.
[2025-03-28T13:11:45.892+0000] {processor.py:927} WARNING - No viable dags retrieved from /opt/airflow/dags/env/Scripts/dbt.exe
[2025-03-28T13:11:45.920+0000] {processor.py:208} INFO - Processing /opt/airflow/dags/env/Scripts/dbt.exe took 0.063 seconds
[2025-03-28T13:12:16.370+0000] {processor.py:186} INFO - Started process (PID=2022) to work on /opt/airflow/dags/env/Scripts/dbt.exe
[2025-03-28T13:12:16.371+0000] {processor.py:914} INFO - Processing file /opt/airflow/dags/env/Scripts/dbt.exe for tasks to queue
[2025-03-28T13:12:16.373+0000] {logging_mixin.py:190} INFO - [2025-03-28T13:12:16.373+0000] {dagbag.py:588} INFO - Filling up the DagBag from /opt/airflow/dags/env/Scripts/dbt.exe
[2025-03-28T13:12:16.386+0000] {logging_mixin.py:190} INFO - [2025-03-28T13:12:16.386+0000] {dagbag.py:435} INFO - File /opt/airflow/dags/env/Scripts/dbt.exe:__main__.py assumed to contain no DAGs. Skipping.
[2025-03-28T13:12:16.387+0000] {processor.py:927} WARNING - No viable dags retrieved from /opt/airflow/dags/env/Scripts/dbt.exe
[2025-03-28T13:12:16.411+0000] {processor.py:208} INFO - Processing /opt/airflow/dags/env/Scripts/dbt.exe took 0.053 seconds
[2025-03-28T13:12:46.924+0000] {processor.py:186} INFO - Started process (PID=2046) to work on /opt/airflow/dags/env/Scripts/dbt.exe
[2025-03-28T13:12:46.934+0000] {processor.py:914} INFO - Processing file /opt/airflow/dags/env/Scripts/dbt.exe for tasks to queue
[2025-03-28T13:12:46.936+0000] {logging_mixin.py:190} INFO - [2025-03-28T13:12:46.936+0000] {dagbag.py:588} INFO - Filling up the DagBag from /opt/airflow/dags/env/Scripts/dbt.exe
[2025-03-28T13:12:46.953+0000] {logging_mixin.py:190} INFO - [2025-03-28T13:12:46.952+0000] {dagbag.py:435} INFO - File /opt/airflow/dags/env/Scripts/dbt.exe:__main__.py assumed to contain no DAGs. Skipping.
[2025-03-28T13:12:46.954+0000] {processor.py:927} WARNING - No viable dags retrieved from /opt/airflow/dags/env/Scripts/dbt.exe
[2025-03-28T13:12:46.978+0000] {processor.py:208} INFO - Processing /opt/airflow/dags/env/Scripts/dbt.exe took 0.093 seconds
[2025-03-28T13:16:50.766+0000] {processor.py:186} INFO - Started process (PID=2054) to work on /opt/airflow/dags/env/Scripts/dbt.exe
[2025-03-28T13:16:50.768+0000] {processor.py:914} INFO - Processing file /opt/airflow/dags/env/Scripts/dbt.exe for tasks to queue
[2025-03-28T13:16:50.770+0000] {logging_mixin.py:190} INFO - [2025-03-28T13:16:50.769+0000] {dagbag.py:588} INFO - Filling up the DagBag from /opt/airflow/dags/env/Scripts/dbt.exe
[2025-03-28T13:16:50.785+0000] {logging_mixin.py:190} INFO - [2025-03-28T13:16:50.785+0000] {dagbag.py:435} INFO - File /opt/airflow/dags/env/Scripts/dbt.exe:__main__.py assumed to contain no DAGs. Skipping.
[2025-03-28T13:16:50.787+0000] {processor.py:927} WARNING - No viable dags retrieved from /opt/airflow/dags/env/Scripts/dbt.exe
[2025-03-28T13:16:50.818+0000] {processor.py:208} INFO - Processing /opt/airflow/dags/env/Scripts/dbt.exe took 0.068 seconds
[2025-03-28T13:17:21.298+0000] {processor.py:186} INFO - Started process (PID=2078) to work on /opt/airflow/dags/env/Scripts/dbt.exe
[2025-03-28T13:17:21.300+0000] {processor.py:914} INFO - Processing file /opt/airflow/dags/env/Scripts/dbt.exe for tasks to queue
[2025-03-28T13:17:21.303+0000] {logging_mixin.py:190} INFO - [2025-03-28T13:17:21.302+0000] {dagbag.py:588} INFO - Filling up the DagBag from /opt/airflow/dags/env/Scripts/dbt.exe
[2025-03-28T13:17:21.322+0000] {logging_mixin.py:190} INFO - [2025-03-28T13:17:21.321+0000] {dagbag.py:435} INFO - File /opt/airflow/dags/env/Scripts/dbt.exe:__main__.py assumed to contain no DAGs. Skipping.
[2025-03-28T13:17:21.324+0000] {processor.py:927} WARNING - No viable dags retrieved from /opt/airflow/dags/env/Scripts/dbt.exe
[2025-03-28T13:17:21.354+0000] {processor.py:208} INFO - Processing /opt/airflow/dags/env/Scripts/dbt.exe took 0.074 seconds
[2025-03-28T13:17:51.893+0000] {processor.py:186} INFO - Started process (PID=2102) to work on /opt/airflow/dags/env/Scripts/dbt.exe
[2025-03-28T13:17:51.895+0000] {processor.py:914} INFO - Processing file /opt/airflow/dags/env/Scripts/dbt.exe for tasks to queue
[2025-03-28T13:17:51.899+0000] {logging_mixin.py:190} INFO - [2025-03-28T13:17:51.898+0000] {dagbag.py:588} INFO - Filling up the DagBag from /opt/airflow/dags/env/Scripts/dbt.exe
[2025-03-28T13:17:51.911+0000] {logging_mixin.py:190} INFO - [2025-03-28T13:17:51.911+0000] {dagbag.py:435} INFO - File /opt/airflow/dags/env/Scripts/dbt.exe:__main__.py assumed to contain no DAGs. Skipping.
[2025-03-28T13:17:51.912+0000] {processor.py:927} WARNING - No viable dags retrieved from /opt/airflow/dags/env/Scripts/dbt.exe
[2025-03-28T13:17:51.935+0000] {processor.py:208} INFO - Processing /opt/airflow/dags/env/Scripts/dbt.exe took 0.055 seconds
[2025-03-28T13:21:50.823+0000] {processor.py:186} INFO - Started process (PID=2106) to work on /opt/airflow/dags/env/Scripts/dbt.exe
[2025-03-28T13:21:50.824+0000] {processor.py:914} INFO - Processing file /opt/airflow/dags/env/Scripts/dbt.exe for tasks to queue
[2025-03-28T13:21:50.826+0000] {logging_mixin.py:190} INFO - [2025-03-28T13:21:50.826+0000] {dagbag.py:588} INFO - Filling up the DagBag from /opt/airflow/dags/env/Scripts/dbt.exe
[2025-03-28T13:21:50.838+0000] {logging_mixin.py:190} INFO - [2025-03-28T13:21:50.838+0000] {dagbag.py:435} INFO - File /opt/airflow/dags/env/Scripts/dbt.exe:__main__.py assumed to contain no DAGs. Skipping.
[2025-03-28T13:21:50.839+0000] {processor.py:927} WARNING - No viable dags retrieved from /opt/airflow/dags/env/Scripts/dbt.exe
[2025-03-28T13:21:50.861+0000] {processor.py:208} INFO - Processing /opt/airflow/dags/env/Scripts/dbt.exe took 0.050 seconds
[2025-03-28T13:22:22.053+0000] {processor.py:186} INFO - Started process (PID=2130) to work on /opt/airflow/dags/env/Scripts/dbt.exe
[2025-03-28T13:22:22.054+0000] {processor.py:914} INFO - Processing file /opt/airflow/dags/env/Scripts/dbt.exe for tasks to queue
[2025-03-28T13:22:22.056+0000] {logging_mixin.py:190} INFO - [2025-03-28T13:22:22.056+0000] {dagbag.py:588} INFO - Filling up the DagBag from /opt/airflow/dags/env/Scripts/dbt.exe
[2025-03-28T13:22:22.069+0000] {logging_mixin.py:190} INFO - [2025-03-28T13:22:22.069+0000] {dagbag.py:435} INFO - File /opt/airflow/dags/env/Scripts/dbt.exe:__main__.py assumed to contain no DAGs. Skipping.
[2025-03-28T13:22:22.070+0000] {processor.py:927} WARNING - No viable dags retrieved from /opt/airflow/dags/env/Scripts/dbt.exe
[2025-03-28T13:22:22.091+0000] {processor.py:208} INFO - Processing /opt/airflow/dags/env/Scripts/dbt.exe took 0.049 seconds
[2025-03-28T13:22:53.284+0000] {processor.py:186} INFO - Started process (PID=2154) to work on /opt/airflow/dags/env/Scripts/dbt.exe
[2025-03-28T13:22:53.285+0000] {processor.py:914} INFO - Processing file /opt/airflow/dags/env/Scripts/dbt.exe for tasks to queue
[2025-03-28T13:22:53.287+0000] {logging_mixin.py:190} INFO - [2025-03-28T13:22:53.287+0000] {dagbag.py:588} INFO - Filling up the DagBag from /opt/airflow/dags/env/Scripts/dbt.exe
[2025-03-28T13:22:53.300+0000] {logging_mixin.py:190} INFO - [2025-03-28T13:22:53.300+0000] {dagbag.py:435} INFO - File /opt/airflow/dags/env/Scripts/dbt.exe:__main__.py assumed to contain no DAGs. Skipping.
[2025-03-28T13:22:53.301+0000] {processor.py:927} WARNING - No viable dags retrieved from /opt/airflow/dags/env/Scripts/dbt.exe
[2025-03-28T13:22:53.323+0000] {processor.py:208} INFO - Processing /opt/airflow/dags/env/Scripts/dbt.exe took 0.051 seconds
[2025-03-28T13:26:47.007+0000] {processor.py:186} INFO - Started process (PID=2158) to work on /opt/airflow/dags/env/Scripts/dbt.exe
[2025-03-28T13:26:47.009+0000] {processor.py:914} INFO - Processing file /opt/airflow/dags/env/Scripts/dbt.exe for tasks to queue
[2025-03-28T13:26:47.011+0000] {logging_mixin.py:190} INFO - [2025-03-28T13:26:47.010+0000] {dagbag.py:588} INFO - Filling up the DagBag from /opt/airflow/dags/env/Scripts/dbt.exe
[2025-03-28T13:26:47.024+0000] {logging_mixin.py:190} INFO - [2025-03-28T13:26:47.024+0000] {dagbag.py:435} INFO - File /opt/airflow/dags/env/Scripts/dbt.exe:__main__.py assumed to contain no DAGs. Skipping.
[2025-03-28T13:26:47.025+0000] {processor.py:927} WARNING - No viable dags retrieved from /opt/airflow/dags/env/Scripts/dbt.exe
[2025-03-28T13:26:47.048+0000] {processor.py:208} INFO - Processing /opt/airflow/dags/env/Scripts/dbt.exe took 0.054 seconds
[2025-03-28T13:27:17.606+0000] {processor.py:186} INFO - Started process (PID=2182) to work on /opt/airflow/dags/env/Scripts/dbt.exe
[2025-03-28T13:27:17.608+0000] {processor.py:914} INFO - Processing file /opt/airflow/dags/env/Scripts/dbt.exe for tasks to queue
[2025-03-28T13:27:17.610+0000] {logging_mixin.py:190} INFO - [2025-03-28T13:27:17.609+0000] {dagbag.py:588} INFO - Filling up the DagBag from /opt/airflow/dags/env/Scripts/dbt.exe
[2025-03-28T13:27:17.623+0000] {logging_mixin.py:190} INFO - [2025-03-28T13:27:17.623+0000] {dagbag.py:435} INFO - File /opt/airflow/dags/env/Scripts/dbt.exe:__main__.py assumed to contain no DAGs. Skipping.
[2025-03-28T13:27:17.624+0000] {processor.py:927} WARNING - No viable dags retrieved from /opt/airflow/dags/env/Scripts/dbt.exe
[2025-03-28T13:27:17.646+0000] {processor.py:208} INFO - Processing /opt/airflow/dags/env/Scripts/dbt.exe took 0.052 seconds
[2025-03-28T13:27:48.375+0000] {processor.py:186} INFO - Started process (PID=2206) to work on /opt/airflow/dags/env/Scripts/dbt.exe
[2025-03-28T13:27:48.376+0000] {processor.py:914} INFO - Processing file /opt/airflow/dags/env/Scripts/dbt.exe for tasks to queue
[2025-03-28T13:27:48.378+0000] {logging_mixin.py:190} INFO - [2025-03-28T13:27:48.377+0000] {dagbag.py:588} INFO - Filling up the DagBag from /opt/airflow/dags/env/Scripts/dbt.exe
[2025-03-28T13:27:48.390+0000] {logging_mixin.py:190} INFO - [2025-03-28T13:27:48.390+0000] {dagbag.py:435} INFO - File /opt/airflow/dags/env/Scripts/dbt.exe:__main__.py assumed to contain no DAGs. Skipping.
[2025-03-28T13:27:48.391+0000] {processor.py:927} WARNING - No viable dags retrieved from /opt/airflow/dags/env/Scripts/dbt.exe
[2025-03-28T13:27:48.408+0000] {processor.py:208} INFO - Processing /opt/airflow/dags/env/Scripts/dbt.exe took 0.227 seconds
[2025-03-28T13:31:49.554+0000] {processor.py:186} INFO - Started process (PID=2214) to work on /opt/airflow/dags/env/Scripts/dbt.exe
[2025-03-28T13:31:49.559+0000] {processor.py:914} INFO - Processing file /opt/airflow/dags/env/Scripts/dbt.exe for tasks to queue
[2025-03-28T13:31:49.571+0000] {logging_mixin.py:190} INFO - [2025-03-28T13:31:49.562+0000] {dagbag.py:588} INFO - Filling up the DagBag from /opt/airflow/dags/env/Scripts/dbt.exe
[2025-03-28T13:31:49.586+0000] {logging_mixin.py:190} INFO - [2025-03-28T13:31:49.585+0000] {dagbag.py:435} INFO - File /opt/airflow/dags/env/Scripts/dbt.exe:__main__.py assumed to contain no DAGs. Skipping.
[2025-03-28T13:31:49.587+0000] {processor.py:927} WARNING - No viable dags retrieved from /opt/airflow/dags/env/Scripts/dbt.exe
[2025-03-28T13:31:49.611+0000] {processor.py:208} INFO - Processing /opt/airflow/dags/env/Scripts/dbt.exe took 0.072 seconds
[2025-03-28T13:32:20.094+0000] {processor.py:186} INFO - Started process (PID=2238) to work on /opt/airflow/dags/env/Scripts/dbt.exe
[2025-03-28T13:32:20.095+0000] {processor.py:914} INFO - Processing file /opt/airflow/dags/env/Scripts/dbt.exe for tasks to queue
[2025-03-28T13:32:20.097+0000] {logging_mixin.py:190} INFO - [2025-03-28T13:32:20.097+0000] {dagbag.py:588} INFO - Filling up the DagBag from /opt/airflow/dags/env/Scripts/dbt.exe
[2025-03-28T13:32:20.111+0000] {logging_mixin.py:190} INFO - [2025-03-28T13:32:20.111+0000] {dagbag.py:435} INFO - File /opt/airflow/dags/env/Scripts/dbt.exe:__main__.py assumed to contain no DAGs. Skipping.
[2025-03-28T13:32:20.112+0000] {processor.py:927} WARNING - No viable dags retrieved from /opt/airflow/dags/env/Scripts/dbt.exe
[2025-03-28T13:32:20.134+0000] {processor.py:208} INFO - Processing /opt/airflow/dags/env/Scripts/dbt.exe took 0.052 seconds
[2025-03-28T13:32:50.489+0000] {processor.py:186} INFO - Started process (PID=2262) to work on /opt/airflow/dags/env/Scripts/dbt.exe
[2025-03-28T13:32:50.491+0000] {processor.py:914} INFO - Processing file /opt/airflow/dags/env/Scripts/dbt.exe for tasks to queue
[2025-03-28T13:32:50.492+0000] {logging_mixin.py:190} INFO - [2025-03-28T13:32:50.492+0000] {dagbag.py:588} INFO - Filling up the DagBag from /opt/airflow/dags/env/Scripts/dbt.exe
[2025-03-28T13:32:50.504+0000] {logging_mixin.py:190} INFO - [2025-03-28T13:32:50.503+0000] {dagbag.py:435} INFO - File /opt/airflow/dags/env/Scripts/dbt.exe:__main__.py assumed to contain no DAGs. Skipping.
[2025-03-28T13:32:50.504+0000] {processor.py:927} WARNING - No viable dags retrieved from /opt/airflow/dags/env/Scripts/dbt.exe
[2025-03-28T13:32:50.525+0000] {processor.py:208} INFO - Processing /opt/airflow/dags/env/Scripts/dbt.exe took 0.047 seconds
[2025-03-28T13:36:52.761+0000] {processor.py:186} INFO - Started process (PID=2268) to work on /opt/airflow/dags/env/Scripts/dbt.exe
[2025-03-28T13:36:52.762+0000] {processor.py:914} INFO - Processing file /opt/airflow/dags/env/Scripts/dbt.exe for tasks to queue
[2025-03-28T13:36:52.764+0000] {logging_mixin.py:190} INFO - [2025-03-28T13:36:52.763+0000] {dagbag.py:588} INFO - Filling up the DagBag from /opt/airflow/dags/env/Scripts/dbt.exe
[2025-03-28T13:36:52.775+0000] {logging_mixin.py:190} INFO - [2025-03-28T13:36:52.775+0000] {dagbag.py:435} INFO - File /opt/airflow/dags/env/Scripts/dbt.exe:__main__.py assumed to contain no DAGs. Skipping.
[2025-03-28T13:36:52.776+0000] {processor.py:927} WARNING - No viable dags retrieved from /opt/airflow/dags/env/Scripts/dbt.exe
[2025-03-28T13:36:52.800+0000] {processor.py:208} INFO - Processing /opt/airflow/dags/env/Scripts/dbt.exe took 0.051 seconds
[2025-03-28T13:37:23.205+0000] {processor.py:186} INFO - Started process (PID=2292) to work on /opt/airflow/dags/env/Scripts/dbt.exe
[2025-03-28T13:37:23.206+0000] {processor.py:914} INFO - Processing file /opt/airflow/dags/env/Scripts/dbt.exe for tasks to queue
[2025-03-28T13:37:23.209+0000] {logging_mixin.py:190} INFO - [2025-03-28T13:37:23.208+0000] {dagbag.py:588} INFO - Filling up the DagBag from /opt/airflow/dags/env/Scripts/dbt.exe
[2025-03-28T13:37:23.224+0000] {logging_mixin.py:190} INFO - [2025-03-28T13:37:23.224+0000] {dagbag.py:435} INFO - File /opt/airflow/dags/env/Scripts/dbt.exe:__main__.py assumed to contain no DAGs. Skipping.
[2025-03-28T13:37:23.225+0000] {processor.py:927} WARNING - No viable dags retrieved from /opt/airflow/dags/env/Scripts/dbt.exe
[2025-03-28T13:37:23.254+0000] {processor.py:208} INFO - Processing /opt/airflow/dags/env/Scripts/dbt.exe took 0.064 seconds
[2025-03-28T13:37:54.147+0000] {processor.py:186} INFO - Started process (PID=2316) to work on /opt/airflow/dags/env/Scripts/dbt.exe
[2025-03-28T13:37:54.148+0000] {processor.py:914} INFO - Processing file /opt/airflow/dags/env/Scripts/dbt.exe for tasks to queue
[2025-03-28T13:37:54.150+0000] {logging_mixin.py:190} INFO - [2025-03-28T13:37:54.150+0000] {dagbag.py:588} INFO - Filling up the DagBag from /opt/airflow/dags/env/Scripts/dbt.exe
[2025-03-28T13:37:54.163+0000] {logging_mixin.py:190} INFO - [2025-03-28T13:37:54.162+0000] {dagbag.py:435} INFO - File /opt/airflow/dags/env/Scripts/dbt.exe:__main__.py assumed to contain no DAGs. Skipping.
[2025-03-28T13:37:54.164+0000] {processor.py:927} WARNING - No viable dags retrieved from /opt/airflow/dags/env/Scripts/dbt.exe
[2025-03-28T13:37:54.187+0000] {processor.py:208} INFO - Processing /opt/airflow/dags/env/Scripts/dbt.exe took 0.054 seconds
[2025-03-28T13:41:47.448+0000] {processor.py:186} INFO - Started process (PID=2319) to work on /opt/airflow/dags/env/Scripts/dbt.exe
[2025-03-28T13:41:47.450+0000] {processor.py:914} INFO - Processing file /opt/airflow/dags/env/Scripts/dbt.exe for tasks to queue
[2025-03-28T13:41:47.452+0000] {logging_mixin.py:190} INFO - [2025-03-28T13:41:47.451+0000] {dagbag.py:588} INFO - Filling up the DagBag from /opt/airflow/dags/env/Scripts/dbt.exe
[2025-03-28T13:41:47.467+0000] {logging_mixin.py:190} INFO - [2025-03-28T13:41:47.467+0000] {dagbag.py:435} INFO - File /opt/airflow/dags/env/Scripts/dbt.exe:__main__.py assumed to contain no DAGs. Skipping.
[2025-03-28T13:41:47.468+0000] {processor.py:927} WARNING - No viable dags retrieved from /opt/airflow/dags/env/Scripts/dbt.exe
[2025-03-28T13:41:47.496+0000] {processor.py:208} INFO - Processing /opt/airflow/dags/env/Scripts/dbt.exe took 0.064 seconds
[2025-03-28T13:42:18.691+0000] {processor.py:186} INFO - Started process (PID=2343) to work on /opt/airflow/dags/env/Scripts/dbt.exe
[2025-03-28T13:42:18.692+0000] {processor.py:914} INFO - Processing file /opt/airflow/dags/env/Scripts/dbt.exe for tasks to queue
[2025-03-28T13:42:18.694+0000] {logging_mixin.py:190} INFO - [2025-03-28T13:42:18.694+0000] {dagbag.py:588} INFO - Filling up the DagBag from /opt/airflow/dags/env/Scripts/dbt.exe
[2025-03-28T13:42:18.707+0000] {logging_mixin.py:190} INFO - [2025-03-28T13:42:18.707+0000] {dagbag.py:435} INFO - File /opt/airflow/dags/env/Scripts/dbt.exe:__main__.py assumed to contain no DAGs. Skipping.
[2025-03-28T13:42:18.708+0000] {processor.py:927} WARNING - No viable dags retrieved from /opt/airflow/dags/env/Scripts/dbt.exe
[2025-03-28T13:42:18.729+0000] {processor.py:208} INFO - Processing /opt/airflow/dags/env/Scripts/dbt.exe took 0.049 seconds
[2025-03-28T13:42:48.857+0000] {processor.py:186} INFO - Started process (PID=2367) to work on /opt/airflow/dags/env/Scripts/dbt.exe
[2025-03-28T13:42:48.858+0000] {processor.py:914} INFO - Processing file /opt/airflow/dags/env/Scripts/dbt.exe for tasks to queue
[2025-03-28T13:42:48.860+0000] {logging_mixin.py:190} INFO - [2025-03-28T13:42:48.859+0000] {dagbag.py:588} INFO - Filling up the DagBag from /opt/airflow/dags/env/Scripts/dbt.exe
[2025-03-28T13:42:48.879+0000] {logging_mixin.py:190} INFO - [2025-03-28T13:42:48.878+0000] {dagbag.py:435} INFO - File /opt/airflow/dags/env/Scripts/dbt.exe:__main__.py assumed to contain no DAGs. Skipping.
[2025-03-28T13:42:48.881+0000] {processor.py:927} WARNING - No viable dags retrieved from /opt/airflow/dags/env/Scripts/dbt.exe
[2025-03-28T13:42:48.931+0000] {processor.py:208} INFO - Processing /opt/airflow/dags/env/Scripts/dbt.exe took 0.086 seconds
[2025-03-28T13:46:46.724+0000] {processor.py:186} INFO - Started process (PID=2374) to work on /opt/airflow/dags/env/Scripts/dbt.exe
[2025-03-28T13:46:46.726+0000] {processor.py:914} INFO - Processing file /opt/airflow/dags/env/Scripts/dbt.exe for tasks to queue
[2025-03-28T13:46:46.728+0000] {logging_mixin.py:190} INFO - [2025-03-28T13:46:46.727+0000] {dagbag.py:588} INFO - Filling up the DagBag from /opt/airflow/dags/env/Scripts/dbt.exe
[2025-03-28T13:46:46.741+0000] {logging_mixin.py:190} INFO - [2025-03-28T13:46:46.741+0000] {dagbag.py:435} INFO - File /opt/airflow/dags/env/Scripts/dbt.exe:__main__.py assumed to contain no DAGs. Skipping.
[2025-03-28T13:46:46.743+0000] {processor.py:927} WARNING - No viable dags retrieved from /opt/airflow/dags/env/Scripts/dbt.exe
[2025-03-28T13:46:46.765+0000] {processor.py:208} INFO - Processing /opt/airflow/dags/env/Scripts/dbt.exe took 0.053 seconds
[2025-03-28T13:47:17.209+0000] {processor.py:186} INFO - Started process (PID=2398) to work on /opt/airflow/dags/env/Scripts/dbt.exe
[2025-03-28T13:47:17.210+0000] {processor.py:914} INFO - Processing file /opt/airflow/dags/env/Scripts/dbt.exe for tasks to queue
[2025-03-28T13:47:17.212+0000] {logging_mixin.py:190} INFO - [2025-03-28T13:47:17.212+0000] {dagbag.py:588} INFO - Filling up the DagBag from /opt/airflow/dags/env/Scripts/dbt.exe
[2025-03-28T13:47:17.227+0000] {logging_mixin.py:190} INFO - [2025-03-28T13:47:17.227+0000] {dagbag.py:435} INFO - File /opt/airflow/dags/env/Scripts/dbt.exe:__main__.py assumed to contain no DAGs. Skipping.
[2025-03-28T13:47:17.229+0000] {processor.py:927} WARNING - No viable dags retrieved from /opt/airflow/dags/env/Scripts/dbt.exe
[2025-03-28T13:47:17.252+0000] {processor.py:208} INFO - Processing /opt/airflow/dags/env/Scripts/dbt.exe took 0.055 seconds
[2025-03-28T13:47:47.901+0000] {processor.py:186} INFO - Started process (PID=2422) to work on /opt/airflow/dags/env/Scripts/dbt.exe
[2025-03-28T13:47:47.902+0000] {processor.py:914} INFO - Processing file /opt/airflow/dags/env/Scripts/dbt.exe for tasks to queue
[2025-03-28T13:47:47.904+0000] {logging_mixin.py:190} INFO - [2025-03-28T13:47:47.904+0000] {dagbag.py:588} INFO - Filling up the DagBag from /opt/airflow/dags/env/Scripts/dbt.exe
[2025-03-28T13:47:47.917+0000] {logging_mixin.py:190} INFO - [2025-03-28T13:47:47.917+0000] {dagbag.py:435} INFO - File /opt/airflow/dags/env/Scripts/dbt.exe:__main__.py assumed to contain no DAGs. Skipping.
[2025-03-28T13:47:47.918+0000] {processor.py:927} WARNING - No viable dags retrieved from /opt/airflow/dags/env/Scripts/dbt.exe
[2025-03-28T13:47:47.940+0000] {processor.py:208} INFO - Processing /opt/airflow/dags/env/Scripts/dbt.exe took 0.051 seconds
[2025-03-28T13:51:49.294+0000] {processor.py:186} INFO - Started process (PID=2432) to work on /opt/airflow/dags/env/Scripts/dbt.exe
[2025-03-28T13:51:49.296+0000] {processor.py:914} INFO - Processing file /opt/airflow/dags/env/Scripts/dbt.exe for tasks to queue
[2025-03-28T13:51:49.298+0000] {logging_mixin.py:190} INFO - [2025-03-28T13:51:49.297+0000] {dagbag.py:588} INFO - Filling up the DagBag from /opt/airflow/dags/env/Scripts/dbt.exe
[2025-03-28T13:51:49.316+0000] {logging_mixin.py:190} INFO - [2025-03-28T13:51:49.316+0000] {dagbag.py:435} INFO - File /opt/airflow/dags/env/Scripts/dbt.exe:__main__.py assumed to contain no DAGs. Skipping.
[2025-03-28T13:51:49.318+0000] {processor.py:927} WARNING - No viable dags retrieved from /opt/airflow/dags/env/Scripts/dbt.exe
[2025-03-28T13:51:49.348+0000] {processor.py:208} INFO - Processing /opt/airflow/dags/env/Scripts/dbt.exe took 0.068 seconds
[2025-03-28T13:52:20.487+0000] {processor.py:186} INFO - Started process (PID=2456) to work on /opt/airflow/dags/env/Scripts/dbt.exe
[2025-03-28T13:52:20.488+0000] {processor.py:914} INFO - Processing file /opt/airflow/dags/env/Scripts/dbt.exe for tasks to queue
[2025-03-28T13:52:20.490+0000] {logging_mixin.py:190} INFO - [2025-03-28T13:52:20.490+0000] {dagbag.py:588} INFO - Filling up the DagBag from /opt/airflow/dags/env/Scripts/dbt.exe
[2025-03-28T13:52:20.502+0000] {logging_mixin.py:190} INFO - [2025-03-28T13:52:20.502+0000] {dagbag.py:435} INFO - File /opt/airflow/dags/env/Scripts/dbt.exe:__main__.py assumed to contain no DAGs. Skipping.
[2025-03-28T13:52:20.503+0000] {processor.py:927} WARNING - No viable dags retrieved from /opt/airflow/dags/env/Scripts/dbt.exe
[2025-03-28T13:52:20.525+0000] {processor.py:208} INFO - Processing /opt/airflow/dags/env/Scripts/dbt.exe took 0.049 seconds
[2025-03-28T13:52:50.735+0000] {processor.py:186} INFO - Started process (PID=2480) to work on /opt/airflow/dags/env/Scripts/dbt.exe
[2025-03-28T13:52:50.736+0000] {processor.py:914} INFO - Processing file /opt/airflow/dags/env/Scripts/dbt.exe for tasks to queue
[2025-03-28T13:52:50.738+0000] {logging_mixin.py:190} INFO - [2025-03-28T13:52:50.738+0000] {dagbag.py:588} INFO - Filling up the DagBag from /opt/airflow/dags/env/Scripts/dbt.exe
[2025-03-28T13:52:50.753+0000] {logging_mixin.py:190} INFO - [2025-03-28T13:52:50.753+0000] {dagbag.py:435} INFO - File /opt/airflow/dags/env/Scripts/dbt.exe:__main__.py assumed to contain no DAGs. Skipping.
[2025-03-28T13:52:50.755+0000] {processor.py:927} WARNING - No viable dags retrieved from /opt/airflow/dags/env/Scripts/dbt.exe
[2025-03-28T13:52:50.777+0000] {processor.py:208} INFO - Processing /opt/airflow/dags/env/Scripts/dbt.exe took 0.061 seconds
[2025-03-28T13:56:52.574+0000] {processor.py:186} INFO - Started process (PID=2487) to work on /opt/airflow/dags/env/Scripts/dbt.exe
[2025-03-28T13:56:52.575+0000] {processor.py:914} INFO - Processing file /opt/airflow/dags/env/Scripts/dbt.exe for tasks to queue
[2025-03-28T13:56:52.577+0000] {logging_mixin.py:190} INFO - [2025-03-28T13:56:52.577+0000] {dagbag.py:588} INFO - Filling up the DagBag from /opt/airflow/dags/env/Scripts/dbt.exe
[2025-03-28T13:56:52.591+0000] {logging_mixin.py:190} INFO - [2025-03-28T13:56:52.590+0000] {dagbag.py:435} INFO - File /opt/airflow/dags/env/Scripts/dbt.exe:__main__.py assumed to contain no DAGs. Skipping.
[2025-03-28T13:56:52.592+0000] {processor.py:927} WARNING - No viable dags retrieved from /opt/airflow/dags/env/Scripts/dbt.exe
[2025-03-28T13:56:52.618+0000] {processor.py:208} INFO - Processing /opt/airflow/dags/env/Scripts/dbt.exe took 0.056 seconds
[2025-03-28T13:57:22.956+0000] {processor.py:186} INFO - Started process (PID=2511) to work on /opt/airflow/dags/env/Scripts/dbt.exe
[2025-03-28T13:57:22.957+0000] {processor.py:914} INFO - Processing file /opt/airflow/dags/env/Scripts/dbt.exe for tasks to queue
[2025-03-28T13:57:22.959+0000] {logging_mixin.py:190} INFO - [2025-03-28T13:57:22.958+0000] {dagbag.py:588} INFO - Filling up the DagBag from /opt/airflow/dags/env/Scripts/dbt.exe
[2025-03-28T13:57:22.978+0000] {logging_mixin.py:190} INFO - [2025-03-28T13:57:22.977+0000] {dagbag.py:435} INFO - File /opt/airflow/dags/env/Scripts/dbt.exe:__main__.py assumed to contain no DAGs. Skipping.
[2025-03-28T13:57:22.979+0000] {processor.py:927} WARNING - No viable dags retrieved from /opt/airflow/dags/env/Scripts/dbt.exe
[2025-03-28T13:57:23.011+0000] {processor.py:208} INFO - Processing /opt/airflow/dags/env/Scripts/dbt.exe took 0.068 seconds
[2025-03-28T13:57:53.544+0000] {processor.py:186} INFO - Started process (PID=2535) to work on /opt/airflow/dags/env/Scripts/dbt.exe
[2025-03-28T13:57:53.546+0000] {processor.py:914} INFO - Processing file /opt/airflow/dags/env/Scripts/dbt.exe for tasks to queue
[2025-03-28T13:57:53.547+0000] {logging_mixin.py:190} INFO - [2025-03-28T13:57:53.547+0000] {dagbag.py:588} INFO - Filling up the DagBag from /opt/airflow/dags/env/Scripts/dbt.exe
[2025-03-28T13:57:53.558+0000] {logging_mixin.py:190} INFO - [2025-03-28T13:57:53.558+0000] {dagbag.py:435} INFO - File /opt/airflow/dags/env/Scripts/dbt.exe:__main__.py assumed to contain no DAGs. Skipping.
[2025-03-28T13:57:53.559+0000] {processor.py:927} WARNING - No viable dags retrieved from /opt/airflow/dags/env/Scripts/dbt.exe
[2025-03-28T13:57:53.581+0000] {processor.py:208} INFO - Processing /opt/airflow/dags/env/Scripts/dbt.exe took 0.048 seconds
[2025-03-28T14:01:49.761+0000] {processor.py:186} INFO - Started process (PID=2540) to work on /opt/airflow/dags/env/Scripts/dbt.exe
[2025-03-28T14:01:49.762+0000] {processor.py:914} INFO - Processing file /opt/airflow/dags/env/Scripts/dbt.exe for tasks to queue
[2025-03-28T14:01:49.764+0000] {logging_mixin.py:190} INFO - [2025-03-28T14:01:49.763+0000] {dagbag.py:588} INFO - Filling up the DagBag from /opt/airflow/dags/env/Scripts/dbt.exe
[2025-03-28T14:01:49.777+0000] {logging_mixin.py:190} INFO - [2025-03-28T14:01:49.776+0000] {dagbag.py:435} INFO - File /opt/airflow/dags/env/Scripts/dbt.exe:__main__.py assumed to contain no DAGs. Skipping.
[2025-03-28T14:01:49.778+0000] {processor.py:927} WARNING - No viable dags retrieved from /opt/airflow/dags/env/Scripts/dbt.exe
[2025-03-28T14:01:49.801+0000] {processor.py:208} INFO - Processing /opt/airflow/dags/env/Scripts/dbt.exe took 0.053 seconds
[2025-03-28T14:02:20.187+0000] {processor.py:186} INFO - Started process (PID=2564) to work on /opt/airflow/dags/env/Scripts/dbt.exe
[2025-03-28T14:02:20.188+0000] {processor.py:914} INFO - Processing file /opt/airflow/dags/env/Scripts/dbt.exe for tasks to queue
[2025-03-28T14:02:20.190+0000] {logging_mixin.py:190} INFO - [2025-03-28T14:02:20.190+0000] {dagbag.py:588} INFO - Filling up the DagBag from /opt/airflow/dags/env/Scripts/dbt.exe
[2025-03-28T14:02:20.203+0000] {logging_mixin.py:190} INFO - [2025-03-28T14:02:20.202+0000] {dagbag.py:435} INFO - File /opt/airflow/dags/env/Scripts/dbt.exe:__main__.py assumed to contain no DAGs. Skipping.
[2025-03-28T14:02:20.204+0000] {processor.py:927} WARNING - No viable dags retrieved from /opt/airflow/dags/env/Scripts/dbt.exe
[2025-03-28T14:02:20.226+0000] {processor.py:208} INFO - Processing /opt/airflow/dags/env/Scripts/dbt.exe took 0.052 seconds
[2025-03-28T14:02:50.650+0000] {processor.py:186} INFO - Started process (PID=2588) to work on /opt/airflow/dags/env/Scripts/dbt.exe
[2025-03-28T14:02:50.651+0000] {processor.py:914} INFO - Processing file /opt/airflow/dags/env/Scripts/dbt.exe for tasks to queue
[2025-03-28T14:02:50.653+0000] {logging_mixin.py:190} INFO - [2025-03-28T14:02:50.653+0000] {dagbag.py:588} INFO - Filling up the DagBag from /opt/airflow/dags/env/Scripts/dbt.exe
[2025-03-28T14:02:50.667+0000] {logging_mixin.py:190} INFO - [2025-03-28T14:02:50.667+0000] {dagbag.py:435} INFO - File /opt/airflow/dags/env/Scripts/dbt.exe:__main__.py assumed to contain no DAGs. Skipping.
[2025-03-28T14:02:50.668+0000] {processor.py:927} WARNING - No viable dags retrieved from /opt/airflow/dags/env/Scripts/dbt.exe
[2025-03-28T14:02:50.694+0000] {processor.py:208} INFO - Processing /opt/airflow/dags/env/Scripts/dbt.exe took 0.059 seconds
[2025-03-28T14:06:53.564+0000] {processor.py:186} INFO - Started process (PID=2595) to work on /opt/airflow/dags/env/Scripts/dbt.exe
[2025-03-28T14:06:53.565+0000] {processor.py:914} INFO - Processing file /opt/airflow/dags/env/Scripts/dbt.exe for tasks to queue
[2025-03-28T14:06:53.567+0000] {logging_mixin.py:190} INFO - [2025-03-28T14:06:53.567+0000] {dagbag.py:588} INFO - Filling up the DagBag from /opt/airflow/dags/env/Scripts/dbt.exe
[2025-03-28T14:06:53.580+0000] {logging_mixin.py:190} INFO - [2025-03-28T14:06:53.580+0000] {dagbag.py:435} INFO - File /opt/airflow/dags/env/Scripts/dbt.exe:__main__.py assumed to contain no DAGs. Skipping.
[2025-03-28T14:06:53.581+0000] {processor.py:927} WARNING - No viable dags retrieved from /opt/airflow/dags/env/Scripts/dbt.exe
[2025-03-28T14:06:53.602+0000] {processor.py:208} INFO - Processing /opt/airflow/dags/env/Scripts/dbt.exe took 0.050 seconds
[2025-03-28T14:07:24.090+0000] {processor.py:186} INFO - Started process (PID=2619) to work on /opt/airflow/dags/env/Scripts/dbt.exe
[2025-03-28T14:07:24.091+0000] {processor.py:914} INFO - Processing file /opt/airflow/dags/env/Scripts/dbt.exe for tasks to queue
[2025-03-28T14:07:24.093+0000] {logging_mixin.py:190} INFO - [2025-03-28T14:07:24.093+0000] {dagbag.py:588} INFO - Filling up the DagBag from /opt/airflow/dags/env/Scripts/dbt.exe
[2025-03-28T14:07:24.107+0000] {logging_mixin.py:190} INFO - [2025-03-28T14:07:24.107+0000] {dagbag.py:435} INFO - File /opt/airflow/dags/env/Scripts/dbt.exe:__main__.py assumed to contain no DAGs. Skipping.
[2025-03-28T14:07:24.108+0000] {processor.py:927} WARNING - No viable dags retrieved from /opt/airflow/dags/env/Scripts/dbt.exe
[2025-03-28T14:07:24.130+0000] {processor.py:208} INFO - Processing /opt/airflow/dags/env/Scripts/dbt.exe took 0.052 seconds
[2025-03-28T14:07:54.627+0000] {processor.py:186} INFO - Started process (PID=2643) to work on /opt/airflow/dags/env/Scripts/dbt.exe
[2025-03-28T14:07:54.628+0000] {processor.py:914} INFO - Processing file /opt/airflow/dags/env/Scripts/dbt.exe for tasks to queue
[2025-03-28T14:07:54.630+0000] {logging_mixin.py:190} INFO - [2025-03-28T14:07:54.630+0000] {dagbag.py:588} INFO - Filling up the DagBag from /opt/airflow/dags/env/Scripts/dbt.exe
[2025-03-28T14:07:54.647+0000] {logging_mixin.py:190} INFO - [2025-03-28T14:07:54.647+0000] {dagbag.py:435} INFO - File /opt/airflow/dags/env/Scripts/dbt.exe:__main__.py assumed to contain no DAGs. Skipping.
[2025-03-28T14:07:54.648+0000] {processor.py:927} WARNING - No viable dags retrieved from /opt/airflow/dags/env/Scripts/dbt.exe
[2025-03-28T14:07:54.672+0000] {processor.py:208} INFO - Processing /opt/airflow/dags/env/Scripts/dbt.exe took 0.059 seconds
[2025-03-28T14:11:53.389+0000] {processor.py:186} INFO - Started process (PID=2647) to work on /opt/airflow/dags/env/Scripts/dbt.exe
[2025-03-28T14:11:53.390+0000] {processor.py:914} INFO - Processing file /opt/airflow/dags/env/Scripts/dbt.exe for tasks to queue
[2025-03-28T14:11:53.392+0000] {logging_mixin.py:190} INFO - [2025-03-28T14:11:53.392+0000] {dagbag.py:588} INFO - Filling up the DagBag from /opt/airflow/dags/env/Scripts/dbt.exe
[2025-03-28T14:11:53.403+0000] {logging_mixin.py:190} INFO - [2025-03-28T14:11:53.403+0000] {dagbag.py:435} INFO - File /opt/airflow/dags/env/Scripts/dbt.exe:__main__.py assumed to contain no DAGs. Skipping.
[2025-03-28T14:11:53.404+0000] {processor.py:927} WARNING - No viable dags retrieved from /opt/airflow/dags/env/Scripts/dbt.exe
[2025-03-28T14:11:53.426+0000] {processor.py:208} INFO - Processing /opt/airflow/dags/env/Scripts/dbt.exe took 0.048 seconds
[2025-03-28T14:12:24.598+0000] {processor.py:186} INFO - Started process (PID=2671) to work on /opt/airflow/dags/env/Scripts/dbt.exe
[2025-03-28T14:12:24.599+0000] {processor.py:914} INFO - Processing file /opt/airflow/dags/env/Scripts/dbt.exe for tasks to queue
[2025-03-28T14:12:24.601+0000] {logging_mixin.py:190} INFO - [2025-03-28T14:12:24.601+0000] {dagbag.py:588} INFO - Filling up the DagBag from /opt/airflow/dags/env/Scripts/dbt.exe
[2025-03-28T14:12:24.613+0000] {logging_mixin.py:190} INFO - [2025-03-28T14:12:24.612+0000] {dagbag.py:435} INFO - File /opt/airflow/dags/env/Scripts/dbt.exe:__main__.py assumed to contain no DAGs. Skipping.
[2025-03-28T14:12:24.614+0000] {processor.py:927} WARNING - No viable dags retrieved from /opt/airflow/dags/env/Scripts/dbt.exe
[2025-03-28T14:12:24.637+0000] {processor.py:208} INFO - Processing /opt/airflow/dags/env/Scripts/dbt.exe took 0.050 seconds
[2025-03-28T14:12:55.961+0000] {processor.py:186} INFO - Started process (PID=2695) to work on /opt/airflow/dags/env/Scripts/dbt.exe
[2025-03-28T14:12:55.962+0000] {processor.py:914} INFO - Processing file /opt/airflow/dags/env/Scripts/dbt.exe for tasks to queue
[2025-03-28T14:12:55.964+0000] {logging_mixin.py:190} INFO - [2025-03-28T14:12:55.964+0000] {dagbag.py:588} INFO - Filling up the DagBag from /opt/airflow/dags/env/Scripts/dbt.exe
[2025-03-28T14:12:55.979+0000] {logging_mixin.py:190} INFO - [2025-03-28T14:12:55.979+0000] {dagbag.py:435} INFO - File /opt/airflow/dags/env/Scripts/dbt.exe:__main__.py assumed to contain no DAGs. Skipping.
[2025-03-28T14:12:55.980+0000] {processor.py:927} WARNING - No viable dags retrieved from /opt/airflow/dags/env/Scripts/dbt.exe
[2025-03-28T14:12:56.005+0000] {processor.py:208} INFO - Processing /opt/airflow/dags/env/Scripts/dbt.exe took 0.056 seconds
[2025-03-28T14:16:59.368+0000] {processor.py:186} INFO - Started process (PID=2699) to work on /opt/airflow/dags/env/Scripts/dbt.exe
[2025-03-28T14:16:59.369+0000] {processor.py:914} INFO - Processing file /opt/airflow/dags/env/Scripts/dbt.exe for tasks to queue
[2025-03-28T14:16:59.371+0000] {logging_mixin.py:190} INFO - [2025-03-28T14:16:59.371+0000] {dagbag.py:588} INFO - Filling up the DagBag from /opt/airflow/dags/env/Scripts/dbt.exe
[2025-03-28T14:16:59.384+0000] {logging_mixin.py:190} INFO - [2025-03-28T14:16:59.384+0000] {dagbag.py:435} INFO - File /opt/airflow/dags/env/Scripts/dbt.exe:__main__.py assumed to contain no DAGs. Skipping.
[2025-03-28T14:16:59.385+0000] {processor.py:927} WARNING - No viable dags retrieved from /opt/airflow/dags/env/Scripts/dbt.exe
[2025-03-28T14:16:59.405+0000] {processor.py:208} INFO - Processing /opt/airflow/dags/env/Scripts/dbt.exe took 0.050 seconds
[2025-03-28T14:17:29.944+0000] {processor.py:186} INFO - Started process (PID=2723) to work on /opt/airflow/dags/env/Scripts/dbt.exe
[2025-03-28T14:17:29.945+0000] {processor.py:914} INFO - Processing file /opt/airflow/dags/env/Scripts/dbt.exe for tasks to queue
[2025-03-28T14:17:29.947+0000] {logging_mixin.py:190} INFO - [2025-03-28T14:17:29.946+0000] {dagbag.py:588} INFO - Filling up the DagBag from /opt/airflow/dags/env/Scripts/dbt.exe
[2025-03-28T14:17:29.958+0000] {logging_mixin.py:190} INFO - [2025-03-28T14:17:29.958+0000] {dagbag.py:435} INFO - File /opt/airflow/dags/env/Scripts/dbt.exe:__main__.py assumed to contain no DAGs. Skipping.
[2025-03-28T14:17:29.959+0000] {processor.py:927} WARNING - No viable dags retrieved from /opt/airflow/dags/env/Scripts/dbt.exe
[2025-03-28T14:17:29.984+0000] {processor.py:208} INFO - Processing /opt/airflow/dags/env/Scripts/dbt.exe took 0.051 seconds
[2025-03-28T14:21:54.108+0000] {processor.py:186} INFO - Started process (PID=2748) to work on /opt/airflow/dags/env/Scripts/dbt.exe
[2025-03-28T14:21:54.110+0000] {processor.py:914} INFO - Processing file /opt/airflow/dags/env/Scripts/dbt.exe for tasks to queue
[2025-03-28T14:21:54.112+0000] {logging_mixin.py:190} INFO - [2025-03-28T14:21:54.111+0000] {dagbag.py:588} INFO - Filling up the DagBag from /opt/airflow/dags/env/Scripts/dbt.exe
[2025-03-28T14:21:54.125+0000] {logging_mixin.py:190} INFO - [2025-03-28T14:21:54.125+0000] {dagbag.py:435} INFO - File /opt/airflow/dags/env/Scripts/dbt.exe:__main__.py assumed to contain no DAGs. Skipping.
[2025-03-28T14:21:54.126+0000] {processor.py:927} WARNING - No viable dags retrieved from /opt/airflow/dags/env/Scripts/dbt.exe
[2025-03-28T14:21:54.150+0000] {processor.py:208} INFO - Processing /opt/airflow/dags/env/Scripts/dbt.exe took 0.054 seconds
[2025-03-28T14:22:24.715+0000] {processor.py:186} INFO - Started process (PID=2772) to work on /opt/airflow/dags/env/Scripts/dbt.exe
[2025-03-28T14:22:24.717+0000] {processor.py:914} INFO - Processing file /opt/airflow/dags/env/Scripts/dbt.exe for tasks to queue
[2025-03-28T14:22:24.718+0000] {logging_mixin.py:190} INFO - [2025-03-28T14:22:24.718+0000] {dagbag.py:588} INFO - Filling up the DagBag from /opt/airflow/dags/env/Scripts/dbt.exe
[2025-03-28T14:22:24.730+0000] {logging_mixin.py:190} INFO - [2025-03-28T14:22:24.730+0000] {dagbag.py:435} INFO - File /opt/airflow/dags/env/Scripts/dbt.exe:__main__.py assumed to contain no DAGs. Skipping.
[2025-03-28T14:22:24.731+0000] {processor.py:927} WARNING - No viable dags retrieved from /opt/airflow/dags/env/Scripts/dbt.exe
[2025-03-28T14:22:24.753+0000] {processor.py:208} INFO - Processing /opt/airflow/dags/env/Scripts/dbt.exe took 0.050 seconds
[2025-03-28T14:22:55.182+0000] {processor.py:186} INFO - Started process (PID=2796) to work on /opt/airflow/dags/env/Scripts/dbt.exe
[2025-03-28T14:22:55.183+0000] {processor.py:914} INFO - Processing file /opt/airflow/dags/env/Scripts/dbt.exe for tasks to queue
[2025-03-28T14:22:55.185+0000] {logging_mixin.py:190} INFO - [2025-03-28T14:22:55.184+0000] {dagbag.py:588} INFO - Filling up the DagBag from /opt/airflow/dags/env/Scripts/dbt.exe
[2025-03-28T14:22:55.196+0000] {logging_mixin.py:190} INFO - [2025-03-28T14:22:55.196+0000] {dagbag.py:435} INFO - File /opt/airflow/dags/env/Scripts/dbt.exe:__main__.py assumed to contain no DAGs. Skipping.
[2025-03-28T14:22:55.197+0000] {processor.py:927} WARNING - No viable dags retrieved from /opt/airflow/dags/env/Scripts/dbt.exe
[2025-03-28T14:22:55.218+0000] {processor.py:208} INFO - Processing /opt/airflow/dags/env/Scripts/dbt.exe took 0.047 seconds
[2025-03-28T14:26:53.403+0000] {processor.py:186} INFO - Started process (PID=2801) to work on /opt/airflow/dags/env/Scripts/dbt.exe
[2025-03-28T14:26:53.404+0000] {processor.py:914} INFO - Processing file /opt/airflow/dags/env/Scripts/dbt.exe for tasks to queue
[2025-03-28T14:26:53.406+0000] {logging_mixin.py:190} INFO - [2025-03-28T14:26:53.405+0000] {dagbag.py:588} INFO - Filling up the DagBag from /opt/airflow/dags/env/Scripts/dbt.exe
[2025-03-28T14:26:53.417+0000] {logging_mixin.py:190} INFO - [2025-03-28T14:26:53.417+0000] {dagbag.py:435} INFO - File /opt/airflow/dags/env/Scripts/dbt.exe:__main__.py assumed to contain no DAGs. Skipping.
[2025-03-28T14:26:53.418+0000] {processor.py:927} WARNING - No viable dags retrieved from /opt/airflow/dags/env/Scripts/dbt.exe
[2025-03-28T14:26:53.440+0000] {processor.py:208} INFO - Processing /opt/airflow/dags/env/Scripts/dbt.exe took 0.050 seconds
[2025-03-28T14:27:23.698+0000] {processor.py:186} INFO - Started process (PID=2825) to work on /opt/airflow/dags/env/Scripts/dbt.exe
[2025-03-28T14:27:23.699+0000] {processor.py:914} INFO - Processing file /opt/airflow/dags/env/Scripts/dbt.exe for tasks to queue
[2025-03-28T14:27:23.701+0000] {logging_mixin.py:190} INFO - [2025-03-28T14:27:23.701+0000] {dagbag.py:588} INFO - Filling up the DagBag from /opt/airflow/dags/env/Scripts/dbt.exe
[2025-03-28T14:27:23.713+0000] {logging_mixin.py:190} INFO - [2025-03-28T14:27:23.712+0000] {dagbag.py:435} INFO - File /opt/airflow/dags/env/Scripts/dbt.exe:__main__.py assumed to contain no DAGs. Skipping.
[2025-03-28T14:27:23.714+0000] {processor.py:927} WARNING - No viable dags retrieved from /opt/airflow/dags/env/Scripts/dbt.exe
[2025-03-28T14:27:23.736+0000] {processor.py:208} INFO - Processing /opt/airflow/dags/env/Scripts/dbt.exe took 0.053 seconds
[2025-03-28T14:27:54.441+0000] {processor.py:186} INFO - Started process (PID=2849) to work on /opt/airflow/dags/env/Scripts/dbt.exe
[2025-03-28T14:27:54.443+0000] {processor.py:914} INFO - Processing file /opt/airflow/dags/env/Scripts/dbt.exe for tasks to queue
[2025-03-28T14:27:54.445+0000] {logging_mixin.py:190} INFO - [2025-03-28T14:27:54.445+0000] {dagbag.py:588} INFO - Filling up the DagBag from /opt/airflow/dags/env/Scripts/dbt.exe
[2025-03-28T14:27:54.456+0000] {logging_mixin.py:190} INFO - [2025-03-28T14:27:54.455+0000] {dagbag.py:435} INFO - File /opt/airflow/dags/env/Scripts/dbt.exe:__main__.py assumed to contain no DAGs. Skipping.
[2025-03-28T14:27:54.457+0000] {processor.py:927} WARNING - No viable dags retrieved from /opt/airflow/dags/env/Scripts/dbt.exe
[2025-03-28T14:27:54.479+0000] {processor.py:208} INFO - Processing /opt/airflow/dags/env/Scripts/dbt.exe took 0.052 seconds
[2025-03-28T14:31:51.401+0000] {processor.py:186} INFO - Started process (PID=2855) to work on /opt/airflow/dags/env/Scripts/dbt.exe
[2025-03-28T14:31:51.402+0000] {processor.py:914} INFO - Processing file /opt/airflow/dags/env/Scripts/dbt.exe for tasks to queue
[2025-03-28T14:31:51.404+0000] {logging_mixin.py:190} INFO - [2025-03-28T14:31:51.404+0000] {dagbag.py:588} INFO - Filling up the DagBag from /opt/airflow/dags/env/Scripts/dbt.exe
[2025-03-28T14:31:51.418+0000] {logging_mixin.py:190} INFO - [2025-03-28T14:31:51.417+0000] {dagbag.py:435} INFO - File /opt/airflow/dags/env/Scripts/dbt.exe:__main__.py assumed to contain no DAGs. Skipping.
[2025-03-28T14:31:51.419+0000] {processor.py:927} WARNING - No viable dags retrieved from /opt/airflow/dags/env/Scripts/dbt.exe
[2025-03-28T14:31:51.440+0000] {processor.py:208} INFO - Processing /opt/airflow/dags/env/Scripts/dbt.exe took 0.052 seconds
[2025-03-28T14:32:21.982+0000] {processor.py:186} INFO - Started process (PID=2879) to work on /opt/airflow/dags/env/Scripts/dbt.exe
[2025-03-28T14:32:21.983+0000] {processor.py:914} INFO - Processing file /opt/airflow/dags/env/Scripts/dbt.exe for tasks to queue
[2025-03-28T14:32:21.985+0000] {logging_mixin.py:190} INFO - [2025-03-28T14:32:21.985+0000] {dagbag.py:588} INFO - Filling up the DagBag from /opt/airflow/dags/env/Scripts/dbt.exe
[2025-03-28T14:32:21.997+0000] {logging_mixin.py:190} INFO - [2025-03-28T14:32:21.996+0000] {dagbag.py:435} INFO - File /opt/airflow/dags/env/Scripts/dbt.exe:__main__.py assumed to contain no DAGs. Skipping.
[2025-03-28T14:32:21.998+0000] {processor.py:927} WARNING - No viable dags retrieved from /opt/airflow/dags/env/Scripts/dbt.exe
[2025-03-28T14:32:22.020+0000] {processor.py:208} INFO - Processing /opt/airflow/dags/env/Scripts/dbt.exe took 0.049 seconds
[2025-03-28T14:32:52.563+0000] {processor.py:186} INFO - Started process (PID=2903) to work on /opt/airflow/dags/env/Scripts/dbt.exe
[2025-03-28T14:32:52.565+0000] {processor.py:914} INFO - Processing file /opt/airflow/dags/env/Scripts/dbt.exe for tasks to queue
[2025-03-28T14:32:52.566+0000] {logging_mixin.py:190} INFO - [2025-03-28T14:32:52.566+0000] {dagbag.py:588} INFO - Filling up the DagBag from /opt/airflow/dags/env/Scripts/dbt.exe
[2025-03-28T14:32:52.579+0000] {logging_mixin.py:190} INFO - [2025-03-28T14:32:52.579+0000] {dagbag.py:435} INFO - File /opt/airflow/dags/env/Scripts/dbt.exe:__main__.py assumed to contain no DAGs. Skipping.
[2025-03-28T14:32:52.580+0000] {processor.py:927} WARNING - No viable dags retrieved from /opt/airflow/dags/env/Scripts/dbt.exe
[2025-03-28T14:32:52.604+0000] {processor.py:208} INFO - Processing /opt/airflow/dags/env/Scripts/dbt.exe took 0.053 seconds
[2025-03-28T14:37:04.673+0000] {processor.py:186} INFO - Started process (PID=2911) to work on /opt/airflow/dags/env/Scripts/dbt.exe
[2025-03-28T14:37:04.674+0000] {processor.py:914} INFO - Processing file /opt/airflow/dags/env/Scripts/dbt.exe for tasks to queue
[2025-03-28T14:37:04.676+0000] {logging_mixin.py:190} INFO - [2025-03-28T14:37:04.676+0000] {dagbag.py:588} INFO - Filling up the DagBag from /opt/airflow/dags/env/Scripts/dbt.exe
[2025-03-28T14:37:04.689+0000] {logging_mixin.py:190} INFO - [2025-03-28T14:37:04.689+0000] {dagbag.py:435} INFO - File /opt/airflow/dags/env/Scripts/dbt.exe:__main__.py assumed to contain no DAGs. Skipping.
[2025-03-28T14:37:04.691+0000] {processor.py:927} WARNING - No viable dags retrieved from /opt/airflow/dags/env/Scripts/dbt.exe
[2025-03-28T14:37:04.717+0000] {processor.py:208} INFO - Processing /opt/airflow/dags/env/Scripts/dbt.exe took 0.055 seconds
[2025-03-28T14:37:35.897+0000] {processor.py:186} INFO - Started process (PID=2935) to work on /opt/airflow/dags/env/Scripts/dbt.exe
[2025-03-28T14:37:35.899+0000] {processor.py:914} INFO - Processing file /opt/airflow/dags/env/Scripts/dbt.exe for tasks to queue
[2025-03-28T14:37:35.900+0000] {logging_mixin.py:190} INFO - [2025-03-28T14:37:35.900+0000] {dagbag.py:588} INFO - Filling up the DagBag from /opt/airflow/dags/env/Scripts/dbt.exe
[2025-03-28T14:37:35.913+0000] {logging_mixin.py:190} INFO - [2025-03-28T14:37:35.913+0000] {dagbag.py:435} INFO - File /opt/airflow/dags/env/Scripts/dbt.exe:__main__.py assumed to contain no DAGs. Skipping.
[2025-03-28T14:37:35.914+0000] {processor.py:927} WARNING - No viable dags retrieved from /opt/airflow/dags/env/Scripts/dbt.exe
[2025-03-28T14:37:35.937+0000] {processor.py:208} INFO - Processing /opt/airflow/dags/env/Scripts/dbt.exe took 0.052 seconds
[2025-03-28T15:04:40.213+0000] {processor.py:186} INFO - Started process (PID=98) to work on /opt/airflow/dags/env/Scripts/dbt.exe
[2025-03-28T15:04:40.215+0000] {processor.py:914} INFO - Processing file /opt/airflow/dags/env/Scripts/dbt.exe for tasks to queue
[2025-03-28T15:04:40.220+0000] {logging_mixin.py:190} INFO - [2025-03-28T15:04:40.219+0000] {dagbag.py:588} INFO - Filling up the DagBag from /opt/airflow/dags/env/Scripts/dbt.exe
[2025-03-28T15:04:40.234+0000] {logging_mixin.py:190} INFO - [2025-03-28T15:04:40.233+0000] {dagbag.py:435} INFO - File /opt/airflow/dags/env/Scripts/dbt.exe:__main__.py assumed to contain no DAGs. Skipping.
[2025-03-28T15:04:40.235+0000] {processor.py:927} WARNING - No viable dags retrieved from /opt/airflow/dags/env/Scripts/dbt.exe
[2025-03-28T15:04:40.269+0000] {processor.py:208} INFO - Processing /opt/airflow/dags/env/Scripts/dbt.exe took 0.065 seconds
[2025-03-28T15:05:12.245+0000] {processor.py:186} INFO - Started process (PID=122) to work on /opt/airflow/dags/env/Scripts/dbt.exe
[2025-03-28T15:05:12.247+0000] {processor.py:914} INFO - Processing file /opt/airflow/dags/env/Scripts/dbt.exe for tasks to queue
[2025-03-28T15:05:12.253+0000] {logging_mixin.py:190} INFO - [2025-03-28T15:05:12.252+0000] {dagbag.py:588} INFO - Filling up the DagBag from /opt/airflow/dags/env/Scripts/dbt.exe
[2025-03-28T15:05:12.272+0000] {logging_mixin.py:190} INFO - [2025-03-28T15:05:12.271+0000] {dagbag.py:435} INFO - File /opt/airflow/dags/env/Scripts/dbt.exe:__main__.py assumed to contain no DAGs. Skipping.
[2025-03-28T15:05:12.273+0000] {processor.py:927} WARNING - No viable dags retrieved from /opt/airflow/dags/env/Scripts/dbt.exe
[2025-03-28T15:05:12.308+0000] {processor.py:208} INFO - Processing /opt/airflow/dags/env/Scripts/dbt.exe took 0.076 seconds
[2025-03-28T15:16:14.685+0000] {processor.py:186} INFO - Started process (PID=157) to work on /opt/airflow/dags/env/Scripts/dbt.exe
[2025-03-28T15:16:14.686+0000] {processor.py:914} INFO - Processing file /opt/airflow/dags/env/Scripts/dbt.exe for tasks to queue
[2025-03-28T15:16:14.690+0000] {logging_mixin.py:190} INFO - [2025-03-28T15:16:14.689+0000] {dagbag.py:588} INFO - Filling up the DagBag from /opt/airflow/dags/env/Scripts/dbt.exe
[2025-03-28T15:16:14.714+0000] {logging_mixin.py:190} INFO - [2025-03-28T15:16:14.714+0000] {dagbag.py:435} INFO - File /opt/airflow/dags/env/Scripts/dbt.exe:__main__.py assumed to contain no DAGs. Skipping.
[2025-03-28T15:16:14.716+0000] {processor.py:927} WARNING - No viable dags retrieved from /opt/airflow/dags/env/Scripts/dbt.exe
[2025-03-28T15:16:14.744+0000] {processor.py:208} INFO - Processing /opt/airflow/dags/env/Scripts/dbt.exe took 0.067 seconds
[2025-03-28T15:16:45.218+0000] {processor.py:186} INFO - Started process (PID=181) to work on /opt/airflow/dags/env/Scripts/dbt.exe
[2025-03-28T15:16:45.219+0000] {processor.py:914} INFO - Processing file /opt/airflow/dags/env/Scripts/dbt.exe for tasks to queue
[2025-03-28T15:16:45.223+0000] {logging_mixin.py:190} INFO - [2025-03-28T15:16:45.223+0000] {dagbag.py:588} INFO - Filling up the DagBag from /opt/airflow/dags/env/Scripts/dbt.exe
[2025-03-28T15:16:45.241+0000] {logging_mixin.py:190} INFO - [2025-03-28T15:16:45.240+0000] {dagbag.py:435} INFO - File /opt/airflow/dags/env/Scripts/dbt.exe:__main__.py assumed to contain no DAGs. Skipping.
[2025-03-28T15:16:45.242+0000] {processor.py:927} WARNING - No viable dags retrieved from /opt/airflow/dags/env/Scripts/dbt.exe
[2025-03-28T15:16:45.265+0000] {processor.py:208} INFO - Processing /opt/airflow/dags/env/Scripts/dbt.exe took 0.056 seconds
[2025-03-28T15:28:38.589+0000] {processor.py:186} INFO - Started process (PID=199) to work on /opt/airflow/dags/env/Scripts/dbt.exe
[2025-03-28T15:28:38.591+0000] {processor.py:914} INFO - Processing file /opt/airflow/dags/env/Scripts/dbt.exe for tasks to queue
[2025-03-28T15:28:38.594+0000] {logging_mixin.py:190} INFO - [2025-03-28T15:28:38.594+0000] {dagbag.py:588} INFO - Filling up the DagBag from /opt/airflow/dags/env/Scripts/dbt.exe
[2025-03-28T15:28:38.612+0000] {logging_mixin.py:190} INFO - [2025-03-28T15:28:38.612+0000] {dagbag.py:435} INFO - File /opt/airflow/dags/env/Scripts/dbt.exe:__main__.py assumed to contain no DAGs. Skipping.
[2025-03-28T15:28:38.615+0000] {processor.py:927} WARNING - No viable dags retrieved from /opt/airflow/dags/env/Scripts/dbt.exe
[2025-03-28T15:28:38.657+0000] {processor.py:208} INFO - Processing /opt/airflow/dags/env/Scripts/dbt.exe took 0.076 seconds
[2025-03-28T16:13:44.796+0000] {processor.py:186} INFO - Started process (PID=266) to work on /opt/airflow/dags/env/Scripts/dbt.exe
[2025-03-28T16:13:44.798+0000] {processor.py:914} INFO - Processing file /opt/airflow/dags/env/Scripts/dbt.exe for tasks to queue
[2025-03-28T16:13:44.803+0000] {logging_mixin.py:190} INFO - [2025-03-28T16:13:44.802+0000] {dagbag.py:588} INFO - Filling up the DagBag from /opt/airflow/dags/env/Scripts/dbt.exe
[2025-03-28T16:13:44.830+0000] {logging_mixin.py:190} INFO - [2025-03-28T16:13:44.829+0000] {dagbag.py:435} INFO - File /opt/airflow/dags/env/Scripts/dbt.exe:__main__.py assumed to contain no DAGs. Skipping.
[2025-03-28T16:13:44.833+0000] {processor.py:927} WARNING - No viable dags retrieved from /opt/airflow/dags/env/Scripts/dbt.exe
[2025-03-28T16:13:44.876+0000] {processor.py:208} INFO - Processing /opt/airflow/dags/env/Scripts/dbt.exe took 0.090 seconds
[2025-03-28T19:28:50.100+0000] {processor.py:186} INFO - Started process (PID=319) to work on /opt/airflow/dags/env/Scripts/dbt.exe
[2025-03-28T19:28:50.102+0000] {processor.py:914} INFO - Processing file /opt/airflow/dags/env/Scripts/dbt.exe for tasks to queue
[2025-03-28T19:28:50.109+0000] {logging_mixin.py:190} INFO - [2025-03-28T19:28:50.107+0000] {dagbag.py:588} INFO - Filling up the DagBag from /opt/airflow/dags/env/Scripts/dbt.exe
[2025-03-28T19:28:50.137+0000] {logging_mixin.py:190} INFO - [2025-03-28T19:28:50.136+0000] {dagbag.py:435} INFO - File /opt/airflow/dags/env/Scripts/dbt.exe:__main__.py assumed to contain no DAGs. Skipping.
[2025-03-28T19:28:50.139+0000] {processor.py:927} WARNING - No viable dags retrieved from /opt/airflow/dags/env/Scripts/dbt.exe
[2025-03-28T19:28:50.178+0000] {processor.py:208} INFO - Processing /opt/airflow/dags/env/Scripts/dbt.exe took 0.092 seconds
[2025-03-28T22:40:35.785+0000] {processor.py:186} INFO - Started process (PID=345) to work on /opt/airflow/dags/env/Scripts/dbt.exe
[2025-03-28T22:40:35.790+0000] {processor.py:914} INFO - Processing file /opt/airflow/dags/env/Scripts/dbt.exe for tasks to queue
[2025-03-28T22:40:35.797+0000] {logging_mixin.py:190} INFO - [2025-03-28T22:40:35.795+0000] {dagbag.py:588} INFO - Filling up the DagBag from /opt/airflow/dags/env/Scripts/dbt.exe
[2025-03-28T22:40:35.827+0000] {logging_mixin.py:190} INFO - [2025-03-28T22:40:35.826+0000] {dagbag.py:435} INFO - File /opt/airflow/dags/env/Scripts/dbt.exe:__main__.py assumed to contain no DAGs. Skipping.
[2025-03-28T22:40:35.829+0000] {processor.py:927} WARNING - No viable dags retrieved from /opt/airflow/dags/env/Scripts/dbt.exe
[2025-03-28T22:40:35.872+0000] {processor.py:208} INFO - Processing /opt/airflow/dags/env/Scripts/dbt.exe took 0.107 seconds
