[2025-03-28T02:43:30.043+0000] {processor.py:186} INFO - Started process (PID=204) to work on /opt/airflow/dags/env/Scripts/deep.exe
[2025-03-28T02:43:30.045+0000] {processor.py:914} INFO - Processing file /opt/airflow/dags/env/Scripts/deep.exe for tasks to queue
[2025-03-28T02:43:30.048+0000] {logging_mixin.py:190} INFO - [2025-03-28T02:43:30.048+0000] {dagbag.py:588} INFO - Filling up the DagBag from /opt/airflow/dags/env/Scripts/deep.exe
[2025-03-28T02:43:30.064+0000] {logging_mixin.py:190} INFO - [2025-03-28T02:43:30.063+0000] {dagbag.py:435} INFO - File /opt/airflow/dags/env/Scripts/deep.exe:__main__.py assumed to contain no DAGs. Skipping.
[2025-03-28T02:43:30.065+0000] {processor.py:927} WARNING - No viable dags retrieved from /opt/airflow/dags/env/Scripts/deep.exe
[2025-03-28T02:43:30.089+0000] {processor.py:208} INFO - Processing /opt/airflow/dags/env/Scripts/deep.exe took 0.062 seconds
[2025-03-28T03:46:14.989+0000] {processor.py:186} INFO - Started process (PID=253) to work on /opt/airflow/dags/env/Scripts/deep.exe
[2025-03-28T03:46:14.991+0000] {processor.py:914} INFO - Processing file /opt/airflow/dags/env/Scripts/deep.exe for tasks to queue
[2025-03-28T03:46:15.002+0000] {logging_mixin.py:190} INFO - [2025-03-28T03:46:15.001+0000] {dagbag.py:588} INFO - Filling up the DagBag from /opt/airflow/dags/env/Scripts/deep.exe
[2025-03-28T03:46:15.035+0000] {logging_mixin.py:190} INFO - [2025-03-28T03:46:15.034+0000] {dagbag.py:435} INFO - File /opt/airflow/dags/env/Scripts/deep.exe:__main__.py assumed to contain no DAGs. Skipping.
[2025-03-28T03:46:15.037+0000] {processor.py:927} WARNING - No viable dags retrieved from /opt/airflow/dags/env/Scripts/deep.exe
[2025-03-28T03:46:15.078+0000] {processor.py:208} INFO - Processing /opt/airflow/dags/env/Scripts/deep.exe took 0.121 seconds
[2025-03-28T04:41:04.844+0000] {processor.py:186} INFO - Started process (PID=297) to work on /opt/airflow/dags/env/Scripts/deep.exe
[2025-03-28T04:41:04.846+0000] {processor.py:914} INFO - Processing file /opt/airflow/dags/env/Scripts/deep.exe for tasks to queue
[2025-03-28T04:41:04.853+0000] {logging_mixin.py:190} INFO - [2025-03-28T04:41:04.850+0000] {dagbag.py:588} INFO - Filling up the DagBag from /opt/airflow/dags/env/Scripts/deep.exe
[2025-03-28T04:41:04.889+0000] {logging_mixin.py:190} INFO - [2025-03-28T04:41:04.889+0000] {dagbag.py:435} INFO - File /opt/airflow/dags/env/Scripts/deep.exe:__main__.py assumed to contain no DAGs. Skipping.
[2025-03-28T04:41:04.891+0000] {processor.py:927} WARNING - No viable dags retrieved from /opt/airflow/dags/env/Scripts/deep.exe
[2025-03-28T04:41:04.935+0000] {processor.py:208} INFO - Processing /opt/airflow/dags/env/Scripts/deep.exe took 0.113 seconds
[2025-03-28T05:05:43.056+0000] {processor.py:186} INFO - Started process (PID=331) to work on /opt/airflow/dags/env/Scripts/deep.exe
[2025-03-28T05:05:43.057+0000] {processor.py:914} INFO - Processing file /opt/airflow/dags/env/Scripts/deep.exe for tasks to queue
[2025-03-28T05:05:43.060+0000] {logging_mixin.py:190} INFO - [2025-03-28T05:05:43.059+0000] {dagbag.py:588} INFO - Filling up the DagBag from /opt/airflow/dags/env/Scripts/deep.exe
[2025-03-28T05:05:43.074+0000] {logging_mixin.py:190} INFO - [2025-03-28T05:05:43.074+0000] {dagbag.py:435} INFO - File /opt/airflow/dags/env/Scripts/deep.exe:__main__.py assumed to contain no DAGs. Skipping.
[2025-03-28T05:05:43.075+0000] {processor.py:927} WARNING - No viable dags retrieved from /opt/airflow/dags/env/Scripts/deep.exe
[2025-03-28T05:05:43.099+0000] {processor.py:208} INFO - Processing /opt/airflow/dags/env/Scripts/deep.exe took 0.055 seconds
[2025-03-28T05:06:27.147+0000] {processor.py:186} INFO - Started process (PID=355) to work on /opt/airflow/dags/env/Scripts/deep.exe
[2025-03-28T05:06:27.149+0000] {processor.py:914} INFO - Processing file /opt/airflow/dags/env/Scripts/deep.exe for tasks to queue
[2025-03-28T05:06:27.154+0000] {logging_mixin.py:190} INFO - [2025-03-28T05:06:27.153+0000] {dagbag.py:588} INFO - Filling up the DagBag from /opt/airflow/dags/env/Scripts/deep.exe
[2025-03-28T05:06:27.178+0000] {logging_mixin.py:190} INFO - [2025-03-28T05:06:27.177+0000] {dagbag.py:435} INFO - File /opt/airflow/dags/env/Scripts/deep.exe:__main__.py assumed to contain no DAGs. Skipping.
[2025-03-28T05:06:27.180+0000] {processor.py:927} WARNING - No viable dags retrieved from /opt/airflow/dags/env/Scripts/deep.exe
[2025-03-28T05:06:27.220+0000] {processor.py:208} INFO - Processing /opt/airflow/dags/env/Scripts/deep.exe took 0.096 seconds
[2025-03-28T05:17:48.600+0000] {processor.py:186} INFO - Started process (PID=388) to work on /opt/airflow/dags/env/Scripts/deep.exe
[2025-03-28T05:17:48.601+0000] {processor.py:914} INFO - Processing file /opt/airflow/dags/env/Scripts/deep.exe for tasks to queue
[2025-03-28T05:17:48.604+0000] {logging_mixin.py:190} INFO - [2025-03-28T05:17:48.604+0000] {dagbag.py:588} INFO - Filling up the DagBag from /opt/airflow/dags/env/Scripts/deep.exe
[2025-03-28T05:17:48.619+0000] {logging_mixin.py:190} INFO - [2025-03-28T05:17:48.618+0000] {dagbag.py:435} INFO - File /opt/airflow/dags/env/Scripts/deep.exe:__main__.py assumed to contain no DAGs. Skipping.
[2025-03-28T05:17:48.620+0000] {processor.py:927} WARNING - No viable dags retrieved from /opt/airflow/dags/env/Scripts/deep.exe
[2025-03-28T05:17:48.642+0000] {processor.py:208} INFO - Processing /opt/airflow/dags/env/Scripts/deep.exe took 0.054 seconds
[2025-03-28T05:18:19.899+0000] {processor.py:186} INFO - Started process (PID=412) to work on /opt/airflow/dags/env/Scripts/deep.exe
[2025-03-28T05:18:19.901+0000] {processor.py:914} INFO - Processing file /opt/airflow/dags/env/Scripts/deep.exe for tasks to queue
[2025-03-28T05:18:19.904+0000] {logging_mixin.py:190} INFO - [2025-03-28T05:18:19.903+0000] {dagbag.py:588} INFO - Filling up the DagBag from /opt/airflow/dags/env/Scripts/deep.exe
[2025-03-28T05:18:19.918+0000] {logging_mixin.py:190} INFO - [2025-03-28T05:18:19.918+0000] {dagbag.py:435} INFO - File /opt/airflow/dags/env/Scripts/deep.exe:__main__.py assumed to contain no DAGs. Skipping.
[2025-03-28T05:18:19.919+0000] {processor.py:927} WARNING - No viable dags retrieved from /opt/airflow/dags/env/Scripts/deep.exe
[2025-03-28T05:18:19.939+0000] {processor.py:208} INFO - Processing /opt/airflow/dags/env/Scripts/deep.exe took 0.055 seconds
[2025-03-28T05:23:23.190+0000] {processor.py:186} INFO - Started process (PID=427) to work on /opt/airflow/dags/env/Scripts/deep.exe
[2025-03-28T05:23:23.192+0000] {processor.py:914} INFO - Processing file /opt/airflow/dags/env/Scripts/deep.exe for tasks to queue
[2025-03-28T05:23:23.195+0000] {logging_mixin.py:190} INFO - [2025-03-28T05:23:23.194+0000] {dagbag.py:588} INFO - Filling up the DagBag from /opt/airflow/dags/env/Scripts/deep.exe
[2025-03-28T05:23:23.207+0000] {logging_mixin.py:190} INFO - [2025-03-28T05:23:23.207+0000] {dagbag.py:435} INFO - File /opt/airflow/dags/env/Scripts/deep.exe:__main__.py assumed to contain no DAGs. Skipping.
[2025-03-28T05:23:23.208+0000] {processor.py:927} WARNING - No viable dags retrieved from /opt/airflow/dags/env/Scripts/deep.exe
[2025-03-28T05:23:23.230+0000] {processor.py:208} INFO - Processing /opt/airflow/dags/env/Scripts/deep.exe took 0.052 seconds
[2025-03-28T05:34:56.867+0000] {processor.py:186} INFO - Started process (PID=455) to work on /opt/airflow/dags/env/Scripts/deep.exe
[2025-03-28T05:34:56.868+0000] {processor.py:914} INFO - Processing file /opt/airflow/dags/env/Scripts/deep.exe for tasks to queue
[2025-03-28T05:34:56.873+0000] {logging_mixin.py:190} INFO - [2025-03-28T05:34:56.873+0000] {dagbag.py:588} INFO - Filling up the DagBag from /opt/airflow/dags/env/Scripts/deep.exe
[2025-03-28T05:34:56.890+0000] {logging_mixin.py:190} INFO - [2025-03-28T05:34:56.890+0000] {dagbag.py:435} INFO - File /opt/airflow/dags/env/Scripts/deep.exe:__main__.py assumed to contain no DAGs. Skipping.
[2025-03-28T05:34:56.892+0000] {processor.py:927} WARNING - No viable dags retrieved from /opt/airflow/dags/env/Scripts/deep.exe
[2025-03-28T05:34:56.929+0000] {processor.py:208} INFO - Processing /opt/airflow/dags/env/Scripts/deep.exe took 0.080 seconds
[2025-03-28T05:44:52.684+0000] {processor.py:186} INFO - Started process (PID=494) to work on /opt/airflow/dags/env/Scripts/deep.exe
[2025-03-28T05:44:52.685+0000] {processor.py:914} INFO - Processing file /opt/airflow/dags/env/Scripts/deep.exe for tasks to queue
[2025-03-28T05:44:52.688+0000] {logging_mixin.py:190} INFO - [2025-03-28T05:44:52.688+0000] {dagbag.py:588} INFO - Filling up the DagBag from /opt/airflow/dags/env/Scripts/deep.exe
[2025-03-28T05:44:52.702+0000] {logging_mixin.py:190} INFO - [2025-03-28T05:44:52.702+0000] {dagbag.py:435} INFO - File /opt/airflow/dags/env/Scripts/deep.exe:__main__.py assumed to contain no DAGs. Skipping.
[2025-03-28T05:44:52.703+0000] {processor.py:927} WARNING - No viable dags retrieved from /opt/airflow/dags/env/Scripts/deep.exe
[2025-03-28T05:44:52.725+0000] {processor.py:208} INFO - Processing /opt/airflow/dags/env/Scripts/deep.exe took 0.054 seconds
[2025-03-28T05:45:33.788+0000] {processor.py:186} INFO - Started process (PID=518) to work on /opt/airflow/dags/env/Scripts/deep.exe
[2025-03-28T05:45:33.791+0000] {processor.py:914} INFO - Processing file /opt/airflow/dags/env/Scripts/deep.exe for tasks to queue
[2025-03-28T05:45:33.797+0000] {logging_mixin.py:190} INFO - [2025-03-28T05:45:33.796+0000] {dagbag.py:588} INFO - Filling up the DagBag from /opt/airflow/dags/env/Scripts/deep.exe
[2025-03-28T05:45:33.823+0000] {logging_mixin.py:190} INFO - [2025-03-28T05:45:33.822+0000] {dagbag.py:435} INFO - File /opt/airflow/dags/env/Scripts/deep.exe:__main__.py assumed to contain no DAGs. Skipping.
[2025-03-28T05:45:33.825+0000] {processor.py:927} WARNING - No viable dags retrieved from /opt/airflow/dags/env/Scripts/deep.exe
[2025-03-28T05:45:33.872+0000] {processor.py:208} INFO - Processing /opt/airflow/dags/env/Scripts/deep.exe took 0.110 seconds
[2025-03-28T06:00:40.381+0000] {processor.py:186} INFO - Started process (PID=650) to work on /opt/airflow/dags/env/Scripts/deep.exe
[2025-03-28T06:00:40.382+0000] {processor.py:914} INFO - Processing file /opt/airflow/dags/env/Scripts/deep.exe for tasks to queue
[2025-03-28T06:00:40.386+0000] {logging_mixin.py:190} INFO - [2025-03-28T06:00:40.385+0000] {dagbag.py:588} INFO - Filling up the DagBag from /opt/airflow/dags/env/Scripts/deep.exe
[2025-03-28T06:00:40.398+0000] {logging_mixin.py:190} INFO - [2025-03-28T06:00:40.397+0000] {dagbag.py:435} INFO - File /opt/airflow/dags/env/Scripts/deep.exe:__main__.py assumed to contain no DAGs. Skipping.
[2025-03-28T06:00:40.399+0000] {processor.py:927} WARNING - No viable dags retrieved from /opt/airflow/dags/env/Scripts/deep.exe
[2025-03-28T06:00:40.421+0000] {processor.py:208} INFO - Processing /opt/airflow/dags/env/Scripts/deep.exe took 0.053 seconds
[2025-03-28T06:05:57.720+0000] {processor.py:186} INFO - Started process (PID=672) to work on /opt/airflow/dags/env/Scripts/deep.exe
[2025-03-28T06:05:57.721+0000] {processor.py:914} INFO - Processing file /opt/airflow/dags/env/Scripts/deep.exe for tasks to queue
[2025-03-28T06:05:57.723+0000] {logging_mixin.py:190} INFO - [2025-03-28T06:05:57.722+0000] {dagbag.py:588} INFO - Filling up the DagBag from /opt/airflow/dags/env/Scripts/deep.exe
[2025-03-28T06:05:57.738+0000] {logging_mixin.py:190} INFO - [2025-03-28T06:05:57.737+0000] {dagbag.py:435} INFO - File /opt/airflow/dags/env/Scripts/deep.exe:__main__.py assumed to contain no DAGs. Skipping.
[2025-03-28T06:05:57.739+0000] {processor.py:927} WARNING - No viable dags retrieved from /opt/airflow/dags/env/Scripts/deep.exe
[2025-03-28T06:05:57.762+0000] {processor.py:208} INFO - Processing /opt/airflow/dags/env/Scripts/deep.exe took 0.054 seconds
[2025-03-28T06:26:27.901+0000] {processor.py:186} INFO - Started process (PID=838) to work on /opt/airflow/dags/env/Scripts/deep.exe
[2025-03-28T06:26:27.911+0000] {processor.py:914} INFO - Processing file /opt/airflow/dags/env/Scripts/deep.exe for tasks to queue
[2025-03-28T06:26:27.961+0000] {logging_mixin.py:190} INFO - [2025-03-28T06:26:27.960+0000] {dagbag.py:588} INFO - Filling up the DagBag from /opt/airflow/dags/env/Scripts/deep.exe
[2025-03-28T06:26:28.277+0000] {logging_mixin.py:190} INFO - [2025-03-28T06:26:28.276+0000] {dagbag.py:435} INFO - File /opt/airflow/dags/env/Scripts/deep.exe:__main__.py assumed to contain no DAGs. Skipping.
[2025-03-28T06:26:28.324+0000] {processor.py:927} WARNING - No viable dags retrieved from /opt/airflow/dags/env/Scripts/deep.exe
[2025-03-28T06:26:28.491+0000] {processor.py:208} INFO - Processing /opt/airflow/dags/env/Scripts/deep.exe took 0.691 seconds
[2025-03-28T06:47:22.362+0000] {processor.py:186} INFO - Started process (PID=953) to work on /opt/airflow/dags/env/Scripts/deep.exe
[2025-03-28T06:47:22.364+0000] {processor.py:914} INFO - Processing file /opt/airflow/dags/env/Scripts/deep.exe for tasks to queue
[2025-03-28T06:47:22.369+0000] {logging_mixin.py:190} INFO - [2025-03-28T06:47:22.368+0000] {dagbag.py:588} INFO - Filling up the DagBag from /opt/airflow/dags/env/Scripts/deep.exe
[2025-03-28T06:47:22.407+0000] {logging_mixin.py:190} INFO - [2025-03-28T06:47:22.407+0000] {dagbag.py:435} INFO - File /opt/airflow/dags/env/Scripts/deep.exe:__main__.py assumed to contain no DAGs. Skipping.
[2025-03-28T06:47:22.409+0000] {processor.py:927} WARNING - No viable dags retrieved from /opt/airflow/dags/env/Scripts/deep.exe
[2025-03-28T06:47:22.453+0000] {processor.py:208} INFO - Processing /opt/airflow/dags/env/Scripts/deep.exe took 0.120 seconds
[2025-03-28T07:08:05.614+0000] {processor.py:186} INFO - Started process (PID=1190) to work on /opt/airflow/dags/env/Scripts/deep.exe
[2025-03-28T07:08:05.616+0000] {processor.py:914} INFO - Processing file /opt/airflow/dags/env/Scripts/deep.exe for tasks to queue
[2025-03-28T07:08:05.618+0000] {logging_mixin.py:190} INFO - [2025-03-28T07:08:05.617+0000] {dagbag.py:588} INFO - Filling up the DagBag from /opt/airflow/dags/env/Scripts/deep.exe
[2025-03-28T07:08:05.633+0000] {logging_mixin.py:190} INFO - [2025-03-28T07:08:05.632+0000] {dagbag.py:435} INFO - File /opt/airflow/dags/env/Scripts/deep.exe:__main__.py assumed to contain no DAGs. Skipping.
[2025-03-28T07:08:05.634+0000] {processor.py:927} WARNING - No viable dags retrieved from /opt/airflow/dags/env/Scripts/deep.exe
[2025-03-28T07:08:05.663+0000] {processor.py:208} INFO - Processing /opt/airflow/dags/env/Scripts/deep.exe took 0.062 seconds
[2025-03-28T08:47:38.169+0000] {processor.py:186} INFO - Started process (PID=1256) to work on /opt/airflow/dags/env/Scripts/deep.exe
[2025-03-28T08:47:38.170+0000] {processor.py:914} INFO - Processing file /opt/airflow/dags/env/Scripts/deep.exe for tasks to queue
[2025-03-28T08:47:38.172+0000] {logging_mixin.py:190} INFO - [2025-03-28T08:47:38.172+0000] {dagbag.py:588} INFO - Filling up the DagBag from /opt/airflow/dags/env/Scripts/deep.exe
[2025-03-28T08:47:38.186+0000] {logging_mixin.py:190} INFO - [2025-03-28T08:47:38.186+0000] {dagbag.py:435} INFO - File /opt/airflow/dags/env/Scripts/deep.exe:__main__.py assumed to contain no DAGs. Skipping.
[2025-03-28T08:47:38.187+0000] {processor.py:927} WARNING - No viable dags retrieved from /opt/airflow/dags/env/Scripts/deep.exe
[2025-03-28T08:47:38.214+0000] {processor.py:208} INFO - Processing /opt/airflow/dags/env/Scripts/deep.exe took 0.058 seconds
[2025-03-28T09:26:45.005+0000] {processor.py:186} INFO - Started process (PID=1433) to work on /opt/airflow/dags/env/Scripts/deep.exe
[2025-03-28T09:26:45.006+0000] {processor.py:914} INFO - Processing file /opt/airflow/dags/env/Scripts/deep.exe for tasks to queue
[2025-03-28T09:26:45.009+0000] {logging_mixin.py:190} INFO - [2025-03-28T09:26:45.008+0000] {dagbag.py:588} INFO - Filling up the DagBag from /opt/airflow/dags/env/Scripts/deep.exe
[2025-03-28T09:26:45.025+0000] {logging_mixin.py:190} INFO - [2025-03-28T09:26:45.025+0000] {dagbag.py:435} INFO - File /opt/airflow/dags/env/Scripts/deep.exe:__main__.py assumed to contain no DAGs. Skipping.
[2025-03-28T09:26:45.027+0000] {processor.py:927} WARNING - No viable dags retrieved from /opt/airflow/dags/env/Scripts/deep.exe
[2025-03-28T09:26:45.066+0000] {processor.py:208} INFO - Processing /opt/airflow/dags/env/Scripts/deep.exe took 0.083 seconds
[2025-03-28T09:31:15.595+0000] {processor.py:186} INFO - Started process (PID=1457) to work on /opt/airflow/dags/env/Scripts/deep.exe
[2025-03-28T09:31:15.597+0000] {processor.py:914} INFO - Processing file /opt/airflow/dags/env/Scripts/deep.exe for tasks to queue
[2025-03-28T09:31:15.601+0000] {logging_mixin.py:190} INFO - [2025-03-28T09:31:15.600+0000] {dagbag.py:588} INFO - Filling up the DagBag from /opt/airflow/dags/env/Scripts/deep.exe
[2025-03-28T09:31:15.630+0000] {logging_mixin.py:190} INFO - [2025-03-28T09:31:15.630+0000] {dagbag.py:435} INFO - File /opt/airflow/dags/env/Scripts/deep.exe:__main__.py assumed to contain no DAGs. Skipping.
[2025-03-28T09:31:15.632+0000] {processor.py:927} WARNING - No viable dags retrieved from /opt/airflow/dags/env/Scripts/deep.exe
[2025-03-28T09:31:15.676+0000] {processor.py:208} INFO - Processing /opt/airflow/dags/env/Scripts/deep.exe took 0.106 seconds
[2025-03-28T09:41:50.121+0000] {processor.py:186} INFO - Started process (PID=1483) to work on /opt/airflow/dags/env/Scripts/deep.exe
[2025-03-28T09:41:50.122+0000] {processor.py:914} INFO - Processing file /opt/airflow/dags/env/Scripts/deep.exe for tasks to queue
[2025-03-28T09:41:50.124+0000] {logging_mixin.py:190} INFO - [2025-03-28T09:41:50.124+0000] {dagbag.py:588} INFO - Filling up the DagBag from /opt/airflow/dags/env/Scripts/deep.exe
[2025-03-28T09:41:50.135+0000] {logging_mixin.py:190} INFO - [2025-03-28T09:41:50.135+0000] {dagbag.py:435} INFO - File /opt/airflow/dags/env/Scripts/deep.exe:__main__.py assumed to contain no DAGs. Skipping.
[2025-03-28T09:41:50.136+0000] {processor.py:927} WARNING - No viable dags retrieved from /opt/airflow/dags/env/Scripts/deep.exe
[2025-03-28T09:41:50.157+0000] {processor.py:208} INFO - Processing /opt/airflow/dags/env/Scripts/deep.exe took 0.048 seconds
[2025-03-28T09:42:21.204+0000] {processor.py:186} INFO - Started process (PID=1507) to work on /opt/airflow/dags/env/Scripts/deep.exe
[2025-03-28T09:42:21.205+0000] {processor.py:914} INFO - Processing file /opt/airflow/dags/env/Scripts/deep.exe for tasks to queue
[2025-03-28T09:42:21.207+0000] {logging_mixin.py:190} INFO - [2025-03-28T09:42:21.207+0000] {dagbag.py:588} INFO - Filling up the DagBag from /opt/airflow/dags/env/Scripts/deep.exe
[2025-03-28T09:42:21.221+0000] {logging_mixin.py:190} INFO - [2025-03-28T09:42:21.221+0000] {dagbag.py:435} INFO - File /opt/airflow/dags/env/Scripts/deep.exe:__main__.py assumed to contain no DAGs. Skipping.
[2025-03-28T09:42:21.222+0000] {processor.py:927} WARNING - No viable dags retrieved from /opt/airflow/dags/env/Scripts/deep.exe
[2025-03-28T09:42:21.246+0000] {processor.py:208} INFO - Processing /opt/airflow/dags/env/Scripts/deep.exe took 0.054 seconds
[2025-03-28T09:47:07.611+0000] {processor.py:186} INFO - Started process (PID=1519) to work on /opt/airflow/dags/env/Scripts/deep.exe
[2025-03-28T09:47:07.613+0000] {processor.py:914} INFO - Processing file /opt/airflow/dags/env/Scripts/deep.exe for tasks to queue
[2025-03-28T09:47:07.614+0000] {logging_mixin.py:190} INFO - [2025-03-28T09:47:07.614+0000] {dagbag.py:588} INFO - Filling up the DagBag from /opt/airflow/dags/env/Scripts/deep.exe
[2025-03-28T09:47:07.628+0000] {logging_mixin.py:190} INFO - [2025-03-28T09:47:07.628+0000] {dagbag.py:435} INFO - File /opt/airflow/dags/env/Scripts/deep.exe:__main__.py assumed to contain no DAGs. Skipping.
[2025-03-28T09:47:07.629+0000] {processor.py:927} WARNING - No viable dags retrieved from /opt/airflow/dags/env/Scripts/deep.exe
[2025-03-28T09:47:07.654+0000] {processor.py:208} INFO - Processing /opt/airflow/dags/env/Scripts/deep.exe took 0.055 seconds
[2025-03-28T09:52:12.859+0000] {processor.py:186} INFO - Started process (PID=1547) to work on /opt/airflow/dags/env/Scripts/deep.exe
[2025-03-28T09:52:12.861+0000] {processor.py:914} INFO - Processing file /opt/airflow/dags/env/Scripts/deep.exe for tasks to queue
[2025-03-28T09:52:12.864+0000] {logging_mixin.py:190} INFO - [2025-03-28T09:52:12.864+0000] {dagbag.py:588} INFO - Filling up the DagBag from /opt/airflow/dags/env/Scripts/deep.exe
[2025-03-28T09:52:12.888+0000] {logging_mixin.py:190} INFO - [2025-03-28T09:52:12.888+0000] {dagbag.py:435} INFO - File /opt/airflow/dags/env/Scripts/deep.exe:__main__.py assumed to contain no DAGs. Skipping.
[2025-03-28T09:52:12.890+0000] {processor.py:927} WARNING - No viable dags retrieved from /opt/airflow/dags/env/Scripts/deep.exe
[2025-03-28T09:52:12.932+0000] {processor.py:208} INFO - Processing /opt/airflow/dags/env/Scripts/deep.exe took 0.096 seconds
[2025-03-28T10:04:46.680+0000] {processor.py:186} INFO - Started process (PID=1572) to work on /opt/airflow/dags/env/Scripts/deep.exe
[2025-03-28T10:04:46.681+0000] {processor.py:914} INFO - Processing file /opt/airflow/dags/env/Scripts/deep.exe for tasks to queue
[2025-03-28T10:04:46.684+0000] {logging_mixin.py:190} INFO - [2025-03-28T10:04:46.683+0000] {dagbag.py:588} INFO - Filling up the DagBag from /opt/airflow/dags/env/Scripts/deep.exe
[2025-03-28T10:04:46.702+0000] {logging_mixin.py:190} INFO - [2025-03-28T10:04:46.702+0000] {dagbag.py:435} INFO - File /opt/airflow/dags/env/Scripts/deep.exe:__main__.py assumed to contain no DAGs. Skipping.
[2025-03-28T10:04:46.704+0000] {processor.py:927} WARNING - No viable dags retrieved from /opt/airflow/dags/env/Scripts/deep.exe
[2025-03-28T10:04:46.728+0000] {processor.py:208} INFO - Processing /opt/airflow/dags/env/Scripts/deep.exe took 0.064 seconds
[2025-03-28T10:09:23.968+0000] {processor.py:186} INFO - Started process (PID=1596) to work on /opt/airflow/dags/env/Scripts/deep.exe
[2025-03-28T10:09:23.970+0000] {processor.py:914} INFO - Processing file /opt/airflow/dags/env/Scripts/deep.exe for tasks to queue
[2025-03-28T10:09:23.972+0000] {logging_mixin.py:190} INFO - [2025-03-28T10:09:23.971+0000] {dagbag.py:588} INFO - Filling up the DagBag from /opt/airflow/dags/env/Scripts/deep.exe
[2025-03-28T10:09:23.986+0000] {logging_mixin.py:190} INFO - [2025-03-28T10:09:23.985+0000] {dagbag.py:435} INFO - File /opt/airflow/dags/env/Scripts/deep.exe:__main__.py assumed to contain no DAGs. Skipping.
[2025-03-28T10:09:23.987+0000] {processor.py:927} WARNING - No viable dags retrieved from /opt/airflow/dags/env/Scripts/deep.exe
[2025-03-28T10:09:24.007+0000] {processor.py:208} INFO - Processing /opt/airflow/dags/env/Scripts/deep.exe took 0.051 seconds
[2025-03-28T10:26:49.452+0000] {processor.py:186} INFO - Started process (PID=1621) to work on /opt/airflow/dags/env/Scripts/deep.exe
[2025-03-28T10:26:49.457+0000] {processor.py:914} INFO - Processing file /opt/airflow/dags/env/Scripts/deep.exe for tasks to queue
[2025-03-28T10:26:49.464+0000] {logging_mixin.py:190} INFO - [2025-03-28T10:26:49.462+0000] {dagbag.py:588} INFO - Filling up the DagBag from /opt/airflow/dags/env/Scripts/deep.exe
[2025-03-28T10:26:49.486+0000] {logging_mixin.py:190} INFO - [2025-03-28T10:26:49.486+0000] {dagbag.py:435} INFO - File /opt/airflow/dags/env/Scripts/deep.exe:__main__.py assumed to contain no DAGs. Skipping.
[2025-03-28T10:26:49.488+0000] {processor.py:927} WARNING - No viable dags retrieved from /opt/airflow/dags/env/Scripts/deep.exe
[2025-03-28T10:26:49.522+0000] {processor.py:208} INFO - Processing /opt/airflow/dags/env/Scripts/deep.exe took 0.096 seconds
[2025-03-28T10:31:12.439+0000] {processor.py:186} INFO - Started process (PID=1647) to work on /opt/airflow/dags/env/Scripts/deep.exe
[2025-03-28T10:31:12.441+0000] {processor.py:914} INFO - Processing file /opt/airflow/dags/env/Scripts/deep.exe for tasks to queue
[2025-03-28T10:31:12.444+0000] {logging_mixin.py:190} INFO - [2025-03-28T10:31:12.443+0000] {dagbag.py:588} INFO - Filling up the DagBag from /opt/airflow/dags/env/Scripts/deep.exe
[2025-03-28T10:31:12.458+0000] {logging_mixin.py:190} INFO - [2025-03-28T10:31:12.458+0000] {dagbag.py:435} INFO - File /opt/airflow/dags/env/Scripts/deep.exe:__main__.py assumed to contain no DAGs. Skipping.
[2025-03-28T10:31:12.460+0000] {processor.py:927} WARNING - No viable dags retrieved from /opt/airflow/dags/env/Scripts/deep.exe
[2025-03-28T10:31:12.493+0000] {processor.py:208} INFO - Processing /opt/airflow/dags/env/Scripts/deep.exe took 0.073 seconds
[2025-03-28T10:31:44.130+0000] {processor.py:186} INFO - Started process (PID=1671) to work on /opt/airflow/dags/env/Scripts/deep.exe
[2025-03-28T10:31:44.132+0000] {processor.py:914} INFO - Processing file /opt/airflow/dags/env/Scripts/deep.exe for tasks to queue
[2025-03-28T10:31:44.134+0000] {logging_mixin.py:190} INFO - [2025-03-28T10:31:44.133+0000] {dagbag.py:588} INFO - Filling up the DagBag from /opt/airflow/dags/env/Scripts/deep.exe
[2025-03-28T10:31:44.152+0000] {logging_mixin.py:190} INFO - [2025-03-28T10:31:44.152+0000] {dagbag.py:435} INFO - File /opt/airflow/dags/env/Scripts/deep.exe:__main__.py assumed to contain no DAGs. Skipping.
[2025-03-28T10:31:44.153+0000] {processor.py:927} WARNING - No viable dags retrieved from /opt/airflow/dags/env/Scripts/deep.exe
[2025-03-28T10:31:44.187+0000] {processor.py:208} INFO - Processing /opt/airflow/dags/env/Scripts/deep.exe took 0.074 seconds
[2025-03-28T10:32:14.815+0000] {processor.py:186} INFO - Started process (PID=1695) to work on /opt/airflow/dags/env/Scripts/deep.exe
[2025-03-28T10:32:14.817+0000] {processor.py:914} INFO - Processing file /opt/airflow/dags/env/Scripts/deep.exe for tasks to queue
[2025-03-28T10:32:14.819+0000] {logging_mixin.py:190} INFO - [2025-03-28T10:32:14.819+0000] {dagbag.py:588} INFO - Filling up the DagBag from /opt/airflow/dags/env/Scripts/deep.exe
[2025-03-28T10:32:14.835+0000] {logging_mixin.py:190} INFO - [2025-03-28T10:32:14.834+0000] {dagbag.py:435} INFO - File /opt/airflow/dags/env/Scripts/deep.exe:__main__.py assumed to contain no DAGs. Skipping.
[2025-03-28T10:32:14.836+0000] {processor.py:927} WARNING - No viable dags retrieved from /opt/airflow/dags/env/Scripts/deep.exe
[2025-03-28T10:32:14.865+0000] {processor.py:208} INFO - Processing /opt/airflow/dags/env/Scripts/deep.exe took 0.068 seconds
[2025-03-28T10:36:17.249+0000] {processor.py:186} INFO - Started process (PID=1701) to work on /opt/airflow/dags/env/Scripts/deep.exe
[2025-03-28T10:36:17.250+0000] {processor.py:914} INFO - Processing file /opt/airflow/dags/env/Scripts/deep.exe for tasks to queue
[2025-03-28T10:36:17.252+0000] {logging_mixin.py:190} INFO - [2025-03-28T10:36:17.252+0000] {dagbag.py:588} INFO - Filling up the DagBag from /opt/airflow/dags/env/Scripts/deep.exe
[2025-03-28T10:36:17.264+0000] {logging_mixin.py:190} INFO - [2025-03-28T10:36:17.264+0000] {dagbag.py:435} INFO - File /opt/airflow/dags/env/Scripts/deep.exe:__main__.py assumed to contain no DAGs. Skipping.
[2025-03-28T10:36:17.265+0000] {processor.py:927} WARNING - No viable dags retrieved from /opt/airflow/dags/env/Scripts/deep.exe
[2025-03-28T10:36:17.287+0000] {processor.py:208} INFO - Processing /opt/airflow/dags/env/Scripts/deep.exe took 0.050 seconds
[2025-03-28T10:36:58.231+0000] {processor.py:186} INFO - Started process (PID=1725) to work on /opt/airflow/dags/env/Scripts/deep.exe
[2025-03-28T10:36:58.234+0000] {processor.py:914} INFO - Processing file /opt/airflow/dags/env/Scripts/deep.exe for tasks to queue
[2025-03-28T10:36:58.237+0000] {logging_mixin.py:190} INFO - [2025-03-28T10:36:58.237+0000] {dagbag.py:588} INFO - Filling up the DagBag from /opt/airflow/dags/env/Scripts/deep.exe
[2025-03-28T10:36:58.262+0000] {logging_mixin.py:190} INFO - [2025-03-28T10:36:58.262+0000] {dagbag.py:435} INFO - File /opt/airflow/dags/env/Scripts/deep.exe:__main__.py assumed to contain no DAGs. Skipping.
[2025-03-28T10:36:58.265+0000] {processor.py:927} WARNING - No viable dags retrieved from /opt/airflow/dags/env/Scripts/deep.exe
[2025-03-28T10:36:58.311+0000] {processor.py:208} INFO - Processing /opt/airflow/dags/env/Scripts/deep.exe took 0.102 seconds
[2025-03-28T11:20:09.433+0000] {processor.py:186} INFO - Started process (PID=1745) to work on /opt/airflow/dags/env/Scripts/deep.exe
[2025-03-28T11:20:09.436+0000] {processor.py:914} INFO - Processing file /opt/airflow/dags/env/Scripts/deep.exe for tasks to queue
[2025-03-28T11:20:09.448+0000] {logging_mixin.py:190} INFO - [2025-03-28T11:20:09.448+0000] {dagbag.py:588} INFO - Filling up the DagBag from /opt/airflow/dags/env/Scripts/deep.exe
[2025-03-28T11:20:09.471+0000] {logging_mixin.py:190} INFO - [2025-03-28T11:20:09.471+0000] {dagbag.py:435} INFO - File /opt/airflow/dags/env/Scripts/deep.exe:__main__.py assumed to contain no DAGs. Skipping.
[2025-03-28T11:20:09.476+0000] {processor.py:927} WARNING - No viable dags retrieved from /opt/airflow/dags/env/Scripts/deep.exe
[2025-03-28T11:20:09.528+0000] {processor.py:208} INFO - Processing /opt/airflow/dags/env/Scripts/deep.exe took 0.126 seconds
[2025-03-28T11:52:42.400+0000] {processor.py:186} INFO - Started process (PID=1770) to work on /opt/airflow/dags/env/Scripts/deep.exe
[2025-03-28T11:52:42.402+0000] {processor.py:914} INFO - Processing file /opt/airflow/dags/env/Scripts/deep.exe for tasks to queue
[2025-03-28T11:52:42.403+0000] {logging_mixin.py:190} INFO - [2025-03-28T11:52:42.403+0000] {dagbag.py:588} INFO - Filling up the DagBag from /opt/airflow/dags/env/Scripts/deep.exe
[2025-03-28T11:52:42.414+0000] {logging_mixin.py:190} INFO - [2025-03-28T11:52:42.414+0000] {dagbag.py:435} INFO - File /opt/airflow/dags/env/Scripts/deep.exe:__main__.py assumed to contain no DAGs. Skipping.
[2025-03-28T11:52:42.415+0000] {processor.py:927} WARNING - No viable dags retrieved from /opt/airflow/dags/env/Scripts/deep.exe
[2025-03-28T11:52:42.436+0000] {processor.py:208} INFO - Processing /opt/airflow/dags/env/Scripts/deep.exe took 0.049 seconds
[2025-03-28T12:28:28.234+0000] {processor.py:186} INFO - Started process (PID=1793) to work on /opt/airflow/dags/env/Scripts/deep.exe
[2025-03-28T12:28:28.237+0000] {processor.py:914} INFO - Processing file /opt/airflow/dags/env/Scripts/deep.exe for tasks to queue
[2025-03-28T12:28:28.241+0000] {logging_mixin.py:190} INFO - [2025-03-28T12:28:28.240+0000] {dagbag.py:588} INFO - Filling up the DagBag from /opt/airflow/dags/env/Scripts/deep.exe
[2025-03-28T12:28:28.264+0000] {logging_mixin.py:190} INFO - [2025-03-28T12:28:28.264+0000] {dagbag.py:435} INFO - File /opt/airflow/dags/env/Scripts/deep.exe:__main__.py assumed to contain no DAGs. Skipping.
[2025-03-28T12:28:28.266+0000] {processor.py:927} WARNING - No viable dags retrieved from /opt/airflow/dags/env/Scripts/deep.exe
[2025-03-28T12:28:28.311+0000] {processor.py:208} INFO - Processing /opt/airflow/dags/env/Scripts/deep.exe took 0.107 seconds
[2025-03-28T12:52:25.914+0000] {processor.py:186} INFO - Started process (PID=1817) to work on /opt/airflow/dags/env/Scripts/deep.exe
[2025-03-28T12:52:25.916+0000] {processor.py:914} INFO - Processing file /opt/airflow/dags/env/Scripts/deep.exe for tasks to queue
[2025-03-28T12:52:25.917+0000] {logging_mixin.py:190} INFO - [2025-03-28T12:52:25.917+0000] {dagbag.py:588} INFO - Filling up the DagBag from /opt/airflow/dags/env/Scripts/deep.exe
[2025-03-28T12:52:25.928+0000] {logging_mixin.py:190} INFO - [2025-03-28T12:52:25.928+0000] {dagbag.py:435} INFO - File /opt/airflow/dags/env/Scripts/deep.exe:__main__.py assumed to contain no DAGs. Skipping.
[2025-03-28T12:52:25.930+0000] {processor.py:927} WARNING - No viable dags retrieved from /opt/airflow/dags/env/Scripts/deep.exe
[2025-03-28T12:52:25.953+0000] {processor.py:208} INFO - Processing /opt/airflow/dags/env/Scripts/deep.exe took 0.050 seconds
[2025-03-28T12:56:52.495+0000] {processor.py:186} INFO - Started process (PID=1843) to work on /opt/airflow/dags/env/Scripts/deep.exe
[2025-03-28T12:56:52.497+0000] {processor.py:914} INFO - Processing file /opt/airflow/dags/env/Scripts/deep.exe for tasks to queue
[2025-03-28T12:56:52.499+0000] {logging_mixin.py:190} INFO - [2025-03-28T12:56:52.499+0000] {dagbag.py:588} INFO - Filling up the DagBag from /opt/airflow/dags/env/Scripts/deep.exe
[2025-03-28T12:56:52.512+0000] {logging_mixin.py:190} INFO - [2025-03-28T12:56:52.512+0000] {dagbag.py:435} INFO - File /opt/airflow/dags/env/Scripts/deep.exe:__main__.py assumed to contain no DAGs. Skipping.
[2025-03-28T12:56:52.513+0000] {processor.py:927} WARNING - No viable dags retrieved from /opt/airflow/dags/env/Scripts/deep.exe
[2025-03-28T12:56:52.535+0000] {processor.py:208} INFO - Processing /opt/airflow/dags/env/Scripts/deep.exe took 0.051 seconds
[2025-03-28T12:57:23.633+0000] {processor.py:186} INFO - Started process (PID=1867) to work on /opt/airflow/dags/env/Scripts/deep.exe
[2025-03-28T12:57:23.635+0000] {processor.py:914} INFO - Processing file /opt/airflow/dags/env/Scripts/deep.exe for tasks to queue
[2025-03-28T12:57:23.636+0000] {logging_mixin.py:190} INFO - [2025-03-28T12:57:23.636+0000] {dagbag.py:588} INFO - Filling up the DagBag from /opt/airflow/dags/env/Scripts/deep.exe
[2025-03-28T12:57:23.650+0000] {logging_mixin.py:190} INFO - [2025-03-28T12:57:23.650+0000] {dagbag.py:435} INFO - File /opt/airflow/dags/env/Scripts/deep.exe:__main__.py assumed to contain no DAGs. Skipping.
[2025-03-28T12:57:23.651+0000] {processor.py:927} WARNING - No viable dags retrieved from /opt/airflow/dags/env/Scripts/deep.exe
[2025-03-28T12:57:23.672+0000] {processor.py:208} INFO - Processing /opt/airflow/dags/env/Scripts/deep.exe took 0.051 seconds
[2025-03-28T12:57:54.017+0000] {processor.py:186} INFO - Started process (PID=1891) to work on /opt/airflow/dags/env/Scripts/deep.exe
[2025-03-28T12:57:54.018+0000] {processor.py:914} INFO - Processing file /opt/airflow/dags/env/Scripts/deep.exe for tasks to queue
[2025-03-28T12:57:54.020+0000] {logging_mixin.py:190} INFO - [2025-03-28T12:57:54.019+0000] {dagbag.py:588} INFO - Filling up the DagBag from /opt/airflow/dags/env/Scripts/deep.exe
[2025-03-28T12:57:54.033+0000] {logging_mixin.py:190} INFO - [2025-03-28T12:57:54.032+0000] {dagbag.py:435} INFO - File /opt/airflow/dags/env/Scripts/deep.exe:__main__.py assumed to contain no DAGs. Skipping.
[2025-03-28T12:57:54.033+0000] {processor.py:927} WARNING - No viable dags retrieved from /opt/airflow/dags/env/Scripts/deep.exe
[2025-03-28T12:57:54.057+0000] {processor.py:208} INFO - Processing /opt/airflow/dags/env/Scripts/deep.exe took 0.052 seconds
[2025-03-28T13:01:54.302+0000] {processor.py:186} INFO - Started process (PID=1896) to work on /opt/airflow/dags/env/Scripts/deep.exe
[2025-03-28T13:01:54.304+0000] {processor.py:914} INFO - Processing file /opt/airflow/dags/env/Scripts/deep.exe for tasks to queue
[2025-03-28T13:01:54.306+0000] {logging_mixin.py:190} INFO - [2025-03-28T13:01:54.305+0000] {dagbag.py:588} INFO - Filling up the DagBag from /opt/airflow/dags/env/Scripts/deep.exe
[2025-03-28T13:01:54.323+0000] {logging_mixin.py:190} INFO - [2025-03-28T13:01:54.323+0000] {dagbag.py:435} INFO - File /opt/airflow/dags/env/Scripts/deep.exe:__main__.py assumed to contain no DAGs. Skipping.
[2025-03-28T13:01:54.325+0000] {processor.py:927} WARNING - No viable dags retrieved from /opt/airflow/dags/env/Scripts/deep.exe
[2025-03-28T13:01:54.353+0000] {processor.py:208} INFO - Processing /opt/airflow/dags/env/Scripts/deep.exe took 0.065 seconds
[2025-03-28T13:02:25.480+0000] {processor.py:186} INFO - Started process (PID=1920) to work on /opt/airflow/dags/env/Scripts/deep.exe
[2025-03-28T13:02:25.482+0000] {processor.py:914} INFO - Processing file /opt/airflow/dags/env/Scripts/deep.exe for tasks to queue
[2025-03-28T13:02:25.484+0000] {logging_mixin.py:190} INFO - [2025-03-28T13:02:25.483+0000] {dagbag.py:588} INFO - Filling up the DagBag from /opt/airflow/dags/env/Scripts/deep.exe
[2025-03-28T13:02:25.499+0000] {logging_mixin.py:190} INFO - [2025-03-28T13:02:25.498+0000] {dagbag.py:435} INFO - File /opt/airflow/dags/env/Scripts/deep.exe:__main__.py assumed to contain no DAGs. Skipping.
[2025-03-28T13:02:25.500+0000] {processor.py:927} WARNING - No viable dags retrieved from /opt/airflow/dags/env/Scripts/deep.exe
[2025-03-28T13:02:25.527+0000] {processor.py:208} INFO - Processing /opt/airflow/dags/env/Scripts/deep.exe took 0.060 seconds
[2025-03-28T13:06:52.084+0000] {processor.py:186} INFO - Started process (PID=1947) to work on /opt/airflow/dags/env/Scripts/deep.exe
[2025-03-28T13:06:52.085+0000] {processor.py:914} INFO - Processing file /opt/airflow/dags/env/Scripts/deep.exe for tasks to queue
[2025-03-28T13:06:52.087+0000] {logging_mixin.py:190} INFO - [2025-03-28T13:06:52.087+0000] {dagbag.py:588} INFO - Filling up the DagBag from /opt/airflow/dags/env/Scripts/deep.exe
[2025-03-28T13:06:52.102+0000] {logging_mixin.py:190} INFO - [2025-03-28T13:06:52.101+0000] {dagbag.py:435} INFO - File /opt/airflow/dags/env/Scripts/deep.exe:__main__.py assumed to contain no DAGs. Skipping.
[2025-03-28T13:06:52.103+0000] {processor.py:927} WARNING - No viable dags retrieved from /opt/airflow/dags/env/Scripts/deep.exe
[2025-03-28T13:06:52.127+0000] {processor.py:208} INFO - Processing /opt/airflow/dags/env/Scripts/deep.exe took 0.060 seconds
[2025-03-28T13:07:22.578+0000] {processor.py:186} INFO - Started process (PID=1971) to work on /opt/airflow/dags/env/Scripts/deep.exe
[2025-03-28T13:07:22.581+0000] {processor.py:914} INFO - Processing file /opt/airflow/dags/env/Scripts/deep.exe for tasks to queue
[2025-03-28T13:07:22.585+0000] {logging_mixin.py:190} INFO - [2025-03-28T13:07:22.584+0000] {dagbag.py:588} INFO - Filling up the DagBag from /opt/airflow/dags/env/Scripts/deep.exe
[2025-03-28T13:07:22.624+0000] {logging_mixin.py:190} INFO - [2025-03-28T13:07:22.624+0000] {dagbag.py:435} INFO - File /opt/airflow/dags/env/Scripts/deep.exe:__main__.py assumed to contain no DAGs. Skipping.
[2025-03-28T13:07:22.626+0000] {processor.py:927} WARNING - No viable dags retrieved from /opt/airflow/dags/env/Scripts/deep.exe
[2025-03-28T13:07:22.678+0000] {processor.py:208} INFO - Processing /opt/airflow/dags/env/Scripts/deep.exe took 0.130 seconds
[2025-03-28T13:07:53.054+0000] {processor.py:186} INFO - Started process (PID=1995) to work on /opt/airflow/dags/env/Scripts/deep.exe
[2025-03-28T13:07:53.055+0000] {processor.py:914} INFO - Processing file /opt/airflow/dags/env/Scripts/deep.exe for tasks to queue
[2025-03-28T13:07:53.058+0000] {logging_mixin.py:190} INFO - [2025-03-28T13:07:53.057+0000] {dagbag.py:588} INFO - Filling up the DagBag from /opt/airflow/dags/env/Scripts/deep.exe
[2025-03-28T13:07:53.072+0000] {logging_mixin.py:190} INFO - [2025-03-28T13:07:53.072+0000] {dagbag.py:435} INFO - File /opt/airflow/dags/env/Scripts/deep.exe:__main__.py assumed to contain no DAGs. Skipping.
[2025-03-28T13:07:53.074+0000] {processor.py:927} WARNING - No viable dags retrieved from /opt/airflow/dags/env/Scripts/deep.exe
[2025-03-28T13:07:53.101+0000] {processor.py:208} INFO - Processing /opt/airflow/dags/env/Scripts/deep.exe took 0.062 seconds
[2025-03-28T13:11:49.559+0000] {processor.py:186} INFO - Started process (PID=2001) to work on /opt/airflow/dags/env/Scripts/deep.exe
[2025-03-28T13:11:49.561+0000] {processor.py:914} INFO - Processing file /opt/airflow/dags/env/Scripts/deep.exe for tasks to queue
[2025-03-28T13:11:49.563+0000] {logging_mixin.py:190} INFO - [2025-03-28T13:11:49.563+0000] {dagbag.py:588} INFO - Filling up the DagBag from /opt/airflow/dags/env/Scripts/deep.exe
[2025-03-28T13:11:49.581+0000] {logging_mixin.py:190} INFO - [2025-03-28T13:11:49.580+0000] {dagbag.py:435} INFO - File /opt/airflow/dags/env/Scripts/deep.exe:__main__.py assumed to contain no DAGs. Skipping.
[2025-03-28T13:11:49.582+0000] {processor.py:927} WARNING - No viable dags retrieved from /opt/airflow/dags/env/Scripts/deep.exe
[2025-03-28T13:11:49.608+0000] {processor.py:208} INFO - Processing /opt/airflow/dags/env/Scripts/deep.exe took 0.068 seconds
[2025-03-28T13:12:20.225+0000] {processor.py:186} INFO - Started process (PID=2025) to work on /opt/airflow/dags/env/Scripts/deep.exe
[2025-03-28T13:12:20.226+0000] {processor.py:914} INFO - Processing file /opt/airflow/dags/env/Scripts/deep.exe for tasks to queue
[2025-03-28T13:12:20.228+0000] {logging_mixin.py:190} INFO - [2025-03-28T13:12:20.228+0000] {dagbag.py:588} INFO - Filling up the DagBag from /opt/airflow/dags/env/Scripts/deep.exe
[2025-03-28T13:12:20.245+0000] {logging_mixin.py:190} INFO - [2025-03-28T13:12:20.245+0000] {dagbag.py:435} INFO - File /opt/airflow/dags/env/Scripts/deep.exe:__main__.py assumed to contain no DAGs. Skipping.
[2025-03-28T13:12:20.246+0000] {processor.py:927} WARNING - No viable dags retrieved from /opt/airflow/dags/env/Scripts/deep.exe
[2025-03-28T13:12:20.270+0000] {processor.py:208} INFO - Processing /opt/airflow/dags/env/Scripts/deep.exe took 0.064 seconds
[2025-03-28T13:12:50.856+0000] {processor.py:186} INFO - Started process (PID=2049) to work on /opt/airflow/dags/env/Scripts/deep.exe
[2025-03-28T13:12:50.858+0000] {processor.py:914} INFO - Processing file /opt/airflow/dags/env/Scripts/deep.exe for tasks to queue
[2025-03-28T13:12:50.861+0000] {logging_mixin.py:190} INFO - [2025-03-28T13:12:50.860+0000] {dagbag.py:588} INFO - Filling up the DagBag from /opt/airflow/dags/env/Scripts/deep.exe
[2025-03-28T13:12:50.875+0000] {logging_mixin.py:190} INFO - [2025-03-28T13:12:50.875+0000] {dagbag.py:435} INFO - File /opt/airflow/dags/env/Scripts/deep.exe:__main__.py assumed to contain no DAGs. Skipping.
[2025-03-28T13:12:50.876+0000] {processor.py:927} WARNING - No viable dags retrieved from /opt/airflow/dags/env/Scripts/deep.exe
[2025-03-28T13:12:50.899+0000] {processor.py:208} INFO - Processing /opt/airflow/dags/env/Scripts/deep.exe took 0.060 seconds
[2025-03-28T13:16:54.380+0000] {processor.py:186} INFO - Started process (PID=2057) to work on /opt/airflow/dags/env/Scripts/deep.exe
[2025-03-28T13:16:54.381+0000] {processor.py:914} INFO - Processing file /opt/airflow/dags/env/Scripts/deep.exe for tasks to queue
[2025-03-28T13:16:54.383+0000] {logging_mixin.py:190} INFO - [2025-03-28T13:16:54.382+0000] {dagbag.py:588} INFO - Filling up the DagBag from /opt/airflow/dags/env/Scripts/deep.exe
[2025-03-28T13:16:54.394+0000] {logging_mixin.py:190} INFO - [2025-03-28T13:16:54.394+0000] {dagbag.py:435} INFO - File /opt/airflow/dags/env/Scripts/deep.exe:__main__.py assumed to contain no DAGs. Skipping.
[2025-03-28T13:16:54.395+0000] {processor.py:927} WARNING - No viable dags retrieved from /opt/airflow/dags/env/Scripts/deep.exe
[2025-03-28T13:16:54.417+0000] {processor.py:208} INFO - Processing /opt/airflow/dags/env/Scripts/deep.exe took 0.048 seconds
[2025-03-28T13:17:25.102+0000] {processor.py:186} INFO - Started process (PID=2081) to work on /opt/airflow/dags/env/Scripts/deep.exe
[2025-03-28T13:17:25.104+0000] {processor.py:914} INFO - Processing file /opt/airflow/dags/env/Scripts/deep.exe for tasks to queue
[2025-03-28T13:17:25.105+0000] {logging_mixin.py:190} INFO - [2025-03-28T13:17:25.105+0000] {dagbag.py:588} INFO - Filling up the DagBag from /opt/airflow/dags/env/Scripts/deep.exe
[2025-03-28T13:17:25.121+0000] {logging_mixin.py:190} INFO - [2025-03-28T13:17:25.121+0000] {dagbag.py:435} INFO - File /opt/airflow/dags/env/Scripts/deep.exe:__main__.py assumed to contain no DAGs. Skipping.
[2025-03-28T13:17:25.122+0000] {processor.py:927} WARNING - No viable dags retrieved from /opt/airflow/dags/env/Scripts/deep.exe
[2025-03-28T13:17:25.149+0000] {processor.py:208} INFO - Processing /opt/airflow/dags/env/Scripts/deep.exe took 0.058 seconds
[2025-03-28T13:21:54.518+0000] {processor.py:186} INFO - Started process (PID=2109) to work on /opt/airflow/dags/env/Scripts/deep.exe
[2025-03-28T13:21:54.520+0000] {processor.py:914} INFO - Processing file /opt/airflow/dags/env/Scripts/deep.exe for tasks to queue
[2025-03-28T13:21:54.523+0000] {logging_mixin.py:190} INFO - [2025-03-28T13:21:54.522+0000] {dagbag.py:588} INFO - Filling up the DagBag from /opt/airflow/dags/env/Scripts/deep.exe
[2025-03-28T13:21:54.542+0000] {logging_mixin.py:190} INFO - [2025-03-28T13:21:54.542+0000] {dagbag.py:435} INFO - File /opt/airflow/dags/env/Scripts/deep.exe:__main__.py assumed to contain no DAGs. Skipping.
[2025-03-28T13:21:54.544+0000] {processor.py:927} WARNING - No viable dags retrieved from /opt/airflow/dags/env/Scripts/deep.exe
[2025-03-28T13:21:54.573+0000] {processor.py:208} INFO - Processing /opt/airflow/dags/env/Scripts/deep.exe took 0.074 seconds
[2025-03-28T13:22:25.778+0000] {processor.py:186} INFO - Started process (PID=2133) to work on /opt/airflow/dags/env/Scripts/deep.exe
[2025-03-28T13:22:25.779+0000] {processor.py:914} INFO - Processing file /opt/airflow/dags/env/Scripts/deep.exe for tasks to queue
[2025-03-28T13:22:25.781+0000] {logging_mixin.py:190} INFO - [2025-03-28T13:22:25.781+0000] {dagbag.py:588} INFO - Filling up the DagBag from /opt/airflow/dags/env/Scripts/deep.exe
[2025-03-28T13:22:25.794+0000] {logging_mixin.py:190} INFO - [2025-03-28T13:22:25.793+0000] {dagbag.py:435} INFO - File /opt/airflow/dags/env/Scripts/deep.exe:__main__.py assumed to contain no DAGs. Skipping.
[2025-03-28T13:22:25.795+0000] {processor.py:927} WARNING - No viable dags retrieved from /opt/airflow/dags/env/Scripts/deep.exe
[2025-03-28T13:22:25.817+0000] {processor.py:208} INFO - Processing /opt/airflow/dags/env/Scripts/deep.exe took 0.052 seconds
[2025-03-28T13:26:50.623+0000] {processor.py:186} INFO - Started process (PID=2161) to work on /opt/airflow/dags/env/Scripts/deep.exe
[2025-03-28T13:26:50.624+0000] {processor.py:914} INFO - Processing file /opt/airflow/dags/env/Scripts/deep.exe for tasks to queue
[2025-03-28T13:26:50.626+0000] {logging_mixin.py:190} INFO - [2025-03-28T13:26:50.625+0000] {dagbag.py:588} INFO - Filling up the DagBag from /opt/airflow/dags/env/Scripts/deep.exe
[2025-03-28T13:26:50.638+0000] {logging_mixin.py:190} INFO - [2025-03-28T13:26:50.638+0000] {dagbag.py:435} INFO - File /opt/airflow/dags/env/Scripts/deep.exe:__main__.py assumed to contain no DAGs. Skipping.
[2025-03-28T13:26:50.639+0000] {processor.py:927} WARNING - No viable dags retrieved from /opt/airflow/dags/env/Scripts/deep.exe
[2025-03-28T13:26:50.661+0000] {processor.py:208} INFO - Processing /opt/airflow/dags/env/Scripts/deep.exe took 0.050 seconds
[2025-03-28T13:27:21.395+0000] {processor.py:186} INFO - Started process (PID=2185) to work on /opt/airflow/dags/env/Scripts/deep.exe
[2025-03-28T13:27:21.397+0000] {processor.py:914} INFO - Processing file /opt/airflow/dags/env/Scripts/deep.exe for tasks to queue
[2025-03-28T13:27:21.400+0000] {logging_mixin.py:190} INFO - [2025-03-28T13:27:21.399+0000] {dagbag.py:588} INFO - Filling up the DagBag from /opt/airflow/dags/env/Scripts/deep.exe
[2025-03-28T13:27:21.423+0000] {logging_mixin.py:190} INFO - [2025-03-28T13:27:21.422+0000] {dagbag.py:435} INFO - File /opt/airflow/dags/env/Scripts/deep.exe:__main__.py assumed to contain no DAGs. Skipping.
[2025-03-28T13:27:21.425+0000] {processor.py:927} WARNING - No viable dags retrieved from /opt/airflow/dags/env/Scripts/deep.exe
[2025-03-28T13:27:21.457+0000] {processor.py:208} INFO - Processing /opt/airflow/dags/env/Scripts/deep.exe took 0.078 seconds
[2025-03-28T13:27:52.798+0000] {processor.py:186} INFO - Started process (PID=2209) to work on /opt/airflow/dags/env/Scripts/deep.exe
[2025-03-28T13:27:52.799+0000] {processor.py:914} INFO - Processing file /opt/airflow/dags/env/Scripts/deep.exe for tasks to queue
[2025-03-28T13:27:52.801+0000] {logging_mixin.py:190} INFO - [2025-03-28T13:27:52.800+0000] {dagbag.py:588} INFO - Filling up the DagBag from /opt/airflow/dags/env/Scripts/deep.exe
[2025-03-28T13:27:52.814+0000] {logging_mixin.py:190} INFO - [2025-03-28T13:27:52.814+0000] {dagbag.py:435} INFO - File /opt/airflow/dags/env/Scripts/deep.exe:__main__.py assumed to contain no DAGs. Skipping.
[2025-03-28T13:27:52.815+0000] {processor.py:927} WARNING - No viable dags retrieved from /opt/airflow/dags/env/Scripts/deep.exe
[2025-03-28T13:27:52.832+0000] {processor.py:208} INFO - Processing /opt/airflow/dags/env/Scripts/deep.exe took 0.223 seconds
[2025-03-28T13:31:53.179+0000] {processor.py:186} INFO - Started process (PID=2217) to work on /opt/airflow/dags/env/Scripts/deep.exe
[2025-03-28T13:31:53.180+0000] {processor.py:914} INFO - Processing file /opt/airflow/dags/env/Scripts/deep.exe for tasks to queue
[2025-03-28T13:31:53.182+0000] {logging_mixin.py:190} INFO - [2025-03-28T13:31:53.181+0000] {dagbag.py:588} INFO - Filling up the DagBag from /opt/airflow/dags/env/Scripts/deep.exe
[2025-03-28T13:31:53.193+0000] {logging_mixin.py:190} INFO - [2025-03-28T13:31:53.193+0000] {dagbag.py:435} INFO - File /opt/airflow/dags/env/Scripts/deep.exe:__main__.py assumed to contain no DAGs. Skipping.
[2025-03-28T13:31:53.194+0000] {processor.py:927} WARNING - No viable dags retrieved from /opt/airflow/dags/env/Scripts/deep.exe
[2025-03-28T13:31:53.216+0000] {processor.py:208} INFO - Processing /opt/airflow/dags/env/Scripts/deep.exe took 0.048 seconds
[2025-03-28T13:32:23.928+0000] {processor.py:186} INFO - Started process (PID=2241) to work on /opt/airflow/dags/env/Scripts/deep.exe
[2025-03-28T13:32:23.929+0000] {processor.py:914} INFO - Processing file /opt/airflow/dags/env/Scripts/deep.exe for tasks to queue
[2025-03-28T13:32:23.931+0000] {logging_mixin.py:190} INFO - [2025-03-28T13:32:23.931+0000] {dagbag.py:588} INFO - Filling up the DagBag from /opt/airflow/dags/env/Scripts/deep.exe
[2025-03-28T13:32:23.945+0000] {logging_mixin.py:190} INFO - [2025-03-28T13:32:23.945+0000] {dagbag.py:435} INFO - File /opt/airflow/dags/env/Scripts/deep.exe:__main__.py assumed to contain no DAGs. Skipping.
[2025-03-28T13:32:23.946+0000] {processor.py:927} WARNING - No viable dags retrieved from /opt/airflow/dags/env/Scripts/deep.exe
[2025-03-28T13:32:23.972+0000] {processor.py:208} INFO - Processing /opt/airflow/dags/env/Scripts/deep.exe took 0.060 seconds
[2025-03-28T13:32:54.305+0000] {processor.py:186} INFO - Started process (PID=2265) to work on /opt/airflow/dags/env/Scripts/deep.exe
[2025-03-28T13:32:54.307+0000] {processor.py:914} INFO - Processing file /opt/airflow/dags/env/Scripts/deep.exe for tasks to queue
[2025-03-28T13:32:54.309+0000] {logging_mixin.py:190} INFO - [2025-03-28T13:32:54.308+0000] {dagbag.py:588} INFO - Filling up the DagBag from /opt/airflow/dags/env/Scripts/deep.exe
[2025-03-28T13:32:54.324+0000] {logging_mixin.py:190} INFO - [2025-03-28T13:32:54.324+0000] {dagbag.py:435} INFO - File /opt/airflow/dags/env/Scripts/deep.exe:__main__.py assumed to contain no DAGs. Skipping.
[2025-03-28T13:32:54.326+0000] {processor.py:927} WARNING - No viable dags retrieved from /opt/airflow/dags/env/Scripts/deep.exe
[2025-03-28T13:32:54.354+0000] {processor.py:208} INFO - Processing /opt/airflow/dags/env/Scripts/deep.exe took 0.067 seconds
[2025-03-28T13:36:56.431+0000] {processor.py:186} INFO - Started process (PID=2271) to work on /opt/airflow/dags/env/Scripts/deep.exe
[2025-03-28T13:36:56.432+0000] {processor.py:914} INFO - Processing file /opt/airflow/dags/env/Scripts/deep.exe for tasks to queue
[2025-03-28T13:36:56.434+0000] {logging_mixin.py:190} INFO - [2025-03-28T13:36:56.433+0000] {dagbag.py:588} INFO - Filling up the DagBag from /opt/airflow/dags/env/Scripts/deep.exe
[2025-03-28T13:36:56.447+0000] {logging_mixin.py:190} INFO - [2025-03-28T13:36:56.447+0000] {dagbag.py:435} INFO - File /opt/airflow/dags/env/Scripts/deep.exe:__main__.py assumed to contain no DAGs. Skipping.
[2025-03-28T13:36:56.448+0000] {processor.py:927} WARNING - No viable dags retrieved from /opt/airflow/dags/env/Scripts/deep.exe
[2025-03-28T13:36:56.468+0000] {processor.py:208} INFO - Processing /opt/airflow/dags/env/Scripts/deep.exe took 0.052 seconds
[2025-03-28T13:37:27.075+0000] {processor.py:186} INFO - Started process (PID=2295) to work on /opt/airflow/dags/env/Scripts/deep.exe
[2025-03-28T13:37:27.076+0000] {processor.py:914} INFO - Processing file /opt/airflow/dags/env/Scripts/deep.exe for tasks to queue
[2025-03-28T13:37:27.078+0000] {logging_mixin.py:190} INFO - [2025-03-28T13:37:27.077+0000] {dagbag.py:588} INFO - Filling up the DagBag from /opt/airflow/dags/env/Scripts/deep.exe
[2025-03-28T13:37:27.089+0000] {logging_mixin.py:190} INFO - [2025-03-28T13:37:27.089+0000] {dagbag.py:435} INFO - File /opt/airflow/dags/env/Scripts/deep.exe:__main__.py assumed to contain no DAGs. Skipping.
[2025-03-28T13:37:27.090+0000] {processor.py:927} WARNING - No viable dags retrieved from /opt/airflow/dags/env/Scripts/deep.exe
[2025-03-28T13:37:27.113+0000] {processor.py:208} INFO - Processing /opt/airflow/dags/env/Scripts/deep.exe took 0.050 seconds
[2025-03-28T13:41:51.197+0000] {processor.py:186} INFO - Started process (PID=2322) to work on /opt/airflow/dags/env/Scripts/deep.exe
[2025-03-28T13:41:51.198+0000] {processor.py:914} INFO - Processing file /opt/airflow/dags/env/Scripts/deep.exe for tasks to queue
[2025-03-28T13:41:51.200+0000] {logging_mixin.py:190} INFO - [2025-03-28T13:41:51.199+0000] {dagbag.py:588} INFO - Filling up the DagBag from /opt/airflow/dags/env/Scripts/deep.exe
[2025-03-28T13:41:51.212+0000] {logging_mixin.py:190} INFO - [2025-03-28T13:41:51.212+0000] {dagbag.py:435} INFO - File /opt/airflow/dags/env/Scripts/deep.exe:__main__.py assumed to contain no DAGs. Skipping.
[2025-03-28T13:41:51.213+0000] {processor.py:927} WARNING - No viable dags retrieved from /opt/airflow/dags/env/Scripts/deep.exe
[2025-03-28T13:41:51.235+0000] {processor.py:208} INFO - Processing /opt/airflow/dags/env/Scripts/deep.exe took 0.050 seconds
[2025-03-28T13:42:22.527+0000] {processor.py:186} INFO - Started process (PID=2346) to work on /opt/airflow/dags/env/Scripts/deep.exe
[2025-03-28T13:42:22.528+0000] {processor.py:914} INFO - Processing file /opt/airflow/dags/env/Scripts/deep.exe for tasks to queue
[2025-03-28T13:42:22.530+0000] {logging_mixin.py:190} INFO - [2025-03-28T13:42:22.530+0000] {dagbag.py:588} INFO - Filling up the DagBag from /opt/airflow/dags/env/Scripts/deep.exe
[2025-03-28T13:42:22.543+0000] {logging_mixin.py:190} INFO - [2025-03-28T13:42:22.543+0000] {dagbag.py:435} INFO - File /opt/airflow/dags/env/Scripts/deep.exe:__main__.py assumed to contain no DAGs. Skipping.
[2025-03-28T13:42:22.544+0000] {processor.py:927} WARNING - No viable dags retrieved from /opt/airflow/dags/env/Scripts/deep.exe
[2025-03-28T13:42:22.566+0000] {processor.py:208} INFO - Processing /opt/airflow/dags/env/Scripts/deep.exe took 0.051 seconds
[2025-03-28T13:42:52.797+0000] {processor.py:186} INFO - Started process (PID=2370) to work on /opt/airflow/dags/env/Scripts/deep.exe
[2025-03-28T13:42:52.798+0000] {processor.py:914} INFO - Processing file /opt/airflow/dags/env/Scripts/deep.exe for tasks to queue
[2025-03-28T13:42:52.800+0000] {logging_mixin.py:190} INFO - [2025-03-28T13:42:52.799+0000] {dagbag.py:588} INFO - Filling up the DagBag from /opt/airflow/dags/env/Scripts/deep.exe
[2025-03-28T13:42:52.813+0000] {logging_mixin.py:190} INFO - [2025-03-28T13:42:52.813+0000] {dagbag.py:435} INFO - File /opt/airflow/dags/env/Scripts/deep.exe:__main__.py assumed to contain no DAGs. Skipping.
[2025-03-28T13:42:52.815+0000] {processor.py:927} WARNING - No viable dags retrieved from /opt/airflow/dags/env/Scripts/deep.exe
[2025-03-28T13:42:52.842+0000] {processor.py:208} INFO - Processing /opt/airflow/dags/env/Scripts/deep.exe took 0.061 seconds
[2025-03-28T13:46:50.360+0000] {processor.py:186} INFO - Started process (PID=2377) to work on /opt/airflow/dags/env/Scripts/deep.exe
[2025-03-28T13:46:50.361+0000] {processor.py:914} INFO - Processing file /opt/airflow/dags/env/Scripts/deep.exe for tasks to queue
[2025-03-28T13:46:50.363+0000] {logging_mixin.py:190} INFO - [2025-03-28T13:46:50.362+0000] {dagbag.py:588} INFO - Filling up the DagBag from /opt/airflow/dags/env/Scripts/deep.exe
[2025-03-28T13:46:50.376+0000] {logging_mixin.py:190} INFO - [2025-03-28T13:46:50.376+0000] {dagbag.py:435} INFO - File /opt/airflow/dags/env/Scripts/deep.exe:__main__.py assumed to contain no DAGs. Skipping.
[2025-03-28T13:46:50.377+0000] {processor.py:927} WARNING - No viable dags retrieved from /opt/airflow/dags/env/Scripts/deep.exe
[2025-03-28T13:46:50.404+0000] {processor.py:208} INFO - Processing /opt/airflow/dags/env/Scripts/deep.exe took 0.057 seconds
[2025-03-28T13:47:20.975+0000] {processor.py:186} INFO - Started process (PID=2401) to work on /opt/airflow/dags/env/Scripts/deep.exe
[2025-03-28T13:47:20.976+0000] {processor.py:914} INFO - Processing file /opt/airflow/dags/env/Scripts/deep.exe for tasks to queue
[2025-03-28T13:47:20.978+0000] {logging_mixin.py:190} INFO - [2025-03-28T13:47:20.978+0000] {dagbag.py:588} INFO - Filling up the DagBag from /opt/airflow/dags/env/Scripts/deep.exe
[2025-03-28T13:47:20.990+0000] {logging_mixin.py:190} INFO - [2025-03-28T13:47:20.990+0000] {dagbag.py:435} INFO - File /opt/airflow/dags/env/Scripts/deep.exe:__main__.py assumed to contain no DAGs. Skipping.
[2025-03-28T13:47:20.991+0000] {processor.py:927} WARNING - No viable dags retrieved from /opt/airflow/dags/env/Scripts/deep.exe
[2025-03-28T13:47:21.013+0000] {processor.py:208} INFO - Processing /opt/airflow/dags/env/Scripts/deep.exe took 0.052 seconds
[2025-03-28T13:47:51.673+0000] {processor.py:186} INFO - Started process (PID=2425) to work on /opt/airflow/dags/env/Scripts/deep.exe
[2025-03-28T13:47:51.674+0000] {processor.py:914} INFO - Processing file /opt/airflow/dags/env/Scripts/deep.exe for tasks to queue
[2025-03-28T13:47:51.676+0000] {logging_mixin.py:190} INFO - [2025-03-28T13:47:51.675+0000] {dagbag.py:588} INFO - Filling up the DagBag from /opt/airflow/dags/env/Scripts/deep.exe
[2025-03-28T13:47:51.696+0000] {logging_mixin.py:190} INFO - [2025-03-28T13:47:51.695+0000] {dagbag.py:435} INFO - File /opt/airflow/dags/env/Scripts/deep.exe:__main__.py assumed to contain no DAGs. Skipping.
[2025-03-28T13:47:51.697+0000] {processor.py:927} WARNING - No viable dags retrieved from /opt/airflow/dags/env/Scripts/deep.exe
[2025-03-28T13:47:51.731+0000] {processor.py:208} INFO - Processing /opt/airflow/dags/env/Scripts/deep.exe took 0.072 seconds
[2025-03-28T13:51:53.055+0000] {processor.py:186} INFO - Started process (PID=2435) to work on /opt/airflow/dags/env/Scripts/deep.exe
[2025-03-28T13:51:53.057+0000] {processor.py:914} INFO - Processing file /opt/airflow/dags/env/Scripts/deep.exe for tasks to queue
[2025-03-28T13:51:53.058+0000] {logging_mixin.py:190} INFO - [2025-03-28T13:51:53.058+0000] {dagbag.py:588} INFO - Filling up the DagBag from /opt/airflow/dags/env/Scripts/deep.exe
[2025-03-28T13:51:53.071+0000] {logging_mixin.py:190} INFO - [2025-03-28T13:51:53.071+0000] {dagbag.py:435} INFO - File /opt/airflow/dags/env/Scripts/deep.exe:__main__.py assumed to contain no DAGs. Skipping.
[2025-03-28T13:51:53.072+0000] {processor.py:927} WARNING - No viable dags retrieved from /opt/airflow/dags/env/Scripts/deep.exe
[2025-03-28T13:51:53.098+0000] {processor.py:208} INFO - Processing /opt/airflow/dags/env/Scripts/deep.exe took 0.054 seconds
[2025-03-28T13:52:24.301+0000] {processor.py:186} INFO - Started process (PID=2459) to work on /opt/airflow/dags/env/Scripts/deep.exe
[2025-03-28T13:52:24.302+0000] {processor.py:914} INFO - Processing file /opt/airflow/dags/env/Scripts/deep.exe for tasks to queue
[2025-03-28T13:52:24.305+0000] {logging_mixin.py:190} INFO - [2025-03-28T13:52:24.304+0000] {dagbag.py:588} INFO - Filling up the DagBag from /opt/airflow/dags/env/Scripts/deep.exe
[2025-03-28T13:52:24.317+0000] {logging_mixin.py:190} INFO - [2025-03-28T13:52:24.316+0000] {dagbag.py:435} INFO - File /opt/airflow/dags/env/Scripts/deep.exe:__main__.py assumed to contain no DAGs. Skipping.
[2025-03-28T13:52:24.318+0000] {processor.py:927} WARNING - No viable dags retrieved from /opt/airflow/dags/env/Scripts/deep.exe
[2025-03-28T13:52:24.344+0000] {processor.py:208} INFO - Processing /opt/airflow/dags/env/Scripts/deep.exe took 0.056 seconds
[2025-03-28T13:52:54.502+0000] {processor.py:186} INFO - Started process (PID=2483) to work on /opt/airflow/dags/env/Scripts/deep.exe
[2025-03-28T13:52:54.503+0000] {processor.py:914} INFO - Processing file /opt/airflow/dags/env/Scripts/deep.exe for tasks to queue
[2025-03-28T13:52:54.505+0000] {logging_mixin.py:190} INFO - [2025-03-28T13:52:54.504+0000] {dagbag.py:588} INFO - Filling up the DagBag from /opt/airflow/dags/env/Scripts/deep.exe
[2025-03-28T13:52:54.516+0000] {logging_mixin.py:190} INFO - [2025-03-28T13:52:54.516+0000] {dagbag.py:435} INFO - File /opt/airflow/dags/env/Scripts/deep.exe:__main__.py assumed to contain no DAGs. Skipping.
[2025-03-28T13:52:54.517+0000] {processor.py:927} WARNING - No viable dags retrieved from /opt/airflow/dags/env/Scripts/deep.exe
[2025-03-28T13:52:54.539+0000] {processor.py:208} INFO - Processing /opt/airflow/dags/env/Scripts/deep.exe took 0.049 seconds
[2025-03-28T13:56:56.263+0000] {processor.py:186} INFO - Started process (PID=2490) to work on /opt/airflow/dags/env/Scripts/deep.exe
[2025-03-28T13:56:56.264+0000] {processor.py:914} INFO - Processing file /opt/airflow/dags/env/Scripts/deep.exe for tasks to queue
[2025-03-28T13:56:56.266+0000] {logging_mixin.py:190} INFO - [2025-03-28T13:56:56.266+0000] {dagbag.py:588} INFO - Filling up the DagBag from /opt/airflow/dags/env/Scripts/deep.exe
[2025-03-28T13:56:56.282+0000] {logging_mixin.py:190} INFO - [2025-03-28T13:56:56.282+0000] {dagbag.py:435} INFO - File /opt/airflow/dags/env/Scripts/deep.exe:__main__.py assumed to contain no DAGs. Skipping.
[2025-03-28T13:56:56.284+0000] {processor.py:927} WARNING - No viable dags retrieved from /opt/airflow/dags/env/Scripts/deep.exe
[2025-03-28T13:56:56.318+0000] {processor.py:208} INFO - Processing /opt/airflow/dags/env/Scripts/deep.exe took 0.073 seconds
[2025-03-28T13:57:26.800+0000] {processor.py:186} INFO - Started process (PID=2514) to work on /opt/airflow/dags/env/Scripts/deep.exe
[2025-03-28T13:57:26.802+0000] {processor.py:914} INFO - Processing file /opt/airflow/dags/env/Scripts/deep.exe for tasks to queue
[2025-03-28T13:57:26.804+0000] {logging_mixin.py:190} INFO - [2025-03-28T13:57:26.804+0000] {dagbag.py:588} INFO - Filling up the DagBag from /opt/airflow/dags/env/Scripts/deep.exe
[2025-03-28T13:57:26.826+0000] {logging_mixin.py:190} INFO - [2025-03-28T13:57:26.825+0000] {dagbag.py:435} INFO - File /opt/airflow/dags/env/Scripts/deep.exe:__main__.py assumed to contain no DAGs. Skipping.
[2025-03-28T13:57:26.827+0000] {processor.py:927} WARNING - No viable dags retrieved from /opt/airflow/dags/env/Scripts/deep.exe
[2025-03-28T13:57:26.855+0000] {processor.py:208} INFO - Processing /opt/airflow/dags/env/Scripts/deep.exe took 0.069 seconds
[2025-03-28T13:57:57.739+0000] {processor.py:186} INFO - Started process (PID=2538) to work on /opt/airflow/dags/env/Scripts/deep.exe
[2025-03-28T13:57:57.742+0000] {processor.py:914} INFO - Processing file /opt/airflow/dags/env/Scripts/deep.exe for tasks to queue
[2025-03-28T13:57:57.744+0000] {logging_mixin.py:190} INFO - [2025-03-28T13:57:57.743+0000] {dagbag.py:588} INFO - Filling up the DagBag from /opt/airflow/dags/env/Scripts/deep.exe
[2025-03-28T13:57:57.759+0000] {logging_mixin.py:190} INFO - [2025-03-28T13:57:57.758+0000] {dagbag.py:435} INFO - File /opt/airflow/dags/env/Scripts/deep.exe:__main__.py assumed to contain no DAGs. Skipping.
[2025-03-28T13:57:57.760+0000] {processor.py:927} WARNING - No viable dags retrieved from /opt/airflow/dags/env/Scripts/deep.exe
[2025-03-28T13:57:57.782+0000] {processor.py:208} INFO - Processing /opt/airflow/dags/env/Scripts/deep.exe took 0.063 seconds
[2025-03-28T14:01:53.409+0000] {processor.py:186} INFO - Started process (PID=2543) to work on /opt/airflow/dags/env/Scripts/deep.exe
[2025-03-28T14:01:53.411+0000] {processor.py:914} INFO - Processing file /opt/airflow/dags/env/Scripts/deep.exe for tasks to queue
[2025-03-28T14:01:53.413+0000] {logging_mixin.py:190} INFO - [2025-03-28T14:01:53.412+0000] {dagbag.py:588} INFO - Filling up the DagBag from /opt/airflow/dags/env/Scripts/deep.exe
[2025-03-28T14:01:53.425+0000] {logging_mixin.py:190} INFO - [2025-03-28T14:01:53.425+0000] {dagbag.py:435} INFO - File /opt/airflow/dags/env/Scripts/deep.exe:__main__.py assumed to contain no DAGs. Skipping.
[2025-03-28T14:01:53.426+0000] {processor.py:927} WARNING - No viable dags retrieved from /opt/airflow/dags/env/Scripts/deep.exe
[2025-03-28T14:01:53.464+0000] {processor.py:208} INFO - Processing /opt/airflow/dags/env/Scripts/deep.exe took 0.066 seconds
[2025-03-28T14:02:23.979+0000] {processor.py:186} INFO - Started process (PID=2567) to work on /opt/airflow/dags/env/Scripts/deep.exe
[2025-03-28T14:02:23.980+0000] {processor.py:914} INFO - Processing file /opt/airflow/dags/env/Scripts/deep.exe for tasks to queue
[2025-03-28T14:02:23.982+0000] {logging_mixin.py:190} INFO - [2025-03-28T14:02:23.981+0000] {dagbag.py:588} INFO - Filling up the DagBag from /opt/airflow/dags/env/Scripts/deep.exe
[2025-03-28T14:02:23.995+0000] {logging_mixin.py:190} INFO - [2025-03-28T14:02:23.995+0000] {dagbag.py:435} INFO - File /opt/airflow/dags/env/Scripts/deep.exe:__main__.py assumed to contain no DAGs. Skipping.
[2025-03-28T14:02:23.996+0000] {processor.py:927} WARNING - No viable dags retrieved from /opt/airflow/dags/env/Scripts/deep.exe
[2025-03-28T14:02:24.025+0000] {processor.py:208} INFO - Processing /opt/airflow/dags/env/Scripts/deep.exe took 0.059 seconds
[2025-03-28T14:02:55.250+0000] {processor.py:186} INFO - Started process (PID=2591) to work on /opt/airflow/dags/env/Scripts/deep.exe
[2025-03-28T14:02:55.252+0000] {processor.py:914} INFO - Processing file /opt/airflow/dags/env/Scripts/deep.exe for tasks to queue
[2025-03-28T14:02:55.254+0000] {logging_mixin.py:190} INFO - [2025-03-28T14:02:55.253+0000] {dagbag.py:588} INFO - Filling up the DagBag from /opt/airflow/dags/env/Scripts/deep.exe
[2025-03-28T14:02:55.269+0000] {logging_mixin.py:190} INFO - [2025-03-28T14:02:55.268+0000] {dagbag.py:435} INFO - File /opt/airflow/dags/env/Scripts/deep.exe:__main__.py assumed to contain no DAGs. Skipping.
[2025-03-28T14:02:55.270+0000] {processor.py:927} WARNING - No viable dags retrieved from /opt/airflow/dags/env/Scripts/deep.exe
[2025-03-28T14:02:55.291+0000] {processor.py:208} INFO - Processing /opt/airflow/dags/env/Scripts/deep.exe took 0.053 seconds
[2025-03-28T14:06:57.239+0000] {processor.py:186} INFO - Started process (PID=2598) to work on /opt/airflow/dags/env/Scripts/deep.exe
[2025-03-28T14:06:57.241+0000] {processor.py:914} INFO - Processing file /opt/airflow/dags/env/Scripts/deep.exe for tasks to queue
[2025-03-28T14:06:57.243+0000] {logging_mixin.py:190} INFO - [2025-03-28T14:06:57.242+0000] {dagbag.py:588} INFO - Filling up the DagBag from /opt/airflow/dags/env/Scripts/deep.exe
[2025-03-28T14:06:57.256+0000] {logging_mixin.py:190} INFO - [2025-03-28T14:06:57.256+0000] {dagbag.py:435} INFO - File /opt/airflow/dags/env/Scripts/deep.exe:__main__.py assumed to contain no DAGs. Skipping.
[2025-03-28T14:06:57.257+0000] {processor.py:927} WARNING - No viable dags retrieved from /opt/airflow/dags/env/Scripts/deep.exe
[2025-03-28T14:06:57.280+0000] {processor.py:208} INFO - Processing /opt/airflow/dags/env/Scripts/deep.exe took 0.054 seconds
[2025-03-28T14:07:27.846+0000] {processor.py:186} INFO - Started process (PID=2622) to work on /opt/airflow/dags/env/Scripts/deep.exe
[2025-03-28T14:07:27.847+0000] {processor.py:914} INFO - Processing file /opt/airflow/dags/env/Scripts/deep.exe for tasks to queue
[2025-03-28T14:07:27.849+0000] {logging_mixin.py:190} INFO - [2025-03-28T14:07:27.848+0000] {dagbag.py:588} INFO - Filling up the DagBag from /opt/airflow/dags/env/Scripts/deep.exe
[2025-03-28T14:07:27.862+0000] {logging_mixin.py:190} INFO - [2025-03-28T14:07:27.861+0000] {dagbag.py:435} INFO - File /opt/airflow/dags/env/Scripts/deep.exe:__main__.py assumed to contain no DAGs. Skipping.
[2025-03-28T14:07:27.863+0000] {processor.py:927} WARNING - No viable dags retrieved from /opt/airflow/dags/env/Scripts/deep.exe
[2025-03-28T14:07:27.888+0000] {processor.py:208} INFO - Processing /opt/airflow/dags/env/Scripts/deep.exe took 0.054 seconds
[2025-03-28T14:11:57.084+0000] {processor.py:186} INFO - Started process (PID=2650) to work on /opt/airflow/dags/env/Scripts/deep.exe
[2025-03-28T14:11:57.085+0000] {processor.py:914} INFO - Processing file /opt/airflow/dags/env/Scripts/deep.exe for tasks to queue
[2025-03-28T14:11:57.087+0000] {logging_mixin.py:190} INFO - [2025-03-28T14:11:57.086+0000] {dagbag.py:588} INFO - Filling up the DagBag from /opt/airflow/dags/env/Scripts/deep.exe
[2025-03-28T14:11:57.100+0000] {logging_mixin.py:190} INFO - [2025-03-28T14:11:57.100+0000] {dagbag.py:435} INFO - File /opt/airflow/dags/env/Scripts/deep.exe:__main__.py assumed to contain no DAGs. Skipping.
[2025-03-28T14:11:57.101+0000] {processor.py:927} WARNING - No viable dags retrieved from /opt/airflow/dags/env/Scripts/deep.exe
[2025-03-28T14:11:57.122+0000] {processor.py:208} INFO - Processing /opt/airflow/dags/env/Scripts/deep.exe took 0.050 seconds
[2025-03-28T14:12:28.335+0000] {processor.py:186} INFO - Started process (PID=2674) to work on /opt/airflow/dags/env/Scripts/deep.exe
[2025-03-28T14:12:28.337+0000] {processor.py:914} INFO - Processing file /opt/airflow/dags/env/Scripts/deep.exe for tasks to queue
[2025-03-28T14:12:28.339+0000] {logging_mixin.py:190} INFO - [2025-03-28T14:12:28.338+0000] {dagbag.py:588} INFO - Filling up the DagBag from /opt/airflow/dags/env/Scripts/deep.exe
[2025-03-28T14:12:28.352+0000] {logging_mixin.py:190} INFO - [2025-03-28T14:12:28.352+0000] {dagbag.py:435} INFO - File /opt/airflow/dags/env/Scripts/deep.exe:__main__.py assumed to contain no DAGs. Skipping.
[2025-03-28T14:12:28.353+0000] {processor.py:927} WARNING - No viable dags retrieved from /opt/airflow/dags/env/Scripts/deep.exe
[2025-03-28T14:12:28.375+0000] {processor.py:208} INFO - Processing /opt/airflow/dags/env/Scripts/deep.exe took 0.052 seconds
[2025-03-28T14:17:03.003+0000] {processor.py:186} INFO - Started process (PID=2702) to work on /opt/airflow/dags/env/Scripts/deep.exe
[2025-03-28T14:17:03.004+0000] {processor.py:914} INFO - Processing file /opt/airflow/dags/env/Scripts/deep.exe for tasks to queue
[2025-03-28T14:17:03.006+0000] {logging_mixin.py:190} INFO - [2025-03-28T14:17:03.005+0000] {dagbag.py:588} INFO - Filling up the DagBag from /opt/airflow/dags/env/Scripts/deep.exe
[2025-03-28T14:17:03.022+0000] {logging_mixin.py:190} INFO - [2025-03-28T14:17:03.022+0000] {dagbag.py:435} INFO - File /opt/airflow/dags/env/Scripts/deep.exe:__main__.py assumed to contain no DAGs. Skipping.
[2025-03-28T14:17:03.024+0000] {processor.py:927} WARNING - No viable dags retrieved from /opt/airflow/dags/env/Scripts/deep.exe
[2025-03-28T14:17:03.050+0000] {processor.py:208} INFO - Processing /opt/airflow/dags/env/Scripts/deep.exe took 0.058 seconds
[2025-03-28T14:17:34.079+0000] {processor.py:186} INFO - Started process (PID=2726) to work on /opt/airflow/dags/env/Scripts/deep.exe
[2025-03-28T14:17:34.080+0000] {processor.py:914} INFO - Processing file /opt/airflow/dags/env/Scripts/deep.exe for tasks to queue
[2025-03-28T14:17:34.082+0000] {logging_mixin.py:190} INFO - [2025-03-28T14:17:34.082+0000] {dagbag.py:588} INFO - Filling up the DagBag from /opt/airflow/dags/env/Scripts/deep.exe
[2025-03-28T14:17:34.095+0000] {logging_mixin.py:190} INFO - [2025-03-28T14:17:34.095+0000] {dagbag.py:435} INFO - File /opt/airflow/dags/env/Scripts/deep.exe:__main__.py assumed to contain no DAGs. Skipping.
[2025-03-28T14:17:34.096+0000] {processor.py:927} WARNING - No viable dags retrieved from /opt/airflow/dags/env/Scripts/deep.exe
[2025-03-28T14:17:34.119+0000] {processor.py:208} INFO - Processing /opt/airflow/dags/env/Scripts/deep.exe took 0.052 seconds
[2025-03-28T14:21:57.765+0000] {processor.py:186} INFO - Started process (PID=2751) to work on /opt/airflow/dags/env/Scripts/deep.exe
[2025-03-28T14:21:57.767+0000] {processor.py:914} INFO - Processing file /opt/airflow/dags/env/Scripts/deep.exe for tasks to queue
[2025-03-28T14:21:57.769+0000] {logging_mixin.py:190} INFO - [2025-03-28T14:21:57.768+0000] {dagbag.py:588} INFO - Filling up the DagBag from /opt/airflow/dags/env/Scripts/deep.exe
[2025-03-28T14:21:57.786+0000] {logging_mixin.py:190} INFO - [2025-03-28T14:21:57.786+0000] {dagbag.py:435} INFO - File /opt/airflow/dags/env/Scripts/deep.exe:__main__.py assumed to contain no DAGs. Skipping.
[2025-03-28T14:21:57.787+0000] {processor.py:927} WARNING - No viable dags retrieved from /opt/airflow/dags/env/Scripts/deep.exe
[2025-03-28T14:21:57.815+0000] {processor.py:208} INFO - Processing /opt/airflow/dags/env/Scripts/deep.exe took 0.065 seconds
[2025-03-28T14:22:28.559+0000] {processor.py:186} INFO - Started process (PID=2775) to work on /opt/airflow/dags/env/Scripts/deep.exe
[2025-03-28T14:22:28.560+0000] {processor.py:914} INFO - Processing file /opt/airflow/dags/env/Scripts/deep.exe for tasks to queue
[2025-03-28T14:22:28.562+0000] {logging_mixin.py:190} INFO - [2025-03-28T14:22:28.562+0000] {dagbag.py:588} INFO - Filling up the DagBag from /opt/airflow/dags/env/Scripts/deep.exe
[2025-03-28T14:22:28.576+0000] {logging_mixin.py:190} INFO - [2025-03-28T14:22:28.575+0000] {dagbag.py:435} INFO - File /opt/airflow/dags/env/Scripts/deep.exe:__main__.py assumed to contain no DAGs. Skipping.
[2025-03-28T14:22:28.577+0000] {processor.py:927} WARNING - No viable dags retrieved from /opt/airflow/dags/env/Scripts/deep.exe
[2025-03-28T14:22:28.599+0000] {processor.py:208} INFO - Processing /opt/airflow/dags/env/Scripts/deep.exe took 0.052 seconds
[2025-03-28T14:22:59.783+0000] {processor.py:186} INFO - Started process (PID=2799) to work on /opt/airflow/dags/env/Scripts/deep.exe
[2025-03-28T14:22:59.784+0000] {processor.py:914} INFO - Processing file /opt/airflow/dags/env/Scripts/deep.exe for tasks to queue
[2025-03-28T14:22:59.786+0000] {logging_mixin.py:190} INFO - [2025-03-28T14:22:59.785+0000] {dagbag.py:588} INFO - Filling up the DagBag from /opt/airflow/dags/env/Scripts/deep.exe
[2025-03-28T14:22:59.803+0000] {logging_mixin.py:190} INFO - [2025-03-28T14:22:59.803+0000] {dagbag.py:435} INFO - File /opt/airflow/dags/env/Scripts/deep.exe:__main__.py assumed to contain no DAGs. Skipping.
[2025-03-28T14:22:59.805+0000] {processor.py:927} WARNING - No viable dags retrieved from /opt/airflow/dags/env/Scripts/deep.exe
[2025-03-28T14:22:59.833+0000] {processor.py:208} INFO - Processing /opt/airflow/dags/env/Scripts/deep.exe took 0.063 seconds
[2025-03-28T14:26:57.036+0000] {processor.py:186} INFO - Started process (PID=2804) to work on /opt/airflow/dags/env/Scripts/deep.exe
[2025-03-28T14:26:57.037+0000] {processor.py:914} INFO - Processing file /opt/airflow/dags/env/Scripts/deep.exe for tasks to queue
[2025-03-28T14:26:57.039+0000] {logging_mixin.py:190} INFO - [2025-03-28T14:26:57.038+0000] {dagbag.py:588} INFO - Filling up the DagBag from /opt/airflow/dags/env/Scripts/deep.exe
[2025-03-28T14:26:57.052+0000] {logging_mixin.py:190} INFO - [2025-03-28T14:26:57.052+0000] {dagbag.py:435} INFO - File /opt/airflow/dags/env/Scripts/deep.exe:__main__.py assumed to contain no DAGs. Skipping.
[2025-03-28T14:26:57.053+0000] {processor.py:927} WARNING - No viable dags retrieved from /opt/airflow/dags/env/Scripts/deep.exe
[2025-03-28T14:26:57.076+0000] {processor.py:208} INFO - Processing /opt/airflow/dags/env/Scripts/deep.exe took 0.051 seconds
[2025-03-28T14:27:27.559+0000] {processor.py:186} INFO - Started process (PID=2828) to work on /opt/airflow/dags/env/Scripts/deep.exe
[2025-03-28T14:27:27.560+0000] {processor.py:914} INFO - Processing file /opt/airflow/dags/env/Scripts/deep.exe for tasks to queue
[2025-03-28T14:27:27.562+0000] {logging_mixin.py:190} INFO - [2025-03-28T14:27:27.562+0000] {dagbag.py:588} INFO - Filling up the DagBag from /opt/airflow/dags/env/Scripts/deep.exe
[2025-03-28T14:27:27.576+0000] {logging_mixin.py:190} INFO - [2025-03-28T14:27:27.575+0000] {dagbag.py:435} INFO - File /opt/airflow/dags/env/Scripts/deep.exe:__main__.py assumed to contain no DAGs. Skipping.
[2025-03-28T14:27:27.577+0000] {processor.py:927} WARNING - No viable dags retrieved from /opt/airflow/dags/env/Scripts/deep.exe
[2025-03-28T14:27:27.597+0000] {processor.py:208} INFO - Processing /opt/airflow/dags/env/Scripts/deep.exe took 0.050 seconds
[2025-03-28T14:27:58.678+0000] {processor.py:186} INFO - Started process (PID=2852) to work on /opt/airflow/dags/env/Scripts/deep.exe
[2025-03-28T14:27:58.679+0000] {processor.py:914} INFO - Processing file /opt/airflow/dags/env/Scripts/deep.exe for tasks to queue
[2025-03-28T14:27:58.689+0000] {logging_mixin.py:190} INFO - [2025-03-28T14:27:58.687+0000] {dagbag.py:588} INFO - Filling up the DagBag from /opt/airflow/dags/env/Scripts/deep.exe
[2025-03-28T14:27:58.712+0000] {logging_mixin.py:190} INFO - [2025-03-28T14:27:58.712+0000] {dagbag.py:435} INFO - File /opt/airflow/dags/env/Scripts/deep.exe:__main__.py assumed to contain no DAGs. Skipping.
[2025-03-28T14:27:58.714+0000] {processor.py:927} WARNING - No viable dags retrieved from /opt/airflow/dags/env/Scripts/deep.exe
[2025-03-28T14:27:58.749+0000] {processor.py:208} INFO - Processing /opt/airflow/dags/env/Scripts/deep.exe took 0.088 seconds
[2025-03-28T14:31:55.045+0000] {processor.py:186} INFO - Started process (PID=2858) to work on /opt/airflow/dags/env/Scripts/deep.exe
[2025-03-28T14:31:55.046+0000] {processor.py:914} INFO - Processing file /opt/airflow/dags/env/Scripts/deep.exe for tasks to queue
[2025-03-28T14:31:55.048+0000] {logging_mixin.py:190} INFO - [2025-03-28T14:31:55.048+0000] {dagbag.py:588} INFO - Filling up the DagBag from /opt/airflow/dags/env/Scripts/deep.exe
[2025-03-28T14:31:55.060+0000] {logging_mixin.py:190} INFO - [2025-03-28T14:31:55.060+0000] {dagbag.py:435} INFO - File /opt/airflow/dags/env/Scripts/deep.exe:__main__.py assumed to contain no DAGs. Skipping.
[2025-03-28T14:31:55.061+0000] {processor.py:927} WARNING - No viable dags retrieved from /opt/airflow/dags/env/Scripts/deep.exe
[2025-03-28T14:31:55.086+0000] {processor.py:208} INFO - Processing /opt/airflow/dags/env/Scripts/deep.exe took 0.055 seconds
[2025-03-28T14:32:25.880+0000] {processor.py:186} INFO - Started process (PID=2882) to work on /opt/airflow/dags/env/Scripts/deep.exe
[2025-03-28T14:32:25.881+0000] {processor.py:914} INFO - Processing file /opt/airflow/dags/env/Scripts/deep.exe for tasks to queue
[2025-03-28T14:32:25.884+0000] {logging_mixin.py:190} INFO - [2025-03-28T14:32:25.883+0000] {dagbag.py:588} INFO - Filling up the DagBag from /opt/airflow/dags/env/Scripts/deep.exe
[2025-03-28T14:32:25.897+0000] {logging_mixin.py:190} INFO - [2025-03-28T14:32:25.896+0000] {dagbag.py:435} INFO - File /opt/airflow/dags/env/Scripts/deep.exe:__main__.py assumed to contain no DAGs. Skipping.
[2025-03-28T14:32:25.898+0000] {processor.py:927} WARNING - No viable dags retrieved from /opt/airflow/dags/env/Scripts/deep.exe
[2025-03-28T14:32:25.921+0000] {processor.py:208} INFO - Processing /opt/airflow/dags/env/Scripts/deep.exe took 0.056 seconds
[2025-03-28T14:32:56.404+0000] {processor.py:186} INFO - Started process (PID=2906) to work on /opt/airflow/dags/env/Scripts/deep.exe
[2025-03-28T14:32:56.405+0000] {processor.py:914} INFO - Processing file /opt/airflow/dags/env/Scripts/deep.exe for tasks to queue
[2025-03-28T14:32:56.407+0000] {logging_mixin.py:190} INFO - [2025-03-28T14:32:56.407+0000] {dagbag.py:588} INFO - Filling up the DagBag from /opt/airflow/dags/env/Scripts/deep.exe
[2025-03-28T14:32:56.420+0000] {logging_mixin.py:190} INFO - [2025-03-28T14:32:56.420+0000] {dagbag.py:435} INFO - File /opt/airflow/dags/env/Scripts/deep.exe:__main__.py assumed to contain no DAGs. Skipping.
[2025-03-28T14:32:56.421+0000] {processor.py:927} WARNING - No viable dags retrieved from /opt/airflow/dags/env/Scripts/deep.exe
[2025-03-28T14:32:56.443+0000] {processor.py:208} INFO - Processing /opt/airflow/dags/env/Scripts/deep.exe took 0.051 seconds
[2025-03-28T14:37:08.462+0000] {processor.py:186} INFO - Started process (PID=2914) to work on /opt/airflow/dags/env/Scripts/deep.exe
[2025-03-28T14:37:08.464+0000] {processor.py:914} INFO - Processing file /opt/airflow/dags/env/Scripts/deep.exe for tasks to queue
[2025-03-28T14:37:08.466+0000] {logging_mixin.py:190} INFO - [2025-03-28T14:37:08.465+0000] {dagbag.py:588} INFO - Filling up the DagBag from /opt/airflow/dags/env/Scripts/deep.exe
[2025-03-28T14:37:08.479+0000] {logging_mixin.py:190} INFO - [2025-03-28T14:37:08.478+0000] {dagbag.py:435} INFO - File /opt/airflow/dags/env/Scripts/deep.exe:__main__.py assumed to contain no DAGs. Skipping.
[2025-03-28T14:37:08.480+0000] {processor.py:927} WARNING - No viable dags retrieved from /opt/airflow/dags/env/Scripts/deep.exe
[2025-03-28T14:37:08.502+0000] {processor.py:208} INFO - Processing /opt/airflow/dags/env/Scripts/deep.exe took 0.052 seconds
[2025-03-28T14:37:39.610+0000] {processor.py:186} INFO - Started process (PID=2938) to work on /opt/airflow/dags/env/Scripts/deep.exe
[2025-03-28T14:37:39.612+0000] {processor.py:914} INFO - Processing file /opt/airflow/dags/env/Scripts/deep.exe for tasks to queue
[2025-03-28T14:37:39.613+0000] {logging_mixin.py:190} INFO - [2025-03-28T14:37:39.613+0000] {dagbag.py:588} INFO - Filling up the DagBag from /opt/airflow/dags/env/Scripts/deep.exe
[2025-03-28T14:37:39.624+0000] {logging_mixin.py:190} INFO - [2025-03-28T14:37:39.624+0000] {dagbag.py:435} INFO - File /opt/airflow/dags/env/Scripts/deep.exe:__main__.py assumed to contain no DAGs. Skipping.
[2025-03-28T14:37:39.625+0000] {processor.py:927} WARNING - No viable dags retrieved from /opt/airflow/dags/env/Scripts/deep.exe
[2025-03-28T14:37:39.646+0000] {processor.py:208} INFO - Processing /opt/airflow/dags/env/Scripts/deep.exe took 0.047 seconds
[2025-03-28T15:04:43.947+0000] {processor.py:186} INFO - Started process (PID=101) to work on /opt/airflow/dags/env/Scripts/deep.exe
[2025-03-28T15:04:43.949+0000] {processor.py:914} INFO - Processing file /opt/airflow/dags/env/Scripts/deep.exe for tasks to queue
[2025-03-28T15:04:43.953+0000] {logging_mixin.py:190} INFO - [2025-03-28T15:04:43.953+0000] {dagbag.py:588} INFO - Filling up the DagBag from /opt/airflow/dags/env/Scripts/deep.exe
[2025-03-28T15:04:43.972+0000] {logging_mixin.py:190} INFO - [2025-03-28T15:04:43.971+0000] {dagbag.py:435} INFO - File /opt/airflow/dags/env/Scripts/deep.exe:__main__.py assumed to contain no DAGs. Skipping.
[2025-03-28T15:04:43.973+0000] {processor.py:927} WARNING - No viable dags retrieved from /opt/airflow/dags/env/Scripts/deep.exe
[2025-03-28T15:04:44.044+0000] {processor.py:208} INFO - Processing /opt/airflow/dags/env/Scripts/deep.exe took 0.114 seconds
[2025-03-28T15:05:16.252+0000] {processor.py:186} INFO - Started process (PID=125) to work on /opt/airflow/dags/env/Scripts/deep.exe
[2025-03-28T15:05:16.255+0000] {processor.py:914} INFO - Processing file /opt/airflow/dags/env/Scripts/deep.exe for tasks to queue
[2025-03-28T15:05:16.260+0000] {logging_mixin.py:190} INFO - [2025-03-28T15:05:16.259+0000] {dagbag.py:588} INFO - Filling up the DagBag from /opt/airflow/dags/env/Scripts/deep.exe
[2025-03-28T15:05:16.275+0000] {logging_mixin.py:190} INFO - [2025-03-28T15:05:16.275+0000] {dagbag.py:435} INFO - File /opt/airflow/dags/env/Scripts/deep.exe:__main__.py assumed to contain no DAGs. Skipping.
[2025-03-28T15:05:16.277+0000] {processor.py:927} WARNING - No viable dags retrieved from /opt/airflow/dags/env/Scripts/deep.exe
[2025-03-28T15:05:16.310+0000] {processor.py:208} INFO - Processing /opt/airflow/dags/env/Scripts/deep.exe took 0.071 seconds
[2025-03-28T15:16:17.926+0000] {processor.py:186} INFO - Started process (PID=160) to work on /opt/airflow/dags/env/Scripts/deep.exe
[2025-03-28T15:16:17.927+0000] {processor.py:914} INFO - Processing file /opt/airflow/dags/env/Scripts/deep.exe for tasks to queue
[2025-03-28T15:16:17.930+0000] {logging_mixin.py:190} INFO - [2025-03-28T15:16:17.930+0000] {dagbag.py:588} INFO - Filling up the DagBag from /opt/airflow/dags/env/Scripts/deep.exe
[2025-03-28T15:16:17.948+0000] {logging_mixin.py:190} INFO - [2025-03-28T15:16:17.947+0000] {dagbag.py:435} INFO - File /opt/airflow/dags/env/Scripts/deep.exe:__main__.py assumed to contain no DAGs. Skipping.
[2025-03-28T15:16:17.949+0000] {processor.py:927} WARNING - No viable dags retrieved from /opt/airflow/dags/env/Scripts/deep.exe
[2025-03-28T15:16:17.978+0000] {processor.py:208} INFO - Processing /opt/airflow/dags/env/Scripts/deep.exe took 0.059 seconds
[2025-03-28T15:16:49.120+0000] {processor.py:186} INFO - Started process (PID=184) to work on /opt/airflow/dags/env/Scripts/deep.exe
[2025-03-28T15:16:49.122+0000] {processor.py:914} INFO - Processing file /opt/airflow/dags/env/Scripts/deep.exe for tasks to queue
[2025-03-28T15:16:49.126+0000] {logging_mixin.py:190} INFO - [2025-03-28T15:16:49.125+0000] {dagbag.py:588} INFO - Filling up the DagBag from /opt/airflow/dags/env/Scripts/deep.exe
[2025-03-28T15:16:49.147+0000] {logging_mixin.py:190} INFO - [2025-03-28T15:16:49.147+0000] {dagbag.py:435} INFO - File /opt/airflow/dags/env/Scripts/deep.exe:__main__.py assumed to contain no DAGs. Skipping.
[2025-03-28T15:16:49.149+0000] {processor.py:927} WARNING - No viable dags retrieved from /opt/airflow/dags/env/Scripts/deep.exe
[2025-03-28T15:16:49.183+0000] {processor.py:208} INFO - Processing /opt/airflow/dags/env/Scripts/deep.exe took 0.073 seconds
[2025-03-28T15:33:25.969+0000] {processor.py:186} INFO - Started process (PID=204) to work on /opt/airflow/dags/env/Scripts/deep.exe
[2025-03-28T15:33:25.972+0000] {processor.py:914} INFO - Processing file /opt/airflow/dags/env/Scripts/deep.exe for tasks to queue
[2025-03-28T15:33:25.979+0000] {logging_mixin.py:190} INFO - [2025-03-28T15:33:25.978+0000] {dagbag.py:588} INFO - Filling up the DagBag from /opt/airflow/dags/env/Scripts/deep.exe
[2025-03-28T15:33:25.997+0000] {logging_mixin.py:190} INFO - [2025-03-28T15:33:25.997+0000] {dagbag.py:435} INFO - File /opt/airflow/dags/env/Scripts/deep.exe:__main__.py assumed to contain no DAGs. Skipping.
[2025-03-28T15:33:25.999+0000] {processor.py:927} WARNING - No viable dags retrieved from /opt/airflow/dags/env/Scripts/deep.exe
[2025-03-28T15:33:26.032+0000] {processor.py:208} INFO - Processing /opt/airflow/dags/env/Scripts/deep.exe took 0.074 seconds
[2025-03-28T16:40:27.239+0000] {processor.py:186} INFO - Started process (PID=297) to work on /opt/airflow/dags/env/Scripts/deep.exe
[2025-03-28T16:40:27.241+0000] {processor.py:914} INFO - Processing file /opt/airflow/dags/env/Scripts/deep.exe for tasks to queue
[2025-03-28T16:40:27.248+0000] {logging_mixin.py:190} INFO - [2025-03-28T16:40:27.246+0000] {dagbag.py:588} INFO - Filling up the DagBag from /opt/airflow/dags/env/Scripts/deep.exe
[2025-03-28T16:40:27.274+0000] {logging_mixin.py:190} INFO - [2025-03-28T16:40:27.274+0000] {dagbag.py:435} INFO - File /opt/airflow/dags/env/Scripts/deep.exe:__main__.py assumed to contain no DAGs. Skipping.
[2025-03-28T16:40:27.276+0000] {processor.py:927} WARNING - No viable dags retrieved from /opt/airflow/dags/env/Scripts/deep.exe
[2025-03-28T16:40:27.349+0000] {processor.py:208} INFO - Processing /opt/airflow/dags/env/Scripts/deep.exe took 0.123 seconds
[2025-03-28T19:52:58.955+0000] {processor.py:186} INFO - Started process (PID=322) to work on /opt/airflow/dags/env/Scripts/deep.exe
[2025-03-28T19:52:58.957+0000] {processor.py:914} INFO - Processing file /opt/airflow/dags/env/Scripts/deep.exe for tasks to queue
[2025-03-28T19:52:58.965+0000] {logging_mixin.py:190} INFO - [2025-03-28T19:52:58.962+0000] {dagbag.py:588} INFO - Filling up the DagBag from /opt/airflow/dags/env/Scripts/deep.exe
[2025-03-28T19:52:58.997+0000] {logging_mixin.py:190} INFO - [2025-03-28T19:52:58.997+0000] {dagbag.py:435} INFO - File /opt/airflow/dags/env/Scripts/deep.exe:__main__.py assumed to contain no DAGs. Skipping.
[2025-03-28T19:52:59.000+0000] {processor.py:927} WARNING - No viable dags retrieved from /opt/airflow/dags/env/Scripts/deep.exe
[2025-03-28T19:52:59.047+0000] {processor.py:208} INFO - Processing /opt/airflow/dags/env/Scripts/deep.exe took 0.108 seconds
[2025-03-28T23:05:15.754+0000] {processor.py:186} INFO - Started process (PID=348) to work on /opt/airflow/dags/env/Scripts/deep.exe
[2025-03-28T23:05:15.757+0000] {processor.py:914} INFO - Processing file /opt/airflow/dags/env/Scripts/deep.exe for tasks to queue
[2025-03-28T23:05:15.764+0000] {logging_mixin.py:190} INFO - [2025-03-28T23:05:15.762+0000] {dagbag.py:588} INFO - Filling up the DagBag from /opt/airflow/dags/env/Scripts/deep.exe
[2025-03-28T23:05:15.792+0000] {logging_mixin.py:190} INFO - [2025-03-28T23:05:15.791+0000] {dagbag.py:435} INFO - File /opt/airflow/dags/env/Scripts/deep.exe:__main__.py assumed to contain no DAGs. Skipping.
[2025-03-28T23:05:15.796+0000] {processor.py:927} WARNING - No viable dags retrieved from /opt/airflow/dags/env/Scripts/deep.exe
[2025-03-28T23:05:15.843+0000] {processor.py:208} INFO - Processing /opt/airflow/dags/env/Scripts/deep.exe took 0.103 seconds
