[2025-03-28T03:45:55.299+0000] {processor.py:186} INFO - Started process (PID=239) to work on /opt/airflow/dags/env/Scripts/f2py.exe
[2025-03-28T03:45:55.300+0000] {processor.py:914} INFO - Processing file /opt/airflow/dags/env/Scripts/f2py.exe for tasks to queue
[2025-03-28T03:45:55.303+0000] {logging_mixin.py:190} INFO - [2025-03-28T03:45:55.303+0000] {dagbag.py:588} INFO - Filling up the DagBag from /opt/airflow/dags/env/Scripts/f2py.exe
[2025-03-28T03:45:55.318+0000] {logging_mixin.py:190} INFO - [2025-03-28T03:45:55.317+0000] {dagbag.py:435} INFO - File /opt/airflow/dags/env/Scripts/f2py.exe:__main__.py assumed to contain no DAGs. Skipping.
[2025-03-28T03:45:55.319+0000] {processor.py:927} WARNING - No viable dags retrieved from /opt/airflow/dags/env/Scripts/f2py.exe
[2025-03-28T03:45:55.341+0000] {processor.py:208} INFO - Processing /opt/airflow/dags/env/Scripts/f2py.exe took 0.058 seconds
[2025-03-28T04:48:42.085+0000] {processor.py:186} INFO - Started process (PID=307) to work on /opt/airflow/dags/env/Scripts/f2py.exe
[2025-03-28T04:48:42.088+0000] {processor.py:914} INFO - Processing file /opt/airflow/dags/env/Scripts/f2py.exe for tasks to queue
[2025-03-28T04:48:42.091+0000] {logging_mixin.py:190} INFO - [2025-03-28T04:48:42.091+0000] {dagbag.py:588} INFO - Filling up the DagBag from /opt/airflow/dags/env/Scripts/f2py.exe
[2025-03-28T04:48:42.115+0000] {logging_mixin.py:190} INFO - [2025-03-28T04:48:42.115+0000] {dagbag.py:435} INFO - File /opt/airflow/dags/env/Scripts/f2py.exe:__main__.py assumed to contain no DAGs. Skipping.
[2025-03-28T04:48:42.118+0000] {processor.py:927} WARNING - No viable dags retrieved from /opt/airflow/dags/env/Scripts/f2py.exe
[2025-03-28T04:48:42.145+0000] {processor.py:208} INFO - Processing /opt/airflow/dags/env/Scripts/f2py.exe took 0.077 seconds
[2025-03-28T05:05:53.677+0000] {processor.py:186} INFO - Started process (PID=341) to work on /opt/airflow/dags/env/Scripts/f2py.exe
[2025-03-28T05:05:53.678+0000] {processor.py:914} INFO - Processing file /opt/airflow/dags/env/Scripts/f2py.exe for tasks to queue
[2025-03-28T05:05:53.681+0000] {logging_mixin.py:190} INFO - [2025-03-28T05:05:53.681+0000] {dagbag.py:588} INFO - Filling up the DagBag from /opt/airflow/dags/env/Scripts/f2py.exe
[2025-03-28T05:05:53.699+0000] {logging_mixin.py:190} INFO - [2025-03-28T05:05:53.698+0000] {dagbag.py:435} INFO - File /opt/airflow/dags/env/Scripts/f2py.exe:__main__.py assumed to contain no DAGs. Skipping.
[2025-03-28T05:05:53.700+0000] {processor.py:927} WARNING - No viable dags retrieved from /opt/airflow/dags/env/Scripts/f2py.exe
[2025-03-28T05:05:53.726+0000] {processor.py:208} INFO - Processing /opt/airflow/dags/env/Scripts/f2py.exe took 0.067 seconds
[2025-03-28T05:17:42.118+0000] {processor.py:186} INFO - Started process (PID=383) to work on /opt/airflow/dags/env/Scripts/f2py.exe
[2025-03-28T05:17:42.120+0000] {processor.py:914} INFO - Processing file /opt/airflow/dags/env/Scripts/f2py.exe for tasks to queue
[2025-03-28T05:17:42.123+0000] {logging_mixin.py:190} INFO - [2025-03-28T05:17:42.122+0000] {dagbag.py:588} INFO - Filling up the DagBag from /opt/airflow/dags/env/Scripts/f2py.exe
[2025-03-28T05:17:42.136+0000] {logging_mixin.py:190} INFO - [2025-03-28T05:17:42.136+0000] {dagbag.py:435} INFO - File /opt/airflow/dags/env/Scripts/f2py.exe:__main__.py assumed to contain no DAGs. Skipping.
[2025-03-28T05:17:42.137+0000] {processor.py:927} WARNING - No viable dags retrieved from /opt/airflow/dags/env/Scripts/f2py.exe
[2025-03-28T05:17:42.158+0000] {processor.py:208} INFO - Processing /opt/airflow/dags/env/Scripts/f2py.exe took 0.053 seconds
[2025-03-28T05:18:13.587+0000] {processor.py:186} INFO - Started process (PID=407) to work on /opt/airflow/dags/env/Scripts/f2py.exe
[2025-03-28T05:18:13.588+0000] {processor.py:914} INFO - Processing file /opt/airflow/dags/env/Scripts/f2py.exe for tasks to queue
[2025-03-28T05:18:13.591+0000] {logging_mixin.py:190} INFO - [2025-03-28T05:18:13.591+0000] {dagbag.py:588} INFO - Filling up the DagBag from /opt/airflow/dags/env/Scripts/f2py.exe
[2025-03-28T05:18:13.605+0000] {logging_mixin.py:190} INFO - [2025-03-28T05:18:13.604+0000] {dagbag.py:435} INFO - File /opt/airflow/dags/env/Scripts/f2py.exe:__main__.py assumed to contain no DAGs. Skipping.
[2025-03-28T05:18:13.606+0000] {processor.py:927} WARNING - No viable dags retrieved from /opt/airflow/dags/env/Scripts/f2py.exe
[2025-03-28T05:18:13.631+0000] {processor.py:208} INFO - Processing /opt/airflow/dags/env/Scripts/f2py.exe took 0.056 seconds
[2025-03-28T05:23:33.709+0000] {processor.py:186} INFO - Started process (PID=437) to work on /opt/airflow/dags/env/Scripts/f2py.exe
[2025-03-28T05:23:33.710+0000] {processor.py:914} INFO - Processing file /opt/airflow/dags/env/Scripts/f2py.exe for tasks to queue
[2025-03-28T05:23:33.714+0000] {logging_mixin.py:190} INFO - [2025-03-28T05:23:33.713+0000] {dagbag.py:588} INFO - Filling up the DagBag from /opt/airflow/dags/env/Scripts/f2py.exe
[2025-03-28T05:23:33.732+0000] {logging_mixin.py:190} INFO - [2025-03-28T05:23:33.732+0000] {dagbag.py:435} INFO - File /opt/airflow/dags/env/Scripts/f2py.exe:__main__.py assumed to contain no DAGs. Skipping.
[2025-03-28T05:23:33.733+0000] {processor.py:927} WARNING - No viable dags retrieved from /opt/airflow/dags/env/Scripts/f2py.exe
[2025-03-28T05:23:33.762+0000] {processor.py:208} INFO - Processing /opt/airflow/dags/env/Scripts/f2py.exe took 0.067 seconds
[2025-03-28T05:35:08.450+0000] {processor.py:186} INFO - Started process (PID=465) to work on /opt/airflow/dags/env/Scripts/f2py.exe
[2025-03-28T05:35:08.452+0000] {processor.py:914} INFO - Processing file /opt/airflow/dags/env/Scripts/f2py.exe for tasks to queue
[2025-03-28T05:35:08.467+0000] {logging_mixin.py:190} INFO - [2025-03-28T05:35:08.456+0000] {dagbag.py:588} INFO - Filling up the DagBag from /opt/airflow/dags/env/Scripts/f2py.exe
[2025-03-28T05:35:08.486+0000] {logging_mixin.py:190} INFO - [2025-03-28T05:35:08.485+0000] {dagbag.py:435} INFO - File /opt/airflow/dags/env/Scripts/f2py.exe:__main__.py assumed to contain no DAGs. Skipping.
[2025-03-28T05:35:08.488+0000] {processor.py:927} WARNING - No viable dags retrieved from /opt/airflow/dags/env/Scripts/f2py.exe
[2025-03-28T05:35:08.553+0000] {processor.py:208} INFO - Processing /opt/airflow/dags/env/Scripts/f2py.exe took 0.155 seconds
[2025-03-28T05:45:04.241+0000] {processor.py:186} INFO - Started process (PID=504) to work on /opt/airflow/dags/env/Scripts/f2py.exe
[2025-03-28T05:45:04.243+0000] {processor.py:914} INFO - Processing file /opt/airflow/dags/env/Scripts/f2py.exe for tasks to queue
[2025-03-28T05:45:04.248+0000] {logging_mixin.py:190} INFO - [2025-03-28T05:45:04.247+0000] {dagbag.py:588} INFO - Filling up the DagBag from /opt/airflow/dags/env/Scripts/f2py.exe
[2025-03-28T05:45:04.265+0000] {logging_mixin.py:190} INFO - [2025-03-28T05:45:04.265+0000] {dagbag.py:435} INFO - File /opt/airflow/dags/env/Scripts/f2py.exe:__main__.py assumed to contain no DAGs. Skipping.
[2025-03-28T05:45:04.267+0000] {processor.py:927} WARNING - No viable dags retrieved from /opt/airflow/dags/env/Scripts/f2py.exe
[2025-03-28T05:45:04.297+0000] {processor.py:208} INFO - Processing /opt/airflow/dags/env/Scripts/f2py.exe took 0.074 seconds
[2025-03-28T06:00:49.461+0000] {processor.py:186} INFO - Started process (PID=658) to work on /opt/airflow/dags/env/Scripts/f2py.exe
[2025-03-28T06:00:49.463+0000] {processor.py:914} INFO - Processing file /opt/airflow/dags/env/Scripts/f2py.exe for tasks to queue
[2025-03-28T06:00:49.467+0000] {logging_mixin.py:190} INFO - [2025-03-28T06:00:49.466+0000] {dagbag.py:588} INFO - Filling up the DagBag from /opt/airflow/dags/env/Scripts/f2py.exe
[2025-03-28T06:00:49.480+0000] {logging_mixin.py:190} INFO - [2025-03-28T06:00:49.480+0000] {dagbag.py:435} INFO - File /opt/airflow/dags/env/Scripts/f2py.exe:__main__.py assumed to contain no DAGs. Skipping.
[2025-03-28T06:00:49.481+0000] {processor.py:927} WARNING - No viable dags retrieved from /opt/airflow/dags/env/Scripts/f2py.exe
[2025-03-28T06:00:49.505+0000] {processor.py:208} INFO - Processing /opt/airflow/dags/env/Scripts/f2py.exe took 0.056 seconds
[2025-03-28T06:10:49.823+0000] {processor.py:186} INFO - Started process (PID=682) to work on /opt/airflow/dags/env/Scripts/f2py.exe
[2025-03-28T06:10:49.825+0000] {processor.py:914} INFO - Processing file /opt/airflow/dags/env/Scripts/f2py.exe for tasks to queue
[2025-03-28T06:10:49.828+0000] {logging_mixin.py:190} INFO - [2025-03-28T06:10:49.827+0000] {dagbag.py:588} INFO - Filling up the DagBag from /opt/airflow/dags/env/Scripts/f2py.exe
[2025-03-28T06:10:49.850+0000] {logging_mixin.py:190} INFO - [2025-03-28T06:10:49.850+0000] {dagbag.py:435} INFO - File /opt/airflow/dags/env/Scripts/f2py.exe:__main__.py assumed to contain no DAGs. Skipping.
[2025-03-28T06:10:49.852+0000] {processor.py:927} WARNING - No viable dags retrieved from /opt/airflow/dags/env/Scripts/f2py.exe
[2025-03-28T06:10:49.891+0000] {processor.py:208} INFO - Processing /opt/airflow/dags/env/Scripts/f2py.exe took 0.095 seconds
[2025-03-28T06:26:40.065+0000] {processor.py:186} INFO - Started process (PID=848) to work on /opt/airflow/dags/env/Scripts/f2py.exe
[2025-03-28T06:26:40.067+0000] {processor.py:914} INFO - Processing file /opt/airflow/dags/env/Scripts/f2py.exe for tasks to queue
[2025-03-28T06:26:40.070+0000] {logging_mixin.py:190} INFO - [2025-03-28T06:26:40.069+0000] {dagbag.py:588} INFO - Filling up the DagBag from /opt/airflow/dags/env/Scripts/f2py.exe
[2025-03-28T06:26:40.092+0000] {logging_mixin.py:190} INFO - [2025-03-28T06:26:40.092+0000] {dagbag.py:435} INFO - File /opt/airflow/dags/env/Scripts/f2py.exe:__main__.py assumed to contain no DAGs. Skipping.
[2025-03-28T06:26:40.094+0000] {processor.py:927} WARNING - No viable dags retrieved from /opt/airflow/dags/env/Scripts/f2py.exe
[2025-03-28T06:26:40.125+0000] {processor.py:208} INFO - Processing /opt/airflow/dags/env/Scripts/f2py.exe took 0.095 seconds
[2025-03-28T06:52:24.990+0000] {processor.py:186} INFO - Started process (PID=974) to work on /opt/airflow/dags/env/Scripts/f2py.exe
[2025-03-28T06:52:24.996+0000] {processor.py:914} INFO - Processing file /opt/airflow/dags/env/Scripts/f2py.exe for tasks to queue
[2025-03-28T06:52:25.000+0000] {logging_mixin.py:190} INFO - [2025-03-28T06:52:24.999+0000] {dagbag.py:588} INFO - Filling up the DagBag from /opt/airflow/dags/env/Scripts/f2py.exe
[2025-03-28T06:52:25.014+0000] {logging_mixin.py:190} INFO - [2025-03-28T06:52:25.014+0000] {dagbag.py:435} INFO - File /opt/airflow/dags/env/Scripts/f2py.exe:__main__.py assumed to contain no DAGs. Skipping.
[2025-03-28T06:52:25.015+0000] {processor.py:927} WARNING - No viable dags retrieved from /opt/airflow/dags/env/Scripts/f2py.exe
[2025-03-28T06:52:25.039+0000] {processor.py:208} INFO - Processing /opt/airflow/dags/env/Scripts/f2py.exe took 0.075 seconds
[2025-03-28T08:32:36.171+0000] {processor.py:186} INFO - Started process (PID=1225) to work on /opt/airflow/dags/env/Scripts/f2py.exe
[2025-03-28T08:32:36.173+0000] {processor.py:914} INFO - Processing file /opt/airflow/dags/env/Scripts/f2py.exe for tasks to queue
[2025-03-28T08:32:36.175+0000] {logging_mixin.py:190} INFO - [2025-03-28T08:32:36.174+0000] {dagbag.py:588} INFO - Filling up the DagBag from /opt/airflow/dags/env/Scripts/f2py.exe
[2025-03-28T08:32:36.188+0000] {logging_mixin.py:190} INFO - [2025-03-28T08:32:36.188+0000] {dagbag.py:435} INFO - File /opt/airflow/dags/env/Scripts/f2py.exe:__main__.py assumed to contain no DAGs. Skipping.
[2025-03-28T08:32:36.189+0000] {processor.py:927} WARNING - No viable dags retrieved from /opt/airflow/dags/env/Scripts/f2py.exe
[2025-03-28T08:32:36.216+0000] {processor.py:208} INFO - Processing /opt/airflow/dags/env/Scripts/f2py.exe took 0.061 seconds
[2025-03-28T08:47:49.833+0000] {processor.py:186} INFO - Started process (PID=1266) to work on /opt/airflow/dags/env/Scripts/f2py.exe
[2025-03-28T08:47:49.835+0000] {processor.py:914} INFO - Processing file /opt/airflow/dags/env/Scripts/f2py.exe for tasks to queue
[2025-03-28T08:47:49.837+0000] {logging_mixin.py:190} INFO - [2025-03-28T08:47:49.836+0000] {dagbag.py:588} INFO - Filling up the DagBag from /opt/airflow/dags/env/Scripts/f2py.exe
[2025-03-28T08:47:49.857+0000] {logging_mixin.py:190} INFO - [2025-03-28T08:47:49.857+0000] {dagbag.py:435} INFO - File /opt/airflow/dags/env/Scripts/f2py.exe:__main__.py assumed to contain no DAGs. Skipping.
[2025-03-28T08:47:49.858+0000] {processor.py:927} WARNING - No viable dags retrieved from /opt/airflow/dags/env/Scripts/f2py.exe
[2025-03-28T08:47:49.885+0000] {processor.py:208} INFO - Processing /opt/airflow/dags/env/Scripts/f2py.exe took 0.070 seconds
[2025-03-28T09:30:57.199+0000] {processor.py:186} INFO - Started process (PID=1443) to work on /opt/airflow/dags/env/Scripts/f2py.exe
[2025-03-28T09:30:57.202+0000] {processor.py:914} INFO - Processing file /opt/airflow/dags/env/Scripts/f2py.exe for tasks to queue
[2025-03-28T09:30:57.206+0000] {logging_mixin.py:190} INFO - [2025-03-28T09:30:57.205+0000] {dagbag.py:588} INFO - Filling up the DagBag from /opt/airflow/dags/env/Scripts/f2py.exe
[2025-03-28T09:30:57.225+0000] {logging_mixin.py:190} INFO - [2025-03-28T09:30:57.224+0000] {dagbag.py:435} INFO - File /opt/airflow/dags/env/Scripts/f2py.exe:__main__.py assumed to contain no DAGs. Skipping.
[2025-03-28T09:30:57.227+0000] {processor.py:927} WARNING - No viable dags retrieved from /opt/airflow/dags/env/Scripts/f2py.exe
[2025-03-28T09:30:57.266+0000] {processor.py:208} INFO - Processing /opt/airflow/dags/env/Scripts/f2py.exe took 0.089 seconds
[2025-03-28T09:31:28.496+0000] {processor.py:186} INFO - Started process (PID=1467) to work on /opt/airflow/dags/env/Scripts/f2py.exe
[2025-03-28T09:31:28.498+0000] {processor.py:914} INFO - Processing file /opt/airflow/dags/env/Scripts/f2py.exe for tasks to queue
[2025-03-28T09:31:28.501+0000] {logging_mixin.py:190} INFO - [2025-03-28T09:31:28.500+0000] {dagbag.py:588} INFO - Filling up the DagBag from /opt/airflow/dags/env/Scripts/f2py.exe
[2025-03-28T09:31:28.516+0000] {logging_mixin.py:190} INFO - [2025-03-28T09:31:28.515+0000] {dagbag.py:435} INFO - File /opt/airflow/dags/env/Scripts/f2py.exe:__main__.py assumed to contain no DAGs. Skipping.
[2025-03-28T09:31:28.517+0000] {processor.py:927} WARNING - No viable dags retrieved from /opt/airflow/dags/env/Scripts/f2py.exe
[2025-03-28T09:31:28.547+0000] {processor.py:208} INFO - Processing /opt/airflow/dags/env/Scripts/f2py.exe took 0.070 seconds
[2025-03-28T09:42:01.643+0000] {processor.py:186} INFO - Started process (PID=1493) to work on /opt/airflow/dags/env/Scripts/f2py.exe
[2025-03-28T09:42:01.645+0000] {processor.py:914} INFO - Processing file /opt/airflow/dags/env/Scripts/f2py.exe for tasks to queue
[2025-03-28T09:42:01.647+0000] {logging_mixin.py:190} INFO - [2025-03-28T09:42:01.646+0000] {dagbag.py:588} INFO - Filling up the DagBag from /opt/airflow/dags/env/Scripts/f2py.exe
[2025-03-28T09:42:01.660+0000] {logging_mixin.py:190} INFO - [2025-03-28T09:42:01.659+0000] {dagbag.py:435} INFO - File /opt/airflow/dags/env/Scripts/f2py.exe:__main__.py assumed to contain no DAGs. Skipping.
[2025-03-28T09:42:01.661+0000] {processor.py:927} WARNING - No viable dags retrieved from /opt/airflow/dags/env/Scripts/f2py.exe
[2025-03-28T09:42:01.681+0000] {processor.py:208} INFO - Processing /opt/airflow/dags/env/Scripts/f2py.exe took 0.050 seconds
[2025-03-28T09:47:15.613+0000] {processor.py:186} INFO - Started process (PID=1527) to work on /opt/airflow/dags/env/Scripts/f2py.exe
[2025-03-28T09:47:15.614+0000] {processor.py:914} INFO - Processing file /opt/airflow/dags/env/Scripts/f2py.exe for tasks to queue
[2025-03-28T09:47:15.616+0000] {logging_mixin.py:190} INFO - [2025-03-28T09:47:15.616+0000] {dagbag.py:588} INFO - Filling up the DagBag from /opt/airflow/dags/env/Scripts/f2py.exe
[2025-03-28T09:47:15.632+0000] {logging_mixin.py:190} INFO - [2025-03-28T09:47:15.632+0000] {dagbag.py:435} INFO - File /opt/airflow/dags/env/Scripts/f2py.exe:__main__.py assumed to contain no DAGs. Skipping.
[2025-03-28T09:47:15.634+0000] {processor.py:927} WARNING - No viable dags retrieved from /opt/airflow/dags/env/Scripts/f2py.exe
[2025-03-28T09:47:15.662+0000] {processor.py:208} INFO - Processing /opt/airflow/dags/env/Scripts/f2py.exe took 0.063 seconds
[2025-03-28T09:52:25.315+0000] {processor.py:186} INFO - Started process (PID=1557) to work on /opt/airflow/dags/env/Scripts/f2py.exe
[2025-03-28T09:52:25.317+0000] {processor.py:914} INFO - Processing file /opt/airflow/dags/env/Scripts/f2py.exe for tasks to queue
[2025-03-28T09:52:25.321+0000] {logging_mixin.py:190} INFO - [2025-03-28T09:52:25.320+0000] {dagbag.py:588} INFO - Filling up the DagBag from /opt/airflow/dags/env/Scripts/f2py.exe
[2025-03-28T09:52:25.345+0000] {logging_mixin.py:190} INFO - [2025-03-28T09:52:25.345+0000] {dagbag.py:435} INFO - File /opt/airflow/dags/env/Scripts/f2py.exe:__main__.py assumed to contain no DAGs. Skipping.
[2025-03-28T09:52:25.348+0000] {processor.py:927} WARNING - No viable dags retrieved from /opt/airflow/dags/env/Scripts/f2py.exe
[2025-03-28T09:52:25.390+0000] {processor.py:208} INFO - Processing /opt/airflow/dags/env/Scripts/f2py.exe took 0.107 seconds
[2025-03-28T10:09:08.952+0000] {processor.py:186} INFO - Started process (PID=1582) to work on /opt/airflow/dags/env/Scripts/f2py.exe
[2025-03-28T10:09:08.953+0000] {processor.py:914} INFO - Processing file /opt/airflow/dags/env/Scripts/f2py.exe for tasks to queue
[2025-03-28T10:09:08.955+0000] {logging_mixin.py:190} INFO - [2025-03-28T10:09:08.954+0000] {dagbag.py:588} INFO - Filling up the DagBag from /opt/airflow/dags/env/Scripts/f2py.exe
[2025-03-28T10:09:08.969+0000] {logging_mixin.py:190} INFO - [2025-03-28T10:09:08.968+0000] {dagbag.py:435} INFO - File /opt/airflow/dags/env/Scripts/f2py.exe:__main__.py assumed to contain no DAGs. Skipping.
[2025-03-28T10:09:08.969+0000] {processor.py:927} WARNING - No viable dags retrieved from /opt/airflow/dags/env/Scripts/f2py.exe
[2025-03-28T10:09:08.992+0000] {processor.py:208} INFO - Processing /opt/airflow/dags/env/Scripts/f2py.exe took 0.052 seconds
[2025-03-28T10:09:39.870+0000] {processor.py:186} INFO - Started process (PID=1607) to work on /opt/airflow/dags/env/Scripts/f2py.exe
[2025-03-28T10:09:39.881+0000] {processor.py:914} INFO - Processing file /opt/airflow/dags/env/Scripts/f2py.exe for tasks to queue
[2025-03-28T10:09:39.884+0000] {logging_mixin.py:190} INFO - [2025-03-28T10:09:39.884+0000] {dagbag.py:588} INFO - Filling up the DagBag from /opt/airflow/dags/env/Scripts/f2py.exe
[2025-03-28T10:09:39.922+0000] {logging_mixin.py:190} INFO - [2025-03-28T10:09:39.922+0000] {dagbag.py:435} INFO - File /opt/airflow/dags/env/Scripts/f2py.exe:__main__.py assumed to contain no DAGs. Skipping.
[2025-03-28T10:09:39.925+0000] {processor.py:927} WARNING - No viable dags retrieved from /opt/airflow/dags/env/Scripts/f2py.exe
[2025-03-28T10:09:39.964+0000] {processor.py:208} INFO - Processing /opt/airflow/dags/env/Scripts/f2py.exe took 0.115 seconds
[2025-03-28T10:27:02.132+0000] {processor.py:186} INFO - Started process (PID=1631) to work on /opt/airflow/dags/env/Scripts/f2py.exe
[2025-03-28T10:27:02.135+0000] {processor.py:914} INFO - Processing file /opt/airflow/dags/env/Scripts/f2py.exe for tasks to queue
[2025-03-28T10:27:02.138+0000] {logging_mixin.py:190} INFO - [2025-03-28T10:27:02.137+0000] {dagbag.py:588} INFO - Filling up the DagBag from /opt/airflow/dags/env/Scripts/f2py.exe
[2025-03-28T10:27:02.155+0000] {logging_mixin.py:190} INFO - [2025-03-28T10:27:02.154+0000] {dagbag.py:435} INFO - File /opt/airflow/dags/env/Scripts/f2py.exe:__main__.py assumed to contain no DAGs. Skipping.
[2025-03-28T10:27:02.157+0000] {processor.py:927} WARNING - No viable dags retrieved from /opt/airflow/dags/env/Scripts/f2py.exe
[2025-03-28T10:27:02.198+0000] {processor.py:208} INFO - Processing /opt/airflow/dags/env/Scripts/f2py.exe took 0.090 seconds
[2025-03-28T10:31:24.370+0000] {processor.py:186} INFO - Started process (PID=1657) to work on /opt/airflow/dags/env/Scripts/f2py.exe
[2025-03-28T10:31:24.372+0000] {processor.py:914} INFO - Processing file /opt/airflow/dags/env/Scripts/f2py.exe for tasks to queue
[2025-03-28T10:31:24.377+0000] {logging_mixin.py:190} INFO - [2025-03-28T10:31:24.376+0000] {dagbag.py:588} INFO - Filling up the DagBag from /opt/airflow/dags/env/Scripts/f2py.exe
[2025-03-28T10:31:24.399+0000] {logging_mixin.py:190} INFO - [2025-03-28T10:31:24.399+0000] {dagbag.py:435} INFO - File /opt/airflow/dags/env/Scripts/f2py.exe:__main__.py assumed to contain no DAGs. Skipping.
[2025-03-28T10:31:24.401+0000] {processor.py:927} WARNING - No viable dags retrieved from /opt/airflow/dags/env/Scripts/f2py.exe
[2025-03-28T10:31:24.451+0000] {processor.py:208} INFO - Processing /opt/airflow/dags/env/Scripts/f2py.exe took 0.113 seconds
[2025-03-28T10:31:56.329+0000] {processor.py:186} INFO - Started process (PID=1681) to work on /opt/airflow/dags/env/Scripts/f2py.exe
[2025-03-28T10:31:56.331+0000] {processor.py:914} INFO - Processing file /opt/airflow/dags/env/Scripts/f2py.exe for tasks to queue
[2025-03-28T10:31:56.334+0000] {logging_mixin.py:190} INFO - [2025-03-28T10:31:56.333+0000] {dagbag.py:588} INFO - Filling up the DagBag from /opt/airflow/dags/env/Scripts/f2py.exe
[2025-03-28T10:31:56.348+0000] {logging_mixin.py:190} INFO - [2025-03-28T10:31:56.348+0000] {dagbag.py:435} INFO - File /opt/airflow/dags/env/Scripts/f2py.exe:__main__.py assumed to contain no DAGs. Skipping.
[2025-03-28T10:31:56.350+0000] {processor.py:927} WARNING - No viable dags retrieved from /opt/airflow/dags/env/Scripts/f2py.exe
[2025-03-28T10:31:56.379+0000] {processor.py:208} INFO - Processing /opt/airflow/dags/env/Scripts/f2py.exe took 0.069 seconds
[2025-03-28T10:36:40.560+0000] {processor.py:186} INFO - Started process (PID=1711) to work on /opt/airflow/dags/env/Scripts/f2py.exe
[2025-03-28T10:36:40.568+0000] {processor.py:914} INFO - Processing file /opt/airflow/dags/env/Scripts/f2py.exe for tasks to queue
[2025-03-28T10:36:40.577+0000] {logging_mixin.py:190} INFO - [2025-03-28T10:36:40.575+0000] {dagbag.py:588} INFO - Filling up the DagBag from /opt/airflow/dags/env/Scripts/f2py.exe
[2025-03-28T10:36:40.613+0000] {logging_mixin.py:190} INFO - [2025-03-28T10:36:40.612+0000] {dagbag.py:435} INFO - File /opt/airflow/dags/env/Scripts/f2py.exe:__main__.py assumed to contain no DAGs. Skipping.
[2025-03-28T10:36:40.615+0000] {processor.py:927} WARNING - No viable dags retrieved from /opt/airflow/dags/env/Scripts/f2py.exe
[2025-03-28T10:36:40.673+0000] {processor.py:208} INFO - Processing /opt/airflow/dags/env/Scripts/f2py.exe took 0.149 seconds
[2025-03-28T10:37:12.131+0000] {processor.py:186} INFO - Started process (PID=1735) to work on /opt/airflow/dags/env/Scripts/f2py.exe
[2025-03-28T10:37:12.135+0000] {processor.py:914} INFO - Processing file /opt/airflow/dags/env/Scripts/f2py.exe for tasks to queue
[2025-03-28T10:37:12.139+0000] {logging_mixin.py:190} INFO - [2025-03-28T10:37:12.138+0000] {dagbag.py:588} INFO - Filling up the DagBag from /opt/airflow/dags/env/Scripts/f2py.exe
[2025-03-28T10:37:12.182+0000] {logging_mixin.py:190} INFO - [2025-03-28T10:37:12.182+0000] {dagbag.py:435} INFO - File /opt/airflow/dags/env/Scripts/f2py.exe:__main__.py assumed to contain no DAGs. Skipping.
[2025-03-28T10:37:12.188+0000] {processor.py:927} WARNING - No viable dags retrieved from /opt/airflow/dags/env/Scripts/f2py.exe
[2025-03-28T10:37:12.251+0000] {processor.py:208} INFO - Processing /opt/airflow/dags/env/Scripts/f2py.exe took 0.145 seconds
[2025-03-28T11:52:27.182+0000] {processor.py:186} INFO - Started process (PID=1756) to work on /opt/airflow/dags/env/Scripts/f2py.exe
[2025-03-28T11:52:27.184+0000] {processor.py:914} INFO - Processing file /opt/airflow/dags/env/Scripts/f2py.exe for tasks to queue
[2025-03-28T11:52:27.186+0000] {logging_mixin.py:190} INFO - [2025-03-28T11:52:27.185+0000] {dagbag.py:588} INFO - Filling up the DagBag from /opt/airflow/dags/env/Scripts/f2py.exe
[2025-03-28T11:52:27.200+0000] {logging_mixin.py:190} INFO - [2025-03-28T11:52:27.200+0000] {dagbag.py:435} INFO - File /opt/airflow/dags/env/Scripts/f2py.exe:__main__.py assumed to contain no DAGs. Skipping.
[2025-03-28T11:52:27.201+0000] {processor.py:927} WARNING - No viable dags retrieved from /opt/airflow/dags/env/Scripts/f2py.exe
[2025-03-28T11:52:27.230+0000] {processor.py:208} INFO - Processing /opt/airflow/dags/env/Scripts/f2py.exe took 0.064 seconds
[2025-03-28T11:53:05.311+0000] {processor.py:186} INFO - Started process (PID=1780) to work on /opt/airflow/dags/env/Scripts/f2py.exe
[2025-03-28T11:53:05.313+0000] {processor.py:914} INFO - Processing file /opt/airflow/dags/env/Scripts/f2py.exe for tasks to queue
[2025-03-28T11:53:05.316+0000] {logging_mixin.py:190} INFO - [2025-03-28T11:53:05.315+0000] {dagbag.py:588} INFO - Filling up the DagBag from /opt/airflow/dags/env/Scripts/f2py.exe
[2025-03-28T11:53:05.347+0000] {logging_mixin.py:190} INFO - [2025-03-28T11:53:05.346+0000] {dagbag.py:435} INFO - File /opt/airflow/dags/env/Scripts/f2py.exe:__main__.py assumed to contain no DAGs. Skipping.
[2025-03-28T11:53:05.348+0000] {processor.py:927} WARNING - No viable dags retrieved from /opt/airflow/dags/env/Scripts/f2py.exe
[2025-03-28T11:53:05.394+0000] {processor.py:208} INFO - Processing /opt/airflow/dags/env/Scripts/f2py.exe took 0.121 seconds
[2025-03-28T12:52:11.450+0000] {processor.py:186} INFO - Started process (PID=1803) to work on /opt/airflow/dags/env/Scripts/f2py.exe
[2025-03-28T12:52:11.451+0000] {processor.py:914} INFO - Processing file /opt/airflow/dags/env/Scripts/f2py.exe for tasks to queue
[2025-03-28T12:52:11.453+0000] {logging_mixin.py:190} INFO - [2025-03-28T12:52:11.453+0000] {dagbag.py:588} INFO - Filling up the DagBag from /opt/airflow/dags/env/Scripts/f2py.exe
[2025-03-28T12:52:11.466+0000] {logging_mixin.py:190} INFO - [2025-03-28T12:52:11.466+0000] {dagbag.py:435} INFO - File /opt/airflow/dags/env/Scripts/f2py.exe:__main__.py assumed to contain no DAGs. Skipping.
[2025-03-28T12:52:11.467+0000] {processor.py:927} WARNING - No viable dags retrieved from /opt/airflow/dags/env/Scripts/f2py.exe
[2025-03-28T12:52:11.493+0000] {processor.py:208} INFO - Processing /opt/airflow/dags/env/Scripts/f2py.exe took 0.055 seconds
[2025-03-28T12:52:42.633+0000] {processor.py:186} INFO - Started process (PID=1827) to work on /opt/airflow/dags/env/Scripts/f2py.exe
[2025-03-28T12:52:42.635+0000] {processor.py:914} INFO - Processing file /opt/airflow/dags/env/Scripts/f2py.exe for tasks to queue
[2025-03-28T12:52:42.637+0000] {logging_mixin.py:190} INFO - [2025-03-28T12:52:42.636+0000] {dagbag.py:588} INFO - Filling up the DagBag from /opt/airflow/dags/env/Scripts/f2py.exe
[2025-03-28T12:52:42.649+0000] {logging_mixin.py:190} INFO - [2025-03-28T12:52:42.649+0000] {dagbag.py:435} INFO - File /opt/airflow/dags/env/Scripts/f2py.exe:__main__.py assumed to contain no DAGs. Skipping.
[2025-03-28T12:52:42.650+0000] {processor.py:927} WARNING - No viable dags retrieved from /opt/airflow/dags/env/Scripts/f2py.exe
[2025-03-28T12:52:42.674+0000] {processor.py:208} INFO - Processing /opt/airflow/dags/env/Scripts/f2py.exe took 0.053 seconds
[2025-03-28T12:57:03.004+0000] {processor.py:186} INFO - Started process (PID=1853) to work on /opt/airflow/dags/env/Scripts/f2py.exe
[2025-03-28T12:57:03.005+0000] {processor.py:914} INFO - Processing file /opt/airflow/dags/env/Scripts/f2py.exe for tasks to queue
[2025-03-28T12:57:03.007+0000] {logging_mixin.py:190} INFO - [2025-03-28T12:57:03.007+0000] {dagbag.py:588} INFO - Filling up the DagBag from /opt/airflow/dags/env/Scripts/f2py.exe
[2025-03-28T12:57:03.020+0000] {logging_mixin.py:190} INFO - [2025-03-28T12:57:03.020+0000] {dagbag.py:435} INFO - File /opt/airflow/dags/env/Scripts/f2py.exe:__main__.py assumed to contain no DAGs. Skipping.
[2025-03-28T12:57:03.021+0000] {processor.py:927} WARNING - No viable dags retrieved from /opt/airflow/dags/env/Scripts/f2py.exe
[2025-03-28T12:57:03.043+0000] {processor.py:208} INFO - Processing /opt/airflow/dags/env/Scripts/f2py.exe took 0.052 seconds
[2025-03-28T12:57:34.219+0000] {processor.py:186} INFO - Started process (PID=1877) to work on /opt/airflow/dags/env/Scripts/f2py.exe
[2025-03-28T12:57:34.220+0000] {processor.py:914} INFO - Processing file /opt/airflow/dags/env/Scripts/f2py.exe for tasks to queue
[2025-03-28T12:57:34.222+0000] {logging_mixin.py:190} INFO - [2025-03-28T12:57:34.222+0000] {dagbag.py:588} INFO - Filling up the DagBag from /opt/airflow/dags/env/Scripts/f2py.exe
[2025-03-28T12:57:34.234+0000] {logging_mixin.py:190} INFO - [2025-03-28T12:57:34.234+0000] {dagbag.py:435} INFO - File /opt/airflow/dags/env/Scripts/f2py.exe:__main__.py assumed to contain no DAGs. Skipping.
[2025-03-28T12:57:34.235+0000] {processor.py:927} WARNING - No viable dags retrieved from /opt/airflow/dags/env/Scripts/f2py.exe
[2025-03-28T12:57:34.266+0000] {processor.py:208} INFO - Processing /opt/airflow/dags/env/Scripts/f2py.exe took 0.060 seconds
[2025-03-28T13:02:04.837+0000] {processor.py:186} INFO - Started process (PID=1906) to work on /opt/airflow/dags/env/Scripts/f2py.exe
[2025-03-28T13:02:04.838+0000] {processor.py:914} INFO - Processing file /opt/airflow/dags/env/Scripts/f2py.exe for tasks to queue
[2025-03-28T13:02:04.841+0000] {logging_mixin.py:190} INFO - [2025-03-28T13:02:04.841+0000] {dagbag.py:588} INFO - Filling up the DagBag from /opt/airflow/dags/env/Scripts/f2py.exe
[2025-03-28T13:02:04.858+0000] {logging_mixin.py:190} INFO - [2025-03-28T13:02:04.858+0000] {dagbag.py:435} INFO - File /opt/airflow/dags/env/Scripts/f2py.exe:__main__.py assumed to contain no DAGs. Skipping.
[2025-03-28T13:02:04.860+0000] {processor.py:927} WARNING - No viable dags retrieved from /opt/airflow/dags/env/Scripts/f2py.exe
[2025-03-28T13:02:04.890+0000] {processor.py:208} INFO - Processing /opt/airflow/dags/env/Scripts/f2py.exe took 0.069 seconds
[2025-03-28T13:02:36.096+0000] {processor.py:186} INFO - Started process (PID=1930) to work on /opt/airflow/dags/env/Scripts/f2py.exe
[2025-03-28T13:02:36.097+0000] {processor.py:914} INFO - Processing file /opt/airflow/dags/env/Scripts/f2py.exe for tasks to queue
[2025-03-28T13:02:36.099+0000] {logging_mixin.py:190} INFO - [2025-03-28T13:02:36.098+0000] {dagbag.py:588} INFO - Filling up the DagBag from /opt/airflow/dags/env/Scripts/f2py.exe
[2025-03-28T13:02:36.110+0000] {logging_mixin.py:190} INFO - [2025-03-28T13:02:36.109+0000] {dagbag.py:435} INFO - File /opt/airflow/dags/env/Scripts/f2py.exe:__main__.py assumed to contain no DAGs. Skipping.
[2025-03-28T13:02:36.110+0000] {processor.py:927} WARNING - No viable dags retrieved from /opt/airflow/dags/env/Scripts/f2py.exe
[2025-03-28T13:02:36.132+0000] {processor.py:208} INFO - Processing /opt/airflow/dags/env/Scripts/f2py.exe took 0.047 seconds
[2025-03-28T13:07:02.351+0000] {processor.py:186} INFO - Started process (PID=1957) to work on /opt/airflow/dags/env/Scripts/f2py.exe
[2025-03-28T13:07:02.352+0000] {processor.py:914} INFO - Processing file /opt/airflow/dags/env/Scripts/f2py.exe for tasks to queue
[2025-03-28T13:07:02.354+0000] {logging_mixin.py:190} INFO - [2025-03-28T13:07:02.353+0000] {dagbag.py:588} INFO - Filling up the DagBag from /opt/airflow/dags/env/Scripts/f2py.exe
[2025-03-28T13:07:02.369+0000] {logging_mixin.py:190} INFO - [2025-03-28T13:07:02.369+0000] {dagbag.py:435} INFO - File /opt/airflow/dags/env/Scripts/f2py.exe:__main__.py assumed to contain no DAGs. Skipping.
[2025-03-28T13:07:02.370+0000] {processor.py:927} WARNING - No viable dags retrieved from /opt/airflow/dags/env/Scripts/f2py.exe
[2025-03-28T13:07:02.397+0000] {processor.py:208} INFO - Processing /opt/airflow/dags/env/Scripts/f2py.exe took 0.057 seconds
[2025-03-28T13:07:33.997+0000] {processor.py:186} INFO - Started process (PID=1981) to work on /opt/airflow/dags/env/Scripts/f2py.exe
[2025-03-28T13:07:33.999+0000] {processor.py:914} INFO - Processing file /opt/airflow/dags/env/Scripts/f2py.exe for tasks to queue
[2025-03-28T13:07:34.001+0000] {logging_mixin.py:190} INFO - [2025-03-28T13:07:34.000+0000] {dagbag.py:588} INFO - Filling up the DagBag from /opt/airflow/dags/env/Scripts/f2py.exe
[2025-03-28T13:07:34.013+0000] {logging_mixin.py:190} INFO - [2025-03-28T13:07:34.013+0000] {dagbag.py:435} INFO - File /opt/airflow/dags/env/Scripts/f2py.exe:__main__.py assumed to contain no DAGs. Skipping.
[2025-03-28T13:07:34.014+0000] {processor.py:927} WARNING - No viable dags retrieved from /opt/airflow/dags/env/Scripts/f2py.exe
[2025-03-28T13:07:34.037+0000] {processor.py:208} INFO - Processing /opt/airflow/dags/env/Scripts/f2py.exe took 0.051 seconds
[2025-03-28T13:11:59.826+0000] {processor.py:186} INFO - Started process (PID=2011) to work on /opt/airflow/dags/env/Scripts/f2py.exe
[2025-03-28T13:11:59.827+0000] {processor.py:914} INFO - Processing file /opt/airflow/dags/env/Scripts/f2py.exe for tasks to queue
[2025-03-28T13:11:59.829+0000] {logging_mixin.py:190} INFO - [2025-03-28T13:11:59.829+0000] {dagbag.py:588} INFO - Filling up the DagBag from /opt/airflow/dags/env/Scripts/f2py.exe
[2025-03-28T13:11:59.842+0000] {logging_mixin.py:190} INFO - [2025-03-28T13:11:59.841+0000] {dagbag.py:435} INFO - File /opt/airflow/dags/env/Scripts/f2py.exe:__main__.py assumed to contain no DAGs. Skipping.
[2025-03-28T13:11:59.843+0000] {processor.py:927} WARNING - No viable dags retrieved from /opt/airflow/dags/env/Scripts/f2py.exe
[2025-03-28T13:11:59.868+0000] {processor.py:208} INFO - Processing /opt/airflow/dags/env/Scripts/f2py.exe took 0.053 seconds
[2025-03-28T13:12:31.446+0000] {processor.py:186} INFO - Started process (PID=2035) to work on /opt/airflow/dags/env/Scripts/f2py.exe
[2025-03-28T13:12:31.447+0000] {processor.py:914} INFO - Processing file /opt/airflow/dags/env/Scripts/f2py.exe for tasks to queue
[2025-03-28T13:12:31.449+0000] {logging_mixin.py:190} INFO - [2025-03-28T13:12:31.449+0000] {dagbag.py:588} INFO - Filling up the DagBag from /opt/airflow/dags/env/Scripts/f2py.exe
[2025-03-28T13:12:31.461+0000] {logging_mixin.py:190} INFO - [2025-03-28T13:12:31.461+0000] {dagbag.py:435} INFO - File /opt/airflow/dags/env/Scripts/f2py.exe:__main__.py assumed to contain no DAGs. Skipping.
[2025-03-28T13:12:31.462+0000] {processor.py:927} WARNING - No viable dags retrieved from /opt/airflow/dags/env/Scripts/f2py.exe
[2025-03-28T13:12:31.483+0000] {processor.py:208} INFO - Processing /opt/airflow/dags/env/Scripts/f2py.exe took 0.049 seconds
[2025-03-28T13:17:04.680+0000] {processor.py:186} INFO - Started process (PID=2067) to work on /opt/airflow/dags/env/Scripts/f2py.exe
[2025-03-28T13:17:04.682+0000] {processor.py:914} INFO - Processing file /opt/airflow/dags/env/Scripts/f2py.exe for tasks to queue
[2025-03-28T13:17:04.683+0000] {logging_mixin.py:190} INFO - [2025-03-28T13:17:04.683+0000] {dagbag.py:588} INFO - Filling up the DagBag from /opt/airflow/dags/env/Scripts/f2py.exe
[2025-03-28T13:17:04.695+0000] {logging_mixin.py:190} INFO - [2025-03-28T13:17:04.694+0000] {dagbag.py:435} INFO - File /opt/airflow/dags/env/Scripts/f2py.exe:__main__.py assumed to contain no DAGs. Skipping.
[2025-03-28T13:17:04.696+0000] {processor.py:927} WARNING - No viable dags retrieved from /opt/airflow/dags/env/Scripts/f2py.exe
[2025-03-28T13:17:04.716+0000] {processor.py:208} INFO - Processing /opt/airflow/dags/env/Scripts/f2py.exe took 0.047 seconds
[2025-03-28T13:17:36.687+0000] {processor.py:186} INFO - Started process (PID=2091) to work on /opt/airflow/dags/env/Scripts/f2py.exe
[2025-03-28T13:17:36.688+0000] {processor.py:914} INFO - Processing file /opt/airflow/dags/env/Scripts/f2py.exe for tasks to queue
[2025-03-28T13:17:36.691+0000] {logging_mixin.py:190} INFO - [2025-03-28T13:17:36.690+0000] {dagbag.py:588} INFO - Filling up the DagBag from /opt/airflow/dags/env/Scripts/f2py.exe
[2025-03-28T13:17:36.710+0000] {logging_mixin.py:190} INFO - [2025-03-28T13:17:36.709+0000] {dagbag.py:435} INFO - File /opt/airflow/dags/env/Scripts/f2py.exe:__main__.py assumed to contain no DAGs. Skipping.
[2025-03-28T13:17:36.712+0000] {processor.py:927} WARNING - No viable dags retrieved from /opt/airflow/dags/env/Scripts/f2py.exe
[2025-03-28T13:17:36.742+0000] {processor.py:208} INFO - Processing /opt/airflow/dags/env/Scripts/f2py.exe took 0.067 seconds
[2025-03-28T13:22:05.067+0000] {processor.py:186} INFO - Started process (PID=2119) to work on /opt/airflow/dags/env/Scripts/f2py.exe
[2025-03-28T13:22:05.069+0000] {processor.py:914} INFO - Processing file /opt/airflow/dags/env/Scripts/f2py.exe for tasks to queue
[2025-03-28T13:22:05.070+0000] {logging_mixin.py:190} INFO - [2025-03-28T13:22:05.070+0000] {dagbag.py:588} INFO - Filling up the DagBag from /opt/airflow/dags/env/Scripts/f2py.exe
[2025-03-28T13:22:05.082+0000] {logging_mixin.py:190} INFO - [2025-03-28T13:22:05.081+0000] {dagbag.py:435} INFO - File /opt/airflow/dags/env/Scripts/f2py.exe:__main__.py assumed to contain no DAGs. Skipping.
[2025-03-28T13:22:05.083+0000] {processor.py:927} WARNING - No viable dags retrieved from /opt/airflow/dags/env/Scripts/f2py.exe
[2025-03-28T13:22:05.105+0000] {processor.py:208} INFO - Processing /opt/airflow/dags/env/Scripts/f2py.exe took 0.050 seconds
[2025-03-28T13:22:37.599+0000] {processor.py:186} INFO - Started process (PID=2143) to work on /opt/airflow/dags/env/Scripts/f2py.exe
[2025-03-28T13:22:37.600+0000] {processor.py:914} INFO - Processing file /opt/airflow/dags/env/Scripts/f2py.exe for tasks to queue
[2025-03-28T13:22:37.602+0000] {logging_mixin.py:190} INFO - [2025-03-28T13:22:37.602+0000] {dagbag.py:588} INFO - Filling up the DagBag from /opt/airflow/dags/env/Scripts/f2py.exe
[2025-03-28T13:22:37.614+0000] {logging_mixin.py:190} INFO - [2025-03-28T13:22:37.614+0000] {dagbag.py:435} INFO - File /opt/airflow/dags/env/Scripts/f2py.exe:__main__.py assumed to contain no DAGs. Skipping.
[2025-03-28T13:22:37.615+0000] {processor.py:927} WARNING - No viable dags retrieved from /opt/airflow/dags/env/Scripts/f2py.exe
[2025-03-28T13:22:37.636+0000] {processor.py:208} INFO - Processing /opt/airflow/dags/env/Scripts/f2py.exe took 0.048 seconds
[2025-03-28T13:27:00.979+0000] {processor.py:186} INFO - Started process (PID=2171) to work on /opt/airflow/dags/env/Scripts/f2py.exe
[2025-03-28T13:27:00.980+0000] {processor.py:914} INFO - Processing file /opt/airflow/dags/env/Scripts/f2py.exe for tasks to queue
[2025-03-28T13:27:00.982+0000] {logging_mixin.py:190} INFO - [2025-03-28T13:27:00.981+0000] {dagbag.py:588} INFO - Filling up the DagBag from /opt/airflow/dags/env/Scripts/f2py.exe
[2025-03-28T13:27:00.995+0000] {logging_mixin.py:190} INFO - [2025-03-28T13:27:00.994+0000] {dagbag.py:435} INFO - File /opt/airflow/dags/env/Scripts/f2py.exe:__main__.py assumed to contain no DAGs. Skipping.
[2025-03-28T13:27:00.996+0000] {processor.py:927} WARNING - No viable dags retrieved from /opt/airflow/dags/env/Scripts/f2py.exe
[2025-03-28T13:27:01.019+0000] {processor.py:208} INFO - Processing /opt/airflow/dags/env/Scripts/f2py.exe took 0.053 seconds
[2025-03-28T13:27:32.686+0000] {processor.py:186} INFO - Started process (PID=2195) to work on /opt/airflow/dags/env/Scripts/f2py.exe
[2025-03-28T13:27:32.688+0000] {processor.py:914} INFO - Processing file /opt/airflow/dags/env/Scripts/f2py.exe for tasks to queue
[2025-03-28T13:27:32.690+0000] {logging_mixin.py:190} INFO - [2025-03-28T13:27:32.689+0000] {dagbag.py:588} INFO - Filling up the DagBag from /opt/airflow/dags/env/Scripts/f2py.exe
[2025-03-28T13:27:32.704+0000] {logging_mixin.py:190} INFO - [2025-03-28T13:27:32.704+0000] {dagbag.py:435} INFO - File /opt/airflow/dags/env/Scripts/f2py.exe:__main__.py assumed to contain no DAGs. Skipping.
[2025-03-28T13:27:32.705+0000] {processor.py:927} WARNING - No viable dags retrieved from /opt/airflow/dags/env/Scripts/f2py.exe
[2025-03-28T13:27:32.727+0000] {processor.py:208} INFO - Processing /opt/airflow/dags/env/Scripts/f2py.exe took 0.052 seconds
[2025-03-28T13:32:03.512+0000] {processor.py:186} INFO - Started process (PID=2227) to work on /opt/airflow/dags/env/Scripts/f2py.exe
[2025-03-28T13:32:03.514+0000] {processor.py:914} INFO - Processing file /opt/airflow/dags/env/Scripts/f2py.exe for tasks to queue
[2025-03-28T13:32:03.516+0000] {logging_mixin.py:190} INFO - [2025-03-28T13:32:03.515+0000] {dagbag.py:588} INFO - Filling up the DagBag from /opt/airflow/dags/env/Scripts/f2py.exe
[2025-03-28T13:32:03.530+0000] {logging_mixin.py:190} INFO - [2025-03-28T13:32:03.529+0000] {dagbag.py:435} INFO - File /opt/airflow/dags/env/Scripts/f2py.exe:__main__.py assumed to contain no DAGs. Skipping.
[2025-03-28T13:32:03.531+0000] {processor.py:927} WARNING - No viable dags retrieved from /opt/airflow/dags/env/Scripts/f2py.exe
[2025-03-28T13:32:03.553+0000] {processor.py:208} INFO - Processing /opt/airflow/dags/env/Scripts/f2py.exe took 0.053 seconds
[2025-03-28T13:32:35.096+0000] {processor.py:186} INFO - Started process (PID=2251) to work on /opt/airflow/dags/env/Scripts/f2py.exe
[2025-03-28T13:32:35.097+0000] {processor.py:914} INFO - Processing file /opt/airflow/dags/env/Scripts/f2py.exe for tasks to queue
[2025-03-28T13:32:35.099+0000] {logging_mixin.py:190} INFO - [2025-03-28T13:32:35.098+0000] {dagbag.py:588} INFO - Filling up the DagBag from /opt/airflow/dags/env/Scripts/f2py.exe
[2025-03-28T13:32:35.112+0000] {logging_mixin.py:190} INFO - [2025-03-28T13:32:35.111+0000] {dagbag.py:435} INFO - File /opt/airflow/dags/env/Scripts/f2py.exe:__main__.py assumed to contain no DAGs. Skipping.
[2025-03-28T13:32:35.113+0000] {processor.py:927} WARNING - No viable dags retrieved from /opt/airflow/dags/env/Scripts/f2py.exe
[2025-03-28T13:32:35.134+0000] {processor.py:208} INFO - Processing /opt/airflow/dags/env/Scripts/f2py.exe took 0.050 seconds
[2025-03-28T13:37:06.723+0000] {processor.py:186} INFO - Started process (PID=2281) to work on /opt/airflow/dags/env/Scripts/f2py.exe
[2025-03-28T13:37:06.724+0000] {processor.py:914} INFO - Processing file /opt/airflow/dags/env/Scripts/f2py.exe for tasks to queue
[2025-03-28T13:37:06.726+0000] {logging_mixin.py:190} INFO - [2025-03-28T13:37:06.726+0000] {dagbag.py:588} INFO - Filling up the DagBag from /opt/airflow/dags/env/Scripts/f2py.exe
[2025-03-28T13:37:06.740+0000] {logging_mixin.py:190} INFO - [2025-03-28T13:37:06.739+0000] {dagbag.py:435} INFO - File /opt/airflow/dags/env/Scripts/f2py.exe:__main__.py assumed to contain no DAGs. Skipping.
[2025-03-28T13:37:06.741+0000] {processor.py:927} WARNING - No viable dags retrieved from /opt/airflow/dags/env/Scripts/f2py.exe
[2025-03-28T13:37:06.774+0000] {processor.py:208} INFO - Processing /opt/airflow/dags/env/Scripts/f2py.exe took 0.063 seconds
[2025-03-28T13:37:38.661+0000] {processor.py:186} INFO - Started process (PID=2305) to work on /opt/airflow/dags/env/Scripts/f2py.exe
[2025-03-28T13:37:38.663+0000] {processor.py:914} INFO - Processing file /opt/airflow/dags/env/Scripts/f2py.exe for tasks to queue
[2025-03-28T13:37:38.665+0000] {logging_mixin.py:190} INFO - [2025-03-28T13:37:38.664+0000] {dagbag.py:588} INFO - Filling up the DagBag from /opt/airflow/dags/env/Scripts/f2py.exe
[2025-03-28T13:37:38.680+0000] {logging_mixin.py:190} INFO - [2025-03-28T13:37:38.680+0000] {dagbag.py:435} INFO - File /opt/airflow/dags/env/Scripts/f2py.exe:__main__.py assumed to contain no DAGs. Skipping.
[2025-03-28T13:37:38.681+0000] {processor.py:927} WARNING - No viable dags retrieved from /opt/airflow/dags/env/Scripts/f2py.exe
[2025-03-28T13:37:38.706+0000] {processor.py:208} INFO - Processing /opt/airflow/dags/env/Scripts/f2py.exe took 0.063 seconds
[2025-03-28T13:42:01.641+0000] {processor.py:186} INFO - Started process (PID=2332) to work on /opt/airflow/dags/env/Scripts/f2py.exe
[2025-03-28T13:42:01.642+0000] {processor.py:914} INFO - Processing file /opt/airflow/dags/env/Scripts/f2py.exe for tasks to queue
[2025-03-28T13:42:01.645+0000] {logging_mixin.py:190} INFO - [2025-03-28T13:42:01.644+0000] {dagbag.py:588} INFO - Filling up the DagBag from /opt/airflow/dags/env/Scripts/f2py.exe
[2025-03-28T13:42:01.658+0000] {logging_mixin.py:190} INFO - [2025-03-28T13:42:01.657+0000] {dagbag.py:435} INFO - File /opt/airflow/dags/env/Scripts/f2py.exe:__main__.py assumed to contain no DAGs. Skipping.
[2025-03-28T13:42:01.659+0000] {processor.py:927} WARNING - No viable dags retrieved from /opt/airflow/dags/env/Scripts/f2py.exe
[2025-03-28T13:42:01.679+0000] {processor.py:208} INFO - Processing /opt/airflow/dags/env/Scripts/f2py.exe took 0.050 seconds
[2025-03-28T13:42:34.340+0000] {processor.py:186} INFO - Started process (PID=2356) to work on /opt/airflow/dags/env/Scripts/f2py.exe
[2025-03-28T13:42:34.341+0000] {processor.py:914} INFO - Processing file /opt/airflow/dags/env/Scripts/f2py.exe for tasks to queue
[2025-03-28T13:42:34.344+0000] {logging_mixin.py:190} INFO - [2025-03-28T13:42:34.343+0000] {dagbag.py:588} INFO - Filling up the DagBag from /opt/airflow/dags/env/Scripts/f2py.exe
[2025-03-28T13:42:34.362+0000] {logging_mixin.py:190} INFO - [2025-03-28T13:42:34.362+0000] {dagbag.py:435} INFO - File /opt/airflow/dags/env/Scripts/f2py.exe:__main__.py assumed to contain no DAGs. Skipping.
[2025-03-28T13:42:34.364+0000] {processor.py:927} WARNING - No viable dags retrieved from /opt/airflow/dags/env/Scripts/f2py.exe
[2025-03-28T13:42:34.386+0000] {processor.py:208} INFO - Processing /opt/airflow/dags/env/Scripts/f2py.exe took 0.061 seconds
[2025-03-28T13:47:00.679+0000] {processor.py:186} INFO - Started process (PID=2387) to work on /opt/airflow/dags/env/Scripts/f2py.exe
[2025-03-28T13:47:00.680+0000] {processor.py:914} INFO - Processing file /opt/airflow/dags/env/Scripts/f2py.exe for tasks to queue
[2025-03-28T13:47:00.682+0000] {logging_mixin.py:190} INFO - [2025-03-28T13:47:00.682+0000] {dagbag.py:588} INFO - Filling up the DagBag from /opt/airflow/dags/env/Scripts/f2py.exe
[2025-03-28T13:47:00.696+0000] {logging_mixin.py:190} INFO - [2025-03-28T13:47:00.695+0000] {dagbag.py:435} INFO - File /opt/airflow/dags/env/Scripts/f2py.exe:__main__.py assumed to contain no DAGs. Skipping.
[2025-03-28T13:47:00.697+0000] {processor.py:927} WARNING - No viable dags retrieved from /opt/airflow/dags/env/Scripts/f2py.exe
[2025-03-28T13:47:00.721+0000] {processor.py:208} INFO - Processing /opt/airflow/dags/env/Scripts/f2py.exe took 0.053 seconds
[2025-03-28T13:47:31.255+0000] {processor.py:186} INFO - Started process (PID=2411) to work on /opt/airflow/dags/env/Scripts/f2py.exe
[2025-03-28T13:47:31.256+0000] {processor.py:914} INFO - Processing file /opt/airflow/dags/env/Scripts/f2py.exe for tasks to queue
[2025-03-28T13:47:31.258+0000] {logging_mixin.py:190} INFO - [2025-03-28T13:47:31.258+0000] {dagbag.py:588} INFO - Filling up the DagBag from /opt/airflow/dags/env/Scripts/f2py.exe
[2025-03-28T13:47:31.272+0000] {logging_mixin.py:190} INFO - [2025-03-28T13:47:31.272+0000] {dagbag.py:435} INFO - File /opt/airflow/dags/env/Scripts/f2py.exe:__main__.py assumed to contain no DAGs. Skipping.
[2025-03-28T13:47:31.273+0000] {processor.py:927} WARNING - No viable dags retrieved from /opt/airflow/dags/env/Scripts/f2py.exe
[2025-03-28T13:47:31.296+0000] {processor.py:208} INFO - Processing /opt/airflow/dags/env/Scripts/f2py.exe took 0.053 seconds
[2025-03-28T13:52:03.524+0000] {processor.py:186} INFO - Started process (PID=2445) to work on /opt/airflow/dags/env/Scripts/f2py.exe
[2025-03-28T13:52:03.526+0000] {processor.py:914} INFO - Processing file /opt/airflow/dags/env/Scripts/f2py.exe for tasks to queue
[2025-03-28T13:52:03.528+0000] {logging_mixin.py:190} INFO - [2025-03-28T13:52:03.527+0000] {dagbag.py:588} INFO - Filling up the DagBag from /opt/airflow/dags/env/Scripts/f2py.exe
[2025-03-28T13:52:03.545+0000] {logging_mixin.py:190} INFO - [2025-03-28T13:52:03.544+0000] {dagbag.py:435} INFO - File /opt/airflow/dags/env/Scripts/f2py.exe:__main__.py assumed to contain no DAGs. Skipping.
[2025-03-28T13:52:03.546+0000] {processor.py:927} WARNING - No viable dags retrieved from /opt/airflow/dags/env/Scripts/f2py.exe
[2025-03-28T13:52:03.580+0000] {processor.py:208} INFO - Processing /opt/airflow/dags/env/Scripts/f2py.exe took 0.072 seconds
[2025-03-28T13:52:34.959+0000] {processor.py:186} INFO - Started process (PID=2469) to work on /opt/airflow/dags/env/Scripts/f2py.exe
[2025-03-28T13:52:34.961+0000] {processor.py:914} INFO - Processing file /opt/airflow/dags/env/Scripts/f2py.exe for tasks to queue
[2025-03-28T13:52:34.963+0000] {logging_mixin.py:190} INFO - [2025-03-28T13:52:34.963+0000] {dagbag.py:588} INFO - Filling up the DagBag from /opt/airflow/dags/env/Scripts/f2py.exe
[2025-03-28T13:52:34.976+0000] {logging_mixin.py:190} INFO - [2025-03-28T13:52:34.976+0000] {dagbag.py:435} INFO - File /opt/airflow/dags/env/Scripts/f2py.exe:__main__.py assumed to contain no DAGs. Skipping.
[2025-03-28T13:52:34.977+0000] {processor.py:927} WARNING - No viable dags retrieved from /opt/airflow/dags/env/Scripts/f2py.exe
[2025-03-28T13:52:35.001+0000] {processor.py:208} INFO - Processing /opt/airflow/dags/env/Scripts/f2py.exe took 0.054 seconds
[2025-03-28T13:57:06.548+0000] {processor.py:186} INFO - Started process (PID=2500) to work on /opt/airflow/dags/env/Scripts/f2py.exe
[2025-03-28T13:57:06.550+0000] {processor.py:914} INFO - Processing file /opt/airflow/dags/env/Scripts/f2py.exe for tasks to queue
[2025-03-28T13:57:06.552+0000] {logging_mixin.py:190} INFO - [2025-03-28T13:57:06.551+0000] {dagbag.py:588} INFO - Filling up the DagBag from /opt/airflow/dags/env/Scripts/f2py.exe
[2025-03-28T13:57:06.570+0000] {logging_mixin.py:190} INFO - [2025-03-28T13:57:06.570+0000] {dagbag.py:435} INFO - File /opt/airflow/dags/env/Scripts/f2py.exe:__main__.py assumed to contain no DAGs. Skipping.
[2025-03-28T13:57:06.571+0000] {processor.py:927} WARNING - No viable dags retrieved from /opt/airflow/dags/env/Scripts/f2py.exe
[2025-03-28T13:57:06.600+0000] {processor.py:208} INFO - Processing /opt/airflow/dags/env/Scripts/f2py.exe took 0.067 seconds
[2025-03-28T13:57:38.180+0000] {processor.py:186} INFO - Started process (PID=2524) to work on /opt/airflow/dags/env/Scripts/f2py.exe
[2025-03-28T13:57:38.182+0000] {processor.py:914} INFO - Processing file /opt/airflow/dags/env/Scripts/f2py.exe for tasks to queue
[2025-03-28T13:57:38.184+0000] {logging_mixin.py:190} INFO - [2025-03-28T13:57:38.183+0000] {dagbag.py:588} INFO - Filling up the DagBag from /opt/airflow/dags/env/Scripts/f2py.exe
[2025-03-28T13:57:38.196+0000] {logging_mixin.py:190} INFO - [2025-03-28T13:57:38.196+0000] {dagbag.py:435} INFO - File /opt/airflow/dags/env/Scripts/f2py.exe:__main__.py assumed to contain no DAGs. Skipping.
[2025-03-28T13:57:38.197+0000] {processor.py:927} WARNING - No viable dags retrieved from /opt/airflow/dags/env/Scripts/f2py.exe
[2025-03-28T13:57:38.228+0000] {processor.py:208} INFO - Processing /opt/airflow/dags/env/Scripts/f2py.exe took 0.062 seconds
[2025-03-28T14:02:03.734+0000] {processor.py:186} INFO - Started process (PID=2553) to work on /opt/airflow/dags/env/Scripts/f2py.exe
[2025-03-28T14:02:03.736+0000] {processor.py:914} INFO - Processing file /opt/airflow/dags/env/Scripts/f2py.exe for tasks to queue
[2025-03-28T14:02:03.738+0000] {logging_mixin.py:190} INFO - [2025-03-28T14:02:03.737+0000] {dagbag.py:588} INFO - Filling up the DagBag from /opt/airflow/dags/env/Scripts/f2py.exe
[2025-03-28T14:02:03.751+0000] {logging_mixin.py:190} INFO - [2025-03-28T14:02:03.751+0000] {dagbag.py:435} INFO - File /opt/airflow/dags/env/Scripts/f2py.exe:__main__.py assumed to contain no DAGs. Skipping.
[2025-03-28T14:02:03.752+0000] {processor.py:927} WARNING - No viable dags retrieved from /opt/airflow/dags/env/Scripts/f2py.exe
[2025-03-28T14:02:03.777+0000] {processor.py:208} INFO - Processing /opt/airflow/dags/env/Scripts/f2py.exe took 0.056 seconds
[2025-03-28T14:02:35.428+0000] {processor.py:186} INFO - Started process (PID=2577) to work on /opt/airflow/dags/env/Scripts/f2py.exe
[2025-03-28T14:02:35.429+0000] {processor.py:914} INFO - Processing file /opt/airflow/dags/env/Scripts/f2py.exe for tasks to queue
[2025-03-28T14:02:35.431+0000] {logging_mixin.py:190} INFO - [2025-03-28T14:02:35.431+0000] {dagbag.py:588} INFO - Filling up the DagBag from /opt/airflow/dags/env/Scripts/f2py.exe
[2025-03-28T14:02:35.445+0000] {logging_mixin.py:190} INFO - [2025-03-28T14:02:35.444+0000] {dagbag.py:435} INFO - File /opt/airflow/dags/env/Scripts/f2py.exe:__main__.py assumed to contain no DAGs. Skipping.
[2025-03-28T14:02:35.446+0000] {processor.py:927} WARNING - No viable dags retrieved from /opt/airflow/dags/env/Scripts/f2py.exe
[2025-03-28T14:02:35.468+0000] {processor.py:208} INFO - Processing /opt/airflow/dags/env/Scripts/f2py.exe took 0.052 seconds
[2025-03-28T14:07:07.515+0000] {processor.py:186} INFO - Started process (PID=2608) to work on /opt/airflow/dags/env/Scripts/f2py.exe
[2025-03-28T14:07:07.516+0000] {processor.py:914} INFO - Processing file /opt/airflow/dags/env/Scripts/f2py.exe for tasks to queue
[2025-03-28T14:07:07.518+0000] {logging_mixin.py:190} INFO - [2025-03-28T14:07:07.518+0000] {dagbag.py:588} INFO - Filling up the DagBag from /opt/airflow/dags/env/Scripts/f2py.exe
[2025-03-28T14:07:07.529+0000] {logging_mixin.py:190} INFO - [2025-03-28T14:07:07.529+0000] {dagbag.py:435} INFO - File /opt/airflow/dags/env/Scripts/f2py.exe:__main__.py assumed to contain no DAGs. Skipping.
[2025-03-28T14:07:07.531+0000] {processor.py:927} WARNING - No viable dags retrieved from /opt/airflow/dags/env/Scripts/f2py.exe
[2025-03-28T14:07:07.552+0000] {processor.py:208} INFO - Processing /opt/airflow/dags/env/Scripts/f2py.exe took 0.048 seconds
[2025-03-28T14:07:39.645+0000] {processor.py:186} INFO - Started process (PID=2632) to work on /opt/airflow/dags/env/Scripts/f2py.exe
[2025-03-28T14:07:39.647+0000] {processor.py:914} INFO - Processing file /opt/airflow/dags/env/Scripts/f2py.exe for tasks to queue
[2025-03-28T14:07:39.648+0000] {logging_mixin.py:190} INFO - [2025-03-28T14:07:39.648+0000] {dagbag.py:588} INFO - Filling up the DagBag from /opt/airflow/dags/env/Scripts/f2py.exe
[2025-03-28T14:07:39.660+0000] {logging_mixin.py:190} INFO - [2025-03-28T14:07:39.659+0000] {dagbag.py:435} INFO - File /opt/airflow/dags/env/Scripts/f2py.exe:__main__.py assumed to contain no DAGs. Skipping.
[2025-03-28T14:07:39.661+0000] {processor.py:927} WARNING - No viable dags retrieved from /opt/airflow/dags/env/Scripts/f2py.exe
[2025-03-28T14:07:39.680+0000] {processor.py:208} INFO - Processing /opt/airflow/dags/env/Scripts/f2py.exe took 0.048 seconds
[2025-03-28T14:12:07.604+0000] {processor.py:186} INFO - Started process (PID=2660) to work on /opt/airflow/dags/env/Scripts/f2py.exe
[2025-03-28T14:12:07.605+0000] {processor.py:914} INFO - Processing file /opt/airflow/dags/env/Scripts/f2py.exe for tasks to queue
[2025-03-28T14:12:07.608+0000] {logging_mixin.py:190} INFO - [2025-03-28T14:12:07.607+0000] {dagbag.py:588} INFO - Filling up the DagBag from /opt/airflow/dags/env/Scripts/f2py.exe
[2025-03-28T14:12:07.622+0000] {logging_mixin.py:190} INFO - [2025-03-28T14:12:07.622+0000] {dagbag.py:435} INFO - File /opt/airflow/dags/env/Scripts/f2py.exe:__main__.py assumed to contain no DAGs. Skipping.
[2025-03-28T14:12:07.623+0000] {processor.py:927} WARNING - No viable dags retrieved from /opt/airflow/dags/env/Scripts/f2py.exe
[2025-03-28T14:12:07.648+0000] {processor.py:208} INFO - Processing /opt/airflow/dags/env/Scripts/f2py.exe took 0.056 seconds
[2025-03-28T14:12:38.898+0000] {processor.py:186} INFO - Started process (PID=2684) to work on /opt/airflow/dags/env/Scripts/f2py.exe
[2025-03-28T14:12:38.900+0000] {processor.py:914} INFO - Processing file /opt/airflow/dags/env/Scripts/f2py.exe for tasks to queue
[2025-03-28T14:12:38.902+0000] {logging_mixin.py:190} INFO - [2025-03-28T14:12:38.901+0000] {dagbag.py:588} INFO - Filling up the DagBag from /opt/airflow/dags/env/Scripts/f2py.exe
[2025-03-28T14:12:38.914+0000] {logging_mixin.py:190} INFO - [2025-03-28T14:12:38.914+0000] {dagbag.py:435} INFO - File /opt/airflow/dags/env/Scripts/f2py.exe:__main__.py assumed to contain no DAGs. Skipping.
[2025-03-28T14:12:38.915+0000] {processor.py:927} WARNING - No viable dags retrieved from /opt/airflow/dags/env/Scripts/f2py.exe
[2025-03-28T14:12:38.944+0000] {processor.py:208} INFO - Processing /opt/airflow/dags/env/Scripts/f2py.exe took 0.057 seconds
[2025-03-28T14:17:13.317+0000] {processor.py:186} INFO - Started process (PID=2712) to work on /opt/airflow/dags/env/Scripts/f2py.exe
[2025-03-28T14:17:13.318+0000] {processor.py:914} INFO - Processing file /opt/airflow/dags/env/Scripts/f2py.exe for tasks to queue
[2025-03-28T14:17:13.320+0000] {logging_mixin.py:190} INFO - [2025-03-28T14:17:13.320+0000] {dagbag.py:588} INFO - Filling up the DagBag from /opt/airflow/dags/env/Scripts/f2py.exe
[2025-03-28T14:17:13.333+0000] {logging_mixin.py:190} INFO - [2025-03-28T14:17:13.332+0000] {dagbag.py:435} INFO - File /opt/airflow/dags/env/Scripts/f2py.exe:__main__.py assumed to contain no DAGs. Skipping.
[2025-03-28T14:17:13.334+0000] {processor.py:927} WARNING - No viable dags retrieved from /opt/airflow/dags/env/Scripts/f2py.exe
[2025-03-28T14:17:13.356+0000] {processor.py:208} INFO - Processing /opt/airflow/dags/env/Scripts/f2py.exe took 0.050 seconds
[2025-03-28T14:17:44.992+0000] {processor.py:186} INFO - Started process (PID=2736) to work on /opt/airflow/dags/env/Scripts/f2py.exe
[2025-03-28T14:17:44.994+0000] {processor.py:914} INFO - Processing file /opt/airflow/dags/env/Scripts/f2py.exe for tasks to queue
[2025-03-28T14:17:44.996+0000] {logging_mixin.py:190} INFO - [2025-03-28T14:17:44.996+0000] {dagbag.py:588} INFO - Filling up the DagBag from /opt/airflow/dags/env/Scripts/f2py.exe
[2025-03-28T14:17:45.011+0000] {logging_mixin.py:190} INFO - [2025-03-28T14:17:45.011+0000] {dagbag.py:435} INFO - File /opt/airflow/dags/env/Scripts/f2py.exe:__main__.py assumed to contain no DAGs. Skipping.
[2025-03-28T14:17:45.013+0000] {processor.py:927} WARNING - No viable dags retrieved from /opt/airflow/dags/env/Scripts/f2py.exe
[2025-03-28T14:17:45.039+0000] {processor.py:208} INFO - Processing /opt/airflow/dags/env/Scripts/f2py.exe took 0.060 seconds
[2025-03-28T14:22:08.055+0000] {processor.py:186} INFO - Started process (PID=2761) to work on /opt/airflow/dags/env/Scripts/f2py.exe
[2025-03-28T14:22:08.056+0000] {processor.py:914} INFO - Processing file /opt/airflow/dags/env/Scripts/f2py.exe for tasks to queue
[2025-03-28T14:22:08.058+0000] {logging_mixin.py:190} INFO - [2025-03-28T14:22:08.058+0000] {dagbag.py:588} INFO - Filling up the DagBag from /opt/airflow/dags/env/Scripts/f2py.exe
[2025-03-28T14:22:08.071+0000] {logging_mixin.py:190} INFO - [2025-03-28T14:22:08.071+0000] {dagbag.py:435} INFO - File /opt/airflow/dags/env/Scripts/f2py.exe:__main__.py assumed to contain no DAGs. Skipping.
[2025-03-28T14:22:08.072+0000] {processor.py:927} WARNING - No viable dags retrieved from /opt/airflow/dags/env/Scripts/f2py.exe
[2025-03-28T14:22:08.095+0000] {processor.py:208} INFO - Processing /opt/airflow/dags/env/Scripts/f2py.exe took 0.051 seconds
[2025-03-28T14:22:40.066+0000] {processor.py:186} INFO - Started process (PID=2785) to work on /opt/airflow/dags/env/Scripts/f2py.exe
[2025-03-28T14:22:40.068+0000] {processor.py:914} INFO - Processing file /opt/airflow/dags/env/Scripts/f2py.exe for tasks to queue
[2025-03-28T14:22:40.070+0000] {logging_mixin.py:190} INFO - [2025-03-28T14:22:40.069+0000] {dagbag.py:588} INFO - Filling up the DagBag from /opt/airflow/dags/env/Scripts/f2py.exe
[2025-03-28T14:22:40.082+0000] {logging_mixin.py:190} INFO - [2025-03-28T14:22:40.082+0000] {dagbag.py:435} INFO - File /opt/airflow/dags/env/Scripts/f2py.exe:__main__.py assumed to contain no DAGs. Skipping.
[2025-03-28T14:22:40.083+0000] {processor.py:927} WARNING - No viable dags retrieved from /opt/airflow/dags/env/Scripts/f2py.exe
[2025-03-28T14:22:40.106+0000] {processor.py:208} INFO - Processing /opt/airflow/dags/env/Scripts/f2py.exe took 0.052 seconds
[2025-03-28T14:27:07.366+0000] {processor.py:186} INFO - Started process (PID=2814) to work on /opt/airflow/dags/env/Scripts/f2py.exe
[2025-03-28T14:27:07.367+0000] {processor.py:914} INFO - Processing file /opt/airflow/dags/env/Scripts/f2py.exe for tasks to queue
[2025-03-28T14:27:07.369+0000] {logging_mixin.py:190} INFO - [2025-03-28T14:27:07.368+0000] {dagbag.py:588} INFO - Filling up the DagBag from /opt/airflow/dags/env/Scripts/f2py.exe
[2025-03-28T14:27:07.387+0000] {logging_mixin.py:190} INFO - [2025-03-28T14:27:07.386+0000] {dagbag.py:435} INFO - File /opt/airflow/dags/env/Scripts/f2py.exe:__main__.py assumed to contain no DAGs. Skipping.
[2025-03-28T14:27:07.388+0000] {processor.py:927} WARNING - No viable dags retrieved from /opt/airflow/dags/env/Scripts/f2py.exe
[2025-03-28T14:27:07.416+0000] {processor.py:208} INFO - Processing /opt/airflow/dags/env/Scripts/f2py.exe took 0.066 seconds
[2025-03-28T14:27:39.097+0000] {processor.py:186} INFO - Started process (PID=2838) to work on /opt/airflow/dags/env/Scripts/f2py.exe
[2025-03-28T14:27:39.098+0000] {processor.py:914} INFO - Processing file /opt/airflow/dags/env/Scripts/f2py.exe for tasks to queue
[2025-03-28T14:27:39.100+0000] {logging_mixin.py:190} INFO - [2025-03-28T14:27:39.100+0000] {dagbag.py:588} INFO - Filling up the DagBag from /opt/airflow/dags/env/Scripts/f2py.exe
[2025-03-28T14:27:39.116+0000] {logging_mixin.py:190} INFO - [2025-03-28T14:27:39.115+0000] {dagbag.py:435} INFO - File /opt/airflow/dags/env/Scripts/f2py.exe:__main__.py assumed to contain no DAGs. Skipping.
[2025-03-28T14:27:39.117+0000] {processor.py:927} WARNING - No viable dags retrieved from /opt/airflow/dags/env/Scripts/f2py.exe
[2025-03-28T14:27:39.146+0000] {processor.py:208} INFO - Processing /opt/airflow/dags/env/Scripts/f2py.exe took 0.068 seconds
[2025-03-28T14:32:05.364+0000] {processor.py:186} INFO - Started process (PID=2868) to work on /opt/airflow/dags/env/Scripts/f2py.exe
[2025-03-28T14:32:05.365+0000] {processor.py:914} INFO - Processing file /opt/airflow/dags/env/Scripts/f2py.exe for tasks to queue
[2025-03-28T14:32:05.367+0000] {logging_mixin.py:190} INFO - [2025-03-28T14:32:05.366+0000] {dagbag.py:588} INFO - Filling up the DagBag from /opt/airflow/dags/env/Scripts/f2py.exe
[2025-03-28T14:32:05.379+0000] {logging_mixin.py:190} INFO - [2025-03-28T14:32:05.379+0000] {dagbag.py:435} INFO - File /opt/airflow/dags/env/Scripts/f2py.exe:__main__.py assumed to contain no DAGs. Skipping.
[2025-03-28T14:32:05.380+0000] {processor.py:927} WARNING - No viable dags retrieved from /opt/airflow/dags/env/Scripts/f2py.exe
[2025-03-28T14:32:05.403+0000] {processor.py:208} INFO - Processing /opt/airflow/dags/env/Scripts/f2py.exe took 0.052 seconds
[2025-03-28T14:32:36.974+0000] {processor.py:186} INFO - Started process (PID=2892) to work on /opt/airflow/dags/env/Scripts/f2py.exe
[2025-03-28T14:32:36.976+0000] {processor.py:914} INFO - Processing file /opt/airflow/dags/env/Scripts/f2py.exe for tasks to queue
[2025-03-28T14:32:36.978+0000] {logging_mixin.py:190} INFO - [2025-03-28T14:32:36.977+0000] {dagbag.py:588} INFO - Filling up the DagBag from /opt/airflow/dags/env/Scripts/f2py.exe
[2025-03-28T14:32:36.991+0000] {logging_mixin.py:190} INFO - [2025-03-28T14:32:36.991+0000] {dagbag.py:435} INFO - File /opt/airflow/dags/env/Scripts/f2py.exe:__main__.py assumed to contain no DAGs. Skipping.
[2025-03-28T14:32:36.992+0000] {processor.py:927} WARNING - No viable dags retrieved from /opt/airflow/dags/env/Scripts/f2py.exe
[2025-03-28T14:32:37.015+0000] {processor.py:208} INFO - Processing /opt/airflow/dags/env/Scripts/f2py.exe took 0.052 seconds
[2025-03-28T14:37:18.913+0000] {processor.py:186} INFO - Started process (PID=2924) to work on /opt/airflow/dags/env/Scripts/f2py.exe
[2025-03-28T14:37:18.915+0000] {processor.py:914} INFO - Processing file /opt/airflow/dags/env/Scripts/f2py.exe for tasks to queue
[2025-03-28T14:37:18.916+0000] {logging_mixin.py:190} INFO - [2025-03-28T14:37:18.916+0000] {dagbag.py:588} INFO - Filling up the DagBag from /opt/airflow/dags/env/Scripts/f2py.exe
[2025-03-28T14:37:18.928+0000] {logging_mixin.py:190} INFO - [2025-03-28T14:37:18.928+0000] {dagbag.py:435} INFO - File /opt/airflow/dags/env/Scripts/f2py.exe:__main__.py assumed to contain no DAGs. Skipping.
[2025-03-28T14:37:18.929+0000] {processor.py:927} WARNING - No viable dags retrieved from /opt/airflow/dags/env/Scripts/f2py.exe
[2025-03-28T14:37:18.957+0000] {processor.py:208} INFO - Processing /opt/airflow/dags/env/Scripts/f2py.exe took 0.056 seconds
[2025-03-28T14:37:51.535+0000] {processor.py:186} INFO - Started process (PID=2948) to work on /opt/airflow/dags/env/Scripts/f2py.exe
[2025-03-28T14:37:51.536+0000] {processor.py:914} INFO - Processing file /opt/airflow/dags/env/Scripts/f2py.exe for tasks to queue
[2025-03-28T14:37:51.538+0000] {logging_mixin.py:190} INFO - [2025-03-28T14:37:51.538+0000] {dagbag.py:588} INFO - Filling up the DagBag from /opt/airflow/dags/env/Scripts/f2py.exe
[2025-03-28T14:37:51.555+0000] {logging_mixin.py:190} INFO - [2025-03-28T14:37:51.555+0000] {dagbag.py:435} INFO - File /opt/airflow/dags/env/Scripts/f2py.exe:__main__.py assumed to contain no DAGs. Skipping.
[2025-03-28T14:37:51.557+0000] {processor.py:927} WARNING - No viable dags retrieved from /opt/airflow/dags/env/Scripts/f2py.exe
[2025-03-28T14:37:51.582+0000] {processor.py:208} INFO - Processing /opt/airflow/dags/env/Scripts/f2py.exe took 0.061 seconds
[2025-03-28T15:04:55.980+0000] {processor.py:186} INFO - Started process (PID=111) to work on /opt/airflow/dags/env/Scripts/f2py.exe
[2025-03-28T15:04:55.984+0000] {processor.py:914} INFO - Processing file /opt/airflow/dags/env/Scripts/f2py.exe for tasks to queue
[2025-03-28T15:04:55.990+0000] {logging_mixin.py:190} INFO - [2025-03-28T15:04:55.989+0000] {dagbag.py:588} INFO - Filling up the DagBag from /opt/airflow/dags/env/Scripts/f2py.exe
[2025-03-28T15:04:56.007+0000] {logging_mixin.py:190} INFO - [2025-03-28T15:04:56.007+0000] {dagbag.py:435} INFO - File /opt/airflow/dags/env/Scripts/f2py.exe:__main__.py assumed to contain no DAGs. Skipping.
[2025-03-28T15:04:56.009+0000] {processor.py:927} WARNING - No viable dags retrieved from /opt/airflow/dags/env/Scripts/f2py.exe
[2025-03-28T15:04:56.048+0000] {processor.py:208} INFO - Processing /opt/airflow/dags/env/Scripts/f2py.exe took 0.079 seconds
[2025-03-28T15:05:30.023+0000] {processor.py:186} INFO - Started process (PID=135) to work on /opt/airflow/dags/env/Scripts/f2py.exe
[2025-03-28T15:05:30.025+0000] {processor.py:914} INFO - Processing file /opt/airflow/dags/env/Scripts/f2py.exe for tasks to queue
[2025-03-28T15:05:30.030+0000] {logging_mixin.py:190} INFO - [2025-03-28T15:05:30.030+0000] {dagbag.py:588} INFO - Filling up the DagBag from /opt/airflow/dags/env/Scripts/f2py.exe
[2025-03-28T15:05:30.047+0000] {logging_mixin.py:190} INFO - [2025-03-28T15:05:30.047+0000] {dagbag.py:435} INFO - File /opt/airflow/dags/env/Scripts/f2py.exe:__main__.py assumed to contain no DAGs. Skipping.
[2025-03-28T15:05:30.048+0000] {processor.py:927} WARNING - No viable dags retrieved from /opt/airflow/dags/env/Scripts/f2py.exe
[2025-03-28T15:05:30.086+0000] {processor.py:208} INFO - Processing /opt/airflow/dags/env/Scripts/f2py.exe took 0.077 seconds
[2025-03-28T15:16:29.860+0000] {processor.py:186} INFO - Started process (PID=170) to work on /opt/airflow/dags/env/Scripts/f2py.exe
[2025-03-28T15:16:29.862+0000] {processor.py:914} INFO - Processing file /opt/airflow/dags/env/Scripts/f2py.exe for tasks to queue
[2025-03-28T15:16:29.868+0000] {logging_mixin.py:190} INFO - [2025-03-28T15:16:29.867+0000] {dagbag.py:588} INFO - Filling up the DagBag from /opt/airflow/dags/env/Scripts/f2py.exe
[2025-03-28T15:16:29.920+0000] {logging_mixin.py:190} INFO - [2025-03-28T15:16:29.920+0000] {dagbag.py:435} INFO - File /opt/airflow/dags/env/Scripts/f2py.exe:__main__.py assumed to contain no DAGs. Skipping.
[2025-03-28T15:16:29.922+0000] {processor.py:927} WARNING - No viable dags retrieved from /opt/airflow/dags/env/Scripts/f2py.exe
[2025-03-28T15:16:29.982+0000] {processor.py:208} INFO - Processing /opt/airflow/dags/env/Scripts/f2py.exe took 0.136 seconds
[2025-03-28T15:33:38.241+0000] {processor.py:186} INFO - Started process (PID=214) to work on /opt/airflow/dags/env/Scripts/f2py.exe
[2025-03-28T15:33:38.243+0000] {processor.py:914} INFO - Processing file /opt/airflow/dags/env/Scripts/f2py.exe for tasks to queue
[2025-03-28T15:33:38.248+0000] {logging_mixin.py:190} INFO - [2025-03-28T15:33:38.247+0000] {dagbag.py:588} INFO - Filling up the DagBag from /opt/airflow/dags/env/Scripts/f2py.exe
[2025-03-28T15:33:38.268+0000] {logging_mixin.py:190} INFO - [2025-03-28T15:33:38.267+0000] {dagbag.py:435} INFO - File /opt/airflow/dags/env/Scripts/f2py.exe:__main__.py assumed to contain no DAGs. Skipping.
[2025-03-28T15:33:38.270+0000] {processor.py:927} WARNING - No viable dags retrieved from /opt/airflow/dags/env/Scripts/f2py.exe
[2025-03-28T15:33:38.317+0000] {processor.py:208} INFO - Processing /opt/airflow/dags/env/Scripts/f2py.exe took 0.093 seconds
[2025-03-28T18:03:29.349+0000] {processor.py:186} INFO - Started process (PID=307) to work on /opt/airflow/dags/env/Scripts/f2py.exe
[2025-03-28T18:03:29.352+0000] {processor.py:914} INFO - Processing file /opt/airflow/dags/env/Scripts/f2py.exe for tasks to queue
[2025-03-28T18:03:29.358+0000] {logging_mixin.py:190} INFO - [2025-03-28T18:03:29.356+0000] {dagbag.py:588} INFO - Filling up the DagBag from /opt/airflow/dags/env/Scripts/f2py.exe
[2025-03-28T18:03:29.382+0000] {logging_mixin.py:190} INFO - [2025-03-28T18:03:29.382+0000] {dagbag.py:435} INFO - File /opt/airflow/dags/env/Scripts/f2py.exe:__main__.py assumed to contain no DAGs. Skipping.
[2025-03-28T18:03:29.384+0000] {processor.py:927} WARNING - No viable dags retrieved from /opt/airflow/dags/env/Scripts/f2py.exe
[2025-03-28T18:03:29.420+0000] {processor.py:208} INFO - Processing /opt/airflow/dags/env/Scripts/f2py.exe took 0.084 seconds
[2025-03-28T21:14:02.409+0000] {processor.py:186} INFO - Started process (PID=333) to work on /opt/airflow/dags/env/Scripts/f2py.exe
[2025-03-28T21:14:02.411+0000] {processor.py:914} INFO - Processing file /opt/airflow/dags/env/Scripts/f2py.exe for tasks to queue
[2025-03-28T21:14:02.439+0000] {logging_mixin.py:190} INFO - [2025-03-28T21:14:02.430+0000] {dagbag.py:588} INFO - Filling up the DagBag from /opt/airflow/dags/env/Scripts/f2py.exe
[2025-03-28T21:14:02.469+0000] {logging_mixin.py:190} INFO - [2025-03-28T21:14:02.468+0000] {dagbag.py:435} INFO - File /opt/airflow/dags/env/Scripts/f2py.exe:__main__.py assumed to contain no DAGs. Skipping.
[2025-03-28T21:14:02.475+0000] {processor.py:927} WARNING - No viable dags retrieved from /opt/airflow/dags/env/Scripts/f2py.exe
[2025-03-28T21:14:02.600+0000] {processor.py:208} INFO - Processing /opt/airflow/dags/env/Scripts/f2py.exe took 0.226 seconds
