[2025-03-28T02:37:19.476+0000] {processor.py:186} INFO - Started process (PID=203) to work on /opt/airflow/dags/env/Scripts/jsonschema.exe
[2025-03-28T02:37:19.479+0000] {processor.py:914} INFO - Processing file /opt/airflow/dags/env/Scripts/jsonschema.exe for tasks to queue
[2025-03-28T02:37:19.484+0000] {logging_mixin.py:190} INFO - [2025-03-28T02:37:19.483+0000] {dagbag.py:588} INFO - Filling up the DagBag from /opt/airflow/dags/env/Scripts/jsonschema.exe
[2025-03-28T02:37:19.507+0000] {logging_mixin.py:190} INFO - [2025-03-28T02:37:19.507+0000] {dagbag.py:435} INFO - File /opt/airflow/dags/env/Scripts/jsonschema.exe:__main__.py assumed to contain no DAGs. Skipping.
[2025-03-28T02:37:19.509+0000] {processor.py:927} WARNING - No viable dags retrieved from /opt/airflow/dags/env/Scripts/jsonschema.exe
[2025-03-28T02:37:19.548+0000] {processor.py:208} INFO - Processing /opt/airflow/dags/env/Scripts/jsonschema.exe took 0.096 seconds
[2025-03-28T03:46:13.173+0000] {processor.py:186} INFO - Started process (PID=252) to work on /opt/airflow/dags/env/Scripts/jsonschema.exe
[2025-03-28T03:46:13.175+0000] {processor.py:914} INFO - Processing file /opt/airflow/dags/env/Scripts/jsonschema.exe for tasks to queue
[2025-03-28T03:46:13.179+0000] {logging_mixin.py:190} INFO - [2025-03-28T03:46:13.178+0000] {dagbag.py:588} INFO - Filling up the DagBag from /opt/airflow/dags/env/Scripts/jsonschema.exe
[2025-03-28T03:46:13.198+0000] {logging_mixin.py:190} INFO - [2025-03-28T03:46:13.198+0000] {dagbag.py:435} INFO - File /opt/airflow/dags/env/Scripts/jsonschema.exe:__main__.py assumed to contain no DAGs. Skipping.
[2025-03-28T03:46:13.200+0000] {processor.py:927} WARNING - No viable dags retrieved from /opt/airflow/dags/env/Scripts/jsonschema.exe
[2025-03-28T03:46:13.231+0000] {processor.py:208} INFO - Processing /opt/airflow/dags/env/Scripts/jsonschema.exe took 0.074 seconds
[2025-03-28T04:41:03.398+0000] {processor.py:186} INFO - Started process (PID=296) to work on /opt/airflow/dags/env/Scripts/jsonschema.exe
[2025-03-28T04:41:03.400+0000] {processor.py:914} INFO - Processing file /opt/airflow/dags/env/Scripts/jsonschema.exe for tasks to queue
[2025-03-28T04:41:03.403+0000] {logging_mixin.py:190} INFO - [2025-03-28T04:41:03.403+0000] {dagbag.py:588} INFO - Filling up the DagBag from /opt/airflow/dags/env/Scripts/jsonschema.exe
[2025-03-28T04:41:03.417+0000] {logging_mixin.py:190} INFO - [2025-03-28T04:41:03.417+0000] {dagbag.py:435} INFO - File /opt/airflow/dags/env/Scripts/jsonschema.exe:__main__.py assumed to contain no DAGs. Skipping.
[2025-03-28T04:41:03.418+0000] {processor.py:927} WARNING - No viable dags retrieved from /opt/airflow/dags/env/Scripts/jsonschema.exe
[2025-03-28T04:41:03.443+0000] {processor.py:208} INFO - Processing /opt/airflow/dags/env/Scripts/jsonschema.exe took 0.058 seconds
[2025-03-28T05:05:41.848+0000] {processor.py:186} INFO - Started process (PID=330) to work on /opt/airflow/dags/env/Scripts/jsonschema.exe
[2025-03-28T05:05:41.850+0000] {processor.py:914} INFO - Processing file /opt/airflow/dags/env/Scripts/jsonschema.exe for tasks to queue
[2025-03-28T05:05:41.853+0000] {logging_mixin.py:190} INFO - [2025-03-28T05:05:41.852+0000] {dagbag.py:588} INFO - Filling up the DagBag from /opt/airflow/dags/env/Scripts/jsonschema.exe
[2025-03-28T05:05:41.869+0000] {logging_mixin.py:190} INFO - [2025-03-28T05:05:41.868+0000] {dagbag.py:435} INFO - File /opt/airflow/dags/env/Scripts/jsonschema.exe:__main__.py assumed to contain no DAGs. Skipping.
[2025-03-28T05:05:41.870+0000] {processor.py:927} WARNING - No viable dags retrieved from /opt/airflow/dags/env/Scripts/jsonschema.exe
[2025-03-28T05:05:41.893+0000] {processor.py:208} INFO - Processing /opt/airflow/dags/env/Scripts/jsonschema.exe took 0.057 seconds
[2025-03-28T05:06:26.445+0000] {processor.py:186} INFO - Started process (PID=354) to work on /opt/airflow/dags/env/Scripts/jsonschema.exe
[2025-03-28T05:06:26.448+0000] {processor.py:914} INFO - Processing file /opt/airflow/dags/env/Scripts/jsonschema.exe for tasks to queue
[2025-03-28T05:06:26.454+0000] {logging_mixin.py:190} INFO - [2025-03-28T05:06:26.453+0000] {dagbag.py:588} INFO - Filling up the DagBag from /opt/airflow/dags/env/Scripts/jsonschema.exe
[2025-03-28T05:06:26.482+0000] {logging_mixin.py:190} INFO - [2025-03-28T05:06:26.482+0000] {dagbag.py:435} INFO - File /opt/airflow/dags/env/Scripts/jsonschema.exe:__main__.py assumed to contain no DAGs. Skipping.
[2025-03-28T05:06:26.485+0000] {processor.py:927} WARNING - No viable dags retrieved from /opt/airflow/dags/env/Scripts/jsonschema.exe
[2025-03-28T05:06:26.528+0000] {processor.py:208} INFO - Processing /opt/airflow/dags/env/Scripts/jsonschema.exe took 0.121 seconds
[2025-03-28T05:17:47.367+0000] {processor.py:186} INFO - Started process (PID=387) to work on /opt/airflow/dags/env/Scripts/jsonschema.exe
[2025-03-28T05:17:47.368+0000] {processor.py:914} INFO - Processing file /opt/airflow/dags/env/Scripts/jsonschema.exe for tasks to queue
[2025-03-28T05:17:47.372+0000] {logging_mixin.py:190} INFO - [2025-03-28T05:17:47.372+0000] {dagbag.py:588} INFO - Filling up the DagBag from /opt/airflow/dags/env/Scripts/jsonschema.exe
[2025-03-28T05:17:47.385+0000] {logging_mixin.py:190} INFO - [2025-03-28T05:17:47.385+0000] {dagbag.py:435} INFO - File /opt/airflow/dags/env/Scripts/jsonschema.exe:__main__.py assumed to contain no DAGs. Skipping.
[2025-03-28T05:17:47.387+0000] {processor.py:927} WARNING - No viable dags retrieved from /opt/airflow/dags/env/Scripts/jsonschema.exe
[2025-03-28T05:17:47.412+0000] {processor.py:208} INFO - Processing /opt/airflow/dags/env/Scripts/jsonschema.exe took 0.058 seconds
[2025-03-28T05:18:18.594+0000] {processor.py:186} INFO - Started process (PID=411) to work on /opt/airflow/dags/env/Scripts/jsonschema.exe
[2025-03-28T05:18:18.596+0000] {processor.py:914} INFO - Processing file /opt/airflow/dags/env/Scripts/jsonschema.exe for tasks to queue
[2025-03-28T05:18:18.600+0000] {logging_mixin.py:190} INFO - [2025-03-28T05:18:18.599+0000] {dagbag.py:588} INFO - Filling up the DagBag from /opt/airflow/dags/env/Scripts/jsonschema.exe
[2025-03-28T05:18:18.619+0000] {logging_mixin.py:190} INFO - [2025-03-28T05:18:18.619+0000] {dagbag.py:435} INFO - File /opt/airflow/dags/env/Scripts/jsonschema.exe:__main__.py assumed to contain no DAGs. Skipping.
[2025-03-28T05:18:18.621+0000] {processor.py:927} WARNING - No viable dags retrieved from /opt/airflow/dags/env/Scripts/jsonschema.exe
[2025-03-28T05:18:18.649+0000] {processor.py:208} INFO - Processing /opt/airflow/dags/env/Scripts/jsonschema.exe took 0.071 seconds
[2025-03-28T05:23:21.974+0000] {processor.py:186} INFO - Started process (PID=426) to work on /opt/airflow/dags/env/Scripts/jsonschema.exe
[2025-03-28T05:23:21.976+0000] {processor.py:914} INFO - Processing file /opt/airflow/dags/env/Scripts/jsonschema.exe for tasks to queue
[2025-03-28T05:23:21.979+0000] {logging_mixin.py:190} INFO - [2025-03-28T05:23:21.979+0000] {dagbag.py:588} INFO - Filling up the DagBag from /opt/airflow/dags/env/Scripts/jsonschema.exe
[2025-03-28T05:23:21.997+0000] {logging_mixin.py:190} INFO - [2025-03-28T05:23:21.997+0000] {dagbag.py:435} INFO - File /opt/airflow/dags/env/Scripts/jsonschema.exe:__main__.py assumed to contain no DAGs. Skipping.
[2025-03-28T05:23:21.998+0000] {processor.py:927} WARNING - No viable dags retrieved from /opt/airflow/dags/env/Scripts/jsonschema.exe
[2025-03-28T05:23:22.026+0000] {processor.py:208} INFO - Processing /opt/airflow/dags/env/Scripts/jsonschema.exe took 0.063 seconds
[2025-03-28T05:34:55.523+0000] {processor.py:186} INFO - Started process (PID=454) to work on /opt/airflow/dags/env/Scripts/jsonschema.exe
[2025-03-28T05:34:55.525+0000] {processor.py:914} INFO - Processing file /opt/airflow/dags/env/Scripts/jsonschema.exe for tasks to queue
[2025-03-28T05:34:55.530+0000] {logging_mixin.py:190} INFO - [2025-03-28T05:34:55.529+0000] {dagbag.py:588} INFO - Filling up the DagBag from /opt/airflow/dags/env/Scripts/jsonschema.exe
[2025-03-28T05:34:55.549+0000] {logging_mixin.py:190} INFO - [2025-03-28T05:34:55.549+0000] {dagbag.py:435} INFO - File /opt/airflow/dags/env/Scripts/jsonschema.exe:__main__.py assumed to contain no DAGs. Skipping.
[2025-03-28T05:34:55.551+0000] {processor.py:927} WARNING - No viable dags retrieved from /opt/airflow/dags/env/Scripts/jsonschema.exe
[2025-03-28T05:34:55.590+0000] {processor.py:208} INFO - Processing /opt/airflow/dags/env/Scripts/jsonschema.exe took 0.084 seconds
[2025-03-28T05:44:51.479+0000] {processor.py:186} INFO - Started process (PID=493) to work on /opt/airflow/dags/env/Scripts/jsonschema.exe
[2025-03-28T05:44:51.480+0000] {processor.py:914} INFO - Processing file /opt/airflow/dags/env/Scripts/jsonschema.exe for tasks to queue
[2025-03-28T05:44:51.483+0000] {logging_mixin.py:190} INFO - [2025-03-28T05:44:51.483+0000] {dagbag.py:588} INFO - Filling up the DagBag from /opt/airflow/dags/env/Scripts/jsonschema.exe
[2025-03-28T05:44:51.499+0000] {logging_mixin.py:190} INFO - [2025-03-28T05:44:51.498+0000] {dagbag.py:435} INFO - File /opt/airflow/dags/env/Scripts/jsonschema.exe:__main__.py assumed to contain no DAGs. Skipping.
[2025-03-28T05:44:51.500+0000] {processor.py:927} WARNING - No viable dags retrieved from /opt/airflow/dags/env/Scripts/jsonschema.exe
[2025-03-28T05:44:51.526+0000] {processor.py:208} INFO - Processing /opt/airflow/dags/env/Scripts/jsonschema.exe took 0.060 seconds
[2025-03-28T05:45:32.810+0000] {processor.py:186} INFO - Started process (PID=517) to work on /opt/airflow/dags/env/Scripts/jsonschema.exe
[2025-03-28T05:45:32.813+0000] {processor.py:914} INFO - Processing file /opt/airflow/dags/env/Scripts/jsonschema.exe for tasks to queue
[2025-03-28T05:45:32.829+0000] {logging_mixin.py:190} INFO - [2025-03-28T05:45:32.828+0000] {dagbag.py:588} INFO - Filling up the DagBag from /opt/airflow/dags/env/Scripts/jsonschema.exe
[2025-03-28T05:45:32.879+0000] {logging_mixin.py:190} INFO - [2025-03-28T05:45:32.878+0000] {dagbag.py:435} INFO - File /opt/airflow/dags/env/Scripts/jsonschema.exe:__main__.py assumed to contain no DAGs. Skipping.
[2025-03-28T05:45:32.881+0000] {processor.py:927} WARNING - No viable dags retrieved from /opt/airflow/dags/env/Scripts/jsonschema.exe
[2025-03-28T05:45:32.951+0000] {processor.py:208} INFO - Processing /opt/airflow/dags/env/Scripts/jsonschema.exe took 0.186 seconds
[2025-03-28T06:00:39.142+0000] {processor.py:186} INFO - Started process (PID=649) to work on /opt/airflow/dags/env/Scripts/jsonschema.exe
[2025-03-28T06:00:39.144+0000] {processor.py:914} INFO - Processing file /opt/airflow/dags/env/Scripts/jsonschema.exe for tasks to queue
[2025-03-28T06:00:39.147+0000] {logging_mixin.py:190} INFO - [2025-03-28T06:00:39.147+0000] {dagbag.py:588} INFO - Filling up the DagBag from /opt/airflow/dags/env/Scripts/jsonschema.exe
[2025-03-28T06:00:39.162+0000] {logging_mixin.py:190} INFO - [2025-03-28T06:00:39.162+0000] {dagbag.py:435} INFO - File /opt/airflow/dags/env/Scripts/jsonschema.exe:__main__.py assumed to contain no DAGs. Skipping.
[2025-03-28T06:00:39.164+0000] {processor.py:927} WARNING - No viable dags retrieved from /opt/airflow/dags/env/Scripts/jsonschema.exe
[2025-03-28T06:00:39.189+0000] {processor.py:208} INFO - Processing /opt/airflow/dags/env/Scripts/jsonschema.exe took 0.063 seconds
[2025-03-28T06:05:56.859+0000] {processor.py:186} INFO - Started process (PID=671) to work on /opt/airflow/dags/env/Scripts/jsonschema.exe
[2025-03-28T06:05:56.860+0000] {processor.py:914} INFO - Processing file /opt/airflow/dags/env/Scripts/jsonschema.exe for tasks to queue
[2025-03-28T06:05:56.862+0000] {logging_mixin.py:190} INFO - [2025-03-28T06:05:56.861+0000] {dagbag.py:588} INFO - Filling up the DagBag from /opt/airflow/dags/env/Scripts/jsonschema.exe
[2025-03-28T06:05:56.874+0000] {logging_mixin.py:190} INFO - [2025-03-28T06:05:56.874+0000] {dagbag.py:435} INFO - File /opt/airflow/dags/env/Scripts/jsonschema.exe:__main__.py assumed to contain no DAGs. Skipping.
[2025-03-28T06:05:56.875+0000] {processor.py:927} WARNING - No viable dags retrieved from /opt/airflow/dags/env/Scripts/jsonschema.exe
[2025-03-28T06:05:56.899+0000] {processor.py:208} INFO - Processing /opt/airflow/dags/env/Scripts/jsonschema.exe took 0.053 seconds
[2025-03-28T06:26:26.019+0000] {processor.py:186} INFO - Started process (PID=821) to work on /opt/airflow/dags/env/Scripts/jsonschema.exe
[2025-03-28T06:26:26.020+0000] {processor.py:914} INFO - Processing file /opt/airflow/dags/env/Scripts/jsonschema.exe for tasks to queue
[2025-03-28T06:26:26.022+0000] {logging_mixin.py:190} INFO - [2025-03-28T06:26:26.022+0000] {dagbag.py:588} INFO - Filling up the DagBag from /opt/airflow/dags/env/Scripts/jsonschema.exe
[2025-03-28T06:26:26.040+0000] {logging_mixin.py:190} INFO - [2025-03-28T06:26:26.040+0000] {dagbag.py:435} INFO - File /opt/airflow/dags/env/Scripts/jsonschema.exe:__main__.py assumed to contain no DAGs. Skipping.
[2025-03-28T06:26:26.042+0000] {processor.py:927} WARNING - No viable dags retrieved from /opt/airflow/dags/env/Scripts/jsonschema.exe
[2025-03-28T06:26:26.079+0000] {processor.py:208} INFO - Processing /opt/airflow/dags/env/Scripts/jsonschema.exe took 0.081 seconds
[2025-03-28T06:47:21.010+0000] {processor.py:186} INFO - Started process (PID=952) to work on /opt/airflow/dags/env/Scripts/jsonschema.exe
[2025-03-28T06:47:21.012+0000] {processor.py:914} INFO - Processing file /opt/airflow/dags/env/Scripts/jsonschema.exe for tasks to queue
[2025-03-28T06:47:21.014+0000] {logging_mixin.py:190} INFO - [2025-03-28T06:47:21.013+0000] {dagbag.py:588} INFO - Filling up the DagBag from /opt/airflow/dags/env/Scripts/jsonschema.exe
[2025-03-28T06:47:21.030+0000] {logging_mixin.py:190} INFO - [2025-03-28T06:47:21.029+0000] {dagbag.py:435} INFO - File /opt/airflow/dags/env/Scripts/jsonschema.exe:__main__.py assumed to contain no DAGs. Skipping.
[2025-03-28T06:47:21.031+0000] {processor.py:927} WARNING - No viable dags retrieved from /opt/airflow/dags/env/Scripts/jsonschema.exe
[2025-03-28T06:47:21.057+0000] {processor.py:208} INFO - Processing /opt/airflow/dags/env/Scripts/jsonschema.exe took 0.061 seconds
[2025-03-28T07:02:40.374+0000] {processor.py:186} INFO - Started process (PID=1070) to work on /opt/airflow/dags/env/Scripts/jsonschema.exe
[2025-03-28T07:02:40.376+0000] {processor.py:914} INFO - Processing file /opt/airflow/dags/env/Scripts/jsonschema.exe for tasks to queue
[2025-03-28T07:02:40.378+0000] {logging_mixin.py:190} INFO - [2025-03-28T07:02:40.377+0000] {dagbag.py:588} INFO - Filling up the DagBag from /opt/airflow/dags/env/Scripts/jsonschema.exe
[2025-03-28T07:02:40.392+0000] {logging_mixin.py:190} INFO - [2025-03-28T07:02:40.391+0000] {dagbag.py:435} INFO - File /opt/airflow/dags/env/Scripts/jsonschema.exe:__main__.py assumed to contain no DAGs. Skipping.
[2025-03-28T07:02:40.393+0000] {processor.py:927} WARNING - No viable dags retrieved from /opt/airflow/dags/env/Scripts/jsonschema.exe
[2025-03-28T07:02:40.416+0000] {processor.py:208} INFO - Processing /opt/airflow/dags/env/Scripts/jsonschema.exe took 0.056 seconds
[2025-03-28T08:47:36.961+0000] {processor.py:186} INFO - Started process (PID=1255) to work on /opt/airflow/dags/env/Scripts/jsonschema.exe
[2025-03-28T08:47:36.963+0000] {processor.py:914} INFO - Processing file /opt/airflow/dags/env/Scripts/jsonschema.exe for tasks to queue
[2025-03-28T08:47:36.965+0000] {logging_mixin.py:190} INFO - [2025-03-28T08:47:36.964+0000] {dagbag.py:588} INFO - Filling up the DagBag from /opt/airflow/dags/env/Scripts/jsonschema.exe
[2025-03-28T08:47:36.981+0000] {logging_mixin.py:190} INFO - [2025-03-28T08:47:36.981+0000] {dagbag.py:435} INFO - File /opt/airflow/dags/env/Scripts/jsonschema.exe:__main__.py assumed to contain no DAGs. Skipping.
[2025-03-28T08:47:36.983+0000] {processor.py:927} WARNING - No viable dags retrieved from /opt/airflow/dags/env/Scripts/jsonschema.exe
[2025-03-28T08:47:37.005+0000] {processor.py:208} INFO - Processing /opt/airflow/dags/env/Scripts/jsonschema.exe took 0.057 seconds
[2025-03-28T09:26:43.456+0000] {processor.py:186} INFO - Started process (PID=1432) to work on /opt/airflow/dags/env/Scripts/jsonschema.exe
[2025-03-28T09:26:43.458+0000] {processor.py:914} INFO - Processing file /opt/airflow/dags/env/Scripts/jsonschema.exe for tasks to queue
[2025-03-28T09:26:43.461+0000] {logging_mixin.py:190} INFO - [2025-03-28T09:26:43.460+0000] {dagbag.py:588} INFO - Filling up the DagBag from /opt/airflow/dags/env/Scripts/jsonschema.exe
[2025-03-28T09:26:43.476+0000] {logging_mixin.py:190} INFO - [2025-03-28T09:26:43.476+0000] {dagbag.py:435} INFO - File /opt/airflow/dags/env/Scripts/jsonschema.exe:__main__.py assumed to contain no DAGs. Skipping.
[2025-03-28T09:26:43.477+0000] {processor.py:927} WARNING - No viable dags retrieved from /opt/airflow/dags/env/Scripts/jsonschema.exe
[2025-03-28T09:26:43.530+0000] {processor.py:208} INFO - Processing /opt/airflow/dags/env/Scripts/jsonschema.exe took 0.094 seconds
[2025-03-28T09:31:14.307+0000] {processor.py:186} INFO - Started process (PID=1456) to work on /opt/airflow/dags/env/Scripts/jsonschema.exe
[2025-03-28T09:31:14.319+0000] {processor.py:914} INFO - Processing file /opt/airflow/dags/env/Scripts/jsonschema.exe for tasks to queue
[2025-03-28T09:31:14.322+0000] {logging_mixin.py:190} INFO - [2025-03-28T09:31:14.321+0000] {dagbag.py:588} INFO - Filling up the DagBag from /opt/airflow/dags/env/Scripts/jsonschema.exe
[2025-03-28T09:31:14.362+0000] {logging_mixin.py:190} INFO - [2025-03-28T09:31:14.362+0000] {dagbag.py:435} INFO - File /opt/airflow/dags/env/Scripts/jsonschema.exe:__main__.py assumed to contain no DAGs. Skipping.
[2025-03-28T09:31:14.365+0000] {processor.py:927} WARNING - No viable dags retrieved from /opt/airflow/dags/env/Scripts/jsonschema.exe
[2025-03-28T09:31:14.436+0000] {processor.py:208} INFO - Processing /opt/airflow/dags/env/Scripts/jsonschema.exe took 0.197 seconds
[2025-03-28T09:41:48.912+0000] {processor.py:186} INFO - Started process (PID=1482) to work on /opt/airflow/dags/env/Scripts/jsonschema.exe
[2025-03-28T09:41:48.913+0000] {processor.py:914} INFO - Processing file /opt/airflow/dags/env/Scripts/jsonschema.exe for tasks to queue
[2025-03-28T09:41:48.915+0000] {logging_mixin.py:190} INFO - [2025-03-28T09:41:48.914+0000] {dagbag.py:588} INFO - Filling up the DagBag from /opt/airflow/dags/env/Scripts/jsonschema.exe
[2025-03-28T09:41:48.926+0000] {logging_mixin.py:190} INFO - [2025-03-28T09:41:48.926+0000] {dagbag.py:435} INFO - File /opt/airflow/dags/env/Scripts/jsonschema.exe:__main__.py assumed to contain no DAGs. Skipping.
[2025-03-28T09:41:48.927+0000] {processor.py:927} WARNING - No viable dags retrieved from /opt/airflow/dags/env/Scripts/jsonschema.exe
[2025-03-28T09:41:48.948+0000] {processor.py:208} INFO - Processing /opt/airflow/dags/env/Scripts/jsonschema.exe took 0.048 seconds
[2025-03-28T09:42:19.923+0000] {processor.py:186} INFO - Started process (PID=1506) to work on /opt/airflow/dags/env/Scripts/jsonschema.exe
[2025-03-28T09:42:19.925+0000] {processor.py:914} INFO - Processing file /opt/airflow/dags/env/Scripts/jsonschema.exe for tasks to queue
[2025-03-28T09:42:19.927+0000] {logging_mixin.py:190} INFO - [2025-03-28T09:42:19.926+0000] {dagbag.py:588} INFO - Filling up the DagBag from /opt/airflow/dags/env/Scripts/jsonschema.exe
[2025-03-28T09:42:19.945+0000] {logging_mixin.py:190} INFO - [2025-03-28T09:42:19.945+0000] {dagbag.py:435} INFO - File /opt/airflow/dags/env/Scripts/jsonschema.exe:__main__.py assumed to contain no DAGs. Skipping.
[2025-03-28T09:42:19.947+0000] {processor.py:927} WARNING - No viable dags retrieved from /opt/airflow/dags/env/Scripts/jsonschema.exe
[2025-03-28T09:42:19.978+0000] {processor.py:208} INFO - Processing /opt/airflow/dags/env/Scripts/jsonschema.exe took 0.069 seconds
[2025-03-28T09:47:06.392+0000] {processor.py:186} INFO - Started process (PID=1518) to work on /opt/airflow/dags/env/Scripts/jsonschema.exe
[2025-03-28T09:47:06.394+0000] {processor.py:914} INFO - Processing file /opt/airflow/dags/env/Scripts/jsonschema.exe for tasks to queue
[2025-03-28T09:47:06.396+0000] {logging_mixin.py:190} INFO - [2025-03-28T09:47:06.396+0000] {dagbag.py:588} INFO - Filling up the DagBag from /opt/airflow/dags/env/Scripts/jsonschema.exe
[2025-03-28T09:47:06.415+0000] {logging_mixin.py:190} INFO - [2025-03-28T09:47:06.414+0000] {dagbag.py:435} INFO - File /opt/airflow/dags/env/Scripts/jsonschema.exe:__main__.py assumed to contain no DAGs. Skipping.
[2025-03-28T09:47:06.416+0000] {processor.py:927} WARNING - No viable dags retrieved from /opt/airflow/dags/env/Scripts/jsonschema.exe
[2025-03-28T09:47:06.446+0000] {processor.py:208} INFO - Processing /opt/airflow/dags/env/Scripts/jsonschema.exe took 0.070 seconds
[2025-03-28T09:47:36.700+0000] {processor.py:186} INFO - Started process (PID=1542) to work on /opt/airflow/dags/env/Scripts/jsonschema.exe
[2025-03-28T09:47:36.702+0000] {processor.py:914} INFO - Processing file /opt/airflow/dags/env/Scripts/jsonschema.exe for tasks to queue
[2025-03-28T09:47:36.704+0000] {logging_mixin.py:190} INFO - [2025-03-28T09:47:36.703+0000] {dagbag.py:588} INFO - Filling up the DagBag from /opt/airflow/dags/env/Scripts/jsonschema.exe
[2025-03-28T09:47:36.722+0000] {logging_mixin.py:190} INFO - [2025-03-28T09:47:36.722+0000] {dagbag.py:435} INFO - File /opt/airflow/dags/env/Scripts/jsonschema.exe:__main__.py assumed to contain no DAGs. Skipping.
[2025-03-28T09:47:36.724+0000] {processor.py:927} WARNING - No viable dags retrieved from /opt/airflow/dags/env/Scripts/jsonschema.exe
[2025-03-28T09:47:36.752+0000] {processor.py:208} INFO - Processing /opt/airflow/dags/env/Scripts/jsonschema.exe took 0.066 seconds
[2025-03-28T09:52:11.810+0000] {processor.py:186} INFO - Started process (PID=1546) to work on /opt/airflow/dags/env/Scripts/jsonschema.exe
[2025-03-28T09:52:11.813+0000] {processor.py:914} INFO - Processing file /opt/airflow/dags/env/Scripts/jsonschema.exe for tasks to queue
[2025-03-28T09:52:11.816+0000] {logging_mixin.py:190} INFO - [2025-03-28T09:52:11.815+0000] {dagbag.py:588} INFO - Filling up the DagBag from /opt/airflow/dags/env/Scripts/jsonschema.exe
[2025-03-28T09:52:11.837+0000] {logging_mixin.py:190} INFO - [2025-03-28T09:52:11.836+0000] {dagbag.py:435} INFO - File /opt/airflow/dags/env/Scripts/jsonschema.exe:__main__.py assumed to contain no DAGs. Skipping.
[2025-03-28T09:52:11.838+0000] {processor.py:927} WARNING - No viable dags retrieved from /opt/airflow/dags/env/Scripts/jsonschema.exe
[2025-03-28T09:52:11.876+0000] {processor.py:208} INFO - Processing /opt/airflow/dags/env/Scripts/jsonschema.exe took 0.086 seconds
[2025-03-28T10:04:45.356+0000] {processor.py:186} INFO - Started process (PID=1571) to work on /opt/airflow/dags/env/Scripts/jsonschema.exe
[2025-03-28T10:04:45.358+0000] {processor.py:914} INFO - Processing file /opt/airflow/dags/env/Scripts/jsonschema.exe for tasks to queue
[2025-03-28T10:04:45.361+0000] {logging_mixin.py:190} INFO - [2025-03-28T10:04:45.361+0000] {dagbag.py:588} INFO - Filling up the DagBag from /opt/airflow/dags/env/Scripts/jsonschema.exe
[2025-03-28T10:04:45.383+0000] {logging_mixin.py:190} INFO - [2025-03-28T10:04:45.383+0000] {dagbag.py:435} INFO - File /opt/airflow/dags/env/Scripts/jsonschema.exe:__main__.py assumed to contain no DAGs. Skipping.
[2025-03-28T10:04:45.385+0000] {processor.py:927} WARNING - No viable dags retrieved from /opt/airflow/dags/env/Scripts/jsonschema.exe
[2025-03-28T10:04:45.416+0000] {processor.py:208} INFO - Processing /opt/airflow/dags/env/Scripts/jsonschema.exe took 0.079 seconds
[2025-03-28T10:09:22.764+0000] {processor.py:186} INFO - Started process (PID=1595) to work on /opt/airflow/dags/env/Scripts/jsonschema.exe
[2025-03-28T10:09:22.765+0000] {processor.py:914} INFO - Processing file /opt/airflow/dags/env/Scripts/jsonschema.exe for tasks to queue
[2025-03-28T10:09:22.767+0000] {logging_mixin.py:190} INFO - [2025-03-28T10:09:22.767+0000] {dagbag.py:588} INFO - Filling up the DagBag from /opt/airflow/dags/env/Scripts/jsonschema.exe
[2025-03-28T10:09:22.781+0000] {logging_mixin.py:190} INFO - [2025-03-28T10:09:22.780+0000] {dagbag.py:435} INFO - File /opt/airflow/dags/env/Scripts/jsonschema.exe:__main__.py assumed to contain no DAGs. Skipping.
[2025-03-28T10:09:22.782+0000] {processor.py:927} WARNING - No viable dags retrieved from /opt/airflow/dags/env/Scripts/jsonschema.exe
[2025-03-28T10:09:22.803+0000] {processor.py:208} INFO - Processing /opt/airflow/dags/env/Scripts/jsonschema.exe took 0.052 seconds
[2025-03-28T10:26:48.173+0000] {processor.py:186} INFO - Started process (PID=1620) to work on /opt/airflow/dags/env/Scripts/jsonschema.exe
[2025-03-28T10:26:48.175+0000] {processor.py:914} INFO - Processing file /opt/airflow/dags/env/Scripts/jsonschema.exe for tasks to queue
[2025-03-28T10:26:48.177+0000] {logging_mixin.py:190} INFO - [2025-03-28T10:26:48.176+0000] {dagbag.py:588} INFO - Filling up the DagBag from /opt/airflow/dags/env/Scripts/jsonschema.exe
[2025-03-28T10:26:48.192+0000] {logging_mixin.py:190} INFO - [2025-03-28T10:26:48.192+0000] {dagbag.py:435} INFO - File /opt/airflow/dags/env/Scripts/jsonschema.exe:__main__.py assumed to contain no DAGs. Skipping.
[2025-03-28T10:26:48.193+0000] {processor.py:927} WARNING - No viable dags retrieved from /opt/airflow/dags/env/Scripts/jsonschema.exe
[2025-03-28T10:26:48.227+0000] {processor.py:208} INFO - Processing /opt/airflow/dags/env/Scripts/jsonschema.exe took 0.075 seconds
[2025-03-28T10:31:12.021+0000] {processor.py:186} INFO - Started process (PID=1646) to work on /opt/airflow/dags/env/Scripts/jsonschema.exe
[2025-03-28T10:31:12.024+0000] {processor.py:914} INFO - Processing file /opt/airflow/dags/env/Scripts/jsonschema.exe for tasks to queue
[2025-03-28T10:31:12.027+0000] {logging_mixin.py:190} INFO - [2025-03-28T10:31:12.026+0000] {dagbag.py:588} INFO - Filling up the DagBag from /opt/airflow/dags/env/Scripts/jsonschema.exe
[2025-03-28T10:31:12.066+0000] {logging_mixin.py:190} INFO - [2025-03-28T10:31:12.066+0000] {dagbag.py:435} INFO - File /opt/airflow/dags/env/Scripts/jsonschema.exe:__main__.py assumed to contain no DAGs. Skipping.
[2025-03-28T10:31:12.068+0000] {processor.py:927} WARNING - No viable dags retrieved from /opt/airflow/dags/env/Scripts/jsonschema.exe
[2025-03-28T10:31:12.108+0000] {processor.py:208} INFO - Processing /opt/airflow/dags/env/Scripts/jsonschema.exe took 0.110 seconds
[2025-03-28T10:31:42.883+0000] {processor.py:186} INFO - Started process (PID=1670) to work on /opt/airflow/dags/env/Scripts/jsonschema.exe
[2025-03-28T10:31:42.885+0000] {processor.py:914} INFO - Processing file /opt/airflow/dags/env/Scripts/jsonschema.exe for tasks to queue
[2025-03-28T10:31:42.887+0000] {logging_mixin.py:190} INFO - [2025-03-28T10:31:42.887+0000] {dagbag.py:588} INFO - Filling up the DagBag from /opt/airflow/dags/env/Scripts/jsonschema.exe
[2025-03-28T10:31:42.902+0000] {logging_mixin.py:190} INFO - [2025-03-28T10:31:42.902+0000] {dagbag.py:435} INFO - File /opt/airflow/dags/env/Scripts/jsonschema.exe:__main__.py assumed to contain no DAGs. Skipping.
[2025-03-28T10:31:42.903+0000] {processor.py:927} WARNING - No viable dags retrieved from /opt/airflow/dags/env/Scripts/jsonschema.exe
[2025-03-28T10:31:42.937+0000] {processor.py:208} INFO - Processing /opt/airflow/dags/env/Scripts/jsonschema.exe took 0.072 seconds
[2025-03-28T10:32:13.517+0000] {processor.py:186} INFO - Started process (PID=1694) to work on /opt/airflow/dags/env/Scripts/jsonschema.exe
[2025-03-28T10:32:13.519+0000] {processor.py:914} INFO - Processing file /opt/airflow/dags/env/Scripts/jsonschema.exe for tasks to queue
[2025-03-28T10:32:13.521+0000] {logging_mixin.py:190} INFO - [2025-03-28T10:32:13.521+0000] {dagbag.py:588} INFO - Filling up the DagBag from /opt/airflow/dags/env/Scripts/jsonschema.exe
[2025-03-28T10:32:13.536+0000] {logging_mixin.py:190} INFO - [2025-03-28T10:32:13.536+0000] {dagbag.py:435} INFO - File /opt/airflow/dags/env/Scripts/jsonschema.exe:__main__.py assumed to contain no DAGs. Skipping.
[2025-03-28T10:32:13.537+0000] {processor.py:927} WARNING - No viable dags retrieved from /opt/airflow/dags/env/Scripts/jsonschema.exe
[2025-03-28T10:32:13.568+0000] {processor.py:208} INFO - Processing /opt/airflow/dags/env/Scripts/jsonschema.exe took 0.071 seconds
[2025-03-28T10:36:16.039+0000] {processor.py:186} INFO - Started process (PID=1700) to work on /opt/airflow/dags/env/Scripts/jsonschema.exe
[2025-03-28T10:36:16.041+0000] {processor.py:914} INFO - Processing file /opt/airflow/dags/env/Scripts/jsonschema.exe for tasks to queue
[2025-03-28T10:36:16.042+0000] {logging_mixin.py:190} INFO - [2025-03-28T10:36:16.042+0000] {dagbag.py:588} INFO - Filling up the DagBag from /opt/airflow/dags/env/Scripts/jsonschema.exe
[2025-03-28T10:36:16.059+0000] {logging_mixin.py:190} INFO - [2025-03-28T10:36:16.059+0000] {dagbag.py:435} INFO - File /opt/airflow/dags/env/Scripts/jsonschema.exe:__main__.py assumed to contain no DAGs. Skipping.
[2025-03-28T10:36:16.060+0000] {processor.py:927} WARNING - No viable dags retrieved from /opt/airflow/dags/env/Scripts/jsonschema.exe
[2025-03-28T10:36:16.081+0000] {processor.py:208} INFO - Processing /opt/airflow/dags/env/Scripts/jsonschema.exe took 0.053 seconds
[2025-03-28T10:36:57.201+0000] {processor.py:186} INFO - Started process (PID=1724) to work on /opt/airflow/dags/env/Scripts/jsonschema.exe
[2025-03-28T10:36:57.203+0000] {processor.py:914} INFO - Processing file /opt/airflow/dags/env/Scripts/jsonschema.exe for tasks to queue
[2025-03-28T10:36:57.207+0000] {logging_mixin.py:190} INFO - [2025-03-28T10:36:57.206+0000] {dagbag.py:588} INFO - Filling up the DagBag from /opt/airflow/dags/env/Scripts/jsonschema.exe
[2025-03-28T10:36:57.233+0000] {logging_mixin.py:190} INFO - [2025-03-28T10:36:57.232+0000] {dagbag.py:435} INFO - File /opt/airflow/dags/env/Scripts/jsonschema.exe:__main__.py assumed to contain no DAGs. Skipping.
[2025-03-28T10:36:57.235+0000] {processor.py:927} WARNING - No viable dags retrieved from /opt/airflow/dags/env/Scripts/jsonschema.exe
[2025-03-28T10:36:57.277+0000] {processor.py:208} INFO - Processing /opt/airflow/dags/env/Scripts/jsonschema.exe took 0.098 seconds
[2025-03-28T11:13:00.180+0000] {processor.py:186} INFO - Started process (PID=1744) to work on /opt/airflow/dags/env/Scripts/jsonschema.exe
[2025-03-28T11:13:00.182+0000] {processor.py:914} INFO - Processing file /opt/airflow/dags/env/Scripts/jsonschema.exe for tasks to queue
[2025-03-28T11:13:00.186+0000] {logging_mixin.py:190} INFO - [2025-03-28T11:13:00.185+0000] {dagbag.py:588} INFO - Filling up the DagBag from /opt/airflow/dags/env/Scripts/jsonschema.exe
[2025-03-28T11:13:00.210+0000] {logging_mixin.py:190} INFO - [2025-03-28T11:13:00.209+0000] {dagbag.py:435} INFO - File /opt/airflow/dags/env/Scripts/jsonschema.exe:__main__.py assumed to contain no DAGs. Skipping.
[2025-03-28T11:13:00.212+0000] {processor.py:927} WARNING - No viable dags retrieved from /opt/airflow/dags/env/Scripts/jsonschema.exe
[2025-03-28T11:13:00.262+0000] {processor.py:208} INFO - Processing /opt/airflow/dags/env/Scripts/jsonschema.exe took 0.107 seconds
[2025-03-28T11:52:41.460+0000] {processor.py:186} INFO - Started process (PID=1769) to work on /opt/airflow/dags/env/Scripts/jsonschema.exe
[2025-03-28T11:52:41.462+0000] {processor.py:914} INFO - Processing file /opt/airflow/dags/env/Scripts/jsonschema.exe for tasks to queue
[2025-03-28T11:52:41.464+0000] {logging_mixin.py:190} INFO - [2025-03-28T11:52:41.463+0000] {dagbag.py:588} INFO - Filling up the DagBag from /opt/airflow/dags/env/Scripts/jsonschema.exe
[2025-03-28T11:52:41.482+0000] {logging_mixin.py:190} INFO - [2025-03-28T11:52:41.482+0000] {dagbag.py:435} INFO - File /opt/airflow/dags/env/Scripts/jsonschema.exe:__main__.py assumed to contain no DAGs. Skipping.
[2025-03-28T11:52:41.484+0000] {processor.py:927} WARNING - No viable dags retrieved from /opt/airflow/dags/env/Scripts/jsonschema.exe
[2025-03-28T11:52:41.516+0000] {processor.py:208} INFO - Processing /opt/airflow/dags/env/Scripts/jsonschema.exe took 0.076 seconds
[2025-03-28T12:21:26.335+0000] {processor.py:186} INFO - Started process (PID=1792) to work on /opt/airflow/dags/env/Scripts/jsonschema.exe
[2025-03-28T12:21:26.337+0000] {processor.py:914} INFO - Processing file /opt/airflow/dags/env/Scripts/jsonschema.exe for tasks to queue
[2025-03-28T12:21:26.340+0000] {logging_mixin.py:190} INFO - [2025-03-28T12:21:26.339+0000] {dagbag.py:588} INFO - Filling up the DagBag from /opt/airflow/dags/env/Scripts/jsonschema.exe
[2025-03-28T12:21:26.370+0000] {logging_mixin.py:190} INFO - [2025-03-28T12:21:26.370+0000] {dagbag.py:435} INFO - File /opt/airflow/dags/env/Scripts/jsonschema.exe:__main__.py assumed to contain no DAGs. Skipping.
[2025-03-28T12:21:26.372+0000] {processor.py:927} WARNING - No viable dags retrieved from /opt/airflow/dags/env/Scripts/jsonschema.exe
[2025-03-28T12:21:26.415+0000] {processor.py:208} INFO - Processing /opt/airflow/dags/env/Scripts/jsonschema.exe took 0.107 seconds
[2025-03-28T12:52:24.698+0000] {processor.py:186} INFO - Started process (PID=1816) to work on /opt/airflow/dags/env/Scripts/jsonschema.exe
[2025-03-28T12:52:24.700+0000] {processor.py:914} INFO - Processing file /opt/airflow/dags/env/Scripts/jsonschema.exe for tasks to queue
[2025-03-28T12:52:24.702+0000] {logging_mixin.py:190} INFO - [2025-03-28T12:52:24.702+0000] {dagbag.py:588} INFO - Filling up the DagBag from /opt/airflow/dags/env/Scripts/jsonschema.exe
[2025-03-28T12:52:24.717+0000] {logging_mixin.py:190} INFO - [2025-03-28T12:52:24.716+0000] {dagbag.py:435} INFO - File /opt/airflow/dags/env/Scripts/jsonschema.exe:__main__.py assumed to contain no DAGs. Skipping.
[2025-03-28T12:52:24.719+0000] {processor.py:927} WARNING - No viable dags retrieved from /opt/airflow/dags/env/Scripts/jsonschema.exe
[2025-03-28T12:52:24.743+0000] {processor.py:208} INFO - Processing /opt/airflow/dags/env/Scripts/jsonschema.exe took 0.056 seconds
[2025-03-28T12:56:51.288+0000] {processor.py:186} INFO - Started process (PID=1842) to work on /opt/airflow/dags/env/Scripts/jsonschema.exe
[2025-03-28T12:56:51.289+0000] {processor.py:914} INFO - Processing file /opt/airflow/dags/env/Scripts/jsonschema.exe for tasks to queue
[2025-03-28T12:56:51.291+0000] {logging_mixin.py:190} INFO - [2025-03-28T12:56:51.291+0000] {dagbag.py:588} INFO - Filling up the DagBag from /opt/airflow/dags/env/Scripts/jsonschema.exe
[2025-03-28T12:56:51.304+0000] {logging_mixin.py:190} INFO - [2025-03-28T12:56:51.303+0000] {dagbag.py:435} INFO - File /opt/airflow/dags/env/Scripts/jsonschema.exe:__main__.py assumed to contain no DAGs. Skipping.
[2025-03-28T12:56:51.305+0000] {processor.py:927} WARNING - No viable dags retrieved from /opt/airflow/dags/env/Scripts/jsonschema.exe
[2025-03-28T12:56:51.327+0000] {processor.py:208} INFO - Processing /opt/airflow/dags/env/Scripts/jsonschema.exe took 0.050 seconds
[2025-03-28T12:57:22.396+0000] {processor.py:186} INFO - Started process (PID=1866) to work on /opt/airflow/dags/env/Scripts/jsonschema.exe
[2025-03-28T12:57:22.398+0000] {processor.py:914} INFO - Processing file /opt/airflow/dags/env/Scripts/jsonschema.exe for tasks to queue
[2025-03-28T12:57:22.400+0000] {logging_mixin.py:190} INFO - [2025-03-28T12:57:22.399+0000] {dagbag.py:588} INFO - Filling up the DagBag from /opt/airflow/dags/env/Scripts/jsonschema.exe
[2025-03-28T12:57:22.412+0000] {logging_mixin.py:190} INFO - [2025-03-28T12:57:22.412+0000] {dagbag.py:435} INFO - File /opt/airflow/dags/env/Scripts/jsonschema.exe:__main__.py assumed to contain no DAGs. Skipping.
[2025-03-28T12:57:22.413+0000] {processor.py:927} WARNING - No viable dags retrieved from /opt/airflow/dags/env/Scripts/jsonschema.exe
[2025-03-28T12:57:22.451+0000] {processor.py:208} INFO - Processing /opt/airflow/dags/env/Scripts/jsonschema.exe took 0.068 seconds
[2025-03-28T12:57:52.777+0000] {processor.py:186} INFO - Started process (PID=1890) to work on /opt/airflow/dags/env/Scripts/jsonschema.exe
[2025-03-28T12:57:52.778+0000] {processor.py:914} INFO - Processing file /opt/airflow/dags/env/Scripts/jsonschema.exe for tasks to queue
[2025-03-28T12:57:52.780+0000] {logging_mixin.py:190} INFO - [2025-03-28T12:57:52.779+0000] {dagbag.py:588} INFO - Filling up the DagBag from /opt/airflow/dags/env/Scripts/jsonschema.exe
[2025-03-28T12:57:52.797+0000] {logging_mixin.py:190} INFO - [2025-03-28T12:57:52.797+0000] {dagbag.py:435} INFO - File /opt/airflow/dags/env/Scripts/jsonschema.exe:__main__.py assumed to contain no DAGs. Skipping.
[2025-03-28T12:57:52.799+0000] {processor.py:927} WARNING - No viable dags retrieved from /opt/airflow/dags/env/Scripts/jsonschema.exe
[2025-03-28T12:57:52.827+0000] {processor.py:208} INFO - Processing /opt/airflow/dags/env/Scripts/jsonschema.exe took 0.063 seconds
[2025-03-28T13:01:53.085+0000] {processor.py:186} INFO - Started process (PID=1895) to work on /opt/airflow/dags/env/Scripts/jsonschema.exe
[2025-03-28T13:01:53.086+0000] {processor.py:914} INFO - Processing file /opt/airflow/dags/env/Scripts/jsonschema.exe for tasks to queue
[2025-03-28T13:01:53.088+0000] {logging_mixin.py:190} INFO - [2025-03-28T13:01:53.088+0000] {dagbag.py:588} INFO - Filling up the DagBag from /opt/airflow/dags/env/Scripts/jsonschema.exe
[2025-03-28T13:01:53.105+0000] {logging_mixin.py:190} INFO - [2025-03-28T13:01:53.105+0000] {dagbag.py:435} INFO - File /opt/airflow/dags/env/Scripts/jsonschema.exe:__main__.py assumed to contain no DAGs. Skipping.
[2025-03-28T13:01:53.106+0000] {processor.py:927} WARNING - No viable dags retrieved from /opt/airflow/dags/env/Scripts/jsonschema.exe
[2025-03-28T13:01:53.133+0000] {processor.py:208} INFO - Processing /opt/airflow/dags/env/Scripts/jsonschema.exe took 0.063 seconds
[2025-03-28T13:02:24.212+0000] {processor.py:186} INFO - Started process (PID=1919) to work on /opt/airflow/dags/env/Scripts/jsonschema.exe
[2025-03-28T13:02:24.213+0000] {processor.py:914} INFO - Processing file /opt/airflow/dags/env/Scripts/jsonschema.exe for tasks to queue
[2025-03-28T13:02:24.215+0000] {logging_mixin.py:190} INFO - [2025-03-28T13:02:24.214+0000] {dagbag.py:588} INFO - Filling up the DagBag from /opt/airflow/dags/env/Scripts/jsonschema.exe
[2025-03-28T13:02:24.226+0000] {logging_mixin.py:190} INFO - [2025-03-28T13:02:24.226+0000] {dagbag.py:435} INFO - File /opt/airflow/dags/env/Scripts/jsonschema.exe:__main__.py assumed to contain no DAGs. Skipping.
[2025-03-28T13:02:24.227+0000] {processor.py:927} WARNING - No viable dags retrieved from /opt/airflow/dags/env/Scripts/jsonschema.exe
[2025-03-28T13:02:24.248+0000] {processor.py:208} INFO - Processing /opt/airflow/dags/env/Scripts/jsonschema.exe took 0.048 seconds
[2025-03-28T13:06:50.837+0000] {processor.py:186} INFO - Started process (PID=1946) to work on /opt/airflow/dags/env/Scripts/jsonschema.exe
[2025-03-28T13:06:50.839+0000] {processor.py:914} INFO - Processing file /opt/airflow/dags/env/Scripts/jsonschema.exe for tasks to queue
[2025-03-28T13:06:50.841+0000] {logging_mixin.py:190} INFO - [2025-03-28T13:06:50.840+0000] {dagbag.py:588} INFO - Filling up the DagBag from /opt/airflow/dags/env/Scripts/jsonschema.exe
[2025-03-28T13:06:50.853+0000] {logging_mixin.py:190} INFO - [2025-03-28T13:06:50.853+0000] {dagbag.py:435} INFO - File /opt/airflow/dags/env/Scripts/jsonschema.exe:__main__.py assumed to contain no DAGs. Skipping.
[2025-03-28T13:06:50.854+0000] {processor.py:927} WARNING - No viable dags retrieved from /opt/airflow/dags/env/Scripts/jsonschema.exe
[2025-03-28T13:06:50.875+0000] {processor.py:208} INFO - Processing /opt/airflow/dags/env/Scripts/jsonschema.exe took 0.049 seconds
[2025-03-28T13:07:21.289+0000] {processor.py:186} INFO - Started process (PID=1970) to work on /opt/airflow/dags/env/Scripts/jsonschema.exe
[2025-03-28T13:07:21.291+0000] {processor.py:914} INFO - Processing file /opt/airflow/dags/env/Scripts/jsonschema.exe for tasks to queue
[2025-03-28T13:07:21.293+0000] {logging_mixin.py:190} INFO - [2025-03-28T13:07:21.292+0000] {dagbag.py:588} INFO - Filling up the DagBag from /opt/airflow/dags/env/Scripts/jsonschema.exe
[2025-03-28T13:07:21.305+0000] {logging_mixin.py:190} INFO - [2025-03-28T13:07:21.305+0000] {dagbag.py:435} INFO - File /opt/airflow/dags/env/Scripts/jsonschema.exe:__main__.py assumed to contain no DAGs. Skipping.
[2025-03-28T13:07:21.306+0000] {processor.py:927} WARNING - No viable dags retrieved from /opt/airflow/dags/env/Scripts/jsonschema.exe
[2025-03-28T13:07:21.328+0000] {processor.py:208} INFO - Processing /opt/airflow/dags/env/Scripts/jsonschema.exe took 0.049 seconds
[2025-03-28T13:07:51.808+0000] {processor.py:186} INFO - Started process (PID=1994) to work on /opt/airflow/dags/env/Scripts/jsonschema.exe
[2025-03-28T13:07:51.810+0000] {processor.py:914} INFO - Processing file /opt/airflow/dags/env/Scripts/jsonschema.exe for tasks to queue
[2025-03-28T13:07:51.811+0000] {logging_mixin.py:190} INFO - [2025-03-28T13:07:51.811+0000] {dagbag.py:588} INFO - Filling up the DagBag from /opt/airflow/dags/env/Scripts/jsonschema.exe
[2025-03-28T13:07:51.823+0000] {logging_mixin.py:190} INFO - [2025-03-28T13:07:51.823+0000] {dagbag.py:435} INFO - File /opt/airflow/dags/env/Scripts/jsonschema.exe:__main__.py assumed to contain no DAGs. Skipping.
[2025-03-28T13:07:51.824+0000] {processor.py:927} WARNING - No viable dags retrieved from /opt/airflow/dags/env/Scripts/jsonschema.exe
[2025-03-28T13:07:51.846+0000] {processor.py:208} INFO - Processing /opt/airflow/dags/env/Scripts/jsonschema.exe took 0.048 seconds
[2025-03-28T13:11:48.300+0000] {processor.py:186} INFO - Started process (PID=2000) to work on /opt/airflow/dags/env/Scripts/jsonschema.exe
[2025-03-28T13:11:48.301+0000] {processor.py:914} INFO - Processing file /opt/airflow/dags/env/Scripts/jsonschema.exe for tasks to queue
[2025-03-28T13:11:48.302+0000] {logging_mixin.py:190} INFO - [2025-03-28T13:11:48.302+0000] {dagbag.py:588} INFO - Filling up the DagBag from /opt/airflow/dags/env/Scripts/jsonschema.exe
[2025-03-28T13:11:48.314+0000] {logging_mixin.py:190} INFO - [2025-03-28T13:11:48.314+0000] {dagbag.py:435} INFO - File /opt/airflow/dags/env/Scripts/jsonschema.exe:__main__.py assumed to contain no DAGs. Skipping.
[2025-03-28T13:11:48.315+0000] {processor.py:927} WARNING - No viable dags retrieved from /opt/airflow/dags/env/Scripts/jsonschema.exe
[2025-03-28T13:11:48.337+0000] {processor.py:208} INFO - Processing /opt/airflow/dags/env/Scripts/jsonschema.exe took 0.050 seconds
[2025-03-28T13:12:18.916+0000] {processor.py:186} INFO - Started process (PID=2024) to work on /opt/airflow/dags/env/Scripts/jsonschema.exe
[2025-03-28T13:12:18.918+0000] {processor.py:914} INFO - Processing file /opt/airflow/dags/env/Scripts/jsonschema.exe for tasks to queue
[2025-03-28T13:12:18.920+0000] {logging_mixin.py:190} INFO - [2025-03-28T13:12:18.919+0000] {dagbag.py:588} INFO - Filling up the DagBag from /opt/airflow/dags/env/Scripts/jsonschema.exe
[2025-03-28T13:12:18.938+0000] {logging_mixin.py:190} INFO - [2025-03-28T13:12:18.937+0000] {dagbag.py:435} INFO - File /opt/airflow/dags/env/Scripts/jsonschema.exe:__main__.py assumed to contain no DAGs. Skipping.
[2025-03-28T13:12:18.940+0000] {processor.py:927} WARNING - No viable dags retrieved from /opt/airflow/dags/env/Scripts/jsonschema.exe
[2025-03-28T13:12:18.971+0000] {processor.py:208} INFO - Processing /opt/airflow/dags/env/Scripts/jsonschema.exe took 0.069 seconds
[2025-03-28T13:12:49.535+0000] {processor.py:186} INFO - Started process (PID=2048) to work on /opt/airflow/dags/env/Scripts/jsonschema.exe
[2025-03-28T13:12:49.536+0000] {processor.py:914} INFO - Processing file /opt/airflow/dags/env/Scripts/jsonschema.exe for tasks to queue
[2025-03-28T13:12:49.538+0000] {logging_mixin.py:190} INFO - [2025-03-28T13:12:49.538+0000] {dagbag.py:588} INFO - Filling up the DagBag from /opt/airflow/dags/env/Scripts/jsonschema.exe
[2025-03-28T13:12:49.556+0000] {logging_mixin.py:190} INFO - [2025-03-28T13:12:49.556+0000] {dagbag.py:435} INFO - File /opt/airflow/dags/env/Scripts/jsonschema.exe:__main__.py assumed to contain no DAGs. Skipping.
[2025-03-28T13:12:49.557+0000] {processor.py:927} WARNING - No viable dags retrieved from /opt/airflow/dags/env/Scripts/jsonschema.exe
[2025-03-28T13:12:49.585+0000] {processor.py:208} INFO - Processing /opt/airflow/dags/env/Scripts/jsonschema.exe took 0.066 seconds
[2025-03-28T13:16:53.180+0000] {processor.py:186} INFO - Started process (PID=2056) to work on /opt/airflow/dags/env/Scripts/jsonschema.exe
[2025-03-28T13:16:53.181+0000] {processor.py:914} INFO - Processing file /opt/airflow/dags/env/Scripts/jsonschema.exe for tasks to queue
[2025-03-28T13:16:53.183+0000] {logging_mixin.py:190} INFO - [2025-03-28T13:16:53.182+0000] {dagbag.py:588} INFO - Filling up the DagBag from /opt/airflow/dags/env/Scripts/jsonschema.exe
[2025-03-28T13:16:53.194+0000] {logging_mixin.py:190} INFO - [2025-03-28T13:16:53.194+0000] {dagbag.py:435} INFO - File /opt/airflow/dags/env/Scripts/jsonschema.exe:__main__.py assumed to contain no DAGs. Skipping.
[2025-03-28T13:16:53.195+0000] {processor.py:927} WARNING - No viable dags retrieved from /opt/airflow/dags/env/Scripts/jsonschema.exe
[2025-03-28T13:16:53.216+0000] {processor.py:208} INFO - Processing /opt/airflow/dags/env/Scripts/jsonschema.exe took 0.048 seconds
[2025-03-28T13:17:23.864+0000] {processor.py:186} INFO - Started process (PID=2080) to work on /opt/airflow/dags/env/Scripts/jsonschema.exe
[2025-03-28T13:17:23.865+0000] {processor.py:914} INFO - Processing file /opt/airflow/dags/env/Scripts/jsonschema.exe for tasks to queue
[2025-03-28T13:17:23.867+0000] {logging_mixin.py:190} INFO - [2025-03-28T13:17:23.866+0000] {dagbag.py:588} INFO - Filling up the DagBag from /opt/airflow/dags/env/Scripts/jsonschema.exe
[2025-03-28T13:17:23.880+0000] {logging_mixin.py:190} INFO - [2025-03-28T13:17:23.879+0000] {dagbag.py:435} INFO - File /opt/airflow/dags/env/Scripts/jsonschema.exe:__main__.py assumed to contain no DAGs. Skipping.
[2025-03-28T13:17:23.881+0000] {processor.py:927} WARNING - No viable dags retrieved from /opt/airflow/dags/env/Scripts/jsonschema.exe
[2025-03-28T13:17:23.907+0000] {processor.py:208} INFO - Processing /opt/airflow/dags/env/Scripts/jsonschema.exe took 0.055 seconds
[2025-03-28T13:17:54.782+0000] {processor.py:186} INFO - Started process (PID=2104) to work on /opt/airflow/dags/env/Scripts/jsonschema.exe
[2025-03-28T13:17:54.783+0000] {processor.py:914} INFO - Processing file /opt/airflow/dags/env/Scripts/jsonschema.exe for tasks to queue
[2025-03-28T13:17:54.785+0000] {logging_mixin.py:190} INFO - [2025-03-28T13:17:54.785+0000] {dagbag.py:588} INFO - Filling up the DagBag from /opt/airflow/dags/env/Scripts/jsonschema.exe
[2025-03-28T13:17:54.798+0000] {logging_mixin.py:190} INFO - [2025-03-28T13:17:54.798+0000] {dagbag.py:435} INFO - File /opt/airflow/dags/env/Scripts/jsonschema.exe:__main__.py assumed to contain no DAGs. Skipping.
[2025-03-28T13:17:54.799+0000] {processor.py:927} WARNING - No viable dags retrieved from /opt/airflow/dags/env/Scripts/jsonschema.exe
[2025-03-28T13:17:54.821+0000] {processor.py:208} INFO - Processing /opt/airflow/dags/env/Scripts/jsonschema.exe took 0.053 seconds
[2025-03-28T13:21:53.239+0000] {processor.py:186} INFO - Started process (PID=2108) to work on /opt/airflow/dags/env/Scripts/jsonschema.exe
[2025-03-28T13:21:53.241+0000] {processor.py:914} INFO - Processing file /opt/airflow/dags/env/Scripts/jsonschema.exe for tasks to queue
[2025-03-28T13:21:53.242+0000] {logging_mixin.py:190} INFO - [2025-03-28T13:21:53.242+0000] {dagbag.py:588} INFO - Filling up the DagBag from /opt/airflow/dags/env/Scripts/jsonschema.exe
[2025-03-28T13:21:53.261+0000] {logging_mixin.py:190} INFO - [2025-03-28T13:21:53.261+0000] {dagbag.py:435} INFO - File /opt/airflow/dags/env/Scripts/jsonschema.exe:__main__.py assumed to contain no DAGs. Skipping.
[2025-03-28T13:21:53.263+0000] {processor.py:927} WARNING - No viable dags retrieved from /opt/airflow/dags/env/Scripts/jsonschema.exe
[2025-03-28T13:21:53.290+0000] {processor.py:208} INFO - Processing /opt/airflow/dags/env/Scripts/jsonschema.exe took 0.062 seconds
[2025-03-28T13:22:24.529+0000] {processor.py:186} INFO - Started process (PID=2132) to work on /opt/airflow/dags/env/Scripts/jsonschema.exe
[2025-03-28T13:22:24.531+0000] {processor.py:914} INFO - Processing file /opt/airflow/dags/env/Scripts/jsonschema.exe for tasks to queue
[2025-03-28T13:22:24.532+0000] {logging_mixin.py:190} INFO - [2025-03-28T13:22:24.532+0000] {dagbag.py:588} INFO - Filling up the DagBag from /opt/airflow/dags/env/Scripts/jsonschema.exe
[2025-03-28T13:22:24.545+0000] {logging_mixin.py:190} INFO - [2025-03-28T13:22:24.545+0000] {dagbag.py:435} INFO - File /opt/airflow/dags/env/Scripts/jsonschema.exe:__main__.py assumed to contain no DAGs. Skipping.
[2025-03-28T13:22:24.546+0000] {processor.py:927} WARNING - No viable dags retrieved from /opt/airflow/dags/env/Scripts/jsonschema.exe
[2025-03-28T13:22:24.570+0000] {processor.py:208} INFO - Processing /opt/airflow/dags/env/Scripts/jsonschema.exe took 0.053 seconds
[2025-03-28T13:22:55.037+0000] {processor.py:186} INFO - Started process (PID=2156) to work on /opt/airflow/dags/env/Scripts/jsonschema.exe
[2025-03-28T13:22:55.038+0000] {processor.py:914} INFO - Processing file /opt/airflow/dags/env/Scripts/jsonschema.exe for tasks to queue
[2025-03-28T13:22:55.040+0000] {logging_mixin.py:190} INFO - [2025-03-28T13:22:55.039+0000] {dagbag.py:588} INFO - Filling up the DagBag from /opt/airflow/dags/env/Scripts/jsonschema.exe
[2025-03-28T13:22:55.051+0000] {logging_mixin.py:190} INFO - [2025-03-28T13:22:55.051+0000] {dagbag.py:435} INFO - File /opt/airflow/dags/env/Scripts/jsonschema.exe:__main__.py assumed to contain no DAGs. Skipping.
[2025-03-28T13:22:55.052+0000] {processor.py:927} WARNING - No viable dags retrieved from /opt/airflow/dags/env/Scripts/jsonschema.exe
[2025-03-28T13:22:55.074+0000] {processor.py:208} INFO - Processing /opt/airflow/dags/env/Scripts/jsonschema.exe took 0.049 seconds
[2025-03-28T13:26:49.417+0000] {processor.py:186} INFO - Started process (PID=2160) to work on /opt/airflow/dags/env/Scripts/jsonschema.exe
[2025-03-28T13:26:49.418+0000] {processor.py:914} INFO - Processing file /opt/airflow/dags/env/Scripts/jsonschema.exe for tasks to queue
[2025-03-28T13:26:49.420+0000] {logging_mixin.py:190} INFO - [2025-03-28T13:26:49.420+0000] {dagbag.py:588} INFO - Filling up the DagBag from /opt/airflow/dags/env/Scripts/jsonschema.exe
[2025-03-28T13:26:49.434+0000] {logging_mixin.py:190} INFO - [2025-03-28T13:26:49.433+0000] {dagbag.py:435} INFO - File /opt/airflow/dags/env/Scripts/jsonschema.exe:__main__.py assumed to contain no DAGs. Skipping.
[2025-03-28T13:26:49.435+0000] {processor.py:927} WARNING - No viable dags retrieved from /opt/airflow/dags/env/Scripts/jsonschema.exe
[2025-03-28T13:26:49.458+0000] {processor.py:208} INFO - Processing /opt/airflow/dags/env/Scripts/jsonschema.exe took 0.052 seconds
[2025-03-28T13:27:20.149+0000] {processor.py:186} INFO - Started process (PID=2184) to work on /opt/airflow/dags/env/Scripts/jsonschema.exe
[2025-03-28T13:27:20.151+0000] {processor.py:914} INFO - Processing file /opt/airflow/dags/env/Scripts/jsonschema.exe for tasks to queue
[2025-03-28T13:27:20.153+0000] {logging_mixin.py:190} INFO - [2025-03-28T13:27:20.152+0000] {dagbag.py:588} INFO - Filling up the DagBag from /opt/airflow/dags/env/Scripts/jsonschema.exe
[2025-03-28T13:27:20.166+0000] {logging_mixin.py:190} INFO - [2025-03-28T13:27:20.166+0000] {dagbag.py:435} INFO - File /opt/airflow/dags/env/Scripts/jsonschema.exe:__main__.py assumed to contain no DAGs. Skipping.
[2025-03-28T13:27:20.167+0000] {processor.py:927} WARNING - No viable dags retrieved from /opt/airflow/dags/env/Scripts/jsonschema.exe
[2025-03-28T13:27:20.187+0000] {processor.py:208} INFO - Processing /opt/airflow/dags/env/Scripts/jsonschema.exe took 0.051 seconds
[2025-03-28T13:27:51.360+0000] {processor.py:186} INFO - Started process (PID=2208) to work on /opt/airflow/dags/env/Scripts/jsonschema.exe
[2025-03-28T13:27:51.362+0000] {processor.py:914} INFO - Processing file /opt/airflow/dags/env/Scripts/jsonschema.exe for tasks to queue
[2025-03-28T13:27:51.366+0000] {logging_mixin.py:190} INFO - [2025-03-28T13:27:51.365+0000] {dagbag.py:588} INFO - Filling up the DagBag from /opt/airflow/dags/env/Scripts/jsonschema.exe
[2025-03-28T13:27:51.385+0000] {logging_mixin.py:190} INFO - [2025-03-28T13:27:51.384+0000] {dagbag.py:435} INFO - File /opt/airflow/dags/env/Scripts/jsonschema.exe:__main__.py assumed to contain no DAGs. Skipping.
[2025-03-28T13:27:51.386+0000] {processor.py:927} WARNING - No viable dags retrieved from /opt/airflow/dags/env/Scripts/jsonschema.exe
[2025-03-28T13:27:51.412+0000] {processor.py:208} INFO - Processing /opt/airflow/dags/env/Scripts/jsonschema.exe took 0.267 seconds
[2025-03-28T13:31:51.972+0000] {processor.py:186} INFO - Started process (PID=2216) to work on /opt/airflow/dags/env/Scripts/jsonschema.exe
[2025-03-28T13:31:51.973+0000] {processor.py:914} INFO - Processing file /opt/airflow/dags/env/Scripts/jsonschema.exe for tasks to queue
[2025-03-28T13:31:51.975+0000] {logging_mixin.py:190} INFO - [2025-03-28T13:31:51.974+0000] {dagbag.py:588} INFO - Filling up the DagBag from /opt/airflow/dags/env/Scripts/jsonschema.exe
[2025-03-28T13:31:51.986+0000] {logging_mixin.py:190} INFO - [2025-03-28T13:31:51.986+0000] {dagbag.py:435} INFO - File /opt/airflow/dags/env/Scripts/jsonschema.exe:__main__.py assumed to contain no DAGs. Skipping.
[2025-03-28T13:31:51.987+0000] {processor.py:927} WARNING - No viable dags retrieved from /opt/airflow/dags/env/Scripts/jsonschema.exe
[2025-03-28T13:31:52.012+0000] {processor.py:208} INFO - Processing /opt/airflow/dags/env/Scripts/jsonschema.exe took 0.050 seconds
[2025-03-28T13:32:22.618+0000] {processor.py:186} INFO - Started process (PID=2240) to work on /opt/airflow/dags/env/Scripts/jsonschema.exe
[2025-03-28T13:32:22.620+0000] {processor.py:914} INFO - Processing file /opt/airflow/dags/env/Scripts/jsonschema.exe for tasks to queue
[2025-03-28T13:32:22.621+0000] {logging_mixin.py:190} INFO - [2025-03-28T13:32:22.621+0000] {dagbag.py:588} INFO - Filling up the DagBag from /opt/airflow/dags/env/Scripts/jsonschema.exe
[2025-03-28T13:32:22.634+0000] {logging_mixin.py:190} INFO - [2025-03-28T13:32:22.634+0000] {dagbag.py:435} INFO - File /opt/airflow/dags/env/Scripts/jsonschema.exe:__main__.py assumed to contain no DAGs. Skipping.
[2025-03-28T13:32:22.635+0000] {processor.py:927} WARNING - No viable dags retrieved from /opt/airflow/dags/env/Scripts/jsonschema.exe
[2025-03-28T13:32:22.661+0000] {processor.py:208} INFO - Processing /opt/airflow/dags/env/Scripts/jsonschema.exe took 0.054 seconds
[2025-03-28T13:32:53.037+0000] {processor.py:186} INFO - Started process (PID=2264) to work on /opt/airflow/dags/env/Scripts/jsonschema.exe
[2025-03-28T13:32:53.039+0000] {processor.py:914} INFO - Processing file /opt/airflow/dags/env/Scripts/jsonschema.exe for tasks to queue
[2025-03-28T13:32:53.041+0000] {logging_mixin.py:190} INFO - [2025-03-28T13:32:53.040+0000] {dagbag.py:588} INFO - Filling up the DagBag from /opt/airflow/dags/env/Scripts/jsonschema.exe
[2025-03-28T13:32:53.053+0000] {logging_mixin.py:190} INFO - [2025-03-28T13:32:53.053+0000] {dagbag.py:435} INFO - File /opt/airflow/dags/env/Scripts/jsonschema.exe:__main__.py assumed to contain no DAGs. Skipping.
[2025-03-28T13:32:53.054+0000] {processor.py:927} WARNING - No viable dags retrieved from /opt/airflow/dags/env/Scripts/jsonschema.exe
[2025-03-28T13:32:53.075+0000] {processor.py:208} INFO - Processing /opt/airflow/dags/env/Scripts/jsonschema.exe took 0.050 seconds
[2025-03-28T13:36:55.210+0000] {processor.py:186} INFO - Started process (PID=2270) to work on /opt/airflow/dags/env/Scripts/jsonschema.exe
[2025-03-28T13:36:55.211+0000] {processor.py:914} INFO - Processing file /opt/airflow/dags/env/Scripts/jsonschema.exe for tasks to queue
[2025-03-28T13:36:55.213+0000] {logging_mixin.py:190} INFO - [2025-03-28T13:36:55.213+0000] {dagbag.py:588} INFO - Filling up the DagBag from /opt/airflow/dags/env/Scripts/jsonschema.exe
[2025-03-28T13:36:55.226+0000] {logging_mixin.py:190} INFO - [2025-03-28T13:36:55.226+0000] {dagbag.py:435} INFO - File /opt/airflow/dags/env/Scripts/jsonschema.exe:__main__.py assumed to contain no DAGs. Skipping.
[2025-03-28T13:36:55.227+0000] {processor.py:927} WARNING - No viable dags retrieved from /opt/airflow/dags/env/Scripts/jsonschema.exe
[2025-03-28T13:36:55.249+0000] {processor.py:208} INFO - Processing /opt/airflow/dags/env/Scripts/jsonschema.exe took 0.052 seconds
[2025-03-28T13:37:25.837+0000] {processor.py:186} INFO - Started process (PID=2294) to work on /opt/airflow/dags/env/Scripts/jsonschema.exe
[2025-03-28T13:37:25.838+0000] {processor.py:914} INFO - Processing file /opt/airflow/dags/env/Scripts/jsonschema.exe for tasks to queue
[2025-03-28T13:37:25.841+0000] {logging_mixin.py:190} INFO - [2025-03-28T13:37:25.840+0000] {dagbag.py:588} INFO - Filling up the DagBag from /opt/airflow/dags/env/Scripts/jsonschema.exe
[2025-03-28T13:37:25.859+0000] {logging_mixin.py:190} INFO - [2025-03-28T13:37:25.859+0000] {dagbag.py:435} INFO - File /opt/airflow/dags/env/Scripts/jsonschema.exe:__main__.py assumed to contain no DAGs. Skipping.
[2025-03-28T13:37:25.861+0000] {processor.py:927} WARNING - No viable dags retrieved from /opt/airflow/dags/env/Scripts/jsonschema.exe
[2025-03-28T13:37:25.888+0000] {processor.py:208} INFO - Processing /opt/airflow/dags/env/Scripts/jsonschema.exe took 0.064 seconds
[2025-03-28T13:41:49.902+0000] {processor.py:186} INFO - Started process (PID=2321) to work on /opt/airflow/dags/env/Scripts/jsonschema.exe
[2025-03-28T13:41:49.904+0000] {processor.py:914} INFO - Processing file /opt/airflow/dags/env/Scripts/jsonschema.exe for tasks to queue
[2025-03-28T13:41:49.907+0000] {logging_mixin.py:190} INFO - [2025-03-28T13:41:49.906+0000] {dagbag.py:588} INFO - Filling up the DagBag from /opt/airflow/dags/env/Scripts/jsonschema.exe
[2025-03-28T13:41:49.924+0000] {logging_mixin.py:190} INFO - [2025-03-28T13:41:49.924+0000] {dagbag.py:435} INFO - File /opt/airflow/dags/env/Scripts/jsonschema.exe:__main__.py assumed to contain no DAGs. Skipping.
[2025-03-28T13:41:49.926+0000] {processor.py:927} WARNING - No viable dags retrieved from /opt/airflow/dags/env/Scripts/jsonschema.exe
[2025-03-28T13:41:49.971+0000] {processor.py:208} INFO - Processing /opt/airflow/dags/env/Scripts/jsonschema.exe took 0.084 seconds
[2025-03-28T13:42:21.284+0000] {processor.py:186} INFO - Started process (PID=2345) to work on /opt/airflow/dags/env/Scripts/jsonschema.exe
[2025-03-28T13:42:21.285+0000] {processor.py:914} INFO - Processing file /opt/airflow/dags/env/Scripts/jsonschema.exe for tasks to queue
[2025-03-28T13:42:21.287+0000] {logging_mixin.py:190} INFO - [2025-03-28T13:42:21.286+0000] {dagbag.py:588} INFO - Filling up the DagBag from /opt/airflow/dags/env/Scripts/jsonschema.exe
[2025-03-28T13:42:21.298+0000] {logging_mixin.py:190} INFO - [2025-03-28T13:42:21.298+0000] {dagbag.py:435} INFO - File /opt/airflow/dags/env/Scripts/jsonschema.exe:__main__.py assumed to contain no DAGs. Skipping.
[2025-03-28T13:42:21.299+0000] {processor.py:927} WARNING - No viable dags retrieved from /opt/airflow/dags/env/Scripts/jsonschema.exe
[2025-03-28T13:42:21.324+0000] {processor.py:208} INFO - Processing /opt/airflow/dags/env/Scripts/jsonschema.exe took 0.061 seconds
[2025-03-28T13:42:51.496+0000] {processor.py:186} INFO - Started process (PID=2369) to work on /opt/airflow/dags/env/Scripts/jsonschema.exe
[2025-03-28T13:42:51.497+0000] {processor.py:914} INFO - Processing file /opt/airflow/dags/env/Scripts/jsonschema.exe for tasks to queue
[2025-03-28T13:42:51.499+0000] {logging_mixin.py:190} INFO - [2025-03-28T13:42:51.499+0000] {dagbag.py:588} INFO - Filling up the DagBag from /opt/airflow/dags/env/Scripts/jsonschema.exe
[2025-03-28T13:42:51.511+0000] {logging_mixin.py:190} INFO - [2025-03-28T13:42:51.511+0000] {dagbag.py:435} INFO - File /opt/airflow/dags/env/Scripts/jsonschema.exe:__main__.py assumed to contain no DAGs. Skipping.
[2025-03-28T13:42:51.512+0000] {processor.py:927} WARNING - No viable dags retrieved from /opt/airflow/dags/env/Scripts/jsonschema.exe
[2025-03-28T13:42:51.532+0000] {processor.py:208} INFO - Processing /opt/airflow/dags/env/Scripts/jsonschema.exe took 0.047 seconds
[2025-03-28T13:46:49.134+0000] {processor.py:186} INFO - Started process (PID=2376) to work on /opt/airflow/dags/env/Scripts/jsonschema.exe
[2025-03-28T13:46:49.135+0000] {processor.py:914} INFO - Processing file /opt/airflow/dags/env/Scripts/jsonschema.exe for tasks to queue
[2025-03-28T13:46:49.137+0000] {logging_mixin.py:190} INFO - [2025-03-28T13:46:49.136+0000] {dagbag.py:588} INFO - Filling up the DagBag from /opt/airflow/dags/env/Scripts/jsonschema.exe
[2025-03-28T13:46:49.149+0000] {logging_mixin.py:190} INFO - [2025-03-28T13:46:49.149+0000] {dagbag.py:435} INFO - File /opt/airflow/dags/env/Scripts/jsonschema.exe:__main__.py assumed to contain no DAGs. Skipping.
[2025-03-28T13:46:49.150+0000] {processor.py:927} WARNING - No viable dags retrieved from /opt/airflow/dags/env/Scripts/jsonschema.exe
[2025-03-28T13:46:49.184+0000] {processor.py:208} INFO - Processing /opt/airflow/dags/env/Scripts/jsonschema.exe took 0.063 seconds
[2025-03-28T13:47:19.728+0000] {processor.py:186} INFO - Started process (PID=2400) to work on /opt/airflow/dags/env/Scripts/jsonschema.exe
[2025-03-28T13:47:19.730+0000] {processor.py:914} INFO - Processing file /opt/airflow/dags/env/Scripts/jsonschema.exe for tasks to queue
[2025-03-28T13:47:19.731+0000] {logging_mixin.py:190} INFO - [2025-03-28T13:47:19.731+0000] {dagbag.py:588} INFO - Filling up the DagBag from /opt/airflow/dags/env/Scripts/jsonschema.exe
[2025-03-28T13:47:19.744+0000] {logging_mixin.py:190} INFO - [2025-03-28T13:47:19.743+0000] {dagbag.py:435} INFO - File /opt/airflow/dags/env/Scripts/jsonschema.exe:__main__.py assumed to contain no DAGs. Skipping.
[2025-03-28T13:47:19.745+0000] {processor.py:927} WARNING - No viable dags retrieved from /opt/airflow/dags/env/Scripts/jsonschema.exe
[2025-03-28T13:47:19.772+0000] {processor.py:208} INFO - Processing /opt/airflow/dags/env/Scripts/jsonschema.exe took 0.055 seconds
[2025-03-28T13:47:50.393+0000] {processor.py:186} INFO - Started process (PID=2424) to work on /opt/airflow/dags/env/Scripts/jsonschema.exe
[2025-03-28T13:47:50.394+0000] {processor.py:914} INFO - Processing file /opt/airflow/dags/env/Scripts/jsonschema.exe for tasks to queue
[2025-03-28T13:47:50.396+0000] {logging_mixin.py:190} INFO - [2025-03-28T13:47:50.395+0000] {dagbag.py:588} INFO - Filling up the DagBag from /opt/airflow/dags/env/Scripts/jsonschema.exe
[2025-03-28T13:47:50.409+0000] {logging_mixin.py:190} INFO - [2025-03-28T13:47:50.408+0000] {dagbag.py:435} INFO - File /opt/airflow/dags/env/Scripts/jsonschema.exe:__main__.py assumed to contain no DAGs. Skipping.
[2025-03-28T13:47:50.410+0000] {processor.py:927} WARNING - No viable dags retrieved from /opt/airflow/dags/env/Scripts/jsonschema.exe
[2025-03-28T13:47:50.432+0000] {processor.py:208} INFO - Processing /opt/airflow/dags/env/Scripts/jsonschema.exe took 0.051 seconds
[2025-03-28T13:51:51.849+0000] {processor.py:186} INFO - Started process (PID=2434) to work on /opt/airflow/dags/env/Scripts/jsonschema.exe
[2025-03-28T13:51:51.851+0000] {processor.py:914} INFO - Processing file /opt/airflow/dags/env/Scripts/jsonschema.exe for tasks to queue
[2025-03-28T13:51:51.853+0000] {logging_mixin.py:190} INFO - [2025-03-28T13:51:51.852+0000] {dagbag.py:588} INFO - Filling up the DagBag from /opt/airflow/dags/env/Scripts/jsonschema.exe
[2025-03-28T13:51:51.866+0000] {logging_mixin.py:190} INFO - [2025-03-28T13:51:51.865+0000] {dagbag.py:435} INFO - File /opt/airflow/dags/env/Scripts/jsonschema.exe:__main__.py assumed to contain no DAGs. Skipping.
[2025-03-28T13:51:51.866+0000] {processor.py:927} WARNING - No viable dags retrieved from /opt/airflow/dags/env/Scripts/jsonschema.exe
[2025-03-28T13:51:51.889+0000] {processor.py:208} INFO - Processing /opt/airflow/dags/env/Scripts/jsonschema.exe took 0.052 seconds
[2025-03-28T13:52:22.996+0000] {processor.py:186} INFO - Started process (PID=2458) to work on /opt/airflow/dags/env/Scripts/jsonschema.exe
[2025-03-28T13:52:22.997+0000] {processor.py:914} INFO - Processing file /opt/airflow/dags/env/Scripts/jsonschema.exe for tasks to queue
[2025-03-28T13:52:22.999+0000] {logging_mixin.py:190} INFO - [2025-03-28T13:52:22.998+0000] {dagbag.py:588} INFO - Filling up the DagBag from /opt/airflow/dags/env/Scripts/jsonschema.exe
[2025-03-28T13:52:23.012+0000] {logging_mixin.py:190} INFO - [2025-03-28T13:52:23.011+0000] {dagbag.py:435} INFO - File /opt/airflow/dags/env/Scripts/jsonschema.exe:__main__.py assumed to contain no DAGs. Skipping.
[2025-03-28T13:52:23.013+0000] {processor.py:927} WARNING - No viable dags retrieved from /opt/airflow/dags/env/Scripts/jsonschema.exe
[2025-03-28T13:52:23.034+0000] {processor.py:208} INFO - Processing /opt/airflow/dags/env/Scripts/jsonschema.exe took 0.051 seconds
[2025-03-28T13:52:53.254+0000] {processor.py:186} INFO - Started process (PID=2482) to work on /opt/airflow/dags/env/Scripts/jsonschema.exe
[2025-03-28T13:52:53.255+0000] {processor.py:914} INFO - Processing file /opt/airflow/dags/env/Scripts/jsonschema.exe for tasks to queue
[2025-03-28T13:52:53.257+0000] {logging_mixin.py:190} INFO - [2025-03-28T13:52:53.257+0000] {dagbag.py:588} INFO - Filling up the DagBag from /opt/airflow/dags/env/Scripts/jsonschema.exe
[2025-03-28T13:52:53.269+0000] {logging_mixin.py:190} INFO - [2025-03-28T13:52:53.268+0000] {dagbag.py:435} INFO - File /opt/airflow/dags/env/Scripts/jsonschema.exe:__main__.py assumed to contain no DAGs. Skipping.
[2025-03-28T13:52:53.270+0000] {processor.py:927} WARNING - No viable dags retrieved from /opt/airflow/dags/env/Scripts/jsonschema.exe
[2025-03-28T13:52:53.291+0000] {processor.py:208} INFO - Processing /opt/airflow/dags/env/Scripts/jsonschema.exe took 0.049 seconds
[2025-03-28T13:56:54.998+0000] {processor.py:186} INFO - Started process (PID=2489) to work on /opt/airflow/dags/env/Scripts/jsonschema.exe
[2025-03-28T13:56:54.999+0000] {processor.py:914} INFO - Processing file /opt/airflow/dags/env/Scripts/jsonschema.exe for tasks to queue
[2025-03-28T13:56:55.000+0000] {logging_mixin.py:190} INFO - [2025-03-28T13:56:55.000+0000] {dagbag.py:588} INFO - Filling up the DagBag from /opt/airflow/dags/env/Scripts/jsonschema.exe
[2025-03-28T13:56:55.015+0000] {logging_mixin.py:190} INFO - [2025-03-28T13:56:55.015+0000] {dagbag.py:435} INFO - File /opt/airflow/dags/env/Scripts/jsonschema.exe:__main__.py assumed to contain no DAGs. Skipping.
[2025-03-28T13:56:55.016+0000] {processor.py:927} WARNING - No viable dags retrieved from /opt/airflow/dags/env/Scripts/jsonschema.exe
[2025-03-28T13:56:55.039+0000] {processor.py:208} INFO - Processing /opt/airflow/dags/env/Scripts/jsonschema.exe took 0.054 seconds
[2025-03-28T13:57:25.507+0000] {processor.py:186} INFO - Started process (PID=2513) to work on /opt/airflow/dags/env/Scripts/jsonschema.exe
[2025-03-28T13:57:25.509+0000] {processor.py:914} INFO - Processing file /opt/airflow/dags/env/Scripts/jsonschema.exe for tasks to queue
[2025-03-28T13:57:25.510+0000] {logging_mixin.py:190} INFO - [2025-03-28T13:57:25.510+0000] {dagbag.py:588} INFO - Filling up the DagBag from /opt/airflow/dags/env/Scripts/jsonschema.exe
[2025-03-28T13:57:25.522+0000] {logging_mixin.py:190} INFO - [2025-03-28T13:57:25.522+0000] {dagbag.py:435} INFO - File /opt/airflow/dags/env/Scripts/jsonschema.exe:__main__.py assumed to contain no DAGs. Skipping.
[2025-03-28T13:57:25.523+0000] {processor.py:927} WARNING - No viable dags retrieved from /opt/airflow/dags/env/Scripts/jsonschema.exe
[2025-03-28T13:57:25.543+0000] {processor.py:208} INFO - Processing /opt/airflow/dags/env/Scripts/jsonschema.exe took 0.048 seconds
[2025-03-28T13:57:56.028+0000] {processor.py:186} INFO - Started process (PID=2537) to work on /opt/airflow/dags/env/Scripts/jsonschema.exe
[2025-03-28T13:57:56.029+0000] {processor.py:914} INFO - Processing file /opt/airflow/dags/env/Scripts/jsonschema.exe for tasks to queue
[2025-03-28T13:57:56.031+0000] {logging_mixin.py:190} INFO - [2025-03-28T13:57:56.031+0000] {dagbag.py:588} INFO - Filling up the DagBag from /opt/airflow/dags/env/Scripts/jsonschema.exe
[2025-03-28T13:57:56.042+0000] {logging_mixin.py:190} INFO - [2025-03-28T13:57:56.042+0000] {dagbag.py:435} INFO - File /opt/airflow/dags/env/Scripts/jsonschema.exe:__main__.py assumed to contain no DAGs. Skipping.
[2025-03-28T13:57:56.043+0000] {processor.py:927} WARNING - No viable dags retrieved from /opt/airflow/dags/env/Scripts/jsonschema.exe
[2025-03-28T13:57:56.067+0000] {processor.py:208} INFO - Processing /opt/airflow/dags/env/Scripts/jsonschema.exe took 0.049 seconds
[2025-03-28T14:01:52.192+0000] {processor.py:186} INFO - Started process (PID=2542) to work on /opt/airflow/dags/env/Scripts/jsonschema.exe
[2025-03-28T14:01:52.194+0000] {processor.py:914} INFO - Processing file /opt/airflow/dags/env/Scripts/jsonschema.exe for tasks to queue
[2025-03-28T14:01:52.195+0000] {logging_mixin.py:190} INFO - [2025-03-28T14:01:52.195+0000] {dagbag.py:588} INFO - Filling up the DagBag from /opt/airflow/dags/env/Scripts/jsonschema.exe
[2025-03-28T14:01:52.206+0000] {logging_mixin.py:190} INFO - [2025-03-28T14:01:52.206+0000] {dagbag.py:435} INFO - File /opt/airflow/dags/env/Scripts/jsonschema.exe:__main__.py assumed to contain no DAGs. Skipping.
[2025-03-28T14:01:52.207+0000] {processor.py:927} WARNING - No viable dags retrieved from /opt/airflow/dags/env/Scripts/jsonschema.exe
[2025-03-28T14:01:52.229+0000] {processor.py:208} INFO - Processing /opt/airflow/dags/env/Scripts/jsonschema.exe took 0.048 seconds
[2025-03-28T14:02:22.742+0000] {processor.py:186} INFO - Started process (PID=2566) to work on /opt/airflow/dags/env/Scripts/jsonschema.exe
[2025-03-28T14:02:22.743+0000] {processor.py:914} INFO - Processing file /opt/airflow/dags/env/Scripts/jsonschema.exe for tasks to queue
[2025-03-28T14:02:22.745+0000] {logging_mixin.py:190} INFO - [2025-03-28T14:02:22.744+0000] {dagbag.py:588} INFO - Filling up the DagBag from /opt/airflow/dags/env/Scripts/jsonschema.exe
[2025-03-28T14:02:22.757+0000] {logging_mixin.py:190} INFO - [2025-03-28T14:02:22.757+0000] {dagbag.py:435} INFO - File /opt/airflow/dags/env/Scripts/jsonschema.exe:__main__.py assumed to contain no DAGs. Skipping.
[2025-03-28T14:02:22.758+0000] {processor.py:927} WARNING - No viable dags retrieved from /opt/airflow/dags/env/Scripts/jsonschema.exe
[2025-03-28T14:02:22.781+0000] {processor.py:208} INFO - Processing /opt/airflow/dags/env/Scripts/jsonschema.exe took 0.052 seconds
[2025-03-28T14:02:53.990+0000] {processor.py:186} INFO - Started process (PID=2590) to work on /opt/airflow/dags/env/Scripts/jsonschema.exe
[2025-03-28T14:02:53.991+0000] {processor.py:914} INFO - Processing file /opt/airflow/dags/env/Scripts/jsonschema.exe for tasks to queue
[2025-03-28T14:02:53.993+0000] {logging_mixin.py:190} INFO - [2025-03-28T14:02:53.992+0000] {dagbag.py:588} INFO - Filling up the DagBag from /opt/airflow/dags/env/Scripts/jsonschema.exe
[2025-03-28T14:02:54.003+0000] {logging_mixin.py:190} INFO - [2025-03-28T14:02:54.003+0000] {dagbag.py:435} INFO - File /opt/airflow/dags/env/Scripts/jsonschema.exe:__main__.py assumed to contain no DAGs. Skipping.
[2025-03-28T14:02:54.004+0000] {processor.py:927} WARNING - No viable dags retrieved from /opt/airflow/dags/env/Scripts/jsonschema.exe
[2025-03-28T14:02:54.036+0000] {processor.py:208} INFO - Processing /opt/airflow/dags/env/Scripts/jsonschema.exe took 0.059 seconds
[2025-03-28T14:06:56.002+0000] {processor.py:186} INFO - Started process (PID=2597) to work on /opt/airflow/dags/env/Scripts/jsonschema.exe
[2025-03-28T14:06:56.003+0000] {processor.py:914} INFO - Processing file /opt/airflow/dags/env/Scripts/jsonschema.exe for tasks to queue
[2025-03-28T14:06:56.005+0000] {logging_mixin.py:190} INFO - [2025-03-28T14:06:56.005+0000] {dagbag.py:588} INFO - Filling up the DagBag from /opt/airflow/dags/env/Scripts/jsonschema.exe
[2025-03-28T14:06:56.020+0000] {logging_mixin.py:190} INFO - [2025-03-28T14:06:56.020+0000] {dagbag.py:435} INFO - File /opt/airflow/dags/env/Scripts/jsonschema.exe:__main__.py assumed to contain no DAGs. Skipping.
[2025-03-28T14:06:56.022+0000] {processor.py:927} WARNING - No viable dags retrieved from /opt/airflow/dags/env/Scripts/jsonschema.exe
[2025-03-28T14:06:56.049+0000] {processor.py:208} INFO - Processing /opt/airflow/dags/env/Scripts/jsonschema.exe took 0.061 seconds
[2025-03-28T14:07:26.597+0000] {processor.py:186} INFO - Started process (PID=2621) to work on /opt/airflow/dags/env/Scripts/jsonschema.exe
[2025-03-28T14:07:26.599+0000] {processor.py:914} INFO - Processing file /opt/airflow/dags/env/Scripts/jsonschema.exe for tasks to queue
[2025-03-28T14:07:26.600+0000] {logging_mixin.py:190} INFO - [2025-03-28T14:07:26.600+0000] {dagbag.py:588} INFO - Filling up the DagBag from /opt/airflow/dags/env/Scripts/jsonschema.exe
[2025-03-28T14:07:26.613+0000] {logging_mixin.py:190} INFO - [2025-03-28T14:07:26.613+0000] {dagbag.py:435} INFO - File /opt/airflow/dags/env/Scripts/jsonschema.exe:__main__.py assumed to contain no DAGs. Skipping.
[2025-03-28T14:07:26.614+0000] {processor.py:927} WARNING - No viable dags retrieved from /opt/airflow/dags/env/Scripts/jsonschema.exe
[2025-03-28T14:07:26.635+0000] {processor.py:208} INFO - Processing /opt/airflow/dags/env/Scripts/jsonschema.exe took 0.050 seconds
[2025-03-28T14:07:57.965+0000] {processor.py:186} INFO - Started process (PID=2645) to work on /opt/airflow/dags/env/Scripts/jsonschema.exe
[2025-03-28T14:07:57.967+0000] {processor.py:914} INFO - Processing file /opt/airflow/dags/env/Scripts/jsonschema.exe for tasks to queue
[2025-03-28T14:07:57.968+0000] {logging_mixin.py:190} INFO - [2025-03-28T14:07:57.968+0000] {dagbag.py:588} INFO - Filling up the DagBag from /opt/airflow/dags/env/Scripts/jsonschema.exe
[2025-03-28T14:07:57.983+0000] {logging_mixin.py:190} INFO - [2025-03-28T14:07:57.982+0000] {dagbag.py:435} INFO - File /opt/airflow/dags/env/Scripts/jsonschema.exe:__main__.py assumed to contain no DAGs. Skipping.
[2025-03-28T14:07:57.983+0000] {processor.py:927} WARNING - No viable dags retrieved from /opt/airflow/dags/env/Scripts/jsonschema.exe
[2025-03-28T14:07:58.005+0000] {processor.py:208} INFO - Processing /opt/airflow/dags/env/Scripts/jsonschema.exe took 0.051 seconds
[2025-03-28T14:11:55.880+0000] {processor.py:186} INFO - Started process (PID=2649) to work on /opt/airflow/dags/env/Scripts/jsonschema.exe
[2025-03-28T14:11:55.882+0000] {processor.py:914} INFO - Processing file /opt/airflow/dags/env/Scripts/jsonschema.exe for tasks to queue
[2025-03-28T14:11:55.884+0000] {logging_mixin.py:190} INFO - [2025-03-28T14:11:55.884+0000] {dagbag.py:588} INFO - Filling up the DagBag from /opt/airflow/dags/env/Scripts/jsonschema.exe
[2025-03-28T14:11:55.898+0000] {logging_mixin.py:190} INFO - [2025-03-28T14:11:55.898+0000] {dagbag.py:435} INFO - File /opt/airflow/dags/env/Scripts/jsonschema.exe:__main__.py assumed to contain no DAGs. Skipping.
[2025-03-28T14:11:55.899+0000] {processor.py:927} WARNING - No viable dags retrieved from /opt/airflow/dags/env/Scripts/jsonschema.exe
[2025-03-28T14:11:55.921+0000] {processor.py:208} INFO - Processing /opt/airflow/dags/env/Scripts/jsonschema.exe took 0.056 seconds
[2025-03-28T14:12:27.080+0000] {processor.py:186} INFO - Started process (PID=2673) to work on /opt/airflow/dags/env/Scripts/jsonschema.exe
[2025-03-28T14:12:27.081+0000] {processor.py:914} INFO - Processing file /opt/airflow/dags/env/Scripts/jsonschema.exe for tasks to queue
[2025-03-28T14:12:27.083+0000] {logging_mixin.py:190} INFO - [2025-03-28T14:12:27.082+0000] {dagbag.py:588} INFO - Filling up the DagBag from /opt/airflow/dags/env/Scripts/jsonschema.exe
[2025-03-28T14:12:27.095+0000] {logging_mixin.py:190} INFO - [2025-03-28T14:12:27.094+0000] {dagbag.py:435} INFO - File /opt/airflow/dags/env/Scripts/jsonschema.exe:__main__.py assumed to contain no DAGs. Skipping.
[2025-03-28T14:12:27.096+0000] {processor.py:927} WARNING - No viable dags retrieved from /opt/airflow/dags/env/Scripts/jsonschema.exe
[2025-03-28T14:12:27.122+0000] {processor.py:208} INFO - Processing /opt/airflow/dags/env/Scripts/jsonschema.exe took 0.053 seconds
[2025-03-28T14:12:58.248+0000] {processor.py:186} INFO - Started process (PID=2697) to work on /opt/airflow/dags/env/Scripts/jsonschema.exe
[2025-03-28T14:12:58.249+0000] {processor.py:914} INFO - Processing file /opt/airflow/dags/env/Scripts/jsonschema.exe for tasks to queue
[2025-03-28T14:12:58.251+0000] {logging_mixin.py:190} INFO - [2025-03-28T14:12:58.251+0000] {dagbag.py:588} INFO - Filling up the DagBag from /opt/airflow/dags/env/Scripts/jsonschema.exe
[2025-03-28T14:12:58.264+0000] {logging_mixin.py:190} INFO - [2025-03-28T14:12:58.264+0000] {dagbag.py:435} INFO - File /opt/airflow/dags/env/Scripts/jsonschema.exe:__main__.py assumed to contain no DAGs. Skipping.
[2025-03-28T14:12:58.265+0000] {processor.py:927} WARNING - No viable dags retrieved from /opt/airflow/dags/env/Scripts/jsonschema.exe
[2025-03-28T14:12:58.286+0000] {processor.py:208} INFO - Processing /opt/airflow/dags/env/Scripts/jsonschema.exe took 0.051 seconds
[2025-03-28T14:17:01.795+0000] {processor.py:186} INFO - Started process (PID=2701) to work on /opt/airflow/dags/env/Scripts/jsonschema.exe
[2025-03-28T14:17:01.797+0000] {processor.py:914} INFO - Processing file /opt/airflow/dags/env/Scripts/jsonschema.exe for tasks to queue
[2025-03-28T14:17:01.799+0000] {logging_mixin.py:190} INFO - [2025-03-28T14:17:01.799+0000] {dagbag.py:588} INFO - Filling up the DagBag from /opt/airflow/dags/env/Scripts/jsonschema.exe
[2025-03-28T14:17:01.817+0000] {logging_mixin.py:190} INFO - [2025-03-28T14:17:01.817+0000] {dagbag.py:435} INFO - File /opt/airflow/dags/env/Scripts/jsonschema.exe:__main__.py assumed to contain no DAGs. Skipping.
[2025-03-28T14:17:01.819+0000] {processor.py:927} WARNING - No viable dags retrieved from /opt/airflow/dags/env/Scripts/jsonschema.exe
[2025-03-28T14:17:01.842+0000] {processor.py:208} INFO - Processing /opt/airflow/dags/env/Scripts/jsonschema.exe took 0.058 seconds
[2025-03-28T14:17:32.823+0000] {processor.py:186} INFO - Started process (PID=2725) to work on /opt/airflow/dags/env/Scripts/jsonschema.exe
[2025-03-28T14:17:32.825+0000] {processor.py:914} INFO - Processing file /opt/airflow/dags/env/Scripts/jsonschema.exe for tasks to queue
[2025-03-28T14:17:32.831+0000] {logging_mixin.py:190} INFO - [2025-03-28T14:17:32.830+0000] {dagbag.py:588} INFO - Filling up the DagBag from /opt/airflow/dags/env/Scripts/jsonschema.exe
[2025-03-28T14:17:32.860+0000] {logging_mixin.py:190} INFO - [2025-03-28T14:17:32.860+0000] {dagbag.py:435} INFO - File /opt/airflow/dags/env/Scripts/jsonschema.exe:__main__.py assumed to contain no DAGs. Skipping.
[2025-03-28T14:17:32.862+0000] {processor.py:927} WARNING - No viable dags retrieved from /opt/airflow/dags/env/Scripts/jsonschema.exe
[2025-03-28T14:17:32.887+0000] {processor.py:208} INFO - Processing /opt/airflow/dags/env/Scripts/jsonschema.exe took 0.079 seconds
[2025-03-28T14:21:56.534+0000] {processor.py:186} INFO - Started process (PID=2750) to work on /opt/airflow/dags/env/Scripts/jsonschema.exe
[2025-03-28T14:21:56.536+0000] {processor.py:914} INFO - Processing file /opt/airflow/dags/env/Scripts/jsonschema.exe for tasks to queue
[2025-03-28T14:21:56.538+0000] {logging_mixin.py:190} INFO - [2025-03-28T14:21:56.537+0000] {dagbag.py:588} INFO - Filling up the DagBag from /opt/airflow/dags/env/Scripts/jsonschema.exe
[2025-03-28T14:21:56.551+0000] {logging_mixin.py:190} INFO - [2025-03-28T14:21:56.551+0000] {dagbag.py:435} INFO - File /opt/airflow/dags/env/Scripts/jsonschema.exe:__main__.py assumed to contain no DAGs. Skipping.
[2025-03-28T14:21:56.552+0000] {processor.py:927} WARNING - No viable dags retrieved from /opt/airflow/dags/env/Scripts/jsonschema.exe
[2025-03-28T14:21:56.574+0000] {processor.py:208} INFO - Processing /opt/airflow/dags/env/Scripts/jsonschema.exe took 0.051 seconds
[2025-03-28T14:22:27.315+0000] {processor.py:186} INFO - Started process (PID=2774) to work on /opt/airflow/dags/env/Scripts/jsonschema.exe
[2025-03-28T14:22:27.317+0000] {processor.py:914} INFO - Processing file /opt/airflow/dags/env/Scripts/jsonschema.exe for tasks to queue
[2025-03-28T14:22:27.318+0000] {logging_mixin.py:190} INFO - [2025-03-28T14:22:27.318+0000] {dagbag.py:588} INFO - Filling up the DagBag from /opt/airflow/dags/env/Scripts/jsonschema.exe
[2025-03-28T14:22:27.332+0000] {logging_mixin.py:190} INFO - [2025-03-28T14:22:27.331+0000] {dagbag.py:435} INFO - File /opt/airflow/dags/env/Scripts/jsonschema.exe:__main__.py assumed to contain no DAGs. Skipping.
[2025-03-28T14:22:27.333+0000] {processor.py:927} WARNING - No viable dags retrieved from /opt/airflow/dags/env/Scripts/jsonschema.exe
[2025-03-28T14:22:27.354+0000] {processor.py:208} INFO - Processing /opt/airflow/dags/env/Scripts/jsonschema.exe took 0.051 seconds
[2025-03-28T14:22:58.546+0000] {processor.py:186} INFO - Started process (PID=2798) to work on /opt/airflow/dags/env/Scripts/jsonschema.exe
[2025-03-28T14:22:58.547+0000] {processor.py:914} INFO - Processing file /opt/airflow/dags/env/Scripts/jsonschema.exe for tasks to queue
[2025-03-28T14:22:58.549+0000] {logging_mixin.py:190} INFO - [2025-03-28T14:22:58.549+0000] {dagbag.py:588} INFO - Filling up the DagBag from /opt/airflow/dags/env/Scripts/jsonschema.exe
[2025-03-28T14:22:58.564+0000] {logging_mixin.py:190} INFO - [2025-03-28T14:22:58.563+0000] {dagbag.py:435} INFO - File /opt/airflow/dags/env/Scripts/jsonschema.exe:__main__.py assumed to contain no DAGs. Skipping.
[2025-03-28T14:22:58.565+0000] {processor.py:927} WARNING - No viable dags retrieved from /opt/airflow/dags/env/Scripts/jsonschema.exe
[2025-03-28T14:22:58.589+0000] {processor.py:208} INFO - Processing /opt/airflow/dags/env/Scripts/jsonschema.exe took 0.062 seconds
[2025-03-28T14:26:55.822+0000] {processor.py:186} INFO - Started process (PID=2803) to work on /opt/airflow/dags/env/Scripts/jsonschema.exe
[2025-03-28T14:26:55.824+0000] {processor.py:914} INFO - Processing file /opt/airflow/dags/env/Scripts/jsonschema.exe for tasks to queue
[2025-03-28T14:26:55.826+0000] {logging_mixin.py:190} INFO - [2025-03-28T14:26:55.825+0000] {dagbag.py:588} INFO - Filling up the DagBag from /opt/airflow/dags/env/Scripts/jsonschema.exe
[2025-03-28T14:26:55.839+0000] {logging_mixin.py:190} INFO - [2025-03-28T14:26:55.839+0000] {dagbag.py:435} INFO - File /opt/airflow/dags/env/Scripts/jsonschema.exe:__main__.py assumed to contain no DAGs. Skipping.
[2025-03-28T14:26:55.840+0000] {processor.py:927} WARNING - No viable dags retrieved from /opt/airflow/dags/env/Scripts/jsonschema.exe
[2025-03-28T14:26:55.872+0000] {processor.py:208} INFO - Processing /opt/airflow/dags/env/Scripts/jsonschema.exe took 0.060 seconds
[2025-03-28T14:27:26.315+0000] {processor.py:186} INFO - Started process (PID=2827) to work on /opt/airflow/dags/env/Scripts/jsonschema.exe
[2025-03-28T14:27:26.317+0000] {processor.py:914} INFO - Processing file /opt/airflow/dags/env/Scripts/jsonschema.exe for tasks to queue
[2025-03-28T14:27:26.319+0000] {logging_mixin.py:190} INFO - [2025-03-28T14:27:26.318+0000] {dagbag.py:588} INFO - Filling up the DagBag from /opt/airflow/dags/env/Scripts/jsonschema.exe
[2025-03-28T14:27:26.332+0000] {logging_mixin.py:190} INFO - [2025-03-28T14:27:26.332+0000] {dagbag.py:435} INFO - File /opt/airflow/dags/env/Scripts/jsonschema.exe:__main__.py assumed to contain no DAGs. Skipping.
[2025-03-28T14:27:26.333+0000] {processor.py:927} WARNING - No viable dags retrieved from /opt/airflow/dags/env/Scripts/jsonschema.exe
[2025-03-28T14:27:26.354+0000] {processor.py:208} INFO - Processing /opt/airflow/dags/env/Scripts/jsonschema.exe took 0.051 seconds
[2025-03-28T14:27:57.231+0000] {processor.py:186} INFO - Started process (PID=2851) to work on /opt/airflow/dags/env/Scripts/jsonschema.exe
[2025-03-28T14:27:57.232+0000] {processor.py:914} INFO - Processing file /opt/airflow/dags/env/Scripts/jsonschema.exe for tasks to queue
[2025-03-28T14:27:57.234+0000] {logging_mixin.py:190} INFO - [2025-03-28T14:27:57.233+0000] {dagbag.py:588} INFO - Filling up the DagBag from /opt/airflow/dags/env/Scripts/jsonschema.exe
[2025-03-28T14:27:57.245+0000] {logging_mixin.py:190} INFO - [2025-03-28T14:27:57.245+0000] {dagbag.py:435} INFO - File /opt/airflow/dags/env/Scripts/jsonschema.exe:__main__.py assumed to contain no DAGs. Skipping.
[2025-03-28T14:27:57.246+0000] {processor.py:927} WARNING - No viable dags retrieved from /opt/airflow/dags/env/Scripts/jsonschema.exe
[2025-03-28T14:27:57.268+0000] {processor.py:208} INFO - Processing /opt/airflow/dags/env/Scripts/jsonschema.exe took 0.048 seconds
[2025-03-28T14:31:53.819+0000] {processor.py:186} INFO - Started process (PID=2857) to work on /opt/airflow/dags/env/Scripts/jsonschema.exe
[2025-03-28T14:31:53.820+0000] {processor.py:914} INFO - Processing file /opt/airflow/dags/env/Scripts/jsonschema.exe for tasks to queue
[2025-03-28T14:31:53.822+0000] {logging_mixin.py:190} INFO - [2025-03-28T14:31:53.821+0000] {dagbag.py:588} INFO - Filling up the DagBag from /opt/airflow/dags/env/Scripts/jsonschema.exe
[2025-03-28T14:31:53.835+0000] {logging_mixin.py:190} INFO - [2025-03-28T14:31:53.834+0000] {dagbag.py:435} INFO - File /opt/airflow/dags/env/Scripts/jsonschema.exe:__main__.py assumed to contain no DAGs. Skipping.
[2025-03-28T14:31:53.836+0000] {processor.py:927} WARNING - No viable dags retrieved from /opt/airflow/dags/env/Scripts/jsonschema.exe
[2025-03-28T14:31:53.858+0000] {processor.py:208} INFO - Processing /opt/airflow/dags/env/Scripts/jsonschema.exe took 0.050 seconds
[2025-03-28T14:32:24.599+0000] {processor.py:186} INFO - Started process (PID=2881) to work on /opt/airflow/dags/env/Scripts/jsonschema.exe
[2025-03-28T14:32:24.601+0000] {processor.py:914} INFO - Processing file /opt/airflow/dags/env/Scripts/jsonschema.exe for tasks to queue
[2025-03-28T14:32:24.603+0000] {logging_mixin.py:190} INFO - [2025-03-28T14:32:24.603+0000] {dagbag.py:588} INFO - Filling up the DagBag from /opt/airflow/dags/env/Scripts/jsonschema.exe
[2025-03-28T14:32:24.618+0000] {logging_mixin.py:190} INFO - [2025-03-28T14:32:24.617+0000] {dagbag.py:435} INFO - File /opt/airflow/dags/env/Scripts/jsonschema.exe:__main__.py assumed to contain no DAGs. Skipping.
[2025-03-28T14:32:24.619+0000] {processor.py:927} WARNING - No viable dags retrieved from /opt/airflow/dags/env/Scripts/jsonschema.exe
[2025-03-28T14:32:24.649+0000] {processor.py:208} INFO - Processing /opt/airflow/dags/env/Scripts/jsonschema.exe took 0.068 seconds
[2025-03-28T14:32:55.158+0000] {processor.py:186} INFO - Started process (PID=2905) to work on /opt/airflow/dags/env/Scripts/jsonschema.exe
[2025-03-28T14:32:55.159+0000] {processor.py:914} INFO - Processing file /opt/airflow/dags/env/Scripts/jsonschema.exe for tasks to queue
[2025-03-28T14:32:55.161+0000] {logging_mixin.py:190} INFO - [2025-03-28T14:32:55.160+0000] {dagbag.py:588} INFO - Filling up the DagBag from /opt/airflow/dags/env/Scripts/jsonschema.exe
[2025-03-28T14:32:55.172+0000] {logging_mixin.py:190} INFO - [2025-03-28T14:32:55.172+0000] {dagbag.py:435} INFO - File /opt/airflow/dags/env/Scripts/jsonschema.exe:__main__.py assumed to contain no DAGs. Skipping.
[2025-03-28T14:32:55.173+0000] {processor.py:927} WARNING - No viable dags retrieved from /opt/airflow/dags/env/Scripts/jsonschema.exe
[2025-03-28T14:32:55.195+0000] {processor.py:208} INFO - Processing /opt/airflow/dags/env/Scripts/jsonschema.exe took 0.052 seconds
[2025-03-28T14:37:07.175+0000] {processor.py:186} INFO - Started process (PID=2913) to work on /opt/airflow/dags/env/Scripts/jsonschema.exe
[2025-03-28T14:37:07.176+0000] {processor.py:914} INFO - Processing file /opt/airflow/dags/env/Scripts/jsonschema.exe for tasks to queue
[2025-03-28T14:37:07.178+0000] {logging_mixin.py:190} INFO - [2025-03-28T14:37:07.178+0000] {dagbag.py:588} INFO - Filling up the DagBag from /opt/airflow/dags/env/Scripts/jsonschema.exe
[2025-03-28T14:37:07.196+0000] {logging_mixin.py:190} INFO - [2025-03-28T14:37:07.196+0000] {dagbag.py:435} INFO - File /opt/airflow/dags/env/Scripts/jsonschema.exe:__main__.py assumed to contain no DAGs. Skipping.
[2025-03-28T14:37:07.198+0000] {processor.py:927} WARNING - No viable dags retrieved from /opt/airflow/dags/env/Scripts/jsonschema.exe
[2025-03-28T14:37:07.232+0000] {processor.py:208} INFO - Processing /opt/airflow/dags/env/Scripts/jsonschema.exe took 0.077 seconds
[2025-03-28T14:37:38.375+0000] {processor.py:186} INFO - Started process (PID=2937) to work on /opt/airflow/dags/env/Scripts/jsonschema.exe
[2025-03-28T14:37:38.376+0000] {processor.py:914} INFO - Processing file /opt/airflow/dags/env/Scripts/jsonschema.exe for tasks to queue
[2025-03-28T14:37:38.378+0000] {logging_mixin.py:190} INFO - [2025-03-28T14:37:38.377+0000] {dagbag.py:588} INFO - Filling up the DagBag from /opt/airflow/dags/env/Scripts/jsonschema.exe
[2025-03-28T14:37:38.389+0000] {logging_mixin.py:190} INFO - [2025-03-28T14:37:38.389+0000] {dagbag.py:435} INFO - File /opt/airflow/dags/env/Scripts/jsonschema.exe:__main__.py assumed to contain no DAGs. Skipping.
[2025-03-28T14:37:38.390+0000] {processor.py:927} WARNING - No viable dags retrieved from /opt/airflow/dags/env/Scripts/jsonschema.exe
[2025-03-28T14:37:38.412+0000] {processor.py:208} INFO - Processing /opt/airflow/dags/env/Scripts/jsonschema.exe took 0.049 seconds
[2025-03-28T15:04:42.753+0000] {processor.py:186} INFO - Started process (PID=100) to work on /opt/airflow/dags/env/Scripts/jsonschema.exe
[2025-03-28T15:04:42.755+0000] {processor.py:914} INFO - Processing file /opt/airflow/dags/env/Scripts/jsonschema.exe for tasks to queue
[2025-03-28T15:04:42.762+0000] {logging_mixin.py:190} INFO - [2025-03-28T15:04:42.760+0000] {dagbag.py:588} INFO - Filling up the DagBag from /opt/airflow/dags/env/Scripts/jsonschema.exe
[2025-03-28T15:04:42.784+0000] {logging_mixin.py:190} INFO - [2025-03-28T15:04:42.784+0000] {dagbag.py:435} INFO - File /opt/airflow/dags/env/Scripts/jsonschema.exe:__main__.py assumed to contain no DAGs. Skipping.
[2025-03-28T15:04:42.787+0000] {processor.py:927} WARNING - No viable dags retrieved from /opt/airflow/dags/env/Scripts/jsonschema.exe
[2025-03-28T15:04:42.844+0000] {processor.py:208} INFO - Processing /opt/airflow/dags/env/Scripts/jsonschema.exe took 0.100 seconds
[2025-03-28T15:05:15.014+0000] {processor.py:186} INFO - Started process (PID=124) to work on /opt/airflow/dags/env/Scripts/jsonschema.exe
[2025-03-28T15:05:15.016+0000] {processor.py:914} INFO - Processing file /opt/airflow/dags/env/Scripts/jsonschema.exe for tasks to queue
[2025-03-28T15:05:15.032+0000] {logging_mixin.py:190} INFO - [2025-03-28T15:05:15.031+0000] {dagbag.py:588} INFO - Filling up the DagBag from /opt/airflow/dags/env/Scripts/jsonschema.exe
[2025-03-28T15:05:15.081+0000] {logging_mixin.py:190} INFO - [2025-03-28T15:05:15.081+0000] {dagbag.py:435} INFO - File /opt/airflow/dags/env/Scripts/jsonschema.exe:__main__.py assumed to contain no DAGs. Skipping.
[2025-03-28T15:05:15.084+0000] {processor.py:927} WARNING - No viable dags retrieved from /opt/airflow/dags/env/Scripts/jsonschema.exe
[2025-03-28T15:05:15.143+0000] {processor.py:208} INFO - Processing /opt/airflow/dags/env/Scripts/jsonschema.exe took 0.156 seconds
[2025-03-28T15:16:16.668+0000] {processor.py:186} INFO - Started process (PID=159) to work on /opt/airflow/dags/env/Scripts/jsonschema.exe
[2025-03-28T15:16:16.669+0000] {processor.py:914} INFO - Processing file /opt/airflow/dags/env/Scripts/jsonschema.exe for tasks to queue
[2025-03-28T15:16:16.672+0000] {logging_mixin.py:190} INFO - [2025-03-28T15:16:16.671+0000] {dagbag.py:588} INFO - Filling up the DagBag from /opt/airflow/dags/env/Scripts/jsonschema.exe
[2025-03-28T15:16:16.687+0000] {logging_mixin.py:190} INFO - [2025-03-28T15:16:16.687+0000] {dagbag.py:435} INFO - File /opt/airflow/dags/env/Scripts/jsonschema.exe:__main__.py assumed to contain no DAGs. Skipping.
[2025-03-28T15:16:16.688+0000] {processor.py:927} WARNING - No viable dags retrieved from /opt/airflow/dags/env/Scripts/jsonschema.exe
[2025-03-28T15:16:16.720+0000] {processor.py:208} INFO - Processing /opt/airflow/dags/env/Scripts/jsonschema.exe took 0.059 seconds
[2025-03-28T15:16:47.768+0000] {processor.py:186} INFO - Started process (PID=183) to work on /opt/airflow/dags/env/Scripts/jsonschema.exe
[2025-03-28T15:16:47.769+0000] {processor.py:914} INFO - Processing file /opt/airflow/dags/env/Scripts/jsonschema.exe for tasks to queue
[2025-03-28T15:16:47.772+0000] {logging_mixin.py:190} INFO - [2025-03-28T15:16:47.772+0000] {dagbag.py:588} INFO - Filling up the DagBag from /opt/airflow/dags/env/Scripts/jsonschema.exe
[2025-03-28T15:16:47.790+0000] {logging_mixin.py:190} INFO - [2025-03-28T15:16:47.790+0000] {dagbag.py:435} INFO - File /opt/airflow/dags/env/Scripts/jsonschema.exe:__main__.py assumed to contain no DAGs. Skipping.
[2025-03-28T15:16:47.792+0000] {processor.py:927} WARNING - No viable dags retrieved from /opt/airflow/dags/env/Scripts/jsonschema.exe
[2025-03-28T15:16:47.828+0000] {processor.py:208} INFO - Processing /opt/airflow/dags/env/Scripts/jsonschema.exe took 0.068 seconds
[2025-03-28T15:33:24.707+0000] {processor.py:186} INFO - Started process (PID=203) to work on /opt/airflow/dags/env/Scripts/jsonschema.exe
[2025-03-28T15:33:24.709+0000] {processor.py:914} INFO - Processing file /opt/airflow/dags/env/Scripts/jsonschema.exe for tasks to queue
[2025-03-28T15:33:24.713+0000] {logging_mixin.py:190} INFO - [2025-03-28T15:33:24.712+0000] {dagbag.py:588} INFO - Filling up the DagBag from /opt/airflow/dags/env/Scripts/jsonschema.exe
[2025-03-28T15:33:24.729+0000] {logging_mixin.py:190} INFO - [2025-03-28T15:33:24.728+0000] {dagbag.py:435} INFO - File /opt/airflow/dags/env/Scripts/jsonschema.exe:__main__.py assumed to contain no DAGs. Skipping.
[2025-03-28T15:33:24.731+0000] {processor.py:927} WARNING - No viable dags retrieved from /opt/airflow/dags/env/Scripts/jsonschema.exe
[2025-03-28T15:33:24.764+0000] {processor.py:208} INFO - Processing /opt/airflow/dags/env/Scripts/jsonschema.exe took 0.068 seconds
[2025-03-28T16:31:36.413+0000] {processor.py:186} INFO - Started process (PID=286) to work on /opt/airflow/dags/env/Scripts/jsonschema.exe
[2025-03-28T16:31:36.416+0000] {processor.py:914} INFO - Processing file /opt/airflow/dags/env/Scripts/jsonschema.exe for tasks to queue
[2025-03-28T16:31:36.423+0000] {logging_mixin.py:190} INFO - [2025-03-28T16:31:36.420+0000] {dagbag.py:588} INFO - Filling up the DagBag from /opt/airflow/dags/env/Scripts/jsonschema.exe
[2025-03-28T16:31:36.452+0000] {logging_mixin.py:190} INFO - [2025-03-28T16:31:36.451+0000] {dagbag.py:435} INFO - File /opt/airflow/dags/env/Scripts/jsonschema.exe:__main__.py assumed to contain no DAGs. Skipping.
[2025-03-28T16:31:36.454+0000] {processor.py:927} WARNING - No viable dags retrieved from /opt/airflow/dags/env/Scripts/jsonschema.exe
[2025-03-28T16:31:36.493+0000] {processor.py:208} INFO - Processing /opt/airflow/dags/env/Scripts/jsonschema.exe took 0.095 seconds
[2025-03-28T19:44:55.557+0000] {processor.py:186} INFO - Started process (PID=321) to work on /opt/airflow/dags/env/Scripts/jsonschema.exe
[2025-03-28T19:44:55.560+0000] {processor.py:914} INFO - Processing file /opt/airflow/dags/env/Scripts/jsonschema.exe for tasks to queue
[2025-03-28T19:44:55.567+0000] {logging_mixin.py:190} INFO - [2025-03-28T19:44:55.565+0000] {dagbag.py:588} INFO - Filling up the DagBag from /opt/airflow/dags/env/Scripts/jsonschema.exe
[2025-03-28T19:44:55.594+0000] {logging_mixin.py:190} INFO - [2025-03-28T19:44:55.594+0000] {dagbag.py:435} INFO - File /opt/airflow/dags/env/Scripts/jsonschema.exe:__main__.py assumed to contain no DAGs. Skipping.
[2025-03-28T19:44:55.596+0000] {processor.py:927} WARNING - No viable dags retrieved from /opt/airflow/dags/env/Scripts/jsonschema.exe
[2025-03-28T19:44:55.640+0000] {processor.py:208} INFO - Processing /opt/airflow/dags/env/Scripts/jsonschema.exe took 0.099 seconds
[2025-03-28T22:57:06.945+0000] {processor.py:186} INFO - Started process (PID=347) to work on /opt/airflow/dags/env/Scripts/jsonschema.exe
[2025-03-28T22:57:06.948+0000] {processor.py:914} INFO - Processing file /opt/airflow/dags/env/Scripts/jsonschema.exe for tasks to queue
[2025-03-28T22:57:06.955+0000] {logging_mixin.py:190} INFO - [2025-03-28T22:57:06.953+0000] {dagbag.py:588} INFO - Filling up the DagBag from /opt/airflow/dags/env/Scripts/jsonschema.exe
[2025-03-28T22:57:07.015+0000] {logging_mixin.py:190} INFO - [2025-03-28T22:57:07.015+0000] {dagbag.py:435} INFO - File /opt/airflow/dags/env/Scripts/jsonschema.exe:__main__.py assumed to contain no DAGs. Skipping.
[2025-03-28T22:57:07.035+0000] {processor.py:927} WARNING - No viable dags retrieved from /opt/airflow/dags/env/Scripts/jsonschema.exe
[2025-03-28T22:57:07.120+0000] {processor.py:208} INFO - Processing /opt/airflow/dags/env/Scripts/jsonschema.exe took 0.188 seconds
