[2025-03-28T03:35:47.751+0000] {processor.py:186} INFO - Started process (PID=230) to work on /opt/airflow/dags/env/Scripts/normalizer.exe
[2025-03-28T03:35:47.753+0000] {processor.py:914} INFO - Processing file /opt/airflow/dags/env/Scripts/normalizer.exe for tasks to queue
[2025-03-28T03:35:47.759+0000] {logging_mixin.py:190} INFO - [2025-03-28T03:35:47.759+0000] {dagbag.py:588} INFO - Filling up the DagBag from /opt/airflow/dags/env/Scripts/normalizer.exe
[2025-03-28T03:35:47.790+0000] {logging_mixin.py:190} INFO - [2025-03-28T03:35:47.790+0000] {dagbag.py:435} INFO - File /opt/airflow/dags/env/Scripts/normalizer.exe:__main__.py assumed to contain no DAGs. Skipping.
[2025-03-28T03:35:47.792+0000] {processor.py:927} WARNING - No viable dags retrieved from /opt/airflow/dags/env/Scripts/normalizer.exe
[2025-03-28T03:35:47.830+0000] {processor.py:208} INFO - Processing /opt/airflow/dags/env/Scripts/normalizer.exe took 0.104 seconds
[2025-03-28T04:11:05.403+0000] {processor.py:186} INFO - Started process (PID=268) to work on /opt/airflow/dags/env/Scripts/normalizer.exe
[2025-03-28T04:11:05.424+0000] {processor.py:914} INFO - Processing file /opt/airflow/dags/env/Scripts/normalizer.exe for tasks to queue
[2025-03-28T04:11:05.429+0000] {logging_mixin.py:190} INFO - [2025-03-28T04:11:05.428+0000] {dagbag.py:588} INFO - Filling up the DagBag from /opt/airflow/dags/env/Scripts/normalizer.exe
[2025-03-28T04:11:05.487+0000] {logging_mixin.py:190} INFO - [2025-03-28T04:11:05.486+0000] {dagbag.py:435} INFO - File /opt/airflow/dags/env/Scripts/normalizer.exe:__main__.py assumed to contain no DAGs. Skipping.
[2025-03-28T04:11:05.489+0000] {processor.py:927} WARNING - No viable dags retrieved from /opt/airflow/dags/env/Scripts/normalizer.exe
[2025-03-28T04:11:05.547+0000] {processor.py:208} INFO - Processing /opt/airflow/dags/env/Scripts/normalizer.exe took 0.194 seconds
[2025-03-28T04:41:15.312+0000] {processor.py:186} INFO - Started process (PID=305) to work on /opt/airflow/dags/env/Scripts/normalizer.exe
[2025-03-28T04:41:15.313+0000] {processor.py:914} INFO - Processing file /opt/airflow/dags/env/Scripts/normalizer.exe for tasks to queue
[2025-03-28T04:41:15.318+0000] {logging_mixin.py:190} INFO - [2025-03-28T04:41:15.317+0000] {dagbag.py:588} INFO - Filling up the DagBag from /opt/airflow/dags/env/Scripts/normalizer.exe
[2025-03-28T04:41:15.361+0000] {logging_mixin.py:190} INFO - [2025-03-28T04:41:15.361+0000] {dagbag.py:435} INFO - File /opt/airflow/dags/env/Scripts/normalizer.exe:__main__.py assumed to contain no DAGs. Skipping.
[2025-03-28T04:41:15.364+0000] {processor.py:927} WARNING - No viable dags retrieved from /opt/airflow/dags/env/Scripts/normalizer.exe
[2025-03-28T04:41:15.438+0000] {processor.py:208} INFO - Processing /opt/airflow/dags/env/Scripts/normalizer.exe took 0.164 seconds
[2025-03-28T05:05:51.191+0000] {processor.py:186} INFO - Started process (PID=339) to work on /opt/airflow/dags/env/Scripts/normalizer.exe
[2025-03-28T05:05:51.192+0000] {processor.py:914} INFO - Processing file /opt/airflow/dags/env/Scripts/normalizer.exe for tasks to queue
[2025-03-28T05:05:51.196+0000] {logging_mixin.py:190} INFO - [2025-03-28T05:05:51.195+0000] {dagbag.py:588} INFO - Filling up the DagBag from /opt/airflow/dags/env/Scripts/normalizer.exe
[2025-03-28T05:05:51.217+0000] {logging_mixin.py:190} INFO - [2025-03-28T05:05:51.216+0000] {dagbag.py:435} INFO - File /opt/airflow/dags/env/Scripts/normalizer.exe:__main__.py assumed to contain no DAGs. Skipping.
[2025-03-28T05:05:51.218+0000] {processor.py:927} WARNING - No viable dags retrieved from /opt/airflow/dags/env/Scripts/normalizer.exe
[2025-03-28T05:05:51.246+0000] {processor.py:208} INFO - Processing /opt/airflow/dags/env/Scripts/normalizer.exe took 0.068 seconds
[2025-03-28T05:17:39.669+0000] {processor.py:186} INFO - Started process (PID=381) to work on /opt/airflow/dags/env/Scripts/normalizer.exe
[2025-03-28T05:17:39.671+0000] {processor.py:914} INFO - Processing file /opt/airflow/dags/env/Scripts/normalizer.exe for tasks to queue
[2025-03-28T05:17:39.674+0000] {logging_mixin.py:190} INFO - [2025-03-28T05:17:39.674+0000] {dagbag.py:588} INFO - Filling up the DagBag from /opt/airflow/dags/env/Scripts/normalizer.exe
[2025-03-28T05:17:39.688+0000] {logging_mixin.py:190} INFO - [2025-03-28T05:17:39.687+0000] {dagbag.py:435} INFO - File /opt/airflow/dags/env/Scripts/normalizer.exe:__main__.py assumed to contain no DAGs. Skipping.
[2025-03-28T05:17:39.689+0000] {processor.py:927} WARNING - No viable dags retrieved from /opt/airflow/dags/env/Scripts/normalizer.exe
[2025-03-28T05:17:39.710+0000] {processor.py:208} INFO - Processing /opt/airflow/dags/env/Scripts/normalizer.exe took 0.053 seconds
[2025-03-28T05:18:10.891+0000] {processor.py:186} INFO - Started process (PID=405) to work on /opt/airflow/dags/env/Scripts/normalizer.exe
[2025-03-28T05:18:10.892+0000] {processor.py:914} INFO - Processing file /opt/airflow/dags/env/Scripts/normalizer.exe for tasks to queue
[2025-03-28T05:18:10.895+0000] {logging_mixin.py:190} INFO - [2025-03-28T05:18:10.895+0000] {dagbag.py:588} INFO - Filling up the DagBag from /opt/airflow/dags/env/Scripts/normalizer.exe
[2025-03-28T05:18:10.908+0000] {logging_mixin.py:190} INFO - [2025-03-28T05:18:10.908+0000] {dagbag.py:435} INFO - File /opt/airflow/dags/env/Scripts/normalizer.exe:__main__.py assumed to contain no DAGs. Skipping.
[2025-03-28T05:18:10.909+0000] {processor.py:927} WARNING - No viable dags retrieved from /opt/airflow/dags/env/Scripts/normalizer.exe
[2025-03-28T05:18:10.930+0000] {processor.py:208} INFO - Processing /opt/airflow/dags/env/Scripts/normalizer.exe took 0.051 seconds
[2025-03-28T05:23:32.114+0000] {processor.py:186} INFO - Started process (PID=435) to work on /opt/airflow/dags/env/Scripts/normalizer.exe
[2025-03-28T05:23:32.116+0000] {processor.py:914} INFO - Processing file /opt/airflow/dags/env/Scripts/normalizer.exe for tasks to queue
[2025-03-28T05:23:32.119+0000] {logging_mixin.py:190} INFO - [2025-03-28T05:23:32.118+0000] {dagbag.py:588} INFO - Filling up the DagBag from /opt/airflow/dags/env/Scripts/normalizer.exe
[2025-03-28T05:23:32.132+0000] {logging_mixin.py:190} INFO - [2025-03-28T05:23:32.132+0000] {dagbag.py:435} INFO - File /opt/airflow/dags/env/Scripts/normalizer.exe:__main__.py assumed to contain no DAGs. Skipping.
[2025-03-28T05:23:32.133+0000] {processor.py:927} WARNING - No viable dags retrieved from /opt/airflow/dags/env/Scripts/normalizer.exe
[2025-03-28T05:23:32.158+0000] {processor.py:208} INFO - Processing /opt/airflow/dags/env/Scripts/normalizer.exe took 0.054 seconds
[2025-03-28T05:35:06.589+0000] {processor.py:186} INFO - Started process (PID=463) to work on /opt/airflow/dags/env/Scripts/normalizer.exe
[2025-03-28T05:35:06.592+0000] {processor.py:914} INFO - Processing file /opt/airflow/dags/env/Scripts/normalizer.exe for tasks to queue
[2025-03-28T05:35:06.603+0000] {logging_mixin.py:190} INFO - [2025-03-28T05:35:06.601+0000] {dagbag.py:588} INFO - Filling up the DagBag from /opt/airflow/dags/env/Scripts/normalizer.exe
[2025-03-28T05:35:06.622+0000] {logging_mixin.py:190} INFO - [2025-03-28T05:35:06.621+0000] {dagbag.py:435} INFO - File /opt/airflow/dags/env/Scripts/normalizer.exe:__main__.py assumed to contain no DAGs. Skipping.
[2025-03-28T05:35:06.624+0000] {processor.py:927} WARNING - No viable dags retrieved from /opt/airflow/dags/env/Scripts/normalizer.exe
[2025-03-28T05:35:06.690+0000] {processor.py:208} INFO - Processing /opt/airflow/dags/env/Scripts/normalizer.exe took 0.124 seconds
[2025-03-28T05:45:02.637+0000] {processor.py:186} INFO - Started process (PID=502) to work on /opt/airflow/dags/env/Scripts/normalizer.exe
[2025-03-28T05:45:02.638+0000] {processor.py:914} INFO - Processing file /opt/airflow/dags/env/Scripts/normalizer.exe for tasks to queue
[2025-03-28T05:45:02.642+0000] {logging_mixin.py:190} INFO - [2025-03-28T05:45:02.641+0000] {dagbag.py:588} INFO - Filling up the DagBag from /opt/airflow/dags/env/Scripts/normalizer.exe
[2025-03-28T05:45:02.655+0000] {logging_mixin.py:190} INFO - [2025-03-28T05:45:02.655+0000] {dagbag.py:435} INFO - File /opt/airflow/dags/env/Scripts/normalizer.exe:__main__.py assumed to contain no DAGs. Skipping.
[2025-03-28T05:45:02.656+0000] {processor.py:927} WARNING - No viable dags retrieved from /opt/airflow/dags/env/Scripts/normalizer.exe
[2025-03-28T05:45:02.679+0000] {processor.py:208} INFO - Processing /opt/airflow/dags/env/Scripts/normalizer.exe took 0.053 seconds
[2025-03-28T06:00:47.932+0000] {processor.py:186} INFO - Started process (PID=656) to work on /opt/airflow/dags/env/Scripts/normalizer.exe
[2025-03-28T06:00:47.934+0000] {processor.py:914} INFO - Processing file /opt/airflow/dags/env/Scripts/normalizer.exe for tasks to queue
[2025-03-28T06:00:47.937+0000] {logging_mixin.py:190} INFO - [2025-03-28T06:00:47.937+0000] {dagbag.py:588} INFO - Filling up the DagBag from /opt/airflow/dags/env/Scripts/normalizer.exe
[2025-03-28T06:00:47.953+0000] {logging_mixin.py:190} INFO - [2025-03-28T06:00:47.953+0000] {dagbag.py:435} INFO - File /opt/airflow/dags/env/Scripts/normalizer.exe:__main__.py assumed to contain no DAGs. Skipping.
[2025-03-28T06:00:47.954+0000] {processor.py:927} WARNING - No viable dags retrieved from /opt/airflow/dags/env/Scripts/normalizer.exe
[2025-03-28T06:00:47.981+0000] {processor.py:208} INFO - Processing /opt/airflow/dags/env/Scripts/normalizer.exe took 0.063 seconds
[2025-03-28T06:10:46.907+0000] {processor.py:186} INFO - Started process (PID=680) to work on /opt/airflow/dags/env/Scripts/normalizer.exe
[2025-03-28T06:10:46.909+0000] {processor.py:914} INFO - Processing file /opt/airflow/dags/env/Scripts/normalizer.exe for tasks to queue
[2025-03-28T06:10:46.913+0000] {logging_mixin.py:190} INFO - [2025-03-28T06:10:46.912+0000] {dagbag.py:588} INFO - Filling up the DagBag from /opt/airflow/dags/env/Scripts/normalizer.exe
[2025-03-28T06:10:46.939+0000] {logging_mixin.py:190} INFO - [2025-03-28T06:10:46.938+0000] {dagbag.py:435} INFO - File /opt/airflow/dags/env/Scripts/normalizer.exe:__main__.py assumed to contain no DAGs. Skipping.
[2025-03-28T06:10:46.941+0000] {processor.py:927} WARNING - No viable dags retrieved from /opt/airflow/dags/env/Scripts/normalizer.exe
[2025-03-28T06:10:46.991+0000] {processor.py:208} INFO - Processing /opt/airflow/dags/env/Scripts/normalizer.exe took 0.110 seconds
[2025-03-28T06:26:38.296+0000] {processor.py:186} INFO - Started process (PID=846) to work on /opt/airflow/dags/env/Scripts/normalizer.exe
[2025-03-28T06:26:38.298+0000] {processor.py:914} INFO - Processing file /opt/airflow/dags/env/Scripts/normalizer.exe for tasks to queue
[2025-03-28T06:26:38.300+0000] {logging_mixin.py:190} INFO - [2025-03-28T06:26:38.299+0000] {dagbag.py:588} INFO - Filling up the DagBag from /opt/airflow/dags/env/Scripts/normalizer.exe
[2025-03-28T06:26:38.317+0000] {logging_mixin.py:190} INFO - [2025-03-28T06:26:38.317+0000] {dagbag.py:435} INFO - File /opt/airflow/dags/env/Scripts/normalizer.exe:__main__.py assumed to contain no DAGs. Skipping.
[2025-03-28T06:26:38.318+0000] {processor.py:927} WARNING - No viable dags retrieved from /opt/airflow/dags/env/Scripts/normalizer.exe
[2025-03-28T06:26:38.347+0000] {processor.py:208} INFO - Processing /opt/airflow/dags/env/Scripts/normalizer.exe took 0.069 seconds
[2025-03-28T06:52:22.518+0000] {processor.py:186} INFO - Started process (PID=972) to work on /opt/airflow/dags/env/Scripts/normalizer.exe
[2025-03-28T06:52:22.520+0000] {processor.py:914} INFO - Processing file /opt/airflow/dags/env/Scripts/normalizer.exe for tasks to queue
[2025-03-28T06:52:22.522+0000] {logging_mixin.py:190} INFO - [2025-03-28T06:52:22.521+0000] {dagbag.py:588} INFO - Filling up the DagBag from /opt/airflow/dags/env/Scripts/normalizer.exe
[2025-03-28T06:52:22.535+0000] {logging_mixin.py:190} INFO - [2025-03-28T06:52:22.535+0000] {dagbag.py:435} INFO - File /opt/airflow/dags/env/Scripts/normalizer.exe:__main__.py assumed to contain no DAGs. Skipping.
[2025-03-28T06:52:22.536+0000] {processor.py:927} WARNING - No viable dags retrieved from /opt/airflow/dags/env/Scripts/normalizer.exe
[2025-03-28T06:52:22.560+0000] {processor.py:208} INFO - Processing /opt/airflow/dags/env/Scripts/normalizer.exe took 0.053 seconds
[2025-03-28T08:14:28.534+0000] {processor.py:186} INFO - Started process (PID=1222) to work on /opt/airflow/dags/env/Scripts/normalizer.exe
[2025-03-28T08:14:28.537+0000] {processor.py:914} INFO - Processing file /opt/airflow/dags/env/Scripts/normalizer.exe for tasks to queue
[2025-03-28T08:14:28.550+0000] {logging_mixin.py:190} INFO - [2025-03-28T08:14:28.549+0000] {dagbag.py:588} INFO - Filling up the DagBag from /opt/airflow/dags/env/Scripts/normalizer.exe
[2025-03-28T08:14:28.578+0000] {logging_mixin.py:190} INFO - [2025-03-28T08:14:28.577+0000] {dagbag.py:435} INFO - File /opt/airflow/dags/env/Scripts/normalizer.exe:__main__.py assumed to contain no DAGs. Skipping.
[2025-03-28T08:14:28.580+0000] {processor.py:927} WARNING - No viable dags retrieved from /opt/airflow/dags/env/Scripts/normalizer.exe
[2025-03-28T08:14:28.639+0000] {processor.py:208} INFO - Processing /opt/airflow/dags/env/Scripts/normalizer.exe took 0.172 seconds
[2025-03-28T08:47:47.167+0000] {processor.py:186} INFO - Started process (PID=1264) to work on /opt/airflow/dags/env/Scripts/normalizer.exe
[2025-03-28T08:47:47.168+0000] {processor.py:914} INFO - Processing file /opt/airflow/dags/env/Scripts/normalizer.exe for tasks to queue
[2025-03-28T08:47:47.170+0000] {logging_mixin.py:190} INFO - [2025-03-28T08:47:47.169+0000] {dagbag.py:588} INFO - Filling up the DagBag from /opt/airflow/dags/env/Scripts/normalizer.exe
[2025-03-28T08:47:47.182+0000] {logging_mixin.py:190} INFO - [2025-03-28T08:47:47.182+0000] {dagbag.py:435} INFO - File /opt/airflow/dags/env/Scripts/normalizer.exe:__main__.py assumed to contain no DAGs. Skipping.
[2025-03-28T08:47:47.183+0000] {processor.py:927} WARNING - No viable dags retrieved from /opt/airflow/dags/env/Scripts/normalizer.exe
[2025-03-28T08:47:47.211+0000] {processor.py:208} INFO - Processing /opt/airflow/dags/env/Scripts/normalizer.exe took 0.057 seconds
[2025-03-28T09:30:54.232+0000] {processor.py:186} INFO - Started process (PID=1441) to work on /opt/airflow/dags/env/Scripts/normalizer.exe
[2025-03-28T09:30:54.234+0000] {processor.py:914} INFO - Processing file /opt/airflow/dags/env/Scripts/normalizer.exe for tasks to queue
[2025-03-28T09:30:54.238+0000] {logging_mixin.py:190} INFO - [2025-03-28T09:30:54.237+0000] {dagbag.py:588} INFO - Filling up the DagBag from /opt/airflow/dags/env/Scripts/normalizer.exe
[2025-03-28T09:30:54.256+0000] {logging_mixin.py:190} INFO - [2025-03-28T09:30:54.256+0000] {dagbag.py:435} INFO - File /opt/airflow/dags/env/Scripts/normalizer.exe:__main__.py assumed to contain no DAGs. Skipping.
[2025-03-28T09:30:54.258+0000] {processor.py:927} WARNING - No viable dags retrieved from /opt/airflow/dags/env/Scripts/normalizer.exe
[2025-03-28T09:30:54.296+0000] {processor.py:208} INFO - Processing /opt/airflow/dags/env/Scripts/normalizer.exe took 0.089 seconds
[2025-03-28T09:31:25.428+0000] {processor.py:186} INFO - Started process (PID=1465) to work on /opt/airflow/dags/env/Scripts/normalizer.exe
[2025-03-28T09:31:25.441+0000] {processor.py:914} INFO - Processing file /opt/airflow/dags/env/Scripts/normalizer.exe for tasks to queue
[2025-03-28T09:31:25.444+0000] {logging_mixin.py:190} INFO - [2025-03-28T09:31:25.443+0000] {dagbag.py:588} INFO - Filling up the DagBag from /opt/airflow/dags/env/Scripts/normalizer.exe
[2025-03-28T09:31:25.472+0000] {logging_mixin.py:190} INFO - [2025-03-28T09:31:25.471+0000] {dagbag.py:435} INFO - File /opt/airflow/dags/env/Scripts/normalizer.exe:__main__.py assumed to contain no DAGs. Skipping.
[2025-03-28T09:31:25.475+0000] {processor.py:927} WARNING - No viable dags retrieved from /opt/airflow/dags/env/Scripts/normalizer.exe
[2025-03-28T09:31:25.551+0000] {processor.py:208} INFO - Processing /opt/airflow/dags/env/Scripts/normalizer.exe took 0.181 seconds
[2025-03-28T09:41:59.291+0000] {processor.py:186} INFO - Started process (PID=1491) to work on /opt/airflow/dags/env/Scripts/normalizer.exe
[2025-03-28T09:41:59.293+0000] {processor.py:914} INFO - Processing file /opt/airflow/dags/env/Scripts/normalizer.exe for tasks to queue
[2025-03-28T09:41:59.294+0000] {logging_mixin.py:190} INFO - [2025-03-28T09:41:59.294+0000] {dagbag.py:588} INFO - Filling up the DagBag from /opt/airflow/dags/env/Scripts/normalizer.exe
[2025-03-28T09:41:59.307+0000] {logging_mixin.py:190} INFO - [2025-03-28T09:41:59.306+0000] {dagbag.py:435} INFO - File /opt/airflow/dags/env/Scripts/normalizer.exe:__main__.py assumed to contain no DAGs. Skipping.
[2025-03-28T09:41:59.308+0000] {processor.py:927} WARNING - No viable dags retrieved from /opt/airflow/dags/env/Scripts/normalizer.exe
[2025-03-28T09:41:59.329+0000] {processor.py:208} INFO - Processing /opt/airflow/dags/env/Scripts/normalizer.exe took 0.057 seconds
[2025-03-28T09:47:14.105+0000] {processor.py:186} INFO - Started process (PID=1525) to work on /opt/airflow/dags/env/Scripts/normalizer.exe
[2025-03-28T09:47:14.107+0000] {processor.py:914} INFO - Processing file /opt/airflow/dags/env/Scripts/normalizer.exe for tasks to queue
[2025-03-28T09:47:14.109+0000] {logging_mixin.py:190} INFO - [2025-03-28T09:47:14.108+0000] {dagbag.py:588} INFO - Filling up the DagBag from /opt/airflow/dags/env/Scripts/normalizer.exe
[2025-03-28T09:47:14.123+0000] {logging_mixin.py:190} INFO - [2025-03-28T09:47:14.122+0000] {dagbag.py:435} INFO - File /opt/airflow/dags/env/Scripts/normalizer.exe:__main__.py assumed to contain no DAGs. Skipping.
[2025-03-28T09:47:14.124+0000] {processor.py:927} WARNING - No viable dags retrieved from /opt/airflow/dags/env/Scripts/normalizer.exe
[2025-03-28T09:47:14.151+0000] {processor.py:208} INFO - Processing /opt/airflow/dags/env/Scripts/normalizer.exe took 0.057 seconds
[2025-03-28T09:52:22.694+0000] {processor.py:186} INFO - Started process (PID=1555) to work on /opt/airflow/dags/env/Scripts/normalizer.exe
[2025-03-28T09:52:22.697+0000] {processor.py:914} INFO - Processing file /opt/airflow/dags/env/Scripts/normalizer.exe for tasks to queue
[2025-03-28T09:52:22.700+0000] {logging_mixin.py:190} INFO - [2025-03-28T09:52:22.700+0000] {dagbag.py:588} INFO - Filling up the DagBag from /opt/airflow/dags/env/Scripts/normalizer.exe
[2025-03-28T09:52:22.724+0000] {logging_mixin.py:190} INFO - [2025-03-28T09:52:22.723+0000] {dagbag.py:435} INFO - File /opt/airflow/dags/env/Scripts/normalizer.exe:__main__.py assumed to contain no DAGs. Skipping.
[2025-03-28T09:52:22.726+0000] {processor.py:927} WARNING - No viable dags retrieved from /opt/airflow/dags/env/Scripts/normalizer.exe
[2025-03-28T09:52:22.769+0000] {processor.py:208} INFO - Processing /opt/airflow/dags/env/Scripts/normalizer.exe took 0.100 seconds
[2025-03-28T10:09:06.530+0000] {processor.py:186} INFO - Started process (PID=1580) to work on /opt/airflow/dags/env/Scripts/normalizer.exe
[2025-03-28T10:09:06.532+0000] {processor.py:914} INFO - Processing file /opt/airflow/dags/env/Scripts/normalizer.exe for tasks to queue
[2025-03-28T10:09:06.534+0000] {logging_mixin.py:190} INFO - [2025-03-28T10:09:06.533+0000] {dagbag.py:588} INFO - Filling up the DagBag from /opt/airflow/dags/env/Scripts/normalizer.exe
[2025-03-28T10:09:06.553+0000] {logging_mixin.py:190} INFO - [2025-03-28T10:09:06.553+0000] {dagbag.py:435} INFO - File /opt/airflow/dags/env/Scripts/normalizer.exe:__main__.py assumed to contain no DAGs. Skipping.
[2025-03-28T10:09:06.555+0000] {processor.py:927} WARNING - No viable dags retrieved from /opt/airflow/dags/env/Scripts/normalizer.exe
[2025-03-28T10:09:06.582+0000] {processor.py:208} INFO - Processing /opt/airflow/dags/env/Scripts/normalizer.exe took 0.068 seconds
[2025-03-28T10:09:37.274+0000] {processor.py:186} INFO - Started process (PID=1605) to work on /opt/airflow/dags/env/Scripts/normalizer.exe
[2025-03-28T10:09:37.275+0000] {processor.py:914} INFO - Processing file /opt/airflow/dags/env/Scripts/normalizer.exe for tasks to queue
[2025-03-28T10:09:37.277+0000] {logging_mixin.py:190} INFO - [2025-03-28T10:09:37.277+0000] {dagbag.py:588} INFO - Filling up the DagBag from /opt/airflow/dags/env/Scripts/normalizer.exe
[2025-03-28T10:09:37.289+0000] {logging_mixin.py:190} INFO - [2025-03-28T10:09:37.288+0000] {dagbag.py:435} INFO - File /opt/airflow/dags/env/Scripts/normalizer.exe:__main__.py assumed to contain no DAGs. Skipping.
[2025-03-28T10:09:37.290+0000] {processor.py:927} WARNING - No viable dags retrieved from /opt/airflow/dags/env/Scripts/normalizer.exe
[2025-03-28T10:09:37.312+0000] {processor.py:208} INFO - Processing /opt/airflow/dags/env/Scripts/normalizer.exe took 0.050 seconds
[2025-03-28T10:26:59.956+0000] {processor.py:186} INFO - Started process (PID=1629) to work on /opt/airflow/dags/env/Scripts/normalizer.exe
[2025-03-28T10:26:59.958+0000] {processor.py:914} INFO - Processing file /opt/airflow/dags/env/Scripts/normalizer.exe for tasks to queue
[2025-03-28T10:26:59.960+0000] {logging_mixin.py:190} INFO - [2025-03-28T10:26:59.960+0000] {dagbag.py:588} INFO - Filling up the DagBag from /opt/airflow/dags/env/Scripts/normalizer.exe
[2025-03-28T10:26:59.976+0000] {logging_mixin.py:190} INFO - [2025-03-28T10:26:59.976+0000] {dagbag.py:435} INFO - File /opt/airflow/dags/env/Scripts/normalizer.exe:__main__.py assumed to contain no DAGs. Skipping.
[2025-03-28T10:26:59.978+0000] {processor.py:927} WARNING - No viable dags retrieved from /opt/airflow/dags/env/Scripts/normalizer.exe
[2025-03-28T10:27:00.012+0000] {processor.py:208} INFO - Processing /opt/airflow/dags/env/Scripts/normalizer.exe took 0.074 seconds
[2025-03-28T10:31:22.395+0000] {processor.py:186} INFO - Started process (PID=1655) to work on /opt/airflow/dags/env/Scripts/normalizer.exe
[2025-03-28T10:31:22.396+0000] {processor.py:914} INFO - Processing file /opt/airflow/dags/env/Scripts/normalizer.exe for tasks to queue
[2025-03-28T10:31:22.399+0000] {logging_mixin.py:190} INFO - [2025-03-28T10:31:22.398+0000] {dagbag.py:588} INFO - Filling up the DagBag from /opt/airflow/dags/env/Scripts/normalizer.exe
[2025-03-28T10:31:22.414+0000] {logging_mixin.py:190} INFO - [2025-03-28T10:31:22.414+0000] {dagbag.py:435} INFO - File /opt/airflow/dags/env/Scripts/normalizer.exe:__main__.py assumed to contain no DAGs. Skipping.
[2025-03-28T10:31:22.416+0000] {processor.py:927} WARNING - No viable dags retrieved from /opt/airflow/dags/env/Scripts/normalizer.exe
[2025-03-28T10:31:22.449+0000] {processor.py:208} INFO - Processing /opt/airflow/dags/env/Scripts/normalizer.exe took 0.072 seconds
[2025-03-28T10:31:54.235+0000] {processor.py:186} INFO - Started process (PID=1679) to work on /opt/airflow/dags/env/Scripts/normalizer.exe
[2025-03-28T10:31:54.237+0000] {processor.py:914} INFO - Processing file /opt/airflow/dags/env/Scripts/normalizer.exe for tasks to queue
[2025-03-28T10:31:54.239+0000] {logging_mixin.py:190} INFO - [2025-03-28T10:31:54.238+0000] {dagbag.py:588} INFO - Filling up the DagBag from /opt/airflow/dags/env/Scripts/normalizer.exe
[2025-03-28T10:31:54.257+0000] {logging_mixin.py:190} INFO - [2025-03-28T10:31:54.257+0000] {dagbag.py:435} INFO - File /opt/airflow/dags/env/Scripts/normalizer.exe:__main__.py assumed to contain no DAGs. Skipping.
[2025-03-28T10:31:54.258+0000] {processor.py:927} WARNING - No viable dags retrieved from /opt/airflow/dags/env/Scripts/normalizer.exe
[2025-03-28T10:31:54.298+0000] {processor.py:208} INFO - Processing /opt/airflow/dags/env/Scripts/normalizer.exe took 0.086 seconds
[2025-03-28T10:36:37.662+0000] {processor.py:186} INFO - Started process (PID=1709) to work on /opt/airflow/dags/env/Scripts/normalizer.exe
[2025-03-28T10:36:37.664+0000] {processor.py:914} INFO - Processing file /opt/airflow/dags/env/Scripts/normalizer.exe for tasks to queue
[2025-03-28T10:36:37.667+0000] {logging_mixin.py:190} INFO - [2025-03-28T10:36:37.666+0000] {dagbag.py:588} INFO - Filling up the DagBag from /opt/airflow/dags/env/Scripts/normalizer.exe
[2025-03-28T10:36:37.703+0000] {logging_mixin.py:190} INFO - [2025-03-28T10:36:37.703+0000] {dagbag.py:435} INFO - File /opt/airflow/dags/env/Scripts/normalizer.exe:__main__.py assumed to contain no DAGs. Skipping.
[2025-03-28T10:36:37.706+0000] {processor.py:927} WARNING - No viable dags retrieved from /opt/airflow/dags/env/Scripts/normalizer.exe
[2025-03-28T10:36:37.781+0000] {processor.py:208} INFO - Processing /opt/airflow/dags/env/Scripts/normalizer.exe took 0.146 seconds
[2025-03-28T10:37:09.097+0000] {processor.py:186} INFO - Started process (PID=1733) to work on /opt/airflow/dags/env/Scripts/normalizer.exe
[2025-03-28T10:37:09.098+0000] {processor.py:914} INFO - Processing file /opt/airflow/dags/env/Scripts/normalizer.exe for tasks to queue
[2025-03-28T10:37:09.102+0000] {logging_mixin.py:190} INFO - [2025-03-28T10:37:09.101+0000] {dagbag.py:588} INFO - Filling up the DagBag from /opt/airflow/dags/env/Scripts/normalizer.exe
[2025-03-28T10:37:09.125+0000] {logging_mixin.py:190} INFO - [2025-03-28T10:37:09.125+0000] {dagbag.py:435} INFO - File /opt/airflow/dags/env/Scripts/normalizer.exe:__main__.py assumed to contain no DAGs. Skipping.
[2025-03-28T10:37:09.127+0000] {processor.py:927} WARNING - No viable dags retrieved from /opt/airflow/dags/env/Scripts/normalizer.exe
[2025-03-28T10:37:09.169+0000] {processor.py:208} INFO - Processing /opt/airflow/dags/env/Scripts/normalizer.exe took 0.094 seconds
[2025-03-28T11:52:25.672+0000] {processor.py:186} INFO - Started process (PID=1754) to work on /opt/airflow/dags/env/Scripts/normalizer.exe
[2025-03-28T11:52:25.673+0000] {processor.py:914} INFO - Processing file /opt/airflow/dags/env/Scripts/normalizer.exe for tasks to queue
[2025-03-28T11:52:25.675+0000] {logging_mixin.py:190} INFO - [2025-03-28T11:52:25.674+0000] {dagbag.py:588} INFO - Filling up the DagBag from /opt/airflow/dags/env/Scripts/normalizer.exe
[2025-03-28T11:52:25.686+0000] {logging_mixin.py:190} INFO - [2025-03-28T11:52:25.685+0000] {dagbag.py:435} INFO - File /opt/airflow/dags/env/Scripts/normalizer.exe:__main__.py assumed to contain no DAGs. Skipping.
[2025-03-28T11:52:25.687+0000] {processor.py:927} WARNING - No viable dags retrieved from /opt/airflow/dags/env/Scripts/normalizer.exe
[2025-03-28T11:52:25.708+0000] {processor.py:208} INFO - Processing /opt/airflow/dags/env/Scripts/normalizer.exe took 0.048 seconds
[2025-03-28T11:53:02.392+0000] {processor.py:186} INFO - Started process (PID=1778) to work on /opt/airflow/dags/env/Scripts/normalizer.exe
[2025-03-28T11:53:02.394+0000] {processor.py:914} INFO - Processing file /opt/airflow/dags/env/Scripts/normalizer.exe for tasks to queue
[2025-03-28T11:53:02.398+0000] {logging_mixin.py:190} INFO - [2025-03-28T11:53:02.397+0000] {dagbag.py:588} INFO - Filling up the DagBag from /opt/airflow/dags/env/Scripts/normalizer.exe
[2025-03-28T11:53:02.421+0000] {logging_mixin.py:190} INFO - [2025-03-28T11:53:02.421+0000] {dagbag.py:435} INFO - File /opt/airflow/dags/env/Scripts/normalizer.exe:__main__.py assumed to contain no DAGs. Skipping.
[2025-03-28T11:53:02.423+0000] {processor.py:927} WARNING - No viable dags retrieved from /opt/airflow/dags/env/Scripts/normalizer.exe
[2025-03-28T11:53:02.470+0000] {processor.py:208} INFO - Processing /opt/airflow/dags/env/Scripts/normalizer.exe took 0.102 seconds
[2025-03-28T12:52:08.944+0000] {processor.py:186} INFO - Started process (PID=1801) to work on /opt/airflow/dags/env/Scripts/normalizer.exe
[2025-03-28T12:52:08.945+0000] {processor.py:914} INFO - Processing file /opt/airflow/dags/env/Scripts/normalizer.exe for tasks to queue
[2025-03-28T12:52:08.948+0000] {logging_mixin.py:190} INFO - [2025-03-28T12:52:08.947+0000] {dagbag.py:588} INFO - Filling up the DagBag from /opt/airflow/dags/env/Scripts/normalizer.exe
[2025-03-28T12:52:08.970+0000] {logging_mixin.py:190} INFO - [2025-03-28T12:52:08.970+0000] {dagbag.py:435} INFO - File /opt/airflow/dags/env/Scripts/normalizer.exe:__main__.py assumed to contain no DAGs. Skipping.
[2025-03-28T12:52:08.972+0000] {processor.py:927} WARNING - No viable dags retrieved from /opt/airflow/dags/env/Scripts/normalizer.exe
[2025-03-28T12:52:09.007+0000] {processor.py:208} INFO - Processing /opt/airflow/dags/env/Scripts/normalizer.exe took 0.077 seconds
[2025-03-28T12:52:40.117+0000] {processor.py:186} INFO - Started process (PID=1825) to work on /opt/airflow/dags/env/Scripts/normalizer.exe
[2025-03-28T12:52:40.118+0000] {processor.py:914} INFO - Processing file /opt/airflow/dags/env/Scripts/normalizer.exe for tasks to queue
[2025-03-28T12:52:40.120+0000] {logging_mixin.py:190} INFO - [2025-03-28T12:52:40.120+0000] {dagbag.py:588} INFO - Filling up the DagBag from /opt/airflow/dags/env/Scripts/normalizer.exe
[2025-03-28T12:52:40.132+0000] {logging_mixin.py:190} INFO - [2025-03-28T12:52:40.132+0000] {dagbag.py:435} INFO - File /opt/airflow/dags/env/Scripts/normalizer.exe:__main__.py assumed to contain no DAGs. Skipping.
[2025-03-28T12:52:40.133+0000] {processor.py:927} WARNING - No viable dags retrieved from /opt/airflow/dags/env/Scripts/normalizer.exe
[2025-03-28T12:52:40.153+0000] {processor.py:208} INFO - Processing /opt/airflow/dags/env/Scripts/normalizer.exe took 0.048 seconds
[2025-03-28T12:57:01.491+0000] {processor.py:186} INFO - Started process (PID=1851) to work on /opt/airflow/dags/env/Scripts/normalizer.exe
[2025-03-28T12:57:01.492+0000] {processor.py:914} INFO - Processing file /opt/airflow/dags/env/Scripts/normalizer.exe for tasks to queue
[2025-03-28T12:57:01.495+0000] {logging_mixin.py:190} INFO - [2025-03-28T12:57:01.494+0000] {dagbag.py:588} INFO - Filling up the DagBag from /opt/airflow/dags/env/Scripts/normalizer.exe
[2025-03-28T12:57:01.507+0000] {logging_mixin.py:190} INFO - [2025-03-28T12:57:01.507+0000] {dagbag.py:435} INFO - File /opt/airflow/dags/env/Scripts/normalizer.exe:__main__.py assumed to contain no DAGs. Skipping.
[2025-03-28T12:57:01.508+0000] {processor.py:927} WARNING - No viable dags retrieved from /opt/airflow/dags/env/Scripts/normalizer.exe
[2025-03-28T12:57:01.531+0000] {processor.py:208} INFO - Processing /opt/airflow/dags/env/Scripts/normalizer.exe took 0.055 seconds
[2025-03-28T12:57:32.733+0000] {processor.py:186} INFO - Started process (PID=1875) to work on /opt/airflow/dags/env/Scripts/normalizer.exe
[2025-03-28T12:57:32.734+0000] {processor.py:914} INFO - Processing file /opt/airflow/dags/env/Scripts/normalizer.exe for tasks to queue
[2025-03-28T12:57:32.736+0000] {logging_mixin.py:190} INFO - [2025-03-28T12:57:32.736+0000] {dagbag.py:588} INFO - Filling up the DagBag from /opt/airflow/dags/env/Scripts/normalizer.exe
[2025-03-28T12:57:32.750+0000] {logging_mixin.py:190} INFO - [2025-03-28T12:57:32.749+0000] {dagbag.py:435} INFO - File /opt/airflow/dags/env/Scripts/normalizer.exe:__main__.py assumed to contain no DAGs. Skipping.
[2025-03-28T12:57:32.751+0000] {processor.py:927} WARNING - No viable dags retrieved from /opt/airflow/dags/env/Scripts/normalizer.exe
[2025-03-28T12:57:32.772+0000] {processor.py:208} INFO - Processing /opt/airflow/dags/env/Scripts/normalizer.exe took 0.051 seconds
[2025-03-28T13:02:03.250+0000] {processor.py:186} INFO - Started process (PID=1904) to work on /opt/airflow/dags/env/Scripts/normalizer.exe
[2025-03-28T13:02:03.252+0000] {processor.py:914} INFO - Processing file /opt/airflow/dags/env/Scripts/normalizer.exe for tasks to queue
[2025-03-28T13:02:03.254+0000] {logging_mixin.py:190} INFO - [2025-03-28T13:02:03.253+0000] {dagbag.py:588} INFO - Filling up the DagBag from /opt/airflow/dags/env/Scripts/normalizer.exe
[2025-03-28T13:02:03.267+0000] {logging_mixin.py:190} INFO - [2025-03-28T13:02:03.267+0000] {dagbag.py:435} INFO - File /opt/airflow/dags/env/Scripts/normalizer.exe:__main__.py assumed to contain no DAGs. Skipping.
[2025-03-28T13:02:03.268+0000] {processor.py:927} WARNING - No viable dags retrieved from /opt/airflow/dags/env/Scripts/normalizer.exe
[2025-03-28T13:02:03.289+0000] {processor.py:208} INFO - Processing /opt/airflow/dags/env/Scripts/normalizer.exe took 0.051 seconds
[2025-03-28T13:02:34.657+0000] {processor.py:186} INFO - Started process (PID=1928) to work on /opt/airflow/dags/env/Scripts/normalizer.exe
[2025-03-28T13:02:34.658+0000] {processor.py:914} INFO - Processing file /opt/airflow/dags/env/Scripts/normalizer.exe for tasks to queue
[2025-03-28T13:02:34.660+0000] {logging_mixin.py:190} INFO - [2025-03-28T13:02:34.659+0000] {dagbag.py:588} INFO - Filling up the DagBag from /opt/airflow/dags/env/Scripts/normalizer.exe
[2025-03-28T13:02:34.673+0000] {logging_mixin.py:190} INFO - [2025-03-28T13:02:34.673+0000] {dagbag.py:435} INFO - File /opt/airflow/dags/env/Scripts/normalizer.exe:__main__.py assumed to contain no DAGs. Skipping.
[2025-03-28T13:02:34.674+0000] {processor.py:927} WARNING - No viable dags retrieved from /opt/airflow/dags/env/Scripts/normalizer.exe
[2025-03-28T13:02:34.694+0000] {processor.py:208} INFO - Processing /opt/airflow/dags/env/Scripts/normalizer.exe took 0.049 seconds
[2025-03-28T13:07:00.122+0000] {processor.py:186} INFO - Started process (PID=1955) to work on /opt/airflow/dags/env/Scripts/normalizer.exe
[2025-03-28T13:07:00.124+0000] {processor.py:914} INFO - Processing file /opt/airflow/dags/env/Scripts/normalizer.exe for tasks to queue
[2025-03-28T13:07:00.125+0000] {logging_mixin.py:190} INFO - [2025-03-28T13:07:00.125+0000] {dagbag.py:588} INFO - Filling up the DagBag from /opt/airflow/dags/env/Scripts/normalizer.exe
[2025-03-28T13:07:00.139+0000] {logging_mixin.py:190} INFO - [2025-03-28T13:07:00.138+0000] {dagbag.py:435} INFO - File /opt/airflow/dags/env/Scripts/normalizer.exe:__main__.py assumed to contain no DAGs. Skipping.
[2025-03-28T13:07:00.140+0000] {processor.py:927} WARNING - No viable dags retrieved from /opt/airflow/dags/env/Scripts/normalizer.exe
[2025-03-28T13:07:00.160+0000] {processor.py:208} INFO - Processing /opt/airflow/dags/env/Scripts/normalizer.exe took 0.049 seconds
[2025-03-28T13:07:31.772+0000] {processor.py:186} INFO - Started process (PID=1979) to work on /opt/airflow/dags/env/Scripts/normalizer.exe
[2025-03-28T13:07:31.773+0000] {processor.py:914} INFO - Processing file /opt/airflow/dags/env/Scripts/normalizer.exe for tasks to queue
[2025-03-28T13:07:31.776+0000] {logging_mixin.py:190} INFO - [2025-03-28T13:07:31.775+0000] {dagbag.py:588} INFO - Filling up the DagBag from /opt/airflow/dags/env/Scripts/normalizer.exe
[2025-03-28T13:07:31.790+0000] {logging_mixin.py:190} INFO - [2025-03-28T13:07:31.789+0000] {dagbag.py:435} INFO - File /opt/airflow/dags/env/Scripts/normalizer.exe:__main__.py assumed to contain no DAGs. Skipping.
[2025-03-28T13:07:31.791+0000] {processor.py:927} WARNING - No viable dags retrieved from /opt/airflow/dags/env/Scripts/normalizer.exe
[2025-03-28T13:07:31.817+0000] {processor.py:208} INFO - Processing /opt/airflow/dags/env/Scripts/normalizer.exe took 0.061 seconds
[2025-03-28T13:11:57.589+0000] {processor.py:186} INFO - Started process (PID=2009) to work on /opt/airflow/dags/env/Scripts/normalizer.exe
[2025-03-28T13:11:57.590+0000] {processor.py:914} INFO - Processing file /opt/airflow/dags/env/Scripts/normalizer.exe for tasks to queue
[2025-03-28T13:11:57.592+0000] {logging_mixin.py:190} INFO - [2025-03-28T13:11:57.592+0000] {dagbag.py:588} INFO - Filling up the DagBag from /opt/airflow/dags/env/Scripts/normalizer.exe
[2025-03-28T13:11:57.603+0000] {logging_mixin.py:190} INFO - [2025-03-28T13:11:57.603+0000] {dagbag.py:435} INFO - File /opt/airflow/dags/env/Scripts/normalizer.exe:__main__.py assumed to contain no DAGs. Skipping.
[2025-03-28T13:11:57.604+0000] {processor.py:927} WARNING - No viable dags retrieved from /opt/airflow/dags/env/Scripts/normalizer.exe
[2025-03-28T13:11:57.625+0000] {processor.py:208} INFO - Processing /opt/airflow/dags/env/Scripts/normalizer.exe took 0.049 seconds
[2025-03-28T13:12:29.352+0000] {processor.py:186} INFO - Started process (PID=2033) to work on /opt/airflow/dags/env/Scripts/normalizer.exe
[2025-03-28T13:12:29.353+0000] {processor.py:914} INFO - Processing file /opt/airflow/dags/env/Scripts/normalizer.exe for tasks to queue
[2025-03-28T13:12:29.355+0000] {logging_mixin.py:190} INFO - [2025-03-28T13:12:29.355+0000] {dagbag.py:588} INFO - Filling up the DagBag from /opt/airflow/dags/env/Scripts/normalizer.exe
[2025-03-28T13:12:29.366+0000] {logging_mixin.py:190} INFO - [2025-03-28T13:12:29.366+0000] {dagbag.py:435} INFO - File /opt/airflow/dags/env/Scripts/normalizer.exe:__main__.py assumed to contain no DAGs. Skipping.
[2025-03-28T13:12:29.367+0000] {processor.py:927} WARNING - No viable dags retrieved from /opt/airflow/dags/env/Scripts/normalizer.exe
[2025-03-28T13:12:29.388+0000] {processor.py:208} INFO - Processing /opt/airflow/dags/env/Scripts/normalizer.exe took 0.047 seconds
[2025-03-28T13:17:02.388+0000] {processor.py:186} INFO - Started process (PID=2065) to work on /opt/airflow/dags/env/Scripts/normalizer.exe
[2025-03-28T13:17:02.389+0000] {processor.py:914} INFO - Processing file /opt/airflow/dags/env/Scripts/normalizer.exe for tasks to queue
[2025-03-28T13:17:02.391+0000] {logging_mixin.py:190} INFO - [2025-03-28T13:17:02.390+0000] {dagbag.py:588} INFO - Filling up the DagBag from /opt/airflow/dags/env/Scripts/normalizer.exe
[2025-03-28T13:17:02.402+0000] {logging_mixin.py:190} INFO - [2025-03-28T13:17:02.402+0000] {dagbag.py:435} INFO - File /opt/airflow/dags/env/Scripts/normalizer.exe:__main__.py assumed to contain no DAGs. Skipping.
[2025-03-28T13:17:02.403+0000] {processor.py:927} WARNING - No viable dags retrieved from /opt/airflow/dags/env/Scripts/normalizer.exe
[2025-03-28T13:17:02.423+0000] {processor.py:208} INFO - Processing /opt/airflow/dags/env/Scripts/normalizer.exe took 0.047 seconds
[2025-03-28T13:17:35.092+0000] {processor.py:186} INFO - Started process (PID=2089) to work on /opt/airflow/dags/env/Scripts/normalizer.exe
[2025-03-28T13:17:35.094+0000] {processor.py:914} INFO - Processing file /opt/airflow/dags/env/Scripts/normalizer.exe for tasks to queue
[2025-03-28T13:17:35.095+0000] {logging_mixin.py:190} INFO - [2025-03-28T13:17:35.095+0000] {dagbag.py:588} INFO - Filling up the DagBag from /opt/airflow/dags/env/Scripts/normalizer.exe
[2025-03-28T13:17:35.108+0000] {logging_mixin.py:190} INFO - [2025-03-28T13:17:35.108+0000] {dagbag.py:435} INFO - File /opt/airflow/dags/env/Scripts/normalizer.exe:__main__.py assumed to contain no DAGs. Skipping.
[2025-03-28T13:17:35.109+0000] {processor.py:927} WARNING - No viable dags retrieved from /opt/airflow/dags/env/Scripts/normalizer.exe
[2025-03-28T13:17:35.130+0000] {processor.py:208} INFO - Processing /opt/airflow/dags/env/Scripts/normalizer.exe took 0.050 seconds
[2025-03-28T13:22:03.514+0000] {processor.py:186} INFO - Started process (PID=2117) to work on /opt/airflow/dags/env/Scripts/normalizer.exe
[2025-03-28T13:22:03.516+0000] {processor.py:914} INFO - Processing file /opt/airflow/dags/env/Scripts/normalizer.exe for tasks to queue
[2025-03-28T13:22:03.517+0000] {logging_mixin.py:190} INFO - [2025-03-28T13:22:03.517+0000] {dagbag.py:588} INFO - Filling up the DagBag from /opt/airflow/dags/env/Scripts/normalizer.exe
[2025-03-28T13:22:03.528+0000] {logging_mixin.py:190} INFO - [2025-03-28T13:22:03.528+0000] {dagbag.py:435} INFO - File /opt/airflow/dags/env/Scripts/normalizer.exe:__main__.py assumed to contain no DAGs. Skipping.
[2025-03-28T13:22:03.529+0000] {processor.py:927} WARNING - No viable dags retrieved from /opt/airflow/dags/env/Scripts/normalizer.exe
[2025-03-28T13:22:03.553+0000] {processor.py:208} INFO - Processing /opt/airflow/dags/env/Scripts/normalizer.exe took 0.050 seconds
[2025-03-28T13:22:35.083+0000] {processor.py:186} INFO - Started process (PID=2141) to work on /opt/airflow/dags/env/Scripts/normalizer.exe
[2025-03-28T13:22:35.085+0000] {processor.py:914} INFO - Processing file /opt/airflow/dags/env/Scripts/normalizer.exe for tasks to queue
[2025-03-28T13:22:35.087+0000] {logging_mixin.py:190} INFO - [2025-03-28T13:22:35.087+0000] {dagbag.py:588} INFO - Filling up the DagBag from /opt/airflow/dags/env/Scripts/normalizer.exe
[2025-03-28T13:22:35.105+0000] {logging_mixin.py:190} INFO - [2025-03-28T13:22:35.105+0000] {dagbag.py:435} INFO - File /opt/airflow/dags/env/Scripts/normalizer.exe:__main__.py assumed to contain no DAGs. Skipping.
[2025-03-28T13:22:35.107+0000] {processor.py:927} WARNING - No viable dags retrieved from /opt/airflow/dags/env/Scripts/normalizer.exe
[2025-03-28T13:22:35.137+0000] {processor.py:208} INFO - Processing /opt/airflow/dags/env/Scripts/normalizer.exe took 0.073 seconds
[2025-03-28T13:26:58.815+0000] {processor.py:186} INFO - Started process (PID=2169) to work on /opt/airflow/dags/env/Scripts/normalizer.exe
[2025-03-28T13:26:58.816+0000] {processor.py:914} INFO - Processing file /opt/airflow/dags/env/Scripts/normalizer.exe for tasks to queue
[2025-03-28T13:26:58.818+0000] {logging_mixin.py:190} INFO - [2025-03-28T13:26:58.817+0000] {dagbag.py:588} INFO - Filling up the DagBag from /opt/airflow/dags/env/Scripts/normalizer.exe
[2025-03-28T13:26:58.834+0000] {logging_mixin.py:190} INFO - [2025-03-28T13:26:58.834+0000] {dagbag.py:435} INFO - File /opt/airflow/dags/env/Scripts/normalizer.exe:__main__.py assumed to contain no DAGs. Skipping.
[2025-03-28T13:26:58.835+0000] {processor.py:927} WARNING - No viable dags retrieved from /opt/airflow/dags/env/Scripts/normalizer.exe
[2025-03-28T13:26:58.864+0000] {processor.py:208} INFO - Processing /opt/airflow/dags/env/Scripts/normalizer.exe took 0.061 seconds
[2025-03-28T13:27:30.522+0000] {processor.py:186} INFO - Started process (PID=2193) to work on /opt/airflow/dags/env/Scripts/normalizer.exe
[2025-03-28T13:27:30.523+0000] {processor.py:914} INFO - Processing file /opt/airflow/dags/env/Scripts/normalizer.exe for tasks to queue
[2025-03-28T13:27:30.525+0000] {logging_mixin.py:190} INFO - [2025-03-28T13:27:30.525+0000] {dagbag.py:588} INFO - Filling up the DagBag from /opt/airflow/dags/env/Scripts/normalizer.exe
[2025-03-28T13:27:30.538+0000] {logging_mixin.py:190} INFO - [2025-03-28T13:27:30.538+0000] {dagbag.py:435} INFO - File /opt/airflow/dags/env/Scripts/normalizer.exe:__main__.py assumed to contain no DAGs. Skipping.
[2025-03-28T13:27:30.539+0000] {processor.py:927} WARNING - No viable dags retrieved from /opt/airflow/dags/env/Scripts/normalizer.exe
[2025-03-28T13:27:30.563+0000] {processor.py:208} INFO - Processing /opt/airflow/dags/env/Scripts/normalizer.exe took 0.055 seconds
[2025-03-28T13:32:01.513+0000] {processor.py:186} INFO - Started process (PID=2225) to work on /opt/airflow/dags/env/Scripts/normalizer.exe
[2025-03-28T13:32:01.515+0000] {processor.py:914} INFO - Processing file /opt/airflow/dags/env/Scripts/normalizer.exe for tasks to queue
[2025-03-28T13:32:01.516+0000] {logging_mixin.py:190} INFO - [2025-03-28T13:32:01.516+0000] {dagbag.py:588} INFO - Filling up the DagBag from /opt/airflow/dags/env/Scripts/normalizer.exe
[2025-03-28T13:32:01.529+0000] {logging_mixin.py:190} INFO - [2025-03-28T13:32:01.529+0000] {dagbag.py:435} INFO - File /opt/airflow/dags/env/Scripts/normalizer.exe:__main__.py assumed to contain no DAGs. Skipping.
[2025-03-28T13:32:01.530+0000] {processor.py:927} WARNING - No viable dags retrieved from /opt/airflow/dags/env/Scripts/normalizer.exe
[2025-03-28T13:32:01.552+0000] {processor.py:208} INFO - Processing /opt/airflow/dags/env/Scripts/normalizer.exe took 0.050 seconds
[2025-03-28T13:32:33.074+0000] {processor.py:186} INFO - Started process (PID=2249) to work on /opt/airflow/dags/env/Scripts/normalizer.exe
[2025-03-28T13:32:33.075+0000] {processor.py:914} INFO - Processing file /opt/airflow/dags/env/Scripts/normalizer.exe for tasks to queue
[2025-03-28T13:32:33.077+0000] {logging_mixin.py:190} INFO - [2025-03-28T13:32:33.077+0000] {dagbag.py:588} INFO - Filling up the DagBag from /opt/airflow/dags/env/Scripts/normalizer.exe
[2025-03-28T13:32:33.088+0000] {logging_mixin.py:190} INFO - [2025-03-28T13:32:33.088+0000] {dagbag.py:435} INFO - File /opt/airflow/dags/env/Scripts/normalizer.exe:__main__.py assumed to contain no DAGs. Skipping.
[2025-03-28T13:32:33.089+0000] {processor.py:927} WARNING - No viable dags retrieved from /opt/airflow/dags/env/Scripts/normalizer.exe
[2025-03-28T13:32:33.112+0000] {processor.py:208} INFO - Processing /opt/airflow/dags/env/Scripts/normalizer.exe took 0.049 seconds
[2025-03-28T13:37:04.427+0000] {processor.py:186} INFO - Started process (PID=2279) to work on /opt/airflow/dags/env/Scripts/normalizer.exe
[2025-03-28T13:37:04.429+0000] {processor.py:914} INFO - Processing file /opt/airflow/dags/env/Scripts/normalizer.exe for tasks to queue
[2025-03-28T13:37:04.431+0000] {logging_mixin.py:190} INFO - [2025-03-28T13:37:04.430+0000] {dagbag.py:588} INFO - Filling up the DagBag from /opt/airflow/dags/env/Scripts/normalizer.exe
[2025-03-28T13:37:04.443+0000] {logging_mixin.py:190} INFO - [2025-03-28T13:37:04.443+0000] {dagbag.py:435} INFO - File /opt/airflow/dags/env/Scripts/normalizer.exe:__main__.py assumed to contain no DAGs. Skipping.
[2025-03-28T13:37:04.444+0000] {processor.py:927} WARNING - No viable dags retrieved from /opt/airflow/dags/env/Scripts/normalizer.exe
[2025-03-28T13:37:04.466+0000] {processor.py:208} INFO - Processing /opt/airflow/dags/env/Scripts/normalizer.exe took 0.050 seconds
[2025-03-28T13:37:36.083+0000] {processor.py:186} INFO - Started process (PID=2303) to work on /opt/airflow/dags/env/Scripts/normalizer.exe
[2025-03-28T13:37:36.084+0000] {processor.py:914} INFO - Processing file /opt/airflow/dags/env/Scripts/normalizer.exe for tasks to queue
[2025-03-28T13:37:36.086+0000] {logging_mixin.py:190} INFO - [2025-03-28T13:37:36.086+0000] {dagbag.py:588} INFO - Filling up the DagBag from /opt/airflow/dags/env/Scripts/normalizer.exe
[2025-03-28T13:37:36.101+0000] {logging_mixin.py:190} INFO - [2025-03-28T13:37:36.101+0000] {dagbag.py:435} INFO - File /opt/airflow/dags/env/Scripts/normalizer.exe:__main__.py assumed to contain no DAGs. Skipping.
[2025-03-28T13:37:36.103+0000] {processor.py:927} WARNING - No viable dags retrieved from /opt/airflow/dags/env/Scripts/normalizer.exe
[2025-03-28T13:37:36.129+0000] {processor.py:208} INFO - Processing /opt/airflow/dags/env/Scripts/normalizer.exe took 0.060 seconds
[2025-03-28T13:42:00.056+0000] {processor.py:186} INFO - Started process (PID=2330) to work on /opt/airflow/dags/env/Scripts/normalizer.exe
[2025-03-28T13:42:00.057+0000] {processor.py:914} INFO - Processing file /opt/airflow/dags/env/Scripts/normalizer.exe for tasks to queue
[2025-03-28T13:42:00.059+0000] {logging_mixin.py:190} INFO - [2025-03-28T13:42:00.059+0000] {dagbag.py:588} INFO - Filling up the DagBag from /opt/airflow/dags/env/Scripts/normalizer.exe
[2025-03-28T13:42:00.073+0000] {logging_mixin.py:190} INFO - [2025-03-28T13:42:00.073+0000] {dagbag.py:435} INFO - File /opt/airflow/dags/env/Scripts/normalizer.exe:__main__.py assumed to contain no DAGs. Skipping.
[2025-03-28T13:42:00.074+0000] {processor.py:927} WARNING - No viable dags retrieved from /opt/airflow/dags/env/Scripts/normalizer.exe
[2025-03-28T13:42:00.095+0000] {processor.py:208} INFO - Processing /opt/airflow/dags/env/Scripts/normalizer.exe took 0.051 seconds
[2025-03-28T13:42:31.577+0000] {processor.py:186} INFO - Started process (PID=2354) to work on /opt/airflow/dags/env/Scripts/normalizer.exe
[2025-03-28T13:42:31.578+0000] {processor.py:914} INFO - Processing file /opt/airflow/dags/env/Scripts/normalizer.exe for tasks to queue
[2025-03-28T13:42:31.580+0000] {logging_mixin.py:190} INFO - [2025-03-28T13:42:31.579+0000] {dagbag.py:588} INFO - Filling up the DagBag from /opt/airflow/dags/env/Scripts/normalizer.exe
[2025-03-28T13:42:31.593+0000] {logging_mixin.py:190} INFO - [2025-03-28T13:42:31.592+0000] {dagbag.py:435} INFO - File /opt/airflow/dags/env/Scripts/normalizer.exe:__main__.py assumed to contain no DAGs. Skipping.
[2025-03-28T13:42:31.594+0000] {processor.py:927} WARNING - No viable dags retrieved from /opt/airflow/dags/env/Scripts/normalizer.exe
[2025-03-28T13:42:31.615+0000] {processor.py:208} INFO - Processing /opt/airflow/dags/env/Scripts/normalizer.exe took 0.050 seconds
[2025-03-28T13:46:58.515+0000] {processor.py:186} INFO - Started process (PID=2385) to work on /opt/airflow/dags/env/Scripts/normalizer.exe
[2025-03-28T13:46:58.517+0000] {processor.py:914} INFO - Processing file /opt/airflow/dags/env/Scripts/normalizer.exe for tasks to queue
[2025-03-28T13:46:58.518+0000] {logging_mixin.py:190} INFO - [2025-03-28T13:46:58.518+0000] {dagbag.py:588} INFO - Filling up the DagBag from /opt/airflow/dags/env/Scripts/normalizer.exe
[2025-03-28T13:46:58.530+0000] {logging_mixin.py:190} INFO - [2025-03-28T13:46:58.529+0000] {dagbag.py:435} INFO - File /opt/airflow/dags/env/Scripts/normalizer.exe:__main__.py assumed to contain no DAGs. Skipping.
[2025-03-28T13:46:58.530+0000] {processor.py:927} WARNING - No viable dags retrieved from /opt/airflow/dags/env/Scripts/normalizer.exe
[2025-03-28T13:46:58.553+0000] {processor.py:208} INFO - Processing /opt/airflow/dags/env/Scripts/normalizer.exe took 0.049 seconds
[2025-03-28T13:47:29.180+0000] {processor.py:186} INFO - Started process (PID=2409) to work on /opt/airflow/dags/env/Scripts/normalizer.exe
[2025-03-28T13:47:29.182+0000] {processor.py:914} INFO - Processing file /opt/airflow/dags/env/Scripts/normalizer.exe for tasks to queue
[2025-03-28T13:47:29.184+0000] {logging_mixin.py:190} INFO - [2025-03-28T13:47:29.183+0000] {dagbag.py:588} INFO - Filling up the DagBag from /opt/airflow/dags/env/Scripts/normalizer.exe
[2025-03-28T13:47:29.196+0000] {logging_mixin.py:190} INFO - [2025-03-28T13:47:29.196+0000] {dagbag.py:435} INFO - File /opt/airflow/dags/env/Scripts/normalizer.exe:__main__.py assumed to contain no DAGs. Skipping.
[2025-03-28T13:47:29.197+0000] {processor.py:927} WARNING - No viable dags retrieved from /opt/airflow/dags/env/Scripts/normalizer.exe
[2025-03-28T13:47:29.220+0000] {processor.py:208} INFO - Processing /opt/airflow/dags/env/Scripts/normalizer.exe took 0.051 seconds
[2025-03-28T13:52:01.896+0000] {processor.py:186} INFO - Started process (PID=2443) to work on /opt/airflow/dags/env/Scripts/normalizer.exe
[2025-03-28T13:52:01.897+0000] {processor.py:914} INFO - Processing file /opt/airflow/dags/env/Scripts/normalizer.exe for tasks to queue
[2025-03-28T13:52:01.899+0000] {logging_mixin.py:190} INFO - [2025-03-28T13:52:01.899+0000] {dagbag.py:588} INFO - Filling up the DagBag from /opt/airflow/dags/env/Scripts/normalizer.exe
[2025-03-28T13:52:01.912+0000] {logging_mixin.py:190} INFO - [2025-03-28T13:52:01.911+0000] {dagbag.py:435} INFO - File /opt/airflow/dags/env/Scripts/normalizer.exe:__main__.py assumed to contain no DAGs. Skipping.
[2025-03-28T13:52:01.913+0000] {processor.py:927} WARNING - No viable dags retrieved from /opt/airflow/dags/env/Scripts/normalizer.exe
[2025-03-28T13:52:01.933+0000] {processor.py:208} INFO - Processing /opt/airflow/dags/env/Scripts/normalizer.exe took 0.049 seconds
[2025-03-28T13:52:33.444+0000] {processor.py:186} INFO - Started process (PID=2467) to work on /opt/airflow/dags/env/Scripts/normalizer.exe
[2025-03-28T13:52:33.445+0000] {processor.py:914} INFO - Processing file /opt/airflow/dags/env/Scripts/normalizer.exe for tasks to queue
[2025-03-28T13:52:33.447+0000] {logging_mixin.py:190} INFO - [2025-03-28T13:52:33.446+0000] {dagbag.py:588} INFO - Filling up the DagBag from /opt/airflow/dags/env/Scripts/normalizer.exe
[2025-03-28T13:52:33.458+0000] {logging_mixin.py:190} INFO - [2025-03-28T13:52:33.458+0000] {dagbag.py:435} INFO - File /opt/airflow/dags/env/Scripts/normalizer.exe:__main__.py assumed to contain no DAGs. Skipping.
[2025-03-28T13:52:33.459+0000] {processor.py:927} WARNING - No viable dags retrieved from /opt/airflow/dags/env/Scripts/normalizer.exe
[2025-03-28T13:52:33.480+0000] {processor.py:208} INFO - Processing /opt/airflow/dags/env/Scripts/normalizer.exe took 0.047 seconds
[2025-03-28T13:57:04.292+0000] {processor.py:186} INFO - Started process (PID=2498) to work on /opt/airflow/dags/env/Scripts/normalizer.exe
[2025-03-28T13:57:04.293+0000] {processor.py:914} INFO - Processing file /opt/airflow/dags/env/Scripts/normalizer.exe for tasks to queue
[2025-03-28T13:57:04.295+0000] {logging_mixin.py:190} INFO - [2025-03-28T13:57:04.294+0000] {dagbag.py:588} INFO - Filling up the DagBag from /opt/airflow/dags/env/Scripts/normalizer.exe
[2025-03-28T13:57:04.310+0000] {logging_mixin.py:190} INFO - [2025-03-28T13:57:04.310+0000] {dagbag.py:435} INFO - File /opt/airflow/dags/env/Scripts/normalizer.exe:__main__.py assumed to contain no DAGs. Skipping.
[2025-03-28T13:57:04.311+0000] {processor.py:927} WARNING - No viable dags retrieved from /opt/airflow/dags/env/Scripts/normalizer.exe
[2025-03-28T13:57:04.335+0000] {processor.py:208} INFO - Processing /opt/airflow/dags/env/Scripts/normalizer.exe took 0.055 seconds
[2025-03-28T13:57:35.851+0000] {processor.py:186} INFO - Started process (PID=2522) to work on /opt/airflow/dags/env/Scripts/normalizer.exe
[2025-03-28T13:57:35.852+0000] {processor.py:914} INFO - Processing file /opt/airflow/dags/env/Scripts/normalizer.exe for tasks to queue
[2025-03-28T13:57:35.854+0000] {logging_mixin.py:190} INFO - [2025-03-28T13:57:35.853+0000] {dagbag.py:588} INFO - Filling up the DagBag from /opt/airflow/dags/env/Scripts/normalizer.exe
[2025-03-28T13:57:35.865+0000] {logging_mixin.py:190} INFO - [2025-03-28T13:57:35.865+0000] {dagbag.py:435} INFO - File /opt/airflow/dags/env/Scripts/normalizer.exe:__main__.py assumed to contain no DAGs. Skipping.
[2025-03-28T13:57:35.866+0000] {processor.py:927} WARNING - No viable dags retrieved from /opt/airflow/dags/env/Scripts/normalizer.exe
[2025-03-28T13:57:35.886+0000] {processor.py:208} INFO - Processing /opt/airflow/dags/env/Scripts/normalizer.exe took 0.047 seconds
[2025-03-28T14:02:01.636+0000] {processor.py:186} INFO - Started process (PID=2551) to work on /opt/airflow/dags/env/Scripts/normalizer.exe
[2025-03-28T14:02:01.637+0000] {processor.py:914} INFO - Processing file /opt/airflow/dags/env/Scripts/normalizer.exe for tasks to queue
[2025-03-28T14:02:01.639+0000] {logging_mixin.py:190} INFO - [2025-03-28T14:02:01.639+0000] {dagbag.py:588} INFO - Filling up the DagBag from /opt/airflow/dags/env/Scripts/normalizer.exe
[2025-03-28T14:02:01.650+0000] {logging_mixin.py:190} INFO - [2025-03-28T14:02:01.650+0000] {dagbag.py:435} INFO - File /opt/airflow/dags/env/Scripts/normalizer.exe:__main__.py assumed to contain no DAGs. Skipping.
[2025-03-28T14:02:01.651+0000] {processor.py:927} WARNING - No viable dags retrieved from /opt/airflow/dags/env/Scripts/normalizer.exe
[2025-03-28T14:02:01.673+0000] {processor.py:208} INFO - Processing /opt/airflow/dags/env/Scripts/normalizer.exe took 0.048 seconds
[2025-03-28T14:02:33.098+0000] {processor.py:186} INFO - Started process (PID=2575) to work on /opt/airflow/dags/env/Scripts/normalizer.exe
[2025-03-28T14:02:33.100+0000] {processor.py:914} INFO - Processing file /opt/airflow/dags/env/Scripts/normalizer.exe for tasks to queue
[2025-03-28T14:02:33.102+0000] {logging_mixin.py:190} INFO - [2025-03-28T14:02:33.101+0000] {dagbag.py:588} INFO - Filling up the DagBag from /opt/airflow/dags/env/Scripts/normalizer.exe
[2025-03-28T14:02:33.121+0000] {logging_mixin.py:190} INFO - [2025-03-28T14:02:33.120+0000] {dagbag.py:435} INFO - File /opt/airflow/dags/env/Scripts/normalizer.exe:__main__.py assumed to contain no DAGs. Skipping.
[2025-03-28T14:02:33.122+0000] {processor.py:927} WARNING - No viable dags retrieved from /opt/airflow/dags/env/Scripts/normalizer.exe
[2025-03-28T14:02:33.150+0000] {processor.py:208} INFO - Processing /opt/airflow/dags/env/Scripts/normalizer.exe took 0.066 seconds
[2025-03-28T14:07:05.346+0000] {processor.py:186} INFO - Started process (PID=2606) to work on /opt/airflow/dags/env/Scripts/normalizer.exe
[2025-03-28T14:07:05.347+0000] {processor.py:914} INFO - Processing file /opt/airflow/dags/env/Scripts/normalizer.exe for tasks to queue
[2025-03-28T14:07:05.349+0000] {logging_mixin.py:190} INFO - [2025-03-28T14:07:05.349+0000] {dagbag.py:588} INFO - Filling up the DagBag from /opt/airflow/dags/env/Scripts/normalizer.exe
[2025-03-28T14:07:05.362+0000] {logging_mixin.py:190} INFO - [2025-03-28T14:07:05.362+0000] {dagbag.py:435} INFO - File /opt/airflow/dags/env/Scripts/normalizer.exe:__main__.py assumed to contain no DAGs. Skipping.
[2025-03-28T14:07:05.363+0000] {processor.py:927} WARNING - No viable dags retrieved from /opt/airflow/dags/env/Scripts/normalizer.exe
[2025-03-28T14:07:05.384+0000] {processor.py:208} INFO - Processing /opt/airflow/dags/env/Scripts/normalizer.exe took 0.051 seconds
[2025-03-28T14:07:37.824+0000] {processor.py:186} INFO - Started process (PID=2630) to work on /opt/airflow/dags/env/Scripts/normalizer.exe
[2025-03-28T14:07:37.826+0000] {processor.py:914} INFO - Processing file /opt/airflow/dags/env/Scripts/normalizer.exe for tasks to queue
[2025-03-28T14:07:37.829+0000] {logging_mixin.py:190} INFO - [2025-03-28T14:07:37.828+0000] {dagbag.py:588} INFO - Filling up the DagBag from /opt/airflow/dags/env/Scripts/normalizer.exe
[2025-03-28T14:07:37.849+0000] {logging_mixin.py:190} INFO - [2025-03-28T14:07:37.849+0000] {dagbag.py:435} INFO - File /opt/airflow/dags/env/Scripts/normalizer.exe:__main__.py assumed to contain no DAGs. Skipping.
[2025-03-28T14:07:37.851+0000] {processor.py:927} WARNING - No viable dags retrieved from /opt/airflow/dags/env/Scripts/normalizer.exe
[2025-03-28T14:07:37.885+0000] {processor.py:208} INFO - Processing /opt/airflow/dags/env/Scripts/normalizer.exe took 0.084 seconds
[2025-03-28T14:12:06.029+0000] {processor.py:186} INFO - Started process (PID=2658) to work on /opt/airflow/dags/env/Scripts/normalizer.exe
[2025-03-28T14:12:06.031+0000] {processor.py:914} INFO - Processing file /opt/airflow/dags/env/Scripts/normalizer.exe for tasks to queue
[2025-03-28T14:12:06.033+0000] {logging_mixin.py:190} INFO - [2025-03-28T14:12:06.032+0000] {dagbag.py:588} INFO - Filling up the DagBag from /opt/airflow/dags/env/Scripts/normalizer.exe
[2025-03-28T14:12:06.046+0000] {logging_mixin.py:190} INFO - [2025-03-28T14:12:06.046+0000] {dagbag.py:435} INFO - File /opt/airflow/dags/env/Scripts/normalizer.exe:__main__.py assumed to contain no DAGs. Skipping.
[2025-03-28T14:12:06.047+0000] {processor.py:927} WARNING - No viable dags retrieved from /opt/airflow/dags/env/Scripts/normalizer.exe
[2025-03-28T14:12:06.067+0000] {processor.py:208} INFO - Processing /opt/airflow/dags/env/Scripts/normalizer.exe took 0.051 seconds
[2025-03-28T14:12:37.448+0000] {processor.py:186} INFO - Started process (PID=2682) to work on /opt/airflow/dags/env/Scripts/normalizer.exe
[2025-03-28T14:12:37.449+0000] {processor.py:914} INFO - Processing file /opt/airflow/dags/env/Scripts/normalizer.exe for tasks to queue
[2025-03-28T14:12:37.451+0000] {logging_mixin.py:190} INFO - [2025-03-28T14:12:37.450+0000] {dagbag.py:588} INFO - Filling up the DagBag from /opt/airflow/dags/env/Scripts/normalizer.exe
[2025-03-28T14:12:37.462+0000] {logging_mixin.py:190} INFO - [2025-03-28T14:12:37.462+0000] {dagbag.py:435} INFO - File /opt/airflow/dags/env/Scripts/normalizer.exe:__main__.py assumed to contain no DAGs. Skipping.
[2025-03-28T14:12:37.463+0000] {processor.py:927} WARNING - No viable dags retrieved from /opt/airflow/dags/env/Scripts/normalizer.exe
[2025-03-28T14:12:37.484+0000] {processor.py:208} INFO - Processing /opt/airflow/dags/env/Scripts/normalizer.exe took 0.048 seconds
[2025-03-28T14:17:11.154+0000] {processor.py:186} INFO - Started process (PID=2710) to work on /opt/airflow/dags/env/Scripts/normalizer.exe
[2025-03-28T14:17:11.155+0000] {processor.py:914} INFO - Processing file /opt/airflow/dags/env/Scripts/normalizer.exe for tasks to queue
[2025-03-28T14:17:11.157+0000] {logging_mixin.py:190} INFO - [2025-03-28T14:17:11.156+0000] {dagbag.py:588} INFO - Filling up the DagBag from /opt/airflow/dags/env/Scripts/normalizer.exe
[2025-03-28T14:17:11.170+0000] {logging_mixin.py:190} INFO - [2025-03-28T14:17:11.169+0000] {dagbag.py:435} INFO - File /opt/airflow/dags/env/Scripts/normalizer.exe:__main__.py assumed to contain no DAGs. Skipping.
[2025-03-28T14:17:11.170+0000] {processor.py:927} WARNING - No viable dags retrieved from /opt/airflow/dags/env/Scripts/normalizer.exe
[2025-03-28T14:17:11.192+0000] {processor.py:208} INFO - Processing /opt/airflow/dags/env/Scripts/normalizer.exe took 0.050 seconds
[2025-03-28T14:17:43.044+0000] {processor.py:186} INFO - Started process (PID=2734) to work on /opt/airflow/dags/env/Scripts/normalizer.exe
[2025-03-28T14:17:43.046+0000] {processor.py:914} INFO - Processing file /opt/airflow/dags/env/Scripts/normalizer.exe for tasks to queue
[2025-03-28T14:17:43.047+0000] {logging_mixin.py:190} INFO - [2025-03-28T14:17:43.047+0000] {dagbag.py:588} INFO - Filling up the DagBag from /opt/airflow/dags/env/Scripts/normalizer.exe
[2025-03-28T14:17:43.059+0000] {logging_mixin.py:190} INFO - [2025-03-28T14:17:43.058+0000] {dagbag.py:435} INFO - File /opt/airflow/dags/env/Scripts/normalizer.exe:__main__.py assumed to contain no DAGs. Skipping.
[2025-03-28T14:17:43.059+0000] {processor.py:927} WARNING - No viable dags retrieved from /opt/airflow/dags/env/Scripts/normalizer.exe
[2025-03-28T14:17:43.083+0000] {processor.py:208} INFO - Processing /opt/airflow/dags/env/Scripts/normalizer.exe took 0.049 seconds
[2025-03-28T14:22:05.878+0000] {processor.py:186} INFO - Started process (PID=2759) to work on /opt/airflow/dags/env/Scripts/normalizer.exe
[2025-03-28T14:22:05.880+0000] {processor.py:914} INFO - Processing file /opt/airflow/dags/env/Scripts/normalizer.exe for tasks to queue
[2025-03-28T14:22:05.882+0000] {logging_mixin.py:190} INFO - [2025-03-28T14:22:05.881+0000] {dagbag.py:588} INFO - Filling up the DagBag from /opt/airflow/dags/env/Scripts/normalizer.exe
[2025-03-28T14:22:05.896+0000] {logging_mixin.py:190} INFO - [2025-03-28T14:22:05.896+0000] {dagbag.py:435} INFO - File /opt/airflow/dags/env/Scripts/normalizer.exe:__main__.py assumed to contain no DAGs. Skipping.
[2025-03-28T14:22:05.897+0000] {processor.py:927} WARNING - No viable dags retrieved from /opt/airflow/dags/env/Scripts/normalizer.exe
[2025-03-28T14:22:05.922+0000] {processor.py:208} INFO - Processing /opt/airflow/dags/env/Scripts/normalizer.exe took 0.057 seconds
[2025-03-28T14:22:38.323+0000] {processor.py:186} INFO - Started process (PID=2783) to work on /opt/airflow/dags/env/Scripts/normalizer.exe
[2025-03-28T14:22:38.324+0000] {processor.py:914} INFO - Processing file /opt/airflow/dags/env/Scripts/normalizer.exe for tasks to queue
[2025-03-28T14:22:38.326+0000] {logging_mixin.py:190} INFO - [2025-03-28T14:22:38.326+0000] {dagbag.py:588} INFO - Filling up the DagBag from /opt/airflow/dags/env/Scripts/normalizer.exe
[2025-03-28T14:22:38.337+0000] {logging_mixin.py:190} INFO - [2025-03-28T14:22:38.337+0000] {dagbag.py:435} INFO - File /opt/airflow/dags/env/Scripts/normalizer.exe:__main__.py assumed to contain no DAGs. Skipping.
[2025-03-28T14:22:38.338+0000] {processor.py:927} WARNING - No viable dags retrieved from /opt/airflow/dags/env/Scripts/normalizer.exe
[2025-03-28T14:22:38.359+0000] {processor.py:208} INFO - Processing /opt/airflow/dags/env/Scripts/normalizer.exe took 0.047 seconds
[2025-03-28T14:27:05.153+0000] {processor.py:186} INFO - Started process (PID=2812) to work on /opt/airflow/dags/env/Scripts/normalizer.exe
[2025-03-28T14:27:05.155+0000] {processor.py:914} INFO - Processing file /opt/airflow/dags/env/Scripts/normalizer.exe for tasks to queue
[2025-03-28T14:27:05.158+0000] {logging_mixin.py:190} INFO - [2025-03-28T14:27:05.157+0000] {dagbag.py:588} INFO - Filling up the DagBag from /opt/airflow/dags/env/Scripts/normalizer.exe
[2025-03-28T14:27:05.173+0000] {logging_mixin.py:190} INFO - [2025-03-28T14:27:05.172+0000] {dagbag.py:435} INFO - File /opt/airflow/dags/env/Scripts/normalizer.exe:__main__.py assumed to contain no DAGs. Skipping.
[2025-03-28T14:27:05.174+0000] {processor.py:927} WARNING - No viable dags retrieved from /opt/airflow/dags/env/Scripts/normalizer.exe
[2025-03-28T14:27:05.204+0000] {processor.py:208} INFO - Processing /opt/airflow/dags/env/Scripts/normalizer.exe took 0.065 seconds
[2025-03-28T14:27:36.569+0000] {processor.py:186} INFO - Started process (PID=2836) to work on /opt/airflow/dags/env/Scripts/normalizer.exe
[2025-03-28T14:27:36.570+0000] {processor.py:914} INFO - Processing file /opt/airflow/dags/env/Scripts/normalizer.exe for tasks to queue
[2025-03-28T14:27:36.572+0000] {logging_mixin.py:190} INFO - [2025-03-28T14:27:36.571+0000] {dagbag.py:588} INFO - Filling up the DagBag from /opt/airflow/dags/env/Scripts/normalizer.exe
[2025-03-28T14:27:36.586+0000] {logging_mixin.py:190} INFO - [2025-03-28T14:27:36.586+0000] {dagbag.py:435} INFO - File /opt/airflow/dags/env/Scripts/normalizer.exe:__main__.py assumed to contain no DAGs. Skipping.
[2025-03-28T14:27:36.587+0000] {processor.py:927} WARNING - No viable dags retrieved from /opt/airflow/dags/env/Scripts/normalizer.exe
[2025-03-28T14:27:36.608+0000] {processor.py:208} INFO - Processing /opt/airflow/dags/env/Scripts/normalizer.exe took 0.051 seconds
[2025-03-28T14:32:03.211+0000] {processor.py:186} INFO - Started process (PID=2866) to work on /opt/airflow/dags/env/Scripts/normalizer.exe
[2025-03-28T14:32:03.212+0000] {processor.py:914} INFO - Processing file /opt/airflow/dags/env/Scripts/normalizer.exe for tasks to queue
[2025-03-28T14:32:03.214+0000] {logging_mixin.py:190} INFO - [2025-03-28T14:32:03.214+0000] {dagbag.py:588} INFO - Filling up the DagBag from /opt/airflow/dags/env/Scripts/normalizer.exe
[2025-03-28T14:32:03.227+0000] {logging_mixin.py:190} INFO - [2025-03-28T14:32:03.227+0000] {dagbag.py:435} INFO - File /opt/airflow/dags/env/Scripts/normalizer.exe:__main__.py assumed to contain no DAGs. Skipping.
[2025-03-28T14:32:03.228+0000] {processor.py:927} WARNING - No viable dags retrieved from /opt/airflow/dags/env/Scripts/normalizer.exe
[2025-03-28T14:32:03.250+0000] {processor.py:208} INFO - Processing /opt/airflow/dags/env/Scripts/normalizer.exe took 0.052 seconds
[2025-03-28T14:32:34.948+0000] {processor.py:186} INFO - Started process (PID=2890) to work on /opt/airflow/dags/env/Scripts/normalizer.exe
[2025-03-28T14:32:34.949+0000] {processor.py:914} INFO - Processing file /opt/airflow/dags/env/Scripts/normalizer.exe for tasks to queue
[2025-03-28T14:32:34.951+0000] {logging_mixin.py:190} INFO - [2025-03-28T14:32:34.951+0000] {dagbag.py:588} INFO - Filling up the DagBag from /opt/airflow/dags/env/Scripts/normalizer.exe
[2025-03-28T14:32:34.964+0000] {logging_mixin.py:190} INFO - [2025-03-28T14:32:34.964+0000] {dagbag.py:435} INFO - File /opt/airflow/dags/env/Scripts/normalizer.exe:__main__.py assumed to contain no DAGs. Skipping.
[2025-03-28T14:32:34.965+0000] {processor.py:927} WARNING - No viable dags retrieved from /opt/airflow/dags/env/Scripts/normalizer.exe
[2025-03-28T14:32:34.989+0000] {processor.py:208} INFO - Processing /opt/airflow/dags/env/Scripts/normalizer.exe took 0.052 seconds
[2025-03-28T14:37:17.342+0000] {processor.py:186} INFO - Started process (PID=2922) to work on /opt/airflow/dags/env/Scripts/normalizer.exe
[2025-03-28T14:37:17.343+0000] {processor.py:914} INFO - Processing file /opt/airflow/dags/env/Scripts/normalizer.exe for tasks to queue
[2025-03-28T14:37:17.345+0000] {logging_mixin.py:190} INFO - [2025-03-28T14:37:17.344+0000] {dagbag.py:588} INFO - Filling up the DagBag from /opt/airflow/dags/env/Scripts/normalizer.exe
[2025-03-28T14:37:17.358+0000] {logging_mixin.py:190} INFO - [2025-03-28T14:37:17.358+0000] {dagbag.py:435} INFO - File /opt/airflow/dags/env/Scripts/normalizer.exe:__main__.py assumed to contain no DAGs. Skipping.
[2025-03-28T14:37:17.359+0000] {processor.py:927} WARNING - No viable dags retrieved from /opt/airflow/dags/env/Scripts/normalizer.exe
[2025-03-28T14:37:17.379+0000] {processor.py:208} INFO - Processing /opt/airflow/dags/env/Scripts/normalizer.exe took 0.049 seconds
[2025-03-28T14:37:48.837+0000] {processor.py:186} INFO - Started process (PID=2946) to work on /opt/airflow/dags/env/Scripts/normalizer.exe
[2025-03-28T14:37:48.839+0000] {processor.py:914} INFO - Processing file /opt/airflow/dags/env/Scripts/normalizer.exe for tasks to queue
[2025-03-28T14:37:48.841+0000] {logging_mixin.py:190} INFO - [2025-03-28T14:37:48.840+0000] {dagbag.py:588} INFO - Filling up the DagBag from /opt/airflow/dags/env/Scripts/normalizer.exe
[2025-03-28T14:37:48.861+0000] {logging_mixin.py:190} INFO - [2025-03-28T14:37:48.860+0000] {dagbag.py:435} INFO - File /opt/airflow/dags/env/Scripts/normalizer.exe:__main__.py assumed to contain no DAGs. Skipping.
[2025-03-28T14:37:48.863+0000] {processor.py:927} WARNING - No viable dags retrieved from /opt/airflow/dags/env/Scripts/normalizer.exe
[2025-03-28T14:37:48.919+0000] {processor.py:208} INFO - Processing /opt/airflow/dags/env/Scripts/normalizer.exe took 0.097 seconds
[2025-03-28T15:04:54.039+0000] {processor.py:186} INFO - Started process (PID=109) to work on /opt/airflow/dags/env/Scripts/normalizer.exe
[2025-03-28T15:04:54.042+0000] {processor.py:914} INFO - Processing file /opt/airflow/dags/env/Scripts/normalizer.exe for tasks to queue
[2025-03-28T15:04:54.048+0000] {logging_mixin.py:190} INFO - [2025-03-28T15:04:54.047+0000] {dagbag.py:588} INFO - Filling up the DagBag from /opt/airflow/dags/env/Scripts/normalizer.exe
[2025-03-28T15:04:54.065+0000] {logging_mixin.py:190} INFO - [2025-03-28T15:04:54.064+0000] {dagbag.py:435} INFO - File /opt/airflow/dags/env/Scripts/normalizer.exe:__main__.py assumed to contain no DAGs. Skipping.
[2025-03-28T15:04:54.067+0000] {processor.py:927} WARNING - No viable dags retrieved from /opt/airflow/dags/env/Scripts/normalizer.exe
[2025-03-28T15:04:54.117+0000] {processor.py:208} INFO - Processing /opt/airflow/dags/env/Scripts/normalizer.exe took 0.089 seconds
[2025-03-28T15:05:27.155+0000] {processor.py:186} INFO - Started process (PID=133) to work on /opt/airflow/dags/env/Scripts/normalizer.exe
[2025-03-28T15:05:27.157+0000] {processor.py:914} INFO - Processing file /opt/airflow/dags/env/Scripts/normalizer.exe for tasks to queue
[2025-03-28T15:05:27.162+0000] {logging_mixin.py:190} INFO - [2025-03-28T15:05:27.161+0000] {dagbag.py:588} INFO - Filling up the DagBag from /opt/airflow/dags/env/Scripts/normalizer.exe
[2025-03-28T15:05:27.179+0000] {logging_mixin.py:190} INFO - [2025-03-28T15:05:27.178+0000] {dagbag.py:435} INFO - File /opt/airflow/dags/env/Scripts/normalizer.exe:__main__.py assumed to contain no DAGs. Skipping.
[2025-03-28T15:05:27.180+0000] {processor.py:927} WARNING - No viable dags retrieved from /opt/airflow/dags/env/Scripts/normalizer.exe
[2025-03-28T15:05:27.213+0000] {processor.py:208} INFO - Processing /opt/airflow/dags/env/Scripts/normalizer.exe took 0.070 seconds
[2025-03-28T15:16:27.077+0000] {processor.py:186} INFO - Started process (PID=168) to work on /opt/airflow/dags/env/Scripts/normalizer.exe
[2025-03-28T15:16:27.078+0000] {processor.py:914} INFO - Processing file /opt/airflow/dags/env/Scripts/normalizer.exe for tasks to queue
[2025-03-28T15:16:27.081+0000] {logging_mixin.py:190} INFO - [2025-03-28T15:16:27.081+0000] {dagbag.py:588} INFO - Filling up the DagBag from /opt/airflow/dags/env/Scripts/normalizer.exe
[2025-03-28T15:16:27.096+0000] {logging_mixin.py:190} INFO - [2025-03-28T15:16:27.096+0000] {dagbag.py:435} INFO - File /opt/airflow/dags/env/Scripts/normalizer.exe:__main__.py assumed to contain no DAGs. Skipping.
[2025-03-28T15:16:27.097+0000] {processor.py:927} WARNING - No viable dags retrieved from /opt/airflow/dags/env/Scripts/normalizer.exe
[2025-03-28T15:16:27.120+0000] {processor.py:208} INFO - Processing /opt/airflow/dags/env/Scripts/normalizer.exe took 0.050 seconds
[2025-03-28T15:33:35.440+0000] {processor.py:186} INFO - Started process (PID=212) to work on /opt/airflow/dags/env/Scripts/normalizer.exe
[2025-03-28T15:33:35.443+0000] {processor.py:914} INFO - Processing file /opt/airflow/dags/env/Scripts/normalizer.exe for tasks to queue
[2025-03-28T15:33:35.448+0000] {logging_mixin.py:190} INFO - [2025-03-28T15:33:35.447+0000] {dagbag.py:588} INFO - Filling up the DagBag from /opt/airflow/dags/env/Scripts/normalizer.exe
[2025-03-28T15:33:35.466+0000] {logging_mixin.py:190} INFO - [2025-03-28T15:33:35.465+0000] {dagbag.py:435} INFO - File /opt/airflow/dags/env/Scripts/normalizer.exe:__main__.py assumed to contain no DAGs. Skipping.
[2025-03-28T15:33:35.467+0000] {processor.py:927} WARNING - No viable dags retrieved from /opt/airflow/dags/env/Scripts/normalizer.exe
[2025-03-28T15:33:35.508+0000] {processor.py:208} INFO - Processing /opt/airflow/dags/env/Scripts/normalizer.exe took 0.082 seconds
[2025-03-28T17:47:04.002+0000] {processor.py:186} INFO - Started process (PID=305) to work on /opt/airflow/dags/env/Scripts/normalizer.exe
[2025-03-28T17:47:04.004+0000] {processor.py:914} INFO - Processing file /opt/airflow/dags/env/Scripts/normalizer.exe for tasks to queue
[2025-03-28T17:47:04.011+0000] {logging_mixin.py:190} INFO - [2025-03-28T17:47:04.009+0000] {dagbag.py:588} INFO - Filling up the DagBag from /opt/airflow/dags/env/Scripts/normalizer.exe
[2025-03-28T17:47:04.039+0000] {logging_mixin.py:190} INFO - [2025-03-28T17:47:04.039+0000] {dagbag.py:435} INFO - File /opt/airflow/dags/env/Scripts/normalizer.exe:__main__.py assumed to contain no DAGs. Skipping.
[2025-03-28T17:47:04.042+0000] {processor.py:927} WARNING - No viable dags retrieved from /opt/airflow/dags/env/Scripts/normalizer.exe
[2025-03-28T17:47:04.082+0000] {processor.py:208} INFO - Processing /opt/airflow/dags/env/Scripts/normalizer.exe took 0.095 seconds
[2025-03-28T20:57:46.680+0000] {processor.py:186} INFO - Started process (PID=331) to work on /opt/airflow/dags/env/Scripts/normalizer.exe
[2025-03-28T20:57:46.693+0000] {processor.py:914} INFO - Processing file /opt/airflow/dags/env/Scripts/normalizer.exe for tasks to queue
[2025-03-28T20:57:46.700+0000] {logging_mixin.py:190} INFO - [2025-03-28T20:57:46.698+0000] {dagbag.py:588} INFO - Filling up the DagBag from /opt/airflow/dags/env/Scripts/normalizer.exe
[2025-03-28T20:57:46.732+0000] {logging_mixin.py:190} INFO - [2025-03-28T20:57:46.731+0000] {dagbag.py:435} INFO - File /opt/airflow/dags/env/Scripts/normalizer.exe:__main__.py assumed to contain no DAGs. Skipping.
[2025-03-28T20:57:46.734+0000] {processor.py:927} WARNING - No viable dags retrieved from /opt/airflow/dags/env/Scripts/normalizer.exe
[2025-03-28T20:57:46.808+0000] {processor.py:208} INFO - Processing /opt/airflow/dags/env/Scripts/normalizer.exe took 0.151 seconds
