[2025-03-28T03:41:19.500+0000] {processor.py:186} INFO - Started process (PID=233) to work on /opt/airflow/dags/env/Scripts/numpy-config.exe
[2025-03-28T03:41:19.504+0000] {processor.py:914} INFO - Processing file /opt/airflow/dags/env/Scripts/numpy-config.exe for tasks to queue
[2025-03-28T03:41:19.515+0000] {logging_mixin.py:190} INFO - [2025-03-28T03:41:19.513+0000] {dagbag.py:588} INFO - Filling up the DagBag from /opt/airflow/dags/env/Scripts/numpy-config.exe
[2025-03-28T03:41:19.536+0000] {logging_mixin.py:190} INFO - [2025-03-28T03:41:19.536+0000] {dagbag.py:435} INFO - File /opt/airflow/dags/env/Scripts/numpy-config.exe:__main__.py assumed to contain no DAGs. Skipping.
[2025-03-28T03:41:19.539+0000] {processor.py:927} WARNING - No viable dags retrieved from /opt/airflow/dags/env/Scripts/numpy-config.exe
[2025-03-28T03:41:19.582+0000] {processor.py:208} INFO - Processing /opt/airflow/dags/env/Scripts/numpy-config.exe took 0.112 seconds
[2025-03-28T04:19:02.092+0000] {processor.py:186} INFO - Started process (PID=269) to work on /opt/airflow/dags/env/Scripts/numpy-config.exe
[2025-03-28T04:19:02.094+0000] {processor.py:914} INFO - Processing file /opt/airflow/dags/env/Scripts/numpy-config.exe for tasks to queue
[2025-03-28T04:19:02.097+0000] {logging_mixin.py:190} INFO - [2025-03-28T04:19:02.097+0000] {dagbag.py:588} INFO - Filling up the DagBag from /opt/airflow/dags/env/Scripts/numpy-config.exe
[2025-03-28T04:19:02.113+0000] {logging_mixin.py:190} INFO - [2025-03-28T04:19:02.113+0000] {dagbag.py:435} INFO - File /opt/airflow/dags/env/Scripts/numpy-config.exe:__main__.py assumed to contain no DAGs. Skipping.
[2025-03-28T04:19:02.115+0000] {processor.py:927} WARNING - No viable dags retrieved from /opt/airflow/dags/env/Scripts/numpy-config.exe
[2025-03-28T04:19:02.137+0000] {processor.py:208} INFO - Processing /opt/airflow/dags/env/Scripts/numpy-config.exe took 0.059 seconds
[2025-03-28T04:41:17.537+0000] {processor.py:186} INFO - Started process (PID=306) to work on /opt/airflow/dags/env/Scripts/numpy-config.exe
[2025-03-28T04:41:17.538+0000] {processor.py:914} INFO - Processing file /opt/airflow/dags/env/Scripts/numpy-config.exe for tasks to queue
[2025-03-28T04:41:17.543+0000] {logging_mixin.py:190} INFO - [2025-03-28T04:41:17.543+0000] {dagbag.py:588} INFO - Filling up the DagBag from /opt/airflow/dags/env/Scripts/numpy-config.exe
[2025-03-28T04:41:17.578+0000] {logging_mixin.py:190} INFO - [2025-03-28T04:41:17.577+0000] {dagbag.py:435} INFO - File /opt/airflow/dags/env/Scripts/numpy-config.exe:__main__.py assumed to contain no DAGs. Skipping.
[2025-03-28T04:41:17.581+0000] {processor.py:927} WARNING - No viable dags retrieved from /opt/airflow/dags/env/Scripts/numpy-config.exe
[2025-03-28T04:41:17.618+0000] {processor.py:208} INFO - Processing /opt/airflow/dags/env/Scripts/numpy-config.exe took 0.102 seconds
[2025-03-28T05:05:52.456+0000] {processor.py:186} INFO - Started process (PID=340) to work on /opt/airflow/dags/env/Scripts/numpy-config.exe
[2025-03-28T05:05:52.458+0000] {processor.py:914} INFO - Processing file /opt/airflow/dags/env/Scripts/numpy-config.exe for tasks to queue
[2025-03-28T05:05:52.461+0000] {logging_mixin.py:190} INFO - [2025-03-28T05:05:52.460+0000] {dagbag.py:588} INFO - Filling up the DagBag from /opt/airflow/dags/env/Scripts/numpy-config.exe
[2025-03-28T05:05:52.476+0000] {logging_mixin.py:190} INFO - [2025-03-28T05:05:52.476+0000] {dagbag.py:435} INFO - File /opt/airflow/dags/env/Scripts/numpy-config.exe:__main__.py assumed to contain no DAGs. Skipping.
[2025-03-28T05:05:52.477+0000] {processor.py:927} WARNING - No viable dags retrieved from /opt/airflow/dags/env/Scripts/numpy-config.exe
[2025-03-28T05:05:52.500+0000] {processor.py:208} INFO - Processing /opt/airflow/dags/env/Scripts/numpy-config.exe took 0.058 seconds
[2025-03-28T05:17:40.911+0000] {processor.py:186} INFO - Started process (PID=382) to work on /opt/airflow/dags/env/Scripts/numpy-config.exe
[2025-03-28T05:17:40.913+0000] {processor.py:914} INFO - Processing file /opt/airflow/dags/env/Scripts/numpy-config.exe for tasks to queue
[2025-03-28T05:17:40.916+0000] {logging_mixin.py:190} INFO - [2025-03-28T05:17:40.916+0000] {dagbag.py:588} INFO - Filling up the DagBag from /opt/airflow/dags/env/Scripts/numpy-config.exe
[2025-03-28T05:17:40.934+0000] {logging_mixin.py:190} INFO - [2025-03-28T05:17:40.934+0000] {dagbag.py:435} INFO - File /opt/airflow/dags/env/Scripts/numpy-config.exe:__main__.py assumed to contain no DAGs. Skipping.
[2025-03-28T05:17:40.936+0000] {processor.py:927} WARNING - No viable dags retrieved from /opt/airflow/dags/env/Scripts/numpy-config.exe
[2025-03-28T05:17:40.965+0000] {processor.py:208} INFO - Processing /opt/airflow/dags/env/Scripts/numpy-config.exe took 0.066 seconds
[2025-03-28T05:18:12.279+0000] {processor.py:186} INFO - Started process (PID=406) to work on /opt/airflow/dags/env/Scripts/numpy-config.exe
[2025-03-28T05:18:12.280+0000] {processor.py:914} INFO - Processing file /opt/airflow/dags/env/Scripts/numpy-config.exe for tasks to queue
[2025-03-28T05:18:12.285+0000] {logging_mixin.py:190} INFO - [2025-03-28T05:18:12.284+0000] {dagbag.py:588} INFO - Filling up the DagBag from /opt/airflow/dags/env/Scripts/numpy-config.exe
[2025-03-28T05:18:12.303+0000] {logging_mixin.py:190} INFO - [2025-03-28T05:18:12.303+0000] {dagbag.py:435} INFO - File /opt/airflow/dags/env/Scripts/numpy-config.exe:__main__.py assumed to contain no DAGs. Skipping.
[2025-03-28T05:18:12.305+0000] {processor.py:927} WARNING - No viable dags retrieved from /opt/airflow/dags/env/Scripts/numpy-config.exe
[2025-03-28T05:18:12.339+0000] {processor.py:208} INFO - Processing /opt/airflow/dags/env/Scripts/numpy-config.exe took 0.088 seconds
[2025-03-28T05:23:33.333+0000] {processor.py:186} INFO - Started process (PID=436) to work on /opt/airflow/dags/env/Scripts/numpy-config.exe
[2025-03-28T05:23:33.335+0000] {processor.py:914} INFO - Processing file /opt/airflow/dags/env/Scripts/numpy-config.exe for tasks to queue
[2025-03-28T05:23:33.338+0000] {logging_mixin.py:190} INFO - [2025-03-28T05:23:33.338+0000] {dagbag.py:588} INFO - Filling up the DagBag from /opt/airflow/dags/env/Scripts/numpy-config.exe
[2025-03-28T05:23:33.349+0000] {logging_mixin.py:190} INFO - [2025-03-28T05:23:33.349+0000] {dagbag.py:435} INFO - File /opt/airflow/dags/env/Scripts/numpy-config.exe:__main__.py assumed to contain no DAGs. Skipping.
[2025-03-28T05:23:33.350+0000] {processor.py:927} WARNING - No viable dags retrieved from /opt/airflow/dags/env/Scripts/numpy-config.exe
[2025-03-28T05:23:33.374+0000] {processor.py:208} INFO - Processing /opt/airflow/dags/env/Scripts/numpy-config.exe took 0.052 seconds
[2025-03-28T05:35:07.766+0000] {processor.py:186} INFO - Started process (PID=464) to work on /opt/airflow/dags/env/Scripts/numpy-config.exe
[2025-03-28T05:35:07.768+0000] {processor.py:914} INFO - Processing file /opt/airflow/dags/env/Scripts/numpy-config.exe for tasks to queue
[2025-03-28T05:35:07.785+0000] {logging_mixin.py:190} INFO - [2025-03-28T05:35:07.784+0000] {dagbag.py:588} INFO - Filling up the DagBag from /opt/airflow/dags/env/Scripts/numpy-config.exe
[2025-03-28T05:35:07.817+0000] {logging_mixin.py:190} INFO - [2025-03-28T05:35:07.817+0000] {dagbag.py:435} INFO - File /opt/airflow/dags/env/Scripts/numpy-config.exe:__main__.py assumed to contain no DAGs. Skipping.
[2025-03-28T05:35:07.819+0000] {processor.py:927} WARNING - No viable dags retrieved from /opt/airflow/dags/env/Scripts/numpy-config.exe
[2025-03-28T05:35:07.874+0000] {processor.py:208} INFO - Processing /opt/airflow/dags/env/Scripts/numpy-config.exe took 0.148 seconds
[2025-03-28T05:45:02.893+0000] {processor.py:186} INFO - Started process (PID=503) to work on /opt/airflow/dags/env/Scripts/numpy-config.exe
[2025-03-28T05:45:02.894+0000] {processor.py:914} INFO - Processing file /opt/airflow/dags/env/Scripts/numpy-config.exe for tasks to queue
[2025-03-28T05:45:02.897+0000] {logging_mixin.py:190} INFO - [2025-03-28T05:45:02.897+0000] {dagbag.py:588} INFO - Filling up the DagBag from /opt/airflow/dags/env/Scripts/numpy-config.exe
[2025-03-28T05:45:02.912+0000] {logging_mixin.py:190} INFO - [2025-03-28T05:45:02.911+0000] {dagbag.py:435} INFO - File /opt/airflow/dags/env/Scripts/numpy-config.exe:__main__.py assumed to contain no DAGs. Skipping.
[2025-03-28T05:45:02.913+0000] {processor.py:927} WARNING - No viable dags retrieved from /opt/airflow/dags/env/Scripts/numpy-config.exe
[2025-03-28T05:45:02.939+0000] {processor.py:208} INFO - Processing /opt/airflow/dags/env/Scripts/numpy-config.exe took 0.059 seconds
[2025-03-28T06:00:48.208+0000] {processor.py:186} INFO - Started process (PID=657) to work on /opt/airflow/dags/env/Scripts/numpy-config.exe
[2025-03-28T06:00:48.210+0000] {processor.py:914} INFO - Processing file /opt/airflow/dags/env/Scripts/numpy-config.exe for tasks to queue
[2025-03-28T06:00:48.214+0000] {logging_mixin.py:190} INFO - [2025-03-28T06:00:48.213+0000] {dagbag.py:588} INFO - Filling up the DagBag from /opt/airflow/dags/env/Scripts/numpy-config.exe
[2025-03-28T06:00:48.229+0000] {logging_mixin.py:190} INFO - [2025-03-28T06:00:48.228+0000] {dagbag.py:435} INFO - File /opt/airflow/dags/env/Scripts/numpy-config.exe:__main__.py assumed to contain no DAGs. Skipping.
[2025-03-28T06:00:48.230+0000] {processor.py:927} WARNING - No viable dags retrieved from /opt/airflow/dags/env/Scripts/numpy-config.exe
[2025-03-28T06:00:48.257+0000] {processor.py:208} INFO - Processing /opt/airflow/dags/env/Scripts/numpy-config.exe took 0.062 seconds
[2025-03-28T06:10:48.423+0000] {processor.py:186} INFO - Started process (PID=681) to work on /opt/airflow/dags/env/Scripts/numpy-config.exe
[2025-03-28T06:10:48.425+0000] {processor.py:914} INFO - Processing file /opt/airflow/dags/env/Scripts/numpy-config.exe for tasks to queue
[2025-03-28T06:10:48.428+0000] {logging_mixin.py:190} INFO - [2025-03-28T06:10:48.427+0000] {dagbag.py:588} INFO - Filling up the DagBag from /opt/airflow/dags/env/Scripts/numpy-config.exe
[2025-03-28T06:10:48.453+0000] {logging_mixin.py:190} INFO - [2025-03-28T06:10:48.452+0000] {dagbag.py:435} INFO - File /opt/airflow/dags/env/Scripts/numpy-config.exe:__main__.py assumed to contain no DAGs. Skipping.
[2025-03-28T06:10:48.455+0000] {processor.py:927} WARNING - No viable dags retrieved from /opt/airflow/dags/env/Scripts/numpy-config.exe
[2025-03-28T06:10:48.511+0000] {processor.py:208} INFO - Processing /opt/airflow/dags/env/Scripts/numpy-config.exe took 0.122 seconds
[2025-03-28T06:26:38.710+0000] {processor.py:186} INFO - Started process (PID=847) to work on /opt/airflow/dags/env/Scripts/numpy-config.exe
[2025-03-28T06:26:38.712+0000] {processor.py:914} INFO - Processing file /opt/airflow/dags/env/Scripts/numpy-config.exe for tasks to queue
[2025-03-28T06:26:38.714+0000] {logging_mixin.py:190} INFO - [2025-03-28T06:26:38.714+0000] {dagbag.py:588} INFO - Filling up the DagBag from /opt/airflow/dags/env/Scripts/numpy-config.exe
[2025-03-28T06:26:38.728+0000] {logging_mixin.py:190} INFO - [2025-03-28T06:26:38.728+0000] {dagbag.py:435} INFO - File /opt/airflow/dags/env/Scripts/numpy-config.exe:__main__.py assumed to contain no DAGs. Skipping.
[2025-03-28T06:26:38.729+0000] {processor.py:927} WARNING - No viable dags retrieved from /opt/airflow/dags/env/Scripts/numpy-config.exe
[2025-03-28T06:26:38.757+0000] {processor.py:208} INFO - Processing /opt/airflow/dags/env/Scripts/numpy-config.exe took 0.065 seconds
[2025-03-28T06:52:23.728+0000] {processor.py:186} INFO - Started process (PID=973) to work on /opt/airflow/dags/env/Scripts/numpy-config.exe
[2025-03-28T06:52:23.730+0000] {processor.py:914} INFO - Processing file /opt/airflow/dags/env/Scripts/numpy-config.exe for tasks to queue
[2025-03-28T06:52:23.731+0000] {logging_mixin.py:190} INFO - [2025-03-28T06:52:23.731+0000] {dagbag.py:588} INFO - Filling up the DagBag from /opt/airflow/dags/env/Scripts/numpy-config.exe
[2025-03-28T06:52:23.744+0000] {logging_mixin.py:190} INFO - [2025-03-28T06:52:23.744+0000] {dagbag.py:435} INFO - File /opt/airflow/dags/env/Scripts/numpy-config.exe:__main__.py assumed to contain no DAGs. Skipping.
[2025-03-28T06:52:23.745+0000] {processor.py:927} WARNING - No viable dags retrieved from /opt/airflow/dags/env/Scripts/numpy-config.exe
[2025-03-28T06:52:23.767+0000] {processor.py:208} INFO - Processing /opt/airflow/dags/env/Scripts/numpy-config.exe took 0.051 seconds
[2025-03-28T08:24:25.798+0000] {processor.py:186} INFO - Started process (PID=1223) to work on /opt/airflow/dags/env/Scripts/numpy-config.exe
[2025-03-28T08:24:25.813+0000] {processor.py:914} INFO - Processing file /opt/airflow/dags/env/Scripts/numpy-config.exe for tasks to queue
[2025-03-28T08:24:25.817+0000] {logging_mixin.py:190} INFO - [2025-03-28T08:24:25.816+0000] {dagbag.py:588} INFO - Filling up the DagBag from /opt/airflow/dags/env/Scripts/numpy-config.exe
[2025-03-28T08:24:25.861+0000] {logging_mixin.py:190} INFO - [2025-03-28T08:24:25.861+0000] {dagbag.py:435} INFO - File /opt/airflow/dags/env/Scripts/numpy-config.exe:__main__.py assumed to contain no DAGs. Skipping.
[2025-03-28T08:24:25.864+0000] {processor.py:927} WARNING - No viable dags retrieved from /opt/airflow/dags/env/Scripts/numpy-config.exe
[2025-03-28T08:24:25.997+0000] {processor.py:208} INFO - Processing /opt/airflow/dags/env/Scripts/numpy-config.exe took 0.255 seconds
[2025-03-28T08:47:48.428+0000] {processor.py:186} INFO - Started process (PID=1265) to work on /opt/airflow/dags/env/Scripts/numpy-config.exe
[2025-03-28T08:47:48.430+0000] {processor.py:914} INFO - Processing file /opt/airflow/dags/env/Scripts/numpy-config.exe for tasks to queue
[2025-03-28T08:47:48.433+0000] {logging_mixin.py:190} INFO - [2025-03-28T08:47:48.432+0000] {dagbag.py:588} INFO - Filling up the DagBag from /opt/airflow/dags/env/Scripts/numpy-config.exe
[2025-03-28T08:47:48.457+0000] {logging_mixin.py:190} INFO - [2025-03-28T08:47:48.456+0000] {dagbag.py:435} INFO - File /opt/airflow/dags/env/Scripts/numpy-config.exe:__main__.py assumed to contain no DAGs. Skipping.
[2025-03-28T08:47:48.459+0000] {processor.py:927} WARNING - No viable dags retrieved from /opt/airflow/dags/env/Scripts/numpy-config.exe
[2025-03-28T08:47:48.497+0000] {processor.py:208} INFO - Processing /opt/airflow/dags/env/Scripts/numpy-config.exe took 0.085 seconds
[2025-03-28T09:30:55.830+0000] {processor.py:186} INFO - Started process (PID=1442) to work on /opt/airflow/dags/env/Scripts/numpy-config.exe
[2025-03-28T09:30:55.832+0000] {processor.py:914} INFO - Processing file /opt/airflow/dags/env/Scripts/numpy-config.exe for tasks to queue
[2025-03-28T09:30:55.835+0000] {logging_mixin.py:190} INFO - [2025-03-28T09:30:55.834+0000] {dagbag.py:588} INFO - Filling up the DagBag from /opt/airflow/dags/env/Scripts/numpy-config.exe
[2025-03-28T09:30:55.854+0000] {logging_mixin.py:190} INFO - [2025-03-28T09:30:55.853+0000] {dagbag.py:435} INFO - File /opt/airflow/dags/env/Scripts/numpy-config.exe:__main__.py assumed to contain no DAGs. Skipping.
[2025-03-28T09:30:55.856+0000] {processor.py:927} WARNING - No viable dags retrieved from /opt/airflow/dags/env/Scripts/numpy-config.exe
[2025-03-28T09:30:55.896+0000] {processor.py:208} INFO - Processing /opt/airflow/dags/env/Scripts/numpy-config.exe took 0.100 seconds
[2025-03-28T09:31:27.061+0000] {processor.py:186} INFO - Started process (PID=1466) to work on /opt/airflow/dags/env/Scripts/numpy-config.exe
[2025-03-28T09:31:27.063+0000] {processor.py:914} INFO - Processing file /opt/airflow/dags/env/Scripts/numpy-config.exe for tasks to queue
[2025-03-28T09:31:27.066+0000] {logging_mixin.py:190} INFO - [2025-03-28T09:31:27.065+0000] {dagbag.py:588} INFO - Filling up the DagBag from /opt/airflow/dags/env/Scripts/numpy-config.exe
[2025-03-28T09:31:27.080+0000] {logging_mixin.py:190} INFO - [2025-03-28T09:31:27.080+0000] {dagbag.py:435} INFO - File /opt/airflow/dags/env/Scripts/numpy-config.exe:__main__.py assumed to contain no DAGs. Skipping.
[2025-03-28T09:31:27.082+0000] {processor.py:927} WARNING - No viable dags retrieved from /opt/airflow/dags/env/Scripts/numpy-config.exe
[2025-03-28T09:31:27.115+0000] {processor.py:208} INFO - Processing /opt/airflow/dags/env/Scripts/numpy-config.exe took 0.068 seconds
[2025-03-28T09:42:00.504+0000] {processor.py:186} INFO - Started process (PID=1492) to work on /opt/airflow/dags/env/Scripts/numpy-config.exe
[2025-03-28T09:42:00.505+0000] {processor.py:914} INFO - Processing file /opt/airflow/dags/env/Scripts/numpy-config.exe for tasks to queue
[2025-03-28T09:42:00.507+0000] {logging_mixin.py:190} INFO - [2025-03-28T09:42:00.507+0000] {dagbag.py:588} INFO - Filling up the DagBag from /opt/airflow/dags/env/Scripts/numpy-config.exe
[2025-03-28T09:42:00.520+0000] {logging_mixin.py:190} INFO - [2025-03-28T09:42:00.520+0000] {dagbag.py:435} INFO - File /opt/airflow/dags/env/Scripts/numpy-config.exe:__main__.py assumed to contain no DAGs. Skipping.
[2025-03-28T09:42:00.521+0000] {processor.py:927} WARNING - No viable dags retrieved from /opt/airflow/dags/env/Scripts/numpy-config.exe
[2025-03-28T09:42:00.543+0000] {processor.py:208} INFO - Processing /opt/airflow/dags/env/Scripts/numpy-config.exe took 0.054 seconds
[2025-03-28T09:47:15.305+0000] {processor.py:186} INFO - Started process (PID=1526) to work on /opt/airflow/dags/env/Scripts/numpy-config.exe
[2025-03-28T09:47:15.306+0000] {processor.py:914} INFO - Processing file /opt/airflow/dags/env/Scripts/numpy-config.exe for tasks to queue
[2025-03-28T09:47:15.308+0000] {logging_mixin.py:190} INFO - [2025-03-28T09:47:15.308+0000] {dagbag.py:588} INFO - Filling up the DagBag from /opt/airflow/dags/env/Scripts/numpy-config.exe
[2025-03-28T09:47:15.322+0000] {logging_mixin.py:190} INFO - [2025-03-28T09:47:15.321+0000] {dagbag.py:435} INFO - File /opt/airflow/dags/env/Scripts/numpy-config.exe:__main__.py assumed to contain no DAGs. Skipping.
[2025-03-28T09:47:15.323+0000] {processor.py:927} WARNING - No viable dags retrieved from /opt/airflow/dags/env/Scripts/numpy-config.exe
[2025-03-28T09:47:15.353+0000] {processor.py:208} INFO - Processing /opt/airflow/dags/env/Scripts/numpy-config.exe took 0.060 seconds
[2025-03-28T09:52:23.860+0000] {processor.py:186} INFO - Started process (PID=1556) to work on /opt/airflow/dags/env/Scripts/numpy-config.exe
[2025-03-28T09:52:23.862+0000] {processor.py:914} INFO - Processing file /opt/airflow/dags/env/Scripts/numpy-config.exe for tasks to queue
[2025-03-28T09:52:23.866+0000] {logging_mixin.py:190} INFO - [2025-03-28T09:52:23.865+0000] {dagbag.py:588} INFO - Filling up the DagBag from /opt/airflow/dags/env/Scripts/numpy-config.exe
[2025-03-28T09:52:23.890+0000] {logging_mixin.py:190} INFO - [2025-03-28T09:52:23.889+0000] {dagbag.py:435} INFO - File /opt/airflow/dags/env/Scripts/numpy-config.exe:__main__.py assumed to contain no DAGs. Skipping.
[2025-03-28T09:52:23.892+0000] {processor.py:927} WARNING - No viable dags retrieved from /opt/airflow/dags/env/Scripts/numpy-config.exe
[2025-03-28T09:52:23.935+0000] {processor.py:208} INFO - Processing /opt/airflow/dags/env/Scripts/numpy-config.exe took 0.110 seconds
[2025-03-28T10:09:07.746+0000] {processor.py:186} INFO - Started process (PID=1581) to work on /opt/airflow/dags/env/Scripts/numpy-config.exe
[2025-03-28T10:09:07.747+0000] {processor.py:914} INFO - Processing file /opt/airflow/dags/env/Scripts/numpy-config.exe for tasks to queue
[2025-03-28T10:09:07.749+0000] {logging_mixin.py:190} INFO - [2025-03-28T10:09:07.749+0000] {dagbag.py:588} INFO - Filling up the DagBag from /opt/airflow/dags/env/Scripts/numpy-config.exe
[2025-03-28T10:09:07.762+0000] {logging_mixin.py:190} INFO - [2025-03-28T10:09:07.762+0000] {dagbag.py:435} INFO - File /opt/airflow/dags/env/Scripts/numpy-config.exe:__main__.py assumed to contain no DAGs. Skipping.
[2025-03-28T10:09:07.763+0000] {processor.py:927} WARNING - No viable dags retrieved from /opt/airflow/dags/env/Scripts/numpy-config.exe
[2025-03-28T10:09:07.785+0000] {processor.py:208} INFO - Processing /opt/airflow/dags/env/Scripts/numpy-config.exe took 0.052 seconds
[2025-03-28T10:09:38.538+0000] {processor.py:186} INFO - Started process (PID=1606) to work on /opt/airflow/dags/env/Scripts/numpy-config.exe
[2025-03-28T10:09:38.539+0000] {processor.py:914} INFO - Processing file /opt/airflow/dags/env/Scripts/numpy-config.exe for tasks to queue
[2025-03-28T10:09:38.541+0000] {logging_mixin.py:190} INFO - [2025-03-28T10:09:38.541+0000] {dagbag.py:588} INFO - Filling up the DagBag from /opt/airflow/dags/env/Scripts/numpy-config.exe
[2025-03-28T10:09:38.556+0000] {logging_mixin.py:190} INFO - [2025-03-28T10:09:38.555+0000] {dagbag.py:435} INFO - File /opt/airflow/dags/env/Scripts/numpy-config.exe:__main__.py assumed to contain no DAGs. Skipping.
[2025-03-28T10:09:38.557+0000] {processor.py:927} WARNING - No viable dags retrieved from /opt/airflow/dags/env/Scripts/numpy-config.exe
[2025-03-28T10:09:38.578+0000] {processor.py:208} INFO - Processing /opt/airflow/dags/env/Scripts/numpy-config.exe took 0.053 seconds
[2025-03-28T10:27:01.277+0000] {processor.py:186} INFO - Started process (PID=1630) to work on /opt/airflow/dags/env/Scripts/numpy-config.exe
[2025-03-28T10:27:01.279+0000] {processor.py:914} INFO - Processing file /opt/airflow/dags/env/Scripts/numpy-config.exe for tasks to queue
[2025-03-28T10:27:01.284+0000] {logging_mixin.py:190} INFO - [2025-03-28T10:27:01.283+0000] {dagbag.py:588} INFO - Filling up the DagBag from /opt/airflow/dags/env/Scripts/numpy-config.exe
[2025-03-28T10:27:01.304+0000] {logging_mixin.py:190} INFO - [2025-03-28T10:27:01.304+0000] {dagbag.py:435} INFO - File /opt/airflow/dags/env/Scripts/numpy-config.exe:__main__.py assumed to contain no DAGs. Skipping.
[2025-03-28T10:27:01.306+0000] {processor.py:927} WARNING - No viable dags retrieved from /opt/airflow/dags/env/Scripts/numpy-config.exe
[2025-03-28T10:27:01.346+0000] {processor.py:208} INFO - Processing /opt/airflow/dags/env/Scripts/numpy-config.exe took 0.107 seconds
[2025-03-28T10:31:22.865+0000] {processor.py:186} INFO - Started process (PID=1656) to work on /opt/airflow/dags/env/Scripts/numpy-config.exe
[2025-03-28T10:31:22.867+0000] {processor.py:914} INFO - Processing file /opt/airflow/dags/env/Scripts/numpy-config.exe for tasks to queue
[2025-03-28T10:31:22.870+0000] {logging_mixin.py:190} INFO - [2025-03-28T10:31:22.869+0000] {dagbag.py:588} INFO - Filling up the DagBag from /opt/airflow/dags/env/Scripts/numpy-config.exe
[2025-03-28T10:31:22.887+0000] {logging_mixin.py:190} INFO - [2025-03-28T10:31:22.887+0000] {dagbag.py:435} INFO - File /opt/airflow/dags/env/Scripts/numpy-config.exe:__main__.py assumed to contain no DAGs. Skipping.
[2025-03-28T10:31:22.889+0000] {processor.py:927} WARNING - No viable dags retrieved from /opt/airflow/dags/env/Scripts/numpy-config.exe
[2025-03-28T10:31:22.944+0000] {processor.py:208} INFO - Processing /opt/airflow/dags/env/Scripts/numpy-config.exe took 0.098 seconds
[2025-03-28T10:31:54.991+0000] {processor.py:186} INFO - Started process (PID=1680) to work on /opt/airflow/dags/env/Scripts/numpy-config.exe
[2025-03-28T10:31:54.992+0000] {processor.py:914} INFO - Processing file /opt/airflow/dags/env/Scripts/numpy-config.exe for tasks to queue
[2025-03-28T10:31:54.995+0000] {logging_mixin.py:190} INFO - [2025-03-28T10:31:54.994+0000] {dagbag.py:588} INFO - Filling up the DagBag from /opt/airflow/dags/env/Scripts/numpy-config.exe
[2025-03-28T10:31:55.009+0000] {logging_mixin.py:190} INFO - [2025-03-28T10:31:55.009+0000] {dagbag.py:435} INFO - File /opt/airflow/dags/env/Scripts/numpy-config.exe:__main__.py assumed to contain no DAGs. Skipping.
[2025-03-28T10:31:55.010+0000] {processor.py:927} WARNING - No viable dags retrieved from /opt/airflow/dags/env/Scripts/numpy-config.exe
[2025-03-28T10:31:55.041+0000] {processor.py:208} INFO - Processing /opt/airflow/dags/env/Scripts/numpy-config.exe took 0.069 seconds
[2025-03-28T10:36:39.111+0000] {processor.py:186} INFO - Started process (PID=1710) to work on /opt/airflow/dags/env/Scripts/numpy-config.exe
[2025-03-28T10:36:39.122+0000] {processor.py:914} INFO - Processing file /opt/airflow/dags/env/Scripts/numpy-config.exe for tasks to queue
[2025-03-28T10:36:39.125+0000] {logging_mixin.py:190} INFO - [2025-03-28T10:36:39.124+0000] {dagbag.py:588} INFO - Filling up the DagBag from /opt/airflow/dags/env/Scripts/numpy-config.exe
[2025-03-28T10:36:39.158+0000] {logging_mixin.py:190} INFO - [2025-03-28T10:36:39.158+0000] {dagbag.py:435} INFO - File /opt/airflow/dags/env/Scripts/numpy-config.exe:__main__.py assumed to contain no DAGs. Skipping.
[2025-03-28T10:36:39.160+0000] {processor.py:927} WARNING - No viable dags retrieved from /opt/airflow/dags/env/Scripts/numpy-config.exe
[2025-03-28T10:36:39.230+0000] {processor.py:208} INFO - Processing /opt/airflow/dags/env/Scripts/numpy-config.exe took 0.155 seconds
[2025-03-28T10:37:10.670+0000] {processor.py:186} INFO - Started process (PID=1734) to work on /opt/airflow/dags/env/Scripts/numpy-config.exe
[2025-03-28T10:37:10.673+0000] {processor.py:914} INFO - Processing file /opt/airflow/dags/env/Scripts/numpy-config.exe for tasks to queue
[2025-03-28T10:37:10.676+0000] {logging_mixin.py:190} INFO - [2025-03-28T10:37:10.675+0000] {dagbag.py:588} INFO - Filling up the DagBag from /opt/airflow/dags/env/Scripts/numpy-config.exe
[2025-03-28T10:37:10.701+0000] {logging_mixin.py:190} INFO - [2025-03-28T10:37:10.700+0000] {dagbag.py:435} INFO - File /opt/airflow/dags/env/Scripts/numpy-config.exe:__main__.py assumed to contain no DAGs. Skipping.
[2025-03-28T10:37:10.703+0000] {processor.py:927} WARNING - No viable dags retrieved from /opt/airflow/dags/env/Scripts/numpy-config.exe
[2025-03-28T10:37:10.747+0000] {processor.py:208} INFO - Processing /opt/airflow/dags/env/Scripts/numpy-config.exe took 0.103 seconds
[2025-03-28T11:52:26.887+0000] {processor.py:186} INFO - Started process (PID=1755) to work on /opt/airflow/dags/env/Scripts/numpy-config.exe
[2025-03-28T11:52:26.889+0000] {processor.py:914} INFO - Processing file /opt/airflow/dags/env/Scripts/numpy-config.exe for tasks to queue
[2025-03-28T11:52:26.890+0000] {logging_mixin.py:190} INFO - [2025-03-28T11:52:26.890+0000] {dagbag.py:588} INFO - Filling up the DagBag from /opt/airflow/dags/env/Scripts/numpy-config.exe
[2025-03-28T11:52:26.901+0000] {logging_mixin.py:190} INFO - [2025-03-28T11:52:26.901+0000] {dagbag.py:435} INFO - File /opt/airflow/dags/env/Scripts/numpy-config.exe:__main__.py assumed to contain no DAGs. Skipping.
[2025-03-28T11:52:26.902+0000] {processor.py:927} WARNING - No viable dags retrieved from /opt/airflow/dags/env/Scripts/numpy-config.exe
[2025-03-28T11:52:26.923+0000] {processor.py:208} INFO - Processing /opt/airflow/dags/env/Scripts/numpy-config.exe took 0.047 seconds
[2025-03-28T11:53:03.882+0000] {processor.py:186} INFO - Started process (PID=1779) to work on /opt/airflow/dags/env/Scripts/numpy-config.exe
[2025-03-28T11:53:03.884+0000] {processor.py:914} INFO - Processing file /opt/airflow/dags/env/Scripts/numpy-config.exe for tasks to queue
[2025-03-28T11:53:03.887+0000] {logging_mixin.py:190} INFO - [2025-03-28T11:53:03.887+0000] {dagbag.py:588} INFO - Filling up the DagBag from /opt/airflow/dags/env/Scripts/numpy-config.exe
[2025-03-28T11:53:03.911+0000] {logging_mixin.py:190} INFO - [2025-03-28T11:53:03.911+0000] {dagbag.py:435} INFO - File /opt/airflow/dags/env/Scripts/numpy-config.exe:__main__.py assumed to contain no DAGs. Skipping.
[2025-03-28T11:53:03.913+0000] {processor.py:927} WARNING - No viable dags retrieved from /opt/airflow/dags/env/Scripts/numpy-config.exe
[2025-03-28T11:53:03.957+0000] {processor.py:208} INFO - Processing /opt/airflow/dags/env/Scripts/numpy-config.exe took 0.101 seconds
[2025-03-28T12:52:10.249+0000] {processor.py:186} INFO - Started process (PID=1802) to work on /opt/airflow/dags/env/Scripts/numpy-config.exe
[2025-03-28T12:52:10.250+0000] {processor.py:914} INFO - Processing file /opt/airflow/dags/env/Scripts/numpy-config.exe for tasks to queue
[2025-03-28T12:52:10.252+0000] {logging_mixin.py:190} INFO - [2025-03-28T12:52:10.252+0000] {dagbag.py:588} INFO - Filling up the DagBag from /opt/airflow/dags/env/Scripts/numpy-config.exe
[2025-03-28T12:52:10.271+0000] {logging_mixin.py:190} INFO - [2025-03-28T12:52:10.270+0000] {dagbag.py:435} INFO - File /opt/airflow/dags/env/Scripts/numpy-config.exe:__main__.py assumed to contain no DAGs. Skipping.
[2025-03-28T12:52:10.272+0000] {processor.py:927} WARNING - No viable dags retrieved from /opt/airflow/dags/env/Scripts/numpy-config.exe
[2025-03-28T12:52:10.298+0000] {processor.py:208} INFO - Processing /opt/airflow/dags/env/Scripts/numpy-config.exe took 0.065 seconds
[2025-03-28T12:52:41.390+0000] {processor.py:186} INFO - Started process (PID=1826) to work on /opt/airflow/dags/env/Scripts/numpy-config.exe
[2025-03-28T12:52:41.391+0000] {processor.py:914} INFO - Processing file /opt/airflow/dags/env/Scripts/numpy-config.exe for tasks to queue
[2025-03-28T12:52:41.393+0000] {logging_mixin.py:190} INFO - [2025-03-28T12:52:41.393+0000] {dagbag.py:588} INFO - Filling up the DagBag from /opt/airflow/dags/env/Scripts/numpy-config.exe
[2025-03-28T12:52:41.406+0000] {logging_mixin.py:190} INFO - [2025-03-28T12:52:41.406+0000] {dagbag.py:435} INFO - File /opt/airflow/dags/env/Scripts/numpy-config.exe:__main__.py assumed to contain no DAGs. Skipping.
[2025-03-28T12:52:41.407+0000] {processor.py:927} WARNING - No viable dags retrieved from /opt/airflow/dags/env/Scripts/numpy-config.exe
[2025-03-28T12:52:41.427+0000] {processor.py:208} INFO - Processing /opt/airflow/dags/env/Scripts/numpy-config.exe took 0.049 seconds
[2025-03-28T12:57:02.720+0000] {processor.py:186} INFO - Started process (PID=1852) to work on /opt/airflow/dags/env/Scripts/numpy-config.exe
[2025-03-28T12:57:02.721+0000] {processor.py:914} INFO - Processing file /opt/airflow/dags/env/Scripts/numpy-config.exe for tasks to queue
[2025-03-28T12:57:02.723+0000] {logging_mixin.py:190} INFO - [2025-03-28T12:57:02.723+0000] {dagbag.py:588} INFO - Filling up the DagBag from /opt/airflow/dags/env/Scripts/numpy-config.exe
[2025-03-28T12:57:02.734+0000] {logging_mixin.py:190} INFO - [2025-03-28T12:57:02.734+0000] {dagbag.py:435} INFO - File /opt/airflow/dags/env/Scripts/numpy-config.exe:__main__.py assumed to contain no DAGs. Skipping.
[2025-03-28T12:57:02.735+0000] {processor.py:927} WARNING - No viable dags retrieved from /opt/airflow/dags/env/Scripts/numpy-config.exe
[2025-03-28T12:57:02.757+0000] {processor.py:208} INFO - Processing /opt/airflow/dags/env/Scripts/numpy-config.exe took 0.049 seconds
[2025-03-28T12:57:33.296+0000] {processor.py:186} INFO - Started process (PID=1876) to work on /opt/airflow/dags/env/Scripts/numpy-config.exe
[2025-03-28T12:57:33.297+0000] {processor.py:914} INFO - Processing file /opt/airflow/dags/env/Scripts/numpy-config.exe for tasks to queue
[2025-03-28T12:57:33.299+0000] {logging_mixin.py:190} INFO - [2025-03-28T12:57:33.298+0000] {dagbag.py:588} INFO - Filling up the DagBag from /opt/airflow/dags/env/Scripts/numpy-config.exe
[2025-03-28T12:57:33.311+0000] {logging_mixin.py:190} INFO - [2025-03-28T12:57:33.310+0000] {dagbag.py:435} INFO - File /opt/airflow/dags/env/Scripts/numpy-config.exe:__main__.py assumed to contain no DAGs. Skipping.
[2025-03-28T12:57:33.312+0000] {processor.py:927} WARNING - No viable dags retrieved from /opt/airflow/dags/env/Scripts/numpy-config.exe
[2025-03-28T12:57:33.333+0000] {processor.py:208} INFO - Processing /opt/airflow/dags/env/Scripts/numpy-config.exe took 0.050 seconds
[2025-03-28T13:02:04.454+0000] {processor.py:186} INFO - Started process (PID=1905) to work on /opt/airflow/dags/env/Scripts/numpy-config.exe
[2025-03-28T13:02:04.455+0000] {processor.py:914} INFO - Processing file /opt/airflow/dags/env/Scripts/numpy-config.exe for tasks to queue
[2025-03-28T13:02:04.457+0000] {logging_mixin.py:190} INFO - [2025-03-28T13:02:04.456+0000] {dagbag.py:588} INFO - Filling up the DagBag from /opt/airflow/dags/env/Scripts/numpy-config.exe
[2025-03-28T13:02:04.468+0000] {logging_mixin.py:190} INFO - [2025-03-28T13:02:04.468+0000] {dagbag.py:435} INFO - File /opt/airflow/dags/env/Scripts/numpy-config.exe:__main__.py assumed to contain no DAGs. Skipping.
[2025-03-28T13:02:04.469+0000] {processor.py:927} WARNING - No viable dags retrieved from /opt/airflow/dags/env/Scripts/numpy-config.exe
[2025-03-28T13:02:04.490+0000] {processor.py:208} INFO - Processing /opt/airflow/dags/env/Scripts/numpy-config.exe took 0.047 seconds
[2025-03-28T13:02:35.018+0000] {processor.py:186} INFO - Started process (PID=1929) to work on /opt/airflow/dags/env/Scripts/numpy-config.exe
[2025-03-28T13:02:35.019+0000] {processor.py:914} INFO - Processing file /opt/airflow/dags/env/Scripts/numpy-config.exe for tasks to queue
[2025-03-28T13:02:35.021+0000] {logging_mixin.py:190} INFO - [2025-03-28T13:02:35.021+0000] {dagbag.py:588} INFO - Filling up the DagBag from /opt/airflow/dags/env/Scripts/numpy-config.exe
[2025-03-28T13:02:35.034+0000] {logging_mixin.py:190} INFO - [2025-03-28T13:02:35.033+0000] {dagbag.py:435} INFO - File /opt/airflow/dags/env/Scripts/numpy-config.exe:__main__.py assumed to contain no DAGs. Skipping.
[2025-03-28T13:02:35.035+0000] {processor.py:927} WARNING - No viable dags retrieved from /opt/airflow/dags/env/Scripts/numpy-config.exe
[2025-03-28T13:02:35.055+0000] {processor.py:208} INFO - Processing /opt/airflow/dags/env/Scripts/numpy-config.exe took 0.049 seconds
[2025-03-28T13:07:01.345+0000] {processor.py:186} INFO - Started process (PID=1956) to work on /opt/airflow/dags/env/Scripts/numpy-config.exe
[2025-03-28T13:07:01.347+0000] {processor.py:914} INFO - Processing file /opt/airflow/dags/env/Scripts/numpy-config.exe for tasks to queue
[2025-03-28T13:07:01.349+0000] {logging_mixin.py:190} INFO - [2025-03-28T13:07:01.348+0000] {dagbag.py:588} INFO - Filling up the DagBag from /opt/airflow/dags/env/Scripts/numpy-config.exe
[2025-03-28T13:07:01.361+0000] {logging_mixin.py:190} INFO - [2025-03-28T13:07:01.361+0000] {dagbag.py:435} INFO - File /opt/airflow/dags/env/Scripts/numpy-config.exe:__main__.py assumed to contain no DAGs. Skipping.
[2025-03-28T13:07:01.362+0000] {processor.py:927} WARNING - No viable dags retrieved from /opt/airflow/dags/env/Scripts/numpy-config.exe
[2025-03-28T13:07:01.381+0000] {processor.py:208} INFO - Processing /opt/airflow/dags/env/Scripts/numpy-config.exe took 0.048 seconds
[2025-03-28T13:07:32.742+0000] {processor.py:186} INFO - Started process (PID=1980) to work on /opt/airflow/dags/env/Scripts/numpy-config.exe
[2025-03-28T13:07:32.743+0000] {processor.py:914} INFO - Processing file /opt/airflow/dags/env/Scripts/numpy-config.exe for tasks to queue
[2025-03-28T13:07:32.745+0000] {logging_mixin.py:190} INFO - [2025-03-28T13:07:32.745+0000] {dagbag.py:588} INFO - Filling up the DagBag from /opt/airflow/dags/env/Scripts/numpy-config.exe
[2025-03-28T13:07:32.759+0000] {logging_mixin.py:190} INFO - [2025-03-28T13:07:32.758+0000] {dagbag.py:435} INFO - File /opt/airflow/dags/env/Scripts/numpy-config.exe:__main__.py assumed to contain no DAGs. Skipping.
[2025-03-28T13:07:32.760+0000] {processor.py:927} WARNING - No viable dags retrieved from /opt/airflow/dags/env/Scripts/numpy-config.exe
[2025-03-28T13:07:32.782+0000] {processor.py:208} INFO - Processing /opt/airflow/dags/env/Scripts/numpy-config.exe took 0.052 seconds
[2025-03-28T13:11:58.795+0000] {processor.py:186} INFO - Started process (PID=2010) to work on /opt/airflow/dags/env/Scripts/numpy-config.exe
[2025-03-28T13:11:58.796+0000] {processor.py:914} INFO - Processing file /opt/airflow/dags/env/Scripts/numpy-config.exe for tasks to queue
[2025-03-28T13:11:58.798+0000] {logging_mixin.py:190} INFO - [2025-03-28T13:11:58.797+0000] {dagbag.py:588} INFO - Filling up the DagBag from /opt/airflow/dags/env/Scripts/numpy-config.exe
[2025-03-28T13:11:58.810+0000] {logging_mixin.py:190} INFO - [2025-03-28T13:11:58.810+0000] {dagbag.py:435} INFO - File /opt/airflow/dags/env/Scripts/numpy-config.exe:__main__.py assumed to contain no DAGs. Skipping.
[2025-03-28T13:11:58.811+0000] {processor.py:927} WARNING - No viable dags retrieved from /opt/airflow/dags/env/Scripts/numpy-config.exe
[2025-03-28T13:11:58.832+0000] {processor.py:208} INFO - Processing /opt/airflow/dags/env/Scripts/numpy-config.exe took 0.049 seconds
[2025-03-28T13:12:30.196+0000] {processor.py:186} INFO - Started process (PID=2034) to work on /opt/airflow/dags/env/Scripts/numpy-config.exe
[2025-03-28T13:12:30.197+0000] {processor.py:914} INFO - Processing file /opt/airflow/dags/env/Scripts/numpy-config.exe for tasks to queue
[2025-03-28T13:12:30.199+0000] {logging_mixin.py:190} INFO - [2025-03-28T13:12:30.198+0000] {dagbag.py:588} INFO - Filling up the DagBag from /opt/airflow/dags/env/Scripts/numpy-config.exe
[2025-03-28T13:12:30.217+0000] {logging_mixin.py:190} INFO - [2025-03-28T13:12:30.217+0000] {dagbag.py:435} INFO - File /opt/airflow/dags/env/Scripts/numpy-config.exe:__main__.py assumed to contain no DAGs. Skipping.
[2025-03-28T13:12:30.219+0000] {processor.py:927} WARNING - No viable dags retrieved from /opt/airflow/dags/env/Scripts/numpy-config.exe
[2025-03-28T13:12:30.242+0000] {processor.py:208} INFO - Processing /opt/airflow/dags/env/Scripts/numpy-config.exe took 0.060 seconds
[2025-03-28T13:17:03.597+0000] {processor.py:186} INFO - Started process (PID=2066) to work on /opt/airflow/dags/env/Scripts/numpy-config.exe
[2025-03-28T13:17:03.598+0000] {processor.py:914} INFO - Processing file /opt/airflow/dags/env/Scripts/numpy-config.exe for tasks to queue
[2025-03-28T13:17:03.600+0000] {logging_mixin.py:190} INFO - [2025-03-28T13:17:03.600+0000] {dagbag.py:588} INFO - Filling up the DagBag from /opt/airflow/dags/env/Scripts/numpy-config.exe
[2025-03-28T13:17:03.611+0000] {logging_mixin.py:190} INFO - [2025-03-28T13:17:03.611+0000] {dagbag.py:435} INFO - File /opt/airflow/dags/env/Scripts/numpy-config.exe:__main__.py assumed to contain no DAGs. Skipping.
[2025-03-28T13:17:03.612+0000] {processor.py:927} WARNING - No viable dags retrieved from /opt/airflow/dags/env/Scripts/numpy-config.exe
[2025-03-28T13:17:03.649+0000] {processor.py:208} INFO - Processing /opt/airflow/dags/env/Scripts/numpy-config.exe took 0.063 seconds
[2025-03-28T13:17:36.310+0000] {processor.py:186} INFO - Started process (PID=2090) to work on /opt/airflow/dags/env/Scripts/numpy-config.exe
[2025-03-28T13:17:36.311+0000] {processor.py:914} INFO - Processing file /opt/airflow/dags/env/Scripts/numpy-config.exe for tasks to queue
[2025-03-28T13:17:36.313+0000] {logging_mixin.py:190} INFO - [2025-03-28T13:17:36.313+0000] {dagbag.py:588} INFO - Filling up the DagBag from /opt/airflow/dags/env/Scripts/numpy-config.exe
[2025-03-28T13:17:36.327+0000] {logging_mixin.py:190} INFO - [2025-03-28T13:17:36.327+0000] {dagbag.py:435} INFO - File /opt/airflow/dags/env/Scripts/numpy-config.exe:__main__.py assumed to contain no DAGs. Skipping.
[2025-03-28T13:17:36.328+0000] {processor.py:927} WARNING - No viable dags retrieved from /opt/airflow/dags/env/Scripts/numpy-config.exe
[2025-03-28T13:17:36.350+0000] {processor.py:208} INFO - Processing /opt/airflow/dags/env/Scripts/numpy-config.exe took 0.052 seconds
[2025-03-28T13:22:04.721+0000] {processor.py:186} INFO - Started process (PID=2118) to work on /opt/airflow/dags/env/Scripts/numpy-config.exe
[2025-03-28T13:22:04.722+0000] {processor.py:914} INFO - Processing file /opt/airflow/dags/env/Scripts/numpy-config.exe for tasks to queue
[2025-03-28T13:22:04.724+0000] {logging_mixin.py:190} INFO - [2025-03-28T13:22:04.723+0000] {dagbag.py:588} INFO - Filling up the DagBag from /opt/airflow/dags/env/Scripts/numpy-config.exe
[2025-03-28T13:22:04.735+0000] {logging_mixin.py:190} INFO - [2025-03-28T13:22:04.735+0000] {dagbag.py:435} INFO - File /opt/airflow/dags/env/Scripts/numpy-config.exe:__main__.py assumed to contain no DAGs. Skipping.
[2025-03-28T13:22:04.736+0000] {processor.py:927} WARNING - No viable dags retrieved from /opt/airflow/dags/env/Scripts/numpy-config.exe
[2025-03-28T13:22:04.759+0000] {processor.py:208} INFO - Processing /opt/airflow/dags/env/Scripts/numpy-config.exe took 0.050 seconds
[2025-03-28T13:22:36.308+0000] {processor.py:186} INFO - Started process (PID=2142) to work on /opt/airflow/dags/env/Scripts/numpy-config.exe
[2025-03-28T13:22:36.309+0000] {processor.py:914} INFO - Processing file /opt/airflow/dags/env/Scripts/numpy-config.exe for tasks to queue
[2025-03-28T13:22:36.311+0000] {logging_mixin.py:190} INFO - [2025-03-28T13:22:36.310+0000] {dagbag.py:588} INFO - Filling up the DagBag from /opt/airflow/dags/env/Scripts/numpy-config.exe
[2025-03-28T13:22:36.323+0000] {logging_mixin.py:190} INFO - [2025-03-28T13:22:36.322+0000] {dagbag.py:435} INFO - File /opt/airflow/dags/env/Scripts/numpy-config.exe:__main__.py assumed to contain no DAGs. Skipping.
[2025-03-28T13:22:36.324+0000] {processor.py:927} WARNING - No viable dags retrieved from /opt/airflow/dags/env/Scripts/numpy-config.exe
[2025-03-28T13:22:36.346+0000] {processor.py:208} INFO - Processing /opt/airflow/dags/env/Scripts/numpy-config.exe took 0.050 seconds
[2025-03-28T13:27:00.071+0000] {processor.py:186} INFO - Started process (PID=2170) to work on /opt/airflow/dags/env/Scripts/numpy-config.exe
[2025-03-28T13:27:00.073+0000] {processor.py:914} INFO - Processing file /opt/airflow/dags/env/Scripts/numpy-config.exe for tasks to queue
[2025-03-28T13:27:00.075+0000] {logging_mixin.py:190} INFO - [2025-03-28T13:27:00.074+0000] {dagbag.py:588} INFO - Filling up the DagBag from /opt/airflow/dags/env/Scripts/numpy-config.exe
[2025-03-28T13:27:00.088+0000] {logging_mixin.py:190} INFO - [2025-03-28T13:27:00.088+0000] {dagbag.py:435} INFO - File /opt/airflow/dags/env/Scripts/numpy-config.exe:__main__.py assumed to contain no DAGs. Skipping.
[2025-03-28T13:27:00.089+0000] {processor.py:927} WARNING - No viable dags retrieved from /opt/airflow/dags/env/Scripts/numpy-config.exe
[2025-03-28T13:27:00.112+0000] {processor.py:208} INFO - Processing /opt/airflow/dags/env/Scripts/numpy-config.exe took 0.055 seconds
[2025-03-28T13:27:31.436+0000] {processor.py:186} INFO - Started process (PID=2194) to work on /opt/airflow/dags/env/Scripts/numpy-config.exe
[2025-03-28T13:27:31.437+0000] {processor.py:914} INFO - Processing file /opt/airflow/dags/env/Scripts/numpy-config.exe for tasks to queue
[2025-03-28T13:27:31.439+0000] {logging_mixin.py:190} INFO - [2025-03-28T13:27:31.439+0000] {dagbag.py:588} INFO - Filling up the DagBag from /opt/airflow/dags/env/Scripts/numpy-config.exe
[2025-03-28T13:27:31.457+0000] {logging_mixin.py:190} INFO - [2025-03-28T13:27:31.457+0000] {dagbag.py:435} INFO - File /opt/airflow/dags/env/Scripts/numpy-config.exe:__main__.py assumed to contain no DAGs. Skipping.
[2025-03-28T13:27:31.459+0000] {processor.py:927} WARNING - No viable dags retrieved from /opt/airflow/dags/env/Scripts/numpy-config.exe
[2025-03-28T13:27:31.490+0000] {processor.py:208} INFO - Processing /opt/airflow/dags/env/Scripts/numpy-config.exe took 0.073 seconds
[2025-03-28T13:32:02.714+0000] {processor.py:186} INFO - Started process (PID=2226) to work on /opt/airflow/dags/env/Scripts/numpy-config.exe
[2025-03-28T13:32:02.716+0000] {processor.py:914} INFO - Processing file /opt/airflow/dags/env/Scripts/numpy-config.exe for tasks to queue
[2025-03-28T13:32:02.717+0000] {logging_mixin.py:190} INFO - [2025-03-28T13:32:02.717+0000] {dagbag.py:588} INFO - Filling up the DagBag from /opt/airflow/dags/env/Scripts/numpy-config.exe
[2025-03-28T13:32:02.730+0000] {logging_mixin.py:190} INFO - [2025-03-28T13:32:02.730+0000] {dagbag.py:435} INFO - File /opt/airflow/dags/env/Scripts/numpy-config.exe:__main__.py assumed to contain no DAGs. Skipping.
[2025-03-28T13:32:02.732+0000] {processor.py:927} WARNING - No viable dags retrieved from /opt/airflow/dags/env/Scripts/numpy-config.exe
[2025-03-28T13:32:02.755+0000] {processor.py:208} INFO - Processing /opt/airflow/dags/env/Scripts/numpy-config.exe took 0.052 seconds
[2025-03-28T13:32:33.842+0000] {processor.py:186} INFO - Started process (PID=2250) to work on /opt/airflow/dags/env/Scripts/numpy-config.exe
[2025-03-28T13:32:33.843+0000] {processor.py:914} INFO - Processing file /opt/airflow/dags/env/Scripts/numpy-config.exe for tasks to queue
[2025-03-28T13:32:33.845+0000] {logging_mixin.py:190} INFO - [2025-03-28T13:32:33.844+0000] {dagbag.py:588} INFO - Filling up the DagBag from /opt/airflow/dags/env/Scripts/numpy-config.exe
[2025-03-28T13:32:33.856+0000] {logging_mixin.py:190} INFO - [2025-03-28T13:32:33.856+0000] {dagbag.py:435} INFO - File /opt/airflow/dags/env/Scripts/numpy-config.exe:__main__.py assumed to contain no DAGs. Skipping.
[2025-03-28T13:32:33.857+0000] {processor.py:927} WARNING - No viable dags retrieved from /opt/airflow/dags/env/Scripts/numpy-config.exe
[2025-03-28T13:32:33.879+0000] {processor.py:208} INFO - Processing /opt/airflow/dags/env/Scripts/numpy-config.exe took 0.049 seconds
[2025-03-28T13:37:05.634+0000] {processor.py:186} INFO - Started process (PID=2280) to work on /opt/airflow/dags/env/Scripts/numpy-config.exe
[2025-03-28T13:37:05.636+0000] {processor.py:914} INFO - Processing file /opt/airflow/dags/env/Scripts/numpy-config.exe for tasks to queue
[2025-03-28T13:37:05.638+0000] {logging_mixin.py:190} INFO - [2025-03-28T13:37:05.637+0000] {dagbag.py:588} INFO - Filling up the DagBag from /opt/airflow/dags/env/Scripts/numpy-config.exe
[2025-03-28T13:37:05.657+0000] {logging_mixin.py:190} INFO - [2025-03-28T13:37:05.656+0000] {dagbag.py:435} INFO - File /opt/airflow/dags/env/Scripts/numpy-config.exe:__main__.py assumed to contain no DAGs. Skipping.
[2025-03-28T13:37:05.658+0000] {processor.py:927} WARNING - No viable dags retrieved from /opt/airflow/dags/env/Scripts/numpy-config.exe
[2025-03-28T13:37:05.692+0000] {processor.py:208} INFO - Processing /opt/airflow/dags/env/Scripts/numpy-config.exe took 0.070 seconds
[2025-03-28T13:37:37.334+0000] {processor.py:186} INFO - Started process (PID=2304) to work on /opt/airflow/dags/env/Scripts/numpy-config.exe
[2025-03-28T13:37:37.336+0000] {processor.py:914} INFO - Processing file /opt/airflow/dags/env/Scripts/numpy-config.exe for tasks to queue
[2025-03-28T13:37:37.338+0000] {logging_mixin.py:190} INFO - [2025-03-28T13:37:37.337+0000] {dagbag.py:588} INFO - Filling up the DagBag from /opt/airflow/dags/env/Scripts/numpy-config.exe
[2025-03-28T13:37:37.354+0000] {logging_mixin.py:190} INFO - [2025-03-28T13:37:37.354+0000] {dagbag.py:435} INFO - File /opt/airflow/dags/env/Scripts/numpy-config.exe:__main__.py assumed to contain no DAGs. Skipping.
[2025-03-28T13:37:37.356+0000] {processor.py:927} WARNING - No viable dags retrieved from /opt/airflow/dags/env/Scripts/numpy-config.exe
[2025-03-28T13:37:37.380+0000] {processor.py:208} INFO - Processing /opt/airflow/dags/env/Scripts/numpy-config.exe took 0.061 seconds
[2025-03-28T13:42:01.257+0000] {processor.py:186} INFO - Started process (PID=2331) to work on /opt/airflow/dags/env/Scripts/numpy-config.exe
[2025-03-28T13:42:01.258+0000] {processor.py:914} INFO - Processing file /opt/airflow/dags/env/Scripts/numpy-config.exe for tasks to queue
[2025-03-28T13:42:01.260+0000] {logging_mixin.py:190} INFO - [2025-03-28T13:42:01.260+0000] {dagbag.py:588} INFO - Filling up the DagBag from /opt/airflow/dags/env/Scripts/numpy-config.exe
[2025-03-28T13:42:01.272+0000] {logging_mixin.py:190} INFO - [2025-03-28T13:42:01.272+0000] {dagbag.py:435} INFO - File /opt/airflow/dags/env/Scripts/numpy-config.exe:__main__.py assumed to contain no DAGs. Skipping.
[2025-03-28T13:42:01.273+0000] {processor.py:927} WARNING - No viable dags retrieved from /opt/airflow/dags/env/Scripts/numpy-config.exe
[2025-03-28T13:42:01.297+0000] {processor.py:208} INFO - Processing /opt/airflow/dags/env/Scripts/numpy-config.exe took 0.052 seconds
[2025-03-28T13:42:32.837+0000] {processor.py:186} INFO - Started process (PID=2355) to work on /opt/airflow/dags/env/Scripts/numpy-config.exe
[2025-03-28T13:42:32.870+0000] {processor.py:914} INFO - Processing file /opt/airflow/dags/env/Scripts/numpy-config.exe for tasks to queue
[2025-03-28T13:42:32.895+0000] {logging_mixin.py:190} INFO - [2025-03-28T13:42:32.895+0000] {dagbag.py:588} INFO - Filling up the DagBag from /opt/airflow/dags/env/Scripts/numpy-config.exe
[2025-03-28T13:42:32.983+0000] {logging_mixin.py:190} INFO - [2025-03-28T13:42:32.982+0000] {dagbag.py:435} INFO - File /opt/airflow/dags/env/Scripts/numpy-config.exe:__main__.py assumed to contain no DAGs. Skipping.
[2025-03-28T13:42:32.984+0000] {processor.py:927} WARNING - No viable dags retrieved from /opt/airflow/dags/env/Scripts/numpy-config.exe
[2025-03-28T13:42:33.014+0000] {processor.py:208} INFO - Processing /opt/airflow/dags/env/Scripts/numpy-config.exe took 0.191 seconds
[2025-03-28T13:46:59.760+0000] {processor.py:186} INFO - Started process (PID=2386) to work on /opt/airflow/dags/env/Scripts/numpy-config.exe
[2025-03-28T13:46:59.761+0000] {processor.py:914} INFO - Processing file /opt/airflow/dags/env/Scripts/numpy-config.exe for tasks to queue
[2025-03-28T13:46:59.763+0000] {logging_mixin.py:190} INFO - [2025-03-28T13:46:59.762+0000] {dagbag.py:588} INFO - Filling up the DagBag from /opt/airflow/dags/env/Scripts/numpy-config.exe
[2025-03-28T13:46:59.778+0000] {logging_mixin.py:190} INFO - [2025-03-28T13:46:59.778+0000] {dagbag.py:435} INFO - File /opt/airflow/dags/env/Scripts/numpy-config.exe:__main__.py assumed to contain no DAGs. Skipping.
[2025-03-28T13:46:59.779+0000] {processor.py:927} WARNING - No viable dags retrieved from /opt/airflow/dags/env/Scripts/numpy-config.exe
[2025-03-28T13:46:59.802+0000] {processor.py:208} INFO - Processing /opt/airflow/dags/env/Scripts/numpy-config.exe took 0.055 seconds
[2025-03-28T13:47:30.421+0000] {processor.py:186} INFO - Started process (PID=2410) to work on /opt/airflow/dags/env/Scripts/numpy-config.exe
[2025-03-28T13:47:30.422+0000] {processor.py:914} INFO - Processing file /opt/airflow/dags/env/Scripts/numpy-config.exe for tasks to queue
[2025-03-28T13:47:30.423+0000] {logging_mixin.py:190} INFO - [2025-03-28T13:47:30.423+0000] {dagbag.py:588} INFO - Filling up the DagBag from /opt/airflow/dags/env/Scripts/numpy-config.exe
[2025-03-28T13:47:30.435+0000] {logging_mixin.py:190} INFO - [2025-03-28T13:47:30.434+0000] {dagbag.py:435} INFO - File /opt/airflow/dags/env/Scripts/numpy-config.exe:__main__.py assumed to contain no DAGs. Skipping.
[2025-03-28T13:47:30.436+0000] {processor.py:927} WARNING - No viable dags retrieved from /opt/airflow/dags/env/Scripts/numpy-config.exe
[2025-03-28T13:47:30.457+0000] {processor.py:208} INFO - Processing /opt/airflow/dags/env/Scripts/numpy-config.exe took 0.048 seconds
[2025-03-28T13:52:03.104+0000] {processor.py:186} INFO - Started process (PID=2444) to work on /opt/airflow/dags/env/Scripts/numpy-config.exe
[2025-03-28T13:52:03.105+0000] {processor.py:914} INFO - Processing file /opt/airflow/dags/env/Scripts/numpy-config.exe for tasks to queue
[2025-03-28T13:52:03.107+0000] {logging_mixin.py:190} INFO - [2025-03-28T13:52:03.107+0000] {dagbag.py:588} INFO - Filling up the DagBag from /opt/airflow/dags/env/Scripts/numpy-config.exe
[2025-03-28T13:52:03.120+0000] {logging_mixin.py:190} INFO - [2025-03-28T13:52:03.120+0000] {dagbag.py:435} INFO - File /opt/airflow/dags/env/Scripts/numpy-config.exe:__main__.py assumed to contain no DAGs. Skipping.
[2025-03-28T13:52:03.121+0000] {processor.py:927} WARNING - No viable dags retrieved from /opt/airflow/dags/env/Scripts/numpy-config.exe
[2025-03-28T13:52:03.146+0000] {processor.py:208} INFO - Processing /opt/airflow/dags/env/Scripts/numpy-config.exe took 0.053 seconds
[2025-03-28T13:52:34.659+0000] {processor.py:186} INFO - Started process (PID=2468) to work on /opt/airflow/dags/env/Scripts/numpy-config.exe
[2025-03-28T13:52:34.660+0000] {processor.py:914} INFO - Processing file /opt/airflow/dags/env/Scripts/numpy-config.exe for tasks to queue
[2025-03-28T13:52:34.662+0000] {logging_mixin.py:190} INFO - [2025-03-28T13:52:34.662+0000] {dagbag.py:588} INFO - Filling up the DagBag from /opt/airflow/dags/env/Scripts/numpy-config.exe
[2025-03-28T13:52:34.673+0000] {logging_mixin.py:190} INFO - [2025-03-28T13:52:34.673+0000] {dagbag.py:435} INFO - File /opt/airflow/dags/env/Scripts/numpy-config.exe:__main__.py assumed to contain no DAGs. Skipping.
[2025-03-28T13:52:34.674+0000] {processor.py:927} WARNING - No viable dags retrieved from /opt/airflow/dags/env/Scripts/numpy-config.exe
[2025-03-28T13:52:34.697+0000] {processor.py:208} INFO - Processing /opt/airflow/dags/env/Scripts/numpy-config.exe took 0.049 seconds
[2025-03-28T13:57:05.497+0000] {processor.py:186} INFO - Started process (PID=2499) to work on /opt/airflow/dags/env/Scripts/numpy-config.exe
[2025-03-28T13:57:05.498+0000] {processor.py:914} INFO - Processing file /opt/airflow/dags/env/Scripts/numpy-config.exe for tasks to queue
[2025-03-28T13:57:05.500+0000] {logging_mixin.py:190} INFO - [2025-03-28T13:57:05.500+0000] {dagbag.py:588} INFO - Filling up the DagBag from /opt/airflow/dags/env/Scripts/numpy-config.exe
[2025-03-28T13:57:05.513+0000] {logging_mixin.py:190} INFO - [2025-03-28T13:57:05.513+0000] {dagbag.py:435} INFO - File /opt/airflow/dags/env/Scripts/numpy-config.exe:__main__.py assumed to contain no DAGs. Skipping.
[2025-03-28T13:57:05.514+0000] {processor.py:927} WARNING - No viable dags retrieved from /opt/airflow/dags/env/Scripts/numpy-config.exe
[2025-03-28T13:57:05.538+0000] {processor.py:208} INFO - Processing /opt/airflow/dags/env/Scripts/numpy-config.exe took 0.052 seconds
[2025-03-28T13:57:36.905+0000] {processor.py:186} INFO - Started process (PID=2523) to work on /opt/airflow/dags/env/Scripts/numpy-config.exe
[2025-03-28T13:57:36.906+0000] {processor.py:914} INFO - Processing file /opt/airflow/dags/env/Scripts/numpy-config.exe for tasks to queue
[2025-03-28T13:57:36.908+0000] {logging_mixin.py:190} INFO - [2025-03-28T13:57:36.908+0000] {dagbag.py:588} INFO - Filling up the DagBag from /opt/airflow/dags/env/Scripts/numpy-config.exe
[2025-03-28T13:57:36.919+0000] {logging_mixin.py:190} INFO - [2025-03-28T13:57:36.919+0000] {dagbag.py:435} INFO - File /opt/airflow/dags/env/Scripts/numpy-config.exe:__main__.py assumed to contain no DAGs. Skipping.
[2025-03-28T13:57:36.920+0000] {processor.py:927} WARNING - No viable dags retrieved from /opt/airflow/dags/env/Scripts/numpy-config.exe
[2025-03-28T13:57:36.944+0000] {processor.py:208} INFO - Processing /opt/airflow/dags/env/Scripts/numpy-config.exe took 0.050 seconds
[2025-03-28T14:02:02.844+0000] {processor.py:186} INFO - Started process (PID=2552) to work on /opt/airflow/dags/env/Scripts/numpy-config.exe
[2025-03-28T14:02:02.845+0000] {processor.py:914} INFO - Processing file /opt/airflow/dags/env/Scripts/numpy-config.exe for tasks to queue
[2025-03-28T14:02:02.847+0000] {logging_mixin.py:190} INFO - [2025-03-28T14:02:02.846+0000] {dagbag.py:588} INFO - Filling up the DagBag from /opt/airflow/dags/env/Scripts/numpy-config.exe
[2025-03-28T14:02:02.859+0000] {logging_mixin.py:190} INFO - [2025-03-28T14:02:02.858+0000] {dagbag.py:435} INFO - File /opt/airflow/dags/env/Scripts/numpy-config.exe:__main__.py assumed to contain no DAGs. Skipping.
[2025-03-28T14:02:02.860+0000] {processor.py:927} WARNING - No viable dags retrieved from /opt/airflow/dags/env/Scripts/numpy-config.exe
[2025-03-28T14:02:02.884+0000] {processor.py:208} INFO - Processing /opt/airflow/dags/env/Scripts/numpy-config.exe took 0.052 seconds
[2025-03-28T14:02:34.157+0000] {processor.py:186} INFO - Started process (PID=2576) to work on /opt/airflow/dags/env/Scripts/numpy-config.exe
[2025-03-28T14:02:34.158+0000] {processor.py:914} INFO - Processing file /opt/airflow/dags/env/Scripts/numpy-config.exe for tasks to queue
[2025-03-28T14:02:34.161+0000] {logging_mixin.py:190} INFO - [2025-03-28T14:02:34.160+0000] {dagbag.py:588} INFO - Filling up the DagBag from /opt/airflow/dags/env/Scripts/numpy-config.exe
[2025-03-28T14:02:34.179+0000] {logging_mixin.py:190} INFO - [2025-03-28T14:02:34.178+0000] {dagbag.py:435} INFO - File /opt/airflow/dags/env/Scripts/numpy-config.exe:__main__.py assumed to contain no DAGs. Skipping.
[2025-03-28T14:02:34.180+0000] {processor.py:927} WARNING - No viable dags retrieved from /opt/airflow/dags/env/Scripts/numpy-config.exe
[2025-03-28T14:02:34.207+0000] {processor.py:208} INFO - Processing /opt/airflow/dags/env/Scripts/numpy-config.exe took 0.069 seconds
[2025-03-28T14:07:06.550+0000] {processor.py:186} INFO - Started process (PID=2607) to work on /opt/airflow/dags/env/Scripts/numpy-config.exe
[2025-03-28T14:07:06.551+0000] {processor.py:914} INFO - Processing file /opt/airflow/dags/env/Scripts/numpy-config.exe for tasks to queue
[2025-03-28T14:07:06.553+0000] {logging_mixin.py:190} INFO - [2025-03-28T14:07:06.553+0000] {dagbag.py:588} INFO - Filling up the DagBag from /opt/airflow/dags/env/Scripts/numpy-config.exe
[2025-03-28T14:07:06.567+0000] {logging_mixin.py:190} INFO - [2025-03-28T14:07:06.566+0000] {dagbag.py:435} INFO - File /opt/airflow/dags/env/Scripts/numpy-config.exe:__main__.py assumed to contain no DAGs. Skipping.
[2025-03-28T14:07:06.568+0000] {processor.py:927} WARNING - No viable dags retrieved from /opt/airflow/dags/env/Scripts/numpy-config.exe
[2025-03-28T14:07:06.590+0000] {processor.py:208} INFO - Processing /opt/airflow/dags/env/Scripts/numpy-config.exe took 0.051 seconds
[2025-03-28T14:07:39.171+0000] {processor.py:186} INFO - Started process (PID=2631) to work on /opt/airflow/dags/env/Scripts/numpy-config.exe
[2025-03-28T14:07:39.172+0000] {processor.py:914} INFO - Processing file /opt/airflow/dags/env/Scripts/numpy-config.exe for tasks to queue
[2025-03-28T14:07:39.174+0000] {logging_mixin.py:190} INFO - [2025-03-28T14:07:39.173+0000] {dagbag.py:588} INFO - Filling up the DagBag from /opt/airflow/dags/env/Scripts/numpy-config.exe
[2025-03-28T14:07:39.187+0000] {logging_mixin.py:190} INFO - [2025-03-28T14:07:39.186+0000] {dagbag.py:435} INFO - File /opt/airflow/dags/env/Scripts/numpy-config.exe:__main__.py assumed to contain no DAGs. Skipping.
[2025-03-28T14:07:39.188+0000] {processor.py:927} WARNING - No viable dags retrieved from /opt/airflow/dags/env/Scripts/numpy-config.exe
[2025-03-28T14:07:39.210+0000] {processor.py:208} INFO - Processing /opt/airflow/dags/env/Scripts/numpy-config.exe took 0.051 seconds
[2025-03-28T14:12:07.233+0000] {processor.py:186} INFO - Started process (PID=2659) to work on /opt/airflow/dags/env/Scripts/numpy-config.exe
[2025-03-28T14:12:07.235+0000] {processor.py:914} INFO - Processing file /opt/airflow/dags/env/Scripts/numpy-config.exe for tasks to queue
[2025-03-28T14:12:07.236+0000] {logging_mixin.py:190} INFO - [2025-03-28T14:12:07.236+0000] {dagbag.py:588} INFO - Filling up the DagBag from /opt/airflow/dags/env/Scripts/numpy-config.exe
[2025-03-28T14:12:07.249+0000] {logging_mixin.py:190} INFO - [2025-03-28T14:12:07.249+0000] {dagbag.py:435} INFO - File /opt/airflow/dags/env/Scripts/numpy-config.exe:__main__.py assumed to contain no DAGs. Skipping.
[2025-03-28T14:12:07.250+0000] {processor.py:927} WARNING - No viable dags retrieved from /opt/airflow/dags/env/Scripts/numpy-config.exe
[2025-03-28T14:12:07.279+0000] {processor.py:208} INFO - Processing /opt/airflow/dags/env/Scripts/numpy-config.exe took 0.057 seconds
[2025-03-28T14:12:37.743+0000] {processor.py:186} INFO - Started process (PID=2683) to work on /opt/airflow/dags/env/Scripts/numpy-config.exe
[2025-03-28T14:12:37.745+0000] {processor.py:914} INFO - Processing file /opt/airflow/dags/env/Scripts/numpy-config.exe for tasks to queue
[2025-03-28T14:12:37.747+0000] {logging_mixin.py:190} INFO - [2025-03-28T14:12:37.746+0000] {dagbag.py:588} INFO - Filling up the DagBag from /opt/airflow/dags/env/Scripts/numpy-config.exe
[2025-03-28T14:12:37.760+0000] {logging_mixin.py:190} INFO - [2025-03-28T14:12:37.759+0000] {dagbag.py:435} INFO - File /opt/airflow/dags/env/Scripts/numpy-config.exe:__main__.py assumed to contain no DAGs. Skipping.
[2025-03-28T14:12:37.761+0000] {processor.py:927} WARNING - No viable dags retrieved from /opt/airflow/dags/env/Scripts/numpy-config.exe
[2025-03-28T14:12:37.784+0000] {processor.py:208} INFO - Processing /opt/airflow/dags/env/Scripts/numpy-config.exe took 0.053 seconds
[2025-03-28T14:17:12.384+0000] {processor.py:186} INFO - Started process (PID=2711) to work on /opt/airflow/dags/env/Scripts/numpy-config.exe
[2025-03-28T14:17:12.385+0000] {processor.py:914} INFO - Processing file /opt/airflow/dags/env/Scripts/numpy-config.exe for tasks to queue
[2025-03-28T14:17:12.387+0000] {logging_mixin.py:190} INFO - [2025-03-28T14:17:12.387+0000] {dagbag.py:588} INFO - Filling up the DagBag from /opt/airflow/dags/env/Scripts/numpy-config.exe
[2025-03-28T14:17:12.400+0000] {logging_mixin.py:190} INFO - [2025-03-28T14:17:12.400+0000] {dagbag.py:435} INFO - File /opt/airflow/dags/env/Scripts/numpy-config.exe:__main__.py assumed to contain no DAGs. Skipping.
[2025-03-28T14:17:12.401+0000] {processor.py:927} WARNING - No viable dags retrieved from /opt/airflow/dags/env/Scripts/numpy-config.exe
[2025-03-28T14:17:12.423+0000] {processor.py:208} INFO - Processing /opt/airflow/dags/env/Scripts/numpy-config.exe took 0.052 seconds
[2025-03-28T14:17:43.766+0000] {processor.py:186} INFO - Started process (PID=2735) to work on /opt/airflow/dags/env/Scripts/numpy-config.exe
[2025-03-28T14:17:43.767+0000] {processor.py:914} INFO - Processing file /opt/airflow/dags/env/Scripts/numpy-config.exe for tasks to queue
[2025-03-28T14:17:43.769+0000] {logging_mixin.py:190} INFO - [2025-03-28T14:17:43.769+0000] {dagbag.py:588} INFO - Filling up the DagBag from /opt/airflow/dags/env/Scripts/numpy-config.exe
[2025-03-28T14:17:43.780+0000] {logging_mixin.py:190} INFO - [2025-03-28T14:17:43.780+0000] {dagbag.py:435} INFO - File /opt/airflow/dags/env/Scripts/numpy-config.exe:__main__.py assumed to contain no DAGs. Skipping.
[2025-03-28T14:17:43.781+0000] {processor.py:927} WARNING - No viable dags retrieved from /opt/airflow/dags/env/Scripts/numpy-config.exe
[2025-03-28T14:17:43.803+0000] {processor.py:208} INFO - Processing /opt/airflow/dags/env/Scripts/numpy-config.exe took 0.048 seconds
[2025-03-28T14:22:07.083+0000] {processor.py:186} INFO - Started process (PID=2760) to work on /opt/airflow/dags/env/Scripts/numpy-config.exe
[2025-03-28T14:22:07.084+0000] {processor.py:914} INFO - Processing file /opt/airflow/dags/env/Scripts/numpy-config.exe for tasks to queue
[2025-03-28T14:22:07.086+0000] {logging_mixin.py:190} INFO - [2025-03-28T14:22:07.086+0000] {dagbag.py:588} INFO - Filling up the DagBag from /opt/airflow/dags/env/Scripts/numpy-config.exe
[2025-03-28T14:22:07.099+0000] {logging_mixin.py:190} INFO - [2025-03-28T14:22:07.099+0000] {dagbag.py:435} INFO - File /opt/airflow/dags/env/Scripts/numpy-config.exe:__main__.py assumed to contain no DAGs. Skipping.
[2025-03-28T14:22:07.100+0000] {processor.py:927} WARNING - No viable dags retrieved from /opt/airflow/dags/env/Scripts/numpy-config.exe
[2025-03-28T14:22:07.122+0000] {processor.py:208} INFO - Processing /opt/airflow/dags/env/Scripts/numpy-config.exe took 0.052 seconds
[2025-03-28T14:22:39.582+0000] {processor.py:186} INFO - Started process (PID=2784) to work on /opt/airflow/dags/env/Scripts/numpy-config.exe
[2025-03-28T14:22:39.584+0000] {processor.py:914} INFO - Processing file /opt/airflow/dags/env/Scripts/numpy-config.exe for tasks to queue
[2025-03-28T14:22:39.586+0000] {logging_mixin.py:190} INFO - [2025-03-28T14:22:39.585+0000] {dagbag.py:588} INFO - Filling up the DagBag from /opt/airflow/dags/env/Scripts/numpy-config.exe
[2025-03-28T14:22:39.599+0000] {logging_mixin.py:190} INFO - [2025-03-28T14:22:39.599+0000] {dagbag.py:435} INFO - File /opt/airflow/dags/env/Scripts/numpy-config.exe:__main__.py assumed to contain no DAGs. Skipping.
[2025-03-28T14:22:39.600+0000] {processor.py:927} WARNING - No viable dags retrieved from /opt/airflow/dags/env/Scripts/numpy-config.exe
[2025-03-28T14:22:39.623+0000] {processor.py:208} INFO - Processing /opt/airflow/dags/env/Scripts/numpy-config.exe took 0.052 seconds
[2025-03-28T14:27:06.385+0000] {processor.py:186} INFO - Started process (PID=2813) to work on /opt/airflow/dags/env/Scripts/numpy-config.exe
[2025-03-28T14:27:06.387+0000] {processor.py:914} INFO - Processing file /opt/airflow/dags/env/Scripts/numpy-config.exe for tasks to queue
[2025-03-28T14:27:06.388+0000] {logging_mixin.py:190} INFO - [2025-03-28T14:27:06.388+0000] {dagbag.py:588} INFO - Filling up the DagBag from /opt/airflow/dags/env/Scripts/numpy-config.exe
[2025-03-28T14:27:06.399+0000] {logging_mixin.py:190} INFO - [2025-03-28T14:27:06.399+0000] {dagbag.py:435} INFO - File /opt/airflow/dags/env/Scripts/numpy-config.exe:__main__.py assumed to contain no DAGs. Skipping.
[2025-03-28T14:27:06.401+0000] {processor.py:927} WARNING - No viable dags retrieved from /opt/airflow/dags/env/Scripts/numpy-config.exe
[2025-03-28T14:27:06.422+0000] {processor.py:208} INFO - Processing /opt/airflow/dags/env/Scripts/numpy-config.exe took 0.050 seconds
[2025-03-28T14:27:37.787+0000] {processor.py:186} INFO - Started process (PID=2837) to work on /opt/airflow/dags/env/Scripts/numpy-config.exe
[2025-03-28T14:27:37.788+0000] {processor.py:914} INFO - Processing file /opt/airflow/dags/env/Scripts/numpy-config.exe for tasks to queue
[2025-03-28T14:27:37.790+0000] {logging_mixin.py:190} INFO - [2025-03-28T14:27:37.789+0000] {dagbag.py:588} INFO - Filling up the DagBag from /opt/airflow/dags/env/Scripts/numpy-config.exe
[2025-03-28T14:27:37.803+0000] {logging_mixin.py:190} INFO - [2025-03-28T14:27:37.803+0000] {dagbag.py:435} INFO - File /opt/airflow/dags/env/Scripts/numpy-config.exe:__main__.py assumed to contain no DAGs. Skipping.
[2025-03-28T14:27:37.804+0000] {processor.py:927} WARNING - No viable dags retrieved from /opt/airflow/dags/env/Scripts/numpy-config.exe
[2025-03-28T14:27:37.827+0000] {processor.py:208} INFO - Processing /opt/airflow/dags/env/Scripts/numpy-config.exe took 0.051 seconds
[2025-03-28T14:32:04.427+0000] {processor.py:186} INFO - Started process (PID=2867) to work on /opt/airflow/dags/env/Scripts/numpy-config.exe
[2025-03-28T14:32:04.428+0000] {processor.py:914} INFO - Processing file /opt/airflow/dags/env/Scripts/numpy-config.exe for tasks to queue
[2025-03-28T14:32:04.430+0000] {logging_mixin.py:190} INFO - [2025-03-28T14:32:04.430+0000] {dagbag.py:588} INFO - Filling up the DagBag from /opt/airflow/dags/env/Scripts/numpy-config.exe
[2025-03-28T14:32:04.444+0000] {logging_mixin.py:190} INFO - [2025-03-28T14:32:04.444+0000] {dagbag.py:435} INFO - File /opt/airflow/dags/env/Scripts/numpy-config.exe:__main__.py assumed to contain no DAGs. Skipping.
[2025-03-28T14:32:04.446+0000] {processor.py:927} WARNING - No viable dags retrieved from /opt/airflow/dags/env/Scripts/numpy-config.exe
[2025-03-28T14:32:04.470+0000] {processor.py:208} INFO - Processing /opt/airflow/dags/env/Scripts/numpy-config.exe took 0.055 seconds
[2025-03-28T14:32:35.692+0000] {processor.py:186} INFO - Started process (PID=2891) to work on /opt/airflow/dags/env/Scripts/numpy-config.exe
[2025-03-28T14:32:35.693+0000] {processor.py:914} INFO - Processing file /opt/airflow/dags/env/Scripts/numpy-config.exe for tasks to queue
[2025-03-28T14:32:35.695+0000] {logging_mixin.py:190} INFO - [2025-03-28T14:32:35.695+0000] {dagbag.py:588} INFO - Filling up the DagBag from /opt/airflow/dags/env/Scripts/numpy-config.exe
[2025-03-28T14:32:35.708+0000] {logging_mixin.py:190} INFO - [2025-03-28T14:32:35.708+0000] {dagbag.py:435} INFO - File /opt/airflow/dags/env/Scripts/numpy-config.exe:__main__.py assumed to contain no DAGs. Skipping.
[2025-03-28T14:32:35.709+0000] {processor.py:927} WARNING - No viable dags retrieved from /opt/airflow/dags/env/Scripts/numpy-config.exe
[2025-03-28T14:32:35.732+0000] {processor.py:208} INFO - Processing /opt/airflow/dags/env/Scripts/numpy-config.exe took 0.051 seconds
[2025-03-28T14:37:18.549+0000] {processor.py:186} INFO - Started process (PID=2923) to work on /opt/airflow/dags/env/Scripts/numpy-config.exe
[2025-03-28T14:37:18.551+0000] {processor.py:914} INFO - Processing file /opt/airflow/dags/env/Scripts/numpy-config.exe for tasks to queue
[2025-03-28T14:37:18.553+0000] {logging_mixin.py:190} INFO - [2025-03-28T14:37:18.552+0000] {dagbag.py:588} INFO - Filling up the DagBag from /opt/airflow/dags/env/Scripts/numpy-config.exe
[2025-03-28T14:37:18.564+0000] {logging_mixin.py:190} INFO - [2025-03-28T14:37:18.564+0000] {dagbag.py:435} INFO - File /opt/airflow/dags/env/Scripts/numpy-config.exe:__main__.py assumed to contain no DAGs. Skipping.
[2025-03-28T14:37:18.565+0000] {processor.py:927} WARNING - No viable dags retrieved from /opt/airflow/dags/env/Scripts/numpy-config.exe
[2025-03-28T14:37:18.590+0000] {processor.py:208} INFO - Processing /opt/airflow/dags/env/Scripts/numpy-config.exe took 0.053 seconds
[2025-03-28T14:37:50.190+0000] {processor.py:186} INFO - Started process (PID=2947) to work on /opt/airflow/dags/env/Scripts/numpy-config.exe
[2025-03-28T14:37:50.191+0000] {processor.py:914} INFO - Processing file /opt/airflow/dags/env/Scripts/numpy-config.exe for tasks to queue
[2025-03-28T14:37:50.193+0000] {logging_mixin.py:190} INFO - [2025-03-28T14:37:50.192+0000] {dagbag.py:588} INFO - Filling up the DagBag from /opt/airflow/dags/env/Scripts/numpy-config.exe
[2025-03-28T14:37:50.205+0000] {logging_mixin.py:190} INFO - [2025-03-28T14:37:50.205+0000] {dagbag.py:435} INFO - File /opt/airflow/dags/env/Scripts/numpy-config.exe:__main__.py assumed to contain no DAGs. Skipping.
[2025-03-28T14:37:50.206+0000] {processor.py:927} WARNING - No viable dags retrieved from /opt/airflow/dags/env/Scripts/numpy-config.exe
[2025-03-28T14:37:50.232+0000] {processor.py:208} INFO - Processing /opt/airflow/dags/env/Scripts/numpy-config.exe took 0.056 seconds
[2025-03-28T15:04:54.500+0000] {processor.py:186} INFO - Started process (PID=110) to work on /opt/airflow/dags/env/Scripts/numpy-config.exe
[2025-03-28T15:04:54.503+0000] {processor.py:914} INFO - Processing file /opt/airflow/dags/env/Scripts/numpy-config.exe for tasks to queue
[2025-03-28T15:04:54.514+0000] {logging_mixin.py:190} INFO - [2025-03-28T15:04:54.513+0000] {dagbag.py:588} INFO - Filling up the DagBag from /opt/airflow/dags/env/Scripts/numpy-config.exe
[2025-03-28T15:04:54.533+0000] {logging_mixin.py:190} INFO - [2025-03-28T15:04:54.532+0000] {dagbag.py:435} INFO - File /opt/airflow/dags/env/Scripts/numpy-config.exe:__main__.py assumed to contain no DAGs. Skipping.
[2025-03-28T15:04:54.534+0000] {processor.py:927} WARNING - No viable dags retrieved from /opt/airflow/dags/env/Scripts/numpy-config.exe
[2025-03-28T15:04:54.574+0000] {processor.py:208} INFO - Processing /opt/airflow/dags/env/Scripts/numpy-config.exe took 0.088 seconds
[2025-03-28T15:05:28.609+0000] {processor.py:186} INFO - Started process (PID=134) to work on /opt/airflow/dags/env/Scripts/numpy-config.exe
[2025-03-28T15:05:28.611+0000] {processor.py:914} INFO - Processing file /opt/airflow/dags/env/Scripts/numpy-config.exe for tasks to queue
[2025-03-28T15:05:28.617+0000] {logging_mixin.py:190} INFO - [2025-03-28T15:05:28.616+0000] {dagbag.py:588} INFO - Filling up the DagBag from /opt/airflow/dags/env/Scripts/numpy-config.exe
[2025-03-28T15:05:28.640+0000] {logging_mixin.py:190} INFO - [2025-03-28T15:05:28.639+0000] {dagbag.py:435} INFO - File /opt/airflow/dags/env/Scripts/numpy-config.exe:__main__.py assumed to contain no DAGs. Skipping.
[2025-03-28T15:05:28.641+0000] {processor.py:927} WARNING - No viable dags retrieved from /opt/airflow/dags/env/Scripts/numpy-config.exe
[2025-03-28T15:05:28.686+0000] {processor.py:208} INFO - Processing /opt/airflow/dags/env/Scripts/numpy-config.exe took 0.093 seconds
[2025-03-28T15:16:28.590+0000] {processor.py:186} INFO - Started process (PID=169) to work on /opt/airflow/dags/env/Scripts/numpy-config.exe
[2025-03-28T15:16:28.592+0000] {processor.py:914} INFO - Processing file /opt/airflow/dags/env/Scripts/numpy-config.exe for tasks to queue
[2025-03-28T15:16:28.595+0000] {logging_mixin.py:190} INFO - [2025-03-28T15:16:28.594+0000] {dagbag.py:588} INFO - Filling up the DagBag from /opt/airflow/dags/env/Scripts/numpy-config.exe
[2025-03-28T15:16:28.611+0000] {logging_mixin.py:190} INFO - [2025-03-28T15:16:28.610+0000] {dagbag.py:435} INFO - File /opt/airflow/dags/env/Scripts/numpy-config.exe:__main__.py assumed to contain no DAGs. Skipping.
[2025-03-28T15:16:28.613+0000] {processor.py:927} WARNING - No viable dags retrieved from /opt/airflow/dags/env/Scripts/numpy-config.exe
[2025-03-28T15:16:28.642+0000] {processor.py:208} INFO - Processing /opt/airflow/dags/env/Scripts/numpy-config.exe took 0.063 seconds
[2025-03-28T15:33:36.851+0000] {processor.py:186} INFO - Started process (PID=213) to work on /opt/airflow/dags/env/Scripts/numpy-config.exe
[2025-03-28T15:33:36.853+0000] {processor.py:914} INFO - Processing file /opt/airflow/dags/env/Scripts/numpy-config.exe for tasks to queue
[2025-03-28T15:33:36.858+0000] {logging_mixin.py:190} INFO - [2025-03-28T15:33:36.857+0000] {dagbag.py:588} INFO - Filling up the DagBag from /opt/airflow/dags/env/Scripts/numpy-config.exe
[2025-03-28T15:33:36.880+0000] {logging_mixin.py:190} INFO - [2025-03-28T15:33:36.880+0000] {dagbag.py:435} INFO - File /opt/airflow/dags/env/Scripts/numpy-config.exe:__main__.py assumed to contain no DAGs. Skipping.
[2025-03-28T15:33:36.882+0000] {processor.py:927} WARNING - No viable dags retrieved from /opt/airflow/dags/env/Scripts/numpy-config.exe
[2025-03-28T15:33:36.922+0000] {processor.py:208} INFO - Processing /opt/airflow/dags/env/Scripts/numpy-config.exe took 0.089 seconds
[2025-03-28T17:55:15.496+0000] {processor.py:186} INFO - Started process (PID=306) to work on /opt/airflow/dags/env/Scripts/numpy-config.exe
[2025-03-28T17:55:15.500+0000] {processor.py:914} INFO - Processing file /opt/airflow/dags/env/Scripts/numpy-config.exe for tasks to queue
[2025-03-28T17:55:15.507+0000] {logging_mixin.py:190} INFO - [2025-03-28T17:55:15.505+0000] {dagbag.py:588} INFO - Filling up the DagBag from /opt/airflow/dags/env/Scripts/numpy-config.exe
[2025-03-28T17:55:15.538+0000] {logging_mixin.py:190} INFO - [2025-03-28T17:55:15.538+0000] {dagbag.py:435} INFO - File /opt/airflow/dags/env/Scripts/numpy-config.exe:__main__.py assumed to contain no DAGs. Skipping.
[2025-03-28T17:55:15.541+0000] {processor.py:927} WARNING - No viable dags retrieved from /opt/airflow/dags/env/Scripts/numpy-config.exe
[2025-03-28T17:55:15.594+0000] {processor.py:208} INFO - Processing /opt/airflow/dags/env/Scripts/numpy-config.exe took 0.117 seconds
[2025-03-28T21:05:59.383+0000] {processor.py:186} INFO - Started process (PID=332) to work on /opt/airflow/dags/env/Scripts/numpy-config.exe
[2025-03-28T21:05:59.386+0000] {processor.py:914} INFO - Processing file /opt/airflow/dags/env/Scripts/numpy-config.exe for tasks to queue
[2025-03-28T21:05:59.393+0000] {logging_mixin.py:190} INFO - [2025-03-28T21:05:59.391+0000] {dagbag.py:588} INFO - Filling up the DagBag from /opt/airflow/dags/env/Scripts/numpy-config.exe
[2025-03-28T21:05:59.422+0000] {logging_mixin.py:190} INFO - [2025-03-28T21:05:59.421+0000] {dagbag.py:435} INFO - File /opt/airflow/dags/env/Scripts/numpy-config.exe:__main__.py assumed to contain no DAGs. Skipping.
[2025-03-28T21:05:59.424+0000] {processor.py:927} WARNING - No viable dags retrieved from /opt/airflow/dags/env/Scripts/numpy-config.exe
[2025-03-28T21:05:59.469+0000] {processor.py:208} INFO - Processing /opt/airflow/dags/env/Scripts/numpy-config.exe took 0.103 seconds
