[2025-03-28T03:46:06.151+0000] {processor.py:186} INFO - Started process (PID=248) to work on /opt/airflow/dags/env/Scripts/pip.exe
[2025-03-28T03:46:06.153+0000] {processor.py:914} INFO - Processing file /opt/airflow/dags/env/Scripts/pip.exe for tasks to queue
[2025-03-28T03:46:06.156+0000] {logging_mixin.py:190} INFO - [2025-03-28T03:46:06.156+0000] {dagbag.py:588} INFO - Filling up the DagBag from /opt/airflow/dags/env/Scripts/pip.exe
[2025-03-28T03:46:06.180+0000] {logging_mixin.py:190} INFO - [2025-03-28T03:46:06.180+0000] {dagbag.py:435} INFO - File /opt/airflow/dags/env/Scripts/pip.exe:__main__.py assumed to contain no DAGs. Skipping.
[2025-03-28T03:46:06.182+0000] {processor.py:927} WARNING - No viable dags retrieved from /opt/airflow/dags/env/Scripts/pip.exe
[2025-03-28T03:46:06.211+0000] {processor.py:208} INFO - Processing /opt/airflow/dags/env/Scripts/pip.exe took 0.076 seconds
[2025-03-28T05:05:36.702+0000] {processor.py:186} INFO - Started process (PID=326) to work on /opt/airflow/dags/env/Scripts/pip.exe
[2025-03-28T05:05:36.704+0000] {processor.py:914} INFO - Processing file /opt/airflow/dags/env/Scripts/pip.exe for tasks to queue
[2025-03-28T05:05:36.707+0000] {logging_mixin.py:190} INFO - [2025-03-28T05:05:36.706+0000] {dagbag.py:588} INFO - Filling up the DagBag from /opt/airflow/dags/env/Scripts/pip.exe
[2025-03-28T05:05:36.720+0000] {logging_mixin.py:190} INFO - [2025-03-28T05:05:36.720+0000] {dagbag.py:435} INFO - File /opt/airflow/dags/env/Scripts/pip.exe:__main__.py assumed to contain no DAGs. Skipping.
[2025-03-28T05:05:36.721+0000] {processor.py:927} WARNING - No viable dags retrieved from /opt/airflow/dags/env/Scripts/pip.exe
[2025-03-28T05:05:36.746+0000] {processor.py:208} INFO - Processing /opt/airflow/dags/env/Scripts/pip.exe took 0.054 seconds
[2025-03-28T05:06:09.140+0000] {processor.py:186} INFO - Started process (PID=350) to work on /opt/airflow/dags/env/Scripts/pip.exe
[2025-03-28T05:06:09.142+0000] {processor.py:914} INFO - Processing file /opt/airflow/dags/env/Scripts/pip.exe for tasks to queue
[2025-03-28T05:06:09.147+0000] {logging_mixin.py:190} INFO - [2025-03-28T05:06:09.147+0000] {dagbag.py:588} INFO - Filling up the DagBag from /opt/airflow/dags/env/Scripts/pip.exe
[2025-03-28T05:06:09.170+0000] {logging_mixin.py:190} INFO - [2025-03-28T05:06:09.170+0000] {dagbag.py:435} INFO - File /opt/airflow/dags/env/Scripts/pip.exe:__main__.py assumed to contain no DAGs. Skipping.
[2025-03-28T05:06:09.172+0000] {processor.py:927} WARNING - No viable dags retrieved from /opt/airflow/dags/env/Scripts/pip.exe
[2025-03-28T05:06:09.211+0000] {processor.py:208} INFO - Processing /opt/airflow/dags/env/Scripts/pip.exe took 0.097 seconds
[2025-03-28T05:18:01.931+0000] {processor.py:186} INFO - Started process (PID=400) to work on /opt/airflow/dags/env/Scripts/pip.exe
[2025-03-28T05:18:01.932+0000] {processor.py:914} INFO - Processing file /opt/airflow/dags/env/Scripts/pip.exe for tasks to queue
[2025-03-28T05:18:01.935+0000] {logging_mixin.py:190} INFO - [2025-03-28T05:18:01.935+0000] {dagbag.py:588} INFO - Filling up the DagBag from /opt/airflow/dags/env/Scripts/pip.exe
[2025-03-28T05:18:01.947+0000] {logging_mixin.py:190} INFO - [2025-03-28T05:18:01.947+0000] {dagbag.py:435} INFO - File /opt/airflow/dags/env/Scripts/pip.exe:__main__.py assumed to contain no DAGs. Skipping.
[2025-03-28T05:18:01.948+0000] {processor.py:927} WARNING - No viable dags retrieved from /opt/airflow/dags/env/Scripts/pip.exe
[2025-03-28T05:18:01.970+0000] {processor.py:208} INFO - Processing /opt/airflow/dags/env/Scripts/pip.exe took 0.049 seconds
[2025-03-28T05:34:47.607+0000] {processor.py:186} INFO - Started process (PID=449) to work on /opt/airflow/dags/env/Scripts/pip.exe
[2025-03-28T05:34:47.609+0000] {processor.py:914} INFO - Processing file /opt/airflow/dags/env/Scripts/pip.exe for tasks to queue
[2025-03-28T05:34:47.615+0000] {logging_mixin.py:190} INFO - [2025-03-28T05:34:47.613+0000] {dagbag.py:588} INFO - Filling up the DagBag from /opt/airflow/dags/env/Scripts/pip.exe
[2025-03-28T05:34:47.636+0000] {logging_mixin.py:190} INFO - [2025-03-28T05:34:47.636+0000] {dagbag.py:435} INFO - File /opt/airflow/dags/env/Scripts/pip.exe:__main__.py assumed to contain no DAGs. Skipping.
[2025-03-28T05:34:47.638+0000] {processor.py:927} WARNING - No viable dags retrieved from /opt/airflow/dags/env/Scripts/pip.exe
[2025-03-28T05:34:47.686+0000] {processor.py:208} INFO - Processing /opt/airflow/dags/env/Scripts/pip.exe took 0.117 seconds
[2025-03-28T05:45:15.049+0000] {processor.py:186} INFO - Started process (PID=513) to work on /opt/airflow/dags/env/Scripts/pip.exe
[2025-03-28T05:45:15.052+0000] {processor.py:914} INFO - Processing file /opt/airflow/dags/env/Scripts/pip.exe for tasks to queue
[2025-03-28T05:45:15.059+0000] {logging_mixin.py:190} INFO - [2025-03-28T05:45:15.058+0000] {dagbag.py:588} INFO - Filling up the DagBag from /opt/airflow/dags/env/Scripts/pip.exe
[2025-03-28T05:45:15.081+0000] {logging_mixin.py:190} INFO - [2025-03-28T05:45:15.081+0000] {dagbag.py:435} INFO - File /opt/airflow/dags/env/Scripts/pip.exe:__main__.py assumed to contain no DAGs. Skipping.
[2025-03-28T05:45:15.084+0000] {processor.py:927} WARNING - No viable dags retrieved from /opt/airflow/dags/env/Scripts/pip.exe
[2025-03-28T05:45:15.133+0000] {processor.py:208} INFO - Processing /opt/airflow/dags/env/Scripts/pip.exe took 0.119 seconds
[2025-03-28T06:05:51.809+0000] {processor.py:186} INFO - Started process (PID=667) to work on /opt/airflow/dags/env/Scripts/pip.exe
[2025-03-28T06:05:51.810+0000] {processor.py:914} INFO - Processing file /opt/airflow/dags/env/Scripts/pip.exe for tasks to queue
[2025-03-28T06:05:51.812+0000] {logging_mixin.py:190} INFO - [2025-03-28T06:05:51.811+0000] {dagbag.py:588} INFO - Filling up the DagBag from /opt/airflow/dags/env/Scripts/pip.exe
[2025-03-28T06:05:51.825+0000] {logging_mixin.py:190} INFO - [2025-03-28T06:05:51.824+0000] {dagbag.py:435} INFO - File /opt/airflow/dags/env/Scripts/pip.exe:__main__.py assumed to contain no DAGs. Skipping.
[2025-03-28T06:05:51.825+0000] {processor.py:927} WARNING - No viable dags retrieved from /opt/airflow/dags/env/Scripts/pip.exe
[2025-03-28T06:05:51.851+0000] {processor.py:208} INFO - Processing /opt/airflow/dags/env/Scripts/pip.exe took 0.056 seconds
[2025-03-28T06:47:16.248+0000] {processor.py:186} INFO - Started process (PID=948) to work on /opt/airflow/dags/env/Scripts/pip.exe
[2025-03-28T06:47:16.250+0000] {processor.py:914} INFO - Processing file /opt/airflow/dags/env/Scripts/pip.exe for tasks to queue
[2025-03-28T06:47:16.253+0000] {logging_mixin.py:190} INFO - [2025-03-28T06:47:16.252+0000] {dagbag.py:588} INFO - Filling up the DagBag from /opt/airflow/dags/env/Scripts/pip.exe
[2025-03-28T06:47:16.271+0000] {logging_mixin.py:190} INFO - [2025-03-28T06:47:16.271+0000] {dagbag.py:435} INFO - File /opt/airflow/dags/env/Scripts/pip.exe:__main__.py assumed to contain no DAGs. Skipping.
[2025-03-28T06:47:16.273+0000] {processor.py:927} WARNING - No viable dags retrieved from /opt/airflow/dags/env/Scripts/pip.exe
[2025-03-28T06:47:16.306+0000] {processor.py:208} INFO - Processing /opt/airflow/dags/env/Scripts/pip.exe took 0.082 seconds
[2025-03-28T08:42:55.531+0000] {processor.py:186} INFO - Started process (PID=1250) to work on /opt/airflow/dags/env/Scripts/pip.exe
[2025-03-28T08:42:55.533+0000] {processor.py:914} INFO - Processing file /opt/airflow/dags/env/Scripts/pip.exe for tasks to queue
[2025-03-28T08:42:55.536+0000] {logging_mixin.py:190} INFO - [2025-03-28T08:42:55.535+0000] {dagbag.py:588} INFO - Filling up the DagBag from /opt/airflow/dags/env/Scripts/pip.exe
[2025-03-28T08:42:55.554+0000] {logging_mixin.py:190} INFO - [2025-03-28T08:42:55.554+0000] {dagbag.py:435} INFO - File /opt/airflow/dags/env/Scripts/pip.exe:__main__.py assumed to contain no DAGs. Skipping.
[2025-03-28T08:42:55.556+0000] {processor.py:927} WARNING - No viable dags retrieved from /opt/airflow/dags/env/Scripts/pip.exe
[2025-03-28T08:42:55.587+0000] {processor.py:208} INFO - Processing /opt/airflow/dags/env/Scripts/pip.exe took 0.094 seconds
[2025-03-28T09:04:10.395+0000] {processor.py:186} INFO - Started process (PID=1333) to work on /opt/airflow/dags/env/Scripts/pip.exe
[2025-03-28T09:04:10.407+0000] {processor.py:914} INFO - Processing file /opt/airflow/dags/env/Scripts/pip.exe for tasks to queue
[2025-03-28T09:04:10.410+0000] {logging_mixin.py:190} INFO - [2025-03-28T09:04:10.409+0000] {dagbag.py:588} INFO - Filling up the DagBag from /opt/airflow/dags/env/Scripts/pip.exe
[2025-03-28T09:04:10.484+0000] {logging_mixin.py:190} INFO - [2025-03-28T09:04:10.483+0000] {dagbag.py:435} INFO - File /opt/airflow/dags/env/Scripts/pip.exe:__main__.py assumed to contain no DAGs. Skipping.
[2025-03-28T09:04:10.493+0000] {processor.py:927} WARNING - No viable dags retrieved from /opt/airflow/dags/env/Scripts/pip.exe
[2025-03-28T09:04:10.545+0000] {processor.py:208} INFO - Processing /opt/airflow/dags/env/Scripts/pip.exe took 0.202 seconds
[2025-03-28T09:31:09.189+0000] {processor.py:186} INFO - Started process (PID=1452) to work on /opt/airflow/dags/env/Scripts/pip.exe
[2025-03-28T09:31:09.191+0000] {processor.py:914} INFO - Processing file /opt/airflow/dags/env/Scripts/pip.exe for tasks to queue
[2025-03-28T09:31:09.194+0000] {logging_mixin.py:190} INFO - [2025-03-28T09:31:09.193+0000] {dagbag.py:588} INFO - Filling up the DagBag from /opt/airflow/dags/env/Scripts/pip.exe
[2025-03-28T09:31:09.207+0000] {logging_mixin.py:190} INFO - [2025-03-28T09:31:09.206+0000] {dagbag.py:435} INFO - File /opt/airflow/dags/env/Scripts/pip.exe:__main__.py assumed to contain no DAGs. Skipping.
[2025-03-28T09:31:09.208+0000] {processor.py:927} WARNING - No viable dags retrieved from /opt/airflow/dags/env/Scripts/pip.exe
[2025-03-28T09:31:09.243+0000] {processor.py:208} INFO - Processing /opt/airflow/dags/env/Scripts/pip.exe took 0.068 seconds
[2025-03-28T09:31:40.855+0000] {processor.py:186} INFO - Started process (PID=1476) to work on /opt/airflow/dags/env/Scripts/pip.exe
[2025-03-28T09:31:40.857+0000] {processor.py:914} INFO - Processing file /opt/airflow/dags/env/Scripts/pip.exe for tasks to queue
[2025-03-28T09:31:40.861+0000] {logging_mixin.py:190} INFO - [2025-03-28T09:31:40.860+0000] {dagbag.py:588} INFO - Filling up the DagBag from /opt/airflow/dags/env/Scripts/pip.exe
[2025-03-28T09:31:40.883+0000] {logging_mixin.py:190} INFO - [2025-03-28T09:31:40.882+0000] {dagbag.py:435} INFO - File /opt/airflow/dags/env/Scripts/pip.exe:__main__.py assumed to contain no DAGs. Skipping.
[2025-03-28T09:31:40.884+0000] {processor.py:927} WARNING - No viable dags retrieved from /opt/airflow/dags/env/Scripts/pip.exe
[2025-03-28T09:31:40.931+0000] {processor.py:208} INFO - Processing /opt/airflow/dags/env/Scripts/pip.exe took 0.107 seconds
[2025-03-28T09:42:12.101+0000] {processor.py:186} INFO - Started process (PID=1502) to work on /opt/airflow/dags/env/Scripts/pip.exe
[2025-03-28T09:42:12.103+0000] {processor.py:914} INFO - Processing file /opt/airflow/dags/env/Scripts/pip.exe for tasks to queue
[2025-03-28T09:42:12.105+0000] {logging_mixin.py:190} INFO - [2025-03-28T09:42:12.104+0000] {dagbag.py:588} INFO - Filling up the DagBag from /opt/airflow/dags/env/Scripts/pip.exe
[2025-03-28T09:42:12.118+0000] {logging_mixin.py:190} INFO - [2025-03-28T09:42:12.117+0000] {dagbag.py:435} INFO - File /opt/airflow/dags/env/Scripts/pip.exe:__main__.py assumed to contain no DAGs. Skipping.
[2025-03-28T09:42:12.119+0000] {processor.py:927} WARNING - No viable dags retrieved from /opt/airflow/dags/env/Scripts/pip.exe
[2025-03-28T09:42:12.140+0000] {processor.py:208} INFO - Processing /opt/airflow/dags/env/Scripts/pip.exe took 0.051 seconds
[2025-03-28T09:47:26.291+0000] {processor.py:186} INFO - Started process (PID=1536) to work on /opt/airflow/dags/env/Scripts/pip.exe
[2025-03-28T09:47:26.292+0000] {processor.py:914} INFO - Processing file /opt/airflow/dags/env/Scripts/pip.exe for tasks to queue
[2025-03-28T09:47:26.294+0000] {logging_mixin.py:190} INFO - [2025-03-28T09:47:26.294+0000] {dagbag.py:588} INFO - Filling up the DagBag from /opt/airflow/dags/env/Scripts/pip.exe
[2025-03-28T09:47:26.307+0000] {logging_mixin.py:190} INFO - [2025-03-28T09:47:26.307+0000] {dagbag.py:435} INFO - File /opt/airflow/dags/env/Scripts/pip.exe:__main__.py assumed to contain no DAGs. Skipping.
[2025-03-28T09:47:26.308+0000] {processor.py:927} WARNING - No viable dags retrieved from /opt/airflow/dags/env/Scripts/pip.exe
[2025-03-28T09:47:26.330+0000] {processor.py:208} INFO - Processing /opt/airflow/dags/env/Scripts/pip.exe took 0.056 seconds
[2025-03-28T09:52:37.807+0000] {processor.py:186} INFO - Started process (PID=1566) to work on /opt/airflow/dags/env/Scripts/pip.exe
[2025-03-28T09:52:37.810+0000] {processor.py:914} INFO - Processing file /opt/airflow/dags/env/Scripts/pip.exe for tasks to queue
[2025-03-28T09:52:37.815+0000] {logging_mixin.py:190} INFO - [2025-03-28T09:52:37.814+0000] {dagbag.py:588} INFO - Filling up the DagBag from /opt/airflow/dags/env/Scripts/pip.exe
[2025-03-28T09:52:37.839+0000] {logging_mixin.py:190} INFO - [2025-03-28T09:52:37.839+0000] {dagbag.py:435} INFO - File /opt/airflow/dags/env/Scripts/pip.exe:__main__.py assumed to contain no DAGs. Skipping.
[2025-03-28T09:52:37.841+0000] {processor.py:927} WARNING - No viable dags retrieved from /opt/airflow/dags/env/Scripts/pip.exe
[2025-03-28T09:52:37.882+0000] {processor.py:208} INFO - Processing /opt/airflow/dags/env/Scripts/pip.exe took 0.109 seconds
[2025-03-28T10:09:18.611+0000] {processor.py:186} INFO - Started process (PID=1591) to work on /opt/airflow/dags/env/Scripts/pip.exe
[2025-03-28T10:09:18.612+0000] {processor.py:914} INFO - Processing file /opt/airflow/dags/env/Scripts/pip.exe for tasks to queue
[2025-03-28T10:09:18.614+0000] {logging_mixin.py:190} INFO - [2025-03-28T10:09:18.613+0000] {dagbag.py:588} INFO - Filling up the DagBag from /opt/airflow/dags/env/Scripts/pip.exe
[2025-03-28T10:09:18.625+0000] {logging_mixin.py:190} INFO - [2025-03-28T10:09:18.625+0000] {dagbag.py:435} INFO - File /opt/airflow/dags/env/Scripts/pip.exe:__main__.py assumed to contain no DAGs. Skipping.
[2025-03-28T10:09:18.626+0000] {processor.py:927} WARNING - No viable dags retrieved from /opt/airflow/dags/env/Scripts/pip.exe
[2025-03-28T10:09:18.648+0000] {processor.py:208} INFO - Processing /opt/airflow/dags/env/Scripts/pip.exe took 0.048 seconds
[2025-03-28T10:27:12.456+0000] {processor.py:186} INFO - Started process (PID=1640) to work on /opt/airflow/dags/env/Scripts/pip.exe
[2025-03-28T10:27:12.457+0000] {processor.py:914} INFO - Processing file /opt/airflow/dags/env/Scripts/pip.exe for tasks to queue
[2025-03-28T10:27:12.460+0000] {logging_mixin.py:190} INFO - [2025-03-28T10:27:12.459+0000] {dagbag.py:588} INFO - Filling up the DagBag from /opt/airflow/dags/env/Scripts/pip.exe
[2025-03-28T10:27:12.476+0000] {logging_mixin.py:190} INFO - [2025-03-28T10:27:12.476+0000] {dagbag.py:435} INFO - File /opt/airflow/dags/env/Scripts/pip.exe:__main__.py assumed to contain no DAGs. Skipping.
[2025-03-28T10:27:12.477+0000] {processor.py:927} WARNING - No viable dags retrieved from /opt/airflow/dags/env/Scripts/pip.exe
[2025-03-28T10:27:12.513+0000] {processor.py:208} INFO - Processing /opt/airflow/dags/env/Scripts/pip.exe took 0.076 seconds
[2025-03-28T10:31:34.953+0000] {processor.py:186} INFO - Started process (PID=1666) to work on /opt/airflow/dags/env/Scripts/pip.exe
[2025-03-28T10:31:34.955+0000] {processor.py:914} INFO - Processing file /opt/airflow/dags/env/Scripts/pip.exe for tasks to queue
[2025-03-28T10:31:34.958+0000] {logging_mixin.py:190} INFO - [2025-03-28T10:31:34.957+0000] {dagbag.py:588} INFO - Filling up the DagBag from /opt/airflow/dags/env/Scripts/pip.exe
[2025-03-28T10:31:34.973+0000] {logging_mixin.py:190} INFO - [2025-03-28T10:31:34.972+0000] {dagbag.py:435} INFO - File /opt/airflow/dags/env/Scripts/pip.exe:__main__.py assumed to contain no DAGs. Skipping.
[2025-03-28T10:31:34.974+0000] {processor.py:927} WARNING - No viable dags retrieved from /opt/airflow/dags/env/Scripts/pip.exe
[2025-03-28T10:31:35.006+0000] {processor.py:208} INFO - Processing /opt/airflow/dags/env/Scripts/pip.exe took 0.067 seconds
[2025-03-28T10:32:07.525+0000] {processor.py:186} INFO - Started process (PID=1690) to work on /opt/airflow/dags/env/Scripts/pip.exe
[2025-03-28T10:32:07.527+0000] {processor.py:914} INFO - Processing file /opt/airflow/dags/env/Scripts/pip.exe for tasks to queue
[2025-03-28T10:32:07.531+0000] {logging_mixin.py:190} INFO - [2025-03-28T10:32:07.530+0000] {dagbag.py:588} INFO - Filling up the DagBag from /opt/airflow/dags/env/Scripts/pip.exe
[2025-03-28T10:32:07.547+0000] {logging_mixin.py:190} INFO - [2025-03-28T10:32:07.547+0000] {dagbag.py:435} INFO - File /opt/airflow/dags/env/Scripts/pip.exe:__main__.py assumed to contain no DAGs. Skipping.
[2025-03-28T10:32:07.549+0000] {processor.py:927} WARNING - No viable dags retrieved from /opt/airflow/dags/env/Scripts/pip.exe
[2025-03-28T10:32:07.579+0000] {processor.py:208} INFO - Processing /opt/airflow/dags/env/Scripts/pip.exe took 0.078 seconds
[2025-03-28T10:36:51.529+0000] {processor.py:186} INFO - Started process (PID=1720) to work on /opt/airflow/dags/env/Scripts/pip.exe
[2025-03-28T10:36:51.531+0000] {processor.py:914} INFO - Processing file /opt/airflow/dags/env/Scripts/pip.exe for tasks to queue
[2025-03-28T10:36:51.535+0000] {logging_mixin.py:190} INFO - [2025-03-28T10:36:51.534+0000] {dagbag.py:588} INFO - Filling up the DagBag from /opt/airflow/dags/env/Scripts/pip.exe
[2025-03-28T10:36:51.559+0000] {logging_mixin.py:190} INFO - [2025-03-28T10:36:51.558+0000] {dagbag.py:435} INFO - File /opt/airflow/dags/env/Scripts/pip.exe:__main__.py assumed to contain no DAGs. Skipping.
[2025-03-28T10:36:51.561+0000] {processor.py:927} WARNING - No viable dags retrieved from /opt/airflow/dags/env/Scripts/pip.exe
[2025-03-28T10:36:51.602+0000] {processor.py:208} INFO - Processing /opt/airflow/dags/env/Scripts/pip.exe took 0.096 seconds
[2025-03-28T11:52:37.233+0000] {processor.py:186} INFO - Started process (PID=1765) to work on /opt/airflow/dags/env/Scripts/pip.exe
[2025-03-28T11:52:37.234+0000] {processor.py:914} INFO - Processing file /opt/airflow/dags/env/Scripts/pip.exe for tasks to queue
[2025-03-28T11:52:37.236+0000] {logging_mixin.py:190} INFO - [2025-03-28T11:52:37.236+0000] {dagbag.py:588} INFO - Filling up the DagBag from /opt/airflow/dags/env/Scripts/pip.exe
[2025-03-28T11:52:37.250+0000] {logging_mixin.py:190} INFO - [2025-03-28T11:52:37.250+0000] {dagbag.py:435} INFO - File /opt/airflow/dags/env/Scripts/pip.exe:__main__.py assumed to contain no DAGs. Skipping.
[2025-03-28T11:52:37.251+0000] {processor.py:927} WARNING - No viable dags retrieved from /opt/airflow/dags/env/Scripts/pip.exe
[2025-03-28T11:52:37.274+0000] {processor.py:208} INFO - Processing /opt/airflow/dags/env/Scripts/pip.exe took 0.058 seconds
[2025-03-28T12:52:20.698+0000] {processor.py:186} INFO - Started process (PID=1812) to work on /opt/airflow/dags/env/Scripts/pip.exe
[2025-03-28T12:52:20.699+0000] {processor.py:914} INFO - Processing file /opt/airflow/dags/env/Scripts/pip.exe for tasks to queue
[2025-03-28T12:52:20.701+0000] {logging_mixin.py:190} INFO - [2025-03-28T12:52:20.701+0000] {dagbag.py:588} INFO - Filling up the DagBag from /opt/airflow/dags/env/Scripts/pip.exe
[2025-03-28T12:52:20.714+0000] {logging_mixin.py:190} INFO - [2025-03-28T12:52:20.714+0000] {dagbag.py:435} INFO - File /opt/airflow/dags/env/Scripts/pip.exe:__main__.py assumed to contain no DAGs. Skipping.
[2025-03-28T12:52:20.715+0000] {processor.py:927} WARNING - No viable dags retrieved from /opt/airflow/dags/env/Scripts/pip.exe
[2025-03-28T12:52:20.737+0000] {processor.py:208} INFO - Processing /opt/airflow/dags/env/Scripts/pip.exe took 0.051 seconds
[2025-03-28T12:52:51.927+0000] {processor.py:186} INFO - Started process (PID=1836) to work on /opt/airflow/dags/env/Scripts/pip.exe
[2025-03-28T12:52:51.929+0000] {processor.py:914} INFO - Processing file /opt/airflow/dags/env/Scripts/pip.exe for tasks to queue
[2025-03-28T12:52:51.930+0000] {logging_mixin.py:190} INFO - [2025-03-28T12:52:51.930+0000] {dagbag.py:588} INFO - Filling up the DagBag from /opt/airflow/dags/env/Scripts/pip.exe
[2025-03-28T12:52:51.943+0000] {logging_mixin.py:190} INFO - [2025-03-28T12:52:51.943+0000] {dagbag.py:435} INFO - File /opt/airflow/dags/env/Scripts/pip.exe:__main__.py assumed to contain no DAGs. Skipping.
[2025-03-28T12:52:51.944+0000] {processor.py:927} WARNING - No viable dags retrieved from /opt/airflow/dags/env/Scripts/pip.exe
[2025-03-28T12:52:51.976+0000] {processor.py:208} INFO - Processing /opt/airflow/dags/env/Scripts/pip.exe took 0.060 seconds
[2025-03-28T12:57:14.612+0000] {processor.py:186} INFO - Started process (PID=1862) to work on /opt/airflow/dags/env/Scripts/pip.exe
[2025-03-28T12:57:14.613+0000] {processor.py:914} INFO - Processing file /opt/airflow/dags/env/Scripts/pip.exe for tasks to queue
[2025-03-28T12:57:14.615+0000] {logging_mixin.py:190} INFO - [2025-03-28T12:57:14.615+0000] {dagbag.py:588} INFO - Filling up the DagBag from /opt/airflow/dags/env/Scripts/pip.exe
[2025-03-28T12:57:14.627+0000] {logging_mixin.py:190} INFO - [2025-03-28T12:57:14.627+0000] {dagbag.py:435} INFO - File /opt/airflow/dags/env/Scripts/pip.exe:__main__.py assumed to contain no DAGs. Skipping.
[2025-03-28T12:57:14.628+0000] {processor.py:927} WARNING - No viable dags retrieved from /opt/airflow/dags/env/Scripts/pip.exe
[2025-03-28T12:57:14.649+0000] {processor.py:208} INFO - Processing /opt/airflow/dags/env/Scripts/pip.exe took 0.053 seconds
[2025-03-28T12:57:45.056+0000] {processor.py:186} INFO - Started process (PID=1886) to work on /opt/airflow/dags/env/Scripts/pip.exe
[2025-03-28T12:57:45.058+0000] {processor.py:914} INFO - Processing file /opt/airflow/dags/env/Scripts/pip.exe for tasks to queue
[2025-03-28T12:57:45.062+0000] {logging_mixin.py:190} INFO - [2025-03-28T12:57:45.061+0000] {dagbag.py:588} INFO - Filling up the DagBag from /opt/airflow/dags/env/Scripts/pip.exe
[2025-03-28T12:57:45.085+0000] {logging_mixin.py:190} INFO - [2025-03-28T12:57:45.084+0000] {dagbag.py:435} INFO - File /opt/airflow/dags/env/Scripts/pip.exe:__main__.py assumed to contain no DAGs. Skipping.
[2025-03-28T12:57:45.087+0000] {processor.py:927} WARNING - No viable dags retrieved from /opt/airflow/dags/env/Scripts/pip.exe
[2025-03-28T12:57:45.115+0000] {processor.py:208} INFO - Processing /opt/airflow/dags/env/Scripts/pip.exe took 0.085 seconds
[2025-03-28T13:02:15.262+0000] {processor.py:186} INFO - Started process (PID=1915) to work on /opt/airflow/dags/env/Scripts/pip.exe
[2025-03-28T13:02:15.263+0000] {processor.py:914} INFO - Processing file /opt/airflow/dags/env/Scripts/pip.exe for tasks to queue
[2025-03-28T13:02:15.265+0000] {logging_mixin.py:190} INFO - [2025-03-28T13:02:15.265+0000] {dagbag.py:588} INFO - Filling up the DagBag from /opt/airflow/dags/env/Scripts/pip.exe
[2025-03-28T13:02:15.276+0000] {logging_mixin.py:190} INFO - [2025-03-28T13:02:15.276+0000] {dagbag.py:435} INFO - File /opt/airflow/dags/env/Scripts/pip.exe:__main__.py assumed to contain no DAGs. Skipping.
[2025-03-28T13:02:15.277+0000] {processor.py:927} WARNING - No viable dags retrieved from /opt/airflow/dags/env/Scripts/pip.exe
[2025-03-28T13:02:15.298+0000] {processor.py:208} INFO - Processing /opt/airflow/dags/env/Scripts/pip.exe took 0.046 seconds
[2025-03-28T13:02:46.720+0000] {processor.py:186} INFO - Started process (PID=1939) to work on /opt/airflow/dags/env/Scripts/pip.exe
[2025-03-28T13:02:46.721+0000] {processor.py:914} INFO - Processing file /opt/airflow/dags/env/Scripts/pip.exe for tasks to queue
[2025-03-28T13:02:46.723+0000] {logging_mixin.py:190} INFO - [2025-03-28T13:02:46.723+0000] {dagbag.py:588} INFO - Filling up the DagBag from /opt/airflow/dags/env/Scripts/pip.exe
[2025-03-28T13:02:46.735+0000] {logging_mixin.py:190} INFO - [2025-03-28T13:02:46.735+0000] {dagbag.py:435} INFO - File /opt/airflow/dags/env/Scripts/pip.exe:__main__.py assumed to contain no DAGs. Skipping.
[2025-03-28T13:02:46.736+0000] {processor.py:927} WARNING - No viable dags retrieved from /opt/airflow/dags/env/Scripts/pip.exe
[2025-03-28T13:02:46.761+0000] {processor.py:208} INFO - Processing /opt/airflow/dags/env/Scripts/pip.exe took 0.054 seconds
[2025-03-28T13:07:12.258+0000] {processor.py:186} INFO - Started process (PID=1966) to work on /opt/airflow/dags/env/Scripts/pip.exe
[2025-03-28T13:07:12.260+0000] {processor.py:914} INFO - Processing file /opt/airflow/dags/env/Scripts/pip.exe for tasks to queue
[2025-03-28T13:07:12.262+0000] {logging_mixin.py:190} INFO - [2025-03-28T13:07:12.261+0000] {dagbag.py:588} INFO - Filling up the DagBag from /opt/airflow/dags/env/Scripts/pip.exe
[2025-03-28T13:07:12.275+0000] {logging_mixin.py:190} INFO - [2025-03-28T13:07:12.275+0000] {dagbag.py:435} INFO - File /opt/airflow/dags/env/Scripts/pip.exe:__main__.py assumed to contain no DAGs. Skipping.
[2025-03-28T13:07:12.276+0000] {processor.py:927} WARNING - No viable dags retrieved from /opt/airflow/dags/env/Scripts/pip.exe
[2025-03-28T13:07:12.300+0000] {processor.py:208} INFO - Processing /opt/airflow/dags/env/Scripts/pip.exe took 0.057 seconds
[2025-03-28T13:07:43.866+0000] {processor.py:186} INFO - Started process (PID=1990) to work on /opt/airflow/dags/env/Scripts/pip.exe
[2025-03-28T13:07:43.868+0000] {processor.py:914} INFO - Processing file /opt/airflow/dags/env/Scripts/pip.exe for tasks to queue
[2025-03-28T13:07:43.870+0000] {logging_mixin.py:190} INFO - [2025-03-28T13:07:43.869+0000] {dagbag.py:588} INFO - Filling up the DagBag from /opt/airflow/dags/env/Scripts/pip.exe
[2025-03-28T13:07:43.882+0000] {logging_mixin.py:190} INFO - [2025-03-28T13:07:43.882+0000] {dagbag.py:435} INFO - File /opt/airflow/dags/env/Scripts/pip.exe:__main__.py assumed to contain no DAGs. Skipping.
[2025-03-28T13:07:43.883+0000] {processor.py:927} WARNING - No viable dags retrieved from /opt/airflow/dags/env/Scripts/pip.exe
[2025-03-28T13:07:43.912+0000] {processor.py:208} INFO - Processing /opt/airflow/dags/env/Scripts/pip.exe took 0.057 seconds
[2025-03-28T13:12:09.696+0000] {processor.py:186} INFO - Started process (PID=2020) to work on /opt/airflow/dags/env/Scripts/pip.exe
[2025-03-28T13:12:09.698+0000] {processor.py:914} INFO - Processing file /opt/airflow/dags/env/Scripts/pip.exe for tasks to queue
[2025-03-28T13:12:09.700+0000] {logging_mixin.py:190} INFO - [2025-03-28T13:12:09.699+0000] {dagbag.py:588} INFO - Filling up the DagBag from /opt/airflow/dags/env/Scripts/pip.exe
[2025-03-28T13:12:09.712+0000] {logging_mixin.py:190} INFO - [2025-03-28T13:12:09.712+0000] {dagbag.py:435} INFO - File /opt/airflow/dags/env/Scripts/pip.exe:__main__.py assumed to contain no DAGs. Skipping.
[2025-03-28T13:12:09.713+0000] {processor.py:927} WARNING - No viable dags retrieved from /opt/airflow/dags/env/Scripts/pip.exe
[2025-03-28T13:12:09.733+0000] {processor.py:208} INFO - Processing /opt/airflow/dags/env/Scripts/pip.exe took 0.048 seconds
[2025-03-28T13:12:41.567+0000] {processor.py:186} INFO - Started process (PID=2044) to work on /opt/airflow/dags/env/Scripts/pip.exe
[2025-03-28T13:12:41.568+0000] {processor.py:914} INFO - Processing file /opt/airflow/dags/env/Scripts/pip.exe for tasks to queue
[2025-03-28T13:12:41.570+0000] {logging_mixin.py:190} INFO - [2025-03-28T13:12:41.570+0000] {dagbag.py:588} INFO - Filling up the DagBag from /opt/airflow/dags/env/Scripts/pip.exe
[2025-03-28T13:12:41.583+0000] {logging_mixin.py:190} INFO - [2025-03-28T13:12:41.582+0000] {dagbag.py:435} INFO - File /opt/airflow/dags/env/Scripts/pip.exe:__main__.py assumed to contain no DAGs. Skipping.
[2025-03-28T13:12:41.584+0000] {processor.py:927} WARNING - No viable dags retrieved from /opt/airflow/dags/env/Scripts/pip.exe
[2025-03-28T13:12:41.608+0000] {processor.py:208} INFO - Processing /opt/airflow/dags/env/Scripts/pip.exe took 0.052 seconds
[2025-03-28T13:17:14.412+0000] {processor.py:186} INFO - Started process (PID=2076) to work on /opt/airflow/dags/env/Scripts/pip.exe
[2025-03-28T13:17:14.414+0000] {processor.py:914} INFO - Processing file /opt/airflow/dags/env/Scripts/pip.exe for tasks to queue
[2025-03-28T13:17:14.415+0000] {logging_mixin.py:190} INFO - [2025-03-28T13:17:14.415+0000] {dagbag.py:588} INFO - Filling up the DagBag from /opt/airflow/dags/env/Scripts/pip.exe
[2025-03-28T13:17:14.427+0000] {logging_mixin.py:190} INFO - [2025-03-28T13:17:14.427+0000] {dagbag.py:435} INFO - File /opt/airflow/dags/env/Scripts/pip.exe:__main__.py assumed to contain no DAGs. Skipping.
[2025-03-28T13:17:14.428+0000] {processor.py:927} WARNING - No viable dags retrieved from /opt/airflow/dags/env/Scripts/pip.exe
[2025-03-28T13:17:14.450+0000] {processor.py:208} INFO - Processing /opt/airflow/dags/env/Scripts/pip.exe took 0.048 seconds
[2025-03-28T13:17:47.077+0000] {processor.py:186} INFO - Started process (PID=2100) to work on /opt/airflow/dags/env/Scripts/pip.exe
[2025-03-28T13:17:47.079+0000] {processor.py:914} INFO - Processing file /opt/airflow/dags/env/Scripts/pip.exe for tasks to queue
[2025-03-28T13:17:47.081+0000] {logging_mixin.py:190} INFO - [2025-03-28T13:17:47.080+0000] {dagbag.py:588} INFO - Filling up the DagBag from /opt/airflow/dags/env/Scripts/pip.exe
[2025-03-28T13:17:47.093+0000] {logging_mixin.py:190} INFO - [2025-03-28T13:17:47.093+0000] {dagbag.py:435} INFO - File /opt/airflow/dags/env/Scripts/pip.exe:__main__.py assumed to contain no DAGs. Skipping.
[2025-03-28T13:17:47.094+0000] {processor.py:927} WARNING - No viable dags retrieved from /opt/airflow/dags/env/Scripts/pip.exe
[2025-03-28T13:17:47.119+0000] {processor.py:208} INFO - Processing /opt/airflow/dags/env/Scripts/pip.exe took 0.052 seconds
[2025-03-28T13:22:15.588+0000] {processor.py:186} INFO - Started process (PID=2128) to work on /opt/airflow/dags/env/Scripts/pip.exe
[2025-03-28T13:22:15.589+0000] {processor.py:914} INFO - Processing file /opt/airflow/dags/env/Scripts/pip.exe for tasks to queue
[2025-03-28T13:22:15.591+0000] {logging_mixin.py:190} INFO - [2025-03-28T13:22:15.590+0000] {dagbag.py:588} INFO - Filling up the DagBag from /opt/airflow/dags/env/Scripts/pip.exe
[2025-03-28T13:22:15.603+0000] {logging_mixin.py:190} INFO - [2025-03-28T13:22:15.603+0000] {dagbag.py:435} INFO - File /opt/airflow/dags/env/Scripts/pip.exe:__main__.py assumed to contain no DAGs. Skipping.
[2025-03-28T13:22:15.604+0000] {processor.py:927} WARNING - No viable dags retrieved from /opt/airflow/dags/env/Scripts/pip.exe
[2025-03-28T13:22:15.625+0000] {processor.py:208} INFO - Processing /opt/airflow/dags/env/Scripts/pip.exe took 0.051 seconds
[2025-03-28T13:22:48.162+0000] {processor.py:186} INFO - Started process (PID=2152) to work on /opt/airflow/dags/env/Scripts/pip.exe
[2025-03-28T13:22:48.163+0000] {processor.py:914} INFO - Processing file /opt/airflow/dags/env/Scripts/pip.exe for tasks to queue
[2025-03-28T13:22:48.165+0000] {logging_mixin.py:190} INFO - [2025-03-28T13:22:48.165+0000] {dagbag.py:588} INFO - Filling up the DagBag from /opt/airflow/dags/env/Scripts/pip.exe
[2025-03-28T13:22:48.181+0000] {logging_mixin.py:190} INFO - [2025-03-28T13:22:48.181+0000] {dagbag.py:435} INFO - File /opt/airflow/dags/env/Scripts/pip.exe:__main__.py assumed to contain no DAGs. Skipping.
[2025-03-28T13:22:48.182+0000] {processor.py:927} WARNING - No viable dags retrieved from /opt/airflow/dags/env/Scripts/pip.exe
[2025-03-28T13:22:48.205+0000] {processor.py:208} INFO - Processing /opt/airflow/dags/env/Scripts/pip.exe took 0.057 seconds
[2025-03-28T13:27:11.129+0000] {processor.py:186} INFO - Started process (PID=2180) to work on /opt/airflow/dags/env/Scripts/pip.exe
[2025-03-28T13:27:11.130+0000] {processor.py:914} INFO - Processing file /opt/airflow/dags/env/Scripts/pip.exe for tasks to queue
[2025-03-28T13:27:11.132+0000] {logging_mixin.py:190} INFO - [2025-03-28T13:27:11.132+0000] {dagbag.py:588} INFO - Filling up the DagBag from /opt/airflow/dags/env/Scripts/pip.exe
[2025-03-28T13:27:11.144+0000] {logging_mixin.py:190} INFO - [2025-03-28T13:27:11.143+0000] {dagbag.py:435} INFO - File /opt/airflow/dags/env/Scripts/pip.exe:__main__.py assumed to contain no DAGs. Skipping.
[2025-03-28T13:27:11.145+0000] {processor.py:927} WARNING - No viable dags retrieved from /opt/airflow/dags/env/Scripts/pip.exe
[2025-03-28T13:27:11.182+0000] {processor.py:208} INFO - Processing /opt/airflow/dags/env/Scripts/pip.exe took 0.064 seconds
[2025-03-28T13:27:43.643+0000] {processor.py:186} INFO - Started process (PID=2204) to work on /opt/airflow/dags/env/Scripts/pip.exe
[2025-03-28T13:27:43.644+0000] {processor.py:914} INFO - Processing file /opt/airflow/dags/env/Scripts/pip.exe for tasks to queue
[2025-03-28T13:27:43.646+0000] {logging_mixin.py:190} INFO - [2025-03-28T13:27:43.645+0000] {dagbag.py:588} INFO - Filling up the DagBag from /opt/airflow/dags/env/Scripts/pip.exe
[2025-03-28T13:27:43.657+0000] {logging_mixin.py:190} INFO - [2025-03-28T13:27:43.657+0000] {dagbag.py:435} INFO - File /opt/airflow/dags/env/Scripts/pip.exe:__main__.py assumed to contain no DAGs. Skipping.
[2025-03-28T13:27:43.658+0000] {processor.py:927} WARNING - No viable dags retrieved from /opt/airflow/dags/env/Scripts/pip.exe
[2025-03-28T13:27:43.675+0000] {processor.py:208} INFO - Processing /opt/airflow/dags/env/Scripts/pip.exe took 0.250 seconds
[2025-03-28T13:32:13.508+0000] {processor.py:186} INFO - Started process (PID=2236) to work on /opt/airflow/dags/env/Scripts/pip.exe
[2025-03-28T13:32:13.510+0000] {processor.py:914} INFO - Processing file /opt/airflow/dags/env/Scripts/pip.exe for tasks to queue
[2025-03-28T13:32:13.512+0000] {logging_mixin.py:190} INFO - [2025-03-28T13:32:13.511+0000] {dagbag.py:588} INFO - Filling up the DagBag from /opt/airflow/dags/env/Scripts/pip.exe
[2025-03-28T13:32:13.524+0000] {logging_mixin.py:190} INFO - [2025-03-28T13:32:13.524+0000] {dagbag.py:435} INFO - File /opt/airflow/dags/env/Scripts/pip.exe:__main__.py assumed to contain no DAGs. Skipping.
[2025-03-28T13:32:13.525+0000] {processor.py:927} WARNING - No viable dags retrieved from /opt/airflow/dags/env/Scripts/pip.exe
[2025-03-28T13:32:13.549+0000] {processor.py:208} INFO - Processing /opt/airflow/dags/env/Scripts/pip.exe took 0.052 seconds
[2025-03-28T13:32:45.213+0000] {processor.py:186} INFO - Started process (PID=2260) to work on /opt/airflow/dags/env/Scripts/pip.exe
[2025-03-28T13:32:45.214+0000] {processor.py:914} INFO - Processing file /opt/airflow/dags/env/Scripts/pip.exe for tasks to queue
[2025-03-28T13:32:45.216+0000] {logging_mixin.py:190} INFO - [2025-03-28T13:32:45.216+0000] {dagbag.py:588} INFO - Filling up the DagBag from /opt/airflow/dags/env/Scripts/pip.exe
[2025-03-28T13:32:45.229+0000] {logging_mixin.py:190} INFO - [2025-03-28T13:32:45.228+0000] {dagbag.py:435} INFO - File /opt/airflow/dags/env/Scripts/pip.exe:__main__.py assumed to contain no DAGs. Skipping.
[2025-03-28T13:32:45.230+0000] {processor.py:927} WARNING - No viable dags retrieved from /opt/airflow/dags/env/Scripts/pip.exe
[2025-03-28T13:32:45.252+0000] {processor.py:208} INFO - Processing /opt/airflow/dags/env/Scripts/pip.exe took 0.050 seconds
[2025-03-28T13:37:16.389+0000] {processor.py:186} INFO - Started process (PID=2290) to work on /opt/airflow/dags/env/Scripts/pip.exe
[2025-03-28T13:37:16.390+0000] {processor.py:914} INFO - Processing file /opt/airflow/dags/env/Scripts/pip.exe for tasks to queue
[2025-03-28T13:37:16.392+0000] {logging_mixin.py:190} INFO - [2025-03-28T13:37:16.392+0000] {dagbag.py:588} INFO - Filling up the DagBag from /opt/airflow/dags/env/Scripts/pip.exe
[2025-03-28T13:37:16.406+0000] {logging_mixin.py:190} INFO - [2025-03-28T13:37:16.406+0000] {dagbag.py:435} INFO - File /opt/airflow/dags/env/Scripts/pip.exe:__main__.py assumed to contain no DAGs. Skipping.
[2025-03-28T13:37:16.407+0000] {processor.py:927} WARNING - No viable dags retrieved from /opt/airflow/dags/env/Scripts/pip.exe
[2025-03-28T13:37:16.433+0000] {processor.py:208} INFO - Processing /opt/airflow/dags/env/Scripts/pip.exe took 0.058 seconds
[2025-03-28T13:37:49.213+0000] {processor.py:186} INFO - Started process (PID=2314) to work on /opt/airflow/dags/env/Scripts/pip.exe
[2025-03-28T13:37:49.215+0000] {processor.py:914} INFO - Processing file /opt/airflow/dags/env/Scripts/pip.exe for tasks to queue
[2025-03-28T13:37:49.217+0000] {logging_mixin.py:190} INFO - [2025-03-28T13:37:49.216+0000] {dagbag.py:588} INFO - Filling up the DagBag from /opt/airflow/dags/env/Scripts/pip.exe
[2025-03-28T13:37:49.230+0000] {logging_mixin.py:190} INFO - [2025-03-28T13:37:49.229+0000] {dagbag.py:435} INFO - File /opt/airflow/dags/env/Scripts/pip.exe:__main__.py assumed to contain no DAGs. Skipping.
[2025-03-28T13:37:49.231+0000] {processor.py:927} WARNING - No viable dags retrieved from /opt/airflow/dags/env/Scripts/pip.exe
[2025-03-28T13:37:49.254+0000] {processor.py:208} INFO - Processing /opt/airflow/dags/env/Scripts/pip.exe took 0.052 seconds
[2025-03-28T13:42:12.126+0000] {processor.py:186} INFO - Started process (PID=2341) to work on /opt/airflow/dags/env/Scripts/pip.exe
[2025-03-28T13:42:12.127+0000] {processor.py:914} INFO - Processing file /opt/airflow/dags/env/Scripts/pip.exe for tasks to queue
[2025-03-28T13:42:12.129+0000] {logging_mixin.py:190} INFO - [2025-03-28T13:42:12.129+0000] {dagbag.py:588} INFO - Filling up the DagBag from /opt/airflow/dags/env/Scripts/pip.exe
[2025-03-28T13:42:12.141+0000] {logging_mixin.py:190} INFO - [2025-03-28T13:42:12.141+0000] {dagbag.py:435} INFO - File /opt/airflow/dags/env/Scripts/pip.exe:__main__.py assumed to contain no DAGs. Skipping.
[2025-03-28T13:42:12.142+0000] {processor.py:927} WARNING - No viable dags retrieved from /opt/airflow/dags/env/Scripts/pip.exe
[2025-03-28T13:42:12.164+0000] {processor.py:208} INFO - Processing /opt/airflow/dags/env/Scripts/pip.exe took 0.049 seconds
[2025-03-28T13:42:44.819+0000] {processor.py:186} INFO - Started process (PID=2365) to work on /opt/airflow/dags/env/Scripts/pip.exe
[2025-03-28T13:42:44.821+0000] {processor.py:914} INFO - Processing file /opt/airflow/dags/env/Scripts/pip.exe for tasks to queue
[2025-03-28T13:42:44.823+0000] {logging_mixin.py:190} INFO - [2025-03-28T13:42:44.822+0000] {dagbag.py:588} INFO - Filling up the DagBag from /opt/airflow/dags/env/Scripts/pip.exe
[2025-03-28T13:42:44.835+0000] {logging_mixin.py:190} INFO - [2025-03-28T13:42:44.835+0000] {dagbag.py:435} INFO - File /opt/airflow/dags/env/Scripts/pip.exe:__main__.py assumed to contain no DAGs. Skipping.
[2025-03-28T13:42:44.836+0000] {processor.py:927} WARNING - No viable dags retrieved from /opt/airflow/dags/env/Scripts/pip.exe
[2025-03-28T13:42:44.861+0000] {processor.py:208} INFO - Processing /opt/airflow/dags/env/Scripts/pip.exe took 0.052 seconds
[2025-03-28T13:47:10.569+0000] {processor.py:186} INFO - Started process (PID=2396) to work on /opt/airflow/dags/env/Scripts/pip.exe
[2025-03-28T13:47:10.570+0000] {processor.py:914} INFO - Processing file /opt/airflow/dags/env/Scripts/pip.exe for tasks to queue
[2025-03-28T13:47:10.572+0000] {logging_mixin.py:190} INFO - [2025-03-28T13:47:10.571+0000] {dagbag.py:588} INFO - Filling up the DagBag from /opt/airflow/dags/env/Scripts/pip.exe
[2025-03-28T13:47:10.583+0000] {logging_mixin.py:190} INFO - [2025-03-28T13:47:10.583+0000] {dagbag.py:435} INFO - File /opt/airflow/dags/env/Scripts/pip.exe:__main__.py assumed to contain no DAGs. Skipping.
[2025-03-28T13:47:10.584+0000] {processor.py:927} WARNING - No viable dags retrieved from /opt/airflow/dags/env/Scripts/pip.exe
[2025-03-28T13:47:10.605+0000] {processor.py:208} INFO - Processing /opt/airflow/dags/env/Scripts/pip.exe took 0.048 seconds
[2025-03-28T13:47:41.182+0000] {processor.py:186} INFO - Started process (PID=2420) to work on /opt/airflow/dags/env/Scripts/pip.exe
[2025-03-28T13:47:41.183+0000] {processor.py:914} INFO - Processing file /opt/airflow/dags/env/Scripts/pip.exe for tasks to queue
[2025-03-28T13:47:41.185+0000] {logging_mixin.py:190} INFO - [2025-03-28T13:47:41.184+0000] {dagbag.py:588} INFO - Filling up the DagBag from /opt/airflow/dags/env/Scripts/pip.exe
[2025-03-28T13:47:41.197+0000] {logging_mixin.py:190} INFO - [2025-03-28T13:47:41.196+0000] {dagbag.py:435} INFO - File /opt/airflow/dags/env/Scripts/pip.exe:__main__.py assumed to contain no DAGs. Skipping.
[2025-03-28T13:47:41.197+0000] {processor.py:927} WARNING - No viable dags retrieved from /opt/airflow/dags/env/Scripts/pip.exe
[2025-03-28T13:47:41.220+0000] {processor.py:208} INFO - Processing /opt/airflow/dags/env/Scripts/pip.exe took 0.051 seconds
[2025-03-28T13:52:14.045+0000] {processor.py:186} INFO - Started process (PID=2454) to work on /opt/airflow/dags/env/Scripts/pip.exe
[2025-03-28T13:52:14.046+0000] {processor.py:914} INFO - Processing file /opt/airflow/dags/env/Scripts/pip.exe for tasks to queue
[2025-03-28T13:52:14.048+0000] {logging_mixin.py:190} INFO - [2025-03-28T13:52:14.048+0000] {dagbag.py:588} INFO - Filling up the DagBag from /opt/airflow/dags/env/Scripts/pip.exe
[2025-03-28T13:52:14.061+0000] {logging_mixin.py:190} INFO - [2025-03-28T13:52:14.061+0000] {dagbag.py:435} INFO - File /opt/airflow/dags/env/Scripts/pip.exe:__main__.py assumed to contain no DAGs. Skipping.
[2025-03-28T13:52:14.062+0000] {processor.py:927} WARNING - No viable dags retrieved from /opt/airflow/dags/env/Scripts/pip.exe
[2025-03-28T13:52:14.085+0000] {processor.py:208} INFO - Processing /opt/airflow/dags/env/Scripts/pip.exe took 0.052 seconds
[2025-03-28T13:52:46.652+0000] {processor.py:186} INFO - Started process (PID=2478) to work on /opt/airflow/dags/env/Scripts/pip.exe
[2025-03-28T13:52:46.654+0000] {processor.py:914} INFO - Processing file /opt/airflow/dags/env/Scripts/pip.exe for tasks to queue
[2025-03-28T13:52:46.656+0000] {logging_mixin.py:190} INFO - [2025-03-28T13:52:46.655+0000] {dagbag.py:588} INFO - Filling up the DagBag from /opt/airflow/dags/env/Scripts/pip.exe
[2025-03-28T13:52:46.668+0000] {logging_mixin.py:190} INFO - [2025-03-28T13:52:46.668+0000] {dagbag.py:435} INFO - File /opt/airflow/dags/env/Scripts/pip.exe:__main__.py assumed to contain no DAGs. Skipping.
[2025-03-28T13:52:46.669+0000] {processor.py:927} WARNING - No viable dags retrieved from /opt/airflow/dags/env/Scripts/pip.exe
[2025-03-28T13:52:46.691+0000] {processor.py:208} INFO - Processing /opt/airflow/dags/env/Scripts/pip.exe took 0.050 seconds
[2025-03-28T13:57:16.432+0000] {processor.py:186} INFO - Started process (PID=2509) to work on /opt/airflow/dags/env/Scripts/pip.exe
[2025-03-28T13:57:16.434+0000] {processor.py:914} INFO - Processing file /opt/airflow/dags/env/Scripts/pip.exe for tasks to queue
[2025-03-28T13:57:16.436+0000] {logging_mixin.py:190} INFO - [2025-03-28T13:57:16.435+0000] {dagbag.py:588} INFO - Filling up the DagBag from /opt/airflow/dags/env/Scripts/pip.exe
[2025-03-28T13:57:16.447+0000] {logging_mixin.py:190} INFO - [2025-03-28T13:57:16.447+0000] {dagbag.py:435} INFO - File /opt/airflow/dags/env/Scripts/pip.exe:__main__.py assumed to contain no DAGs. Skipping.
[2025-03-28T13:57:16.448+0000] {processor.py:927} WARNING - No viable dags retrieved from /opt/airflow/dags/env/Scripts/pip.exe
[2025-03-28T13:57:16.468+0000] {processor.py:208} INFO - Processing /opt/airflow/dags/env/Scripts/pip.exe took 0.047 seconds
[2025-03-28T13:57:48.032+0000] {processor.py:186} INFO - Started process (PID=2533) to work on /opt/airflow/dags/env/Scripts/pip.exe
[2025-03-28T13:57:48.034+0000] {processor.py:914} INFO - Processing file /opt/airflow/dags/env/Scripts/pip.exe for tasks to queue
[2025-03-28T13:57:48.035+0000] {logging_mixin.py:190} INFO - [2025-03-28T13:57:48.035+0000] {dagbag.py:588} INFO - Filling up the DagBag from /opt/airflow/dags/env/Scripts/pip.exe
[2025-03-28T13:57:48.047+0000] {logging_mixin.py:190} INFO - [2025-03-28T13:57:48.046+0000] {dagbag.py:435} INFO - File /opt/airflow/dags/env/Scripts/pip.exe:__main__.py assumed to contain no DAGs. Skipping.
[2025-03-28T13:57:48.048+0000] {processor.py:927} WARNING - No viable dags retrieved from /opt/airflow/dags/env/Scripts/pip.exe
[2025-03-28T13:57:48.070+0000] {processor.py:208} INFO - Processing /opt/airflow/dags/env/Scripts/pip.exe took 0.049 seconds
[2025-03-28T14:02:13.640+0000] {processor.py:186} INFO - Started process (PID=2562) to work on /opt/airflow/dags/env/Scripts/pip.exe
[2025-03-28T14:02:13.641+0000] {processor.py:914} INFO - Processing file /opt/airflow/dags/env/Scripts/pip.exe for tasks to queue
[2025-03-28T14:02:13.643+0000] {logging_mixin.py:190} INFO - [2025-03-28T14:02:13.643+0000] {dagbag.py:588} INFO - Filling up the DagBag from /opt/airflow/dags/env/Scripts/pip.exe
[2025-03-28T14:02:13.657+0000] {logging_mixin.py:190} INFO - [2025-03-28T14:02:13.656+0000] {dagbag.py:435} INFO - File /opt/airflow/dags/env/Scripts/pip.exe:__main__.py assumed to contain no DAGs. Skipping.
[2025-03-28T14:02:13.658+0000] {processor.py:927} WARNING - No viable dags retrieved from /opt/airflow/dags/env/Scripts/pip.exe
[2025-03-28T14:02:13.679+0000] {processor.py:208} INFO - Processing /opt/airflow/dags/env/Scripts/pip.exe took 0.051 seconds
[2025-03-28T14:02:45.012+0000] {processor.py:186} INFO - Started process (PID=2586) to work on /opt/airflow/dags/env/Scripts/pip.exe
[2025-03-28T14:02:45.014+0000] {processor.py:914} INFO - Processing file /opt/airflow/dags/env/Scripts/pip.exe for tasks to queue
[2025-03-28T14:02:45.015+0000] {logging_mixin.py:190} INFO - [2025-03-28T14:02:45.015+0000] {dagbag.py:588} INFO - Filling up the DagBag from /opt/airflow/dags/env/Scripts/pip.exe
[2025-03-28T14:02:45.033+0000] {logging_mixin.py:190} INFO - [2025-03-28T14:02:45.033+0000] {dagbag.py:435} INFO - File /opt/airflow/dags/env/Scripts/pip.exe:__main__.py assumed to contain no DAGs. Skipping.
[2025-03-28T14:02:45.035+0000] {processor.py:927} WARNING - No viable dags retrieved from /opt/airflow/dags/env/Scripts/pip.exe
[2025-03-28T14:02:45.064+0000] {processor.py:208} INFO - Processing /opt/airflow/dags/env/Scripts/pip.exe took 0.064 seconds
[2025-03-28T14:07:17.403+0000] {processor.py:186} INFO - Started process (PID=2617) to work on /opt/airflow/dags/env/Scripts/pip.exe
[2025-03-28T14:07:17.405+0000] {processor.py:914} INFO - Processing file /opt/airflow/dags/env/Scripts/pip.exe for tasks to queue
[2025-03-28T14:07:17.407+0000] {logging_mixin.py:190} INFO - [2025-03-28T14:07:17.406+0000] {dagbag.py:588} INFO - Filling up the DagBag from /opt/airflow/dags/env/Scripts/pip.exe
[2025-03-28T14:07:17.420+0000] {logging_mixin.py:190} INFO - [2025-03-28T14:07:17.420+0000] {dagbag.py:435} INFO - File /opt/airflow/dags/env/Scripts/pip.exe:__main__.py assumed to contain no DAGs. Skipping.
[2025-03-28T14:07:17.421+0000] {processor.py:927} WARNING - No viable dags retrieved from /opt/airflow/dags/env/Scripts/pip.exe
[2025-03-28T14:07:17.442+0000] {processor.py:208} INFO - Processing /opt/airflow/dags/env/Scripts/pip.exe took 0.052 seconds
[2025-03-28T14:07:50.150+0000] {processor.py:186} INFO - Started process (PID=2641) to work on /opt/airflow/dags/env/Scripts/pip.exe
[2025-03-28T14:07:50.152+0000] {processor.py:914} INFO - Processing file /opt/airflow/dags/env/Scripts/pip.exe for tasks to queue
[2025-03-28T14:07:50.154+0000] {logging_mixin.py:190} INFO - [2025-03-28T14:07:50.153+0000] {dagbag.py:588} INFO - Filling up the DagBag from /opt/airflow/dags/env/Scripts/pip.exe
[2025-03-28T14:07:50.167+0000] {logging_mixin.py:190} INFO - [2025-03-28T14:07:50.166+0000] {dagbag.py:435} INFO - File /opt/airflow/dags/env/Scripts/pip.exe:__main__.py assumed to contain no DAGs. Skipping.
[2025-03-28T14:07:50.168+0000] {processor.py:927} WARNING - No viable dags retrieved from /opt/airflow/dags/env/Scripts/pip.exe
[2025-03-28T14:07:50.191+0000] {processor.py:208} INFO - Processing /opt/airflow/dags/env/Scripts/pip.exe took 0.054 seconds
[2025-03-28T14:12:18.133+0000] {processor.py:186} INFO - Started process (PID=2669) to work on /opt/airflow/dags/env/Scripts/pip.exe
[2025-03-28T14:12:18.134+0000] {processor.py:914} INFO - Processing file /opt/airflow/dags/env/Scripts/pip.exe for tasks to queue
[2025-03-28T14:12:18.136+0000] {logging_mixin.py:190} INFO - [2025-03-28T14:12:18.135+0000] {dagbag.py:588} INFO - Filling up the DagBag from /opt/airflow/dags/env/Scripts/pip.exe
[2025-03-28T14:12:18.149+0000] {logging_mixin.py:190} INFO - [2025-03-28T14:12:18.149+0000] {dagbag.py:435} INFO - File /opt/airflow/dags/env/Scripts/pip.exe:__main__.py assumed to contain no DAGs. Skipping.
[2025-03-28T14:12:18.150+0000] {processor.py:927} WARNING - No viable dags retrieved from /opt/airflow/dags/env/Scripts/pip.exe
[2025-03-28T14:12:18.170+0000] {processor.py:208} INFO - Processing /opt/airflow/dags/env/Scripts/pip.exe took 0.049 seconds
[2025-03-28T14:12:49.435+0000] {processor.py:186} INFO - Started process (PID=2693) to work on /opt/airflow/dags/env/Scripts/pip.exe
[2025-03-28T14:12:49.437+0000] {processor.py:914} INFO - Processing file /opt/airflow/dags/env/Scripts/pip.exe for tasks to queue
[2025-03-28T14:12:49.439+0000] {logging_mixin.py:190} INFO - [2025-03-28T14:12:49.439+0000] {dagbag.py:588} INFO - Filling up the DagBag from /opt/airflow/dags/env/Scripts/pip.exe
[2025-03-28T14:12:49.458+0000] {logging_mixin.py:190} INFO - [2025-03-28T14:12:49.457+0000] {dagbag.py:435} INFO - File /opt/airflow/dags/env/Scripts/pip.exe:__main__.py assumed to contain no DAGs. Skipping.
[2025-03-28T14:12:49.460+0000] {processor.py:927} WARNING - No viable dags retrieved from /opt/airflow/dags/env/Scripts/pip.exe
[2025-03-28T14:12:49.492+0000] {processor.py:208} INFO - Processing /opt/airflow/dags/env/Scripts/pip.exe took 0.073 seconds
[2025-03-28T14:17:23.410+0000] {processor.py:186} INFO - Started process (PID=2721) to work on /opt/airflow/dags/env/Scripts/pip.exe
[2025-03-28T14:17:23.411+0000] {processor.py:914} INFO - Processing file /opt/airflow/dags/env/Scripts/pip.exe for tasks to queue
[2025-03-28T14:17:23.413+0000] {logging_mixin.py:190} INFO - [2025-03-28T14:17:23.413+0000] {dagbag.py:588} INFO - Filling up the DagBag from /opt/airflow/dags/env/Scripts/pip.exe
[2025-03-28T14:17:23.426+0000] {logging_mixin.py:190} INFO - [2025-03-28T14:17:23.426+0000] {dagbag.py:435} INFO - File /opt/airflow/dags/env/Scripts/pip.exe:__main__.py assumed to contain no DAGs. Skipping.
[2025-03-28T14:17:23.427+0000] {processor.py:927} WARNING - No viable dags retrieved from /opt/airflow/dags/env/Scripts/pip.exe
[2025-03-28T14:17:23.453+0000] {processor.py:208} INFO - Processing /opt/airflow/dags/env/Scripts/pip.exe took 0.056 seconds
[2025-03-28T14:17:55.677+0000] {processor.py:186} INFO - Started process (PID=2745) to work on /opt/airflow/dags/env/Scripts/pip.exe
[2025-03-28T14:17:55.860+0000] {processor.py:914} INFO - Processing file /opt/airflow/dags/env/Scripts/pip.exe for tasks to queue
[2025-03-28T14:17:55.862+0000] {logging_mixin.py:190} INFO - [2025-03-28T14:17:55.861+0000] {dagbag.py:588} INFO - Filling up the DagBag from /opt/airflow/dags/env/Scripts/pip.exe
[2025-03-28T14:17:55.878+0000] {logging_mixin.py:190} INFO - [2025-03-28T14:17:55.878+0000] {dagbag.py:435} INFO - File /opt/airflow/dags/env/Scripts/pip.exe:__main__.py assumed to contain no DAGs. Skipping.
[2025-03-28T14:17:55.879+0000] {processor.py:927} WARNING - No viable dags retrieved from /opt/airflow/dags/env/Scripts/pip.exe
[2025-03-28T14:17:55.900+0000] {processor.py:208} INFO - Processing /opt/airflow/dags/env/Scripts/pip.exe took 0.238 seconds
[2025-03-28T14:22:17.968+0000] {processor.py:186} INFO - Started process (PID=2770) to work on /opt/airflow/dags/env/Scripts/pip.exe
[2025-03-28T14:22:17.969+0000] {processor.py:914} INFO - Processing file /opt/airflow/dags/env/Scripts/pip.exe for tasks to queue
[2025-03-28T14:22:17.971+0000] {logging_mixin.py:190} INFO - [2025-03-28T14:22:17.971+0000] {dagbag.py:588} INFO - Filling up the DagBag from /opt/airflow/dags/env/Scripts/pip.exe
[2025-03-28T14:22:17.982+0000] {logging_mixin.py:190} INFO - [2025-03-28T14:22:17.982+0000] {dagbag.py:435} INFO - File /opt/airflow/dags/env/Scripts/pip.exe:__main__.py assumed to contain no DAGs. Skipping.
[2025-03-28T14:22:17.983+0000] {processor.py:927} WARNING - No viable dags retrieved from /opt/airflow/dags/env/Scripts/pip.exe
[2025-03-28T14:22:18.003+0000] {processor.py:208} INFO - Processing /opt/airflow/dags/env/Scripts/pip.exe took 0.046 seconds
[2025-03-28T14:22:50.674+0000] {processor.py:186} INFO - Started process (PID=2794) to work on /opt/airflow/dags/env/Scripts/pip.exe
[2025-03-28T14:22:50.675+0000] {processor.py:914} INFO - Processing file /opt/airflow/dags/env/Scripts/pip.exe for tasks to queue
[2025-03-28T14:22:50.677+0000] {logging_mixin.py:190} INFO - [2025-03-28T14:22:50.676+0000] {dagbag.py:588} INFO - Filling up the DagBag from /opt/airflow/dags/env/Scripts/pip.exe
[2025-03-28T14:22:50.688+0000] {logging_mixin.py:190} INFO - [2025-03-28T14:22:50.688+0000] {dagbag.py:435} INFO - File /opt/airflow/dags/env/Scripts/pip.exe:__main__.py assumed to contain no DAGs. Skipping.
[2025-03-28T14:22:50.689+0000] {processor.py:927} WARNING - No viable dags retrieved from /opt/airflow/dags/env/Scripts/pip.exe
[2025-03-28T14:22:50.710+0000] {processor.py:208} INFO - Processing /opt/airflow/dags/env/Scripts/pip.exe took 0.046 seconds
[2025-03-28T14:27:17.042+0000] {processor.py:186} INFO - Started process (PID=2823) to work on /opt/airflow/dags/env/Scripts/pip.exe
[2025-03-28T14:27:17.043+0000] {processor.py:914} INFO - Processing file /opt/airflow/dags/env/Scripts/pip.exe for tasks to queue
[2025-03-28T14:27:17.045+0000] {logging_mixin.py:190} INFO - [2025-03-28T14:27:17.044+0000] {dagbag.py:588} INFO - Filling up the DagBag from /opt/airflow/dags/env/Scripts/pip.exe
[2025-03-28T14:27:17.057+0000] {logging_mixin.py:190} INFO - [2025-03-28T14:27:17.057+0000] {dagbag.py:435} INFO - File /opt/airflow/dags/env/Scripts/pip.exe:__main__.py assumed to contain no DAGs. Skipping.
[2025-03-28T14:27:17.058+0000] {processor.py:927} WARNING - No viable dags retrieved from /opt/airflow/dags/env/Scripts/pip.exe
[2025-03-28T14:27:17.091+0000] {processor.py:208} INFO - Processing /opt/airflow/dags/env/Scripts/pip.exe took 0.061 seconds
[2025-03-28T14:27:50.770+0000] {processor.py:186} INFO - Started process (PID=2847) to work on /opt/airflow/dags/env/Scripts/pip.exe
[2025-03-28T14:27:50.772+0000] {processor.py:914} INFO - Processing file /opt/airflow/dags/env/Scripts/pip.exe for tasks to queue
[2025-03-28T14:27:50.774+0000] {logging_mixin.py:190} INFO - [2025-03-28T14:27:50.773+0000] {dagbag.py:588} INFO - Filling up the DagBag from /opt/airflow/dags/env/Scripts/pip.exe
[2025-03-28T14:27:50.787+0000] {logging_mixin.py:190} INFO - [2025-03-28T14:27:50.786+0000] {dagbag.py:435} INFO - File /opt/airflow/dags/env/Scripts/pip.exe:__main__.py assumed to contain no DAGs. Skipping.
[2025-03-28T14:27:50.788+0000] {processor.py:927} WARNING - No viable dags retrieved from /opt/airflow/dags/env/Scripts/pip.exe
[2025-03-28T14:27:50.810+0000] {processor.py:208} INFO - Processing /opt/airflow/dags/env/Scripts/pip.exe took 0.050 seconds
[2025-03-28T14:32:15.351+0000] {processor.py:186} INFO - Started process (PID=2877) to work on /opt/airflow/dags/env/Scripts/pip.exe
[2025-03-28T14:32:15.353+0000] {processor.py:914} INFO - Processing file /opt/airflow/dags/env/Scripts/pip.exe for tasks to queue
[2025-03-28T14:32:15.354+0000] {logging_mixin.py:190} INFO - [2025-03-28T14:32:15.354+0000] {dagbag.py:588} INFO - Filling up the DagBag from /opt/airflow/dags/env/Scripts/pip.exe
[2025-03-28T14:32:15.367+0000] {logging_mixin.py:190} INFO - [2025-03-28T14:32:15.367+0000] {dagbag.py:435} INFO - File /opt/airflow/dags/env/Scripts/pip.exe:__main__.py assumed to contain no DAGs. Skipping.
[2025-03-28T14:32:15.368+0000] {processor.py:927} WARNING - No viable dags retrieved from /opt/airflow/dags/env/Scripts/pip.exe
[2025-03-28T14:32:15.391+0000] {processor.py:208} INFO - Processing /opt/airflow/dags/env/Scripts/pip.exe took 0.051 seconds
[2025-03-28T14:32:47.186+0000] {processor.py:186} INFO - Started process (PID=2901) to work on /opt/airflow/dags/env/Scripts/pip.exe
[2025-03-28T14:32:47.188+0000] {processor.py:914} INFO - Processing file /opt/airflow/dags/env/Scripts/pip.exe for tasks to queue
[2025-03-28T14:32:47.190+0000] {logging_mixin.py:190} INFO - [2025-03-28T14:32:47.189+0000] {dagbag.py:588} INFO - Filling up the DagBag from /opt/airflow/dags/env/Scripts/pip.exe
[2025-03-28T14:32:47.201+0000] {logging_mixin.py:190} INFO - [2025-03-28T14:32:47.201+0000] {dagbag.py:435} INFO - File /opt/airflow/dags/env/Scripts/pip.exe:__main__.py assumed to contain no DAGs. Skipping.
[2025-03-28T14:32:47.202+0000] {processor.py:927} WARNING - No viable dags retrieved from /opt/airflow/dags/env/Scripts/pip.exe
[2025-03-28T14:32:47.227+0000] {processor.py:208} INFO - Processing /opt/airflow/dags/env/Scripts/pip.exe took 0.053 seconds
[2025-03-28T14:37:29.399+0000] {processor.py:186} INFO - Started process (PID=2933) to work on /opt/airflow/dags/env/Scripts/pip.exe
[2025-03-28T14:37:29.400+0000] {processor.py:914} INFO - Processing file /opt/airflow/dags/env/Scripts/pip.exe for tasks to queue
[2025-03-28T14:37:29.402+0000] {logging_mixin.py:190} INFO - [2025-03-28T14:37:29.402+0000] {dagbag.py:588} INFO - Filling up the DagBag from /opt/airflow/dags/env/Scripts/pip.exe
[2025-03-28T14:37:29.415+0000] {logging_mixin.py:190} INFO - [2025-03-28T14:37:29.414+0000] {dagbag.py:435} INFO - File /opt/airflow/dags/env/Scripts/pip.exe:__main__.py assumed to contain no DAGs. Skipping.
[2025-03-28T14:37:29.415+0000] {processor.py:927} WARNING - No viable dags retrieved from /opt/airflow/dags/env/Scripts/pip.exe
[2025-03-28T14:37:29.436+0000] {processor.py:208} INFO - Processing /opt/airflow/dags/env/Scripts/pip.exe took 0.049 seconds
[2025-03-28T14:44:30.602+0000] {processor.py:186} INFO - Started process (PID=2957) to work on /opt/airflow/dags/env/Scripts/pip.exe
[2025-03-28T14:44:30.604+0000] {processor.py:914} INFO - Processing file /opt/airflow/dags/env/Scripts/pip.exe for tasks to queue
[2025-03-28T14:44:30.606+0000] {logging_mixin.py:190} INFO - [2025-03-28T14:44:30.605+0000] {dagbag.py:588} INFO - Filling up the DagBag from /opt/airflow/dags/env/Scripts/pip.exe
[2025-03-28T14:44:30.626+0000] {logging_mixin.py:190} INFO - [2025-03-28T14:44:30.626+0000] {dagbag.py:435} INFO - File /opt/airflow/dags/env/Scripts/pip.exe:__main__.py assumed to contain no DAGs. Skipping.
[2025-03-28T14:44:30.628+0000] {processor.py:927} WARNING - No viable dags retrieved from /opt/airflow/dags/env/Scripts/pip.exe
[2025-03-28T14:44:30.659+0000] {processor.py:208} INFO - Processing /opt/airflow/dags/env/Scripts/pip.exe took 0.076 seconds
[2025-03-28T15:05:09.532+0000] {processor.py:186} INFO - Started process (PID=120) to work on /opt/airflow/dags/env/Scripts/pip.exe
[2025-03-28T15:05:09.536+0000] {processor.py:914} INFO - Processing file /opt/airflow/dags/env/Scripts/pip.exe for tasks to queue
[2025-03-28T15:05:09.552+0000] {logging_mixin.py:190} INFO - [2025-03-28T15:05:09.551+0000] {dagbag.py:588} INFO - Filling up the DagBag from /opt/airflow/dags/env/Scripts/pip.exe
[2025-03-28T15:05:09.598+0000] {logging_mixin.py:190} INFO - [2025-03-28T15:05:09.597+0000] {dagbag.py:435} INFO - File /opt/airflow/dags/env/Scripts/pip.exe:__main__.py assumed to contain no DAGs. Skipping.
[2025-03-28T15:05:09.601+0000] {processor.py:927} WARNING - No viable dags retrieved from /opt/airflow/dags/env/Scripts/pip.exe
[2025-03-28T15:05:09.667+0000] {processor.py:208} INFO - Processing /opt/airflow/dags/env/Scripts/pip.exe took 0.165 seconds
[2025-03-28T15:16:40.775+0000] {processor.py:186} INFO - Started process (PID=178) to work on /opt/airflow/dags/env/Scripts/pip.exe
[2025-03-28T15:16:40.777+0000] {processor.py:914} INFO - Processing file /opt/airflow/dags/env/Scripts/pip.exe for tasks to queue
[2025-03-28T15:16:40.780+0000] {logging_mixin.py:190} INFO - [2025-03-28T15:16:40.779+0000] {dagbag.py:588} INFO - Filling up the DagBag from /opt/airflow/dags/env/Scripts/pip.exe
[2025-03-28T15:16:40.795+0000] {logging_mixin.py:190} INFO - [2025-03-28T15:16:40.795+0000] {dagbag.py:435} INFO - File /opt/airflow/dags/env/Scripts/pip.exe:__main__.py assumed to contain no DAGs. Skipping.
[2025-03-28T15:16:40.796+0000] {processor.py:927} WARNING - No viable dags retrieved from /opt/airflow/dags/env/Scripts/pip.exe
[2025-03-28T15:16:40.823+0000] {processor.py:208} INFO - Processing /opt/airflow/dags/env/Scripts/pip.exe took 0.055 seconds
[2025-03-28T19:12:49.618+0000] {processor.py:186} INFO - Started process (PID=317) to work on /opt/airflow/dags/env/Scripts/pip.exe
[2025-03-28T19:12:49.620+0000] {processor.py:914} INFO - Processing file /opt/airflow/dags/env/Scripts/pip.exe for tasks to queue
[2025-03-28T19:12:49.627+0000] {logging_mixin.py:190} INFO - [2025-03-28T19:12:49.625+0000] {dagbag.py:588} INFO - Filling up the DagBag from /opt/airflow/dags/env/Scripts/pip.exe
[2025-03-28T19:12:49.650+0000] {logging_mixin.py:190} INFO - [2025-03-28T19:12:49.650+0000] {dagbag.py:435} INFO - File /opt/airflow/dags/env/Scripts/pip.exe:__main__.py assumed to contain no DAGs. Skipping.
[2025-03-28T19:12:49.652+0000] {processor.py:927} WARNING - No viable dags retrieved from /opt/airflow/dags/env/Scripts/pip.exe
[2025-03-28T19:12:49.693+0000] {processor.py:208} INFO - Processing /opt/airflow/dags/env/Scripts/pip.exe took 0.089 seconds
[2025-03-28T22:24:13.923+0000] {processor.py:186} INFO - Started process (PID=343) to work on /opt/airflow/dags/env/Scripts/pip.exe
[2025-03-28T22:24:13.929+0000] {processor.py:914} INFO - Processing file /opt/airflow/dags/env/Scripts/pip.exe for tasks to queue
[2025-03-28T22:24:13.937+0000] {logging_mixin.py:190} INFO - [2025-03-28T22:24:13.935+0000] {dagbag.py:588} INFO - Filling up the DagBag from /opt/airflow/dags/env/Scripts/pip.exe
[2025-03-28T22:24:14.064+0000] {logging_mixin.py:190} INFO - [2025-03-28T22:24:14.063+0000] {dagbag.py:435} INFO - File /opt/airflow/dags/env/Scripts/pip.exe:__main__.py assumed to contain no DAGs. Skipping.
[2025-03-28T22:24:14.087+0000] {processor.py:927} WARNING - No viable dags retrieved from /opt/airflow/dags/env/Scripts/pip.exe
[2025-03-28T22:24:14.297+0000] {processor.py:208} INFO - Processing /opt/airflow/dags/env/Scripts/pip.exe took 0.391 seconds
