[2025-03-28T03:29:41.296+0000] {processor.py:186} INFO - Started process (PID=229) to work on /opt/airflow/dags/env/Scripts/pybabel.exe
[2025-03-28T03:29:41.298+0000] {processor.py:914} INFO - Processing file /opt/airflow/dags/env/Scripts/pybabel.exe for tasks to queue
[2025-03-28T03:29:41.302+0000] {logging_mixin.py:190} INFO - [2025-03-28T03:29:41.301+0000] {dagbag.py:588} INFO - Filling up the DagBag from /opt/airflow/dags/env/Scripts/pybabel.exe
[2025-03-28T03:29:41.326+0000] {logging_mixin.py:190} INFO - [2025-03-28T03:29:41.325+0000] {dagbag.py:435} INFO - File /opt/airflow/dags/env/Scripts/pybabel.exe:__main__.py assumed to contain no DAGs. Skipping.
[2025-03-28T03:29:41.327+0000] {processor.py:927} WARNING - No viable dags retrieved from /opt/airflow/dags/env/Scripts/pybabel.exe
[2025-03-28T03:29:41.378+0000] {processor.py:208} INFO - Processing /opt/airflow/dags/env/Scripts/pybabel.exe took 0.111 seconds
[2025-03-28T04:03:59.661+0000] {processor.py:186} INFO - Started process (PID=267) to work on /opt/airflow/dags/env/Scripts/pybabel.exe
[2025-03-28T04:03:59.663+0000] {processor.py:914} INFO - Processing file /opt/airflow/dags/env/Scripts/pybabel.exe for tasks to queue
[2025-03-28T04:03:59.668+0000] {logging_mixin.py:190} INFO - [2025-03-28T04:03:59.668+0000] {dagbag.py:588} INFO - Filling up the DagBag from /opt/airflow/dags/env/Scripts/pybabel.exe
[2025-03-28T04:03:59.703+0000] {logging_mixin.py:190} INFO - [2025-03-28T04:03:59.703+0000] {dagbag.py:435} INFO - File /opt/airflow/dags/env/Scripts/pybabel.exe:__main__.py assumed to contain no DAGs. Skipping.
[2025-03-28T04:03:59.706+0000] {processor.py:927} WARNING - No viable dags retrieved from /opt/airflow/dags/env/Scripts/pybabel.exe
[2025-03-28T04:03:59.732+0000] {processor.py:208} INFO - Processing /opt/airflow/dags/env/Scripts/pybabel.exe took 0.092 seconds
[2025-03-28T04:41:13.784+0000] {processor.py:186} INFO - Started process (PID=304) to work on /opt/airflow/dags/env/Scripts/pybabel.exe
[2025-03-28T04:41:13.788+0000] {processor.py:914} INFO - Processing file /opt/airflow/dags/env/Scripts/pybabel.exe for tasks to queue
[2025-03-28T04:41:13.798+0000] {logging_mixin.py:190} INFO - [2025-03-28T04:41:13.797+0000] {dagbag.py:588} INFO - Filling up the DagBag from /opt/airflow/dags/env/Scripts/pybabel.exe
[2025-03-28T04:41:13.832+0000] {logging_mixin.py:190} INFO - [2025-03-28T04:41:13.831+0000] {dagbag.py:435} INFO - File /opt/airflow/dags/env/Scripts/pybabel.exe:__main__.py assumed to contain no DAGs. Skipping.
[2025-03-28T04:41:13.834+0000] {processor.py:927} WARNING - No viable dags retrieved from /opt/airflow/dags/env/Scripts/pybabel.exe
[2025-03-28T04:41:13.881+0000] {processor.py:208} INFO - Processing /opt/airflow/dags/env/Scripts/pybabel.exe took 0.124 seconds
[2025-03-28T05:05:49.895+0000] {processor.py:186} INFO - Started process (PID=338) to work on /opt/airflow/dags/env/Scripts/pybabel.exe
[2025-03-28T05:05:49.897+0000] {processor.py:914} INFO - Processing file /opt/airflow/dags/env/Scripts/pybabel.exe for tasks to queue
[2025-03-28T05:05:49.899+0000] {logging_mixin.py:190} INFO - [2025-03-28T05:05:49.899+0000] {dagbag.py:588} INFO - Filling up the DagBag from /opt/airflow/dags/env/Scripts/pybabel.exe
[2025-03-28T05:05:49.915+0000] {logging_mixin.py:190} INFO - [2025-03-28T05:05:49.915+0000] {dagbag.py:435} INFO - File /opt/airflow/dags/env/Scripts/pybabel.exe:__main__.py assumed to contain no DAGs. Skipping.
[2025-03-28T05:05:49.916+0000] {processor.py:927} WARNING - No viable dags retrieved from /opt/airflow/dags/env/Scripts/pybabel.exe
[2025-03-28T05:05:49.939+0000] {processor.py:208} INFO - Processing /opt/airflow/dags/env/Scripts/pybabel.exe took 0.055 seconds
[2025-03-28T05:17:38.362+0000] {processor.py:186} INFO - Started process (PID=380) to work on /opt/airflow/dags/env/Scripts/pybabel.exe
[2025-03-28T05:17:38.364+0000] {processor.py:914} INFO - Processing file /opt/airflow/dags/env/Scripts/pybabel.exe for tasks to queue
[2025-03-28T05:17:38.367+0000] {logging_mixin.py:190} INFO - [2025-03-28T05:17:38.367+0000] {dagbag.py:588} INFO - Filling up the DagBag from /opt/airflow/dags/env/Scripts/pybabel.exe
[2025-03-28T05:17:38.387+0000] {logging_mixin.py:190} INFO - [2025-03-28T05:17:38.387+0000] {dagbag.py:435} INFO - File /opt/airflow/dags/env/Scripts/pybabel.exe:__main__.py assumed to contain no DAGs. Skipping.
[2025-03-28T05:17:38.389+0000] {processor.py:927} WARNING - No viable dags retrieved from /opt/airflow/dags/env/Scripts/pybabel.exe
[2025-03-28T05:17:38.430+0000] {processor.py:208} INFO - Processing /opt/airflow/dags/env/Scripts/pybabel.exe took 0.089 seconds
[2025-03-28T05:18:09.656+0000] {processor.py:186} INFO - Started process (PID=404) to work on /opt/airflow/dags/env/Scripts/pybabel.exe
[2025-03-28T05:18:09.657+0000] {processor.py:914} INFO - Processing file /opt/airflow/dags/env/Scripts/pybabel.exe for tasks to queue
[2025-03-28T05:18:09.661+0000] {logging_mixin.py:190} INFO - [2025-03-28T05:18:09.660+0000] {dagbag.py:588} INFO - Filling up the DagBag from /opt/airflow/dags/env/Scripts/pybabel.exe
[2025-03-28T05:18:09.676+0000] {logging_mixin.py:190} INFO - [2025-03-28T05:18:09.676+0000] {dagbag.py:435} INFO - File /opt/airflow/dags/env/Scripts/pybabel.exe:__main__.py assumed to contain no DAGs. Skipping.
[2025-03-28T05:18:09.678+0000] {processor.py:927} WARNING - No viable dags retrieved from /opt/airflow/dags/env/Scripts/pybabel.exe
[2025-03-28T05:18:09.700+0000] {processor.py:208} INFO - Processing /opt/airflow/dags/env/Scripts/pybabel.exe took 0.056 seconds
[2025-03-28T05:23:30.904+0000] {processor.py:186} INFO - Started process (PID=434) to work on /opt/airflow/dags/env/Scripts/pybabel.exe
[2025-03-28T05:23:30.906+0000] {processor.py:914} INFO - Processing file /opt/airflow/dags/env/Scripts/pybabel.exe for tasks to queue
[2025-03-28T05:23:30.909+0000] {logging_mixin.py:190} INFO - [2025-03-28T05:23:30.909+0000] {dagbag.py:588} INFO - Filling up the DagBag from /opt/airflow/dags/env/Scripts/pybabel.exe
[2025-03-28T05:23:30.920+0000] {logging_mixin.py:190} INFO - [2025-03-28T05:23:30.920+0000] {dagbag.py:435} INFO - File /opt/airflow/dags/env/Scripts/pybabel.exe:__main__.py assumed to contain no DAGs. Skipping.
[2025-03-28T05:23:30.921+0000] {processor.py:927} WARNING - No viable dags retrieved from /opt/airflow/dags/env/Scripts/pybabel.exe
[2025-03-28T05:23:30.941+0000] {processor.py:208} INFO - Processing /opt/airflow/dags/env/Scripts/pybabel.exe took 0.047 seconds
[2025-03-28T05:35:05.111+0000] {processor.py:186} INFO - Started process (PID=462) to work on /opt/airflow/dags/env/Scripts/pybabel.exe
[2025-03-28T05:35:05.114+0000] {processor.py:914} INFO - Processing file /opt/airflow/dags/env/Scripts/pybabel.exe for tasks to queue
[2025-03-28T05:35:05.120+0000] {logging_mixin.py:190} INFO - [2025-03-28T05:35:05.119+0000] {dagbag.py:588} INFO - Filling up the DagBag from /opt/airflow/dags/env/Scripts/pybabel.exe
[2025-03-28T05:35:05.137+0000] {logging_mixin.py:190} INFO - [2025-03-28T05:35:05.136+0000] {dagbag.py:435} INFO - File /opt/airflow/dags/env/Scripts/pybabel.exe:__main__.py assumed to contain no DAGs. Skipping.
[2025-03-28T05:35:05.140+0000] {processor.py:927} WARNING - No viable dags retrieved from /opt/airflow/dags/env/Scripts/pybabel.exe
[2025-03-28T05:35:05.189+0000] {processor.py:208} INFO - Processing /opt/airflow/dags/env/Scripts/pybabel.exe took 0.101 seconds
[2025-03-28T05:45:01.428+0000] {processor.py:186} INFO - Started process (PID=501) to work on /opt/airflow/dags/env/Scripts/pybabel.exe
[2025-03-28T05:45:01.430+0000] {processor.py:914} INFO - Processing file /opt/airflow/dags/env/Scripts/pybabel.exe for tasks to queue
[2025-03-28T05:45:01.433+0000] {logging_mixin.py:190} INFO - [2025-03-28T05:45:01.433+0000] {dagbag.py:588} INFO - Filling up the DagBag from /opt/airflow/dags/env/Scripts/pybabel.exe
[2025-03-28T05:45:01.447+0000] {logging_mixin.py:190} INFO - [2025-03-28T05:45:01.447+0000] {dagbag.py:435} INFO - File /opt/airflow/dags/env/Scripts/pybabel.exe:__main__.py assumed to contain no DAGs. Skipping.
[2025-03-28T05:45:01.448+0000] {processor.py:927} WARNING - No viable dags retrieved from /opt/airflow/dags/env/Scripts/pybabel.exe
[2025-03-28T05:45:01.474+0000] {processor.py:208} INFO - Processing /opt/airflow/dags/env/Scripts/pybabel.exe took 0.058 seconds
[2025-03-28T06:00:46.656+0000] {processor.py:186} INFO - Started process (PID=655) to work on /opt/airflow/dags/env/Scripts/pybabel.exe
[2025-03-28T06:00:46.657+0000] {processor.py:914} INFO - Processing file /opt/airflow/dags/env/Scripts/pybabel.exe for tasks to queue
[2025-03-28T06:00:46.660+0000] {logging_mixin.py:190} INFO - [2025-03-28T06:00:46.660+0000] {dagbag.py:588} INFO - Filling up the DagBag from /opt/airflow/dags/env/Scripts/pybabel.exe
[2025-03-28T06:00:46.673+0000] {logging_mixin.py:190} INFO - [2025-03-28T06:00:46.673+0000] {dagbag.py:435} INFO - File /opt/airflow/dags/env/Scripts/pybabel.exe:__main__.py assumed to contain no DAGs. Skipping.
[2025-03-28T06:00:46.674+0000] {processor.py:927} WARNING - No viable dags retrieved from /opt/airflow/dags/env/Scripts/pybabel.exe
[2025-03-28T06:00:46.699+0000] {processor.py:208} INFO - Processing /opt/airflow/dags/env/Scripts/pybabel.exe took 0.054 seconds
[2025-03-28T06:10:45.816+0000] {processor.py:186} INFO - Started process (PID=679) to work on /opt/airflow/dags/env/Scripts/pybabel.exe
[2025-03-28T06:10:45.818+0000] {processor.py:914} INFO - Processing file /opt/airflow/dags/env/Scripts/pybabel.exe for tasks to queue
[2025-03-28T06:10:45.821+0000] {logging_mixin.py:190} INFO - [2025-03-28T06:10:45.820+0000] {dagbag.py:588} INFO - Filling up the DagBag from /opt/airflow/dags/env/Scripts/pybabel.exe
[2025-03-28T06:10:45.849+0000] {logging_mixin.py:190} INFO - [2025-03-28T06:10:45.849+0000] {dagbag.py:435} INFO - File /opt/airflow/dags/env/Scripts/pybabel.exe:__main__.py assumed to contain no DAGs. Skipping.
[2025-03-28T06:10:45.852+0000] {processor.py:927} WARNING - No viable dags retrieved from /opt/airflow/dags/env/Scripts/pybabel.exe
[2025-03-28T06:10:45.902+0000] {processor.py:208} INFO - Processing /opt/airflow/dags/env/Scripts/pybabel.exe took 0.117 seconds
[2025-03-28T06:26:37.009+0000] {processor.py:186} INFO - Started process (PID=845) to work on /opt/airflow/dags/env/Scripts/pybabel.exe
[2025-03-28T06:26:37.011+0000] {processor.py:914} INFO - Processing file /opt/airflow/dags/env/Scripts/pybabel.exe for tasks to queue
[2025-03-28T06:26:37.013+0000] {logging_mixin.py:190} INFO - [2025-03-28T06:26:37.013+0000] {dagbag.py:588} INFO - Filling up the DagBag from /opt/airflow/dags/env/Scripts/pybabel.exe
[2025-03-28T06:26:37.033+0000] {logging_mixin.py:190} INFO - [2025-03-28T06:26:37.033+0000] {dagbag.py:435} INFO - File /opt/airflow/dags/env/Scripts/pybabel.exe:__main__.py assumed to contain no DAGs. Skipping.
[2025-03-28T06:26:37.035+0000] {processor.py:927} WARNING - No viable dags retrieved from /opt/airflow/dags/env/Scripts/pybabel.exe
[2025-03-28T06:26:37.068+0000] {processor.py:208} INFO - Processing /opt/airflow/dags/env/Scripts/pybabel.exe took 0.073 seconds
[2025-03-28T06:52:21.283+0000] {processor.py:186} INFO - Started process (PID=971) to work on /opt/airflow/dags/env/Scripts/pybabel.exe
[2025-03-28T06:52:21.284+0000] {processor.py:914} INFO - Processing file /opt/airflow/dags/env/Scripts/pybabel.exe for tasks to queue
[2025-03-28T06:52:21.286+0000] {logging_mixin.py:190} INFO - [2025-03-28T06:52:21.285+0000] {dagbag.py:588} INFO - Filling up the DagBag from /opt/airflow/dags/env/Scripts/pybabel.exe
[2025-03-28T06:52:21.301+0000] {logging_mixin.py:190} INFO - [2025-03-28T06:52:21.300+0000] {dagbag.py:435} INFO - File /opt/airflow/dags/env/Scripts/pybabel.exe:__main__.py assumed to contain no DAGs. Skipping.
[2025-03-28T06:52:21.301+0000] {processor.py:927} WARNING - No viable dags retrieved from /opt/airflow/dags/env/Scripts/pybabel.exe
[2025-03-28T06:52:21.328+0000] {processor.py:208} INFO - Processing /opt/airflow/dags/env/Scripts/pybabel.exe took 0.058 seconds
[2025-03-28T08:03:23.282+0000] {processor.py:186} INFO - Started process (PID=1221) to work on /opt/airflow/dags/env/Scripts/pybabel.exe
[2025-03-28T08:03:23.291+0000] {processor.py:914} INFO - Processing file /opt/airflow/dags/env/Scripts/pybabel.exe for tasks to queue
[2025-03-28T08:03:23.295+0000] {logging_mixin.py:190} INFO - [2025-03-28T08:03:23.294+0000] {dagbag.py:588} INFO - Filling up the DagBag from /opt/airflow/dags/env/Scripts/pybabel.exe
[2025-03-28T08:03:23.333+0000] {logging_mixin.py:190} INFO - [2025-03-28T08:03:23.332+0000] {dagbag.py:435} INFO - File /opt/airflow/dags/env/Scripts/pybabel.exe:__main__.py assumed to contain no DAGs. Skipping.
[2025-03-28T08:03:23.340+0000] {processor.py:927} WARNING - No viable dags retrieved from /opt/airflow/dags/env/Scripts/pybabel.exe
[2025-03-28T08:03:23.432+0000] {processor.py:208} INFO - Processing /opt/airflow/dags/env/Scripts/pybabel.exe took 0.224 seconds
[2025-03-28T08:47:45.957+0000] {processor.py:186} INFO - Started process (PID=1263) to work on /opt/airflow/dags/env/Scripts/pybabel.exe
[2025-03-28T08:47:45.958+0000] {processor.py:914} INFO - Processing file /opt/airflow/dags/env/Scripts/pybabel.exe for tasks to queue
[2025-03-28T08:47:45.960+0000] {logging_mixin.py:190} INFO - [2025-03-28T08:47:45.960+0000] {dagbag.py:588} INFO - Filling up the DagBag from /opt/airflow/dags/env/Scripts/pybabel.exe
[2025-03-28T08:47:45.974+0000] {logging_mixin.py:190} INFO - [2025-03-28T08:47:45.973+0000] {dagbag.py:435} INFO - File /opt/airflow/dags/env/Scripts/pybabel.exe:__main__.py assumed to contain no DAGs. Skipping.
[2025-03-28T08:47:45.975+0000] {processor.py:927} WARNING - No viable dags retrieved from /opt/airflow/dags/env/Scripts/pybabel.exe
[2025-03-28T08:47:46.002+0000] {processor.py:208} INFO - Processing /opt/airflow/dags/env/Scripts/pybabel.exe took 0.058 seconds
[2025-03-28T09:26:53.929+0000] {processor.py:186} INFO - Started process (PID=1440) to work on /opt/airflow/dags/env/Scripts/pybabel.exe
[2025-03-28T09:26:53.931+0000] {processor.py:914} INFO - Processing file /opt/airflow/dags/env/Scripts/pybabel.exe for tasks to queue
[2025-03-28T09:26:53.934+0000] {logging_mixin.py:190} INFO - [2025-03-28T09:26:53.933+0000] {dagbag.py:588} INFO - Filling up the DagBag from /opt/airflow/dags/env/Scripts/pybabel.exe
[2025-03-28T09:26:53.955+0000] {logging_mixin.py:190} INFO - [2025-03-28T09:26:53.954+0000] {dagbag.py:435} INFO - File /opt/airflow/dags/env/Scripts/pybabel.exe:__main__.py assumed to contain no DAGs. Skipping.
[2025-03-28T09:26:53.958+0000] {processor.py:927} WARNING - No viable dags retrieved from /opt/airflow/dags/env/Scripts/pybabel.exe
[2025-03-28T09:26:53.999+0000] {processor.py:208} INFO - Processing /opt/airflow/dags/env/Scripts/pybabel.exe took 0.106 seconds
[2025-03-28T09:31:24.495+0000] {processor.py:186} INFO - Started process (PID=1464) to work on /opt/airflow/dags/env/Scripts/pybabel.exe
[2025-03-28T09:31:24.497+0000] {processor.py:914} INFO - Processing file /opt/airflow/dags/env/Scripts/pybabel.exe for tasks to queue
[2025-03-28T09:31:24.500+0000] {logging_mixin.py:190} INFO - [2025-03-28T09:31:24.499+0000] {dagbag.py:588} INFO - Filling up the DagBag from /opt/airflow/dags/env/Scripts/pybabel.exe
[2025-03-28T09:31:24.520+0000] {logging_mixin.py:190} INFO - [2025-03-28T09:31:24.520+0000] {dagbag.py:435} INFO - File /opt/airflow/dags/env/Scripts/pybabel.exe:__main__.py assumed to contain no DAGs. Skipping.
[2025-03-28T09:31:24.522+0000] {processor.py:927} WARNING - No viable dags retrieved from /opt/airflow/dags/env/Scripts/pybabel.exe
[2025-03-28T09:31:24.580+0000] {processor.py:208} INFO - Processing /opt/airflow/dags/env/Scripts/pybabel.exe took 0.129 seconds
[2025-03-28T09:41:57.914+0000] {processor.py:186} INFO - Started process (PID=1490) to work on /opt/airflow/dags/env/Scripts/pybabel.exe
[2025-03-28T09:41:57.916+0000] {processor.py:914} INFO - Processing file /opt/airflow/dags/env/Scripts/pybabel.exe for tasks to queue
[2025-03-28T09:41:57.927+0000] {logging_mixin.py:190} INFO - [2025-03-28T09:41:57.918+0000] {dagbag.py:588} INFO - Filling up the DagBag from /opt/airflow/dags/env/Scripts/pybabel.exe
[2025-03-28T09:41:57.947+0000] {logging_mixin.py:190} INFO - [2025-03-28T09:41:57.946+0000] {dagbag.py:435} INFO - File /opt/airflow/dags/env/Scripts/pybabel.exe:__main__.py assumed to contain no DAGs. Skipping.
[2025-03-28T09:41:57.948+0000] {processor.py:927} WARNING - No viable dags retrieved from /opt/airflow/dags/env/Scripts/pybabel.exe
[2025-03-28T09:41:57.992+0000] {processor.py:208} INFO - Processing /opt/airflow/dags/env/Scripts/pybabel.exe took 0.105 seconds
[2025-03-28T09:47:01.318+0000] {processor.py:186} INFO - Started process (PID=1514) to work on /opt/airflow/dags/env/Scripts/pybabel.exe
[2025-03-28T09:47:01.319+0000] {processor.py:914} INFO - Processing file /opt/airflow/dags/env/Scripts/pybabel.exe for tasks to queue
[2025-03-28T09:47:01.321+0000] {logging_mixin.py:190} INFO - [2025-03-28T09:47:01.320+0000] {dagbag.py:588} INFO - Filling up the DagBag from /opt/airflow/dags/env/Scripts/pybabel.exe
[2025-03-28T09:47:01.334+0000] {logging_mixin.py:190} INFO - [2025-03-28T09:47:01.334+0000] {dagbag.py:435} INFO - File /opt/airflow/dags/env/Scripts/pybabel.exe:__main__.py assumed to contain no DAGs. Skipping.
[2025-03-28T09:47:01.335+0000] {processor.py:927} WARNING - No viable dags retrieved from /opt/airflow/dags/env/Scripts/pybabel.exe
[2025-03-28T09:47:01.356+0000] {processor.py:208} INFO - Processing /opt/airflow/dags/env/Scripts/pybabel.exe took 0.051 seconds
[2025-03-28T09:47:31.618+0000] {processor.py:186} INFO - Started process (PID=1538) to work on /opt/airflow/dags/env/Scripts/pybabel.exe
[2025-03-28T09:47:31.620+0000] {processor.py:914} INFO - Processing file /opt/airflow/dags/env/Scripts/pybabel.exe for tasks to queue
[2025-03-28T09:47:31.622+0000] {logging_mixin.py:190} INFO - [2025-03-28T09:47:31.621+0000] {dagbag.py:588} INFO - Filling up the DagBag from /opt/airflow/dags/env/Scripts/pybabel.exe
[2025-03-28T09:47:31.638+0000] {logging_mixin.py:190} INFO - [2025-03-28T09:47:31.637+0000] {dagbag.py:435} INFO - File /opt/airflow/dags/env/Scripts/pybabel.exe:__main__.py assumed to contain no DAGs. Skipping.
[2025-03-28T09:47:31.639+0000] {processor.py:927} WARNING - No viable dags retrieved from /opt/airflow/dags/env/Scripts/pybabel.exe
[2025-03-28T09:47:31.662+0000] {processor.py:208} INFO - Processing /opt/airflow/dags/env/Scripts/pybabel.exe took 0.056 seconds
[2025-03-28T09:52:21.254+0000] {processor.py:186} INFO - Started process (PID=1554) to work on /opt/airflow/dags/env/Scripts/pybabel.exe
[2025-03-28T09:52:21.258+0000] {processor.py:914} INFO - Processing file /opt/airflow/dags/env/Scripts/pybabel.exe for tasks to queue
[2025-03-28T09:52:21.263+0000] {logging_mixin.py:190} INFO - [2025-03-28T09:52:21.261+0000] {dagbag.py:588} INFO - Filling up the DagBag from /opt/airflow/dags/env/Scripts/pybabel.exe
[2025-03-28T09:52:21.285+0000] {logging_mixin.py:190} INFO - [2025-03-28T09:52:21.284+0000] {dagbag.py:435} INFO - File /opt/airflow/dags/env/Scripts/pybabel.exe:__main__.py assumed to contain no DAGs. Skipping.
[2025-03-28T09:52:21.287+0000] {processor.py:927} WARNING - No viable dags retrieved from /opt/airflow/dags/env/Scripts/pybabel.exe
[2025-03-28T09:52:21.369+0000] {processor.py:208} INFO - Processing /opt/airflow/dags/env/Scripts/pybabel.exe took 0.139 seconds
[2025-03-28T10:09:05.310+0000] {processor.py:186} INFO - Started process (PID=1579) to work on /opt/airflow/dags/env/Scripts/pybabel.exe
[2025-03-28T10:09:05.311+0000] {processor.py:914} INFO - Processing file /opt/airflow/dags/env/Scripts/pybabel.exe for tasks to queue
[2025-03-28T10:09:05.313+0000] {logging_mixin.py:190} INFO - [2025-03-28T10:09:05.313+0000] {dagbag.py:588} INFO - Filling up the DagBag from /opt/airflow/dags/env/Scripts/pybabel.exe
[2025-03-28T10:09:05.328+0000] {logging_mixin.py:190} INFO - [2025-03-28T10:09:05.327+0000] {dagbag.py:435} INFO - File /opt/airflow/dags/env/Scripts/pybabel.exe:__main__.py assumed to contain no DAGs. Skipping.
[2025-03-28T10:09:05.329+0000] {processor.py:927} WARNING - No viable dags retrieved from /opt/airflow/dags/env/Scripts/pybabel.exe
[2025-03-28T10:09:05.352+0000] {processor.py:208} INFO - Processing /opt/airflow/dags/env/Scripts/pybabel.exe took 0.055 seconds
[2025-03-28T10:09:35.980+0000] {processor.py:186} INFO - Started process (PID=1604) to work on /opt/airflow/dags/env/Scripts/pybabel.exe
[2025-03-28T10:09:35.981+0000] {processor.py:914} INFO - Processing file /opt/airflow/dags/env/Scripts/pybabel.exe for tasks to queue
[2025-03-28T10:09:35.983+0000] {logging_mixin.py:190} INFO - [2025-03-28T10:09:35.983+0000] {dagbag.py:588} INFO - Filling up the DagBag from /opt/airflow/dags/env/Scripts/pybabel.exe
[2025-03-28T10:09:35.999+0000] {logging_mixin.py:190} INFO - [2025-03-28T10:09:35.999+0000] {dagbag.py:435} INFO - File /opt/airflow/dags/env/Scripts/pybabel.exe:__main__.py assumed to contain no DAGs. Skipping.
[2025-03-28T10:09:36.000+0000] {processor.py:927} WARNING - No viable dags retrieved from /opt/airflow/dags/env/Scripts/pybabel.exe
[2025-03-28T10:09:36.028+0000] {processor.py:208} INFO - Processing /opt/airflow/dags/env/Scripts/pybabel.exe took 0.061 seconds
[2025-03-28T10:26:58.617+0000] {processor.py:186} INFO - Started process (PID=1628) to work on /opt/airflow/dags/env/Scripts/pybabel.exe
[2025-03-28T10:26:58.619+0000] {processor.py:914} INFO - Processing file /opt/airflow/dags/env/Scripts/pybabel.exe for tasks to queue
[2025-03-28T10:26:58.622+0000] {logging_mixin.py:190} INFO - [2025-03-28T10:26:58.621+0000] {dagbag.py:588} INFO - Filling up the DagBag from /opt/airflow/dags/env/Scripts/pybabel.exe
[2025-03-28T10:26:58.643+0000] {logging_mixin.py:190} INFO - [2025-03-28T10:26:58.643+0000] {dagbag.py:435} INFO - File /opt/airflow/dags/env/Scripts/pybabel.exe:__main__.py assumed to contain no DAGs. Skipping.
[2025-03-28T10:26:58.645+0000] {processor.py:927} WARNING - No viable dags retrieved from /opt/airflow/dags/env/Scripts/pybabel.exe
[2025-03-28T10:26:58.678+0000] {processor.py:208} INFO - Processing /opt/airflow/dags/env/Scripts/pybabel.exe took 0.088 seconds
[2025-03-28T10:31:21.417+0000] {processor.py:186} INFO - Started process (PID=1654) to work on /opt/airflow/dags/env/Scripts/pybabel.exe
[2025-03-28T10:31:21.418+0000] {processor.py:914} INFO - Processing file /opt/airflow/dags/env/Scripts/pybabel.exe for tasks to queue
[2025-03-28T10:31:21.420+0000] {logging_mixin.py:190} INFO - [2025-03-28T10:31:21.420+0000] {dagbag.py:588} INFO - Filling up the DagBag from /opt/airflow/dags/env/Scripts/pybabel.exe
[2025-03-28T10:31:21.435+0000] {logging_mixin.py:190} INFO - [2025-03-28T10:31:21.435+0000] {dagbag.py:435} INFO - File /opt/airflow/dags/env/Scripts/pybabel.exe:__main__.py assumed to contain no DAGs. Skipping.
[2025-03-28T10:31:21.437+0000] {processor.py:927} WARNING - No viable dags retrieved from /opt/airflow/dags/env/Scripts/pybabel.exe
[2025-03-28T10:31:21.466+0000] {processor.py:208} INFO - Processing /opt/airflow/dags/env/Scripts/pybabel.exe took 0.070 seconds
[2025-03-28T10:31:52.969+0000] {processor.py:186} INFO - Started process (PID=1678) to work on /opt/airflow/dags/env/Scripts/pybabel.exe
[2025-03-28T10:31:52.970+0000] {processor.py:914} INFO - Processing file /opt/airflow/dags/env/Scripts/pybabel.exe for tasks to queue
[2025-03-28T10:31:52.973+0000] {logging_mixin.py:190} INFO - [2025-03-28T10:31:52.972+0000] {dagbag.py:588} INFO - Filling up the DagBag from /opt/airflow/dags/env/Scripts/pybabel.exe
[2025-03-28T10:31:52.987+0000] {logging_mixin.py:190} INFO - [2025-03-28T10:31:52.987+0000] {dagbag.py:435} INFO - File /opt/airflow/dags/env/Scripts/pybabel.exe:__main__.py assumed to contain no DAGs. Skipping.
[2025-03-28T10:31:52.989+0000] {processor.py:927} WARNING - No viable dags retrieved from /opt/airflow/dags/env/Scripts/pybabel.exe
[2025-03-28T10:31:53.019+0000] {processor.py:208} INFO - Processing /opt/airflow/dags/env/Scripts/pybabel.exe took 0.070 seconds
[2025-03-28T10:36:36.156+0000] {processor.py:186} INFO - Started process (PID=1708) to work on /opt/airflow/dags/env/Scripts/pybabel.exe
[2025-03-28T10:36:36.160+0000] {processor.py:914} INFO - Processing file /opt/airflow/dags/env/Scripts/pybabel.exe for tasks to queue
[2025-03-28T10:36:36.164+0000] {logging_mixin.py:190} INFO - [2025-03-28T10:36:36.163+0000] {dagbag.py:588} INFO - Filling up the DagBag from /opt/airflow/dags/env/Scripts/pybabel.exe
[2025-03-28T10:36:36.188+0000] {logging_mixin.py:190} INFO - [2025-03-28T10:36:36.187+0000] {dagbag.py:435} INFO - File /opt/airflow/dags/env/Scripts/pybabel.exe:__main__.py assumed to contain no DAGs. Skipping.
[2025-03-28T10:36:36.190+0000] {processor.py:927} WARNING - No viable dags retrieved from /opt/airflow/dags/env/Scripts/pybabel.exe
[2025-03-28T10:36:36.239+0000] {processor.py:208} INFO - Processing /opt/airflow/dags/env/Scripts/pybabel.exe took 0.107 seconds
[2025-03-28T10:37:07.958+0000] {processor.py:186} INFO - Started process (PID=1732) to work on /opt/airflow/dags/env/Scripts/pybabel.exe
[2025-03-28T10:37:07.960+0000] {processor.py:914} INFO - Processing file /opt/airflow/dags/env/Scripts/pybabel.exe for tasks to queue
[2025-03-28T10:37:07.965+0000] {logging_mixin.py:190} INFO - [2025-03-28T10:37:07.964+0000] {dagbag.py:588} INFO - Filling up the DagBag from /opt/airflow/dags/env/Scripts/pybabel.exe
[2025-03-28T10:37:07.988+0000] {logging_mixin.py:190} INFO - [2025-03-28T10:37:07.987+0000] {dagbag.py:435} INFO - File /opt/airflow/dags/env/Scripts/pybabel.exe:__main__.py assumed to contain no DAGs. Skipping.
[2025-03-28T10:37:07.990+0000] {processor.py:927} WARNING - No viable dags retrieved from /opt/airflow/dags/env/Scripts/pybabel.exe
[2025-03-28T10:37:08.031+0000] {processor.py:208} INFO - Processing /opt/airflow/dags/env/Scripts/pybabel.exe took 0.096 seconds
[2025-03-28T11:52:24.465+0000] {processor.py:186} INFO - Started process (PID=1753) to work on /opt/airflow/dags/env/Scripts/pybabel.exe
[2025-03-28T11:52:24.467+0000] {processor.py:914} INFO - Processing file /opt/airflow/dags/env/Scripts/pybabel.exe for tasks to queue
[2025-03-28T11:52:24.468+0000] {logging_mixin.py:190} INFO - [2025-03-28T11:52:24.468+0000] {dagbag.py:588} INFO - Filling up the DagBag from /opt/airflow/dags/env/Scripts/pybabel.exe
[2025-03-28T11:52:24.483+0000] {logging_mixin.py:190} INFO - [2025-03-28T11:52:24.483+0000] {dagbag.py:435} INFO - File /opt/airflow/dags/env/Scripts/pybabel.exe:__main__.py assumed to contain no DAGs. Skipping.
[2025-03-28T11:52:24.484+0000] {processor.py:927} WARNING - No viable dags retrieved from /opt/airflow/dags/env/Scripts/pybabel.exe
[2025-03-28T11:52:24.510+0000] {processor.py:208} INFO - Processing /opt/airflow/dags/env/Scripts/pybabel.exe took 0.057 seconds
[2025-03-28T11:53:01.365+0000] {processor.py:186} INFO - Started process (PID=1777) to work on /opt/airflow/dags/env/Scripts/pybabel.exe
[2025-03-28T11:53:01.367+0000] {processor.py:914} INFO - Processing file /opt/airflow/dags/env/Scripts/pybabel.exe for tasks to queue
[2025-03-28T11:53:01.371+0000] {logging_mixin.py:190} INFO - [2025-03-28T11:53:01.370+0000] {dagbag.py:588} INFO - Filling up the DagBag from /opt/airflow/dags/env/Scripts/pybabel.exe
[2025-03-28T11:53:01.394+0000] {logging_mixin.py:190} INFO - [2025-03-28T11:53:01.394+0000] {dagbag.py:435} INFO - File /opt/airflow/dags/env/Scripts/pybabel.exe:__main__.py assumed to contain no DAGs. Skipping.
[2025-03-28T11:53:01.396+0000] {processor.py:927} WARNING - No viable dags retrieved from /opt/airflow/dags/env/Scripts/pybabel.exe
[2025-03-28T11:53:01.441+0000] {processor.py:208} INFO - Processing /opt/airflow/dags/env/Scripts/pybabel.exe took 0.099 seconds
[2025-03-28T12:52:07.703+0000] {processor.py:186} INFO - Started process (PID=1800) to work on /opt/airflow/dags/env/Scripts/pybabel.exe
[2025-03-28T12:52:07.705+0000] {processor.py:914} INFO - Processing file /opt/airflow/dags/env/Scripts/pybabel.exe for tasks to queue
[2025-03-28T12:52:07.707+0000] {logging_mixin.py:190} INFO - [2025-03-28T12:52:07.707+0000] {dagbag.py:588} INFO - Filling up the DagBag from /opt/airflow/dags/env/Scripts/pybabel.exe
[2025-03-28T12:52:07.722+0000] {logging_mixin.py:190} INFO - [2025-03-28T12:52:07.721+0000] {dagbag.py:435} INFO - File /opt/airflow/dags/env/Scripts/pybabel.exe:__main__.py assumed to contain no DAGs. Skipping.
[2025-03-28T12:52:07.723+0000] {processor.py:927} WARNING - No viable dags retrieved from /opt/airflow/dags/env/Scripts/pybabel.exe
[2025-03-28T12:52:07.752+0000] {processor.py:208} INFO - Processing /opt/airflow/dags/env/Scripts/pybabel.exe took 0.060 seconds
[2025-03-28T12:52:38.854+0000] {processor.py:186} INFO - Started process (PID=1824) to work on /opt/airflow/dags/env/Scripts/pybabel.exe
[2025-03-28T12:52:38.855+0000] {processor.py:914} INFO - Processing file /opt/airflow/dags/env/Scripts/pybabel.exe for tasks to queue
[2025-03-28T12:52:38.857+0000] {logging_mixin.py:190} INFO - [2025-03-28T12:52:38.856+0000] {dagbag.py:588} INFO - Filling up the DagBag from /opt/airflow/dags/env/Scripts/pybabel.exe
[2025-03-28T12:52:38.870+0000] {logging_mixin.py:190} INFO - [2025-03-28T12:52:38.870+0000] {dagbag.py:435} INFO - File /opt/airflow/dags/env/Scripts/pybabel.exe:__main__.py assumed to contain no DAGs. Skipping.
[2025-03-28T12:52:38.871+0000] {processor.py:927} WARNING - No viable dags retrieved from /opt/airflow/dags/env/Scripts/pybabel.exe
[2025-03-28T12:52:38.893+0000] {processor.py:208} INFO - Processing /opt/airflow/dags/env/Scripts/pybabel.exe took 0.052 seconds
[2025-03-28T12:57:00.233+0000] {processor.py:186} INFO - Started process (PID=1850) to work on /opt/airflow/dags/env/Scripts/pybabel.exe
[2025-03-28T12:57:00.234+0000] {processor.py:914} INFO - Processing file /opt/airflow/dags/env/Scripts/pybabel.exe for tasks to queue
[2025-03-28T12:57:00.236+0000] {logging_mixin.py:190} INFO - [2025-03-28T12:57:00.236+0000] {dagbag.py:588} INFO - Filling up the DagBag from /opt/airflow/dags/env/Scripts/pybabel.exe
[2025-03-28T12:57:00.254+0000] {logging_mixin.py:190} INFO - [2025-03-28T12:57:00.254+0000] {dagbag.py:435} INFO - File /opt/airflow/dags/env/Scripts/pybabel.exe:__main__.py assumed to contain no DAGs. Skipping.
[2025-03-28T12:57:00.256+0000] {processor.py:927} WARNING - No viable dags retrieved from /opt/airflow/dags/env/Scripts/pybabel.exe
[2025-03-28T12:57:00.286+0000] {processor.py:208} INFO - Processing /opt/airflow/dags/env/Scripts/pybabel.exe took 0.067 seconds
[2025-03-28T12:57:31.490+0000] {processor.py:186} INFO - Started process (PID=1874) to work on /opt/airflow/dags/env/Scripts/pybabel.exe
[2025-03-28T12:57:31.491+0000] {processor.py:914} INFO - Processing file /opt/airflow/dags/env/Scripts/pybabel.exe for tasks to queue
[2025-03-28T12:57:31.493+0000] {logging_mixin.py:190} INFO - [2025-03-28T12:57:31.493+0000] {dagbag.py:588} INFO - Filling up the DagBag from /opt/airflow/dags/env/Scripts/pybabel.exe
[2025-03-28T12:57:31.506+0000] {logging_mixin.py:190} INFO - [2025-03-28T12:57:31.506+0000] {dagbag.py:435} INFO - File /opt/airflow/dags/env/Scripts/pybabel.exe:__main__.py assumed to contain no DAGs. Skipping.
[2025-03-28T12:57:31.507+0000] {processor.py:927} WARNING - No viable dags retrieved from /opt/airflow/dags/env/Scripts/pybabel.exe
[2025-03-28T12:57:31.528+0000] {processor.py:208} INFO - Processing /opt/airflow/dags/env/Scripts/pybabel.exe took 0.049 seconds
[2025-03-28T13:02:02.067+0000] {processor.py:186} INFO - Started process (PID=1903) to work on /opt/airflow/dags/env/Scripts/pybabel.exe
[2025-03-28T13:02:02.069+0000] {processor.py:914} INFO - Processing file /opt/airflow/dags/env/Scripts/pybabel.exe for tasks to queue
[2025-03-28T13:02:02.073+0000] {logging_mixin.py:190} INFO - [2025-03-28T13:02:02.072+0000] {dagbag.py:588} INFO - Filling up the DagBag from /opt/airflow/dags/env/Scripts/pybabel.exe
[2025-03-28T13:02:02.090+0000] {logging_mixin.py:190} INFO - [2025-03-28T13:02:02.090+0000] {dagbag.py:435} INFO - File /opt/airflow/dags/env/Scripts/pybabel.exe:__main__.py assumed to contain no DAGs. Skipping.
[2025-03-28T13:02:02.091+0000] {processor.py:927} WARNING - No viable dags retrieved from /opt/airflow/dags/env/Scripts/pybabel.exe
[2025-03-28T13:02:02.111+0000] {processor.py:208} INFO - Processing /opt/airflow/dags/env/Scripts/pybabel.exe took 0.067 seconds
[2025-03-28T13:02:33.454+0000] {processor.py:186} INFO - Started process (PID=1927) to work on /opt/airflow/dags/env/Scripts/pybabel.exe
[2025-03-28T13:02:33.456+0000] {processor.py:914} INFO - Processing file /opt/airflow/dags/env/Scripts/pybabel.exe for tasks to queue
[2025-03-28T13:02:33.458+0000] {logging_mixin.py:190} INFO - [2025-03-28T13:02:33.457+0000] {dagbag.py:588} INFO - Filling up the DagBag from /opt/airflow/dags/env/Scripts/pybabel.exe
[2025-03-28T13:02:33.471+0000] {logging_mixin.py:190} INFO - [2025-03-28T13:02:33.471+0000] {dagbag.py:435} INFO - File /opt/airflow/dags/env/Scripts/pybabel.exe:__main__.py assumed to contain no DAGs. Skipping.
[2025-03-28T13:02:33.472+0000] {processor.py:927} WARNING - No viable dags retrieved from /opt/airflow/dags/env/Scripts/pybabel.exe
[2025-03-28T13:02:33.494+0000] {processor.py:208} INFO - Processing /opt/airflow/dags/env/Scripts/pybabel.exe took 0.051 seconds
[2025-03-28T13:06:58.913+0000] {processor.py:186} INFO - Started process (PID=1954) to work on /opt/airflow/dags/env/Scripts/pybabel.exe
[2025-03-28T13:06:58.915+0000] {processor.py:914} INFO - Processing file /opt/airflow/dags/env/Scripts/pybabel.exe for tasks to queue
[2025-03-28T13:06:58.917+0000] {logging_mixin.py:190} INFO - [2025-03-28T13:06:58.916+0000] {dagbag.py:588} INFO - Filling up the DagBag from /opt/airflow/dags/env/Scripts/pybabel.exe
[2025-03-28T13:06:58.933+0000] {logging_mixin.py:190} INFO - [2025-03-28T13:06:58.933+0000] {dagbag.py:435} INFO - File /opt/airflow/dags/env/Scripts/pybabel.exe:__main__.py assumed to contain no DAGs. Skipping.
[2025-03-28T13:06:58.934+0000] {processor.py:927} WARNING - No viable dags retrieved from /opt/airflow/dags/env/Scripts/pybabel.exe
[2025-03-28T13:06:58.958+0000] {processor.py:208} INFO - Processing /opt/airflow/dags/env/Scripts/pybabel.exe took 0.060 seconds
[2025-03-28T13:07:30.496+0000] {processor.py:186} INFO - Started process (PID=1978) to work on /opt/airflow/dags/env/Scripts/pybabel.exe
[2025-03-28T13:07:30.498+0000] {processor.py:914} INFO - Processing file /opt/airflow/dags/env/Scripts/pybabel.exe for tasks to queue
[2025-03-28T13:07:30.500+0000] {logging_mixin.py:190} INFO - [2025-03-28T13:07:30.500+0000] {dagbag.py:588} INFO - Filling up the DagBag from /opt/airflow/dags/env/Scripts/pybabel.exe
[2025-03-28T13:07:30.515+0000] {logging_mixin.py:190} INFO - [2025-03-28T13:07:30.515+0000] {dagbag.py:435} INFO - File /opt/airflow/dags/env/Scripts/pybabel.exe:__main__.py assumed to contain no DAGs. Skipping.
[2025-03-28T13:07:30.516+0000] {processor.py:927} WARNING - No viable dags retrieved from /opt/airflow/dags/env/Scripts/pybabel.exe
[2025-03-28T13:07:30.544+0000] {processor.py:208} INFO - Processing /opt/airflow/dags/env/Scripts/pybabel.exe took 0.062 seconds
[2025-03-28T13:11:56.379+0000] {processor.py:186} INFO - Started process (PID=2008) to work on /opt/airflow/dags/env/Scripts/pybabel.exe
[2025-03-28T13:11:56.380+0000] {processor.py:914} INFO - Processing file /opt/airflow/dags/env/Scripts/pybabel.exe for tasks to queue
[2025-03-28T13:11:56.382+0000] {logging_mixin.py:190} INFO - [2025-03-28T13:11:56.382+0000] {dagbag.py:588} INFO - Filling up the DagBag from /opt/airflow/dags/env/Scripts/pybabel.exe
[2025-03-28T13:11:56.394+0000] {logging_mixin.py:190} INFO - [2025-03-28T13:11:56.394+0000] {dagbag.py:435} INFO - File /opt/airflow/dags/env/Scripts/pybabel.exe:__main__.py assumed to contain no DAGs. Skipping.
[2025-03-28T13:11:56.395+0000] {processor.py:927} WARNING - No viable dags retrieved from /opt/airflow/dags/env/Scripts/pybabel.exe
[2025-03-28T13:11:56.416+0000] {processor.py:208} INFO - Processing /opt/airflow/dags/env/Scripts/pybabel.exe took 0.048 seconds
[2025-03-28T13:12:28.108+0000] {processor.py:186} INFO - Started process (PID=2032) to work on /opt/airflow/dags/env/Scripts/pybabel.exe
[2025-03-28T13:12:28.109+0000] {processor.py:914} INFO - Processing file /opt/airflow/dags/env/Scripts/pybabel.exe for tasks to queue
[2025-03-28T13:12:28.111+0000] {logging_mixin.py:190} INFO - [2025-03-28T13:12:28.111+0000] {dagbag.py:588} INFO - Filling up the DagBag from /opt/airflow/dags/env/Scripts/pybabel.exe
[2025-03-28T13:12:28.122+0000] {logging_mixin.py:190} INFO - [2025-03-28T13:12:28.122+0000] {dagbag.py:435} INFO - File /opt/airflow/dags/env/Scripts/pybabel.exe:__main__.py assumed to contain no DAGs. Skipping.
[2025-03-28T13:12:28.123+0000] {processor.py:927} WARNING - No viable dags retrieved from /opt/airflow/dags/env/Scripts/pybabel.exe
[2025-03-28T13:12:28.145+0000] {processor.py:208} INFO - Processing /opt/airflow/dags/env/Scripts/pybabel.exe took 0.048 seconds
[2025-03-28T13:17:01.183+0000] {processor.py:186} INFO - Started process (PID=2064) to work on /opt/airflow/dags/env/Scripts/pybabel.exe
[2025-03-28T13:17:01.184+0000] {processor.py:914} INFO - Processing file /opt/airflow/dags/env/Scripts/pybabel.exe for tasks to queue
[2025-03-28T13:17:01.186+0000] {logging_mixin.py:190} INFO - [2025-03-28T13:17:01.185+0000] {dagbag.py:588} INFO - Filling up the DagBag from /opt/airflow/dags/env/Scripts/pybabel.exe
[2025-03-28T13:17:01.197+0000] {logging_mixin.py:190} INFO - [2025-03-28T13:17:01.196+0000] {dagbag.py:435} INFO - File /opt/airflow/dags/env/Scripts/pybabel.exe:__main__.py assumed to contain no DAGs. Skipping.
[2025-03-28T13:17:01.198+0000] {processor.py:927} WARNING - No viable dags retrieved from /opt/airflow/dags/env/Scripts/pybabel.exe
[2025-03-28T13:17:01.222+0000] {processor.py:208} INFO - Processing /opt/airflow/dags/env/Scripts/pybabel.exe took 0.051 seconds
[2025-03-28T13:17:33.896+0000] {processor.py:186} INFO - Started process (PID=2088) to work on /opt/airflow/dags/env/Scripts/pybabel.exe
[2025-03-28T13:17:33.897+0000] {processor.py:914} INFO - Processing file /opt/airflow/dags/env/Scripts/pybabel.exe for tasks to queue
[2025-03-28T13:17:33.900+0000] {logging_mixin.py:190} INFO - [2025-03-28T13:17:33.899+0000] {dagbag.py:588} INFO - Filling up the DagBag from /opt/airflow/dags/env/Scripts/pybabel.exe
[2025-03-28T13:17:33.913+0000] {logging_mixin.py:190} INFO - [2025-03-28T13:17:33.913+0000] {dagbag.py:435} INFO - File /opt/airflow/dags/env/Scripts/pybabel.exe:__main__.py assumed to contain no DAGs. Skipping.
[2025-03-28T13:17:33.914+0000] {processor.py:927} WARNING - No viable dags retrieved from /opt/airflow/dags/env/Scripts/pybabel.exe
[2025-03-28T13:17:33.937+0000] {processor.py:208} INFO - Processing /opt/airflow/dags/env/Scripts/pybabel.exe took 0.055 seconds
[2025-03-28T13:22:02.313+0000] {processor.py:186} INFO - Started process (PID=2116) to work on /opt/airflow/dags/env/Scripts/pybabel.exe
[2025-03-28T13:22:02.314+0000] {processor.py:914} INFO - Processing file /opt/airflow/dags/env/Scripts/pybabel.exe for tasks to queue
[2025-03-28T13:22:02.316+0000] {logging_mixin.py:190} INFO - [2025-03-28T13:22:02.316+0000] {dagbag.py:588} INFO - Filling up the DagBag from /opt/airflow/dags/env/Scripts/pybabel.exe
[2025-03-28T13:22:02.330+0000] {logging_mixin.py:190} INFO - [2025-03-28T13:22:02.330+0000] {dagbag.py:435} INFO - File /opt/airflow/dags/env/Scripts/pybabel.exe:__main__.py assumed to contain no DAGs. Skipping.
[2025-03-28T13:22:02.331+0000] {processor.py:927} WARNING - No viable dags retrieved from /opt/airflow/dags/env/Scripts/pybabel.exe
[2025-03-28T13:22:02.356+0000] {processor.py:208} INFO - Processing /opt/airflow/dags/env/Scripts/pybabel.exe took 0.060 seconds
[2025-03-28T13:22:33.658+0000] {processor.py:186} INFO - Started process (PID=2140) to work on /opt/airflow/dags/env/Scripts/pybabel.exe
[2025-03-28T13:22:33.660+0000] {processor.py:914} INFO - Processing file /opt/airflow/dags/env/Scripts/pybabel.exe for tasks to queue
[2025-03-28T13:22:33.664+0000] {logging_mixin.py:190} INFO - [2025-03-28T13:22:33.663+0000] {dagbag.py:588} INFO - Filling up the DagBag from /opt/airflow/dags/env/Scripts/pybabel.exe
[2025-03-28T13:22:33.688+0000] {logging_mixin.py:190} INFO - [2025-03-28T13:22:33.687+0000] {dagbag.py:435} INFO - File /opt/airflow/dags/env/Scripts/pybabel.exe:__main__.py assumed to contain no DAGs. Skipping.
[2025-03-28T13:22:33.690+0000] {processor.py:927} WARNING - No viable dags retrieved from /opt/airflow/dags/env/Scripts/pybabel.exe
[2025-03-28T13:22:33.726+0000] {processor.py:208} INFO - Processing /opt/airflow/dags/env/Scripts/pybabel.exe took 0.086 seconds
[2025-03-28T13:26:57.596+0000] {processor.py:186} INFO - Started process (PID=2168) to work on /opt/airflow/dags/env/Scripts/pybabel.exe
[2025-03-28T13:26:57.598+0000] {processor.py:914} INFO - Processing file /opt/airflow/dags/env/Scripts/pybabel.exe for tasks to queue
[2025-03-28T13:26:57.599+0000] {logging_mixin.py:190} INFO - [2025-03-28T13:26:57.599+0000] {dagbag.py:588} INFO - Filling up the DagBag from /opt/airflow/dags/env/Scripts/pybabel.exe
[2025-03-28T13:26:57.611+0000] {logging_mixin.py:190} INFO - [2025-03-28T13:26:57.611+0000] {dagbag.py:435} INFO - File /opt/airflow/dags/env/Scripts/pybabel.exe:__main__.py assumed to contain no DAGs. Skipping.
[2025-03-28T13:26:57.612+0000] {processor.py:927} WARNING - No viable dags retrieved from /opt/airflow/dags/env/Scripts/pybabel.exe
[2025-03-28T13:26:57.632+0000] {processor.py:208} INFO - Processing /opt/airflow/dags/env/Scripts/pybabel.exe took 0.047 seconds
[2025-03-28T13:27:29.298+0000] {processor.py:186} INFO - Started process (PID=2192) to work on /opt/airflow/dags/env/Scripts/pybabel.exe
[2025-03-28T13:27:29.299+0000] {processor.py:914} INFO - Processing file /opt/airflow/dags/env/Scripts/pybabel.exe for tasks to queue
[2025-03-28T13:27:29.302+0000] {logging_mixin.py:190} INFO - [2025-03-28T13:27:29.301+0000] {dagbag.py:588} INFO - Filling up the DagBag from /opt/airflow/dags/env/Scripts/pybabel.exe
[2025-03-28T13:27:29.314+0000] {logging_mixin.py:190} INFO - [2025-03-28T13:27:29.314+0000] {dagbag.py:435} INFO - File /opt/airflow/dags/env/Scripts/pybabel.exe:__main__.py assumed to contain no DAGs. Skipping.
[2025-03-28T13:27:29.315+0000] {processor.py:927} WARNING - No viable dags retrieved from /opt/airflow/dags/env/Scripts/pybabel.exe
[2025-03-28T13:27:29.335+0000] {processor.py:208} INFO - Processing /opt/airflow/dags/env/Scripts/pybabel.exe took 0.050 seconds
[2025-03-28T13:32:00.192+0000] {processor.py:186} INFO - Started process (PID=2224) to work on /opt/airflow/dags/env/Scripts/pybabel.exe
[2025-03-28T13:32:00.196+0000] {processor.py:914} INFO - Processing file /opt/airflow/dags/env/Scripts/pybabel.exe for tasks to queue
[2025-03-28T13:32:00.199+0000] {logging_mixin.py:190} INFO - [2025-03-28T13:32:00.199+0000] {dagbag.py:588} INFO - Filling up the DagBag from /opt/airflow/dags/env/Scripts/pybabel.exe
[2025-03-28T13:32:00.218+0000] {logging_mixin.py:190} INFO - [2025-03-28T13:32:00.218+0000] {dagbag.py:435} INFO - File /opt/airflow/dags/env/Scripts/pybabel.exe:__main__.py assumed to contain no DAGs. Skipping.
[2025-03-28T13:32:00.220+0000] {processor.py:927} WARNING - No viable dags retrieved from /opt/airflow/dags/env/Scripts/pybabel.exe
[2025-03-28T13:32:00.248+0000] {processor.py:208} INFO - Processing /opt/airflow/dags/env/Scripts/pybabel.exe took 0.089 seconds
[2025-03-28T13:32:31.840+0000] {processor.py:186} INFO - Started process (PID=2248) to work on /opt/airflow/dags/env/Scripts/pybabel.exe
[2025-03-28T13:32:31.841+0000] {processor.py:914} INFO - Processing file /opt/airflow/dags/env/Scripts/pybabel.exe for tasks to queue
[2025-03-28T13:32:31.843+0000] {logging_mixin.py:190} INFO - [2025-03-28T13:32:31.843+0000] {dagbag.py:588} INFO - Filling up the DagBag from /opt/airflow/dags/env/Scripts/pybabel.exe
[2025-03-28T13:32:31.856+0000] {logging_mixin.py:190} INFO - [2025-03-28T13:32:31.856+0000] {dagbag.py:435} INFO - File /opt/airflow/dags/env/Scripts/pybabel.exe:__main__.py assumed to contain no DAGs. Skipping.
[2025-03-28T13:32:31.857+0000] {processor.py:927} WARNING - No viable dags retrieved from /opt/airflow/dags/env/Scripts/pybabel.exe
[2025-03-28T13:32:31.879+0000] {processor.py:208} INFO - Processing /opt/airflow/dags/env/Scripts/pybabel.exe took 0.052 seconds
[2025-03-28T13:37:03.223+0000] {processor.py:186} INFO - Started process (PID=2278) to work on /opt/airflow/dags/env/Scripts/pybabel.exe
[2025-03-28T13:37:03.224+0000] {processor.py:914} INFO - Processing file /opt/airflow/dags/env/Scripts/pybabel.exe for tasks to queue
[2025-03-28T13:37:03.226+0000] {logging_mixin.py:190} INFO - [2025-03-28T13:37:03.225+0000] {dagbag.py:588} INFO - Filling up the DagBag from /opt/airflow/dags/env/Scripts/pybabel.exe
[2025-03-28T13:37:03.238+0000] {logging_mixin.py:190} INFO - [2025-03-28T13:37:03.238+0000] {dagbag.py:435} INFO - File /opt/airflow/dags/env/Scripts/pybabel.exe:__main__.py assumed to contain no DAGs. Skipping.
[2025-03-28T13:37:03.239+0000] {processor.py:927} WARNING - No viable dags retrieved from /opt/airflow/dags/env/Scripts/pybabel.exe
[2025-03-28T13:37:03.262+0000] {processor.py:208} INFO - Processing /opt/airflow/dags/env/Scripts/pybabel.exe took 0.051 seconds
[2025-03-28T13:37:34.824+0000] {processor.py:186} INFO - Started process (PID=2302) to work on /opt/airflow/dags/env/Scripts/pybabel.exe
[2025-03-28T13:37:34.825+0000] {processor.py:914} INFO - Processing file /opt/airflow/dags/env/Scripts/pybabel.exe for tasks to queue
[2025-03-28T13:37:34.827+0000] {logging_mixin.py:190} INFO - [2025-03-28T13:37:34.827+0000] {dagbag.py:588} INFO - Filling up the DagBag from /opt/airflow/dags/env/Scripts/pybabel.exe
[2025-03-28T13:37:34.840+0000] {logging_mixin.py:190} INFO - [2025-03-28T13:37:34.840+0000] {dagbag.py:435} INFO - File /opt/airflow/dags/env/Scripts/pybabel.exe:__main__.py assumed to contain no DAGs. Skipping.
[2025-03-28T13:37:34.841+0000] {processor.py:927} WARNING - No viable dags retrieved from /opt/airflow/dags/env/Scripts/pybabel.exe
[2025-03-28T13:37:34.864+0000] {processor.py:208} INFO - Processing /opt/airflow/dags/env/Scripts/pybabel.exe took 0.051 seconds
[2025-03-28T13:41:58.839+0000] {processor.py:186} INFO - Started process (PID=2329) to work on /opt/airflow/dags/env/Scripts/pybabel.exe
[2025-03-28T13:41:58.841+0000] {processor.py:914} INFO - Processing file /opt/airflow/dags/env/Scripts/pybabel.exe for tasks to queue
[2025-03-28T13:41:58.842+0000] {logging_mixin.py:190} INFO - [2025-03-28T13:41:58.842+0000] {dagbag.py:588} INFO - Filling up the DagBag from /opt/airflow/dags/env/Scripts/pybabel.exe
[2025-03-28T13:41:58.854+0000] {logging_mixin.py:190} INFO - [2025-03-28T13:41:58.854+0000] {dagbag.py:435} INFO - File /opt/airflow/dags/env/Scripts/pybabel.exe:__main__.py assumed to contain no DAGs. Skipping.
[2025-03-28T13:41:58.855+0000] {processor.py:927} WARNING - No viable dags retrieved from /opt/airflow/dags/env/Scripts/pybabel.exe
[2025-03-28T13:41:58.878+0000] {processor.py:208} INFO - Processing /opt/airflow/dags/env/Scripts/pybabel.exe took 0.050 seconds
[2025-03-28T13:42:30.373+0000] {processor.py:186} INFO - Started process (PID=2353) to work on /opt/airflow/dags/env/Scripts/pybabel.exe
[2025-03-28T13:42:30.374+0000] {processor.py:914} INFO - Processing file /opt/airflow/dags/env/Scripts/pybabel.exe for tasks to queue
[2025-03-28T13:42:30.376+0000] {logging_mixin.py:190} INFO - [2025-03-28T13:42:30.376+0000] {dagbag.py:588} INFO - Filling up the DagBag from /opt/airflow/dags/env/Scripts/pybabel.exe
[2025-03-28T13:42:30.389+0000] {logging_mixin.py:190} INFO - [2025-03-28T13:42:30.389+0000] {dagbag.py:435} INFO - File /opt/airflow/dags/env/Scripts/pybabel.exe:__main__.py assumed to contain no DAGs. Skipping.
[2025-03-28T13:42:30.390+0000] {processor.py:927} WARNING - No viable dags retrieved from /opt/airflow/dags/env/Scripts/pybabel.exe
[2025-03-28T13:42:30.412+0000] {processor.py:208} INFO - Processing /opt/airflow/dags/env/Scripts/pybabel.exe took 0.053 seconds
[2025-03-28T13:46:57.296+0000] {processor.py:186} INFO - Started process (PID=2384) to work on /opt/airflow/dags/env/Scripts/pybabel.exe
[2025-03-28T13:46:57.297+0000] {processor.py:914} INFO - Processing file /opt/airflow/dags/env/Scripts/pybabel.exe for tasks to queue
[2025-03-28T13:46:57.299+0000] {logging_mixin.py:190} INFO - [2025-03-28T13:46:57.298+0000] {dagbag.py:588} INFO - Filling up the DagBag from /opt/airflow/dags/env/Scripts/pybabel.exe
[2025-03-28T13:46:57.313+0000] {logging_mixin.py:190} INFO - [2025-03-28T13:46:57.312+0000] {dagbag.py:435} INFO - File /opt/airflow/dags/env/Scripts/pybabel.exe:__main__.py assumed to contain no DAGs. Skipping.
[2025-03-28T13:46:57.314+0000] {processor.py:927} WARNING - No viable dags retrieved from /opt/airflow/dags/env/Scripts/pybabel.exe
[2025-03-28T13:46:57.342+0000] {processor.py:208} INFO - Processing /opt/airflow/dags/env/Scripts/pybabel.exe took 0.062 seconds
[2025-03-28T13:47:27.873+0000] {processor.py:186} INFO - Started process (PID=2408) to work on /opt/airflow/dags/env/Scripts/pybabel.exe
[2025-03-28T13:47:27.875+0000] {processor.py:914} INFO - Processing file /opt/airflow/dags/env/Scripts/pybabel.exe for tasks to queue
[2025-03-28T13:47:27.879+0000] {logging_mixin.py:190} INFO - [2025-03-28T13:47:27.878+0000] {dagbag.py:588} INFO - Filling up the DagBag from /opt/airflow/dags/env/Scripts/pybabel.exe
[2025-03-28T13:47:27.897+0000] {logging_mixin.py:190} INFO - [2025-03-28T13:47:27.897+0000] {dagbag.py:435} INFO - File /opt/airflow/dags/env/Scripts/pybabel.exe:__main__.py assumed to contain no DAGs. Skipping.
[2025-03-28T13:47:27.899+0000] {processor.py:927} WARNING - No viable dags retrieved from /opt/airflow/dags/env/Scripts/pybabel.exe
[2025-03-28T13:47:27.926+0000] {processor.py:208} INFO - Processing /opt/airflow/dags/env/Scripts/pybabel.exe took 0.068 seconds
[2025-03-28T13:52:00.686+0000] {processor.py:186} INFO - Started process (PID=2442) to work on /opt/airflow/dags/env/Scripts/pybabel.exe
[2025-03-28T13:52:00.687+0000] {processor.py:914} INFO - Processing file /opt/airflow/dags/env/Scripts/pybabel.exe for tasks to queue
[2025-03-28T13:52:00.689+0000] {logging_mixin.py:190} INFO - [2025-03-28T13:52:00.688+0000] {dagbag.py:588} INFO - Filling up the DagBag from /opt/airflow/dags/env/Scripts/pybabel.exe
[2025-03-28T13:52:00.702+0000] {logging_mixin.py:190} INFO - [2025-03-28T13:52:00.701+0000] {dagbag.py:435} INFO - File /opt/airflow/dags/env/Scripts/pybabel.exe:__main__.py assumed to contain no DAGs. Skipping.
[2025-03-28T13:52:00.703+0000] {processor.py:927} WARNING - No viable dags retrieved from /opt/airflow/dags/env/Scripts/pybabel.exe
[2025-03-28T13:52:00.725+0000] {processor.py:208} INFO - Processing /opt/airflow/dags/env/Scripts/pybabel.exe took 0.051 seconds
[2025-03-28T13:52:32.194+0000] {processor.py:186} INFO - Started process (PID=2466) to work on /opt/airflow/dags/env/Scripts/pybabel.exe
[2025-03-28T13:52:32.195+0000] {processor.py:914} INFO - Processing file /opt/airflow/dags/env/Scripts/pybabel.exe for tasks to queue
[2025-03-28T13:52:32.197+0000] {logging_mixin.py:190} INFO - [2025-03-28T13:52:32.196+0000] {dagbag.py:588} INFO - Filling up the DagBag from /opt/airflow/dags/env/Scripts/pybabel.exe
[2025-03-28T13:52:32.208+0000] {logging_mixin.py:190} INFO - [2025-03-28T13:52:32.208+0000] {dagbag.py:435} INFO - File /opt/airflow/dags/env/Scripts/pybabel.exe:__main__.py assumed to contain no DAGs. Skipping.
[2025-03-28T13:52:32.209+0000] {processor.py:927} WARNING - No viable dags retrieved from /opt/airflow/dags/env/Scripts/pybabel.exe
[2025-03-28T13:52:32.230+0000] {processor.py:208} INFO - Processing /opt/airflow/dags/env/Scripts/pybabel.exe took 0.047 seconds
[2025-03-28T13:57:03.094+0000] {processor.py:186} INFO - Started process (PID=2497) to work on /opt/airflow/dags/env/Scripts/pybabel.exe
[2025-03-28T13:57:03.095+0000] {processor.py:914} INFO - Processing file /opt/airflow/dags/env/Scripts/pybabel.exe for tasks to queue
[2025-03-28T13:57:03.097+0000] {logging_mixin.py:190} INFO - [2025-03-28T13:57:03.097+0000] {dagbag.py:588} INFO - Filling up the DagBag from /opt/airflow/dags/env/Scripts/pybabel.exe
[2025-03-28T13:57:03.116+0000] {logging_mixin.py:190} INFO - [2025-03-28T13:57:03.115+0000] {dagbag.py:435} INFO - File /opt/airflow/dags/env/Scripts/pybabel.exe:__main__.py assumed to contain no DAGs. Skipping.
[2025-03-28T13:57:03.117+0000] {processor.py:927} WARNING - No viable dags retrieved from /opt/airflow/dags/env/Scripts/pybabel.exe
[2025-03-28T13:57:03.139+0000] {processor.py:208} INFO - Processing /opt/airflow/dags/env/Scripts/pybabel.exe took 0.059 seconds
[2025-03-28T13:57:34.612+0000] {processor.py:186} INFO - Started process (PID=2521) to work on /opt/airflow/dags/env/Scripts/pybabel.exe
[2025-03-28T13:57:34.613+0000] {processor.py:914} INFO - Processing file /opt/airflow/dags/env/Scripts/pybabel.exe for tasks to queue
[2025-03-28T13:57:34.615+0000] {logging_mixin.py:190} INFO - [2025-03-28T13:57:34.615+0000] {dagbag.py:588} INFO - Filling up the DagBag from /opt/airflow/dags/env/Scripts/pybabel.exe
[2025-03-28T13:57:34.634+0000] {logging_mixin.py:190} INFO - [2025-03-28T13:57:34.633+0000] {dagbag.py:435} INFO - File /opt/airflow/dags/env/Scripts/pybabel.exe:__main__.py assumed to contain no DAGs. Skipping.
[2025-03-28T13:57:34.635+0000] {processor.py:927} WARNING - No viable dags retrieved from /opt/airflow/dags/env/Scripts/pybabel.exe
[2025-03-28T13:57:34.661+0000] {processor.py:208} INFO - Processing /opt/airflow/dags/env/Scripts/pybabel.exe took 0.065 seconds
[2025-03-28T14:02:00.305+0000] {processor.py:186} INFO - Started process (PID=2550) to work on /opt/airflow/dags/env/Scripts/pybabel.exe
[2025-03-28T14:02:00.308+0000] {processor.py:914} INFO - Processing file /opt/airflow/dags/env/Scripts/pybabel.exe for tasks to queue
[2025-03-28T14:02:00.312+0000] {logging_mixin.py:190} INFO - [2025-03-28T14:02:00.311+0000] {dagbag.py:588} INFO - Filling up the DagBag from /opt/airflow/dags/env/Scripts/pybabel.exe
[2025-03-28T14:02:00.334+0000] {logging_mixin.py:190} INFO - [2025-03-28T14:02:00.333+0000] {dagbag.py:435} INFO - File /opt/airflow/dags/env/Scripts/pybabel.exe:__main__.py assumed to contain no DAGs. Skipping.
[2025-03-28T14:02:00.335+0000] {processor.py:927} WARNING - No viable dags retrieved from /opt/airflow/dags/env/Scripts/pybabel.exe
[2025-03-28T14:02:00.373+0000] {processor.py:208} INFO - Processing /opt/airflow/dags/env/Scripts/pybabel.exe took 0.097 seconds
[2025-03-28T14:02:31.783+0000] {processor.py:186} INFO - Started process (PID=2574) to work on /opt/airflow/dags/env/Scripts/pybabel.exe
[2025-03-28T14:02:31.785+0000] {processor.py:914} INFO - Processing file /opt/airflow/dags/env/Scripts/pybabel.exe for tasks to queue
[2025-03-28T14:02:31.786+0000] {logging_mixin.py:190} INFO - [2025-03-28T14:02:31.786+0000] {dagbag.py:588} INFO - Filling up the DagBag from /opt/airflow/dags/env/Scripts/pybabel.exe
[2025-03-28T14:02:31.799+0000] {logging_mixin.py:190} INFO - [2025-03-28T14:02:31.799+0000] {dagbag.py:435} INFO - File /opt/airflow/dags/env/Scripts/pybabel.exe:__main__.py assumed to contain no DAGs. Skipping.
[2025-03-28T14:02:31.800+0000] {processor.py:927} WARNING - No viable dags retrieved from /opt/airflow/dags/env/Scripts/pybabel.exe
[2025-03-28T14:02:31.823+0000] {processor.py:208} INFO - Processing /opt/airflow/dags/env/Scripts/pybabel.exe took 0.051 seconds
[2025-03-28T14:07:04.131+0000] {processor.py:186} INFO - Started process (PID=2605) to work on /opt/airflow/dags/env/Scripts/pybabel.exe
[2025-03-28T14:07:04.133+0000] {processor.py:914} INFO - Processing file /opt/airflow/dags/env/Scripts/pybabel.exe for tasks to queue
[2025-03-28T14:07:04.135+0000] {logging_mixin.py:190} INFO - [2025-03-28T14:07:04.134+0000] {dagbag.py:588} INFO - Filling up the DagBag from /opt/airflow/dags/env/Scripts/pybabel.exe
[2025-03-28T14:07:04.152+0000] {logging_mixin.py:190} INFO - [2025-03-28T14:07:04.151+0000] {dagbag.py:435} INFO - File /opt/airflow/dags/env/Scripts/pybabel.exe:__main__.py assumed to contain no DAGs. Skipping.
[2025-03-28T14:07:04.153+0000] {processor.py:927} WARNING - No viable dags retrieved from /opt/airflow/dags/env/Scripts/pybabel.exe
[2025-03-28T14:07:04.179+0000] {processor.py:208} INFO - Processing /opt/airflow/dags/env/Scripts/pybabel.exe took 0.064 seconds
[2025-03-28T14:07:36.732+0000] {processor.py:186} INFO - Started process (PID=2629) to work on /opt/airflow/dags/env/Scripts/pybabel.exe
[2025-03-28T14:07:36.733+0000] {processor.py:914} INFO - Processing file /opt/airflow/dags/env/Scripts/pybabel.exe for tasks to queue
[2025-03-28T14:07:36.735+0000] {logging_mixin.py:190} INFO - [2025-03-28T14:07:36.735+0000] {dagbag.py:588} INFO - Filling up the DagBag from /opt/airflow/dags/env/Scripts/pybabel.exe
[2025-03-28T14:07:36.753+0000] {logging_mixin.py:190} INFO - [2025-03-28T14:07:36.753+0000] {dagbag.py:435} INFO - File /opt/airflow/dags/env/Scripts/pybabel.exe:__main__.py assumed to contain no DAGs. Skipping.
[2025-03-28T14:07:36.754+0000] {processor.py:927} WARNING - No viable dags retrieved from /opt/airflow/dags/env/Scripts/pybabel.exe
[2025-03-28T14:07:36.782+0000] {processor.py:208} INFO - Processing /opt/airflow/dags/env/Scripts/pybabel.exe took 0.066 seconds
[2025-03-28T14:12:04.812+0000] {processor.py:186} INFO - Started process (PID=2657) to work on /opt/airflow/dags/env/Scripts/pybabel.exe
[2025-03-28T14:12:04.814+0000] {processor.py:914} INFO - Processing file /opt/airflow/dags/env/Scripts/pybabel.exe for tasks to queue
[2025-03-28T14:12:04.816+0000] {logging_mixin.py:190} INFO - [2025-03-28T14:12:04.815+0000] {dagbag.py:588} INFO - Filling up the DagBag from /opt/airflow/dags/env/Scripts/pybabel.exe
[2025-03-28T14:12:04.828+0000] {logging_mixin.py:190} INFO - [2025-03-28T14:12:04.828+0000] {dagbag.py:435} INFO - File /opt/airflow/dags/env/Scripts/pybabel.exe:__main__.py assumed to contain no DAGs. Skipping.
[2025-03-28T14:12:04.829+0000] {processor.py:927} WARNING - No viable dags retrieved from /opt/airflow/dags/env/Scripts/pybabel.exe
[2025-03-28T14:12:04.864+0000] {processor.py:208} INFO - Processing /opt/airflow/dags/env/Scripts/pybabel.exe took 0.064 seconds
[2025-03-28T14:12:36.233+0000] {processor.py:186} INFO - Started process (PID=2681) to work on /opt/airflow/dags/env/Scripts/pybabel.exe
[2025-03-28T14:12:36.235+0000] {processor.py:914} INFO - Processing file /opt/airflow/dags/env/Scripts/pybabel.exe for tasks to queue
[2025-03-28T14:12:36.237+0000] {logging_mixin.py:190} INFO - [2025-03-28T14:12:36.236+0000] {dagbag.py:588} INFO - Filling up the DagBag from /opt/airflow/dags/env/Scripts/pybabel.exe
[2025-03-28T14:12:36.254+0000] {logging_mixin.py:190} INFO - [2025-03-28T14:12:36.254+0000] {dagbag.py:435} INFO - File /opt/airflow/dags/env/Scripts/pybabel.exe:__main__.py assumed to contain no DAGs. Skipping.
[2025-03-28T14:12:36.256+0000] {processor.py:927} WARNING - No viable dags retrieved from /opt/airflow/dags/env/Scripts/pybabel.exe
[2025-03-28T14:12:36.284+0000] {processor.py:208} INFO - Processing /opt/airflow/dags/env/Scripts/pybabel.exe took 0.065 seconds
[2025-03-28T14:17:09.943+0000] {processor.py:186} INFO - Started process (PID=2709) to work on /opt/airflow/dags/env/Scripts/pybabel.exe
[2025-03-28T14:17:09.944+0000] {processor.py:914} INFO - Processing file /opt/airflow/dags/env/Scripts/pybabel.exe for tasks to queue
[2025-03-28T14:17:09.946+0000] {logging_mixin.py:190} INFO - [2025-03-28T14:17:09.946+0000] {dagbag.py:588} INFO - Filling up the DagBag from /opt/airflow/dags/env/Scripts/pybabel.exe
[2025-03-28T14:17:09.960+0000] {logging_mixin.py:190} INFO - [2025-03-28T14:17:09.960+0000] {dagbag.py:435} INFO - File /opt/airflow/dags/env/Scripts/pybabel.exe:__main__.py assumed to contain no DAGs. Skipping.
[2025-03-28T14:17:09.961+0000] {processor.py:927} WARNING - No viable dags retrieved from /opt/airflow/dags/env/Scripts/pybabel.exe
[2025-03-28T14:17:09.985+0000] {processor.py:208} INFO - Processing /opt/airflow/dags/env/Scripts/pybabel.exe took 0.054 seconds
[2025-03-28T14:17:41.815+0000] {processor.py:186} INFO - Started process (PID=2733) to work on /opt/airflow/dags/env/Scripts/pybabel.exe
[2025-03-28T14:17:41.816+0000] {processor.py:914} INFO - Processing file /opt/airflow/dags/env/Scripts/pybabel.exe for tasks to queue
[2025-03-28T14:17:41.818+0000] {logging_mixin.py:190} INFO - [2025-03-28T14:17:41.817+0000] {dagbag.py:588} INFO - Filling up the DagBag from /opt/airflow/dags/env/Scripts/pybabel.exe
[2025-03-28T14:17:41.829+0000] {logging_mixin.py:190} INFO - [2025-03-28T14:17:41.828+0000] {dagbag.py:435} INFO - File /opt/airflow/dags/env/Scripts/pybabel.exe:__main__.py assumed to contain no DAGs. Skipping.
[2025-03-28T14:17:41.829+0000] {processor.py:927} WARNING - No viable dags retrieved from /opt/airflow/dags/env/Scripts/pybabel.exe
[2025-03-28T14:17:41.852+0000] {processor.py:208} INFO - Processing /opt/airflow/dags/env/Scripts/pybabel.exe took 0.049 seconds
[2025-03-28T14:22:04.667+0000] {processor.py:186} INFO - Started process (PID=2758) to work on /opt/airflow/dags/env/Scripts/pybabel.exe
[2025-03-28T14:22:04.669+0000] {processor.py:914} INFO - Processing file /opt/airflow/dags/env/Scripts/pybabel.exe for tasks to queue
[2025-03-28T14:22:04.671+0000] {logging_mixin.py:190} INFO - [2025-03-28T14:22:04.670+0000] {dagbag.py:588} INFO - Filling up the DagBag from /opt/airflow/dags/env/Scripts/pybabel.exe
[2025-03-28T14:22:04.684+0000] {logging_mixin.py:190} INFO - [2025-03-28T14:22:04.684+0000] {dagbag.py:435} INFO - File /opt/airflow/dags/env/Scripts/pybabel.exe:__main__.py assumed to contain no DAGs. Skipping.
[2025-03-28T14:22:04.685+0000] {processor.py:927} WARNING - No viable dags retrieved from /opt/airflow/dags/env/Scripts/pybabel.exe
[2025-03-28T14:22:04.708+0000] {processor.py:208} INFO - Processing /opt/airflow/dags/env/Scripts/pybabel.exe took 0.053 seconds
[2025-03-28T14:22:37.308+0000] {processor.py:186} INFO - Started process (PID=2782) to work on /opt/airflow/dags/env/Scripts/pybabel.exe
[2025-03-28T14:22:37.309+0000] {processor.py:914} INFO - Processing file /opt/airflow/dags/env/Scripts/pybabel.exe for tasks to queue
[2025-03-28T14:22:37.311+0000] {logging_mixin.py:190} INFO - [2025-03-28T14:22:37.310+0000] {dagbag.py:588} INFO - Filling up the DagBag from /opt/airflow/dags/env/Scripts/pybabel.exe
[2025-03-28T14:22:37.324+0000] {logging_mixin.py:190} INFO - [2025-03-28T14:22:37.324+0000] {dagbag.py:435} INFO - File /opt/airflow/dags/env/Scripts/pybabel.exe:__main__.py assumed to contain no DAGs. Skipping.
[2025-03-28T14:22:37.325+0000] {processor.py:927} WARNING - No viable dags retrieved from /opt/airflow/dags/env/Scripts/pybabel.exe
[2025-03-28T14:22:37.348+0000] {processor.py:208} INFO - Processing /opt/airflow/dags/env/Scripts/pybabel.exe took 0.052 seconds
[2025-03-28T14:27:03.894+0000] {processor.py:186} INFO - Started process (PID=2811) to work on /opt/airflow/dags/env/Scripts/pybabel.exe
[2025-03-28T14:27:03.896+0000] {processor.py:914} INFO - Processing file /opt/airflow/dags/env/Scripts/pybabel.exe for tasks to queue
[2025-03-28T14:27:03.897+0000] {logging_mixin.py:190} INFO - [2025-03-28T14:27:03.897+0000] {dagbag.py:588} INFO - Filling up the DagBag from /opt/airflow/dags/env/Scripts/pybabel.exe
[2025-03-28T14:27:03.910+0000] {logging_mixin.py:190} INFO - [2025-03-28T14:27:03.910+0000] {dagbag.py:435} INFO - File /opt/airflow/dags/env/Scripts/pybabel.exe:__main__.py assumed to contain no DAGs. Skipping.
[2025-03-28T14:27:03.911+0000] {processor.py:927} WARNING - No viable dags retrieved from /opt/airflow/dags/env/Scripts/pybabel.exe
[2025-03-28T14:27:03.933+0000] {processor.py:208} INFO - Processing /opt/airflow/dags/env/Scripts/pybabel.exe took 0.050 seconds
[2025-03-28T14:27:35.327+0000] {processor.py:186} INFO - Started process (PID=2835) to work on /opt/airflow/dags/env/Scripts/pybabel.exe
[2025-03-28T14:27:35.328+0000] {processor.py:914} INFO - Processing file /opt/airflow/dags/env/Scripts/pybabel.exe for tasks to queue
[2025-03-28T14:27:35.330+0000] {logging_mixin.py:190} INFO - [2025-03-28T14:27:35.329+0000] {dagbag.py:588} INFO - Filling up the DagBag from /opt/airflow/dags/env/Scripts/pybabel.exe
[2025-03-28T14:27:35.341+0000] {logging_mixin.py:190} INFO - [2025-03-28T14:27:35.341+0000] {dagbag.py:435} INFO - File /opt/airflow/dags/env/Scripts/pybabel.exe:__main__.py assumed to contain no DAGs. Skipping.
[2025-03-28T14:27:35.342+0000] {processor.py:927} WARNING - No viable dags retrieved from /opt/airflow/dags/env/Scripts/pybabel.exe
[2025-03-28T14:27:35.367+0000] {processor.py:208} INFO - Processing /opt/airflow/dags/env/Scripts/pybabel.exe took 0.051 seconds
[2025-03-28T14:32:02.008+0000] {processor.py:186} INFO - Started process (PID=2865) to work on /opt/airflow/dags/env/Scripts/pybabel.exe
[2025-03-28T14:32:02.010+0000] {processor.py:914} INFO - Processing file /opt/airflow/dags/env/Scripts/pybabel.exe for tasks to queue
[2025-03-28T14:32:02.012+0000] {logging_mixin.py:190} INFO - [2025-03-28T14:32:02.011+0000] {dagbag.py:588} INFO - Filling up the DagBag from /opt/airflow/dags/env/Scripts/pybabel.exe
[2025-03-28T14:32:02.029+0000] {logging_mixin.py:190} INFO - [2025-03-28T14:32:02.028+0000] {dagbag.py:435} INFO - File /opt/airflow/dags/env/Scripts/pybabel.exe:__main__.py assumed to contain no DAGs. Skipping.
[2025-03-28T14:32:02.030+0000] {processor.py:927} WARNING - No viable dags retrieved from /opt/airflow/dags/env/Scripts/pybabel.exe
[2025-03-28T14:32:02.049+0000] {processor.py:208} INFO - Processing /opt/airflow/dags/env/Scripts/pybabel.exe took 0.055 seconds
[2025-03-28T14:32:33.693+0000] {processor.py:186} INFO - Started process (PID=2889) to work on /opt/airflow/dags/env/Scripts/pybabel.exe
[2025-03-28T14:32:33.694+0000] {processor.py:914} INFO - Processing file /opt/airflow/dags/env/Scripts/pybabel.exe for tasks to queue
[2025-03-28T14:32:33.696+0000] {logging_mixin.py:190} INFO - [2025-03-28T14:32:33.695+0000] {dagbag.py:588} INFO - Filling up the DagBag from /opt/airflow/dags/env/Scripts/pybabel.exe
[2025-03-28T14:32:33.709+0000] {logging_mixin.py:190} INFO - [2025-03-28T14:32:33.708+0000] {dagbag.py:435} INFO - File /opt/airflow/dags/env/Scripts/pybabel.exe:__main__.py assumed to contain no DAGs. Skipping.
[2025-03-28T14:32:33.710+0000] {processor.py:927} WARNING - No viable dags retrieved from /opt/airflow/dags/env/Scripts/pybabel.exe
[2025-03-28T14:32:33.731+0000] {processor.py:208} INFO - Processing /opt/airflow/dags/env/Scripts/pybabel.exe took 0.050 seconds
[2025-03-28T14:37:16.132+0000] {processor.py:186} INFO - Started process (PID=2921) to work on /opt/airflow/dags/env/Scripts/pybabel.exe
[2025-03-28T14:37:16.133+0000] {processor.py:914} INFO - Processing file /opt/airflow/dags/env/Scripts/pybabel.exe for tasks to queue
[2025-03-28T14:37:16.135+0000] {logging_mixin.py:190} INFO - [2025-03-28T14:37:16.135+0000] {dagbag.py:588} INFO - Filling up the DagBag from /opt/airflow/dags/env/Scripts/pybabel.exe
[2025-03-28T14:37:16.146+0000] {logging_mixin.py:190} INFO - [2025-03-28T14:37:16.146+0000] {dagbag.py:435} INFO - File /opt/airflow/dags/env/Scripts/pybabel.exe:__main__.py assumed to contain no DAGs. Skipping.
[2025-03-28T14:37:16.147+0000] {processor.py:927} WARNING - No viable dags retrieved from /opt/airflow/dags/env/Scripts/pybabel.exe
[2025-03-28T14:37:16.168+0000] {processor.py:208} INFO - Processing /opt/airflow/dags/env/Scripts/pybabel.exe took 0.048 seconds
[2025-03-28T14:37:47.535+0000] {processor.py:186} INFO - Started process (PID=2945) to work on /opt/airflow/dags/env/Scripts/pybabel.exe
[2025-03-28T14:37:47.536+0000] {processor.py:914} INFO - Processing file /opt/airflow/dags/env/Scripts/pybabel.exe for tasks to queue
[2025-03-28T14:37:47.538+0000] {logging_mixin.py:190} INFO - [2025-03-28T14:37:47.538+0000] {dagbag.py:588} INFO - Filling up the DagBag from /opt/airflow/dags/env/Scripts/pybabel.exe
[2025-03-28T14:37:47.557+0000] {logging_mixin.py:190} INFO - [2025-03-28T14:37:47.556+0000] {dagbag.py:435} INFO - File /opt/airflow/dags/env/Scripts/pybabel.exe:__main__.py assumed to contain no DAGs. Skipping.
[2025-03-28T14:37:47.558+0000] {processor.py:927} WARNING - No viable dags retrieved from /opt/airflow/dags/env/Scripts/pybabel.exe
[2025-03-28T14:37:47.587+0000] {processor.py:208} INFO - Processing /opt/airflow/dags/env/Scripts/pybabel.exe took 0.068 seconds
[2025-03-28T15:04:53.309+0000] {processor.py:186} INFO - Started process (PID=108) to work on /opt/airflow/dags/env/Scripts/pybabel.exe
[2025-03-28T15:04:53.311+0000] {processor.py:914} INFO - Processing file /opt/airflow/dags/env/Scripts/pybabel.exe for tasks to queue
[2025-03-28T15:04:53.321+0000] {logging_mixin.py:190} INFO - [2025-03-28T15:04:53.320+0000] {dagbag.py:588} INFO - Filling up the DagBag from /opt/airflow/dags/env/Scripts/pybabel.exe
[2025-03-28T15:04:53.347+0000] {logging_mixin.py:190} INFO - [2025-03-28T15:04:53.346+0000] {dagbag.py:435} INFO - File /opt/airflow/dags/env/Scripts/pybabel.exe:__main__.py assumed to contain no DAGs. Skipping.
[2025-03-28T15:04:53.349+0000] {processor.py:927} WARNING - No viable dags retrieved from /opt/airflow/dags/env/Scripts/pybabel.exe
[2025-03-28T15:04:53.393+0000] {processor.py:208} INFO - Processing /opt/airflow/dags/env/Scripts/pybabel.exe took 0.098 seconds
[2025-03-28T15:05:26.155+0000] {processor.py:186} INFO - Started process (PID=132) to work on /opt/airflow/dags/env/Scripts/pybabel.exe
[2025-03-28T15:05:26.159+0000] {processor.py:914} INFO - Processing file /opt/airflow/dags/env/Scripts/pybabel.exe for tasks to queue
[2025-03-28T15:05:26.168+0000] {logging_mixin.py:190} INFO - [2025-03-28T15:05:26.168+0000] {dagbag.py:588} INFO - Filling up the DagBag from /opt/airflow/dags/env/Scripts/pybabel.exe
[2025-03-28T15:05:26.207+0000] {logging_mixin.py:190} INFO - [2025-03-28T15:05:26.207+0000] {dagbag.py:435} INFO - File /opt/airflow/dags/env/Scripts/pybabel.exe:__main__.py assumed to contain no DAGs. Skipping.
[2025-03-28T15:05:26.209+0000] {processor.py:927} WARNING - No viable dags retrieved from /opt/airflow/dags/env/Scripts/pybabel.exe
[2025-03-28T15:05:26.259+0000] {processor.py:208} INFO - Processing /opt/airflow/dags/env/Scripts/pybabel.exe took 0.121 seconds
[2025-03-28T15:16:26.684+0000] {processor.py:186} INFO - Started process (PID=167) to work on /opt/airflow/dags/env/Scripts/pybabel.exe
[2025-03-28T15:16:26.685+0000] {processor.py:914} INFO - Processing file /opt/airflow/dags/env/Scripts/pybabel.exe for tasks to queue
[2025-03-28T15:16:26.688+0000] {logging_mixin.py:190} INFO - [2025-03-28T15:16:26.688+0000] {dagbag.py:588} INFO - Filling up the DagBag from /opt/airflow/dags/env/Scripts/pybabel.exe
[2025-03-28T15:16:26.705+0000] {logging_mixin.py:190} INFO - [2025-03-28T15:16:26.705+0000] {dagbag.py:435} INFO - File /opt/airflow/dags/env/Scripts/pybabel.exe:__main__.py assumed to contain no DAGs. Skipping.
[2025-03-28T15:16:26.706+0000] {processor.py:927} WARNING - No viable dags retrieved from /opt/airflow/dags/env/Scripts/pybabel.exe
[2025-03-28T15:16:26.731+0000] {processor.py:208} INFO - Processing /opt/airflow/dags/env/Scripts/pybabel.exe took 0.054 seconds
[2025-03-28T15:33:34.103+0000] {processor.py:186} INFO - Started process (PID=211) to work on /opt/airflow/dags/env/Scripts/pybabel.exe
[2025-03-28T15:33:34.106+0000] {processor.py:914} INFO - Processing file /opt/airflow/dags/env/Scripts/pybabel.exe for tasks to queue
[2025-03-28T15:33:34.110+0000] {logging_mixin.py:190} INFO - [2025-03-28T15:33:34.109+0000] {dagbag.py:588} INFO - Filling up the DagBag from /opt/airflow/dags/env/Scripts/pybabel.exe
[2025-03-28T15:33:34.126+0000] {logging_mixin.py:190} INFO - [2025-03-28T15:33:34.126+0000] {dagbag.py:435} INFO - File /opt/airflow/dags/env/Scripts/pybabel.exe:__main__.py assumed to contain no DAGs. Skipping.
[2025-03-28T15:33:34.128+0000] {processor.py:927} WARNING - No viable dags retrieved from /opt/airflow/dags/env/Scripts/pybabel.exe
[2025-03-28T15:33:34.161+0000] {processor.py:208} INFO - Processing /opt/airflow/dags/env/Scripts/pybabel.exe took 0.069 seconds
[2025-03-28T17:38:51.795+0000] {processor.py:186} INFO - Started process (PID=304) to work on /opt/airflow/dags/env/Scripts/pybabel.exe
[2025-03-28T17:38:51.798+0000] {processor.py:914} INFO - Processing file /opt/airflow/dags/env/Scripts/pybabel.exe for tasks to queue
[2025-03-28T17:38:51.823+0000] {logging_mixin.py:190} INFO - [2025-03-28T17:38:51.812+0000] {dagbag.py:588} INFO - Filling up the DagBag from /opt/airflow/dags/env/Scripts/pybabel.exe
[2025-03-28T17:38:51.848+0000] {logging_mixin.py:190} INFO - [2025-03-28T17:38:51.847+0000] {dagbag.py:435} INFO - File /opt/airflow/dags/env/Scripts/pybabel.exe:__main__.py assumed to contain no DAGs. Skipping.
[2025-03-28T17:38:51.850+0000] {processor.py:927} WARNING - No viable dags retrieved from /opt/airflow/dags/env/Scripts/pybabel.exe
[2025-03-28T17:38:51.918+0000] {processor.py:208} INFO - Processing /opt/airflow/dags/env/Scripts/pybabel.exe took 0.151 seconds
[2025-03-28T20:49:30.303+0000] {processor.py:186} INFO - Started process (PID=330) to work on /opt/airflow/dags/env/Scripts/pybabel.exe
[2025-03-28T20:49:30.305+0000] {processor.py:914} INFO - Processing file /opt/airflow/dags/env/Scripts/pybabel.exe for tasks to queue
[2025-03-28T20:49:30.316+0000] {logging_mixin.py:190} INFO - [2025-03-28T20:49:30.314+0000] {dagbag.py:588} INFO - Filling up the DagBag from /opt/airflow/dags/env/Scripts/pybabel.exe
[2025-03-28T20:49:30.340+0000] {logging_mixin.py:190} INFO - [2025-03-28T20:49:30.339+0000] {dagbag.py:435} INFO - File /opt/airflow/dags/env/Scripts/pybabel.exe:__main__.py assumed to contain no DAGs. Skipping.
[2025-03-28T20:49:30.342+0000] {processor.py:927} WARNING - No viable dags retrieved from /opt/airflow/dags/env/Scripts/pybabel.exe
[2025-03-28T20:49:30.381+0000] {processor.py:208} INFO - Processing /opt/airflow/dags/env/Scripts/pybabel.exe took 0.102 seconds
