[2025-03-28T02:50:27.766+0000] {processor.py:186} INFO - Started process (PID=205) to work on /opt/airflow/dags/env/Scripts/pyrsa-sign.exe
[2025-03-28T02:50:27.768+0000] {processor.py:914} INFO - Processing file /opt/airflow/dags/env/Scripts/pyrsa-sign.exe for tasks to queue
[2025-03-28T02:50:27.771+0000] {logging_mixin.py:190} INFO - [2025-03-28T02:50:27.770+0000] {dagbag.py:588} INFO - Filling up the DagBag from /opt/airflow/dags/env/Scripts/pyrsa-sign.exe
[2025-03-28T02:50:27.789+0000] {logging_mixin.py:190} INFO - [2025-03-28T02:50:27.789+0000] {dagbag.py:435} INFO - File /opt/airflow/dags/env/Scripts/pyrsa-sign.exe:__main__.py assumed to contain no DAGs. Skipping.
[2025-03-28T02:50:27.791+0000] {processor.py:927} WARNING - No viable dags retrieved from /opt/airflow/dags/env/Scripts/pyrsa-sign.exe
[2025-03-28T02:50:27.819+0000] {processor.py:208} INFO - Processing /opt/airflow/dags/env/Scripts/pyrsa-sign.exe took 0.065 seconds
[2025-03-28T03:46:15.941+0000] {processor.py:186} INFO - Started process (PID=254) to work on /opt/airflow/dags/env/Scripts/pyrsa-sign.exe
[2025-03-28T03:46:15.943+0000] {processor.py:914} INFO - Processing file /opt/airflow/dags/env/Scripts/pyrsa-sign.exe for tasks to queue
[2025-03-28T03:46:15.955+0000] {logging_mixin.py:190} INFO - [2025-03-28T03:46:15.955+0000] {dagbag.py:588} INFO - Filling up the DagBag from /opt/airflow/dags/env/Scripts/pyrsa-sign.exe
[2025-03-28T03:46:16.014+0000] {logging_mixin.py:190} INFO - [2025-03-28T03:46:16.013+0000] {dagbag.py:435} INFO - File /opt/airflow/dags/env/Scripts/pyrsa-sign.exe:__main__.py assumed to contain no DAGs. Skipping.
[2025-03-28T03:46:16.016+0000] {processor.py:927} WARNING - No viable dags retrieved from /opt/airflow/dags/env/Scripts/pyrsa-sign.exe
[2025-03-28T03:46:16.075+0000] {processor.py:208} INFO - Processing /opt/airflow/dags/env/Scripts/pyrsa-sign.exe took 0.172 seconds
[2025-03-28T04:41:06.238+0000] {processor.py:186} INFO - Started process (PID=298) to work on /opt/airflow/dags/env/Scripts/pyrsa-sign.exe
[2025-03-28T04:41:06.240+0000] {processor.py:914} INFO - Processing file /opt/airflow/dags/env/Scripts/pyrsa-sign.exe for tasks to queue
[2025-03-28T04:41:06.245+0000] {logging_mixin.py:190} INFO - [2025-03-28T04:41:06.244+0000] {dagbag.py:588} INFO - Filling up the DagBag from /opt/airflow/dags/env/Scripts/pyrsa-sign.exe
[2025-03-28T04:41:06.264+0000] {logging_mixin.py:190} INFO - [2025-03-28T04:41:06.264+0000] {dagbag.py:435} INFO - File /opt/airflow/dags/env/Scripts/pyrsa-sign.exe:__main__.py assumed to contain no DAGs. Skipping.
[2025-03-28T04:41:06.266+0000] {processor.py:927} WARNING - No viable dags retrieved from /opt/airflow/dags/env/Scripts/pyrsa-sign.exe
[2025-03-28T04:41:06.292+0000] {processor.py:208} INFO - Processing /opt/airflow/dags/env/Scripts/pyrsa-sign.exe took 0.075 seconds
[2025-03-28T05:05:44.205+0000] {processor.py:186} INFO - Started process (PID=332) to work on /opt/airflow/dags/env/Scripts/pyrsa-sign.exe
[2025-03-28T05:05:44.207+0000] {processor.py:914} INFO - Processing file /opt/airflow/dags/env/Scripts/pyrsa-sign.exe for tasks to queue
[2025-03-28T05:05:44.210+0000] {logging_mixin.py:190} INFO - [2025-03-28T05:05:44.209+0000] {dagbag.py:588} INFO - Filling up the DagBag from /opt/airflow/dags/env/Scripts/pyrsa-sign.exe
[2025-03-28T05:05:44.224+0000] {logging_mixin.py:190} INFO - [2025-03-28T05:05:44.224+0000] {dagbag.py:435} INFO - File /opt/airflow/dags/env/Scripts/pyrsa-sign.exe:__main__.py assumed to contain no DAGs. Skipping.
[2025-03-28T05:05:44.225+0000] {processor.py:927} WARNING - No viable dags retrieved from /opt/airflow/dags/env/Scripts/pyrsa-sign.exe
[2025-03-28T05:05:44.248+0000] {processor.py:208} INFO - Processing /opt/airflow/dags/env/Scripts/pyrsa-sign.exe took 0.054 seconds
[2025-03-28T05:06:28.597+0000] {processor.py:186} INFO - Started process (PID=356) to work on /opt/airflow/dags/env/Scripts/pyrsa-sign.exe
[2025-03-28T05:06:28.599+0000] {processor.py:914} INFO - Processing file /opt/airflow/dags/env/Scripts/pyrsa-sign.exe for tasks to queue
[2025-03-28T05:06:28.606+0000] {logging_mixin.py:190} INFO - [2025-03-28T05:06:28.605+0000] {dagbag.py:588} INFO - Filling up the DagBag from /opt/airflow/dags/env/Scripts/pyrsa-sign.exe
[2025-03-28T05:06:28.637+0000] {logging_mixin.py:190} INFO - [2025-03-28T05:06:28.636+0000] {dagbag.py:435} INFO - File /opt/airflow/dags/env/Scripts/pyrsa-sign.exe:__main__.py assumed to contain no DAGs. Skipping.
[2025-03-28T05:06:28.639+0000] {processor.py:927} WARNING - No viable dags retrieved from /opt/airflow/dags/env/Scripts/pyrsa-sign.exe
[2025-03-28T05:06:28.685+0000] {processor.py:208} INFO - Processing /opt/airflow/dags/env/Scripts/pyrsa-sign.exe took 0.121 seconds
[2025-03-28T05:17:49.826+0000] {processor.py:186} INFO - Started process (PID=389) to work on /opt/airflow/dags/env/Scripts/pyrsa-sign.exe
[2025-03-28T05:17:49.827+0000] {processor.py:914} INFO - Processing file /opt/airflow/dags/env/Scripts/pyrsa-sign.exe for tasks to queue
[2025-03-28T05:17:49.831+0000] {logging_mixin.py:190} INFO - [2025-03-28T05:17:49.830+0000] {dagbag.py:588} INFO - Filling up the DagBag from /opt/airflow/dags/env/Scripts/pyrsa-sign.exe
[2025-03-28T05:17:49.847+0000] {logging_mixin.py:190} INFO - [2025-03-28T05:17:49.847+0000] {dagbag.py:435} INFO - File /opt/airflow/dags/env/Scripts/pyrsa-sign.exe:__main__.py assumed to contain no DAGs. Skipping.
[2025-03-28T05:17:49.848+0000] {processor.py:927} WARNING - No viable dags retrieved from /opt/airflow/dags/env/Scripts/pyrsa-sign.exe
[2025-03-28T05:17:49.876+0000] {processor.py:208} INFO - Processing /opt/airflow/dags/env/Scripts/pyrsa-sign.exe took 0.063 seconds
[2025-03-28T05:18:20.351+0000] {processor.py:186} INFO - Started process (PID=413) to work on /opt/airflow/dags/env/Scripts/pyrsa-sign.exe
[2025-03-28T05:18:20.352+0000] {processor.py:914} INFO - Processing file /opt/airflow/dags/env/Scripts/pyrsa-sign.exe for tasks to queue
[2025-03-28T05:18:20.355+0000] {logging_mixin.py:190} INFO - [2025-03-28T05:18:20.355+0000] {dagbag.py:588} INFO - Filling up the DagBag from /opt/airflow/dags/env/Scripts/pyrsa-sign.exe
[2025-03-28T05:18:20.366+0000] {logging_mixin.py:190} INFO - [2025-03-28T05:18:20.366+0000] {dagbag.py:435} INFO - File /opt/airflow/dags/env/Scripts/pyrsa-sign.exe:__main__.py assumed to contain no DAGs. Skipping.
[2025-03-28T05:18:20.367+0000] {processor.py:927} WARNING - No viable dags retrieved from /opt/airflow/dags/env/Scripts/pyrsa-sign.exe
[2025-03-28T05:18:20.389+0000] {processor.py:208} INFO - Processing /opt/airflow/dags/env/Scripts/pyrsa-sign.exe took 0.048 seconds
[2025-03-28T05:23:24.441+0000] {processor.py:186} INFO - Started process (PID=428) to work on /opt/airflow/dags/env/Scripts/pyrsa-sign.exe
[2025-03-28T05:23:24.443+0000] {processor.py:914} INFO - Processing file /opt/airflow/dags/env/Scripts/pyrsa-sign.exe for tasks to queue
[2025-03-28T05:23:24.446+0000] {logging_mixin.py:190} INFO - [2025-03-28T05:23:24.445+0000] {dagbag.py:588} INFO - Filling up the DagBag from /opt/airflow/dags/env/Scripts/pyrsa-sign.exe
[2025-03-28T05:23:24.457+0000] {logging_mixin.py:190} INFO - [2025-03-28T05:23:24.457+0000] {dagbag.py:435} INFO - File /opt/airflow/dags/env/Scripts/pyrsa-sign.exe:__main__.py assumed to contain no DAGs. Skipping.
[2025-03-28T05:23:24.458+0000] {processor.py:927} WARNING - No viable dags retrieved from /opt/airflow/dags/env/Scripts/pyrsa-sign.exe
[2025-03-28T05:23:24.478+0000] {processor.py:208} INFO - Processing /opt/airflow/dags/env/Scripts/pyrsa-sign.exe took 0.049 seconds
[2025-03-28T05:34:58.014+0000] {processor.py:186} INFO - Started process (PID=456) to work on /opt/airflow/dags/env/Scripts/pyrsa-sign.exe
[2025-03-28T05:34:58.016+0000] {processor.py:914} INFO - Processing file /opt/airflow/dags/env/Scripts/pyrsa-sign.exe for tasks to queue
[2025-03-28T05:34:58.022+0000] {logging_mixin.py:190} INFO - [2025-03-28T05:34:58.020+0000] {dagbag.py:588} INFO - Filling up the DagBag from /opt/airflow/dags/env/Scripts/pyrsa-sign.exe
[2025-03-28T05:34:58.037+0000] {logging_mixin.py:190} INFO - [2025-03-28T05:34:58.036+0000] {dagbag.py:435} INFO - File /opt/airflow/dags/env/Scripts/pyrsa-sign.exe:__main__.py assumed to contain no DAGs. Skipping.
[2025-03-28T05:34:58.038+0000] {processor.py:927} WARNING - No viable dags retrieved from /opt/airflow/dags/env/Scripts/pyrsa-sign.exe
[2025-03-28T05:34:58.068+0000] {processor.py:208} INFO - Processing /opt/airflow/dags/env/Scripts/pyrsa-sign.exe took 0.078 seconds
[2025-03-28T05:44:53.939+0000] {processor.py:186} INFO - Started process (PID=495) to work on /opt/airflow/dags/env/Scripts/pyrsa-sign.exe
[2025-03-28T05:44:53.940+0000] {processor.py:914} INFO - Processing file /opt/airflow/dags/env/Scripts/pyrsa-sign.exe for tasks to queue
[2025-03-28T05:44:53.944+0000] {logging_mixin.py:190} INFO - [2025-03-28T05:44:53.943+0000] {dagbag.py:588} INFO - Filling up the DagBag from /opt/airflow/dags/env/Scripts/pyrsa-sign.exe
[2025-03-28T05:44:53.958+0000] {logging_mixin.py:190} INFO - [2025-03-28T05:44:53.957+0000] {dagbag.py:435} INFO - File /opt/airflow/dags/env/Scripts/pyrsa-sign.exe:__main__.py assumed to contain no DAGs. Skipping.
[2025-03-28T05:44:53.959+0000] {processor.py:927} WARNING - No viable dags retrieved from /opt/airflow/dags/env/Scripts/pyrsa-sign.exe
[2025-03-28T05:44:53.983+0000] {processor.py:208} INFO - Processing /opt/airflow/dags/env/Scripts/pyrsa-sign.exe took 0.056 seconds
[2025-03-28T05:45:34.688+0000] {processor.py:186} INFO - Started process (PID=519) to work on /opt/airflow/dags/env/Scripts/pyrsa-sign.exe
[2025-03-28T05:45:34.690+0000] {processor.py:914} INFO - Processing file /opt/airflow/dags/env/Scripts/pyrsa-sign.exe for tasks to queue
[2025-03-28T05:45:34.697+0000] {logging_mixin.py:190} INFO - [2025-03-28T05:45:34.696+0000] {dagbag.py:588} INFO - Filling up the DagBag from /opt/airflow/dags/env/Scripts/pyrsa-sign.exe
[2025-03-28T05:45:34.723+0000] {logging_mixin.py:190} INFO - [2025-03-28T05:45:34.723+0000] {dagbag.py:435} INFO - File /opt/airflow/dags/env/Scripts/pyrsa-sign.exe:__main__.py assumed to contain no DAGs. Skipping.
[2025-03-28T05:45:34.726+0000] {processor.py:927} WARNING - No viable dags retrieved from /opt/airflow/dags/env/Scripts/pyrsa-sign.exe
[2025-03-28T05:45:34.772+0000] {processor.py:208} INFO - Processing /opt/airflow/dags/env/Scripts/pyrsa-sign.exe took 0.107 seconds
[2025-03-28T06:00:41.624+0000] {processor.py:186} INFO - Started process (PID=651) to work on /opt/airflow/dags/env/Scripts/pyrsa-sign.exe
[2025-03-28T06:00:41.626+0000] {processor.py:914} INFO - Processing file /opt/airflow/dags/env/Scripts/pyrsa-sign.exe for tasks to queue
[2025-03-28T06:00:41.631+0000] {logging_mixin.py:190} INFO - [2025-03-28T06:00:41.630+0000] {dagbag.py:588} INFO - Filling up the DagBag from /opt/airflow/dags/env/Scripts/pyrsa-sign.exe
[2025-03-28T06:00:41.653+0000] {logging_mixin.py:190} INFO - [2025-03-28T06:00:41.652+0000] {dagbag.py:435} INFO - File /opt/airflow/dags/env/Scripts/pyrsa-sign.exe:__main__.py assumed to contain no DAGs. Skipping.
[2025-03-28T06:00:41.655+0000] {processor.py:927} WARNING - No viable dags retrieved from /opt/airflow/dags/env/Scripts/pyrsa-sign.exe
[2025-03-28T06:00:41.704+0000] {processor.py:208} INFO - Processing /opt/airflow/dags/env/Scripts/pyrsa-sign.exe took 0.097 seconds
[2025-03-28T06:10:36.274+0000] {processor.py:186} INFO - Started process (PID=673) to work on /opt/airflow/dags/env/Scripts/pyrsa-sign.exe
[2025-03-28T06:10:36.277+0000] {processor.py:914} INFO - Processing file /opt/airflow/dags/env/Scripts/pyrsa-sign.exe for tasks to queue
[2025-03-28T06:10:36.290+0000] {logging_mixin.py:190} INFO - [2025-03-28T06:10:36.289+0000] {dagbag.py:588} INFO - Filling up the DagBag from /opt/airflow/dags/env/Scripts/pyrsa-sign.exe
[2025-03-28T06:10:36.328+0000] {logging_mixin.py:190} INFO - [2025-03-28T06:10:36.327+0000] {dagbag.py:435} INFO - File /opt/airflow/dags/env/Scripts/pyrsa-sign.exe:__main__.py assumed to contain no DAGs. Skipping.
[2025-03-28T06:10:36.331+0000] {processor.py:927} WARNING - No viable dags retrieved from /opt/airflow/dags/env/Scripts/pyrsa-sign.exe
[2025-03-28T06:10:36.446+0000] {processor.py:208} INFO - Processing /opt/airflow/dags/env/Scripts/pyrsa-sign.exe took 0.230 seconds
[2025-03-28T06:26:30.194+0000] {processor.py:186} INFO - Started process (PID=839) to work on /opt/airflow/dags/env/Scripts/pyrsa-sign.exe
[2025-03-28T06:26:30.195+0000] {processor.py:914} INFO - Processing file /opt/airflow/dags/env/Scripts/pyrsa-sign.exe for tasks to queue
[2025-03-28T06:26:30.197+0000] {logging_mixin.py:190} INFO - [2025-03-28T06:26:30.197+0000] {dagbag.py:588} INFO - Filling up the DagBag from /opt/airflow/dags/env/Scripts/pyrsa-sign.exe
[2025-03-28T06:26:30.216+0000] {logging_mixin.py:190} INFO - [2025-03-28T06:26:30.215+0000] {dagbag.py:435} INFO - File /opt/airflow/dags/env/Scripts/pyrsa-sign.exe:__main__.py assumed to contain no DAGs. Skipping.
[2025-03-28T06:26:30.217+0000] {processor.py:927} WARNING - No viable dags retrieved from /opt/airflow/dags/env/Scripts/pyrsa-sign.exe
[2025-03-28T06:26:30.250+0000] {processor.py:208} INFO - Processing /opt/airflow/dags/env/Scripts/pyrsa-sign.exe took 0.072 seconds
[2025-03-28T06:47:23.875+0000] {processor.py:186} INFO - Started process (PID=955) to work on /opt/airflow/dags/env/Scripts/pyrsa-sign.exe
[2025-03-28T06:47:23.877+0000] {processor.py:914} INFO - Processing file /opt/airflow/dags/env/Scripts/pyrsa-sign.exe for tasks to queue
[2025-03-28T06:47:23.878+0000] {logging_mixin.py:190} INFO - [2025-03-28T06:47:23.878+0000] {dagbag.py:588} INFO - Filling up the DagBag from /opt/airflow/dags/env/Scripts/pyrsa-sign.exe
[2025-03-28T06:47:23.891+0000] {logging_mixin.py:190} INFO - [2025-03-28T06:47:23.891+0000] {dagbag.py:435} INFO - File /opt/airflow/dags/env/Scripts/pyrsa-sign.exe:__main__.py assumed to contain no DAGs. Skipping.
[2025-03-28T06:47:23.893+0000] {processor.py:927} WARNING - No viable dags retrieved from /opt/airflow/dags/env/Scripts/pyrsa-sign.exe
[2025-03-28T06:47:23.915+0000] {processor.py:208} INFO - Processing /opt/airflow/dags/env/Scripts/pyrsa-sign.exe took 0.059 seconds
[2025-03-28T07:14:58.946+0000] {processor.py:186} INFO - Started process (PID=1213) to work on /opt/airflow/dags/env/Scripts/pyrsa-sign.exe
[2025-03-28T07:14:58.947+0000] {processor.py:914} INFO - Processing file /opt/airflow/dags/env/Scripts/pyrsa-sign.exe for tasks to queue
[2025-03-28T07:14:58.949+0000] {logging_mixin.py:190} INFO - [2025-03-28T07:14:58.949+0000] {dagbag.py:588} INFO - Filling up the DagBag from /opt/airflow/dags/env/Scripts/pyrsa-sign.exe
[2025-03-28T07:14:58.964+0000] {logging_mixin.py:190} INFO - [2025-03-28T07:14:58.964+0000] {dagbag.py:435} INFO - File /opt/airflow/dags/env/Scripts/pyrsa-sign.exe:__main__.py assumed to contain no DAGs. Skipping.
[2025-03-28T07:14:58.966+0000] {processor.py:927} WARNING - No viable dags retrieved from /opt/airflow/dags/env/Scripts/pyrsa-sign.exe
[2025-03-28T07:14:58.991+0000] {processor.py:208} INFO - Processing /opt/airflow/dags/env/Scripts/pyrsa-sign.exe took 0.062 seconds
[2025-03-28T08:47:38.449+0000] {processor.py:186} INFO - Started process (PID=1257) to work on /opt/airflow/dags/env/Scripts/pyrsa-sign.exe
[2025-03-28T08:47:38.451+0000] {processor.py:914} INFO - Processing file /opt/airflow/dags/env/Scripts/pyrsa-sign.exe for tasks to queue
[2025-03-28T08:47:38.453+0000] {logging_mixin.py:190} INFO - [2025-03-28T08:47:38.452+0000] {dagbag.py:588} INFO - Filling up the DagBag from /opt/airflow/dags/env/Scripts/pyrsa-sign.exe
[2025-03-28T08:47:38.468+0000] {logging_mixin.py:190} INFO - [2025-03-28T08:47:38.468+0000] {dagbag.py:435} INFO - File /opt/airflow/dags/env/Scripts/pyrsa-sign.exe:__main__.py assumed to contain no DAGs. Skipping.
[2025-03-28T08:47:38.469+0000] {processor.py:927} WARNING - No viable dags retrieved from /opt/airflow/dags/env/Scripts/pyrsa-sign.exe
[2025-03-28T08:47:38.500+0000] {processor.py:208} INFO - Processing /opt/airflow/dags/env/Scripts/pyrsa-sign.exe took 0.067 seconds
[2025-03-28T09:26:46.439+0000] {processor.py:186} INFO - Started process (PID=1434) to work on /opt/airflow/dags/env/Scripts/pyrsa-sign.exe
[2025-03-28T09:26:46.441+0000] {processor.py:914} INFO - Processing file /opt/airflow/dags/env/Scripts/pyrsa-sign.exe for tasks to queue
[2025-03-28T09:26:46.454+0000] {logging_mixin.py:190} INFO - [2025-03-28T09:26:46.454+0000] {dagbag.py:588} INFO - Filling up the DagBag from /opt/airflow/dags/env/Scripts/pyrsa-sign.exe
[2025-03-28T09:26:46.484+0000] {logging_mixin.py:190} INFO - [2025-03-28T09:26:46.483+0000] {dagbag.py:435} INFO - File /opt/airflow/dags/env/Scripts/pyrsa-sign.exe:__main__.py assumed to contain no DAGs. Skipping.
[2025-03-28T09:26:46.487+0000] {processor.py:927} WARNING - No viable dags retrieved from /opt/airflow/dags/env/Scripts/pyrsa-sign.exe
[2025-03-28T09:26:46.558+0000] {processor.py:208} INFO - Processing /opt/airflow/dags/env/Scripts/pyrsa-sign.exe took 0.144 seconds
[2025-03-28T09:31:16.165+0000] {processor.py:186} INFO - Started process (PID=1458) to work on /opt/airflow/dags/env/Scripts/pyrsa-sign.exe
[2025-03-28T09:31:16.168+0000] {processor.py:914} INFO - Processing file /opt/airflow/dags/env/Scripts/pyrsa-sign.exe for tasks to queue
[2025-03-28T09:31:16.171+0000] {logging_mixin.py:190} INFO - [2025-03-28T09:31:16.171+0000] {dagbag.py:588} INFO - Filling up the DagBag from /opt/airflow/dags/env/Scripts/pyrsa-sign.exe
[2025-03-28T09:31:16.202+0000] {logging_mixin.py:190} INFO - [2025-03-28T09:31:16.201+0000] {dagbag.py:435} INFO - File /opt/airflow/dags/env/Scripts/pyrsa-sign.exe:__main__.py assumed to contain no DAGs. Skipping.
[2025-03-28T09:31:16.204+0000] {processor.py:927} WARNING - No viable dags retrieved from /opt/airflow/dags/env/Scripts/pyrsa-sign.exe
[2025-03-28T09:31:16.249+0000] {processor.py:208} INFO - Processing /opt/airflow/dags/env/Scripts/pyrsa-sign.exe took 0.120 seconds
[2025-03-28T09:41:51.342+0000] {processor.py:186} INFO - Started process (PID=1484) to work on /opt/airflow/dags/env/Scripts/pyrsa-sign.exe
[2025-03-28T09:41:51.343+0000] {processor.py:914} INFO - Processing file /opt/airflow/dags/env/Scripts/pyrsa-sign.exe for tasks to queue
[2025-03-28T09:41:51.345+0000] {logging_mixin.py:190} INFO - [2025-03-28T09:41:51.345+0000] {dagbag.py:588} INFO - Filling up the DagBag from /opt/airflow/dags/env/Scripts/pyrsa-sign.exe
[2025-03-28T09:41:51.359+0000] {logging_mixin.py:190} INFO - [2025-03-28T09:41:51.359+0000] {dagbag.py:435} INFO - File /opt/airflow/dags/env/Scripts/pyrsa-sign.exe:__main__.py assumed to contain no DAGs. Skipping.
[2025-03-28T09:41:51.361+0000] {processor.py:927} WARNING - No viable dags retrieved from /opt/airflow/dags/env/Scripts/pyrsa-sign.exe
[2025-03-28T09:41:51.388+0000] {processor.py:208} INFO - Processing /opt/airflow/dags/env/Scripts/pyrsa-sign.exe took 0.057 seconds
[2025-03-28T09:42:22.450+0000] {processor.py:186} INFO - Started process (PID=1508) to work on /opt/airflow/dags/env/Scripts/pyrsa-sign.exe
[2025-03-28T09:42:22.452+0000] {processor.py:914} INFO - Processing file /opt/airflow/dags/env/Scripts/pyrsa-sign.exe for tasks to queue
[2025-03-28T09:42:22.454+0000] {logging_mixin.py:190} INFO - [2025-03-28T09:42:22.453+0000] {dagbag.py:588} INFO - Filling up the DagBag from /opt/airflow/dags/env/Scripts/pyrsa-sign.exe
[2025-03-28T09:42:22.468+0000] {logging_mixin.py:190} INFO - [2025-03-28T09:42:22.467+0000] {dagbag.py:435} INFO - File /opt/airflow/dags/env/Scripts/pyrsa-sign.exe:__main__.py assumed to contain no DAGs. Skipping.
[2025-03-28T09:42:22.469+0000] {processor.py:927} WARNING - No viable dags retrieved from /opt/airflow/dags/env/Scripts/pyrsa-sign.exe
[2025-03-28T09:42:22.490+0000] {processor.py:208} INFO - Processing /opt/airflow/dags/env/Scripts/pyrsa-sign.exe took 0.053 seconds
[2025-03-28T09:47:08.811+0000] {processor.py:186} INFO - Started process (PID=1520) to work on /opt/airflow/dags/env/Scripts/pyrsa-sign.exe
[2025-03-28T09:47:08.812+0000] {processor.py:914} INFO - Processing file /opt/airflow/dags/env/Scripts/pyrsa-sign.exe for tasks to queue
[2025-03-28T09:47:08.814+0000] {logging_mixin.py:190} INFO - [2025-03-28T09:47:08.814+0000] {dagbag.py:588} INFO - Filling up the DagBag from /opt/airflow/dags/env/Scripts/pyrsa-sign.exe
[2025-03-28T09:47:08.826+0000] {logging_mixin.py:190} INFO - [2025-03-28T09:47:08.826+0000] {dagbag.py:435} INFO - File /opt/airflow/dags/env/Scripts/pyrsa-sign.exe:__main__.py assumed to contain no DAGs. Skipping.
[2025-03-28T09:47:08.827+0000] {processor.py:927} WARNING - No viable dags retrieved from /opt/airflow/dags/env/Scripts/pyrsa-sign.exe
[2025-03-28T09:47:08.852+0000] {processor.py:208} INFO - Processing /opt/airflow/dags/env/Scripts/pyrsa-sign.exe took 0.053 seconds
[2025-03-28T09:52:14.381+0000] {processor.py:186} INFO - Started process (PID=1548) to work on /opt/airflow/dags/env/Scripts/pyrsa-sign.exe
[2025-03-28T09:52:14.383+0000] {processor.py:914} INFO - Processing file /opt/airflow/dags/env/Scripts/pyrsa-sign.exe for tasks to queue
[2025-03-28T09:52:14.386+0000] {logging_mixin.py:190} INFO - [2025-03-28T09:52:14.385+0000] {dagbag.py:588} INFO - Filling up the DagBag from /opt/airflow/dags/env/Scripts/pyrsa-sign.exe
[2025-03-28T09:52:14.411+0000] {logging_mixin.py:190} INFO - [2025-03-28T09:52:14.410+0000] {dagbag.py:435} INFO - File /opt/airflow/dags/env/Scripts/pyrsa-sign.exe:__main__.py assumed to contain no DAGs. Skipping.
[2025-03-28T09:52:14.413+0000] {processor.py:927} WARNING - No viable dags retrieved from /opt/airflow/dags/env/Scripts/pyrsa-sign.exe
[2025-03-28T09:52:14.470+0000] {processor.py:208} INFO - Processing /opt/airflow/dags/env/Scripts/pyrsa-sign.exe took 0.112 seconds
[2025-03-28T10:04:46.908+0000] {processor.py:186} INFO - Started process (PID=1573) to work on /opt/airflow/dags/env/Scripts/pyrsa-sign.exe
[2025-03-28T10:04:46.909+0000] {processor.py:914} INFO - Processing file /opt/airflow/dags/env/Scripts/pyrsa-sign.exe for tasks to queue
[2025-03-28T10:04:46.911+0000] {logging_mixin.py:190} INFO - [2025-03-28T10:04:46.911+0000] {dagbag.py:588} INFO - Filling up the DagBag from /opt/airflow/dags/env/Scripts/pyrsa-sign.exe
[2025-03-28T10:04:46.927+0000] {logging_mixin.py:190} INFO - [2025-03-28T10:04:46.927+0000] {dagbag.py:435} INFO - File /opt/airflow/dags/env/Scripts/pyrsa-sign.exe:__main__.py assumed to contain no DAGs. Skipping.
[2025-03-28T10:04:46.928+0000] {processor.py:927} WARNING - No viable dags retrieved from /opt/airflow/dags/env/Scripts/pyrsa-sign.exe
[2025-03-28T10:04:46.954+0000] {processor.py:208} INFO - Processing /opt/airflow/dags/env/Scripts/pyrsa-sign.exe took 0.060 seconds
[2025-03-28T10:09:25.181+0000] {processor.py:186} INFO - Started process (PID=1597) to work on /opt/airflow/dags/env/Scripts/pyrsa-sign.exe
[2025-03-28T10:09:25.183+0000] {processor.py:914} INFO - Processing file /opt/airflow/dags/env/Scripts/pyrsa-sign.exe for tasks to queue
[2025-03-28T10:09:25.184+0000] {logging_mixin.py:190} INFO - [2025-03-28T10:09:25.184+0000] {dagbag.py:588} INFO - Filling up the DagBag from /opt/airflow/dags/env/Scripts/pyrsa-sign.exe
[2025-03-28T10:09:25.198+0000] {logging_mixin.py:190} INFO - [2025-03-28T10:09:25.197+0000] {dagbag.py:435} INFO - File /opt/airflow/dags/env/Scripts/pyrsa-sign.exe:__main__.py assumed to contain no DAGs. Skipping.
[2025-03-28T10:09:25.199+0000] {processor.py:927} WARNING - No viable dags retrieved from /opt/airflow/dags/env/Scripts/pyrsa-sign.exe
[2025-03-28T10:09:25.222+0000] {processor.py:208} INFO - Processing /opt/airflow/dags/env/Scripts/pyrsa-sign.exe took 0.052 seconds
[2025-03-28T10:26:50.802+0000] {processor.py:186} INFO - Started process (PID=1622) to work on /opt/airflow/dags/env/Scripts/pyrsa-sign.exe
[2025-03-28T10:26:50.804+0000] {processor.py:914} INFO - Processing file /opt/airflow/dags/env/Scripts/pyrsa-sign.exe for tasks to queue
[2025-03-28T10:26:50.807+0000] {logging_mixin.py:190} INFO - [2025-03-28T10:26:50.806+0000] {dagbag.py:588} INFO - Filling up the DagBag from /opt/airflow/dags/env/Scripts/pyrsa-sign.exe
[2025-03-28T10:26:50.821+0000] {logging_mixin.py:190} INFO - [2025-03-28T10:26:50.820+0000] {dagbag.py:435} INFO - File /opt/airflow/dags/env/Scripts/pyrsa-sign.exe:__main__.py assumed to contain no DAGs. Skipping.
[2025-03-28T10:26:50.822+0000] {processor.py:927} WARNING - No viable dags retrieved from /opt/airflow/dags/env/Scripts/pyrsa-sign.exe
[2025-03-28T10:26:50.853+0000] {processor.py:208} INFO - Processing /opt/airflow/dags/env/Scripts/pyrsa-sign.exe took 0.069 seconds
[2025-03-28T10:31:13.727+0000] {processor.py:186} INFO - Started process (PID=1648) to work on /opt/airflow/dags/env/Scripts/pyrsa-sign.exe
[2025-03-28T10:31:13.729+0000] {processor.py:914} INFO - Processing file /opt/airflow/dags/env/Scripts/pyrsa-sign.exe for tasks to queue
[2025-03-28T10:31:13.731+0000] {logging_mixin.py:190} INFO - [2025-03-28T10:31:13.731+0000] {dagbag.py:588} INFO - Filling up the DagBag from /opt/airflow/dags/env/Scripts/pyrsa-sign.exe
[2025-03-28T10:31:13.751+0000] {logging_mixin.py:190} INFO - [2025-03-28T10:31:13.751+0000] {dagbag.py:435} INFO - File /opt/airflow/dags/env/Scripts/pyrsa-sign.exe:__main__.py assumed to contain no DAGs. Skipping.
[2025-03-28T10:31:13.755+0000] {processor.py:927} WARNING - No viable dags retrieved from /opt/airflow/dags/env/Scripts/pyrsa-sign.exe
[2025-03-28T10:31:13.805+0000] {processor.py:208} INFO - Processing /opt/airflow/dags/env/Scripts/pyrsa-sign.exe took 0.096 seconds
[2025-03-28T10:31:45.528+0000] {processor.py:186} INFO - Started process (PID=1672) to work on /opt/airflow/dags/env/Scripts/pyrsa-sign.exe
[2025-03-28T10:31:45.530+0000] {processor.py:914} INFO - Processing file /opt/airflow/dags/env/Scripts/pyrsa-sign.exe for tasks to queue
[2025-03-28T10:31:45.532+0000] {logging_mixin.py:190} INFO - [2025-03-28T10:31:45.531+0000] {dagbag.py:588} INFO - Filling up the DagBag from /opt/airflow/dags/env/Scripts/pyrsa-sign.exe
[2025-03-28T10:31:45.551+0000] {logging_mixin.py:190} INFO - [2025-03-28T10:31:45.550+0000] {dagbag.py:435} INFO - File /opt/airflow/dags/env/Scripts/pyrsa-sign.exe:__main__.py assumed to contain no DAGs. Skipping.
[2025-03-28T10:31:45.552+0000] {processor.py:927} WARNING - No viable dags retrieved from /opt/airflow/dags/env/Scripts/pyrsa-sign.exe
[2025-03-28T10:31:45.605+0000] {processor.py:208} INFO - Processing /opt/airflow/dags/env/Scripts/pyrsa-sign.exe took 0.097 seconds
[2025-03-28T10:32:16.235+0000] {processor.py:186} INFO - Started process (PID=1696) to work on /opt/airflow/dags/env/Scripts/pyrsa-sign.exe
[2025-03-28T10:32:16.237+0000] {processor.py:914} INFO - Processing file /opt/airflow/dags/env/Scripts/pyrsa-sign.exe for tasks to queue
[2025-03-28T10:32:16.240+0000] {logging_mixin.py:190} INFO - [2025-03-28T10:32:16.239+0000] {dagbag.py:588} INFO - Filling up the DagBag from /opt/airflow/dags/env/Scripts/pyrsa-sign.exe
[2025-03-28T10:32:16.266+0000] {logging_mixin.py:190} INFO - [2025-03-28T10:32:16.266+0000] {dagbag.py:435} INFO - File /opt/airflow/dags/env/Scripts/pyrsa-sign.exe:__main__.py assumed to contain no DAGs. Skipping.
[2025-03-28T10:32:16.268+0000] {processor.py:927} WARNING - No viable dags retrieved from /opt/airflow/dags/env/Scripts/pyrsa-sign.exe
[2025-03-28T10:32:16.322+0000] {processor.py:208} INFO - Processing /opt/airflow/dags/env/Scripts/pyrsa-sign.exe took 0.106 seconds
[2025-03-28T10:36:17.613+0000] {processor.py:186} INFO - Started process (PID=1702) to work on /opt/airflow/dags/env/Scripts/pyrsa-sign.exe
[2025-03-28T10:36:17.615+0000] {processor.py:914} INFO - Processing file /opt/airflow/dags/env/Scripts/pyrsa-sign.exe for tasks to queue
[2025-03-28T10:36:17.617+0000] {logging_mixin.py:190} INFO - [2025-03-28T10:36:17.617+0000] {dagbag.py:588} INFO - Filling up the DagBag from /opt/airflow/dags/env/Scripts/pyrsa-sign.exe
[2025-03-28T10:36:17.635+0000] {logging_mixin.py:190} INFO - [2025-03-28T10:36:17.634+0000] {dagbag.py:435} INFO - File /opt/airflow/dags/env/Scripts/pyrsa-sign.exe:__main__.py assumed to contain no DAGs. Skipping.
[2025-03-28T10:36:17.637+0000] {processor.py:927} WARNING - No viable dags retrieved from /opt/airflow/dags/env/Scripts/pyrsa-sign.exe
[2025-03-28T10:36:17.667+0000] {processor.py:208} INFO - Processing /opt/airflow/dags/env/Scripts/pyrsa-sign.exe took 0.076 seconds
[2025-03-28T10:36:59.704+0000] {processor.py:186} INFO - Started process (PID=1726) to work on /opt/airflow/dags/env/Scripts/pyrsa-sign.exe
[2025-03-28T10:36:59.706+0000] {processor.py:914} INFO - Processing file /opt/airflow/dags/env/Scripts/pyrsa-sign.exe for tasks to queue
[2025-03-28T10:36:59.709+0000] {logging_mixin.py:190} INFO - [2025-03-28T10:36:59.708+0000] {dagbag.py:588} INFO - Filling up the DagBag from /opt/airflow/dags/env/Scripts/pyrsa-sign.exe
[2025-03-28T10:36:59.732+0000] {logging_mixin.py:190} INFO - [2025-03-28T10:36:59.732+0000] {dagbag.py:435} INFO - File /opt/airflow/dags/env/Scripts/pyrsa-sign.exe:__main__.py assumed to contain no DAGs. Skipping.
[2025-03-28T10:36:59.734+0000] {processor.py:927} WARNING - No viable dags retrieved from /opt/airflow/dags/env/Scripts/pyrsa-sign.exe
[2025-03-28T10:36:59.776+0000] {processor.py:208} INFO - Processing /opt/airflow/dags/env/Scripts/pyrsa-sign.exe took 0.097 seconds
[2025-03-28T11:27:14.302+0000] {processor.py:186} INFO - Started process (PID=1746) to work on /opt/airflow/dags/env/Scripts/pyrsa-sign.exe
[2025-03-28T11:27:14.305+0000] {processor.py:914} INFO - Processing file /opt/airflow/dags/env/Scripts/pyrsa-sign.exe for tasks to queue
[2025-03-28T11:27:14.309+0000] {logging_mixin.py:190} INFO - [2025-03-28T11:27:14.308+0000] {dagbag.py:588} INFO - Filling up the DagBag from /opt/airflow/dags/env/Scripts/pyrsa-sign.exe
[2025-03-28T11:27:14.336+0000] {logging_mixin.py:190} INFO - [2025-03-28T11:27:14.336+0000] {dagbag.py:435} INFO - File /opt/airflow/dags/env/Scripts/pyrsa-sign.exe:__main__.py assumed to contain no DAGs. Skipping.
[2025-03-28T11:27:14.339+0000] {processor.py:927} WARNING - No viable dags retrieved from /opt/airflow/dags/env/Scripts/pyrsa-sign.exe
[2025-03-28T11:27:14.385+0000] {processor.py:208} INFO - Processing /opt/airflow/dags/env/Scripts/pyrsa-sign.exe took 0.112 seconds
[2025-03-28T11:52:43.005+0000] {processor.py:186} INFO - Started process (PID=1771) to work on /opt/airflow/dags/env/Scripts/pyrsa-sign.exe
[2025-03-28T11:52:43.007+0000] {processor.py:914} INFO - Processing file /opt/airflow/dags/env/Scripts/pyrsa-sign.exe for tasks to queue
[2025-03-28T11:52:43.008+0000] {logging_mixin.py:190} INFO - [2025-03-28T11:52:43.008+0000] {dagbag.py:588} INFO - Filling up the DagBag from /opt/airflow/dags/env/Scripts/pyrsa-sign.exe
[2025-03-28T11:52:43.020+0000] {logging_mixin.py:190} INFO - [2025-03-28T11:52:43.019+0000] {dagbag.py:435} INFO - File /opt/airflow/dags/env/Scripts/pyrsa-sign.exe:__main__.py assumed to contain no DAGs. Skipping.
[2025-03-28T11:52:43.020+0000] {processor.py:927} WARNING - No viable dags retrieved from /opt/airflow/dags/env/Scripts/pyrsa-sign.exe
[2025-03-28T11:52:43.043+0000] {processor.py:208} INFO - Processing /opt/airflow/dags/env/Scripts/pyrsa-sign.exe took 0.049 seconds
[2025-03-28T12:35:42.848+0000] {processor.py:186} INFO - Started process (PID=1794) to work on /opt/airflow/dags/env/Scripts/pyrsa-sign.exe
[2025-03-28T12:35:42.851+0000] {processor.py:914} INFO - Processing file /opt/airflow/dags/env/Scripts/pyrsa-sign.exe for tasks to queue
[2025-03-28T12:35:42.855+0000] {logging_mixin.py:190} INFO - [2025-03-28T12:35:42.854+0000] {dagbag.py:588} INFO - Filling up the DagBag from /opt/airflow/dags/env/Scripts/pyrsa-sign.exe
[2025-03-28T12:35:42.877+0000] {logging_mixin.py:190} INFO - [2025-03-28T12:35:42.876+0000] {dagbag.py:435} INFO - File /opt/airflow/dags/env/Scripts/pyrsa-sign.exe:__main__.py assumed to contain no DAGs. Skipping.
[2025-03-28T12:35:42.879+0000] {processor.py:927} WARNING - No viable dags retrieved from /opt/airflow/dags/env/Scripts/pyrsa-sign.exe
[2025-03-28T12:35:42.922+0000] {processor.py:208} INFO - Processing /opt/airflow/dags/env/Scripts/pyrsa-sign.exe took 0.101 seconds
[2025-03-28T12:52:27.157+0000] {processor.py:186} INFO - Started process (PID=1818) to work on /opt/airflow/dags/env/Scripts/pyrsa-sign.exe
[2025-03-28T12:52:27.160+0000] {processor.py:914} INFO - Processing file /opt/airflow/dags/env/Scripts/pyrsa-sign.exe for tasks to queue
[2025-03-28T12:52:27.162+0000] {logging_mixin.py:190} INFO - [2025-03-28T12:52:27.162+0000] {dagbag.py:588} INFO - Filling up the DagBag from /opt/airflow/dags/env/Scripts/pyrsa-sign.exe
[2025-03-28T12:52:27.183+0000] {logging_mixin.py:190} INFO - [2025-03-28T12:52:27.183+0000] {dagbag.py:435} INFO - File /opt/airflow/dags/env/Scripts/pyrsa-sign.exe:__main__.py assumed to contain no DAGs. Skipping.
[2025-03-28T12:52:27.184+0000] {processor.py:927} WARNING - No viable dags retrieved from /opt/airflow/dags/env/Scripts/pyrsa-sign.exe
[2025-03-28T12:52:27.219+0000] {processor.py:208} INFO - Processing /opt/airflow/dags/env/Scripts/pyrsa-sign.exe took 0.086 seconds
[2025-03-28T12:56:53.805+0000] {processor.py:186} INFO - Started process (PID=1844) to work on /opt/airflow/dags/env/Scripts/pyrsa-sign.exe
[2025-03-28T12:56:53.806+0000] {processor.py:914} INFO - Processing file /opt/airflow/dags/env/Scripts/pyrsa-sign.exe for tasks to queue
[2025-03-28T12:56:53.808+0000] {logging_mixin.py:190} INFO - [2025-03-28T12:56:53.807+0000] {dagbag.py:588} INFO - Filling up the DagBag from /opt/airflow/dags/env/Scripts/pyrsa-sign.exe
[2025-03-28T12:56:53.823+0000] {logging_mixin.py:190} INFO - [2025-03-28T12:56:53.822+0000] {dagbag.py:435} INFO - File /opt/airflow/dags/env/Scripts/pyrsa-sign.exe:__main__.py assumed to contain no DAGs. Skipping.
[2025-03-28T12:56:53.824+0000] {processor.py:927} WARNING - No viable dags retrieved from /opt/airflow/dags/env/Scripts/pyrsa-sign.exe
[2025-03-28T12:56:53.852+0000] {processor.py:208} INFO - Processing /opt/airflow/dags/env/Scripts/pyrsa-sign.exe took 0.062 seconds
[2025-03-28T12:57:24.956+0000] {processor.py:186} INFO - Started process (PID=1868) to work on /opt/airflow/dags/env/Scripts/pyrsa-sign.exe
[2025-03-28T12:57:24.957+0000] {processor.py:914} INFO - Processing file /opt/airflow/dags/env/Scripts/pyrsa-sign.exe for tasks to queue
[2025-03-28T12:57:24.959+0000] {logging_mixin.py:190} INFO - [2025-03-28T12:57:24.958+0000] {dagbag.py:588} INFO - Filling up the DagBag from /opt/airflow/dags/env/Scripts/pyrsa-sign.exe
[2025-03-28T12:57:24.969+0000] {logging_mixin.py:190} INFO - [2025-03-28T12:57:24.969+0000] {dagbag.py:435} INFO - File /opt/airflow/dags/env/Scripts/pyrsa-sign.exe:__main__.py assumed to contain no DAGs. Skipping.
[2025-03-28T12:57:24.970+0000] {processor.py:927} WARNING - No viable dags retrieved from /opt/airflow/dags/env/Scripts/pyrsa-sign.exe
[2025-03-28T12:57:24.992+0000] {processor.py:208} INFO - Processing /opt/airflow/dags/env/Scripts/pyrsa-sign.exe took 0.047 seconds
[2025-03-28T13:01:55.559+0000] {processor.py:186} INFO - Started process (PID=1897) to work on /opt/airflow/dags/env/Scripts/pyrsa-sign.exe
[2025-03-28T13:01:55.560+0000] {processor.py:914} INFO - Processing file /opt/airflow/dags/env/Scripts/pyrsa-sign.exe for tasks to queue
[2025-03-28T13:01:55.562+0000] {logging_mixin.py:190} INFO - [2025-03-28T13:01:55.561+0000] {dagbag.py:588} INFO - Filling up the DagBag from /opt/airflow/dags/env/Scripts/pyrsa-sign.exe
[2025-03-28T13:01:55.577+0000] {logging_mixin.py:190} INFO - [2025-03-28T13:01:55.577+0000] {dagbag.py:435} INFO - File /opt/airflow/dags/env/Scripts/pyrsa-sign.exe:__main__.py assumed to contain no DAGs. Skipping.
[2025-03-28T13:01:55.578+0000] {processor.py:927} WARNING - No viable dags retrieved from /opt/airflow/dags/env/Scripts/pyrsa-sign.exe
[2025-03-28T13:01:55.601+0000] {processor.py:208} INFO - Processing /opt/airflow/dags/env/Scripts/pyrsa-sign.exe took 0.054 seconds
[2025-03-28T13:02:26.820+0000] {processor.py:186} INFO - Started process (PID=1921) to work on /opt/airflow/dags/env/Scripts/pyrsa-sign.exe
[2025-03-28T13:02:26.822+0000] {processor.py:914} INFO - Processing file /opt/airflow/dags/env/Scripts/pyrsa-sign.exe for tasks to queue
[2025-03-28T13:02:26.824+0000] {logging_mixin.py:190} INFO - [2025-03-28T13:02:26.823+0000] {dagbag.py:588} INFO - Filling up the DagBag from /opt/airflow/dags/env/Scripts/pyrsa-sign.exe
[2025-03-28T13:02:26.837+0000] {logging_mixin.py:190} INFO - [2025-03-28T13:02:26.837+0000] {dagbag.py:435} INFO - File /opt/airflow/dags/env/Scripts/pyrsa-sign.exe:__main__.py assumed to contain no DAGs. Skipping.
[2025-03-28T13:02:26.838+0000] {processor.py:927} WARNING - No viable dags retrieved from /opt/airflow/dags/env/Scripts/pyrsa-sign.exe
[2025-03-28T13:02:26.860+0000] {processor.py:208} INFO - Processing /opt/airflow/dags/env/Scripts/pyrsa-sign.exe took 0.055 seconds
[2025-03-28T13:06:52.348+0000] {processor.py:186} INFO - Started process (PID=1948) to work on /opt/airflow/dags/env/Scripts/pyrsa-sign.exe
[2025-03-28T13:06:52.350+0000] {processor.py:914} INFO - Processing file /opt/airflow/dags/env/Scripts/pyrsa-sign.exe for tasks to queue
[2025-03-28T13:06:52.351+0000] {logging_mixin.py:190} INFO - [2025-03-28T13:06:52.351+0000] {dagbag.py:588} INFO - Filling up the DagBag from /opt/airflow/dags/env/Scripts/pyrsa-sign.exe
[2025-03-28T13:06:52.365+0000] {logging_mixin.py:190} INFO - [2025-03-28T13:06:52.365+0000] {dagbag.py:435} INFO - File /opt/airflow/dags/env/Scripts/pyrsa-sign.exe:__main__.py assumed to contain no DAGs. Skipping.
[2025-03-28T13:06:52.366+0000] {processor.py:927} WARNING - No viable dags retrieved from /opt/airflow/dags/env/Scripts/pyrsa-sign.exe
[2025-03-28T13:06:52.389+0000] {processor.py:208} INFO - Processing /opt/airflow/dags/env/Scripts/pyrsa-sign.exe took 0.055 seconds
[2025-03-28T13:07:23.889+0000] {processor.py:186} INFO - Started process (PID=1972) to work on /opt/airflow/dags/env/Scripts/pyrsa-sign.exe
[2025-03-28T13:07:23.891+0000] {processor.py:914} INFO - Processing file /opt/airflow/dags/env/Scripts/pyrsa-sign.exe for tasks to queue
[2025-03-28T13:07:23.893+0000] {logging_mixin.py:190} INFO - [2025-03-28T13:07:23.893+0000] {dagbag.py:588} INFO - Filling up the DagBag from /opt/airflow/dags/env/Scripts/pyrsa-sign.exe
[2025-03-28T13:07:23.909+0000] {logging_mixin.py:190} INFO - [2025-03-28T13:07:23.909+0000] {dagbag.py:435} INFO - File /opt/airflow/dags/env/Scripts/pyrsa-sign.exe:__main__.py assumed to contain no DAGs. Skipping.
[2025-03-28T13:07:23.910+0000] {processor.py:927} WARNING - No viable dags retrieved from /opt/airflow/dags/env/Scripts/pyrsa-sign.exe
[2025-03-28T13:07:23.931+0000] {processor.py:208} INFO - Processing /opt/airflow/dags/env/Scripts/pyrsa-sign.exe took 0.057 seconds
[2025-03-28T13:07:54.398+0000] {processor.py:186} INFO - Started process (PID=1996) to work on /opt/airflow/dags/env/Scripts/pyrsa-sign.exe
[2025-03-28T13:07:54.400+0000] {processor.py:914} INFO - Processing file /opt/airflow/dags/env/Scripts/pyrsa-sign.exe for tasks to queue
[2025-03-28T13:07:54.403+0000] {logging_mixin.py:190} INFO - [2025-03-28T13:07:54.402+0000] {dagbag.py:588} INFO - Filling up the DagBag from /opt/airflow/dags/env/Scripts/pyrsa-sign.exe
[2025-03-28T13:07:54.420+0000] {logging_mixin.py:190} INFO - [2025-03-28T13:07:54.420+0000] {dagbag.py:435} INFO - File /opt/airflow/dags/env/Scripts/pyrsa-sign.exe:__main__.py assumed to contain no DAGs. Skipping.
[2025-03-28T13:07:54.421+0000] {processor.py:927} WARNING - No viable dags retrieved from /opt/airflow/dags/env/Scripts/pyrsa-sign.exe
[2025-03-28T13:07:54.451+0000] {processor.py:208} INFO - Processing /opt/airflow/dags/env/Scripts/pyrsa-sign.exe took 0.075 seconds
[2025-03-28T13:11:49.812+0000] {processor.py:186} INFO - Started process (PID=2002) to work on /opt/airflow/dags/env/Scripts/pyrsa-sign.exe
[2025-03-28T13:11:49.813+0000] {processor.py:914} INFO - Processing file /opt/airflow/dags/env/Scripts/pyrsa-sign.exe for tasks to queue
[2025-03-28T13:11:49.815+0000] {logging_mixin.py:190} INFO - [2025-03-28T13:11:49.814+0000] {dagbag.py:588} INFO - Filling up the DagBag from /opt/airflow/dags/env/Scripts/pyrsa-sign.exe
[2025-03-28T13:11:49.826+0000] {logging_mixin.py:190} INFO - [2025-03-28T13:11:49.826+0000] {dagbag.py:435} INFO - File /opt/airflow/dags/env/Scripts/pyrsa-sign.exe:__main__.py assumed to contain no DAGs. Skipping.
[2025-03-28T13:11:49.827+0000] {processor.py:927} WARNING - No viable dags retrieved from /opt/airflow/dags/env/Scripts/pyrsa-sign.exe
[2025-03-28T13:11:49.851+0000] {processor.py:208} INFO - Processing /opt/airflow/dags/env/Scripts/pyrsa-sign.exe took 0.052 seconds
[2025-03-28T13:12:21.438+0000] {processor.py:186} INFO - Started process (PID=2026) to work on /opt/airflow/dags/env/Scripts/pyrsa-sign.exe
[2025-03-28T13:12:21.440+0000] {processor.py:914} INFO - Processing file /opt/airflow/dags/env/Scripts/pyrsa-sign.exe for tasks to queue
[2025-03-28T13:12:21.442+0000] {logging_mixin.py:190} INFO - [2025-03-28T13:12:21.442+0000] {dagbag.py:588} INFO - Filling up the DagBag from /opt/airflow/dags/env/Scripts/pyrsa-sign.exe
[2025-03-28T13:12:21.462+0000] {logging_mixin.py:190} INFO - [2025-03-28T13:12:21.462+0000] {dagbag.py:435} INFO - File /opt/airflow/dags/env/Scripts/pyrsa-sign.exe:__main__.py assumed to contain no DAGs. Skipping.
[2025-03-28T13:12:21.464+0000] {processor.py:927} WARNING - No viable dags retrieved from /opt/airflow/dags/env/Scripts/pyrsa-sign.exe
[2025-03-28T13:12:21.492+0000] {processor.py:208} INFO - Processing /opt/airflow/dags/env/Scripts/pyrsa-sign.exe took 0.074 seconds
[2025-03-28T13:12:52.095+0000] {processor.py:186} INFO - Started process (PID=2050) to work on /opt/airflow/dags/env/Scripts/pyrsa-sign.exe
[2025-03-28T13:12:52.096+0000] {processor.py:914} INFO - Processing file /opt/airflow/dags/env/Scripts/pyrsa-sign.exe for tasks to queue
[2025-03-28T13:12:52.098+0000] {logging_mixin.py:190} INFO - [2025-03-28T13:12:52.098+0000] {dagbag.py:588} INFO - Filling up the DagBag from /opt/airflow/dags/env/Scripts/pyrsa-sign.exe
[2025-03-28T13:12:52.109+0000] {logging_mixin.py:190} INFO - [2025-03-28T13:12:52.109+0000] {dagbag.py:435} INFO - File /opt/airflow/dags/env/Scripts/pyrsa-sign.exe:__main__.py assumed to contain no DAGs. Skipping.
[2025-03-28T13:12:52.110+0000] {processor.py:927} WARNING - No viable dags retrieved from /opt/airflow/dags/env/Scripts/pyrsa-sign.exe
[2025-03-28T13:12:52.134+0000] {processor.py:208} INFO - Processing /opt/airflow/dags/env/Scripts/pyrsa-sign.exe took 0.051 seconds
[2025-03-28T13:16:54.667+0000] {processor.py:186} INFO - Started process (PID=2058) to work on /opt/airflow/dags/env/Scripts/pyrsa-sign.exe
[2025-03-28T13:16:54.668+0000] {processor.py:914} INFO - Processing file /opt/airflow/dags/env/Scripts/pyrsa-sign.exe for tasks to queue
[2025-03-28T13:16:54.670+0000] {logging_mixin.py:190} INFO - [2025-03-28T13:16:54.669+0000] {dagbag.py:588} INFO - Filling up the DagBag from /opt/airflow/dags/env/Scripts/pyrsa-sign.exe
[2025-03-28T13:16:54.682+0000] {logging_mixin.py:190} INFO - [2025-03-28T13:16:54.681+0000] {dagbag.py:435} INFO - File /opt/airflow/dags/env/Scripts/pyrsa-sign.exe:__main__.py assumed to contain no DAGs. Skipping.
[2025-03-28T13:16:54.682+0000] {processor.py:927} WARNING - No viable dags retrieved from /opt/airflow/dags/env/Scripts/pyrsa-sign.exe
[2025-03-28T13:16:54.703+0000] {processor.py:208} INFO - Processing /opt/airflow/dags/env/Scripts/pyrsa-sign.exe took 0.048 seconds
[2025-03-28T13:17:26.345+0000] {processor.py:186} INFO - Started process (PID=2082) to work on /opt/airflow/dags/env/Scripts/pyrsa-sign.exe
[2025-03-28T13:17:26.347+0000] {processor.py:914} INFO - Processing file /opt/airflow/dags/env/Scripts/pyrsa-sign.exe for tasks to queue
[2025-03-28T13:17:26.349+0000] {logging_mixin.py:190} INFO - [2025-03-28T13:17:26.348+0000] {dagbag.py:588} INFO - Filling up the DagBag from /opt/airflow/dags/env/Scripts/pyrsa-sign.exe
[2025-03-28T13:17:26.360+0000] {logging_mixin.py:190} INFO - [2025-03-28T13:17:26.360+0000] {dagbag.py:435} INFO - File /opt/airflow/dags/env/Scripts/pyrsa-sign.exe:__main__.py assumed to contain no DAGs. Skipping.
[2025-03-28T13:17:26.361+0000] {processor.py:927} WARNING - No viable dags retrieved from /opt/airflow/dags/env/Scripts/pyrsa-sign.exe
[2025-03-28T13:17:26.381+0000] {processor.py:208} INFO - Processing /opt/airflow/dags/env/Scripts/pyrsa-sign.exe took 0.047 seconds
[2025-03-28T13:21:55.792+0000] {processor.py:186} INFO - Started process (PID=2110) to work on /opt/airflow/dags/env/Scripts/pyrsa-sign.exe
[2025-03-28T13:21:55.793+0000] {processor.py:914} INFO - Processing file /opt/airflow/dags/env/Scripts/pyrsa-sign.exe for tasks to queue
[2025-03-28T13:21:55.796+0000] {logging_mixin.py:190} INFO - [2025-03-28T13:21:55.796+0000] {dagbag.py:588} INFO - Filling up the DagBag from /opt/airflow/dags/env/Scripts/pyrsa-sign.exe
[2025-03-28T13:21:55.809+0000] {logging_mixin.py:190} INFO - [2025-03-28T13:21:55.809+0000] {dagbag.py:435} INFO - File /opt/airflow/dags/env/Scripts/pyrsa-sign.exe:__main__.py assumed to contain no DAGs. Skipping.
[2025-03-28T13:21:55.811+0000] {processor.py:927} WARNING - No viable dags retrieved from /opt/airflow/dags/env/Scripts/pyrsa-sign.exe
[2025-03-28T13:21:55.838+0000] {processor.py:208} INFO - Processing /opt/airflow/dags/env/Scripts/pyrsa-sign.exe took 0.060 seconds
[2025-03-28T13:22:27.055+0000] {processor.py:186} INFO - Started process (PID=2134) to work on /opt/airflow/dags/env/Scripts/pyrsa-sign.exe
[2025-03-28T13:22:27.056+0000] {processor.py:914} INFO - Processing file /opt/airflow/dags/env/Scripts/pyrsa-sign.exe for tasks to queue
[2025-03-28T13:22:27.058+0000] {logging_mixin.py:190} INFO - [2025-03-28T13:22:27.058+0000] {dagbag.py:588} INFO - Filling up the DagBag from /opt/airflow/dags/env/Scripts/pyrsa-sign.exe
[2025-03-28T13:22:27.073+0000] {logging_mixin.py:190} INFO - [2025-03-28T13:22:27.073+0000] {dagbag.py:435} INFO - File /opt/airflow/dags/env/Scripts/pyrsa-sign.exe:__main__.py assumed to contain no DAGs. Skipping.
[2025-03-28T13:22:27.077+0000] {processor.py:927} WARNING - No viable dags retrieved from /opt/airflow/dags/env/Scripts/pyrsa-sign.exe
[2025-03-28T13:22:27.099+0000] {processor.py:208} INFO - Processing /opt/airflow/dags/env/Scripts/pyrsa-sign.exe took 0.055 seconds
[2025-03-28T13:26:50.982+0000] {processor.py:186} INFO - Started process (PID=2162) to work on /opt/airflow/dags/env/Scripts/pyrsa-sign.exe
[2025-03-28T13:26:50.984+0000] {processor.py:914} INFO - Processing file /opt/airflow/dags/env/Scripts/pyrsa-sign.exe for tasks to queue
[2025-03-28T13:26:50.987+0000] {logging_mixin.py:190} INFO - [2025-03-28T13:26:50.986+0000] {dagbag.py:588} INFO - Filling up the DagBag from /opt/airflow/dags/env/Scripts/pyrsa-sign.exe
[2025-03-28T13:26:51.007+0000] {logging_mixin.py:190} INFO - [2025-03-28T13:26:51.007+0000] {dagbag.py:435} INFO - File /opt/airflow/dags/env/Scripts/pyrsa-sign.exe:__main__.py assumed to contain no DAGs. Skipping.
[2025-03-28T13:26:51.008+0000] {processor.py:927} WARNING - No viable dags retrieved from /opt/airflow/dags/env/Scripts/pyrsa-sign.exe
[2025-03-28T13:26:51.035+0000] {processor.py:208} INFO - Processing /opt/airflow/dags/env/Scripts/pyrsa-sign.exe took 0.077 seconds
[2025-03-28T13:27:22.645+0000] {processor.py:186} INFO - Started process (PID=2186) to work on /opt/airflow/dags/env/Scripts/pyrsa-sign.exe
[2025-03-28T13:27:22.646+0000] {processor.py:914} INFO - Processing file /opt/airflow/dags/env/Scripts/pyrsa-sign.exe for tasks to queue
[2025-03-28T13:27:22.649+0000] {logging_mixin.py:190} INFO - [2025-03-28T13:27:22.648+0000] {dagbag.py:588} INFO - Filling up the DagBag from /opt/airflow/dags/env/Scripts/pyrsa-sign.exe
[2025-03-28T13:27:22.667+0000] {logging_mixin.py:190} INFO - [2025-03-28T13:27:22.667+0000] {dagbag.py:435} INFO - File /opt/airflow/dags/env/Scripts/pyrsa-sign.exe:__main__.py assumed to contain no DAGs. Skipping.
[2025-03-28T13:27:22.669+0000] {processor.py:927} WARNING - No viable dags retrieved from /opt/airflow/dags/env/Scripts/pyrsa-sign.exe
[2025-03-28T13:27:22.692+0000] {processor.py:208} INFO - Processing /opt/airflow/dags/env/Scripts/pyrsa-sign.exe took 0.061 seconds
[2025-03-28T13:27:54.261+0000] {processor.py:186} INFO - Started process (PID=2210) to work on /opt/airflow/dags/env/Scripts/pyrsa-sign.exe
[2025-03-28T13:27:54.263+0000] {processor.py:914} INFO - Processing file /opt/airflow/dags/env/Scripts/pyrsa-sign.exe for tasks to queue
[2025-03-28T13:27:54.265+0000] {logging_mixin.py:190} INFO - [2025-03-28T13:27:54.264+0000] {dagbag.py:588} INFO - Filling up the DagBag from /opt/airflow/dags/env/Scripts/pyrsa-sign.exe
[2025-03-28T13:27:54.280+0000] {logging_mixin.py:190} INFO - [2025-03-28T13:27:54.280+0000] {dagbag.py:435} INFO - File /opt/airflow/dags/env/Scripts/pyrsa-sign.exe:__main__.py assumed to contain no DAGs. Skipping.
[2025-03-28T13:27:54.282+0000] {processor.py:927} WARNING - No viable dags retrieved from /opt/airflow/dags/env/Scripts/pyrsa-sign.exe
[2025-03-28T13:27:54.305+0000] {processor.py:208} INFO - Processing /opt/airflow/dags/env/Scripts/pyrsa-sign.exe took 0.260 seconds
[2025-03-28T13:31:53.527+0000] {processor.py:186} INFO - Started process (PID=2218) to work on /opt/airflow/dags/env/Scripts/pyrsa-sign.exe
[2025-03-28T13:31:53.528+0000] {processor.py:914} INFO - Processing file /opt/airflow/dags/env/Scripts/pyrsa-sign.exe for tasks to queue
[2025-03-28T13:31:53.530+0000] {logging_mixin.py:190} INFO - [2025-03-28T13:31:53.530+0000] {dagbag.py:588} INFO - Filling up the DagBag from /opt/airflow/dags/env/Scripts/pyrsa-sign.exe
[2025-03-28T13:31:53.547+0000] {logging_mixin.py:190} INFO - [2025-03-28T13:31:53.546+0000] {dagbag.py:435} INFO - File /opt/airflow/dags/env/Scripts/pyrsa-sign.exe:__main__.py assumed to contain no DAGs. Skipping.
[2025-03-28T13:31:53.548+0000] {processor.py:927} WARNING - No viable dags retrieved from /opt/airflow/dags/env/Scripts/pyrsa-sign.exe
[2025-03-28T13:31:53.573+0000] {processor.py:208} INFO - Processing /opt/airflow/dags/env/Scripts/pyrsa-sign.exe took 0.060 seconds
[2025-03-28T13:32:25.142+0000] {processor.py:186} INFO - Started process (PID=2242) to work on /opt/airflow/dags/env/Scripts/pyrsa-sign.exe
[2025-03-28T13:32:25.143+0000] {processor.py:914} INFO - Processing file /opt/airflow/dags/env/Scripts/pyrsa-sign.exe for tasks to queue
[2025-03-28T13:32:25.145+0000] {logging_mixin.py:190} INFO - [2025-03-28T13:32:25.145+0000] {dagbag.py:588} INFO - Filling up the DagBag from /opt/airflow/dags/env/Scripts/pyrsa-sign.exe
[2025-03-28T13:32:25.157+0000] {logging_mixin.py:190} INFO - [2025-03-28T13:32:25.157+0000] {dagbag.py:435} INFO - File /opt/airflow/dags/env/Scripts/pyrsa-sign.exe:__main__.py assumed to contain no DAGs. Skipping.
[2025-03-28T13:32:25.158+0000] {processor.py:927} WARNING - No viable dags retrieved from /opt/airflow/dags/env/Scripts/pyrsa-sign.exe
[2025-03-28T13:32:25.180+0000] {processor.py:208} INFO - Processing /opt/airflow/dags/env/Scripts/pyrsa-sign.exe took 0.049 seconds
[2025-03-28T13:32:55.572+0000] {processor.py:186} INFO - Started process (PID=2266) to work on /opt/airflow/dags/env/Scripts/pyrsa-sign.exe
[2025-03-28T13:32:55.573+0000] {processor.py:914} INFO - Processing file /opt/airflow/dags/env/Scripts/pyrsa-sign.exe for tasks to queue
[2025-03-28T13:32:55.575+0000] {logging_mixin.py:190} INFO - [2025-03-28T13:32:55.575+0000] {dagbag.py:588} INFO - Filling up the DagBag from /opt/airflow/dags/env/Scripts/pyrsa-sign.exe
[2025-03-28T13:32:55.591+0000] {logging_mixin.py:190} INFO - [2025-03-28T13:32:55.591+0000] {dagbag.py:435} INFO - File /opt/airflow/dags/env/Scripts/pyrsa-sign.exe:__main__.py assumed to contain no DAGs. Skipping.
[2025-03-28T13:32:55.592+0000] {processor.py:927} WARNING - No viable dags retrieved from /opt/airflow/dags/env/Scripts/pyrsa-sign.exe
[2025-03-28T13:32:55.613+0000] {processor.py:208} INFO - Processing /opt/airflow/dags/env/Scripts/pyrsa-sign.exe took 0.053 seconds
[2025-03-28T13:36:56.702+0000] {processor.py:186} INFO - Started process (PID=2272) to work on /opt/airflow/dags/env/Scripts/pyrsa-sign.exe
[2025-03-28T13:36:56.703+0000] {processor.py:914} INFO - Processing file /opt/airflow/dags/env/Scripts/pyrsa-sign.exe for tasks to queue
[2025-03-28T13:36:56.705+0000] {logging_mixin.py:190} INFO - [2025-03-28T13:36:56.705+0000] {dagbag.py:588} INFO - Filling up the DagBag from /opt/airflow/dags/env/Scripts/pyrsa-sign.exe
[2025-03-28T13:36:56.719+0000] {logging_mixin.py:190} INFO - [2025-03-28T13:36:56.718+0000] {dagbag.py:435} INFO - File /opt/airflow/dags/env/Scripts/pyrsa-sign.exe:__main__.py assumed to contain no DAGs. Skipping.
[2025-03-28T13:36:56.720+0000] {processor.py:927} WARNING - No viable dags retrieved from /opt/airflow/dags/env/Scripts/pyrsa-sign.exe
[2025-03-28T13:36:56.742+0000] {processor.py:208} INFO - Processing /opt/airflow/dags/env/Scripts/pyrsa-sign.exe took 0.051 seconds
[2025-03-28T13:37:28.282+0000] {processor.py:186} INFO - Started process (PID=2296) to work on /opt/airflow/dags/env/Scripts/pyrsa-sign.exe
[2025-03-28T13:37:28.284+0000] {processor.py:914} INFO - Processing file /opt/airflow/dags/env/Scripts/pyrsa-sign.exe for tasks to queue
[2025-03-28T13:37:28.286+0000] {logging_mixin.py:190} INFO - [2025-03-28T13:37:28.285+0000] {dagbag.py:588} INFO - Filling up the DagBag from /opt/airflow/dags/env/Scripts/pyrsa-sign.exe
[2025-03-28T13:37:28.299+0000] {logging_mixin.py:190} INFO - [2025-03-28T13:37:28.299+0000] {dagbag.py:435} INFO - File /opt/airflow/dags/env/Scripts/pyrsa-sign.exe:__main__.py assumed to contain no DAGs. Skipping.
[2025-03-28T13:37:28.300+0000] {processor.py:927} WARNING - No viable dags retrieved from /opt/airflow/dags/env/Scripts/pyrsa-sign.exe
[2025-03-28T13:37:28.322+0000] {processor.py:208} INFO - Processing /opt/airflow/dags/env/Scripts/pyrsa-sign.exe took 0.051 seconds
[2025-03-28T13:41:52.448+0000] {processor.py:186} INFO - Started process (PID=2323) to work on /opt/airflow/dags/env/Scripts/pyrsa-sign.exe
[2025-03-28T13:41:52.450+0000] {processor.py:914} INFO - Processing file /opt/airflow/dags/env/Scripts/pyrsa-sign.exe for tasks to queue
[2025-03-28T13:41:52.451+0000] {logging_mixin.py:190} INFO - [2025-03-28T13:41:52.451+0000] {dagbag.py:588} INFO - Filling up the DagBag from /opt/airflow/dags/env/Scripts/pyrsa-sign.exe
[2025-03-28T13:41:52.465+0000] {logging_mixin.py:190} INFO - [2025-03-28T13:41:52.464+0000] {dagbag.py:435} INFO - File /opt/airflow/dags/env/Scripts/pyrsa-sign.exe:__main__.py assumed to contain no DAGs. Skipping.
[2025-03-28T13:41:52.466+0000] {processor.py:927} WARNING - No viable dags retrieved from /opt/airflow/dags/env/Scripts/pyrsa-sign.exe
[2025-03-28T13:41:52.488+0000] {processor.py:208} INFO - Processing /opt/airflow/dags/env/Scripts/pyrsa-sign.exe took 0.052 seconds
[2025-03-28T13:42:23.840+0000] {processor.py:186} INFO - Started process (PID=2347) to work on /opt/airflow/dags/env/Scripts/pyrsa-sign.exe
[2025-03-28T13:42:23.841+0000] {processor.py:914} INFO - Processing file /opt/airflow/dags/env/Scripts/pyrsa-sign.exe for tasks to queue
[2025-03-28T13:42:23.843+0000] {logging_mixin.py:190} INFO - [2025-03-28T13:42:23.843+0000] {dagbag.py:588} INFO - Filling up the DagBag from /opt/airflow/dags/env/Scripts/pyrsa-sign.exe
[2025-03-28T13:42:23.855+0000] {logging_mixin.py:190} INFO - [2025-03-28T13:42:23.855+0000] {dagbag.py:435} INFO - File /opt/airflow/dags/env/Scripts/pyrsa-sign.exe:__main__.py assumed to contain no DAGs. Skipping.
[2025-03-28T13:42:23.856+0000] {processor.py:927} WARNING - No viable dags retrieved from /opt/airflow/dags/env/Scripts/pyrsa-sign.exe
[2025-03-28T13:42:23.881+0000] {processor.py:208} INFO - Processing /opt/airflow/dags/env/Scripts/pyrsa-sign.exe took 0.052 seconds
[2025-03-28T13:42:54.048+0000] {processor.py:186} INFO - Started process (PID=2371) to work on /opt/airflow/dags/env/Scripts/pyrsa-sign.exe
[2025-03-28T13:42:54.050+0000] {processor.py:914} INFO - Processing file /opt/airflow/dags/env/Scripts/pyrsa-sign.exe for tasks to queue
[2025-03-28T13:42:54.052+0000] {logging_mixin.py:190} INFO - [2025-03-28T13:42:54.052+0000] {dagbag.py:588} INFO - Filling up the DagBag from /opt/airflow/dags/env/Scripts/pyrsa-sign.exe
[2025-03-28T13:42:54.066+0000] {logging_mixin.py:190} INFO - [2025-03-28T13:42:54.065+0000] {dagbag.py:435} INFO - File /opt/airflow/dags/env/Scripts/pyrsa-sign.exe:__main__.py assumed to contain no DAGs. Skipping.
[2025-03-28T13:42:54.067+0000] {processor.py:927} WARNING - No viable dags retrieved from /opt/airflow/dags/env/Scripts/pyrsa-sign.exe
[2025-03-28T13:42:54.093+0000] {processor.py:208} INFO - Processing /opt/airflow/dags/env/Scripts/pyrsa-sign.exe took 0.059 seconds
[2025-03-28T13:46:50.692+0000] {processor.py:186} INFO - Started process (PID=2378) to work on /opt/airflow/dags/env/Scripts/pyrsa-sign.exe
[2025-03-28T13:46:50.693+0000] {processor.py:914} INFO - Processing file /opt/airflow/dags/env/Scripts/pyrsa-sign.exe for tasks to queue
[2025-03-28T13:46:50.695+0000] {logging_mixin.py:190} INFO - [2025-03-28T13:46:50.695+0000] {dagbag.py:588} INFO - Filling up the DagBag from /opt/airflow/dags/env/Scripts/pyrsa-sign.exe
[2025-03-28T13:46:50.714+0000] {logging_mixin.py:190} INFO - [2025-03-28T13:46:50.714+0000] {dagbag.py:435} INFO - File /opt/airflow/dags/env/Scripts/pyrsa-sign.exe:__main__.py assumed to contain no DAGs. Skipping.
[2025-03-28T13:46:50.716+0000] {processor.py:927} WARNING - No viable dags retrieved from /opt/airflow/dags/env/Scripts/pyrsa-sign.exe
[2025-03-28T13:46:50.745+0000] {processor.py:208} INFO - Processing /opt/airflow/dags/env/Scripts/pyrsa-sign.exe took 0.067 seconds
[2025-03-28T13:47:22.184+0000] {processor.py:186} INFO - Started process (PID=2402) to work on /opt/airflow/dags/env/Scripts/pyrsa-sign.exe
[2025-03-28T13:47:22.185+0000] {processor.py:914} INFO - Processing file /opt/airflow/dags/env/Scripts/pyrsa-sign.exe for tasks to queue
[2025-03-28T13:47:22.187+0000] {logging_mixin.py:190} INFO - [2025-03-28T13:47:22.187+0000] {dagbag.py:588} INFO - Filling up the DagBag from /opt/airflow/dags/env/Scripts/pyrsa-sign.exe
[2025-03-28T13:47:22.204+0000] {logging_mixin.py:190} INFO - [2025-03-28T13:47:22.204+0000] {dagbag.py:435} INFO - File /opt/airflow/dags/env/Scripts/pyrsa-sign.exe:__main__.py assumed to contain no DAGs. Skipping.
[2025-03-28T13:47:22.205+0000] {processor.py:927} WARNING - No viable dags retrieved from /opt/airflow/dags/env/Scripts/pyrsa-sign.exe
[2025-03-28T13:47:22.233+0000] {processor.py:208} INFO - Processing /opt/airflow/dags/env/Scripts/pyrsa-sign.exe took 0.064 seconds
[2025-03-28T13:47:52.952+0000] {processor.py:186} INFO - Started process (PID=2426) to work on /opt/airflow/dags/env/Scripts/pyrsa-sign.exe
[2025-03-28T13:47:52.953+0000] {processor.py:914} INFO - Processing file /opt/airflow/dags/env/Scripts/pyrsa-sign.exe for tasks to queue
[2025-03-28T13:47:52.955+0000] {logging_mixin.py:190} INFO - [2025-03-28T13:47:52.954+0000] {dagbag.py:588} INFO - Filling up the DagBag from /opt/airflow/dags/env/Scripts/pyrsa-sign.exe
[2025-03-28T13:47:52.967+0000] {logging_mixin.py:190} INFO - [2025-03-28T13:47:52.966+0000] {dagbag.py:435} INFO - File /opt/airflow/dags/env/Scripts/pyrsa-sign.exe:__main__.py assumed to contain no DAGs. Skipping.
[2025-03-28T13:47:52.968+0000] {processor.py:927} WARNING - No viable dags retrieved from /opt/airflow/dags/env/Scripts/pyrsa-sign.exe
[2025-03-28T13:47:52.989+0000] {processor.py:208} INFO - Processing /opt/airflow/dags/env/Scripts/pyrsa-sign.exe took 0.049 seconds
[2025-03-28T13:51:54.318+0000] {processor.py:186} INFO - Started process (PID=2436) to work on /opt/airflow/dags/env/Scripts/pyrsa-sign.exe
[2025-03-28T13:51:54.319+0000] {processor.py:914} INFO - Processing file /opt/airflow/dags/env/Scripts/pyrsa-sign.exe for tasks to queue
[2025-03-28T13:51:54.321+0000] {logging_mixin.py:190} INFO - [2025-03-28T13:51:54.320+0000] {dagbag.py:588} INFO - Filling up the DagBag from /opt/airflow/dags/env/Scripts/pyrsa-sign.exe
[2025-03-28T13:51:54.334+0000] {logging_mixin.py:190} INFO - [2025-03-28T13:51:54.334+0000] {dagbag.py:435} INFO - File /opt/airflow/dags/env/Scripts/pyrsa-sign.exe:__main__.py assumed to contain no DAGs. Skipping.
[2025-03-28T13:51:54.335+0000] {processor.py:927} WARNING - No viable dags retrieved from /opt/airflow/dags/env/Scripts/pyrsa-sign.exe
[2025-03-28T13:51:54.357+0000] {processor.py:208} INFO - Processing /opt/airflow/dags/env/Scripts/pyrsa-sign.exe took 0.052 seconds
[2025-03-28T13:52:25.635+0000] {processor.py:186} INFO - Started process (PID=2460) to work on /opt/airflow/dags/env/Scripts/pyrsa-sign.exe
[2025-03-28T13:52:25.637+0000] {processor.py:914} INFO - Processing file /opt/airflow/dags/env/Scripts/pyrsa-sign.exe for tasks to queue
[2025-03-28T13:52:25.638+0000] {logging_mixin.py:190} INFO - [2025-03-28T13:52:25.638+0000] {dagbag.py:588} INFO - Filling up the DagBag from /opt/airflow/dags/env/Scripts/pyrsa-sign.exe
[2025-03-28T13:52:25.649+0000] {logging_mixin.py:190} INFO - [2025-03-28T13:52:25.649+0000] {dagbag.py:435} INFO - File /opt/airflow/dags/env/Scripts/pyrsa-sign.exe:__main__.py assumed to contain no DAGs. Skipping.
[2025-03-28T13:52:25.650+0000] {processor.py:927} WARNING - No viable dags retrieved from /opt/airflow/dags/env/Scripts/pyrsa-sign.exe
[2025-03-28T13:52:25.671+0000] {processor.py:208} INFO - Processing /opt/airflow/dags/env/Scripts/pyrsa-sign.exe took 0.047 seconds
[2025-03-28T13:52:56.060+0000] {processor.py:186} INFO - Started process (PID=2484) to work on /opt/airflow/dags/env/Scripts/pyrsa-sign.exe
[2025-03-28T13:52:56.061+0000] {processor.py:914} INFO - Processing file /opt/airflow/dags/env/Scripts/pyrsa-sign.exe for tasks to queue
[2025-03-28T13:52:56.063+0000] {logging_mixin.py:190} INFO - [2025-03-28T13:52:56.063+0000] {dagbag.py:588} INFO - Filling up the DagBag from /opt/airflow/dags/env/Scripts/pyrsa-sign.exe
[2025-03-28T13:52:56.076+0000] {logging_mixin.py:190} INFO - [2025-03-28T13:52:56.076+0000] {dagbag.py:435} INFO - File /opt/airflow/dags/env/Scripts/pyrsa-sign.exe:__main__.py assumed to contain no DAGs. Skipping.
[2025-03-28T13:52:56.078+0000] {processor.py:927} WARNING - No viable dags retrieved from /opt/airflow/dags/env/Scripts/pyrsa-sign.exe
[2025-03-28T13:52:56.102+0000] {processor.py:208} INFO - Processing /opt/airflow/dags/env/Scripts/pyrsa-sign.exe took 0.061 seconds
[2025-03-28T13:56:56.522+0000] {processor.py:186} INFO - Started process (PID=2491) to work on /opt/airflow/dags/env/Scripts/pyrsa-sign.exe
[2025-03-28T13:56:56.523+0000] {processor.py:914} INFO - Processing file /opt/airflow/dags/env/Scripts/pyrsa-sign.exe for tasks to queue
[2025-03-28T13:56:56.525+0000] {logging_mixin.py:190} INFO - [2025-03-28T13:56:56.524+0000] {dagbag.py:588} INFO - Filling up the DagBag from /opt/airflow/dags/env/Scripts/pyrsa-sign.exe
[2025-03-28T13:56:56.538+0000] {logging_mixin.py:190} INFO - [2025-03-28T13:56:56.538+0000] {dagbag.py:435} INFO - File /opt/airflow/dags/env/Scripts/pyrsa-sign.exe:__main__.py assumed to contain no DAGs. Skipping.
[2025-03-28T13:56:56.539+0000] {processor.py:927} WARNING - No viable dags retrieved from /opt/airflow/dags/env/Scripts/pyrsa-sign.exe
[2025-03-28T13:56:56.561+0000] {processor.py:208} INFO - Processing /opt/airflow/dags/env/Scripts/pyrsa-sign.exe took 0.054 seconds
[2025-03-28T13:57:28.024+0000] {processor.py:186} INFO - Started process (PID=2515) to work on /opt/airflow/dags/env/Scripts/pyrsa-sign.exe
[2025-03-28T13:57:28.026+0000] {processor.py:914} INFO - Processing file /opt/airflow/dags/env/Scripts/pyrsa-sign.exe for tasks to queue
[2025-03-28T13:57:28.028+0000] {logging_mixin.py:190} INFO - [2025-03-28T13:57:28.027+0000] {dagbag.py:588} INFO - Filling up the DagBag from /opt/airflow/dags/env/Scripts/pyrsa-sign.exe
[2025-03-28T13:57:28.043+0000] {logging_mixin.py:190} INFO - [2025-03-28T13:57:28.042+0000] {dagbag.py:435} INFO - File /opt/airflow/dags/env/Scripts/pyrsa-sign.exe:__main__.py assumed to contain no DAGs. Skipping.
[2025-03-28T13:57:28.044+0000] {processor.py:927} WARNING - No viable dags retrieved from /opt/airflow/dags/env/Scripts/pyrsa-sign.exe
[2025-03-28T13:57:28.071+0000] {processor.py:208} INFO - Processing /opt/airflow/dags/env/Scripts/pyrsa-sign.exe took 0.062 seconds
[2025-03-28T14:01:53.708+0000] {processor.py:186} INFO - Started process (PID=2544) to work on /opt/airflow/dags/env/Scripts/pyrsa-sign.exe
[2025-03-28T14:01:53.710+0000] {processor.py:914} INFO - Processing file /opt/airflow/dags/env/Scripts/pyrsa-sign.exe for tasks to queue
[2025-03-28T14:01:53.712+0000] {logging_mixin.py:190} INFO - [2025-03-28T14:01:53.711+0000] {dagbag.py:588} INFO - Filling up the DagBag from /opt/airflow/dags/env/Scripts/pyrsa-sign.exe
[2025-03-28T14:01:53.730+0000] {logging_mixin.py:190} INFO - [2025-03-28T14:01:53.729+0000] {dagbag.py:435} INFO - File /opt/airflow/dags/env/Scripts/pyrsa-sign.exe:__main__.py assumed to contain no DAGs. Skipping.
[2025-03-28T14:01:53.731+0000] {processor.py:927} WARNING - No viable dags retrieved from /opt/airflow/dags/env/Scripts/pyrsa-sign.exe
[2025-03-28T14:01:53.759+0000] {processor.py:208} INFO - Processing /opt/airflow/dags/env/Scripts/pyrsa-sign.exe took 0.065 seconds
[2025-03-28T14:02:25.203+0000] {processor.py:186} INFO - Started process (PID=2568) to work on /opt/airflow/dags/env/Scripts/pyrsa-sign.exe
[2025-03-28T14:02:25.204+0000] {processor.py:914} INFO - Processing file /opt/airflow/dags/env/Scripts/pyrsa-sign.exe for tasks to queue
[2025-03-28T14:02:25.206+0000] {logging_mixin.py:190} INFO - [2025-03-28T14:02:25.206+0000] {dagbag.py:588} INFO - Filling up the DagBag from /opt/airflow/dags/env/Scripts/pyrsa-sign.exe
[2025-03-28T14:02:25.219+0000] {logging_mixin.py:190} INFO - [2025-03-28T14:02:25.219+0000] {dagbag.py:435} INFO - File /opt/airflow/dags/env/Scripts/pyrsa-sign.exe:__main__.py assumed to contain no DAGs. Skipping.
[2025-03-28T14:02:25.220+0000] {processor.py:927} WARNING - No viable dags retrieved from /opt/airflow/dags/env/Scripts/pyrsa-sign.exe
[2025-03-28T14:02:25.242+0000] {processor.py:208} INFO - Processing /opt/airflow/dags/env/Scripts/pyrsa-sign.exe took 0.050 seconds
[2025-03-28T14:02:56.540+0000] {processor.py:186} INFO - Started process (PID=2592) to work on /opt/airflow/dags/env/Scripts/pyrsa-sign.exe
[2025-03-28T14:02:56.541+0000] {processor.py:914} INFO - Processing file /opt/airflow/dags/env/Scripts/pyrsa-sign.exe for tasks to queue
[2025-03-28T14:02:56.543+0000] {logging_mixin.py:190} INFO - [2025-03-28T14:02:56.542+0000] {dagbag.py:588} INFO - Filling up the DagBag from /opt/airflow/dags/env/Scripts/pyrsa-sign.exe
[2025-03-28T14:02:56.555+0000] {logging_mixin.py:190} INFO - [2025-03-28T14:02:56.555+0000] {dagbag.py:435} INFO - File /opt/airflow/dags/env/Scripts/pyrsa-sign.exe:__main__.py assumed to contain no DAGs. Skipping.
[2025-03-28T14:02:56.556+0000] {processor.py:927} WARNING - No viable dags retrieved from /opt/airflow/dags/env/Scripts/pyrsa-sign.exe
[2025-03-28T14:02:56.577+0000] {processor.py:208} INFO - Processing /opt/airflow/dags/env/Scripts/pyrsa-sign.exe took 0.049 seconds
[2025-03-28T14:06:57.527+0000] {processor.py:186} INFO - Started process (PID=2599) to work on /opt/airflow/dags/env/Scripts/pyrsa-sign.exe
[2025-03-28T14:06:57.529+0000] {processor.py:914} INFO - Processing file /opt/airflow/dags/env/Scripts/pyrsa-sign.exe for tasks to queue
[2025-03-28T14:06:57.531+0000] {logging_mixin.py:190} INFO - [2025-03-28T14:06:57.530+0000] {dagbag.py:588} INFO - Filling up the DagBag from /opt/airflow/dags/env/Scripts/pyrsa-sign.exe
[2025-03-28T14:06:57.548+0000] {logging_mixin.py:190} INFO - [2025-03-28T14:06:57.548+0000] {dagbag.py:435} INFO - File /opt/airflow/dags/env/Scripts/pyrsa-sign.exe:__main__.py assumed to contain no DAGs. Skipping.
[2025-03-28T14:06:57.550+0000] {processor.py:927} WARNING - No viable dags retrieved from /opt/airflow/dags/env/Scripts/pyrsa-sign.exe
[2025-03-28T14:06:57.579+0000] {processor.py:208} INFO - Processing /opt/airflow/dags/env/Scripts/pyrsa-sign.exe took 0.065 seconds
[2025-03-28T14:07:29.070+0000] {processor.py:186} INFO - Started process (PID=2623) to work on /opt/airflow/dags/env/Scripts/pyrsa-sign.exe
[2025-03-28T14:07:29.071+0000] {processor.py:914} INFO - Processing file /opt/airflow/dags/env/Scripts/pyrsa-sign.exe for tasks to queue
[2025-03-28T14:07:29.073+0000] {logging_mixin.py:190} INFO - [2025-03-28T14:07:29.073+0000] {dagbag.py:588} INFO - Filling up the DagBag from /opt/airflow/dags/env/Scripts/pyrsa-sign.exe
[2025-03-28T14:07:29.084+0000] {logging_mixin.py:190} INFO - [2025-03-28T14:07:29.084+0000] {dagbag.py:435} INFO - File /opt/airflow/dags/env/Scripts/pyrsa-sign.exe:__main__.py assumed to contain no DAGs. Skipping.
[2025-03-28T14:07:29.085+0000] {processor.py:927} WARNING - No viable dags retrieved from /opt/airflow/dags/env/Scripts/pyrsa-sign.exe
[2025-03-28T14:07:29.109+0000] {processor.py:208} INFO - Processing /opt/airflow/dags/env/Scripts/pyrsa-sign.exe took 0.050 seconds
[2025-03-28T14:11:58.340+0000] {processor.py:186} INFO - Started process (PID=2651) to work on /opt/airflow/dags/env/Scripts/pyrsa-sign.exe
[2025-03-28T14:11:58.341+0000] {processor.py:914} INFO - Processing file /opt/airflow/dags/env/Scripts/pyrsa-sign.exe for tasks to queue
[2025-03-28T14:11:58.343+0000] {logging_mixin.py:190} INFO - [2025-03-28T14:11:58.342+0000] {dagbag.py:588} INFO - Filling up the DagBag from /opt/airflow/dags/env/Scripts/pyrsa-sign.exe
[2025-03-28T14:11:58.354+0000] {logging_mixin.py:190} INFO - [2025-03-28T14:11:58.354+0000] {dagbag.py:435} INFO - File /opt/airflow/dags/env/Scripts/pyrsa-sign.exe:__main__.py assumed to contain no DAGs. Skipping.
[2025-03-28T14:11:58.355+0000] {processor.py:927} WARNING - No viable dags retrieved from /opt/airflow/dags/env/Scripts/pyrsa-sign.exe
[2025-03-28T14:11:58.381+0000] {processor.py:208} INFO - Processing /opt/airflow/dags/env/Scripts/pyrsa-sign.exe took 0.054 seconds
[2025-03-28T14:12:29.695+0000] {processor.py:186} INFO - Started process (PID=2675) to work on /opt/airflow/dags/env/Scripts/pyrsa-sign.exe
[2025-03-28T14:12:29.697+0000] {processor.py:914} INFO - Processing file /opt/airflow/dags/env/Scripts/pyrsa-sign.exe for tasks to queue
[2025-03-28T14:12:29.699+0000] {logging_mixin.py:190} INFO - [2025-03-28T14:12:29.698+0000] {dagbag.py:588} INFO - Filling up the DagBag from /opt/airflow/dags/env/Scripts/pyrsa-sign.exe
[2025-03-28T14:12:29.713+0000] {logging_mixin.py:190} INFO - [2025-03-28T14:12:29.712+0000] {dagbag.py:435} INFO - File /opt/airflow/dags/env/Scripts/pyrsa-sign.exe:__main__.py assumed to contain no DAGs. Skipping.
[2025-03-28T14:12:29.714+0000] {processor.py:927} WARNING - No viable dags retrieved from /opt/airflow/dags/env/Scripts/pyrsa-sign.exe
[2025-03-28T14:12:29.741+0000] {processor.py:208} INFO - Processing /opt/airflow/dags/env/Scripts/pyrsa-sign.exe took 0.064 seconds
[2025-03-28T14:17:03.318+0000] {processor.py:186} INFO - Started process (PID=2703) to work on /opt/airflow/dags/env/Scripts/pyrsa-sign.exe
[2025-03-28T14:17:03.324+0000] {processor.py:914} INFO - Processing file /opt/airflow/dags/env/Scripts/pyrsa-sign.exe for tasks to queue
[2025-03-28T14:17:03.332+0000] {logging_mixin.py:190} INFO - [2025-03-28T14:17:03.331+0000] {dagbag.py:588} INFO - Filling up the DagBag from /opt/airflow/dags/env/Scripts/pyrsa-sign.exe
[2025-03-28T14:17:03.348+0000] {logging_mixin.py:190} INFO - [2025-03-28T14:17:03.347+0000] {dagbag.py:435} INFO - File /opt/airflow/dags/env/Scripts/pyrsa-sign.exe:__main__.py assumed to contain no DAGs. Skipping.
[2025-03-28T14:17:03.349+0000] {processor.py:927} WARNING - No viable dags retrieved from /opt/airflow/dags/env/Scripts/pyrsa-sign.exe
[2025-03-28T14:17:03.379+0000] {processor.py:208} INFO - Processing /opt/airflow/dags/env/Scripts/pyrsa-sign.exe took 0.080 seconds
[2025-03-28T14:17:35.282+0000] {processor.py:186} INFO - Started process (PID=2727) to work on /opt/airflow/dags/env/Scripts/pyrsa-sign.exe
[2025-03-28T14:17:35.283+0000] {processor.py:914} INFO - Processing file /opt/airflow/dags/env/Scripts/pyrsa-sign.exe for tasks to queue
[2025-03-28T14:17:35.285+0000] {logging_mixin.py:190} INFO - [2025-03-28T14:17:35.284+0000] {dagbag.py:588} INFO - Filling up the DagBag from /opt/airflow/dags/env/Scripts/pyrsa-sign.exe
[2025-03-28T14:17:35.298+0000] {logging_mixin.py:190} INFO - [2025-03-28T14:17:35.298+0000] {dagbag.py:435} INFO - File /opt/airflow/dags/env/Scripts/pyrsa-sign.exe:__main__.py assumed to contain no DAGs. Skipping.
[2025-03-28T14:17:35.299+0000] {processor.py:927} WARNING - No viable dags retrieved from /opt/airflow/dags/env/Scripts/pyrsa-sign.exe
[2025-03-28T14:17:35.321+0000] {processor.py:208} INFO - Processing /opt/airflow/dags/env/Scripts/pyrsa-sign.exe took 0.051 seconds
[2025-03-28T14:21:58.078+0000] {processor.py:186} INFO - Started process (PID=2752) to work on /opt/airflow/dags/env/Scripts/pyrsa-sign.exe
[2025-03-28T14:21:58.079+0000] {processor.py:914} INFO - Processing file /opt/airflow/dags/env/Scripts/pyrsa-sign.exe for tasks to queue
[2025-03-28T14:21:58.081+0000] {logging_mixin.py:190} INFO - [2025-03-28T14:21:58.081+0000] {dagbag.py:588} INFO - Filling up the DagBag from /opt/airflow/dags/env/Scripts/pyrsa-sign.exe
[2025-03-28T14:21:58.098+0000] {logging_mixin.py:190} INFO - [2025-03-28T14:21:58.098+0000] {dagbag.py:435} INFO - File /opt/airflow/dags/env/Scripts/pyrsa-sign.exe:__main__.py assumed to contain no DAGs. Skipping.
[2025-03-28T14:21:58.100+0000] {processor.py:927} WARNING - No viable dags retrieved from /opt/airflow/dags/env/Scripts/pyrsa-sign.exe
[2025-03-28T14:21:58.130+0000] {processor.py:208} INFO - Processing /opt/airflow/dags/env/Scripts/pyrsa-sign.exe took 0.067 seconds
[2025-03-28T14:22:29.760+0000] {processor.py:186} INFO - Started process (PID=2776) to work on /opt/airflow/dags/env/Scripts/pyrsa-sign.exe
[2025-03-28T14:22:29.761+0000] {processor.py:914} INFO - Processing file /opt/airflow/dags/env/Scripts/pyrsa-sign.exe for tasks to queue
[2025-03-28T14:22:29.763+0000] {logging_mixin.py:190} INFO - [2025-03-28T14:22:29.762+0000] {dagbag.py:588} INFO - Filling up the DagBag from /opt/airflow/dags/env/Scripts/pyrsa-sign.exe
[2025-03-28T14:22:29.774+0000] {logging_mixin.py:190} INFO - [2025-03-28T14:22:29.774+0000] {dagbag.py:435} INFO - File /opt/airflow/dags/env/Scripts/pyrsa-sign.exe:__main__.py assumed to contain no DAGs. Skipping.
[2025-03-28T14:22:29.775+0000] {processor.py:927} WARNING - No viable dags retrieved from /opt/airflow/dags/env/Scripts/pyrsa-sign.exe
[2025-03-28T14:22:29.801+0000] {processor.py:208} INFO - Processing /opt/airflow/dags/env/Scripts/pyrsa-sign.exe took 0.052 seconds
[2025-03-28T14:26:57.321+0000] {processor.py:186} INFO - Started process (PID=2805) to work on /opt/airflow/dags/env/Scripts/pyrsa-sign.exe
[2025-03-28T14:26:57.322+0000] {processor.py:914} INFO - Processing file /opt/airflow/dags/env/Scripts/pyrsa-sign.exe for tasks to queue
[2025-03-28T14:26:57.324+0000] {logging_mixin.py:190} INFO - [2025-03-28T14:26:57.324+0000] {dagbag.py:588} INFO - Filling up the DagBag from /opt/airflow/dags/env/Scripts/pyrsa-sign.exe
[2025-03-28T14:26:57.337+0000] {logging_mixin.py:190} INFO - [2025-03-28T14:26:57.337+0000] {dagbag.py:435} INFO - File /opt/airflow/dags/env/Scripts/pyrsa-sign.exe:__main__.py assumed to contain no DAGs. Skipping.
[2025-03-28T14:26:57.338+0000] {processor.py:927} WARNING - No viable dags retrieved from /opt/airflow/dags/env/Scripts/pyrsa-sign.exe
[2025-03-28T14:26:57.361+0000] {processor.py:208} INFO - Processing /opt/airflow/dags/env/Scripts/pyrsa-sign.exe took 0.051 seconds
[2025-03-28T14:27:28.778+0000] {processor.py:186} INFO - Started process (PID=2829) to work on /opt/airflow/dags/env/Scripts/pyrsa-sign.exe
[2025-03-28T14:27:28.779+0000] {processor.py:914} INFO - Processing file /opt/airflow/dags/env/Scripts/pyrsa-sign.exe for tasks to queue
[2025-03-28T14:27:28.781+0000] {logging_mixin.py:190} INFO - [2025-03-28T14:27:28.780+0000] {dagbag.py:588} INFO - Filling up the DagBag from /opt/airflow/dags/env/Scripts/pyrsa-sign.exe
[2025-03-28T14:27:28.792+0000] {logging_mixin.py:190} INFO - [2025-03-28T14:27:28.792+0000] {dagbag.py:435} INFO - File /opt/airflow/dags/env/Scripts/pyrsa-sign.exe:__main__.py assumed to contain no DAGs. Skipping.
[2025-03-28T14:27:28.793+0000] {processor.py:927} WARNING - No viable dags retrieved from /opt/airflow/dags/env/Scripts/pyrsa-sign.exe
[2025-03-28T14:27:28.815+0000] {processor.py:208} INFO - Processing /opt/airflow/dags/env/Scripts/pyrsa-sign.exe took 0.049 seconds
[2025-03-28T14:28:00.033+0000] {processor.py:186} INFO - Started process (PID=2853) to work on /opt/airflow/dags/env/Scripts/pyrsa-sign.exe
[2025-03-28T14:28:00.035+0000] {processor.py:914} INFO - Processing file /opt/airflow/dags/env/Scripts/pyrsa-sign.exe for tasks to queue
[2025-03-28T14:28:00.037+0000] {logging_mixin.py:190} INFO - [2025-03-28T14:28:00.037+0000] {dagbag.py:588} INFO - Filling up the DagBag from /opt/airflow/dags/env/Scripts/pyrsa-sign.exe
[2025-03-28T14:28:00.052+0000] {logging_mixin.py:190} INFO - [2025-03-28T14:28:00.052+0000] {dagbag.py:435} INFO - File /opt/airflow/dags/env/Scripts/pyrsa-sign.exe:__main__.py assumed to contain no DAGs. Skipping.
[2025-03-28T14:28:00.053+0000] {processor.py:927} WARNING - No viable dags retrieved from /opt/airflow/dags/env/Scripts/pyrsa-sign.exe
[2025-03-28T14:28:00.077+0000] {processor.py:208} INFO - Processing /opt/airflow/dags/env/Scripts/pyrsa-sign.exe took 0.065 seconds
[2025-03-28T14:31:55.382+0000] {processor.py:186} INFO - Started process (PID=2859) to work on /opt/airflow/dags/env/Scripts/pyrsa-sign.exe
[2025-03-28T14:31:55.384+0000] {processor.py:914} INFO - Processing file /opt/airflow/dags/env/Scripts/pyrsa-sign.exe for tasks to queue
[2025-03-28T14:31:55.385+0000] {logging_mixin.py:190} INFO - [2025-03-28T14:31:55.385+0000] {dagbag.py:588} INFO - Filling up the DagBag from /opt/airflow/dags/env/Scripts/pyrsa-sign.exe
[2025-03-28T14:31:55.401+0000] {logging_mixin.py:190} INFO - [2025-03-28T14:31:55.400+0000] {dagbag.py:435} INFO - File /opt/airflow/dags/env/Scripts/pyrsa-sign.exe:__main__.py assumed to contain no DAGs. Skipping.
[2025-03-28T14:31:55.402+0000] {processor.py:927} WARNING - No viable dags retrieved from /opt/airflow/dags/env/Scripts/pyrsa-sign.exe
[2025-03-28T14:31:55.427+0000] {processor.py:208} INFO - Processing /opt/airflow/dags/env/Scripts/pyrsa-sign.exe took 0.061 seconds
[2025-03-28T14:32:27.110+0000] {processor.py:186} INFO - Started process (PID=2883) to work on /opt/airflow/dags/env/Scripts/pyrsa-sign.exe
[2025-03-28T14:32:27.111+0000] {processor.py:914} INFO - Processing file /opt/airflow/dags/env/Scripts/pyrsa-sign.exe for tasks to queue
[2025-03-28T14:32:27.114+0000] {logging_mixin.py:190} INFO - [2025-03-28T14:32:27.113+0000] {dagbag.py:588} INFO - Filling up the DagBag from /opt/airflow/dags/env/Scripts/pyrsa-sign.exe
[2025-03-28T14:32:27.129+0000] {logging_mixin.py:190} INFO - [2025-03-28T14:32:27.129+0000] {dagbag.py:435} INFO - File /opt/airflow/dags/env/Scripts/pyrsa-sign.exe:__main__.py assumed to contain no DAGs. Skipping.
[2025-03-28T14:32:27.130+0000] {processor.py:927} WARNING - No viable dags retrieved from /opt/airflow/dags/env/Scripts/pyrsa-sign.exe
[2025-03-28T14:32:27.165+0000] {processor.py:208} INFO - Processing /opt/airflow/dags/env/Scripts/pyrsa-sign.exe took 0.068 seconds
[2025-03-28T14:32:57.677+0000] {processor.py:186} INFO - Started process (PID=2907) to work on /opt/airflow/dags/env/Scripts/pyrsa-sign.exe
[2025-03-28T14:32:57.678+0000] {processor.py:914} INFO - Processing file /opt/airflow/dags/env/Scripts/pyrsa-sign.exe for tasks to queue
[2025-03-28T14:32:57.680+0000] {logging_mixin.py:190} INFO - [2025-03-28T14:32:57.679+0000] {dagbag.py:588} INFO - Filling up the DagBag from /opt/airflow/dags/env/Scripts/pyrsa-sign.exe
[2025-03-28T14:32:57.693+0000] {logging_mixin.py:190} INFO - [2025-03-28T14:32:57.693+0000] {dagbag.py:435} INFO - File /opt/airflow/dags/env/Scripts/pyrsa-sign.exe:__main__.py assumed to contain no DAGs. Skipping.
[2025-03-28T14:32:57.694+0000] {processor.py:927} WARNING - No viable dags retrieved from /opt/airflow/dags/env/Scripts/pyrsa-sign.exe
[2025-03-28T14:32:57.714+0000] {processor.py:208} INFO - Processing /opt/airflow/dags/env/Scripts/pyrsa-sign.exe took 0.050 seconds
[2025-03-28T14:37:09.718+0000] {processor.py:186} INFO - Started process (PID=2915) to work on /opt/airflow/dags/env/Scripts/pyrsa-sign.exe
[2025-03-28T14:37:09.719+0000] {processor.py:914} INFO - Processing file /opt/airflow/dags/env/Scripts/pyrsa-sign.exe for tasks to queue
[2025-03-28T14:37:09.721+0000] {logging_mixin.py:190} INFO - [2025-03-28T14:37:09.720+0000] {dagbag.py:588} INFO - Filling up the DagBag from /opt/airflow/dags/env/Scripts/pyrsa-sign.exe
[2025-03-28T14:37:09.733+0000] {logging_mixin.py:190} INFO - [2025-03-28T14:37:09.733+0000] {dagbag.py:435} INFO - File /opt/airflow/dags/env/Scripts/pyrsa-sign.exe:__main__.py assumed to contain no DAGs. Skipping.
[2025-03-28T14:37:09.734+0000] {processor.py:927} WARNING - No viable dags retrieved from /opt/airflow/dags/env/Scripts/pyrsa-sign.exe
[2025-03-28T14:37:09.754+0000] {processor.py:208} INFO - Processing /opt/airflow/dags/env/Scripts/pyrsa-sign.exe took 0.049 seconds
[2025-03-28T14:37:40.983+0000] {processor.py:186} INFO - Started process (PID=2939) to work on /opt/airflow/dags/env/Scripts/pyrsa-sign.exe
[2025-03-28T14:37:40.985+0000] {processor.py:914} INFO - Processing file /opt/airflow/dags/env/Scripts/pyrsa-sign.exe for tasks to queue
[2025-03-28T14:37:40.987+0000] {logging_mixin.py:190} INFO - [2025-03-28T14:37:40.986+0000] {dagbag.py:588} INFO - Filling up the DagBag from /opt/airflow/dags/env/Scripts/pyrsa-sign.exe
[2025-03-28T14:37:41.000+0000] {logging_mixin.py:190} INFO - [2025-03-28T14:37:40.999+0000] {dagbag.py:435} INFO - File /opt/airflow/dags/env/Scripts/pyrsa-sign.exe:__main__.py assumed to contain no DAGs. Skipping.
[2025-03-28T14:37:41.001+0000] {processor.py:927} WARNING - No viable dags retrieved from /opt/airflow/dags/env/Scripts/pyrsa-sign.exe
[2025-03-28T14:37:41.024+0000] {processor.py:208} INFO - Processing /opt/airflow/dags/env/Scripts/pyrsa-sign.exe took 0.055 seconds
[2025-03-28T15:04:45.435+0000] {processor.py:186} INFO - Started process (PID=102) to work on /opt/airflow/dags/env/Scripts/pyrsa-sign.exe
[2025-03-28T15:04:45.440+0000] {processor.py:914} INFO - Processing file /opt/airflow/dags/env/Scripts/pyrsa-sign.exe for tasks to queue
[2025-03-28T15:04:45.449+0000] {logging_mixin.py:190} INFO - [2025-03-28T15:04:45.448+0000] {dagbag.py:588} INFO - Filling up the DagBag from /opt/airflow/dags/env/Scripts/pyrsa-sign.exe
[2025-03-28T15:04:45.470+0000] {logging_mixin.py:190} INFO - [2025-03-28T15:04:45.470+0000] {dagbag.py:435} INFO - File /opt/airflow/dags/env/Scripts/pyrsa-sign.exe:__main__.py assumed to contain no DAGs. Skipping.
[2025-03-28T15:04:45.472+0000] {processor.py:927} WARNING - No viable dags retrieved from /opt/airflow/dags/env/Scripts/pyrsa-sign.exe
[2025-03-28T15:04:45.531+0000] {processor.py:208} INFO - Processing /opt/airflow/dags/env/Scripts/pyrsa-sign.exe took 0.112 seconds
[2025-03-28T15:05:17.600+0000] {processor.py:186} INFO - Started process (PID=126) to work on /opt/airflow/dags/env/Scripts/pyrsa-sign.exe
[2025-03-28T15:05:17.603+0000] {processor.py:914} INFO - Processing file /opt/airflow/dags/env/Scripts/pyrsa-sign.exe for tasks to queue
[2025-03-28T15:05:17.609+0000] {logging_mixin.py:190} INFO - [2025-03-28T15:05:17.609+0000] {dagbag.py:588} INFO - Filling up the DagBag from /opt/airflow/dags/env/Scripts/pyrsa-sign.exe
[2025-03-28T15:05:17.643+0000] {logging_mixin.py:190} INFO - [2025-03-28T15:05:17.643+0000] {dagbag.py:435} INFO - File /opt/airflow/dags/env/Scripts/pyrsa-sign.exe:__main__.py assumed to contain no DAGs. Skipping.
[2025-03-28T15:05:17.647+0000] {processor.py:927} WARNING - No viable dags retrieved from /opt/airflow/dags/env/Scripts/pyrsa-sign.exe
[2025-03-28T15:05:17.714+0000] {processor.py:208} INFO - Processing /opt/airflow/dags/env/Scripts/pyrsa-sign.exe took 0.136 seconds
[2025-03-28T15:16:19.150+0000] {processor.py:186} INFO - Started process (PID=161) to work on /opt/airflow/dags/env/Scripts/pyrsa-sign.exe
[2025-03-28T15:16:19.152+0000] {processor.py:914} INFO - Processing file /opt/airflow/dags/env/Scripts/pyrsa-sign.exe for tasks to queue
[2025-03-28T15:16:19.155+0000] {logging_mixin.py:190} INFO - [2025-03-28T15:16:19.155+0000] {dagbag.py:588} INFO - Filling up the DagBag from /opt/airflow/dags/env/Scripts/pyrsa-sign.exe
[2025-03-28T15:16:19.176+0000] {logging_mixin.py:190} INFO - [2025-03-28T15:16:19.176+0000] {dagbag.py:435} INFO - File /opt/airflow/dags/env/Scripts/pyrsa-sign.exe:__main__.py assumed to contain no DAGs. Skipping.
[2025-03-28T15:16:19.178+0000] {processor.py:927} WARNING - No viable dags retrieved from /opt/airflow/dags/env/Scripts/pyrsa-sign.exe
[2025-03-28T15:16:19.207+0000] {processor.py:208} INFO - Processing /opt/airflow/dags/env/Scripts/pyrsa-sign.exe took 0.065 seconds
[2025-03-28T15:16:50.622+0000] {processor.py:186} INFO - Started process (PID=185) to work on /opt/airflow/dags/env/Scripts/pyrsa-sign.exe
[2025-03-28T15:16:50.624+0000] {processor.py:914} INFO - Processing file /opt/airflow/dags/env/Scripts/pyrsa-sign.exe for tasks to queue
[2025-03-28T15:16:50.628+0000] {logging_mixin.py:190} INFO - [2025-03-28T15:16:50.627+0000] {dagbag.py:588} INFO - Filling up the DagBag from /opt/airflow/dags/env/Scripts/pyrsa-sign.exe
[2025-03-28T15:16:50.648+0000] {logging_mixin.py:190} INFO - [2025-03-28T15:16:50.648+0000] {dagbag.py:435} INFO - File /opt/airflow/dags/env/Scripts/pyrsa-sign.exe:__main__.py assumed to contain no DAGs. Skipping.
[2025-03-28T15:16:50.650+0000] {processor.py:927} WARNING - No viable dags retrieved from /opt/airflow/dags/env/Scripts/pyrsa-sign.exe
[2025-03-28T15:16:50.681+0000] {processor.py:208} INFO - Processing /opt/airflow/dags/env/Scripts/pyrsa-sign.exe took 0.069 seconds
[2025-03-28T15:33:27.245+0000] {processor.py:186} INFO - Started process (PID=205) to work on /opt/airflow/dags/env/Scripts/pyrsa-sign.exe
[2025-03-28T15:33:27.246+0000] {processor.py:914} INFO - Processing file /opt/airflow/dags/env/Scripts/pyrsa-sign.exe for tasks to queue
[2025-03-28T15:33:27.253+0000] {logging_mixin.py:190} INFO - [2025-03-28T15:33:27.252+0000] {dagbag.py:588} INFO - Filling up the DagBag from /opt/airflow/dags/env/Scripts/pyrsa-sign.exe
[2025-03-28T15:33:27.268+0000] {logging_mixin.py:190} INFO - [2025-03-28T15:33:27.268+0000] {dagbag.py:435} INFO - File /opt/airflow/dags/env/Scripts/pyrsa-sign.exe:__main__.py assumed to contain no DAGs. Skipping.
[2025-03-28T15:33:27.270+0000] {processor.py:927} WARNING - No viable dags retrieved from /opt/airflow/dags/env/Scripts/pyrsa-sign.exe
[2025-03-28T15:33:27.318+0000] {processor.py:208} INFO - Processing /opt/airflow/dags/env/Scripts/pyrsa-sign.exe took 0.081 seconds
[2025-03-28T16:49:06.410+0000] {processor.py:186} INFO - Started process (PID=298) to work on /opt/airflow/dags/env/Scripts/pyrsa-sign.exe
[2025-03-28T16:49:06.413+0000] {processor.py:914} INFO - Processing file /opt/airflow/dags/env/Scripts/pyrsa-sign.exe for tasks to queue
[2025-03-28T16:49:06.420+0000] {logging_mixin.py:190} INFO - [2025-03-28T16:49:06.418+0000] {dagbag.py:588} INFO - Filling up the DagBag from /opt/airflow/dags/env/Scripts/pyrsa-sign.exe
[2025-03-28T16:49:06.456+0000] {logging_mixin.py:190} INFO - [2025-03-28T16:49:06.456+0000] {dagbag.py:435} INFO - File /opt/airflow/dags/env/Scripts/pyrsa-sign.exe:__main__.py assumed to contain no DAGs. Skipping.
[2025-03-28T16:49:06.459+0000] {processor.py:927} WARNING - No viable dags retrieved from /opt/airflow/dags/env/Scripts/pyrsa-sign.exe
[2025-03-28T16:49:06.522+0000] {processor.py:208} INFO - Processing /opt/airflow/dags/env/Scripts/pyrsa-sign.exe took 0.136 seconds
[2025-03-28T20:01:03.775+0000] {processor.py:186} INFO - Started process (PID=324) to work on /opt/airflow/dags/env/Scripts/pyrsa-sign.exe
[2025-03-28T20:01:03.777+0000] {processor.py:914} INFO - Processing file /opt/airflow/dags/env/Scripts/pyrsa-sign.exe for tasks to queue
[2025-03-28T20:01:03.784+0000] {logging_mixin.py:190} INFO - [2025-03-28T20:01:03.782+0000] {dagbag.py:588} INFO - Filling up the DagBag from /opt/airflow/dags/env/Scripts/pyrsa-sign.exe
[2025-03-28T20:01:03.814+0000] {logging_mixin.py:190} INFO - [2025-03-28T20:01:03.813+0000] {dagbag.py:435} INFO - File /opt/airflow/dags/env/Scripts/pyrsa-sign.exe:__main__.py assumed to contain no DAGs. Skipping.
[2025-03-28T20:01:03.816+0000] {processor.py:927} WARNING - No viable dags retrieved from /opt/airflow/dags/env/Scripts/pyrsa-sign.exe
[2025-03-28T20:01:03.858+0000] {processor.py:208} INFO - Processing /opt/airflow/dags/env/Scripts/pyrsa-sign.exe took 0.097 seconds
[2025-03-28T23:13:31.149+0000] {processor.py:186} INFO - Started process (PID=349) to work on /opt/airflow/dags/env/Scripts/pyrsa-sign.exe
[2025-03-28T23:13:31.152+0000] {processor.py:914} INFO - Processing file /opt/airflow/dags/env/Scripts/pyrsa-sign.exe for tasks to queue
[2025-03-28T23:13:31.159+0000] {logging_mixin.py:190} INFO - [2025-03-28T23:13:31.157+0000] {dagbag.py:588} INFO - Filling up the DagBag from /opt/airflow/dags/env/Scripts/pyrsa-sign.exe
[2025-03-28T23:13:31.183+0000] {logging_mixin.py:190} INFO - [2025-03-28T23:13:31.183+0000] {dagbag.py:435} INFO - File /opt/airflow/dags/env/Scripts/pyrsa-sign.exe:__main__.py assumed to contain no DAGs. Skipping.
[2025-03-28T23:13:31.185+0000] {processor.py:927} WARNING - No viable dags retrieved from /opt/airflow/dags/env/Scripts/pyrsa-sign.exe
[2025-03-28T23:13:31.222+0000] {processor.py:208} INFO - Processing /opt/airflow/dags/env/Scripts/pyrsa-sign.exe took 0.087 seconds
