[2025-03-28T03:18:22.039+0000] {processor.py:186} INFO - Started process (PID=209) to work on /opt/airflow/dags/env/Scripts/pyrsa-encrypt.exe
[2025-03-28T03:18:22.041+0000] {processor.py:914} INFO - Processing file /opt/airflow/dags/env/Scripts/pyrsa-encrypt.exe for tasks to queue
[2025-03-28T03:18:22.045+0000] {logging_mixin.py:190} INFO - [2025-03-28T03:18:22.045+0000] {dagbag.py:588} INFO - Filling up the DagBag from /opt/airflow/dags/env/Scripts/pyrsa-encrypt.exe
[2025-03-28T03:18:22.063+0000] {logging_mixin.py:190} INFO - [2025-03-28T03:18:22.062+0000] {dagbag.py:435} INFO - File /opt/airflow/dags/env/Scripts/pyrsa-encrypt.exe:__main__.py assumed to contain no DAGs. Skipping.
[2025-03-28T03:18:22.064+0000] {processor.py:927} WARNING - No viable dags retrieved from /opt/airflow/dags/env/Scripts/pyrsa-encrypt.exe
[2025-03-28T03:18:22.088+0000] {processor.py:208} INFO - Processing /opt/airflow/dags/env/Scripts/pyrsa-encrypt.exe took 0.072 seconds
[2025-03-28T03:51:50.596+0000] {processor.py:186} INFO - Started process (PID=260) to work on /opt/airflow/dags/env/Scripts/pyrsa-encrypt.exe
[2025-03-28T03:51:50.598+0000] {processor.py:914} INFO - Processing file /opt/airflow/dags/env/Scripts/pyrsa-encrypt.exe for tasks to queue
[2025-03-28T03:51:50.604+0000] {logging_mixin.py:190} INFO - [2025-03-28T03:51:50.604+0000] {dagbag.py:588} INFO - Filling up the DagBag from /opt/airflow/dags/env/Scripts/pyrsa-encrypt.exe
[2025-03-28T03:51:50.622+0000] {logging_mixin.py:190} INFO - [2025-03-28T03:51:50.622+0000] {dagbag.py:435} INFO - File /opt/airflow/dags/env/Scripts/pyrsa-encrypt.exe:__main__.py assumed to contain no DAGs. Skipping.
[2025-03-28T03:51:50.624+0000] {processor.py:927} WARNING - No viable dags retrieved from /opt/airflow/dags/env/Scripts/pyrsa-encrypt.exe
[2025-03-28T03:51:50.665+0000] {processor.py:208} INFO - Processing /opt/airflow/dags/env/Scripts/pyrsa-encrypt.exe took 0.083 seconds
[2025-03-28T04:41:11.251+0000] {processor.py:186} INFO - Started process (PID=302) to work on /opt/airflow/dags/env/Scripts/pyrsa-encrypt.exe
[2025-03-28T04:41:11.253+0000] {processor.py:914} INFO - Processing file /opt/airflow/dags/env/Scripts/pyrsa-encrypt.exe for tasks to queue
[2025-03-28T04:41:11.256+0000] {logging_mixin.py:190} INFO - [2025-03-28T04:41:11.255+0000] {dagbag.py:588} INFO - Filling up the DagBag from /opt/airflow/dags/env/Scripts/pyrsa-encrypt.exe
[2025-03-28T04:41:11.276+0000] {logging_mixin.py:190} INFO - [2025-03-28T04:41:11.276+0000] {dagbag.py:435} INFO - File /opt/airflow/dags/env/Scripts/pyrsa-encrypt.exe:__main__.py assumed to contain no DAGs. Skipping.
[2025-03-28T04:41:11.278+0000] {processor.py:927} WARNING - No viable dags retrieved from /opt/airflow/dags/env/Scripts/pyrsa-encrypt.exe
[2025-03-28T04:41:11.308+0000] {processor.py:208} INFO - Processing /opt/airflow/dags/env/Scripts/pyrsa-encrypt.exe took 0.072 seconds
[2025-03-28T05:05:48.352+0000] {processor.py:186} INFO - Started process (PID=336) to work on /opt/airflow/dags/env/Scripts/pyrsa-encrypt.exe
[2025-03-28T05:05:48.354+0000] {processor.py:914} INFO - Processing file /opt/airflow/dags/env/Scripts/pyrsa-encrypt.exe for tasks to queue
[2025-03-28T05:05:48.357+0000] {logging_mixin.py:190} INFO - [2025-03-28T05:05:48.356+0000] {dagbag.py:588} INFO - Filling up the DagBag from /opt/airflow/dags/env/Scripts/pyrsa-encrypt.exe
[2025-03-28T05:05:48.373+0000] {logging_mixin.py:190} INFO - [2025-03-28T05:05:48.373+0000] {dagbag.py:435} INFO - File /opt/airflow/dags/env/Scripts/pyrsa-encrypt.exe:__main__.py assumed to contain no DAGs. Skipping.
[2025-03-28T05:05:48.374+0000] {processor.py:927} WARNING - No viable dags retrieved from /opt/airflow/dags/env/Scripts/pyrsa-encrypt.exe
[2025-03-28T05:05:48.398+0000] {processor.py:208} INFO - Processing /opt/airflow/dags/env/Scripts/pyrsa-encrypt.exe took 0.057 seconds
[2025-03-28T05:17:35.873+0000] {processor.py:186} INFO - Started process (PID=378) to work on /opt/airflow/dags/env/Scripts/pyrsa-encrypt.exe
[2025-03-28T05:17:35.875+0000] {processor.py:914} INFO - Processing file /opt/airflow/dags/env/Scripts/pyrsa-encrypt.exe for tasks to queue
[2025-03-28T05:17:35.878+0000] {logging_mixin.py:190} INFO - [2025-03-28T05:17:35.878+0000] {dagbag.py:588} INFO - Filling up the DagBag from /opt/airflow/dags/env/Scripts/pyrsa-encrypt.exe
[2025-03-28T05:17:35.891+0000] {logging_mixin.py:190} INFO - [2025-03-28T05:17:35.891+0000] {dagbag.py:435} INFO - File /opt/airflow/dags/env/Scripts/pyrsa-encrypt.exe:__main__.py assumed to contain no DAGs. Skipping.
[2025-03-28T05:17:35.892+0000] {processor.py:927} WARNING - No viable dags retrieved from /opt/airflow/dags/env/Scripts/pyrsa-encrypt.exe
[2025-03-28T05:17:35.915+0000] {processor.py:208} INFO - Processing /opt/airflow/dags/env/Scripts/pyrsa-encrypt.exe took 0.054 seconds
[2025-03-28T05:18:07.131+0000] {processor.py:186} INFO - Started process (PID=402) to work on /opt/airflow/dags/env/Scripts/pyrsa-encrypt.exe
[2025-03-28T05:18:07.132+0000] {processor.py:914} INFO - Processing file /opt/airflow/dags/env/Scripts/pyrsa-encrypt.exe for tasks to queue
[2025-03-28T05:18:07.135+0000] {logging_mixin.py:190} INFO - [2025-03-28T05:18:07.135+0000] {dagbag.py:588} INFO - Filling up the DagBag from /opt/airflow/dags/env/Scripts/pyrsa-encrypt.exe
[2025-03-28T05:18:07.148+0000] {logging_mixin.py:190} INFO - [2025-03-28T05:18:07.147+0000] {dagbag.py:435} INFO - File /opt/airflow/dags/env/Scripts/pyrsa-encrypt.exe:__main__.py assumed to contain no DAGs. Skipping.
[2025-03-28T05:18:07.149+0000] {processor.py:927} WARNING - No viable dags retrieved from /opt/airflow/dags/env/Scripts/pyrsa-encrypt.exe
[2025-03-28T05:18:07.171+0000] {processor.py:208} INFO - Processing /opt/airflow/dags/env/Scripts/pyrsa-encrypt.exe took 0.052 seconds
[2025-03-28T05:23:28.442+0000] {processor.py:186} INFO - Started process (PID=432) to work on /opt/airflow/dags/env/Scripts/pyrsa-encrypt.exe
[2025-03-28T05:23:28.443+0000] {processor.py:914} INFO - Processing file /opt/airflow/dags/env/Scripts/pyrsa-encrypt.exe for tasks to queue
[2025-03-28T05:23:28.447+0000] {logging_mixin.py:190} INFO - [2025-03-28T05:23:28.446+0000] {dagbag.py:588} INFO - Filling up the DagBag from /opt/airflow/dags/env/Scripts/pyrsa-encrypt.exe
[2025-03-28T05:23:28.460+0000] {logging_mixin.py:190} INFO - [2025-03-28T05:23:28.460+0000] {dagbag.py:435} INFO - File /opt/airflow/dags/env/Scripts/pyrsa-encrypt.exe:__main__.py assumed to contain no DAGs. Skipping.
[2025-03-28T05:23:28.461+0000] {processor.py:927} WARNING - No viable dags retrieved from /opt/airflow/dags/env/Scripts/pyrsa-encrypt.exe
[2025-03-28T05:23:28.483+0000] {processor.py:208} INFO - Processing /opt/airflow/dags/env/Scripts/pyrsa-encrypt.exe took 0.053 seconds
[2025-03-28T05:35:02.274+0000] {processor.py:186} INFO - Started process (PID=460) to work on /opt/airflow/dags/env/Scripts/pyrsa-encrypt.exe
[2025-03-28T05:35:02.276+0000] {processor.py:914} INFO - Processing file /opt/airflow/dags/env/Scripts/pyrsa-encrypt.exe for tasks to queue
[2025-03-28T05:35:02.281+0000] {logging_mixin.py:190} INFO - [2025-03-28T05:35:02.280+0000] {dagbag.py:588} INFO - Filling up the DagBag from /opt/airflow/dags/env/Scripts/pyrsa-encrypt.exe
[2025-03-28T05:35:02.297+0000] {logging_mixin.py:190} INFO - [2025-03-28T05:35:02.297+0000] {dagbag.py:435} INFO - File /opt/airflow/dags/env/Scripts/pyrsa-encrypt.exe:__main__.py assumed to contain no DAGs. Skipping.
[2025-03-28T05:35:02.299+0000] {processor.py:927} WARNING - No viable dags retrieved from /opt/airflow/dags/env/Scripts/pyrsa-encrypt.exe
[2025-03-28T05:35:02.347+0000] {processor.py:208} INFO - Processing /opt/airflow/dags/env/Scripts/pyrsa-encrypt.exe took 0.092 seconds
[2025-03-28T05:44:59.005+0000] {processor.py:186} INFO - Started process (PID=499) to work on /opt/airflow/dags/env/Scripts/pyrsa-encrypt.exe
[2025-03-28T05:44:59.007+0000] {processor.py:914} INFO - Processing file /opt/airflow/dags/env/Scripts/pyrsa-encrypt.exe for tasks to queue
[2025-03-28T05:44:59.010+0000] {logging_mixin.py:190} INFO - [2025-03-28T05:44:59.010+0000] {dagbag.py:588} INFO - Filling up the DagBag from /opt/airflow/dags/env/Scripts/pyrsa-encrypt.exe
[2025-03-28T05:44:59.025+0000] {logging_mixin.py:190} INFO - [2025-03-28T05:44:59.025+0000] {dagbag.py:435} INFO - File /opt/airflow/dags/env/Scripts/pyrsa-encrypt.exe:__main__.py assumed to contain no DAGs. Skipping.
[2025-03-28T05:44:59.026+0000] {processor.py:927} WARNING - No viable dags retrieved from /opt/airflow/dags/env/Scripts/pyrsa-encrypt.exe
[2025-03-28T05:44:59.051+0000] {processor.py:208} INFO - Processing /opt/airflow/dags/env/Scripts/pyrsa-encrypt.exe took 0.057 seconds
[2025-03-28T06:00:34.047+0000] {processor.py:186} INFO - Started process (PID=645) to work on /opt/airflow/dags/env/Scripts/pyrsa-encrypt.exe
[2025-03-28T06:00:34.048+0000] {processor.py:914} INFO - Processing file /opt/airflow/dags/env/Scripts/pyrsa-encrypt.exe for tasks to queue
[2025-03-28T06:00:34.052+0000] {logging_mixin.py:190} INFO - [2025-03-28T06:00:34.051+0000] {dagbag.py:588} INFO - Filling up the DagBag from /opt/airflow/dags/env/Scripts/pyrsa-encrypt.exe
[2025-03-28T06:00:34.064+0000] {logging_mixin.py:190} INFO - [2025-03-28T06:00:34.064+0000] {dagbag.py:435} INFO - File /opt/airflow/dags/env/Scripts/pyrsa-encrypt.exe:__main__.py assumed to contain no DAGs. Skipping.
[2025-03-28T06:00:34.065+0000] {processor.py:927} WARNING - No viable dags retrieved from /opt/airflow/dags/env/Scripts/pyrsa-encrypt.exe
[2025-03-28T06:00:34.089+0000] {processor.py:208} INFO - Processing /opt/airflow/dags/env/Scripts/pyrsa-encrypt.exe took 0.056 seconds
[2025-03-28T06:10:42.941+0000] {processor.py:186} INFO - Started process (PID=677) to work on /opt/airflow/dags/env/Scripts/pyrsa-encrypt.exe
[2025-03-28T06:10:42.943+0000] {processor.py:914} INFO - Processing file /opt/airflow/dags/env/Scripts/pyrsa-encrypt.exe for tasks to queue
[2025-03-28T06:10:42.946+0000] {logging_mixin.py:190} INFO - [2025-03-28T06:10:42.945+0000] {dagbag.py:588} INFO - Filling up the DagBag from /opt/airflow/dags/env/Scripts/pyrsa-encrypt.exe
[2025-03-28T06:10:42.981+0000] {logging_mixin.py:190} INFO - [2025-03-28T06:10:42.981+0000] {dagbag.py:435} INFO - File /opt/airflow/dags/env/Scripts/pyrsa-encrypt.exe:__main__.py assumed to contain no DAGs. Skipping.
[2025-03-28T06:10:42.984+0000] {processor.py:927} WARNING - No viable dags retrieved from /opt/airflow/dags/env/Scripts/pyrsa-encrypt.exe
[2025-03-28T06:10:43.046+0000] {processor.py:208} INFO - Processing /opt/airflow/dags/env/Scripts/pyrsa-encrypt.exe took 0.126 seconds
[2025-03-28T06:26:34.217+0000] {processor.py:186} INFO - Started process (PID=843) to work on /opt/airflow/dags/env/Scripts/pyrsa-encrypt.exe
[2025-03-28T06:26:34.309+0000] {processor.py:914} INFO - Processing file /opt/airflow/dags/env/Scripts/pyrsa-encrypt.exe for tasks to queue
[2025-03-28T06:26:34.402+0000] {logging_mixin.py:190} INFO - [2025-03-28T06:26:34.401+0000] {dagbag.py:588} INFO - Filling up the DagBag from /opt/airflow/dags/env/Scripts/pyrsa-encrypt.exe
[2025-03-28T06:26:34.501+0000] {logging_mixin.py:190} INFO - [2025-03-28T06:26:34.500+0000] {dagbag.py:435} INFO - File /opt/airflow/dags/env/Scripts/pyrsa-encrypt.exe:__main__.py assumed to contain no DAGs. Skipping.
[2025-03-28T06:26:34.503+0000] {processor.py:927} WARNING - No viable dags retrieved from /opt/airflow/dags/env/Scripts/pyrsa-encrypt.exe
[2025-03-28T06:26:34.540+0000] {processor.py:208} INFO - Processing /opt/airflow/dags/env/Scripts/pyrsa-encrypt.exe took 0.346 seconds
[2025-03-28T06:47:26.868+0000] {processor.py:186} INFO - Started process (PID=959) to work on /opt/airflow/dags/env/Scripts/pyrsa-encrypt.exe
[2025-03-28T06:47:26.869+0000] {processor.py:914} INFO - Processing file /opt/airflow/dags/env/Scripts/pyrsa-encrypt.exe for tasks to queue
[2025-03-28T06:47:26.871+0000] {logging_mixin.py:190} INFO - [2025-03-28T06:47:26.871+0000] {dagbag.py:588} INFO - Filling up the DagBag from /opt/airflow/dags/env/Scripts/pyrsa-encrypt.exe
[2025-03-28T06:47:26.886+0000] {logging_mixin.py:190} INFO - [2025-03-28T06:47:26.886+0000] {dagbag.py:435} INFO - File /opt/airflow/dags/env/Scripts/pyrsa-encrypt.exe:__main__.py assumed to contain no DAGs. Skipping.
[2025-03-28T06:47:26.887+0000] {processor.py:927} WARNING - No viable dags retrieved from /opt/airflow/dags/env/Scripts/pyrsa-encrypt.exe
[2025-03-28T06:47:26.913+0000] {processor.py:208} INFO - Processing /opt/airflow/dags/env/Scripts/pyrsa-encrypt.exe took 0.062 seconds
[2025-03-28T07:48:30.147+0000] {processor.py:186} INFO - Started process (PID=1219) to work on /opt/airflow/dags/env/Scripts/pyrsa-encrypt.exe
[2025-03-28T07:48:30.149+0000] {processor.py:914} INFO - Processing file /opt/airflow/dags/env/Scripts/pyrsa-encrypt.exe for tasks to queue
[2025-03-28T07:48:30.151+0000] {logging_mixin.py:190} INFO - [2025-03-28T07:48:30.150+0000] {dagbag.py:588} INFO - Filling up the DagBag from /opt/airflow/dags/env/Scripts/pyrsa-encrypt.exe
[2025-03-28T07:48:30.167+0000] {logging_mixin.py:190} INFO - [2025-03-28T07:48:30.166+0000] {dagbag.py:435} INFO - File /opt/airflow/dags/env/Scripts/pyrsa-encrypt.exe:__main__.py assumed to contain no DAGs. Skipping.
[2025-03-28T07:48:30.169+0000] {processor.py:927} WARNING - No viable dags retrieved from /opt/airflow/dags/env/Scripts/pyrsa-encrypt.exe
[2025-03-28T07:48:30.196+0000] {processor.py:208} INFO - Processing /opt/airflow/dags/env/Scripts/pyrsa-encrypt.exe took 0.069 seconds
[2025-03-28T08:47:43.427+0000] {processor.py:186} INFO - Started process (PID=1261) to work on /opt/airflow/dags/env/Scripts/pyrsa-encrypt.exe
[2025-03-28T08:47:43.429+0000] {processor.py:914} INFO - Processing file /opt/airflow/dags/env/Scripts/pyrsa-encrypt.exe for tasks to queue
[2025-03-28T08:47:43.431+0000] {logging_mixin.py:190} INFO - [2025-03-28T08:47:43.430+0000] {dagbag.py:588} INFO - Filling up the DagBag from /opt/airflow/dags/env/Scripts/pyrsa-encrypt.exe
[2025-03-28T08:47:43.444+0000] {logging_mixin.py:190} INFO - [2025-03-28T08:47:43.444+0000] {dagbag.py:435} INFO - File /opt/airflow/dags/env/Scripts/pyrsa-encrypt.exe:__main__.py assumed to contain no DAGs. Skipping.
[2025-03-28T08:47:43.446+0000] {processor.py:927} WARNING - No viable dags retrieved from /opt/airflow/dags/env/Scripts/pyrsa-encrypt.exe
[2025-03-28T08:47:43.472+0000] {processor.py:208} INFO - Processing /opt/airflow/dags/env/Scripts/pyrsa-encrypt.exe took 0.057 seconds
[2025-03-28T09:26:51.905+0000] {processor.py:186} INFO - Started process (PID=1438) to work on /opt/airflow/dags/env/Scripts/pyrsa-encrypt.exe
[2025-03-28T09:26:51.907+0000] {processor.py:914} INFO - Processing file /opt/airflow/dags/env/Scripts/pyrsa-encrypt.exe for tasks to queue
[2025-03-28T09:26:51.910+0000] {logging_mixin.py:190} INFO - [2025-03-28T09:26:51.909+0000] {dagbag.py:588} INFO - Filling up the DagBag from /opt/airflow/dags/env/Scripts/pyrsa-encrypt.exe
[2025-03-28T09:26:51.931+0000] {logging_mixin.py:190} INFO - [2025-03-28T09:26:51.931+0000] {dagbag.py:435} INFO - File /opt/airflow/dags/env/Scripts/pyrsa-encrypt.exe:__main__.py assumed to contain no DAGs. Skipping.
[2025-03-28T09:26:51.933+0000] {processor.py:927} WARNING - No viable dags retrieved from /opt/airflow/dags/env/Scripts/pyrsa-encrypt.exe
[2025-03-28T09:26:51.970+0000] {processor.py:208} INFO - Processing /opt/airflow/dags/env/Scripts/pyrsa-encrypt.exe took 0.092 seconds
[2025-03-28T09:31:21.599+0000] {processor.py:186} INFO - Started process (PID=1462) to work on /opt/airflow/dags/env/Scripts/pyrsa-encrypt.exe
[2025-03-28T09:31:21.600+0000] {processor.py:914} INFO - Processing file /opt/airflow/dags/env/Scripts/pyrsa-encrypt.exe for tasks to queue
[2025-03-28T09:31:21.603+0000] {logging_mixin.py:190} INFO - [2025-03-28T09:31:21.602+0000] {dagbag.py:588} INFO - Filling up the DagBag from /opt/airflow/dags/env/Scripts/pyrsa-encrypt.exe
[2025-03-28T09:31:21.625+0000] {logging_mixin.py:190} INFO - [2025-03-28T09:31:21.624+0000] {dagbag.py:435} INFO - File /opt/airflow/dags/env/Scripts/pyrsa-encrypt.exe:__main__.py assumed to contain no DAGs. Skipping.
[2025-03-28T09:31:21.627+0000] {processor.py:927} WARNING - No viable dags retrieved from /opt/airflow/dags/env/Scripts/pyrsa-encrypt.exe
[2025-03-28T09:31:21.684+0000] {processor.py:208} INFO - Processing /opt/airflow/dags/env/Scripts/pyrsa-encrypt.exe took 0.110 seconds
[2025-03-28T09:41:56.295+0000] {processor.py:186} INFO - Started process (PID=1488) to work on /opt/airflow/dags/env/Scripts/pyrsa-encrypt.exe
[2025-03-28T09:41:56.296+0000] {processor.py:914} INFO - Processing file /opt/airflow/dags/env/Scripts/pyrsa-encrypt.exe for tasks to queue
[2025-03-28T09:41:56.298+0000] {logging_mixin.py:190} INFO - [2025-03-28T09:41:56.298+0000] {dagbag.py:588} INFO - Filling up the DagBag from /opt/airflow/dags/env/Scripts/pyrsa-encrypt.exe
[2025-03-28T09:41:56.310+0000] {logging_mixin.py:190} INFO - [2025-03-28T09:41:56.309+0000] {dagbag.py:435} INFO - File /opt/airflow/dags/env/Scripts/pyrsa-encrypt.exe:__main__.py assumed to contain no DAGs. Skipping.
[2025-03-28T09:41:56.311+0000] {processor.py:927} WARNING - No viable dags retrieved from /opt/airflow/dags/env/Scripts/pyrsa-encrypt.exe
[2025-03-28T09:41:56.333+0000] {processor.py:208} INFO - Processing /opt/airflow/dags/env/Scripts/pyrsa-encrypt.exe took 0.049 seconds
[2025-03-28T09:42:35.221+0000] {processor.py:186} INFO - Started process (PID=1512) to work on /opt/airflow/dags/env/Scripts/pyrsa-encrypt.exe
[2025-03-28T09:42:35.239+0000] {processor.py:914} INFO - Processing file /opt/airflow/dags/env/Scripts/pyrsa-encrypt.exe for tasks to queue
[2025-03-28T09:42:35.272+0000] {logging_mixin.py:190} INFO - [2025-03-28T09:42:35.271+0000] {dagbag.py:588} INFO - Filling up the DagBag from /opt/airflow/dags/env/Scripts/pyrsa-encrypt.exe
[2025-03-28T09:42:36.495+0000] {logging_mixin.py:190} INFO - [2025-03-28T09:42:36.494+0000] {dagbag.py:435} INFO - File /opt/airflow/dags/env/Scripts/pyrsa-encrypt.exe:__main__.py assumed to contain no DAGs. Skipping.
[2025-03-28T09:42:36.572+0000] {processor.py:927} WARNING - No viable dags retrieved from /opt/airflow/dags/env/Scripts/pyrsa-encrypt.exe
[2025-03-28T09:42:37.262+0000] {processor.py:208} INFO - Processing /opt/airflow/dags/env/Scripts/pyrsa-encrypt.exe took 2.098 seconds
[2025-03-28T09:47:12.885+0000] {processor.py:186} INFO - Started process (PID=1524) to work on /opt/airflow/dags/env/Scripts/pyrsa-encrypt.exe
[2025-03-28T09:47:12.886+0000] {processor.py:914} INFO - Processing file /opt/airflow/dags/env/Scripts/pyrsa-encrypt.exe for tasks to queue
[2025-03-28T09:47:12.889+0000] {logging_mixin.py:190} INFO - [2025-03-28T09:47:12.888+0000] {dagbag.py:588} INFO - Filling up the DagBag from /opt/airflow/dags/env/Scripts/pyrsa-encrypt.exe
[2025-03-28T09:47:12.902+0000] {logging_mixin.py:190} INFO - [2025-03-28T09:47:12.901+0000] {dagbag.py:435} INFO - File /opt/airflow/dags/env/Scripts/pyrsa-encrypt.exe:__main__.py assumed to contain no DAGs. Skipping.
[2025-03-28T09:47:12.903+0000] {processor.py:927} WARNING - No viable dags retrieved from /opt/airflow/dags/env/Scripts/pyrsa-encrypt.exe
[2025-03-28T09:47:12.927+0000] {processor.py:208} INFO - Processing /opt/airflow/dags/env/Scripts/pyrsa-encrypt.exe took 0.057 seconds
[2025-03-28T09:52:18.408+0000] {processor.py:186} INFO - Started process (PID=1552) to work on /opt/airflow/dags/env/Scripts/pyrsa-encrypt.exe
[2025-03-28T09:52:18.409+0000] {processor.py:914} INFO - Processing file /opt/airflow/dags/env/Scripts/pyrsa-encrypt.exe for tasks to queue
[2025-03-28T09:52:18.412+0000] {logging_mixin.py:190} INFO - [2025-03-28T09:52:18.412+0000] {dagbag.py:588} INFO - Filling up the DagBag from /opt/airflow/dags/env/Scripts/pyrsa-encrypt.exe
[2025-03-28T09:52:18.433+0000] {logging_mixin.py:190} INFO - [2025-03-28T09:52:18.432+0000] {dagbag.py:435} INFO - File /opt/airflow/dags/env/Scripts/pyrsa-encrypt.exe:__main__.py assumed to contain no DAGs. Skipping.
[2025-03-28T09:52:18.434+0000] {processor.py:927} WARNING - No viable dags retrieved from /opt/airflow/dags/env/Scripts/pyrsa-encrypt.exe
[2025-03-28T09:52:18.474+0000] {processor.py:208} INFO - Processing /opt/airflow/dags/env/Scripts/pyrsa-encrypt.exe took 0.103 seconds
[2025-03-28T10:09:02.719+0000] {processor.py:186} INFO - Started process (PID=1577) to work on /opt/airflow/dags/env/Scripts/pyrsa-encrypt.exe
[2025-03-28T10:09:02.721+0000] {processor.py:914} INFO - Processing file /opt/airflow/dags/env/Scripts/pyrsa-encrypt.exe for tasks to queue
[2025-03-28T10:09:02.724+0000] {logging_mixin.py:190} INFO - [2025-03-28T10:09:02.723+0000] {dagbag.py:588} INFO - Filling up the DagBag from /opt/airflow/dags/env/Scripts/pyrsa-encrypt.exe
[2025-03-28T10:09:02.744+0000] {logging_mixin.py:190} INFO - [2025-03-28T10:09:02.744+0000] {dagbag.py:435} INFO - File /opt/airflow/dags/env/Scripts/pyrsa-encrypt.exe:__main__.py assumed to contain no DAGs. Skipping.
[2025-03-28T10:09:02.746+0000] {processor.py:927} WARNING - No viable dags retrieved from /opt/airflow/dags/env/Scripts/pyrsa-encrypt.exe
[2025-03-28T10:09:02.783+0000] {processor.py:208} INFO - Processing /opt/airflow/dags/env/Scripts/pyrsa-encrypt.exe took 0.081 seconds
[2025-03-28T10:09:33.497+0000] {processor.py:186} INFO - Started process (PID=1602) to work on /opt/airflow/dags/env/Scripts/pyrsa-encrypt.exe
[2025-03-28T10:09:33.499+0000] {processor.py:914} INFO - Processing file /opt/airflow/dags/env/Scripts/pyrsa-encrypt.exe for tasks to queue
[2025-03-28T10:09:33.501+0000] {logging_mixin.py:190} INFO - [2025-03-28T10:09:33.501+0000] {dagbag.py:588} INFO - Filling up the DagBag from /opt/airflow/dags/env/Scripts/pyrsa-encrypt.exe
[2025-03-28T10:09:33.515+0000] {logging_mixin.py:190} INFO - [2025-03-28T10:09:33.515+0000] {dagbag.py:435} INFO - File /opt/airflow/dags/env/Scripts/pyrsa-encrypt.exe:__main__.py assumed to contain no DAGs. Skipping.
[2025-03-28T10:09:33.516+0000] {processor.py:927} WARNING - No viable dags retrieved from /opt/airflow/dags/env/Scripts/pyrsa-encrypt.exe
[2025-03-28T10:09:33.540+0000] {processor.py:208} INFO - Processing /opt/airflow/dags/env/Scripts/pyrsa-encrypt.exe took 0.073 seconds
[2025-03-28T10:26:56.172+0000] {processor.py:186} INFO - Started process (PID=1626) to work on /opt/airflow/dags/env/Scripts/pyrsa-encrypt.exe
[2025-03-28T10:26:56.174+0000] {processor.py:914} INFO - Processing file /opt/airflow/dags/env/Scripts/pyrsa-encrypt.exe for tasks to queue
[2025-03-28T10:26:56.177+0000] {logging_mixin.py:190} INFO - [2025-03-28T10:26:56.176+0000] {dagbag.py:588} INFO - Filling up the DagBag from /opt/airflow/dags/env/Scripts/pyrsa-encrypt.exe
[2025-03-28T10:26:56.193+0000] {logging_mixin.py:190} INFO - [2025-03-28T10:26:56.192+0000] {dagbag.py:435} INFO - File /opt/airflow/dags/env/Scripts/pyrsa-encrypt.exe:__main__.py assumed to contain no DAGs. Skipping.
[2025-03-28T10:26:56.194+0000] {processor.py:927} WARNING - No viable dags retrieved from /opt/airflow/dags/env/Scripts/pyrsa-encrypt.exe
[2025-03-28T10:26:56.231+0000] {processor.py:208} INFO - Processing /opt/airflow/dags/env/Scripts/pyrsa-encrypt.exe took 0.073 seconds
[2025-03-28T10:31:18.868+0000] {processor.py:186} INFO - Started process (PID=1652) to work on /opt/airflow/dags/env/Scripts/pyrsa-encrypt.exe
[2025-03-28T10:31:18.870+0000] {processor.py:914} INFO - Processing file /opt/airflow/dags/env/Scripts/pyrsa-encrypt.exe for tasks to queue
[2025-03-28T10:31:18.873+0000] {logging_mixin.py:190} INFO - [2025-03-28T10:31:18.872+0000] {dagbag.py:588} INFO - Filling up the DagBag from /opt/airflow/dags/env/Scripts/pyrsa-encrypt.exe
[2025-03-28T10:31:18.888+0000] {logging_mixin.py:190} INFO - [2025-03-28T10:31:18.888+0000] {dagbag.py:435} INFO - File /opt/airflow/dags/env/Scripts/pyrsa-encrypt.exe:__main__.py assumed to contain no DAGs. Skipping.
[2025-03-28T10:31:18.890+0000] {processor.py:927} WARNING - No viable dags retrieved from /opt/airflow/dags/env/Scripts/pyrsa-encrypt.exe
[2025-03-28T10:31:18.924+0000] {processor.py:208} INFO - Processing /opt/airflow/dags/env/Scripts/pyrsa-encrypt.exe took 0.071 seconds
[2025-03-28T10:31:51.050+0000] {processor.py:186} INFO - Started process (PID=1676) to work on /opt/airflow/dags/env/Scripts/pyrsa-encrypt.exe
[2025-03-28T10:31:51.052+0000] {processor.py:914} INFO - Processing file /opt/airflow/dags/env/Scripts/pyrsa-encrypt.exe for tasks to queue
[2025-03-28T10:31:51.055+0000] {logging_mixin.py:190} INFO - [2025-03-28T10:31:51.055+0000] {dagbag.py:588} INFO - Filling up the DagBag from /opt/airflow/dags/env/Scripts/pyrsa-encrypt.exe
[2025-03-28T10:31:51.075+0000] {logging_mixin.py:190} INFO - [2025-03-28T10:31:51.075+0000] {dagbag.py:435} INFO - File /opt/airflow/dags/env/Scripts/pyrsa-encrypt.exe:__main__.py assumed to contain no DAGs. Skipping.
[2025-03-28T10:31:51.077+0000] {processor.py:927} WARNING - No viable dags retrieved from /opt/airflow/dags/env/Scripts/pyrsa-encrypt.exe
[2025-03-28T10:31:51.115+0000] {processor.py:208} INFO - Processing /opt/airflow/dags/env/Scripts/pyrsa-encrypt.exe took 0.116 seconds
[2025-03-28T10:36:33.610+0000] {processor.py:186} INFO - Started process (PID=1706) to work on /opt/airflow/dags/env/Scripts/pyrsa-encrypt.exe
[2025-03-28T10:36:33.612+0000] {processor.py:914} INFO - Processing file /opt/airflow/dags/env/Scripts/pyrsa-encrypt.exe for tasks to queue
[2025-03-28T10:36:33.625+0000] {logging_mixin.py:190} INFO - [2025-03-28T10:36:33.624+0000] {dagbag.py:588} INFO - Filling up the DagBag from /opt/airflow/dags/env/Scripts/pyrsa-encrypt.exe
[2025-03-28T10:36:33.658+0000] {logging_mixin.py:190} INFO - [2025-03-28T10:36:33.658+0000] {dagbag.py:435} INFO - File /opt/airflow/dags/env/Scripts/pyrsa-encrypt.exe:__main__.py assumed to contain no DAGs. Skipping.
[2025-03-28T10:36:33.660+0000] {processor.py:927} WARNING - No viable dags retrieved from /opt/airflow/dags/env/Scripts/pyrsa-encrypt.exe
[2025-03-28T10:36:33.714+0000] {processor.py:208} INFO - Processing /opt/airflow/dags/env/Scripts/pyrsa-encrypt.exe took 0.139 seconds
[2025-03-28T10:37:05.103+0000] {processor.py:186} INFO - Started process (PID=1730) to work on /opt/airflow/dags/env/Scripts/pyrsa-encrypt.exe
[2025-03-28T10:37:05.105+0000] {processor.py:914} INFO - Processing file /opt/airflow/dags/env/Scripts/pyrsa-encrypt.exe for tasks to queue
[2025-03-28T10:37:05.108+0000] {logging_mixin.py:190} INFO - [2025-03-28T10:37:05.107+0000] {dagbag.py:588} INFO - Filling up the DagBag from /opt/airflow/dags/env/Scripts/pyrsa-encrypt.exe
[2025-03-28T10:37:05.134+0000] {logging_mixin.py:190} INFO - [2025-03-28T10:37:05.133+0000] {dagbag.py:435} INFO - File /opt/airflow/dags/env/Scripts/pyrsa-encrypt.exe:__main__.py assumed to contain no DAGs. Skipping.
[2025-03-28T10:37:05.135+0000] {processor.py:927} WARNING - No viable dags retrieved from /opt/airflow/dags/env/Scripts/pyrsa-encrypt.exe
[2025-03-28T10:37:05.181+0000] {processor.py:208} INFO - Processing /opt/airflow/dags/env/Scripts/pyrsa-encrypt.exe took 0.101 seconds
[2025-03-28T11:52:21.930+0000] {processor.py:186} INFO - Started process (PID=1751) to work on /opt/airflow/dags/env/Scripts/pyrsa-encrypt.exe
[2025-03-28T11:52:21.931+0000] {processor.py:914} INFO - Processing file /opt/airflow/dags/env/Scripts/pyrsa-encrypt.exe for tasks to queue
[2025-03-28T11:52:21.933+0000] {logging_mixin.py:190} INFO - [2025-03-28T11:52:21.933+0000] {dagbag.py:588} INFO - Filling up the DagBag from /opt/airflow/dags/env/Scripts/pyrsa-encrypt.exe
[2025-03-28T11:52:21.946+0000] {logging_mixin.py:190} INFO - [2025-03-28T11:52:21.946+0000] {dagbag.py:435} INFO - File /opt/airflow/dags/env/Scripts/pyrsa-encrypt.exe:__main__.py assumed to contain no DAGs. Skipping.
[2025-03-28T11:52:21.948+0000] {processor.py:927} WARNING - No viable dags retrieved from /opt/airflow/dags/env/Scripts/pyrsa-encrypt.exe
[2025-03-28T11:52:21.975+0000] {processor.py:208} INFO - Processing /opt/airflow/dags/env/Scripts/pyrsa-encrypt.exe took 0.067 seconds
[2025-03-28T11:52:58.564+0000] {processor.py:186} INFO - Started process (PID=1775) to work on /opt/airflow/dags/env/Scripts/pyrsa-encrypt.exe
[2025-03-28T11:52:58.566+0000] {processor.py:914} INFO - Processing file /opt/airflow/dags/env/Scripts/pyrsa-encrypt.exe for tasks to queue
[2025-03-28T11:52:58.569+0000] {logging_mixin.py:190} INFO - [2025-03-28T11:52:58.568+0000] {dagbag.py:588} INFO - Filling up the DagBag from /opt/airflow/dags/env/Scripts/pyrsa-encrypt.exe
[2025-03-28T11:52:58.593+0000] {logging_mixin.py:190} INFO - [2025-03-28T11:52:58.593+0000] {dagbag.py:435} INFO - File /opt/airflow/dags/env/Scripts/pyrsa-encrypt.exe:__main__.py assumed to contain no DAGs. Skipping.
[2025-03-28T11:52:58.595+0000] {processor.py:927} WARNING - No viable dags retrieved from /opt/airflow/dags/env/Scripts/pyrsa-encrypt.exe
[2025-03-28T11:52:58.641+0000] {processor.py:208} INFO - Processing /opt/airflow/dags/env/Scripts/pyrsa-encrypt.exe took 0.106 seconds
[2025-03-28T12:52:05.251+0000] {processor.py:186} INFO - Started process (PID=1798) to work on /opt/airflow/dags/env/Scripts/pyrsa-encrypt.exe
[2025-03-28T12:52:05.252+0000] {processor.py:914} INFO - Processing file /opt/airflow/dags/env/Scripts/pyrsa-encrypt.exe for tasks to queue
[2025-03-28T12:52:05.255+0000] {logging_mixin.py:190} INFO - [2025-03-28T12:52:05.254+0000] {dagbag.py:588} INFO - Filling up the DagBag from /opt/airflow/dags/env/Scripts/pyrsa-encrypt.exe
[2025-03-28T12:52:05.268+0000] {logging_mixin.py:190} INFO - [2025-03-28T12:52:05.267+0000] {dagbag.py:435} INFO - File /opt/airflow/dags/env/Scripts/pyrsa-encrypt.exe:__main__.py assumed to contain no DAGs. Skipping.
[2025-03-28T12:52:05.269+0000] {processor.py:927} WARNING - No viable dags retrieved from /opt/airflow/dags/env/Scripts/pyrsa-encrypt.exe
[2025-03-28T12:52:05.295+0000] {processor.py:208} INFO - Processing /opt/airflow/dags/env/Scripts/pyrsa-encrypt.exe took 0.056 seconds
[2025-03-28T12:52:36.272+0000] {processor.py:186} INFO - Started process (PID=1822) to work on /opt/airflow/dags/env/Scripts/pyrsa-encrypt.exe
[2025-03-28T12:52:36.274+0000] {processor.py:914} INFO - Processing file /opt/airflow/dags/env/Scripts/pyrsa-encrypt.exe for tasks to queue
[2025-03-28T12:52:36.276+0000] {logging_mixin.py:190} INFO - [2025-03-28T12:52:36.275+0000] {dagbag.py:588} INFO - Filling up the DagBag from /opt/airflow/dags/env/Scripts/pyrsa-encrypt.exe
[2025-03-28T12:52:36.291+0000] {logging_mixin.py:190} INFO - [2025-03-28T12:52:36.290+0000] {dagbag.py:435} INFO - File /opt/airflow/dags/env/Scripts/pyrsa-encrypt.exe:__main__.py assumed to contain no DAGs. Skipping.
[2025-03-28T12:52:36.292+0000] {processor.py:927} WARNING - No viable dags retrieved from /opt/airflow/dags/env/Scripts/pyrsa-encrypt.exe
[2025-03-28T12:52:36.321+0000] {processor.py:208} INFO - Processing /opt/airflow/dags/env/Scripts/pyrsa-encrypt.exe took 0.061 seconds
[2025-03-28T12:56:57.733+0000] {processor.py:186} INFO - Started process (PID=1848) to work on /opt/airflow/dags/env/Scripts/pyrsa-encrypt.exe
[2025-03-28T12:56:57.734+0000] {processor.py:914} INFO - Processing file /opt/airflow/dags/env/Scripts/pyrsa-encrypt.exe for tasks to queue
[2025-03-28T12:56:57.736+0000] {logging_mixin.py:190} INFO - [2025-03-28T12:56:57.735+0000] {dagbag.py:588} INFO - Filling up the DagBag from /opt/airflow/dags/env/Scripts/pyrsa-encrypt.exe
[2025-03-28T12:56:57.747+0000] {logging_mixin.py:190} INFO - [2025-03-28T12:56:57.747+0000] {dagbag.py:435} INFO - File /opt/airflow/dags/env/Scripts/pyrsa-encrypt.exe:__main__.py assumed to contain no DAGs. Skipping.
[2025-03-28T12:56:57.748+0000] {processor.py:927} WARNING - No viable dags retrieved from /opt/airflow/dags/env/Scripts/pyrsa-encrypt.exe
[2025-03-28T12:56:57.770+0000] {processor.py:208} INFO - Processing /opt/airflow/dags/env/Scripts/pyrsa-encrypt.exe took 0.050 seconds
[2025-03-28T12:57:28.926+0000] {processor.py:186} INFO - Started process (PID=1872) to work on /opt/airflow/dags/env/Scripts/pyrsa-encrypt.exe
[2025-03-28T12:57:28.927+0000] {processor.py:914} INFO - Processing file /opt/airflow/dags/env/Scripts/pyrsa-encrypt.exe for tasks to queue
[2025-03-28T12:57:28.929+0000] {logging_mixin.py:190} INFO - [2025-03-28T12:57:28.928+0000] {dagbag.py:588} INFO - Filling up the DagBag from /opt/airflow/dags/env/Scripts/pyrsa-encrypt.exe
[2025-03-28T12:57:28.942+0000] {logging_mixin.py:190} INFO - [2025-03-28T12:57:28.941+0000] {dagbag.py:435} INFO - File /opt/airflow/dags/env/Scripts/pyrsa-encrypt.exe:__main__.py assumed to contain no DAGs. Skipping.
[2025-03-28T12:57:28.943+0000] {processor.py:927} WARNING - No viable dags retrieved from /opt/airflow/dags/env/Scripts/pyrsa-encrypt.exe
[2025-03-28T12:57:28.964+0000] {processor.py:208} INFO - Processing /opt/airflow/dags/env/Scripts/pyrsa-encrypt.exe took 0.051 seconds
[2025-03-28T13:01:59.555+0000] {processor.py:186} INFO - Started process (PID=1901) to work on /opt/airflow/dags/env/Scripts/pyrsa-encrypt.exe
[2025-03-28T13:01:59.556+0000] {processor.py:914} INFO - Processing file /opt/airflow/dags/env/Scripts/pyrsa-encrypt.exe for tasks to queue
[2025-03-28T13:01:59.558+0000] {logging_mixin.py:190} INFO - [2025-03-28T13:01:59.557+0000] {dagbag.py:588} INFO - Filling up the DagBag from /opt/airflow/dags/env/Scripts/pyrsa-encrypt.exe
[2025-03-28T13:01:59.575+0000] {logging_mixin.py:190} INFO - [2025-03-28T13:01:59.575+0000] {dagbag.py:435} INFO - File /opt/airflow/dags/env/Scripts/pyrsa-encrypt.exe:__main__.py assumed to contain no DAGs. Skipping.
[2025-03-28T13:01:59.577+0000] {processor.py:927} WARNING - No viable dags retrieved from /opt/airflow/dags/env/Scripts/pyrsa-encrypt.exe
[2025-03-28T13:01:59.608+0000] {processor.py:208} INFO - Processing /opt/airflow/dags/env/Scripts/pyrsa-encrypt.exe took 0.068 seconds
[2025-03-28T13:02:30.787+0000] {processor.py:186} INFO - Started process (PID=1925) to work on /opt/airflow/dags/env/Scripts/pyrsa-encrypt.exe
[2025-03-28T13:02:30.788+0000] {processor.py:914} INFO - Processing file /opt/airflow/dags/env/Scripts/pyrsa-encrypt.exe for tasks to queue
[2025-03-28T13:02:30.790+0000] {logging_mixin.py:190} INFO - [2025-03-28T13:02:30.789+0000] {dagbag.py:588} INFO - Filling up the DagBag from /opt/airflow/dags/env/Scripts/pyrsa-encrypt.exe
[2025-03-28T13:02:30.806+0000] {logging_mixin.py:190} INFO - [2025-03-28T13:02:30.805+0000] {dagbag.py:435} INFO - File /opt/airflow/dags/env/Scripts/pyrsa-encrypt.exe:__main__.py assumed to contain no DAGs. Skipping.
[2025-03-28T13:02:30.807+0000] {processor.py:927} WARNING - No viable dags retrieved from /opt/airflow/dags/env/Scripts/pyrsa-encrypt.exe
[2025-03-28T13:02:30.828+0000] {processor.py:208} INFO - Processing /opt/airflow/dags/env/Scripts/pyrsa-encrypt.exe took 0.055 seconds
[2025-03-28T13:06:57.260+0000] {processor.py:186} INFO - Started process (PID=1952) to work on /opt/airflow/dags/env/Scripts/pyrsa-encrypt.exe
[2025-03-28T13:06:57.262+0000] {processor.py:914} INFO - Processing file /opt/airflow/dags/env/Scripts/pyrsa-encrypt.exe for tasks to queue
[2025-03-28T13:06:57.263+0000] {logging_mixin.py:190} INFO - [2025-03-28T13:06:57.263+0000] {dagbag.py:588} INFO - Filling up the DagBag from /opt/airflow/dags/env/Scripts/pyrsa-encrypt.exe
[2025-03-28T13:06:57.276+0000] {logging_mixin.py:190} INFO - [2025-03-28T13:06:57.276+0000] {dagbag.py:435} INFO - File /opt/airflow/dags/env/Scripts/pyrsa-encrypt.exe:__main__.py assumed to contain no DAGs. Skipping.
[2025-03-28T13:06:57.277+0000] {processor.py:927} WARNING - No viable dags retrieved from /opt/airflow/dags/env/Scripts/pyrsa-encrypt.exe
[2025-03-28T13:06:57.299+0000] {processor.py:208} INFO - Processing /opt/airflow/dags/env/Scripts/pyrsa-encrypt.exe took 0.051 seconds
[2025-03-28T13:07:28.847+0000] {processor.py:186} INFO - Started process (PID=1976) to work on /opt/airflow/dags/env/Scripts/pyrsa-encrypt.exe
[2025-03-28T13:07:28.848+0000] {processor.py:914} INFO - Processing file /opt/airflow/dags/env/Scripts/pyrsa-encrypt.exe for tasks to queue
[2025-03-28T13:07:28.850+0000] {logging_mixin.py:190} INFO - [2025-03-28T13:07:28.850+0000] {dagbag.py:588} INFO - Filling up the DagBag from /opt/airflow/dags/env/Scripts/pyrsa-encrypt.exe
[2025-03-28T13:07:28.865+0000] {logging_mixin.py:190} INFO - [2025-03-28T13:07:28.865+0000] {dagbag.py:435} INFO - File /opt/airflow/dags/env/Scripts/pyrsa-encrypt.exe:__main__.py assumed to contain no DAGs. Skipping.
[2025-03-28T13:07:28.867+0000] {processor.py:927} WARNING - No viable dags retrieved from /opt/airflow/dags/env/Scripts/pyrsa-encrypt.exe
[2025-03-28T13:07:28.894+0000] {processor.py:208} INFO - Processing /opt/airflow/dags/env/Scripts/pyrsa-encrypt.exe took 0.060 seconds
[2025-03-28T13:11:54.713+0000] {processor.py:186} INFO - Started process (PID=2006) to work on /opt/airflow/dags/env/Scripts/pyrsa-encrypt.exe
[2025-03-28T13:11:54.714+0000] {processor.py:914} INFO - Processing file /opt/airflow/dags/env/Scripts/pyrsa-encrypt.exe for tasks to queue
[2025-03-28T13:11:54.716+0000] {logging_mixin.py:190} INFO - [2025-03-28T13:11:54.716+0000] {dagbag.py:588} INFO - Filling up the DagBag from /opt/airflow/dags/env/Scripts/pyrsa-encrypt.exe
[2025-03-28T13:11:54.728+0000] {logging_mixin.py:190} INFO - [2025-03-28T13:11:54.727+0000] {dagbag.py:435} INFO - File /opt/airflow/dags/env/Scripts/pyrsa-encrypt.exe:__main__.py assumed to contain no DAGs. Skipping.
[2025-03-28T13:11:54.729+0000] {processor.py:927} WARNING - No viable dags retrieved from /opt/airflow/dags/env/Scripts/pyrsa-encrypt.exe
[2025-03-28T13:11:54.751+0000] {processor.py:208} INFO - Processing /opt/airflow/dags/env/Scripts/pyrsa-encrypt.exe took 0.049 seconds
[2025-03-28T13:12:26.364+0000] {processor.py:186} INFO - Started process (PID=2030) to work on /opt/airflow/dags/env/Scripts/pyrsa-encrypt.exe
[2025-03-28T13:12:26.365+0000] {processor.py:914} INFO - Processing file /opt/airflow/dags/env/Scripts/pyrsa-encrypt.exe for tasks to queue
[2025-03-28T13:12:26.367+0000] {logging_mixin.py:190} INFO - [2025-03-28T13:12:26.367+0000] {dagbag.py:588} INFO - Filling up the DagBag from /opt/airflow/dags/env/Scripts/pyrsa-encrypt.exe
[2025-03-28T13:12:26.378+0000] {logging_mixin.py:190} INFO - [2025-03-28T13:12:26.378+0000] {dagbag.py:435} INFO - File /opt/airflow/dags/env/Scripts/pyrsa-encrypt.exe:__main__.py assumed to contain no DAGs. Skipping.
[2025-03-28T13:12:26.379+0000] {processor.py:927} WARNING - No viable dags retrieved from /opt/airflow/dags/env/Scripts/pyrsa-encrypt.exe
[2025-03-28T13:12:26.400+0000] {processor.py:208} INFO - Processing /opt/airflow/dags/env/Scripts/pyrsa-encrypt.exe took 0.047 seconds
[2025-03-28T13:16:59.620+0000] {processor.py:186} INFO - Started process (PID=2062) to work on /opt/airflow/dags/env/Scripts/pyrsa-encrypt.exe
[2025-03-28T13:16:59.622+0000] {processor.py:914} INFO - Processing file /opt/airflow/dags/env/Scripts/pyrsa-encrypt.exe for tasks to queue
[2025-03-28T13:16:59.624+0000] {logging_mixin.py:190} INFO - [2025-03-28T13:16:59.623+0000] {dagbag.py:588} INFO - Filling up the DagBag from /opt/airflow/dags/env/Scripts/pyrsa-encrypt.exe
[2025-03-28T13:16:59.637+0000] {logging_mixin.py:190} INFO - [2025-03-28T13:16:59.637+0000] {dagbag.py:435} INFO - File /opt/airflow/dags/env/Scripts/pyrsa-encrypt.exe:__main__.py assumed to contain no DAGs. Skipping.
[2025-03-28T13:16:59.638+0000] {processor.py:927} WARNING - No viable dags retrieved from /opt/airflow/dags/env/Scripts/pyrsa-encrypt.exe
[2025-03-28T13:16:59.660+0000] {processor.py:208} INFO - Processing /opt/airflow/dags/env/Scripts/pyrsa-encrypt.exe took 0.052 seconds
[2025-03-28T13:17:31.405+0000] {processor.py:186} INFO - Started process (PID=2086) to work on /opt/airflow/dags/env/Scripts/pyrsa-encrypt.exe
[2025-03-28T13:17:31.406+0000] {processor.py:914} INFO - Processing file /opt/airflow/dags/env/Scripts/pyrsa-encrypt.exe for tasks to queue
[2025-03-28T13:17:31.408+0000] {logging_mixin.py:190} INFO - [2025-03-28T13:17:31.408+0000] {dagbag.py:588} INFO - Filling up the DagBag from /opt/airflow/dags/env/Scripts/pyrsa-encrypt.exe
[2025-03-28T13:17:31.424+0000] {logging_mixin.py:190} INFO - [2025-03-28T13:17:31.424+0000] {dagbag.py:435} INFO - File /opt/airflow/dags/env/Scripts/pyrsa-encrypt.exe:__main__.py assumed to contain no DAGs. Skipping.
[2025-03-28T13:17:31.425+0000] {processor.py:927} WARNING - No viable dags retrieved from /opt/airflow/dags/env/Scripts/pyrsa-encrypt.exe
[2025-03-28T13:17:31.447+0000] {processor.py:208} INFO - Processing /opt/airflow/dags/env/Scripts/pyrsa-encrypt.exe took 0.054 seconds
[2025-03-28T13:21:59.749+0000] {processor.py:186} INFO - Started process (PID=2114) to work on /opt/airflow/dags/env/Scripts/pyrsa-encrypt.exe
[2025-03-28T13:21:59.750+0000] {processor.py:914} INFO - Processing file /opt/airflow/dags/env/Scripts/pyrsa-encrypt.exe for tasks to queue
[2025-03-28T13:21:59.752+0000] {logging_mixin.py:190} INFO - [2025-03-28T13:21:59.751+0000] {dagbag.py:588} INFO - Filling up the DagBag from /opt/airflow/dags/env/Scripts/pyrsa-encrypt.exe
[2025-03-28T13:21:59.764+0000] {logging_mixin.py:190} INFO - [2025-03-28T13:21:59.764+0000] {dagbag.py:435} INFO - File /opt/airflow/dags/env/Scripts/pyrsa-encrypt.exe:__main__.py assumed to contain no DAGs. Skipping.
[2025-03-28T13:21:59.765+0000] {processor.py:927} WARNING - No viable dags retrieved from /opt/airflow/dags/env/Scripts/pyrsa-encrypt.exe
[2025-03-28T13:21:59.788+0000] {processor.py:208} INFO - Processing /opt/airflow/dags/env/Scripts/pyrsa-encrypt.exe took 0.051 seconds
[2025-03-28T13:22:31.051+0000] {processor.py:186} INFO - Started process (PID=2138) to work on /opt/airflow/dags/env/Scripts/pyrsa-encrypt.exe
[2025-03-28T13:22:31.052+0000] {processor.py:914} INFO - Processing file /opt/airflow/dags/env/Scripts/pyrsa-encrypt.exe for tasks to queue
[2025-03-28T13:22:31.054+0000] {logging_mixin.py:190} INFO - [2025-03-28T13:22:31.054+0000] {dagbag.py:588} INFO - Filling up the DagBag from /opt/airflow/dags/env/Scripts/pyrsa-encrypt.exe
[2025-03-28T13:22:31.068+0000] {logging_mixin.py:190} INFO - [2025-03-28T13:22:31.068+0000] {dagbag.py:435} INFO - File /opt/airflow/dags/env/Scripts/pyrsa-encrypt.exe:__main__.py assumed to contain no DAGs. Skipping.
[2025-03-28T13:22:31.069+0000] {processor.py:927} WARNING - No viable dags retrieved from /opt/airflow/dags/env/Scripts/pyrsa-encrypt.exe
[2025-03-28T13:22:31.093+0000] {processor.py:208} INFO - Processing /opt/airflow/dags/env/Scripts/pyrsa-encrypt.exe took 0.054 seconds
[2025-03-28T13:26:55.966+0000] {processor.py:186} INFO - Started process (PID=2166) to work on /opt/airflow/dags/env/Scripts/pyrsa-encrypt.exe
[2025-03-28T13:26:55.967+0000] {processor.py:914} INFO - Processing file /opt/airflow/dags/env/Scripts/pyrsa-encrypt.exe for tasks to queue
[2025-03-28T13:26:55.969+0000] {logging_mixin.py:190} INFO - [2025-03-28T13:26:55.969+0000] {dagbag.py:588} INFO - Filling up the DagBag from /opt/airflow/dags/env/Scripts/pyrsa-encrypt.exe
[2025-03-28T13:26:55.983+0000] {logging_mixin.py:190} INFO - [2025-03-28T13:26:55.983+0000] {dagbag.py:435} INFO - File /opt/airflow/dags/env/Scripts/pyrsa-encrypt.exe:__main__.py assumed to contain no DAGs. Skipping.
[2025-03-28T13:26:55.984+0000] {processor.py:927} WARNING - No viable dags retrieved from /opt/airflow/dags/env/Scripts/pyrsa-encrypt.exe
[2025-03-28T13:26:56.006+0000] {processor.py:208} INFO - Processing /opt/airflow/dags/env/Scripts/pyrsa-encrypt.exe took 0.052 seconds
[2025-03-28T13:27:27.602+0000] {processor.py:186} INFO - Started process (PID=2190) to work on /opt/airflow/dags/env/Scripts/pyrsa-encrypt.exe
[2025-03-28T13:27:27.604+0000] {processor.py:914} INFO - Processing file /opt/airflow/dags/env/Scripts/pyrsa-encrypt.exe for tasks to queue
[2025-03-28T13:27:27.605+0000] {logging_mixin.py:190} INFO - [2025-03-28T13:27:27.605+0000] {dagbag.py:588} INFO - Filling up the DagBag from /opt/airflow/dags/env/Scripts/pyrsa-encrypt.exe
[2025-03-28T13:27:27.618+0000] {logging_mixin.py:190} INFO - [2025-03-28T13:27:27.618+0000] {dagbag.py:435} INFO - File /opt/airflow/dags/env/Scripts/pyrsa-encrypt.exe:__main__.py assumed to contain no DAGs. Skipping.
[2025-03-28T13:27:27.619+0000] {processor.py:927} WARNING - No viable dags retrieved from /opt/airflow/dags/env/Scripts/pyrsa-encrypt.exe
[2025-03-28T13:27:27.640+0000] {processor.py:208} INFO - Processing /opt/airflow/dags/env/Scripts/pyrsa-encrypt.exe took 0.050 seconds
[2025-03-28T13:31:58.409+0000] {processor.py:186} INFO - Started process (PID=2222) to work on /opt/airflow/dags/env/Scripts/pyrsa-encrypt.exe
[2025-03-28T13:31:58.410+0000] {processor.py:914} INFO - Processing file /opt/airflow/dags/env/Scripts/pyrsa-encrypt.exe for tasks to queue
[2025-03-28T13:31:58.413+0000] {logging_mixin.py:190} INFO - [2025-03-28T13:31:58.412+0000] {dagbag.py:588} INFO - Filling up the DagBag from /opt/airflow/dags/env/Scripts/pyrsa-encrypt.exe
[2025-03-28T13:31:58.424+0000] {logging_mixin.py:190} INFO - [2025-03-28T13:31:58.423+0000] {dagbag.py:435} INFO - File /opt/airflow/dags/env/Scripts/pyrsa-encrypt.exe:__main__.py assumed to contain no DAGs. Skipping.
[2025-03-28T13:31:58.425+0000] {processor.py:927} WARNING - No viable dags retrieved from /opt/airflow/dags/env/Scripts/pyrsa-encrypt.exe
[2025-03-28T13:31:58.446+0000] {processor.py:208} INFO - Processing /opt/airflow/dags/env/Scripts/pyrsa-encrypt.exe took 0.047 seconds
[2025-03-28T13:32:30.116+0000] {processor.py:186} INFO - Started process (PID=2246) to work on /opt/airflow/dags/env/Scripts/pyrsa-encrypt.exe
[2025-03-28T13:32:30.117+0000] {processor.py:914} INFO - Processing file /opt/airflow/dags/env/Scripts/pyrsa-encrypt.exe for tasks to queue
[2025-03-28T13:32:30.119+0000] {logging_mixin.py:190} INFO - [2025-03-28T13:32:30.119+0000] {dagbag.py:588} INFO - Filling up the DagBag from /opt/airflow/dags/env/Scripts/pyrsa-encrypt.exe
[2025-03-28T13:32:30.132+0000] {logging_mixin.py:190} INFO - [2025-03-28T13:32:30.132+0000] {dagbag.py:435} INFO - File /opt/airflow/dags/env/Scripts/pyrsa-encrypt.exe:__main__.py assumed to contain no DAGs. Skipping.
[2025-03-28T13:32:30.133+0000] {processor.py:927} WARNING - No viable dags retrieved from /opt/airflow/dags/env/Scripts/pyrsa-encrypt.exe
[2025-03-28T13:32:30.159+0000] {processor.py:208} INFO - Processing /opt/airflow/dags/env/Scripts/pyrsa-encrypt.exe took 0.056 seconds
[2025-03-28T13:37:01.669+0000] {processor.py:186} INFO - Started process (PID=2276) to work on /opt/airflow/dags/env/Scripts/pyrsa-encrypt.exe
[2025-03-28T13:37:01.671+0000] {processor.py:914} INFO - Processing file /opt/airflow/dags/env/Scripts/pyrsa-encrypt.exe for tasks to queue
[2025-03-28T13:37:01.672+0000] {logging_mixin.py:190} INFO - [2025-03-28T13:37:01.672+0000] {dagbag.py:588} INFO - Filling up the DagBag from /opt/airflow/dags/env/Scripts/pyrsa-encrypt.exe
[2025-03-28T13:37:01.683+0000] {logging_mixin.py:190} INFO - [2025-03-28T13:37:01.683+0000] {dagbag.py:435} INFO - File /opt/airflow/dags/env/Scripts/pyrsa-encrypt.exe:__main__.py assumed to contain no DAGs. Skipping.
[2025-03-28T13:37:01.684+0000] {processor.py:927} WARNING - No viable dags retrieved from /opt/airflow/dags/env/Scripts/pyrsa-encrypt.exe
[2025-03-28T13:37:01.706+0000] {processor.py:208} INFO - Processing /opt/airflow/dags/env/Scripts/pyrsa-encrypt.exe took 0.049 seconds
[2025-03-28T13:37:32.443+0000] {processor.py:186} INFO - Started process (PID=2300) to work on /opt/airflow/dags/env/Scripts/pyrsa-encrypt.exe
[2025-03-28T13:37:32.444+0000] {processor.py:914} INFO - Processing file /opt/airflow/dags/env/Scripts/pyrsa-encrypt.exe for tasks to queue
[2025-03-28T13:37:32.446+0000] {logging_mixin.py:190} INFO - [2025-03-28T13:37:32.446+0000] {dagbag.py:588} INFO - Filling up the DagBag from /opt/airflow/dags/env/Scripts/pyrsa-encrypt.exe
[2025-03-28T13:37:32.460+0000] {logging_mixin.py:190} INFO - [2025-03-28T13:37:32.460+0000] {dagbag.py:435} INFO - File /opt/airflow/dags/env/Scripts/pyrsa-encrypt.exe:__main__.py assumed to contain no DAGs. Skipping.
[2025-03-28T13:37:32.461+0000] {processor.py:927} WARNING - No viable dags retrieved from /opt/airflow/dags/env/Scripts/pyrsa-encrypt.exe
[2025-03-28T13:37:32.488+0000] {processor.py:208} INFO - Processing /opt/airflow/dags/env/Scripts/pyrsa-encrypt.exe took 0.056 seconds
[2025-03-28T13:41:56.367+0000] {processor.py:186} INFO - Started process (PID=2327) to work on /opt/airflow/dags/env/Scripts/pyrsa-encrypt.exe
[2025-03-28T13:41:56.369+0000] {processor.py:914} INFO - Processing file /opt/airflow/dags/env/Scripts/pyrsa-encrypt.exe for tasks to queue
[2025-03-28T13:41:56.371+0000] {logging_mixin.py:190} INFO - [2025-03-28T13:41:56.370+0000] {dagbag.py:588} INFO - Filling up the DagBag from /opt/airflow/dags/env/Scripts/pyrsa-encrypt.exe
[2025-03-28T13:41:56.384+0000] {logging_mixin.py:190} INFO - [2025-03-28T13:41:56.383+0000] {dagbag.py:435} INFO - File /opt/airflow/dags/env/Scripts/pyrsa-encrypt.exe:__main__.py assumed to contain no DAGs. Skipping.
[2025-03-28T13:41:56.385+0000] {processor.py:927} WARNING - No viable dags retrieved from /opt/airflow/dags/env/Scripts/pyrsa-encrypt.exe
[2025-03-28T13:41:56.408+0000] {processor.py:208} INFO - Processing /opt/airflow/dags/env/Scripts/pyrsa-encrypt.exe took 0.053 seconds
[2025-03-28T13:42:27.858+0000] {processor.py:186} INFO - Started process (PID=2351) to work on /opt/airflow/dags/env/Scripts/pyrsa-encrypt.exe
[2025-03-28T13:42:27.859+0000] {processor.py:914} INFO - Processing file /opt/airflow/dags/env/Scripts/pyrsa-encrypt.exe for tasks to queue
[2025-03-28T13:42:27.861+0000] {logging_mixin.py:190} INFO - [2025-03-28T13:42:27.861+0000] {dagbag.py:588} INFO - Filling up the DagBag from /opt/airflow/dags/env/Scripts/pyrsa-encrypt.exe
[2025-03-28T13:42:27.877+0000] {logging_mixin.py:190} INFO - [2025-03-28T13:42:27.877+0000] {dagbag.py:435} INFO - File /opt/airflow/dags/env/Scripts/pyrsa-encrypt.exe:__main__.py assumed to contain no DAGs. Skipping.
[2025-03-28T13:42:27.878+0000] {processor.py:927} WARNING - No viable dags retrieved from /opt/airflow/dags/env/Scripts/pyrsa-encrypt.exe
[2025-03-28T13:42:27.902+0000] {processor.py:208} INFO - Processing /opt/airflow/dags/env/Scripts/pyrsa-encrypt.exe took 0.057 seconds
[2025-03-28T13:46:55.630+0000] {processor.py:186} INFO - Started process (PID=2382) to work on /opt/airflow/dags/env/Scripts/pyrsa-encrypt.exe
[2025-03-28T13:46:55.632+0000] {processor.py:914} INFO - Processing file /opt/airflow/dags/env/Scripts/pyrsa-encrypt.exe for tasks to queue
[2025-03-28T13:46:55.633+0000] {logging_mixin.py:190} INFO - [2025-03-28T13:46:55.633+0000] {dagbag.py:588} INFO - Filling up the DagBag from /opt/airflow/dags/env/Scripts/pyrsa-encrypt.exe
[2025-03-28T13:46:55.650+0000] {logging_mixin.py:190} INFO - [2025-03-28T13:46:55.649+0000] {dagbag.py:435} INFO - File /opt/airflow/dags/env/Scripts/pyrsa-encrypt.exe:__main__.py assumed to contain no DAGs. Skipping.
[2025-03-28T13:46:55.651+0000] {processor.py:927} WARNING - No viable dags retrieved from /opt/airflow/dags/env/Scripts/pyrsa-encrypt.exe
[2025-03-28T13:46:55.671+0000] {processor.py:208} INFO - Processing /opt/airflow/dags/env/Scripts/pyrsa-encrypt.exe took 0.053 seconds
[2025-03-28T13:47:26.268+0000] {processor.py:186} INFO - Started process (PID=2406) to work on /opt/airflow/dags/env/Scripts/pyrsa-encrypt.exe
[2025-03-28T13:47:26.269+0000] {processor.py:914} INFO - Processing file /opt/airflow/dags/env/Scripts/pyrsa-encrypt.exe for tasks to queue
[2025-03-28T13:47:26.271+0000] {logging_mixin.py:190} INFO - [2025-03-28T13:47:26.271+0000] {dagbag.py:588} INFO - Filling up the DagBag from /opt/airflow/dags/env/Scripts/pyrsa-encrypt.exe
[2025-03-28T13:47:26.291+0000] {logging_mixin.py:190} INFO - [2025-03-28T13:47:26.291+0000] {dagbag.py:435} INFO - File /opt/airflow/dags/env/Scripts/pyrsa-encrypt.exe:__main__.py assumed to contain no DAGs. Skipping.
[2025-03-28T13:47:26.292+0000] {processor.py:927} WARNING - No viable dags retrieved from /opt/airflow/dags/env/Scripts/pyrsa-encrypt.exe
[2025-03-28T13:47:26.313+0000] {processor.py:208} INFO - Processing /opt/airflow/dags/env/Scripts/pyrsa-encrypt.exe took 0.061 seconds
[2025-03-28T13:47:56.911+0000] {processor.py:186} INFO - Started process (PID=2430) to work on /opt/airflow/dags/env/Scripts/pyrsa-encrypt.exe
[2025-03-28T13:47:56.913+0000] {processor.py:914} INFO - Processing file /opt/airflow/dags/env/Scripts/pyrsa-encrypt.exe for tasks to queue
[2025-03-28T13:47:56.915+0000] {logging_mixin.py:190} INFO - [2025-03-28T13:47:56.914+0000] {dagbag.py:588} INFO - Filling up the DagBag from /opt/airflow/dags/env/Scripts/pyrsa-encrypt.exe
[2025-03-28T13:47:56.930+0000] {logging_mixin.py:190} INFO - [2025-03-28T13:47:56.930+0000] {dagbag.py:435} INFO - File /opt/airflow/dags/env/Scripts/pyrsa-encrypt.exe:__main__.py assumed to contain no DAGs. Skipping.
[2025-03-28T13:47:56.931+0000] {processor.py:927} WARNING - No viable dags retrieved from /opt/airflow/dags/env/Scripts/pyrsa-encrypt.exe
[2025-03-28T13:47:56.952+0000] {processor.py:208} INFO - Processing /opt/airflow/dags/env/Scripts/pyrsa-encrypt.exe took 0.052 seconds
[2025-03-28T13:51:58.218+0000] {processor.py:186} INFO - Started process (PID=2440) to work on /opt/airflow/dags/env/Scripts/pyrsa-encrypt.exe
[2025-03-28T13:51:58.219+0000] {processor.py:914} INFO - Processing file /opt/airflow/dags/env/Scripts/pyrsa-encrypt.exe for tasks to queue
[2025-03-28T13:51:58.221+0000] {logging_mixin.py:190} INFO - [2025-03-28T13:51:58.221+0000] {dagbag.py:588} INFO - Filling up the DagBag from /opt/airflow/dags/env/Scripts/pyrsa-encrypt.exe
[2025-03-28T13:51:58.234+0000] {logging_mixin.py:190} INFO - [2025-03-28T13:51:58.233+0000] {dagbag.py:435} INFO - File /opt/airflow/dags/env/Scripts/pyrsa-encrypt.exe:__main__.py assumed to contain no DAGs. Skipping.
[2025-03-28T13:51:58.234+0000] {processor.py:927} WARNING - No viable dags retrieved from /opt/airflow/dags/env/Scripts/pyrsa-encrypt.exe
[2025-03-28T13:51:58.257+0000] {processor.py:208} INFO - Processing /opt/airflow/dags/env/Scripts/pyrsa-encrypt.exe took 0.052 seconds
[2025-03-28T13:52:29.616+0000] {processor.py:186} INFO - Started process (PID=2464) to work on /opt/airflow/dags/env/Scripts/pyrsa-encrypt.exe
[2025-03-28T13:52:29.617+0000] {processor.py:914} INFO - Processing file /opt/airflow/dags/env/Scripts/pyrsa-encrypt.exe for tasks to queue
[2025-03-28T13:52:29.619+0000] {logging_mixin.py:190} INFO - [2025-03-28T13:52:29.619+0000] {dagbag.py:588} INFO - Filling up the DagBag from /opt/airflow/dags/env/Scripts/pyrsa-encrypt.exe
[2025-03-28T13:52:29.633+0000] {logging_mixin.py:190} INFO - [2025-03-28T13:52:29.632+0000] {dagbag.py:435} INFO - File /opt/airflow/dags/env/Scripts/pyrsa-encrypt.exe:__main__.py assumed to contain no DAGs. Skipping.
[2025-03-28T13:52:29.634+0000] {processor.py:927} WARNING - No viable dags retrieved from /opt/airflow/dags/env/Scripts/pyrsa-encrypt.exe
[2025-03-28T13:52:29.664+0000] {processor.py:208} INFO - Processing /opt/airflow/dags/env/Scripts/pyrsa-encrypt.exe took 0.059 seconds
[2025-03-28T13:57:01.352+0000] {processor.py:186} INFO - Started process (PID=2495) to work on /opt/airflow/dags/env/Scripts/pyrsa-encrypt.exe
[2025-03-28T13:57:01.353+0000] {processor.py:914} INFO - Processing file /opt/airflow/dags/env/Scripts/pyrsa-encrypt.exe for tasks to queue
[2025-03-28T13:57:01.355+0000] {logging_mixin.py:190} INFO - [2025-03-28T13:57:01.355+0000] {dagbag.py:588} INFO - Filling up the DagBag from /opt/airflow/dags/env/Scripts/pyrsa-encrypt.exe
[2025-03-28T13:57:01.368+0000] {logging_mixin.py:190} INFO - [2025-03-28T13:57:01.367+0000] {dagbag.py:435} INFO - File /opt/airflow/dags/env/Scripts/pyrsa-encrypt.exe:__main__.py assumed to contain no DAGs. Skipping.
[2025-03-28T13:57:01.369+0000] {processor.py:927} WARNING - No viable dags retrieved from /opt/airflow/dags/env/Scripts/pyrsa-encrypt.exe
[2025-03-28T13:57:01.391+0000] {processor.py:208} INFO - Processing /opt/airflow/dags/env/Scripts/pyrsa-encrypt.exe took 0.051 seconds
[2025-03-28T13:57:32.981+0000] {processor.py:186} INFO - Started process (PID=2519) to work on /opt/airflow/dags/env/Scripts/pyrsa-encrypt.exe
[2025-03-28T13:57:32.982+0000] {processor.py:914} INFO - Processing file /opt/airflow/dags/env/Scripts/pyrsa-encrypt.exe for tasks to queue
[2025-03-28T13:57:32.984+0000] {logging_mixin.py:190} INFO - [2025-03-28T13:57:32.983+0000] {dagbag.py:588} INFO - Filling up the DagBag from /opt/airflow/dags/env/Scripts/pyrsa-encrypt.exe
[2025-03-28T13:57:32.998+0000] {logging_mixin.py:190} INFO - [2025-03-28T13:57:32.998+0000] {dagbag.py:435} INFO - File /opt/airflow/dags/env/Scripts/pyrsa-encrypt.exe:__main__.py assumed to contain no DAGs. Skipping.
[2025-03-28T13:57:33.000+0000] {processor.py:927} WARNING - No viable dags retrieved from /opt/airflow/dags/env/Scripts/pyrsa-encrypt.exe
[2025-03-28T13:57:33.028+0000] {processor.py:208} INFO - Processing /opt/airflow/dags/env/Scripts/pyrsa-encrypt.exe took 0.058 seconds
[2025-03-28T14:01:58.633+0000] {processor.py:186} INFO - Started process (PID=2548) to work on /opt/airflow/dags/env/Scripts/pyrsa-encrypt.exe
[2025-03-28T14:01:58.635+0000] {processor.py:914} INFO - Processing file /opt/airflow/dags/env/Scripts/pyrsa-encrypt.exe for tasks to queue
[2025-03-28T14:01:58.636+0000] {logging_mixin.py:190} INFO - [2025-03-28T14:01:58.636+0000] {dagbag.py:588} INFO - Filling up the DagBag from /opt/airflow/dags/env/Scripts/pyrsa-encrypt.exe
[2025-03-28T14:01:58.647+0000] {logging_mixin.py:190} INFO - [2025-03-28T14:01:58.647+0000] {dagbag.py:435} INFO - File /opt/airflow/dags/env/Scripts/pyrsa-encrypt.exe:__main__.py assumed to contain no DAGs. Skipping.
[2025-03-28T14:01:58.648+0000] {processor.py:927} WARNING - No viable dags retrieved from /opt/airflow/dags/env/Scripts/pyrsa-encrypt.exe
[2025-03-28T14:01:58.672+0000] {processor.py:208} INFO - Processing /opt/airflow/dags/env/Scripts/pyrsa-encrypt.exe took 0.050 seconds
[2025-03-28T14:02:30.251+0000] {processor.py:186} INFO - Started process (PID=2572) to work on /opt/airflow/dags/env/Scripts/pyrsa-encrypt.exe
[2025-03-28T14:02:30.252+0000] {processor.py:914} INFO - Processing file /opt/airflow/dags/env/Scripts/pyrsa-encrypt.exe for tasks to queue
[2025-03-28T14:02:30.254+0000] {logging_mixin.py:190} INFO - [2025-03-28T14:02:30.254+0000] {dagbag.py:588} INFO - Filling up the DagBag from /opt/airflow/dags/env/Scripts/pyrsa-encrypt.exe
[2025-03-28T14:02:30.267+0000] {logging_mixin.py:190} INFO - [2025-03-28T14:02:30.266+0000] {dagbag.py:435} INFO - File /opt/airflow/dags/env/Scripts/pyrsa-encrypt.exe:__main__.py assumed to contain no DAGs. Skipping.
[2025-03-28T14:02:30.267+0000] {processor.py:927} WARNING - No viable dags retrieved from /opt/airflow/dags/env/Scripts/pyrsa-encrypt.exe
[2025-03-28T14:02:30.289+0000] {processor.py:208} INFO - Processing /opt/airflow/dags/env/Scripts/pyrsa-encrypt.exe took 0.049 seconds
[2025-03-28T14:07:02.451+0000] {processor.py:186} INFO - Started process (PID=2603) to work on /opt/airflow/dags/env/Scripts/pyrsa-encrypt.exe
[2025-03-28T14:07:02.452+0000] {processor.py:914} INFO - Processing file /opt/airflow/dags/env/Scripts/pyrsa-encrypt.exe for tasks to queue
[2025-03-28T14:07:02.455+0000] {logging_mixin.py:190} INFO - [2025-03-28T14:07:02.454+0000] {dagbag.py:588} INFO - Filling up the DagBag from /opt/airflow/dags/env/Scripts/pyrsa-encrypt.exe
[2025-03-28T14:07:02.470+0000] {logging_mixin.py:190} INFO - [2025-03-28T14:07:02.470+0000] {dagbag.py:435} INFO - File /opt/airflow/dags/env/Scripts/pyrsa-encrypt.exe:__main__.py assumed to contain no DAGs. Skipping.
[2025-03-28T14:07:02.472+0000] {processor.py:927} WARNING - No viable dags retrieved from /opt/airflow/dags/env/Scripts/pyrsa-encrypt.exe
[2025-03-28T14:07:02.517+0000] {processor.py:208} INFO - Processing /opt/airflow/dags/env/Scripts/pyrsa-encrypt.exe took 0.079 seconds
[2025-03-28T14:07:34.105+0000] {processor.py:186} INFO - Started process (PID=2627) to work on /opt/airflow/dags/env/Scripts/pyrsa-encrypt.exe
[2025-03-28T14:07:34.107+0000] {processor.py:914} INFO - Processing file /opt/airflow/dags/env/Scripts/pyrsa-encrypt.exe for tasks to queue
[2025-03-28T14:07:34.109+0000] {logging_mixin.py:190} INFO - [2025-03-28T14:07:34.108+0000] {dagbag.py:588} INFO - Filling up the DagBag from /opt/airflow/dags/env/Scripts/pyrsa-encrypt.exe
[2025-03-28T14:07:34.125+0000] {logging_mixin.py:190} INFO - [2025-03-28T14:07:34.125+0000] {dagbag.py:435} INFO - File /opt/airflow/dags/env/Scripts/pyrsa-encrypt.exe:__main__.py assumed to contain no DAGs. Skipping.
[2025-03-28T14:07:34.126+0000] {processor.py:927} WARNING - No viable dags retrieved from /opt/airflow/dags/env/Scripts/pyrsa-encrypt.exe
[2025-03-28T14:07:34.190+0000] {processor.py:208} INFO - Processing /opt/airflow/dags/env/Scripts/pyrsa-encrypt.exe took 0.099 seconds
[2025-03-28T14:12:02.348+0000] {processor.py:186} INFO - Started process (PID=2655) to work on /opt/airflow/dags/env/Scripts/pyrsa-encrypt.exe
[2025-03-28T14:12:02.350+0000] {processor.py:914} INFO - Processing file /opt/airflow/dags/env/Scripts/pyrsa-encrypt.exe for tasks to queue
[2025-03-28T14:12:02.352+0000] {logging_mixin.py:190} INFO - [2025-03-28T14:12:02.351+0000] {dagbag.py:588} INFO - Filling up the DagBag from /opt/airflow/dags/env/Scripts/pyrsa-encrypt.exe
[2025-03-28T14:12:02.369+0000] {logging_mixin.py:190} INFO - [2025-03-28T14:12:02.368+0000] {dagbag.py:435} INFO - File /opt/airflow/dags/env/Scripts/pyrsa-encrypt.exe:__main__.py assumed to contain no DAGs. Skipping.
[2025-03-28T14:12:02.370+0000] {processor.py:927} WARNING - No viable dags retrieved from /opt/airflow/dags/env/Scripts/pyrsa-encrypt.exe
[2025-03-28T14:12:02.398+0000] {processor.py:208} INFO - Processing /opt/airflow/dags/env/Scripts/pyrsa-encrypt.exe took 0.067 seconds
[2025-03-28T14:12:33.626+0000] {processor.py:186} INFO - Started process (PID=2679) to work on /opt/airflow/dags/env/Scripts/pyrsa-encrypt.exe
[2025-03-28T14:12:33.627+0000] {processor.py:914} INFO - Processing file /opt/airflow/dags/env/Scripts/pyrsa-encrypt.exe for tasks to queue
[2025-03-28T14:12:33.629+0000] {logging_mixin.py:190} INFO - [2025-03-28T14:12:33.629+0000] {dagbag.py:588} INFO - Filling up the DagBag from /opt/airflow/dags/env/Scripts/pyrsa-encrypt.exe
[2025-03-28T14:12:33.642+0000] {logging_mixin.py:190} INFO - [2025-03-28T14:12:33.642+0000] {dagbag.py:435} INFO - File /opt/airflow/dags/env/Scripts/pyrsa-encrypt.exe:__main__.py assumed to contain no DAGs. Skipping.
[2025-03-28T14:12:33.643+0000] {processor.py:927} WARNING - No viable dags retrieved from /opt/airflow/dags/env/Scripts/pyrsa-encrypt.exe
[2025-03-28T14:12:33.667+0000] {processor.py:208} INFO - Processing /opt/airflow/dags/env/Scripts/pyrsa-encrypt.exe took 0.055 seconds
[2025-03-28T14:17:08.303+0000] {processor.py:186} INFO - Started process (PID=2707) to work on /opt/airflow/dags/env/Scripts/pyrsa-encrypt.exe
[2025-03-28T14:17:08.305+0000] {processor.py:914} INFO - Processing file /opt/airflow/dags/env/Scripts/pyrsa-encrypt.exe for tasks to queue
[2025-03-28T14:17:08.307+0000] {logging_mixin.py:190} INFO - [2025-03-28T14:17:08.307+0000] {dagbag.py:588} INFO - Filling up the DagBag from /opt/airflow/dags/env/Scripts/pyrsa-encrypt.exe
[2025-03-28T14:17:08.320+0000] {logging_mixin.py:190} INFO - [2025-03-28T14:17:08.320+0000] {dagbag.py:435} INFO - File /opt/airflow/dags/env/Scripts/pyrsa-encrypt.exe:__main__.py assumed to contain no DAGs. Skipping.
[2025-03-28T14:17:08.321+0000] {processor.py:927} WARNING - No viable dags retrieved from /opt/airflow/dags/env/Scripts/pyrsa-encrypt.exe
[2025-03-28T14:17:08.342+0000] {processor.py:208} INFO - Processing /opt/airflow/dags/env/Scripts/pyrsa-encrypt.exe took 0.050 seconds
[2025-03-28T14:17:40.217+0000] {processor.py:186} INFO - Started process (PID=2731) to work on /opt/airflow/dags/env/Scripts/pyrsa-encrypt.exe
[2025-03-28T14:17:40.219+0000] {processor.py:914} INFO - Processing file /opt/airflow/dags/env/Scripts/pyrsa-encrypt.exe for tasks to queue
[2025-03-28T14:17:40.220+0000] {logging_mixin.py:190} INFO - [2025-03-28T14:17:40.220+0000] {dagbag.py:588} INFO - Filling up the DagBag from /opt/airflow/dags/env/Scripts/pyrsa-encrypt.exe
[2025-03-28T14:17:40.238+0000] {logging_mixin.py:190} INFO - [2025-03-28T14:17:40.237+0000] {dagbag.py:435} INFO - File /opt/airflow/dags/env/Scripts/pyrsa-encrypt.exe:__main__.py assumed to contain no DAGs. Skipping.
[2025-03-28T14:17:40.239+0000] {processor.py:927} WARNING - No viable dags retrieved from /opt/airflow/dags/env/Scripts/pyrsa-encrypt.exe
[2025-03-28T14:17:40.266+0000] {processor.py:208} INFO - Processing /opt/airflow/dags/env/Scripts/pyrsa-encrypt.exe took 0.063 seconds
[2025-03-28T14:22:03.040+0000] {processor.py:186} INFO - Started process (PID=2756) to work on /opt/airflow/dags/env/Scripts/pyrsa-encrypt.exe
[2025-03-28T14:22:03.042+0000] {processor.py:914} INFO - Processing file /opt/airflow/dags/env/Scripts/pyrsa-encrypt.exe for tasks to queue
[2025-03-28T14:22:03.043+0000] {logging_mixin.py:190} INFO - [2025-03-28T14:22:03.043+0000] {dagbag.py:588} INFO - Filling up the DagBag from /opt/airflow/dags/env/Scripts/pyrsa-encrypt.exe
[2025-03-28T14:22:03.054+0000] {logging_mixin.py:190} INFO - [2025-03-28T14:22:03.054+0000] {dagbag.py:435} INFO - File /opt/airflow/dags/env/Scripts/pyrsa-encrypt.exe:__main__.py assumed to contain no DAGs. Skipping.
[2025-03-28T14:22:03.055+0000] {processor.py:927} WARNING - No viable dags retrieved from /opt/airflow/dags/env/Scripts/pyrsa-encrypt.exe
[2025-03-28T14:22:03.078+0000] {processor.py:208} INFO - Processing /opt/airflow/dags/env/Scripts/pyrsa-encrypt.exe took 0.049 seconds
[2025-03-28T14:22:34.791+0000] {processor.py:186} INFO - Started process (PID=2780) to work on /opt/airflow/dags/env/Scripts/pyrsa-encrypt.exe
[2025-03-28T14:22:34.793+0000] {processor.py:914} INFO - Processing file /opt/airflow/dags/env/Scripts/pyrsa-encrypt.exe for tasks to queue
[2025-03-28T14:22:34.794+0000] {logging_mixin.py:190} INFO - [2025-03-28T14:22:34.794+0000] {dagbag.py:588} INFO - Filling up the DagBag from /opt/airflow/dags/env/Scripts/pyrsa-encrypt.exe
[2025-03-28T14:22:34.812+0000] {logging_mixin.py:190} INFO - [2025-03-28T14:22:34.812+0000] {dagbag.py:435} INFO - File /opt/airflow/dags/env/Scripts/pyrsa-encrypt.exe:__main__.py assumed to contain no DAGs. Skipping.
[2025-03-28T14:22:34.813+0000] {processor.py:927} WARNING - No viable dags retrieved from /opt/airflow/dags/env/Scripts/pyrsa-encrypt.exe
[2025-03-28T14:22:34.841+0000] {processor.py:208} INFO - Processing /opt/airflow/dags/env/Scripts/pyrsa-encrypt.exe took 0.063 seconds
[2025-03-28T14:27:02.288+0000] {processor.py:186} INFO - Started process (PID=2809) to work on /opt/airflow/dags/env/Scripts/pyrsa-encrypt.exe
[2025-03-28T14:27:02.289+0000] {processor.py:914} INFO - Processing file /opt/airflow/dags/env/Scripts/pyrsa-encrypt.exe for tasks to queue
[2025-03-28T14:27:02.291+0000] {logging_mixin.py:190} INFO - [2025-03-28T14:27:02.291+0000] {dagbag.py:588} INFO - Filling up the DagBag from /opt/airflow/dags/env/Scripts/pyrsa-encrypt.exe
[2025-03-28T14:27:02.305+0000] {logging_mixin.py:190} INFO - [2025-03-28T14:27:02.304+0000] {dagbag.py:435} INFO - File /opt/airflow/dags/env/Scripts/pyrsa-encrypt.exe:__main__.py assumed to contain no DAGs. Skipping.
[2025-03-28T14:27:02.306+0000] {processor.py:927} WARNING - No viable dags retrieved from /opt/airflow/dags/env/Scripts/pyrsa-encrypt.exe
[2025-03-28T14:27:02.326+0000] {processor.py:208} INFO - Processing /opt/airflow/dags/env/Scripts/pyrsa-encrypt.exe took 0.049 seconds
[2025-03-28T14:27:32.987+0000] {processor.py:186} INFO - Started process (PID=2833) to work on /opt/airflow/dags/env/Scripts/pyrsa-encrypt.exe
[2025-03-28T14:27:32.988+0000] {processor.py:914} INFO - Processing file /opt/airflow/dags/env/Scripts/pyrsa-encrypt.exe for tasks to queue
[2025-03-28T14:27:32.990+0000] {logging_mixin.py:190} INFO - [2025-03-28T14:27:32.990+0000] {dagbag.py:588} INFO - Filling up the DagBag from /opt/airflow/dags/env/Scripts/pyrsa-encrypt.exe
[2025-03-28T14:27:33.004+0000] {logging_mixin.py:190} INFO - [2025-03-28T14:27:33.003+0000] {dagbag.py:435} INFO - File /opt/airflow/dags/env/Scripts/pyrsa-encrypt.exe:__main__.py assumed to contain no DAGs. Skipping.
[2025-03-28T14:27:33.005+0000] {processor.py:927} WARNING - No viable dags retrieved from /opt/airflow/dags/env/Scripts/pyrsa-encrypt.exe
[2025-03-28T14:27:33.027+0000] {processor.py:208} INFO - Processing /opt/airflow/dags/env/Scripts/pyrsa-encrypt.exe took 0.051 seconds
[2025-03-28T14:32:00.305+0000] {processor.py:186} INFO - Started process (PID=2863) to work on /opt/airflow/dags/env/Scripts/pyrsa-encrypt.exe
[2025-03-28T14:32:00.307+0000] {processor.py:914} INFO - Processing file /opt/airflow/dags/env/Scripts/pyrsa-encrypt.exe for tasks to queue
[2025-03-28T14:32:00.309+0000] {logging_mixin.py:190} INFO - [2025-03-28T14:32:00.309+0000] {dagbag.py:588} INFO - Filling up the DagBag from /opt/airflow/dags/env/Scripts/pyrsa-encrypt.exe
[2025-03-28T14:32:00.324+0000] {logging_mixin.py:190} INFO - [2025-03-28T14:32:00.323+0000] {dagbag.py:435} INFO - File /opt/airflow/dags/env/Scripts/pyrsa-encrypt.exe:__main__.py assumed to contain no DAGs. Skipping.
[2025-03-28T14:32:00.325+0000] {processor.py:927} WARNING - No viable dags retrieved from /opt/airflow/dags/env/Scripts/pyrsa-encrypt.exe
[2025-03-28T14:32:00.357+0000] {processor.py:208} INFO - Processing /opt/airflow/dags/env/Scripts/pyrsa-encrypt.exe took 0.071 seconds
[2025-03-28T14:32:32.098+0000] {processor.py:186} INFO - Started process (PID=2887) to work on /opt/airflow/dags/env/Scripts/pyrsa-encrypt.exe
[2025-03-28T14:32:32.099+0000] {processor.py:914} INFO - Processing file /opt/airflow/dags/env/Scripts/pyrsa-encrypt.exe for tasks to queue
[2025-03-28T14:32:32.101+0000] {logging_mixin.py:190} INFO - [2025-03-28T14:32:32.100+0000] {dagbag.py:588} INFO - Filling up the DagBag from /opt/airflow/dags/env/Scripts/pyrsa-encrypt.exe
[2025-03-28T14:32:32.116+0000] {logging_mixin.py:190} INFO - [2025-03-28T14:32:32.116+0000] {dagbag.py:435} INFO - File /opt/airflow/dags/env/Scripts/pyrsa-encrypt.exe:__main__.py assumed to contain no DAGs. Skipping.
[2025-03-28T14:32:32.117+0000] {processor.py:927} WARNING - No viable dags retrieved from /opt/airflow/dags/env/Scripts/pyrsa-encrypt.exe
[2025-03-28T14:32:32.146+0000] {processor.py:208} INFO - Processing /opt/airflow/dags/env/Scripts/pyrsa-encrypt.exe took 0.060 seconds
[2025-03-28T14:37:13.613+0000] {processor.py:186} INFO - Started process (PID=2919) to work on /opt/airflow/dags/env/Scripts/pyrsa-encrypt.exe
[2025-03-28T14:37:13.615+0000] {processor.py:914} INFO - Processing file /opt/airflow/dags/env/Scripts/pyrsa-encrypt.exe for tasks to queue
[2025-03-28T14:37:13.617+0000] {logging_mixin.py:190} INFO - [2025-03-28T14:37:13.616+0000] {dagbag.py:588} INFO - Filling up the DagBag from /opt/airflow/dags/env/Scripts/pyrsa-encrypt.exe
[2025-03-28T14:37:13.636+0000] {logging_mixin.py:190} INFO - [2025-03-28T14:37:13.636+0000] {dagbag.py:435} INFO - File /opt/airflow/dags/env/Scripts/pyrsa-encrypt.exe:__main__.py assumed to contain no DAGs. Skipping.
[2025-03-28T14:37:13.638+0000] {processor.py:927} WARNING - No viable dags retrieved from /opt/airflow/dags/env/Scripts/pyrsa-encrypt.exe
[2025-03-28T14:37:13.673+0000] {processor.py:208} INFO - Processing /opt/airflow/dags/env/Scripts/pyrsa-encrypt.exe took 0.071 seconds
[2025-03-28T14:37:44.924+0000] {processor.py:186} INFO - Started process (PID=2943) to work on /opt/airflow/dags/env/Scripts/pyrsa-encrypt.exe
[2025-03-28T14:37:44.926+0000] {processor.py:914} INFO - Processing file /opt/airflow/dags/env/Scripts/pyrsa-encrypt.exe for tasks to queue
[2025-03-28T14:37:44.928+0000] {logging_mixin.py:190} INFO - [2025-03-28T14:37:44.927+0000] {dagbag.py:588} INFO - Filling up the DagBag from /opt/airflow/dags/env/Scripts/pyrsa-encrypt.exe
[2025-03-28T14:37:44.941+0000] {logging_mixin.py:190} INFO - [2025-03-28T14:37:44.940+0000] {dagbag.py:435} INFO - File /opt/airflow/dags/env/Scripts/pyrsa-encrypt.exe:__main__.py assumed to contain no DAGs. Skipping.
[2025-03-28T14:37:44.941+0000] {processor.py:927} WARNING - No viable dags retrieved from /opt/airflow/dags/env/Scripts/pyrsa-encrypt.exe
[2025-03-28T14:37:44.962+0000] {processor.py:208} INFO - Processing /opt/airflow/dags/env/Scripts/pyrsa-encrypt.exe took 0.052 seconds
[2025-03-28T15:04:50.508+0000] {processor.py:186} INFO - Started process (PID=106) to work on /opt/airflow/dags/env/Scripts/pyrsa-encrypt.exe
[2025-03-28T15:04:50.510+0000] {processor.py:914} INFO - Processing file /opt/airflow/dags/env/Scripts/pyrsa-encrypt.exe for tasks to queue
[2025-03-28T15:04:50.517+0000] {logging_mixin.py:190} INFO - [2025-03-28T15:04:50.515+0000] {dagbag.py:588} INFO - Filling up the DagBag from /opt/airflow/dags/env/Scripts/pyrsa-encrypt.exe
[2025-03-28T15:04:50.535+0000] {logging_mixin.py:190} INFO - [2025-03-28T15:04:50.534+0000] {dagbag.py:435} INFO - File /opt/airflow/dags/env/Scripts/pyrsa-encrypt.exe:__main__.py assumed to contain no DAGs. Skipping.
[2025-03-28T15:04:50.537+0000] {processor.py:927} WARNING - No viable dags retrieved from /opt/airflow/dags/env/Scripts/pyrsa-encrypt.exe
[2025-03-28T15:04:50.576+0000] {processor.py:208} INFO - Processing /opt/airflow/dags/env/Scripts/pyrsa-encrypt.exe took 0.084 seconds
[2025-03-28T15:05:23.215+0000] {processor.py:186} INFO - Started process (PID=130) to work on /opt/airflow/dags/env/Scripts/pyrsa-encrypt.exe
[2025-03-28T15:05:23.217+0000] {processor.py:914} INFO - Processing file /opt/airflow/dags/env/Scripts/pyrsa-encrypt.exe for tasks to queue
[2025-03-28T15:05:23.228+0000] {logging_mixin.py:190} INFO - [2025-03-28T15:05:23.226+0000] {dagbag.py:588} INFO - Filling up the DagBag from /opt/airflow/dags/env/Scripts/pyrsa-encrypt.exe
[2025-03-28T15:05:23.253+0000] {logging_mixin.py:190} INFO - [2025-03-28T15:05:23.252+0000] {dagbag.py:435} INFO - File /opt/airflow/dags/env/Scripts/pyrsa-encrypt.exe:__main__.py assumed to contain no DAGs. Skipping.
[2025-03-28T15:05:23.255+0000] {processor.py:927} WARNING - No viable dags retrieved from /opt/airflow/dags/env/Scripts/pyrsa-encrypt.exe
[2025-03-28T15:05:23.325+0000] {processor.py:208} INFO - Processing /opt/airflow/dags/env/Scripts/pyrsa-encrypt.exe took 0.126 seconds
[2025-03-28T15:16:24.258+0000] {processor.py:186} INFO - Started process (PID=165) to work on /opt/airflow/dags/env/Scripts/pyrsa-encrypt.exe
[2025-03-28T15:16:24.260+0000] {processor.py:914} INFO - Processing file /opt/airflow/dags/env/Scripts/pyrsa-encrypt.exe for tasks to queue
[2025-03-28T15:16:24.264+0000] {logging_mixin.py:190} INFO - [2025-03-28T15:16:24.263+0000] {dagbag.py:588} INFO - Filling up the DagBag from /opt/airflow/dags/env/Scripts/pyrsa-encrypt.exe
[2025-03-28T15:16:24.283+0000] {logging_mixin.py:190} INFO - [2025-03-28T15:16:24.283+0000] {dagbag.py:435} INFO - File /opt/airflow/dags/env/Scripts/pyrsa-encrypt.exe:__main__.py assumed to contain no DAGs. Skipping.
[2025-03-28T15:16:24.285+0000] {processor.py:927} WARNING - No viable dags retrieved from /opt/airflow/dags/env/Scripts/pyrsa-encrypt.exe
[2025-03-28T15:16:24.317+0000] {processor.py:208} INFO - Processing /opt/airflow/dags/env/Scripts/pyrsa-encrypt.exe took 0.070 seconds
[2025-03-28T15:33:32.786+0000] {processor.py:186} INFO - Started process (PID=209) to work on /opt/airflow/dags/env/Scripts/pyrsa-encrypt.exe
[2025-03-28T15:33:32.787+0000] {processor.py:914} INFO - Processing file /opt/airflow/dags/env/Scripts/pyrsa-encrypt.exe for tasks to queue
[2025-03-28T15:33:32.793+0000] {logging_mixin.py:190} INFO - [2025-03-28T15:33:32.792+0000] {dagbag.py:588} INFO - Filling up the DagBag from /opt/airflow/dags/env/Scripts/pyrsa-encrypt.exe
[2025-03-28T15:33:32.809+0000] {logging_mixin.py:190} INFO - [2025-03-28T15:33:32.808+0000] {dagbag.py:435} INFO - File /opt/airflow/dags/env/Scripts/pyrsa-encrypt.exe:__main__.py assumed to contain no DAGs. Skipping.
[2025-03-28T15:33:32.810+0000] {processor.py:927} WARNING - No viable dags retrieved from /opt/airflow/dags/env/Scripts/pyrsa-encrypt.exe
[2025-03-28T15:33:32.841+0000] {processor.py:208} INFO - Processing /opt/airflow/dags/env/Scripts/pyrsa-encrypt.exe took 0.069 seconds
[2025-03-28T17:22:24.618+0000] {processor.py:186} INFO - Started process (PID=302) to work on /opt/airflow/dags/env/Scripts/pyrsa-encrypt.exe
[2025-03-28T17:22:24.620+0000] {processor.py:914} INFO - Processing file /opt/airflow/dags/env/Scripts/pyrsa-encrypt.exe for tasks to queue
[2025-03-28T17:22:24.631+0000] {logging_mixin.py:190} INFO - [2025-03-28T17:22:24.626+0000] {dagbag.py:588} INFO - Filling up the DagBag from /opt/airflow/dags/env/Scripts/pyrsa-encrypt.exe
[2025-03-28T17:22:24.661+0000] {logging_mixin.py:190} INFO - [2025-03-28T17:22:24.660+0000] {dagbag.py:435} INFO - File /opt/airflow/dags/env/Scripts/pyrsa-encrypt.exe:__main__.py assumed to contain no DAGs. Skipping.
[2025-03-28T17:22:24.663+0000] {processor.py:927} WARNING - No viable dags retrieved from /opt/airflow/dags/env/Scripts/pyrsa-encrypt.exe
[2025-03-28T17:22:24.704+0000] {processor.py:208} INFO - Processing /opt/airflow/dags/env/Scripts/pyrsa-encrypt.exe took 0.098 seconds
[2025-03-28T20:33:16.041+0000] {processor.py:186} INFO - Started process (PID=328) to work on /opt/airflow/dags/env/Scripts/pyrsa-encrypt.exe
[2025-03-28T20:33:16.043+0000] {processor.py:914} INFO - Processing file /opt/airflow/dags/env/Scripts/pyrsa-encrypt.exe for tasks to queue
[2025-03-28T20:33:16.051+0000] {logging_mixin.py:190} INFO - [2025-03-28T20:33:16.049+0000] {dagbag.py:588} INFO - Filling up the DagBag from /opt/airflow/dags/env/Scripts/pyrsa-encrypt.exe
[2025-03-28T20:33:16.078+0000] {logging_mixin.py:190} INFO - [2025-03-28T20:33:16.077+0000] {dagbag.py:435} INFO - File /opt/airflow/dags/env/Scripts/pyrsa-encrypt.exe:__main__.py assumed to contain no DAGs. Skipping.
[2025-03-28T20:33:16.080+0000] {processor.py:927} WARNING - No viable dags retrieved from /opt/airflow/dags/env/Scripts/pyrsa-encrypt.exe
[2025-03-28T20:33:16.120+0000] {processor.py:208} INFO - Processing /opt/airflow/dags/env/Scripts/pyrsa-encrypt.exe took 0.096 seconds
[2025-03-28T23:46:13.458+0000] {processor.py:186} INFO - Started process (PID=354) to work on /opt/airflow/dags/env/Scripts/pyrsa-encrypt.exe
[2025-03-28T23:46:13.461+0000] {processor.py:914} INFO - Processing file /opt/airflow/dags/env/Scripts/pyrsa-encrypt.exe for tasks to queue
[2025-03-28T23:46:13.468+0000] {logging_mixin.py:190} INFO - [2025-03-28T23:46:13.466+0000] {dagbag.py:588} INFO - Filling up the DagBag from /opt/airflow/dags/env/Scripts/pyrsa-encrypt.exe
[2025-03-28T23:46:13.496+0000] {logging_mixin.py:190} INFO - [2025-03-28T23:46:13.496+0000] {dagbag.py:435} INFO - File /opt/airflow/dags/env/Scripts/pyrsa-encrypt.exe:__main__.py assumed to contain no DAGs. Skipping.
[2025-03-28T23:46:13.499+0000] {processor.py:927} WARNING - No viable dags retrieved from /opt/airflow/dags/env/Scripts/pyrsa-encrypt.exe
[2025-03-28T23:46:13.540+0000] {processor.py:208} INFO - Processing /opt/airflow/dags/env/Scripts/pyrsa-encrypt.exe took 0.095 seconds
