[2025-03-28T03:24:34.512+0000] {processor.py:186} INFO - Started process (PID=220) to work on /opt/airflow/dags/env/Scripts/pyrsa-decrypt.exe
[2025-03-28T03:24:34.515+0000] {processor.py:914} INFO - Processing file /opt/airflow/dags/env/Scripts/pyrsa-decrypt.exe for tasks to queue
[2025-03-28T03:24:34.520+0000] {logging_mixin.py:190} INFO - [2025-03-28T03:24:34.519+0000] {dagbag.py:588} INFO - Filling up the DagBag from /opt/airflow/dags/env/Scripts/pyrsa-decrypt.exe
[2025-03-28T03:24:34.550+0000] {logging_mixin.py:190} INFO - [2025-03-28T03:24:34.549+0000] {dagbag.py:435} INFO - File /opt/airflow/dags/env/Scripts/pyrsa-decrypt.exe:__main__.py assumed to contain no DAGs. Skipping.
[2025-03-28T03:24:34.552+0000] {processor.py:927} WARNING - No viable dags retrieved from /opt/airflow/dags/env/Scripts/pyrsa-decrypt.exe
[2025-03-28T03:24:34.610+0000] {processor.py:208} INFO - Processing /opt/airflow/dags/env/Scripts/pyrsa-decrypt.exe took 0.115 seconds
[2025-03-28T03:57:40.974+0000] {processor.py:186} INFO - Started process (PID=266) to work on /opt/airflow/dags/env/Scripts/pyrsa-decrypt.exe
[2025-03-28T03:57:40.975+0000] {processor.py:914} INFO - Processing file /opt/airflow/dags/env/Scripts/pyrsa-decrypt.exe for tasks to queue
[2025-03-28T03:57:40.979+0000] {logging_mixin.py:190} INFO - [2025-03-28T03:57:40.978+0000] {dagbag.py:588} INFO - Filling up the DagBag from /opt/airflow/dags/env/Scripts/pyrsa-decrypt.exe
[2025-03-28T03:57:40.993+0000] {logging_mixin.py:190} INFO - [2025-03-28T03:57:40.993+0000] {dagbag.py:435} INFO - File /opt/airflow/dags/env/Scripts/pyrsa-decrypt.exe:__main__.py assumed to contain no DAGs. Skipping.
[2025-03-28T03:57:40.994+0000] {processor.py:927} WARNING - No viable dags retrieved from /opt/airflow/dags/env/Scripts/pyrsa-decrypt.exe
[2025-03-28T03:57:41.019+0000] {processor.py:208} INFO - Processing /opt/airflow/dags/env/Scripts/pyrsa-decrypt.exe took 0.061 seconds
[2025-03-28T04:41:12.518+0000] {processor.py:186} INFO - Started process (PID=303) to work on /opt/airflow/dags/env/Scripts/pyrsa-decrypt.exe
[2025-03-28T04:41:12.519+0000] {processor.py:914} INFO - Processing file /opt/airflow/dags/env/Scripts/pyrsa-decrypt.exe for tasks to queue
[2025-03-28T04:41:12.525+0000] {logging_mixin.py:190} INFO - [2025-03-28T04:41:12.524+0000] {dagbag.py:588} INFO - Filling up the DagBag from /opt/airflow/dags/env/Scripts/pyrsa-decrypt.exe
[2025-03-28T04:41:12.549+0000] {logging_mixin.py:190} INFO - [2025-03-28T04:41:12.549+0000] {dagbag.py:435} INFO - File /opt/airflow/dags/env/Scripts/pyrsa-decrypt.exe:__main__.py assumed to contain no DAGs. Skipping.
[2025-03-28T04:41:12.551+0000] {processor.py:927} WARNING - No viable dags retrieved from /opt/airflow/dags/env/Scripts/pyrsa-decrypt.exe
[2025-03-28T04:41:12.585+0000] {processor.py:208} INFO - Processing /opt/airflow/dags/env/Scripts/pyrsa-decrypt.exe took 0.087 seconds
[2025-03-28T05:05:49.558+0000] {processor.py:186} INFO - Started process (PID=337) to work on /opt/airflow/dags/env/Scripts/pyrsa-decrypt.exe
[2025-03-28T05:05:49.559+0000] {processor.py:914} INFO - Processing file /opt/airflow/dags/env/Scripts/pyrsa-decrypt.exe for tasks to queue
[2025-03-28T05:05:49.563+0000] {logging_mixin.py:190} INFO - [2025-03-28T05:05:49.562+0000] {dagbag.py:588} INFO - Filling up the DagBag from /opt/airflow/dags/env/Scripts/pyrsa-decrypt.exe
[2025-03-28T05:05:49.579+0000] {logging_mixin.py:190} INFO - [2025-03-28T05:05:49.579+0000] {dagbag.py:435} INFO - File /opt/airflow/dags/env/Scripts/pyrsa-decrypt.exe:__main__.py assumed to contain no DAGs. Skipping.
[2025-03-28T05:05:49.580+0000] {processor.py:927} WARNING - No viable dags retrieved from /opt/airflow/dags/env/Scripts/pyrsa-decrypt.exe
[2025-03-28T05:05:49.606+0000] {processor.py:208} INFO - Processing /opt/airflow/dags/env/Scripts/pyrsa-decrypt.exe took 0.065 seconds
[2025-03-28T05:17:37.080+0000] {processor.py:186} INFO - Started process (PID=379) to work on /opt/airflow/dags/env/Scripts/pyrsa-decrypt.exe
[2025-03-28T05:17:37.081+0000] {processor.py:914} INFO - Processing file /opt/airflow/dags/env/Scripts/pyrsa-decrypt.exe for tasks to queue
[2025-03-28T05:17:37.084+0000] {logging_mixin.py:190} INFO - [2025-03-28T05:17:37.084+0000] {dagbag.py:588} INFO - Filling up the DagBag from /opt/airflow/dags/env/Scripts/pyrsa-decrypt.exe
[2025-03-28T05:17:37.097+0000] {logging_mixin.py:190} INFO - [2025-03-28T05:17:37.097+0000] {dagbag.py:435} INFO - File /opt/airflow/dags/env/Scripts/pyrsa-decrypt.exe:__main__.py assumed to contain no DAGs. Skipping.
[2025-03-28T05:17:37.098+0000] {processor.py:927} WARNING - No viable dags retrieved from /opt/airflow/dags/env/Scripts/pyrsa-decrypt.exe
[2025-03-28T05:17:37.122+0000] {processor.py:208} INFO - Processing /opt/airflow/dags/env/Scripts/pyrsa-decrypt.exe took 0.054 seconds
[2025-03-28T05:18:08.376+0000] {processor.py:186} INFO - Started process (PID=403) to work on /opt/airflow/dags/env/Scripts/pyrsa-decrypt.exe
[2025-03-28T05:18:08.377+0000] {processor.py:914} INFO - Processing file /opt/airflow/dags/env/Scripts/pyrsa-decrypt.exe for tasks to queue
[2025-03-28T05:18:08.380+0000] {logging_mixin.py:190} INFO - [2025-03-28T05:18:08.380+0000] {dagbag.py:588} INFO - Filling up the DagBag from /opt/airflow/dags/env/Scripts/pyrsa-decrypt.exe
[2025-03-28T05:18:08.393+0000] {logging_mixin.py:190} INFO - [2025-03-28T05:18:08.393+0000] {dagbag.py:435} INFO - File /opt/airflow/dags/env/Scripts/pyrsa-decrypt.exe:__main__.py assumed to contain no DAGs. Skipping.
[2025-03-28T05:18:08.395+0000] {processor.py:927} WARNING - No viable dags retrieved from /opt/airflow/dags/env/Scripts/pyrsa-decrypt.exe
[2025-03-28T05:18:08.418+0000] {processor.py:208} INFO - Processing /opt/airflow/dags/env/Scripts/pyrsa-decrypt.exe took 0.053 seconds
[2025-03-28T05:23:29.705+0000] {processor.py:186} INFO - Started process (PID=433) to work on /opt/airflow/dags/env/Scripts/pyrsa-decrypt.exe
[2025-03-28T05:23:29.707+0000] {processor.py:914} INFO - Processing file /opt/airflow/dags/env/Scripts/pyrsa-decrypt.exe for tasks to queue
[2025-03-28T05:23:29.710+0000] {logging_mixin.py:190} INFO - [2025-03-28T05:23:29.710+0000] {dagbag.py:588} INFO - Filling up the DagBag from /opt/airflow/dags/env/Scripts/pyrsa-decrypt.exe
[2025-03-28T05:23:29.722+0000] {logging_mixin.py:190} INFO - [2025-03-28T05:23:29.721+0000] {dagbag.py:435} INFO - File /opt/airflow/dags/env/Scripts/pyrsa-decrypt.exe:__main__.py assumed to contain no DAGs. Skipping.
[2025-03-28T05:23:29.723+0000] {processor.py:927} WARNING - No viable dags retrieved from /opt/airflow/dags/env/Scripts/pyrsa-decrypt.exe
[2025-03-28T05:23:29.745+0000] {processor.py:208} INFO - Processing /opt/airflow/dags/env/Scripts/pyrsa-decrypt.exe took 0.053 seconds
[2025-03-28T05:35:03.737+0000] {processor.py:186} INFO - Started process (PID=461) to work on /opt/airflow/dags/env/Scripts/pyrsa-decrypt.exe
[2025-03-28T05:35:03.739+0000] {processor.py:914} INFO - Processing file /opt/airflow/dags/env/Scripts/pyrsa-decrypt.exe for tasks to queue
[2025-03-28T05:35:03.746+0000] {logging_mixin.py:190} INFO - [2025-03-28T05:35:03.744+0000] {dagbag.py:588} INFO - Filling up the DagBag from /opt/airflow/dags/env/Scripts/pyrsa-decrypt.exe
[2025-03-28T05:35:03.762+0000] {logging_mixin.py:190} INFO - [2025-03-28T05:35:03.761+0000] {dagbag.py:435} INFO - File /opt/airflow/dags/env/Scripts/pyrsa-decrypt.exe:__main__.py assumed to contain no DAGs. Skipping.
[2025-03-28T05:35:03.763+0000] {processor.py:927} WARNING - No viable dags retrieved from /opt/airflow/dags/env/Scripts/pyrsa-decrypt.exe
[2025-03-28T05:35:03.796+0000] {processor.py:208} INFO - Processing /opt/airflow/dags/env/Scripts/pyrsa-decrypt.exe took 0.074 seconds
[2025-03-28T05:45:00.219+0000] {processor.py:186} INFO - Started process (PID=500) to work on /opt/airflow/dags/env/Scripts/pyrsa-decrypt.exe
[2025-03-28T05:45:00.221+0000] {processor.py:914} INFO - Processing file /opt/airflow/dags/env/Scripts/pyrsa-decrypt.exe for tasks to queue
[2025-03-28T05:45:00.224+0000] {logging_mixin.py:190} INFO - [2025-03-28T05:45:00.223+0000] {dagbag.py:588} INFO - Filling up the DagBag from /opt/airflow/dags/env/Scripts/pyrsa-decrypt.exe
[2025-03-28T05:45:00.237+0000] {logging_mixin.py:190} INFO - [2025-03-28T05:45:00.237+0000] {dagbag.py:435} INFO - File /opt/airflow/dags/env/Scripts/pyrsa-decrypt.exe:__main__.py assumed to contain no DAGs. Skipping.
[2025-03-28T05:45:00.238+0000] {processor.py:927} WARNING - No viable dags retrieved from /opt/airflow/dags/env/Scripts/pyrsa-decrypt.exe
[2025-03-28T05:45:00.264+0000] {processor.py:208} INFO - Processing /opt/airflow/dags/env/Scripts/pyrsa-decrypt.exe took 0.057 seconds
[2025-03-28T06:00:45.426+0000] {processor.py:186} INFO - Started process (PID=654) to work on /opt/airflow/dags/env/Scripts/pyrsa-decrypt.exe
[2025-03-28T06:00:45.428+0000] {processor.py:914} INFO - Processing file /opt/airflow/dags/env/Scripts/pyrsa-decrypt.exe for tasks to queue
[2025-03-28T06:00:45.431+0000] {logging_mixin.py:190} INFO - [2025-03-28T06:00:45.431+0000] {dagbag.py:588} INFO - Filling up the DagBag from /opt/airflow/dags/env/Scripts/pyrsa-decrypt.exe
[2025-03-28T06:00:45.445+0000] {logging_mixin.py:190} INFO - [2025-03-28T06:00:45.445+0000] {dagbag.py:435} INFO - File /opt/airflow/dags/env/Scripts/pyrsa-decrypt.exe:__main__.py assumed to contain no DAGs. Skipping.
[2025-03-28T06:00:45.447+0000] {processor.py:927} WARNING - No viable dags retrieved from /opt/airflow/dags/env/Scripts/pyrsa-decrypt.exe
[2025-03-28T06:00:45.474+0000] {processor.py:208} INFO - Processing /opt/airflow/dags/env/Scripts/pyrsa-decrypt.exe took 0.063 seconds
[2025-03-28T06:10:44.392+0000] {processor.py:186} INFO - Started process (PID=678) to work on /opt/airflow/dags/env/Scripts/pyrsa-decrypt.exe
[2025-03-28T06:10:44.395+0000] {processor.py:914} INFO - Processing file /opt/airflow/dags/env/Scripts/pyrsa-decrypt.exe for tasks to queue
[2025-03-28T06:10:44.397+0000] {logging_mixin.py:190} INFO - [2025-03-28T06:10:44.397+0000] {dagbag.py:588} INFO - Filling up the DagBag from /opt/airflow/dags/env/Scripts/pyrsa-decrypt.exe
[2025-03-28T06:10:44.429+0000] {logging_mixin.py:190} INFO - [2025-03-28T06:10:44.428+0000] {dagbag.py:435} INFO - File /opt/airflow/dags/env/Scripts/pyrsa-decrypt.exe:__main__.py assumed to contain no DAGs. Skipping.
[2025-03-28T06:10:44.432+0000] {processor.py:927} WARNING - No viable dags retrieved from /opt/airflow/dags/env/Scripts/pyrsa-decrypt.exe
[2025-03-28T06:10:44.492+0000] {processor.py:208} INFO - Processing /opt/airflow/dags/env/Scripts/pyrsa-decrypt.exe took 0.130 seconds
[2025-03-28T06:26:35.783+0000] {processor.py:186} INFO - Started process (PID=844) to work on /opt/airflow/dags/env/Scripts/pyrsa-decrypt.exe
[2025-03-28T06:26:35.784+0000] {processor.py:914} INFO - Processing file /opt/airflow/dags/env/Scripts/pyrsa-decrypt.exe for tasks to queue
[2025-03-28T06:26:35.786+0000] {logging_mixin.py:190} INFO - [2025-03-28T06:26:35.786+0000] {dagbag.py:588} INFO - Filling up the DagBag from /opt/airflow/dags/env/Scripts/pyrsa-decrypt.exe
[2025-03-28T06:26:35.803+0000] {logging_mixin.py:190} INFO - [2025-03-28T06:26:35.803+0000] {dagbag.py:435} INFO - File /opt/airflow/dags/env/Scripts/pyrsa-decrypt.exe:__main__.py assumed to contain no DAGs. Skipping.
[2025-03-28T06:26:35.805+0000] {processor.py:927} WARNING - No viable dags retrieved from /opt/airflow/dags/env/Scripts/pyrsa-decrypt.exe
[2025-03-28T06:26:35.833+0000] {processor.py:208} INFO - Processing /opt/airflow/dags/env/Scripts/pyrsa-decrypt.exe took 0.064 seconds
[2025-03-28T06:52:19.928+0000] {processor.py:186} INFO - Started process (PID=970) to work on /opt/airflow/dags/env/Scripts/pyrsa-decrypt.exe
[2025-03-28T06:52:19.929+0000] {processor.py:914} INFO - Processing file /opt/airflow/dags/env/Scripts/pyrsa-decrypt.exe for tasks to queue
[2025-03-28T06:52:19.931+0000] {logging_mixin.py:190} INFO - [2025-03-28T06:52:19.931+0000] {dagbag.py:588} INFO - Filling up the DagBag from /opt/airflow/dags/env/Scripts/pyrsa-decrypt.exe
[2025-03-28T06:52:19.948+0000] {logging_mixin.py:190} INFO - [2025-03-28T06:52:19.948+0000] {dagbag.py:435} INFO - File /opt/airflow/dags/env/Scripts/pyrsa-decrypt.exe:__main__.py assumed to contain no DAGs. Skipping.
[2025-03-28T06:52:19.950+0000] {processor.py:927} WARNING - No viable dags retrieved from /opt/airflow/dags/env/Scripts/pyrsa-decrypt.exe
[2025-03-28T06:52:19.977+0000] {processor.py:208} INFO - Processing /opt/airflow/dags/env/Scripts/pyrsa-decrypt.exe took 0.064 seconds
[2025-03-28T07:55:14.731+0000] {processor.py:186} INFO - Started process (PID=1220) to work on /opt/airflow/dags/env/Scripts/pyrsa-decrypt.exe
[2025-03-28T07:55:14.735+0000] {processor.py:914} INFO - Processing file /opt/airflow/dags/env/Scripts/pyrsa-decrypt.exe for tasks to queue
[2025-03-28T07:55:14.738+0000] {logging_mixin.py:190} INFO - [2025-03-28T07:55:14.737+0000] {dagbag.py:588} INFO - Filling up the DagBag from /opt/airflow/dags/env/Scripts/pyrsa-decrypt.exe
[2025-03-28T07:55:14.759+0000] {logging_mixin.py:190} INFO - [2025-03-28T07:55:14.759+0000] {dagbag.py:435} INFO - File /opt/airflow/dags/env/Scripts/pyrsa-decrypt.exe:__main__.py assumed to contain no DAGs. Skipping.
[2025-03-28T07:55:14.761+0000] {processor.py:927} WARNING - No viable dags retrieved from /opt/airflow/dags/env/Scripts/pyrsa-decrypt.exe
[2025-03-28T07:55:14.798+0000] {processor.py:208} INFO - Processing /opt/airflow/dags/env/Scripts/pyrsa-decrypt.exe took 0.083 seconds
[2025-03-28T08:47:44.741+0000] {processor.py:186} INFO - Started process (PID=1262) to work on /opt/airflow/dags/env/Scripts/pyrsa-decrypt.exe
[2025-03-28T08:47:44.743+0000] {processor.py:914} INFO - Processing file /opt/airflow/dags/env/Scripts/pyrsa-decrypt.exe for tasks to queue
[2025-03-28T08:47:44.745+0000] {logging_mixin.py:190} INFO - [2025-03-28T08:47:44.744+0000] {dagbag.py:588} INFO - Filling up the DagBag from /opt/airflow/dags/env/Scripts/pyrsa-decrypt.exe
[2025-03-28T08:47:44.759+0000] {logging_mixin.py:190} INFO - [2025-03-28T08:47:44.758+0000] {dagbag.py:435} INFO - File /opt/airflow/dags/env/Scripts/pyrsa-decrypt.exe:__main__.py assumed to contain no DAGs. Skipping.
[2025-03-28T08:47:44.760+0000] {processor.py:927} WARNING - No viable dags retrieved from /opt/airflow/dags/env/Scripts/pyrsa-decrypt.exe
[2025-03-28T08:47:44.783+0000] {processor.py:208} INFO - Processing /opt/airflow/dags/env/Scripts/pyrsa-decrypt.exe took 0.054 seconds
[2025-03-28T09:26:53.343+0000] {processor.py:186} INFO - Started process (PID=1439) to work on /opt/airflow/dags/env/Scripts/pyrsa-decrypt.exe
[2025-03-28T09:26:53.345+0000] {processor.py:914} INFO - Processing file /opt/airflow/dags/env/Scripts/pyrsa-decrypt.exe for tasks to queue
[2025-03-28T09:26:53.348+0000] {logging_mixin.py:190} INFO - [2025-03-28T09:26:53.347+0000] {dagbag.py:588} INFO - Filling up the DagBag from /opt/airflow/dags/env/Scripts/pyrsa-decrypt.exe
[2025-03-28T09:26:53.392+0000] {logging_mixin.py:190} INFO - [2025-03-28T09:26:53.391+0000] {dagbag.py:435} INFO - File /opt/airflow/dags/env/Scripts/pyrsa-decrypt.exe:__main__.py assumed to contain no DAGs. Skipping.
[2025-03-28T09:26:53.395+0000] {processor.py:927} WARNING - No viable dags retrieved from /opt/airflow/dags/env/Scripts/pyrsa-decrypt.exe
[2025-03-28T09:26:53.458+0000] {processor.py:208} INFO - Processing /opt/airflow/dags/env/Scripts/pyrsa-decrypt.exe took 0.149 seconds
[2025-03-28T09:31:23.093+0000] {processor.py:186} INFO - Started process (PID=1463) to work on /opt/airflow/dags/env/Scripts/pyrsa-decrypt.exe
[2025-03-28T09:31:23.095+0000] {processor.py:914} INFO - Processing file /opt/airflow/dags/env/Scripts/pyrsa-decrypt.exe for tasks to queue
[2025-03-28T09:31:23.099+0000] {logging_mixin.py:190} INFO - [2025-03-28T09:31:23.098+0000] {dagbag.py:588} INFO - Filling up the DagBag from /opt/airflow/dags/env/Scripts/pyrsa-decrypt.exe
[2025-03-28T09:31:23.126+0000] {logging_mixin.py:190} INFO - [2025-03-28T09:31:23.126+0000] {dagbag.py:435} INFO - File /opt/airflow/dags/env/Scripts/pyrsa-decrypt.exe:__main__.py assumed to contain no DAGs. Skipping.
[2025-03-28T09:31:23.128+0000] {processor.py:927} WARNING - No viable dags retrieved from /opt/airflow/dags/env/Scripts/pyrsa-decrypt.exe
[2025-03-28T09:31:23.195+0000] {processor.py:208} INFO - Processing /opt/airflow/dags/env/Scripts/pyrsa-decrypt.exe took 0.139 seconds
[2025-03-28T09:41:56.624+0000] {processor.py:186} INFO - Started process (PID=1489) to work on /opt/airflow/dags/env/Scripts/pyrsa-decrypt.exe
[2025-03-28T09:41:56.625+0000] {processor.py:914} INFO - Processing file /opt/airflow/dags/env/Scripts/pyrsa-decrypt.exe for tasks to queue
[2025-03-28T09:41:56.627+0000] {logging_mixin.py:190} INFO - [2025-03-28T09:41:56.627+0000] {dagbag.py:588} INFO - Filling up the DagBag from /opt/airflow/dags/env/Scripts/pyrsa-decrypt.exe
[2025-03-28T09:41:56.639+0000] {logging_mixin.py:190} INFO - [2025-03-28T09:41:56.639+0000] {dagbag.py:435} INFO - File /opt/airflow/dags/env/Scripts/pyrsa-decrypt.exe:__main__.py assumed to contain no DAGs. Skipping.
[2025-03-28T09:41:56.640+0000] {processor.py:927} WARNING - No viable dags retrieved from /opt/airflow/dags/env/Scripts/pyrsa-decrypt.exe
[2025-03-28T09:41:56.661+0000] {processor.py:208} INFO - Processing /opt/airflow/dags/env/Scripts/pyrsa-decrypt.exe took 0.048 seconds
[2025-03-28T09:46:59.988+0000] {processor.py:186} INFO - Started process (PID=1513) to work on /opt/airflow/dags/env/Scripts/pyrsa-decrypt.exe
[2025-03-28T09:46:59.989+0000] {processor.py:914} INFO - Processing file /opt/airflow/dags/env/Scripts/pyrsa-decrypt.exe for tasks to queue
[2025-03-28T09:46:59.991+0000] {logging_mixin.py:190} INFO - [2025-03-28T09:46:59.991+0000] {dagbag.py:588} INFO - Filling up the DagBag from /opt/airflow/dags/env/Scripts/pyrsa-decrypt.exe
[2025-03-28T09:47:00.007+0000] {logging_mixin.py:190} INFO - [2025-03-28T09:47:00.007+0000] {dagbag.py:435} INFO - File /opt/airflow/dags/env/Scripts/pyrsa-decrypt.exe:__main__.py assumed to contain no DAGs. Skipping.
[2025-03-28T09:47:00.009+0000] {processor.py:927} WARNING - No viable dags retrieved from /opt/airflow/dags/env/Scripts/pyrsa-decrypt.exe
[2025-03-28T09:47:00.040+0000] {processor.py:208} INFO - Processing /opt/airflow/dags/env/Scripts/pyrsa-decrypt.exe took 0.068 seconds
[2025-03-28T09:47:30.568+0000] {processor.py:186} INFO - Started process (PID=1537) to work on /opt/airflow/dags/env/Scripts/pyrsa-decrypt.exe
[2025-03-28T09:47:30.569+0000] {processor.py:914} INFO - Processing file /opt/airflow/dags/env/Scripts/pyrsa-decrypt.exe for tasks to queue
[2025-03-28T09:47:30.571+0000] {logging_mixin.py:190} INFO - [2025-03-28T09:47:30.570+0000] {dagbag.py:588} INFO - Filling up the DagBag from /opt/airflow/dags/env/Scripts/pyrsa-decrypt.exe
[2025-03-28T09:47:30.585+0000] {logging_mixin.py:190} INFO - [2025-03-28T09:47:30.584+0000] {dagbag.py:435} INFO - File /opt/airflow/dags/env/Scripts/pyrsa-decrypt.exe:__main__.py assumed to contain no DAGs. Skipping.
[2025-03-28T09:47:30.586+0000] {processor.py:927} WARNING - No viable dags retrieved from /opt/airflow/dags/env/Scripts/pyrsa-decrypt.exe
[2025-03-28T09:47:30.607+0000] {processor.py:208} INFO - Processing /opt/airflow/dags/env/Scripts/pyrsa-decrypt.exe took 0.052 seconds
[2025-03-28T09:52:19.842+0000] {processor.py:186} INFO - Started process (PID=1553) to work on /opt/airflow/dags/env/Scripts/pyrsa-decrypt.exe
[2025-03-28T09:52:19.844+0000] {processor.py:914} INFO - Processing file /opt/airflow/dags/env/Scripts/pyrsa-decrypt.exe for tasks to queue
[2025-03-28T09:52:19.847+0000] {logging_mixin.py:190} INFO - [2025-03-28T09:52:19.846+0000] {dagbag.py:588} INFO - Filling up the DagBag from /opt/airflow/dags/env/Scripts/pyrsa-decrypt.exe
[2025-03-28T09:52:19.871+0000] {logging_mixin.py:190} INFO - [2025-03-28T09:52:19.870+0000] {dagbag.py:435} INFO - File /opt/airflow/dags/env/Scripts/pyrsa-decrypt.exe:__main__.py assumed to contain no DAGs. Skipping.
[2025-03-28T09:52:19.873+0000] {processor.py:927} WARNING - No viable dags retrieved from /opt/airflow/dags/env/Scripts/pyrsa-decrypt.exe
[2025-03-28T09:52:19.913+0000] {processor.py:208} INFO - Processing /opt/airflow/dags/env/Scripts/pyrsa-decrypt.exe took 0.095 seconds
[2025-03-28T10:09:04.049+0000] {processor.py:186} INFO - Started process (PID=1578) to work on /opt/airflow/dags/env/Scripts/pyrsa-decrypt.exe
[2025-03-28T10:09:04.051+0000] {processor.py:914} INFO - Processing file /opt/airflow/dags/env/Scripts/pyrsa-decrypt.exe for tasks to queue
[2025-03-28T10:09:04.053+0000] {logging_mixin.py:190} INFO - [2025-03-28T10:09:04.052+0000] {dagbag.py:588} INFO - Filling up the DagBag from /opt/airflow/dags/env/Scripts/pyrsa-decrypt.exe
[2025-03-28T10:09:04.066+0000] {logging_mixin.py:190} INFO - [2025-03-28T10:09:04.066+0000] {dagbag.py:435} INFO - File /opt/airflow/dags/env/Scripts/pyrsa-decrypt.exe:__main__.py assumed to contain no DAGs. Skipping.
[2025-03-28T10:09:04.067+0000] {processor.py:927} WARNING - No viable dags retrieved from /opt/airflow/dags/env/Scripts/pyrsa-decrypt.exe
[2025-03-28T10:09:04.091+0000] {processor.py:208} INFO - Processing /opt/airflow/dags/env/Scripts/pyrsa-decrypt.exe took 0.057 seconds
[2025-03-28T10:09:34.729+0000] {processor.py:186} INFO - Started process (PID=1603) to work on /opt/airflow/dags/env/Scripts/pyrsa-decrypt.exe
[2025-03-28T10:09:34.730+0000] {processor.py:914} INFO - Processing file /opt/airflow/dags/env/Scripts/pyrsa-decrypt.exe for tasks to queue
[2025-03-28T10:09:34.732+0000] {logging_mixin.py:190} INFO - [2025-03-28T10:09:34.732+0000] {dagbag.py:588} INFO - Filling up the DagBag from /opt/airflow/dags/env/Scripts/pyrsa-decrypt.exe
[2025-03-28T10:09:34.745+0000] {logging_mixin.py:190} INFO - [2025-03-28T10:09:34.745+0000] {dagbag.py:435} INFO - File /opt/airflow/dags/env/Scripts/pyrsa-decrypt.exe:__main__.py assumed to contain no DAGs. Skipping.
[2025-03-28T10:09:34.746+0000] {processor.py:927} WARNING - No viable dags retrieved from /opt/airflow/dags/env/Scripts/pyrsa-decrypt.exe
[2025-03-28T10:09:34.768+0000] {processor.py:208} INFO - Processing /opt/airflow/dags/env/Scripts/pyrsa-decrypt.exe took 0.051 seconds
[2025-03-28T10:26:57.141+0000] {processor.py:186} INFO - Started process (PID=1627) to work on /opt/airflow/dags/env/Scripts/pyrsa-decrypt.exe
[2025-03-28T10:26:57.145+0000] {processor.py:914} INFO - Processing file /opt/airflow/dags/env/Scripts/pyrsa-decrypt.exe for tasks to queue
[2025-03-28T10:26:57.148+0000] {logging_mixin.py:190} INFO - [2025-03-28T10:26:57.147+0000] {dagbag.py:588} INFO - Filling up the DagBag from /opt/airflow/dags/env/Scripts/pyrsa-decrypt.exe
[2025-03-28T10:26:57.189+0000] {logging_mixin.py:190} INFO - [2025-03-28T10:26:57.188+0000] {dagbag.py:435} INFO - File /opt/airflow/dags/env/Scripts/pyrsa-decrypt.exe:__main__.py assumed to contain no DAGs. Skipping.
[2025-03-28T10:26:57.190+0000] {processor.py:927} WARNING - No viable dags retrieved from /opt/airflow/dags/env/Scripts/pyrsa-decrypt.exe
[2025-03-28T10:26:57.248+0000] {processor.py:208} INFO - Processing /opt/airflow/dags/env/Scripts/pyrsa-decrypt.exe took 0.137 seconds
[2025-03-28T10:31:20.133+0000] {processor.py:186} INFO - Started process (PID=1653) to work on /opt/airflow/dags/env/Scripts/pyrsa-decrypt.exe
[2025-03-28T10:31:20.135+0000] {processor.py:914} INFO - Processing file /opt/airflow/dags/env/Scripts/pyrsa-decrypt.exe for tasks to queue
[2025-03-28T10:31:20.138+0000] {logging_mixin.py:190} INFO - [2025-03-28T10:31:20.137+0000] {dagbag.py:588} INFO - Filling up the DagBag from /opt/airflow/dags/env/Scripts/pyrsa-decrypt.exe
[2025-03-28T10:31:20.153+0000] {logging_mixin.py:190} INFO - [2025-03-28T10:31:20.153+0000] {dagbag.py:435} INFO - File /opt/airflow/dags/env/Scripts/pyrsa-decrypt.exe:__main__.py assumed to contain no DAGs. Skipping.
[2025-03-28T10:31:20.155+0000] {processor.py:927} WARNING - No viable dags retrieved from /opt/airflow/dags/env/Scripts/pyrsa-decrypt.exe
[2025-03-28T10:31:20.189+0000] {processor.py:208} INFO - Processing /opt/airflow/dags/env/Scripts/pyrsa-decrypt.exe took 0.074 seconds
[2025-03-28T10:31:52.403+0000] {processor.py:186} INFO - Started process (PID=1677) to work on /opt/airflow/dags/env/Scripts/pyrsa-decrypt.exe
[2025-03-28T10:31:52.406+0000] {processor.py:914} INFO - Processing file /opt/airflow/dags/env/Scripts/pyrsa-decrypt.exe for tasks to queue
[2025-03-28T10:31:52.412+0000] {logging_mixin.py:190} INFO - [2025-03-28T10:31:52.411+0000] {dagbag.py:588} INFO - Filling up the DagBag from /opt/airflow/dags/env/Scripts/pyrsa-decrypt.exe
[2025-03-28T10:31:52.433+0000] {logging_mixin.py:190} INFO - [2025-03-28T10:31:52.431+0000] {dagbag.py:435} INFO - File /opt/airflow/dags/env/Scripts/pyrsa-decrypt.exe:__main__.py assumed to contain no DAGs. Skipping.
[2025-03-28T10:31:52.436+0000] {processor.py:927} WARNING - No viable dags retrieved from /opt/airflow/dags/env/Scripts/pyrsa-decrypt.exe
[2025-03-28T10:31:52.479+0000] {processor.py:208} INFO - Processing /opt/airflow/dags/env/Scripts/pyrsa-decrypt.exe took 0.105 seconds
[2025-03-28T10:36:35.547+0000] {processor.py:186} INFO - Started process (PID=1707) to work on /opt/airflow/dags/env/Scripts/pyrsa-decrypt.exe
[2025-03-28T10:36:35.551+0000] {processor.py:914} INFO - Processing file /opt/airflow/dags/env/Scripts/pyrsa-decrypt.exe for tasks to queue
[2025-03-28T10:36:35.554+0000] {logging_mixin.py:190} INFO - [2025-03-28T10:36:35.553+0000] {dagbag.py:588} INFO - Filling up the DagBag from /opt/airflow/dags/env/Scripts/pyrsa-decrypt.exe
[2025-03-28T10:36:35.579+0000] {logging_mixin.py:190} INFO - [2025-03-28T10:36:35.579+0000] {dagbag.py:435} INFO - File /opt/airflow/dags/env/Scripts/pyrsa-decrypt.exe:__main__.py assumed to contain no DAGs. Skipping.
[2025-03-28T10:36:35.581+0000] {processor.py:927} WARNING - No viable dags retrieved from /opt/airflow/dags/env/Scripts/pyrsa-decrypt.exe
[2025-03-28T10:36:35.621+0000] {processor.py:208} INFO - Processing /opt/airflow/dags/env/Scripts/pyrsa-decrypt.exe took 0.110 seconds
[2025-03-28T10:37:06.567+0000] {processor.py:186} INFO - Started process (PID=1731) to work on /opt/airflow/dags/env/Scripts/pyrsa-decrypt.exe
[2025-03-28T10:37:06.569+0000] {processor.py:914} INFO - Processing file /opt/airflow/dags/env/Scripts/pyrsa-decrypt.exe for tasks to queue
[2025-03-28T10:37:06.572+0000] {logging_mixin.py:190} INFO - [2025-03-28T10:37:06.571+0000] {dagbag.py:588} INFO - Filling up the DagBag from /opt/airflow/dags/env/Scripts/pyrsa-decrypt.exe
[2025-03-28T10:37:06.596+0000] {logging_mixin.py:190} INFO - [2025-03-28T10:37:06.595+0000] {dagbag.py:435} INFO - File /opt/airflow/dags/env/Scripts/pyrsa-decrypt.exe:__main__.py assumed to contain no DAGs. Skipping.
[2025-03-28T10:37:06.598+0000] {processor.py:927} WARNING - No viable dags retrieved from /opt/airflow/dags/env/Scripts/pyrsa-decrypt.exe
[2025-03-28T10:37:06.645+0000] {processor.py:208} INFO - Processing /opt/airflow/dags/env/Scripts/pyrsa-decrypt.exe took 0.102 seconds
[2025-03-28T11:52:23.241+0000] {processor.py:186} INFO - Started process (PID=1752) to work on /opt/airflow/dags/env/Scripts/pyrsa-decrypt.exe
[2025-03-28T11:52:23.243+0000] {processor.py:914} INFO - Processing file /opt/airflow/dags/env/Scripts/pyrsa-decrypt.exe for tasks to queue
[2025-03-28T11:52:23.245+0000] {logging_mixin.py:190} INFO - [2025-03-28T11:52:23.245+0000] {dagbag.py:588} INFO - Filling up the DagBag from /opt/airflow/dags/env/Scripts/pyrsa-decrypt.exe
[2025-03-28T11:52:23.259+0000] {logging_mixin.py:190} INFO - [2025-03-28T11:52:23.259+0000] {dagbag.py:435} INFO - File /opt/airflow/dags/env/Scripts/pyrsa-decrypt.exe:__main__.py assumed to contain no DAGs. Skipping.
[2025-03-28T11:52:23.260+0000] {processor.py:927} WARNING - No viable dags retrieved from /opt/airflow/dags/env/Scripts/pyrsa-decrypt.exe
[2025-03-28T11:52:23.295+0000] {processor.py:208} INFO - Processing /opt/airflow/dags/env/Scripts/pyrsa-decrypt.exe took 0.067 seconds
[2025-03-28T11:52:59.957+0000] {processor.py:186} INFO - Started process (PID=1776) to work on /opt/airflow/dags/env/Scripts/pyrsa-decrypt.exe
[2025-03-28T11:52:59.959+0000] {processor.py:914} INFO - Processing file /opt/airflow/dags/env/Scripts/pyrsa-decrypt.exe for tasks to queue
[2025-03-28T11:52:59.962+0000] {logging_mixin.py:190} INFO - [2025-03-28T11:52:59.962+0000] {dagbag.py:588} INFO - Filling up the DagBag from /opt/airflow/dags/env/Scripts/pyrsa-decrypt.exe
[2025-03-28T11:52:59.989+0000] {logging_mixin.py:190} INFO - [2025-03-28T11:52:59.988+0000] {dagbag.py:435} INFO - File /opt/airflow/dags/env/Scripts/pyrsa-decrypt.exe:__main__.py assumed to contain no DAGs. Skipping.
[2025-03-28T11:52:59.991+0000] {processor.py:927} WARNING - No viable dags retrieved from /opt/airflow/dags/env/Scripts/pyrsa-decrypt.exe
[2025-03-28T11:53:00.080+0000] {processor.py:208} INFO - Processing /opt/airflow/dags/env/Scripts/pyrsa-decrypt.exe took 0.149 seconds
[2025-03-28T12:52:06.460+0000] {processor.py:186} INFO - Started process (PID=1799) to work on /opt/airflow/dags/env/Scripts/pyrsa-decrypt.exe
[2025-03-28T12:52:06.461+0000] {processor.py:914} INFO - Processing file /opt/airflow/dags/env/Scripts/pyrsa-decrypt.exe for tasks to queue
[2025-03-28T12:52:06.463+0000] {logging_mixin.py:190} INFO - [2025-03-28T12:52:06.463+0000] {dagbag.py:588} INFO - Filling up the DagBag from /opt/airflow/dags/env/Scripts/pyrsa-decrypt.exe
[2025-03-28T12:52:06.477+0000] {logging_mixin.py:190} INFO - [2025-03-28T12:52:06.477+0000] {dagbag.py:435} INFO - File /opt/airflow/dags/env/Scripts/pyrsa-decrypt.exe:__main__.py assumed to contain no DAGs. Skipping.
[2025-03-28T12:52:06.478+0000] {processor.py:927} WARNING - No viable dags retrieved from /opt/airflow/dags/env/Scripts/pyrsa-decrypt.exe
[2025-03-28T12:52:06.503+0000] {processor.py:208} INFO - Processing /opt/airflow/dags/env/Scripts/pyrsa-decrypt.exe took 0.056 seconds
[2025-03-28T12:52:37.599+0000] {processor.py:186} INFO - Started process (PID=1823) to work on /opt/airflow/dags/env/Scripts/pyrsa-decrypt.exe
[2025-03-28T12:52:37.600+0000] {processor.py:914} INFO - Processing file /opt/airflow/dags/env/Scripts/pyrsa-decrypt.exe for tasks to queue
[2025-03-28T12:52:37.602+0000] {logging_mixin.py:190} INFO - [2025-03-28T12:52:37.602+0000] {dagbag.py:588} INFO - Filling up the DagBag from /opt/airflow/dags/env/Scripts/pyrsa-decrypt.exe
[2025-03-28T12:52:37.616+0000] {logging_mixin.py:190} INFO - [2025-03-28T12:52:37.616+0000] {dagbag.py:435} INFO - File /opt/airflow/dags/env/Scripts/pyrsa-decrypt.exe:__main__.py assumed to contain no DAGs. Skipping.
[2025-03-28T12:52:37.618+0000] {processor.py:927} WARNING - No viable dags retrieved from /opt/airflow/dags/env/Scripts/pyrsa-decrypt.exe
[2025-03-28T12:52:37.643+0000] {processor.py:208} INFO - Processing /opt/airflow/dags/env/Scripts/pyrsa-decrypt.exe took 0.064 seconds
[2025-03-28T12:56:59.006+0000] {processor.py:186} INFO - Started process (PID=1849) to work on /opt/airflow/dags/env/Scripts/pyrsa-decrypt.exe
[2025-03-28T12:56:59.007+0000] {processor.py:914} INFO - Processing file /opt/airflow/dags/env/Scripts/pyrsa-decrypt.exe for tasks to queue
[2025-03-28T12:56:59.009+0000] {logging_mixin.py:190} INFO - [2025-03-28T12:56:59.008+0000] {dagbag.py:588} INFO - Filling up the DagBag from /opt/airflow/dags/env/Scripts/pyrsa-decrypt.exe
[2025-03-28T12:56:59.020+0000] {logging_mixin.py:190} INFO - [2025-03-28T12:56:59.019+0000] {dagbag.py:435} INFO - File /opt/airflow/dags/env/Scripts/pyrsa-decrypt.exe:__main__.py assumed to contain no DAGs. Skipping.
[2025-03-28T12:56:59.020+0000] {processor.py:927} WARNING - No viable dags retrieved from /opt/airflow/dags/env/Scripts/pyrsa-decrypt.exe
[2025-03-28T12:56:59.042+0000] {processor.py:208} INFO - Processing /opt/airflow/dags/env/Scripts/pyrsa-decrypt.exe took 0.048 seconds
[2025-03-28T12:57:30.243+0000] {processor.py:186} INFO - Started process (PID=1873) to work on /opt/airflow/dags/env/Scripts/pyrsa-decrypt.exe
[2025-03-28T12:57:30.244+0000] {processor.py:914} INFO - Processing file /opt/airflow/dags/env/Scripts/pyrsa-decrypt.exe for tasks to queue
[2025-03-28T12:57:30.246+0000] {logging_mixin.py:190} INFO - [2025-03-28T12:57:30.246+0000] {dagbag.py:588} INFO - Filling up the DagBag from /opt/airflow/dags/env/Scripts/pyrsa-decrypt.exe
[2025-03-28T12:57:30.260+0000] {logging_mixin.py:190} INFO - [2025-03-28T12:57:30.259+0000] {dagbag.py:435} INFO - File /opt/airflow/dags/env/Scripts/pyrsa-decrypt.exe:__main__.py assumed to contain no DAGs. Skipping.
[2025-03-28T12:57:30.261+0000] {processor.py:927} WARNING - No viable dags retrieved from /opt/airflow/dags/env/Scripts/pyrsa-decrypt.exe
[2025-03-28T12:57:30.282+0000] {processor.py:208} INFO - Processing /opt/airflow/dags/env/Scripts/pyrsa-decrypt.exe took 0.051 seconds
[2025-03-28T13:02:00.816+0000] {processor.py:186} INFO - Started process (PID=1902) to work on /opt/airflow/dags/env/Scripts/pyrsa-decrypt.exe
[2025-03-28T13:02:00.817+0000] {processor.py:914} INFO - Processing file /opt/airflow/dags/env/Scripts/pyrsa-decrypt.exe for tasks to queue
[2025-03-28T13:02:00.819+0000] {logging_mixin.py:190} INFO - [2025-03-28T13:02:00.819+0000] {dagbag.py:588} INFO - Filling up the DagBag from /opt/airflow/dags/env/Scripts/pyrsa-decrypt.exe
[2025-03-28T13:02:00.830+0000] {logging_mixin.py:190} INFO - [2025-03-28T13:02:00.830+0000] {dagbag.py:435} INFO - File /opt/airflow/dags/env/Scripts/pyrsa-decrypt.exe:__main__.py assumed to contain no DAGs. Skipping.
[2025-03-28T13:02:00.831+0000] {processor.py:927} WARNING - No viable dags retrieved from /opt/airflow/dags/env/Scripts/pyrsa-decrypt.exe
[2025-03-28T13:02:00.852+0000] {processor.py:208} INFO - Processing /opt/airflow/dags/env/Scripts/pyrsa-decrypt.exe took 0.048 seconds
[2025-03-28T13:02:32.125+0000] {processor.py:186} INFO - Started process (PID=1926) to work on /opt/airflow/dags/env/Scripts/pyrsa-decrypt.exe
[2025-03-28T13:02:32.127+0000] {processor.py:914} INFO - Processing file /opt/airflow/dags/env/Scripts/pyrsa-decrypt.exe for tasks to queue
[2025-03-28T13:02:32.130+0000] {logging_mixin.py:190} INFO - [2025-03-28T13:02:32.130+0000] {dagbag.py:588} INFO - Filling up the DagBag from /opt/airflow/dags/env/Scripts/pyrsa-decrypt.exe
[2025-03-28T13:02:32.150+0000] {logging_mixin.py:190} INFO - [2025-03-28T13:02:32.149+0000] {dagbag.py:435} INFO - File /opt/airflow/dags/env/Scripts/pyrsa-decrypt.exe:__main__.py assumed to contain no DAGs. Skipping.
[2025-03-28T13:02:32.151+0000] {processor.py:927} WARNING - No viable dags retrieved from /opt/airflow/dags/env/Scripts/pyrsa-decrypt.exe
[2025-03-28T13:02:32.191+0000] {processor.py:208} INFO - Processing /opt/airflow/dags/env/Scripts/pyrsa-decrypt.exe took 0.095 seconds
[2025-03-28T13:06:57.636+0000] {processor.py:186} INFO - Started process (PID=1953) to work on /opt/airflow/dags/env/Scripts/pyrsa-decrypt.exe
[2025-03-28T13:06:57.638+0000] {processor.py:914} INFO - Processing file /opt/airflow/dags/env/Scripts/pyrsa-decrypt.exe for tasks to queue
[2025-03-28T13:06:57.641+0000] {logging_mixin.py:190} INFO - [2025-03-28T13:06:57.640+0000] {dagbag.py:588} INFO - Filling up the DagBag from /opt/airflow/dags/env/Scripts/pyrsa-decrypt.exe
[2025-03-28T13:06:57.656+0000] {logging_mixin.py:190} INFO - [2025-03-28T13:06:57.656+0000] {dagbag.py:435} INFO - File /opt/airflow/dags/env/Scripts/pyrsa-decrypt.exe:__main__.py assumed to contain no DAGs. Skipping.
[2025-03-28T13:06:57.657+0000] {processor.py:927} WARNING - No viable dags retrieved from /opt/airflow/dags/env/Scripts/pyrsa-decrypt.exe
[2025-03-28T13:06:57.682+0000] {processor.py:208} INFO - Processing /opt/airflow/dags/env/Scripts/pyrsa-decrypt.exe took 0.067 seconds
[2025-03-28T13:07:29.202+0000] {processor.py:186} INFO - Started process (PID=1977) to work on /opt/airflow/dags/env/Scripts/pyrsa-decrypt.exe
[2025-03-28T13:07:29.203+0000] {processor.py:914} INFO - Processing file /opt/airflow/dags/env/Scripts/pyrsa-decrypt.exe for tasks to queue
[2025-03-28T13:07:29.205+0000] {logging_mixin.py:190} INFO - [2025-03-28T13:07:29.204+0000] {dagbag.py:588} INFO - Filling up the DagBag from /opt/airflow/dags/env/Scripts/pyrsa-decrypt.exe
[2025-03-28T13:07:29.219+0000] {logging_mixin.py:190} INFO - [2025-03-28T13:07:29.218+0000] {dagbag.py:435} INFO - File /opt/airflow/dags/env/Scripts/pyrsa-decrypt.exe:__main__.py assumed to contain no DAGs. Skipping.
[2025-03-28T13:07:29.220+0000] {processor.py:927} WARNING - No viable dags retrieved from /opt/airflow/dags/env/Scripts/pyrsa-decrypt.exe
[2025-03-28T13:07:29.245+0000] {processor.py:208} INFO - Processing /opt/airflow/dags/env/Scripts/pyrsa-decrypt.exe took 0.057 seconds
[2025-03-28T13:11:55.113+0000] {processor.py:186} INFO - Started process (PID=2007) to work on /opt/airflow/dags/env/Scripts/pyrsa-decrypt.exe
[2025-03-28T13:11:55.114+0000] {processor.py:914} INFO - Processing file /opt/airflow/dags/env/Scripts/pyrsa-decrypt.exe for tasks to queue
[2025-03-28T13:11:55.116+0000] {logging_mixin.py:190} INFO - [2025-03-28T13:11:55.116+0000] {dagbag.py:588} INFO - Filling up the DagBag from /opt/airflow/dags/env/Scripts/pyrsa-decrypt.exe
[2025-03-28T13:11:55.132+0000] {logging_mixin.py:190} INFO - [2025-03-28T13:11:55.131+0000] {dagbag.py:435} INFO - File /opt/airflow/dags/env/Scripts/pyrsa-decrypt.exe:__main__.py assumed to contain no DAGs. Skipping.
[2025-03-28T13:11:55.133+0000] {processor.py:927} WARNING - No viable dags retrieved from /opt/airflow/dags/env/Scripts/pyrsa-decrypt.exe
[2025-03-28T13:11:55.157+0000] {processor.py:208} INFO - Processing /opt/airflow/dags/env/Scripts/pyrsa-decrypt.exe took 0.060 seconds
[2025-03-28T13:12:26.772+0000] {processor.py:186} INFO - Started process (PID=2031) to work on /opt/airflow/dags/env/Scripts/pyrsa-decrypt.exe
[2025-03-28T13:12:26.774+0000] {processor.py:914} INFO - Processing file /opt/airflow/dags/env/Scripts/pyrsa-decrypt.exe for tasks to queue
[2025-03-28T13:12:26.777+0000] {logging_mixin.py:190} INFO - [2025-03-28T13:12:26.776+0000] {dagbag.py:588} INFO - Filling up the DagBag from /opt/airflow/dags/env/Scripts/pyrsa-decrypt.exe
[2025-03-28T13:12:26.793+0000] {logging_mixin.py:190} INFO - [2025-03-28T13:12:26.793+0000] {dagbag.py:435} INFO - File /opt/airflow/dags/env/Scripts/pyrsa-decrypt.exe:__main__.py assumed to contain no DAGs. Skipping.
[2025-03-28T13:12:26.795+0000] {processor.py:927} WARNING - No viable dags retrieved from /opt/airflow/dags/env/Scripts/pyrsa-decrypt.exe
[2025-03-28T13:12:26.822+0000] {processor.py:208} INFO - Processing /opt/airflow/dags/env/Scripts/pyrsa-decrypt.exe took 0.075 seconds
[2025-03-28T13:16:59.929+0000] {processor.py:186} INFO - Started process (PID=2063) to work on /opt/airflow/dags/env/Scripts/pyrsa-decrypt.exe
[2025-03-28T13:16:59.930+0000] {processor.py:914} INFO - Processing file /opt/airflow/dags/env/Scripts/pyrsa-decrypt.exe for tasks to queue
[2025-03-28T13:16:59.932+0000] {logging_mixin.py:190} INFO - [2025-03-28T13:16:59.932+0000] {dagbag.py:588} INFO - Filling up the DagBag from /opt/airflow/dags/env/Scripts/pyrsa-decrypt.exe
[2025-03-28T13:16:59.946+0000] {logging_mixin.py:190} INFO - [2025-03-28T13:16:59.946+0000] {dagbag.py:435} INFO - File /opt/airflow/dags/env/Scripts/pyrsa-decrypt.exe:__main__.py assumed to contain no DAGs. Skipping.
[2025-03-28T13:16:59.947+0000] {processor.py:927} WARNING - No viable dags retrieved from /opt/airflow/dags/env/Scripts/pyrsa-decrypt.exe
[2025-03-28T13:16:59.970+0000] {processor.py:208} INFO - Processing /opt/airflow/dags/env/Scripts/pyrsa-decrypt.exe took 0.055 seconds
[2025-03-28T13:17:32.660+0000] {processor.py:186} INFO - Started process (PID=2087) to work on /opt/airflow/dags/env/Scripts/pyrsa-decrypt.exe
[2025-03-28T13:17:32.661+0000] {processor.py:914} INFO - Processing file /opt/airflow/dags/env/Scripts/pyrsa-decrypt.exe for tasks to queue
[2025-03-28T13:17:32.663+0000] {logging_mixin.py:190} INFO - [2025-03-28T13:17:32.663+0000] {dagbag.py:588} INFO - Filling up the DagBag from /opt/airflow/dags/env/Scripts/pyrsa-decrypt.exe
[2025-03-28T13:17:32.676+0000] {logging_mixin.py:190} INFO - [2025-03-28T13:17:32.676+0000] {dagbag.py:435} INFO - File /opt/airflow/dags/env/Scripts/pyrsa-decrypt.exe:__main__.py assumed to contain no DAGs. Skipping.
[2025-03-28T13:17:32.677+0000] {processor.py:927} WARNING - No viable dags retrieved from /opt/airflow/dags/env/Scripts/pyrsa-decrypt.exe
[2025-03-28T13:17:32.699+0000] {processor.py:208} INFO - Processing /opt/airflow/dags/env/Scripts/pyrsa-decrypt.exe took 0.051 seconds
[2025-03-28T13:22:01.104+0000] {processor.py:186} INFO - Started process (PID=2115) to work on /opt/airflow/dags/env/Scripts/pyrsa-decrypt.exe
[2025-03-28T13:22:01.106+0000] {processor.py:914} INFO - Processing file /opt/airflow/dags/env/Scripts/pyrsa-decrypt.exe for tasks to queue
[2025-03-28T13:22:01.109+0000] {logging_mixin.py:190} INFO - [2025-03-28T13:22:01.109+0000] {dagbag.py:588} INFO - Filling up the DagBag from /opt/airflow/dags/env/Scripts/pyrsa-decrypt.exe
[2025-03-28T13:22:01.128+0000] {logging_mixin.py:190} INFO - [2025-03-28T13:22:01.128+0000] {dagbag.py:435} INFO - File /opt/airflow/dags/env/Scripts/pyrsa-decrypt.exe:__main__.py assumed to contain no DAGs. Skipping.
[2025-03-28T13:22:01.130+0000] {processor.py:927} WARNING - No viable dags retrieved from /opt/airflow/dags/env/Scripts/pyrsa-decrypt.exe
[2025-03-28T13:22:01.154+0000] {processor.py:208} INFO - Processing /opt/airflow/dags/env/Scripts/pyrsa-decrypt.exe took 0.076 seconds
[2025-03-28T13:22:32.363+0000] {processor.py:186} INFO - Started process (PID=2139) to work on /opt/airflow/dags/env/Scripts/pyrsa-decrypt.exe
[2025-03-28T13:22:32.364+0000] {processor.py:914} INFO - Processing file /opt/airflow/dags/env/Scripts/pyrsa-decrypt.exe for tasks to queue
[2025-03-28T13:22:32.366+0000] {logging_mixin.py:190} INFO - [2025-03-28T13:22:32.365+0000] {dagbag.py:588} INFO - Filling up the DagBag from /opt/airflow/dags/env/Scripts/pyrsa-decrypt.exe
[2025-03-28T13:22:32.378+0000] {logging_mixin.py:190} INFO - [2025-03-28T13:22:32.377+0000] {dagbag.py:435} INFO - File /opt/airflow/dags/env/Scripts/pyrsa-decrypt.exe:__main__.py assumed to contain no DAGs. Skipping.
[2025-03-28T13:22:32.379+0000] {processor.py:927} WARNING - No viable dags retrieved from /opt/airflow/dags/env/Scripts/pyrsa-decrypt.exe
[2025-03-28T13:22:32.401+0000] {processor.py:208} INFO - Processing /opt/airflow/dags/env/Scripts/pyrsa-decrypt.exe took 0.051 seconds
[2025-03-28T13:26:56.337+0000] {processor.py:186} INFO - Started process (PID=2167) to work on /opt/airflow/dags/env/Scripts/pyrsa-decrypt.exe
[2025-03-28T13:26:56.339+0000] {processor.py:914} INFO - Processing file /opt/airflow/dags/env/Scripts/pyrsa-decrypt.exe for tasks to queue
[2025-03-28T13:26:56.341+0000] {logging_mixin.py:190} INFO - [2025-03-28T13:26:56.341+0000] {dagbag.py:588} INFO - Filling up the DagBag from /opt/airflow/dags/env/Scripts/pyrsa-decrypt.exe
[2025-03-28T13:26:56.365+0000] {logging_mixin.py:190} INFO - [2025-03-28T13:26:56.365+0000] {dagbag.py:435} INFO - File /opt/airflow/dags/env/Scripts/pyrsa-decrypt.exe:__main__.py assumed to contain no DAGs. Skipping.
[2025-03-28T13:26:56.367+0000] {processor.py:927} WARNING - No viable dags retrieved from /opt/airflow/dags/env/Scripts/pyrsa-decrypt.exe
[2025-03-28T13:26:56.392+0000] {processor.py:208} INFO - Processing /opt/airflow/dags/env/Scripts/pyrsa-decrypt.exe took 0.074 seconds
[2025-03-28T13:27:27.951+0000] {processor.py:186} INFO - Started process (PID=2191) to work on /opt/airflow/dags/env/Scripts/pyrsa-decrypt.exe
[2025-03-28T13:27:27.952+0000] {processor.py:914} INFO - Processing file /opt/airflow/dags/env/Scripts/pyrsa-decrypt.exe for tasks to queue
[2025-03-28T13:27:27.954+0000] {logging_mixin.py:190} INFO - [2025-03-28T13:27:27.954+0000] {dagbag.py:588} INFO - Filling up the DagBag from /opt/airflow/dags/env/Scripts/pyrsa-decrypt.exe
[2025-03-28T13:27:27.974+0000] {logging_mixin.py:190} INFO - [2025-03-28T13:27:27.974+0000] {dagbag.py:435} INFO - File /opt/airflow/dags/env/Scripts/pyrsa-decrypt.exe:__main__.py assumed to contain no DAGs. Skipping.
[2025-03-28T13:27:27.976+0000] {processor.py:927} WARNING - No viable dags retrieved from /opt/airflow/dags/env/Scripts/pyrsa-decrypt.exe
[2025-03-28T13:27:28.009+0000] {processor.py:208} INFO - Processing /opt/airflow/dags/env/Scripts/pyrsa-decrypt.exe took 0.079 seconds
[2025-03-28T13:31:58.820+0000] {processor.py:186} INFO - Started process (PID=2223) to work on /opt/airflow/dags/env/Scripts/pyrsa-decrypt.exe
[2025-03-28T13:31:58.821+0000] {processor.py:914} INFO - Processing file /opt/airflow/dags/env/Scripts/pyrsa-decrypt.exe for tasks to queue
[2025-03-28T13:31:58.825+0000] {logging_mixin.py:190} INFO - [2025-03-28T13:31:58.824+0000] {dagbag.py:588} INFO - Filling up the DagBag from /opt/airflow/dags/env/Scripts/pyrsa-decrypt.exe
[2025-03-28T13:31:58.846+0000] {logging_mixin.py:190} INFO - [2025-03-28T13:31:58.845+0000] {dagbag.py:435} INFO - File /opt/airflow/dags/env/Scripts/pyrsa-decrypt.exe:__main__.py assumed to contain no DAGs. Skipping.
[2025-03-28T13:31:58.847+0000] {processor.py:927} WARNING - No viable dags retrieved from /opt/airflow/dags/env/Scripts/pyrsa-decrypt.exe
[2025-03-28T13:31:58.883+0000] {processor.py:208} INFO - Processing /opt/airflow/dags/env/Scripts/pyrsa-decrypt.exe took 0.086 seconds
[2025-03-28T13:32:30.490+0000] {processor.py:186} INFO - Started process (PID=2247) to work on /opt/airflow/dags/env/Scripts/pyrsa-decrypt.exe
[2025-03-28T13:32:30.494+0000] {processor.py:914} INFO - Processing file /opt/airflow/dags/env/Scripts/pyrsa-decrypt.exe for tasks to queue
[2025-03-28T13:32:30.497+0000] {logging_mixin.py:190} INFO - [2025-03-28T13:32:30.496+0000] {dagbag.py:588} INFO - Filling up the DagBag from /opt/airflow/dags/env/Scripts/pyrsa-decrypt.exe
[2025-03-28T13:32:30.518+0000] {logging_mixin.py:190} INFO - [2025-03-28T13:32:30.518+0000] {dagbag.py:435} INFO - File /opt/airflow/dags/env/Scripts/pyrsa-decrypt.exe:__main__.py assumed to contain no DAGs. Skipping.
[2025-03-28T13:32:30.520+0000] {processor.py:927} WARNING - No viable dags retrieved from /opt/airflow/dags/env/Scripts/pyrsa-decrypt.exe
[2025-03-28T13:32:30.549+0000] {processor.py:208} INFO - Processing /opt/airflow/dags/env/Scripts/pyrsa-decrypt.exe took 0.079 seconds
[2025-03-28T13:37:01.970+0000] {processor.py:186} INFO - Started process (PID=2277) to work on /opt/airflow/dags/env/Scripts/pyrsa-decrypt.exe
[2025-03-28T13:37:01.971+0000] {processor.py:914} INFO - Processing file /opt/airflow/dags/env/Scripts/pyrsa-decrypt.exe for tasks to queue
[2025-03-28T13:37:01.973+0000] {logging_mixin.py:190} INFO - [2025-03-28T13:37:01.973+0000] {dagbag.py:588} INFO - Filling up the DagBag from /opt/airflow/dags/env/Scripts/pyrsa-decrypt.exe
[2025-03-28T13:37:01.985+0000] {logging_mixin.py:190} INFO - [2025-03-28T13:37:01.985+0000] {dagbag.py:435} INFO - File /opt/airflow/dags/env/Scripts/pyrsa-decrypt.exe:__main__.py assumed to contain no DAGs. Skipping.
[2025-03-28T13:37:01.986+0000] {processor.py:927} WARNING - No viable dags retrieved from /opt/airflow/dags/env/Scripts/pyrsa-decrypt.exe
[2025-03-28T13:37:02.008+0000] {processor.py:208} INFO - Processing /opt/airflow/dags/env/Scripts/pyrsa-decrypt.exe took 0.049 seconds
[2025-03-28T13:37:33.561+0000] {processor.py:186} INFO - Started process (PID=2301) to work on /opt/airflow/dags/env/Scripts/pyrsa-decrypt.exe
[2025-03-28T13:37:33.562+0000] {processor.py:914} INFO - Processing file /opt/airflow/dags/env/Scripts/pyrsa-decrypt.exe for tasks to queue
[2025-03-28T13:37:33.564+0000] {logging_mixin.py:190} INFO - [2025-03-28T13:37:33.564+0000] {dagbag.py:588} INFO - Filling up the DagBag from /opt/airflow/dags/env/Scripts/pyrsa-decrypt.exe
[2025-03-28T13:37:33.577+0000] {logging_mixin.py:190} INFO - [2025-03-28T13:37:33.577+0000] {dagbag.py:435} INFO - File /opt/airflow/dags/env/Scripts/pyrsa-decrypt.exe:__main__.py assumed to contain no DAGs. Skipping.
[2025-03-28T13:37:33.578+0000] {processor.py:927} WARNING - No viable dags retrieved from /opt/airflow/dags/env/Scripts/pyrsa-decrypt.exe
[2025-03-28T13:37:33.601+0000] {processor.py:208} INFO - Processing /opt/airflow/dags/env/Scripts/pyrsa-decrypt.exe took 0.051 seconds
[2025-03-28T13:41:57.633+0000] {processor.py:186} INFO - Started process (PID=2328) to work on /opt/airflow/dags/env/Scripts/pyrsa-decrypt.exe
[2025-03-28T13:41:57.634+0000] {processor.py:914} INFO - Processing file /opt/airflow/dags/env/Scripts/pyrsa-decrypt.exe for tasks to queue
[2025-03-28T13:41:57.636+0000] {logging_mixin.py:190} INFO - [2025-03-28T13:41:57.635+0000] {dagbag.py:588} INFO - Filling up the DagBag from /opt/airflow/dags/env/Scripts/pyrsa-decrypt.exe
[2025-03-28T13:41:57.647+0000] {logging_mixin.py:190} INFO - [2025-03-28T13:41:57.647+0000] {dagbag.py:435} INFO - File /opt/airflow/dags/env/Scripts/pyrsa-decrypt.exe:__main__.py assumed to contain no DAGs. Skipping.
[2025-03-28T13:41:57.648+0000] {processor.py:927} WARNING - No viable dags retrieved from /opt/airflow/dags/env/Scripts/pyrsa-decrypt.exe
[2025-03-28T13:41:57.670+0000] {processor.py:208} INFO - Processing /opt/airflow/dags/env/Scripts/pyrsa-decrypt.exe took 0.049 seconds
[2025-03-28T13:42:29.125+0000] {processor.py:186} INFO - Started process (PID=2352) to work on /opt/airflow/dags/env/Scripts/pyrsa-decrypt.exe
[2025-03-28T13:42:29.126+0000] {processor.py:914} INFO - Processing file /opt/airflow/dags/env/Scripts/pyrsa-decrypt.exe for tasks to queue
[2025-03-28T13:42:29.128+0000] {logging_mixin.py:190} INFO - [2025-03-28T13:42:29.128+0000] {dagbag.py:588} INFO - Filling up the DagBag from /opt/airflow/dags/env/Scripts/pyrsa-decrypt.exe
[2025-03-28T13:42:29.141+0000] {logging_mixin.py:190} INFO - [2025-03-28T13:42:29.141+0000] {dagbag.py:435} INFO - File /opt/airflow/dags/env/Scripts/pyrsa-decrypt.exe:__main__.py assumed to contain no DAGs. Skipping.
[2025-03-28T13:42:29.144+0000] {processor.py:927} WARNING - No viable dags retrieved from /opt/airflow/dags/env/Scripts/pyrsa-decrypt.exe
[2025-03-28T13:42:29.167+0000] {processor.py:208} INFO - Processing /opt/airflow/dags/env/Scripts/pyrsa-decrypt.exe took 0.054 seconds
[2025-03-28T13:46:55.977+0000] {processor.py:186} INFO - Started process (PID=2383) to work on /opt/airflow/dags/env/Scripts/pyrsa-decrypt.exe
[2025-03-28T13:46:55.979+0000] {processor.py:914} INFO - Processing file /opt/airflow/dags/env/Scripts/pyrsa-decrypt.exe for tasks to queue
[2025-03-28T13:46:55.980+0000] {logging_mixin.py:190} INFO - [2025-03-28T13:46:55.980+0000] {dagbag.py:588} INFO - Filling up the DagBag from /opt/airflow/dags/env/Scripts/pyrsa-decrypt.exe
[2025-03-28T13:46:55.992+0000] {logging_mixin.py:190} INFO - [2025-03-28T13:46:55.991+0000] {dagbag.py:435} INFO - File /opt/airflow/dags/env/Scripts/pyrsa-decrypt.exe:__main__.py assumed to contain no DAGs. Skipping.
[2025-03-28T13:46:55.993+0000] {processor.py:927} WARNING - No viable dags retrieved from /opt/airflow/dags/env/Scripts/pyrsa-decrypt.exe
[2025-03-28T13:46:56.016+0000] {processor.py:208} INFO - Processing /opt/airflow/dags/env/Scripts/pyrsa-decrypt.exe took 0.051 seconds
[2025-03-28T13:47:27.486+0000] {processor.py:186} INFO - Started process (PID=2407) to work on /opt/airflow/dags/env/Scripts/pyrsa-decrypt.exe
[2025-03-28T13:47:27.487+0000] {processor.py:914} INFO - Processing file /opt/airflow/dags/env/Scripts/pyrsa-decrypt.exe for tasks to queue
[2025-03-28T13:47:27.489+0000] {logging_mixin.py:190} INFO - [2025-03-28T13:47:27.488+0000] {dagbag.py:588} INFO - Filling up the DagBag from /opt/airflow/dags/env/Scripts/pyrsa-decrypt.exe
[2025-03-28T13:47:27.506+0000] {logging_mixin.py:190} INFO - [2025-03-28T13:47:27.505+0000] {dagbag.py:435} INFO - File /opt/airflow/dags/env/Scripts/pyrsa-decrypt.exe:__main__.py assumed to contain no DAGs. Skipping.
[2025-03-28T13:47:27.508+0000] {processor.py:927} WARNING - No viable dags retrieved from /opt/airflow/dags/env/Scripts/pyrsa-decrypt.exe
[2025-03-28T13:47:27.531+0000] {processor.py:208} INFO - Processing /opt/airflow/dags/env/Scripts/pyrsa-decrypt.exe took 0.058 seconds
[2025-03-28T13:51:59.482+0000] {processor.py:186} INFO - Started process (PID=2441) to work on /opt/airflow/dags/env/Scripts/pyrsa-decrypt.exe
[2025-03-28T13:51:59.483+0000] {processor.py:914} INFO - Processing file /opt/airflow/dags/env/Scripts/pyrsa-decrypt.exe for tasks to queue
[2025-03-28T13:51:59.485+0000] {logging_mixin.py:190} INFO - [2025-03-28T13:51:59.485+0000] {dagbag.py:588} INFO - Filling up the DagBag from /opt/airflow/dags/env/Scripts/pyrsa-decrypt.exe
[2025-03-28T13:51:59.496+0000] {logging_mixin.py:190} INFO - [2025-03-28T13:51:59.496+0000] {dagbag.py:435} INFO - File /opt/airflow/dags/env/Scripts/pyrsa-decrypt.exe:__main__.py assumed to contain no DAGs. Skipping.
[2025-03-28T13:51:59.497+0000] {processor.py:927} WARNING - No viable dags retrieved from /opt/airflow/dags/env/Scripts/pyrsa-decrypt.exe
[2025-03-28T13:51:59.519+0000] {processor.py:208} INFO - Processing /opt/airflow/dags/env/Scripts/pyrsa-decrypt.exe took 0.051 seconds
[2025-03-28T13:52:30.995+0000] {processor.py:186} INFO - Started process (PID=2465) to work on /opt/airflow/dags/env/Scripts/pyrsa-decrypt.exe
[2025-03-28T13:52:30.996+0000] {processor.py:914} INFO - Processing file /opt/airflow/dags/env/Scripts/pyrsa-decrypt.exe for tasks to queue
[2025-03-28T13:52:30.998+0000] {logging_mixin.py:190} INFO - [2025-03-28T13:52:30.998+0000] {dagbag.py:588} INFO - Filling up the DagBag from /opt/airflow/dags/env/Scripts/pyrsa-decrypt.exe
[2025-03-28T13:52:31.013+0000] {logging_mixin.py:190} INFO - [2025-03-28T13:52:31.012+0000] {dagbag.py:435} INFO - File /opt/airflow/dags/env/Scripts/pyrsa-decrypt.exe:__main__.py assumed to contain no DAGs. Skipping.
[2025-03-28T13:52:31.014+0000] {processor.py:927} WARNING - No viable dags retrieved from /opt/airflow/dags/env/Scripts/pyrsa-decrypt.exe
[2025-03-28T13:52:31.040+0000] {processor.py:208} INFO - Processing /opt/airflow/dags/env/Scripts/pyrsa-decrypt.exe took 0.062 seconds
[2025-03-28T13:57:01.787+0000] {processor.py:186} INFO - Started process (PID=2496) to work on /opt/airflow/dags/env/Scripts/pyrsa-decrypt.exe
[2025-03-28T13:57:01.789+0000] {processor.py:914} INFO - Processing file /opt/airflow/dags/env/Scripts/pyrsa-decrypt.exe for tasks to queue
[2025-03-28T13:57:01.791+0000] {logging_mixin.py:190} INFO - [2025-03-28T13:57:01.791+0000] {dagbag.py:588} INFO - Filling up the DagBag from /opt/airflow/dags/env/Scripts/pyrsa-decrypt.exe
[2025-03-28T13:57:01.813+0000] {logging_mixin.py:190} INFO - [2025-03-28T13:57:01.812+0000] {dagbag.py:435} INFO - File /opt/airflow/dags/env/Scripts/pyrsa-decrypt.exe:__main__.py assumed to contain no DAGs. Skipping.
[2025-03-28T13:57:01.814+0000] {processor.py:927} WARNING - No viable dags retrieved from /opt/airflow/dags/env/Scripts/pyrsa-decrypt.exe
[2025-03-28T13:57:01.840+0000] {processor.py:208} INFO - Processing /opt/airflow/dags/env/Scripts/pyrsa-decrypt.exe took 0.087 seconds
[2025-03-28T13:57:33.361+0000] {processor.py:186} INFO - Started process (PID=2520) to work on /opt/airflow/dags/env/Scripts/pyrsa-decrypt.exe
[2025-03-28T13:57:33.363+0000] {processor.py:914} INFO - Processing file /opt/airflow/dags/env/Scripts/pyrsa-decrypt.exe for tasks to queue
[2025-03-28T13:57:33.365+0000] {logging_mixin.py:190} INFO - [2025-03-28T13:57:33.364+0000] {dagbag.py:588} INFO - Filling up the DagBag from /opt/airflow/dags/env/Scripts/pyrsa-decrypt.exe
[2025-03-28T13:57:33.382+0000] {logging_mixin.py:190} INFO - [2025-03-28T13:57:33.382+0000] {dagbag.py:435} INFO - File /opt/airflow/dags/env/Scripts/pyrsa-decrypt.exe:__main__.py assumed to contain no DAGs. Skipping.
[2025-03-28T13:57:33.384+0000] {processor.py:927} WARNING - No viable dags retrieved from /opt/airflow/dags/env/Scripts/pyrsa-decrypt.exe
[2025-03-28T13:57:33.409+0000] {processor.py:208} INFO - Processing /opt/airflow/dags/env/Scripts/pyrsa-decrypt.exe took 0.067 seconds
[2025-03-28T14:01:58.978+0000] {processor.py:186} INFO - Started process (PID=2549) to work on /opt/airflow/dags/env/Scripts/pyrsa-decrypt.exe
[2025-03-28T14:01:58.979+0000] {processor.py:914} INFO - Processing file /opt/airflow/dags/env/Scripts/pyrsa-decrypt.exe for tasks to queue
[2025-03-28T14:01:58.981+0000] {logging_mixin.py:190} INFO - [2025-03-28T14:01:58.981+0000] {dagbag.py:588} INFO - Filling up the DagBag from /opt/airflow/dags/env/Scripts/pyrsa-decrypt.exe
[2025-03-28T14:01:58.992+0000] {logging_mixin.py:190} INFO - [2025-03-28T14:01:58.992+0000] {dagbag.py:435} INFO - File /opt/airflow/dags/env/Scripts/pyrsa-decrypt.exe:__main__.py assumed to contain no DAGs. Skipping.
[2025-03-28T14:01:58.993+0000] {processor.py:927} WARNING - No viable dags retrieved from /opt/airflow/dags/env/Scripts/pyrsa-decrypt.exe
[2025-03-28T14:01:59.012+0000] {processor.py:208} INFO - Processing /opt/airflow/dags/env/Scripts/pyrsa-decrypt.exe took 0.047 seconds
[2025-03-28T14:02:30.553+0000] {processor.py:186} INFO - Started process (PID=2573) to work on /opt/airflow/dags/env/Scripts/pyrsa-decrypt.exe
[2025-03-28T14:02:30.554+0000] {processor.py:914} INFO - Processing file /opt/airflow/dags/env/Scripts/pyrsa-decrypt.exe for tasks to queue
[2025-03-28T14:02:30.556+0000] {logging_mixin.py:190} INFO - [2025-03-28T14:02:30.556+0000] {dagbag.py:588} INFO - Filling up the DagBag from /opt/airflow/dags/env/Scripts/pyrsa-decrypt.exe
[2025-03-28T14:02:30.571+0000] {logging_mixin.py:190} INFO - [2025-03-28T14:02:30.571+0000] {dagbag.py:435} INFO - File /opt/airflow/dags/env/Scripts/pyrsa-decrypt.exe:__main__.py assumed to contain no DAGs. Skipping.
[2025-03-28T14:02:30.572+0000] {processor.py:927} WARNING - No viable dags retrieved from /opt/airflow/dags/env/Scripts/pyrsa-decrypt.exe
[2025-03-28T14:02:30.595+0000] {processor.py:208} INFO - Processing /opt/airflow/dags/env/Scripts/pyrsa-decrypt.exe took 0.060 seconds
[2025-03-28T14:07:02.809+0000] {processor.py:186} INFO - Started process (PID=2604) to work on /opt/airflow/dags/env/Scripts/pyrsa-decrypt.exe
[2025-03-28T14:07:02.811+0000] {processor.py:914} INFO - Processing file /opt/airflow/dags/env/Scripts/pyrsa-decrypt.exe for tasks to queue
[2025-03-28T14:07:02.813+0000] {logging_mixin.py:190} INFO - [2025-03-28T14:07:02.812+0000] {dagbag.py:588} INFO - Filling up the DagBag from /opt/airflow/dags/env/Scripts/pyrsa-decrypt.exe
[2025-03-28T14:07:02.826+0000] {logging_mixin.py:190} INFO - [2025-03-28T14:07:02.826+0000] {dagbag.py:435} INFO - File /opt/airflow/dags/env/Scripts/pyrsa-decrypt.exe:__main__.py assumed to contain no DAGs. Skipping.
[2025-03-28T14:07:02.827+0000] {processor.py:927} WARNING - No viable dags retrieved from /opt/airflow/dags/env/Scripts/pyrsa-decrypt.exe
[2025-03-28T14:07:02.856+0000] {processor.py:208} INFO - Processing /opt/airflow/dags/env/Scripts/pyrsa-decrypt.exe took 0.059 seconds
[2025-03-28T14:07:35.502+0000] {processor.py:186} INFO - Started process (PID=2628) to work on /opt/airflow/dags/env/Scripts/pyrsa-decrypt.exe
[2025-03-28T14:07:35.503+0000] {processor.py:914} INFO - Processing file /opt/airflow/dags/env/Scripts/pyrsa-decrypt.exe for tasks to queue
[2025-03-28T14:07:35.505+0000] {logging_mixin.py:190} INFO - [2025-03-28T14:07:35.505+0000] {dagbag.py:588} INFO - Filling up the DagBag from /opt/airflow/dags/env/Scripts/pyrsa-decrypt.exe
[2025-03-28T14:07:35.518+0000] {logging_mixin.py:190} INFO - [2025-03-28T14:07:35.517+0000] {dagbag.py:435} INFO - File /opt/airflow/dags/env/Scripts/pyrsa-decrypt.exe:__main__.py assumed to contain no DAGs. Skipping.
[2025-03-28T14:07:35.519+0000] {processor.py:927} WARNING - No viable dags retrieved from /opt/airflow/dags/env/Scripts/pyrsa-decrypt.exe
[2025-03-28T14:07:35.543+0000] {processor.py:208} INFO - Processing /opt/airflow/dags/env/Scripts/pyrsa-decrypt.exe took 0.053 seconds
[2025-03-28T14:12:03.615+0000] {processor.py:186} INFO - Started process (PID=2656) to work on /opt/airflow/dags/env/Scripts/pyrsa-decrypt.exe
[2025-03-28T14:12:03.616+0000] {processor.py:914} INFO - Processing file /opt/airflow/dags/env/Scripts/pyrsa-decrypt.exe for tasks to queue
[2025-03-28T14:12:03.618+0000] {logging_mixin.py:190} INFO - [2025-03-28T14:12:03.618+0000] {dagbag.py:588} INFO - Filling up the DagBag from /opt/airflow/dags/env/Scripts/pyrsa-decrypt.exe
[2025-03-28T14:12:03.636+0000] {logging_mixin.py:190} INFO - [2025-03-28T14:12:03.635+0000] {dagbag.py:435} INFO - File /opt/airflow/dags/env/Scripts/pyrsa-decrypt.exe:__main__.py assumed to contain no DAGs. Skipping.
[2025-03-28T14:12:03.637+0000] {processor.py:927} WARNING - No viable dags retrieved from /opt/airflow/dags/env/Scripts/pyrsa-decrypt.exe
[2025-03-28T14:12:03.664+0000] {processor.py:208} INFO - Processing /opt/airflow/dags/env/Scripts/pyrsa-decrypt.exe took 0.064 seconds
[2025-03-28T14:12:34.927+0000] {processor.py:186} INFO - Started process (PID=2680) to work on /opt/airflow/dags/env/Scripts/pyrsa-decrypt.exe
[2025-03-28T14:12:34.929+0000] {processor.py:914} INFO - Processing file /opt/airflow/dags/env/Scripts/pyrsa-decrypt.exe for tasks to queue
[2025-03-28T14:12:34.931+0000] {logging_mixin.py:190} INFO - [2025-03-28T14:12:34.930+0000] {dagbag.py:588} INFO - Filling up the DagBag from /opt/airflow/dags/env/Scripts/pyrsa-decrypt.exe
[2025-03-28T14:12:34.944+0000] {logging_mixin.py:190} INFO - [2025-03-28T14:12:34.944+0000] {dagbag.py:435} INFO - File /opt/airflow/dags/env/Scripts/pyrsa-decrypt.exe:__main__.py assumed to contain no DAGs. Skipping.
[2025-03-28T14:12:34.945+0000] {processor.py:927} WARNING - No viable dags retrieved from /opt/airflow/dags/env/Scripts/pyrsa-decrypt.exe
[2025-03-28T14:12:34.969+0000] {processor.py:208} INFO - Processing /opt/airflow/dags/env/Scripts/pyrsa-decrypt.exe took 0.056 seconds
[2025-03-28T14:17:08.685+0000] {processor.py:186} INFO - Started process (PID=2708) to work on /opt/airflow/dags/env/Scripts/pyrsa-decrypt.exe
[2025-03-28T14:17:08.687+0000] {processor.py:914} INFO - Processing file /opt/airflow/dags/env/Scripts/pyrsa-decrypt.exe for tasks to queue
[2025-03-28T14:17:08.688+0000] {logging_mixin.py:190} INFO - [2025-03-28T14:17:08.688+0000] {dagbag.py:588} INFO - Filling up the DagBag from /opt/airflow/dags/env/Scripts/pyrsa-decrypt.exe
[2025-03-28T14:17:08.703+0000] {logging_mixin.py:190} INFO - [2025-03-28T14:17:08.702+0000] {dagbag.py:435} INFO - File /opt/airflow/dags/env/Scripts/pyrsa-decrypt.exe:__main__.py assumed to contain no DAGs. Skipping.
[2025-03-28T14:17:08.704+0000] {processor.py:927} WARNING - No viable dags retrieved from /opt/airflow/dags/env/Scripts/pyrsa-decrypt.exe
[2025-03-28T14:17:08.727+0000] {processor.py:208} INFO - Processing /opt/airflow/dags/env/Scripts/pyrsa-decrypt.exe took 0.057 seconds
[2025-03-28T14:17:40.524+0000] {processor.py:186} INFO - Started process (PID=2732) to work on /opt/airflow/dags/env/Scripts/pyrsa-decrypt.exe
[2025-03-28T14:17:40.526+0000] {processor.py:914} INFO - Processing file /opt/airflow/dags/env/Scripts/pyrsa-decrypt.exe for tasks to queue
[2025-03-28T14:17:40.527+0000] {logging_mixin.py:190} INFO - [2025-03-28T14:17:40.527+0000] {dagbag.py:588} INFO - Filling up the DagBag from /opt/airflow/dags/env/Scripts/pyrsa-decrypt.exe
[2025-03-28T14:17:40.540+0000] {logging_mixin.py:190} INFO - [2025-03-28T14:17:40.540+0000] {dagbag.py:435} INFO - File /opt/airflow/dags/env/Scripts/pyrsa-decrypt.exe:__main__.py assumed to contain no DAGs. Skipping.
[2025-03-28T14:17:40.541+0000] {processor.py:927} WARNING - No viable dags retrieved from /opt/airflow/dags/env/Scripts/pyrsa-decrypt.exe
[2025-03-28T14:17:40.563+0000] {processor.py:208} INFO - Processing /opt/airflow/dags/env/Scripts/pyrsa-decrypt.exe took 0.051 seconds
[2025-03-28T14:22:03.406+0000] {processor.py:186} INFO - Started process (PID=2757) to work on /opt/airflow/dags/env/Scripts/pyrsa-decrypt.exe
[2025-03-28T14:22:03.408+0000] {processor.py:914} INFO - Processing file /opt/airflow/dags/env/Scripts/pyrsa-decrypt.exe for tasks to queue
[2025-03-28T14:22:03.410+0000] {logging_mixin.py:190} INFO - [2025-03-28T14:22:03.409+0000] {dagbag.py:588} INFO - Filling up the DagBag from /opt/airflow/dags/env/Scripts/pyrsa-decrypt.exe
[2025-03-28T14:22:03.427+0000] {logging_mixin.py:190} INFO - [2025-03-28T14:22:03.427+0000] {dagbag.py:435} INFO - File /opt/airflow/dags/env/Scripts/pyrsa-decrypt.exe:__main__.py assumed to contain no DAGs. Skipping.
[2025-03-28T14:22:03.429+0000] {processor.py:927} WARNING - No viable dags retrieved from /opt/airflow/dags/env/Scripts/pyrsa-decrypt.exe
[2025-03-28T14:22:03.459+0000] {processor.py:208} INFO - Processing /opt/airflow/dags/env/Scripts/pyrsa-decrypt.exe took 0.069 seconds
[2025-03-28T14:22:36.093+0000] {processor.py:186} INFO - Started process (PID=2781) to work on /opt/airflow/dags/env/Scripts/pyrsa-decrypt.exe
[2025-03-28T14:22:36.094+0000] {processor.py:914} INFO - Processing file /opt/airflow/dags/env/Scripts/pyrsa-decrypt.exe for tasks to queue
[2025-03-28T14:22:36.097+0000] {logging_mixin.py:190} INFO - [2025-03-28T14:22:36.096+0000] {dagbag.py:588} INFO - Filling up the DagBag from /opt/airflow/dags/env/Scripts/pyrsa-decrypt.exe
[2025-03-28T14:22:36.113+0000] {logging_mixin.py:190} INFO - [2025-03-28T14:22:36.113+0000] {dagbag.py:435} INFO - File /opt/airflow/dags/env/Scripts/pyrsa-decrypt.exe:__main__.py assumed to contain no DAGs. Skipping.
[2025-03-28T14:22:36.115+0000] {processor.py:927} WARNING - No viable dags retrieved from /opt/airflow/dags/env/Scripts/pyrsa-decrypt.exe
[2025-03-28T14:22:36.145+0000] {processor.py:208} INFO - Processing /opt/airflow/dags/env/Scripts/pyrsa-decrypt.exe took 0.067 seconds
[2025-03-28T14:27:02.630+0000] {processor.py:186} INFO - Started process (PID=2810) to work on /opt/airflow/dags/env/Scripts/pyrsa-decrypt.exe
[2025-03-28T14:27:02.632+0000] {processor.py:914} INFO - Processing file /opt/airflow/dags/env/Scripts/pyrsa-decrypt.exe for tasks to queue
[2025-03-28T14:27:02.633+0000] {logging_mixin.py:190} INFO - [2025-03-28T14:27:02.633+0000] {dagbag.py:588} INFO - Filling up the DagBag from /opt/airflow/dags/env/Scripts/pyrsa-decrypt.exe
[2025-03-28T14:27:02.646+0000] {logging_mixin.py:190} INFO - [2025-03-28T14:27:02.646+0000] {dagbag.py:435} INFO - File /opt/airflow/dags/env/Scripts/pyrsa-decrypt.exe:__main__.py assumed to contain no DAGs. Skipping.
[2025-03-28T14:27:02.647+0000] {processor.py:927} WARNING - No viable dags retrieved from /opt/airflow/dags/env/Scripts/pyrsa-decrypt.exe
[2025-03-28T14:27:02.668+0000] {processor.py:208} INFO - Processing /opt/airflow/dags/env/Scripts/pyrsa-decrypt.exe took 0.048 seconds
[2025-03-28T14:27:34.073+0000] {processor.py:186} INFO - Started process (PID=2834) to work on /opt/airflow/dags/env/Scripts/pyrsa-decrypt.exe
[2025-03-28T14:27:34.074+0000] {processor.py:914} INFO - Processing file /opt/airflow/dags/env/Scripts/pyrsa-decrypt.exe for tasks to queue
[2025-03-28T14:27:34.076+0000] {logging_mixin.py:190} INFO - [2025-03-28T14:27:34.075+0000] {dagbag.py:588} INFO - Filling up the DagBag from /opt/airflow/dags/env/Scripts/pyrsa-decrypt.exe
[2025-03-28T14:27:34.087+0000] {logging_mixin.py:190} INFO - [2025-03-28T14:27:34.087+0000] {dagbag.py:435} INFO - File /opt/airflow/dags/env/Scripts/pyrsa-decrypt.exe:__main__.py assumed to contain no DAGs. Skipping.
[2025-03-28T14:27:34.088+0000] {processor.py:927} WARNING - No viable dags retrieved from /opt/airflow/dags/env/Scripts/pyrsa-decrypt.exe
[2025-03-28T14:27:34.109+0000] {processor.py:208} INFO - Processing /opt/airflow/dags/env/Scripts/pyrsa-decrypt.exe took 0.047 seconds
[2025-03-28T14:32:00.647+0000] {processor.py:186} INFO - Started process (PID=2864) to work on /opt/airflow/dags/env/Scripts/pyrsa-decrypt.exe
[2025-03-28T14:32:00.649+0000] {processor.py:914} INFO - Processing file /opt/airflow/dags/env/Scripts/pyrsa-decrypt.exe for tasks to queue
[2025-03-28T14:32:00.652+0000] {logging_mixin.py:190} INFO - [2025-03-28T14:32:00.651+0000] {dagbag.py:588} INFO - Filling up the DagBag from /opt/airflow/dags/env/Scripts/pyrsa-decrypt.exe
[2025-03-28T14:32:00.681+0000] {logging_mixin.py:190} INFO - [2025-03-28T14:32:00.680+0000] {dagbag.py:435} INFO - File /opt/airflow/dags/env/Scripts/pyrsa-decrypt.exe:__main__.py assumed to contain no DAGs. Skipping.
[2025-03-28T14:32:00.683+0000] {processor.py:927} WARNING - No viable dags retrieved from /opt/airflow/dags/env/Scripts/pyrsa-decrypt.exe
[2025-03-28T14:32:00.723+0000] {processor.py:208} INFO - Processing /opt/airflow/dags/env/Scripts/pyrsa-decrypt.exe took 0.097 seconds
[2025-03-28T14:32:32.444+0000] {processor.py:186} INFO - Started process (PID=2888) to work on /opt/airflow/dags/env/Scripts/pyrsa-decrypt.exe
[2025-03-28T14:32:32.445+0000] {processor.py:914} INFO - Processing file /opt/airflow/dags/env/Scripts/pyrsa-decrypt.exe for tasks to queue
[2025-03-28T14:32:32.447+0000] {logging_mixin.py:190} INFO - [2025-03-28T14:32:32.447+0000] {dagbag.py:588} INFO - Filling up the DagBag from /opt/airflow/dags/env/Scripts/pyrsa-decrypt.exe
[2025-03-28T14:32:32.461+0000] {logging_mixin.py:190} INFO - [2025-03-28T14:32:32.461+0000] {dagbag.py:435} INFO - File /opt/airflow/dags/env/Scripts/pyrsa-decrypt.exe:__main__.py assumed to contain no DAGs. Skipping.
[2025-03-28T14:32:32.463+0000] {processor.py:927} WARNING - No viable dags retrieved from /opt/airflow/dags/env/Scripts/pyrsa-decrypt.exe
[2025-03-28T14:32:32.487+0000] {processor.py:208} INFO - Processing /opt/airflow/dags/env/Scripts/pyrsa-decrypt.exe took 0.057 seconds
[2025-03-28T14:37:14.930+0000] {processor.py:186} INFO - Started process (PID=2920) to work on /opt/airflow/dags/env/Scripts/pyrsa-decrypt.exe
[2025-03-28T14:37:14.932+0000] {processor.py:914} INFO - Processing file /opt/airflow/dags/env/Scripts/pyrsa-decrypt.exe for tasks to queue
[2025-03-28T14:37:14.934+0000] {logging_mixin.py:190} INFO - [2025-03-28T14:37:14.933+0000] {dagbag.py:588} INFO - Filling up the DagBag from /opt/airflow/dags/env/Scripts/pyrsa-decrypt.exe
[2025-03-28T14:37:14.950+0000] {logging_mixin.py:190} INFO - [2025-03-28T14:37:14.949+0000] {dagbag.py:435} INFO - File /opt/airflow/dags/env/Scripts/pyrsa-decrypt.exe:__main__.py assumed to contain no DAGs. Skipping.
[2025-03-28T14:37:14.951+0000] {processor.py:927} WARNING - No viable dags retrieved from /opt/airflow/dags/env/Scripts/pyrsa-decrypt.exe
[2025-03-28T14:37:14.974+0000] {processor.py:208} INFO - Processing /opt/airflow/dags/env/Scripts/pyrsa-decrypt.exe took 0.061 seconds
[2025-03-28T14:37:46.217+0000] {processor.py:186} INFO - Started process (PID=2944) to work on /opt/airflow/dags/env/Scripts/pyrsa-decrypt.exe
[2025-03-28T14:37:46.218+0000] {processor.py:914} INFO - Processing file /opt/airflow/dags/env/Scripts/pyrsa-decrypt.exe for tasks to queue
[2025-03-28T14:37:46.220+0000] {logging_mixin.py:190} INFO - [2025-03-28T14:37:46.219+0000] {dagbag.py:588} INFO - Filling up the DagBag from /opt/airflow/dags/env/Scripts/pyrsa-decrypt.exe
[2025-03-28T14:37:46.231+0000] {logging_mixin.py:190} INFO - [2025-03-28T14:37:46.231+0000] {dagbag.py:435} INFO - File /opt/airflow/dags/env/Scripts/pyrsa-decrypt.exe:__main__.py assumed to contain no DAGs. Skipping.
[2025-03-28T14:37:46.232+0000] {processor.py:927} WARNING - No viable dags retrieved from /opt/airflow/dags/env/Scripts/pyrsa-decrypt.exe
[2025-03-28T14:37:46.253+0000] {processor.py:208} INFO - Processing /opt/airflow/dags/env/Scripts/pyrsa-decrypt.exe took 0.047 seconds
[2025-03-28T15:04:51.911+0000] {processor.py:186} INFO - Started process (PID=107) to work on /opt/airflow/dags/env/Scripts/pyrsa-decrypt.exe
[2025-03-28T15:04:51.913+0000] {processor.py:914} INFO - Processing file /opt/airflow/dags/env/Scripts/pyrsa-decrypt.exe for tasks to queue
[2025-03-28T15:04:51.920+0000] {logging_mixin.py:190} INFO - [2025-03-28T15:04:51.919+0000] {dagbag.py:588} INFO - Filling up the DagBag from /opt/airflow/dags/env/Scripts/pyrsa-decrypt.exe
[2025-03-28T15:04:51.945+0000] {logging_mixin.py:190} INFO - [2025-03-28T15:04:51.944+0000] {dagbag.py:435} INFO - File /opt/airflow/dags/env/Scripts/pyrsa-decrypt.exe:__main__.py assumed to contain no DAGs. Skipping.
[2025-03-28T15:04:51.947+0000] {processor.py:927} WARNING - No viable dags retrieved from /opt/airflow/dags/env/Scripts/pyrsa-decrypt.exe
[2025-03-28T15:04:52.002+0000] {processor.py:208} INFO - Processing /opt/airflow/dags/env/Scripts/pyrsa-decrypt.exe took 0.101 seconds
[2025-03-28T15:05:24.715+0000] {processor.py:186} INFO - Started process (PID=131) to work on /opt/airflow/dags/env/Scripts/pyrsa-decrypt.exe
[2025-03-28T15:05:24.717+0000] {processor.py:914} INFO - Processing file /opt/airflow/dags/env/Scripts/pyrsa-decrypt.exe for tasks to queue
[2025-03-28T15:05:24.728+0000] {logging_mixin.py:190} INFO - [2025-03-28T15:05:24.723+0000] {dagbag.py:588} INFO - Filling up the DagBag from /opt/airflow/dags/env/Scripts/pyrsa-decrypt.exe
[2025-03-28T15:05:24.749+0000] {logging_mixin.py:190} INFO - [2025-03-28T15:05:24.749+0000] {dagbag.py:435} INFO - File /opt/airflow/dags/env/Scripts/pyrsa-decrypt.exe:__main__.py assumed to contain no DAGs. Skipping.
[2025-03-28T15:05:24.751+0000] {processor.py:927} WARNING - No viable dags retrieved from /opt/airflow/dags/env/Scripts/pyrsa-decrypt.exe
[2025-03-28T15:05:24.799+0000] {processor.py:208} INFO - Processing /opt/airflow/dags/env/Scripts/pyrsa-decrypt.exe took 0.102 seconds
[2025-03-28T15:16:25.487+0000] {processor.py:186} INFO - Started process (PID=166) to work on /opt/airflow/dags/env/Scripts/pyrsa-decrypt.exe
[2025-03-28T15:16:25.489+0000] {processor.py:914} INFO - Processing file /opt/airflow/dags/env/Scripts/pyrsa-decrypt.exe for tasks to queue
[2025-03-28T15:16:25.492+0000] {logging_mixin.py:190} INFO - [2025-03-28T15:16:25.491+0000] {dagbag.py:588} INFO - Filling up the DagBag from /opt/airflow/dags/env/Scripts/pyrsa-decrypt.exe
[2025-03-28T15:16:25.507+0000] {logging_mixin.py:190} INFO - [2025-03-28T15:16:25.506+0000] {dagbag.py:435} INFO - File /opt/airflow/dags/env/Scripts/pyrsa-decrypt.exe:__main__.py assumed to contain no DAGs. Skipping.
[2025-03-28T15:16:25.508+0000] {processor.py:927} WARNING - No viable dags retrieved from /opt/airflow/dags/env/Scripts/pyrsa-decrypt.exe
[2025-03-28T15:16:25.530+0000] {processor.py:208} INFO - Processing /opt/airflow/dags/env/Scripts/pyrsa-decrypt.exe took 0.051 seconds
[2025-03-28T15:33:33.636+0000] {processor.py:186} INFO - Started process (PID=210) to work on /opt/airflow/dags/env/Scripts/pyrsa-decrypt.exe
[2025-03-28T15:33:33.637+0000] {processor.py:914} INFO - Processing file /opt/airflow/dags/env/Scripts/pyrsa-decrypt.exe for tasks to queue
[2025-03-28T15:33:33.644+0000] {logging_mixin.py:190} INFO - [2025-03-28T15:33:33.643+0000] {dagbag.py:588} INFO - Filling up the DagBag from /opt/airflow/dags/env/Scripts/pyrsa-decrypt.exe
[2025-03-28T15:33:33.659+0000] {logging_mixin.py:190} INFO - [2025-03-28T15:33:33.658+0000] {dagbag.py:435} INFO - File /opt/airflow/dags/env/Scripts/pyrsa-decrypt.exe:__main__.py assumed to contain no DAGs. Skipping.
[2025-03-28T15:33:33.660+0000] {processor.py:927} WARNING - No viable dags retrieved from /opt/airflow/dags/env/Scripts/pyrsa-decrypt.exe
[2025-03-28T15:33:33.692+0000] {processor.py:208} INFO - Processing /opt/airflow/dags/env/Scripts/pyrsa-decrypt.exe took 0.065 seconds
[2025-03-28T17:30:42.298+0000] {processor.py:186} INFO - Started process (PID=303) to work on /opt/airflow/dags/env/Scripts/pyrsa-decrypt.exe
[2025-03-28T17:30:42.309+0000] {processor.py:914} INFO - Processing file /opt/airflow/dags/env/Scripts/pyrsa-decrypt.exe for tasks to queue
[2025-03-28T17:30:42.324+0000] {logging_mixin.py:190} INFO - [2025-03-28T17:30:42.314+0000] {dagbag.py:588} INFO - Filling up the DagBag from /opt/airflow/dags/env/Scripts/pyrsa-decrypt.exe
[2025-03-28T17:30:42.357+0000] {logging_mixin.py:190} INFO - [2025-03-28T17:30:42.356+0000] {dagbag.py:435} INFO - File /opt/airflow/dags/env/Scripts/pyrsa-decrypt.exe:__main__.py assumed to contain no DAGs. Skipping.
[2025-03-28T17:30:42.360+0000] {processor.py:927} WARNING - No viable dags retrieved from /opt/airflow/dags/env/Scripts/pyrsa-decrypt.exe
[2025-03-28T17:30:42.428+0000] {processor.py:208} INFO - Processing /opt/airflow/dags/env/Scripts/pyrsa-decrypt.exe took 0.155 seconds
[2025-03-28T20:41:19.679+0000] {processor.py:186} INFO - Started process (PID=329) to work on /opt/airflow/dags/env/Scripts/pyrsa-decrypt.exe
[2025-03-28T20:41:19.681+0000] {processor.py:914} INFO - Processing file /opt/airflow/dags/env/Scripts/pyrsa-decrypt.exe for tasks to queue
[2025-03-28T20:41:19.688+0000] {logging_mixin.py:190} INFO - [2025-03-28T20:41:19.686+0000] {dagbag.py:588} INFO - Filling up the DagBag from /opt/airflow/dags/env/Scripts/pyrsa-decrypt.exe
[2025-03-28T20:41:19.715+0000] {logging_mixin.py:190} INFO - [2025-03-28T20:41:19.715+0000] {dagbag.py:435} INFO - File /opt/airflow/dags/env/Scripts/pyrsa-decrypt.exe:__main__.py assumed to contain no DAGs. Skipping.
[2025-03-28T20:41:19.718+0000] {processor.py:927} WARNING - No viable dags retrieved from /opt/airflow/dags/env/Scripts/pyrsa-decrypt.exe
[2025-03-28T20:41:19.757+0000] {processor.py:208} INFO - Processing /opt/airflow/dags/env/Scripts/pyrsa-decrypt.exe took 0.090 seconds
[2025-03-28T23:54:34.633+0000] {processor.py:186} INFO - Started process (PID=355) to work on /opt/airflow/dags/env/Scripts/pyrsa-decrypt.exe
[2025-03-28T23:54:34.636+0000] {processor.py:914} INFO - Processing file /opt/airflow/dags/env/Scripts/pyrsa-decrypt.exe for tasks to queue
[2025-03-28T23:54:34.646+0000] {logging_mixin.py:190} INFO - [2025-03-28T23:54:34.643+0000] {dagbag.py:588} INFO - Filling up the DagBag from /opt/airflow/dags/env/Scripts/pyrsa-decrypt.exe
[2025-03-28T23:54:34.674+0000] {logging_mixin.py:190} INFO - [2025-03-28T23:54:34.674+0000] {dagbag.py:435} INFO - File /opt/airflow/dags/env/Scripts/pyrsa-decrypt.exe:__main__.py assumed to contain no DAGs. Skipping.
[2025-03-28T23:54:34.677+0000] {processor.py:927} WARNING - No viable dags retrieved from /opt/airflow/dags/env/Scripts/pyrsa-decrypt.exe
[2025-03-28T23:54:34.720+0000] {processor.py:208} INFO - Processing /opt/airflow/dags/env/Scripts/pyrsa-decrypt.exe took 0.104 seconds
