[2025-03-28T02:56:59.926+0000] {processor.py:186} INFO - Started process (PID=206) to work on /opt/airflow/dags/env/Scripts/pyrsa-verify.exe
[2025-03-28T02:56:59.927+0000] {processor.py:914} INFO - Processing file /opt/airflow/dags/env/Scripts/pyrsa-verify.exe for tasks to queue
[2025-03-28T02:56:59.930+0000] {logging_mixin.py:190} INFO - [2025-03-28T02:56:59.930+0000] {dagbag.py:588} INFO - Filling up the DagBag from /opt/airflow/dags/env/Scripts/pyrsa-verify.exe
[2025-03-28T02:56:59.945+0000] {logging_mixin.py:190} INFO - [2025-03-28T02:56:59.945+0000] {dagbag.py:435} INFO - File /opt/airflow/dags/env/Scripts/pyrsa-verify.exe:__main__.py assumed to contain no DAGs. Skipping.
[2025-03-28T02:56:59.947+0000] {processor.py:927} WARNING - No viable dags retrieved from /opt/airflow/dags/env/Scripts/pyrsa-verify.exe
[2025-03-28T02:56:59.970+0000] {processor.py:208} INFO - Processing /opt/airflow/dags/env/Scripts/pyrsa-verify.exe took 0.058 seconds
[2025-03-28T03:46:17.125+0000] {processor.py:186} INFO - Started process (PID=255) to work on /opt/airflow/dags/env/Scripts/pyrsa-verify.exe
[2025-03-28T03:46:17.127+0000] {processor.py:914} INFO - Processing file /opt/airflow/dags/env/Scripts/pyrsa-verify.exe for tasks to queue
[2025-03-28T03:46:17.130+0000] {logging_mixin.py:190} INFO - [2025-03-28T03:46:17.130+0000] {dagbag.py:588} INFO - Filling up the DagBag from /opt/airflow/dags/env/Scripts/pyrsa-verify.exe
[2025-03-28T03:46:17.150+0000] {logging_mixin.py:190} INFO - [2025-03-28T03:46:17.150+0000] {dagbag.py:435} INFO - File /opt/airflow/dags/env/Scripts/pyrsa-verify.exe:__main__.py assumed to contain no DAGs. Skipping.
[2025-03-28T03:46:17.152+0000] {processor.py:927} WARNING - No viable dags retrieved from /opt/airflow/dags/env/Scripts/pyrsa-verify.exe
[2025-03-28T03:46:17.177+0000] {processor.py:208} INFO - Processing /opt/airflow/dags/env/Scripts/pyrsa-verify.exe took 0.068 seconds
[2025-03-28T04:41:07.552+0000] {processor.py:186} INFO - Started process (PID=299) to work on /opt/airflow/dags/env/Scripts/pyrsa-verify.exe
[2025-03-28T04:41:07.554+0000] {processor.py:914} INFO - Processing file /opt/airflow/dags/env/Scripts/pyrsa-verify.exe for tasks to queue
[2025-03-28T04:41:07.557+0000] {logging_mixin.py:190} INFO - [2025-03-28T04:41:07.557+0000] {dagbag.py:588} INFO - Filling up the DagBag from /opt/airflow/dags/env/Scripts/pyrsa-verify.exe
[2025-03-28T04:41:07.575+0000] {logging_mixin.py:190} INFO - [2025-03-28T04:41:07.575+0000] {dagbag.py:435} INFO - File /opt/airflow/dags/env/Scripts/pyrsa-verify.exe:__main__.py assumed to contain no DAGs. Skipping.
[2025-03-28T04:41:07.577+0000] {processor.py:927} WARNING - No viable dags retrieved from /opt/airflow/dags/env/Scripts/pyrsa-verify.exe
[2025-03-28T04:41:07.604+0000] {processor.py:208} INFO - Processing /opt/airflow/dags/env/Scripts/pyrsa-verify.exe took 0.066 seconds
[2025-03-28T05:05:44.636+0000] {processor.py:186} INFO - Started process (PID=333) to work on /opt/airflow/dags/env/Scripts/pyrsa-verify.exe
[2025-03-28T05:05:44.638+0000] {processor.py:914} INFO - Processing file /opt/airflow/dags/env/Scripts/pyrsa-verify.exe for tasks to queue
[2025-03-28T05:05:44.641+0000] {logging_mixin.py:190} INFO - [2025-03-28T05:05:44.641+0000] {dagbag.py:588} INFO - Filling up the DagBag from /opt/airflow/dags/env/Scripts/pyrsa-verify.exe
[2025-03-28T05:05:44.661+0000] {logging_mixin.py:190} INFO - [2025-03-28T05:05:44.661+0000] {dagbag.py:435} INFO - File /opt/airflow/dags/env/Scripts/pyrsa-verify.exe:__main__.py assumed to contain no DAGs. Skipping.
[2025-03-28T05:05:44.663+0000] {processor.py:927} WARNING - No viable dags retrieved from /opt/airflow/dags/env/Scripts/pyrsa-verify.exe
[2025-03-28T05:05:44.691+0000] {processor.py:208} INFO - Processing /opt/airflow/dags/env/Scripts/pyrsa-verify.exe took 0.071 seconds
[2025-03-28T05:06:29.315+0000] {processor.py:186} INFO - Started process (PID=357) to work on /opt/airflow/dags/env/Scripts/pyrsa-verify.exe
[2025-03-28T05:06:29.317+0000] {processor.py:914} INFO - Processing file /opt/airflow/dags/env/Scripts/pyrsa-verify.exe for tasks to queue
[2025-03-28T05:06:29.323+0000] {logging_mixin.py:190} INFO - [2025-03-28T05:06:29.322+0000] {dagbag.py:588} INFO - Filling up the DagBag from /opt/airflow/dags/env/Scripts/pyrsa-verify.exe
[2025-03-28T05:06:29.351+0000] {logging_mixin.py:190} INFO - [2025-03-28T05:06:29.350+0000] {dagbag.py:435} INFO - File /opt/airflow/dags/env/Scripts/pyrsa-verify.exe:__main__.py assumed to contain no DAGs. Skipping.
[2025-03-28T05:06:29.353+0000] {processor.py:927} WARNING - No viable dags retrieved from /opt/airflow/dags/env/Scripts/pyrsa-verify.exe
[2025-03-28T05:06:29.396+0000] {processor.py:208} INFO - Processing /opt/airflow/dags/env/Scripts/pyrsa-verify.exe took 0.109 seconds
[2025-03-28T05:17:50.128+0000] {processor.py:186} INFO - Started process (PID=390) to work on /opt/airflow/dags/env/Scripts/pyrsa-verify.exe
[2025-03-28T05:17:50.129+0000] {processor.py:914} INFO - Processing file /opt/airflow/dags/env/Scripts/pyrsa-verify.exe for tasks to queue
[2025-03-28T05:17:50.132+0000] {logging_mixin.py:190} INFO - [2025-03-28T05:17:50.132+0000] {dagbag.py:588} INFO - Filling up the DagBag from /opt/airflow/dags/env/Scripts/pyrsa-verify.exe
[2025-03-28T05:17:50.146+0000] {logging_mixin.py:190} INFO - [2025-03-28T05:17:50.145+0000] {dagbag.py:435} INFO - File /opt/airflow/dags/env/Scripts/pyrsa-verify.exe:__main__.py assumed to contain no DAGs. Skipping.
[2025-03-28T05:17:50.147+0000] {processor.py:927} WARNING - No viable dags retrieved from /opt/airflow/dags/env/Scripts/pyrsa-verify.exe
[2025-03-28T05:17:50.174+0000] {processor.py:208} INFO - Processing /opt/airflow/dags/env/Scripts/pyrsa-verify.exe took 0.059 seconds
[2025-03-28T05:18:21.312+0000] {processor.py:186} INFO - Started process (PID=414) to work on /opt/airflow/dags/env/Scripts/pyrsa-verify.exe
[2025-03-28T05:18:21.313+0000] {processor.py:914} INFO - Processing file /opt/airflow/dags/env/Scripts/pyrsa-verify.exe for tasks to queue
[2025-03-28T05:18:21.316+0000] {logging_mixin.py:190} INFO - [2025-03-28T05:18:21.316+0000] {dagbag.py:588} INFO - Filling up the DagBag from /opt/airflow/dags/env/Scripts/pyrsa-verify.exe
[2025-03-28T05:18:21.327+0000] {logging_mixin.py:190} INFO - [2025-03-28T05:18:21.327+0000] {dagbag.py:435} INFO - File /opt/airflow/dags/env/Scripts/pyrsa-verify.exe:__main__.py assumed to contain no DAGs. Skipping.
[2025-03-28T05:18:21.328+0000] {processor.py:927} WARNING - No viable dags retrieved from /opt/airflow/dags/env/Scripts/pyrsa-verify.exe
[2025-03-28T05:18:21.350+0000] {processor.py:208} INFO - Processing /opt/airflow/dags/env/Scripts/pyrsa-verify.exe took 0.049 seconds
[2025-03-28T05:23:25.652+0000] {processor.py:186} INFO - Started process (PID=429) to work on /opt/airflow/dags/env/Scripts/pyrsa-verify.exe
[2025-03-28T05:23:25.653+0000] {processor.py:914} INFO - Processing file /opt/airflow/dags/env/Scripts/pyrsa-verify.exe for tasks to queue
[2025-03-28T05:23:25.656+0000] {logging_mixin.py:190} INFO - [2025-03-28T05:23:25.656+0000] {dagbag.py:588} INFO - Filling up the DagBag from /opt/airflow/dags/env/Scripts/pyrsa-verify.exe
[2025-03-28T05:23:25.668+0000] {logging_mixin.py:190} INFO - [2025-03-28T05:23:25.667+0000] {dagbag.py:435} INFO - File /opt/airflow/dags/env/Scripts/pyrsa-verify.exe:__main__.py assumed to contain no DAGs. Skipping.
[2025-03-28T05:23:25.668+0000] {processor.py:927} WARNING - No viable dags retrieved from /opt/airflow/dags/env/Scripts/pyrsa-verify.exe
[2025-03-28T05:23:25.689+0000] {processor.py:208} INFO - Processing /opt/airflow/dags/env/Scripts/pyrsa-verify.exe took 0.048 seconds
[2025-03-28T05:34:59.370+0000] {processor.py:186} INFO - Started process (PID=457) to work on /opt/airflow/dags/env/Scripts/pyrsa-verify.exe
[2025-03-28T05:34:59.371+0000] {processor.py:914} INFO - Processing file /opt/airflow/dags/env/Scripts/pyrsa-verify.exe for tasks to queue
[2025-03-28T05:34:59.376+0000] {logging_mixin.py:190} INFO - [2025-03-28T05:34:59.375+0000] {dagbag.py:588} INFO - Filling up the DagBag from /opt/airflow/dags/env/Scripts/pyrsa-verify.exe
[2025-03-28T05:34:59.390+0000] {logging_mixin.py:190} INFO - [2025-03-28T05:34:59.390+0000] {dagbag.py:435} INFO - File /opt/airflow/dags/env/Scripts/pyrsa-verify.exe:__main__.py assumed to contain no DAGs. Skipping.
[2025-03-28T05:34:59.392+0000] {processor.py:927} WARNING - No viable dags retrieved from /opt/airflow/dags/env/Scripts/pyrsa-verify.exe
[2025-03-28T05:34:59.420+0000] {processor.py:208} INFO - Processing /opt/airflow/dags/env/Scripts/pyrsa-verify.exe took 0.069 seconds
[2025-03-28T05:44:55.153+0000] {processor.py:186} INFO - Started process (PID=496) to work on /opt/airflow/dags/env/Scripts/pyrsa-verify.exe
[2025-03-28T05:44:55.154+0000] {processor.py:914} INFO - Processing file /opt/airflow/dags/env/Scripts/pyrsa-verify.exe for tasks to queue
[2025-03-28T05:44:55.157+0000] {logging_mixin.py:190} INFO - [2025-03-28T05:44:55.157+0000] {dagbag.py:588} INFO - Filling up the DagBag from /opt/airflow/dags/env/Scripts/pyrsa-verify.exe
[2025-03-28T05:44:55.176+0000] {logging_mixin.py:190} INFO - [2025-03-28T05:44:55.175+0000] {dagbag.py:435} INFO - File /opt/airflow/dags/env/Scripts/pyrsa-verify.exe:__main__.py assumed to contain no DAGs. Skipping.
[2025-03-28T05:44:55.177+0000] {processor.py:927} WARNING - No viable dags retrieved from /opt/airflow/dags/env/Scripts/pyrsa-verify.exe
[2025-03-28T05:44:55.206+0000] {processor.py:208} INFO - Processing /opt/airflow/dags/env/Scripts/pyrsa-verify.exe took 0.066 seconds
[2025-03-28T05:50:39.996+0000] {processor.py:186} INFO - Started process (PID=565) to work on /opt/airflow/dags/env/Scripts/pyrsa-verify.exe
[2025-03-28T05:50:39.997+0000] {processor.py:914} INFO - Processing file /opt/airflow/dags/env/Scripts/pyrsa-verify.exe for tasks to queue
[2025-03-28T05:50:40.001+0000] {logging_mixin.py:190} INFO - [2025-03-28T05:50:40.000+0000] {dagbag.py:588} INFO - Filling up the DagBag from /opt/airflow/dags/env/Scripts/pyrsa-verify.exe
[2025-03-28T05:50:40.020+0000] {logging_mixin.py:190} INFO - [2025-03-28T05:50:40.020+0000] {dagbag.py:435} INFO - File /opt/airflow/dags/env/Scripts/pyrsa-verify.exe:__main__.py assumed to contain no DAGs. Skipping.
[2025-03-28T05:50:40.022+0000] {processor.py:927} WARNING - No viable dags retrieved from /opt/airflow/dags/env/Scripts/pyrsa-verify.exe
[2025-03-28T05:50:40.076+0000] {processor.py:208} INFO - Processing /opt/airflow/dags/env/Scripts/pyrsa-verify.exe took 0.096 seconds
[2025-03-28T06:00:42.937+0000] {processor.py:186} INFO - Started process (PID=652) to work on /opt/airflow/dags/env/Scripts/pyrsa-verify.exe
[2025-03-28T06:00:42.938+0000] {processor.py:914} INFO - Processing file /opt/airflow/dags/env/Scripts/pyrsa-verify.exe for tasks to queue
[2025-03-28T06:00:42.941+0000] {logging_mixin.py:190} INFO - [2025-03-28T06:00:42.941+0000] {dagbag.py:588} INFO - Filling up the DagBag from /opt/airflow/dags/env/Scripts/pyrsa-verify.exe
[2025-03-28T06:00:42.955+0000] {logging_mixin.py:190} INFO - [2025-03-28T06:00:42.955+0000] {dagbag.py:435} INFO - File /opt/airflow/dags/env/Scripts/pyrsa-verify.exe:__main__.py assumed to contain no DAGs. Skipping.
[2025-03-28T06:00:42.956+0000] {processor.py:927} WARNING - No viable dags retrieved from /opt/airflow/dags/env/Scripts/pyrsa-verify.exe
[2025-03-28T06:00:42.979+0000] {processor.py:208} INFO - Processing /opt/airflow/dags/env/Scripts/pyrsa-verify.exe took 0.054 seconds
[2025-03-28T06:10:38.012+0000] {processor.py:186} INFO - Started process (PID=674) to work on /opt/airflow/dags/env/Scripts/pyrsa-verify.exe
[2025-03-28T06:10:38.013+0000] {processor.py:914} INFO - Processing file /opt/airflow/dags/env/Scripts/pyrsa-verify.exe for tasks to queue
[2025-03-28T06:10:38.017+0000] {logging_mixin.py:190} INFO - [2025-03-28T06:10:38.016+0000] {dagbag.py:588} INFO - Filling up the DagBag from /opt/airflow/dags/env/Scripts/pyrsa-verify.exe
[2025-03-28T06:10:38.041+0000] {logging_mixin.py:190} INFO - [2025-03-28T06:10:38.041+0000] {dagbag.py:435} INFO - File /opt/airflow/dags/env/Scripts/pyrsa-verify.exe:__main__.py assumed to contain no DAGs. Skipping.
[2025-03-28T06:10:38.044+0000] {processor.py:927} WARNING - No viable dags retrieved from /opt/airflow/dags/env/Scripts/pyrsa-verify.exe
[2025-03-28T06:10:38.087+0000] {processor.py:208} INFO - Processing /opt/airflow/dags/env/Scripts/pyrsa-verify.exe took 0.100 seconds
[2025-03-28T06:26:31.425+0000] {processor.py:186} INFO - Started process (PID=840) to work on /opt/airflow/dags/env/Scripts/pyrsa-verify.exe
[2025-03-28T06:26:31.426+0000] {processor.py:914} INFO - Processing file /opt/airflow/dags/env/Scripts/pyrsa-verify.exe for tasks to queue
[2025-03-28T06:26:31.428+0000] {logging_mixin.py:190} INFO - [2025-03-28T06:26:31.428+0000] {dagbag.py:588} INFO - Filling up the DagBag from /opt/airflow/dags/env/Scripts/pyrsa-verify.exe
[2025-03-28T06:26:31.448+0000] {logging_mixin.py:190} INFO - [2025-03-28T06:26:31.448+0000] {dagbag.py:435} INFO - File /opt/airflow/dags/env/Scripts/pyrsa-verify.exe:__main__.py assumed to contain no DAGs. Skipping.
[2025-03-28T06:26:31.450+0000] {processor.py:927} WARNING - No viable dags retrieved from /opt/airflow/dags/env/Scripts/pyrsa-verify.exe
[2025-03-28T06:26:31.480+0000] {processor.py:208} INFO - Processing /opt/airflow/dags/env/Scripts/pyrsa-verify.exe took 0.069 seconds
[2025-03-28T06:47:24.397+0000] {processor.py:186} INFO - Started process (PID=956) to work on /opt/airflow/dags/env/Scripts/pyrsa-verify.exe
[2025-03-28T06:47:24.398+0000] {processor.py:914} INFO - Processing file /opt/airflow/dags/env/Scripts/pyrsa-verify.exe for tasks to queue
[2025-03-28T06:47:24.400+0000] {logging_mixin.py:190} INFO - [2025-03-28T06:47:24.400+0000] {dagbag.py:588} INFO - Filling up the DagBag from /opt/airflow/dags/env/Scripts/pyrsa-verify.exe
[2025-03-28T06:47:24.413+0000] {logging_mixin.py:190} INFO - [2025-03-28T06:47:24.413+0000] {dagbag.py:435} INFO - File /opt/airflow/dags/env/Scripts/pyrsa-verify.exe:__main__.py assumed to contain no DAGs. Skipping.
[2025-03-28T06:47:24.414+0000] {processor.py:927} WARNING - No viable dags retrieved from /opt/airflow/dags/env/Scripts/pyrsa-verify.exe
[2025-03-28T06:47:24.443+0000] {processor.py:208} INFO - Processing /opt/airflow/dags/env/Scripts/pyrsa-verify.exe took 0.059 seconds
[2025-03-28T07:21:21.253+0000] {processor.py:186} INFO - Started process (PID=1215) to work on /opt/airflow/dags/env/Scripts/pyrsa-verify.exe
[2025-03-28T07:21:21.255+0000] {processor.py:914} INFO - Processing file /opt/airflow/dags/env/Scripts/pyrsa-verify.exe for tasks to queue
[2025-03-28T07:21:21.260+0000] {logging_mixin.py:190} INFO - [2025-03-28T07:21:21.257+0000] {dagbag.py:588} INFO - Filling up the DagBag from /opt/airflow/dags/env/Scripts/pyrsa-verify.exe
[2025-03-28T07:21:21.302+0000] {logging_mixin.py:190} INFO - [2025-03-28T07:21:21.302+0000] {dagbag.py:435} INFO - File /opt/airflow/dags/env/Scripts/pyrsa-verify.exe:__main__.py assumed to contain no DAGs. Skipping.
[2025-03-28T07:21:21.304+0000] {processor.py:927} WARNING - No viable dags retrieved from /opt/airflow/dags/env/Scripts/pyrsa-verify.exe
[2025-03-28T07:21:21.341+0000] {processor.py:208} INFO - Processing /opt/airflow/dags/env/Scripts/pyrsa-verify.exe took 0.122 seconds
[2025-03-28T08:47:39.739+0000] {processor.py:186} INFO - Started process (PID=1258) to work on /opt/airflow/dags/env/Scripts/pyrsa-verify.exe
[2025-03-28T08:47:39.742+0000] {processor.py:914} INFO - Processing file /opt/airflow/dags/env/Scripts/pyrsa-verify.exe for tasks to queue
[2025-03-28T08:47:39.745+0000] {logging_mixin.py:190} INFO - [2025-03-28T08:47:39.744+0000] {dagbag.py:588} INFO - Filling up the DagBag from /opt/airflow/dags/env/Scripts/pyrsa-verify.exe
[2025-03-28T08:47:39.769+0000] {logging_mixin.py:190} INFO - [2025-03-28T08:47:39.768+0000] {dagbag.py:435} INFO - File /opt/airflow/dags/env/Scripts/pyrsa-verify.exe:__main__.py assumed to contain no DAGs. Skipping.
[2025-03-28T08:47:39.772+0000] {processor.py:927} WARNING - No viable dags retrieved from /opt/airflow/dags/env/Scripts/pyrsa-verify.exe
[2025-03-28T08:47:39.813+0000] {processor.py:208} INFO - Processing /opt/airflow/dags/env/Scripts/pyrsa-verify.exe took 0.090 seconds
[2025-03-28T09:26:47.906+0000] {processor.py:186} INFO - Started process (PID=1435) to work on /opt/airflow/dags/env/Scripts/pyrsa-verify.exe
[2025-03-28T09:26:47.908+0000] {processor.py:914} INFO - Processing file /opt/airflow/dags/env/Scripts/pyrsa-verify.exe for tasks to queue
[2025-03-28T09:26:47.912+0000] {logging_mixin.py:190} INFO - [2025-03-28T09:26:47.911+0000] {dagbag.py:588} INFO - Filling up the DagBag from /opt/airflow/dags/env/Scripts/pyrsa-verify.exe
[2025-03-28T09:26:47.930+0000] {logging_mixin.py:190} INFO - [2025-03-28T09:26:47.930+0000] {dagbag.py:435} INFO - File /opt/airflow/dags/env/Scripts/pyrsa-verify.exe:__main__.py assumed to contain no DAGs. Skipping.
[2025-03-28T09:26:47.932+0000] {processor.py:927} WARNING - No viable dags retrieved from /opt/airflow/dags/env/Scripts/pyrsa-verify.exe
[2025-03-28T09:26:47.965+0000] {processor.py:208} INFO - Processing /opt/airflow/dags/env/Scripts/pyrsa-verify.exe took 0.082 seconds
[2025-03-28T09:31:17.612+0000] {processor.py:186} INFO - Started process (PID=1459) to work on /opt/airflow/dags/env/Scripts/pyrsa-verify.exe
[2025-03-28T09:31:17.614+0000] {processor.py:914} INFO - Processing file /opt/airflow/dags/env/Scripts/pyrsa-verify.exe for tasks to queue
[2025-03-28T09:31:17.616+0000] {logging_mixin.py:190} INFO - [2025-03-28T09:31:17.616+0000] {dagbag.py:588} INFO - Filling up the DagBag from /opt/airflow/dags/env/Scripts/pyrsa-verify.exe
[2025-03-28T09:31:17.633+0000] {logging_mixin.py:190} INFO - [2025-03-28T09:31:17.633+0000] {dagbag.py:435} INFO - File /opt/airflow/dags/env/Scripts/pyrsa-verify.exe:__main__.py assumed to contain no DAGs. Skipping.
[2025-03-28T09:31:17.635+0000] {processor.py:927} WARNING - No viable dags retrieved from /opt/airflow/dags/env/Scripts/pyrsa-verify.exe
[2025-03-28T09:31:17.669+0000] {processor.py:208} INFO - Processing /opt/airflow/dags/env/Scripts/pyrsa-verify.exe took 0.082 seconds
[2025-03-28T09:41:52.667+0000] {processor.py:186} INFO - Started process (PID=1485) to work on /opt/airflow/dags/env/Scripts/pyrsa-verify.exe
[2025-03-28T09:41:52.669+0000] {processor.py:914} INFO - Processing file /opt/airflow/dags/env/Scripts/pyrsa-verify.exe for tasks to queue
[2025-03-28T09:41:52.672+0000] {logging_mixin.py:190} INFO - [2025-03-28T09:41:52.671+0000] {dagbag.py:588} INFO - Filling up the DagBag from /opt/airflow/dags/env/Scripts/pyrsa-verify.exe
[2025-03-28T09:41:52.687+0000] {logging_mixin.py:190} INFO - [2025-03-28T09:41:52.687+0000] {dagbag.py:435} INFO - File /opt/airflow/dags/env/Scripts/pyrsa-verify.exe:__main__.py assumed to contain no DAGs. Skipping.
[2025-03-28T09:41:52.689+0000] {processor.py:927} WARNING - No viable dags retrieved from /opt/airflow/dags/env/Scripts/pyrsa-verify.exe
[2025-03-28T09:41:52.713+0000] {processor.py:208} INFO - Processing /opt/airflow/dags/env/Scripts/pyrsa-verify.exe took 0.070 seconds
[2025-03-28T09:42:23.772+0000] {processor.py:186} INFO - Started process (PID=1509) to work on /opt/airflow/dags/env/Scripts/pyrsa-verify.exe
[2025-03-28T09:42:23.774+0000] {processor.py:914} INFO - Processing file /opt/airflow/dags/env/Scripts/pyrsa-verify.exe for tasks to queue
[2025-03-28T09:42:23.776+0000] {logging_mixin.py:190} INFO - [2025-03-28T09:42:23.775+0000] {dagbag.py:588} INFO - Filling up the DagBag from /opt/airflow/dags/env/Scripts/pyrsa-verify.exe
[2025-03-28T09:42:23.792+0000] {logging_mixin.py:190} INFO - [2025-03-28T09:42:23.792+0000] {dagbag.py:435} INFO - File /opt/airflow/dags/env/Scripts/pyrsa-verify.exe:__main__.py assumed to contain no DAGs. Skipping.
[2025-03-28T09:42:23.794+0000] {processor.py:927} WARNING - No viable dags retrieved from /opt/airflow/dags/env/Scripts/pyrsa-verify.exe
[2025-03-28T09:42:23.820+0000] {processor.py:208} INFO - Processing /opt/airflow/dags/env/Scripts/pyrsa-verify.exe took 0.062 seconds
[2025-03-28T09:47:10.017+0000] {processor.py:186} INFO - Started process (PID=1521) to work on /opt/airflow/dags/env/Scripts/pyrsa-verify.exe
[2025-03-28T09:47:10.018+0000] {processor.py:914} INFO - Processing file /opt/airflow/dags/env/Scripts/pyrsa-verify.exe for tasks to queue
[2025-03-28T09:47:10.019+0000] {logging_mixin.py:190} INFO - [2025-03-28T09:47:10.019+0000] {dagbag.py:588} INFO - Filling up the DagBag from /opt/airflow/dags/env/Scripts/pyrsa-verify.exe
[2025-03-28T09:47:10.031+0000] {logging_mixin.py:190} INFO - [2025-03-28T09:47:10.031+0000] {dagbag.py:435} INFO - File /opt/airflow/dags/env/Scripts/pyrsa-verify.exe:__main__.py assumed to contain no DAGs. Skipping.
[2025-03-28T09:47:10.032+0000] {processor.py:927} WARNING - No viable dags retrieved from /opt/airflow/dags/env/Scripts/pyrsa-verify.exe
[2025-03-28T09:47:10.053+0000] {processor.py:208} INFO - Processing /opt/airflow/dags/env/Scripts/pyrsa-verify.exe took 0.049 seconds
[2025-03-28T09:52:15.805+0000] {processor.py:186} INFO - Started process (PID=1549) to work on /opt/airflow/dags/env/Scripts/pyrsa-verify.exe
[2025-03-28T09:52:15.807+0000] {processor.py:914} INFO - Processing file /opt/airflow/dags/env/Scripts/pyrsa-verify.exe for tasks to queue
[2025-03-28T09:52:15.810+0000] {logging_mixin.py:190} INFO - [2025-03-28T09:52:15.809+0000] {dagbag.py:588} INFO - Filling up the DagBag from /opt/airflow/dags/env/Scripts/pyrsa-verify.exe
[2025-03-28T09:52:15.829+0000] {logging_mixin.py:190} INFO - [2025-03-28T09:52:15.829+0000] {dagbag.py:435} INFO - File /opt/airflow/dags/env/Scripts/pyrsa-verify.exe:__main__.py assumed to contain no DAGs. Skipping.
[2025-03-28T09:52:15.831+0000] {processor.py:927} WARNING - No viable dags retrieved from /opt/airflow/dags/env/Scripts/pyrsa-verify.exe
[2025-03-28T09:52:15.866+0000] {processor.py:208} INFO - Processing /opt/airflow/dags/env/Scripts/pyrsa-verify.exe took 0.084 seconds
[2025-03-28T10:08:58.888+0000] {processor.py:186} INFO - Started process (PID=1574) to work on /opt/airflow/dags/env/Scripts/pyrsa-verify.exe
[2025-03-28T10:08:58.889+0000] {processor.py:914} INFO - Processing file /opt/airflow/dags/env/Scripts/pyrsa-verify.exe for tasks to queue
[2025-03-28T10:08:58.891+0000] {logging_mixin.py:190} INFO - [2025-03-28T10:08:58.891+0000] {dagbag.py:588} INFO - Filling up the DagBag from /opt/airflow/dags/env/Scripts/pyrsa-verify.exe
[2025-03-28T10:08:58.908+0000] {logging_mixin.py:190} INFO - [2025-03-28T10:08:58.908+0000] {dagbag.py:435} INFO - File /opt/airflow/dags/env/Scripts/pyrsa-verify.exe:__main__.py assumed to contain no DAGs. Skipping.
[2025-03-28T10:08:58.910+0000] {processor.py:927} WARNING - No viable dags retrieved from /opt/airflow/dags/env/Scripts/pyrsa-verify.exe
[2025-03-28T10:08:58.941+0000] {processor.py:208} INFO - Processing /opt/airflow/dags/env/Scripts/pyrsa-verify.exe took 0.072 seconds
[2025-03-28T10:09:29.213+0000] {processor.py:186} INFO - Started process (PID=1598) to work on /opt/airflow/dags/env/Scripts/pyrsa-verify.exe
[2025-03-28T10:09:29.214+0000] {processor.py:914} INFO - Processing file /opt/airflow/dags/env/Scripts/pyrsa-verify.exe for tasks to queue
[2025-03-28T10:09:29.216+0000] {logging_mixin.py:190} INFO - [2025-03-28T10:09:29.215+0000] {dagbag.py:588} INFO - Filling up the DagBag from /opt/airflow/dags/env/Scripts/pyrsa-verify.exe
[2025-03-28T10:09:29.229+0000] {logging_mixin.py:190} INFO - [2025-03-28T10:09:29.229+0000] {dagbag.py:435} INFO - File /opt/airflow/dags/env/Scripts/pyrsa-verify.exe:__main__.py assumed to contain no DAGs. Skipping.
[2025-03-28T10:09:29.230+0000] {processor.py:927} WARNING - No viable dags retrieved from /opt/airflow/dags/env/Scripts/pyrsa-verify.exe
[2025-03-28T10:09:29.260+0000] {processor.py:208} INFO - Processing /opt/airflow/dags/env/Scripts/pyrsa-verify.exe took 0.059 seconds
[2025-03-28T10:26:52.094+0000] {processor.py:186} INFO - Started process (PID=1623) to work on /opt/airflow/dags/env/Scripts/pyrsa-verify.exe
[2025-03-28T10:26:52.096+0000] {processor.py:914} INFO - Processing file /opt/airflow/dags/env/Scripts/pyrsa-verify.exe for tasks to queue
[2025-03-28T10:26:52.100+0000] {logging_mixin.py:190} INFO - [2025-03-28T10:26:52.099+0000] {dagbag.py:588} INFO - Filling up the DagBag from /opt/airflow/dags/env/Scripts/pyrsa-verify.exe
[2025-03-28T10:26:52.119+0000] {logging_mixin.py:190} INFO - [2025-03-28T10:26:52.119+0000] {dagbag.py:435} INFO - File /opt/airflow/dags/env/Scripts/pyrsa-verify.exe:__main__.py assumed to contain no DAGs. Skipping.
[2025-03-28T10:26:52.121+0000] {processor.py:927} WARNING - No viable dags retrieved from /opt/airflow/dags/env/Scripts/pyrsa-verify.exe
[2025-03-28T10:26:52.163+0000] {processor.py:208} INFO - Processing /opt/airflow/dags/env/Scripts/pyrsa-verify.exe took 0.101 seconds
[2025-03-28T10:31:15.134+0000] {processor.py:186} INFO - Started process (PID=1649) to work on /opt/airflow/dags/env/Scripts/pyrsa-verify.exe
[2025-03-28T10:31:15.137+0000] {processor.py:914} INFO - Processing file /opt/airflow/dags/env/Scripts/pyrsa-verify.exe for tasks to queue
[2025-03-28T10:31:15.140+0000] {logging_mixin.py:190} INFO - [2025-03-28T10:31:15.139+0000] {dagbag.py:588} INFO - Filling up the DagBag from /opt/airflow/dags/env/Scripts/pyrsa-verify.exe
[2025-03-28T10:31:15.157+0000] {logging_mixin.py:190} INFO - [2025-03-28T10:31:15.157+0000] {dagbag.py:435} INFO - File /opt/airflow/dags/env/Scripts/pyrsa-verify.exe:__main__.py assumed to contain no DAGs. Skipping.
[2025-03-28T10:31:15.159+0000] {processor.py:927} WARNING - No viable dags retrieved from /opt/airflow/dags/env/Scripts/pyrsa-verify.exe
[2025-03-28T10:31:15.197+0000] {processor.py:208} INFO - Processing /opt/airflow/dags/env/Scripts/pyrsa-verify.exe took 0.084 seconds
[2025-03-28T10:31:47.156+0000] {processor.py:186} INFO - Started process (PID=1673) to work on /opt/airflow/dags/env/Scripts/pyrsa-verify.exe
[2025-03-28T10:31:47.159+0000] {processor.py:914} INFO - Processing file /opt/airflow/dags/env/Scripts/pyrsa-verify.exe for tasks to queue
[2025-03-28T10:31:47.162+0000] {logging_mixin.py:190} INFO - [2025-03-28T10:31:47.161+0000] {dagbag.py:588} INFO - Filling up the DagBag from /opt/airflow/dags/env/Scripts/pyrsa-verify.exe
[2025-03-28T10:31:47.181+0000] {logging_mixin.py:190} INFO - [2025-03-28T10:31:47.181+0000] {dagbag.py:435} INFO - File /opt/airflow/dags/env/Scripts/pyrsa-verify.exe:__main__.py assumed to contain no DAGs. Skipping.
[2025-03-28T10:31:47.183+0000] {processor.py:927} WARNING - No viable dags retrieved from /opt/airflow/dags/env/Scripts/pyrsa-verify.exe
[2025-03-28T10:31:47.219+0000] {processor.py:208} INFO - Processing /opt/airflow/dags/env/Scripts/pyrsa-verify.exe took 0.091 seconds
[2025-03-28T10:36:19.005+0000] {processor.py:186} INFO - Started process (PID=1703) to work on /opt/airflow/dags/env/Scripts/pyrsa-verify.exe
[2025-03-28T10:36:19.007+0000] {processor.py:914} INFO - Processing file /opt/airflow/dags/env/Scripts/pyrsa-verify.exe for tasks to queue
[2025-03-28T10:36:19.011+0000] {logging_mixin.py:190} INFO - [2025-03-28T10:36:19.010+0000] {dagbag.py:588} INFO - Filling up the DagBag from /opt/airflow/dags/env/Scripts/pyrsa-verify.exe
[2025-03-28T10:36:19.029+0000] {logging_mixin.py:190} INFO - [2025-03-28T10:36:19.029+0000] {dagbag.py:435} INFO - File /opt/airflow/dags/env/Scripts/pyrsa-verify.exe:__main__.py assumed to contain no DAGs. Skipping.
[2025-03-28T10:36:19.031+0000] {processor.py:927} WARNING - No viable dags retrieved from /opt/airflow/dags/env/Scripts/pyrsa-verify.exe
[2025-03-28T10:36:19.075+0000] {processor.py:208} INFO - Processing /opt/airflow/dags/env/Scripts/pyrsa-verify.exe took 0.098 seconds
[2025-03-28T10:37:01.114+0000] {processor.py:186} INFO - Started process (PID=1727) to work on /opt/airflow/dags/env/Scripts/pyrsa-verify.exe
[2025-03-28T10:37:01.118+0000] {processor.py:914} INFO - Processing file /opt/airflow/dags/env/Scripts/pyrsa-verify.exe for tasks to queue
[2025-03-28T10:37:01.121+0000] {logging_mixin.py:190} INFO - [2025-03-28T10:37:01.120+0000] {dagbag.py:588} INFO - Filling up the DagBag from /opt/airflow/dags/env/Scripts/pyrsa-verify.exe
[2025-03-28T10:37:01.146+0000] {logging_mixin.py:190} INFO - [2025-03-28T10:37:01.145+0000] {dagbag.py:435} INFO - File /opt/airflow/dags/env/Scripts/pyrsa-verify.exe:__main__.py assumed to contain no DAGs. Skipping.
[2025-03-28T10:37:01.148+0000] {processor.py:927} WARNING - No viable dags retrieved from /opt/airflow/dags/env/Scripts/pyrsa-verify.exe
[2025-03-28T10:37:01.188+0000] {processor.py:208} INFO - Processing /opt/airflow/dags/env/Scripts/pyrsa-verify.exe took 0.102 seconds
[2025-03-28T11:34:19.325+0000] {processor.py:186} INFO - Started process (PID=1747) to work on /opt/airflow/dags/env/Scripts/pyrsa-verify.exe
[2025-03-28T11:34:19.327+0000] {processor.py:914} INFO - Processing file /opt/airflow/dags/env/Scripts/pyrsa-verify.exe for tasks to queue
[2025-03-28T11:34:19.330+0000] {logging_mixin.py:190} INFO - [2025-03-28T11:34:19.329+0000] {dagbag.py:588} INFO - Filling up the DagBag from /opt/airflow/dags/env/Scripts/pyrsa-verify.exe
[2025-03-28T11:34:19.355+0000] {logging_mixin.py:190} INFO - [2025-03-28T11:34:19.354+0000] {dagbag.py:435} INFO - File /opt/airflow/dags/env/Scripts/pyrsa-verify.exe:__main__.py assumed to contain no DAGs. Skipping.
[2025-03-28T11:34:19.357+0000] {processor.py:927} WARNING - No viable dags retrieved from /opt/airflow/dags/env/Scripts/pyrsa-verify.exe
[2025-03-28T11:34:19.400+0000] {processor.py:208} INFO - Processing /opt/airflow/dags/env/Scripts/pyrsa-verify.exe took 0.098 seconds
[2025-03-28T11:52:44.261+0000] {processor.py:186} INFO - Started process (PID=1772) to work on /opt/airflow/dags/env/Scripts/pyrsa-verify.exe
[2025-03-28T11:52:44.263+0000] {processor.py:914} INFO - Processing file /opt/airflow/dags/env/Scripts/pyrsa-verify.exe for tasks to queue
[2025-03-28T11:52:44.265+0000] {logging_mixin.py:190} INFO - [2025-03-28T11:52:44.264+0000] {dagbag.py:588} INFO - Filling up the DagBag from /opt/airflow/dags/env/Scripts/pyrsa-verify.exe
[2025-03-28T11:52:44.277+0000] {logging_mixin.py:190} INFO - [2025-03-28T11:52:44.277+0000] {dagbag.py:435} INFO - File /opt/airflow/dags/env/Scripts/pyrsa-verify.exe:__main__.py assumed to contain no DAGs. Skipping.
[2025-03-28T11:52:44.278+0000] {processor.py:927} WARNING - No viable dags retrieved from /opt/airflow/dags/env/Scripts/pyrsa-verify.exe
[2025-03-28T11:52:44.300+0000] {processor.py:208} INFO - Processing /opt/airflow/dags/env/Scripts/pyrsa-verify.exe took 0.052 seconds
[2025-03-28T12:42:50.513+0000] {processor.py:186} INFO - Started process (PID=1795) to work on /opt/airflow/dags/env/Scripts/pyrsa-verify.exe
[2025-03-28T12:42:50.515+0000] {processor.py:914} INFO - Processing file /opt/airflow/dags/env/Scripts/pyrsa-verify.exe for tasks to queue
[2025-03-28T12:42:50.518+0000] {logging_mixin.py:190} INFO - [2025-03-28T12:42:50.518+0000] {dagbag.py:588} INFO - Filling up the DagBag from /opt/airflow/dags/env/Scripts/pyrsa-verify.exe
[2025-03-28T12:42:50.551+0000] {logging_mixin.py:190} INFO - [2025-03-28T12:42:50.551+0000] {dagbag.py:435} INFO - File /opt/airflow/dags/env/Scripts/pyrsa-verify.exe:__main__.py assumed to contain no DAGs. Skipping.
[2025-03-28T12:42:50.553+0000] {processor.py:927} WARNING - No viable dags retrieved from /opt/airflow/dags/env/Scripts/pyrsa-verify.exe
[2025-03-28T12:42:50.594+0000] {processor.py:208} INFO - Processing /opt/airflow/dags/env/Scripts/pyrsa-verify.exe took 0.107 seconds
[2025-03-28T12:52:28.482+0000] {processor.py:186} INFO - Started process (PID=1819) to work on /opt/airflow/dags/env/Scripts/pyrsa-verify.exe
[2025-03-28T12:52:28.483+0000] {processor.py:914} INFO - Processing file /opt/airflow/dags/env/Scripts/pyrsa-verify.exe for tasks to queue
[2025-03-28T12:52:28.485+0000] {logging_mixin.py:190} INFO - [2025-03-28T12:52:28.485+0000] {dagbag.py:588} INFO - Filling up the DagBag from /opt/airflow/dags/env/Scripts/pyrsa-verify.exe
[2025-03-28T12:52:28.504+0000] {logging_mixin.py:190} INFO - [2025-03-28T12:52:28.504+0000] {dagbag.py:435} INFO - File /opt/airflow/dags/env/Scripts/pyrsa-verify.exe:__main__.py assumed to contain no DAGs. Skipping.
[2025-03-28T12:52:28.506+0000] {processor.py:927} WARNING - No viable dags retrieved from /opt/airflow/dags/env/Scripts/pyrsa-verify.exe
[2025-03-28T12:52:28.535+0000] {processor.py:208} INFO - Processing /opt/airflow/dags/env/Scripts/pyrsa-verify.exe took 0.067 seconds
[2025-03-28T12:56:55.035+0000] {processor.py:186} INFO - Started process (PID=1845) to work on /opt/airflow/dags/env/Scripts/pyrsa-verify.exe
[2025-03-28T12:56:55.036+0000] {processor.py:914} INFO - Processing file /opt/airflow/dags/env/Scripts/pyrsa-verify.exe for tasks to queue
[2025-03-28T12:56:55.038+0000] {logging_mixin.py:190} INFO - [2025-03-28T12:56:55.038+0000] {dagbag.py:588} INFO - Filling up the DagBag from /opt/airflow/dags/env/Scripts/pyrsa-verify.exe
[2025-03-28T12:56:55.052+0000] {logging_mixin.py:190} INFO - [2025-03-28T12:56:55.052+0000] {dagbag.py:435} INFO - File /opt/airflow/dags/env/Scripts/pyrsa-verify.exe:__main__.py assumed to contain no DAGs. Skipping.
[2025-03-28T12:56:55.053+0000] {processor.py:927} WARNING - No viable dags retrieved from /opt/airflow/dags/env/Scripts/pyrsa-verify.exe
[2025-03-28T12:56:55.079+0000] {processor.py:208} INFO - Processing /opt/airflow/dags/env/Scripts/pyrsa-verify.exe took 0.057 seconds
[2025-03-28T12:57:26.194+0000] {processor.py:186} INFO - Started process (PID=1869) to work on /opt/airflow/dags/env/Scripts/pyrsa-verify.exe
[2025-03-28T12:57:26.196+0000] {processor.py:914} INFO - Processing file /opt/airflow/dags/env/Scripts/pyrsa-verify.exe for tasks to queue
[2025-03-28T12:57:26.198+0000] {logging_mixin.py:190} INFO - [2025-03-28T12:57:26.197+0000] {dagbag.py:588} INFO - Filling up the DagBag from /opt/airflow/dags/env/Scripts/pyrsa-verify.exe
[2025-03-28T12:57:26.211+0000] {logging_mixin.py:190} INFO - [2025-03-28T12:57:26.210+0000] {dagbag.py:435} INFO - File /opt/airflow/dags/env/Scripts/pyrsa-verify.exe:__main__.py assumed to contain no DAGs. Skipping.
[2025-03-28T12:57:26.212+0000] {processor.py:927} WARNING - No viable dags retrieved from /opt/airflow/dags/env/Scripts/pyrsa-verify.exe
[2025-03-28T12:57:26.233+0000] {processor.py:208} INFO - Processing /opt/airflow/dags/env/Scripts/pyrsa-verify.exe took 0.052 seconds
[2025-03-28T13:01:56.769+0000] {processor.py:186} INFO - Started process (PID=1898) to work on /opt/airflow/dags/env/Scripts/pyrsa-verify.exe
[2025-03-28T13:01:56.771+0000] {processor.py:914} INFO - Processing file /opt/airflow/dags/env/Scripts/pyrsa-verify.exe for tasks to queue
[2025-03-28T13:01:56.773+0000] {logging_mixin.py:190} INFO - [2025-03-28T13:01:56.772+0000] {dagbag.py:588} INFO - Filling up the DagBag from /opt/airflow/dags/env/Scripts/pyrsa-verify.exe
[2025-03-28T13:01:56.788+0000] {logging_mixin.py:190} INFO - [2025-03-28T13:01:56.788+0000] {dagbag.py:435} INFO - File /opt/airflow/dags/env/Scripts/pyrsa-verify.exe:__main__.py assumed to contain no DAGs. Skipping.
[2025-03-28T13:01:56.790+0000] {processor.py:927} WARNING - No viable dags retrieved from /opt/airflow/dags/env/Scripts/pyrsa-verify.exe
[2025-03-28T13:01:56.814+0000] {processor.py:208} INFO - Processing /opt/airflow/dags/env/Scripts/pyrsa-verify.exe took 0.060 seconds
[2025-03-28T13:02:28.061+0000] {processor.py:186} INFO - Started process (PID=1922) to work on /opt/airflow/dags/env/Scripts/pyrsa-verify.exe
[2025-03-28T13:02:28.062+0000] {processor.py:914} INFO - Processing file /opt/airflow/dags/env/Scripts/pyrsa-verify.exe for tasks to queue
[2025-03-28T13:02:28.064+0000] {logging_mixin.py:190} INFO - [2025-03-28T13:02:28.064+0000] {dagbag.py:588} INFO - Filling up the DagBag from /opt/airflow/dags/env/Scripts/pyrsa-verify.exe
[2025-03-28T13:02:28.078+0000] {logging_mixin.py:190} INFO - [2025-03-28T13:02:28.078+0000] {dagbag.py:435} INFO - File /opt/airflow/dags/env/Scripts/pyrsa-verify.exe:__main__.py assumed to contain no DAGs. Skipping.
[2025-03-28T13:02:28.079+0000] {processor.py:927} WARNING - No viable dags retrieved from /opt/airflow/dags/env/Scripts/pyrsa-verify.exe
[2025-03-28T13:02:28.100+0000] {processor.py:208} INFO - Processing /opt/airflow/dags/env/Scripts/pyrsa-verify.exe took 0.052 seconds
[2025-03-28T13:06:53.609+0000] {processor.py:186} INFO - Started process (PID=1949) to work on /opt/airflow/dags/env/Scripts/pyrsa-verify.exe
[2025-03-28T13:06:53.611+0000] {processor.py:914} INFO - Processing file /opt/airflow/dags/env/Scripts/pyrsa-verify.exe for tasks to queue
[2025-03-28T13:06:53.613+0000] {logging_mixin.py:190} INFO - [2025-03-28T13:06:53.612+0000] {dagbag.py:588} INFO - Filling up the DagBag from /opt/airflow/dags/env/Scripts/pyrsa-verify.exe
[2025-03-28T13:06:53.627+0000] {logging_mixin.py:190} INFO - [2025-03-28T13:06:53.627+0000] {dagbag.py:435} INFO - File /opt/airflow/dags/env/Scripts/pyrsa-verify.exe:__main__.py assumed to contain no DAGs. Skipping.
[2025-03-28T13:06:53.628+0000] {processor.py:927} WARNING - No viable dags retrieved from /opt/airflow/dags/env/Scripts/pyrsa-verify.exe
[2025-03-28T13:06:53.655+0000] {processor.py:208} INFO - Processing /opt/airflow/dags/env/Scripts/pyrsa-verify.exe took 0.060 seconds
[2025-03-28T13:07:25.166+0000] {processor.py:186} INFO - Started process (PID=1973) to work on /opt/airflow/dags/env/Scripts/pyrsa-verify.exe
[2025-03-28T13:07:25.168+0000] {processor.py:914} INFO - Processing file /opt/airflow/dags/env/Scripts/pyrsa-verify.exe for tasks to queue
[2025-03-28T13:07:25.170+0000] {logging_mixin.py:190} INFO - [2025-03-28T13:07:25.169+0000] {dagbag.py:588} INFO - Filling up the DagBag from /opt/airflow/dags/env/Scripts/pyrsa-verify.exe
[2025-03-28T13:07:25.183+0000] {logging_mixin.py:190} INFO - [2025-03-28T13:07:25.183+0000] {dagbag.py:435} INFO - File /opt/airflow/dags/env/Scripts/pyrsa-verify.exe:__main__.py assumed to contain no DAGs. Skipping.
[2025-03-28T13:07:25.185+0000] {processor.py:927} WARNING - No viable dags retrieved from /opt/airflow/dags/env/Scripts/pyrsa-verify.exe
[2025-03-28T13:07:25.205+0000] {processor.py:208} INFO - Processing /opt/airflow/dags/env/Scripts/pyrsa-verify.exe took 0.051 seconds
[2025-03-28T13:11:51.077+0000] {processor.py:186} INFO - Started process (PID=2003) to work on /opt/airflow/dags/env/Scripts/pyrsa-verify.exe
[2025-03-28T13:11:51.079+0000] {processor.py:914} INFO - Processing file /opt/airflow/dags/env/Scripts/pyrsa-verify.exe for tasks to queue
[2025-03-28T13:11:51.080+0000] {logging_mixin.py:190} INFO - [2025-03-28T13:11:51.080+0000] {dagbag.py:588} INFO - Filling up the DagBag from /opt/airflow/dags/env/Scripts/pyrsa-verify.exe
[2025-03-28T13:11:51.092+0000] {logging_mixin.py:190} INFO - [2025-03-28T13:11:51.091+0000] {dagbag.py:435} INFO - File /opt/airflow/dags/env/Scripts/pyrsa-verify.exe:__main__.py assumed to contain no DAGs. Skipping.
[2025-03-28T13:11:51.093+0000] {processor.py:927} WARNING - No viable dags retrieved from /opt/airflow/dags/env/Scripts/pyrsa-verify.exe
[2025-03-28T13:11:51.113+0000] {processor.py:208} INFO - Processing /opt/airflow/dags/env/Scripts/pyrsa-verify.exe took 0.047 seconds
[2025-03-28T13:12:22.701+0000] {processor.py:186} INFO - Started process (PID=2027) to work on /opt/airflow/dags/env/Scripts/pyrsa-verify.exe
[2025-03-28T13:12:22.702+0000] {processor.py:914} INFO - Processing file /opt/airflow/dags/env/Scripts/pyrsa-verify.exe for tasks to queue
[2025-03-28T13:12:22.704+0000] {logging_mixin.py:190} INFO - [2025-03-28T13:12:22.703+0000] {dagbag.py:588} INFO - Filling up the DagBag from /opt/airflow/dags/env/Scripts/pyrsa-verify.exe
[2025-03-28T13:12:22.715+0000] {logging_mixin.py:190} INFO - [2025-03-28T13:12:22.715+0000] {dagbag.py:435} INFO - File /opt/airflow/dags/env/Scripts/pyrsa-verify.exe:__main__.py assumed to contain no DAGs. Skipping.
[2025-03-28T13:12:22.716+0000] {processor.py:927} WARNING - No viable dags retrieved from /opt/airflow/dags/env/Scripts/pyrsa-verify.exe
[2025-03-28T13:12:22.735+0000] {processor.py:208} INFO - Processing /opt/airflow/dags/env/Scripts/pyrsa-verify.exe took 0.046 seconds
[2025-03-28T13:12:53.345+0000] {processor.py:186} INFO - Started process (PID=2051) to work on /opt/airflow/dags/env/Scripts/pyrsa-verify.exe
[2025-03-28T13:12:53.346+0000] {processor.py:914} INFO - Processing file /opt/airflow/dags/env/Scripts/pyrsa-verify.exe for tasks to queue
[2025-03-28T13:12:53.348+0000] {logging_mixin.py:190} INFO - [2025-03-28T13:12:53.348+0000] {dagbag.py:588} INFO - Filling up the DagBag from /opt/airflow/dags/env/Scripts/pyrsa-verify.exe
[2025-03-28T13:12:53.359+0000] {logging_mixin.py:190} INFO - [2025-03-28T13:12:53.359+0000] {dagbag.py:435} INFO - File /opt/airflow/dags/env/Scripts/pyrsa-verify.exe:__main__.py assumed to contain no DAGs. Skipping.
[2025-03-28T13:12:53.360+0000] {processor.py:927} WARNING - No viable dags retrieved from /opt/airflow/dags/env/Scripts/pyrsa-verify.exe
[2025-03-28T13:12:53.382+0000] {processor.py:208} INFO - Processing /opt/airflow/dags/env/Scripts/pyrsa-verify.exe took 0.048 seconds
[2025-03-28T13:16:55.930+0000] {processor.py:186} INFO - Started process (PID=2059) to work on /opt/airflow/dags/env/Scripts/pyrsa-verify.exe
[2025-03-28T13:16:55.931+0000] {processor.py:914} INFO - Processing file /opt/airflow/dags/env/Scripts/pyrsa-verify.exe for tasks to queue
[2025-03-28T13:16:55.934+0000] {logging_mixin.py:190} INFO - [2025-03-28T13:16:55.933+0000] {dagbag.py:588} INFO - Filling up the DagBag from /opt/airflow/dags/env/Scripts/pyrsa-verify.exe
[2025-03-28T13:16:55.951+0000] {logging_mixin.py:190} INFO - [2025-03-28T13:16:55.951+0000] {dagbag.py:435} INFO - File /opt/airflow/dags/env/Scripts/pyrsa-verify.exe:__main__.py assumed to contain no DAGs. Skipping.
[2025-03-28T13:16:55.953+0000] {processor.py:927} WARNING - No viable dags retrieved from /opt/airflow/dags/env/Scripts/pyrsa-verify.exe
[2025-03-28T13:16:55.974+0000] {processor.py:208} INFO - Processing /opt/airflow/dags/env/Scripts/pyrsa-verify.exe took 0.059 seconds
[2025-03-28T13:17:27.634+0000] {processor.py:186} INFO - Started process (PID=2083) to work on /opt/airflow/dags/env/Scripts/pyrsa-verify.exe
[2025-03-28T13:17:27.635+0000] {processor.py:914} INFO - Processing file /opt/airflow/dags/env/Scripts/pyrsa-verify.exe for tasks to queue
[2025-03-28T13:17:27.637+0000] {logging_mixin.py:190} INFO - [2025-03-28T13:17:27.637+0000] {dagbag.py:588} INFO - Filling up the DagBag from /opt/airflow/dags/env/Scripts/pyrsa-verify.exe
[2025-03-28T13:17:27.650+0000] {logging_mixin.py:190} INFO - [2025-03-28T13:17:27.649+0000] {dagbag.py:435} INFO - File /opt/airflow/dags/env/Scripts/pyrsa-verify.exe:__main__.py assumed to contain no DAGs. Skipping.
[2025-03-28T13:17:27.651+0000] {processor.py:927} WARNING - No viable dags retrieved from /opt/airflow/dags/env/Scripts/pyrsa-verify.exe
[2025-03-28T13:17:27.676+0000] {processor.py:208} INFO - Processing /opt/airflow/dags/env/Scripts/pyrsa-verify.exe took 0.054 seconds
[2025-03-28T13:21:57.004+0000] {processor.py:186} INFO - Started process (PID=2111) to work on /opt/airflow/dags/env/Scripts/pyrsa-verify.exe
[2025-03-28T13:21:57.005+0000] {processor.py:914} INFO - Processing file /opt/airflow/dags/env/Scripts/pyrsa-verify.exe for tasks to queue
[2025-03-28T13:21:57.007+0000] {logging_mixin.py:190} INFO - [2025-03-28T13:21:57.006+0000] {dagbag.py:588} INFO - Filling up the DagBag from /opt/airflow/dags/env/Scripts/pyrsa-verify.exe
[2025-03-28T13:21:57.020+0000] {logging_mixin.py:190} INFO - [2025-03-28T13:21:57.020+0000] {dagbag.py:435} INFO - File /opt/airflow/dags/env/Scripts/pyrsa-verify.exe:__main__.py assumed to contain no DAGs. Skipping.
[2025-03-28T13:21:57.021+0000] {processor.py:927} WARNING - No viable dags retrieved from /opt/airflow/dags/env/Scripts/pyrsa-verify.exe
[2025-03-28T13:21:57.045+0000] {processor.py:208} INFO - Processing /opt/airflow/dags/env/Scripts/pyrsa-verify.exe took 0.054 seconds
[2025-03-28T13:22:28.367+0000] {processor.py:186} INFO - Started process (PID=2135) to work on /opt/airflow/dags/env/Scripts/pyrsa-verify.exe
[2025-03-28T13:22:28.368+0000] {processor.py:914} INFO - Processing file /opt/airflow/dags/env/Scripts/pyrsa-verify.exe for tasks to queue
[2025-03-28T13:22:28.370+0000] {logging_mixin.py:190} INFO - [2025-03-28T13:22:28.370+0000] {dagbag.py:588} INFO - Filling up the DagBag from /opt/airflow/dags/env/Scripts/pyrsa-verify.exe
[2025-03-28T13:22:28.387+0000] {logging_mixin.py:190} INFO - [2025-03-28T13:22:28.386+0000] {dagbag.py:435} INFO - File /opt/airflow/dags/env/Scripts/pyrsa-verify.exe:__main__.py assumed to contain no DAGs. Skipping.
[2025-03-28T13:22:28.388+0000] {processor.py:927} WARNING - No viable dags retrieved from /opt/airflow/dags/env/Scripts/pyrsa-verify.exe
[2025-03-28T13:22:28.414+0000] {processor.py:208} INFO - Processing /opt/airflow/dags/env/Scripts/pyrsa-verify.exe took 0.061 seconds
[2025-03-28T13:26:52.312+0000] {processor.py:186} INFO - Started process (PID=2163) to work on /opt/airflow/dags/env/Scripts/pyrsa-verify.exe
[2025-03-28T13:26:52.313+0000] {processor.py:914} INFO - Processing file /opt/airflow/dags/env/Scripts/pyrsa-verify.exe for tasks to queue
[2025-03-28T13:26:52.315+0000] {logging_mixin.py:190} INFO - [2025-03-28T13:26:52.315+0000] {dagbag.py:588} INFO - Filling up the DagBag from /opt/airflow/dags/env/Scripts/pyrsa-verify.exe
[2025-03-28T13:26:52.327+0000] {logging_mixin.py:190} INFO - [2025-03-28T13:26:52.327+0000] {dagbag.py:435} INFO - File /opt/airflow/dags/env/Scripts/pyrsa-verify.exe:__main__.py assumed to contain no DAGs. Skipping.
[2025-03-28T13:26:52.328+0000] {processor.py:927} WARNING - No viable dags retrieved from /opt/airflow/dags/env/Scripts/pyrsa-verify.exe
[2025-03-28T13:26:52.349+0000] {processor.py:208} INFO - Processing /opt/airflow/dags/env/Scripts/pyrsa-verify.exe took 0.049 seconds
[2025-03-28T13:27:23.952+0000] {processor.py:186} INFO - Started process (PID=2187) to work on /opt/airflow/dags/env/Scripts/pyrsa-verify.exe
[2025-03-28T13:27:23.954+0000] {processor.py:914} INFO - Processing file /opt/airflow/dags/env/Scripts/pyrsa-verify.exe for tasks to queue
[2025-03-28T13:27:23.956+0000] {logging_mixin.py:190} INFO - [2025-03-28T13:27:23.955+0000] {dagbag.py:588} INFO - Filling up the DagBag from /opt/airflow/dags/env/Scripts/pyrsa-verify.exe
[2025-03-28T13:27:23.969+0000] {logging_mixin.py:190} INFO - [2025-03-28T13:27:23.969+0000] {dagbag.py:435} INFO - File /opt/airflow/dags/env/Scripts/pyrsa-verify.exe:__main__.py assumed to contain no DAGs. Skipping.
[2025-03-28T13:27:23.970+0000] {processor.py:927} WARNING - No viable dags retrieved from /opt/airflow/dags/env/Scripts/pyrsa-verify.exe
[2025-03-28T13:27:23.991+0000] {processor.py:208} INFO - Processing /opt/airflow/dags/env/Scripts/pyrsa-verify.exe took 0.053 seconds
[2025-03-28T13:27:55.328+0000] {processor.py:186} INFO - Started process (PID=2211) to work on /opt/airflow/dags/env/Scripts/pyrsa-verify.exe
[2025-03-28T13:27:55.329+0000] {processor.py:914} INFO - Processing file /opt/airflow/dags/env/Scripts/pyrsa-verify.exe for tasks to queue
[2025-03-28T13:27:55.331+0000] {logging_mixin.py:190} INFO - [2025-03-28T13:27:55.330+0000] {dagbag.py:588} INFO - Filling up the DagBag from /opt/airflow/dags/env/Scripts/pyrsa-verify.exe
[2025-03-28T13:27:55.350+0000] {logging_mixin.py:190} INFO - [2025-03-28T13:27:55.350+0000] {dagbag.py:435} INFO - File /opt/airflow/dags/env/Scripts/pyrsa-verify.exe:__main__.py assumed to contain no DAGs. Skipping.
[2025-03-28T13:27:55.351+0000] {processor.py:927} WARNING - No viable dags retrieved from /opt/airflow/dags/env/Scripts/pyrsa-verify.exe
[2025-03-28T13:27:55.375+0000] {processor.py:208} INFO - Processing /opt/airflow/dags/env/Scripts/pyrsa-verify.exe took 0.248 seconds
[2025-03-28T13:31:54.773+0000] {processor.py:186} INFO - Started process (PID=2219) to work on /opt/airflow/dags/env/Scripts/pyrsa-verify.exe
[2025-03-28T13:31:54.775+0000] {processor.py:914} INFO - Processing file /opt/airflow/dags/env/Scripts/pyrsa-verify.exe for tasks to queue
[2025-03-28T13:31:54.776+0000] {logging_mixin.py:190} INFO - [2025-03-28T13:31:54.776+0000] {dagbag.py:588} INFO - Filling up the DagBag from /opt/airflow/dags/env/Scripts/pyrsa-verify.exe
[2025-03-28T13:31:54.788+0000] {logging_mixin.py:190} INFO - [2025-03-28T13:31:54.787+0000] {dagbag.py:435} INFO - File /opt/airflow/dags/env/Scripts/pyrsa-verify.exe:__main__.py assumed to contain no DAGs. Skipping.
[2025-03-28T13:31:54.788+0000] {processor.py:927} WARNING - No viable dags retrieved from /opt/airflow/dags/env/Scripts/pyrsa-verify.exe
[2025-03-28T13:31:54.810+0000] {processor.py:208} INFO - Processing /opt/airflow/dags/env/Scripts/pyrsa-verify.exe took 0.048 seconds
[2025-03-28T13:32:26.447+0000] {processor.py:186} INFO - Started process (PID=2243) to work on /opt/airflow/dags/env/Scripts/pyrsa-verify.exe
[2025-03-28T13:32:26.449+0000] {processor.py:914} INFO - Processing file /opt/airflow/dags/env/Scripts/pyrsa-verify.exe for tasks to queue
[2025-03-28T13:32:26.451+0000] {logging_mixin.py:190} INFO - [2025-03-28T13:32:26.450+0000] {dagbag.py:588} INFO - Filling up the DagBag from /opt/airflow/dags/env/Scripts/pyrsa-verify.exe
[2025-03-28T13:32:26.464+0000] {logging_mixin.py:190} INFO - [2025-03-28T13:32:26.464+0000] {dagbag.py:435} INFO - File /opt/airflow/dags/env/Scripts/pyrsa-verify.exe:__main__.py assumed to contain no DAGs. Skipping.
[2025-03-28T13:32:26.465+0000] {processor.py:927} WARNING - No viable dags retrieved from /opt/airflow/dags/env/Scripts/pyrsa-verify.exe
[2025-03-28T13:32:26.490+0000] {processor.py:208} INFO - Processing /opt/airflow/dags/env/Scripts/pyrsa-verify.exe took 0.055 seconds
[2025-03-28T13:36:57.975+0000] {processor.py:186} INFO - Started process (PID=2273) to work on /opt/airflow/dags/env/Scripts/pyrsa-verify.exe
[2025-03-28T13:36:57.976+0000] {processor.py:914} INFO - Processing file /opt/airflow/dags/env/Scripts/pyrsa-verify.exe for tasks to queue
[2025-03-28T13:36:57.979+0000] {logging_mixin.py:190} INFO - [2025-03-28T13:36:57.978+0000] {dagbag.py:588} INFO - Filling up the DagBag from /opt/airflow/dags/env/Scripts/pyrsa-verify.exe
[2025-03-28T13:36:57.991+0000] {logging_mixin.py:190} INFO - [2025-03-28T13:36:57.991+0000] {dagbag.py:435} INFO - File /opt/airflow/dags/env/Scripts/pyrsa-verify.exe:__main__.py assumed to contain no DAGs. Skipping.
[2025-03-28T13:36:57.992+0000] {processor.py:927} WARNING - No viable dags retrieved from /opt/airflow/dags/env/Scripts/pyrsa-verify.exe
[2025-03-28T13:36:58.014+0000] {processor.py:208} INFO - Processing /opt/airflow/dags/env/Scripts/pyrsa-verify.exe took 0.051 seconds
[2025-03-28T13:37:29.587+0000] {processor.py:186} INFO - Started process (PID=2297) to work on /opt/airflow/dags/env/Scripts/pyrsa-verify.exe
[2025-03-28T13:37:29.589+0000] {processor.py:914} INFO - Processing file /opt/airflow/dags/env/Scripts/pyrsa-verify.exe for tasks to queue
[2025-03-28T13:37:29.591+0000] {logging_mixin.py:190} INFO - [2025-03-28T13:37:29.590+0000] {dagbag.py:588} INFO - Filling up the DagBag from /opt/airflow/dags/env/Scripts/pyrsa-verify.exe
[2025-03-28T13:37:29.603+0000] {logging_mixin.py:190} INFO - [2025-03-28T13:37:29.603+0000] {dagbag.py:435} INFO - File /opt/airflow/dags/env/Scripts/pyrsa-verify.exe:__main__.py assumed to contain no DAGs. Skipping.
[2025-03-28T13:37:29.604+0000] {processor.py:927} WARNING - No viable dags retrieved from /opt/airflow/dags/env/Scripts/pyrsa-verify.exe
[2025-03-28T13:37:29.625+0000] {processor.py:208} INFO - Processing /opt/airflow/dags/env/Scripts/pyrsa-verify.exe took 0.050 seconds
[2025-03-28T13:41:53.654+0000] {processor.py:186} INFO - Started process (PID=2324) to work on /opt/airflow/dags/env/Scripts/pyrsa-verify.exe
[2025-03-28T13:41:53.656+0000] {processor.py:914} INFO - Processing file /opt/airflow/dags/env/Scripts/pyrsa-verify.exe for tasks to queue
[2025-03-28T13:41:53.658+0000] {logging_mixin.py:190} INFO - [2025-03-28T13:41:53.657+0000] {dagbag.py:588} INFO - Filling up the DagBag from /opt/airflow/dags/env/Scripts/pyrsa-verify.exe
[2025-03-28T13:41:53.670+0000] {logging_mixin.py:190} INFO - [2025-03-28T13:41:53.670+0000] {dagbag.py:435} INFO - File /opt/airflow/dags/env/Scripts/pyrsa-verify.exe:__main__.py assumed to contain no DAGs. Skipping.
[2025-03-28T13:41:53.671+0000] {processor.py:927} WARNING - No viable dags retrieved from /opt/airflow/dags/env/Scripts/pyrsa-verify.exe
[2025-03-28T13:41:53.691+0000] {processor.py:208} INFO - Processing /opt/airflow/dags/env/Scripts/pyrsa-verify.exe took 0.050 seconds
[2025-03-28T13:42:25.046+0000] {processor.py:186} INFO - Started process (PID=2348) to work on /opt/airflow/dags/env/Scripts/pyrsa-verify.exe
[2025-03-28T13:42:25.047+0000] {processor.py:914} INFO - Processing file /opt/airflow/dags/env/Scripts/pyrsa-verify.exe for tasks to queue
[2025-03-28T13:42:25.049+0000] {logging_mixin.py:190} INFO - [2025-03-28T13:42:25.048+0000] {dagbag.py:588} INFO - Filling up the DagBag from /opt/airflow/dags/env/Scripts/pyrsa-verify.exe
[2025-03-28T13:42:25.064+0000] {logging_mixin.py:190} INFO - [2025-03-28T13:42:25.063+0000] {dagbag.py:435} INFO - File /opt/airflow/dags/env/Scripts/pyrsa-verify.exe:__main__.py assumed to contain no DAGs. Skipping.
[2025-03-28T13:42:25.065+0000] {processor.py:927} WARNING - No viable dags retrieved from /opt/airflow/dags/env/Scripts/pyrsa-verify.exe
[2025-03-28T13:42:25.087+0000] {processor.py:208} INFO - Processing /opt/airflow/dags/env/Scripts/pyrsa-verify.exe took 0.053 seconds
[2025-03-28T13:42:55.344+0000] {processor.py:186} INFO - Started process (PID=2372) to work on /opt/airflow/dags/env/Scripts/pyrsa-verify.exe
[2025-03-28T13:42:55.345+0000] {processor.py:914} INFO - Processing file /opt/airflow/dags/env/Scripts/pyrsa-verify.exe for tasks to queue
[2025-03-28T13:42:55.347+0000] {logging_mixin.py:190} INFO - [2025-03-28T13:42:55.347+0000] {dagbag.py:588} INFO - Filling up the DagBag from /opt/airflow/dags/env/Scripts/pyrsa-verify.exe
[2025-03-28T13:42:55.358+0000] {logging_mixin.py:190} INFO - [2025-03-28T13:42:55.358+0000] {dagbag.py:435} INFO - File /opt/airflow/dags/env/Scripts/pyrsa-verify.exe:__main__.py assumed to contain no DAGs. Skipping.
[2025-03-28T13:42:55.359+0000] {processor.py:927} WARNING - No viable dags retrieved from /opt/airflow/dags/env/Scripts/pyrsa-verify.exe
[2025-03-28T13:42:55.383+0000] {processor.py:208} INFO - Processing /opt/airflow/dags/env/Scripts/pyrsa-verify.exe took 0.050 seconds
[2025-03-28T13:46:51.981+0000] {processor.py:186} INFO - Started process (PID=2379) to work on /opt/airflow/dags/env/Scripts/pyrsa-verify.exe
[2025-03-28T13:46:51.982+0000] {processor.py:914} INFO - Processing file /opt/airflow/dags/env/Scripts/pyrsa-verify.exe for tasks to queue
[2025-03-28T13:46:51.984+0000] {logging_mixin.py:190} INFO - [2025-03-28T13:46:51.983+0000] {dagbag.py:588} INFO - Filling up the DagBag from /opt/airflow/dags/env/Scripts/pyrsa-verify.exe
[2025-03-28T13:46:51.996+0000] {logging_mixin.py:190} INFO - [2025-03-28T13:46:51.996+0000] {dagbag.py:435} INFO - File /opt/airflow/dags/env/Scripts/pyrsa-verify.exe:__main__.py assumed to contain no DAGs. Skipping.
[2025-03-28T13:46:51.998+0000] {processor.py:927} WARNING - No viable dags retrieved from /opt/airflow/dags/env/Scripts/pyrsa-verify.exe
[2025-03-28T13:46:52.021+0000] {processor.py:208} INFO - Processing /opt/airflow/dags/env/Scripts/pyrsa-verify.exe took 0.052 seconds
[2025-03-28T13:47:22.528+0000] {processor.py:186} INFO - Started process (PID=2403) to work on /opt/airflow/dags/env/Scripts/pyrsa-verify.exe
[2025-03-28T13:47:22.530+0000] {processor.py:914} INFO - Processing file /opt/airflow/dags/env/Scripts/pyrsa-verify.exe for tasks to queue
[2025-03-28T13:47:22.532+0000] {logging_mixin.py:190} INFO - [2025-03-28T13:47:22.531+0000] {dagbag.py:588} INFO - Filling up the DagBag from /opt/airflow/dags/env/Scripts/pyrsa-verify.exe
[2025-03-28T13:47:22.544+0000] {logging_mixin.py:190} INFO - [2025-03-28T13:47:22.543+0000] {dagbag.py:435} INFO - File /opt/airflow/dags/env/Scripts/pyrsa-verify.exe:__main__.py assumed to contain no DAGs. Skipping.
[2025-03-28T13:47:22.545+0000] {processor.py:927} WARNING - No viable dags retrieved from /opt/airflow/dags/env/Scripts/pyrsa-verify.exe
[2025-03-28T13:47:22.566+0000] {processor.py:208} INFO - Processing /opt/airflow/dags/env/Scripts/pyrsa-verify.exe took 0.050 seconds
[2025-03-28T13:47:54.172+0000] {processor.py:186} INFO - Started process (PID=2427) to work on /opt/airflow/dags/env/Scripts/pyrsa-verify.exe
[2025-03-28T13:47:54.173+0000] {processor.py:914} INFO - Processing file /opt/airflow/dags/env/Scripts/pyrsa-verify.exe for tasks to queue
[2025-03-28T13:47:54.175+0000] {logging_mixin.py:190} INFO - [2025-03-28T13:47:54.175+0000] {dagbag.py:588} INFO - Filling up the DagBag from /opt/airflow/dags/env/Scripts/pyrsa-verify.exe
[2025-03-28T13:47:54.188+0000] {logging_mixin.py:190} INFO - [2025-03-28T13:47:54.188+0000] {dagbag.py:435} INFO - File /opt/airflow/dags/env/Scripts/pyrsa-verify.exe:__main__.py assumed to contain no DAGs. Skipping.
[2025-03-28T13:47:54.189+0000] {processor.py:927} WARNING - No viable dags retrieved from /opt/airflow/dags/env/Scripts/pyrsa-verify.exe
[2025-03-28T13:47:54.213+0000] {processor.py:208} INFO - Processing /opt/airflow/dags/env/Scripts/pyrsa-verify.exe took 0.053 seconds
[2025-03-28T13:51:55.524+0000] {processor.py:186} INFO - Started process (PID=2437) to work on /opt/airflow/dags/env/Scripts/pyrsa-verify.exe
[2025-03-28T13:51:55.526+0000] {processor.py:914} INFO - Processing file /opt/airflow/dags/env/Scripts/pyrsa-verify.exe for tasks to queue
[2025-03-28T13:51:55.528+0000] {logging_mixin.py:190} INFO - [2025-03-28T13:51:55.527+0000] {dagbag.py:588} INFO - Filling up the DagBag from /opt/airflow/dags/env/Scripts/pyrsa-verify.exe
[2025-03-28T13:51:55.539+0000] {logging_mixin.py:190} INFO - [2025-03-28T13:51:55.538+0000] {dagbag.py:435} INFO - File /opt/airflow/dags/env/Scripts/pyrsa-verify.exe:__main__.py assumed to contain no DAGs. Skipping.
[2025-03-28T13:51:55.540+0000] {processor.py:927} WARNING - No viable dags retrieved from /opt/airflow/dags/env/Scripts/pyrsa-verify.exe
[2025-03-28T13:51:55.561+0000] {processor.py:208} INFO - Processing /opt/airflow/dags/env/Scripts/pyrsa-verify.exe took 0.048 seconds
[2025-03-28T13:52:26.880+0000] {processor.py:186} INFO - Started process (PID=2461) to work on /opt/airflow/dags/env/Scripts/pyrsa-verify.exe
[2025-03-28T13:52:26.881+0000] {processor.py:914} INFO - Processing file /opt/airflow/dags/env/Scripts/pyrsa-verify.exe for tasks to queue
[2025-03-28T13:52:26.883+0000] {logging_mixin.py:190} INFO - [2025-03-28T13:52:26.883+0000] {dagbag.py:588} INFO - Filling up the DagBag from /opt/airflow/dags/env/Scripts/pyrsa-verify.exe
[2025-03-28T13:52:26.894+0000] {logging_mixin.py:190} INFO - [2025-03-28T13:52:26.894+0000] {dagbag.py:435} INFO - File /opt/airflow/dags/env/Scripts/pyrsa-verify.exe:__main__.py assumed to contain no DAGs. Skipping.
[2025-03-28T13:52:26.896+0000] {processor.py:927} WARNING - No viable dags retrieved from /opt/airflow/dags/env/Scripts/pyrsa-verify.exe
[2025-03-28T13:52:26.916+0000] {processor.py:208} INFO - Processing /opt/airflow/dags/env/Scripts/pyrsa-verify.exe took 0.047 seconds
[2025-03-28T13:52:57.546+0000] {processor.py:186} INFO - Started process (PID=2485) to work on /opt/airflow/dags/env/Scripts/pyrsa-verify.exe
[2025-03-28T13:52:57.547+0000] {processor.py:914} INFO - Processing file /opt/airflow/dags/env/Scripts/pyrsa-verify.exe for tasks to queue
[2025-03-28T13:52:57.549+0000] {logging_mixin.py:190} INFO - [2025-03-28T13:52:57.548+0000] {dagbag.py:588} INFO - Filling up the DagBag from /opt/airflow/dags/env/Scripts/pyrsa-verify.exe
[2025-03-28T13:52:57.562+0000] {logging_mixin.py:190} INFO - [2025-03-28T13:52:57.562+0000] {dagbag.py:435} INFO - File /opt/airflow/dags/env/Scripts/pyrsa-verify.exe:__main__.py assumed to contain no DAGs. Skipping.
[2025-03-28T13:52:57.563+0000] {processor.py:927} WARNING - No viable dags retrieved from /opt/airflow/dags/env/Scripts/pyrsa-verify.exe
[2025-03-28T13:52:57.586+0000] {processor.py:208} INFO - Processing /opt/airflow/dags/env/Scripts/pyrsa-verify.exe took 0.052 seconds
[2025-03-28T13:56:57.737+0000] {processor.py:186} INFO - Started process (PID=2492) to work on /opt/airflow/dags/env/Scripts/pyrsa-verify.exe
[2025-03-28T13:56:57.738+0000] {processor.py:914} INFO - Processing file /opt/airflow/dags/env/Scripts/pyrsa-verify.exe for tasks to queue
[2025-03-28T13:56:57.740+0000] {logging_mixin.py:190} INFO - [2025-03-28T13:56:57.740+0000] {dagbag.py:588} INFO - Filling up the DagBag from /opt/airflow/dags/env/Scripts/pyrsa-verify.exe
[2025-03-28T13:56:57.753+0000] {logging_mixin.py:190} INFO - [2025-03-28T13:56:57.753+0000] {dagbag.py:435} INFO - File /opt/airflow/dags/env/Scripts/pyrsa-verify.exe:__main__.py assumed to contain no DAGs. Skipping.
[2025-03-28T13:56:57.754+0000] {processor.py:927} WARNING - No viable dags retrieved from /opt/airflow/dags/env/Scripts/pyrsa-verify.exe
[2025-03-28T13:56:57.777+0000] {processor.py:208} INFO - Processing /opt/airflow/dags/env/Scripts/pyrsa-verify.exe took 0.052 seconds
[2025-03-28T13:57:29.313+0000] {processor.py:186} INFO - Started process (PID=2516) to work on /opt/airflow/dags/env/Scripts/pyrsa-verify.exe
[2025-03-28T13:57:29.315+0000] {processor.py:914} INFO - Processing file /opt/airflow/dags/env/Scripts/pyrsa-verify.exe for tasks to queue
[2025-03-28T13:57:29.318+0000] {logging_mixin.py:190} INFO - [2025-03-28T13:57:29.317+0000] {dagbag.py:588} INFO - Filling up the DagBag from /opt/airflow/dags/env/Scripts/pyrsa-verify.exe
[2025-03-28T13:57:29.337+0000] {logging_mixin.py:190} INFO - [2025-03-28T13:57:29.337+0000] {dagbag.py:435} INFO - File /opt/airflow/dags/env/Scripts/pyrsa-verify.exe:__main__.py assumed to contain no DAGs. Skipping.
[2025-03-28T13:57:29.339+0000] {processor.py:927} WARNING - No viable dags retrieved from /opt/airflow/dags/env/Scripts/pyrsa-verify.exe
[2025-03-28T13:57:29.372+0000] {processor.py:208} INFO - Processing /opt/airflow/dags/env/Scripts/pyrsa-verify.exe took 0.074 seconds
[2025-03-28T14:01:55.003+0000] {processor.py:186} INFO - Started process (PID=2545) to work on /opt/airflow/dags/env/Scripts/pyrsa-verify.exe
[2025-03-28T14:01:55.004+0000] {processor.py:914} INFO - Processing file /opt/airflow/dags/env/Scripts/pyrsa-verify.exe for tasks to queue
[2025-03-28T14:01:55.005+0000] {logging_mixin.py:190} INFO - [2025-03-28T14:01:55.005+0000] {dagbag.py:588} INFO - Filling up the DagBag from /opt/airflow/dags/env/Scripts/pyrsa-verify.exe
[2025-03-28T14:01:55.020+0000] {logging_mixin.py:190} INFO - [2025-03-28T14:01:55.019+0000] {dagbag.py:435} INFO - File /opt/airflow/dags/env/Scripts/pyrsa-verify.exe:__main__.py assumed to contain no DAGs. Skipping.
[2025-03-28T14:01:55.021+0000] {processor.py:927} WARNING - No viable dags retrieved from /opt/airflow/dags/env/Scripts/pyrsa-verify.exe
[2025-03-28T14:01:55.040+0000] {processor.py:208} INFO - Processing /opt/airflow/dags/env/Scripts/pyrsa-verify.exe took 0.050 seconds
[2025-03-28T14:02:26.575+0000] {processor.py:186} INFO - Started process (PID=2569) to work on /opt/airflow/dags/env/Scripts/pyrsa-verify.exe
[2025-03-28T14:02:26.577+0000] {processor.py:914} INFO - Processing file /opt/airflow/dags/env/Scripts/pyrsa-verify.exe for tasks to queue
[2025-03-28T14:02:26.579+0000] {logging_mixin.py:190} INFO - [2025-03-28T14:02:26.579+0000] {dagbag.py:588} INFO - Filling up the DagBag from /opt/airflow/dags/env/Scripts/pyrsa-verify.exe
[2025-03-28T14:02:26.593+0000] {logging_mixin.py:190} INFO - [2025-03-28T14:02:26.593+0000] {dagbag.py:435} INFO - File /opt/airflow/dags/env/Scripts/pyrsa-verify.exe:__main__.py assumed to contain no DAGs. Skipping.
[2025-03-28T14:02:26.595+0000] {processor.py:927} WARNING - No viable dags retrieved from /opt/airflow/dags/env/Scripts/pyrsa-verify.exe
[2025-03-28T14:02:26.619+0000] {processor.py:208} INFO - Processing /opt/airflow/dags/env/Scripts/pyrsa-verify.exe took 0.060 seconds
[2025-03-28T14:02:57.835+0000] {processor.py:186} INFO - Started process (PID=2593) to work on /opt/airflow/dags/env/Scripts/pyrsa-verify.exe
[2025-03-28T14:02:57.836+0000] {processor.py:914} INFO - Processing file /opt/airflow/dags/env/Scripts/pyrsa-verify.exe for tasks to queue
[2025-03-28T14:02:57.838+0000] {logging_mixin.py:190} INFO - [2025-03-28T14:02:57.837+0000] {dagbag.py:588} INFO - Filling up the DagBag from /opt/airflow/dags/env/Scripts/pyrsa-verify.exe
[2025-03-28T14:02:57.849+0000] {logging_mixin.py:190} INFO - [2025-03-28T14:02:57.848+0000] {dagbag.py:435} INFO - File /opt/airflow/dags/env/Scripts/pyrsa-verify.exe:__main__.py assumed to contain no DAGs. Skipping.
[2025-03-28T14:02:57.850+0000] {processor.py:927} WARNING - No viable dags retrieved from /opt/airflow/dags/env/Scripts/pyrsa-verify.exe
[2025-03-28T14:02:57.870+0000] {processor.py:208} INFO - Processing /opt/airflow/dags/env/Scripts/pyrsa-verify.exe took 0.047 seconds
[2025-03-28T14:06:58.813+0000] {processor.py:186} INFO - Started process (PID=2600) to work on /opt/airflow/dags/env/Scripts/pyrsa-verify.exe
[2025-03-28T14:06:58.815+0000] {processor.py:914} INFO - Processing file /opt/airflow/dags/env/Scripts/pyrsa-verify.exe for tasks to queue
[2025-03-28T14:06:58.817+0000] {logging_mixin.py:190} INFO - [2025-03-28T14:06:58.816+0000] {dagbag.py:588} INFO - Filling up the DagBag from /opt/airflow/dags/env/Scripts/pyrsa-verify.exe
[2025-03-28T14:06:58.829+0000] {logging_mixin.py:190} INFO - [2025-03-28T14:06:58.829+0000] {dagbag.py:435} INFO - File /opt/airflow/dags/env/Scripts/pyrsa-verify.exe:__main__.py assumed to contain no DAGs. Skipping.
[2025-03-28T14:06:58.830+0000] {processor.py:927} WARNING - No viable dags retrieved from /opt/airflow/dags/env/Scripts/pyrsa-verify.exe
[2025-03-28T14:06:58.851+0000] {processor.py:208} INFO - Processing /opt/airflow/dags/env/Scripts/pyrsa-verify.exe took 0.051 seconds
[2025-03-28T14:07:30.427+0000] {processor.py:186} INFO - Started process (PID=2624) to work on /opt/airflow/dags/env/Scripts/pyrsa-verify.exe
[2025-03-28T14:07:30.428+0000] {processor.py:914} INFO - Processing file /opt/airflow/dags/env/Scripts/pyrsa-verify.exe for tasks to queue
[2025-03-28T14:07:30.430+0000] {logging_mixin.py:190} INFO - [2025-03-28T14:07:30.430+0000] {dagbag.py:588} INFO - Filling up the DagBag from /opt/airflow/dags/env/Scripts/pyrsa-verify.exe
[2025-03-28T14:07:30.445+0000] {logging_mixin.py:190} INFO - [2025-03-28T14:07:30.444+0000] {dagbag.py:435} INFO - File /opt/airflow/dags/env/Scripts/pyrsa-verify.exe:__main__.py assumed to contain no DAGs. Skipping.
[2025-03-28T14:07:30.446+0000] {processor.py:927} WARNING - No viable dags retrieved from /opt/airflow/dags/env/Scripts/pyrsa-verify.exe
[2025-03-28T14:07:30.475+0000] {processor.py:208} INFO - Processing /opt/airflow/dags/env/Scripts/pyrsa-verify.exe took 0.063 seconds
[2025-03-28T14:11:59.544+0000] {processor.py:186} INFO - Started process (PID=2652) to work on /opt/airflow/dags/env/Scripts/pyrsa-verify.exe
[2025-03-28T14:11:59.545+0000] {processor.py:914} INFO - Processing file /opt/airflow/dags/env/Scripts/pyrsa-verify.exe for tasks to queue
[2025-03-28T14:11:59.547+0000] {logging_mixin.py:190} INFO - [2025-03-28T14:11:59.547+0000] {dagbag.py:588} INFO - Filling up the DagBag from /opt/airflow/dags/env/Scripts/pyrsa-verify.exe
[2025-03-28T14:11:59.560+0000] {logging_mixin.py:190} INFO - [2025-03-28T14:11:59.560+0000] {dagbag.py:435} INFO - File /opt/airflow/dags/env/Scripts/pyrsa-verify.exe:__main__.py assumed to contain no DAGs. Skipping.
[2025-03-28T14:11:59.561+0000] {processor.py:927} WARNING - No viable dags retrieved from /opt/airflow/dags/env/Scripts/pyrsa-verify.exe
[2025-03-28T14:11:59.582+0000] {processor.py:208} INFO - Processing /opt/airflow/dags/env/Scripts/pyrsa-verify.exe took 0.049 seconds
[2025-03-28T14:12:30.952+0000] {processor.py:186} INFO - Started process (PID=2676) to work on /opt/airflow/dags/env/Scripts/pyrsa-verify.exe
[2025-03-28T14:12:30.954+0000] {processor.py:914} INFO - Processing file /opt/airflow/dags/env/Scripts/pyrsa-verify.exe for tasks to queue
[2025-03-28T14:12:30.955+0000] {logging_mixin.py:190} INFO - [2025-03-28T14:12:30.955+0000] {dagbag.py:588} INFO - Filling up the DagBag from /opt/airflow/dags/env/Scripts/pyrsa-verify.exe
[2025-03-28T14:12:30.967+0000] {logging_mixin.py:190} INFO - [2025-03-28T14:12:30.966+0000] {dagbag.py:435} INFO - File /opt/airflow/dags/env/Scripts/pyrsa-verify.exe:__main__.py assumed to contain no DAGs. Skipping.
[2025-03-28T14:12:30.968+0000] {processor.py:927} WARNING - No viable dags retrieved from /opt/airflow/dags/env/Scripts/pyrsa-verify.exe
[2025-03-28T14:12:30.989+0000] {processor.py:208} INFO - Processing /opt/airflow/dags/env/Scripts/pyrsa-verify.exe took 0.049 seconds
[2025-03-28T14:17:04.668+0000] {processor.py:186} INFO - Started process (PID=2704) to work on /opt/airflow/dags/env/Scripts/pyrsa-verify.exe
[2025-03-28T14:17:04.670+0000] {processor.py:914} INFO - Processing file /opt/airflow/dags/env/Scripts/pyrsa-verify.exe for tasks to queue
[2025-03-28T14:17:04.672+0000] {logging_mixin.py:190} INFO - [2025-03-28T14:17:04.671+0000] {dagbag.py:588} INFO - Filling up the DagBag from /opt/airflow/dags/env/Scripts/pyrsa-verify.exe
[2025-03-28T14:17:04.685+0000] {logging_mixin.py:190} INFO - [2025-03-28T14:17:04.684+0000] {dagbag.py:435} INFO - File /opt/airflow/dags/env/Scripts/pyrsa-verify.exe:__main__.py assumed to contain no DAGs. Skipping.
[2025-03-28T14:17:04.686+0000] {processor.py:927} WARNING - No viable dags retrieved from /opt/airflow/dags/env/Scripts/pyrsa-verify.exe
[2025-03-28T14:17:04.709+0000] {processor.py:208} INFO - Processing /opt/airflow/dags/env/Scripts/pyrsa-verify.exe took 0.052 seconds
[2025-03-28T14:17:36.603+0000] {processor.py:186} INFO - Started process (PID=2728) to work on /opt/airflow/dags/env/Scripts/pyrsa-verify.exe
[2025-03-28T14:17:36.605+0000] {processor.py:914} INFO - Processing file /opt/airflow/dags/env/Scripts/pyrsa-verify.exe for tasks to queue
[2025-03-28T14:17:36.608+0000] {logging_mixin.py:190} INFO - [2025-03-28T14:17:36.607+0000] {dagbag.py:588} INFO - Filling up the DagBag from /opt/airflow/dags/env/Scripts/pyrsa-verify.exe
[2025-03-28T14:17:36.622+0000] {logging_mixin.py:190} INFO - [2025-03-28T14:17:36.622+0000] {dagbag.py:435} INFO - File /opt/airflow/dags/env/Scripts/pyrsa-verify.exe:__main__.py assumed to contain no DAGs. Skipping.
[2025-03-28T14:17:36.623+0000] {processor.py:927} WARNING - No viable dags retrieved from /opt/airflow/dags/env/Scripts/pyrsa-verify.exe
[2025-03-28T14:17:36.647+0000] {processor.py:208} INFO - Processing /opt/airflow/dags/env/Scripts/pyrsa-verify.exe took 0.058 seconds
[2025-03-28T14:21:59.403+0000] {processor.py:186} INFO - Started process (PID=2753) to work on /opt/airflow/dags/env/Scripts/pyrsa-verify.exe
[2025-03-28T14:21:59.404+0000] {processor.py:914} INFO - Processing file /opt/airflow/dags/env/Scripts/pyrsa-verify.exe for tasks to queue
[2025-03-28T14:21:59.406+0000] {logging_mixin.py:190} INFO - [2025-03-28T14:21:59.406+0000] {dagbag.py:588} INFO - Filling up the DagBag from /opt/airflow/dags/env/Scripts/pyrsa-verify.exe
[2025-03-28T14:21:59.424+0000] {logging_mixin.py:190} INFO - [2025-03-28T14:21:59.424+0000] {dagbag.py:435} INFO - File /opt/airflow/dags/env/Scripts/pyrsa-verify.exe:__main__.py assumed to contain no DAGs. Skipping.
[2025-03-28T14:21:59.425+0000] {processor.py:927} WARNING - No viable dags retrieved from /opt/airflow/dags/env/Scripts/pyrsa-verify.exe
[2025-03-28T14:21:59.448+0000] {processor.py:208} INFO - Processing /opt/airflow/dags/env/Scripts/pyrsa-verify.exe took 0.058 seconds
[2025-03-28T14:22:31.069+0000] {processor.py:186} INFO - Started process (PID=2777) to work on /opt/airflow/dags/env/Scripts/pyrsa-verify.exe
[2025-03-28T14:22:31.070+0000] {processor.py:914} INFO - Processing file /opt/airflow/dags/env/Scripts/pyrsa-verify.exe for tasks to queue
[2025-03-28T14:22:31.072+0000] {logging_mixin.py:190} INFO - [2025-03-28T14:22:31.071+0000] {dagbag.py:588} INFO - Filling up the DagBag from /opt/airflow/dags/env/Scripts/pyrsa-verify.exe
[2025-03-28T14:22:31.085+0000] {logging_mixin.py:190} INFO - [2025-03-28T14:22:31.084+0000] {dagbag.py:435} INFO - File /opt/airflow/dags/env/Scripts/pyrsa-verify.exe:__main__.py assumed to contain no DAGs. Skipping.
[2025-03-28T14:22:31.086+0000] {processor.py:927} WARNING - No viable dags retrieved from /opt/airflow/dags/env/Scripts/pyrsa-verify.exe
[2025-03-28T14:22:31.109+0000] {processor.py:208} INFO - Processing /opt/airflow/dags/env/Scripts/pyrsa-verify.exe took 0.052 seconds
[2025-03-28T14:26:58.655+0000] {processor.py:186} INFO - Started process (PID=2806) to work on /opt/airflow/dags/env/Scripts/pyrsa-verify.exe
[2025-03-28T14:26:58.657+0000] {processor.py:914} INFO - Processing file /opt/airflow/dags/env/Scripts/pyrsa-verify.exe for tasks to queue
[2025-03-28T14:26:58.659+0000] {logging_mixin.py:190} INFO - [2025-03-28T14:26:58.658+0000] {dagbag.py:588} INFO - Filling up the DagBag from /opt/airflow/dags/env/Scripts/pyrsa-verify.exe
[2025-03-28T14:26:58.674+0000] {logging_mixin.py:190} INFO - [2025-03-28T14:26:58.674+0000] {dagbag.py:435} INFO - File /opt/airflow/dags/env/Scripts/pyrsa-verify.exe:__main__.py assumed to contain no DAGs. Skipping.
[2025-03-28T14:26:58.676+0000] {processor.py:927} WARNING - No viable dags retrieved from /opt/airflow/dags/env/Scripts/pyrsa-verify.exe
[2025-03-28T14:26:58.701+0000] {processor.py:208} INFO - Processing /opt/airflow/dags/env/Scripts/pyrsa-verify.exe took 0.062 seconds
[2025-03-28T14:27:30.073+0000] {processor.py:186} INFO - Started process (PID=2830) to work on /opt/airflow/dags/env/Scripts/pyrsa-verify.exe
[2025-03-28T14:27:30.074+0000] {processor.py:914} INFO - Processing file /opt/airflow/dags/env/Scripts/pyrsa-verify.exe for tasks to queue
[2025-03-28T14:27:30.076+0000] {logging_mixin.py:190} INFO - [2025-03-28T14:27:30.076+0000] {dagbag.py:588} INFO - Filling up the DagBag from /opt/airflow/dags/env/Scripts/pyrsa-verify.exe
[2025-03-28T14:27:30.089+0000] {logging_mixin.py:190} INFO - [2025-03-28T14:27:30.089+0000] {dagbag.py:435} INFO - File /opt/airflow/dags/env/Scripts/pyrsa-verify.exe:__main__.py assumed to contain no DAGs. Skipping.
[2025-03-28T14:27:30.090+0000] {processor.py:927} WARNING - No viable dags retrieved from /opt/airflow/dags/env/Scripts/pyrsa-verify.exe
[2025-03-28T14:27:30.114+0000] {processor.py:208} INFO - Processing /opt/airflow/dags/env/Scripts/pyrsa-verify.exe took 0.053 seconds
[2025-03-28T14:31:56.634+0000] {processor.py:186} INFO - Started process (PID=2860) to work on /opt/airflow/dags/env/Scripts/pyrsa-verify.exe
[2025-03-28T14:31:56.635+0000] {processor.py:914} INFO - Processing file /opt/airflow/dags/env/Scripts/pyrsa-verify.exe for tasks to queue
[2025-03-28T14:31:56.637+0000] {logging_mixin.py:190} INFO - [2025-03-28T14:31:56.636+0000] {dagbag.py:588} INFO - Filling up the DagBag from /opt/airflow/dags/env/Scripts/pyrsa-verify.exe
[2025-03-28T14:31:56.650+0000] {logging_mixin.py:190} INFO - [2025-03-28T14:31:56.650+0000] {dagbag.py:435} INFO - File /opt/airflow/dags/env/Scripts/pyrsa-verify.exe:__main__.py assumed to contain no DAGs. Skipping.
[2025-03-28T14:31:56.651+0000] {processor.py:927} WARNING - No viable dags retrieved from /opt/airflow/dags/env/Scripts/pyrsa-verify.exe
[2025-03-28T14:31:56.672+0000] {processor.py:208} INFO - Processing /opt/airflow/dags/env/Scripts/pyrsa-verify.exe took 0.050 seconds
[2025-03-28T14:32:28.405+0000] {processor.py:186} INFO - Started process (PID=2884) to work on /opt/airflow/dags/env/Scripts/pyrsa-verify.exe
[2025-03-28T14:32:28.406+0000] {processor.py:914} INFO - Processing file /opt/airflow/dags/env/Scripts/pyrsa-verify.exe for tasks to queue
[2025-03-28T14:32:28.408+0000] {logging_mixin.py:190} INFO - [2025-03-28T14:32:28.408+0000] {dagbag.py:588} INFO - Filling up the DagBag from /opt/airflow/dags/env/Scripts/pyrsa-verify.exe
[2025-03-28T14:32:28.420+0000] {logging_mixin.py:190} INFO - [2025-03-28T14:32:28.420+0000] {dagbag.py:435} INFO - File /opt/airflow/dags/env/Scripts/pyrsa-verify.exe:__main__.py assumed to contain no DAGs. Skipping.
[2025-03-28T14:32:28.421+0000] {processor.py:927} WARNING - No viable dags retrieved from /opt/airflow/dags/env/Scripts/pyrsa-verify.exe
[2025-03-28T14:32:28.443+0000] {processor.py:208} INFO - Processing /opt/airflow/dags/env/Scripts/pyrsa-verify.exe took 0.049 seconds
[2025-03-28T14:32:58.971+0000] {processor.py:186} INFO - Started process (PID=2908) to work on /opt/airflow/dags/env/Scripts/pyrsa-verify.exe
[2025-03-28T14:32:58.972+0000] {processor.py:914} INFO - Processing file /opt/airflow/dags/env/Scripts/pyrsa-verify.exe for tasks to queue
[2025-03-28T14:32:58.975+0000] {logging_mixin.py:190} INFO - [2025-03-28T14:32:58.974+0000] {dagbag.py:588} INFO - Filling up the DagBag from /opt/airflow/dags/env/Scripts/pyrsa-verify.exe
[2025-03-28T14:32:58.986+0000] {logging_mixin.py:190} INFO - [2025-03-28T14:32:58.985+0000] {dagbag.py:435} INFO - File /opt/airflow/dags/env/Scripts/pyrsa-verify.exe:__main__.py assumed to contain no DAGs. Skipping.
[2025-03-28T14:32:58.987+0000] {processor.py:927} WARNING - No viable dags retrieved from /opt/airflow/dags/env/Scripts/pyrsa-verify.exe
[2025-03-28T14:32:59.007+0000] {processor.py:208} INFO - Processing /opt/airflow/dags/env/Scripts/pyrsa-verify.exe took 0.047 seconds
[2025-03-28T14:37:10.931+0000] {processor.py:186} INFO - Started process (PID=2916) to work on /opt/airflow/dags/env/Scripts/pyrsa-verify.exe
[2025-03-28T14:37:10.933+0000] {processor.py:914} INFO - Processing file /opt/airflow/dags/env/Scripts/pyrsa-verify.exe for tasks to queue
[2025-03-28T14:37:10.934+0000] {logging_mixin.py:190} INFO - [2025-03-28T14:37:10.934+0000] {dagbag.py:588} INFO - Filling up the DagBag from /opt/airflow/dags/env/Scripts/pyrsa-verify.exe
[2025-03-28T14:37:10.947+0000] {logging_mixin.py:190} INFO - [2025-03-28T14:37:10.947+0000] {dagbag.py:435} INFO - File /opt/airflow/dags/env/Scripts/pyrsa-verify.exe:__main__.py assumed to contain no DAGs. Skipping.
[2025-03-28T14:37:10.948+0000] {processor.py:927} WARNING - No viable dags retrieved from /opt/airflow/dags/env/Scripts/pyrsa-verify.exe
[2025-03-28T14:37:10.972+0000] {processor.py:208} INFO - Processing /opt/airflow/dags/env/Scripts/pyrsa-verify.exe took 0.052 seconds
[2025-03-28T14:37:42.238+0000] {processor.py:186} INFO - Started process (PID=2940) to work on /opt/airflow/dags/env/Scripts/pyrsa-verify.exe
[2025-03-28T14:37:42.239+0000] {processor.py:914} INFO - Processing file /opt/airflow/dags/env/Scripts/pyrsa-verify.exe for tasks to queue
[2025-03-28T14:37:42.241+0000] {logging_mixin.py:190} INFO - [2025-03-28T14:37:42.240+0000] {dagbag.py:588} INFO - Filling up the DagBag from /opt/airflow/dags/env/Scripts/pyrsa-verify.exe
[2025-03-28T14:37:42.256+0000] {logging_mixin.py:190} INFO - [2025-03-28T14:37:42.255+0000] {dagbag.py:435} INFO - File /opt/airflow/dags/env/Scripts/pyrsa-verify.exe:__main__.py assumed to contain no DAGs. Skipping.
[2025-03-28T14:37:42.257+0000] {processor.py:927} WARNING - No viable dags retrieved from /opt/airflow/dags/env/Scripts/pyrsa-verify.exe
[2025-03-28T14:37:42.281+0000] {processor.py:208} INFO - Processing /opt/airflow/dags/env/Scripts/pyrsa-verify.exe took 0.054 seconds
[2025-03-28T15:04:46.989+0000] {processor.py:186} INFO - Started process (PID=103) to work on /opt/airflow/dags/env/Scripts/pyrsa-verify.exe
[2025-03-28T15:04:46.992+0000] {processor.py:914} INFO - Processing file /opt/airflow/dags/env/Scripts/pyrsa-verify.exe for tasks to queue
[2025-03-28T15:04:46.997+0000] {logging_mixin.py:190} INFO - [2025-03-28T15:04:46.997+0000] {dagbag.py:588} INFO - Filling up the DagBag from /opt/airflow/dags/env/Scripts/pyrsa-verify.exe
[2025-03-28T15:04:47.016+0000] {logging_mixin.py:190} INFO - [2025-03-28T15:04:47.015+0000] {dagbag.py:435} INFO - File /opt/airflow/dags/env/Scripts/pyrsa-verify.exe:__main__.py assumed to contain no DAGs. Skipping.
[2025-03-28T15:04:47.017+0000] {processor.py:927} WARNING - No viable dags retrieved from /opt/airflow/dags/env/Scripts/pyrsa-verify.exe
[2025-03-28T15:04:47.058+0000] {processor.py:208} INFO - Processing /opt/airflow/dags/env/Scripts/pyrsa-verify.exe took 0.083 seconds
[2025-03-28T15:05:19.198+0000] {processor.py:186} INFO - Started process (PID=127) to work on /opt/airflow/dags/env/Scripts/pyrsa-verify.exe
[2025-03-28T15:05:19.200+0000] {processor.py:914} INFO - Processing file /opt/airflow/dags/env/Scripts/pyrsa-verify.exe for tasks to queue
[2025-03-28T15:05:19.205+0000] {logging_mixin.py:190} INFO - [2025-03-28T15:05:19.204+0000] {dagbag.py:588} INFO - Filling up the DagBag from /opt/airflow/dags/env/Scripts/pyrsa-verify.exe
[2025-03-28T15:05:19.225+0000] {logging_mixin.py:190} INFO - [2025-03-28T15:05:19.224+0000] {dagbag.py:435} INFO - File /opt/airflow/dags/env/Scripts/pyrsa-verify.exe:__main__.py assumed to contain no DAGs. Skipping.
[2025-03-28T15:05:19.227+0000] {processor.py:927} WARNING - No viable dags retrieved from /opt/airflow/dags/env/Scripts/pyrsa-verify.exe
[2025-03-28T15:05:19.267+0000] {processor.py:208} INFO - Processing /opt/airflow/dags/env/Scripts/pyrsa-verify.exe took 0.084 seconds
[2025-03-28T15:16:20.403+0000] {processor.py:186} INFO - Started process (PID=162) to work on /opt/airflow/dags/env/Scripts/pyrsa-verify.exe
[2025-03-28T15:16:20.405+0000] {processor.py:914} INFO - Processing file /opt/airflow/dags/env/Scripts/pyrsa-verify.exe for tasks to queue
[2025-03-28T15:16:20.409+0000] {logging_mixin.py:190} INFO - [2025-03-28T15:16:20.408+0000] {dagbag.py:588} INFO - Filling up the DagBag from /opt/airflow/dags/env/Scripts/pyrsa-verify.exe
[2025-03-28T15:16:20.427+0000] {logging_mixin.py:190} INFO - [2025-03-28T15:16:20.427+0000] {dagbag.py:435} INFO - File /opt/airflow/dags/env/Scripts/pyrsa-verify.exe:__main__.py assumed to contain no DAGs. Skipping.
[2025-03-28T15:16:20.428+0000] {processor.py:927} WARNING - No viable dags retrieved from /opt/airflow/dags/env/Scripts/pyrsa-verify.exe
[2025-03-28T15:16:20.455+0000] {processor.py:208} INFO - Processing /opt/airflow/dags/env/Scripts/pyrsa-verify.exe took 0.061 seconds
[2025-03-28T15:16:51.383+0000] {processor.py:186} INFO - Started process (PID=186) to work on /opt/airflow/dags/env/Scripts/pyrsa-verify.exe
[2025-03-28T15:16:51.385+0000] {processor.py:914} INFO - Processing file /opt/airflow/dags/env/Scripts/pyrsa-verify.exe for tasks to queue
[2025-03-28T15:16:51.388+0000] {logging_mixin.py:190} INFO - [2025-03-28T15:16:51.388+0000] {dagbag.py:588} INFO - Filling up the DagBag from /opt/airflow/dags/env/Scripts/pyrsa-verify.exe
[2025-03-28T15:16:51.410+0000] {logging_mixin.py:190} INFO - [2025-03-28T15:16:51.409+0000] {dagbag.py:435} INFO - File /opt/airflow/dags/env/Scripts/pyrsa-verify.exe:__main__.py assumed to contain no DAGs. Skipping.
[2025-03-28T15:16:51.411+0000] {processor.py:927} WARNING - No viable dags retrieved from /opt/airflow/dags/env/Scripts/pyrsa-verify.exe
[2025-03-28T15:16:51.440+0000] {processor.py:208} INFO - Processing /opt/airflow/dags/env/Scripts/pyrsa-verify.exe took 0.068 seconds
[2025-03-28T15:33:28.625+0000] {processor.py:186} INFO - Started process (PID=206) to work on /opt/airflow/dags/env/Scripts/pyrsa-verify.exe
[2025-03-28T15:33:28.627+0000] {processor.py:914} INFO - Processing file /opt/airflow/dags/env/Scripts/pyrsa-verify.exe for tasks to queue
[2025-03-28T15:33:28.638+0000] {logging_mixin.py:190} INFO - [2025-03-28T15:33:28.637+0000] {dagbag.py:588} INFO - Filling up the DagBag from /opt/airflow/dags/env/Scripts/pyrsa-verify.exe
[2025-03-28T15:33:28.657+0000] {logging_mixin.py:190} INFO - [2025-03-28T15:33:28.656+0000] {dagbag.py:435} INFO - File /opt/airflow/dags/env/Scripts/pyrsa-verify.exe:__main__.py assumed to contain no DAGs. Skipping.
[2025-03-28T15:33:28.659+0000] {processor.py:927} WARNING - No viable dags retrieved from /opt/airflow/dags/env/Scripts/pyrsa-verify.exe
[2025-03-28T15:33:28.699+0000] {processor.py:208} INFO - Processing /opt/airflow/dags/env/Scripts/pyrsa-verify.exe took 0.090 seconds
[2025-03-28T16:57:29.245+0000] {processor.py:186} INFO - Started process (PID=299) to work on /opt/airflow/dags/env/Scripts/pyrsa-verify.exe
[2025-03-28T16:57:29.247+0000] {processor.py:914} INFO - Processing file /opt/airflow/dags/env/Scripts/pyrsa-verify.exe for tasks to queue
[2025-03-28T16:57:29.254+0000] {logging_mixin.py:190} INFO - [2025-03-28T16:57:29.252+0000] {dagbag.py:588} INFO - Filling up the DagBag from /opt/airflow/dags/env/Scripts/pyrsa-verify.exe
[2025-03-28T16:57:29.283+0000] {logging_mixin.py:190} INFO - [2025-03-28T16:57:29.283+0000] {dagbag.py:435} INFO - File /opt/airflow/dags/env/Scripts/pyrsa-verify.exe:__main__.py assumed to contain no DAGs. Skipping.
[2025-03-28T16:57:29.285+0000] {processor.py:927} WARNING - No viable dags retrieved from /opt/airflow/dags/env/Scripts/pyrsa-verify.exe
[2025-03-28T16:57:29.325+0000] {processor.py:208} INFO - Processing /opt/airflow/dags/env/Scripts/pyrsa-verify.exe took 0.095 seconds
[2025-03-28T20:09:11.849+0000] {processor.py:186} INFO - Started process (PID=325) to work on /opt/airflow/dags/env/Scripts/pyrsa-verify.exe
[2025-03-28T20:09:11.852+0000] {processor.py:914} INFO - Processing file /opt/airflow/dags/env/Scripts/pyrsa-verify.exe for tasks to queue
[2025-03-28T20:09:11.859+0000] {logging_mixin.py:190} INFO - [2025-03-28T20:09:11.857+0000] {dagbag.py:588} INFO - Filling up the DagBag from /opt/airflow/dags/env/Scripts/pyrsa-verify.exe
[2025-03-28T20:09:11.887+0000] {logging_mixin.py:190} INFO - [2025-03-28T20:09:11.887+0000] {dagbag.py:435} INFO - File /opt/airflow/dags/env/Scripts/pyrsa-verify.exe:__main__.py assumed to contain no DAGs. Skipping.
[2025-03-28T20:09:11.890+0000] {processor.py:927} WARNING - No viable dags retrieved from /opt/airflow/dags/env/Scripts/pyrsa-verify.exe
[2025-03-28T20:09:11.930+0000] {processor.py:208} INFO - Processing /opt/airflow/dags/env/Scripts/pyrsa-verify.exe took 0.094 seconds
[2025-03-28T23:21:45.563+0000] {processor.py:186} INFO - Started process (PID=351) to work on /opt/airflow/dags/env/Scripts/pyrsa-verify.exe
[2025-03-28T23:21:45.566+0000] {processor.py:914} INFO - Processing file /opt/airflow/dags/env/Scripts/pyrsa-verify.exe for tasks to queue
[2025-03-28T23:21:45.574+0000] {logging_mixin.py:190} INFO - [2025-03-28T23:21:45.572+0000] {dagbag.py:588} INFO - Filling up the DagBag from /opt/airflow/dags/env/Scripts/pyrsa-verify.exe
[2025-03-28T23:21:45.600+0000] {logging_mixin.py:190} INFO - [2025-03-28T23:21:45.600+0000] {dagbag.py:435} INFO - File /opt/airflow/dags/env/Scripts/pyrsa-verify.exe:__main__.py assumed to contain no DAGs. Skipping.
[2025-03-28T23:21:45.602+0000] {processor.py:927} WARNING - No viable dags retrieved from /opt/airflow/dags/env/Scripts/pyrsa-verify.exe
[2025-03-28T23:21:45.664+0000] {processor.py:208} INFO - Processing /opt/airflow/dags/env/Scripts/pyrsa-verify.exe took 0.115 seconds
