[2025-03-28T03:03:28.943+0000] {processor.py:186} INFO - Started process (PID=207) to work on /opt/airflow/dags/env/Scripts/pyrsa-keygen.exe
[2025-03-28T03:03:28.944+0000] {processor.py:914} INFO - Processing file /opt/airflow/dags/env/Scripts/pyrsa-keygen.exe for tasks to queue
[2025-03-28T03:03:28.948+0000] {logging_mixin.py:190} INFO - [2025-03-28T03:03:28.948+0000] {dagbag.py:588} INFO - Filling up the DagBag from /opt/airflow/dags/env/Scripts/pyrsa-keygen.exe
[2025-03-28T03:03:28.961+0000] {logging_mixin.py:190} INFO - [2025-03-28T03:03:28.961+0000] {dagbag.py:435} INFO - File /opt/airflow/dags/env/Scripts/pyrsa-keygen.exe:__main__.py assumed to contain no DAGs. Skipping.
[2025-03-28T03:03:28.962+0000] {processor.py:927} WARNING - No viable dags retrieved from /opt/airflow/dags/env/Scripts/pyrsa-keygen.exe
[2025-03-28T03:03:28.985+0000] {processor.py:208} INFO - Processing /opt/airflow/dags/env/Scripts/pyrsa-keygen.exe took 0.057 seconds
[2025-03-28T03:46:18.635+0000] {processor.py:186} INFO - Started process (PID=256) to work on /opt/airflow/dags/env/Scripts/pyrsa-keygen.exe
[2025-03-28T03:46:18.637+0000] {processor.py:914} INFO - Processing file /opt/airflow/dags/env/Scripts/pyrsa-keygen.exe for tasks to queue
[2025-03-28T03:46:18.652+0000] {logging_mixin.py:190} INFO - [2025-03-28T03:46:18.652+0000] {dagbag.py:588} INFO - Filling up the DagBag from /opt/airflow/dags/env/Scripts/pyrsa-keygen.exe
[2025-03-28T03:46:19.051+0000] {logging_mixin.py:190} INFO - [2025-03-28T03:46:19.050+0000] {dagbag.py:435} INFO - File /opt/airflow/dags/env/Scripts/pyrsa-keygen.exe:__main__.py assumed to contain no DAGs. Skipping.
[2025-03-28T03:46:19.055+0000] {processor.py:927} WARNING - No viable dags retrieved from /opt/airflow/dags/env/Scripts/pyrsa-keygen.exe
[2025-03-28T03:46:19.100+0000] {processor.py:208} INFO - Processing /opt/airflow/dags/env/Scripts/pyrsa-keygen.exe took 0.515 seconds
[2025-03-28T04:41:08.713+0000] {processor.py:186} INFO - Started process (PID=300) to work on /opt/airflow/dags/env/Scripts/pyrsa-keygen.exe
[2025-03-28T04:41:08.714+0000] {processor.py:914} INFO - Processing file /opt/airflow/dags/env/Scripts/pyrsa-keygen.exe for tasks to queue
[2025-03-28T04:41:08.718+0000] {logging_mixin.py:190} INFO - [2025-03-28T04:41:08.717+0000] {dagbag.py:588} INFO - Filling up the DagBag from /opt/airflow/dags/env/Scripts/pyrsa-keygen.exe
[2025-03-28T04:41:08.736+0000] {logging_mixin.py:190} INFO - [2025-03-28T04:41:08.735+0000] {dagbag.py:435} INFO - File /opt/airflow/dags/env/Scripts/pyrsa-keygen.exe:__main__.py assumed to contain no DAGs. Skipping.
[2025-03-28T04:41:08.737+0000] {processor.py:927} WARNING - No viable dags retrieved from /opt/airflow/dags/env/Scripts/pyrsa-keygen.exe
[2025-03-28T04:41:08.764+0000] {processor.py:208} INFO - Processing /opt/airflow/dags/env/Scripts/pyrsa-keygen.exe took 0.065 seconds
[2025-03-28T05:05:45.919+0000] {processor.py:186} INFO - Started process (PID=334) to work on /opt/airflow/dags/env/Scripts/pyrsa-keygen.exe
[2025-03-28T05:05:45.920+0000] {processor.py:914} INFO - Processing file /opt/airflow/dags/env/Scripts/pyrsa-keygen.exe for tasks to queue
[2025-03-28T05:05:45.923+0000] {logging_mixin.py:190} INFO - [2025-03-28T05:05:45.923+0000] {dagbag.py:588} INFO - Filling up the DagBag from /opt/airflow/dags/env/Scripts/pyrsa-keygen.exe
[2025-03-28T05:05:45.947+0000] {logging_mixin.py:190} INFO - [2025-03-28T05:05:45.946+0000] {dagbag.py:435} INFO - File /opt/airflow/dags/env/Scripts/pyrsa-keygen.exe:__main__.py assumed to contain no DAGs. Skipping.
[2025-03-28T05:05:45.948+0000] {processor.py:927} WARNING - No viable dags retrieved from /opt/airflow/dags/env/Scripts/pyrsa-keygen.exe
[2025-03-28T05:05:45.975+0000] {processor.py:208} INFO - Processing /opt/airflow/dags/env/Scripts/pyrsa-keygen.exe took 0.071 seconds
[2025-03-28T05:13:32.340+0000] {processor.py:186} INFO - Started process (PID=368) to work on /opt/airflow/dags/env/Scripts/pyrsa-keygen.exe
[2025-03-28T05:13:32.343+0000] {processor.py:914} INFO - Processing file /opt/airflow/dags/env/Scripts/pyrsa-keygen.exe for tasks to queue
[2025-03-28T05:13:32.352+0000] {logging_mixin.py:190} INFO - [2025-03-28T05:13:32.350+0000] {dagbag.py:588} INFO - Filling up the DagBag from /opt/airflow/dags/env/Scripts/pyrsa-keygen.exe
[2025-03-28T05:13:32.375+0000] {logging_mixin.py:190} INFO - [2025-03-28T05:13:32.375+0000] {dagbag.py:435} INFO - File /opt/airflow/dags/env/Scripts/pyrsa-keygen.exe:__main__.py assumed to contain no DAGs. Skipping.
[2025-03-28T05:13:32.377+0000] {processor.py:927} WARNING - No viable dags retrieved from /opt/airflow/dags/env/Scripts/pyrsa-keygen.exe
[2025-03-28T05:13:32.494+0000] {processor.py:208} INFO - Processing /opt/airflow/dags/env/Scripts/pyrsa-keygen.exe took 0.198 seconds
[2025-03-28T05:17:51.422+0000] {processor.py:186} INFO - Started process (PID=391) to work on /opt/airflow/dags/env/Scripts/pyrsa-keygen.exe
[2025-03-28T05:17:51.423+0000] {processor.py:914} INFO - Processing file /opt/airflow/dags/env/Scripts/pyrsa-keygen.exe for tasks to queue
[2025-03-28T05:17:51.427+0000] {logging_mixin.py:190} INFO - [2025-03-28T05:17:51.426+0000] {dagbag.py:588} INFO - Filling up the DagBag from /opt/airflow/dags/env/Scripts/pyrsa-keygen.exe
[2025-03-28T05:17:51.451+0000] {logging_mixin.py:190} INFO - [2025-03-28T05:17:51.451+0000] {dagbag.py:435} INFO - File /opt/airflow/dags/env/Scripts/pyrsa-keygen.exe:__main__.py assumed to contain no DAGs. Skipping.
[2025-03-28T05:17:51.452+0000] {processor.py:927} WARNING - No viable dags retrieved from /opt/airflow/dags/env/Scripts/pyrsa-keygen.exe
[2025-03-28T05:17:51.487+0000] {processor.py:208} INFO - Processing /opt/airflow/dags/env/Scripts/pyrsa-keygen.exe took 0.078 seconds
[2025-03-28T05:18:22.589+0000] {processor.py:186} INFO - Started process (PID=415) to work on /opt/airflow/dags/env/Scripts/pyrsa-keygen.exe
[2025-03-28T05:18:22.590+0000] {processor.py:914} INFO - Processing file /opt/airflow/dags/env/Scripts/pyrsa-keygen.exe for tasks to queue
[2025-03-28T05:18:22.593+0000] {logging_mixin.py:190} INFO - [2025-03-28T05:18:22.592+0000] {dagbag.py:588} INFO - Filling up the DagBag from /opt/airflow/dags/env/Scripts/pyrsa-keygen.exe
[2025-03-28T05:18:22.610+0000] {logging_mixin.py:190} INFO - [2025-03-28T05:18:22.610+0000] {dagbag.py:435} INFO - File /opt/airflow/dags/env/Scripts/pyrsa-keygen.exe:__main__.py assumed to contain no DAGs. Skipping.
[2025-03-28T05:18:22.612+0000] {processor.py:927} WARNING - No viable dags retrieved from /opt/airflow/dags/env/Scripts/pyrsa-keygen.exe
[2025-03-28T05:18:22.645+0000] {processor.py:208} INFO - Processing /opt/airflow/dags/env/Scripts/pyrsa-keygen.exe took 0.067 seconds
[2025-03-28T05:23:26.876+0000] {processor.py:186} INFO - Started process (PID=430) to work on /opt/airflow/dags/env/Scripts/pyrsa-keygen.exe
[2025-03-28T05:23:26.877+0000] {processor.py:914} INFO - Processing file /opt/airflow/dags/env/Scripts/pyrsa-keygen.exe for tasks to queue
[2025-03-28T05:23:26.880+0000] {logging_mixin.py:190} INFO - [2025-03-28T05:23:26.880+0000] {dagbag.py:588} INFO - Filling up the DagBag from /opt/airflow/dags/env/Scripts/pyrsa-keygen.exe
[2025-03-28T05:23:26.892+0000] {logging_mixin.py:190} INFO - [2025-03-28T05:23:26.891+0000] {dagbag.py:435} INFO - File /opt/airflow/dags/env/Scripts/pyrsa-keygen.exe:__main__.py assumed to contain no DAGs. Skipping.
[2025-03-28T05:23:26.893+0000] {processor.py:927} WARNING - No viable dags retrieved from /opt/airflow/dags/env/Scripts/pyrsa-keygen.exe
[2025-03-28T05:23:26.914+0000] {processor.py:208} INFO - Processing /opt/airflow/dags/env/Scripts/pyrsa-keygen.exe took 0.049 seconds
[2025-03-28T05:35:00.613+0000] {processor.py:186} INFO - Started process (PID=458) to work on /opt/airflow/dags/env/Scripts/pyrsa-keygen.exe
[2025-03-28T05:35:00.614+0000] {processor.py:914} INFO - Processing file /opt/airflow/dags/env/Scripts/pyrsa-keygen.exe for tasks to queue
[2025-03-28T05:35:00.619+0000] {logging_mixin.py:190} INFO - [2025-03-28T05:35:00.619+0000] {dagbag.py:588} INFO - Filling up the DagBag from /opt/airflow/dags/env/Scripts/pyrsa-keygen.exe
[2025-03-28T05:35:00.635+0000] {logging_mixin.py:190} INFO - [2025-03-28T05:35:00.634+0000] {dagbag.py:435} INFO - File /opt/airflow/dags/env/Scripts/pyrsa-keygen.exe:__main__.py assumed to contain no DAGs. Skipping.
[2025-03-28T05:35:00.636+0000] {processor.py:927} WARNING - No viable dags retrieved from /opt/airflow/dags/env/Scripts/pyrsa-keygen.exe
[2025-03-28T05:35:00.668+0000] {processor.py:208} INFO - Processing /opt/airflow/dags/env/Scripts/pyrsa-keygen.exe took 0.074 seconds
[2025-03-28T05:44:56.420+0000] {processor.py:186} INFO - Started process (PID=497) to work on /opt/airflow/dags/env/Scripts/pyrsa-keygen.exe
[2025-03-28T05:44:56.422+0000] {processor.py:914} INFO - Processing file /opt/airflow/dags/env/Scripts/pyrsa-keygen.exe for tasks to queue
[2025-03-28T05:44:56.426+0000] {logging_mixin.py:190} INFO - [2025-03-28T05:44:56.425+0000] {dagbag.py:588} INFO - Filling up the DagBag from /opt/airflow/dags/env/Scripts/pyrsa-keygen.exe
[2025-03-28T05:44:56.445+0000] {logging_mixin.py:190} INFO - [2025-03-28T05:44:56.444+0000] {dagbag.py:435} INFO - File /opt/airflow/dags/env/Scripts/pyrsa-keygen.exe:__main__.py assumed to contain no DAGs. Skipping.
[2025-03-28T05:44:56.447+0000] {processor.py:927} WARNING - No viable dags retrieved from /opt/airflow/dags/env/Scripts/pyrsa-keygen.exe
[2025-03-28T05:44:56.477+0000] {processor.py:208} INFO - Processing /opt/airflow/dags/env/Scripts/pyrsa-keygen.exe took 0.074 seconds
[2025-03-28T05:55:57.201+0000] {processor.py:186} INFO - Started process (PID=571) to work on /opt/airflow/dags/env/Scripts/pyrsa-keygen.exe
[2025-03-28T05:55:57.202+0000] {processor.py:914} INFO - Processing file /opt/airflow/dags/env/Scripts/pyrsa-keygen.exe for tasks to queue
[2025-03-28T05:55:57.205+0000] {logging_mixin.py:190} INFO - [2025-03-28T05:55:57.205+0000] {dagbag.py:588} INFO - Filling up the DagBag from /opt/airflow/dags/env/Scripts/pyrsa-keygen.exe
[2025-03-28T05:55:57.251+0000] {logging_mixin.py:190} INFO - [2025-03-28T05:55:57.250+0000] {dagbag.py:435} INFO - File /opt/airflow/dags/env/Scripts/pyrsa-keygen.exe:__main__.py assumed to contain no DAGs. Skipping.
[2025-03-28T05:55:57.253+0000] {processor.py:927} WARNING - No viable dags retrieved from /opt/airflow/dags/env/Scripts/pyrsa-keygen.exe
[2025-03-28T05:55:57.279+0000] {processor.py:208} INFO - Processing /opt/airflow/dags/env/Scripts/pyrsa-keygen.exe took 0.096 seconds
[2025-03-28T06:00:44.196+0000] {processor.py:186} INFO - Started process (PID=653) to work on /opt/airflow/dags/env/Scripts/pyrsa-keygen.exe
[2025-03-28T06:00:44.198+0000] {processor.py:914} INFO - Processing file /opt/airflow/dags/env/Scripts/pyrsa-keygen.exe for tasks to queue
[2025-03-28T06:00:44.201+0000] {logging_mixin.py:190} INFO - [2025-03-28T06:00:44.200+0000] {dagbag.py:588} INFO - Filling up the DagBag from /opt/airflow/dags/env/Scripts/pyrsa-keygen.exe
[2025-03-28T06:00:44.213+0000] {logging_mixin.py:190} INFO - [2025-03-28T06:00:44.213+0000] {dagbag.py:435} INFO - File /opt/airflow/dags/env/Scripts/pyrsa-keygen.exe:__main__.py assumed to contain no DAGs. Skipping.
[2025-03-28T06:00:44.214+0000] {processor.py:927} WARNING - No viable dags retrieved from /opt/airflow/dags/env/Scripts/pyrsa-keygen.exe
[2025-03-28T06:00:44.237+0000] {processor.py:208} INFO - Processing /opt/airflow/dags/env/Scripts/pyrsa-keygen.exe took 0.054 seconds
[2025-03-28T06:10:39.426+0000] {processor.py:186} INFO - Started process (PID=675) to work on /opt/airflow/dags/env/Scripts/pyrsa-keygen.exe
[2025-03-28T06:10:39.429+0000] {processor.py:914} INFO - Processing file /opt/airflow/dags/env/Scripts/pyrsa-keygen.exe for tasks to queue
[2025-03-28T06:10:39.431+0000] {logging_mixin.py:190} INFO - [2025-03-28T06:10:39.431+0000] {dagbag.py:588} INFO - Filling up the DagBag from /opt/airflow/dags/env/Scripts/pyrsa-keygen.exe
[2025-03-28T06:10:39.457+0000] {logging_mixin.py:190} INFO - [2025-03-28T06:10:39.456+0000] {dagbag.py:435} INFO - File /opt/airflow/dags/env/Scripts/pyrsa-keygen.exe:__main__.py assumed to contain no DAGs. Skipping.
[2025-03-28T06:10:39.459+0000] {processor.py:927} WARNING - No viable dags retrieved from /opt/airflow/dags/env/Scripts/pyrsa-keygen.exe
[2025-03-28T06:10:39.502+0000] {processor.py:208} INFO - Processing /opt/airflow/dags/env/Scripts/pyrsa-keygen.exe took 0.102 seconds
[2025-03-28T06:26:32.787+0000] {processor.py:186} INFO - Started process (PID=841) to work on /opt/airflow/dags/env/Scripts/pyrsa-keygen.exe
[2025-03-28T06:26:32.789+0000] {processor.py:914} INFO - Processing file /opt/airflow/dags/env/Scripts/pyrsa-keygen.exe for tasks to queue
[2025-03-28T06:26:32.794+0000] {logging_mixin.py:190} INFO - [2025-03-28T06:26:32.793+0000] {dagbag.py:588} INFO - Filling up the DagBag from /opt/airflow/dags/env/Scripts/pyrsa-keygen.exe
[2025-03-28T06:26:32.826+0000] {logging_mixin.py:190} INFO - [2025-03-28T06:26:32.826+0000] {dagbag.py:435} INFO - File /opt/airflow/dags/env/Scripts/pyrsa-keygen.exe:__main__.py assumed to contain no DAGs. Skipping.
[2025-03-28T06:26:32.828+0000] {processor.py:927} WARNING - No viable dags retrieved from /opt/airflow/dags/env/Scripts/pyrsa-keygen.exe
[2025-03-28T06:26:32.899+0000] {processor.py:208} INFO - Processing /opt/airflow/dags/env/Scripts/pyrsa-keygen.exe took 0.144 seconds
[2025-03-28T06:47:25.014+0000] {processor.py:186} INFO - Started process (PID=957) to work on /opt/airflow/dags/env/Scripts/pyrsa-keygen.exe
[2025-03-28T06:47:25.015+0000] {processor.py:914} INFO - Processing file /opt/airflow/dags/env/Scripts/pyrsa-keygen.exe for tasks to queue
[2025-03-28T06:47:25.018+0000] {logging_mixin.py:190} INFO - [2025-03-28T06:47:25.017+0000] {dagbag.py:588} INFO - Filling up the DagBag from /opt/airflow/dags/env/Scripts/pyrsa-keygen.exe
[2025-03-28T06:47:25.032+0000] {logging_mixin.py:190} INFO - [2025-03-28T06:47:25.032+0000] {dagbag.py:435} INFO - File /opt/airflow/dags/env/Scripts/pyrsa-keygen.exe:__main__.py assumed to contain no DAGs. Skipping.
[2025-03-28T06:47:25.034+0000] {processor.py:927} WARNING - No viable dags retrieved from /opt/airflow/dags/env/Scripts/pyrsa-keygen.exe
[2025-03-28T06:47:25.064+0000] {processor.py:208} INFO - Processing /opt/airflow/dags/env/Scripts/pyrsa-keygen.exe took 0.067 seconds
[2025-03-28T07:30:20.696+0000] {processor.py:186} INFO - Started process (PID=1216) to work on /opt/airflow/dags/env/Scripts/pyrsa-keygen.exe
[2025-03-28T07:30:20.698+0000] {processor.py:914} INFO - Processing file /opt/airflow/dags/env/Scripts/pyrsa-keygen.exe for tasks to queue
[2025-03-28T07:30:20.703+0000] {logging_mixin.py:190} INFO - [2025-03-28T07:30:20.702+0000] {dagbag.py:588} INFO - Filling up the DagBag from /opt/airflow/dags/env/Scripts/pyrsa-keygen.exe
[2025-03-28T07:30:20.732+0000] {logging_mixin.py:190} INFO - [2025-03-28T07:30:20.732+0000] {dagbag.py:435} INFO - File /opt/airflow/dags/env/Scripts/pyrsa-keygen.exe:__main__.py assumed to contain no DAGs. Skipping.
[2025-03-28T07:30:20.734+0000] {processor.py:927} WARNING - No viable dags retrieved from /opt/airflow/dags/env/Scripts/pyrsa-keygen.exe
[2025-03-28T07:30:20.787+0000] {processor.py:208} INFO - Processing /opt/airflow/dags/env/Scripts/pyrsa-keygen.exe took 0.126 seconds
[2025-03-28T08:47:41.060+0000] {processor.py:186} INFO - Started process (PID=1259) to work on /opt/airflow/dags/env/Scripts/pyrsa-keygen.exe
[2025-03-28T08:47:41.062+0000] {processor.py:914} INFO - Processing file /opt/airflow/dags/env/Scripts/pyrsa-keygen.exe for tasks to queue
[2025-03-28T08:47:41.064+0000] {logging_mixin.py:190} INFO - [2025-03-28T08:47:41.064+0000] {dagbag.py:588} INFO - Filling up the DagBag from /opt/airflow/dags/env/Scripts/pyrsa-keygen.exe
[2025-03-28T08:47:41.078+0000] {logging_mixin.py:190} INFO - [2025-03-28T08:47:41.078+0000] {dagbag.py:435} INFO - File /opt/airflow/dags/env/Scripts/pyrsa-keygen.exe:__main__.py assumed to contain no DAGs. Skipping.
[2025-03-28T08:47:41.079+0000] {processor.py:927} WARNING - No viable dags retrieved from /opt/airflow/dags/env/Scripts/pyrsa-keygen.exe
[2025-03-28T08:47:41.101+0000] {processor.py:208} INFO - Processing /opt/airflow/dags/env/Scripts/pyrsa-keygen.exe took 0.055 seconds
[2025-03-28T09:26:48.904+0000] {processor.py:186} INFO - Started process (PID=1436) to work on /opt/airflow/dags/env/Scripts/pyrsa-keygen.exe
[2025-03-28T09:26:48.906+0000] {processor.py:914} INFO - Processing file /opt/airflow/dags/env/Scripts/pyrsa-keygen.exe for tasks to queue
[2025-03-28T09:26:48.909+0000] {logging_mixin.py:190} INFO - [2025-03-28T09:26:48.908+0000] {dagbag.py:588} INFO - Filling up the DagBag from /opt/airflow/dags/env/Scripts/pyrsa-keygen.exe
[2025-03-28T09:26:48.923+0000] {logging_mixin.py:190} INFO - [2025-03-28T09:26:48.923+0000] {dagbag.py:435} INFO - File /opt/airflow/dags/env/Scripts/pyrsa-keygen.exe:__main__.py assumed to contain no DAGs. Skipping.
[2025-03-28T09:26:48.925+0000] {processor.py:927} WARNING - No viable dags retrieved from /opt/airflow/dags/env/Scripts/pyrsa-keygen.exe
[2025-03-28T09:26:48.966+0000] {processor.py:208} INFO - Processing /opt/airflow/dags/env/Scripts/pyrsa-keygen.exe took 0.084 seconds
[2025-03-28T09:31:18.982+0000] {processor.py:186} INFO - Started process (PID=1460) to work on /opt/airflow/dags/env/Scripts/pyrsa-keygen.exe
[2025-03-28T09:31:18.984+0000] {processor.py:914} INFO - Processing file /opt/airflow/dags/env/Scripts/pyrsa-keygen.exe for tasks to queue
[2025-03-28T09:31:18.987+0000] {logging_mixin.py:190} INFO - [2025-03-28T09:31:18.986+0000] {dagbag.py:588} INFO - Filling up the DagBag from /opt/airflow/dags/env/Scripts/pyrsa-keygen.exe
[2025-03-28T09:31:19.005+0000] {logging_mixin.py:190} INFO - [2025-03-28T09:31:19.005+0000] {dagbag.py:435} INFO - File /opt/airflow/dags/env/Scripts/pyrsa-keygen.exe:__main__.py assumed to contain no DAGs. Skipping.
[2025-03-28T09:31:19.007+0000] {processor.py:927} WARNING - No viable dags retrieved from /opt/airflow/dags/env/Scripts/pyrsa-keygen.exe
[2025-03-28T09:31:19.043+0000] {processor.py:208} INFO - Processing /opt/airflow/dags/env/Scripts/pyrsa-keygen.exe took 0.086 seconds
[2025-03-28T09:41:53.887+0000] {processor.py:186} INFO - Started process (PID=1486) to work on /opt/airflow/dags/env/Scripts/pyrsa-keygen.exe
[2025-03-28T09:41:53.888+0000] {processor.py:914} INFO - Processing file /opt/airflow/dags/env/Scripts/pyrsa-keygen.exe for tasks to queue
[2025-03-28T09:41:53.891+0000] {logging_mixin.py:190} INFO - [2025-03-28T09:41:53.890+0000] {dagbag.py:588} INFO - Filling up the DagBag from /opt/airflow/dags/env/Scripts/pyrsa-keygen.exe
[2025-03-28T09:41:53.907+0000] {logging_mixin.py:190} INFO - [2025-03-28T09:41:53.906+0000] {dagbag.py:435} INFO - File /opt/airflow/dags/env/Scripts/pyrsa-keygen.exe:__main__.py assumed to contain no DAGs. Skipping.
[2025-03-28T09:41:53.909+0000] {processor.py:927} WARNING - No viable dags retrieved from /opt/airflow/dags/env/Scripts/pyrsa-keygen.exe
[2025-03-28T09:41:53.938+0000] {processor.py:208} INFO - Processing /opt/airflow/dags/env/Scripts/pyrsa-keygen.exe took 0.071 seconds
[2025-03-28T09:42:25.015+0000] {processor.py:186} INFO - Started process (PID=1510) to work on /opt/airflow/dags/env/Scripts/pyrsa-keygen.exe
[2025-03-28T09:42:25.016+0000] {processor.py:914} INFO - Processing file /opt/airflow/dags/env/Scripts/pyrsa-keygen.exe for tasks to queue
[2025-03-28T09:42:25.018+0000] {logging_mixin.py:190} INFO - [2025-03-28T09:42:25.017+0000] {dagbag.py:588} INFO - Filling up the DagBag from /opt/airflow/dags/env/Scripts/pyrsa-keygen.exe
[2025-03-28T09:42:25.030+0000] {logging_mixin.py:190} INFO - [2025-03-28T09:42:25.030+0000] {dagbag.py:435} INFO - File /opt/airflow/dags/env/Scripts/pyrsa-keygen.exe:__main__.py assumed to contain no DAGs. Skipping.
[2025-03-28T09:42:25.031+0000] {processor.py:927} WARNING - No viable dags retrieved from /opt/airflow/dags/env/Scripts/pyrsa-keygen.exe
[2025-03-28T09:42:25.053+0000] {processor.py:208} INFO - Processing /opt/airflow/dags/env/Scripts/pyrsa-keygen.exe took 0.050 seconds
[2025-03-28T09:47:10.301+0000] {processor.py:186} INFO - Started process (PID=1522) to work on /opt/airflow/dags/env/Scripts/pyrsa-keygen.exe
[2025-03-28T09:47:10.302+0000] {processor.py:914} INFO - Processing file /opt/airflow/dags/env/Scripts/pyrsa-keygen.exe for tasks to queue
[2025-03-28T09:47:10.304+0000] {logging_mixin.py:190} INFO - [2025-03-28T09:47:10.304+0000] {dagbag.py:588} INFO - Filling up the DagBag from /opt/airflow/dags/env/Scripts/pyrsa-keygen.exe
[2025-03-28T09:47:10.318+0000] {logging_mixin.py:190} INFO - [2025-03-28T09:47:10.318+0000] {dagbag.py:435} INFO - File /opt/airflow/dags/env/Scripts/pyrsa-keygen.exe:__main__.py assumed to contain no DAGs. Skipping.
[2025-03-28T09:47:10.319+0000] {processor.py:927} WARNING - No viable dags retrieved from /opt/airflow/dags/env/Scripts/pyrsa-keygen.exe
[2025-03-28T09:47:10.341+0000] {processor.py:208} INFO - Processing /opt/airflow/dags/env/Scripts/pyrsa-keygen.exe took 0.052 seconds
[2025-03-28T09:52:17.210+0000] {processor.py:186} INFO - Started process (PID=1550) to work on /opt/airflow/dags/env/Scripts/pyrsa-keygen.exe
[2025-03-28T09:52:17.212+0000] {processor.py:914} INFO - Processing file /opt/airflow/dags/env/Scripts/pyrsa-keygen.exe for tasks to queue
[2025-03-28T09:52:17.216+0000] {logging_mixin.py:190} INFO - [2025-03-28T09:52:17.215+0000] {dagbag.py:588} INFO - Filling up the DagBag from /opt/airflow/dags/env/Scripts/pyrsa-keygen.exe
[2025-03-28T09:52:17.240+0000] {logging_mixin.py:190} INFO - [2025-03-28T09:52:17.240+0000] {dagbag.py:435} INFO - File /opt/airflow/dags/env/Scripts/pyrsa-keygen.exe:__main__.py assumed to contain no DAGs. Skipping.
[2025-03-28T09:52:17.243+0000] {processor.py:927} WARNING - No viable dags retrieved from /opt/airflow/dags/env/Scripts/pyrsa-keygen.exe
[2025-03-28T09:52:17.283+0000] {processor.py:208} INFO - Processing /opt/airflow/dags/env/Scripts/pyrsa-keygen.exe took 0.097 seconds
[2025-03-28T10:09:00.244+0000] {processor.py:186} INFO - Started process (PID=1575) to work on /opt/airflow/dags/env/Scripts/pyrsa-keygen.exe
[2025-03-28T10:09:00.246+0000] {processor.py:914} INFO - Processing file /opt/airflow/dags/env/Scripts/pyrsa-keygen.exe for tasks to queue
[2025-03-28T10:09:00.248+0000] {logging_mixin.py:190} INFO - [2025-03-28T10:09:00.248+0000] {dagbag.py:588} INFO - Filling up the DagBag from /opt/airflow/dags/env/Scripts/pyrsa-keygen.exe
[2025-03-28T10:09:00.267+0000] {logging_mixin.py:190} INFO - [2025-03-28T10:09:00.267+0000] {dagbag.py:435} INFO - File /opt/airflow/dags/env/Scripts/pyrsa-keygen.exe:__main__.py assumed to contain no DAGs. Skipping.
[2025-03-28T10:09:00.269+0000] {processor.py:927} WARNING - No viable dags retrieved from /opt/airflow/dags/env/Scripts/pyrsa-keygen.exe
[2025-03-28T10:09:00.297+0000] {processor.py:208} INFO - Processing /opt/airflow/dags/env/Scripts/pyrsa-keygen.exe took 0.073 seconds
[2025-03-28T10:09:30.825+0000] {processor.py:186} INFO - Started process (PID=1599) to work on /opt/airflow/dags/env/Scripts/pyrsa-keygen.exe
[2025-03-28T10:09:30.826+0000] {processor.py:914} INFO - Processing file /opt/airflow/dags/env/Scripts/pyrsa-keygen.exe for tasks to queue
[2025-03-28T10:09:30.828+0000] {logging_mixin.py:190} INFO - [2025-03-28T10:09:30.828+0000] {dagbag.py:588} INFO - Filling up the DagBag from /opt/airflow/dags/env/Scripts/pyrsa-keygen.exe
[2025-03-28T10:09:30.840+0000] {logging_mixin.py:190} INFO - [2025-03-28T10:09:30.839+0000] {dagbag.py:435} INFO - File /opt/airflow/dags/env/Scripts/pyrsa-keygen.exe:__main__.py assumed to contain no DAGs. Skipping.
[2025-03-28T10:09:30.841+0000] {processor.py:927} WARNING - No viable dags retrieved from /opt/airflow/dags/env/Scripts/pyrsa-keygen.exe
[2025-03-28T10:09:30.864+0000] {processor.py:208} INFO - Processing /opt/airflow/dags/env/Scripts/pyrsa-keygen.exe took 0.050 seconds
[2025-03-28T10:26:53.554+0000] {processor.py:186} INFO - Started process (PID=1624) to work on /opt/airflow/dags/env/Scripts/pyrsa-keygen.exe
[2025-03-28T10:26:53.556+0000] {processor.py:914} INFO - Processing file /opt/airflow/dags/env/Scripts/pyrsa-keygen.exe for tasks to queue
[2025-03-28T10:26:53.559+0000] {logging_mixin.py:190} INFO - [2025-03-28T10:26:53.559+0000] {dagbag.py:588} INFO - Filling up the DagBag from /opt/airflow/dags/env/Scripts/pyrsa-keygen.exe
[2025-03-28T10:26:53.579+0000] {logging_mixin.py:190} INFO - [2025-03-28T10:26:53.578+0000] {dagbag.py:435} INFO - File /opt/airflow/dags/env/Scripts/pyrsa-keygen.exe:__main__.py assumed to contain no DAGs. Skipping.
[2025-03-28T10:26:53.580+0000] {processor.py:927} WARNING - No viable dags retrieved from /opt/airflow/dags/env/Scripts/pyrsa-keygen.exe
[2025-03-28T10:26:53.619+0000] {processor.py:208} INFO - Processing /opt/airflow/dags/env/Scripts/pyrsa-keygen.exe took 0.095 seconds
[2025-03-28T10:31:16.507+0000] {processor.py:186} INFO - Started process (PID=1650) to work on /opt/airflow/dags/env/Scripts/pyrsa-keygen.exe
[2025-03-28T10:31:16.509+0000] {processor.py:914} INFO - Processing file /opt/airflow/dags/env/Scripts/pyrsa-keygen.exe for tasks to queue
[2025-03-28T10:31:16.512+0000] {logging_mixin.py:190} INFO - [2025-03-28T10:31:16.511+0000] {dagbag.py:588} INFO - Filling up the DagBag from /opt/airflow/dags/env/Scripts/pyrsa-keygen.exe
[2025-03-28T10:31:16.532+0000] {logging_mixin.py:190} INFO - [2025-03-28T10:31:16.532+0000] {dagbag.py:435} INFO - File /opt/airflow/dags/env/Scripts/pyrsa-keygen.exe:__main__.py assumed to contain no DAGs. Skipping.
[2025-03-28T10:31:16.534+0000] {processor.py:927} WARNING - No viable dags retrieved from /opt/airflow/dags/env/Scripts/pyrsa-keygen.exe
[2025-03-28T10:31:16.567+0000] {processor.py:208} INFO - Processing /opt/airflow/dags/env/Scripts/pyrsa-keygen.exe took 0.087 seconds
[2025-03-28T10:31:48.430+0000] {processor.py:186} INFO - Started process (PID=1674) to work on /opt/airflow/dags/env/Scripts/pyrsa-keygen.exe
[2025-03-28T10:31:48.432+0000] {processor.py:914} INFO - Processing file /opt/airflow/dags/env/Scripts/pyrsa-keygen.exe for tasks to queue
[2025-03-28T10:31:48.434+0000] {logging_mixin.py:190} INFO - [2025-03-28T10:31:48.434+0000] {dagbag.py:588} INFO - Filling up the DagBag from /opt/airflow/dags/env/Scripts/pyrsa-keygen.exe
[2025-03-28T10:31:48.451+0000] {logging_mixin.py:190} INFO - [2025-03-28T10:31:48.451+0000] {dagbag.py:435} INFO - File /opt/airflow/dags/env/Scripts/pyrsa-keygen.exe:__main__.py assumed to contain no DAGs. Skipping.
[2025-03-28T10:31:48.453+0000] {processor.py:927} WARNING - No viable dags retrieved from /opt/airflow/dags/env/Scripts/pyrsa-keygen.exe
[2025-03-28T10:31:48.483+0000] {processor.py:208} INFO - Processing /opt/airflow/dags/env/Scripts/pyrsa-keygen.exe took 0.075 seconds
[2025-03-28T10:36:24.538+0000] {processor.py:186} INFO - Started process (PID=1704) to work on /opt/airflow/dags/env/Scripts/pyrsa-keygen.exe
[2025-03-28T10:36:24.568+0000] {processor.py:914} INFO - Processing file /opt/airflow/dags/env/Scripts/pyrsa-keygen.exe for tasks to queue
[2025-03-28T10:36:24.586+0000] {logging_mixin.py:190} INFO - [2025-03-28T10:36:24.585+0000] {dagbag.py:588} INFO - Filling up the DagBag from /opt/airflow/dags/env/Scripts/pyrsa-keygen.exe
[2025-03-28T10:36:25.874+0000] {logging_mixin.py:190} INFO - [2025-03-28T10:36:25.874+0000] {dagbag.py:435} INFO - File /opt/airflow/dags/env/Scripts/pyrsa-keygen.exe:__main__.py assumed to contain no DAGs. Skipping.
[2025-03-28T10:36:25.989+0000] {processor.py:927} WARNING - No viable dags retrieved from /opt/airflow/dags/env/Scripts/pyrsa-keygen.exe
[2025-03-28T10:36:26.971+0000] {processor.py:208} INFO - Processing /opt/airflow/dags/env/Scripts/pyrsa-keygen.exe took 2.488 seconds
[2025-03-28T10:37:01.658+0000] {processor.py:186} INFO - Started process (PID=1728) to work on /opt/airflow/dags/env/Scripts/pyrsa-keygen.exe
[2025-03-28T10:37:01.660+0000] {processor.py:914} INFO - Processing file /opt/airflow/dags/env/Scripts/pyrsa-keygen.exe for tasks to queue
[2025-03-28T10:37:01.664+0000] {logging_mixin.py:190} INFO - [2025-03-28T10:37:01.663+0000] {dagbag.py:588} INFO - Filling up the DagBag from /opt/airflow/dags/env/Scripts/pyrsa-keygen.exe
[2025-03-28T10:37:01.684+0000] {logging_mixin.py:190} INFO - [2025-03-28T10:37:01.683+0000] {dagbag.py:435} INFO - File /opt/airflow/dags/env/Scripts/pyrsa-keygen.exe:__main__.py assumed to contain no DAGs. Skipping.
[2025-03-28T10:37:01.687+0000] {processor.py:927} WARNING - No viable dags retrieved from /opt/airflow/dags/env/Scripts/pyrsa-keygen.exe
[2025-03-28T10:37:01.721+0000] {processor.py:208} INFO - Processing /opt/airflow/dags/env/Scripts/pyrsa-keygen.exe took 0.087 seconds
[2025-03-28T11:41:28.805+0000] {processor.py:186} INFO - Started process (PID=1748) to work on /opt/airflow/dags/env/Scripts/pyrsa-keygen.exe
[2025-03-28T11:41:28.809+0000] {processor.py:914} INFO - Processing file /opt/airflow/dags/env/Scripts/pyrsa-keygen.exe for tasks to queue
[2025-03-28T11:41:28.813+0000] {logging_mixin.py:190} INFO - [2025-03-28T11:41:28.812+0000] {dagbag.py:588} INFO - Filling up the DagBag from /opt/airflow/dags/env/Scripts/pyrsa-keygen.exe
[2025-03-28T11:41:28.842+0000] {logging_mixin.py:190} INFO - [2025-03-28T11:41:28.842+0000] {dagbag.py:435} INFO - File /opt/airflow/dags/env/Scripts/pyrsa-keygen.exe:__main__.py assumed to contain no DAGs. Skipping.
[2025-03-28T11:41:28.844+0000] {processor.py:927} WARNING - No viable dags retrieved from /opt/airflow/dags/env/Scripts/pyrsa-keygen.exe
[2025-03-28T11:41:28.898+0000] {processor.py:208} INFO - Processing /opt/airflow/dags/env/Scripts/pyrsa-keygen.exe took 0.123 seconds
[2025-03-28T11:52:45.520+0000] {processor.py:186} INFO - Started process (PID=1773) to work on /opt/airflow/dags/env/Scripts/pyrsa-keygen.exe
[2025-03-28T11:52:45.522+0000] {processor.py:914} INFO - Processing file /opt/airflow/dags/env/Scripts/pyrsa-keygen.exe for tasks to queue
[2025-03-28T11:52:45.526+0000] {logging_mixin.py:190} INFO - [2025-03-28T11:52:45.525+0000] {dagbag.py:588} INFO - Filling up the DagBag from /opt/airflow/dags/env/Scripts/pyrsa-keygen.exe
[2025-03-28T11:52:45.549+0000] {logging_mixin.py:190} INFO - [2025-03-28T11:52:45.548+0000] {dagbag.py:435} INFO - File /opt/airflow/dags/env/Scripts/pyrsa-keygen.exe:__main__.py assumed to contain no DAGs. Skipping.
[2025-03-28T11:52:45.551+0000] {processor.py:927} WARNING - No viable dags retrieved from /opt/airflow/dags/env/Scripts/pyrsa-keygen.exe
[2025-03-28T11:52:45.587+0000] {processor.py:208} INFO - Processing /opt/airflow/dags/env/Scripts/pyrsa-keygen.exe took 0.095 seconds
[2025-03-28T12:47:53.332+0000] {processor.py:186} INFO - Started process (PID=1796) to work on /opt/airflow/dags/env/Scripts/pyrsa-keygen.exe
[2025-03-28T12:47:53.334+0000] {processor.py:914} INFO - Processing file /opt/airflow/dags/env/Scripts/pyrsa-keygen.exe for tasks to queue
[2025-03-28T12:47:53.336+0000] {logging_mixin.py:190} INFO - [2025-03-28T12:47:53.335+0000] {dagbag.py:588} INFO - Filling up the DagBag from /opt/airflow/dags/env/Scripts/pyrsa-keygen.exe
[2025-03-28T12:47:53.352+0000] {logging_mixin.py:190} INFO - [2025-03-28T12:47:53.352+0000] {dagbag.py:435} INFO - File /opt/airflow/dags/env/Scripts/pyrsa-keygen.exe:__main__.py assumed to contain no DAGs. Skipping.
[2025-03-28T12:47:53.353+0000] {processor.py:927} WARNING - No viable dags retrieved from /opt/airflow/dags/env/Scripts/pyrsa-keygen.exe
[2025-03-28T12:47:53.379+0000] {processor.py:208} INFO - Processing /opt/airflow/dags/env/Scripts/pyrsa-keygen.exe took 0.062 seconds
[2025-03-28T12:52:29.697+0000] {processor.py:186} INFO - Started process (PID=1820) to work on /opt/airflow/dags/env/Scripts/pyrsa-keygen.exe
[2025-03-28T12:52:29.698+0000] {processor.py:914} INFO - Processing file /opt/airflow/dags/env/Scripts/pyrsa-keygen.exe for tasks to queue
[2025-03-28T12:52:29.700+0000] {logging_mixin.py:190} INFO - [2025-03-28T12:52:29.700+0000] {dagbag.py:588} INFO - Filling up the DagBag from /opt/airflow/dags/env/Scripts/pyrsa-keygen.exe
[2025-03-28T12:52:29.714+0000] {logging_mixin.py:190} INFO - [2025-03-28T12:52:29.714+0000] {dagbag.py:435} INFO - File /opt/airflow/dags/env/Scripts/pyrsa-keygen.exe:__main__.py assumed to contain no DAGs. Skipping.
[2025-03-28T12:52:29.715+0000] {processor.py:927} WARNING - No viable dags retrieved from /opt/airflow/dags/env/Scripts/pyrsa-keygen.exe
[2025-03-28T12:52:29.740+0000] {processor.py:208} INFO - Processing /opt/airflow/dags/env/Scripts/pyrsa-keygen.exe took 0.057 seconds
[2025-03-28T12:56:56.245+0000] {processor.py:186} INFO - Started process (PID=1846) to work on /opt/airflow/dags/env/Scripts/pyrsa-keygen.exe
[2025-03-28T12:56:56.246+0000] {processor.py:914} INFO - Processing file /opt/airflow/dags/env/Scripts/pyrsa-keygen.exe for tasks to queue
[2025-03-28T12:56:56.248+0000] {logging_mixin.py:190} INFO - [2025-03-28T12:56:56.248+0000] {dagbag.py:588} INFO - Filling up the DagBag from /opt/airflow/dags/env/Scripts/pyrsa-keygen.exe
[2025-03-28T12:56:56.260+0000] {logging_mixin.py:190} INFO - [2025-03-28T12:56:56.260+0000] {dagbag.py:435} INFO - File /opt/airflow/dags/env/Scripts/pyrsa-keygen.exe:__main__.py assumed to contain no DAGs. Skipping.
[2025-03-28T12:56:56.261+0000] {processor.py:927} WARNING - No viable dags retrieved from /opt/airflow/dags/env/Scripts/pyrsa-keygen.exe
[2025-03-28T12:56:56.284+0000] {processor.py:208} INFO - Processing /opt/airflow/dags/env/Scripts/pyrsa-keygen.exe took 0.051 seconds
[2025-03-28T12:57:27.433+0000] {processor.py:186} INFO - Started process (PID=1870) to work on /opt/airflow/dags/env/Scripts/pyrsa-keygen.exe
[2025-03-28T12:57:27.435+0000] {processor.py:914} INFO - Processing file /opt/airflow/dags/env/Scripts/pyrsa-keygen.exe for tasks to queue
[2025-03-28T12:57:27.436+0000] {logging_mixin.py:190} INFO - [2025-03-28T12:57:27.436+0000] {dagbag.py:588} INFO - Filling up the DagBag from /opt/airflow/dags/env/Scripts/pyrsa-keygen.exe
[2025-03-28T12:57:27.447+0000] {logging_mixin.py:190} INFO - [2025-03-28T12:57:27.447+0000] {dagbag.py:435} INFO - File /opt/airflow/dags/env/Scripts/pyrsa-keygen.exe:__main__.py assumed to contain no DAGs. Skipping.
[2025-03-28T12:57:27.448+0000] {processor.py:927} WARNING - No viable dags retrieved from /opt/airflow/dags/env/Scripts/pyrsa-keygen.exe
[2025-03-28T12:57:27.470+0000] {processor.py:208} INFO - Processing /opt/airflow/dags/env/Scripts/pyrsa-keygen.exe took 0.048 seconds
[2025-03-28T13:01:57.965+0000] {processor.py:186} INFO - Started process (PID=1899) to work on /opt/airflow/dags/env/Scripts/pyrsa-keygen.exe
[2025-03-28T13:01:57.967+0000] {processor.py:914} INFO - Processing file /opt/airflow/dags/env/Scripts/pyrsa-keygen.exe for tasks to queue
[2025-03-28T13:01:57.968+0000] {logging_mixin.py:190} INFO - [2025-03-28T13:01:57.968+0000] {dagbag.py:588} INFO - Filling up the DagBag from /opt/airflow/dags/env/Scripts/pyrsa-keygen.exe
[2025-03-28T13:01:57.982+0000] {logging_mixin.py:190} INFO - [2025-03-28T13:01:57.981+0000] {dagbag.py:435} INFO - File /opt/airflow/dags/env/Scripts/pyrsa-keygen.exe:__main__.py assumed to contain no DAGs. Skipping.
[2025-03-28T13:01:57.983+0000] {processor.py:927} WARNING - No viable dags retrieved from /opt/airflow/dags/env/Scripts/pyrsa-keygen.exe
[2025-03-28T13:01:58.005+0000] {processor.py:208} INFO - Processing /opt/airflow/dags/env/Scripts/pyrsa-keygen.exe took 0.053 seconds
[2025-03-28T13:02:29.292+0000] {processor.py:186} INFO - Started process (PID=1923) to work on /opt/airflow/dags/env/Scripts/pyrsa-keygen.exe
[2025-03-28T13:02:29.293+0000] {processor.py:914} INFO - Processing file /opt/airflow/dags/env/Scripts/pyrsa-keygen.exe for tasks to queue
[2025-03-28T13:02:29.295+0000] {logging_mixin.py:190} INFO - [2025-03-28T13:02:29.295+0000] {dagbag.py:588} INFO - Filling up the DagBag from /opt/airflow/dags/env/Scripts/pyrsa-keygen.exe
[2025-03-28T13:02:29.308+0000] {logging_mixin.py:190} INFO - [2025-03-28T13:02:29.308+0000] {dagbag.py:435} INFO - File /opt/airflow/dags/env/Scripts/pyrsa-keygen.exe:__main__.py assumed to contain no DAGs. Skipping.
[2025-03-28T13:02:29.309+0000] {processor.py:927} WARNING - No viable dags retrieved from /opt/airflow/dags/env/Scripts/pyrsa-keygen.exe
[2025-03-28T13:02:29.331+0000] {processor.py:208} INFO - Processing /opt/airflow/dags/env/Scripts/pyrsa-keygen.exe took 0.050 seconds
[2025-03-28T13:06:54.804+0000] {processor.py:186} INFO - Started process (PID=1950) to work on /opt/airflow/dags/env/Scripts/pyrsa-keygen.exe
[2025-03-28T13:06:54.805+0000] {processor.py:914} INFO - Processing file /opt/airflow/dags/env/Scripts/pyrsa-keygen.exe for tasks to queue
[2025-03-28T13:06:54.807+0000] {logging_mixin.py:190} INFO - [2025-03-28T13:06:54.807+0000] {dagbag.py:588} INFO - Filling up the DagBag from /opt/airflow/dags/env/Scripts/pyrsa-keygen.exe
[2025-03-28T13:06:54.818+0000] {logging_mixin.py:190} INFO - [2025-03-28T13:06:54.818+0000] {dagbag.py:435} INFO - File /opt/airflow/dags/env/Scripts/pyrsa-keygen.exe:__main__.py assumed to contain no DAGs. Skipping.
[2025-03-28T13:06:54.819+0000] {processor.py:927} WARNING - No viable dags retrieved from /opt/airflow/dags/env/Scripts/pyrsa-keygen.exe
[2025-03-28T13:06:54.842+0000] {processor.py:208} INFO - Processing /opt/airflow/dags/env/Scripts/pyrsa-keygen.exe took 0.049 seconds
[2025-03-28T13:07:26.387+0000] {processor.py:186} INFO - Started process (PID=1974) to work on /opt/airflow/dags/env/Scripts/pyrsa-keygen.exe
[2025-03-28T13:07:26.389+0000] {processor.py:914} INFO - Processing file /opt/airflow/dags/env/Scripts/pyrsa-keygen.exe for tasks to queue
[2025-03-28T13:07:26.391+0000] {logging_mixin.py:190} INFO - [2025-03-28T13:07:26.390+0000] {dagbag.py:588} INFO - Filling up the DagBag from /opt/airflow/dags/env/Scripts/pyrsa-keygen.exe
[2025-03-28T13:07:26.410+0000] {logging_mixin.py:190} INFO - [2025-03-28T13:07:26.409+0000] {dagbag.py:435} INFO - File /opt/airflow/dags/env/Scripts/pyrsa-keygen.exe:__main__.py assumed to contain no DAGs. Skipping.
[2025-03-28T13:07:26.411+0000] {processor.py:927} WARNING - No viable dags retrieved from /opt/airflow/dags/env/Scripts/pyrsa-keygen.exe
[2025-03-28T13:07:26.439+0000] {processor.py:208} INFO - Processing /opt/airflow/dags/env/Scripts/pyrsa-keygen.exe took 0.067 seconds
[2025-03-28T13:11:52.292+0000] {processor.py:186} INFO - Started process (PID=2004) to work on /opt/airflow/dags/env/Scripts/pyrsa-keygen.exe
[2025-03-28T13:11:52.293+0000] {processor.py:914} INFO - Processing file /opt/airflow/dags/env/Scripts/pyrsa-keygen.exe for tasks to queue
[2025-03-28T13:11:52.295+0000] {logging_mixin.py:190} INFO - [2025-03-28T13:11:52.295+0000] {dagbag.py:588} INFO - Filling up the DagBag from /opt/airflow/dags/env/Scripts/pyrsa-keygen.exe
[2025-03-28T13:11:52.309+0000] {logging_mixin.py:190} INFO - [2025-03-28T13:11:52.309+0000] {dagbag.py:435} INFO - File /opt/airflow/dags/env/Scripts/pyrsa-keygen.exe:__main__.py assumed to contain no DAGs. Skipping.
[2025-03-28T13:11:52.310+0000] {processor.py:927} WARNING - No viable dags retrieved from /opt/airflow/dags/env/Scripts/pyrsa-keygen.exe
[2025-03-28T13:11:52.335+0000] {processor.py:208} INFO - Processing /opt/airflow/dags/env/Scripts/pyrsa-keygen.exe took 0.058 seconds
[2025-03-28T13:12:23.914+0000] {processor.py:186} INFO - Started process (PID=2028) to work on /opt/airflow/dags/env/Scripts/pyrsa-keygen.exe
[2025-03-28T13:12:23.916+0000] {processor.py:914} INFO - Processing file /opt/airflow/dags/env/Scripts/pyrsa-keygen.exe for tasks to queue
[2025-03-28T13:12:23.917+0000] {logging_mixin.py:190} INFO - [2025-03-28T13:12:23.917+0000] {dagbag.py:588} INFO - Filling up the DagBag from /opt/airflow/dags/env/Scripts/pyrsa-keygen.exe
[2025-03-28T13:12:23.931+0000] {logging_mixin.py:190} INFO - [2025-03-28T13:12:23.930+0000] {dagbag.py:435} INFO - File /opt/airflow/dags/env/Scripts/pyrsa-keygen.exe:__main__.py assumed to contain no DAGs. Skipping.
[2025-03-28T13:12:23.932+0000] {processor.py:927} WARNING - No viable dags retrieved from /opt/airflow/dags/env/Scripts/pyrsa-keygen.exe
[2025-03-28T13:12:23.953+0000] {processor.py:208} INFO - Processing /opt/airflow/dags/env/Scripts/pyrsa-keygen.exe took 0.050 seconds
[2025-03-28T13:12:54.627+0000] {processor.py:186} INFO - Started process (PID=2052) to work on /opt/airflow/dags/env/Scripts/pyrsa-keygen.exe
[2025-03-28T13:12:54.628+0000] {processor.py:914} INFO - Processing file /opt/airflow/dags/env/Scripts/pyrsa-keygen.exe for tasks to queue
[2025-03-28T13:12:54.630+0000] {logging_mixin.py:190} INFO - [2025-03-28T13:12:54.630+0000] {dagbag.py:588} INFO - Filling up the DagBag from /opt/airflow/dags/env/Scripts/pyrsa-keygen.exe
[2025-03-28T13:12:54.644+0000] {logging_mixin.py:190} INFO - [2025-03-28T13:12:54.644+0000] {dagbag.py:435} INFO - File /opt/airflow/dags/env/Scripts/pyrsa-keygen.exe:__main__.py assumed to contain no DAGs. Skipping.
[2025-03-28T13:12:54.645+0000] {processor.py:927} WARNING - No viable dags retrieved from /opt/airflow/dags/env/Scripts/pyrsa-keygen.exe
[2025-03-28T13:12:54.667+0000] {processor.py:208} INFO - Processing /opt/airflow/dags/env/Scripts/pyrsa-keygen.exe took 0.051 seconds
[2025-03-28T13:16:57.128+0000] {processor.py:186} INFO - Started process (PID=2060) to work on /opt/airflow/dags/env/Scripts/pyrsa-keygen.exe
[2025-03-28T13:16:57.129+0000] {processor.py:914} INFO - Processing file /opt/airflow/dags/env/Scripts/pyrsa-keygen.exe for tasks to queue
[2025-03-28T13:16:57.131+0000] {logging_mixin.py:190} INFO - [2025-03-28T13:16:57.131+0000] {dagbag.py:588} INFO - Filling up the DagBag from /opt/airflow/dags/env/Scripts/pyrsa-keygen.exe
[2025-03-28T13:16:57.142+0000] {logging_mixin.py:190} INFO - [2025-03-28T13:16:57.142+0000] {dagbag.py:435} INFO - File /opt/airflow/dags/env/Scripts/pyrsa-keygen.exe:__main__.py assumed to contain no DAGs. Skipping.
[2025-03-28T13:16:57.143+0000] {processor.py:927} WARNING - No viable dags retrieved from /opt/airflow/dags/env/Scripts/pyrsa-keygen.exe
[2025-03-28T13:16:57.166+0000] {processor.py:208} INFO - Processing /opt/airflow/dags/env/Scripts/pyrsa-keygen.exe took 0.049 seconds
[2025-03-28T13:17:28.902+0000] {processor.py:186} INFO - Started process (PID=2084) to work on /opt/airflow/dags/env/Scripts/pyrsa-keygen.exe
[2025-03-28T13:17:28.903+0000] {processor.py:914} INFO - Processing file /opt/airflow/dags/env/Scripts/pyrsa-keygen.exe for tasks to queue
[2025-03-28T13:17:28.905+0000] {logging_mixin.py:190} INFO - [2025-03-28T13:17:28.904+0000] {dagbag.py:588} INFO - Filling up the DagBag from /opt/airflow/dags/env/Scripts/pyrsa-keygen.exe
[2025-03-28T13:17:28.919+0000] {logging_mixin.py:190} INFO - [2025-03-28T13:17:28.919+0000] {dagbag.py:435} INFO - File /opt/airflow/dags/env/Scripts/pyrsa-keygen.exe:__main__.py assumed to contain no DAGs. Skipping.
[2025-03-28T13:17:28.921+0000] {processor.py:927} WARNING - No viable dags retrieved from /opt/airflow/dags/env/Scripts/pyrsa-keygen.exe
[2025-03-28T13:17:28.946+0000] {processor.py:208} INFO - Processing /opt/airflow/dags/env/Scripts/pyrsa-keygen.exe took 0.059 seconds
[2025-03-28T13:21:58.215+0000] {processor.py:186} INFO - Started process (PID=2112) to work on /opt/airflow/dags/env/Scripts/pyrsa-keygen.exe
[2025-03-28T13:21:58.216+0000] {processor.py:914} INFO - Processing file /opt/airflow/dags/env/Scripts/pyrsa-keygen.exe for tasks to queue
[2025-03-28T13:21:58.218+0000] {logging_mixin.py:190} INFO - [2025-03-28T13:21:58.218+0000] {dagbag.py:588} INFO - Filling up the DagBag from /opt/airflow/dags/env/Scripts/pyrsa-keygen.exe
[2025-03-28T13:21:58.232+0000] {logging_mixin.py:190} INFO - [2025-03-28T13:21:58.231+0000] {dagbag.py:435} INFO - File /opt/airflow/dags/env/Scripts/pyrsa-keygen.exe:__main__.py assumed to contain no DAGs. Skipping.
[2025-03-28T13:21:58.233+0000] {processor.py:927} WARNING - No viable dags retrieved from /opt/airflow/dags/env/Scripts/pyrsa-keygen.exe
[2025-03-28T13:21:58.254+0000] {processor.py:208} INFO - Processing /opt/airflow/dags/env/Scripts/pyrsa-keygen.exe took 0.051 seconds
[2025-03-28T13:22:29.633+0000] {processor.py:186} INFO - Started process (PID=2136) to work on /opt/airflow/dags/env/Scripts/pyrsa-keygen.exe
[2025-03-28T13:22:29.634+0000] {processor.py:914} INFO - Processing file /opt/airflow/dags/env/Scripts/pyrsa-keygen.exe for tasks to queue
[2025-03-28T13:22:29.637+0000] {logging_mixin.py:190} INFO - [2025-03-28T13:22:29.636+0000] {dagbag.py:588} INFO - Filling up the DagBag from /opt/airflow/dags/env/Scripts/pyrsa-keygen.exe
[2025-03-28T13:22:29.652+0000] {logging_mixin.py:190} INFO - [2025-03-28T13:22:29.652+0000] {dagbag.py:435} INFO - File /opt/airflow/dags/env/Scripts/pyrsa-keygen.exe:__main__.py assumed to contain no DAGs. Skipping.
[2025-03-28T13:22:29.653+0000] {processor.py:927} WARNING - No viable dags retrieved from /opt/airflow/dags/env/Scripts/pyrsa-keygen.exe
[2025-03-28T13:22:29.676+0000] {processor.py:208} INFO - Processing /opt/airflow/dags/env/Scripts/pyrsa-keygen.exe took 0.055 seconds
[2025-03-28T13:26:53.517+0000] {processor.py:186} INFO - Started process (PID=2164) to work on /opt/airflow/dags/env/Scripts/pyrsa-keygen.exe
[2025-03-28T13:26:53.519+0000] {processor.py:914} INFO - Processing file /opt/airflow/dags/env/Scripts/pyrsa-keygen.exe for tasks to queue
[2025-03-28T13:26:53.520+0000] {logging_mixin.py:190} INFO - [2025-03-28T13:26:53.520+0000] {dagbag.py:588} INFO - Filling up the DagBag from /opt/airflow/dags/env/Scripts/pyrsa-keygen.exe
[2025-03-28T13:26:53.533+0000] {logging_mixin.py:190} INFO - [2025-03-28T13:26:53.533+0000] {dagbag.py:435} INFO - File /opt/airflow/dags/env/Scripts/pyrsa-keygen.exe:__main__.py assumed to contain no DAGs. Skipping.
[2025-03-28T13:26:53.534+0000] {processor.py:927} WARNING - No viable dags retrieved from /opt/airflow/dags/env/Scripts/pyrsa-keygen.exe
[2025-03-28T13:26:53.557+0000] {processor.py:208} INFO - Processing /opt/airflow/dags/env/Scripts/pyrsa-keygen.exe took 0.051 seconds
[2025-03-28T13:27:25.160+0000] {processor.py:186} INFO - Started process (PID=2188) to work on /opt/airflow/dags/env/Scripts/pyrsa-keygen.exe
[2025-03-28T13:27:25.162+0000] {processor.py:914} INFO - Processing file /opt/airflow/dags/env/Scripts/pyrsa-keygen.exe for tasks to queue
[2025-03-28T13:27:25.164+0000] {logging_mixin.py:190} INFO - [2025-03-28T13:27:25.163+0000] {dagbag.py:588} INFO - Filling up the DagBag from /opt/airflow/dags/env/Scripts/pyrsa-keygen.exe
[2025-03-28T13:27:25.180+0000] {logging_mixin.py:190} INFO - [2025-03-28T13:27:25.180+0000] {dagbag.py:435} INFO - File /opt/airflow/dags/env/Scripts/pyrsa-keygen.exe:__main__.py assumed to contain no DAGs. Skipping.
[2025-03-28T13:27:25.181+0000] {processor.py:927} WARNING - No viable dags retrieved from /opt/airflow/dags/env/Scripts/pyrsa-keygen.exe
[2025-03-28T13:27:25.208+0000] {processor.py:208} INFO - Processing /opt/airflow/dags/env/Scripts/pyrsa-keygen.exe took 0.060 seconds
[2025-03-28T13:31:55.984+0000] {processor.py:186} INFO - Started process (PID=2220) to work on /opt/airflow/dags/env/Scripts/pyrsa-keygen.exe
[2025-03-28T13:31:55.986+0000] {processor.py:914} INFO - Processing file /opt/airflow/dags/env/Scripts/pyrsa-keygen.exe for tasks to queue
[2025-03-28T13:31:55.987+0000] {logging_mixin.py:190} INFO - [2025-03-28T13:31:55.987+0000] {dagbag.py:588} INFO - Filling up the DagBag from /opt/airflow/dags/env/Scripts/pyrsa-keygen.exe
[2025-03-28T13:31:55.998+0000] {logging_mixin.py:190} INFO - [2025-03-28T13:31:55.998+0000] {dagbag.py:435} INFO - File /opt/airflow/dags/env/Scripts/pyrsa-keygen.exe:__main__.py assumed to contain no DAGs. Skipping.
[2025-03-28T13:31:55.999+0000] {processor.py:927} WARNING - No viable dags retrieved from /opt/airflow/dags/env/Scripts/pyrsa-keygen.exe
[2025-03-28T13:31:56.020+0000] {processor.py:208} INFO - Processing /opt/airflow/dags/env/Scripts/pyrsa-keygen.exe took 0.047 seconds
[2025-03-28T13:32:27.651+0000] {processor.py:186} INFO - Started process (PID=2244) to work on /opt/airflow/dags/env/Scripts/pyrsa-keygen.exe
[2025-03-28T13:32:27.653+0000] {processor.py:914} INFO - Processing file /opt/airflow/dags/env/Scripts/pyrsa-keygen.exe for tasks to queue
[2025-03-28T13:32:27.654+0000] {logging_mixin.py:190} INFO - [2025-03-28T13:32:27.654+0000] {dagbag.py:588} INFO - Filling up the DagBag from /opt/airflow/dags/env/Scripts/pyrsa-keygen.exe
[2025-03-28T13:32:27.666+0000] {logging_mixin.py:190} INFO - [2025-03-28T13:32:27.665+0000] {dagbag.py:435} INFO - File /opt/airflow/dags/env/Scripts/pyrsa-keygen.exe:__main__.py assumed to contain no DAGs. Skipping.
[2025-03-28T13:32:27.667+0000] {processor.py:927} WARNING - No viable dags retrieved from /opt/airflow/dags/env/Scripts/pyrsa-keygen.exe
[2025-03-28T13:32:27.687+0000] {processor.py:208} INFO - Processing /opt/airflow/dags/env/Scripts/pyrsa-keygen.exe took 0.049 seconds
[2025-03-28T13:36:59.244+0000] {processor.py:186} INFO - Started process (PID=2274) to work on /opt/airflow/dags/env/Scripts/pyrsa-keygen.exe
[2025-03-28T13:36:59.246+0000] {processor.py:914} INFO - Processing file /opt/airflow/dags/env/Scripts/pyrsa-keygen.exe for tasks to queue
[2025-03-28T13:36:59.248+0000] {logging_mixin.py:190} INFO - [2025-03-28T13:36:59.247+0000] {dagbag.py:588} INFO - Filling up the DagBag from /opt/airflow/dags/env/Scripts/pyrsa-keygen.exe
[2025-03-28T13:36:59.268+0000] {logging_mixin.py:190} INFO - [2025-03-28T13:36:59.267+0000] {dagbag.py:435} INFO - File /opt/airflow/dags/env/Scripts/pyrsa-keygen.exe:__main__.py assumed to contain no DAGs. Skipping.
[2025-03-28T13:36:59.269+0000] {processor.py:927} WARNING - No viable dags retrieved from /opt/airflow/dags/env/Scripts/pyrsa-keygen.exe
[2025-03-28T13:36:59.298+0000] {processor.py:208} INFO - Processing /opt/airflow/dags/env/Scripts/pyrsa-keygen.exe took 0.073 seconds
[2025-03-28T13:37:30.797+0000] {processor.py:186} INFO - Started process (PID=2298) to work on /opt/airflow/dags/env/Scripts/pyrsa-keygen.exe
[2025-03-28T13:37:30.798+0000] {processor.py:914} INFO - Processing file /opt/airflow/dags/env/Scripts/pyrsa-keygen.exe for tasks to queue
[2025-03-28T13:37:30.800+0000] {logging_mixin.py:190} INFO - [2025-03-28T13:37:30.800+0000] {dagbag.py:588} INFO - Filling up the DagBag from /opt/airflow/dags/env/Scripts/pyrsa-keygen.exe
[2025-03-28T13:37:30.813+0000] {logging_mixin.py:190} INFO - [2025-03-28T13:37:30.813+0000] {dagbag.py:435} INFO - File /opt/airflow/dags/env/Scripts/pyrsa-keygen.exe:__main__.py assumed to contain no DAGs. Skipping.
[2025-03-28T13:37:30.814+0000] {processor.py:927} WARNING - No viable dags retrieved from /opt/airflow/dags/env/Scripts/pyrsa-keygen.exe
[2025-03-28T13:37:30.837+0000] {processor.py:208} INFO - Processing /opt/airflow/dags/env/Scripts/pyrsa-keygen.exe took 0.051 seconds
[2025-03-28T13:41:54.860+0000] {processor.py:186} INFO - Started process (PID=2325) to work on /opt/airflow/dags/env/Scripts/pyrsa-keygen.exe
[2025-03-28T13:41:54.862+0000] {processor.py:914} INFO - Processing file /opt/airflow/dags/env/Scripts/pyrsa-keygen.exe for tasks to queue
[2025-03-28T13:41:54.864+0000] {logging_mixin.py:190} INFO - [2025-03-28T13:41:54.863+0000] {dagbag.py:588} INFO - Filling up the DagBag from /opt/airflow/dags/env/Scripts/pyrsa-keygen.exe
[2025-03-28T13:41:54.878+0000] {logging_mixin.py:190} INFO - [2025-03-28T13:41:54.878+0000] {dagbag.py:435} INFO - File /opt/airflow/dags/env/Scripts/pyrsa-keygen.exe:__main__.py assumed to contain no DAGs. Skipping.
[2025-03-28T13:41:54.880+0000] {processor.py:927} WARNING - No viable dags retrieved from /opt/airflow/dags/env/Scripts/pyrsa-keygen.exe
[2025-03-28T13:41:54.907+0000] {processor.py:208} INFO - Processing /opt/airflow/dags/env/Scripts/pyrsa-keygen.exe took 0.058 seconds
[2025-03-28T13:42:26.285+0000] {processor.py:186} INFO - Started process (PID=2349) to work on /opt/airflow/dags/env/Scripts/pyrsa-keygen.exe
[2025-03-28T13:42:26.286+0000] {processor.py:914} INFO - Processing file /opt/airflow/dags/env/Scripts/pyrsa-keygen.exe for tasks to queue
[2025-03-28T13:42:26.288+0000] {logging_mixin.py:190} INFO - [2025-03-28T13:42:26.287+0000] {dagbag.py:588} INFO - Filling up the DagBag from /opt/airflow/dags/env/Scripts/pyrsa-keygen.exe
[2025-03-28T13:42:26.299+0000] {logging_mixin.py:190} INFO - [2025-03-28T13:42:26.299+0000] {dagbag.py:435} INFO - File /opt/airflow/dags/env/Scripts/pyrsa-keygen.exe:__main__.py assumed to contain no DAGs. Skipping.
[2025-03-28T13:42:26.300+0000] {processor.py:927} WARNING - No viable dags retrieved from /opt/airflow/dags/env/Scripts/pyrsa-keygen.exe
[2025-03-28T13:42:26.321+0000] {processor.py:208} INFO - Processing /opt/airflow/dags/env/Scripts/pyrsa-keygen.exe took 0.048 seconds
[2025-03-28T13:46:53.214+0000] {processor.py:186} INFO - Started process (PID=2380) to work on /opt/airflow/dags/env/Scripts/pyrsa-keygen.exe
[2025-03-28T13:46:53.215+0000] {processor.py:914} INFO - Processing file /opt/airflow/dags/env/Scripts/pyrsa-keygen.exe for tasks to queue
[2025-03-28T13:46:53.217+0000] {logging_mixin.py:190} INFO - [2025-03-28T13:46:53.216+0000] {dagbag.py:588} INFO - Filling up the DagBag from /opt/airflow/dags/env/Scripts/pyrsa-keygen.exe
[2025-03-28T13:46:53.228+0000] {logging_mixin.py:190} INFO - [2025-03-28T13:46:53.228+0000] {dagbag.py:435} INFO - File /opt/airflow/dags/env/Scripts/pyrsa-keygen.exe:__main__.py assumed to contain no DAGs. Skipping.
[2025-03-28T13:46:53.229+0000] {processor.py:927} WARNING - No viable dags retrieved from /opt/airflow/dags/env/Scripts/pyrsa-keygen.exe
[2025-03-28T13:46:53.252+0000] {processor.py:208} INFO - Processing /opt/airflow/dags/env/Scripts/pyrsa-keygen.exe took 0.052 seconds
[2025-03-28T13:47:23.854+0000] {processor.py:186} INFO - Started process (PID=2404) to work on /opt/airflow/dags/env/Scripts/pyrsa-keygen.exe
[2025-03-28T13:47:23.855+0000] {processor.py:914} INFO - Processing file /opt/airflow/dags/env/Scripts/pyrsa-keygen.exe for tasks to queue
[2025-03-28T13:47:23.857+0000] {logging_mixin.py:190} INFO - [2025-03-28T13:47:23.857+0000] {dagbag.py:588} INFO - Filling up the DagBag from /opt/airflow/dags/env/Scripts/pyrsa-keygen.exe
[2025-03-28T13:47:23.868+0000] {logging_mixin.py:190} INFO - [2025-03-28T13:47:23.868+0000] {dagbag.py:435} INFO - File /opt/airflow/dags/env/Scripts/pyrsa-keygen.exe:__main__.py assumed to contain no DAGs. Skipping.
[2025-03-28T13:47:23.869+0000] {processor.py:927} WARNING - No viable dags retrieved from /opt/airflow/dags/env/Scripts/pyrsa-keygen.exe
[2025-03-28T13:47:23.896+0000] {processor.py:208} INFO - Processing /opt/airflow/dags/env/Scripts/pyrsa-keygen.exe took 0.054 seconds
[2025-03-28T13:47:55.485+0000] {processor.py:186} INFO - Started process (PID=2428) to work on /opt/airflow/dags/env/Scripts/pyrsa-keygen.exe
[2025-03-28T13:47:55.487+0000] {processor.py:914} INFO - Processing file /opt/airflow/dags/env/Scripts/pyrsa-keygen.exe for tasks to queue
[2025-03-28T13:47:55.489+0000] {logging_mixin.py:190} INFO - [2025-03-28T13:47:55.488+0000] {dagbag.py:588} INFO - Filling up the DagBag from /opt/airflow/dags/env/Scripts/pyrsa-keygen.exe
[2025-03-28T13:47:55.501+0000] {logging_mixin.py:190} INFO - [2025-03-28T13:47:55.501+0000] {dagbag.py:435} INFO - File /opt/airflow/dags/env/Scripts/pyrsa-keygen.exe:__main__.py assumed to contain no DAGs. Skipping.
[2025-03-28T13:47:55.502+0000] {processor.py:927} WARNING - No viable dags retrieved from /opt/airflow/dags/env/Scripts/pyrsa-keygen.exe
[2025-03-28T13:47:55.523+0000] {processor.py:208} INFO - Processing /opt/airflow/dags/env/Scripts/pyrsa-keygen.exe took 0.050 seconds
[2025-03-28T13:51:56.728+0000] {processor.py:186} INFO - Started process (PID=2438) to work on /opt/airflow/dags/env/Scripts/pyrsa-keygen.exe
[2025-03-28T13:51:56.729+0000] {processor.py:914} INFO - Processing file /opt/airflow/dags/env/Scripts/pyrsa-keygen.exe for tasks to queue
[2025-03-28T13:51:56.731+0000] {logging_mixin.py:190} INFO - [2025-03-28T13:51:56.730+0000] {dagbag.py:588} INFO - Filling up the DagBag from /opt/airflow/dags/env/Scripts/pyrsa-keygen.exe
[2025-03-28T13:51:56.743+0000] {logging_mixin.py:190} INFO - [2025-03-28T13:51:56.743+0000] {dagbag.py:435} INFO - File /opt/airflow/dags/env/Scripts/pyrsa-keygen.exe:__main__.py assumed to contain no DAGs. Skipping.
[2025-03-28T13:51:56.744+0000] {processor.py:927} WARNING - No viable dags retrieved from /opt/airflow/dags/env/Scripts/pyrsa-keygen.exe
[2025-03-28T13:51:56.765+0000] {processor.py:208} INFO - Processing /opt/airflow/dags/env/Scripts/pyrsa-keygen.exe took 0.048 seconds
[2025-03-28T13:52:28.143+0000] {processor.py:186} INFO - Started process (PID=2462) to work on /opt/airflow/dags/env/Scripts/pyrsa-keygen.exe
[2025-03-28T13:52:28.144+0000] {processor.py:914} INFO - Processing file /opt/airflow/dags/env/Scripts/pyrsa-keygen.exe for tasks to queue
[2025-03-28T13:52:28.146+0000] {logging_mixin.py:190} INFO - [2025-03-28T13:52:28.146+0000] {dagbag.py:588} INFO - Filling up the DagBag from /opt/airflow/dags/env/Scripts/pyrsa-keygen.exe
[2025-03-28T13:52:28.157+0000] {logging_mixin.py:190} INFO - [2025-03-28T13:52:28.157+0000] {dagbag.py:435} INFO - File /opt/airflow/dags/env/Scripts/pyrsa-keygen.exe:__main__.py assumed to contain no DAGs. Skipping.
[2025-03-28T13:52:28.158+0000] {processor.py:927} WARNING - No viable dags retrieved from /opt/airflow/dags/env/Scripts/pyrsa-keygen.exe
[2025-03-28T13:52:28.178+0000] {processor.py:208} INFO - Processing /opt/airflow/dags/env/Scripts/pyrsa-keygen.exe took 0.046 seconds
[2025-03-28T13:56:58.940+0000] {processor.py:186} INFO - Started process (PID=2493) to work on /opt/airflow/dags/env/Scripts/pyrsa-keygen.exe
[2025-03-28T13:56:58.942+0000] {processor.py:914} INFO - Processing file /opt/airflow/dags/env/Scripts/pyrsa-keygen.exe for tasks to queue
[2025-03-28T13:56:58.943+0000] {logging_mixin.py:190} INFO - [2025-03-28T13:56:58.943+0000] {dagbag.py:588} INFO - Filling up the DagBag from /opt/airflow/dags/env/Scripts/pyrsa-keygen.exe
[2025-03-28T13:56:58.956+0000] {logging_mixin.py:190} INFO - [2025-03-28T13:56:58.956+0000] {dagbag.py:435} INFO - File /opt/airflow/dags/env/Scripts/pyrsa-keygen.exe:__main__.py assumed to contain no DAGs. Skipping.
[2025-03-28T13:56:58.957+0000] {processor.py:927} WARNING - No viable dags retrieved from /opt/airflow/dags/env/Scripts/pyrsa-keygen.exe
[2025-03-28T13:56:58.977+0000] {processor.py:208} INFO - Processing /opt/airflow/dags/env/Scripts/pyrsa-keygen.exe took 0.049 seconds
[2025-03-28T13:57:30.517+0000] {processor.py:186} INFO - Started process (PID=2517) to work on /opt/airflow/dags/env/Scripts/pyrsa-keygen.exe
[2025-03-28T13:57:30.519+0000] {processor.py:914} INFO - Processing file /opt/airflow/dags/env/Scripts/pyrsa-keygen.exe for tasks to queue
[2025-03-28T13:57:30.520+0000] {logging_mixin.py:190} INFO - [2025-03-28T13:57:30.520+0000] {dagbag.py:588} INFO - Filling up the DagBag from /opt/airflow/dags/env/Scripts/pyrsa-keygen.exe
[2025-03-28T13:57:30.534+0000] {logging_mixin.py:190} INFO - [2025-03-28T13:57:30.534+0000] {dagbag.py:435} INFO - File /opt/airflow/dags/env/Scripts/pyrsa-keygen.exe:__main__.py assumed to contain no DAGs. Skipping.
[2025-03-28T13:57:30.535+0000] {processor.py:927} WARNING - No viable dags retrieved from /opt/airflow/dags/env/Scripts/pyrsa-keygen.exe
[2025-03-28T13:57:30.555+0000] {processor.py:208} INFO - Processing /opt/airflow/dags/env/Scripts/pyrsa-keygen.exe took 0.049 seconds
[2025-03-28T14:01:56.226+0000] {processor.py:186} INFO - Started process (PID=2546) to work on /opt/airflow/dags/env/Scripts/pyrsa-keygen.exe
[2025-03-28T14:01:56.227+0000] {processor.py:914} INFO - Processing file /opt/airflow/dags/env/Scripts/pyrsa-keygen.exe for tasks to queue
[2025-03-28T14:01:56.229+0000] {logging_mixin.py:190} INFO - [2025-03-28T14:01:56.229+0000] {dagbag.py:588} INFO - Filling up the DagBag from /opt/airflow/dags/env/Scripts/pyrsa-keygen.exe
[2025-03-28T14:01:56.240+0000] {logging_mixin.py:190} INFO - [2025-03-28T14:01:56.240+0000] {dagbag.py:435} INFO - File /opt/airflow/dags/env/Scripts/pyrsa-keygen.exe:__main__.py assumed to contain no DAGs. Skipping.
[2025-03-28T14:01:56.241+0000] {processor.py:927} WARNING - No viable dags retrieved from /opt/airflow/dags/env/Scripts/pyrsa-keygen.exe
[2025-03-28T14:01:56.263+0000] {processor.py:208} INFO - Processing /opt/airflow/dags/env/Scripts/pyrsa-keygen.exe took 0.049 seconds
[2025-03-28T14:02:27.787+0000] {processor.py:186} INFO - Started process (PID=2570) to work on /opt/airflow/dags/env/Scripts/pyrsa-keygen.exe
[2025-03-28T14:02:27.788+0000] {processor.py:914} INFO - Processing file /opt/airflow/dags/env/Scripts/pyrsa-keygen.exe for tasks to queue
[2025-03-28T14:02:27.790+0000] {logging_mixin.py:190} INFO - [2025-03-28T14:02:27.789+0000] {dagbag.py:588} INFO - Filling up the DagBag from /opt/airflow/dags/env/Scripts/pyrsa-keygen.exe
[2025-03-28T14:02:27.801+0000] {logging_mixin.py:190} INFO - [2025-03-28T14:02:27.801+0000] {dagbag.py:435} INFO - File /opt/airflow/dags/env/Scripts/pyrsa-keygen.exe:__main__.py assumed to contain no DAGs. Skipping.
[2025-03-28T14:02:27.802+0000] {processor.py:927} WARNING - No viable dags retrieved from /opt/airflow/dags/env/Scripts/pyrsa-keygen.exe
[2025-03-28T14:02:27.824+0000] {processor.py:208} INFO - Processing /opt/airflow/dags/env/Scripts/pyrsa-keygen.exe took 0.049 seconds
[2025-03-28T14:07:00.025+0000] {processor.py:186} INFO - Started process (PID=2601) to work on /opt/airflow/dags/env/Scripts/pyrsa-keygen.exe
[2025-03-28T14:07:00.027+0000] {processor.py:914} INFO - Processing file /opt/airflow/dags/env/Scripts/pyrsa-keygen.exe for tasks to queue
[2025-03-28T14:07:00.029+0000] {logging_mixin.py:190} INFO - [2025-03-28T14:07:00.029+0000] {dagbag.py:588} INFO - Filling up the DagBag from /opt/airflow/dags/env/Scripts/pyrsa-keygen.exe
[2025-03-28T14:07:00.046+0000] {logging_mixin.py:190} INFO - [2025-03-28T14:07:00.046+0000] {dagbag.py:435} INFO - File /opt/airflow/dags/env/Scripts/pyrsa-keygen.exe:__main__.py assumed to contain no DAGs. Skipping.
[2025-03-28T14:07:00.047+0000] {processor.py:927} WARNING - No viable dags retrieved from /opt/airflow/dags/env/Scripts/pyrsa-keygen.exe
[2025-03-28T14:07:00.069+0000] {processor.py:208} INFO - Processing /opt/airflow/dags/env/Scripts/pyrsa-keygen.exe took 0.060 seconds
[2025-03-28T14:07:31.621+0000] {processor.py:186} INFO - Started process (PID=2625) to work on /opt/airflow/dags/env/Scripts/pyrsa-keygen.exe
[2025-03-28T14:07:31.622+0000] {processor.py:914} INFO - Processing file /opt/airflow/dags/env/Scripts/pyrsa-keygen.exe for tasks to queue
[2025-03-28T14:07:31.624+0000] {logging_mixin.py:190} INFO - [2025-03-28T14:07:31.624+0000] {dagbag.py:588} INFO - Filling up the DagBag from /opt/airflow/dags/env/Scripts/pyrsa-keygen.exe
[2025-03-28T14:07:31.637+0000] {logging_mixin.py:190} INFO - [2025-03-28T14:07:31.637+0000] {dagbag.py:435} INFO - File /opt/airflow/dags/env/Scripts/pyrsa-keygen.exe:__main__.py assumed to contain no DAGs. Skipping.
[2025-03-28T14:07:31.638+0000] {processor.py:927} WARNING - No viable dags retrieved from /opt/airflow/dags/env/Scripts/pyrsa-keygen.exe
[2025-03-28T14:07:31.665+0000] {processor.py:208} INFO - Processing /opt/airflow/dags/env/Scripts/pyrsa-keygen.exe took 0.055 seconds
[2025-03-28T14:12:00.758+0000] {processor.py:186} INFO - Started process (PID=2653) to work on /opt/airflow/dags/env/Scripts/pyrsa-keygen.exe
[2025-03-28T14:12:00.759+0000] {processor.py:914} INFO - Processing file /opt/airflow/dags/env/Scripts/pyrsa-keygen.exe for tasks to queue
[2025-03-28T14:12:00.761+0000] {logging_mixin.py:190} INFO - [2025-03-28T14:12:00.760+0000] {dagbag.py:588} INFO - Filling up the DagBag from /opt/airflow/dags/env/Scripts/pyrsa-keygen.exe
[2025-03-28T14:12:00.772+0000] {logging_mixin.py:190} INFO - [2025-03-28T14:12:00.771+0000] {dagbag.py:435} INFO - File /opt/airflow/dags/env/Scripts/pyrsa-keygen.exe:__main__.py assumed to contain no DAGs. Skipping.
[2025-03-28T14:12:00.773+0000] {processor.py:927} WARNING - No viable dags retrieved from /opt/airflow/dags/env/Scripts/pyrsa-keygen.exe
[2025-03-28T14:12:00.793+0000] {processor.py:208} INFO - Processing /opt/airflow/dags/env/Scripts/pyrsa-keygen.exe took 0.047 seconds
[2025-03-28T14:12:32.173+0000] {processor.py:186} INFO - Started process (PID=2677) to work on /opt/airflow/dags/env/Scripts/pyrsa-keygen.exe
[2025-03-28T14:12:32.174+0000] {processor.py:914} INFO - Processing file /opt/airflow/dags/env/Scripts/pyrsa-keygen.exe for tasks to queue
[2025-03-28T14:12:32.176+0000] {logging_mixin.py:190} INFO - [2025-03-28T14:12:32.176+0000] {dagbag.py:588} INFO - Filling up the DagBag from /opt/airflow/dags/env/Scripts/pyrsa-keygen.exe
[2025-03-28T14:12:32.189+0000] {logging_mixin.py:190} INFO - [2025-03-28T14:12:32.188+0000] {dagbag.py:435} INFO - File /opt/airflow/dags/env/Scripts/pyrsa-keygen.exe:__main__.py assumed to contain no DAGs. Skipping.
[2025-03-28T14:12:32.190+0000] {processor.py:927} WARNING - No viable dags retrieved from /opt/airflow/dags/env/Scripts/pyrsa-keygen.exe
[2025-03-28T14:12:32.216+0000] {processor.py:208} INFO - Processing /opt/airflow/dags/env/Scripts/pyrsa-keygen.exe took 0.056 seconds
[2025-03-28T14:17:05.873+0000] {processor.py:186} INFO - Started process (PID=2705) to work on /opt/airflow/dags/env/Scripts/pyrsa-keygen.exe
[2025-03-28T14:17:05.874+0000] {processor.py:914} INFO - Processing file /opt/airflow/dags/env/Scripts/pyrsa-keygen.exe for tasks to queue
[2025-03-28T14:17:05.876+0000] {logging_mixin.py:190} INFO - [2025-03-28T14:17:05.875+0000] {dagbag.py:588} INFO - Filling up the DagBag from /opt/airflow/dags/env/Scripts/pyrsa-keygen.exe
[2025-03-28T14:17:05.889+0000] {logging_mixin.py:190} INFO - [2025-03-28T14:17:05.889+0000] {dagbag.py:435} INFO - File /opt/airflow/dags/env/Scripts/pyrsa-keygen.exe:__main__.py assumed to contain no DAGs. Skipping.
[2025-03-28T14:17:05.890+0000] {processor.py:927} WARNING - No viable dags retrieved from /opt/airflow/dags/env/Scripts/pyrsa-keygen.exe
[2025-03-28T14:17:05.910+0000] {processor.py:208} INFO - Processing /opt/airflow/dags/env/Scripts/pyrsa-keygen.exe took 0.049 seconds
[2025-03-28T14:17:37.844+0000] {processor.py:186} INFO - Started process (PID=2729) to work on /opt/airflow/dags/env/Scripts/pyrsa-keygen.exe
[2025-03-28T14:17:37.846+0000] {processor.py:914} INFO - Processing file /opt/airflow/dags/env/Scripts/pyrsa-keygen.exe for tasks to queue
[2025-03-28T14:17:37.854+0000] {logging_mixin.py:190} INFO - [2025-03-28T14:17:37.854+0000] {dagbag.py:588} INFO - Filling up the DagBag from /opt/airflow/dags/env/Scripts/pyrsa-keygen.exe
[2025-03-28T14:17:37.874+0000] {logging_mixin.py:190} INFO - [2025-03-28T14:17:37.874+0000] {dagbag.py:435} INFO - File /opt/airflow/dags/env/Scripts/pyrsa-keygen.exe:__main__.py assumed to contain no DAGs. Skipping.
[2025-03-28T14:17:37.876+0000] {processor.py:927} WARNING - No viable dags retrieved from /opt/airflow/dags/env/Scripts/pyrsa-keygen.exe
[2025-03-28T14:17:37.911+0000] {processor.py:208} INFO - Processing /opt/airflow/dags/env/Scripts/pyrsa-keygen.exe took 0.084 seconds
[2025-03-28T14:22:00.608+0000] {processor.py:186} INFO - Started process (PID=2754) to work on /opt/airflow/dags/env/Scripts/pyrsa-keygen.exe
[2025-03-28T14:22:00.609+0000] {processor.py:914} INFO - Processing file /opt/airflow/dags/env/Scripts/pyrsa-keygen.exe for tasks to queue
[2025-03-28T14:22:00.611+0000] {logging_mixin.py:190} INFO - [2025-03-28T14:22:00.610+0000] {dagbag.py:588} INFO - Filling up the DagBag from /opt/airflow/dags/env/Scripts/pyrsa-keygen.exe
[2025-03-28T14:22:00.623+0000] {logging_mixin.py:190} INFO - [2025-03-28T14:22:00.623+0000] {dagbag.py:435} INFO - File /opt/airflow/dags/env/Scripts/pyrsa-keygen.exe:__main__.py assumed to contain no DAGs. Skipping.
[2025-03-28T14:22:00.624+0000] {processor.py:927} WARNING - No viable dags retrieved from /opt/airflow/dags/env/Scripts/pyrsa-keygen.exe
[2025-03-28T14:22:00.646+0000] {processor.py:208} INFO - Processing /opt/airflow/dags/env/Scripts/pyrsa-keygen.exe took 0.050 seconds
[2025-03-28T14:22:32.277+0000] {processor.py:186} INFO - Started process (PID=2778) to work on /opt/airflow/dags/env/Scripts/pyrsa-keygen.exe
[2025-03-28T14:22:32.278+0000] {processor.py:914} INFO - Processing file /opt/airflow/dags/env/Scripts/pyrsa-keygen.exe for tasks to queue
[2025-03-28T14:22:32.280+0000] {logging_mixin.py:190} INFO - [2025-03-28T14:22:32.280+0000] {dagbag.py:588} INFO - Filling up the DagBag from /opt/airflow/dags/env/Scripts/pyrsa-keygen.exe
[2025-03-28T14:22:32.293+0000] {logging_mixin.py:190} INFO - [2025-03-28T14:22:32.293+0000] {dagbag.py:435} INFO - File /opt/airflow/dags/env/Scripts/pyrsa-keygen.exe:__main__.py assumed to contain no DAGs. Skipping.
[2025-03-28T14:22:32.294+0000] {processor.py:927} WARNING - No viable dags retrieved from /opt/airflow/dags/env/Scripts/pyrsa-keygen.exe
[2025-03-28T14:22:32.314+0000] {processor.py:208} INFO - Processing /opt/airflow/dags/env/Scripts/pyrsa-keygen.exe took 0.049 seconds
[2025-03-28T14:26:59.863+0000] {processor.py:186} INFO - Started process (PID=2807) to work on /opt/airflow/dags/env/Scripts/pyrsa-keygen.exe
[2025-03-28T14:26:59.865+0000] {processor.py:914} INFO - Processing file /opt/airflow/dags/env/Scripts/pyrsa-keygen.exe for tasks to queue
[2025-03-28T14:26:59.867+0000] {logging_mixin.py:190} INFO - [2025-03-28T14:26:59.867+0000] {dagbag.py:588} INFO - Filling up the DagBag from /opt/airflow/dags/env/Scripts/pyrsa-keygen.exe
[2025-03-28T14:26:59.882+0000] {logging_mixin.py:190} INFO - [2025-03-28T14:26:59.881+0000] {dagbag.py:435} INFO - File /opt/airflow/dags/env/Scripts/pyrsa-keygen.exe:__main__.py assumed to contain no DAGs. Skipping.
[2025-03-28T14:26:59.884+0000] {processor.py:927} WARNING - No viable dags retrieved from /opt/airflow/dags/env/Scripts/pyrsa-keygen.exe
[2025-03-28T14:26:59.928+0000] {processor.py:208} INFO - Processing /opt/airflow/dags/env/Scripts/pyrsa-keygen.exe took 0.079 seconds
[2025-03-28T14:27:31.287+0000] {processor.py:186} INFO - Started process (PID=2831) to work on /opt/airflow/dags/env/Scripts/pyrsa-keygen.exe
[2025-03-28T14:27:31.288+0000] {processor.py:914} INFO - Processing file /opt/airflow/dags/env/Scripts/pyrsa-keygen.exe for tasks to queue
[2025-03-28T14:27:31.290+0000] {logging_mixin.py:190} INFO - [2025-03-28T14:27:31.289+0000] {dagbag.py:588} INFO - Filling up the DagBag from /opt/airflow/dags/env/Scripts/pyrsa-keygen.exe
[2025-03-28T14:27:31.305+0000] {logging_mixin.py:190} INFO - [2025-03-28T14:27:31.305+0000] {dagbag.py:435} INFO - File /opt/airflow/dags/env/Scripts/pyrsa-keygen.exe:__main__.py assumed to contain no DAGs. Skipping.
[2025-03-28T14:27:31.306+0000] {processor.py:927} WARNING - No viable dags retrieved from /opt/airflow/dags/env/Scripts/pyrsa-keygen.exe
[2025-03-28T14:27:31.331+0000] {processor.py:208} INFO - Processing /opt/airflow/dags/env/Scripts/pyrsa-keygen.exe took 0.055 seconds
[2025-03-28T14:31:57.849+0000] {processor.py:186} INFO - Started process (PID=2861) to work on /opt/airflow/dags/env/Scripts/pyrsa-keygen.exe
[2025-03-28T14:31:57.850+0000] {processor.py:914} INFO - Processing file /opt/airflow/dags/env/Scripts/pyrsa-keygen.exe for tasks to queue
[2025-03-28T14:31:57.852+0000] {logging_mixin.py:190} INFO - [2025-03-28T14:31:57.852+0000] {dagbag.py:588} INFO - Filling up the DagBag from /opt/airflow/dags/env/Scripts/pyrsa-keygen.exe
[2025-03-28T14:31:57.865+0000] {logging_mixin.py:190} INFO - [2025-03-28T14:31:57.865+0000] {dagbag.py:435} INFO - File /opt/airflow/dags/env/Scripts/pyrsa-keygen.exe:__main__.py assumed to contain no DAGs. Skipping.
[2025-03-28T14:31:57.866+0000] {processor.py:927} WARNING - No viable dags retrieved from /opt/airflow/dags/env/Scripts/pyrsa-keygen.exe
[2025-03-28T14:31:57.887+0000] {processor.py:208} INFO - Processing /opt/airflow/dags/env/Scripts/pyrsa-keygen.exe took 0.050 seconds
[2025-03-28T14:32:29.611+0000] {processor.py:186} INFO - Started process (PID=2885) to work on /opt/airflow/dags/env/Scripts/pyrsa-keygen.exe
[2025-03-28T14:32:29.613+0000] {processor.py:914} INFO - Processing file /opt/airflow/dags/env/Scripts/pyrsa-keygen.exe for tasks to queue
[2025-03-28T14:32:29.614+0000] {logging_mixin.py:190} INFO - [2025-03-28T14:32:29.614+0000] {dagbag.py:588} INFO - Filling up the DagBag from /opt/airflow/dags/env/Scripts/pyrsa-keygen.exe
[2025-03-28T14:32:29.625+0000] {logging_mixin.py:190} INFO - [2025-03-28T14:32:29.625+0000] {dagbag.py:435} INFO - File /opt/airflow/dags/env/Scripts/pyrsa-keygen.exe:__main__.py assumed to contain no DAGs. Skipping.
[2025-03-28T14:32:29.626+0000] {processor.py:927} WARNING - No viable dags retrieved from /opt/airflow/dags/env/Scripts/pyrsa-keygen.exe
[2025-03-28T14:32:29.647+0000] {processor.py:208} INFO - Processing /opt/airflow/dags/env/Scripts/pyrsa-keygen.exe took 0.046 seconds
[2025-03-28T14:33:00.248+0000] {processor.py:186} INFO - Started process (PID=2909) to work on /opt/airflow/dags/env/Scripts/pyrsa-keygen.exe
[2025-03-28T14:33:00.249+0000] {processor.py:914} INFO - Processing file /opt/airflow/dags/env/Scripts/pyrsa-keygen.exe for tasks to queue
[2025-03-28T14:33:00.251+0000] {logging_mixin.py:190} INFO - [2025-03-28T14:33:00.250+0000] {dagbag.py:588} INFO - Filling up the DagBag from /opt/airflow/dags/env/Scripts/pyrsa-keygen.exe
[2025-03-28T14:33:00.262+0000] {logging_mixin.py:190} INFO - [2025-03-28T14:33:00.262+0000] {dagbag.py:435} INFO - File /opt/airflow/dags/env/Scripts/pyrsa-keygen.exe:__main__.py assumed to contain no DAGs. Skipping.
[2025-03-28T14:33:00.263+0000] {processor.py:927} WARNING - No viable dags retrieved from /opt/airflow/dags/env/Scripts/pyrsa-keygen.exe
[2025-03-28T14:33:00.284+0000] {processor.py:208} INFO - Processing /opt/airflow/dags/env/Scripts/pyrsa-keygen.exe took 0.047 seconds
[2025-03-28T14:37:12.136+0000] {processor.py:186} INFO - Started process (PID=2917) to work on /opt/airflow/dags/env/Scripts/pyrsa-keygen.exe
[2025-03-28T14:37:12.137+0000] {processor.py:914} INFO - Processing file /opt/airflow/dags/env/Scripts/pyrsa-keygen.exe for tasks to queue
[2025-03-28T14:37:12.139+0000] {logging_mixin.py:190} INFO - [2025-03-28T14:37:12.138+0000] {dagbag.py:588} INFO - Filling up the DagBag from /opt/airflow/dags/env/Scripts/pyrsa-keygen.exe
[2025-03-28T14:37:12.152+0000] {logging_mixin.py:190} INFO - [2025-03-28T14:37:12.151+0000] {dagbag.py:435} INFO - File /opt/airflow/dags/env/Scripts/pyrsa-keygen.exe:__main__.py assumed to contain no DAGs. Skipping.
[2025-03-28T14:37:12.153+0000] {processor.py:927} WARNING - No viable dags retrieved from /opt/airflow/dags/env/Scripts/pyrsa-keygen.exe
[2025-03-28T14:37:12.174+0000] {processor.py:208} INFO - Processing /opt/airflow/dags/env/Scripts/pyrsa-keygen.exe took 0.050 seconds
[2025-03-28T14:37:43.481+0000] {processor.py:186} INFO - Started process (PID=2941) to work on /opt/airflow/dags/env/Scripts/pyrsa-keygen.exe
[2025-03-28T14:37:43.482+0000] {processor.py:914} INFO - Processing file /opt/airflow/dags/env/Scripts/pyrsa-keygen.exe for tasks to queue
[2025-03-28T14:37:43.484+0000] {logging_mixin.py:190} INFO - [2025-03-28T14:37:43.484+0000] {dagbag.py:588} INFO - Filling up the DagBag from /opt/airflow/dags/env/Scripts/pyrsa-keygen.exe
[2025-03-28T14:37:43.497+0000] {logging_mixin.py:190} INFO - [2025-03-28T14:37:43.497+0000] {dagbag.py:435} INFO - File /opt/airflow/dags/env/Scripts/pyrsa-keygen.exe:__main__.py assumed to contain no DAGs. Skipping.
[2025-03-28T14:37:43.498+0000] {processor.py:927} WARNING - No viable dags retrieved from /opt/airflow/dags/env/Scripts/pyrsa-keygen.exe
[2025-03-28T14:37:43.521+0000] {processor.py:208} INFO - Processing /opt/airflow/dags/env/Scripts/pyrsa-keygen.exe took 0.052 seconds
[2025-03-28T15:04:48.445+0000] {processor.py:186} INFO - Started process (PID=104) to work on /opt/airflow/dags/env/Scripts/pyrsa-keygen.exe
[2025-03-28T15:04:48.448+0000] {processor.py:914} INFO - Processing file /opt/airflow/dags/env/Scripts/pyrsa-keygen.exe for tasks to queue
[2025-03-28T15:04:48.455+0000] {logging_mixin.py:190} INFO - [2025-03-28T15:04:48.454+0000] {dagbag.py:588} INFO - Filling up the DagBag from /opt/airflow/dags/env/Scripts/pyrsa-keygen.exe
[2025-03-28T15:04:48.477+0000] {logging_mixin.py:190} INFO - [2025-03-28T15:04:48.477+0000] {dagbag.py:435} INFO - File /opt/airflow/dags/env/Scripts/pyrsa-keygen.exe:__main__.py assumed to contain no DAGs. Skipping.
[2025-03-28T15:04:48.479+0000] {processor.py:927} WARNING - No viable dags retrieved from /opt/airflow/dags/env/Scripts/pyrsa-keygen.exe
[2025-03-28T15:04:48.571+0000] {processor.py:208} INFO - Processing /opt/airflow/dags/env/Scripts/pyrsa-keygen.exe took 0.151 seconds
[2025-03-28T15:05:20.855+0000] {processor.py:186} INFO - Started process (PID=128) to work on /opt/airflow/dags/env/Scripts/pyrsa-keygen.exe
[2025-03-28T15:05:20.858+0000] {processor.py:914} INFO - Processing file /opt/airflow/dags/env/Scripts/pyrsa-keygen.exe for tasks to queue
[2025-03-28T15:05:20.871+0000] {logging_mixin.py:190} INFO - [2025-03-28T15:05:20.870+0000] {dagbag.py:588} INFO - Filling up the DagBag from /opt/airflow/dags/env/Scripts/pyrsa-keygen.exe
[2025-03-28T15:05:20.897+0000] {logging_mixin.py:190} INFO - [2025-03-28T15:05:20.896+0000] {dagbag.py:435} INFO - File /opt/airflow/dags/env/Scripts/pyrsa-keygen.exe:__main__.py assumed to contain no DAGs. Skipping.
[2025-03-28T15:05:20.898+0000] {processor.py:927} WARNING - No viable dags retrieved from /opt/airflow/dags/env/Scripts/pyrsa-keygen.exe
[2025-03-28T15:05:20.949+0000] {processor.py:208} INFO - Processing /opt/airflow/dags/env/Scripts/pyrsa-keygen.exe took 0.110 seconds
[2025-03-28T15:16:21.682+0000] {processor.py:186} INFO - Started process (PID=163) to work on /opt/airflow/dags/env/Scripts/pyrsa-keygen.exe
[2025-03-28T15:16:21.685+0000] {processor.py:914} INFO - Processing file /opt/airflow/dags/env/Scripts/pyrsa-keygen.exe for tasks to queue
[2025-03-28T15:16:21.689+0000] {logging_mixin.py:190} INFO - [2025-03-28T15:16:21.689+0000] {dagbag.py:588} INFO - Filling up the DagBag from /opt/airflow/dags/env/Scripts/pyrsa-keygen.exe
[2025-03-28T15:16:21.708+0000] {logging_mixin.py:190} INFO - [2025-03-28T15:16:21.707+0000] {dagbag.py:435} INFO - File /opt/airflow/dags/env/Scripts/pyrsa-keygen.exe:__main__.py assumed to contain no DAGs. Skipping.
[2025-03-28T15:16:21.709+0000] {processor.py:927} WARNING - No viable dags retrieved from /opt/airflow/dags/env/Scripts/pyrsa-keygen.exe
[2025-03-28T15:16:21.738+0000] {processor.py:208} INFO - Processing /opt/airflow/dags/env/Scripts/pyrsa-keygen.exe took 0.067 seconds
[2025-03-28T15:33:30.148+0000] {processor.py:186} INFO - Started process (PID=207) to work on /opt/airflow/dags/env/Scripts/pyrsa-keygen.exe
[2025-03-28T15:33:30.150+0000] {processor.py:914} INFO - Processing file /opt/airflow/dags/env/Scripts/pyrsa-keygen.exe for tasks to queue
[2025-03-28T15:33:30.167+0000] {logging_mixin.py:190} INFO - [2025-03-28T15:33:30.166+0000] {dagbag.py:588} INFO - Filling up the DagBag from /opt/airflow/dags/env/Scripts/pyrsa-keygen.exe
[2025-03-28T15:33:30.187+0000] {logging_mixin.py:190} INFO - [2025-03-28T15:33:30.187+0000] {dagbag.py:435} INFO - File /opt/airflow/dags/env/Scripts/pyrsa-keygen.exe:__main__.py assumed to contain no DAGs. Skipping.
[2025-03-28T15:33:30.189+0000] {processor.py:927} WARNING - No viable dags retrieved from /opt/airflow/dags/env/Scripts/pyrsa-keygen.exe
[2025-03-28T15:33:30.252+0000] {processor.py:208} INFO - Processing /opt/airflow/dags/env/Scripts/pyrsa-keygen.exe took 0.129 seconds
[2025-03-28T17:05:49.396+0000] {processor.py:186} INFO - Started process (PID=300) to work on /opt/airflow/dags/env/Scripts/pyrsa-keygen.exe
[2025-03-28T17:05:49.398+0000] {processor.py:914} INFO - Processing file /opt/airflow/dags/env/Scripts/pyrsa-keygen.exe for tasks to queue
[2025-03-28T17:05:49.405+0000] {logging_mixin.py:190} INFO - [2025-03-28T17:05:49.403+0000] {dagbag.py:588} INFO - Filling up the DagBag from /opt/airflow/dags/env/Scripts/pyrsa-keygen.exe
[2025-03-28T17:05:49.435+0000] {logging_mixin.py:190} INFO - [2025-03-28T17:05:49.434+0000] {dagbag.py:435} INFO - File /opt/airflow/dags/env/Scripts/pyrsa-keygen.exe:__main__.py assumed to contain no DAGs. Skipping.
[2025-03-28T17:05:49.437+0000] {processor.py:927} WARNING - No viable dags retrieved from /opt/airflow/dags/env/Scripts/pyrsa-keygen.exe
[2025-03-28T17:05:49.478+0000] {processor.py:208} INFO - Processing /opt/airflow/dags/env/Scripts/pyrsa-keygen.exe took 0.098 seconds
[2025-03-28T20:17:16.588+0000] {processor.py:186} INFO - Started process (PID=326) to work on /opt/airflow/dags/env/Scripts/pyrsa-keygen.exe
[2025-03-28T20:17:16.590+0000] {processor.py:914} INFO - Processing file /opt/airflow/dags/env/Scripts/pyrsa-keygen.exe for tasks to queue
[2025-03-28T20:17:16.597+0000] {logging_mixin.py:190} INFO - [2025-03-28T20:17:16.595+0000] {dagbag.py:588} INFO - Filling up the DagBag from /opt/airflow/dags/env/Scripts/pyrsa-keygen.exe
[2025-03-28T20:17:16.624+0000] {logging_mixin.py:190} INFO - [2025-03-28T20:17:16.624+0000] {dagbag.py:435} INFO - File /opt/airflow/dags/env/Scripts/pyrsa-keygen.exe:__main__.py assumed to contain no DAGs. Skipping.
[2025-03-28T20:17:16.627+0000] {processor.py:927} WARNING - No viable dags retrieved from /opt/airflow/dags/env/Scripts/pyrsa-keygen.exe
[2025-03-28T20:17:16.668+0000] {processor.py:208} INFO - Processing /opt/airflow/dags/env/Scripts/pyrsa-keygen.exe took 0.094 seconds
[2025-03-28T23:30:00.618+0000] {processor.py:186} INFO - Started process (PID=352) to work on /opt/airflow/dags/env/Scripts/pyrsa-keygen.exe
[2025-03-28T23:30:00.620+0000] {processor.py:914} INFO - Processing file /opt/airflow/dags/env/Scripts/pyrsa-keygen.exe for tasks to queue
[2025-03-28T23:30:00.627+0000] {logging_mixin.py:190} INFO - [2025-03-28T23:30:00.625+0000] {dagbag.py:588} INFO - Filling up the DagBag from /opt/airflow/dags/env/Scripts/pyrsa-keygen.exe
[2025-03-28T23:30:00.655+0000] {logging_mixin.py:190} INFO - [2025-03-28T23:30:00.655+0000] {dagbag.py:435} INFO - File /opt/airflow/dags/env/Scripts/pyrsa-keygen.exe:__main__.py assumed to contain no DAGs. Skipping.
[2025-03-28T23:30:00.658+0000] {processor.py:927} WARNING - No viable dags retrieved from /opt/airflow/dags/env/Scripts/pyrsa-keygen.exe
[2025-03-28T23:30:00.700+0000] {processor.py:208} INFO - Processing /opt/airflow/dags/env/Scripts/pyrsa-keygen.exe took 0.096 seconds
