[2025-03-28T03:10:15.604+0000] {processor.py:186} INFO - Started process (PID=208) to work on /opt/airflow/dags/env/Scripts/pyrsa-priv2pub.exe
[2025-03-28T03:10:15.605+0000] {processor.py:914} INFO - Processing file /opt/airflow/dags/env/Scripts/pyrsa-priv2pub.exe for tasks to queue
[2025-03-28T03:10:15.610+0000] {logging_mixin.py:190} INFO - [2025-03-28T03:10:15.609+0000] {dagbag.py:588} INFO - Filling up the DagBag from /opt/airflow/dags/env/Scripts/pyrsa-priv2pub.exe
[2025-03-28T03:10:15.624+0000] {logging_mixin.py:190} INFO - [2025-03-28T03:10:15.624+0000] {dagbag.py:435} INFO - File /opt/airflow/dags/env/Scripts/pyrsa-priv2pub.exe:__main__.py assumed to contain no DAGs. Skipping.
[2025-03-28T03:10:15.625+0000] {processor.py:927} WARNING - No viable dags retrieved from /opt/airflow/dags/env/Scripts/pyrsa-priv2pub.exe
[2025-03-28T03:10:15.653+0000] {processor.py:208} INFO - Processing /opt/airflow/dags/env/Scripts/pyrsa-priv2pub.exe took 0.062 seconds
[2025-03-28T03:46:20.062+0000] {processor.py:186} INFO - Started process (PID=257) to work on /opt/airflow/dags/env/Scripts/pyrsa-priv2pub.exe
[2025-03-28T03:46:20.064+0000] {processor.py:914} INFO - Processing file /opt/airflow/dags/env/Scripts/pyrsa-priv2pub.exe for tasks to queue
[2025-03-28T03:46:20.077+0000] {logging_mixin.py:190} INFO - [2025-03-28T03:46:20.076+0000] {dagbag.py:588} INFO - Filling up the DagBag from /opt/airflow/dags/env/Scripts/pyrsa-priv2pub.exe
[2025-03-28T03:46:20.109+0000] {logging_mixin.py:190} INFO - [2025-03-28T03:46:20.108+0000] {dagbag.py:435} INFO - File /opt/airflow/dags/env/Scripts/pyrsa-priv2pub.exe:__main__.py assumed to contain no DAGs. Skipping.
[2025-03-28T03:46:20.111+0000] {processor.py:927} WARNING - No viable dags retrieved from /opt/airflow/dags/env/Scripts/pyrsa-priv2pub.exe
[2025-03-28T03:46:20.173+0000] {processor.py:208} INFO - Processing /opt/airflow/dags/env/Scripts/pyrsa-priv2pub.exe took 0.151 seconds
[2025-03-28T04:41:10.020+0000] {processor.py:186} INFO - Started process (PID=301) to work on /opt/airflow/dags/env/Scripts/pyrsa-priv2pub.exe
[2025-03-28T04:41:10.021+0000] {processor.py:914} INFO - Processing file /opt/airflow/dags/env/Scripts/pyrsa-priv2pub.exe for tasks to queue
[2025-03-28T04:41:10.025+0000] {logging_mixin.py:190} INFO - [2025-03-28T04:41:10.024+0000] {dagbag.py:588} INFO - Filling up the DagBag from /opt/airflow/dags/env/Scripts/pyrsa-priv2pub.exe
[2025-03-28T04:41:10.041+0000] {logging_mixin.py:190} INFO - [2025-03-28T04:41:10.041+0000] {dagbag.py:435} INFO - File /opt/airflow/dags/env/Scripts/pyrsa-priv2pub.exe:__main__.py assumed to contain no DAGs. Skipping.
[2025-03-28T04:41:10.043+0000] {processor.py:927} WARNING - No viable dags retrieved from /opt/airflow/dags/env/Scripts/pyrsa-priv2pub.exe
[2025-03-28T04:41:10.065+0000] {processor.py:208} INFO - Processing /opt/airflow/dags/env/Scripts/pyrsa-priv2pub.exe took 0.062 seconds
[2025-03-28T05:05:47.139+0000] {processor.py:186} INFO - Started process (PID=335) to work on /opt/airflow/dags/env/Scripts/pyrsa-priv2pub.exe
[2025-03-28T05:05:47.140+0000] {processor.py:914} INFO - Processing file /opt/airflow/dags/env/Scripts/pyrsa-priv2pub.exe for tasks to queue
[2025-03-28T05:05:47.143+0000] {logging_mixin.py:190} INFO - [2025-03-28T05:05:47.143+0000] {dagbag.py:588} INFO - Filling up the DagBag from /opt/airflow/dags/env/Scripts/pyrsa-priv2pub.exe
[2025-03-28T05:05:47.158+0000] {logging_mixin.py:190} INFO - [2025-03-28T05:05:47.158+0000] {dagbag.py:435} INFO - File /opt/airflow/dags/env/Scripts/pyrsa-priv2pub.exe:__main__.py assumed to contain no DAGs. Skipping.
[2025-03-28T05:05:47.159+0000] {processor.py:927} WARNING - No viable dags retrieved from /opt/airflow/dags/env/Scripts/pyrsa-priv2pub.exe
[2025-03-28T05:05:47.185+0000] {processor.py:208} INFO - Processing /opt/airflow/dags/env/Scripts/pyrsa-priv2pub.exe took 0.060 seconds
[2025-03-28T05:17:34.526+0000] {processor.py:186} INFO - Started process (PID=377) to work on /opt/airflow/dags/env/Scripts/pyrsa-priv2pub.exe
[2025-03-28T05:17:34.528+0000] {processor.py:914} INFO - Processing file /opt/airflow/dags/env/Scripts/pyrsa-priv2pub.exe for tasks to queue
[2025-03-28T05:17:34.531+0000] {logging_mixin.py:190} INFO - [2025-03-28T05:17:34.531+0000] {dagbag.py:588} INFO - Filling up the DagBag from /opt/airflow/dags/env/Scripts/pyrsa-priv2pub.exe
[2025-03-28T05:17:34.545+0000] {logging_mixin.py:190} INFO - [2025-03-28T05:17:34.545+0000] {dagbag.py:435} INFO - File /opt/airflow/dags/env/Scripts/pyrsa-priv2pub.exe:__main__.py assumed to contain no DAGs. Skipping.
[2025-03-28T05:17:34.546+0000] {processor.py:927} WARNING - No viable dags retrieved from /opt/airflow/dags/env/Scripts/pyrsa-priv2pub.exe
[2025-03-28T05:17:34.570+0000] {processor.py:208} INFO - Processing /opt/airflow/dags/env/Scripts/pyrsa-priv2pub.exe took 0.056 seconds
[2025-03-28T05:18:05.090+0000] {processor.py:186} INFO - Started process (PID=401) to work on /opt/airflow/dags/env/Scripts/pyrsa-priv2pub.exe
[2025-03-28T05:18:05.092+0000] {processor.py:914} INFO - Processing file /opt/airflow/dags/env/Scripts/pyrsa-priv2pub.exe for tasks to queue
[2025-03-28T05:18:05.095+0000] {logging_mixin.py:190} INFO - [2025-03-28T05:18:05.094+0000] {dagbag.py:588} INFO - Filling up the DagBag from /opt/airflow/dags/env/Scripts/pyrsa-priv2pub.exe
[2025-03-28T05:18:05.108+0000] {logging_mixin.py:190} INFO - [2025-03-28T05:18:05.108+0000] {dagbag.py:435} INFO - File /opt/airflow/dags/env/Scripts/pyrsa-priv2pub.exe:__main__.py assumed to contain no DAGs. Skipping.
[2025-03-28T05:18:05.109+0000] {processor.py:927} WARNING - No viable dags retrieved from /opt/airflow/dags/env/Scripts/pyrsa-priv2pub.exe
[2025-03-28T05:18:05.132+0000] {processor.py:208} INFO - Processing /opt/airflow/dags/env/Scripts/pyrsa-priv2pub.exe took 0.054 seconds
[2025-03-28T05:23:28.111+0000] {processor.py:186} INFO - Started process (PID=431) to work on /opt/airflow/dags/env/Scripts/pyrsa-priv2pub.exe
[2025-03-28T05:23:28.112+0000] {processor.py:914} INFO - Processing file /opt/airflow/dags/env/Scripts/pyrsa-priv2pub.exe for tasks to queue
[2025-03-28T05:23:28.115+0000] {logging_mixin.py:190} INFO - [2025-03-28T05:23:28.115+0000] {dagbag.py:588} INFO - Filling up the DagBag from /opt/airflow/dags/env/Scripts/pyrsa-priv2pub.exe
[2025-03-28T05:23:28.126+0000] {logging_mixin.py:190} INFO - [2025-03-28T05:23:28.126+0000] {dagbag.py:435} INFO - File /opt/airflow/dags/env/Scripts/pyrsa-priv2pub.exe:__main__.py assumed to contain no DAGs. Skipping.
[2025-03-28T05:23:28.127+0000] {processor.py:927} WARNING - No viable dags retrieved from /opt/airflow/dags/env/Scripts/pyrsa-priv2pub.exe
[2025-03-28T05:23:28.148+0000] {processor.py:208} INFO - Processing /opt/airflow/dags/env/Scripts/pyrsa-priv2pub.exe took 0.048 seconds
[2025-03-28T05:35:01.863+0000] {processor.py:186} INFO - Started process (PID=459) to work on /opt/airflow/dags/env/Scripts/pyrsa-priv2pub.exe
[2025-03-28T05:35:01.865+0000] {processor.py:914} INFO - Processing file /opt/airflow/dags/env/Scripts/pyrsa-priv2pub.exe for tasks to queue
[2025-03-28T05:35:01.870+0000] {logging_mixin.py:190} INFO - [2025-03-28T05:35:01.869+0000] {dagbag.py:588} INFO - Filling up the DagBag from /opt/airflow/dags/env/Scripts/pyrsa-priv2pub.exe
[2025-03-28T05:35:01.885+0000] {logging_mixin.py:190} INFO - [2025-03-28T05:35:01.885+0000] {dagbag.py:435} INFO - File /opt/airflow/dags/env/Scripts/pyrsa-priv2pub.exe:__main__.py assumed to contain no DAGs. Skipping.
[2025-03-28T05:35:01.887+0000] {processor.py:927} WARNING - No viable dags retrieved from /opt/airflow/dags/env/Scripts/pyrsa-priv2pub.exe
[2025-03-28T05:35:01.917+0000] {processor.py:208} INFO - Processing /opt/airflow/dags/env/Scripts/pyrsa-priv2pub.exe took 0.074 seconds
[2025-03-28T05:44:57.659+0000] {processor.py:186} INFO - Started process (PID=498) to work on /opt/airflow/dags/env/Scripts/pyrsa-priv2pub.exe
[2025-03-28T05:44:57.661+0000] {processor.py:914} INFO - Processing file /opt/airflow/dags/env/Scripts/pyrsa-priv2pub.exe for tasks to queue
[2025-03-28T05:44:57.665+0000] {logging_mixin.py:190} INFO - [2025-03-28T05:44:57.664+0000] {dagbag.py:588} INFO - Filling up the DagBag from /opt/airflow/dags/env/Scripts/pyrsa-priv2pub.exe
[2025-03-28T05:44:57.683+0000] {logging_mixin.py:190} INFO - [2025-03-28T05:44:57.683+0000] {dagbag.py:435} INFO - File /opt/airflow/dags/env/Scripts/pyrsa-priv2pub.exe:__main__.py assumed to contain no DAGs. Skipping.
[2025-03-28T05:44:57.685+0000] {processor.py:927} WARNING - No viable dags retrieved from /opt/airflow/dags/env/Scripts/pyrsa-priv2pub.exe
[2025-03-28T05:44:57.721+0000] {processor.py:208} INFO - Processing /opt/airflow/dags/env/Scripts/pyrsa-priv2pub.exe took 0.078 seconds
[2025-03-28T06:00:32.655+0000] {processor.py:186} INFO - Started process (PID=644) to work on /opt/airflow/dags/env/Scripts/pyrsa-priv2pub.exe
[2025-03-28T06:00:32.657+0000] {processor.py:914} INFO - Processing file /opt/airflow/dags/env/Scripts/pyrsa-priv2pub.exe for tasks to queue
[2025-03-28T06:00:32.660+0000] {logging_mixin.py:190} INFO - [2025-03-28T06:00:32.659+0000] {dagbag.py:588} INFO - Filling up the DagBag from /opt/airflow/dags/env/Scripts/pyrsa-priv2pub.exe
[2025-03-28T06:00:32.677+0000] {logging_mixin.py:190} INFO - [2025-03-28T06:00:32.677+0000] {dagbag.py:435} INFO - File /opt/airflow/dags/env/Scripts/pyrsa-priv2pub.exe:__main__.py assumed to contain no DAGs. Skipping.
[2025-03-28T06:00:32.678+0000] {processor.py:927} WARNING - No viable dags retrieved from /opt/airflow/dags/env/Scripts/pyrsa-priv2pub.exe
[2025-03-28T06:00:32.707+0000] {processor.py:208} INFO - Processing /opt/airflow/dags/env/Scripts/pyrsa-priv2pub.exe took 0.068 seconds
[2025-03-28T06:10:41.471+0000] {processor.py:186} INFO - Started process (PID=676) to work on /opt/airflow/dags/env/Scripts/pyrsa-priv2pub.exe
[2025-03-28T06:10:41.473+0000] {processor.py:914} INFO - Processing file /opt/airflow/dags/env/Scripts/pyrsa-priv2pub.exe for tasks to queue
[2025-03-28T06:10:41.477+0000] {logging_mixin.py:190} INFO - [2025-03-28T06:10:41.476+0000] {dagbag.py:588} INFO - Filling up the DagBag from /opt/airflow/dags/env/Scripts/pyrsa-priv2pub.exe
[2025-03-28T06:10:41.503+0000] {logging_mixin.py:190} INFO - [2025-03-28T06:10:41.503+0000] {dagbag.py:435} INFO - File /opt/airflow/dags/env/Scripts/pyrsa-priv2pub.exe:__main__.py assumed to contain no DAGs. Skipping.
[2025-03-28T06:10:41.506+0000] {processor.py:927} WARNING - No viable dags retrieved from /opt/airflow/dags/env/Scripts/pyrsa-priv2pub.exe
[2025-03-28T06:10:41.559+0000] {processor.py:208} INFO - Processing /opt/airflow/dags/env/Scripts/pyrsa-priv2pub.exe took 0.113 seconds
[2025-03-28T06:26:33.677+0000] {processor.py:186} INFO - Started process (PID=842) to work on /opt/airflow/dags/env/Scripts/pyrsa-priv2pub.exe
[2025-03-28T06:26:33.678+0000] {processor.py:914} INFO - Processing file /opt/airflow/dags/env/Scripts/pyrsa-priv2pub.exe for tasks to queue
[2025-03-28T06:26:33.680+0000] {logging_mixin.py:190} INFO - [2025-03-28T06:26:33.680+0000] {dagbag.py:588} INFO - Filling up the DagBag from /opt/airflow/dags/env/Scripts/pyrsa-priv2pub.exe
[2025-03-28T06:26:33.693+0000] {logging_mixin.py:190} INFO - [2025-03-28T06:26:33.693+0000] {dagbag.py:435} INFO - File /opt/airflow/dags/env/Scripts/pyrsa-priv2pub.exe:__main__.py assumed to contain no DAGs. Skipping.
[2025-03-28T06:26:33.694+0000] {processor.py:927} WARNING - No viable dags retrieved from /opt/airflow/dags/env/Scripts/pyrsa-priv2pub.exe
[2025-03-28T06:26:33.719+0000] {processor.py:208} INFO - Processing /opt/airflow/dags/env/Scripts/pyrsa-priv2pub.exe took 0.056 seconds
[2025-03-28T06:47:26.289+0000] {processor.py:186} INFO - Started process (PID=958) to work on /opt/airflow/dags/env/Scripts/pyrsa-priv2pub.exe
[2025-03-28T06:47:26.291+0000] {processor.py:914} INFO - Processing file /opt/airflow/dags/env/Scripts/pyrsa-priv2pub.exe for tasks to queue
[2025-03-28T06:47:26.293+0000] {logging_mixin.py:190} INFO - [2025-03-28T06:47:26.292+0000] {dagbag.py:588} INFO - Filling up the DagBag from /opt/airflow/dags/env/Scripts/pyrsa-priv2pub.exe
[2025-03-28T06:47:26.306+0000] {logging_mixin.py:190} INFO - [2025-03-28T06:47:26.306+0000] {dagbag.py:435} INFO - File /opt/airflow/dags/env/Scripts/pyrsa-priv2pub.exe:__main__.py assumed to contain no DAGs. Skipping.
[2025-03-28T06:47:26.307+0000] {processor.py:927} WARNING - No viable dags retrieved from /opt/airflow/dags/env/Scripts/pyrsa-priv2pub.exe
[2025-03-28T06:47:26.331+0000] {processor.py:208} INFO - Processing /opt/airflow/dags/env/Scripts/pyrsa-priv2pub.exe took 0.056 seconds
[2025-03-28T07:38:21.794+0000] {processor.py:186} INFO - Started process (PID=1217) to work on /opt/airflow/dags/env/Scripts/pyrsa-priv2pub.exe
[2025-03-28T07:38:21.797+0000] {processor.py:914} INFO - Processing file /opt/airflow/dags/env/Scripts/pyrsa-priv2pub.exe for tasks to queue
[2025-03-28T07:38:21.810+0000] {logging_mixin.py:190} INFO - [2025-03-28T07:38:21.808+0000] {dagbag.py:588} INFO - Filling up the DagBag from /opt/airflow/dags/env/Scripts/pyrsa-priv2pub.exe
[2025-03-28T07:38:21.848+0000] {logging_mixin.py:190} INFO - [2025-03-28T07:38:21.847+0000] {dagbag.py:435} INFO - File /opt/airflow/dags/env/Scripts/pyrsa-priv2pub.exe:__main__.py assumed to contain no DAGs. Skipping.
[2025-03-28T07:38:21.850+0000] {processor.py:927} WARNING - No viable dags retrieved from /opt/airflow/dags/env/Scripts/pyrsa-priv2pub.exe
[2025-03-28T07:38:21.939+0000] {processor.py:208} INFO - Processing /opt/airflow/dags/env/Scripts/pyrsa-priv2pub.exe took 0.220 seconds
[2025-03-28T08:47:42.273+0000] {processor.py:186} INFO - Started process (PID=1260) to work on /opt/airflow/dags/env/Scripts/pyrsa-priv2pub.exe
[2025-03-28T08:47:42.275+0000] {processor.py:914} INFO - Processing file /opt/airflow/dags/env/Scripts/pyrsa-priv2pub.exe for tasks to queue
[2025-03-28T08:47:42.277+0000] {logging_mixin.py:190} INFO - [2025-03-28T08:47:42.276+0000] {dagbag.py:588} INFO - Filling up the DagBag from /opt/airflow/dags/env/Scripts/pyrsa-priv2pub.exe
[2025-03-28T08:47:42.291+0000] {logging_mixin.py:190} INFO - [2025-03-28T08:47:42.291+0000] {dagbag.py:435} INFO - File /opt/airflow/dags/env/Scripts/pyrsa-priv2pub.exe:__main__.py assumed to contain no DAGs. Skipping.
[2025-03-28T08:47:42.292+0000] {processor.py:927} WARNING - No viable dags retrieved from /opt/airflow/dags/env/Scripts/pyrsa-priv2pub.exe
[2025-03-28T08:47:42.317+0000] {processor.py:208} INFO - Processing /opt/airflow/dags/env/Scripts/pyrsa-priv2pub.exe took 0.056 seconds
[2025-03-28T09:26:50.393+0000] {processor.py:186} INFO - Started process (PID=1437) to work on /opt/airflow/dags/env/Scripts/pyrsa-priv2pub.exe
[2025-03-28T09:26:50.395+0000] {processor.py:914} INFO - Processing file /opt/airflow/dags/env/Scripts/pyrsa-priv2pub.exe for tasks to queue
[2025-03-28T09:26:50.408+0000] {logging_mixin.py:190} INFO - [2025-03-28T09:26:50.407+0000] {dagbag.py:588} INFO - Filling up the DagBag from /opt/airflow/dags/env/Scripts/pyrsa-priv2pub.exe
[2025-03-28T09:26:50.432+0000] {logging_mixin.py:190} INFO - [2025-03-28T09:26:50.431+0000] {dagbag.py:435} INFO - File /opt/airflow/dags/env/Scripts/pyrsa-priv2pub.exe:__main__.py assumed to contain no DAGs. Skipping.
[2025-03-28T09:26:50.434+0000] {processor.py:927} WARNING - No viable dags retrieved from /opt/airflow/dags/env/Scripts/pyrsa-priv2pub.exe
[2025-03-28T09:26:50.506+0000] {processor.py:208} INFO - Processing /opt/airflow/dags/env/Scripts/pyrsa-priv2pub.exe took 0.165 seconds
[2025-03-28T09:31:20.385+0000] {processor.py:186} INFO - Started process (PID=1461) to work on /opt/airflow/dags/env/Scripts/pyrsa-priv2pub.exe
[2025-03-28T09:31:20.387+0000] {processor.py:914} INFO - Processing file /opt/airflow/dags/env/Scripts/pyrsa-priv2pub.exe for tasks to queue
[2025-03-28T09:31:20.391+0000] {logging_mixin.py:190} INFO - [2025-03-28T09:31:20.390+0000] {dagbag.py:588} INFO - Filling up the DagBag from /opt/airflow/dags/env/Scripts/pyrsa-priv2pub.exe
[2025-03-28T09:31:20.408+0000] {logging_mixin.py:190} INFO - [2025-03-28T09:31:20.408+0000] {dagbag.py:435} INFO - File /opt/airflow/dags/env/Scripts/pyrsa-priv2pub.exe:__main__.py assumed to contain no DAGs. Skipping.
[2025-03-28T09:31:20.410+0000] {processor.py:927} WARNING - No viable dags retrieved from /opt/airflow/dags/env/Scripts/pyrsa-priv2pub.exe
[2025-03-28T09:31:20.462+0000] {processor.py:208} INFO - Processing /opt/airflow/dags/env/Scripts/pyrsa-priv2pub.exe took 0.099 seconds
[2025-03-28T09:41:55.091+0000] {processor.py:186} INFO - Started process (PID=1487) to work on /opt/airflow/dags/env/Scripts/pyrsa-priv2pub.exe
[2025-03-28T09:41:55.092+0000] {processor.py:914} INFO - Processing file /opt/airflow/dags/env/Scripts/pyrsa-priv2pub.exe for tasks to queue
[2025-03-28T09:41:55.094+0000] {logging_mixin.py:190} INFO - [2025-03-28T09:41:55.093+0000] {dagbag.py:588} INFO - Filling up the DagBag from /opt/airflow/dags/env/Scripts/pyrsa-priv2pub.exe
[2025-03-28T09:41:55.108+0000] {logging_mixin.py:190} INFO - [2025-03-28T09:41:55.107+0000] {dagbag.py:435} INFO - File /opt/airflow/dags/env/Scripts/pyrsa-priv2pub.exe:__main__.py assumed to contain no DAGs. Skipping.
[2025-03-28T09:41:55.109+0000] {processor.py:927} WARNING - No viable dags retrieved from /opt/airflow/dags/env/Scripts/pyrsa-priv2pub.exe
[2025-03-28T09:41:55.131+0000] {processor.py:208} INFO - Processing /opt/airflow/dags/env/Scripts/pyrsa-priv2pub.exe took 0.053 seconds
[2025-03-28T09:42:26.345+0000] {processor.py:186} INFO - Started process (PID=1511) to work on /opt/airflow/dags/env/Scripts/pyrsa-priv2pub.exe
[2025-03-28T09:42:26.347+0000] {processor.py:914} INFO - Processing file /opt/airflow/dags/env/Scripts/pyrsa-priv2pub.exe for tasks to queue
[2025-03-28T09:42:26.351+0000] {logging_mixin.py:190} INFO - [2025-03-28T09:42:26.350+0000] {dagbag.py:588} INFO - Filling up the DagBag from /opt/airflow/dags/env/Scripts/pyrsa-priv2pub.exe
[2025-03-28T09:42:26.375+0000] {logging_mixin.py:190} INFO - [2025-03-28T09:42:26.374+0000] {dagbag.py:435} INFO - File /opt/airflow/dags/env/Scripts/pyrsa-priv2pub.exe:__main__.py assumed to contain no DAGs. Skipping.
[2025-03-28T09:42:26.377+0000] {processor.py:927} WARNING - No viable dags retrieved from /opt/airflow/dags/env/Scripts/pyrsa-priv2pub.exe
[2025-03-28T09:42:26.418+0000] {processor.py:208} INFO - Processing /opt/airflow/dags/env/Scripts/pyrsa-priv2pub.exe took 0.099 seconds
[2025-03-28T09:47:11.641+0000] {processor.py:186} INFO - Started process (PID=1523) to work on /opt/airflow/dags/env/Scripts/pyrsa-priv2pub.exe
[2025-03-28T09:47:11.643+0000] {processor.py:914} INFO - Processing file /opt/airflow/dags/env/Scripts/pyrsa-priv2pub.exe for tasks to queue
[2025-03-28T09:47:11.645+0000] {logging_mixin.py:190} INFO - [2025-03-28T09:47:11.645+0000] {dagbag.py:588} INFO - Filling up the DagBag from /opt/airflow/dags/env/Scripts/pyrsa-priv2pub.exe
[2025-03-28T09:47:11.663+0000] {logging_mixin.py:190} INFO - [2025-03-28T09:47:11.662+0000] {dagbag.py:435} INFO - File /opt/airflow/dags/env/Scripts/pyrsa-priv2pub.exe:__main__.py assumed to contain no DAGs. Skipping.
[2025-03-28T09:47:11.664+0000] {processor.py:927} WARNING - No viable dags retrieved from /opt/airflow/dags/env/Scripts/pyrsa-priv2pub.exe
[2025-03-28T09:47:11.692+0000] {processor.py:208} INFO - Processing /opt/airflow/dags/env/Scripts/pyrsa-priv2pub.exe took 0.069 seconds
[2025-03-28T09:52:17.862+0000] {processor.py:186} INFO - Started process (PID=1551) to work on /opt/airflow/dags/env/Scripts/pyrsa-priv2pub.exe
[2025-03-28T09:52:17.864+0000] {processor.py:914} INFO - Processing file /opt/airflow/dags/env/Scripts/pyrsa-priv2pub.exe for tasks to queue
[2025-03-28T09:52:17.867+0000] {logging_mixin.py:190} INFO - [2025-03-28T09:52:17.866+0000] {dagbag.py:588} INFO - Filling up the DagBag from /opt/airflow/dags/env/Scripts/pyrsa-priv2pub.exe
[2025-03-28T09:52:17.900+0000] {logging_mixin.py:190} INFO - [2025-03-28T09:52:17.899+0000] {dagbag.py:435} INFO - File /opt/airflow/dags/env/Scripts/pyrsa-priv2pub.exe:__main__.py assumed to contain no DAGs. Skipping.
[2025-03-28T09:52:17.905+0000] {processor.py:927} WARNING - No viable dags retrieved from /opt/airflow/dags/env/Scripts/pyrsa-priv2pub.exe
[2025-03-28T09:52:17.963+0000] {processor.py:208} INFO - Processing /opt/airflow/dags/env/Scripts/pyrsa-priv2pub.exe took 0.134 seconds
[2025-03-28T10:09:01.441+0000] {processor.py:186} INFO - Started process (PID=1576) to work on /opt/airflow/dags/env/Scripts/pyrsa-priv2pub.exe
[2025-03-28T10:09:01.442+0000] {processor.py:914} INFO - Processing file /opt/airflow/dags/env/Scripts/pyrsa-priv2pub.exe for tasks to queue
[2025-03-28T10:09:01.444+0000] {logging_mixin.py:190} INFO - [2025-03-28T10:09:01.443+0000] {dagbag.py:588} INFO - Filling up the DagBag from /opt/airflow/dags/env/Scripts/pyrsa-priv2pub.exe
[2025-03-28T10:09:01.455+0000] {logging_mixin.py:190} INFO - [2025-03-28T10:09:01.455+0000] {dagbag.py:435} INFO - File /opt/airflow/dags/env/Scripts/pyrsa-priv2pub.exe:__main__.py assumed to contain no DAGs. Skipping.
[2025-03-28T10:09:01.456+0000] {processor.py:927} WARNING - No viable dags retrieved from /opt/airflow/dags/env/Scripts/pyrsa-priv2pub.exe
[2025-03-28T10:09:01.482+0000] {processor.py:208} INFO - Processing /opt/airflow/dags/env/Scripts/pyrsa-priv2pub.exe took 0.053 seconds
[2025-03-28T10:09:32.185+0000] {processor.py:186} INFO - Started process (PID=1601) to work on /opt/airflow/dags/env/Scripts/pyrsa-priv2pub.exe
[2025-03-28T10:09:32.186+0000] {processor.py:914} INFO - Processing file /opt/airflow/dags/env/Scripts/pyrsa-priv2pub.exe for tasks to queue
[2025-03-28T10:09:32.188+0000] {logging_mixin.py:190} INFO - [2025-03-28T10:09:32.188+0000] {dagbag.py:588} INFO - Filling up the DagBag from /opt/airflow/dags/env/Scripts/pyrsa-priv2pub.exe
[2025-03-28T10:09:32.204+0000] {logging_mixin.py:190} INFO - [2025-03-28T10:09:32.204+0000] {dagbag.py:435} INFO - File /opt/airflow/dags/env/Scripts/pyrsa-priv2pub.exe:__main__.py assumed to contain no DAGs. Skipping.
[2025-03-28T10:09:32.205+0000] {processor.py:927} WARNING - No viable dags retrieved from /opt/airflow/dags/env/Scripts/pyrsa-priv2pub.exe
[2025-03-28T10:09:32.236+0000] {processor.py:208} INFO - Processing /opt/airflow/dags/env/Scripts/pyrsa-priv2pub.exe took 0.068 seconds
[2025-03-28T10:26:54.895+0000] {processor.py:186} INFO - Started process (PID=1625) to work on /opt/airflow/dags/env/Scripts/pyrsa-priv2pub.exe
[2025-03-28T10:26:54.897+0000] {processor.py:914} INFO - Processing file /opt/airflow/dags/env/Scripts/pyrsa-priv2pub.exe for tasks to queue
[2025-03-28T10:26:54.900+0000] {logging_mixin.py:190} INFO - [2025-03-28T10:26:54.899+0000] {dagbag.py:588} INFO - Filling up the DagBag from /opt/airflow/dags/env/Scripts/pyrsa-priv2pub.exe
[2025-03-28T10:26:54.917+0000] {logging_mixin.py:190} INFO - [2025-03-28T10:26:54.916+0000] {dagbag.py:435} INFO - File /opt/airflow/dags/env/Scripts/pyrsa-priv2pub.exe:__main__.py assumed to contain no DAGs. Skipping.
[2025-03-28T10:26:54.918+0000] {processor.py:927} WARNING - No viable dags retrieved from /opt/airflow/dags/env/Scripts/pyrsa-priv2pub.exe
[2025-03-28T10:26:54.948+0000] {processor.py:208} INFO - Processing /opt/airflow/dags/env/Scripts/pyrsa-priv2pub.exe took 0.069 seconds
[2025-03-28T10:31:17.429+0000] {processor.py:186} INFO - Started process (PID=1651) to work on /opt/airflow/dags/env/Scripts/pyrsa-priv2pub.exe
[2025-03-28T10:31:17.431+0000] {processor.py:914} INFO - Processing file /opt/airflow/dags/env/Scripts/pyrsa-priv2pub.exe for tasks to queue
[2025-03-28T10:31:17.433+0000] {logging_mixin.py:190} INFO - [2025-03-28T10:31:17.433+0000] {dagbag.py:588} INFO - Filling up the DagBag from /opt/airflow/dags/env/Scripts/pyrsa-priv2pub.exe
[2025-03-28T10:31:17.454+0000] {logging_mixin.py:190} INFO - [2025-03-28T10:31:17.453+0000] {dagbag.py:435} INFO - File /opt/airflow/dags/env/Scripts/pyrsa-priv2pub.exe:__main__.py assumed to contain no DAGs. Skipping.
[2025-03-28T10:31:17.455+0000] {processor.py:927} WARNING - No viable dags retrieved from /opt/airflow/dags/env/Scripts/pyrsa-priv2pub.exe
[2025-03-28T10:31:17.493+0000] {processor.py:208} INFO - Processing /opt/airflow/dags/env/Scripts/pyrsa-priv2pub.exe took 0.085 seconds
[2025-03-28T10:31:49.530+0000] {processor.py:186} INFO - Started process (PID=1675) to work on /opt/airflow/dags/env/Scripts/pyrsa-priv2pub.exe
[2025-03-28T10:31:49.531+0000] {processor.py:914} INFO - Processing file /opt/airflow/dags/env/Scripts/pyrsa-priv2pub.exe for tasks to queue
[2025-03-28T10:31:49.535+0000] {logging_mixin.py:190} INFO - [2025-03-28T10:31:49.534+0000] {dagbag.py:588} INFO - Filling up the DagBag from /opt/airflow/dags/env/Scripts/pyrsa-priv2pub.exe
[2025-03-28T10:31:49.549+0000] {logging_mixin.py:190} INFO - [2025-03-28T10:31:49.549+0000] {dagbag.py:435} INFO - File /opt/airflow/dags/env/Scripts/pyrsa-priv2pub.exe:__main__.py assumed to contain no DAGs. Skipping.
[2025-03-28T10:31:49.550+0000] {processor.py:927} WARNING - No viable dags retrieved from /opt/airflow/dags/env/Scripts/pyrsa-priv2pub.exe
[2025-03-28T10:31:49.592+0000] {processor.py:208} INFO - Processing /opt/airflow/dags/env/Scripts/pyrsa-priv2pub.exe took 0.084 seconds
[2025-03-28T10:36:32.204+0000] {processor.py:186} INFO - Started process (PID=1705) to work on /opt/airflow/dags/env/Scripts/pyrsa-priv2pub.exe
[2025-03-28T10:36:32.206+0000] {processor.py:914} INFO - Processing file /opt/airflow/dags/env/Scripts/pyrsa-priv2pub.exe for tasks to queue
[2025-03-28T10:36:32.211+0000] {logging_mixin.py:190} INFO - [2025-03-28T10:36:32.209+0000] {dagbag.py:588} INFO - Filling up the DagBag from /opt/airflow/dags/env/Scripts/pyrsa-priv2pub.exe
[2025-03-28T10:36:32.240+0000] {logging_mixin.py:190} INFO - [2025-03-28T10:36:32.239+0000] {dagbag.py:435} INFO - File /opt/airflow/dags/env/Scripts/pyrsa-priv2pub.exe:__main__.py assumed to contain no DAGs. Skipping.
[2025-03-28T10:36:32.242+0000] {processor.py:927} WARNING - No viable dags retrieved from /opt/airflow/dags/env/Scripts/pyrsa-priv2pub.exe
[2025-03-28T10:36:32.296+0000] {processor.py:208} INFO - Processing /opt/airflow/dags/env/Scripts/pyrsa-priv2pub.exe took 0.149 seconds
[2025-03-28T10:37:03.200+0000] {processor.py:186} INFO - Started process (PID=1729) to work on /opt/airflow/dags/env/Scripts/pyrsa-priv2pub.exe
[2025-03-28T10:37:03.202+0000] {processor.py:914} INFO - Processing file /opt/airflow/dags/env/Scripts/pyrsa-priv2pub.exe for tasks to queue
[2025-03-28T10:37:03.204+0000] {logging_mixin.py:190} INFO - [2025-03-28T10:37:03.204+0000] {dagbag.py:588} INFO - Filling up the DagBag from /opt/airflow/dags/env/Scripts/pyrsa-priv2pub.exe
[2025-03-28T10:37:03.228+0000] {logging_mixin.py:190} INFO - [2025-03-28T10:37:03.228+0000] {dagbag.py:435} INFO - File /opt/airflow/dags/env/Scripts/pyrsa-priv2pub.exe:__main__.py assumed to contain no DAGs. Skipping.
[2025-03-28T10:37:03.230+0000] {processor.py:927} WARNING - No viable dags retrieved from /opt/airflow/dags/env/Scripts/pyrsa-priv2pub.exe
[2025-03-28T10:37:03.283+0000] {processor.py:208} INFO - Processing /opt/airflow/dags/env/Scripts/pyrsa-priv2pub.exe took 0.108 seconds
[2025-03-28T11:48:15.582+0000] {processor.py:186} INFO - Started process (PID=1749) to work on /opt/airflow/dags/env/Scripts/pyrsa-priv2pub.exe
[2025-03-28T11:48:15.583+0000] {processor.py:914} INFO - Processing file /opt/airflow/dags/env/Scripts/pyrsa-priv2pub.exe for tasks to queue
[2025-03-28T11:48:15.587+0000] {logging_mixin.py:190} INFO - [2025-03-28T11:48:15.586+0000] {dagbag.py:588} INFO - Filling up the DagBag from /opt/airflow/dags/env/Scripts/pyrsa-priv2pub.exe
[2025-03-28T11:48:15.601+0000] {logging_mixin.py:190} INFO - [2025-03-28T11:48:15.601+0000] {dagbag.py:435} INFO - File /opt/airflow/dags/env/Scripts/pyrsa-priv2pub.exe:__main__.py assumed to contain no DAGs. Skipping.
[2025-03-28T11:48:15.602+0000] {processor.py:927} WARNING - No viable dags retrieved from /opt/airflow/dags/env/Scripts/pyrsa-priv2pub.exe
[2025-03-28T11:48:15.626+0000] {processor.py:208} INFO - Processing /opt/airflow/dags/env/Scripts/pyrsa-priv2pub.exe took 0.063 seconds
[2025-03-28T11:52:51.271+0000] {processor.py:186} INFO - Started process (PID=1774) to work on /opt/airflow/dags/env/Scripts/pyrsa-priv2pub.exe
[2025-03-28T11:52:51.285+0000] {processor.py:914} INFO - Processing file /opt/airflow/dags/env/Scripts/pyrsa-priv2pub.exe for tasks to queue
[2025-03-28T11:52:51.304+0000] {logging_mixin.py:190} INFO - [2025-03-28T11:52:51.303+0000] {dagbag.py:588} INFO - Filling up the DagBag from /opt/airflow/dags/env/Scripts/pyrsa-priv2pub.exe
[2025-03-28T11:52:52.519+0000] {logging_mixin.py:190} INFO - [2025-03-28T11:52:52.519+0000] {dagbag.py:435} INFO - File /opt/airflow/dags/env/Scripts/pyrsa-priv2pub.exe:__main__.py assumed to contain no DAGs. Skipping.
[2025-03-28T11:52:52.665+0000] {processor.py:927} WARNING - No viable dags retrieved from /opt/airflow/dags/env/Scripts/pyrsa-priv2pub.exe
[2025-03-28T11:52:53.759+0000] {processor.py:208} INFO - Processing /opt/airflow/dags/env/Scripts/pyrsa-priv2pub.exe took 2.529 seconds
[2025-03-28T12:52:03.920+0000] {processor.py:186} INFO - Started process (PID=1797) to work on /opt/airflow/dags/env/Scripts/pyrsa-priv2pub.exe
[2025-03-28T12:52:03.922+0000] {processor.py:914} INFO - Processing file /opt/airflow/dags/env/Scripts/pyrsa-priv2pub.exe for tasks to queue
[2025-03-28T12:52:03.924+0000] {logging_mixin.py:190} INFO - [2025-03-28T12:52:03.924+0000] {dagbag.py:588} INFO - Filling up the DagBag from /opt/airflow/dags/env/Scripts/pyrsa-priv2pub.exe
[2025-03-28T12:52:03.939+0000] {logging_mixin.py:190} INFO - [2025-03-28T12:52:03.938+0000] {dagbag.py:435} INFO - File /opt/airflow/dags/env/Scripts/pyrsa-priv2pub.exe:__main__.py assumed to contain no DAGs. Skipping.
[2025-03-28T12:52:03.940+0000] {processor.py:927} WARNING - No viable dags retrieved from /opt/airflow/dags/env/Scripts/pyrsa-priv2pub.exe
[2025-03-28T12:52:03.968+0000] {processor.py:208} INFO - Processing /opt/airflow/dags/env/Scripts/pyrsa-priv2pub.exe took 0.066 seconds
[2025-03-28T12:52:34.553+0000] {processor.py:186} INFO - Started process (PID=1821) to work on /opt/airflow/dags/env/Scripts/pyrsa-priv2pub.exe
[2025-03-28T12:52:34.554+0000] {processor.py:914} INFO - Processing file /opt/airflow/dags/env/Scripts/pyrsa-priv2pub.exe for tasks to queue
[2025-03-28T12:52:34.556+0000] {logging_mixin.py:190} INFO - [2025-03-28T12:52:34.555+0000] {dagbag.py:588} INFO - Filling up the DagBag from /opt/airflow/dags/env/Scripts/pyrsa-priv2pub.exe
[2025-03-28T12:52:34.567+0000] {logging_mixin.py:190} INFO - [2025-03-28T12:52:34.567+0000] {dagbag.py:435} INFO - File /opt/airflow/dags/env/Scripts/pyrsa-priv2pub.exe:__main__.py assumed to contain no DAGs. Skipping.
[2025-03-28T12:52:34.568+0000] {processor.py:927} WARNING - No viable dags retrieved from /opt/airflow/dags/env/Scripts/pyrsa-priv2pub.exe
[2025-03-28T12:52:34.591+0000] {processor.py:208} INFO - Processing /opt/airflow/dags/env/Scripts/pyrsa-priv2pub.exe took 0.054 seconds
[2025-03-28T12:56:57.481+0000] {processor.py:186} INFO - Started process (PID=1847) to work on /opt/airflow/dags/env/Scripts/pyrsa-priv2pub.exe
[2025-03-28T12:56:57.483+0000] {processor.py:914} INFO - Processing file /opt/airflow/dags/env/Scripts/pyrsa-priv2pub.exe for tasks to queue
[2025-03-28T12:56:57.485+0000] {logging_mixin.py:190} INFO - [2025-03-28T12:56:57.484+0000] {dagbag.py:588} INFO - Filling up the DagBag from /opt/airflow/dags/env/Scripts/pyrsa-priv2pub.exe
[2025-03-28T12:56:57.497+0000] {logging_mixin.py:190} INFO - [2025-03-28T12:56:57.497+0000] {dagbag.py:435} INFO - File /opt/airflow/dags/env/Scripts/pyrsa-priv2pub.exe:__main__.py assumed to contain no DAGs. Skipping.
[2025-03-28T12:56:57.498+0000] {processor.py:927} WARNING - No viable dags retrieved from /opt/airflow/dags/env/Scripts/pyrsa-priv2pub.exe
[2025-03-28T12:56:57.520+0000] {processor.py:208} INFO - Processing /opt/airflow/dags/env/Scripts/pyrsa-priv2pub.exe took 0.053 seconds
[2025-03-28T12:57:28.444+0000] {processor.py:186} INFO - Started process (PID=1871) to work on /opt/airflow/dags/env/Scripts/pyrsa-priv2pub.exe
[2025-03-28T12:57:28.445+0000] {processor.py:914} INFO - Processing file /opt/airflow/dags/env/Scripts/pyrsa-priv2pub.exe for tasks to queue
[2025-03-28T12:57:28.447+0000] {logging_mixin.py:190} INFO - [2025-03-28T12:57:28.446+0000] {dagbag.py:588} INFO - Filling up the DagBag from /opt/airflow/dags/env/Scripts/pyrsa-priv2pub.exe
[2025-03-28T12:57:28.459+0000] {logging_mixin.py:190} INFO - [2025-03-28T12:57:28.459+0000] {dagbag.py:435} INFO - File /opt/airflow/dags/env/Scripts/pyrsa-priv2pub.exe:__main__.py assumed to contain no DAGs. Skipping.
[2025-03-28T12:57:28.460+0000] {processor.py:927} WARNING - No viable dags retrieved from /opt/airflow/dags/env/Scripts/pyrsa-priv2pub.exe
[2025-03-28T12:57:28.482+0000] {processor.py:208} INFO - Processing /opt/airflow/dags/env/Scripts/pyrsa-priv2pub.exe took 0.050 seconds
[2025-03-28T13:01:59.174+0000] {processor.py:186} INFO - Started process (PID=1900) to work on /opt/airflow/dags/env/Scripts/pyrsa-priv2pub.exe
[2025-03-28T13:01:59.175+0000] {processor.py:914} INFO - Processing file /opt/airflow/dags/env/Scripts/pyrsa-priv2pub.exe for tasks to queue
[2025-03-28T13:01:59.177+0000] {logging_mixin.py:190} INFO - [2025-03-28T13:01:59.176+0000] {dagbag.py:588} INFO - Filling up the DagBag from /opt/airflow/dags/env/Scripts/pyrsa-priv2pub.exe
[2025-03-28T13:01:59.190+0000] {logging_mixin.py:190} INFO - [2025-03-28T13:01:59.190+0000] {dagbag.py:435} INFO - File /opt/airflow/dags/env/Scripts/pyrsa-priv2pub.exe:__main__.py assumed to contain no DAGs. Skipping.
[2025-03-28T13:01:59.191+0000] {processor.py:927} WARNING - No viable dags retrieved from /opt/airflow/dags/env/Scripts/pyrsa-priv2pub.exe
[2025-03-28T13:01:59.214+0000] {processor.py:208} INFO - Processing /opt/airflow/dags/env/Scripts/pyrsa-priv2pub.exe took 0.051 seconds
[2025-03-28T13:02:30.383+0000] {processor.py:186} INFO - Started process (PID=1924) to work on /opt/airflow/dags/env/Scripts/pyrsa-priv2pub.exe
[2025-03-28T13:02:30.385+0000] {processor.py:914} INFO - Processing file /opt/airflow/dags/env/Scripts/pyrsa-priv2pub.exe for tasks to queue
[2025-03-28T13:02:30.386+0000] {logging_mixin.py:190} INFO - [2025-03-28T13:02:30.386+0000] {dagbag.py:588} INFO - Filling up the DagBag from /opt/airflow/dags/env/Scripts/pyrsa-priv2pub.exe
[2025-03-28T13:02:30.401+0000] {logging_mixin.py:190} INFO - [2025-03-28T13:02:30.401+0000] {dagbag.py:435} INFO - File /opt/airflow/dags/env/Scripts/pyrsa-priv2pub.exe:__main__.py assumed to contain no DAGs. Skipping.
[2025-03-28T13:02:30.402+0000] {processor.py:927} WARNING - No viable dags retrieved from /opt/airflow/dags/env/Scripts/pyrsa-priv2pub.exe
[2025-03-28T13:02:30.425+0000] {processor.py:208} INFO - Processing /opt/airflow/dags/env/Scripts/pyrsa-priv2pub.exe took 0.054 seconds
[2025-03-28T13:06:56.051+0000] {processor.py:186} INFO - Started process (PID=1951) to work on /opt/airflow/dags/env/Scripts/pyrsa-priv2pub.exe
[2025-03-28T13:06:56.053+0000] {processor.py:914} INFO - Processing file /opt/airflow/dags/env/Scripts/pyrsa-priv2pub.exe for tasks to queue
[2025-03-28T13:06:56.056+0000] {logging_mixin.py:190} INFO - [2025-03-28T13:06:56.055+0000] {dagbag.py:588} INFO - Filling up the DagBag from /opt/airflow/dags/env/Scripts/pyrsa-priv2pub.exe
[2025-03-28T13:06:56.072+0000] {logging_mixin.py:190} INFO - [2025-03-28T13:06:56.072+0000] {dagbag.py:435} INFO - File /opt/airflow/dags/env/Scripts/pyrsa-priv2pub.exe:__main__.py assumed to contain no DAGs. Skipping.
[2025-03-28T13:06:56.073+0000] {processor.py:927} WARNING - No viable dags retrieved from /opt/airflow/dags/env/Scripts/pyrsa-priv2pub.exe
[2025-03-28T13:06:56.097+0000] {processor.py:208} INFO - Processing /opt/airflow/dags/env/Scripts/pyrsa-priv2pub.exe took 0.064 seconds
[2025-03-28T13:07:27.622+0000] {processor.py:186} INFO - Started process (PID=1975) to work on /opt/airflow/dags/env/Scripts/pyrsa-priv2pub.exe
[2025-03-28T13:07:27.624+0000] {processor.py:914} INFO - Processing file /opt/airflow/dags/env/Scripts/pyrsa-priv2pub.exe for tasks to queue
[2025-03-28T13:07:27.625+0000] {logging_mixin.py:190} INFO - [2025-03-28T13:07:27.625+0000] {dagbag.py:588} INFO - Filling up the DagBag from /opt/airflow/dags/env/Scripts/pyrsa-priv2pub.exe
[2025-03-28T13:07:27.639+0000] {logging_mixin.py:190} INFO - [2025-03-28T13:07:27.639+0000] {dagbag.py:435} INFO - File /opt/airflow/dags/env/Scripts/pyrsa-priv2pub.exe:__main__.py assumed to contain no DAGs. Skipping.
[2025-03-28T13:07:27.640+0000] {processor.py:927} WARNING - No viable dags retrieved from /opt/airflow/dags/env/Scripts/pyrsa-priv2pub.exe
[2025-03-28T13:07:27.660+0000] {processor.py:208} INFO - Processing /opt/airflow/dags/env/Scripts/pyrsa-priv2pub.exe took 0.049 seconds
[2025-03-28T13:11:53.496+0000] {processor.py:186} INFO - Started process (PID=2005) to work on /opt/airflow/dags/env/Scripts/pyrsa-priv2pub.exe
[2025-03-28T13:11:53.497+0000] {processor.py:914} INFO - Processing file /opt/airflow/dags/env/Scripts/pyrsa-priv2pub.exe for tasks to queue
[2025-03-28T13:11:53.499+0000] {logging_mixin.py:190} INFO - [2025-03-28T13:11:53.498+0000] {dagbag.py:588} INFO - Filling up the DagBag from /opt/airflow/dags/env/Scripts/pyrsa-priv2pub.exe
[2025-03-28T13:11:53.511+0000] {logging_mixin.py:190} INFO - [2025-03-28T13:11:53.511+0000] {dagbag.py:435} INFO - File /opt/airflow/dags/env/Scripts/pyrsa-priv2pub.exe:__main__.py assumed to contain no DAGs. Skipping.
[2025-03-28T13:11:53.512+0000] {processor.py:927} WARNING - No viable dags retrieved from /opt/airflow/dags/env/Scripts/pyrsa-priv2pub.exe
[2025-03-28T13:11:53.532+0000] {processor.py:208} INFO - Processing /opt/airflow/dags/env/Scripts/pyrsa-priv2pub.exe took 0.050 seconds
[2025-03-28T13:12:25.146+0000] {processor.py:186} INFO - Started process (PID=2029) to work on /opt/airflow/dags/env/Scripts/pyrsa-priv2pub.exe
[2025-03-28T13:12:25.148+0000] {processor.py:914} INFO - Processing file /opt/airflow/dags/env/Scripts/pyrsa-priv2pub.exe for tasks to queue
[2025-03-28T13:12:25.150+0000] {logging_mixin.py:190} INFO - [2025-03-28T13:12:25.149+0000] {dagbag.py:588} INFO - Filling up the DagBag from /opt/airflow/dags/env/Scripts/pyrsa-priv2pub.exe
[2025-03-28T13:12:25.165+0000] {logging_mixin.py:190} INFO - [2025-03-28T13:12:25.165+0000] {dagbag.py:435} INFO - File /opt/airflow/dags/env/Scripts/pyrsa-priv2pub.exe:__main__.py assumed to contain no DAGs. Skipping.
[2025-03-28T13:12:25.166+0000] {processor.py:927} WARNING - No viable dags retrieved from /opt/airflow/dags/env/Scripts/pyrsa-priv2pub.exe
[2025-03-28T13:12:25.187+0000] {processor.py:208} INFO - Processing /opt/airflow/dags/env/Scripts/pyrsa-priv2pub.exe took 0.051 seconds
[2025-03-28T13:16:58.394+0000] {processor.py:186} INFO - Started process (PID=2061) to work on /opt/airflow/dags/env/Scripts/pyrsa-priv2pub.exe
[2025-03-28T13:16:58.396+0000] {processor.py:914} INFO - Processing file /opt/airflow/dags/env/Scripts/pyrsa-priv2pub.exe for tasks to queue
[2025-03-28T13:16:58.398+0000] {logging_mixin.py:190} INFO - [2025-03-28T13:16:58.397+0000] {dagbag.py:588} INFO - Filling up the DagBag from /opt/airflow/dags/env/Scripts/pyrsa-priv2pub.exe
[2025-03-28T13:16:58.415+0000] {logging_mixin.py:190} INFO - [2025-03-28T13:16:58.415+0000] {dagbag.py:435} INFO - File /opt/airflow/dags/env/Scripts/pyrsa-priv2pub.exe:__main__.py assumed to contain no DAGs. Skipping.
[2025-03-28T13:16:58.417+0000] {processor.py:927} WARNING - No viable dags retrieved from /opt/airflow/dags/env/Scripts/pyrsa-priv2pub.exe
[2025-03-28T13:16:58.444+0000] {processor.py:208} INFO - Processing /opt/airflow/dags/env/Scripts/pyrsa-priv2pub.exe took 0.065 seconds
[2025-03-28T13:17:30.185+0000] {processor.py:186} INFO - Started process (PID=2085) to work on /opt/airflow/dags/env/Scripts/pyrsa-priv2pub.exe
[2025-03-28T13:17:30.186+0000] {processor.py:914} INFO - Processing file /opt/airflow/dags/env/Scripts/pyrsa-priv2pub.exe for tasks to queue
[2025-03-28T13:17:30.188+0000] {logging_mixin.py:190} INFO - [2025-03-28T13:17:30.188+0000] {dagbag.py:588} INFO - Filling up the DagBag from /opt/airflow/dags/env/Scripts/pyrsa-priv2pub.exe
[2025-03-28T13:17:30.202+0000] {logging_mixin.py:190} INFO - [2025-03-28T13:17:30.201+0000] {dagbag.py:435} INFO - File /opt/airflow/dags/env/Scripts/pyrsa-priv2pub.exe:__main__.py assumed to contain no DAGs. Skipping.
[2025-03-28T13:17:30.203+0000] {processor.py:927} WARNING - No viable dags retrieved from /opt/airflow/dags/env/Scripts/pyrsa-priv2pub.exe
[2025-03-28T13:17:30.224+0000] {processor.py:208} INFO - Processing /opt/airflow/dags/env/Scripts/pyrsa-priv2pub.exe took 0.052 seconds
[2025-03-28T13:21:59.424+0000] {processor.py:186} INFO - Started process (PID=2113) to work on /opt/airflow/dags/env/Scripts/pyrsa-priv2pub.exe
[2025-03-28T13:21:59.426+0000] {processor.py:914} INFO - Processing file /opt/airflow/dags/env/Scripts/pyrsa-priv2pub.exe for tasks to queue
[2025-03-28T13:21:59.428+0000] {logging_mixin.py:190} INFO - [2025-03-28T13:21:59.427+0000] {dagbag.py:588} INFO - Filling up the DagBag from /opt/airflow/dags/env/Scripts/pyrsa-priv2pub.exe
[2025-03-28T13:21:59.439+0000] {logging_mixin.py:190} INFO - [2025-03-28T13:21:59.439+0000] {dagbag.py:435} INFO - File /opt/airflow/dags/env/Scripts/pyrsa-priv2pub.exe:__main__.py assumed to contain no DAGs. Skipping.
[2025-03-28T13:21:59.440+0000] {processor.py:927} WARNING - No viable dags retrieved from /opt/airflow/dags/env/Scripts/pyrsa-priv2pub.exe
[2025-03-28T13:21:59.463+0000] {processor.py:208} INFO - Processing /opt/airflow/dags/env/Scripts/pyrsa-priv2pub.exe took 0.050 seconds
[2025-03-28T13:22:30.425+0000] {processor.py:186} INFO - Started process (PID=2137) to work on /opt/airflow/dags/env/Scripts/pyrsa-priv2pub.exe
[2025-03-28T13:22:30.426+0000] {processor.py:914} INFO - Processing file /opt/airflow/dags/env/Scripts/pyrsa-priv2pub.exe for tasks to queue
[2025-03-28T13:22:30.428+0000] {logging_mixin.py:190} INFO - [2025-03-28T13:22:30.428+0000] {dagbag.py:588} INFO - Filling up the DagBag from /opt/airflow/dags/env/Scripts/pyrsa-priv2pub.exe
[2025-03-28T13:22:30.445+0000] {logging_mixin.py:190} INFO - [2025-03-28T13:22:30.445+0000] {dagbag.py:435} INFO - File /opt/airflow/dags/env/Scripts/pyrsa-priv2pub.exe:__main__.py assumed to contain no DAGs. Skipping.
[2025-03-28T13:22:30.447+0000] {processor.py:927} WARNING - No viable dags retrieved from /opt/airflow/dags/env/Scripts/pyrsa-priv2pub.exe
[2025-03-28T13:22:30.474+0000] {processor.py:208} INFO - Processing /opt/airflow/dags/env/Scripts/pyrsa-priv2pub.exe took 0.063 seconds
[2025-03-28T13:26:54.722+0000] {processor.py:186} INFO - Started process (PID=2165) to work on /opt/airflow/dags/env/Scripts/pyrsa-priv2pub.exe
[2025-03-28T13:26:54.723+0000] {processor.py:914} INFO - Processing file /opt/airflow/dags/env/Scripts/pyrsa-priv2pub.exe for tasks to queue
[2025-03-28T13:26:54.725+0000] {logging_mixin.py:190} INFO - [2025-03-28T13:26:54.725+0000] {dagbag.py:588} INFO - Filling up the DagBag from /opt/airflow/dags/env/Scripts/pyrsa-priv2pub.exe
[2025-03-28T13:26:54.736+0000] {logging_mixin.py:190} INFO - [2025-03-28T13:26:54.736+0000] {dagbag.py:435} INFO - File /opt/airflow/dags/env/Scripts/pyrsa-priv2pub.exe:__main__.py assumed to contain no DAGs. Skipping.
[2025-03-28T13:26:54.737+0000] {processor.py:927} WARNING - No viable dags retrieved from /opt/airflow/dags/env/Scripts/pyrsa-priv2pub.exe
[2025-03-28T13:26:54.759+0000] {processor.py:208} INFO - Processing /opt/airflow/dags/env/Scripts/pyrsa-priv2pub.exe took 0.049 seconds
[2025-03-28T13:27:26.387+0000] {processor.py:186} INFO - Started process (PID=2189) to work on /opt/airflow/dags/env/Scripts/pyrsa-priv2pub.exe
[2025-03-28T13:27:26.388+0000] {processor.py:914} INFO - Processing file /opt/airflow/dags/env/Scripts/pyrsa-priv2pub.exe for tasks to queue
[2025-03-28T13:27:26.390+0000] {logging_mixin.py:190} INFO - [2025-03-28T13:27:26.390+0000] {dagbag.py:588} INFO - Filling up the DagBag from /opt/airflow/dags/env/Scripts/pyrsa-priv2pub.exe
[2025-03-28T13:27:26.404+0000] {logging_mixin.py:190} INFO - [2025-03-28T13:27:26.404+0000] {dagbag.py:435} INFO - File /opt/airflow/dags/env/Scripts/pyrsa-priv2pub.exe:__main__.py assumed to contain no DAGs. Skipping.
[2025-03-28T13:27:26.405+0000] {processor.py:927} WARNING - No viable dags retrieved from /opt/airflow/dags/env/Scripts/pyrsa-priv2pub.exe
[2025-03-28T13:27:26.427+0000] {processor.py:208} INFO - Processing /opt/airflow/dags/env/Scripts/pyrsa-priv2pub.exe took 0.052 seconds
[2025-03-28T13:31:57.197+0000] {processor.py:186} INFO - Started process (PID=2221) to work on /opt/airflow/dags/env/Scripts/pyrsa-priv2pub.exe
[2025-03-28T13:31:57.198+0000] {processor.py:914} INFO - Processing file /opt/airflow/dags/env/Scripts/pyrsa-priv2pub.exe for tasks to queue
[2025-03-28T13:31:57.200+0000] {logging_mixin.py:190} INFO - [2025-03-28T13:31:57.200+0000] {dagbag.py:588} INFO - Filling up the DagBag from /opt/airflow/dags/env/Scripts/pyrsa-priv2pub.exe
[2025-03-28T13:31:57.211+0000] {logging_mixin.py:190} INFO - [2025-03-28T13:31:57.211+0000] {dagbag.py:435} INFO - File /opt/airflow/dags/env/Scripts/pyrsa-priv2pub.exe:__main__.py assumed to contain no DAGs. Skipping.
[2025-03-28T13:31:57.212+0000] {processor.py:927} WARNING - No viable dags retrieved from /opt/airflow/dags/env/Scripts/pyrsa-priv2pub.exe
[2025-03-28T13:31:57.234+0000] {processor.py:208} INFO - Processing /opt/airflow/dags/env/Scripts/pyrsa-priv2pub.exe took 0.048 seconds
[2025-03-28T13:32:28.900+0000] {processor.py:186} INFO - Started process (PID=2245) to work on /opt/airflow/dags/env/Scripts/pyrsa-priv2pub.exe
[2025-03-28T13:32:28.901+0000] {processor.py:914} INFO - Processing file /opt/airflow/dags/env/Scripts/pyrsa-priv2pub.exe for tasks to queue
[2025-03-28T13:32:28.903+0000] {logging_mixin.py:190} INFO - [2025-03-28T13:32:28.902+0000] {dagbag.py:588} INFO - Filling up the DagBag from /opt/airflow/dags/env/Scripts/pyrsa-priv2pub.exe
[2025-03-28T13:32:28.915+0000] {logging_mixin.py:190} INFO - [2025-03-28T13:32:28.914+0000] {dagbag.py:435} INFO - File /opt/airflow/dags/env/Scripts/pyrsa-priv2pub.exe:__main__.py assumed to contain no DAGs. Skipping.
[2025-03-28T13:32:28.916+0000] {processor.py:927} WARNING - No viable dags retrieved from /opt/airflow/dags/env/Scripts/pyrsa-priv2pub.exe
[2025-03-28T13:32:28.939+0000] {processor.py:208} INFO - Processing /opt/airflow/dags/env/Scripts/pyrsa-priv2pub.exe took 0.051 seconds
[2025-03-28T13:37:00.461+0000] {processor.py:186} INFO - Started process (PID=2275) to work on /opt/airflow/dags/env/Scripts/pyrsa-priv2pub.exe
[2025-03-28T13:37:00.463+0000] {processor.py:914} INFO - Processing file /opt/airflow/dags/env/Scripts/pyrsa-priv2pub.exe for tasks to queue
[2025-03-28T13:37:00.464+0000] {logging_mixin.py:190} INFO - [2025-03-28T13:37:00.464+0000] {dagbag.py:588} INFO - Filling up the DagBag from /opt/airflow/dags/env/Scripts/pyrsa-priv2pub.exe
[2025-03-28T13:37:00.474+0000] {logging_mixin.py:190} INFO - [2025-03-28T13:37:00.474+0000] {dagbag.py:435} INFO - File /opt/airflow/dags/env/Scripts/pyrsa-priv2pub.exe:__main__.py assumed to contain no DAGs. Skipping.
[2025-03-28T13:37:00.475+0000] {processor.py:927} WARNING - No viable dags retrieved from /opt/airflow/dags/env/Scripts/pyrsa-priv2pub.exe
[2025-03-28T13:37:00.493+0000] {processor.py:208} INFO - Processing /opt/airflow/dags/env/Scripts/pyrsa-priv2pub.exe took 0.045 seconds
[2025-03-28T13:37:32.063+0000] {processor.py:186} INFO - Started process (PID=2299) to work on /opt/airflow/dags/env/Scripts/pyrsa-priv2pub.exe
[2025-03-28T13:37:32.065+0000] {processor.py:914} INFO - Processing file /opt/airflow/dags/env/Scripts/pyrsa-priv2pub.exe for tasks to queue
[2025-03-28T13:37:32.067+0000] {logging_mixin.py:190} INFO - [2025-03-28T13:37:32.066+0000] {dagbag.py:588} INFO - Filling up the DagBag from /opt/airflow/dags/env/Scripts/pyrsa-priv2pub.exe
[2025-03-28T13:37:32.081+0000] {logging_mixin.py:190} INFO - [2025-03-28T13:37:32.081+0000] {dagbag.py:435} INFO - File /opt/airflow/dags/env/Scripts/pyrsa-priv2pub.exe:__main__.py assumed to contain no DAGs. Skipping.
[2025-03-28T13:37:32.083+0000] {processor.py:927} WARNING - No viable dags retrieved from /opt/airflow/dags/env/Scripts/pyrsa-priv2pub.exe
[2025-03-28T13:37:32.108+0000] {processor.py:208} INFO - Processing /opt/airflow/dags/env/Scripts/pyrsa-priv2pub.exe took 0.059 seconds
[2025-03-28T13:41:56.122+0000] {processor.py:186} INFO - Started process (PID=2326) to work on /opt/airflow/dags/env/Scripts/pyrsa-priv2pub.exe
[2025-03-28T13:41:56.123+0000] {processor.py:914} INFO - Processing file /opt/airflow/dags/env/Scripts/pyrsa-priv2pub.exe for tasks to queue
[2025-03-28T13:41:56.126+0000] {logging_mixin.py:190} INFO - [2025-03-28T13:41:56.125+0000] {dagbag.py:588} INFO - Filling up the DagBag from /opt/airflow/dags/env/Scripts/pyrsa-priv2pub.exe
[2025-03-28T13:41:56.145+0000] {logging_mixin.py:190} INFO - [2025-03-28T13:41:56.144+0000] {dagbag.py:435} INFO - File /opt/airflow/dags/env/Scripts/pyrsa-priv2pub.exe:__main__.py assumed to contain no DAGs. Skipping.
[2025-03-28T13:41:56.146+0000] {processor.py:927} WARNING - No viable dags retrieved from /opt/airflow/dags/env/Scripts/pyrsa-priv2pub.exe
[2025-03-28T13:41:56.171+0000] {processor.py:208} INFO - Processing /opt/airflow/dags/env/Scripts/pyrsa-priv2pub.exe took 0.066 seconds
[2025-03-28T13:42:26.957+0000] {processor.py:186} INFO - Started process (PID=2350) to work on /opt/airflow/dags/env/Scripts/pyrsa-priv2pub.exe
[2025-03-28T13:42:26.959+0000] {processor.py:914} INFO - Processing file /opt/airflow/dags/env/Scripts/pyrsa-priv2pub.exe for tasks to queue
[2025-03-28T13:42:26.962+0000] {logging_mixin.py:190} INFO - [2025-03-28T13:42:26.961+0000] {dagbag.py:588} INFO - Filling up the DagBag from /opt/airflow/dags/env/Scripts/pyrsa-priv2pub.exe
[2025-03-28T13:42:26.981+0000] {logging_mixin.py:190} INFO - [2025-03-28T13:42:26.981+0000] {dagbag.py:435} INFO - File /opt/airflow/dags/env/Scripts/pyrsa-priv2pub.exe:__main__.py assumed to contain no DAGs. Skipping.
[2025-03-28T13:42:26.983+0000] {processor.py:927} WARNING - No viable dags retrieved from /opt/airflow/dags/env/Scripts/pyrsa-priv2pub.exe
[2025-03-28T13:42:27.008+0000] {processor.py:208} INFO - Processing /opt/airflow/dags/env/Scripts/pyrsa-priv2pub.exe took 0.069 seconds
[2025-03-28T13:46:54.422+0000] {processor.py:186} INFO - Started process (PID=2381) to work on /opt/airflow/dags/env/Scripts/pyrsa-priv2pub.exe
[2025-03-28T13:46:54.423+0000] {processor.py:914} INFO - Processing file /opt/airflow/dags/env/Scripts/pyrsa-priv2pub.exe for tasks to queue
[2025-03-28T13:46:54.425+0000] {logging_mixin.py:190} INFO - [2025-03-28T13:46:54.425+0000] {dagbag.py:588} INFO - Filling up the DagBag from /opt/airflow/dags/env/Scripts/pyrsa-priv2pub.exe
[2025-03-28T13:46:54.442+0000] {logging_mixin.py:190} INFO - [2025-03-28T13:46:54.442+0000] {dagbag.py:435} INFO - File /opt/airflow/dags/env/Scripts/pyrsa-priv2pub.exe:__main__.py assumed to contain no DAGs. Skipping.
[2025-03-28T13:46:54.444+0000] {processor.py:927} WARNING - No viable dags retrieved from /opt/airflow/dags/env/Scripts/pyrsa-priv2pub.exe
[2025-03-28T13:46:54.473+0000] {processor.py:208} INFO - Processing /opt/airflow/dags/env/Scripts/pyrsa-priv2pub.exe took 0.064 seconds
[2025-03-28T13:47:25.095+0000] {processor.py:186} INFO - Started process (PID=2405) to work on /opt/airflow/dags/env/Scripts/pyrsa-priv2pub.exe
[2025-03-28T13:47:25.096+0000] {processor.py:914} INFO - Processing file /opt/airflow/dags/env/Scripts/pyrsa-priv2pub.exe for tasks to queue
[2025-03-28T13:47:25.098+0000] {logging_mixin.py:190} INFO - [2025-03-28T13:47:25.098+0000] {dagbag.py:588} INFO - Filling up the DagBag from /opt/airflow/dags/env/Scripts/pyrsa-priv2pub.exe
[2025-03-28T13:47:25.112+0000] {logging_mixin.py:190} INFO - [2025-03-28T13:47:25.112+0000] {dagbag.py:435} INFO - File /opt/airflow/dags/env/Scripts/pyrsa-priv2pub.exe:__main__.py assumed to contain no DAGs. Skipping.
[2025-03-28T13:47:25.113+0000] {processor.py:927} WARNING - No viable dags retrieved from /opt/airflow/dags/env/Scripts/pyrsa-priv2pub.exe
[2025-03-28T13:47:25.135+0000] {processor.py:208} INFO - Processing /opt/airflow/dags/env/Scripts/pyrsa-priv2pub.exe took 0.052 seconds
[2025-03-28T13:47:56.135+0000] {processor.py:186} INFO - Started process (PID=2429) to work on /opt/airflow/dags/env/Scripts/pyrsa-priv2pub.exe
[2025-03-28T13:47:56.136+0000] {processor.py:914} INFO - Processing file /opt/airflow/dags/env/Scripts/pyrsa-priv2pub.exe for tasks to queue
[2025-03-28T13:47:56.138+0000] {logging_mixin.py:190} INFO - [2025-03-28T13:47:56.138+0000] {dagbag.py:588} INFO - Filling up the DagBag from /opt/airflow/dags/env/Scripts/pyrsa-priv2pub.exe
[2025-03-28T13:47:56.153+0000] {logging_mixin.py:190} INFO - [2025-03-28T13:47:56.153+0000] {dagbag.py:435} INFO - File /opt/airflow/dags/env/Scripts/pyrsa-priv2pub.exe:__main__.py assumed to contain no DAGs. Skipping.
[2025-03-28T13:47:56.155+0000] {processor.py:927} WARNING - No viable dags retrieved from /opt/airflow/dags/env/Scripts/pyrsa-priv2pub.exe
[2025-03-28T13:47:56.183+0000] {processor.py:208} INFO - Processing /opt/airflow/dags/env/Scripts/pyrsa-priv2pub.exe took 0.062 seconds
[2025-03-28T13:51:57.949+0000] {processor.py:186} INFO - Started process (PID=2439) to work on /opt/airflow/dags/env/Scripts/pyrsa-priv2pub.exe
[2025-03-28T13:51:57.951+0000] {processor.py:914} INFO - Processing file /opt/airflow/dags/env/Scripts/pyrsa-priv2pub.exe for tasks to queue
[2025-03-28T13:51:57.953+0000] {logging_mixin.py:190} INFO - [2025-03-28T13:51:57.952+0000] {dagbag.py:588} INFO - Filling up the DagBag from /opt/airflow/dags/env/Scripts/pyrsa-priv2pub.exe
[2025-03-28T13:51:57.967+0000] {logging_mixin.py:190} INFO - [2025-03-28T13:51:57.967+0000] {dagbag.py:435} INFO - File /opt/airflow/dags/env/Scripts/pyrsa-priv2pub.exe:__main__.py assumed to contain no DAGs. Skipping.
[2025-03-28T13:51:57.969+0000] {processor.py:927} WARNING - No viable dags retrieved from /opt/airflow/dags/env/Scripts/pyrsa-priv2pub.exe
[2025-03-28T13:51:57.993+0000] {processor.py:208} INFO - Processing /opt/airflow/dags/env/Scripts/pyrsa-priv2pub.exe took 0.061 seconds
[2025-03-28T13:52:28.844+0000] {processor.py:186} INFO - Started process (PID=2463) to work on /opt/airflow/dags/env/Scripts/pyrsa-priv2pub.exe
[2025-03-28T13:52:28.846+0000] {processor.py:914} INFO - Processing file /opt/airflow/dags/env/Scripts/pyrsa-priv2pub.exe for tasks to queue
[2025-03-28T13:52:28.848+0000] {logging_mixin.py:190} INFO - [2025-03-28T13:52:28.847+0000] {dagbag.py:588} INFO - Filling up the DagBag from /opt/airflow/dags/env/Scripts/pyrsa-priv2pub.exe
[2025-03-28T13:52:28.861+0000] {logging_mixin.py:190} INFO - [2025-03-28T13:52:28.860+0000] {dagbag.py:435} INFO - File /opt/airflow/dags/env/Scripts/pyrsa-priv2pub.exe:__main__.py assumed to contain no DAGs. Skipping.
[2025-03-28T13:52:28.862+0000] {processor.py:927} WARNING - No viable dags retrieved from /opt/airflow/dags/env/Scripts/pyrsa-priv2pub.exe
[2025-03-28T13:52:28.886+0000] {processor.py:208} INFO - Processing /opt/airflow/dags/env/Scripts/pyrsa-priv2pub.exe took 0.056 seconds
[2025-03-28T13:57:00.145+0000] {processor.py:186} INFO - Started process (PID=2494) to work on /opt/airflow/dags/env/Scripts/pyrsa-priv2pub.exe
[2025-03-28T13:57:00.147+0000] {processor.py:914} INFO - Processing file /opt/airflow/dags/env/Scripts/pyrsa-priv2pub.exe for tasks to queue
[2025-03-28T13:57:00.148+0000] {logging_mixin.py:190} INFO - [2025-03-28T13:57:00.148+0000] {dagbag.py:588} INFO - Filling up the DagBag from /opt/airflow/dags/env/Scripts/pyrsa-priv2pub.exe
[2025-03-28T13:57:00.161+0000] {logging_mixin.py:190} INFO - [2025-03-28T13:57:00.161+0000] {dagbag.py:435} INFO - File /opt/airflow/dags/env/Scripts/pyrsa-priv2pub.exe:__main__.py assumed to contain no DAGs. Skipping.
[2025-03-28T13:57:00.162+0000] {processor.py:927} WARNING - No viable dags retrieved from /opt/airflow/dags/env/Scripts/pyrsa-priv2pub.exe
[2025-03-28T13:57:00.184+0000] {processor.py:208} INFO - Processing /opt/airflow/dags/env/Scripts/pyrsa-priv2pub.exe took 0.050 seconds
[2025-03-28T13:57:31.764+0000] {processor.py:186} INFO - Started process (PID=2518) to work on /opt/airflow/dags/env/Scripts/pyrsa-priv2pub.exe
[2025-03-28T13:57:31.765+0000] {processor.py:914} INFO - Processing file /opt/airflow/dags/env/Scripts/pyrsa-priv2pub.exe for tasks to queue
[2025-03-28T13:57:31.767+0000] {logging_mixin.py:190} INFO - [2025-03-28T13:57:31.766+0000] {dagbag.py:588} INFO - Filling up the DagBag from /opt/airflow/dags/env/Scripts/pyrsa-priv2pub.exe
[2025-03-28T13:57:31.779+0000] {logging_mixin.py:190} INFO - [2025-03-28T13:57:31.779+0000] {dagbag.py:435} INFO - File /opt/airflow/dags/env/Scripts/pyrsa-priv2pub.exe:__main__.py assumed to contain no DAGs. Skipping.
[2025-03-28T13:57:31.780+0000] {processor.py:927} WARNING - No viable dags retrieved from /opt/airflow/dags/env/Scripts/pyrsa-priv2pub.exe
[2025-03-28T13:57:31.801+0000] {processor.py:208} INFO - Processing /opt/airflow/dags/env/Scripts/pyrsa-priv2pub.exe took 0.049 seconds
[2025-03-28T14:01:57.430+0000] {processor.py:186} INFO - Started process (PID=2547) to work on /opt/airflow/dags/env/Scripts/pyrsa-priv2pub.exe
[2025-03-28T14:01:57.432+0000] {processor.py:914} INFO - Processing file /opt/airflow/dags/env/Scripts/pyrsa-priv2pub.exe for tasks to queue
[2025-03-28T14:01:57.433+0000] {logging_mixin.py:190} INFO - [2025-03-28T14:01:57.433+0000] {dagbag.py:588} INFO - Filling up the DagBag from /opt/airflow/dags/env/Scripts/pyrsa-priv2pub.exe
[2025-03-28T14:01:57.448+0000] {logging_mixin.py:190} INFO - [2025-03-28T14:01:57.447+0000] {dagbag.py:435} INFO - File /opt/airflow/dags/env/Scripts/pyrsa-priv2pub.exe:__main__.py assumed to contain no DAGs. Skipping.
[2025-03-28T14:01:57.449+0000] {processor.py:927} WARNING - No viable dags retrieved from /opt/airflow/dags/env/Scripts/pyrsa-priv2pub.exe
[2025-03-28T14:01:57.471+0000] {processor.py:208} INFO - Processing /opt/airflow/dags/env/Scripts/pyrsa-priv2pub.exe took 0.052 seconds
[2025-03-28T14:02:29.029+0000] {processor.py:186} INFO - Started process (PID=2571) to work on /opt/airflow/dags/env/Scripts/pyrsa-priv2pub.exe
[2025-03-28T14:02:29.030+0000] {processor.py:914} INFO - Processing file /opt/airflow/dags/env/Scripts/pyrsa-priv2pub.exe for tasks to queue
[2025-03-28T14:02:29.032+0000] {logging_mixin.py:190} INFO - [2025-03-28T14:02:29.031+0000] {dagbag.py:588} INFO - Filling up the DagBag from /opt/airflow/dags/env/Scripts/pyrsa-priv2pub.exe
[2025-03-28T14:02:29.043+0000] {logging_mixin.py:190} INFO - [2025-03-28T14:02:29.043+0000] {dagbag.py:435} INFO - File /opt/airflow/dags/env/Scripts/pyrsa-priv2pub.exe:__main__.py assumed to contain no DAGs. Skipping.
[2025-03-28T14:02:29.044+0000] {processor.py:927} WARNING - No viable dags retrieved from /opt/airflow/dags/env/Scripts/pyrsa-priv2pub.exe
[2025-03-28T14:02:29.066+0000] {processor.py:208} INFO - Processing /opt/airflow/dags/env/Scripts/pyrsa-priv2pub.exe took 0.048 seconds
[2025-03-28T14:07:01.228+0000] {processor.py:186} INFO - Started process (PID=2602) to work on /opt/airflow/dags/env/Scripts/pyrsa-priv2pub.exe
[2025-03-28T14:07:01.229+0000] {processor.py:914} INFO - Processing file /opt/airflow/dags/env/Scripts/pyrsa-priv2pub.exe for tasks to queue
[2025-03-28T14:07:01.231+0000] {logging_mixin.py:190} INFO - [2025-03-28T14:07:01.230+0000] {dagbag.py:588} INFO - Filling up the DagBag from /opt/airflow/dags/env/Scripts/pyrsa-priv2pub.exe
[2025-03-28T14:07:01.242+0000] {logging_mixin.py:190} INFO - [2025-03-28T14:07:01.242+0000] {dagbag.py:435} INFO - File /opt/airflow/dags/env/Scripts/pyrsa-priv2pub.exe:__main__.py assumed to contain no DAGs. Skipping.
[2025-03-28T14:07:01.243+0000] {processor.py:927} WARNING - No viable dags retrieved from /opt/airflow/dags/env/Scripts/pyrsa-priv2pub.exe
[2025-03-28T14:07:01.262+0000] {processor.py:208} INFO - Processing /opt/airflow/dags/env/Scripts/pyrsa-priv2pub.exe took 0.046 seconds
[2025-03-28T14:07:32.871+0000] {processor.py:186} INFO - Started process (PID=2626) to work on /opt/airflow/dags/env/Scripts/pyrsa-priv2pub.exe
[2025-03-28T14:07:32.872+0000] {processor.py:914} INFO - Processing file /opt/airflow/dags/env/Scripts/pyrsa-priv2pub.exe for tasks to queue
[2025-03-28T14:07:32.874+0000] {logging_mixin.py:190} INFO - [2025-03-28T14:07:32.874+0000] {dagbag.py:588} INFO - Filling up the DagBag from /opt/airflow/dags/env/Scripts/pyrsa-priv2pub.exe
[2025-03-28T14:07:32.887+0000] {logging_mixin.py:190} INFO - [2025-03-28T14:07:32.887+0000] {dagbag.py:435} INFO - File /opt/airflow/dags/env/Scripts/pyrsa-priv2pub.exe:__main__.py assumed to contain no DAGs. Skipping.
[2025-03-28T14:07:32.888+0000] {processor.py:927} WARNING - No viable dags retrieved from /opt/airflow/dags/env/Scripts/pyrsa-priv2pub.exe
[2025-03-28T14:07:32.909+0000] {processor.py:208} INFO - Processing /opt/airflow/dags/env/Scripts/pyrsa-priv2pub.exe took 0.050 seconds
[2025-03-28T14:12:01.986+0000] {processor.py:186} INFO - Started process (PID=2654) to work on /opt/airflow/dags/env/Scripts/pyrsa-priv2pub.exe
[2025-03-28T14:12:01.988+0000] {processor.py:914} INFO - Processing file /opt/airflow/dags/env/Scripts/pyrsa-priv2pub.exe for tasks to queue
[2025-03-28T14:12:01.991+0000] {logging_mixin.py:190} INFO - [2025-03-28T14:12:01.990+0000] {dagbag.py:588} INFO - Filling up the DagBag from /opt/airflow/dags/env/Scripts/pyrsa-priv2pub.exe
[2025-03-28T14:12:02.004+0000] {logging_mixin.py:190} INFO - [2025-03-28T14:12:02.004+0000] {dagbag.py:435} INFO - File /opt/airflow/dags/env/Scripts/pyrsa-priv2pub.exe:__main__.py assumed to contain no DAGs. Skipping.
[2025-03-28T14:12:02.006+0000] {processor.py:927} WARNING - No viable dags retrieved from /opt/airflow/dags/env/Scripts/pyrsa-priv2pub.exe
[2025-03-28T14:12:02.029+0000] {processor.py:208} INFO - Processing /opt/airflow/dags/env/Scripts/pyrsa-priv2pub.exe took 0.060 seconds
[2025-03-28T14:12:33.018+0000] {processor.py:186} INFO - Started process (PID=2678) to work on /opt/airflow/dags/env/Scripts/pyrsa-priv2pub.exe
[2025-03-28T14:12:33.019+0000] {processor.py:914} INFO - Processing file /opt/airflow/dags/env/Scripts/pyrsa-priv2pub.exe for tasks to queue
[2025-03-28T14:12:33.021+0000] {logging_mixin.py:190} INFO - [2025-03-28T14:12:33.020+0000] {dagbag.py:588} INFO - Filling up the DagBag from /opt/airflow/dags/env/Scripts/pyrsa-priv2pub.exe
[2025-03-28T14:12:33.033+0000] {logging_mixin.py:190} INFO - [2025-03-28T14:12:33.032+0000] {dagbag.py:435} INFO - File /opt/airflow/dags/env/Scripts/pyrsa-priv2pub.exe:__main__.py assumed to contain no DAGs. Skipping.
[2025-03-28T14:12:33.033+0000] {processor.py:927} WARNING - No viable dags retrieved from /opt/airflow/dags/env/Scripts/pyrsa-priv2pub.exe
[2025-03-28T14:12:33.055+0000] {processor.py:208} INFO - Processing /opt/airflow/dags/env/Scripts/pyrsa-priv2pub.exe took 0.049 seconds
[2025-03-28T14:17:07.115+0000] {processor.py:186} INFO - Started process (PID=2706) to work on /opt/airflow/dags/env/Scripts/pyrsa-priv2pub.exe
[2025-03-28T14:17:07.116+0000] {processor.py:914} INFO - Processing file /opt/airflow/dags/env/Scripts/pyrsa-priv2pub.exe for tasks to queue
[2025-03-28T14:17:07.118+0000] {logging_mixin.py:190} INFO - [2025-03-28T14:17:07.117+0000] {dagbag.py:588} INFO - Filling up the DagBag from /opt/airflow/dags/env/Scripts/pyrsa-priv2pub.exe
[2025-03-28T14:17:07.131+0000] {logging_mixin.py:190} INFO - [2025-03-28T14:17:07.131+0000] {dagbag.py:435} INFO - File /opt/airflow/dags/env/Scripts/pyrsa-priv2pub.exe:__main__.py assumed to contain no DAGs. Skipping.
[2025-03-28T14:17:07.132+0000] {processor.py:927} WARNING - No viable dags retrieved from /opt/airflow/dags/env/Scripts/pyrsa-priv2pub.exe
[2025-03-28T14:17:07.154+0000] {processor.py:208} INFO - Processing /opt/airflow/dags/env/Scripts/pyrsa-priv2pub.exe took 0.052 seconds
[2025-03-28T14:17:38.941+0000] {processor.py:186} INFO - Started process (PID=2730) to work on /opt/airflow/dags/env/Scripts/pyrsa-priv2pub.exe
[2025-03-28T14:17:38.942+0000] {processor.py:914} INFO - Processing file /opt/airflow/dags/env/Scripts/pyrsa-priv2pub.exe for tasks to queue
[2025-03-28T14:17:38.944+0000] {logging_mixin.py:190} INFO - [2025-03-28T14:17:38.944+0000] {dagbag.py:588} INFO - Filling up the DagBag from /opt/airflow/dags/env/Scripts/pyrsa-priv2pub.exe
[2025-03-28T14:17:38.958+0000] {logging_mixin.py:190} INFO - [2025-03-28T14:17:38.958+0000] {dagbag.py:435} INFO - File /opt/airflow/dags/env/Scripts/pyrsa-priv2pub.exe:__main__.py assumed to contain no DAGs. Skipping.
[2025-03-28T14:17:38.959+0000] {processor.py:927} WARNING - No viable dags retrieved from /opt/airflow/dags/env/Scripts/pyrsa-priv2pub.exe
[2025-03-28T14:17:38.981+0000] {processor.py:208} INFO - Processing /opt/airflow/dags/env/Scripts/pyrsa-priv2pub.exe took 0.053 seconds
[2025-03-28T14:22:01.833+0000] {processor.py:186} INFO - Started process (PID=2755) to work on /opt/airflow/dags/env/Scripts/pyrsa-priv2pub.exe
[2025-03-28T14:22:01.834+0000] {processor.py:914} INFO - Processing file /opt/airflow/dags/env/Scripts/pyrsa-priv2pub.exe for tasks to queue
[2025-03-28T14:22:01.836+0000] {logging_mixin.py:190} INFO - [2025-03-28T14:22:01.835+0000] {dagbag.py:588} INFO - Filling up the DagBag from /opt/airflow/dags/env/Scripts/pyrsa-priv2pub.exe
[2025-03-28T14:22:01.847+0000] {logging_mixin.py:190} INFO - [2025-03-28T14:22:01.847+0000] {dagbag.py:435} INFO - File /opt/airflow/dags/env/Scripts/pyrsa-priv2pub.exe:__main__.py assumed to contain no DAGs. Skipping.
[2025-03-28T14:22:01.848+0000] {processor.py:927} WARNING - No viable dags retrieved from /opt/airflow/dags/env/Scripts/pyrsa-priv2pub.exe
[2025-03-28T14:22:01.869+0000] {processor.py:208} INFO - Processing /opt/airflow/dags/env/Scripts/pyrsa-priv2pub.exe took 0.047 seconds
[2025-03-28T14:22:33.518+0000] {processor.py:186} INFO - Started process (PID=2779) to work on /opt/airflow/dags/env/Scripts/pyrsa-priv2pub.exe
[2025-03-28T14:22:33.519+0000] {processor.py:914} INFO - Processing file /opt/airflow/dags/env/Scripts/pyrsa-priv2pub.exe for tasks to queue
[2025-03-28T14:22:33.521+0000] {logging_mixin.py:190} INFO - [2025-03-28T14:22:33.521+0000] {dagbag.py:588} INFO - Filling up the DagBag from /opt/airflow/dags/env/Scripts/pyrsa-priv2pub.exe
[2025-03-28T14:22:33.535+0000] {logging_mixin.py:190} INFO - [2025-03-28T14:22:33.534+0000] {dagbag.py:435} INFO - File /opt/airflow/dags/env/Scripts/pyrsa-priv2pub.exe:__main__.py assumed to contain no DAGs. Skipping.
[2025-03-28T14:22:33.536+0000] {processor.py:927} WARNING - No viable dags retrieved from /opt/airflow/dags/env/Scripts/pyrsa-priv2pub.exe
[2025-03-28T14:22:33.561+0000] {processor.py:208} INFO - Processing /opt/airflow/dags/env/Scripts/pyrsa-priv2pub.exe took 0.055 seconds
[2025-03-28T14:27:01.073+0000] {processor.py:186} INFO - Started process (PID=2808) to work on /opt/airflow/dags/env/Scripts/pyrsa-priv2pub.exe
[2025-03-28T14:27:01.075+0000] {processor.py:914} INFO - Processing file /opt/airflow/dags/env/Scripts/pyrsa-priv2pub.exe for tasks to queue
[2025-03-28T14:27:01.076+0000] {logging_mixin.py:190} INFO - [2025-03-28T14:27:01.076+0000] {dagbag.py:588} INFO - Filling up the DagBag from /opt/airflow/dags/env/Scripts/pyrsa-priv2pub.exe
[2025-03-28T14:27:01.088+0000] {logging_mixin.py:190} INFO - [2025-03-28T14:27:01.088+0000] {dagbag.py:435} INFO - File /opt/airflow/dags/env/Scripts/pyrsa-priv2pub.exe:__main__.py assumed to contain no DAGs. Skipping.
[2025-03-28T14:27:01.089+0000] {processor.py:927} WARNING - No viable dags retrieved from /opt/airflow/dags/env/Scripts/pyrsa-priv2pub.exe
[2025-03-28T14:27:01.112+0000] {processor.py:208} INFO - Processing /opt/airflow/dags/env/Scripts/pyrsa-priv2pub.exe took 0.050 seconds
[2025-03-28T14:27:32.589+0000] {processor.py:186} INFO - Started process (PID=2832) to work on /opt/airflow/dags/env/Scripts/pyrsa-priv2pub.exe
[2025-03-28T14:27:32.591+0000] {processor.py:914} INFO - Processing file /opt/airflow/dags/env/Scripts/pyrsa-priv2pub.exe for tasks to queue
[2025-03-28T14:27:32.593+0000] {logging_mixin.py:190} INFO - [2025-03-28T14:27:32.593+0000] {dagbag.py:588} INFO - Filling up the DagBag from /opt/airflow/dags/env/Scripts/pyrsa-priv2pub.exe
[2025-03-28T14:27:32.610+0000] {logging_mixin.py:190} INFO - [2025-03-28T14:27:32.610+0000] {dagbag.py:435} INFO - File /opt/airflow/dags/env/Scripts/pyrsa-priv2pub.exe:__main__.py assumed to contain no DAGs. Skipping.
[2025-03-28T14:27:32.612+0000] {processor.py:927} WARNING - No viable dags retrieved from /opt/airflow/dags/env/Scripts/pyrsa-priv2pub.exe
[2025-03-28T14:27:32.642+0000] {processor.py:208} INFO - Processing /opt/airflow/dags/env/Scripts/pyrsa-priv2pub.exe took 0.069 seconds
[2025-03-28T14:31:59.054+0000] {processor.py:186} INFO - Started process (PID=2862) to work on /opt/airflow/dags/env/Scripts/pyrsa-priv2pub.exe
[2025-03-28T14:31:59.055+0000] {processor.py:914} INFO - Processing file /opt/airflow/dags/env/Scripts/pyrsa-priv2pub.exe for tasks to queue
[2025-03-28T14:31:59.057+0000] {logging_mixin.py:190} INFO - [2025-03-28T14:31:59.056+0000] {dagbag.py:588} INFO - Filling up the DagBag from /opt/airflow/dags/env/Scripts/pyrsa-priv2pub.exe
[2025-03-28T14:31:59.068+0000] {logging_mixin.py:190} INFO - [2025-03-28T14:31:59.067+0000] {dagbag.py:435} INFO - File /opt/airflow/dags/env/Scripts/pyrsa-priv2pub.exe:__main__.py assumed to contain no DAGs. Skipping.
[2025-03-28T14:31:59.068+0000] {processor.py:927} WARNING - No viable dags retrieved from /opt/airflow/dags/env/Scripts/pyrsa-priv2pub.exe
[2025-03-28T14:31:59.090+0000] {processor.py:208} INFO - Processing /opt/airflow/dags/env/Scripts/pyrsa-priv2pub.exe took 0.048 seconds
[2025-03-28T14:32:30.876+0000] {processor.py:186} INFO - Started process (PID=2886) to work on /opt/airflow/dags/env/Scripts/pyrsa-priv2pub.exe
[2025-03-28T14:32:30.877+0000] {processor.py:914} INFO - Processing file /opt/airflow/dags/env/Scripts/pyrsa-priv2pub.exe for tasks to queue
[2025-03-28T14:32:30.879+0000] {logging_mixin.py:190} INFO - [2025-03-28T14:32:30.879+0000] {dagbag.py:588} INFO - Filling up the DagBag from /opt/airflow/dags/env/Scripts/pyrsa-priv2pub.exe
[2025-03-28T14:32:30.891+0000] {logging_mixin.py:190} INFO - [2025-03-28T14:32:30.891+0000] {dagbag.py:435} INFO - File /opt/airflow/dags/env/Scripts/pyrsa-priv2pub.exe:__main__.py assumed to contain no DAGs. Skipping.
[2025-03-28T14:32:30.892+0000] {processor.py:927} WARNING - No viable dags retrieved from /opt/airflow/dags/env/Scripts/pyrsa-priv2pub.exe
[2025-03-28T14:32:30.916+0000] {processor.py:208} INFO - Processing /opt/airflow/dags/env/Scripts/pyrsa-priv2pub.exe took 0.055 seconds
[2025-03-28T14:37:13.360+0000] {processor.py:186} INFO - Started process (PID=2918) to work on /opt/airflow/dags/env/Scripts/pyrsa-priv2pub.exe
[2025-03-28T14:37:13.361+0000] {processor.py:914} INFO - Processing file /opt/airflow/dags/env/Scripts/pyrsa-priv2pub.exe for tasks to queue
[2025-03-28T14:37:13.363+0000] {logging_mixin.py:190} INFO - [2025-03-28T14:37:13.362+0000] {dagbag.py:588} INFO - Filling up the DagBag from /opt/airflow/dags/env/Scripts/pyrsa-priv2pub.exe
[2025-03-28T14:37:13.374+0000] {logging_mixin.py:190} INFO - [2025-03-28T14:37:13.373+0000] {dagbag.py:435} INFO - File /opt/airflow/dags/env/Scripts/pyrsa-priv2pub.exe:__main__.py assumed to contain no DAGs. Skipping.
[2025-03-28T14:37:13.375+0000] {processor.py:927} WARNING - No viable dags retrieved from /opt/airflow/dags/env/Scripts/pyrsa-priv2pub.exe
[2025-03-28T14:37:13.396+0000] {processor.py:208} INFO - Processing /opt/airflow/dags/env/Scripts/pyrsa-priv2pub.exe took 0.051 seconds
[2025-03-28T14:37:44.334+0000] {processor.py:186} INFO - Started process (PID=2942) to work on /opt/airflow/dags/env/Scripts/pyrsa-priv2pub.exe
[2025-03-28T14:37:44.336+0000] {processor.py:914} INFO - Processing file /opt/airflow/dags/env/Scripts/pyrsa-priv2pub.exe for tasks to queue
[2025-03-28T14:37:44.338+0000] {logging_mixin.py:190} INFO - [2025-03-28T14:37:44.337+0000] {dagbag.py:588} INFO - Filling up the DagBag from /opt/airflow/dags/env/Scripts/pyrsa-priv2pub.exe
[2025-03-28T14:37:44.351+0000] {logging_mixin.py:190} INFO - [2025-03-28T14:37:44.351+0000] {dagbag.py:435} INFO - File /opt/airflow/dags/env/Scripts/pyrsa-priv2pub.exe:__main__.py assumed to contain no DAGs. Skipping.
[2025-03-28T14:37:44.352+0000] {processor.py:927} WARNING - No viable dags retrieved from /opt/airflow/dags/env/Scripts/pyrsa-priv2pub.exe
[2025-03-28T14:37:44.374+0000] {processor.py:208} INFO - Processing /opt/airflow/dags/env/Scripts/pyrsa-priv2pub.exe took 0.052 seconds
[2025-03-28T15:04:49.051+0000] {processor.py:186} INFO - Started process (PID=105) to work on /opt/airflow/dags/env/Scripts/pyrsa-priv2pub.exe
[2025-03-28T15:04:49.053+0000] {processor.py:914} INFO - Processing file /opt/airflow/dags/env/Scripts/pyrsa-priv2pub.exe for tasks to queue
[2025-03-28T15:04:49.059+0000] {logging_mixin.py:190} INFO - [2025-03-28T15:04:49.058+0000] {dagbag.py:588} INFO - Filling up the DagBag from /opt/airflow/dags/env/Scripts/pyrsa-priv2pub.exe
[2025-03-28T15:04:49.080+0000] {logging_mixin.py:190} INFO - [2025-03-28T15:04:49.079+0000] {dagbag.py:435} INFO - File /opt/airflow/dags/env/Scripts/pyrsa-priv2pub.exe:__main__.py assumed to contain no DAGs. Skipping.
[2025-03-28T15:04:49.081+0000] {processor.py:927} WARNING - No viable dags retrieved from /opt/airflow/dags/env/Scripts/pyrsa-priv2pub.exe
[2025-03-28T15:04:49.123+0000] {processor.py:208} INFO - Processing /opt/airflow/dags/env/Scripts/pyrsa-priv2pub.exe took 0.081 seconds
[2025-03-28T15:05:21.693+0000] {processor.py:186} INFO - Started process (PID=129) to work on /opt/airflow/dags/env/Scripts/pyrsa-priv2pub.exe
[2025-03-28T15:05:21.695+0000] {processor.py:914} INFO - Processing file /opt/airflow/dags/env/Scripts/pyrsa-priv2pub.exe for tasks to queue
[2025-03-28T15:05:21.703+0000] {logging_mixin.py:190} INFO - [2025-03-28T15:05:21.702+0000] {dagbag.py:588} INFO - Filling up the DagBag from /opt/airflow/dags/env/Scripts/pyrsa-priv2pub.exe
[2025-03-28T15:05:21.724+0000] {logging_mixin.py:190} INFO - [2025-03-28T15:05:21.723+0000] {dagbag.py:435} INFO - File /opt/airflow/dags/env/Scripts/pyrsa-priv2pub.exe:__main__.py assumed to contain no DAGs. Skipping.
[2025-03-28T15:05:21.726+0000] {processor.py:927} WARNING - No viable dags retrieved from /opt/airflow/dags/env/Scripts/pyrsa-priv2pub.exe
[2025-03-28T15:05:21.765+0000] {processor.py:208} INFO - Processing /opt/airflow/dags/env/Scripts/pyrsa-priv2pub.exe took 0.088 seconds
[2025-03-28T15:16:22.988+0000] {processor.py:186} INFO - Started process (PID=164) to work on /opt/airflow/dags/env/Scripts/pyrsa-priv2pub.exe
[2025-03-28T15:16:22.989+0000] {processor.py:914} INFO - Processing file /opt/airflow/dags/env/Scripts/pyrsa-priv2pub.exe for tasks to queue
[2025-03-28T15:16:22.993+0000] {logging_mixin.py:190} INFO - [2025-03-28T15:16:22.993+0000] {dagbag.py:588} INFO - Filling up the DagBag from /opt/airflow/dags/env/Scripts/pyrsa-priv2pub.exe
[2025-03-28T15:16:23.010+0000] {logging_mixin.py:190} INFO - [2025-03-28T15:16:23.009+0000] {dagbag.py:435} INFO - File /opt/airflow/dags/env/Scripts/pyrsa-priv2pub.exe:__main__.py assumed to contain no DAGs. Skipping.
[2025-03-28T15:16:23.011+0000] {processor.py:927} WARNING - No viable dags retrieved from /opt/airflow/dags/env/Scripts/pyrsa-priv2pub.exe
[2025-03-28T15:16:23.039+0000] {processor.py:208} INFO - Processing /opt/airflow/dags/env/Scripts/pyrsa-priv2pub.exe took 0.058 seconds
[2025-03-28T15:33:31.494+0000] {processor.py:186} INFO - Started process (PID=208) to work on /opt/airflow/dags/env/Scripts/pyrsa-priv2pub.exe
[2025-03-28T15:33:31.495+0000] {processor.py:914} INFO - Processing file /opt/airflow/dags/env/Scripts/pyrsa-priv2pub.exe for tasks to queue
[2025-03-28T15:33:31.501+0000] {logging_mixin.py:190} INFO - [2025-03-28T15:33:31.500+0000] {dagbag.py:588} INFO - Filling up the DagBag from /opt/airflow/dags/env/Scripts/pyrsa-priv2pub.exe
[2025-03-28T15:33:31.519+0000] {logging_mixin.py:190} INFO - [2025-03-28T15:33:31.518+0000] {dagbag.py:435} INFO - File /opt/airflow/dags/env/Scripts/pyrsa-priv2pub.exe:__main__.py assumed to contain no DAGs. Skipping.
[2025-03-28T15:33:31.520+0000] {processor.py:927} WARNING - No viable dags retrieved from /opt/airflow/dags/env/Scripts/pyrsa-priv2pub.exe
[2025-03-28T15:33:31.558+0000] {processor.py:208} INFO - Processing /opt/airflow/dags/env/Scripts/pyrsa-priv2pub.exe took 0.076 seconds
[2025-03-28T17:14:04.725+0000] {processor.py:186} INFO - Started process (PID=301) to work on /opt/airflow/dags/env/Scripts/pyrsa-priv2pub.exe
[2025-03-28T17:14:04.728+0000] {processor.py:914} INFO - Processing file /opt/airflow/dags/env/Scripts/pyrsa-priv2pub.exe for tasks to queue
[2025-03-28T17:14:04.735+0000] {logging_mixin.py:190} INFO - [2025-03-28T17:14:04.733+0000] {dagbag.py:588} INFO - Filling up the DagBag from /opt/airflow/dags/env/Scripts/pyrsa-priv2pub.exe
[2025-03-28T17:14:04.763+0000] {logging_mixin.py:190} INFO - [2025-03-28T17:14:04.763+0000] {dagbag.py:435} INFO - File /opt/airflow/dags/env/Scripts/pyrsa-priv2pub.exe:__main__.py assumed to contain no DAGs. Skipping.
[2025-03-28T17:14:04.766+0000] {processor.py:927} WARNING - No viable dags retrieved from /opt/airflow/dags/env/Scripts/pyrsa-priv2pub.exe
[2025-03-28T17:14:04.807+0000] {processor.py:208} INFO - Processing /opt/airflow/dags/env/Scripts/pyrsa-priv2pub.exe took 0.096 seconds
[2025-03-28T20:25:15.642+0000] {processor.py:186} INFO - Started process (PID=327) to work on /opt/airflow/dags/env/Scripts/pyrsa-priv2pub.exe
[2025-03-28T20:25:15.647+0000] {processor.py:914} INFO - Processing file /opt/airflow/dags/env/Scripts/pyrsa-priv2pub.exe for tasks to queue
[2025-03-28T20:25:15.655+0000] {logging_mixin.py:190} INFO - [2025-03-28T20:25:15.652+0000] {dagbag.py:588} INFO - Filling up the DagBag from /opt/airflow/dags/env/Scripts/pyrsa-priv2pub.exe
[2025-03-28T20:25:15.686+0000] {logging_mixin.py:190} INFO - [2025-03-28T20:25:15.685+0000] {dagbag.py:435} INFO - File /opt/airflow/dags/env/Scripts/pyrsa-priv2pub.exe:__main__.py assumed to contain no DAGs. Skipping.
[2025-03-28T20:25:15.688+0000] {processor.py:927} WARNING - No viable dags retrieved from /opt/airflow/dags/env/Scripts/pyrsa-priv2pub.exe
[2025-03-28T20:25:15.731+0000] {processor.py:208} INFO - Processing /opt/airflow/dags/env/Scripts/pyrsa-priv2pub.exe took 0.105 seconds
[2025-03-28T23:38:04.863+0000] {processor.py:186} INFO - Started process (PID=353) to work on /opt/airflow/dags/env/Scripts/pyrsa-priv2pub.exe
[2025-03-28T23:38:04.865+0000] {processor.py:914} INFO - Processing file /opt/airflow/dags/env/Scripts/pyrsa-priv2pub.exe for tasks to queue
[2025-03-28T23:38:04.873+0000] {logging_mixin.py:190} INFO - [2025-03-28T23:38:04.871+0000] {dagbag.py:588} INFO - Filling up the DagBag from /opt/airflow/dags/env/Scripts/pyrsa-priv2pub.exe
[2025-03-28T23:38:04.903+0000] {logging_mixin.py:190} INFO - [2025-03-28T23:38:04.903+0000] {dagbag.py:435} INFO - File /opt/airflow/dags/env/Scripts/pyrsa-priv2pub.exe:__main__.py assumed to contain no DAGs. Skipping.
[2025-03-28T23:38:04.906+0000] {processor.py:927} WARNING - No viable dags retrieved from /opt/airflow/dags/env/Scripts/pyrsa-priv2pub.exe
[2025-03-28T23:38:04.949+0000] {processor.py:208} INFO - Processing /opt/airflow/dags/env/Scripts/pyrsa-priv2pub.exe took 0.102 seconds
