[2025-03-28T03:45:59.724+0000] {processor.py:186} INFO - Started process (PID=242) to work on /opt/airflow/dags/env/Scripts/slugify.exe
[2025-03-28T03:45:59.725+0000] {processor.py:914} INFO - Processing file /opt/airflow/dags/env/Scripts/slugify.exe for tasks to queue
[2025-03-28T03:45:59.730+0000] {logging_mixin.py:190} INFO - [2025-03-28T03:45:59.729+0000] {dagbag.py:588} INFO - Filling up the DagBag from /opt/airflow/dags/env/Scripts/slugify.exe
[2025-03-28T03:45:59.750+0000] {logging_mixin.py:190} INFO - [2025-03-28T03:45:59.750+0000] {dagbag.py:435} INFO - File /opt/airflow/dags/env/Scripts/slugify.exe:__main__.py assumed to contain no DAGs. Skipping.
[2025-03-28T03:45:59.752+0000] {processor.py:927} WARNING - No viable dags retrieved from /opt/airflow/dags/env/Scripts/slugify.exe
[2025-03-28T03:45:59.781+0000] {processor.py:208} INFO - Processing /opt/airflow/dags/env/Scripts/slugify.exe took 0.073 seconds
[2025-03-28T05:05:28.881+0000] {processor.py:186} INFO - Started process (PID=320) to work on /opt/airflow/dags/env/Scripts/slugify.exe
[2025-03-28T05:05:28.882+0000] {processor.py:914} INFO - Processing file /opt/airflow/dags/env/Scripts/slugify.exe for tasks to queue
[2025-03-28T05:05:28.885+0000] {logging_mixin.py:190} INFO - [2025-03-28T05:05:28.885+0000] {dagbag.py:588} INFO - Filling up the DagBag from /opt/airflow/dags/env/Scripts/slugify.exe
[2025-03-28T05:05:28.901+0000] {logging_mixin.py:190} INFO - [2025-03-28T05:05:28.901+0000] {dagbag.py:435} INFO - File /opt/airflow/dags/env/Scripts/slugify.exe:__main__.py assumed to contain no DAGs. Skipping.
[2025-03-28T05:05:28.903+0000] {processor.py:927} WARNING - No viable dags retrieved from /opt/airflow/dags/env/Scripts/slugify.exe
[2025-03-28T05:05:28.928+0000] {processor.py:208} INFO - Processing /opt/airflow/dags/env/Scripts/slugify.exe took 0.060 seconds
[2025-03-28T05:05:59.491+0000] {processor.py:186} INFO - Started process (PID=344) to work on /opt/airflow/dags/env/Scripts/slugify.exe
[2025-03-28T05:05:59.492+0000] {processor.py:914} INFO - Processing file /opt/airflow/dags/env/Scripts/slugify.exe for tasks to queue
[2025-03-28T05:05:59.496+0000] {logging_mixin.py:190} INFO - [2025-03-28T05:05:59.496+0000] {dagbag.py:588} INFO - Filling up the DagBag from /opt/airflow/dags/env/Scripts/slugify.exe
[2025-03-28T05:05:59.519+0000] {logging_mixin.py:190} INFO - [2025-03-28T05:05:59.519+0000] {dagbag.py:435} INFO - File /opt/airflow/dags/env/Scripts/slugify.exe:__main__.py assumed to contain no DAGs. Skipping.
[2025-03-28T05:05:59.520+0000] {processor.py:927} WARNING - No viable dags retrieved from /opt/airflow/dags/env/Scripts/slugify.exe
[2025-03-28T05:05:59.547+0000] {processor.py:208} INFO - Processing /opt/airflow/dags/env/Scripts/slugify.exe took 0.071 seconds
[2025-03-28T05:17:55.099+0000] {processor.py:186} INFO - Started process (PID=394) to work on /opt/airflow/dags/env/Scripts/slugify.exe
[2025-03-28T05:17:55.100+0000] {processor.py:914} INFO - Processing file /opt/airflow/dags/env/Scripts/slugify.exe for tasks to queue
[2025-03-28T05:17:55.103+0000] {logging_mixin.py:190} INFO - [2025-03-28T05:17:55.103+0000] {dagbag.py:588} INFO - Filling up the DagBag from /opt/airflow/dags/env/Scripts/slugify.exe
[2025-03-28T05:17:55.116+0000] {logging_mixin.py:190} INFO - [2025-03-28T05:17:55.116+0000] {dagbag.py:435} INFO - File /opt/airflow/dags/env/Scripts/slugify.exe:__main__.py assumed to contain no DAGs. Skipping.
[2025-03-28T05:17:55.117+0000] {processor.py:927} WARNING - No viable dags retrieved from /opt/airflow/dags/env/Scripts/slugify.exe
[2025-03-28T05:17:55.141+0000] {processor.py:208} INFO - Processing /opt/airflow/dags/env/Scripts/slugify.exe took 0.054 seconds
[2025-03-28T05:18:27.816+0000] {processor.py:186} INFO - Started process (PID=418) to work on /opt/airflow/dags/env/Scripts/slugify.exe
[2025-03-28T05:18:27.820+0000] {processor.py:914} INFO - Processing file /opt/airflow/dags/env/Scripts/slugify.exe for tasks to queue
[2025-03-28T05:18:27.835+0000] {logging_mixin.py:190} INFO - [2025-03-28T05:18:27.834+0000] {dagbag.py:588} INFO - Filling up the DagBag from /opt/airflow/dags/env/Scripts/slugify.exe
[2025-03-28T05:18:27.877+0000] {logging_mixin.py:190} INFO - [2025-03-28T05:18:27.876+0000] {dagbag.py:435} INFO - File /opt/airflow/dags/env/Scripts/slugify.exe:__main__.py assumed to contain no DAGs. Skipping.
[2025-03-28T05:18:27.879+0000] {processor.py:927} WARNING - No viable dags retrieved from /opt/airflow/dags/env/Scripts/slugify.exe
[2025-03-28T05:18:27.941+0000] {processor.py:208} INFO - Processing /opt/airflow/dags/env/Scripts/slugify.exe took 0.179 seconds
[2025-03-28T05:34:38.666+0000] {processor.py:186} INFO - Started process (PID=443) to work on /opt/airflow/dags/env/Scripts/slugify.exe
[2025-03-28T05:34:38.669+0000] {processor.py:914} INFO - Processing file /opt/airflow/dags/env/Scripts/slugify.exe for tasks to queue
[2025-03-28T05:34:38.676+0000] {logging_mixin.py:190} INFO - [2025-03-28T05:34:38.675+0000] {dagbag.py:588} INFO - Filling up the DagBag from /opt/airflow/dags/env/Scripts/slugify.exe
[2025-03-28T05:34:38.702+0000] {logging_mixin.py:190} INFO - [2025-03-28T05:34:38.701+0000] {dagbag.py:435} INFO - File /opt/airflow/dags/env/Scripts/slugify.exe:__main__.py assumed to contain no DAGs. Skipping.
[2025-03-28T05:34:38.704+0000] {processor.py:927} WARNING - No viable dags retrieved from /opt/airflow/dags/env/Scripts/slugify.exe
[2025-03-28T05:34:38.748+0000] {processor.py:208} INFO - Processing /opt/airflow/dags/env/Scripts/slugify.exe took 0.108 seconds
[2025-03-28T05:35:12.652+0000] {processor.py:186} INFO - Started process (PID=468) to work on /opt/airflow/dags/env/Scripts/slugify.exe
[2025-03-28T05:35:12.653+0000] {processor.py:914} INFO - Processing file /opt/airflow/dags/env/Scripts/slugify.exe for tasks to queue
[2025-03-28T05:35:12.658+0000] {logging_mixin.py:190} INFO - [2025-03-28T05:35:12.657+0000] {dagbag.py:588} INFO - Filling up the DagBag from /opt/airflow/dags/env/Scripts/slugify.exe
[2025-03-28T05:35:12.690+0000] {logging_mixin.py:190} INFO - [2025-03-28T05:35:12.690+0000] {dagbag.py:435} INFO - File /opt/airflow/dags/env/Scripts/slugify.exe:__main__.py assumed to contain no DAGs. Skipping.
[2025-03-28T05:35:12.693+0000] {processor.py:927} WARNING - No viable dags retrieved from /opt/airflow/dags/env/Scripts/slugify.exe
[2025-03-28T05:35:12.730+0000] {processor.py:208} INFO - Processing /opt/airflow/dags/env/Scripts/slugify.exe took 0.101 seconds
[2025-03-28T05:45:07.904+0000] {processor.py:186} INFO - Started process (PID=507) to work on /opt/airflow/dags/env/Scripts/slugify.exe
[2025-03-28T05:45:07.906+0000] {processor.py:914} INFO - Processing file /opt/airflow/dags/env/Scripts/slugify.exe for tasks to queue
[2025-03-28T05:45:07.908+0000] {logging_mixin.py:190} INFO - [2025-03-28T05:45:07.908+0000] {dagbag.py:588} INFO - Filling up the DagBag from /opt/airflow/dags/env/Scripts/slugify.exe
[2025-03-28T05:45:07.920+0000] {logging_mixin.py:190} INFO - [2025-03-28T05:45:07.920+0000] {dagbag.py:435} INFO - File /opt/airflow/dags/env/Scripts/slugify.exe:__main__.py assumed to contain no DAGs. Skipping.
[2025-03-28T05:45:07.921+0000] {processor.py:927} WARNING - No viable dags retrieved from /opt/airflow/dags/env/Scripts/slugify.exe
[2025-03-28T05:45:07.942+0000] {processor.py:208} INFO - Processing /opt/airflow/dags/env/Scripts/slugify.exe took 0.049 seconds
[2025-03-28T06:00:53.112+0000] {processor.py:186} INFO - Started process (PID=661) to work on /opt/airflow/dags/env/Scripts/slugify.exe
[2025-03-28T06:00:53.114+0000] {processor.py:914} INFO - Processing file /opt/airflow/dags/env/Scripts/slugify.exe for tasks to queue
[2025-03-28T06:00:53.117+0000] {logging_mixin.py:190} INFO - [2025-03-28T06:00:53.117+0000] {dagbag.py:588} INFO - Filling up the DagBag from /opt/airflow/dags/env/Scripts/slugify.exe
[2025-03-28T06:00:53.131+0000] {logging_mixin.py:190} INFO - [2025-03-28T06:00:53.131+0000] {dagbag.py:435} INFO - File /opt/airflow/dags/env/Scripts/slugify.exe:__main__.py assumed to contain no DAGs. Skipping.
[2025-03-28T06:00:53.132+0000] {processor.py:927} WARNING - No viable dags retrieved from /opt/airflow/dags/env/Scripts/slugify.exe
[2025-03-28T06:00:53.155+0000] {processor.py:208} INFO - Processing /opt/airflow/dags/env/Scripts/slugify.exe took 0.055 seconds
[2025-03-28T06:10:53.625+0000] {processor.py:186} INFO - Started process (PID=685) to work on /opt/airflow/dags/env/Scripts/slugify.exe
[2025-03-28T06:10:53.628+0000] {processor.py:914} INFO - Processing file /opt/airflow/dags/env/Scripts/slugify.exe for tasks to queue
[2025-03-28T06:10:53.632+0000] {logging_mixin.py:190} INFO - [2025-03-28T06:10:53.631+0000] {dagbag.py:588} INFO - Filling up the DagBag from /opt/airflow/dags/env/Scripts/slugify.exe
[2025-03-28T06:10:53.659+0000] {logging_mixin.py:190} INFO - [2025-03-28T06:10:53.658+0000] {dagbag.py:435} INFO - File /opt/airflow/dags/env/Scripts/slugify.exe:__main__.py assumed to contain no DAGs. Skipping.
[2025-03-28T06:10:53.661+0000] {processor.py:927} WARNING - No viable dags retrieved from /opt/airflow/dags/env/Scripts/slugify.exe
[2025-03-28T06:10:53.711+0000] {processor.py:208} INFO - Processing /opt/airflow/dags/env/Scripts/slugify.exe took 0.120 seconds
[2025-03-28T06:42:26.280+0000] {processor.py:186} INFO - Started process (PID=926) to work on /opt/airflow/dags/env/Scripts/slugify.exe
[2025-03-28T06:42:26.283+0000] {processor.py:914} INFO - Processing file /opt/airflow/dags/env/Scripts/slugify.exe for tasks to queue
[2025-03-28T06:42:26.287+0000] {logging_mixin.py:190} INFO - [2025-03-28T06:42:26.286+0000] {dagbag.py:588} INFO - Filling up the DagBag from /opt/airflow/dags/env/Scripts/slugify.exe
[2025-03-28T06:42:26.315+0000] {logging_mixin.py:190} INFO - [2025-03-28T06:42:26.314+0000] {dagbag.py:435} INFO - File /opt/airflow/dags/env/Scripts/slugify.exe:__main__.py assumed to contain no DAGs. Skipping.
[2025-03-28T06:42:26.316+0000] {processor.py:927} WARNING - No viable dags retrieved from /opt/airflow/dags/env/Scripts/slugify.exe
[2025-03-28T06:42:26.360+0000] {processor.py:208} INFO - Processing /opt/airflow/dags/env/Scripts/slugify.exe took 0.132 seconds
[2025-03-28T06:57:39.972+0000] {processor.py:186} INFO - Started process (PID=1056) to work on /opt/airflow/dags/env/Scripts/slugify.exe
[2025-03-28T06:57:39.974+0000] {processor.py:914} INFO - Processing file /opt/airflow/dags/env/Scripts/slugify.exe for tasks to queue
[2025-03-28T06:57:39.976+0000] {logging_mixin.py:190} INFO - [2025-03-28T06:57:39.975+0000] {dagbag.py:588} INFO - Filling up the DagBag from /opt/airflow/dags/env/Scripts/slugify.exe
[2025-03-28T06:57:39.990+0000] {logging_mixin.py:190} INFO - [2025-03-28T06:57:39.989+0000] {dagbag.py:435} INFO - File /opt/airflow/dags/env/Scripts/slugify.exe:__main__.py assumed to contain no DAGs. Skipping.
[2025-03-28T06:57:39.991+0000] {processor.py:927} WARNING - No viable dags retrieved from /opt/airflow/dags/env/Scripts/slugify.exe
[2025-03-28T06:57:40.024+0000] {processor.py:208} INFO - Processing /opt/airflow/dags/env/Scripts/slugify.exe took 0.064 seconds
[2025-03-28T08:42:48.049+0000] {processor.py:186} INFO - Started process (PID=1244) to work on /opt/airflow/dags/env/Scripts/slugify.exe
[2025-03-28T08:42:48.051+0000] {processor.py:914} INFO - Processing file /opt/airflow/dags/env/Scripts/slugify.exe for tasks to queue
[2025-03-28T08:42:48.053+0000] {logging_mixin.py:190} INFO - [2025-03-28T08:42:48.052+0000] {dagbag.py:588} INFO - Filling up the DagBag from /opt/airflow/dags/env/Scripts/slugify.exe
[2025-03-28T08:42:48.075+0000] {logging_mixin.py:190} INFO - [2025-03-28T08:42:48.075+0000] {dagbag.py:435} INFO - File /opt/airflow/dags/env/Scripts/slugify.exe:__main__.py assumed to contain no DAGs. Skipping.
[2025-03-28T08:42:48.077+0000] {processor.py:927} WARNING - No viable dags retrieved from /opt/airflow/dags/env/Scripts/slugify.exe
[2025-03-28T08:42:48.110+0000] {processor.py:208} INFO - Processing /opt/airflow/dags/env/Scripts/slugify.exe took 0.078 seconds
[2025-03-28T08:47:53.501+0000] {processor.py:186} INFO - Started process (PID=1269) to work on /opt/airflow/dags/env/Scripts/slugify.exe
[2025-03-28T08:47:53.503+0000] {processor.py:914} INFO - Processing file /opt/airflow/dags/env/Scripts/slugify.exe for tasks to queue
[2025-03-28T08:47:53.505+0000] {logging_mixin.py:190} INFO - [2025-03-28T08:47:53.504+0000] {dagbag.py:588} INFO - Filling up the DagBag from /opt/airflow/dags/env/Scripts/slugify.exe
[2025-03-28T08:47:53.519+0000] {logging_mixin.py:190} INFO - [2025-03-28T08:47:53.519+0000] {dagbag.py:435} INFO - File /opt/airflow/dags/env/Scripts/slugify.exe:__main__.py assumed to contain no DAGs. Skipping.
[2025-03-28T08:47:53.520+0000] {processor.py:927} WARNING - No viable dags retrieved from /opt/airflow/dags/env/Scripts/slugify.exe
[2025-03-28T08:47:53.541+0000] {processor.py:208} INFO - Processing /opt/airflow/dags/env/Scripts/slugify.exe took 0.051 seconds
[2025-03-28T09:31:01.168+0000] {processor.py:186} INFO - Started process (PID=1446) to work on /opt/airflow/dags/env/Scripts/slugify.exe
[2025-03-28T09:31:01.170+0000] {processor.py:914} INFO - Processing file /opt/airflow/dags/env/Scripts/slugify.exe for tasks to queue
[2025-03-28T09:31:01.173+0000] {logging_mixin.py:190} INFO - [2025-03-28T09:31:01.172+0000] {dagbag.py:588} INFO - Filling up the DagBag from /opt/airflow/dags/env/Scripts/slugify.exe
[2025-03-28T09:31:01.190+0000] {logging_mixin.py:190} INFO - [2025-03-28T09:31:01.189+0000] {dagbag.py:435} INFO - File /opt/airflow/dags/env/Scripts/slugify.exe:__main__.py assumed to contain no DAGs. Skipping.
[2025-03-28T09:31:01.191+0000] {processor.py:927} WARNING - No viable dags retrieved from /opt/airflow/dags/env/Scripts/slugify.exe
[2025-03-28T09:31:01.242+0000] {processor.py:208} INFO - Processing /opt/airflow/dags/env/Scripts/slugify.exe took 0.098 seconds
[2025-03-28T09:31:32.453+0000] {processor.py:186} INFO - Started process (PID=1470) to work on /opt/airflow/dags/env/Scripts/slugify.exe
[2025-03-28T09:31:32.455+0000] {processor.py:914} INFO - Processing file /opt/airflow/dags/env/Scripts/slugify.exe for tasks to queue
[2025-03-28T09:31:32.458+0000] {logging_mixin.py:190} INFO - [2025-03-28T09:31:32.457+0000] {dagbag.py:588} INFO - Filling up the DagBag from /opt/airflow/dags/env/Scripts/slugify.exe
[2025-03-28T09:31:32.473+0000] {logging_mixin.py:190} INFO - [2025-03-28T09:31:32.473+0000] {dagbag.py:435} INFO - File /opt/airflow/dags/env/Scripts/slugify.exe:__main__.py assumed to contain no DAGs. Skipping.
[2025-03-28T09:31:32.474+0000] {processor.py:927} WARNING - No viable dags retrieved from /opt/airflow/dags/env/Scripts/slugify.exe
[2025-03-28T09:31:32.506+0000] {processor.py:208} INFO - Processing /opt/airflow/dags/env/Scripts/slugify.exe took 0.073 seconds
[2025-03-28T09:42:05.330+0000] {processor.py:186} INFO - Started process (PID=1496) to work on /opt/airflow/dags/env/Scripts/slugify.exe
[2025-03-28T09:42:05.331+0000] {processor.py:914} INFO - Processing file /opt/airflow/dags/env/Scripts/slugify.exe for tasks to queue
[2025-03-28T09:42:05.333+0000] {logging_mixin.py:190} INFO - [2025-03-28T09:42:05.333+0000] {dagbag.py:588} INFO - Filling up the DagBag from /opt/airflow/dags/env/Scripts/slugify.exe
[2025-03-28T09:42:05.345+0000] {logging_mixin.py:190} INFO - [2025-03-28T09:42:05.344+0000] {dagbag.py:435} INFO - File /opt/airflow/dags/env/Scripts/slugify.exe:__main__.py assumed to contain no DAGs. Skipping.
[2025-03-28T09:42:05.346+0000] {processor.py:927} WARNING - No viable dags retrieved from /opt/airflow/dags/env/Scripts/slugify.exe
[2025-03-28T09:42:05.365+0000] {processor.py:208} INFO - Processing /opt/airflow/dags/env/Scripts/slugify.exe took 0.046 seconds
[2025-03-28T09:47:19.529+0000] {processor.py:186} INFO - Started process (PID=1530) to work on /opt/airflow/dags/env/Scripts/slugify.exe
[2025-03-28T09:47:19.530+0000] {processor.py:914} INFO - Processing file /opt/airflow/dags/env/Scripts/slugify.exe for tasks to queue
[2025-03-28T09:47:19.532+0000] {logging_mixin.py:190} INFO - [2025-03-28T09:47:19.531+0000] {dagbag.py:588} INFO - Filling up the DagBag from /opt/airflow/dags/env/Scripts/slugify.exe
[2025-03-28T09:47:19.545+0000] {logging_mixin.py:190} INFO - [2025-03-28T09:47:19.545+0000] {dagbag.py:435} INFO - File /opt/airflow/dags/env/Scripts/slugify.exe:__main__.py assumed to contain no DAGs. Skipping.
[2025-03-28T09:47:19.546+0000] {processor.py:927} WARNING - No viable dags retrieved from /opt/airflow/dags/env/Scripts/slugify.exe
[2025-03-28T09:47:19.568+0000] {processor.py:208} INFO - Processing /opt/airflow/dags/env/Scripts/slugify.exe took 0.055 seconds
[2025-03-28T09:52:29.337+0000] {processor.py:186} INFO - Started process (PID=1560) to work on /opt/airflow/dags/env/Scripts/slugify.exe
[2025-03-28T09:52:29.339+0000] {processor.py:914} INFO - Processing file /opt/airflow/dags/env/Scripts/slugify.exe for tasks to queue
[2025-03-28T09:52:29.343+0000] {logging_mixin.py:190} INFO - [2025-03-28T09:52:29.342+0000] {dagbag.py:588} INFO - Filling up the DagBag from /opt/airflow/dags/env/Scripts/slugify.exe
[2025-03-28T09:52:29.366+0000] {logging_mixin.py:190} INFO - [2025-03-28T09:52:29.366+0000] {dagbag.py:435} INFO - File /opt/airflow/dags/env/Scripts/slugify.exe:__main__.py assumed to contain no DAGs. Skipping.
[2025-03-28T09:52:29.369+0000] {processor.py:927} WARNING - No viable dags retrieved from /opt/airflow/dags/env/Scripts/slugify.exe
[2025-03-28T09:52:29.412+0000] {processor.py:208} INFO - Processing /opt/airflow/dags/env/Scripts/slugify.exe took 0.100 seconds
[2025-03-28T10:09:11.908+0000] {processor.py:186} INFO - Started process (PID=1585) to work on /opt/airflow/dags/env/Scripts/slugify.exe
[2025-03-28T10:09:11.909+0000] {processor.py:914} INFO - Processing file /opt/airflow/dags/env/Scripts/slugify.exe for tasks to queue
[2025-03-28T10:09:11.911+0000] {logging_mixin.py:190} INFO - [2025-03-28T10:09:11.911+0000] {dagbag.py:588} INFO - Filling up the DagBag from /opt/airflow/dags/env/Scripts/slugify.exe
[2025-03-28T10:09:11.926+0000] {logging_mixin.py:190} INFO - [2025-03-28T10:09:11.925+0000] {dagbag.py:435} INFO - File /opt/airflow/dags/env/Scripts/slugify.exe:__main__.py assumed to contain no DAGs. Skipping.
[2025-03-28T10:09:11.927+0000] {processor.py:927} WARNING - No viable dags retrieved from /opt/airflow/dags/env/Scripts/slugify.exe
[2025-03-28T10:09:11.947+0000] {processor.py:208} INFO - Processing /opt/airflow/dags/env/Scripts/slugify.exe took 0.052 seconds
[2025-03-28T10:09:43.775+0000] {processor.py:186} INFO - Started process (PID=1610) to work on /opt/airflow/dags/env/Scripts/slugify.exe
[2025-03-28T10:09:43.776+0000] {processor.py:914} INFO - Processing file /opt/airflow/dags/env/Scripts/slugify.exe for tasks to queue
[2025-03-28T10:09:43.778+0000] {logging_mixin.py:190} INFO - [2025-03-28T10:09:43.777+0000] {dagbag.py:588} INFO - Filling up the DagBag from /opt/airflow/dags/env/Scripts/slugify.exe
[2025-03-28T10:09:43.796+0000] {logging_mixin.py:190} INFO - [2025-03-28T10:09:43.795+0000] {dagbag.py:435} INFO - File /opt/airflow/dags/env/Scripts/slugify.exe:__main__.py assumed to contain no DAGs. Skipping.
[2025-03-28T10:09:43.797+0000] {processor.py:927} WARNING - No viable dags retrieved from /opt/airflow/dags/env/Scripts/slugify.exe
[2025-03-28T10:09:43.822+0000] {processor.py:208} INFO - Processing /opt/airflow/dags/env/Scripts/slugify.exe took 0.063 seconds
[2025-03-28T10:27:05.451+0000] {processor.py:186} INFO - Started process (PID=1634) to work on /opt/airflow/dags/env/Scripts/slugify.exe
[2025-03-28T10:27:05.453+0000] {processor.py:914} INFO - Processing file /opt/airflow/dags/env/Scripts/slugify.exe for tasks to queue
[2025-03-28T10:27:05.455+0000] {logging_mixin.py:190} INFO - [2025-03-28T10:27:05.455+0000] {dagbag.py:588} INFO - Filling up the DagBag from /opt/airflow/dags/env/Scripts/slugify.exe
[2025-03-28T10:27:05.470+0000] {logging_mixin.py:190} INFO - [2025-03-28T10:27:05.470+0000] {dagbag.py:435} INFO - File /opt/airflow/dags/env/Scripts/slugify.exe:__main__.py assumed to contain no DAGs. Skipping.
[2025-03-28T10:27:05.472+0000] {processor.py:927} WARNING - No viable dags retrieved from /opt/airflow/dags/env/Scripts/slugify.exe
[2025-03-28T10:27:05.506+0000] {processor.py:208} INFO - Processing /opt/airflow/dags/env/Scripts/slugify.exe took 0.069 seconds
[2025-03-28T10:31:27.855+0000] {processor.py:186} INFO - Started process (PID=1660) to work on /opt/airflow/dags/env/Scripts/slugify.exe
[2025-03-28T10:31:27.858+0000] {processor.py:914} INFO - Processing file /opt/airflow/dags/env/Scripts/slugify.exe for tasks to queue
[2025-03-28T10:31:27.861+0000] {logging_mixin.py:190} INFO - [2025-03-28T10:31:27.860+0000] {dagbag.py:588} INFO - Filling up the DagBag from /opt/airflow/dags/env/Scripts/slugify.exe
[2025-03-28T10:31:27.875+0000] {logging_mixin.py:190} INFO - [2025-03-28T10:31:27.875+0000] {dagbag.py:435} INFO - File /opt/airflow/dags/env/Scripts/slugify.exe:__main__.py assumed to contain no DAGs. Skipping.
[2025-03-28T10:31:27.877+0000] {processor.py:927} WARNING - No viable dags retrieved from /opt/airflow/dags/env/Scripts/slugify.exe
[2025-03-28T10:31:27.907+0000] {processor.py:208} INFO - Processing /opt/airflow/dags/env/Scripts/slugify.exe took 0.076 seconds
[2025-03-28T10:32:00.149+0000] {processor.py:186} INFO - Started process (PID=1684) to work on /opt/airflow/dags/env/Scripts/slugify.exe
[2025-03-28T10:32:00.151+0000] {processor.py:914} INFO - Processing file /opt/airflow/dags/env/Scripts/slugify.exe for tasks to queue
[2025-03-28T10:32:00.155+0000] {logging_mixin.py:190} INFO - [2025-03-28T10:32:00.154+0000] {dagbag.py:588} INFO - Filling up the DagBag from /opt/airflow/dags/env/Scripts/slugify.exe
[2025-03-28T10:32:00.178+0000] {logging_mixin.py:190} INFO - [2025-03-28T10:32:00.177+0000] {dagbag.py:435} INFO - File /opt/airflow/dags/env/Scripts/slugify.exe:__main__.py assumed to contain no DAGs. Skipping.
[2025-03-28T10:32:00.179+0000] {processor.py:927} WARNING - No viable dags retrieved from /opt/airflow/dags/env/Scripts/slugify.exe
[2025-03-28T10:32:00.227+0000] {processor.py:208} INFO - Processing /opt/airflow/dags/env/Scripts/slugify.exe took 0.111 seconds
[2025-03-28T10:36:44.206+0000] {processor.py:186} INFO - Started process (PID=1714) to work on /opt/airflow/dags/env/Scripts/slugify.exe
[2025-03-28T10:36:44.209+0000] {processor.py:914} INFO - Processing file /opt/airflow/dags/env/Scripts/slugify.exe for tasks to queue
[2025-03-28T10:36:44.212+0000] {logging_mixin.py:190} INFO - [2025-03-28T10:36:44.211+0000] {dagbag.py:588} INFO - Filling up the DagBag from /opt/airflow/dags/env/Scripts/slugify.exe
[2025-03-28T10:36:44.244+0000] {logging_mixin.py:190} INFO - [2025-03-28T10:36:44.243+0000] {dagbag.py:435} INFO - File /opt/airflow/dags/env/Scripts/slugify.exe:__main__.py assumed to contain no DAGs. Skipping.
[2025-03-28T10:36:44.246+0000] {processor.py:927} WARNING - No viable dags retrieved from /opt/airflow/dags/env/Scripts/slugify.exe
[2025-03-28T10:36:44.296+0000] {processor.py:208} INFO - Processing /opt/airflow/dags/env/Scripts/slugify.exe took 0.121 seconds
[2025-03-28T10:37:15.794+0000] {processor.py:186} INFO - Started process (PID=1738) to work on /opt/airflow/dags/env/Scripts/slugify.exe
[2025-03-28T10:37:15.796+0000] {processor.py:914} INFO - Processing file /opt/airflow/dags/env/Scripts/slugify.exe for tasks to queue
[2025-03-28T10:37:15.799+0000] {logging_mixin.py:190} INFO - [2025-03-28T10:37:15.798+0000] {dagbag.py:588} INFO - Filling up the DagBag from /opt/airflow/dags/env/Scripts/slugify.exe
[2025-03-28T10:37:15.825+0000] {logging_mixin.py:190} INFO - [2025-03-28T10:37:15.824+0000] {dagbag.py:435} INFO - File /opt/airflow/dags/env/Scripts/slugify.exe:__main__.py assumed to contain no DAGs. Skipping.
[2025-03-28T10:37:15.827+0000] {processor.py:927} WARNING - No viable dags retrieved from /opt/airflow/dags/env/Scripts/slugify.exe
[2025-03-28T10:37:16.034+0000] {processor.py:208} INFO - Processing /opt/airflow/dags/env/Scripts/slugify.exe took 0.263 seconds
[2025-03-28T11:52:30.964+0000] {processor.py:186} INFO - Started process (PID=1759) to work on /opt/airflow/dags/env/Scripts/slugify.exe
[2025-03-28T11:52:30.965+0000] {processor.py:914} INFO - Processing file /opt/airflow/dags/env/Scripts/slugify.exe for tasks to queue
[2025-03-28T11:52:30.967+0000] {logging_mixin.py:190} INFO - [2025-03-28T11:52:30.967+0000] {dagbag.py:588} INFO - Filling up the DagBag from /opt/airflow/dags/env/Scripts/slugify.exe
[2025-03-28T11:52:30.979+0000] {logging_mixin.py:190} INFO - [2025-03-28T11:52:30.979+0000] {dagbag.py:435} INFO - File /opt/airflow/dags/env/Scripts/slugify.exe:__main__.py assumed to contain no DAGs. Skipping.
[2025-03-28T11:52:30.980+0000] {processor.py:927} WARNING - No viable dags retrieved from /opt/airflow/dags/env/Scripts/slugify.exe
[2025-03-28T11:52:31.001+0000] {processor.py:208} INFO - Processing /opt/airflow/dags/env/Scripts/slugify.exe took 0.049 seconds
[2025-03-28T11:53:08.989+0000] {processor.py:186} INFO - Started process (PID=1783) to work on /opt/airflow/dags/env/Scripts/slugify.exe
[2025-03-28T11:53:08.991+0000] {processor.py:914} INFO - Processing file /opt/airflow/dags/env/Scripts/slugify.exe for tasks to queue
[2025-03-28T11:53:08.995+0000] {logging_mixin.py:190} INFO - [2025-03-28T11:53:08.994+0000] {dagbag.py:588} INFO - Filling up the DagBag from /opt/airflow/dags/env/Scripts/slugify.exe
[2025-03-28T11:53:09.018+0000] {logging_mixin.py:190} INFO - [2025-03-28T11:53:09.017+0000] {dagbag.py:435} INFO - File /opt/airflow/dags/env/Scripts/slugify.exe:__main__.py assumed to contain no DAGs. Skipping.
[2025-03-28T11:53:09.020+0000] {processor.py:927} WARNING - No viable dags retrieved from /opt/airflow/dags/env/Scripts/slugify.exe
[2025-03-28T11:53:09.061+0000] {processor.py:208} INFO - Processing /opt/airflow/dags/env/Scripts/slugify.exe took 0.096 seconds
[2025-03-28T12:52:14.199+0000] {processor.py:186} INFO - Started process (PID=1806) to work on /opt/airflow/dags/env/Scripts/slugify.exe
[2025-03-28T12:52:14.201+0000] {processor.py:914} INFO - Processing file /opt/airflow/dags/env/Scripts/slugify.exe for tasks to queue
[2025-03-28T12:52:14.203+0000] {logging_mixin.py:190} INFO - [2025-03-28T12:52:14.202+0000] {dagbag.py:588} INFO - Filling up the DagBag from /opt/airflow/dags/env/Scripts/slugify.exe
[2025-03-28T12:52:14.216+0000] {logging_mixin.py:190} INFO - [2025-03-28T12:52:14.216+0000] {dagbag.py:435} INFO - File /opt/airflow/dags/env/Scripts/slugify.exe:__main__.py assumed to contain no DAGs. Skipping.
[2025-03-28T12:52:14.217+0000] {processor.py:927} WARNING - No viable dags retrieved from /opt/airflow/dags/env/Scripts/slugify.exe
[2025-03-28T12:52:14.240+0000] {processor.py:208} INFO - Processing /opt/airflow/dags/env/Scripts/slugify.exe took 0.053 seconds
[2025-03-28T12:52:45.357+0000] {processor.py:186} INFO - Started process (PID=1830) to work on /opt/airflow/dags/env/Scripts/slugify.exe
[2025-03-28T12:52:45.358+0000] {processor.py:914} INFO - Processing file /opt/airflow/dags/env/Scripts/slugify.exe for tasks to queue
[2025-03-28T12:52:45.361+0000] {logging_mixin.py:190} INFO - [2025-03-28T12:52:45.360+0000] {dagbag.py:588} INFO - Filling up the DagBag from /opt/airflow/dags/env/Scripts/slugify.exe
[2025-03-28T12:52:45.374+0000] {logging_mixin.py:190} INFO - [2025-03-28T12:52:45.373+0000] {dagbag.py:435} INFO - File /opt/airflow/dags/env/Scripts/slugify.exe:__main__.py assumed to contain no DAGs. Skipping.
[2025-03-28T12:52:45.375+0000] {processor.py:927} WARNING - No viable dags retrieved from /opt/airflow/dags/env/Scripts/slugify.exe
[2025-03-28T12:52:45.399+0000] {processor.py:208} INFO - Processing /opt/airflow/dags/env/Scripts/slugify.exe took 0.055 seconds
[2025-03-28T12:57:06.688+0000] {processor.py:186} INFO - Started process (PID=1856) to work on /opt/airflow/dags/env/Scripts/slugify.exe
[2025-03-28T12:57:06.689+0000] {processor.py:914} INFO - Processing file /opt/airflow/dags/env/Scripts/slugify.exe for tasks to queue
[2025-03-28T12:57:06.691+0000] {logging_mixin.py:190} INFO - [2025-03-28T12:57:06.690+0000] {dagbag.py:588} INFO - Filling up the DagBag from /opt/airflow/dags/env/Scripts/slugify.exe
[2025-03-28T12:57:06.704+0000] {logging_mixin.py:190} INFO - [2025-03-28T12:57:06.704+0000] {dagbag.py:435} INFO - File /opt/airflow/dags/env/Scripts/slugify.exe:__main__.py assumed to contain no DAGs. Skipping.
[2025-03-28T12:57:06.705+0000] {processor.py:927} WARNING - No viable dags retrieved from /opt/airflow/dags/env/Scripts/slugify.exe
[2025-03-28T12:57:06.727+0000] {processor.py:208} INFO - Processing /opt/airflow/dags/env/Scripts/slugify.exe took 0.050 seconds
[2025-03-28T12:57:38.051+0000] {processor.py:186} INFO - Started process (PID=1880) to work on /opt/airflow/dags/env/Scripts/slugify.exe
[2025-03-28T12:57:38.053+0000] {processor.py:914} INFO - Processing file /opt/airflow/dags/env/Scripts/slugify.exe for tasks to queue
[2025-03-28T12:57:38.054+0000] {logging_mixin.py:190} INFO - [2025-03-28T12:57:38.054+0000] {dagbag.py:588} INFO - Filling up the DagBag from /opt/airflow/dags/env/Scripts/slugify.exe
[2025-03-28T12:57:38.067+0000] {logging_mixin.py:190} INFO - [2025-03-28T12:57:38.067+0000] {dagbag.py:435} INFO - File /opt/airflow/dags/env/Scripts/slugify.exe:__main__.py assumed to contain no DAGs. Skipping.
[2025-03-28T12:57:38.068+0000] {processor.py:927} WARNING - No viable dags retrieved from /opt/airflow/dags/env/Scripts/slugify.exe
[2025-03-28T12:57:38.091+0000] {processor.py:208} INFO - Processing /opt/airflow/dags/env/Scripts/slugify.exe took 0.052 seconds
[2025-03-28T13:02:08.535+0000] {processor.py:186} INFO - Started process (PID=1909) to work on /opt/airflow/dags/env/Scripts/slugify.exe
[2025-03-28T13:02:08.536+0000] {processor.py:914} INFO - Processing file /opt/airflow/dags/env/Scripts/slugify.exe for tasks to queue
[2025-03-28T13:02:08.537+0000] {logging_mixin.py:190} INFO - [2025-03-28T13:02:08.537+0000] {dagbag.py:588} INFO - Filling up the DagBag from /opt/airflow/dags/env/Scripts/slugify.exe
[2025-03-28T13:02:08.550+0000] {logging_mixin.py:190} INFO - [2025-03-28T13:02:08.549+0000] {dagbag.py:435} INFO - File /opt/airflow/dags/env/Scripts/slugify.exe:__main__.py assumed to contain no DAGs. Skipping.
[2025-03-28T13:02:08.551+0000] {processor.py:927} WARNING - No viable dags retrieved from /opt/airflow/dags/env/Scripts/slugify.exe
[2025-03-28T13:02:08.573+0000] {processor.py:208} INFO - Processing /opt/airflow/dags/env/Scripts/slugify.exe took 0.050 seconds
[2025-03-28T13:02:40.062+0000] {processor.py:186} INFO - Started process (PID=1933) to work on /opt/airflow/dags/env/Scripts/slugify.exe
[2025-03-28T13:02:40.064+0000] {processor.py:914} INFO - Processing file /opt/airflow/dags/env/Scripts/slugify.exe for tasks to queue
[2025-03-28T13:02:40.065+0000] {logging_mixin.py:190} INFO - [2025-03-28T13:02:40.065+0000] {dagbag.py:588} INFO - Filling up the DagBag from /opt/airflow/dags/env/Scripts/slugify.exe
[2025-03-28T13:02:40.077+0000] {logging_mixin.py:190} INFO - [2025-03-28T13:02:40.076+0000] {dagbag.py:435} INFO - File /opt/airflow/dags/env/Scripts/slugify.exe:__main__.py assumed to contain no DAGs. Skipping.
[2025-03-28T13:02:40.078+0000] {processor.py:927} WARNING - No viable dags retrieved from /opt/airflow/dags/env/Scripts/slugify.exe
[2025-03-28T13:02:40.099+0000] {processor.py:208} INFO - Processing /opt/airflow/dags/env/Scripts/slugify.exe took 0.048 seconds
[2025-03-28T13:07:05.630+0000] {processor.py:186} INFO - Started process (PID=1960) to work on /opt/airflow/dags/env/Scripts/slugify.exe
[2025-03-28T13:07:05.632+0000] {processor.py:914} INFO - Processing file /opt/airflow/dags/env/Scripts/slugify.exe for tasks to queue
[2025-03-28T13:07:05.633+0000] {logging_mixin.py:190} INFO - [2025-03-28T13:07:05.633+0000] {dagbag.py:588} INFO - Filling up the DagBag from /opt/airflow/dags/env/Scripts/slugify.exe
[2025-03-28T13:07:05.646+0000] {logging_mixin.py:190} INFO - [2025-03-28T13:07:05.646+0000] {dagbag.py:435} INFO - File /opt/airflow/dags/env/Scripts/slugify.exe:__main__.py assumed to contain no DAGs. Skipping.
[2025-03-28T13:07:05.647+0000] {processor.py:927} WARNING - No viable dags retrieved from /opt/airflow/dags/env/Scripts/slugify.exe
[2025-03-28T13:07:05.669+0000] {processor.py:208} INFO - Processing /opt/airflow/dags/env/Scripts/slugify.exe took 0.051 seconds
[2025-03-28T13:07:37.044+0000] {processor.py:186} INFO - Started process (PID=1984) to work on /opt/airflow/dags/env/Scripts/slugify.exe
[2025-03-28T13:07:37.045+0000] {processor.py:914} INFO - Processing file /opt/airflow/dags/env/Scripts/slugify.exe for tasks to queue
[2025-03-28T13:07:37.047+0000] {logging_mixin.py:190} INFO - [2025-03-28T13:07:37.046+0000] {dagbag.py:588} INFO - Filling up the DagBag from /opt/airflow/dags/env/Scripts/slugify.exe
[2025-03-28T13:07:37.058+0000] {logging_mixin.py:190} INFO - [2025-03-28T13:07:37.058+0000] {dagbag.py:435} INFO - File /opt/airflow/dags/env/Scripts/slugify.exe:__main__.py assumed to contain no DAGs. Skipping.
[2025-03-28T13:07:37.059+0000] {processor.py:927} WARNING - No viable dags retrieved from /opt/airflow/dags/env/Scripts/slugify.exe
[2025-03-28T13:07:37.081+0000] {processor.py:208} INFO - Processing /opt/airflow/dags/env/Scripts/slugify.exe took 0.048 seconds
[2025-03-28T13:12:03.058+0000] {processor.py:186} INFO - Started process (PID=2014) to work on /opt/airflow/dags/env/Scripts/slugify.exe
[2025-03-28T13:12:03.059+0000] {processor.py:914} INFO - Processing file /opt/airflow/dags/env/Scripts/slugify.exe for tasks to queue
[2025-03-28T13:12:03.061+0000] {logging_mixin.py:190} INFO - [2025-03-28T13:12:03.061+0000] {dagbag.py:588} INFO - Filling up the DagBag from /opt/airflow/dags/env/Scripts/slugify.exe
[2025-03-28T13:12:03.074+0000] {logging_mixin.py:190} INFO - [2025-03-28T13:12:03.073+0000] {dagbag.py:435} INFO - File /opt/airflow/dags/env/Scripts/slugify.exe:__main__.py assumed to contain no DAGs. Skipping.
[2025-03-28T13:12:03.075+0000] {processor.py:927} WARNING - No viable dags retrieved from /opt/airflow/dags/env/Scripts/slugify.exe
[2025-03-28T13:12:03.099+0000] {processor.py:208} INFO - Processing /opt/airflow/dags/env/Scripts/slugify.exe took 0.054 seconds
[2025-03-28T13:12:34.756+0000] {processor.py:186} INFO - Started process (PID=2038) to work on /opt/airflow/dags/env/Scripts/slugify.exe
[2025-03-28T13:12:34.758+0000] {processor.py:914} INFO - Processing file /opt/airflow/dags/env/Scripts/slugify.exe for tasks to queue
[2025-03-28T13:12:34.759+0000] {logging_mixin.py:190} INFO - [2025-03-28T13:12:34.759+0000] {dagbag.py:588} INFO - Filling up the DagBag from /opt/airflow/dags/env/Scripts/slugify.exe
[2025-03-28T13:12:34.770+0000] {logging_mixin.py:190} INFO - [2025-03-28T13:12:34.770+0000] {dagbag.py:435} INFO - File /opt/airflow/dags/env/Scripts/slugify.exe:__main__.py assumed to contain no DAGs. Skipping.
[2025-03-28T13:12:34.771+0000] {processor.py:927} WARNING - No viable dags retrieved from /opt/airflow/dags/env/Scripts/slugify.exe
[2025-03-28T13:12:34.792+0000] {processor.py:208} INFO - Processing /opt/airflow/dags/env/Scripts/slugify.exe took 0.047 seconds
[2025-03-28T13:17:07.673+0000] {processor.py:186} INFO - Started process (PID=2070) to work on /opt/airflow/dags/env/Scripts/slugify.exe
[2025-03-28T13:17:07.674+0000] {processor.py:914} INFO - Processing file /opt/airflow/dags/env/Scripts/slugify.exe for tasks to queue
[2025-03-28T13:17:07.676+0000] {logging_mixin.py:190} INFO - [2025-03-28T13:17:07.676+0000] {dagbag.py:588} INFO - Filling up the DagBag from /opt/airflow/dags/env/Scripts/slugify.exe
[2025-03-28T13:17:07.689+0000] {logging_mixin.py:190} INFO - [2025-03-28T13:17:07.689+0000] {dagbag.py:435} INFO - File /opt/airflow/dags/env/Scripts/slugify.exe:__main__.py assumed to contain no DAGs. Skipping.
[2025-03-28T13:17:07.690+0000] {processor.py:927} WARNING - No viable dags retrieved from /opt/airflow/dags/env/Scripts/slugify.exe
[2025-03-28T13:17:07.715+0000] {processor.py:208} INFO - Processing /opt/airflow/dags/env/Scripts/slugify.exe took 0.056 seconds
[2025-03-28T13:17:40.402+0000] {processor.py:186} INFO - Started process (PID=2094) to work on /opt/airflow/dags/env/Scripts/slugify.exe
[2025-03-28T13:17:40.403+0000] {processor.py:914} INFO - Processing file /opt/airflow/dags/env/Scripts/slugify.exe for tasks to queue
[2025-03-28T13:17:40.405+0000] {logging_mixin.py:190} INFO - [2025-03-28T13:17:40.404+0000] {dagbag.py:588} INFO - Filling up the DagBag from /opt/airflow/dags/env/Scripts/slugify.exe
[2025-03-28T13:17:40.417+0000] {logging_mixin.py:190} INFO - [2025-03-28T13:17:40.417+0000] {dagbag.py:435} INFO - File /opt/airflow/dags/env/Scripts/slugify.exe:__main__.py assumed to contain no DAGs. Skipping.
[2025-03-28T13:17:40.418+0000] {processor.py:927} WARNING - No viable dags retrieved from /opt/airflow/dags/env/Scripts/slugify.exe
[2025-03-28T13:17:40.439+0000] {processor.py:208} INFO - Processing /opt/airflow/dags/env/Scripts/slugify.exe took 0.049 seconds
[2025-03-28T13:22:08.924+0000] {processor.py:186} INFO - Started process (PID=2122) to work on /opt/airflow/dags/env/Scripts/slugify.exe
[2025-03-28T13:22:08.926+0000] {processor.py:914} INFO - Processing file /opt/airflow/dags/env/Scripts/slugify.exe for tasks to queue
[2025-03-28T13:22:08.929+0000] {logging_mixin.py:190} INFO - [2025-03-28T13:22:08.928+0000] {dagbag.py:588} INFO - Filling up the DagBag from /opt/airflow/dags/env/Scripts/slugify.exe
[2025-03-28T13:22:08.947+0000] {logging_mixin.py:190} INFO - [2025-03-28T13:22:08.946+0000] {dagbag.py:435} INFO - File /opt/airflow/dags/env/Scripts/slugify.exe:__main__.py assumed to contain no DAGs. Skipping.
[2025-03-28T13:22:08.948+0000] {processor.py:927} WARNING - No viable dags retrieved from /opt/airflow/dags/env/Scripts/slugify.exe
[2025-03-28T13:22:08.971+0000] {processor.py:208} INFO - Processing /opt/airflow/dags/env/Scripts/slugify.exe took 0.061 seconds
[2025-03-28T13:22:40.660+0000] {processor.py:186} INFO - Started process (PID=2146) to work on /opt/airflow/dags/env/Scripts/slugify.exe
[2025-03-28T13:22:40.661+0000] {processor.py:914} INFO - Processing file /opt/airflow/dags/env/Scripts/slugify.exe for tasks to queue
[2025-03-28T13:22:40.663+0000] {logging_mixin.py:190} INFO - [2025-03-28T13:22:40.663+0000] {dagbag.py:588} INFO - Filling up the DagBag from /opt/airflow/dags/env/Scripts/slugify.exe
[2025-03-28T13:22:40.677+0000] {logging_mixin.py:190} INFO - [2025-03-28T13:22:40.677+0000] {dagbag.py:435} INFO - File /opt/airflow/dags/env/Scripts/slugify.exe:__main__.py assumed to contain no DAGs. Skipping.
[2025-03-28T13:22:40.678+0000] {processor.py:927} WARNING - No viable dags retrieved from /opt/airflow/dags/env/Scripts/slugify.exe
[2025-03-28T13:22:40.699+0000] {processor.py:208} INFO - Processing /opt/airflow/dags/env/Scripts/slugify.exe took 0.050 seconds
[2025-03-28T13:27:04.227+0000] {processor.py:186} INFO - Started process (PID=2174) to work on /opt/airflow/dags/env/Scripts/slugify.exe
[2025-03-28T13:27:04.228+0000] {processor.py:914} INFO - Processing file /opt/airflow/dags/env/Scripts/slugify.exe for tasks to queue
[2025-03-28T13:27:04.230+0000] {logging_mixin.py:190} INFO - [2025-03-28T13:27:04.229+0000] {dagbag.py:588} INFO - Filling up the DagBag from /opt/airflow/dags/env/Scripts/slugify.exe
[2025-03-28T13:27:04.244+0000] {logging_mixin.py:190} INFO - [2025-03-28T13:27:04.244+0000] {dagbag.py:435} INFO - File /opt/airflow/dags/env/Scripts/slugify.exe:__main__.py assumed to contain no DAGs. Skipping.
[2025-03-28T13:27:04.245+0000] {processor.py:927} WARNING - No viable dags retrieved from /opt/airflow/dags/env/Scripts/slugify.exe
[2025-03-28T13:27:04.267+0000] {processor.py:208} INFO - Processing /opt/airflow/dags/env/Scripts/slugify.exe took 0.052 seconds
[2025-03-28T13:27:35.971+0000] {processor.py:186} INFO - Started process (PID=2198) to work on /opt/airflow/dags/env/Scripts/slugify.exe
[2025-03-28T13:27:35.972+0000] {processor.py:914} INFO - Processing file /opt/airflow/dags/env/Scripts/slugify.exe for tasks to queue
[2025-03-28T13:27:35.974+0000] {logging_mixin.py:190} INFO - [2025-03-28T13:27:35.974+0000] {dagbag.py:588} INFO - Filling up the DagBag from /opt/airflow/dags/env/Scripts/slugify.exe
[2025-03-28T13:27:35.987+0000] {logging_mixin.py:190} INFO - [2025-03-28T13:27:35.987+0000] {dagbag.py:435} INFO - File /opt/airflow/dags/env/Scripts/slugify.exe:__main__.py assumed to contain no DAGs. Skipping.
[2025-03-28T13:27:35.988+0000] {processor.py:927} WARNING - No viable dags retrieved from /opt/airflow/dags/env/Scripts/slugify.exe
[2025-03-28T13:27:36.015+0000] {processor.py:208} INFO - Processing /opt/airflow/dags/env/Scripts/slugify.exe took 0.055 seconds
[2025-03-28T13:32:06.766+0000] {processor.py:186} INFO - Started process (PID=2230) to work on /opt/airflow/dags/env/Scripts/slugify.exe
[2025-03-28T13:32:06.767+0000] {processor.py:914} INFO - Processing file /opt/airflow/dags/env/Scripts/slugify.exe for tasks to queue
[2025-03-28T13:32:06.769+0000] {logging_mixin.py:190} INFO - [2025-03-28T13:32:06.768+0000] {dagbag.py:588} INFO - Filling up the DagBag from /opt/airflow/dags/env/Scripts/slugify.exe
[2025-03-28T13:32:06.783+0000] {logging_mixin.py:190} INFO - [2025-03-28T13:32:06.783+0000] {dagbag.py:435} INFO - File /opt/airflow/dags/env/Scripts/slugify.exe:__main__.py assumed to contain no DAGs. Skipping.
[2025-03-28T13:32:06.784+0000] {processor.py:927} WARNING - No viable dags retrieved from /opt/airflow/dags/env/Scripts/slugify.exe
[2025-03-28T13:32:06.807+0000] {processor.py:208} INFO - Processing /opt/airflow/dags/env/Scripts/slugify.exe took 0.052 seconds
[2025-03-28T13:32:38.435+0000] {processor.py:186} INFO - Started process (PID=2254) to work on /opt/airflow/dags/env/Scripts/slugify.exe
[2025-03-28T13:32:38.436+0000] {processor.py:914} INFO - Processing file /opt/airflow/dags/env/Scripts/slugify.exe for tasks to queue
[2025-03-28T13:32:38.438+0000] {logging_mixin.py:190} INFO - [2025-03-28T13:32:38.437+0000] {dagbag.py:588} INFO - Filling up the DagBag from /opt/airflow/dags/env/Scripts/slugify.exe
[2025-03-28T13:32:38.449+0000] {logging_mixin.py:190} INFO - [2025-03-28T13:32:38.449+0000] {dagbag.py:435} INFO - File /opt/airflow/dags/env/Scripts/slugify.exe:__main__.py assumed to contain no DAGs. Skipping.
[2025-03-28T13:32:38.450+0000] {processor.py:927} WARNING - No viable dags retrieved from /opt/airflow/dags/env/Scripts/slugify.exe
[2025-03-28T13:32:38.471+0000] {processor.py:208} INFO - Processing /opt/airflow/dags/env/Scripts/slugify.exe took 0.047 seconds
[2025-03-28T13:37:09.688+0000] {processor.py:186} INFO - Started process (PID=2284) to work on /opt/airflow/dags/env/Scripts/slugify.exe
[2025-03-28T13:37:09.689+0000] {processor.py:914} INFO - Processing file /opt/airflow/dags/env/Scripts/slugify.exe for tasks to queue
[2025-03-28T13:37:09.691+0000] {logging_mixin.py:190} INFO - [2025-03-28T13:37:09.691+0000] {dagbag.py:588} INFO - Filling up the DagBag from /opt/airflow/dags/env/Scripts/slugify.exe
[2025-03-28T13:37:09.706+0000] {logging_mixin.py:190} INFO - [2025-03-28T13:37:09.706+0000] {dagbag.py:435} INFO - File /opt/airflow/dags/env/Scripts/slugify.exe:__main__.py assumed to contain no DAGs. Skipping.
[2025-03-28T13:37:09.707+0000] {processor.py:927} WARNING - No viable dags retrieved from /opt/airflow/dags/env/Scripts/slugify.exe
[2025-03-28T13:37:09.729+0000] {processor.py:208} INFO - Processing /opt/airflow/dags/env/Scripts/slugify.exe took 0.052 seconds
[2025-03-28T13:37:42.404+0000] {processor.py:186} INFO - Started process (PID=2308) to work on /opt/airflow/dags/env/Scripts/slugify.exe
[2025-03-28T13:37:42.405+0000] {processor.py:914} INFO - Processing file /opt/airflow/dags/env/Scripts/slugify.exe for tasks to queue
[2025-03-28T13:37:42.407+0000] {logging_mixin.py:190} INFO - [2025-03-28T13:37:42.406+0000] {dagbag.py:588} INFO - Filling up the DagBag from /opt/airflow/dags/env/Scripts/slugify.exe
[2025-03-28T13:37:42.423+0000] {logging_mixin.py:190} INFO - [2025-03-28T13:37:42.423+0000] {dagbag.py:435} INFO - File /opt/airflow/dags/env/Scripts/slugify.exe:__main__.py assumed to contain no DAGs. Skipping.
[2025-03-28T13:37:42.425+0000] {processor.py:927} WARNING - No viable dags retrieved from /opt/airflow/dags/env/Scripts/slugify.exe
[2025-03-28T13:37:42.453+0000] {processor.py:208} INFO - Processing /opt/airflow/dags/env/Scripts/slugify.exe took 0.060 seconds
[2025-03-28T13:42:05.322+0000] {processor.py:186} INFO - Started process (PID=2335) to work on /opt/airflow/dags/env/Scripts/slugify.exe
[2025-03-28T13:42:05.323+0000] {processor.py:914} INFO - Processing file /opt/airflow/dags/env/Scripts/slugify.exe for tasks to queue
[2025-03-28T13:42:05.325+0000] {logging_mixin.py:190} INFO - [2025-03-28T13:42:05.324+0000] {dagbag.py:588} INFO - Filling up the DagBag from /opt/airflow/dags/env/Scripts/slugify.exe
[2025-03-28T13:42:05.338+0000] {logging_mixin.py:190} INFO - [2025-03-28T13:42:05.338+0000] {dagbag.py:435} INFO - File /opt/airflow/dags/env/Scripts/slugify.exe:__main__.py assumed to contain no DAGs. Skipping.
[2025-03-28T13:42:05.339+0000] {processor.py:927} WARNING - No viable dags retrieved from /opt/airflow/dags/env/Scripts/slugify.exe
[2025-03-28T13:42:05.361+0000] {processor.py:208} INFO - Processing /opt/airflow/dags/env/Scripts/slugify.exe took 0.050 seconds
[2025-03-28T13:42:37.162+0000] {processor.py:186} INFO - Started process (PID=2359) to work on /opt/airflow/dags/env/Scripts/slugify.exe
[2025-03-28T13:42:37.164+0000] {processor.py:914} INFO - Processing file /opt/airflow/dags/env/Scripts/slugify.exe for tasks to queue
[2025-03-28T13:42:37.165+0000] {logging_mixin.py:190} INFO - [2025-03-28T13:42:37.165+0000] {dagbag.py:588} INFO - Filling up the DagBag from /opt/airflow/dags/env/Scripts/slugify.exe
[2025-03-28T13:42:37.182+0000] {logging_mixin.py:190} INFO - [2025-03-28T13:42:37.181+0000] {dagbag.py:435} INFO - File /opt/airflow/dags/env/Scripts/slugify.exe:__main__.py assumed to contain no DAGs. Skipping.
[2025-03-28T13:42:37.183+0000] {processor.py:927} WARNING - No viable dags retrieved from /opt/airflow/dags/env/Scripts/slugify.exe
[2025-03-28T13:42:37.209+0000] {processor.py:208} INFO - Processing /opt/airflow/dags/env/Scripts/slugify.exe took 0.061 seconds
[2025-03-28T13:47:03.824+0000] {processor.py:186} INFO - Started process (PID=2390) to work on /opt/airflow/dags/env/Scripts/slugify.exe
[2025-03-28T13:47:03.825+0000] {processor.py:914} INFO - Processing file /opt/airflow/dags/env/Scripts/slugify.exe for tasks to queue
[2025-03-28T13:47:03.828+0000] {logging_mixin.py:190} INFO - [2025-03-28T13:47:03.827+0000] {dagbag.py:588} INFO - Filling up the DagBag from /opt/airflow/dags/env/Scripts/slugify.exe
[2025-03-28T13:47:03.845+0000] {logging_mixin.py:190} INFO - [2025-03-28T13:47:03.845+0000] {dagbag.py:435} INFO - File /opt/airflow/dags/env/Scripts/slugify.exe:__main__.py assumed to contain no DAGs. Skipping.
[2025-03-28T13:47:03.847+0000] {processor.py:927} WARNING - No viable dags retrieved from /opt/airflow/dags/env/Scripts/slugify.exe
[2025-03-28T13:47:03.876+0000] {processor.py:208} INFO - Processing /opt/airflow/dags/env/Scripts/slugify.exe took 0.067 seconds
[2025-03-28T13:47:34.583+0000] {processor.py:186} INFO - Started process (PID=2414) to work on /opt/airflow/dags/env/Scripts/slugify.exe
[2025-03-28T13:47:34.584+0000] {processor.py:914} INFO - Processing file /opt/airflow/dags/env/Scripts/slugify.exe for tasks to queue
[2025-03-28T13:47:34.586+0000] {logging_mixin.py:190} INFO - [2025-03-28T13:47:34.585+0000] {dagbag.py:588} INFO - Filling up the DagBag from /opt/airflow/dags/env/Scripts/slugify.exe
[2025-03-28T13:47:34.596+0000] {logging_mixin.py:190} INFO - [2025-03-28T13:47:34.596+0000] {dagbag.py:435} INFO - File /opt/airflow/dags/env/Scripts/slugify.exe:__main__.py assumed to contain no DAGs. Skipping.
[2025-03-28T13:47:34.597+0000] {processor.py:927} WARNING - No viable dags retrieved from /opt/airflow/dags/env/Scripts/slugify.exe
[2025-03-28T13:47:34.621+0000] {processor.py:208} INFO - Processing /opt/airflow/dags/env/Scripts/slugify.exe took 0.049 seconds
[2025-03-28T13:52:07.230+0000] {processor.py:186} INFO - Started process (PID=2448) to work on /opt/airflow/dags/env/Scripts/slugify.exe
[2025-03-28T13:52:07.231+0000] {processor.py:914} INFO - Processing file /opt/airflow/dags/env/Scripts/slugify.exe for tasks to queue
[2025-03-28T13:52:07.233+0000] {logging_mixin.py:190} INFO - [2025-03-28T13:52:07.232+0000] {dagbag.py:588} INFO - Filling up the DagBag from /opt/airflow/dags/env/Scripts/slugify.exe
[2025-03-28T13:52:07.244+0000] {logging_mixin.py:190} INFO - [2025-03-28T13:52:07.244+0000] {dagbag.py:435} INFO - File /opt/airflow/dags/env/Scripts/slugify.exe:__main__.py assumed to contain no DAGs. Skipping.
[2025-03-28T13:52:07.245+0000] {processor.py:927} WARNING - No viable dags retrieved from /opt/airflow/dags/env/Scripts/slugify.exe
[2025-03-28T13:52:07.267+0000] {processor.py:208} INFO - Processing /opt/airflow/dags/env/Scripts/slugify.exe took 0.048 seconds
[2025-03-28T13:52:38.874+0000] {processor.py:186} INFO - Started process (PID=2472) to work on /opt/airflow/dags/env/Scripts/slugify.exe
[2025-03-28T13:52:38.876+0000] {processor.py:914} INFO - Processing file /opt/airflow/dags/env/Scripts/slugify.exe for tasks to queue
[2025-03-28T13:52:38.878+0000] {logging_mixin.py:190} INFO - [2025-03-28T13:52:38.877+0000] {dagbag.py:588} INFO - Filling up the DagBag from /opt/airflow/dags/env/Scripts/slugify.exe
[2025-03-28T13:52:38.889+0000] {logging_mixin.py:190} INFO - [2025-03-28T13:52:38.889+0000] {dagbag.py:435} INFO - File /opt/airflow/dags/env/Scripts/slugify.exe:__main__.py assumed to contain no DAGs. Skipping.
[2025-03-28T13:52:38.890+0000] {processor.py:927} WARNING - No viable dags retrieved from /opt/airflow/dags/env/Scripts/slugify.exe
[2025-03-28T13:52:38.913+0000] {processor.py:208} INFO - Processing /opt/airflow/dags/env/Scripts/slugify.exe took 0.050 seconds
[2025-03-28T13:57:09.694+0000] {processor.py:186} INFO - Started process (PID=2503) to work on /opt/airflow/dags/env/Scripts/slugify.exe
[2025-03-28T13:57:09.695+0000] {processor.py:914} INFO - Processing file /opt/airflow/dags/env/Scripts/slugify.exe for tasks to queue
[2025-03-28T13:57:09.697+0000] {logging_mixin.py:190} INFO - [2025-03-28T13:57:09.696+0000] {dagbag.py:588} INFO - Filling up the DagBag from /opt/airflow/dags/env/Scripts/slugify.exe
[2025-03-28T13:57:09.708+0000] {logging_mixin.py:190} INFO - [2025-03-28T13:57:09.708+0000] {dagbag.py:435} INFO - File /opt/airflow/dags/env/Scripts/slugify.exe:__main__.py assumed to contain no DAGs. Skipping.
[2025-03-28T13:57:09.709+0000] {processor.py:927} WARNING - No viable dags retrieved from /opt/airflow/dags/env/Scripts/slugify.exe
[2025-03-28T13:57:09.734+0000] {processor.py:208} INFO - Processing /opt/airflow/dags/env/Scripts/slugify.exe took 0.053 seconds
[2025-03-28T13:57:41.196+0000] {processor.py:186} INFO - Started process (PID=2527) to work on /opt/airflow/dags/env/Scripts/slugify.exe
[2025-03-28T13:57:41.197+0000] {processor.py:914} INFO - Processing file /opt/airflow/dags/env/Scripts/slugify.exe for tasks to queue
[2025-03-28T13:57:41.199+0000] {logging_mixin.py:190} INFO - [2025-03-28T13:57:41.198+0000] {dagbag.py:588} INFO - Filling up the DagBag from /opt/airflow/dags/env/Scripts/slugify.exe
[2025-03-28T13:57:41.210+0000] {logging_mixin.py:190} INFO - [2025-03-28T13:57:41.210+0000] {dagbag.py:435} INFO - File /opt/airflow/dags/env/Scripts/slugify.exe:__main__.py assumed to contain no DAGs. Skipping.
[2025-03-28T13:57:41.211+0000] {processor.py:927} WARNING - No viable dags retrieved from /opt/airflow/dags/env/Scripts/slugify.exe
[2025-03-28T13:57:41.231+0000] {processor.py:208} INFO - Processing /opt/airflow/dags/env/Scripts/slugify.exe took 0.047 seconds
[2025-03-28T14:02:06.863+0000] {processor.py:186} INFO - Started process (PID=2556) to work on /opt/airflow/dags/env/Scripts/slugify.exe
[2025-03-28T14:02:06.865+0000] {processor.py:914} INFO - Processing file /opt/airflow/dags/env/Scripts/slugify.exe for tasks to queue
[2025-03-28T14:02:06.867+0000] {logging_mixin.py:190} INFO - [2025-03-28T14:02:06.866+0000] {dagbag.py:588} INFO - Filling up the DagBag from /opt/airflow/dags/env/Scripts/slugify.exe
[2025-03-28T14:02:06.885+0000] {logging_mixin.py:190} INFO - [2025-03-28T14:02:06.884+0000] {dagbag.py:435} INFO - File /opt/airflow/dags/env/Scripts/slugify.exe:__main__.py assumed to contain no DAGs. Skipping.
[2025-03-28T14:02:06.886+0000] {processor.py:927} WARNING - No viable dags retrieved from /opt/airflow/dags/env/Scripts/slugify.exe
[2025-03-28T14:02:06.916+0000] {processor.py:208} INFO - Processing /opt/airflow/dags/env/Scripts/slugify.exe took 0.069 seconds
[2025-03-28T14:02:38.280+0000] {processor.py:186} INFO - Started process (PID=2580) to work on /opt/airflow/dags/env/Scripts/slugify.exe
[2025-03-28T14:02:38.282+0000] {processor.py:914} INFO - Processing file /opt/airflow/dags/env/Scripts/slugify.exe for tasks to queue
[2025-03-28T14:02:38.284+0000] {logging_mixin.py:190} INFO - [2025-03-28T14:02:38.283+0000] {dagbag.py:588} INFO - Filling up the DagBag from /opt/airflow/dags/env/Scripts/slugify.exe
[2025-03-28T14:02:38.303+0000] {logging_mixin.py:190} INFO - [2025-03-28T14:02:38.303+0000] {dagbag.py:435} INFO - File /opt/airflow/dags/env/Scripts/slugify.exe:__main__.py assumed to contain no DAGs. Skipping.
[2025-03-28T14:02:38.305+0000] {processor.py:927} WARNING - No viable dags retrieved from /opt/airflow/dags/env/Scripts/slugify.exe
[2025-03-28T14:02:38.332+0000] {processor.py:208} INFO - Processing /opt/airflow/dags/env/Scripts/slugify.exe took 0.068 seconds
[2025-03-28T14:07:10.646+0000] {processor.py:186} INFO - Started process (PID=2611) to work on /opt/airflow/dags/env/Scripts/slugify.exe
[2025-03-28T14:07:10.647+0000] {processor.py:914} INFO - Processing file /opt/airflow/dags/env/Scripts/slugify.exe for tasks to queue
[2025-03-28T14:07:10.649+0000] {logging_mixin.py:190} INFO - [2025-03-28T14:07:10.649+0000] {dagbag.py:588} INFO - Filling up the DagBag from /opt/airflow/dags/env/Scripts/slugify.exe
[2025-03-28T14:07:10.665+0000] {logging_mixin.py:190} INFO - [2025-03-28T14:07:10.664+0000] {dagbag.py:435} INFO - File /opt/airflow/dags/env/Scripts/slugify.exe:__main__.py assumed to contain no DAGs. Skipping.
[2025-03-28T14:07:10.666+0000] {processor.py:927} WARNING - No viable dags retrieved from /opt/airflow/dags/env/Scripts/slugify.exe
[2025-03-28T14:07:10.692+0000] {processor.py:208} INFO - Processing /opt/airflow/dags/env/Scripts/slugify.exe took 0.063 seconds
[2025-03-28T14:07:43.124+0000] {processor.py:186} INFO - Started process (PID=2635) to work on /opt/airflow/dags/env/Scripts/slugify.exe
[2025-03-28T14:07:43.125+0000] {processor.py:914} INFO - Processing file /opt/airflow/dags/env/Scripts/slugify.exe for tasks to queue
[2025-03-28T14:07:43.128+0000] {logging_mixin.py:190} INFO - [2025-03-28T14:07:43.127+0000] {dagbag.py:588} INFO - Filling up the DagBag from /opt/airflow/dags/env/Scripts/slugify.exe
[2025-03-28T14:07:43.145+0000] {logging_mixin.py:190} INFO - [2025-03-28T14:07:43.145+0000] {dagbag.py:435} INFO - File /opt/airflow/dags/env/Scripts/slugify.exe:__main__.py assumed to contain no DAGs. Skipping.
[2025-03-28T14:07:43.147+0000] {processor.py:927} WARNING - No viable dags retrieved from /opt/airflow/dags/env/Scripts/slugify.exe
[2025-03-28T14:07:43.174+0000] {processor.py:208} INFO - Processing /opt/airflow/dags/env/Scripts/slugify.exe took 0.067 seconds
[2025-03-28T14:12:11.387+0000] {processor.py:186} INFO - Started process (PID=2663) to work on /opt/airflow/dags/env/Scripts/slugify.exe
[2025-03-28T14:12:11.388+0000] {processor.py:914} INFO - Processing file /opt/airflow/dags/env/Scripts/slugify.exe for tasks to queue
[2025-03-28T14:12:11.389+0000] {logging_mixin.py:190} INFO - [2025-03-28T14:12:11.389+0000] {dagbag.py:588} INFO - Filling up the DagBag from /opt/airflow/dags/env/Scripts/slugify.exe
[2025-03-28T14:12:11.401+0000] {logging_mixin.py:190} INFO - [2025-03-28T14:12:11.401+0000] {dagbag.py:435} INFO - File /opt/airflow/dags/env/Scripts/slugify.exe:__main__.py assumed to contain no DAGs. Skipping.
[2025-03-28T14:12:11.402+0000] {processor.py:927} WARNING - No viable dags retrieved from /opt/airflow/dags/env/Scripts/slugify.exe
[2025-03-28T14:12:11.423+0000] {processor.py:208} INFO - Processing /opt/airflow/dags/env/Scripts/slugify.exe took 0.048 seconds
[2025-03-28T14:12:42.735+0000] {processor.py:186} INFO - Started process (PID=2687) to work on /opt/airflow/dags/env/Scripts/slugify.exe
[2025-03-28T14:12:42.737+0000] {processor.py:914} INFO - Processing file /opt/airflow/dags/env/Scripts/slugify.exe for tasks to queue
[2025-03-28T14:12:42.738+0000] {logging_mixin.py:190} INFO - [2025-03-28T14:12:42.738+0000] {dagbag.py:588} INFO - Filling up the DagBag from /opt/airflow/dags/env/Scripts/slugify.exe
[2025-03-28T14:12:42.757+0000] {logging_mixin.py:190} INFO - [2025-03-28T14:12:42.757+0000] {dagbag.py:435} INFO - File /opt/airflow/dags/env/Scripts/slugify.exe:__main__.py assumed to contain no DAGs. Skipping.
[2025-03-28T14:12:42.759+0000] {processor.py:927} WARNING - No viable dags retrieved from /opt/airflow/dags/env/Scripts/slugify.exe
[2025-03-28T14:12:42.787+0000] {processor.py:208} INFO - Processing /opt/airflow/dags/env/Scripts/slugify.exe took 0.065 seconds
[2025-03-28T14:17:16.467+0000] {processor.py:186} INFO - Started process (PID=2715) to work on /opt/airflow/dags/env/Scripts/slugify.exe
[2025-03-28T14:17:16.469+0000] {processor.py:914} INFO - Processing file /opt/airflow/dags/env/Scripts/slugify.exe for tasks to queue
[2025-03-28T14:17:16.471+0000] {logging_mixin.py:190} INFO - [2025-03-28T14:17:16.470+0000] {dagbag.py:588} INFO - Filling up the DagBag from /opt/airflow/dags/env/Scripts/slugify.exe
[2025-03-28T14:17:16.484+0000] {logging_mixin.py:190} INFO - [2025-03-28T14:17:16.483+0000] {dagbag.py:435} INFO - File /opt/airflow/dags/env/Scripts/slugify.exe:__main__.py assumed to contain no DAGs. Skipping.
[2025-03-28T14:17:16.484+0000] {processor.py:927} WARNING - No viable dags retrieved from /opt/airflow/dags/env/Scripts/slugify.exe
[2025-03-28T14:17:16.506+0000] {processor.py:208} INFO - Processing /opt/airflow/dags/env/Scripts/slugify.exe took 0.051 seconds
[2025-03-28T14:17:48.333+0000] {processor.py:186} INFO - Started process (PID=2739) to work on /opt/airflow/dags/env/Scripts/slugify.exe
[2025-03-28T14:17:48.335+0000] {processor.py:914} INFO - Processing file /opt/airflow/dags/env/Scripts/slugify.exe for tasks to queue
[2025-03-28T14:17:48.336+0000] {logging_mixin.py:190} INFO - [2025-03-28T14:17:48.336+0000] {dagbag.py:588} INFO - Filling up the DagBag from /opt/airflow/dags/env/Scripts/slugify.exe
[2025-03-28T14:17:48.348+0000] {logging_mixin.py:190} INFO - [2025-03-28T14:17:48.347+0000] {dagbag.py:435} INFO - File /opt/airflow/dags/env/Scripts/slugify.exe:__main__.py assumed to contain no DAGs. Skipping.
[2025-03-28T14:17:48.349+0000] {processor.py:927} WARNING - No viable dags retrieved from /opt/airflow/dags/env/Scripts/slugify.exe
[2025-03-28T14:17:48.373+0000] {processor.py:208} INFO - Processing /opt/airflow/dags/env/Scripts/slugify.exe took 0.051 seconds
[2025-03-28T14:22:11.295+0000] {processor.py:186} INFO - Started process (PID=2764) to work on /opt/airflow/dags/env/Scripts/slugify.exe
[2025-03-28T14:22:11.296+0000] {processor.py:914} INFO - Processing file /opt/airflow/dags/env/Scripts/slugify.exe for tasks to queue
[2025-03-28T14:22:11.298+0000] {logging_mixin.py:190} INFO - [2025-03-28T14:22:11.298+0000] {dagbag.py:588} INFO - Filling up the DagBag from /opt/airflow/dags/env/Scripts/slugify.exe
[2025-03-28T14:22:11.309+0000] {logging_mixin.py:190} INFO - [2025-03-28T14:22:11.309+0000] {dagbag.py:435} INFO - File /opt/airflow/dags/env/Scripts/slugify.exe:__main__.py assumed to contain no DAGs. Skipping.
[2025-03-28T14:22:11.310+0000] {processor.py:927} WARNING - No viable dags retrieved from /opt/airflow/dags/env/Scripts/slugify.exe
[2025-03-28T14:22:11.331+0000] {processor.py:208} INFO - Processing /opt/airflow/dags/env/Scripts/slugify.exe took 0.047 seconds
[2025-03-28T14:22:43.773+0000] {processor.py:186} INFO - Started process (PID=2788) to work on /opt/airflow/dags/env/Scripts/slugify.exe
[2025-03-28T14:22:43.774+0000] {processor.py:914} INFO - Processing file /opt/airflow/dags/env/Scripts/slugify.exe for tasks to queue
[2025-03-28T14:22:43.776+0000] {logging_mixin.py:190} INFO - [2025-03-28T14:22:43.776+0000] {dagbag.py:588} INFO - Filling up the DagBag from /opt/airflow/dags/env/Scripts/slugify.exe
[2025-03-28T14:22:43.790+0000] {logging_mixin.py:190} INFO - [2025-03-28T14:22:43.790+0000] {dagbag.py:435} INFO - File /opt/airflow/dags/env/Scripts/slugify.exe:__main__.py assumed to contain no DAGs. Skipping.
[2025-03-28T14:22:43.791+0000] {processor.py:927} WARNING - No viable dags retrieved from /opt/airflow/dags/env/Scripts/slugify.exe
[2025-03-28T14:22:43.813+0000] {processor.py:208} INFO - Processing /opt/airflow/dags/env/Scripts/slugify.exe took 0.052 seconds
[2025-03-28T14:27:10.358+0000] {processor.py:186} INFO - Started process (PID=2817) to work on /opt/airflow/dags/env/Scripts/slugify.exe
[2025-03-28T14:27:10.360+0000] {processor.py:914} INFO - Processing file /opt/airflow/dags/env/Scripts/slugify.exe for tasks to queue
[2025-03-28T14:27:10.362+0000] {logging_mixin.py:190} INFO - [2025-03-28T14:27:10.361+0000] {dagbag.py:588} INFO - Filling up the DagBag from /opt/airflow/dags/env/Scripts/slugify.exe
[2025-03-28T14:27:10.381+0000] {logging_mixin.py:190} INFO - [2025-03-28T14:27:10.381+0000] {dagbag.py:435} INFO - File /opt/airflow/dags/env/Scripts/slugify.exe:__main__.py assumed to contain no DAGs. Skipping.
[2025-03-28T14:27:10.383+0000] {processor.py:927} WARNING - No viable dags retrieved from /opt/airflow/dags/env/Scripts/slugify.exe
[2025-03-28T14:27:10.412+0000] {processor.py:208} INFO - Processing /opt/airflow/dags/env/Scripts/slugify.exe took 0.064 seconds
[2025-03-28T14:27:43.026+0000] {processor.py:186} INFO - Started process (PID=2841) to work on /opt/airflow/dags/env/Scripts/slugify.exe
[2025-03-28T14:27:43.028+0000] {processor.py:914} INFO - Processing file /opt/airflow/dags/env/Scripts/slugify.exe for tasks to queue
[2025-03-28T14:27:43.030+0000] {logging_mixin.py:190} INFO - [2025-03-28T14:27:43.029+0000] {dagbag.py:588} INFO - Filling up the DagBag from /opt/airflow/dags/env/Scripts/slugify.exe
[2025-03-28T14:27:43.041+0000] {logging_mixin.py:190} INFO - [2025-03-28T14:27:43.041+0000] {dagbag.py:435} INFO - File /opt/airflow/dags/env/Scripts/slugify.exe:__main__.py assumed to contain no DAGs. Skipping.
[2025-03-28T14:27:43.042+0000] {processor.py:927} WARNING - No viable dags retrieved from /opt/airflow/dags/env/Scripts/slugify.exe
[2025-03-28T14:27:43.063+0000] {processor.py:208} INFO - Processing /opt/airflow/dags/env/Scripts/slugify.exe took 0.048 seconds
[2025-03-28T14:32:08.605+0000] {processor.py:186} INFO - Started process (PID=2871) to work on /opt/airflow/dags/env/Scripts/slugify.exe
[2025-03-28T14:32:08.606+0000] {processor.py:914} INFO - Processing file /opt/airflow/dags/env/Scripts/slugify.exe for tasks to queue
[2025-03-28T14:32:08.608+0000] {logging_mixin.py:190} INFO - [2025-03-28T14:32:08.607+0000] {dagbag.py:588} INFO - Filling up the DagBag from /opt/airflow/dags/env/Scripts/slugify.exe
[2025-03-28T14:32:08.622+0000] {logging_mixin.py:190} INFO - [2025-03-28T14:32:08.621+0000] {dagbag.py:435} INFO - File /opt/airflow/dags/env/Scripts/slugify.exe:__main__.py assumed to contain no DAGs. Skipping.
[2025-03-28T14:32:08.622+0000] {processor.py:927} WARNING - No viable dags retrieved from /opt/airflow/dags/env/Scripts/slugify.exe
[2025-03-28T14:32:08.644+0000] {processor.py:208} INFO - Processing /opt/airflow/dags/env/Scripts/slugify.exe took 0.052 seconds
[2025-03-28T14:32:40.233+0000] {processor.py:186} INFO - Started process (PID=2895) to work on /opt/airflow/dags/env/Scripts/slugify.exe
[2025-03-28T14:32:40.235+0000] {processor.py:914} INFO - Processing file /opt/airflow/dags/env/Scripts/slugify.exe for tasks to queue
[2025-03-28T14:32:40.236+0000] {logging_mixin.py:190} INFO - [2025-03-28T14:32:40.236+0000] {dagbag.py:588} INFO - Filling up the DagBag from /opt/airflow/dags/env/Scripts/slugify.exe
[2025-03-28T14:32:40.249+0000] {logging_mixin.py:190} INFO - [2025-03-28T14:32:40.249+0000] {dagbag.py:435} INFO - File /opt/airflow/dags/env/Scripts/slugify.exe:__main__.py assumed to contain no DAGs. Skipping.
[2025-03-28T14:32:40.250+0000] {processor.py:927} WARNING - No viable dags retrieved from /opt/airflow/dags/env/Scripts/slugify.exe
[2025-03-28T14:32:40.273+0000] {processor.py:208} INFO - Processing /opt/airflow/dags/env/Scripts/slugify.exe took 0.052 seconds
[2025-03-28T14:37:22.760+0000] {processor.py:186} INFO - Started process (PID=2927) to work on /opt/airflow/dags/env/Scripts/slugify.exe
[2025-03-28T14:37:22.761+0000] {processor.py:914} INFO - Processing file /opt/airflow/dags/env/Scripts/slugify.exe for tasks to queue
[2025-03-28T14:37:22.763+0000] {logging_mixin.py:190} INFO - [2025-03-28T14:37:22.763+0000] {dagbag.py:588} INFO - Filling up the DagBag from /opt/airflow/dags/env/Scripts/slugify.exe
[2025-03-28T14:37:22.775+0000] {logging_mixin.py:190} INFO - [2025-03-28T14:37:22.774+0000] {dagbag.py:435} INFO - File /opt/airflow/dags/env/Scripts/slugify.exe:__main__.py assumed to contain no DAGs. Skipping.
[2025-03-28T14:37:22.776+0000] {processor.py:927} WARNING - No viable dags retrieved from /opt/airflow/dags/env/Scripts/slugify.exe
[2025-03-28T14:37:22.803+0000] {processor.py:208} INFO - Processing /opt/airflow/dags/env/Scripts/slugify.exe took 0.055 seconds
[2025-03-28T14:37:54.570+0000] {processor.py:186} INFO - Started process (PID=2951) to work on /opt/airflow/dags/env/Scripts/slugify.exe
[2025-03-28T14:37:54.571+0000] {processor.py:914} INFO - Processing file /opt/airflow/dags/env/Scripts/slugify.exe for tasks to queue
[2025-03-28T14:37:54.573+0000] {logging_mixin.py:190} INFO - [2025-03-28T14:37:54.573+0000] {dagbag.py:588} INFO - Filling up the DagBag from /opt/airflow/dags/env/Scripts/slugify.exe
[2025-03-28T14:37:54.589+0000] {logging_mixin.py:190} INFO - [2025-03-28T14:37:54.589+0000] {dagbag.py:435} INFO - File /opt/airflow/dags/env/Scripts/slugify.exe:__main__.py assumed to contain no DAGs. Skipping.
[2025-03-28T14:37:54.590+0000] {processor.py:927} WARNING - No viable dags retrieved from /opt/airflow/dags/env/Scripts/slugify.exe
[2025-03-28T14:37:54.612+0000] {processor.py:208} INFO - Processing /opt/airflow/dags/env/Scripts/slugify.exe took 0.056 seconds
[2025-03-28T15:04:59.571+0000] {processor.py:186} INFO - Started process (PID=114) to work on /opt/airflow/dags/env/Scripts/slugify.exe
[2025-03-28T15:04:59.585+0000] {processor.py:914} INFO - Processing file /opt/airflow/dags/env/Scripts/slugify.exe for tasks to queue
[2025-03-28T15:04:59.603+0000] {logging_mixin.py:190} INFO - [2025-03-28T15:04:59.601+0000] {dagbag.py:588} INFO - Filling up the DagBag from /opt/airflow/dags/env/Scripts/slugify.exe
[2025-03-28T15:04:59.701+0000] {logging_mixin.py:190} INFO - [2025-03-28T15:04:59.701+0000] {dagbag.py:435} INFO - File /opt/airflow/dags/env/Scripts/slugify.exe:__main__.py assumed to contain no DAGs. Skipping.
[2025-03-28T15:04:59.703+0000] {processor.py:927} WARNING - No viable dags retrieved from /opt/airflow/dags/env/Scripts/slugify.exe
[2025-03-28T15:04:59.759+0000] {processor.py:208} INFO - Processing /opt/airflow/dags/env/Scripts/slugify.exe took 0.226 seconds
[2025-03-28T15:11:50.388+0000] {processor.py:186} INFO - Started process (PID=149) to work on /opt/airflow/dags/env/Scripts/slugify.exe
[2025-03-28T15:11:50.401+0000] {processor.py:914} INFO - Processing file /opt/airflow/dags/env/Scripts/slugify.exe for tasks to queue
[2025-03-28T15:11:50.407+0000] {logging_mixin.py:190} INFO - [2025-03-28T15:11:50.406+0000] {dagbag.py:588} INFO - Filling up the DagBag from /opt/airflow/dags/env/Scripts/slugify.exe
[2025-03-28T15:11:50.430+0000] {logging_mixin.py:190} INFO - [2025-03-28T15:11:50.429+0000] {dagbag.py:435} INFO - File /opt/airflow/dags/env/Scripts/slugify.exe:__main__.py assumed to contain no DAGs. Skipping.
[2025-03-28T15:11:50.431+0000] {processor.py:927} WARNING - No viable dags retrieved from /opt/airflow/dags/env/Scripts/slugify.exe
[2025-03-28T15:11:50.665+0000] {processor.py:208} INFO - Processing /opt/airflow/dags/env/Scripts/slugify.exe took 0.299 seconds
[2025-03-28T15:16:34.253+0000] {processor.py:186} INFO - Started process (PID=173) to work on /opt/airflow/dags/env/Scripts/slugify.exe
[2025-03-28T15:16:34.255+0000] {processor.py:914} INFO - Processing file /opt/airflow/dags/env/Scripts/slugify.exe for tasks to queue
[2025-03-28T15:16:34.259+0000] {logging_mixin.py:190} INFO - [2025-03-28T15:16:34.258+0000] {dagbag.py:588} INFO - Filling up the DagBag from /opt/airflow/dags/env/Scripts/slugify.exe
[2025-03-28T15:16:34.280+0000] {logging_mixin.py:190} INFO - [2025-03-28T15:16:34.280+0000] {dagbag.py:435} INFO - File /opt/airflow/dags/env/Scripts/slugify.exe:__main__.py assumed to contain no DAGs. Skipping.
[2025-03-28T15:16:34.281+0000] {processor.py:927} WARNING - No viable dags retrieved from /opt/airflow/dags/env/Scripts/slugify.exe
[2025-03-28T15:16:34.311+0000] {processor.py:208} INFO - Processing /opt/airflow/dags/env/Scripts/slugify.exe took 0.068 seconds
[2025-03-28T15:39:24.312+0000] {processor.py:186} INFO - Started process (PID=225) to work on /opt/airflow/dags/env/Scripts/slugify.exe
[2025-03-28T15:39:24.313+0000] {processor.py:914} INFO - Processing file /opt/airflow/dags/env/Scripts/slugify.exe for tasks to queue
[2025-03-28T15:39:24.318+0000] {logging_mixin.py:190} INFO - [2025-03-28T15:39:24.318+0000] {dagbag.py:588} INFO - Filling up the DagBag from /opt/airflow/dags/env/Scripts/slugify.exe
[2025-03-28T15:39:24.334+0000] {logging_mixin.py:190} INFO - [2025-03-28T15:39:24.333+0000] {dagbag.py:435} INFO - File /opt/airflow/dags/env/Scripts/slugify.exe:__main__.py assumed to contain no DAGs. Skipping.
[2025-03-28T15:39:24.335+0000] {processor.py:927} WARNING - No viable dags retrieved from /opt/airflow/dags/env/Scripts/slugify.exe
[2025-03-28T15:39:24.364+0000] {processor.py:208} INFO - Processing /opt/airflow/dags/env/Scripts/slugify.exe took 0.063 seconds
[2025-03-28T18:27:53.476+0000] {processor.py:186} INFO - Started process (PID=311) to work on /opt/airflow/dags/env/Scripts/slugify.exe
[2025-03-28T18:27:53.481+0000] {processor.py:914} INFO - Processing file /opt/airflow/dags/env/Scripts/slugify.exe for tasks to queue
[2025-03-28T18:27:53.490+0000] {logging_mixin.py:190} INFO - [2025-03-28T18:27:53.486+0000] {dagbag.py:588} INFO - Filling up the DagBag from /opt/airflow/dags/env/Scripts/slugify.exe
[2025-03-28T18:27:53.517+0000] {logging_mixin.py:190} INFO - [2025-03-28T18:27:53.517+0000] {dagbag.py:435} INFO - File /opt/airflow/dags/env/Scripts/slugify.exe:__main__.py assumed to contain no DAGs. Skipping.
[2025-03-28T18:27:53.521+0000] {processor.py:927} WARNING - No viable dags retrieved from /opt/airflow/dags/env/Scripts/slugify.exe
[2025-03-28T18:27:53.559+0000] {processor.py:208} INFO - Processing /opt/airflow/dags/env/Scripts/slugify.exe took 0.099 seconds
[2025-03-28T21:34:40.297+0000] {processor.py:186} INFO - Started process (PID=337) to work on /opt/airflow/dags/env/Scripts/slugify.exe
[2025-03-28T21:34:40.310+0000] {processor.py:914} INFO - Processing file /opt/airflow/dags/env/Scripts/slugify.exe for tasks to queue
[2025-03-28T21:34:40.325+0000] {logging_mixin.py:190} INFO - [2025-03-28T21:34:40.323+0000] {dagbag.py:588} INFO - Filling up the DagBag from /opt/airflow/dags/env/Scripts/slugify.exe
[2025-03-28T21:34:40.364+0000] {logging_mixin.py:190} INFO - [2025-03-28T21:34:40.364+0000] {dagbag.py:435} INFO - File /opt/airflow/dags/env/Scripts/slugify.exe:__main__.py assumed to contain no DAGs. Skipping.
[2025-03-28T21:34:40.367+0000] {processor.py:927} WARNING - No viable dags retrieved from /opt/airflow/dags/env/Scripts/slugify.exe
[2025-03-28T21:34:40.443+0000] {processor.py:208} INFO - Processing /opt/airflow/dags/env/Scripts/slugify.exe took 0.178 seconds
