[2025-03-28T03:46:00.590+0000] {processor.py:186} INFO - Started process (PID=243) to work on /opt/airflow/dags/env/Scripts/sqlformat.exe
[2025-03-28T03:46:00.592+0000] {processor.py:914} INFO - Processing file /opt/airflow/dags/env/Scripts/sqlformat.exe for tasks to queue
[2025-03-28T03:46:00.596+0000] {logging_mixin.py:190} INFO - [2025-03-28T03:46:00.595+0000] {dagbag.py:588} INFO - Filling up the DagBag from /opt/airflow/dags/env/Scripts/sqlformat.exe
[2025-03-28T03:46:00.622+0000] {logging_mixin.py:190} INFO - [2025-03-28T03:46:00.621+0000] {dagbag.py:435} INFO - File /opt/airflow/dags/env/Scripts/sqlformat.exe:__main__.py assumed to contain no DAGs. Skipping.
[2025-03-28T03:46:00.623+0000] {processor.py:927} WARNING - No viable dags retrieved from /opt/airflow/dags/env/Scripts/sqlformat.exe
[2025-03-28T03:46:00.656+0000] {processor.py:208} INFO - Processing /opt/airflow/dags/env/Scripts/sqlformat.exe took 0.088 seconds
[2025-03-28T05:05:30.288+0000] {processor.py:186} INFO - Started process (PID=321) to work on /opt/airflow/dags/env/Scripts/sqlformat.exe
[2025-03-28T05:05:30.290+0000] {processor.py:914} INFO - Processing file /opt/airflow/dags/env/Scripts/sqlformat.exe for tasks to queue
[2025-03-28T05:05:30.295+0000] {logging_mixin.py:190} INFO - [2025-03-28T05:05:30.294+0000] {dagbag.py:588} INFO - Filling up the DagBag from /opt/airflow/dags/env/Scripts/sqlformat.exe
[2025-03-28T05:05:30.318+0000] {logging_mixin.py:190} INFO - [2025-03-28T05:05:30.317+0000] {dagbag.py:435} INFO - File /opt/airflow/dags/env/Scripts/sqlformat.exe:__main__.py assumed to contain no DAGs. Skipping.
[2025-03-28T05:05:30.319+0000] {processor.py:927} WARNING - No viable dags retrieved from /opt/airflow/dags/env/Scripts/sqlformat.exe
[2025-03-28T05:05:30.351+0000] {processor.py:208} INFO - Processing /opt/airflow/dags/env/Scripts/sqlformat.exe took 0.085 seconds
[2025-03-28T05:06:00.645+0000] {processor.py:186} INFO - Started process (PID=345) to work on /opt/airflow/dags/env/Scripts/sqlformat.exe
[2025-03-28T05:06:00.646+0000] {processor.py:914} INFO - Processing file /opt/airflow/dags/env/Scripts/sqlformat.exe for tasks to queue
[2025-03-28T05:06:00.649+0000] {logging_mixin.py:190} INFO - [2025-03-28T05:06:00.649+0000] {dagbag.py:588} INFO - Filling up the DagBag from /opt/airflow/dags/env/Scripts/sqlformat.exe
[2025-03-28T05:06:00.665+0000] {logging_mixin.py:190} INFO - [2025-03-28T05:06:00.665+0000] {dagbag.py:435} INFO - File /opt/airflow/dags/env/Scripts/sqlformat.exe:__main__.py assumed to contain no DAGs. Skipping.
[2025-03-28T05:06:00.666+0000] {processor.py:927} WARNING - No viable dags retrieved from /opt/airflow/dags/env/Scripts/sqlformat.exe
[2025-03-28T05:06:00.691+0000] {processor.py:208} INFO - Processing /opt/airflow/dags/env/Scripts/sqlformat.exe took 0.058 seconds
[2025-03-28T05:17:55.423+0000] {processor.py:186} INFO - Started process (PID=395) to work on /opt/airflow/dags/env/Scripts/sqlformat.exe
[2025-03-28T05:17:55.425+0000] {processor.py:914} INFO - Processing file /opt/airflow/dags/env/Scripts/sqlformat.exe for tasks to queue
[2025-03-28T05:17:55.428+0000] {logging_mixin.py:190} INFO - [2025-03-28T05:17:55.427+0000] {dagbag.py:588} INFO - Filling up the DagBag from /opt/airflow/dags/env/Scripts/sqlformat.exe
[2025-03-28T05:17:55.440+0000] {logging_mixin.py:190} INFO - [2025-03-28T05:17:55.440+0000] {dagbag.py:435} INFO - File /opt/airflow/dags/env/Scripts/sqlformat.exe:__main__.py assumed to contain no DAGs. Skipping.
[2025-03-28T05:17:55.441+0000] {processor.py:927} WARNING - No viable dags retrieved from /opt/airflow/dags/env/Scripts/sqlformat.exe
[2025-03-28T05:17:55.463+0000] {processor.py:208} INFO - Processing /opt/airflow/dags/env/Scripts/sqlformat.exe took 0.051 seconds
[2025-03-28T05:18:29.398+0000] {processor.py:186} INFO - Started process (PID=419) to work on /opt/airflow/dags/env/Scripts/sqlformat.exe
[2025-03-28T05:18:29.406+0000] {processor.py:914} INFO - Processing file /opt/airflow/dags/env/Scripts/sqlformat.exe for tasks to queue
[2025-03-28T05:18:29.419+0000] {logging_mixin.py:190} INFO - [2025-03-28T05:18:29.412+0000] {dagbag.py:588} INFO - Filling up the DagBag from /opt/airflow/dags/env/Scripts/sqlformat.exe
[2025-03-28T05:18:29.440+0000] {logging_mixin.py:190} INFO - [2025-03-28T05:18:29.440+0000] {dagbag.py:435} INFO - File /opt/airflow/dags/env/Scripts/sqlformat.exe:__main__.py assumed to contain no DAGs. Skipping.
[2025-03-28T05:18:29.445+0000] {processor.py:927} WARNING - No viable dags retrieved from /opt/airflow/dags/env/Scripts/sqlformat.exe
[2025-03-28T05:18:29.492+0000] {processor.py:208} INFO - Processing /opt/airflow/dags/env/Scripts/sqlformat.exe took 0.127 seconds
[2025-03-28T05:34:40.056+0000] {processor.py:186} INFO - Started process (PID=444) to work on /opt/airflow/dags/env/Scripts/sqlformat.exe
[2025-03-28T05:34:40.058+0000] {processor.py:914} INFO - Processing file /opt/airflow/dags/env/Scripts/sqlformat.exe for tasks to queue
[2025-03-28T05:34:40.066+0000] {logging_mixin.py:190} INFO - [2025-03-28T05:34:40.065+0000] {dagbag.py:588} INFO - Filling up the DagBag from /opt/airflow/dags/env/Scripts/sqlformat.exe
[2025-03-28T05:34:40.090+0000] {logging_mixin.py:190} INFO - [2025-03-28T05:34:40.089+0000] {dagbag.py:435} INFO - File /opt/airflow/dags/env/Scripts/sqlformat.exe:__main__.py assumed to contain no DAGs. Skipping.
[2025-03-28T05:34:40.091+0000] {processor.py:927} WARNING - No viable dags retrieved from /opt/airflow/dags/env/Scripts/sqlformat.exe
[2025-03-28T05:34:40.137+0000] {processor.py:208} INFO - Processing /opt/airflow/dags/env/Scripts/sqlformat.exe took 0.112 seconds
[2025-03-28T05:35:13.337+0000] {processor.py:186} INFO - Started process (PID=473) to work on /opt/airflow/dags/env/Scripts/sqlformat.exe
[2025-03-28T05:35:13.338+0000] {processor.py:914} INFO - Processing file /opt/airflow/dags/env/Scripts/sqlformat.exe for tasks to queue
[2025-03-28T05:35:13.342+0000] {logging_mixin.py:190} INFO - [2025-03-28T05:35:13.342+0000] {dagbag.py:588} INFO - Filling up the DagBag from /opt/airflow/dags/env/Scripts/sqlformat.exe
[2025-03-28T05:35:13.361+0000] {logging_mixin.py:190} INFO - [2025-03-28T05:35:13.360+0000] {dagbag.py:435} INFO - File /opt/airflow/dags/env/Scripts/sqlformat.exe:__main__.py assumed to contain no DAGs. Skipping.
[2025-03-28T05:35:13.362+0000] {processor.py:927} WARNING - No viable dags retrieved from /opt/airflow/dags/env/Scripts/sqlformat.exe
[2025-03-28T05:35:13.393+0000] {processor.py:208} INFO - Processing /opt/airflow/dags/env/Scripts/sqlformat.exe took 0.073 seconds
[2025-03-28T05:45:08.233+0000] {processor.py:186} INFO - Started process (PID=508) to work on /opt/airflow/dags/env/Scripts/sqlformat.exe
[2025-03-28T05:45:08.235+0000] {processor.py:914} INFO - Processing file /opt/airflow/dags/env/Scripts/sqlformat.exe for tasks to queue
[2025-03-28T05:45:08.238+0000] {logging_mixin.py:190} INFO - [2025-03-28T05:45:08.237+0000] {dagbag.py:588} INFO - Filling up the DagBag from /opt/airflow/dags/env/Scripts/sqlformat.exe
[2025-03-28T05:45:08.251+0000] {logging_mixin.py:190} INFO - [2025-03-28T05:45:08.250+0000] {dagbag.py:435} INFO - File /opt/airflow/dags/env/Scripts/sqlformat.exe:__main__.py assumed to contain no DAGs. Skipping.
[2025-03-28T05:45:08.252+0000] {processor.py:927} WARNING - No viable dags retrieved from /opt/airflow/dags/env/Scripts/sqlformat.exe
[2025-03-28T05:45:08.275+0000] {processor.py:208} INFO - Processing /opt/airflow/dags/env/Scripts/sqlformat.exe took 0.056 seconds
[2025-03-28T06:00:53.493+0000] {processor.py:186} INFO - Started process (PID=662) to work on /opt/airflow/dags/env/Scripts/sqlformat.exe
[2025-03-28T06:00:53.495+0000] {processor.py:914} INFO - Processing file /opt/airflow/dags/env/Scripts/sqlformat.exe for tasks to queue
[2025-03-28T06:00:53.499+0000] {logging_mixin.py:190} INFO - [2025-03-28T06:00:53.499+0000] {dagbag.py:588} INFO - Filling up the DagBag from /opt/airflow/dags/env/Scripts/sqlformat.exe
[2025-03-28T06:00:53.520+0000] {logging_mixin.py:190} INFO - [2025-03-28T06:00:53.520+0000] {dagbag.py:435} INFO - File /opt/airflow/dags/env/Scripts/sqlformat.exe:__main__.py assumed to contain no DAGs. Skipping.
[2025-03-28T06:00:53.522+0000] {processor.py:927} WARNING - No viable dags retrieved from /opt/airflow/dags/env/Scripts/sqlformat.exe
[2025-03-28T06:00:53.549+0000] {processor.py:208} INFO - Processing /opt/airflow/dags/env/Scripts/sqlformat.exe took 0.070 seconds
[2025-03-28T06:10:55.063+0000] {processor.py:186} INFO - Started process (PID=686) to work on /opt/airflow/dags/env/Scripts/sqlformat.exe
[2025-03-28T06:10:55.065+0000] {processor.py:914} INFO - Processing file /opt/airflow/dags/env/Scripts/sqlformat.exe for tasks to queue
[2025-03-28T06:10:55.072+0000] {logging_mixin.py:190} INFO - [2025-03-28T06:10:55.071+0000] {dagbag.py:588} INFO - Filling up the DagBag from /opt/airflow/dags/env/Scripts/sqlformat.exe
[2025-03-28T06:10:55.107+0000] {logging_mixin.py:190} INFO - [2025-03-28T06:10:55.106+0000] {dagbag.py:435} INFO - File /opt/airflow/dags/env/Scripts/sqlformat.exe:__main__.py assumed to contain no DAGs. Skipping.
[2025-03-28T06:10:55.109+0000] {processor.py:927} WARNING - No viable dags retrieved from /opt/airflow/dags/env/Scripts/sqlformat.exe
[2025-03-28T06:10:55.198+0000] {processor.py:208} INFO - Processing /opt/airflow/dags/env/Scripts/sqlformat.exe took 0.171 seconds
[2025-03-28T06:47:09.069+0000] {processor.py:186} INFO - Started process (PID=943) to work on /opt/airflow/dags/env/Scripts/sqlformat.exe
[2025-03-28T06:47:09.071+0000] {processor.py:914} INFO - Processing file /opt/airflow/dags/env/Scripts/sqlformat.exe for tasks to queue
[2025-03-28T06:47:09.073+0000] {logging_mixin.py:190} INFO - [2025-03-28T06:47:09.073+0000] {dagbag.py:588} INFO - Filling up the DagBag from /opt/airflow/dags/env/Scripts/sqlformat.exe
[2025-03-28T06:47:09.085+0000] {logging_mixin.py:190} INFO - [2025-03-28T06:47:09.085+0000] {dagbag.py:435} INFO - File /opt/airflow/dags/env/Scripts/sqlformat.exe:__main__.py assumed to contain no DAGs. Skipping.
[2025-03-28T06:47:09.086+0000] {processor.py:927} WARNING - No viable dags retrieved from /opt/airflow/dags/env/Scripts/sqlformat.exe
[2025-03-28T06:47:09.112+0000] {processor.py:208} INFO - Processing /opt/airflow/dags/env/Scripts/sqlformat.exe took 0.057 seconds
[2025-03-28T08:42:49.399+0000] {processor.py:186} INFO - Started process (PID=1245) to work on /opt/airflow/dags/env/Scripts/sqlformat.exe
[2025-03-28T08:42:49.401+0000] {processor.py:914} INFO - Processing file /opt/airflow/dags/env/Scripts/sqlformat.exe for tasks to queue
[2025-03-28T08:42:49.403+0000] {logging_mixin.py:190} INFO - [2025-03-28T08:42:49.402+0000] {dagbag.py:588} INFO - Filling up the DagBag from /opt/airflow/dags/env/Scripts/sqlformat.exe
[2025-03-28T08:42:49.418+0000] {logging_mixin.py:190} INFO - [2025-03-28T08:42:49.418+0000] {dagbag.py:435} INFO - File /opt/airflow/dags/env/Scripts/sqlformat.exe:__main__.py assumed to contain no DAGs. Skipping.
[2025-03-28T08:42:49.420+0000] {processor.py:927} WARNING - No viable dags retrieved from /opt/airflow/dags/env/Scripts/sqlformat.exe
[2025-03-28T08:42:49.444+0000] {processor.py:208} INFO - Processing /opt/airflow/dags/env/Scripts/sqlformat.exe took 0.062 seconds
[2025-03-28T08:47:53.809+0000] {processor.py:186} INFO - Started process (PID=1270) to work on /opt/airflow/dags/env/Scripts/sqlformat.exe
[2025-03-28T08:47:53.811+0000] {processor.py:914} INFO - Processing file /opt/airflow/dags/env/Scripts/sqlformat.exe for tasks to queue
[2025-03-28T08:47:53.813+0000] {logging_mixin.py:190} INFO - [2025-03-28T08:47:53.813+0000] {dagbag.py:588} INFO - Filling up the DagBag from /opt/airflow/dags/env/Scripts/sqlformat.exe
[2025-03-28T08:47:53.832+0000] {logging_mixin.py:190} INFO - [2025-03-28T08:47:53.832+0000] {dagbag.py:435} INFO - File /opt/airflow/dags/env/Scripts/sqlformat.exe:__main__.py assumed to contain no DAGs. Skipping.
[2025-03-28T08:47:53.834+0000] {processor.py:927} WARNING - No viable dags retrieved from /opt/airflow/dags/env/Scripts/sqlformat.exe
[2025-03-28T08:47:53.868+0000] {processor.py:208} INFO - Processing /opt/airflow/dags/env/Scripts/sqlformat.exe took 0.072 seconds
[2025-03-28T09:31:02.552+0000] {processor.py:186} INFO - Started process (PID=1447) to work on /opt/airflow/dags/env/Scripts/sqlformat.exe
[2025-03-28T09:31:02.554+0000] {processor.py:914} INFO - Processing file /opt/airflow/dags/env/Scripts/sqlformat.exe for tasks to queue
[2025-03-28T09:31:02.558+0000] {logging_mixin.py:190} INFO - [2025-03-28T09:31:02.557+0000] {dagbag.py:588} INFO - Filling up the DagBag from /opt/airflow/dags/env/Scripts/sqlformat.exe
[2025-03-28T09:31:02.576+0000] {logging_mixin.py:190} INFO - [2025-03-28T09:31:02.576+0000] {dagbag.py:435} INFO - File /opt/airflow/dags/env/Scripts/sqlformat.exe:__main__.py assumed to contain no DAGs. Skipping.
[2025-03-28T09:31:02.578+0000] {processor.py:927} WARNING - No viable dags retrieved from /opt/airflow/dags/env/Scripts/sqlformat.exe
[2025-03-28T09:31:02.627+0000] {processor.py:208} INFO - Processing /opt/airflow/dags/env/Scripts/sqlformat.exe took 0.101 seconds
[2025-03-28T09:31:33.837+0000] {processor.py:186} INFO - Started process (PID=1471) to work on /opt/airflow/dags/env/Scripts/sqlformat.exe
[2025-03-28T09:31:33.839+0000] {processor.py:914} INFO - Processing file /opt/airflow/dags/env/Scripts/sqlformat.exe for tasks to queue
[2025-03-28T09:31:33.842+0000] {logging_mixin.py:190} INFO - [2025-03-28T09:31:33.841+0000] {dagbag.py:588} INFO - Filling up the DagBag from /opt/airflow/dags/env/Scripts/sqlformat.exe
[2025-03-28T09:31:33.856+0000] {logging_mixin.py:190} INFO - [2025-03-28T09:31:33.856+0000] {dagbag.py:435} INFO - File /opt/airflow/dags/env/Scripts/sqlformat.exe:__main__.py assumed to contain no DAGs. Skipping.
[2025-03-28T09:31:33.858+0000] {processor.py:927} WARNING - No viable dags retrieved from /opt/airflow/dags/env/Scripts/sqlformat.exe
[2025-03-28T09:31:33.895+0000] {processor.py:208} INFO - Processing /opt/airflow/dags/env/Scripts/sqlformat.exe took 0.076 seconds
[2025-03-28T09:42:06.533+0000] {processor.py:186} INFO - Started process (PID=1497) to work on /opt/airflow/dags/env/Scripts/sqlformat.exe
[2025-03-28T09:42:06.534+0000] {processor.py:914} INFO - Processing file /opt/airflow/dags/env/Scripts/sqlformat.exe for tasks to queue
[2025-03-28T09:42:06.536+0000] {logging_mixin.py:190} INFO - [2025-03-28T09:42:06.535+0000] {dagbag.py:588} INFO - Filling up the DagBag from /opt/airflow/dags/env/Scripts/sqlformat.exe
[2025-03-28T09:42:06.552+0000] {logging_mixin.py:190} INFO - [2025-03-28T09:42:06.552+0000] {dagbag.py:435} INFO - File /opt/airflow/dags/env/Scripts/sqlformat.exe:__main__.py assumed to contain no DAGs. Skipping.
[2025-03-28T09:42:06.554+0000] {processor.py:927} WARNING - No viable dags retrieved from /opt/airflow/dags/env/Scripts/sqlformat.exe
[2025-03-28T09:42:06.584+0000] {processor.py:208} INFO - Processing /opt/airflow/dags/env/Scripts/sqlformat.exe took 0.063 seconds
[2025-03-28T09:47:20.594+0000] {processor.py:186} INFO - Started process (PID=1531) to work on /opt/airflow/dags/env/Scripts/sqlformat.exe
[2025-03-28T09:47:20.595+0000] {processor.py:914} INFO - Processing file /opt/airflow/dags/env/Scripts/sqlformat.exe for tasks to queue
[2025-03-28T09:47:20.597+0000] {logging_mixin.py:190} INFO - [2025-03-28T09:47:20.597+0000] {dagbag.py:588} INFO - Filling up the DagBag from /opt/airflow/dags/env/Scripts/sqlformat.exe
[2025-03-28T09:47:20.611+0000] {logging_mixin.py:190} INFO - [2025-03-28T09:47:20.611+0000] {dagbag.py:435} INFO - File /opt/airflow/dags/env/Scripts/sqlformat.exe:__main__.py assumed to contain no DAGs. Skipping.
[2025-03-28T09:47:20.612+0000] {processor.py:927} WARNING - No viable dags retrieved from /opt/airflow/dags/env/Scripts/sqlformat.exe
[2025-03-28T09:47:20.634+0000] {processor.py:208} INFO - Processing /opt/airflow/dags/env/Scripts/sqlformat.exe took 0.052 seconds
[2025-03-28T09:52:30.802+0000] {processor.py:186} INFO - Started process (PID=1561) to work on /opt/airflow/dags/env/Scripts/sqlformat.exe
[2025-03-28T09:52:30.804+0000] {processor.py:914} INFO - Processing file /opt/airflow/dags/env/Scripts/sqlformat.exe for tasks to queue
[2025-03-28T09:52:30.808+0000] {logging_mixin.py:190} INFO - [2025-03-28T09:52:30.808+0000] {dagbag.py:588} INFO - Filling up the DagBag from /opt/airflow/dags/env/Scripts/sqlformat.exe
[2025-03-28T09:52:30.833+0000] {logging_mixin.py:190} INFO - [2025-03-28T09:52:30.833+0000] {dagbag.py:435} INFO - File /opt/airflow/dags/env/Scripts/sqlformat.exe:__main__.py assumed to contain no DAGs. Skipping.
[2025-03-28T09:52:30.835+0000] {processor.py:927} WARNING - No viable dags retrieved from /opt/airflow/dags/env/Scripts/sqlformat.exe
[2025-03-28T09:52:30.892+0000] {processor.py:208} INFO - Processing /opt/airflow/dags/env/Scripts/sqlformat.exe took 0.113 seconds
[2025-03-28T10:09:13.120+0000] {processor.py:186} INFO - Started process (PID=1586) to work on /opt/airflow/dags/env/Scripts/sqlformat.exe
[2025-03-28T10:09:13.122+0000] {processor.py:914} INFO - Processing file /opt/airflow/dags/env/Scripts/sqlformat.exe for tasks to queue
[2025-03-28T10:09:13.123+0000] {logging_mixin.py:190} INFO - [2025-03-28T10:09:13.123+0000] {dagbag.py:588} INFO - Filling up the DagBag from /opt/airflow/dags/env/Scripts/sqlformat.exe
[2025-03-28T10:09:13.137+0000] {logging_mixin.py:190} INFO - [2025-03-28T10:09:13.137+0000] {dagbag.py:435} INFO - File /opt/airflow/dags/env/Scripts/sqlformat.exe:__main__.py assumed to contain no DAGs. Skipping.
[2025-03-28T10:09:13.138+0000] {processor.py:927} WARNING - No viable dags retrieved from /opt/airflow/dags/env/Scripts/sqlformat.exe
[2025-03-28T10:09:13.161+0000] {processor.py:208} INFO - Processing /opt/airflow/dags/env/Scripts/sqlformat.exe took 0.054 seconds
[2025-03-28T10:09:44.480+0000] {processor.py:186} INFO - Started process (PID=1611) to work on /opt/airflow/dags/env/Scripts/sqlformat.exe
[2025-03-28T10:09:44.481+0000] {processor.py:914} INFO - Processing file /opt/airflow/dags/env/Scripts/sqlformat.exe for tasks to queue
[2025-03-28T10:09:44.483+0000] {logging_mixin.py:190} INFO - [2025-03-28T10:09:44.483+0000] {dagbag.py:588} INFO - Filling up the DagBag from /opt/airflow/dags/env/Scripts/sqlformat.exe
[2025-03-28T10:09:44.501+0000] {logging_mixin.py:190} INFO - [2025-03-28T10:09:44.500+0000] {dagbag.py:435} INFO - File /opt/airflow/dags/env/Scripts/sqlformat.exe:__main__.py assumed to contain no DAGs. Skipping.
[2025-03-28T10:09:44.502+0000] {processor.py:927} WARNING - No viable dags retrieved from /opt/airflow/dags/env/Scripts/sqlformat.exe
[2025-03-28T10:09:44.531+0000] {processor.py:208} INFO - Processing /opt/airflow/dags/env/Scripts/sqlformat.exe took 0.066 seconds
[2025-03-28T10:27:06.712+0000] {processor.py:186} INFO - Started process (PID=1635) to work on /opt/airflow/dags/env/Scripts/sqlformat.exe
[2025-03-28T10:27:06.717+0000] {processor.py:914} INFO - Processing file /opt/airflow/dags/env/Scripts/sqlformat.exe for tasks to queue
[2025-03-28T10:27:06.723+0000] {logging_mixin.py:190} INFO - [2025-03-28T10:27:06.721+0000] {dagbag.py:588} INFO - Filling up the DagBag from /opt/airflow/dags/env/Scripts/sqlformat.exe
[2025-03-28T10:27:06.740+0000] {logging_mixin.py:190} INFO - [2025-03-28T10:27:06.740+0000] {dagbag.py:435} INFO - File /opt/airflow/dags/env/Scripts/sqlformat.exe:__main__.py assumed to contain no DAGs. Skipping.
[2025-03-28T10:27:06.742+0000] {processor.py:927} WARNING - No viable dags retrieved from /opt/airflow/dags/env/Scripts/sqlformat.exe
[2025-03-28T10:27:06.772+0000] {processor.py:208} INFO - Processing /opt/airflow/dags/env/Scripts/sqlformat.exe took 0.082 seconds
[2025-03-28T10:31:28.324+0000] {processor.py:186} INFO - Started process (PID=1661) to work on /opt/airflow/dags/env/Scripts/sqlformat.exe
[2025-03-28T10:31:28.325+0000] {processor.py:914} INFO - Processing file /opt/airflow/dags/env/Scripts/sqlformat.exe for tasks to queue
[2025-03-28T10:31:28.328+0000] {logging_mixin.py:190} INFO - [2025-03-28T10:31:28.327+0000] {dagbag.py:588} INFO - Filling up the DagBag from /opt/airflow/dags/env/Scripts/sqlformat.exe
[2025-03-28T10:31:28.343+0000] {logging_mixin.py:190} INFO - [2025-03-28T10:31:28.342+0000] {dagbag.py:435} INFO - File /opt/airflow/dags/env/Scripts/sqlformat.exe:__main__.py assumed to contain no DAGs. Skipping.
[2025-03-28T10:31:28.344+0000] {processor.py:927} WARNING - No viable dags retrieved from /opt/airflow/dags/env/Scripts/sqlformat.exe
[2025-03-28T10:31:28.376+0000] {processor.py:208} INFO - Processing /opt/airflow/dags/env/Scripts/sqlformat.exe took 0.071 seconds
[2025-03-28T10:32:01.652+0000] {processor.py:186} INFO - Started process (PID=1685) to work on /opt/airflow/dags/env/Scripts/sqlformat.exe
[2025-03-28T10:32:01.655+0000] {processor.py:914} INFO - Processing file /opt/airflow/dags/env/Scripts/sqlformat.exe for tasks to queue
[2025-03-28T10:32:01.658+0000] {logging_mixin.py:190} INFO - [2025-03-28T10:32:01.657+0000] {dagbag.py:588} INFO - Filling up the DagBag from /opt/airflow/dags/env/Scripts/sqlformat.exe
[2025-03-28T10:32:01.676+0000] {logging_mixin.py:190} INFO - [2025-03-28T10:32:01.676+0000] {dagbag.py:435} INFO - File /opt/airflow/dags/env/Scripts/sqlformat.exe:__main__.py assumed to contain no DAGs. Skipping.
[2025-03-28T10:32:01.677+0000] {processor.py:927} WARNING - No viable dags retrieved from /opt/airflow/dags/env/Scripts/sqlformat.exe
[2025-03-28T10:32:01.709+0000] {processor.py:208} INFO - Processing /opt/airflow/dags/env/Scripts/sqlformat.exe took 0.075 seconds
[2025-03-28T10:36:45.619+0000] {processor.py:186} INFO - Started process (PID=1715) to work on /opt/airflow/dags/env/Scripts/sqlformat.exe
[2025-03-28T10:36:45.621+0000] {processor.py:914} INFO - Processing file /opt/airflow/dags/env/Scripts/sqlformat.exe for tasks to queue
[2025-03-28T10:36:45.625+0000] {logging_mixin.py:190} INFO - [2025-03-28T10:36:45.624+0000] {dagbag.py:588} INFO - Filling up the DagBag from /opt/airflow/dags/env/Scripts/sqlformat.exe
[2025-03-28T10:36:45.649+0000] {logging_mixin.py:190} INFO - [2025-03-28T10:36:45.649+0000] {dagbag.py:435} INFO - File /opt/airflow/dags/env/Scripts/sqlformat.exe:__main__.py assumed to contain no DAGs. Skipping.
[2025-03-28T10:36:45.651+0000] {processor.py:927} WARNING - No viable dags retrieved from /opt/airflow/dags/env/Scripts/sqlformat.exe
[2025-03-28T10:36:45.697+0000] {processor.py:208} INFO - Processing /opt/airflow/dags/env/Scripts/sqlformat.exe took 0.100 seconds
[2025-03-28T10:37:17.187+0000] {processor.py:186} INFO - Started process (PID=1739) to work on /opt/airflow/dags/env/Scripts/sqlformat.exe
[2025-03-28T10:37:17.191+0000] {processor.py:914} INFO - Processing file /opt/airflow/dags/env/Scripts/sqlformat.exe for tasks to queue
[2025-03-28T10:37:17.194+0000] {logging_mixin.py:190} INFO - [2025-03-28T10:37:17.193+0000] {dagbag.py:588} INFO - Filling up the DagBag from /opt/airflow/dags/env/Scripts/sqlformat.exe
[2025-03-28T10:37:17.216+0000] {logging_mixin.py:190} INFO - [2025-03-28T10:37:17.215+0000] {dagbag.py:435} INFO - File /opt/airflow/dags/env/Scripts/sqlformat.exe:__main__.py assumed to contain no DAGs. Skipping.
[2025-03-28T10:37:17.217+0000] {processor.py:927} WARNING - No viable dags retrieved from /opt/airflow/dags/env/Scripts/sqlformat.exe
[2025-03-28T10:37:17.283+0000] {processor.py:208} INFO - Processing /opt/airflow/dags/env/Scripts/sqlformat.exe took 0.118 seconds
[2025-03-28T11:52:32.185+0000] {processor.py:186} INFO - Started process (PID=1760) to work on /opt/airflow/dags/env/Scripts/sqlformat.exe
[2025-03-28T11:52:32.187+0000] {processor.py:914} INFO - Processing file /opt/airflow/dags/env/Scripts/sqlformat.exe for tasks to queue
[2025-03-28T11:52:32.188+0000] {logging_mixin.py:190} INFO - [2025-03-28T11:52:32.188+0000] {dagbag.py:588} INFO - Filling up the DagBag from /opt/airflow/dags/env/Scripts/sqlformat.exe
[2025-03-28T11:52:32.202+0000] {logging_mixin.py:190} INFO - [2025-03-28T11:52:32.201+0000] {dagbag.py:435} INFO - File /opt/airflow/dags/env/Scripts/sqlformat.exe:__main__.py assumed to contain no DAGs. Skipping.
[2025-03-28T11:52:32.203+0000] {processor.py:927} WARNING - No viable dags retrieved from /opt/airflow/dags/env/Scripts/sqlformat.exe
[2025-03-28T11:52:32.226+0000] {processor.py:208} INFO - Processing /opt/airflow/dags/env/Scripts/sqlformat.exe took 0.053 seconds
[2025-03-28T11:53:10.393+0000] {processor.py:186} INFO - Started process (PID=1784) to work on /opt/airflow/dags/env/Scripts/sqlformat.exe
[2025-03-28T11:53:10.399+0000] {processor.py:914} INFO - Processing file /opt/airflow/dags/env/Scripts/sqlformat.exe for tasks to queue
[2025-03-28T11:53:10.407+0000] {logging_mixin.py:190} INFO - [2025-03-28T11:53:10.406+0000] {dagbag.py:588} INFO - Filling up the DagBag from /opt/airflow/dags/env/Scripts/sqlformat.exe
[2025-03-28T11:53:10.431+0000] {logging_mixin.py:190} INFO - [2025-03-28T11:53:10.431+0000] {dagbag.py:435} INFO - File /opt/airflow/dags/env/Scripts/sqlformat.exe:__main__.py assumed to contain no DAGs. Skipping.
[2025-03-28T11:53:10.433+0000] {processor.py:927} WARNING - No viable dags retrieved from /opt/airflow/dags/env/Scripts/sqlformat.exe
[2025-03-28T11:53:10.484+0000] {processor.py:208} INFO - Processing /opt/airflow/dags/env/Scripts/sqlformat.exe took 0.118 seconds
[2025-03-28T12:52:15.485+0000] {processor.py:186} INFO - Started process (PID=1807) to work on /opt/airflow/dags/env/Scripts/sqlformat.exe
[2025-03-28T12:52:15.486+0000] {processor.py:914} INFO - Processing file /opt/airflow/dags/env/Scripts/sqlformat.exe for tasks to queue
[2025-03-28T12:52:15.488+0000] {logging_mixin.py:190} INFO - [2025-03-28T12:52:15.488+0000] {dagbag.py:588} INFO - Filling up the DagBag from /opt/airflow/dags/env/Scripts/sqlformat.exe
[2025-03-28T12:52:15.503+0000] {logging_mixin.py:190} INFO - [2025-03-28T12:52:15.503+0000] {dagbag.py:435} INFO - File /opt/airflow/dags/env/Scripts/sqlformat.exe:__main__.py assumed to contain no DAGs. Skipping.
[2025-03-28T12:52:15.504+0000] {processor.py:927} WARNING - No viable dags retrieved from /opt/airflow/dags/env/Scripts/sqlformat.exe
[2025-03-28T12:52:15.539+0000] {processor.py:208} INFO - Processing /opt/airflow/dags/env/Scripts/sqlformat.exe took 0.065 seconds
[2025-03-28T12:52:46.633+0000] {processor.py:186} INFO - Started process (PID=1831) to work on /opt/airflow/dags/env/Scripts/sqlformat.exe
[2025-03-28T12:52:46.635+0000] {processor.py:914} INFO - Processing file /opt/airflow/dags/env/Scripts/sqlformat.exe for tasks to queue
[2025-03-28T12:52:46.637+0000] {logging_mixin.py:190} INFO - [2025-03-28T12:52:46.637+0000] {dagbag.py:588} INFO - Filling up the DagBag from /opt/airflow/dags/env/Scripts/sqlformat.exe
[2025-03-28T12:52:46.650+0000] {logging_mixin.py:190} INFO - [2025-03-28T12:52:46.650+0000] {dagbag.py:435} INFO - File /opt/airflow/dags/env/Scripts/sqlformat.exe:__main__.py assumed to contain no DAGs. Skipping.
[2025-03-28T12:52:46.651+0000] {processor.py:927} WARNING - No viable dags retrieved from /opt/airflow/dags/env/Scripts/sqlformat.exe
[2025-03-28T12:52:46.672+0000] {processor.py:208} INFO - Processing /opt/airflow/dags/env/Scripts/sqlformat.exe took 0.051 seconds
[2025-03-28T12:57:07.954+0000] {processor.py:186} INFO - Started process (PID=1857) to work on /opt/airflow/dags/env/Scripts/sqlformat.exe
[2025-03-28T12:57:07.955+0000] {processor.py:914} INFO - Processing file /opt/airflow/dags/env/Scripts/sqlformat.exe for tasks to queue
[2025-03-28T12:57:07.962+0000] {logging_mixin.py:190} INFO - [2025-03-28T12:57:07.961+0000] {dagbag.py:588} INFO - Filling up the DagBag from /opt/airflow/dags/env/Scripts/sqlformat.exe
[2025-03-28T12:57:07.984+0000] {logging_mixin.py:190} INFO - [2025-03-28T12:57:07.984+0000] {dagbag.py:435} INFO - File /opt/airflow/dags/env/Scripts/sqlformat.exe:__main__.py assumed to contain no DAGs. Skipping.
[2025-03-28T12:57:07.986+0000] {processor.py:927} WARNING - No viable dags retrieved from /opt/airflow/dags/env/Scripts/sqlformat.exe
[2025-03-28T12:57:08.013+0000] {processor.py:208} INFO - Processing /opt/airflow/dags/env/Scripts/sqlformat.exe took 0.082 seconds
[2025-03-28T12:57:38.711+0000] {processor.py:186} INFO - Started process (PID=1881) to work on /opt/airflow/dags/env/Scripts/sqlformat.exe
[2025-03-28T12:57:38.713+0000] {processor.py:914} INFO - Processing file /opt/airflow/dags/env/Scripts/sqlformat.exe for tasks to queue
[2025-03-28T12:57:38.715+0000] {logging_mixin.py:190} INFO - [2025-03-28T12:57:38.714+0000] {dagbag.py:588} INFO - Filling up the DagBag from /opt/airflow/dags/env/Scripts/sqlformat.exe
[2025-03-28T12:57:38.728+0000] {logging_mixin.py:190} INFO - [2025-03-28T12:57:38.728+0000] {dagbag.py:435} INFO - File /opt/airflow/dags/env/Scripts/sqlformat.exe:__main__.py assumed to contain no DAGs. Skipping.
[2025-03-28T12:57:38.729+0000] {processor.py:927} WARNING - No viable dags retrieved from /opt/airflow/dags/env/Scripts/sqlformat.exe
[2025-03-28T12:57:38.753+0000] {processor.py:208} INFO - Processing /opt/airflow/dags/env/Scripts/sqlformat.exe took 0.054 seconds
[2025-03-28T13:02:09.737+0000] {processor.py:186} INFO - Started process (PID=1910) to work on /opt/airflow/dags/env/Scripts/sqlformat.exe
[2025-03-28T13:02:09.739+0000] {processor.py:914} INFO - Processing file /opt/airflow/dags/env/Scripts/sqlformat.exe for tasks to queue
[2025-03-28T13:02:09.741+0000] {logging_mixin.py:190} INFO - [2025-03-28T13:02:09.740+0000] {dagbag.py:588} INFO - Filling up the DagBag from /opt/airflow/dags/env/Scripts/sqlformat.exe
[2025-03-28T13:02:09.752+0000] {logging_mixin.py:190} INFO - [2025-03-28T13:02:09.752+0000] {dagbag.py:435} INFO - File /opt/airflow/dags/env/Scripts/sqlformat.exe:__main__.py assumed to contain no DAGs. Skipping.
[2025-03-28T13:02:09.753+0000] {processor.py:927} WARNING - No viable dags retrieved from /opt/airflow/dags/env/Scripts/sqlformat.exe
[2025-03-28T13:02:09.780+0000] {processor.py:208} INFO - Processing /opt/airflow/dags/env/Scripts/sqlformat.exe took 0.054 seconds
[2025-03-28T13:02:40.599+0000] {processor.py:186} INFO - Started process (PID=1934) to work on /opt/airflow/dags/env/Scripts/sqlformat.exe
[2025-03-28T13:02:40.600+0000] {processor.py:914} INFO - Processing file /opt/airflow/dags/env/Scripts/sqlformat.exe for tasks to queue
[2025-03-28T13:02:40.602+0000] {logging_mixin.py:190} INFO - [2025-03-28T13:02:40.602+0000] {dagbag.py:588} INFO - Filling up the DagBag from /opt/airflow/dags/env/Scripts/sqlformat.exe
[2025-03-28T13:02:40.613+0000] {logging_mixin.py:190} INFO - [2025-03-28T13:02:40.613+0000] {dagbag.py:435} INFO - File /opt/airflow/dags/env/Scripts/sqlformat.exe:__main__.py assumed to contain no DAGs. Skipping.
[2025-03-28T13:02:40.614+0000] {processor.py:927} WARNING - No viable dags retrieved from /opt/airflow/dags/env/Scripts/sqlformat.exe
[2025-03-28T13:02:40.634+0000] {processor.py:208} INFO - Processing /opt/airflow/dags/env/Scripts/sqlformat.exe took 0.045 seconds
[2025-03-28T13:07:06.829+0000] {processor.py:186} INFO - Started process (PID=1961) to work on /opt/airflow/dags/env/Scripts/sqlformat.exe
[2025-03-28T13:07:06.830+0000] {processor.py:914} INFO - Processing file /opt/airflow/dags/env/Scripts/sqlformat.exe for tasks to queue
[2025-03-28T13:07:06.832+0000] {logging_mixin.py:190} INFO - [2025-03-28T13:07:06.831+0000] {dagbag.py:588} INFO - Filling up the DagBag from /opt/airflow/dags/env/Scripts/sqlformat.exe
[2025-03-28T13:07:06.848+0000] {logging_mixin.py:190} INFO - [2025-03-28T13:07:06.848+0000] {dagbag.py:435} INFO - File /opt/airflow/dags/env/Scripts/sqlformat.exe:__main__.py assumed to contain no DAGs. Skipping.
[2025-03-28T13:07:06.849+0000] {processor.py:927} WARNING - No viable dags retrieved from /opt/airflow/dags/env/Scripts/sqlformat.exe
[2025-03-28T13:07:06.870+0000] {processor.py:208} INFO - Processing /opt/airflow/dags/env/Scripts/sqlformat.exe took 0.052 seconds
[2025-03-28T13:07:37.904+0000] {processor.py:186} INFO - Started process (PID=1985) to work on /opt/airflow/dags/env/Scripts/sqlformat.exe
[2025-03-28T13:07:37.906+0000] {processor.py:914} INFO - Processing file /opt/airflow/dags/env/Scripts/sqlformat.exe for tasks to queue
[2025-03-28T13:07:37.909+0000] {logging_mixin.py:190} INFO - [2025-03-28T13:07:37.908+0000] {dagbag.py:588} INFO - Filling up the DagBag from /opt/airflow/dags/env/Scripts/sqlformat.exe
[2025-03-28T13:07:37.927+0000] {logging_mixin.py:190} INFO - [2025-03-28T13:07:37.927+0000] {dagbag.py:435} INFO - File /opt/airflow/dags/env/Scripts/sqlformat.exe:__main__.py assumed to contain no DAGs. Skipping.
[2025-03-28T13:07:37.929+0000] {processor.py:927} WARNING - No viable dags retrieved from /opt/airflow/dags/env/Scripts/sqlformat.exe
[2025-03-28T13:07:37.959+0000] {processor.py:208} INFO - Processing /opt/airflow/dags/env/Scripts/sqlformat.exe took 0.074 seconds
[2025-03-28T13:12:04.265+0000] {processor.py:186} INFO - Started process (PID=2015) to work on /opt/airflow/dags/env/Scripts/sqlformat.exe
[2025-03-28T13:12:04.267+0000] {processor.py:914} INFO - Processing file /opt/airflow/dags/env/Scripts/sqlformat.exe for tasks to queue
[2025-03-28T13:12:04.268+0000] {logging_mixin.py:190} INFO - [2025-03-28T13:12:04.268+0000] {dagbag.py:588} INFO - Filling up the DagBag from /opt/airflow/dags/env/Scripts/sqlformat.exe
[2025-03-28T13:12:04.282+0000] {logging_mixin.py:190} INFO - [2025-03-28T13:12:04.281+0000] {dagbag.py:435} INFO - File /opt/airflow/dags/env/Scripts/sqlformat.exe:__main__.py assumed to contain no DAGs. Skipping.
[2025-03-28T13:12:04.282+0000] {processor.py:927} WARNING - No viable dags retrieved from /opt/airflow/dags/env/Scripts/sqlformat.exe
[2025-03-28T13:12:04.303+0000] {processor.py:208} INFO - Processing /opt/airflow/dags/env/Scripts/sqlformat.exe took 0.049 seconds
[2025-03-28T13:12:35.449+0000] {processor.py:186} INFO - Started process (PID=2039) to work on /opt/airflow/dags/env/Scripts/sqlformat.exe
[2025-03-28T13:12:35.451+0000] {processor.py:914} INFO - Processing file /opt/airflow/dags/env/Scripts/sqlformat.exe for tasks to queue
[2025-03-28T13:12:35.453+0000] {logging_mixin.py:190} INFO - [2025-03-28T13:12:35.452+0000] {dagbag.py:588} INFO - Filling up the DagBag from /opt/airflow/dags/env/Scripts/sqlformat.exe
[2025-03-28T13:12:35.471+0000] {logging_mixin.py:190} INFO - [2025-03-28T13:12:35.470+0000] {dagbag.py:435} INFO - File /opt/airflow/dags/env/Scripts/sqlformat.exe:__main__.py assumed to contain no DAGs. Skipping.
[2025-03-28T13:12:35.472+0000] {processor.py:927} WARNING - No viable dags retrieved from /opt/airflow/dags/env/Scripts/sqlformat.exe
[2025-03-28T13:12:35.498+0000] {processor.py:208} INFO - Processing /opt/airflow/dags/env/Scripts/sqlformat.exe took 0.069 seconds
[2025-03-28T13:17:08.902+0000] {processor.py:186} INFO - Started process (PID=2071) to work on /opt/airflow/dags/env/Scripts/sqlformat.exe
[2025-03-28T13:17:08.903+0000] {processor.py:914} INFO - Processing file /opt/airflow/dags/env/Scripts/sqlformat.exe for tasks to queue
[2025-03-28T13:17:08.906+0000] {logging_mixin.py:190} INFO - [2025-03-28T13:17:08.905+0000] {dagbag.py:588} INFO - Filling up the DagBag from /opt/airflow/dags/env/Scripts/sqlformat.exe
[2025-03-28T13:17:08.926+0000] {logging_mixin.py:190} INFO - [2025-03-28T13:17:08.925+0000] {dagbag.py:435} INFO - File /opt/airflow/dags/env/Scripts/sqlformat.exe:__main__.py assumed to contain no DAGs. Skipping.
[2025-03-28T13:17:08.927+0000] {processor.py:927} WARNING - No viable dags retrieved from /opt/airflow/dags/env/Scripts/sqlformat.exe
[2025-03-28T13:17:08.957+0000] {processor.py:208} INFO - Processing /opt/airflow/dags/env/Scripts/sqlformat.exe took 0.072 seconds
[2025-03-28T13:17:41.632+0000] {processor.py:186} INFO - Started process (PID=2095) to work on /opt/airflow/dags/env/Scripts/sqlformat.exe
[2025-03-28T13:17:41.633+0000] {processor.py:914} INFO - Processing file /opt/airflow/dags/env/Scripts/sqlformat.exe for tasks to queue
[2025-03-28T13:17:41.635+0000] {logging_mixin.py:190} INFO - [2025-03-28T13:17:41.635+0000] {dagbag.py:588} INFO - Filling up the DagBag from /opt/airflow/dags/env/Scripts/sqlformat.exe
[2025-03-28T13:17:41.652+0000] {logging_mixin.py:190} INFO - [2025-03-28T13:17:41.652+0000] {dagbag.py:435} INFO - File /opt/airflow/dags/env/Scripts/sqlformat.exe:__main__.py assumed to contain no DAGs. Skipping.
[2025-03-28T13:17:41.653+0000] {processor.py:927} WARNING - No viable dags retrieved from /opt/airflow/dags/env/Scripts/sqlformat.exe
[2025-03-28T13:17:41.681+0000] {processor.py:208} INFO - Processing /opt/airflow/dags/env/Scripts/sqlformat.exe took 0.062 seconds
[2025-03-28T13:22:10.046+0000] {processor.py:186} INFO - Started process (PID=2123) to work on /opt/airflow/dags/env/Scripts/sqlformat.exe
[2025-03-28T13:22:10.048+0000] {processor.py:914} INFO - Processing file /opt/airflow/dags/env/Scripts/sqlformat.exe for tasks to queue
[2025-03-28T13:22:10.050+0000] {logging_mixin.py:190} INFO - [2025-03-28T13:22:10.049+0000] {dagbag.py:588} INFO - Filling up the DagBag from /opt/airflow/dags/env/Scripts/sqlformat.exe
[2025-03-28T13:22:10.064+0000] {logging_mixin.py:190} INFO - [2025-03-28T13:22:10.064+0000] {dagbag.py:435} INFO - File /opt/airflow/dags/env/Scripts/sqlformat.exe:__main__.py assumed to contain no DAGs. Skipping.
[2025-03-28T13:22:10.065+0000] {processor.py:927} WARNING - No viable dags retrieved from /opt/airflow/dags/env/Scripts/sqlformat.exe
[2025-03-28T13:22:10.088+0000] {processor.py:208} INFO - Processing /opt/airflow/dags/env/Scripts/sqlformat.exe took 0.053 seconds
[2025-03-28T13:22:41.618+0000] {processor.py:186} INFO - Started process (PID=2147) to work on /opt/airflow/dags/env/Scripts/sqlformat.exe
[2025-03-28T13:22:41.619+0000] {processor.py:914} INFO - Processing file /opt/airflow/dags/env/Scripts/sqlformat.exe for tasks to queue
[2025-03-28T13:22:41.621+0000] {logging_mixin.py:190} INFO - [2025-03-28T13:22:41.621+0000] {dagbag.py:588} INFO - Filling up the DagBag from /opt/airflow/dags/env/Scripts/sqlformat.exe
[2025-03-28T13:22:41.636+0000] {logging_mixin.py:190} INFO - [2025-03-28T13:22:41.636+0000] {dagbag.py:435} INFO - File /opt/airflow/dags/env/Scripts/sqlformat.exe:__main__.py assumed to contain no DAGs. Skipping.
[2025-03-28T13:22:41.637+0000] {processor.py:927} WARNING - No viable dags retrieved from /opt/airflow/dags/env/Scripts/sqlformat.exe
[2025-03-28T13:22:41.667+0000] {processor.py:208} INFO - Processing /opt/airflow/dags/env/Scripts/sqlformat.exe took 0.063 seconds
[2025-03-28T13:27:05.429+0000] {processor.py:186} INFO - Started process (PID=2175) to work on /opt/airflow/dags/env/Scripts/sqlformat.exe
[2025-03-28T13:27:05.430+0000] {processor.py:914} INFO - Processing file /opt/airflow/dags/env/Scripts/sqlformat.exe for tasks to queue
[2025-03-28T13:27:05.432+0000] {logging_mixin.py:190} INFO - [2025-03-28T13:27:05.432+0000] {dagbag.py:588} INFO - Filling up the DagBag from /opt/airflow/dags/env/Scripts/sqlformat.exe
[2025-03-28T13:27:05.443+0000] {logging_mixin.py:190} INFO - [2025-03-28T13:27:05.443+0000] {dagbag.py:435} INFO - File /opt/airflow/dags/env/Scripts/sqlformat.exe:__main__.py assumed to contain no DAGs. Skipping.
[2025-03-28T13:27:05.444+0000] {processor.py:927} WARNING - No viable dags retrieved from /opt/airflow/dags/env/Scripts/sqlformat.exe
[2025-03-28T13:27:05.463+0000] {processor.py:208} INFO - Processing /opt/airflow/dags/env/Scripts/sqlformat.exe took 0.045 seconds
[2025-03-28T13:27:36.669+0000] {processor.py:186} INFO - Started process (PID=2199) to work on /opt/airflow/dags/env/Scripts/sqlformat.exe
[2025-03-28T13:27:36.671+0000] {processor.py:914} INFO - Processing file /opt/airflow/dags/env/Scripts/sqlformat.exe for tasks to queue
[2025-03-28T13:27:36.672+0000] {logging_mixin.py:190} INFO - [2025-03-28T13:27:36.672+0000] {dagbag.py:588} INFO - Filling up the DagBag from /opt/airflow/dags/env/Scripts/sqlformat.exe
[2025-03-28T13:27:36.685+0000] {logging_mixin.py:190} INFO - [2025-03-28T13:27:36.685+0000] {dagbag.py:435} INFO - File /opt/airflow/dags/env/Scripts/sqlformat.exe:__main__.py assumed to contain no DAGs. Skipping.
[2025-03-28T13:27:36.686+0000] {processor.py:927} WARNING - No viable dags retrieved from /opt/airflow/dags/env/Scripts/sqlformat.exe
[2025-03-28T13:27:36.709+0000] {processor.py:208} INFO - Processing /opt/airflow/dags/env/Scripts/sqlformat.exe took 0.052 seconds
[2025-03-28T13:32:07.977+0000] {processor.py:186} INFO - Started process (PID=2231) to work on /opt/airflow/dags/env/Scripts/sqlformat.exe
[2025-03-28T13:32:07.978+0000] {processor.py:914} INFO - Processing file /opt/airflow/dags/env/Scripts/sqlformat.exe for tasks to queue
[2025-03-28T13:32:07.980+0000] {logging_mixin.py:190} INFO - [2025-03-28T13:32:07.980+0000] {dagbag.py:588} INFO - Filling up the DagBag from /opt/airflow/dags/env/Scripts/sqlformat.exe
[2025-03-28T13:32:07.995+0000] {logging_mixin.py:190} INFO - [2025-03-28T13:32:07.995+0000] {dagbag.py:435} INFO - File /opt/airflow/dags/env/Scripts/sqlformat.exe:__main__.py assumed to contain no DAGs. Skipping.
[2025-03-28T13:32:07.996+0000] {processor.py:927} WARNING - No viable dags retrieved from /opt/airflow/dags/env/Scripts/sqlformat.exe
[2025-03-28T13:32:08.017+0000] {processor.py:208} INFO - Processing /opt/airflow/dags/env/Scripts/sqlformat.exe took 0.051 seconds
[2025-03-28T13:32:39.186+0000] {processor.py:186} INFO - Started process (PID=2255) to work on /opt/airflow/dags/env/Scripts/sqlformat.exe
[2025-03-28T13:32:39.188+0000] {processor.py:914} INFO - Processing file /opt/airflow/dags/env/Scripts/sqlformat.exe for tasks to queue
[2025-03-28T13:32:39.190+0000] {logging_mixin.py:190} INFO - [2025-03-28T13:32:39.189+0000] {dagbag.py:588} INFO - Filling up the DagBag from /opt/airflow/dags/env/Scripts/sqlformat.exe
[2025-03-28T13:32:39.202+0000] {logging_mixin.py:190} INFO - [2025-03-28T13:32:39.202+0000] {dagbag.py:435} INFO - File /opt/airflow/dags/env/Scripts/sqlformat.exe:__main__.py assumed to contain no DAGs. Skipping.
[2025-03-28T13:32:39.204+0000] {processor.py:927} WARNING - No viable dags retrieved from /opt/airflow/dags/env/Scripts/sqlformat.exe
[2025-03-28T13:32:39.231+0000] {processor.py:208} INFO - Processing /opt/airflow/dags/env/Scripts/sqlformat.exe took 0.062 seconds
[2025-03-28T13:37:10.890+0000] {processor.py:186} INFO - Started process (PID=2285) to work on /opt/airflow/dags/env/Scripts/sqlformat.exe
[2025-03-28T13:37:10.892+0000] {processor.py:914} INFO - Processing file /opt/airflow/dags/env/Scripts/sqlformat.exe for tasks to queue
[2025-03-28T13:37:10.894+0000] {logging_mixin.py:190} INFO - [2025-03-28T13:37:10.893+0000] {dagbag.py:588} INFO - Filling up the DagBag from /opt/airflow/dags/env/Scripts/sqlformat.exe
[2025-03-28T13:37:10.908+0000] {logging_mixin.py:190} INFO - [2025-03-28T13:37:10.907+0000] {dagbag.py:435} INFO - File /opt/airflow/dags/env/Scripts/sqlformat.exe:__main__.py assumed to contain no DAGs. Skipping.
[2025-03-28T13:37:10.909+0000] {processor.py:927} WARNING - No viable dags retrieved from /opt/airflow/dags/env/Scripts/sqlformat.exe
[2025-03-28T13:37:10.930+0000] {processor.py:208} INFO - Processing /opt/airflow/dags/env/Scripts/sqlformat.exe took 0.050 seconds
[2025-03-28T13:37:42.662+0000] {processor.py:186} INFO - Started process (PID=2309) to work on /opt/airflow/dags/env/Scripts/sqlformat.exe
[2025-03-28T13:37:42.664+0000] {processor.py:914} INFO - Processing file /opt/airflow/dags/env/Scripts/sqlformat.exe for tasks to queue
[2025-03-28T13:37:42.666+0000] {logging_mixin.py:190} INFO - [2025-03-28T13:37:42.665+0000] {dagbag.py:588} INFO - Filling up the DagBag from /opt/airflow/dags/env/Scripts/sqlformat.exe
[2025-03-28T13:37:42.679+0000] {logging_mixin.py:190} INFO - [2025-03-28T13:37:42.678+0000] {dagbag.py:435} INFO - File /opt/airflow/dags/env/Scripts/sqlformat.exe:__main__.py assumed to contain no DAGs. Skipping.
[2025-03-28T13:37:42.680+0000] {processor.py:927} WARNING - No viable dags retrieved from /opt/airflow/dags/env/Scripts/sqlformat.exe
[2025-03-28T13:37:42.702+0000] {processor.py:208} INFO - Processing /opt/airflow/dags/env/Scripts/sqlformat.exe took 0.051 seconds
[2025-03-28T13:42:06.530+0000] {processor.py:186} INFO - Started process (PID=2336) to work on /opt/airflow/dags/env/Scripts/sqlformat.exe
[2025-03-28T13:42:06.531+0000] {processor.py:914} INFO - Processing file /opt/airflow/dags/env/Scripts/sqlformat.exe for tasks to queue
[2025-03-28T13:42:06.533+0000] {logging_mixin.py:190} INFO - [2025-03-28T13:42:06.532+0000] {dagbag.py:588} INFO - Filling up the DagBag from /opt/airflow/dags/env/Scripts/sqlformat.exe
[2025-03-28T13:42:06.544+0000] {logging_mixin.py:190} INFO - [2025-03-28T13:42:06.543+0000] {dagbag.py:435} INFO - File /opt/airflow/dags/env/Scripts/sqlformat.exe:__main__.py assumed to contain no DAGs. Skipping.
[2025-03-28T13:42:06.545+0000] {processor.py:927} WARNING - No viable dags retrieved from /opt/airflow/dags/env/Scripts/sqlformat.exe
[2025-03-28T13:42:06.567+0000] {processor.py:208} INFO - Processing /opt/airflow/dags/env/Scripts/sqlformat.exe took 0.049 seconds
[2025-03-28T13:42:38.354+0000] {processor.py:186} INFO - Started process (PID=2360) to work on /opt/airflow/dags/env/Scripts/sqlformat.exe
[2025-03-28T13:42:38.356+0000] {processor.py:914} INFO - Processing file /opt/airflow/dags/env/Scripts/sqlformat.exe for tasks to queue
[2025-03-28T13:42:38.357+0000] {logging_mixin.py:190} INFO - [2025-03-28T13:42:38.357+0000] {dagbag.py:588} INFO - Filling up the DagBag from /opt/airflow/dags/env/Scripts/sqlformat.exe
[2025-03-28T13:42:38.368+0000] {logging_mixin.py:190} INFO - [2025-03-28T13:42:38.368+0000] {dagbag.py:435} INFO - File /opt/airflow/dags/env/Scripts/sqlformat.exe:__main__.py assumed to contain no DAGs. Skipping.
[2025-03-28T13:42:38.369+0000] {processor.py:927} WARNING - No viable dags retrieved from /opt/airflow/dags/env/Scripts/sqlformat.exe
[2025-03-28T13:42:38.390+0000] {processor.py:208} INFO - Processing /opt/airflow/dags/env/Scripts/sqlformat.exe took 0.048 seconds
[2025-03-28T13:47:05.054+0000] {processor.py:186} INFO - Started process (PID=2391) to work on /opt/airflow/dags/env/Scripts/sqlformat.exe
[2025-03-28T13:47:05.055+0000] {processor.py:914} INFO - Processing file /opt/airflow/dags/env/Scripts/sqlformat.exe for tasks to queue
[2025-03-28T13:47:05.058+0000] {logging_mixin.py:190} INFO - [2025-03-28T13:47:05.057+0000] {dagbag.py:588} INFO - Filling up the DagBag from /opt/airflow/dags/env/Scripts/sqlformat.exe
[2025-03-28T13:47:05.075+0000] {logging_mixin.py:190} INFO - [2025-03-28T13:47:05.075+0000] {dagbag.py:435} INFO - File /opt/airflow/dags/env/Scripts/sqlformat.exe:__main__.py assumed to contain no DAGs. Skipping.
[2025-03-28T13:47:05.076+0000] {processor.py:927} WARNING - No viable dags retrieved from /opt/airflow/dags/env/Scripts/sqlformat.exe
[2025-03-28T13:47:05.100+0000] {processor.py:208} INFO - Processing /opt/airflow/dags/env/Scripts/sqlformat.exe took 0.062 seconds
[2025-03-28T13:47:35.854+0000] {processor.py:186} INFO - Started process (PID=2415) to work on /opt/airflow/dags/env/Scripts/sqlformat.exe
[2025-03-28T13:47:35.855+0000] {processor.py:914} INFO - Processing file /opt/airflow/dags/env/Scripts/sqlformat.exe for tasks to queue
[2025-03-28T13:47:35.857+0000] {logging_mixin.py:190} INFO - [2025-03-28T13:47:35.856+0000] {dagbag.py:588} INFO - Filling up the DagBag from /opt/airflow/dags/env/Scripts/sqlformat.exe
[2025-03-28T13:47:35.868+0000] {logging_mixin.py:190} INFO - [2025-03-28T13:47:35.868+0000] {dagbag.py:435} INFO - File /opt/airflow/dags/env/Scripts/sqlformat.exe:__main__.py assumed to contain no DAGs. Skipping.
[2025-03-28T13:47:35.869+0000] {processor.py:927} WARNING - No viable dags retrieved from /opt/airflow/dags/env/Scripts/sqlformat.exe
[2025-03-28T13:47:35.890+0000] {processor.py:208} INFO - Processing /opt/airflow/dags/env/Scripts/sqlformat.exe took 0.049 seconds
[2025-03-28T13:52:08.447+0000] {processor.py:186} INFO - Started process (PID=2449) to work on /opt/airflow/dags/env/Scripts/sqlformat.exe
[2025-03-28T13:52:08.448+0000] {processor.py:914} INFO - Processing file /opt/airflow/dags/env/Scripts/sqlformat.exe for tasks to queue
[2025-03-28T13:52:08.450+0000] {logging_mixin.py:190} INFO - [2025-03-28T13:52:08.450+0000] {dagbag.py:588} INFO - Filling up the DagBag from /opt/airflow/dags/env/Scripts/sqlformat.exe
[2025-03-28T13:52:08.461+0000] {logging_mixin.py:190} INFO - [2025-03-28T13:52:08.461+0000] {dagbag.py:435} INFO - File /opt/airflow/dags/env/Scripts/sqlformat.exe:__main__.py assumed to contain no DAGs. Skipping.
[2025-03-28T13:52:08.462+0000] {processor.py:927} WARNING - No viable dags retrieved from /opt/airflow/dags/env/Scripts/sqlformat.exe
[2025-03-28T13:52:08.484+0000] {processor.py:208} INFO - Processing /opt/airflow/dags/env/Scripts/sqlformat.exe took 0.048 seconds
[2025-03-28T13:52:40.140+0000] {processor.py:186} INFO - Started process (PID=2473) to work on /opt/airflow/dags/env/Scripts/sqlformat.exe
[2025-03-28T13:52:40.142+0000] {processor.py:914} INFO - Processing file /opt/airflow/dags/env/Scripts/sqlformat.exe for tasks to queue
[2025-03-28T13:52:40.144+0000] {logging_mixin.py:190} INFO - [2025-03-28T13:52:40.143+0000] {dagbag.py:588} INFO - Filling up the DagBag from /opt/airflow/dags/env/Scripts/sqlformat.exe
[2025-03-28T13:52:40.162+0000] {logging_mixin.py:190} INFO - [2025-03-28T13:52:40.162+0000] {dagbag.py:435} INFO - File /opt/airflow/dags/env/Scripts/sqlformat.exe:__main__.py assumed to contain no DAGs. Skipping.
[2025-03-28T13:52:40.163+0000] {processor.py:927} WARNING - No viable dags retrieved from /opt/airflow/dags/env/Scripts/sqlformat.exe
[2025-03-28T13:52:40.189+0000] {processor.py:208} INFO - Processing /opt/airflow/dags/env/Scripts/sqlformat.exe took 0.063 seconds
[2025-03-28T13:57:10.901+0000] {processor.py:186} INFO - Started process (PID=2504) to work on /opt/airflow/dags/env/Scripts/sqlformat.exe
[2025-03-28T13:57:10.903+0000] {processor.py:914} INFO - Processing file /opt/airflow/dags/env/Scripts/sqlformat.exe for tasks to queue
[2025-03-28T13:57:10.905+0000] {logging_mixin.py:190} INFO - [2025-03-28T13:57:10.904+0000] {dagbag.py:588} INFO - Filling up the DagBag from /opt/airflow/dags/env/Scripts/sqlformat.exe
[2025-03-28T13:57:10.917+0000] {logging_mixin.py:190} INFO - [2025-03-28T13:57:10.917+0000] {dagbag.py:435} INFO - File /opt/airflow/dags/env/Scripts/sqlformat.exe:__main__.py assumed to contain no DAGs. Skipping.
[2025-03-28T13:57:10.918+0000] {processor.py:927} WARNING - No viable dags retrieved from /opt/airflow/dags/env/Scripts/sqlformat.exe
[2025-03-28T13:57:10.940+0000] {processor.py:208} INFO - Processing /opt/airflow/dags/env/Scripts/sqlformat.exe took 0.050 seconds
[2025-03-28T13:57:42.088+0000] {processor.py:186} INFO - Started process (PID=2528) to work on /opt/airflow/dags/env/Scripts/sqlformat.exe
[2025-03-28T13:57:42.090+0000] {processor.py:914} INFO - Processing file /opt/airflow/dags/env/Scripts/sqlformat.exe for tasks to queue
[2025-03-28T13:57:42.093+0000] {logging_mixin.py:190} INFO - [2025-03-28T13:57:42.092+0000] {dagbag.py:588} INFO - Filling up the DagBag from /opt/airflow/dags/env/Scripts/sqlformat.exe
[2025-03-28T13:57:42.108+0000] {logging_mixin.py:190} INFO - [2025-03-28T13:57:42.108+0000] {dagbag.py:435} INFO - File /opt/airflow/dags/env/Scripts/sqlformat.exe:__main__.py assumed to contain no DAGs. Skipping.
[2025-03-28T13:57:42.110+0000] {processor.py:927} WARNING - No viable dags retrieved from /opt/airflow/dags/env/Scripts/sqlformat.exe
[2025-03-28T13:57:42.135+0000] {processor.py:208} INFO - Processing /opt/airflow/dags/env/Scripts/sqlformat.exe took 0.066 seconds
[2025-03-28T14:02:08.092+0000] {processor.py:186} INFO - Started process (PID=2557) to work on /opt/airflow/dags/env/Scripts/sqlformat.exe
[2025-03-28T14:02:08.093+0000] {processor.py:914} INFO - Processing file /opt/airflow/dags/env/Scripts/sqlformat.exe for tasks to queue
[2025-03-28T14:02:08.095+0000] {logging_mixin.py:190} INFO - [2025-03-28T14:02:08.095+0000] {dagbag.py:588} INFO - Filling up the DagBag from /opt/airflow/dags/env/Scripts/sqlformat.exe
[2025-03-28T14:02:08.109+0000] {logging_mixin.py:190} INFO - [2025-03-28T14:02:08.108+0000] {dagbag.py:435} INFO - File /opt/airflow/dags/env/Scripts/sqlformat.exe:__main__.py assumed to contain no DAGs. Skipping.
[2025-03-28T14:02:08.110+0000] {processor.py:927} WARNING - No viable dags retrieved from /opt/airflow/dags/env/Scripts/sqlformat.exe
[2025-03-28T14:02:08.134+0000] {processor.py:208} INFO - Processing /opt/airflow/dags/env/Scripts/sqlformat.exe took 0.055 seconds
[2025-03-28T14:02:39.288+0000] {processor.py:186} INFO - Started process (PID=2581) to work on /opt/airflow/dags/env/Scripts/sqlformat.exe
[2025-03-28T14:02:39.290+0000] {processor.py:914} INFO - Processing file /opt/airflow/dags/env/Scripts/sqlformat.exe for tasks to queue
[2025-03-28T14:02:39.291+0000] {logging_mixin.py:190} INFO - [2025-03-28T14:02:39.291+0000] {dagbag.py:588} INFO - Filling up the DagBag from /opt/airflow/dags/env/Scripts/sqlformat.exe
[2025-03-28T14:02:39.305+0000] {logging_mixin.py:190} INFO - [2025-03-28T14:02:39.305+0000] {dagbag.py:435} INFO - File /opt/airflow/dags/env/Scripts/sqlformat.exe:__main__.py assumed to contain no DAGs. Skipping.
[2025-03-28T14:02:39.306+0000] {processor.py:927} WARNING - No viable dags retrieved from /opt/airflow/dags/env/Scripts/sqlformat.exe
[2025-03-28T14:02:39.331+0000] {processor.py:208} INFO - Processing /opt/airflow/dags/env/Scripts/sqlformat.exe took 0.054 seconds
[2025-03-28T14:07:11.858+0000] {processor.py:186} INFO - Started process (PID=2612) to work on /opt/airflow/dags/env/Scripts/sqlformat.exe
[2025-03-28T14:07:11.859+0000] {processor.py:914} INFO - Processing file /opt/airflow/dags/env/Scripts/sqlformat.exe for tasks to queue
[2025-03-28T14:07:11.861+0000] {logging_mixin.py:190} INFO - [2025-03-28T14:07:11.861+0000] {dagbag.py:588} INFO - Filling up the DagBag from /opt/airflow/dags/env/Scripts/sqlformat.exe
[2025-03-28T14:07:11.876+0000] {logging_mixin.py:190} INFO - [2025-03-28T14:07:11.876+0000] {dagbag.py:435} INFO - File /opt/airflow/dags/env/Scripts/sqlformat.exe:__main__.py assumed to contain no DAGs. Skipping.
[2025-03-28T14:07:11.877+0000] {processor.py:927} WARNING - No viable dags retrieved from /opt/airflow/dags/env/Scripts/sqlformat.exe
[2025-03-28T14:07:11.906+0000] {processor.py:208} INFO - Processing /opt/airflow/dags/env/Scripts/sqlformat.exe took 0.060 seconds
[2025-03-28T14:07:44.455+0000] {processor.py:186} INFO - Started process (PID=2636) to work on /opt/airflow/dags/env/Scripts/sqlformat.exe
[2025-03-28T14:07:44.457+0000] {processor.py:914} INFO - Processing file /opt/airflow/dags/env/Scripts/sqlformat.exe for tasks to queue
[2025-03-28T14:07:44.460+0000] {logging_mixin.py:190} INFO - [2025-03-28T14:07:44.459+0000] {dagbag.py:588} INFO - Filling up the DagBag from /opt/airflow/dags/env/Scripts/sqlformat.exe
[2025-03-28T14:07:44.484+0000] {logging_mixin.py:190} INFO - [2025-03-28T14:07:44.483+0000] {dagbag.py:435} INFO - File /opt/airflow/dags/env/Scripts/sqlformat.exe:__main__.py assumed to contain no DAGs. Skipping.
[2025-03-28T14:07:44.485+0000] {processor.py:927} WARNING - No viable dags retrieved from /opt/airflow/dags/env/Scripts/sqlformat.exe
[2025-03-28T14:07:44.519+0000] {processor.py:208} INFO - Processing /opt/airflow/dags/env/Scripts/sqlformat.exe took 0.087 seconds
[2025-03-28T14:12:12.606+0000] {processor.py:186} INFO - Started process (PID=2664) to work on /opt/airflow/dags/env/Scripts/sqlformat.exe
[2025-03-28T14:12:12.607+0000] {processor.py:914} INFO - Processing file /opt/airflow/dags/env/Scripts/sqlformat.exe for tasks to queue
[2025-03-28T14:12:12.609+0000] {logging_mixin.py:190} INFO - [2025-03-28T14:12:12.609+0000] {dagbag.py:588} INFO - Filling up the DagBag from /opt/airflow/dags/env/Scripts/sqlformat.exe
[2025-03-28T14:12:12.621+0000] {logging_mixin.py:190} INFO - [2025-03-28T14:12:12.621+0000] {dagbag.py:435} INFO - File /opt/airflow/dags/env/Scripts/sqlformat.exe:__main__.py assumed to contain no DAGs. Skipping.
[2025-03-28T14:12:12.622+0000] {processor.py:927} WARNING - No viable dags retrieved from /opt/airflow/dags/env/Scripts/sqlformat.exe
[2025-03-28T14:12:12.646+0000] {processor.py:208} INFO - Processing /opt/airflow/dags/env/Scripts/sqlformat.exe took 0.053 seconds
[2025-03-28T14:12:43.270+0000] {processor.py:186} INFO - Started process (PID=2688) to work on /opt/airflow/dags/env/Scripts/sqlformat.exe
[2025-03-28T14:12:43.271+0000] {processor.py:914} INFO - Processing file /opt/airflow/dags/env/Scripts/sqlformat.exe for tasks to queue
[2025-03-28T14:12:43.273+0000] {logging_mixin.py:190} INFO - [2025-03-28T14:12:43.272+0000] {dagbag.py:588} INFO - Filling up the DagBag from /opt/airflow/dags/env/Scripts/sqlformat.exe
[2025-03-28T14:12:43.284+0000] {logging_mixin.py:190} INFO - [2025-03-28T14:12:43.283+0000] {dagbag.py:435} INFO - File /opt/airflow/dags/env/Scripts/sqlformat.exe:__main__.py assumed to contain no DAGs. Skipping.
[2025-03-28T14:12:43.284+0000] {processor.py:927} WARNING - No viable dags retrieved from /opt/airflow/dags/env/Scripts/sqlformat.exe
[2025-03-28T14:12:43.304+0000] {processor.py:208} INFO - Processing /opt/airflow/dags/env/Scripts/sqlformat.exe took 0.048 seconds
[2025-03-28T14:17:17.685+0000] {processor.py:186} INFO - Started process (PID=2716) to work on /opt/airflow/dags/env/Scripts/sqlformat.exe
[2025-03-28T14:17:17.686+0000] {processor.py:914} INFO - Processing file /opt/airflow/dags/env/Scripts/sqlformat.exe for tasks to queue
[2025-03-28T14:17:17.688+0000] {logging_mixin.py:190} INFO - [2025-03-28T14:17:17.687+0000] {dagbag.py:588} INFO - Filling up the DagBag from /opt/airflow/dags/env/Scripts/sqlformat.exe
[2025-03-28T14:17:17.701+0000] {logging_mixin.py:190} INFO - [2025-03-28T14:17:17.700+0000] {dagbag.py:435} INFO - File /opt/airflow/dags/env/Scripts/sqlformat.exe:__main__.py assumed to contain no DAGs. Skipping.
[2025-03-28T14:17:17.702+0000] {processor.py:927} WARNING - No viable dags retrieved from /opt/airflow/dags/env/Scripts/sqlformat.exe
[2025-03-28T14:17:17.726+0000] {processor.py:208} INFO - Processing /opt/airflow/dags/env/Scripts/sqlformat.exe took 0.053 seconds
[2025-03-28T14:17:49.198+0000] {processor.py:186} INFO - Started process (PID=2740) to work on /opt/airflow/dags/env/Scripts/sqlformat.exe
[2025-03-28T14:17:49.200+0000] {processor.py:914} INFO - Processing file /opt/airflow/dags/env/Scripts/sqlformat.exe for tasks to queue
[2025-03-28T14:17:49.201+0000] {logging_mixin.py:190} INFO - [2025-03-28T14:17:49.201+0000] {dagbag.py:588} INFO - Filling up the DagBag from /opt/airflow/dags/env/Scripts/sqlformat.exe
[2025-03-28T14:17:49.215+0000] {logging_mixin.py:190} INFO - [2025-03-28T14:17:49.215+0000] {dagbag.py:435} INFO - File /opt/airflow/dags/env/Scripts/sqlformat.exe:__main__.py assumed to contain no DAGs. Skipping.
[2025-03-28T14:17:49.216+0000] {processor.py:927} WARNING - No viable dags retrieved from /opt/airflow/dags/env/Scripts/sqlformat.exe
[2025-03-28T14:17:49.237+0000] {processor.py:208} INFO - Processing /opt/airflow/dags/env/Scripts/sqlformat.exe took 0.051 seconds
[2025-03-28T14:22:12.503+0000] {processor.py:186} INFO - Started process (PID=2765) to work on /opt/airflow/dags/env/Scripts/sqlformat.exe
[2025-03-28T14:22:12.505+0000] {processor.py:914} INFO - Processing file /opt/airflow/dags/env/Scripts/sqlformat.exe for tasks to queue
[2025-03-28T14:22:12.507+0000] {logging_mixin.py:190} INFO - [2025-03-28T14:22:12.506+0000] {dagbag.py:588} INFO - Filling up the DagBag from /opt/airflow/dags/env/Scripts/sqlformat.exe
[2025-03-28T14:22:12.520+0000] {logging_mixin.py:190} INFO - [2025-03-28T14:22:12.519+0000] {dagbag.py:435} INFO - File /opt/airflow/dags/env/Scripts/sqlformat.exe:__main__.py assumed to contain no DAGs. Skipping.
[2025-03-28T14:22:12.521+0000] {processor.py:927} WARNING - No viable dags retrieved from /opt/airflow/dags/env/Scripts/sqlformat.exe
[2025-03-28T14:22:12.545+0000] {processor.py:208} INFO - Processing /opt/airflow/dags/env/Scripts/sqlformat.exe took 0.052 seconds
[2025-03-28T14:22:44.990+0000] {processor.py:186} INFO - Started process (PID=2789) to work on /opt/airflow/dags/env/Scripts/sqlformat.exe
[2025-03-28T14:22:44.991+0000] {processor.py:914} INFO - Processing file /opt/airflow/dags/env/Scripts/sqlformat.exe for tasks to queue
[2025-03-28T14:22:44.993+0000] {logging_mixin.py:190} INFO - [2025-03-28T14:22:44.993+0000] {dagbag.py:588} INFO - Filling up the DagBag from /opt/airflow/dags/env/Scripts/sqlformat.exe
[2025-03-28T14:22:45.006+0000] {logging_mixin.py:190} INFO - [2025-03-28T14:22:45.005+0000] {dagbag.py:435} INFO - File /opt/airflow/dags/env/Scripts/sqlformat.exe:__main__.py assumed to contain no DAGs. Skipping.
[2025-03-28T14:22:45.007+0000] {processor.py:927} WARNING - No viable dags retrieved from /opt/airflow/dags/env/Scripts/sqlformat.exe
[2025-03-28T14:22:45.028+0000] {processor.py:208} INFO - Processing /opt/airflow/dags/env/Scripts/sqlformat.exe took 0.049 seconds
[2025-03-28T14:27:11.579+0000] {processor.py:186} INFO - Started process (PID=2818) to work on /opt/airflow/dags/env/Scripts/sqlformat.exe
[2025-03-28T14:27:11.580+0000] {processor.py:914} INFO - Processing file /opt/airflow/dags/env/Scripts/sqlformat.exe for tasks to queue
[2025-03-28T14:27:11.583+0000] {logging_mixin.py:190} INFO - [2025-03-28T14:27:11.582+0000] {dagbag.py:588} INFO - Filling up the DagBag from /opt/airflow/dags/env/Scripts/sqlformat.exe
[2025-03-28T14:27:11.600+0000] {logging_mixin.py:190} INFO - [2025-03-28T14:27:11.600+0000] {dagbag.py:435} INFO - File /opt/airflow/dags/env/Scripts/sqlformat.exe:__main__.py assumed to contain no DAGs. Skipping.
[2025-03-28T14:27:11.602+0000] {processor.py:927} WARNING - No viable dags retrieved from /opt/airflow/dags/env/Scripts/sqlformat.exe
[2025-03-28T14:27:11.629+0000] {processor.py:208} INFO - Processing /opt/airflow/dags/env/Scripts/sqlformat.exe took 0.063 seconds
[2025-03-28T14:27:44.244+0000] {processor.py:186} INFO - Started process (PID=2842) to work on /opt/airflow/dags/env/Scripts/sqlformat.exe
[2025-03-28T14:27:44.245+0000] {processor.py:914} INFO - Processing file /opt/airflow/dags/env/Scripts/sqlformat.exe for tasks to queue
[2025-03-28T14:27:44.247+0000] {logging_mixin.py:190} INFO - [2025-03-28T14:27:44.247+0000] {dagbag.py:588} INFO - Filling up the DagBag from /opt/airflow/dags/env/Scripts/sqlformat.exe
[2025-03-28T14:27:44.260+0000] {logging_mixin.py:190} INFO - [2025-03-28T14:27:44.260+0000] {dagbag.py:435} INFO - File /opt/airflow/dags/env/Scripts/sqlformat.exe:__main__.py assumed to contain no DAGs. Skipping.
[2025-03-28T14:27:44.261+0000] {processor.py:927} WARNING - No viable dags retrieved from /opt/airflow/dags/env/Scripts/sqlformat.exe
[2025-03-28T14:27:44.282+0000] {processor.py:208} INFO - Processing /opt/airflow/dags/env/Scripts/sqlformat.exe took 0.049 seconds
[2025-03-28T14:32:09.807+0000] {processor.py:186} INFO - Started process (PID=2872) to work on /opt/airflow/dags/env/Scripts/sqlformat.exe
[2025-03-28T14:32:09.808+0000] {processor.py:914} INFO - Processing file /opt/airflow/dags/env/Scripts/sqlformat.exe for tasks to queue
[2025-03-28T14:32:09.810+0000] {logging_mixin.py:190} INFO - [2025-03-28T14:32:09.810+0000] {dagbag.py:588} INFO - Filling up the DagBag from /opt/airflow/dags/env/Scripts/sqlformat.exe
[2025-03-28T14:32:09.823+0000] {logging_mixin.py:190} INFO - [2025-03-28T14:32:09.822+0000] {dagbag.py:435} INFO - File /opt/airflow/dags/env/Scripts/sqlformat.exe:__main__.py assumed to contain no DAGs. Skipping.
[2025-03-28T14:32:09.824+0000] {processor.py:927} WARNING - No viable dags retrieved from /opt/airflow/dags/env/Scripts/sqlformat.exe
[2025-03-28T14:32:09.850+0000] {processor.py:208} INFO - Processing /opt/airflow/dags/env/Scripts/sqlformat.exe took 0.054 seconds
[2025-03-28T14:32:41.164+0000] {processor.py:186} INFO - Started process (PID=2896) to work on /opt/airflow/dags/env/Scripts/sqlformat.exe
[2025-03-28T14:32:41.165+0000] {processor.py:914} INFO - Processing file /opt/airflow/dags/env/Scripts/sqlformat.exe for tasks to queue
[2025-03-28T14:32:41.167+0000] {logging_mixin.py:190} INFO - [2025-03-28T14:32:41.166+0000] {dagbag.py:588} INFO - Filling up the DagBag from /opt/airflow/dags/env/Scripts/sqlformat.exe
[2025-03-28T14:32:41.179+0000] {logging_mixin.py:190} INFO - [2025-03-28T14:32:41.178+0000] {dagbag.py:435} INFO - File /opt/airflow/dags/env/Scripts/sqlformat.exe:__main__.py assumed to contain no DAGs. Skipping.
[2025-03-28T14:32:41.180+0000] {processor.py:927} WARNING - No viable dags retrieved from /opt/airflow/dags/env/Scripts/sqlformat.exe
[2025-03-28T14:32:41.202+0000] {processor.py:208} INFO - Processing /opt/airflow/dags/env/Scripts/sqlformat.exe took 0.050 seconds
[2025-03-28T14:37:23.913+0000] {processor.py:186} INFO - Started process (PID=2928) to work on /opt/airflow/dags/env/Scripts/sqlformat.exe
[2025-03-28T14:37:23.915+0000] {processor.py:914} INFO - Processing file /opt/airflow/dags/env/Scripts/sqlformat.exe for tasks to queue
[2025-03-28T14:37:23.917+0000] {logging_mixin.py:190} INFO - [2025-03-28T14:37:23.917+0000] {dagbag.py:588} INFO - Filling up the DagBag from /opt/airflow/dags/env/Scripts/sqlformat.exe
[2025-03-28T14:37:23.930+0000] {logging_mixin.py:190} INFO - [2025-03-28T14:37:23.930+0000] {dagbag.py:435} INFO - File /opt/airflow/dags/env/Scripts/sqlformat.exe:__main__.py assumed to contain no DAGs. Skipping.
[2025-03-28T14:37:23.931+0000] {processor.py:927} WARNING - No viable dags retrieved from /opt/airflow/dags/env/Scripts/sqlformat.exe
[2025-03-28T14:37:23.954+0000] {processor.py:208} INFO - Processing /opt/airflow/dags/env/Scripts/sqlformat.exe took 0.052 seconds
[2025-03-28T14:37:55.502+0000] {processor.py:186} INFO - Started process (PID=2952) to work on /opt/airflow/dags/env/Scripts/sqlformat.exe
[2025-03-28T14:37:55.503+0000] {processor.py:914} INFO - Processing file /opt/airflow/dags/env/Scripts/sqlformat.exe for tasks to queue
[2025-03-28T14:37:55.505+0000] {logging_mixin.py:190} INFO - [2025-03-28T14:37:55.505+0000] {dagbag.py:588} INFO - Filling up the DagBag from /opt/airflow/dags/env/Scripts/sqlformat.exe
[2025-03-28T14:37:55.518+0000] {logging_mixin.py:190} INFO - [2025-03-28T14:37:55.518+0000] {dagbag.py:435} INFO - File /opt/airflow/dags/env/Scripts/sqlformat.exe:__main__.py assumed to contain no DAGs. Skipping.
[2025-03-28T14:37:55.519+0000] {processor.py:927} WARNING - No viable dags retrieved from /opt/airflow/dags/env/Scripts/sqlformat.exe
[2025-03-28T14:37:55.545+0000] {processor.py:208} INFO - Processing /opt/airflow/dags/env/Scripts/sqlformat.exe took 0.055 seconds
[2025-03-28T15:05:01.469+0000] {processor.py:186} INFO - Started process (PID=115) to work on /opt/airflow/dags/env/Scripts/sqlformat.exe
[2025-03-28T15:05:01.472+0000] {processor.py:914} INFO - Processing file /opt/airflow/dags/env/Scripts/sqlformat.exe for tasks to queue
[2025-03-28T15:05:01.478+0000] {logging_mixin.py:190} INFO - [2025-03-28T15:05:01.477+0000] {dagbag.py:588} INFO - Filling up the DagBag from /opt/airflow/dags/env/Scripts/sqlformat.exe
[2025-03-28T15:05:01.497+0000] {logging_mixin.py:190} INFO - [2025-03-28T15:05:01.497+0000] {dagbag.py:435} INFO - File /opt/airflow/dags/env/Scripts/sqlformat.exe:__main__.py assumed to contain no DAGs. Skipping.
[2025-03-28T15:05:01.499+0000] {processor.py:927} WARNING - No viable dags retrieved from /opt/airflow/dags/env/Scripts/sqlformat.exe
[2025-03-28T15:05:01.545+0000] {processor.py:208} INFO - Processing /opt/airflow/dags/env/Scripts/sqlformat.exe took 0.087 seconds
[2025-03-28T15:16:11.402+0000] {processor.py:186} INFO - Started process (PID=155) to work on /opt/airflow/dags/env/Scripts/sqlformat.exe
[2025-03-28T15:16:11.403+0000] {processor.py:914} INFO - Processing file /opt/airflow/dags/env/Scripts/sqlformat.exe for tasks to queue
[2025-03-28T15:16:11.407+0000] {logging_mixin.py:190} INFO - [2025-03-28T15:16:11.407+0000] {dagbag.py:588} INFO - Filling up the DagBag from /opt/airflow/dags/env/Scripts/sqlformat.exe
[2025-03-28T15:16:11.420+0000] {logging_mixin.py:190} INFO - [2025-03-28T15:16:11.420+0000] {dagbag.py:435} INFO - File /opt/airflow/dags/env/Scripts/sqlformat.exe:__main__.py assumed to contain no DAGs. Skipping.
[2025-03-28T15:16:11.421+0000] {processor.py:927} WARNING - No viable dags retrieved from /opt/airflow/dags/env/Scripts/sqlformat.exe
[2025-03-28T15:16:11.441+0000] {processor.py:208} INFO - Processing /opt/airflow/dags/env/Scripts/sqlformat.exe took 0.047 seconds
[2025-03-28T15:16:41.986+0000] {processor.py:186} INFO - Started process (PID=179) to work on /opt/airflow/dags/env/Scripts/sqlformat.exe
[2025-03-28T15:16:41.988+0000] {processor.py:914} INFO - Processing file /opt/airflow/dags/env/Scripts/sqlformat.exe for tasks to queue
[2025-03-28T15:16:41.991+0000] {logging_mixin.py:190} INFO - [2025-03-28T15:16:41.991+0000] {dagbag.py:588} INFO - Filling up the DagBag from /opt/airflow/dags/env/Scripts/sqlformat.exe
[2025-03-28T15:16:42.006+0000] {logging_mixin.py:190} INFO - [2025-03-28T15:16:42.006+0000] {dagbag.py:435} INFO - File /opt/airflow/dags/env/Scripts/sqlformat.exe:__main__.py assumed to contain no DAGs. Skipping.
[2025-03-28T15:16:42.007+0000] {processor.py:927} WARNING - No viable dags retrieved from /opt/airflow/dags/env/Scripts/sqlformat.exe
[2025-03-28T15:16:42.034+0000] {processor.py:208} INFO - Processing /opt/airflow/dags/env/Scripts/sqlformat.exe took 0.056 seconds
[2025-03-28T15:45:25.228+0000] {processor.py:186} INFO - Started process (PID=236) to work on /opt/airflow/dags/env/Scripts/sqlformat.exe
[2025-03-28T15:45:25.229+0000] {processor.py:914} INFO - Processing file /opt/airflow/dags/env/Scripts/sqlformat.exe for tasks to queue
[2025-03-28T15:45:25.233+0000] {logging_mixin.py:190} INFO - [2025-03-28T15:45:25.232+0000] {dagbag.py:588} INFO - Filling up the DagBag from /opt/airflow/dags/env/Scripts/sqlformat.exe
[2025-03-28T15:45:25.250+0000] {logging_mixin.py:190} INFO - [2025-03-28T15:45:25.249+0000] {dagbag.py:435} INFO - File /opt/airflow/dags/env/Scripts/sqlformat.exe:__main__.py assumed to contain no DAGs. Skipping.
[2025-03-28T15:45:25.251+0000] {processor.py:927} WARNING - No viable dags retrieved from /opt/airflow/dags/env/Scripts/sqlformat.exe
[2025-03-28T15:45:25.278+0000] {processor.py:208} INFO - Processing /opt/airflow/dags/env/Scripts/sqlformat.exe took 0.058 seconds
[2025-03-28T18:36:01.588+0000] {processor.py:186} INFO - Started process (PID=312) to work on /opt/airflow/dags/env/Scripts/sqlformat.exe
[2025-03-28T18:36:01.590+0000] {processor.py:914} INFO - Processing file /opt/airflow/dags/env/Scripts/sqlformat.exe for tasks to queue
[2025-03-28T18:36:01.605+0000] {logging_mixin.py:190} INFO - [2025-03-28T18:36:01.603+0000] {dagbag.py:588} INFO - Filling up the DagBag from /opt/airflow/dags/env/Scripts/sqlformat.exe
[2025-03-28T18:36:01.645+0000] {logging_mixin.py:190} INFO - [2025-03-28T18:36:01.645+0000] {dagbag.py:435} INFO - File /opt/airflow/dags/env/Scripts/sqlformat.exe:__main__.py assumed to contain no DAGs. Skipping.
[2025-03-28T18:36:01.648+0000] {processor.py:927} WARNING - No viable dags retrieved from /opt/airflow/dags/env/Scripts/sqlformat.exe
[2025-03-28T18:36:01.713+0000] {processor.py:208} INFO - Processing /opt/airflow/dags/env/Scripts/sqlformat.exe took 0.155 seconds
[2025-03-28T21:43:04.792+0000] {processor.py:186} INFO - Started process (PID=338) to work on /opt/airflow/dags/env/Scripts/sqlformat.exe
[2025-03-28T21:43:04.806+0000] {processor.py:914} INFO - Processing file /opt/airflow/dags/env/Scripts/sqlformat.exe for tasks to queue
[2025-03-28T21:43:04.841+0000] {logging_mixin.py:190} INFO - [2025-03-28T21:43:04.827+0000] {dagbag.py:588} INFO - Filling up the DagBag from /opt/airflow/dags/env/Scripts/sqlformat.exe
[2025-03-28T21:43:04.884+0000] {logging_mixin.py:190} INFO - [2025-03-28T21:43:04.883+0000] {dagbag.py:435} INFO - File /opt/airflow/dags/env/Scripts/sqlformat.exe:__main__.py assumed to contain no DAGs. Skipping.
[2025-03-28T21:43:04.888+0000] {processor.py:927} WARNING - No viable dags retrieved from /opt/airflow/dags/env/Scripts/sqlformat.exe
[2025-03-28T21:43:04.978+0000] {processor.py:208} INFO - Processing /opt/airflow/dags/env/Scripts/sqlformat.exe took 0.222 seconds
