[2025-03-28T16:06:57.478+0000] {local_task_job_runner.py:123} INFO - ::group::Pre task execution logs
[2025-03-28T16:06:57.550+0000] {taskinstance.py:2614} INFO - Dependencies all met for dep_context=non-requeueable deps ti=<TaskInstance: ELT_google_playstore_review.datamarts manual__2025-03-28T15:36:31.578439+00:00 [queued]>
[2025-03-28T16:06:57.615+0000] {taskinstance.py:2614} INFO - Dependencies all met for dep_context=requeueable deps ti=<TaskInstance: ELT_google_playstore_review.datamarts manual__2025-03-28T15:36:31.578439+00:00 [queued]>
[2025-03-28T16:06:57.617+0000] {taskinstance.py:2867} INFO - Starting attempt 1 of 4
[2025-03-28T16:06:57.780+0000] {taskinstance.py:2890} INFO - Executing <Task(BashOperator): datamarts> on 2025-03-28 15:36:31.578439+00:00
[2025-03-28T16:06:57.806+0000] {standard_task_runner.py:104} INFO - Running: ['airflow', 'tasks', 'run', 'ELT_google_playstore_review', 'datamarts', 'manual__2025-03-28T15:36:31.578439+00:00', '--job-id', '19', '--raw', '--subdir', 'DAGS_FOLDER/bigquery.py', '--cfg-path', '/tmp/tmp9aliphgi']
[2025-03-28T16:06:57.817+0000] {standard_task_runner.py:105} INFO - Job 19: Subtask datamarts
[2025-03-28T16:06:57.829+0000] {logging_mixin.py:190} WARNING - /home/airflow/.local/lib/python3.12/site-packages/airflow/task/task_runner/standard_task_runner.py:70 DeprecationWarning: This process (pid=257) is multi-threaded, use of fork() may lead to deadlocks in the child.
[2025-03-28T16:06:57.851+0000] {standard_task_runner.py:72} INFO - Started process 263 to run task
[2025-03-28T16:06:58.150+0000] {task_command.py:467} INFO - Running <TaskInstance: ELT_google_playstore_review.datamarts manual__2025-03-28T15:36:31.578439+00:00 [running]> on host bce06b2ea689
[2025-03-28T16:06:58.578+0000] {taskinstance.py:3134} INFO - Exporting env vars: AIRFLOW_CTX_DAG_OWNER='airflow' AIRFLOW_CTX_DAG_ID='ELT_google_playstore_review' AIRFLOW_CTX_TASK_ID='datamarts' AIRFLOW_CTX_EXECUTION_DATE='2025-03-28T15:36:31.578439+00:00' AIRFLOW_CTX_TRY_NUMBER='1' AIRFLOW_CTX_DAG_RUN_ID='manual__2025-03-28T15:36:31.578439+00:00'
[2025-03-28T16:06:58.581+0000] {taskinstance.py:732} INFO - ::endgroup::
[2025-03-28T16:06:58.663+0000] {subprocess.py:78} INFO - Tmp dir root location: /tmp
[2025-03-28T16:06:58.676+0000] {subprocess.py:88} INFO - Running command: ['/usr/bin/bash', '-c', '/opt/airflow/dagsdbt run --select datamart --project-dir /opt/airflow/dags --profiles-dir /opt/airflow/dags']
[2025-03-28T16:06:58.704+0000] {subprocess.py:99} INFO - Output:
[2025-03-28T16:06:58.721+0000] {subprocess.py:106} INFO - /usr/bin/bash: line 1: /opt/airflow/dagsdbt: No such file or directory
[2025-03-28T16:06:58.723+0000] {subprocess.py:110} INFO - Command exited with return code 127
[2025-03-28T16:06:58.766+0000] {taskinstance.py:3313} ERROR - Task failed with exception
Traceback (most recent call last):
  File "/home/airflow/.local/lib/python3.12/site-packages/airflow/models/taskinstance.py", line 768, in _execute_task
    result = _execute_callable(context=context, **execute_callable_kwargs)
             ^^^^^^^^^^^^^^^^^^^^^^^^^^^^^^^^^^^^^^^^^^^^^^^^^^^^^^^^^^^^^
  File "/home/airflow/.local/lib/python3.12/site-packages/airflow/models/taskinstance.py", line 734, in _execute_callable
    return ExecutionCallableRunner(
           ^^^^^^^^^^^^^^^^^^^^^^^^
  File "/home/airflow/.local/lib/python3.12/site-packages/airflow/utils/operator_helpers.py", line 252, in run
    return self.func(*args, **kwargs)
           ^^^^^^^^^^^^^^^^^^^^^^^^^^
  File "/home/airflow/.local/lib/python3.12/site-packages/airflow/models/baseoperator.py", line 424, in wrapper
    return func(self, *args, **kwargs)
           ^^^^^^^^^^^^^^^^^^^^^^^^^^^
  File "/home/airflow/.local/lib/python3.12/site-packages/airflow/operators/bash.py", line 276, in execute
    raise AirflowException(
airflow.exceptions.AirflowException: Bash command failed. The command returned a non-zero exit code 127.
[2025-03-28T16:06:58.812+0000] {taskinstance.py:1226} INFO - Marking task as UP_FOR_RETRY. dag_id=ELT_google_playstore_review, task_id=datamarts, run_id=manual__2025-03-28T15:36:31.578439+00:00, execution_date=20250328T153631, start_date=20250328T160657, end_date=20250328T160658
[2025-03-28T16:06:58.985+0000] {taskinstance.py:341} INFO - ::group::Post task execution logs
[2025-03-28T16:06:58.986+0000] {standard_task_runner.py:124} ERROR - Failed to execute job 19 for task datamarts (Bash command failed. The command returned a non-zero exit code 127.; 263)
Traceback (most recent call last):
  File "/home/airflow/.local/lib/python3.12/site-packages/airflow/task/task_runner/standard_task_runner.py", line 117, in _start_by_fork
    ret = args.func(args, dag=self.dag)
          ^^^^^^^^^^^^^^^^^^^^^^^^^^^^^
  File "/home/airflow/.local/lib/python3.12/site-packages/airflow/cli/cli_config.py", line 49, in command
    return func(*args, **kwargs)
           ^^^^^^^^^^^^^^^^^^^^^
  File "/home/airflow/.local/lib/python3.12/site-packages/airflow/utils/cli.py", line 116, in wrapper
    return f(*args, **kwargs)
           ^^^^^^^^^^^^^^^^^^
  File "/home/airflow/.local/lib/python3.12/site-packages/airflow/cli/commands/task_command.py", line 483, in task_run
    task_return_code = _run_task_by_selected_method(args, _dag, ti)
                       ^^^^^^^^^^^^^^^^^^^^^^^^^^^^^^^^^^^^^^^^^^^^
  File "/home/airflow/.local/lib/python3.12/site-packages/airflow/cli/commands/task_command.py", line 256, in _run_task_by_selected_method
    return _run_raw_task(args, ti)
           ^^^^^^^^^^^^^^^^^^^^^^^
  File "/home/airflow/.local/lib/python3.12/site-packages/airflow/cli/commands/task_command.py", line 341, in _run_raw_task
    return ti._run_raw_task(
           ^^^^^^^^^^^^^^^^^
  File "/home/airflow/.local/lib/python3.12/site-packages/airflow/utils/session.py", line 97, in wrapper
    return func(*args, session=session, **kwargs)
           ^^^^^^^^^^^^^^^^^^^^^^^^^^^^^^^^^^^^^^
  File "/home/airflow/.local/lib/python3.12/site-packages/airflow/models/taskinstance.py", line 3006, in _run_raw_task
    return _run_raw_task(
           ^^^^^^^^^^^^^^
  File "/home/airflow/.local/lib/python3.12/site-packages/airflow/models/taskinstance.py", line 274, in _run_raw_task
    TaskInstance._execute_task_with_callbacks(
  File "/home/airflow/.local/lib/python3.12/site-packages/airflow/models/taskinstance.py", line 3161, in _execute_task_with_callbacks
    result = self._execute_task(context, task_orig)
             ^^^^^^^^^^^^^^^^^^^^^^^^^^^^^^^^^^^^^^
  File "/home/airflow/.local/lib/python3.12/site-packages/airflow/models/taskinstance.py", line 3185, in _execute_task
    return _execute_task(self, context, task_orig)
           ^^^^^^^^^^^^^^^^^^^^^^^^^^^^^^^^^^^^^^^
  File "/home/airflow/.local/lib/python3.12/site-packages/airflow/models/taskinstance.py", line 768, in _execute_task
    result = _execute_callable(context=context, **execute_callable_kwargs)
             ^^^^^^^^^^^^^^^^^^^^^^^^^^^^^^^^^^^^^^^^^^^^^^^^^^^^^^^^^^^^^
  File "/home/airflow/.local/lib/python3.12/site-packages/airflow/models/taskinstance.py", line 734, in _execute_callable
    return ExecutionCallableRunner(
           ^^^^^^^^^^^^^^^^^^^^^^^^
  File "/home/airflow/.local/lib/python3.12/site-packages/airflow/utils/operator_helpers.py", line 252, in run
    return self.func(*args, **kwargs)
           ^^^^^^^^^^^^^^^^^^^^^^^^^^
  File "/home/airflow/.local/lib/python3.12/site-packages/airflow/models/baseoperator.py", line 424, in wrapper
    return func(self, *args, **kwargs)
           ^^^^^^^^^^^^^^^^^^^^^^^^^^^
  File "/home/airflow/.local/lib/python3.12/site-packages/airflow/operators/bash.py", line 276, in execute
    raise AirflowException(
airflow.exceptions.AirflowException: Bash command failed. The command returned a non-zero exit code 127.
[2025-03-28T16:06:59.041+0000] {local_task_job_runner.py:266} INFO - Task exited with return code 1
[2025-03-28T16:06:59.174+0000] {taskinstance.py:3901} INFO - 0 downstream tasks scheduled from follow-on schedule check
[2025-03-28T16:06:59.178+0000] {local_task_job_runner.py:245} INFO - ::endgroup::
